<?xml version="1.0" encoding="UTF-8"?>
<testsuite name="com.epam.esm.service.TagServiceImplTest" tests="5" skipped="0" failures="0" errors="0" timestamp="2019-10-22T15:38:27" hostname="MBP-Dzmitry.minsk.epam.com" time="0.025">
  <properties/>
  <testcase name="getTag()" classname="com.epam.esm.service.TagServiceImplTest" time="0.005"/>
  <testcase name="findAll()" classname="com.epam.esm.service.TagServiceImplTest" time="0.004"/>
  <testcase name="save()" classname="com.epam.esm.service.TagServiceImplTest" time="0.005"/>
  <testcase name="deleteUnsuccessful()" classname="com.epam.esm.service.TagServiceImplTest" time="0.003"/>
  <testcase name="deleteSuccessful()" classname="com.epam.esm.service.TagServiceImplTest" time="0.004"/>
  <system-out><![CDATA[]]></system-out>
  <system-err><![CDATA[]]></system-err>
</testsuite>
