<?xml version="1.0" encoding="UTF-8"?>
<testsuite name="com.epam.esm.service.OrderServiceImplTest" tests="6" skipped="0" failures="0" errors="0" timestamp="2019-10-23T08:35:15" hostname="MBP-Dzmitry.minsk.epam.com" time="0.055">
  <properties/>
  <testcase name="delete()" classname="com.epam.esm.service.OrderServiceImplTest" time="0.035"/>
  <testcase name="findAll()" classname="com.epam.esm.service.OrderServiceImplTest" time="0.003"/>
  <testcase name="findOne()" classname="com.epam.esm.service.OrderServiceImplTest" time="0.003"/>
  <testcase name="update()" classname="com.epam.esm.service.OrderServiceImplTest" time="0.004"/>
  <testcase name="findByCriteria()" classname="com.epam.esm.service.OrderServiceImplTest" time="0.003"/>
  <testcase name="save()" classname="com.epam.esm.service.OrderServiceImplTest" time="0.004"/>
  <system-out><![CDATA[]]></system-out>
  <system-err><![CDATA[]]></system-err>
</testsuite>
