<?xml version="1.0" encoding="UTF-8"?>
<testsuite name="com.epam.esm.service.OrderServiceImplTest" tests="6" skipped="0" failures="0" errors="0" timestamp="2019-10-23T10:14:15" hostname="MBP-Dzmitry.minsk.epam.com" time="0.143">
  <properties/>
  <testcase name="delete()" classname="com.epam.esm.service.OrderServiceImplTest" time="0.098"/>
  <testcase name="findAll()" classname="com.epam.esm.service.OrderServiceImplTest" time="0.01"/>
  <testcase name="findOne()" classname="com.epam.esm.service.OrderServiceImplTest" time="0.007"/>
  <testcase name="update()" classname="com.epam.esm.service.OrderServiceImplTest" time="0.01"/>
  <testcase name="findByCriteria()" classname="com.epam.esm.service.OrderServiceImplTest" time="0.005"/>
  <testcase name="save()" classname="com.epam.esm.service.OrderServiceImplTest" time="0.007"/>
  <system-out><![CDATA[]]></system-out>
  <system-err><![CDATA[]]></system-err>
</testsuite>
