<?xml version="1.0" encoding="UTF-8"?>
<testsuite name="com.epam.esm.service.CertificateServiceImplTest" tests="9" skipped="0" failures="0" errors="0" timestamp="2019-10-23T10:14:15" hostname="MBP-Dzmitry.minsk.epam.com" time="0.248">
  <properties/>
  <testcase name="updateSuccessful()" classname="com.epam.esm.service.CertificateServiceImplTest" time="0.166"/>
  <testcase name="findAll()" classname="com.epam.esm.service.CertificateServiceImplTest" time="0.006"/>
  <testcase name="findByCriteria()" classname="com.epam.esm.service.CertificateServiceImplTest" time="0.021"/>
  <testcase name="findOneById()" classname="com.epam.esm.service.CertificateServiceImplTest" time="0.016"/>
  <testcase name="patch()" classname="com.epam.esm.service.CertificateServiceImplTest" time="0.008"/>
  <testcase name="findByOrder()" classname="com.epam.esm.service.CertificateServiceImplTest" time="0.006"/>
  <testcase name="saveSuccessful()" classname="com.epam.esm.service.CertificateServiceImplTest" time="0.005"/>
  <testcase name="getByTag()" classname="com.epam.esm.service.CertificateServiceImplTest" time="0.007"/>
  <testcase name="deleteSuccessful()" classname="com.epam.esm.service.CertificateServiceImplTest" time="0.005"/>
  <system-out><![CDATA[]]></system-out>
  <system-err><![CDATA[]]></system-err>
</testsuite>
