<?xml version="1.0" encoding="UTF-8"?>
<testsuite name="com.epam.esm.service.UserServiceImplTest" tests="7" skipped="0" failures="0" errors="0" timestamp="2019-10-23T14:03:39" hostname="MBP-Dzmitry.minsk.epam.com" time="0.059">
  <properties/>
  <testcase name="delete()" classname="com.epam.esm.service.UserServiceImplTest" time="0.033"/>
  <testcase name="findAll()" classname="com.epam.esm.service.UserServiceImplTest" time="0.003"/>
  <testcase name="findOne()" classname="com.epam.esm.service.UserServiceImplTest" time="0.004"/>
  <testcase name="update()" classname="com.epam.esm.service.UserServiceImplTest" time="0.004"/>
  <testcase name="save()" classname="com.epam.esm.service.UserServiceImplTest" time="0.003"/>
  <testcase name="patch()" classname="com.epam.esm.service.UserServiceImplTest" time="0.006"/>
  <testcase name="findByEmail()" classname="com.epam.esm.service.UserServiceImplTest" time="0.003"/>
  <system-out><![CDATA[]]></system-out>
  <system-err><![CDATA[]]></system-err>
</testsuite>
