<?xml version="1.0" encoding="UTF-8"?>
<testsuite name="com.epam.esm.service.CertificateServiceImplTest" tests="9" skipped="0" failures="0" errors="0" timestamp="2019-10-23T08:35:14" hostname="MBP-Dzmitry.minsk.epam.com" time="0.789">
  <properties/>
  <testcase name="updateSuccessful()" classname="com.epam.esm.service.CertificateServiceImplTest" time="0.633"/>
  <testcase name="findAll()" classname="com.epam.esm.service.CertificateServiceImplTest" time="0.003"/>
  <testcase name="findByCriteria()" classname="com.epam.esm.service.CertificateServiceImplTest" time="0.124"/>
  <testcase name="findOneById()" classname="com.epam.esm.service.CertificateServiceImplTest" time="0.008"/>
  <testcase name="patch()" classname="com.epam.esm.service.CertificateServiceImplTest" time="0.005"/>
  <testcase name="findByOrder()" classname="com.epam.esm.service.CertificateServiceImplTest" time="0.002"/>
  <testcase name="saveSuccessful()" classname="com.epam.esm.service.CertificateServiceImplTest" time="0.002"/>
  <testcase name="getByTag()" classname="com.epam.esm.service.CertificateServiceImplTest" time="0.004"/>
  <testcase name="deleteSuccessful()" classname="com.epam.esm.service.CertificateServiceImplTest" time="0.002"/>
  <system-out><![CDATA[]]></system-out>
  <system-err><![CDATA[]]></system-err>
</testsuite>
