<?xml version="1.0" encoding="UTF-8"?>
<testsuite name="com.epam.esm.repository.EMOrderCertificateRepositoryTest" tests="1" skipped="0" failures="0" errors="0" timestamp="2019-10-23T08:35:10" hostname="MBP-Dzmitry.minsk.epam.com" time="0.099">
  <properties/>
  <testcase name="save()" classname="com.epam.esm.repository.EMOrderCertificateRepositoryTest" time="0.099"/>
  <system-out><![CDATA[11:35:06.409 [Test worker] DEBUG org.springframework.test.context.BootstrapUtils - Instantiating CacheAwareContextLoaderDelegate from class [org.springframework.test.context.cache.DefaultCacheAwareContextLoaderDelegate]
11:35:06.428 [Test worker] DEBUG org.springframework.test.context.BootstrapUtils - Instantiating BootstrapContext using constructor [public org.springframework.test.context.support.DefaultBootstrapContext(java.lang.Class,org.springframework.test.context.CacheAwareContextLoaderDelegate)]
11:35:06.464 [Test worker] DEBUG org.springframework.test.context.BootstrapUtils - Instantiating TestContextBootstrapper for test class [com.epam.esm.repository.EMOrderCertificateRepositoryTest] from class [org.springframework.test.context.support.DefaultTestContextBootstrapper]
11:35:06.486 [Test worker] DEBUG org.springframework.test.context.support.AbstractDelegatingSmartContextLoader - Delegating to AnnotationConfigContextLoader to process context configuration [ContextConfigurationAttributes@49469e82 declaringClass = 'com.epam.esm.repository.EMOrderCertificateRepositoryTest', classes = '{class com.epam.esm.TestConfig}', locations = '{}', inheritLocations = true, initializers = '{}', inheritInitializers = true, name = [null], contextLoaderClass = 'org.springframework.test.context.ContextLoader'].
11:35:06.506 [Test worker] DEBUG org.springframework.test.context.support.ActiveProfilesUtils - Could not find an 'annotation declaring class' for annotation type [org.springframework.test.context.ActiveProfiles] and class [com.epam.esm.repository.EMOrderCertificateRepositoryTest]
11:35:06.507 [Test worker] DEBUG org.springframework.test.context.support.DefaultTestContextBootstrapper - @TestExecutionListeners is not present for class [com.epam.esm.repository.EMOrderCertificateRepositoryTest]: using defaults.
11:35:06.508 [Test worker] INFO org.springframework.test.context.support.DefaultTestContextBootstrapper - Loaded default TestExecutionListener class names from location [META-INF/spring.factories]: [org.springframework.test.context.web.ServletTestExecutionListener, org.springframework.test.context.support.DirtiesContextBeforeModesTestExecutionListener, org.springframework.test.context.support.DependencyInjectionTestExecutionListener, org.springframework.test.context.support.DirtiesContextTestExecutionListener, org.springframework.test.context.transaction.TransactionalTestExecutionListener, org.springframework.test.context.jdbc.SqlScriptsTestExecutionListener]
11:35:06.523 [Test worker] INFO org.springframework.test.context.support.DefaultTestContextBootstrapper - Using TestExecutionListeners: [org.springframework.test.context.web.ServletTestExecutionListener@39c0cb2b, org.springframework.test.context.support.DirtiesContextBeforeModesTestExecutionListener@70d8383d, org.springframework.test.context.support.DependencyInjectionTestExecutionListener@929e4dd, org.springframework.test.context.support.DirtiesContextTestExecutionListener@50203179, org.springframework.test.context.transaction.TransactionalTestExecutionListener@6f0631c5, org.springframework.test.context.jdbc.SqlScriptsTestExecutionListener@5e2ee5c8]
11:35:06.525 [Test worker] DEBUG org.springframework.test.context.support.AbstractDirtiesContextTestExecutionListener - Before test class: context [DefaultTestContext@17cb34bf testClass = EMOrderCertificateRepositoryTest, testInstance = [null], testMethod = [null], testException = [null], mergedContextConfiguration = [MergedContextConfiguration@3e62932b testClass = EMOrderCertificateRepositoryTest, locations = '{}', classes = '{class com.epam.esm.TestConfig}', contextInitializerClasses = '[]', activeProfiles = '{}', propertySourceLocations = '{}', propertySourceProperties = '{}', contextCustomizers = set[[empty]], contextLoader = 'org.springframework.test.context.support.DelegatingSmartContextLoader', parent = [null]], attributes = map[[empty]]], class annotated with @DirtiesContext [true] with mode [AFTER_EACH_TEST_METHOD].
11:35:06.529 [Test worker] DEBUG org.springframework.test.context.support.DependencyInjectionTestExecutionListener - Performing dependency injection for test context [[DefaultTestContext@17cb34bf testClass = EMOrderCertificateRepositoryTest, testInstance = com.epam.esm.repository.EMOrderCertificateRepositoryTest@2067206e, testMethod = [null], testException = [null], mergedContextConfiguration = [MergedContextConfiguration@3e62932b testClass = EMOrderCertificateRepositoryTest, locations = '{}', classes = '{class com.epam.esm.TestConfig}', contextInitializerClasses = '[]', activeProfiles = '{}', propertySourceLocations = '{}', propertySourceProperties = '{}', contextCustomizers = set[[empty]], contextLoader = 'org.springframework.test.context.support.DelegatingSmartContextLoader', parent = [null]], attributes = map[[empty]]]].
11:35:06.530 [Test worker] DEBUG org.springframework.test.context.support.AbstractDelegatingSmartContextLoader - Delegating to AnnotationConfigContextLoader to load context from [MergedContextConfiguration@3e62932b testClass = EMOrderCertificateRepositoryTest, locations = '{}', classes = '{class com.epam.esm.TestConfig}', contextInitializerClasses = '[]', activeProfiles = '{}', propertySourceLocations = '{}', propertySourceProperties = '{}', contextCustomizers = set[[empty]], contextLoader = 'org.springframework.test.context.support.DelegatingSmartContextLoader', parent = [null]].
11:35:06.530 [Test worker] DEBUG org.springframework.test.context.support.AbstractGenericContextLoader - Loading ApplicationContext for merged context configuration [[MergedContextConfiguration@3e62932b testClass = EMOrderCertificateRepositoryTest, locations = '{}', classes = '{class com.epam.esm.TestConfig}', contextInitializerClasses = '[]', activeProfiles = '{}', propertySourceLocations = '{}', propertySourceProperties = '{}', contextCustomizers = set[[empty]], contextLoader = 'org.springframework.test.context.support.DelegatingSmartContextLoader', parent = [null]]].
11:35:06.572 [Test worker] DEBUG org.springframework.core.env.StandardEnvironment - Activating profiles []
11:35:06.572 [Test worker] DEBUG org.springframework.test.context.support.AnnotationConfigContextLoader - Registering annotated classes: {class com.epam.esm.TestConfig}
11:35:06.598 [Test worker] DEBUG org.springframework.context.support.GenericApplicationContext - Refreshing org.springframework.context.support.GenericApplicationContext@74b4d66f
11:35:06.611 [Test worker] DEBUG org.springframework.beans.factory.support.DefaultListableBeanFactory - Creating shared instance of singleton bean 'org.springframework.context.annotation.internalConfigurationAnnotationProcessor'
11:35:06.702 [Test worker] DEBUG org.springframework.context.annotation.ClassPathBeanDefinitionScanner - Identified candidate component class: file [/Users/dzmitryplatonov/Desktop/workdir/giftcertificates/datasource/build/classes/java/main/com/epam/esm/repository/EMCertificateRepository.class]
11:35:06.703 [Test worker] DEBUG org.springframework.context.annotation.ClassPathBeanDefinitionScanner - Identified candidate component class: file [/Users/dzmitryplatonov/Desktop/workdir/giftcertificates/datasource/build/classes/java/main/com/epam/esm/repository/EMOrderCertificateRepository.class]
11:35:06.704 [Test worker] DEBUG org.springframework.context.annotation.ClassPathBeanDefinitionScanner - Identified candidate component class: file [/Users/dzmitryplatonov/Desktop/workdir/giftcertificates/datasource/build/classes/java/main/com/epam/esm/repository/EMOrderRepository.class]
11:35:06.705 [Test worker] DEBUG org.springframework.context.annotation.ClassPathBeanDefinitionScanner - Identified candidate component class: file [/Users/dzmitryplatonov/Desktop/workdir/giftcertificates/datasource/build/classes/java/main/com/epam/esm/repository/EMTagRepository.class]
11:35:06.706 [Test worker] DEBUG org.springframework.context.annotation.ClassPathBeanDefinitionScanner - Identified candidate component class: file [/Users/dzmitryplatonov/Desktop/workdir/giftcertificates/datasource/build/classes/java/main/com/epam/esm/repository/EMUserRepository.class]
11:35:06.715 [Test worker] DEBUG org.springframework.context.annotation.ClassPathBeanDefinitionScanner - Identified candidate component class: file [/Users/dzmitryplatonov/Desktop/workdir/giftcertificates/datasource/build/classes/java/main/com/epam/esm/repository/predicate/CriteriaBuilderHelper.class]
11:35:07.169 [Test worker] DEBUG org.springframework.beans.factory.support.DefaultListableBeanFactory - Creating shared instance of singleton bean 'org.springframework.boot.autoconfigure.condition.BeanTypeRegistry'
11:35:07.260 [Test worker] INFO org.springframework.data.repository.config.RepositoryConfigurationDelegate - Bootstrapping Spring Data repositories in DEFAULT mode.
11:35:07.268 [Test worker] DEBUG org.springframework.beans.factory.support.DefaultListableBeanFactory - Creating shared instance of singleton bean 'org.springframework.boot.autoconfigure.AutoConfigurationPackages'
11:35:07.276 [Test worker] DEBUG org.springframework.boot.autoconfigure.AutoConfigurationPackages - @EnableAutoConfiguration was declared on a class in the package 'com.epam.esm'. Automatic @Repository and @Entity scanning is enabled.
11:35:07.277 [Test worker] DEBUG org.springframework.data.repository.config.RepositoryConfigurationDelegate - Scanning for repositories in packages com.epam.esm.
11:35:07.290 [Test worker] DEBUG org.springframework.data.repository.config.RepositoryComponentProvider - Identified candidate component class: file [/Users/dzmitryplatonov/Desktop/workdir/giftcertificates/datasource/build/classes/java/main/com/epam/esm/repository/jpa/CertificateRepository.class]
11:35:07.290 [Test worker] DEBUG org.springframework.data.repository.config.RepositoryComponentProvider - Identified candidate component class: file [/Users/dzmitryplatonov/Desktop/workdir/giftcertificates/datasource/build/classes/java/main/com/epam/esm/repository/jpa/OrderRepository.class]
11:35:07.290 [Test worker] DEBUG org.springframework.data.repository.config.RepositoryComponentProvider - Identified candidate component class: file [/Users/dzmitryplatonov/Desktop/workdir/giftcertificates/datasource/build/classes/java/main/com/epam/esm/repository/jpa/TagRepository.class]
11:35:07.291 [Test worker] DEBUG org.springframework.data.repository.config.RepositoryComponentProvider - Identified candidate component class: file [/Users/dzmitryplatonov/Desktop/workdir/giftcertificates/datasource/build/classes/java/main/com/epam/esm/repository/jpa/UserRepository.class]
11:35:07.342 [Test worker] INFO org.springframework.data.repository.config.RepositoryConfigurationDelegate - Finished Spring Data repository scanning in 63ms. Found 4 repository interfaces.
11:35:07.555 [Test worker] DEBUG org.springframework.beans.factory.support.DefaultListableBeanFactory - Creating shared instance of singleton bean 'propertySourcesPlaceholderConfigurer'
11:35:07.558 [Test worker] DEBUG org.springframework.beans.factory.support.DefaultListableBeanFactory - Creating shared instance of singleton bean 'emBeanDefinitionRegistrarPostProcessor'
11:35:07.563 [Test worker] DEBUG org.springframework.beans.factory.support.DefaultListableBeanFactory - Creating shared instance of singleton bean 'org.springframework.context.event.internalEventListenerProcessor'
11:35:07.564 [Test worker] DEBUG org.springframework.beans.factory.support.DefaultListableBeanFactory - Creating shared instance of singleton bean 'org.springframework.boot.context.properties.ConfigurationBeanFactoryMetadata'
11:35:07.565 [Test worker] DEBUG org.springframework.beans.factory.support.DefaultListableBeanFactory - Creating shared instance of singleton bean 'org.springframework.context.event.internalEventListenerFactory'
11:35:07.566 [Test worker] DEBUG org.springframework.beans.factory.support.DefaultListableBeanFactory - Creating shared instance of singleton bean 'org.springframework.transaction.config.internalTransactionalEventListenerFactory'
11:35:07.569 [Test worker] DEBUG org.springframework.beans.factory.support.DefaultListableBeanFactory - Creating shared instance of singleton bean 'org.springframework.context.annotation.internalAutowiredAnnotationProcessor'
11:35:07.570 [Test worker] DEBUG org.springframework.beans.factory.support.DefaultListableBeanFactory - Creating shared instance of singleton bean 'org.springframework.context.annotation.internalCommonAnnotationProcessor'
11:35:07.574 [Test worker] DEBUG org.springframework.beans.factory.support.DefaultListableBeanFactory - Creating shared instance of singleton bean 'org.springframework.context.annotation.internalPersistenceAnnotationProcessor'
11:35:07.574 [Test worker] DEBUG org.springframework.beans.factory.support.DefaultListableBeanFactory - Creating shared instance of singleton bean 'org.springframework.boot.context.properties.ConfigurationPropertiesBindingPostProcessor'
11:35:07.577 [Test worker] DEBUG org.springframework.beans.factory.support.DefaultListableBeanFactory - Creating shared instance of singleton bean 'methodValidationPostProcessor'
11:35:07.600 [Test worker] DEBUG org.springframework.beans.factory.support.DefaultListableBeanFactory - Autowiring by type from bean name 'methodValidationPostProcessor' via factory method to bean named 'environment'
11:35:07.608 [Test worker] DEBUG org.springframework.beans.factory.support.DefaultListableBeanFactory - Creating shared instance of singleton bean 'org.springframework.aop.config.internalAutoProxyCreator'
11:35:07.652 [Test worker] DEBUG org.springframework.beans.factory.support.DefaultListableBeanFactory - Creating shared instance of singleton bean 'dataSourceInitializerPostProcessor'
11:35:07.656 [Test worker] DEBUG org.springframework.beans.factory.support.DefaultListableBeanFactory - Creating shared instance of singleton bean 'persistenceExceptionTranslationPostProcessor'
11:35:07.656 [Test worker] DEBUG org.springframework.beans.factory.support.DefaultListableBeanFactory - Autowiring by type from bean name 'persistenceExceptionTranslationPostProcessor' via factory method to bean named 'environment'
11:35:07.658 [Test worker] DEBUG org.springframework.beans.factory.support.DefaultListableBeanFactory - Creating shared instance of singleton bean 'dataSourceInitializedPublisher'
11:35:07.664 [Test worker] DEBUG org.springframework.beans.factory.support.DefaultListableBeanFactory - Creating shared instance of singleton bean 'entityManagerFactory'
11:35:07.665 [Test worker] DEBUG org.springframework.beans.factory.support.DefaultListableBeanFactory - Creating shared instance of singleton bean 'org.springframework.transaction.config.internalTransactionAdvisor'
11:35:07.665 [Test worker] DEBUG org.springframework.beans.factory.support.DefaultListableBeanFactory - Creating shared instance of singleton bean 'org.springframework.transaction.annotation.ProxyTransactionManagementConfiguration'
11:35:07.701 [Test worker] DEBUG org.springframework.beans.factory.support.DefaultListableBeanFactory - Creating shared instance of singleton bean 'transactionAttributeSource'
11:35:07.703 [Test worker] DEBUG org.springframework.beans.factory.support.DefaultListableBeanFactory - Creating shared instance of singleton bean 'transactionInterceptor'
11:35:07.708 [Test worker] DEBUG org.springframework.beans.factory.support.DefaultListableBeanFactory - Creating shared instance of singleton bean 'org.springframework.boot.autoconfigure.orm.jpa.HibernateJpaConfiguration'
11:35:07.709 [Test worker] DEBUG org.springframework.core.LocalVariableTableParameterNameDiscoverer - Cannot find '.class' file for class [class org.springframework.boot.autoconfigure.orm.jpa.HibernateJpaConfiguration$$EnhancerBySpringCGLIB$$f3e07ae9] - unable to determine constructor/method parameter names
11:35:07.711 [Test worker] DEBUG org.springframework.beans.factory.support.DefaultListableBeanFactory - Creating shared instance of singleton bean 'dataSource'
11:35:07.711 [Test worker] DEBUG org.springframework.beans.factory.support.DefaultListableBeanFactory - Creating shared instance of singleton bean 'org.springframework.boot.autoconfigure.jdbc.DataSourceConfiguration$Hikari'
11:35:07.714 [Test worker] DEBUG org.springframework.beans.factory.support.DefaultListableBeanFactory - Creating shared instance of singleton bean 'spring.datasource-org.springframework.boot.autoconfigure.jdbc.DataSourceProperties'
11:35:07.726 [Test worker] DEBUG org.springframework.beans.factory.support.DefaultListableBeanFactory - Autowiring by type from bean name 'dataSource' via factory method to bean named 'spring.datasource-org.springframework.boot.autoconfigure.jdbc.DataSourceProperties'
11:35:07.751 [Test worker] DEBUG com.zaxxer.hikari.HikariConfig - Driver class org.h2.Driver found in Thread context class loader jdk.internal.loader.ClassLoaders$AppClassLoader@55054057
11:35:07.767 [Test worker] DEBUG org.springframework.beans.factory.support.DefaultListableBeanFactory - Creating shared instance of singleton bean 'org.springframework.boot.autoconfigure.jdbc.DataSourceInitializerInvoker'
11:35:07.770 [Test worker] DEBUG org.springframework.beans.factory.support.DefaultListableBeanFactory - Autowiring by type from bean name 'org.springframework.boot.autoconfigure.jdbc.DataSourceInitializerInvoker' via constructor to bean named 'spring.datasource-org.springframework.boot.autoconfigure.jdbc.DataSourceProperties'
11:35:07.770 [Test worker] DEBUG org.springframework.beans.factory.support.DefaultListableBeanFactory - Autowiring by type from bean name 'org.springframework.boot.autoconfigure.jdbc.DataSourceInitializerInvoker' via constructor to bean named 'org.springframework.context.support.GenericApplicationContext@74b4d66f'
11:35:07.775 [Test worker] DEBUG org.springframework.beans.factory.support.DefaultListableBeanFactory - Creating shared instance of singleton bean 'spring.jpa-org.springframework.boot.autoconfigure.orm.jpa.JpaProperties'
11:35:07.778 [Test worker] DEBUG org.springframework.beans.factory.support.DefaultListableBeanFactory - Creating shared instance of singleton bean 'spring.jpa.hibernate-org.springframework.boot.autoconfigure.orm.jpa.HibernateProperties'
11:35:07.780 [Test worker] DEBUG org.springframework.beans.factory.support.DefaultListableBeanFactory - Autowiring by type from bean name 'org.springframework.boot.autoconfigure.orm.jpa.HibernateJpaConfiguration' via constructor to bean named 'dataSource'
11:35:07.781 [Test worker] DEBUG org.springframework.beans.factory.support.DefaultListableBeanFactory - Autowiring by type from bean name 'org.springframework.boot.autoconfigure.orm.jpa.HibernateJpaConfiguration' via constructor to bean named 'spring.jpa-org.springframework.boot.autoconfigure.orm.jpa.JpaProperties'
11:35:07.781 [Test worker] DEBUG org.springframework.beans.factory.support.DefaultListableBeanFactory - Autowiring by type from bean name 'org.springframework.boot.autoconfigure.orm.jpa.HibernateJpaConfiguration' via constructor to bean named 'org.springframework.beans.factory.support.DefaultListableBeanFactory@145612e6'
11:35:07.781 [Test worker] DEBUG org.springframework.beans.factory.support.DefaultListableBeanFactory - Autowiring by type from bean name 'org.springframework.boot.autoconfigure.orm.jpa.HibernateJpaConfiguration' via constructor to bean named 'spring.jpa.hibernate-org.springframework.boot.autoconfigure.orm.jpa.HibernateProperties'
11:35:07.782 [Test worker] DEBUG org.springframework.beans.factory.support.DefaultListableBeanFactory - Creating shared instance of singleton bean 'platformTransactionManagerCustomizers'
11:35:07.783 [Test worker] DEBUG org.springframework.beans.factory.support.DefaultListableBeanFactory - Creating shared instance of singleton bean 'org.springframework.boot.autoconfigure.transaction.TransactionAutoConfiguration'
11:35:07.789 [Test worker] DEBUG org.springframework.beans.factory.support.DefaultListableBeanFactory - Creating shared instance of singleton bean 'spring.transaction-org.springframework.boot.autoconfigure.transaction.TransactionProperties'
11:35:07.795 [Test worker] DEBUG org.springframework.beans.factory.support.DefaultListableBeanFactory - Creating shared instance of singleton bean 'hikariPoolDataSourceMetadataProvider'
11:35:07.795 [Test worker] DEBUG org.springframework.beans.factory.support.DefaultListableBeanFactory - Creating shared instance of singleton bean 'org.springframework.boot.autoconfigure.jdbc.metadata.DataSourcePoolMetadataProvidersConfiguration$HikariPoolDataSourceMetadataProviderConfiguration'
11:35:07.809 [Test worker] DEBUG org.springframework.beans.factory.support.DefaultListableBeanFactory - Creating shared instance of singleton bean 'entityManagerFactoryBuilder'
11:35:07.810 [Test worker] DEBUG org.springframework.beans.factory.support.DefaultListableBeanFactory - Creating shared instance of singleton bean 'jpaVendorAdapter'
11:35:07.882 [Test worker] DEBUG org.jboss.logging - Logging Provider: org.jboss.logging.Log4j2LoggerProvider
11:35:07.890 [Test worker] DEBUG org.springframework.jdbc.datasource.DataSourceUtils - Fetching JDBC Connection from DataSource
11:35:07.891 [Test worker] DEBUG com.zaxxer.hikari.HikariConfig - HikariPool-1 - configuration:
11:35:07.893 [Test worker] DEBUG com.zaxxer.hikari.HikariConfig - allowPoolSuspension.............false
11:35:07.894 [Test worker] DEBUG com.zaxxer.hikari.HikariConfig - autoCommit......................true
11:35:07.894 [Test worker] DEBUG com.zaxxer.hikari.HikariConfig - catalog.........................none
11:35:07.894 [Test worker] DEBUG com.zaxxer.hikari.HikariConfig - connectionInitSql...............none
11:35:07.894 [Test worker] DEBUG com.zaxxer.hikari.HikariConfig - connectionTestQuery.............none
11:35:07.894 [Test worker] DEBUG com.zaxxer.hikari.HikariConfig - connectionTimeout...............30000
11:35:07.894 [Test worker] DEBUG com.zaxxer.hikari.HikariConfig - dataSource......................none
11:35:07.895 [Test worker] DEBUG com.zaxxer.hikari.HikariConfig - dataSourceClassName.............none
11:35:07.895 [Test worker] DEBUG com.zaxxer.hikari.HikariConfig - dataSourceJNDI..................none
11:35:07.895 [Test worker] DEBUG com.zaxxer.hikari.HikariConfig - dataSourceProperties............{password=<masked>}
11:35:07.896 [Test worker] DEBUG com.zaxxer.hikari.HikariConfig - driverClassName................."org.h2.Driver"
11:35:07.896 [Test worker] DEBUG com.zaxxer.hikari.HikariConfig - healthCheckProperties...........{}
11:35:07.896 [Test worker] DEBUG com.zaxxer.hikari.HikariConfig - healthCheckRegistry.............none
11:35:07.896 [Test worker] DEBUG com.zaxxer.hikari.HikariConfig - idleTimeout.....................600000
11:35:07.896 [Test worker] DEBUG com.zaxxer.hikari.HikariConfig - initializationFailTimeout.......1
11:35:07.896 [Test worker] DEBUG com.zaxxer.hikari.HikariConfig - isolateInternalQueries..........false
11:35:07.897 [Test worker] DEBUG com.zaxxer.hikari.HikariConfig - jdbcUrl.........................jdbc:h2:mem:testdb;DB_CLOSE_DELAY=-1;DB_CLOSE_ON_EXIT=FALSE
11:35:07.897 [Test worker] DEBUG com.zaxxer.hikari.HikariConfig - leakDetectionThreshold..........0
11:35:07.897 [Test worker] DEBUG com.zaxxer.hikari.HikariConfig - maxLifetime.....................1800000
11:35:07.897 [Test worker] DEBUG com.zaxxer.hikari.HikariConfig - maximumPoolSize.................10
11:35:07.897 [Test worker] DEBUG com.zaxxer.hikari.HikariConfig - metricRegistry..................none
11:35:07.898 [Test worker] DEBUG com.zaxxer.hikari.HikariConfig - metricsTrackerFactory...........none
11:35:07.898 [Test worker] DEBUG com.zaxxer.hikari.HikariConfig - minimumIdle.....................10
11:35:07.898 [Test worker] DEBUG com.zaxxer.hikari.HikariConfig - password........................<masked>
11:35:07.898 [Test worker] DEBUG com.zaxxer.hikari.HikariConfig - poolName........................"HikariPool-1"
11:35:07.898 [Test worker] DEBUG com.zaxxer.hikari.HikariConfig - readOnly........................false
11:35:07.899 [Test worker] DEBUG com.zaxxer.hikari.HikariConfig - registerMbeans..................false
11:35:07.899 [Test worker] DEBUG com.zaxxer.hikari.HikariConfig - scheduledExecutor...............none
11:35:07.899 [Test worker] DEBUG com.zaxxer.hikari.HikariConfig - schema..........................none
11:35:07.899 [Test worker] DEBUG com.zaxxer.hikari.HikariConfig - threadFactory...................internal
11:35:07.899 [Test worker] DEBUG com.zaxxer.hikari.HikariConfig - transactionIsolation............default
11:35:07.900 [Test worker] DEBUG com.zaxxer.hikari.HikariConfig - username........................"sa"
11:35:07.900 [Test worker] DEBUG com.zaxxer.hikari.HikariConfig - validationTimeout...............5000
11:35:07.900 [Test worker] INFO com.zaxxer.hikari.HikariDataSource - HikariPool-1 - Starting...
11:35:08.125 [Test worker] DEBUG com.zaxxer.hikari.pool.HikariPool - HikariPool-1 - Added connection conn0: url=jdbc:h2:mem:testdb user=SA
11:35:08.127 [Test worker] INFO com.zaxxer.hikari.HikariDataSource - HikariPool-1 - Start completed.
11:35:08.142 [Test worker] DEBUG org.springframework.beans.factory.support.DefaultListableBeanFactory - Autowiring by type from bean name 'entityManagerFactoryBuilder' via factory method to bean named 'jpaVendorAdapter'
11:35:08.146 [Test worker] DEBUG org.springframework.beans.factory.support.DefaultListableBeanFactory - Autowiring by type from bean name 'entityManagerFactory' via factory method to bean named 'entityManagerFactoryBuilder'
11:35:08.153 [Test worker] DEBUG org.springframework.jdbc.datasource.DataSourceUtils - Fetching JDBC Connection from DataSource
11:35:08.190 [Test worker] DEBUG org.springframework.orm.jpa.LocalContainerEntityManagerFactoryBean - Building JPA container EntityManagerFactory for persistence unit 'default'
11:35:08.210 [Test worker] DEBUG org.hibernate.jpa.internal.util.LogHelper - PersistenceUnitInfo [
	name: default
	persistence provider classname: null
	classloader: jdk.internal.loader.ClassLoaders$AppClassLoader@55054057
	excludeUnlistedClasses: true
	JTA datasource: null
	Non JTA datasource: HikariDataSource (HikariPool-1)
	Transaction type: RESOURCE_LOCAL
	PU root URL: file:/Users/dzmitryplatonov/Desktop/workdir/giftcertificates/datasource/build/classes/java/test/
	Shared Cache Mode: UNSPECIFIED
	Validation Mode: AUTO
	Jar files URLs []
	Managed classes names [
		com.epam.esm.entity.Entity
		com.epam.esm.entity.GiftCertificate
		com.epam.esm.entity.Order
		com.epam.esm.entity.OrderCertificate
		com.epam.esm.entity.Role
		com.epam.esm.entity.Tag
		com.epam.esm.entity.User]
	Mapping files names []
	Properties []
11:35:08.225 [Test worker] DEBUG org.hibernate.integrator.internal.IntegratorServiceImpl - Adding Integrator [org.hibernate.cfg.beanvalidation.BeanValidationIntegrator].
11:35:08.227 [HikariPool-1 housekeeper] DEBUG com.zaxxer.hikari.pool.HikariPool - HikariPool-1 - Pool stats (total=1, active=0, idle=1, waiting=0)
11:35:08.229 [Test worker] DEBUG org.hibernate.integrator.internal.IntegratorServiceImpl - Adding Integrator [org.hibernate.secure.spi.JaccIntegrator].
11:35:08.230 [HikariPool-1 connection adder] DEBUG com.zaxxer.hikari.pool.HikariPool - HikariPool-1 - Added connection conn1: url=jdbc:h2:mem:testdb user=SA
11:35:08.231 [HikariPool-1 connection adder] DEBUG com.zaxxer.hikari.pool.HikariPool - HikariPool-1 - Added connection conn2: url=jdbc:h2:mem:testdb user=SA
11:35:08.232 [Test worker] DEBUG org.hibernate.integrator.internal.IntegratorServiceImpl - Adding Integrator [org.hibernate.cache.internal.CollectionCacheInvalidator].
11:35:08.232 [HikariPool-1 connection adder] DEBUG com.zaxxer.hikari.pool.HikariPool - HikariPool-1 - Added connection conn3: url=jdbc:h2:mem:testdb user=SA
11:35:08.233 [HikariPool-1 connection adder] DEBUG com.zaxxer.hikari.pool.HikariPool - HikariPool-1 - Added connection conn4: url=jdbc:h2:mem:testdb user=SA
11:35:08.234 [HikariPool-1 connection adder] DEBUG com.zaxxer.hikari.pool.HikariPool - HikariPool-1 - Added connection conn5: url=jdbc:h2:mem:testdb user=SA
11:35:08.235 [HikariPool-1 connection adder] DEBUG com.zaxxer.hikari.pool.HikariPool - HikariPool-1 - Added connection conn6: url=jdbc:h2:mem:testdb user=SA
11:35:08.236 [HikariPool-1 connection adder] DEBUG com.zaxxer.hikari.pool.HikariPool - HikariPool-1 - Added connection conn7: url=jdbc:h2:mem:testdb user=SA
11:35:08.237 [HikariPool-1 connection adder] DEBUG com.zaxxer.hikari.pool.HikariPool - HikariPool-1 - Added connection conn8: url=jdbc:h2:mem:testdb user=SA
11:35:08.237 [HikariPool-1 connection adder] DEBUG com.zaxxer.hikari.pool.HikariPool - HikariPool-1 - Added connection conn9: url=jdbc:h2:mem:testdb user=SA
11:35:08.238 [HikariPool-1 connection adder] DEBUG com.zaxxer.hikari.pool.HikariPool - HikariPool-1 - After adding stats (total=10, active=0, idle=10, waiting=0)
11:35:08.302 [Test worker] INFO org.hibernate.Version - HHH000412: Hibernate Core {5.3.12.Final}
11:35:08.303 [Test worker] INFO org.hibernate.cfg.Environment - HHH000206: hibernate.properties not found
11:35:08.433 [Test worker] DEBUG org.hibernate.service.spi.ServiceBinding - Overriding existing service binding [org.hibernate.secure.spi.JaccService]
11:35:08.471 [Test worker] DEBUG org.hibernate.cache.internal.RegionFactoryInitiator - Cannot default RegionFactory based on registered strategies as `[]` RegionFactory strategies were registered
11:35:08.473 [Test worker] DEBUG org.hibernate.cache.internal.RegionFactoryInitiator - Cache region factory : org.hibernate.cache.internal.NoCachingRegionFactory
11:35:08.489 [Test worker] INFO org.hibernate.annotations.common.Version - HCANN000001: Hibernate Commons Annotations {5.0.4.Final}
11:35:08.534 [Test worker] DEBUG org.hibernate.type.BasicTypeRegistry - Adding type registration boolean -> org.hibernate.type.BooleanType@27435693
11:35:08.534 [Test worker] DEBUG org.hibernate.type.BasicTypeRegistry - Adding type registration boolean -> org.hibernate.type.BooleanType@27435693
11:35:08.535 [Test worker] DEBUG org.hibernate.type.BasicTypeRegistry - Adding type registration java.lang.Boolean -> org.hibernate.type.BooleanType@27435693
11:35:08.535 [Test worker] DEBUG org.hibernate.type.BasicTypeRegistry - Adding type registration numeric_boolean -> org.hibernate.type.NumericBooleanType@2faee132
11:35:08.536 [Test worker] DEBUG org.hibernate.type.BasicTypeRegistry - Adding type registration true_false -> org.hibernate.type.TrueFalseType@17de74c8
11:35:08.537 [Test worker] DEBUG org.hibernate.type.BasicTypeRegistry - Adding type registration yes_no -> org.hibernate.type.YesNoType@6e8cc7cd
11:35:08.538 [Test worker] DEBUG org.hibernate.type.BasicTypeRegistry - Adding type registration byte -> org.hibernate.type.ByteType@4d6a13c1
11:35:08.538 [Test worker] DEBUG org.hibernate.type.BasicTypeRegistry - Adding type registration byte -> org.hibernate.type.ByteType@4d6a13c1
11:35:08.538 [Test worker] DEBUG org.hibernate.type.BasicTypeRegistry - Adding type registration java.lang.Byte -> org.hibernate.type.ByteType@4d6a13c1
11:35:08.540 [Test worker] DEBUG org.hibernate.type.BasicTypeRegistry - Adding type registration character -> org.hibernate.type.CharacterType@50c6e3d8
11:35:08.540 [Test worker] DEBUG org.hibernate.type.BasicTypeRegistry - Adding type registration char -> org.hibernate.type.CharacterType@50c6e3d8
11:35:08.540 [Test worker] DEBUG org.hibernate.type.BasicTypeRegistry - Adding type registration java.lang.Character -> org.hibernate.type.CharacterType@50c6e3d8
11:35:08.541 [Test worker] DEBUG org.hibernate.type.BasicTypeRegistry - Adding type registration short -> org.hibernate.type.ShortType@754b3952
11:35:08.542 [Test worker] DEBUG org.hibernate.type.BasicTypeRegistry - Adding type registration short -> org.hibernate.type.ShortType@754b3952
11:35:08.543 [Test worker] DEBUG org.hibernate.type.BasicTypeRegistry - Adding type registration java.lang.Short -> org.hibernate.type.ShortType@754b3952
11:35:08.545 [Test worker] DEBUG org.hibernate.type.BasicTypeRegistry - Adding type registration integer -> org.hibernate.type.IntegerType@71712573
11:35:08.545 [Test worker] DEBUG org.hibernate.type.BasicTypeRegistry - Adding type registration int -> org.hibernate.type.IntegerType@71712573
11:35:08.545 [Test worker] DEBUG org.hibernate.type.BasicTypeRegistry - Adding type registration java.lang.Integer -> org.hibernate.type.IntegerType@71712573
11:35:08.548 [Test worker] DEBUG org.hibernate.type.BasicTypeRegistry - Adding type registration long -> org.hibernate.type.LongType@31e21079
11:35:08.548 [Test worker] DEBUG org.hibernate.type.BasicTypeRegistry - Adding type registration long -> org.hibernate.type.LongType@31e21079
11:35:08.549 [Test worker] DEBUG org.hibernate.type.BasicTypeRegistry - Adding type registration java.lang.Long -> org.hibernate.type.LongType@31e21079
11:35:08.550 [Test worker] DEBUG org.hibernate.type.BasicTypeRegistry - Adding type registration float -> org.hibernate.type.FloatType@6ca9fbd3
11:35:08.551 [Test worker] DEBUG org.hibernate.type.BasicTypeRegistry - Adding type registration float -> org.hibernate.type.FloatType@6ca9fbd3
11:35:08.551 [Test worker] DEBUG org.hibernate.type.BasicTypeRegistry - Adding type registration java.lang.Float -> org.hibernate.type.FloatType@6ca9fbd3
11:35:08.552 [Test worker] DEBUG org.hibernate.type.BasicTypeRegistry - Adding type registration double -> org.hibernate.type.DoubleType@1e2e7099
11:35:08.552 [Test worker] DEBUG org.hibernate.type.BasicTypeRegistry - Adding type registration double -> org.hibernate.type.DoubleType@1e2e7099
11:35:08.553 [Test worker] DEBUG org.hibernate.type.BasicTypeRegistry - Adding type registration java.lang.Double -> org.hibernate.type.DoubleType@1e2e7099
11:35:08.554 [Test worker] DEBUG org.hibernate.type.BasicTypeRegistry - Adding type registration big_decimal -> org.hibernate.type.BigDecimalType@df4611d
11:35:08.554 [Test worker] DEBUG org.hibernate.type.BasicTypeRegistry - Adding type registration java.math.BigDecimal -> org.hibernate.type.BigDecimalType@df4611d
11:35:08.555 [Test worker] DEBUG org.hibernate.type.BasicTypeRegistry - Adding type registration big_integer -> org.hibernate.type.BigIntegerType@57914953
11:35:08.555 [Test worker] DEBUG org.hibernate.type.BasicTypeRegistry - Adding type registration java.math.BigInteger -> org.hibernate.type.BigIntegerType@57914953
11:35:08.556 [Test worker] DEBUG org.hibernate.type.BasicTypeRegistry - Adding type registration string -> org.hibernate.type.StringType@6a8ff977
11:35:08.556 [Test worker] DEBUG org.hibernate.type.BasicTypeRegistry - Adding type registration java.lang.String -> org.hibernate.type.StringType@6a8ff977
11:35:08.556 [Test worker] DEBUG org.hibernate.type.BasicTypeRegistry - Adding type registration nstring -> org.hibernate.type.StringNVarcharType@1253a113
11:35:08.557 [Test worker] DEBUG org.hibernate.type.BasicTypeRegistry - Adding type registration ncharacter -> org.hibernate.type.CharacterNCharType@28e64c31
11:35:08.558 [Test worker] DEBUG org.hibernate.type.BasicTypeRegistry - Adding type registration url -> org.hibernate.type.UrlType@995eb0a
11:35:08.558 [Test worker] DEBUG org.hibernate.type.BasicTypeRegistry - Adding type registration java.net.URL -> org.hibernate.type.UrlType@995eb0a
11:35:08.560 [Test worker] DEBUG org.hibernate.type.BasicTypeRegistry - Adding type registration Duration -> org.hibernate.type.DurationType@1223bf76
11:35:08.560 [Test worker] DEBUG org.hibernate.type.BasicTypeRegistry - Adding type registration java.time.Duration -> org.hibernate.type.DurationType@1223bf76
11:35:08.563 [Test worker] DEBUG org.hibernate.type.BasicTypeRegistry - Adding type registration Instant -> org.hibernate.type.InstantType@78abd2d7
11:35:08.564 [Test worker] DEBUG org.hibernate.type.BasicTypeRegistry - Adding type registration java.time.Instant -> org.hibernate.type.InstantType@78abd2d7
11:35:08.565 [Test worker] DEBUG org.hibernate.type.BasicTypeRegistry - Adding type registration LocalDateTime -> org.hibernate.type.LocalDateTimeType@1cdc76a2
11:35:08.565 [Test worker] DEBUG org.hibernate.type.BasicTypeRegistry - Adding type registration java.time.LocalDateTime -> org.hibernate.type.LocalDateTimeType@1cdc76a2
11:35:08.567 [Test worker] DEBUG org.hibernate.type.BasicTypeRegistry - Adding type registration LocalDate -> org.hibernate.type.LocalDateType@48708809
11:35:08.567 [Test worker] DEBUG org.hibernate.type.BasicTypeRegistry - Adding type registration java.time.LocalDate -> org.hibernate.type.LocalDateType@48708809
11:35:08.568 [Test worker] DEBUG org.hibernate.type.BasicTypeRegistry - Adding type registration LocalTime -> org.hibernate.type.LocalTimeType@7e752fa5
11:35:08.568 [Test worker] DEBUG org.hibernate.type.BasicTypeRegistry - Adding type registration java.time.LocalTime -> org.hibernate.type.LocalTimeType@7e752fa5
11:35:08.570 [Test worker] DEBUG org.hibernate.type.BasicTypeRegistry - Adding type registration OffsetDateTime -> org.hibernate.type.OffsetDateTimeType@2c414f15
11:35:08.570 [Test worker] DEBUG org.hibernate.type.BasicTypeRegistry - Adding type registration java.time.OffsetDateTime -> org.hibernate.type.OffsetDateTimeType@2c414f15
11:35:08.571 [Test worker] DEBUG org.hibernate.type.BasicTypeRegistry - Adding type registration OffsetTime -> org.hibernate.type.OffsetTimeType@1c47f20
11:35:08.571 [Test worker] DEBUG org.hibernate.type.BasicTypeRegistry - Adding type registration java.time.OffsetTime -> org.hibernate.type.OffsetTimeType@1c47f20
11:35:08.573 [Test worker] DEBUG org.hibernate.type.BasicTypeRegistry - Adding type registration ZonedDateTime -> org.hibernate.type.ZonedDateTimeType@658eda00
11:35:08.573 [Test worker] DEBUG org.hibernate.type.BasicTypeRegistry - Adding type registration java.time.ZonedDateTime -> org.hibernate.type.ZonedDateTimeType@658eda00
11:35:08.575 [Test worker] DEBUG org.hibernate.type.BasicTypeRegistry - Adding type registration date -> org.hibernate.type.DateType@40c2816c
11:35:08.575 [Test worker] DEBUG org.hibernate.type.BasicTypeRegistry - Adding type registration java.sql.Date -> org.hibernate.type.DateType@40c2816c
11:35:08.577 [Test worker] DEBUG org.hibernate.type.BasicTypeRegistry - Adding type registration time -> org.hibernate.type.TimeType@1b7b9b02
11:35:08.577 [Test worker] DEBUG org.hibernate.type.BasicTypeRegistry - Adding type registration java.sql.Time -> org.hibernate.type.TimeType@1b7b9b02
11:35:08.578 [Test worker] DEBUG org.hibernate.type.BasicTypeRegistry - Adding type registration timestamp -> org.hibernate.type.TimestampType@3f08e51c
11:35:08.578 [Test worker] DEBUG org.hibernate.type.BasicTypeRegistry - Adding type registration java.sql.Timestamp -> org.hibernate.type.TimestampType@3f08e51c
11:35:08.578 [Test worker] DEBUG org.hibernate.type.BasicTypeRegistry - Adding type registration java.util.Date -> org.hibernate.type.TimestampType@3f08e51c
11:35:08.579 [Test worker] DEBUG org.hibernate.type.BasicTypeRegistry - Adding type registration dbtimestamp -> org.hibernate.type.DbTimestampType@4cc3c686
11:35:08.581 [Test worker] DEBUG org.hibernate.type.BasicTypeRegistry - Adding type registration calendar -> org.hibernate.type.CalendarType@5a80cafb
11:35:08.581 [Test worker] DEBUG org.hibernate.type.BasicTypeRegistry - Adding type registration java.util.Calendar -> org.hibernate.type.CalendarType@5a80cafb
11:35:08.581 [Test worker] DEBUG org.hibernate.type.BasicTypeRegistry - Adding type registration java.util.GregorianCalendar -> org.hibernate.type.CalendarType@5a80cafb
11:35:08.582 [Test worker] DEBUG org.hibernate.type.BasicTypeRegistry - Adding type registration calendar_date -> org.hibernate.type.CalendarDateType@149ca708
11:35:08.583 [Test worker] DEBUG org.hibernate.type.BasicTypeRegistry - Adding type registration locale -> org.hibernate.type.LocaleType@38392f16
11:35:08.583 [Test worker] DEBUG org.hibernate.type.BasicTypeRegistry - Adding type registration java.util.Locale -> org.hibernate.type.LocaleType@38392f16
11:35:08.584 [Test worker] DEBUG org.hibernate.type.BasicTypeRegistry - Adding type registration currency -> org.hibernate.type.CurrencyType@1cbf0b94
11:35:08.584 [Test worker] DEBUG org.hibernate.type.BasicTypeRegistry - Adding type registration java.util.Currency -> org.hibernate.type.CurrencyType@1cbf0b94
11:35:08.585 [Test worker] DEBUG org.hibernate.type.BasicTypeRegistry - Adding type registration timezone -> org.hibernate.type.TimeZoneType@45a0d96d
11:35:08.585 [Test worker] DEBUG org.hibernate.type.BasicTypeRegistry - Adding type registration java.util.TimeZone -> org.hibernate.type.TimeZoneType@45a0d96d
11:35:08.586 [Test worker] DEBUG org.hibernate.type.BasicTypeRegistry - Adding type registration class -> org.hibernate.type.ClassType@375399b4
11:35:08.586 [Test worker] DEBUG org.hibernate.type.BasicTypeRegistry - Adding type registration java.lang.Class -> org.hibernate.type.ClassType@375399b4
11:35:08.587 [Test worker] DEBUG org.hibernate.type.BasicTypeRegistry - Adding type registration uuid-binary -> org.hibernate.type.UUIDBinaryType@74588217
11:35:08.587 [Test worker] DEBUG org.hibernate.type.BasicTypeRegistry - Adding type registration java.util.UUID -> org.hibernate.type.UUIDBinaryType@74588217
11:35:08.587 [Test worker] DEBUG org.hibernate.type.BasicTypeRegistry - Adding type registration uuid-char -> org.hibernate.type.UUIDCharType@3ff014c
11:35:08.589 [Test worker] DEBUG org.hibernate.type.BasicTypeRegistry - Adding type registration binary -> org.hibernate.type.BinaryType@c2d3b86
11:35:08.589 [Test worker] DEBUG org.hibernate.type.BasicTypeRegistry - Adding type registration byte[] -> org.hibernate.type.BinaryType@c2d3b86
11:35:08.589 [Test worker] DEBUG org.hibernate.type.BasicTypeRegistry - Adding type registration [B -> org.hibernate.type.BinaryType@c2d3b86
11:35:08.590 [Test worker] DEBUG org.hibernate.type.BasicTypeRegistry - Adding type registration wrapper-binary -> org.hibernate.type.WrapperBinaryType@61043f70
11:35:08.590 [Test worker] DEBUG org.hibernate.type.BasicTypeRegistry - Adding type registration Byte[] -> org.hibernate.type.WrapperBinaryType@61043f70
11:35:08.590 [Test worker] DEBUG org.hibernate.type.BasicTypeRegistry - Adding type registration [Ljava.lang.Byte; -> org.hibernate.type.WrapperBinaryType@61043f70
11:35:08.591 [Test worker] DEBUG org.hibernate.type.BasicTypeRegistry - Adding type registration row_version -> org.hibernate.type.RowVersionType@568b166b
11:35:08.592 [Test worker] DEBUG org.hibernate.type.BasicTypeRegistry - Adding type registration image -> org.hibernate.type.ImageType@2cb1a3e2
11:35:08.593 [Test worker] DEBUG org.hibernate.type.BasicTypeRegistry - Adding type registration characters -> org.hibernate.type.CharArrayType@31a6d4e
11:35:08.593 [Test worker] DEBUG org.hibernate.type.BasicTypeRegistry - Adding type registration char[] -> org.hibernate.type.CharArrayType@31a6d4e
11:35:08.593 [Test worker] DEBUG org.hibernate.type.BasicTypeRegistry - Adding type registration [C -> org.hibernate.type.CharArrayType@31a6d4e
11:35:08.594 [Test worker] DEBUG org.hibernate.type.BasicTypeRegistry - Adding type registration wrapper-characters -> org.hibernate.type.CharacterArrayType@79cd4fcc
11:35:08.595 [Test worker] DEBUG org.hibernate.type.BasicTypeRegistry - Adding type registration [Ljava.lang.Character; -> org.hibernate.type.CharacterArrayType@79cd4fcc
11:35:08.595 [Test worker] DEBUG org.hibernate.type.BasicTypeRegistry - Adding type registration Character[] -> org.hibernate.type.CharacterArrayType@79cd4fcc
11:35:08.595 [Test worker] DEBUG org.hibernate.type.BasicTypeRegistry - Adding type registration text -> org.hibernate.type.TextType@1be947d4
11:35:08.596 [Test worker] DEBUG org.hibernate.type.BasicTypeRegistry - Adding type registration ntext -> org.hibernate.type.NTextType@121a3329
11:35:08.598 [Test worker] DEBUG org.hibernate.type.BasicTypeRegistry - Adding type registration blob -> org.hibernate.type.BlobType@4f814b74
11:35:08.598 [Test worker] DEBUG org.hibernate.type.BasicTypeRegistry - Adding type registration java.sql.Blob -> org.hibernate.type.BlobType@4f814b74
11:35:08.599 [Test worker] DEBUG org.hibernate.type.BasicTypeRegistry - Adding type registration materialized_blob -> org.hibernate.type.MaterializedBlobType@5fdca922
11:35:08.600 [Test worker] DEBUG org.hibernate.type.BasicTypeRegistry - Adding type registration clob -> org.hibernate.type.ClobType@6e101559
11:35:08.601 [Test worker] DEBUG org.hibernate.type.BasicTypeRegistry - Adding type registration java.sql.Clob -> org.hibernate.type.ClobType@6e101559
11:35:08.602 [Test worker] DEBUG org.hibernate.type.BasicTypeRegistry - Adding type registration nclob -> org.hibernate.type.NClobType@59bb7c95
11:35:08.602 [Test worker] DEBUG org.hibernate.type.BasicTypeRegistry - Adding type registration java.sql.NClob -> org.hibernate.type.NClobType@59bb7c95
11:35:08.603 [Test worker] DEBUG org.hibernate.type.BasicTypeRegistry - Adding type registration materialized_clob -> org.hibernate.type.MaterializedClobType@35340c56
11:35:08.604 [Test worker] DEBUG org.hibernate.type.BasicTypeRegistry - Adding type registration materialized_nclob -> org.hibernate.type.MaterializedNClobType@59affb88
11:35:08.605 [Test worker] DEBUG org.hibernate.type.BasicTypeRegistry - Adding type registration serializable -> org.hibernate.type.SerializableType@27dd6ce3
11:35:08.609 [Test worker] DEBUG org.hibernate.type.BasicTypeRegistry - Adding type registration object -> org.hibernate.type.ObjectType@65c01b12
11:35:08.609 [Test worker] DEBUG org.hibernate.type.BasicTypeRegistry - Adding type registration java.lang.Object -> org.hibernate.type.ObjectType@65c01b12
11:35:08.610 [Test worker] DEBUG org.hibernate.type.BasicTypeRegistry - Adding type registration imm_date -> org.hibernate.type.AdaptedImmutableType@17251c6a
11:35:08.610 [Test worker] DEBUG org.hibernate.type.BasicTypeRegistry - Adding type registration imm_time -> org.hibernate.type.AdaptedImmutableType@103cf606
11:35:08.610 [Test worker] DEBUG org.hibernate.type.BasicTypeRegistry - Adding type registration imm_timestamp -> org.hibernate.type.AdaptedImmutableType@137d2c3e
11:35:08.611 [Test worker] DEBUG org.hibernate.type.BasicTypeRegistry - Adding type registration imm_dbtimestamp -> org.hibernate.type.AdaptedImmutableType@259eaab8
11:35:08.611 [Test worker] DEBUG org.hibernate.type.BasicTypeRegistry - Adding type registration imm_calendar -> org.hibernate.type.AdaptedImmutableType@1ae7242d
11:35:08.611 [Test worker] DEBUG org.hibernate.type.BasicTypeRegistry - Adding type registration imm_calendar_date -> org.hibernate.type.AdaptedImmutableType@6d1c7db1
11:35:08.611 [Test worker] DEBUG org.hibernate.type.BasicTypeRegistry - Adding type registration imm_binary -> org.hibernate.type.AdaptedImmutableType@17faa0f0
11:35:08.611 [Test worker] DEBUG org.hibernate.type.BasicTypeRegistry - Adding type registration imm_serializable -> org.hibernate.type.AdaptedImmutableType@47e103dd
11:35:08.621 [Test worker] DEBUG org.hibernate.boot.internal.BootstrapContextImpl - Injecting JPA temp ClassLoader [org.springframework.instrument.classloading.SimpleThrowawayClassLoader@6909d6b9] into BootstrapContext; was [null]
11:35:08.621 [Test worker] DEBUG org.hibernate.boot.internal.ClassLoaderAccessImpl - ClassLoaderAccessImpl#injectTempClassLoader(org.springframework.instrument.classloading.SimpleThrowawayClassLoader@6909d6b9) [was null]
11:35:08.622 [Test worker] DEBUG org.hibernate.boot.internal.BootstrapContextImpl - Injecting ScanEnvironment [org.hibernate.jpa.boot.internal.StandardJpaScanEnvironmentImpl@2a13c56] into BootstrapContext; was [null]
11:35:08.622 [Test worker] DEBUG org.hibernate.boot.internal.BootstrapContextImpl - Injecting ScanOptions [org.hibernate.boot.archive.scan.internal.StandardScanOptions@36f2e98a] into BootstrapContext; was [org.hibernate.boot.archive.scan.internal.StandardScanOptions@6f5ef5d1]
11:35:08.671 [Test worker] DEBUG org.hibernate.boot.internal.BootstrapContextImpl - Injecting JPA temp ClassLoader [null] into BootstrapContext; was [org.springframework.instrument.classloading.SimpleThrowawayClassLoader@6909d6b9]
11:35:08.671 [Test worker] DEBUG org.hibernate.boot.internal.ClassLoaderAccessImpl - ClassLoaderAccessImpl#injectTempClassLoader(null) [was org.springframework.instrument.classloading.SimpleThrowawayClassLoader@6909d6b9]
11:35:08.682 [Test worker] DEBUG org.hibernate.id.factory.internal.DefaultIdentifierGeneratorFactory - Registering IdentifierGenerator strategy [uuid2] -> [org.hibernate.id.UUIDGenerator]
11:35:08.682 [Test worker] DEBUG org.hibernate.id.factory.internal.DefaultIdentifierGeneratorFactory - Registering IdentifierGenerator strategy [guid] -> [org.hibernate.id.GUIDGenerator]
11:35:08.683 [Test worker] DEBUG org.hibernate.id.factory.internal.DefaultIdentifierGeneratorFactory - Registering IdentifierGenerator strategy [uuid] -> [org.hibernate.id.UUIDHexGenerator]
11:35:08.684 [Test worker] DEBUG org.hibernate.id.factory.internal.DefaultIdentifierGeneratorFactory - Registering IdentifierGenerator strategy [uuid.hex] -> [org.hibernate.id.UUIDHexGenerator]
11:35:08.684 [Test worker] DEBUG org.hibernate.id.factory.internal.DefaultIdentifierGeneratorFactory - Registering IdentifierGenerator strategy [assigned] -> [org.hibernate.id.Assigned]
11:35:08.686 [Test worker] DEBUG org.hibernate.id.factory.internal.DefaultIdentifierGeneratorFactory - Registering IdentifierGenerator strategy [identity] -> [org.hibernate.id.IdentityGenerator]
11:35:08.686 [Test worker] DEBUG org.hibernate.id.factory.internal.DefaultIdentifierGeneratorFactory - Registering IdentifierGenerator strategy [select] -> [org.hibernate.id.SelectGenerator]
11:35:08.687 [Test worker] DEBUG org.hibernate.id.factory.internal.DefaultIdentifierGeneratorFactory - Registering IdentifierGenerator strategy [sequence] -> [org.hibernate.id.enhanced.SequenceStyleGenerator]
11:35:08.688 [Test worker] DEBUG org.hibernate.id.factory.internal.DefaultIdentifierGeneratorFactory - Registering IdentifierGenerator strategy [seqhilo] -> [org.hibernate.id.SequenceHiLoGenerator]
11:35:08.689 [Test worker] DEBUG org.hibernate.id.factory.internal.DefaultIdentifierGeneratorFactory - Registering IdentifierGenerator strategy [increment] -> [org.hibernate.id.IncrementGenerator]
11:35:08.690 [Test worker] DEBUG org.hibernate.id.factory.internal.DefaultIdentifierGeneratorFactory - Registering IdentifierGenerator strategy [foreign] -> [org.hibernate.id.ForeignGenerator]
11:35:08.690 [Test worker] DEBUG org.hibernate.id.factory.internal.DefaultIdentifierGeneratorFactory - Registering IdentifierGenerator strategy [sequence-identity] -> [org.hibernate.id.SequenceIdentityGenerator]
11:35:08.690 [Test worker] DEBUG org.hibernate.id.factory.internal.DefaultIdentifierGeneratorFactory - Registering IdentifierGenerator strategy [enhanced-sequence] -> [org.hibernate.id.enhanced.SequenceStyleGenerator]
11:35:08.691 [Test worker] DEBUG org.hibernate.id.factory.internal.DefaultIdentifierGeneratorFactory - Registering IdentifierGenerator strategy [enhanced-table] -> [org.hibernate.id.enhanced.TableGenerator]
11:35:08.698 [Test worker] DEBUG org.hibernate.engine.jdbc.env.internal.JdbcEnvironmentInitiator - Database ->
       name : H2
    version : 1.4.197 (2018-03-18)
      major : 1
      minor : 4
11:35:08.699 [Test worker] DEBUG org.hibernate.engine.jdbc.env.internal.JdbcEnvironmentInitiator - Driver ->
       name : H2 JDBC Driver
    version : 1.4.197 (2018-03-18)
      major : 1
      minor : 4
11:35:08.699 [Test worker] DEBUG org.hibernate.engine.jdbc.env.internal.JdbcEnvironmentInitiator - JDBC version : 4.0
11:35:08.709 [Test worker] INFO org.hibernate.dialect.Dialect - HHH000400: Using dialect: org.hibernate.dialect.H2Dialect
11:35:08.771 [Test worker] DEBUG org.hibernate.boot.model.relational.Namespace - Created database namespace [logicalName=Name{catalog=null, schema=null}, physicalName=Name{catalog=null, schema=null}]
11:35:08.774 [Test worker] DEBUG org.hibernate.type.spi.TypeConfiguration$Scope - Scoping TypeConfiguration [org.hibernate.type.spi.TypeConfiguration@6d40822a] to MetadataBuildingContext [org.hibernate.boot.internal.MetadataBuildingContextRootImpl@7c9a7011]
11:35:08.816 [Test worker] DEBUG org.hibernate.cfg.AnnotationBinder - Binding entity from annotated class: com.epam.esm.entity.Entity
11:35:08.835 [Test worker] DEBUG org.hibernate.cfg.Ejb3Column - Binding column: Ejb3DiscriminatorColumn{logicalColumnName'DTYPE', discriminatorTypeName='string'}
11:35:08.839 [Test worker] DEBUG org.hibernate.cfg.annotations.EntityBinder - Import with entity name Entity
11:35:08.843 [Test worker] DEBUG org.hibernate.cfg.annotations.EntityBinder - Bind entity com.epam.esm.entity.Entity on table entity
11:35:08.859 [Test worker] DEBUG org.hibernate.cfg.Ejb3Column - Binding column: Ejb3Column{table=org.hibernate.mapping.Table(entity), mappingColumn=id, insertable=true, updatable=true, unique=false}
11:35:08.862 [Test worker] DEBUG org.hibernate.cfg.annotations.PropertyBinder - MetadataSourceProcessor property id with lazy=false
11:35:08.863 [Test worker] DEBUG org.hibernate.cfg.AbstractPropertyHolder - Attempting to locate auto-apply AttributeConverter for property [com.epam.esm.entity.Entity:id]
11:35:08.865 [Test worker] DEBUG org.hibernate.cfg.annotations.SimpleValueBinder - building SimpleValue for id
11:35:08.867 [Test worker] DEBUG org.hibernate.cfg.annotations.PropertyBinder - Building property id
11:35:08.869 [Test worker] DEBUG org.hibernate.cfg.BinderHelper - #makeIdGenerator(org.hibernate.mapping.SimpleValue([org.hibernate.mapping.Column(id)]), id, identity, , ...)
11:35:08.870 [Test worker] DEBUG org.hibernate.cfg.AnnotationBinder - Binding entity from annotated class: com.epam.esm.entity.GiftCertificate
11:35:08.870 [Test worker] DEBUG org.hibernate.cfg.Ejb3Column - Binding column: Ejb3DiscriminatorColumn{logicalColumnName'DTYPE', discriminatorTypeName='string'}
11:35:08.870 [Test worker] DEBUG org.hibernate.cfg.annotations.EntityBinder - Import with entity name GiftCertificate
11:35:08.870 [Test worker] DEBUG org.hibernate.cfg.annotations.EntityBinder - Bind entity com.epam.esm.entity.GiftCertificate on table certificate
11:35:08.878 [Test worker] DEBUG org.hibernate.cfg.Ejb3Column - Binding column: Ejb3Column{table=org.hibernate.mapping.Table(certificate), mappingColumn=id, insertable=true, updatable=true, unique=false}
11:35:08.879 [Test worker] DEBUG org.hibernate.cfg.annotations.PropertyBinder - MetadataSourceProcessor property id with lazy=false
11:35:08.879 [Test worker] DEBUG org.hibernate.cfg.AbstractPropertyHolder - Attempting to locate auto-apply AttributeConverter for property [com.epam.esm.entity.GiftCertificate:id]
11:35:08.879 [Test worker] DEBUG org.hibernate.cfg.annotations.SimpleValueBinder - building SimpleValue for id
11:35:08.879 [Test worker] DEBUG org.hibernate.cfg.annotations.PropertyBinder - Building property id
11:35:08.879 [Test worker] DEBUG org.hibernate.cfg.BinderHelper - #makeIdGenerator(org.hibernate.mapping.SimpleValue([org.hibernate.mapping.Column(id)]), id, identity, , ...)
11:35:08.880 [Test worker] DEBUG org.hibernate.cfg.Ejb3Column - Binding column: Ejb3Column{table=org.hibernate.mapping.Table(certificate), mappingColumn=active_status, insertable=true, updatable=true, unique=false}
11:35:08.881 [Test worker] DEBUG org.hibernate.cfg.annotations.PropertyBinder - MetadataSourceProcessor property activeStatus with lazy=false
11:35:08.881 [Test worker] DEBUG org.hibernate.cfg.AbstractPropertyHolder - Attempting to locate auto-apply AttributeConverter for property [com.epam.esm.entity.GiftCertificate:activeStatus]
11:35:08.881 [Test worker] DEBUG org.hibernate.cfg.annotations.SimpleValueBinder - building SimpleValue for activeStatus
11:35:08.881 [Test worker] DEBUG org.hibernate.cfg.annotations.PropertyBinder - Building property activeStatus
11:35:08.882 [Test worker] DEBUG org.hibernate.cfg.Ejb3Column - Binding column: Ejb3Column{table=org.hibernate.mapping.Table(certificate), mappingColumn=creation_date, insertable=true, updatable=true, unique=false}
11:35:08.882 [Test worker] DEBUG org.hibernate.cfg.annotations.PropertyBinder - MetadataSourceProcessor property creationDate with lazy=false
11:35:08.882 [Test worker] DEBUG org.hibernate.cfg.AbstractPropertyHolder - Attempting to locate auto-apply AttributeConverter for property [com.epam.esm.entity.GiftCertificate:creationDate]
11:35:08.882 [Test worker] DEBUG org.hibernate.cfg.annotations.SimpleValueBinder - building SimpleValue for creationDate
11:35:08.882 [Test worker] DEBUG org.hibernate.cfg.annotations.PropertyBinder - Building property creationDate
11:35:08.882 [Test worker] DEBUG org.hibernate.cfg.Ejb3Column - Binding column: Ejb3Column{table=org.hibernate.mapping.Table(certificate), mappingColumn=description, insertable=true, updatable=true, unique=false}
11:35:08.883 [Test worker] DEBUG org.hibernate.cfg.annotations.PropertyBinder - MetadataSourceProcessor property description with lazy=false
11:35:08.883 [Test worker] DEBUG org.hibernate.cfg.AbstractPropertyHolder - Attempting to locate auto-apply AttributeConverter for property [com.epam.esm.entity.GiftCertificate:description]
11:35:08.883 [Test worker] DEBUG org.hibernate.cfg.annotations.SimpleValueBinder - building SimpleValue for description
11:35:08.883 [Test worker] DEBUG org.hibernate.cfg.annotations.PropertyBinder - Building property description
11:35:08.884 [Test worker] DEBUG org.hibernate.cfg.Ejb3Column - Binding column: Ejb3Column{table=org.hibernate.mapping.Table(certificate), mappingColumn=expiration_date, insertable=true, updatable=true, unique=false}
11:35:08.885 [Test worker] DEBUG org.hibernate.cfg.annotations.PropertyBinder - MetadataSourceProcessor property expirationDate with lazy=false
11:35:08.885 [Test worker] DEBUG org.hibernate.cfg.AbstractPropertyHolder - Attempting to locate auto-apply AttributeConverter for property [com.epam.esm.entity.GiftCertificate:expirationDate]
11:35:08.885 [Test worker] DEBUG org.hibernate.cfg.annotations.SimpleValueBinder - building SimpleValue for expirationDate
11:35:08.885 [Test worker] DEBUG org.hibernate.cfg.annotations.PropertyBinder - Building property expirationDate
11:35:08.885 [Test worker] DEBUG org.hibernate.cfg.Ejb3Column - Binding column: Ejb3Column{table=org.hibernate.mapping.Table(certificate), mappingColumn=modification_date, insertable=true, updatable=true, unique=false}
11:35:08.886 [Test worker] DEBUG org.hibernate.cfg.annotations.PropertyBinder - MetadataSourceProcessor property modificationDate with lazy=false
11:35:08.886 [Test worker] DEBUG org.hibernate.cfg.AbstractPropertyHolder - Attempting to locate auto-apply AttributeConverter for property [com.epam.esm.entity.GiftCertificate:modificationDate]
11:35:08.886 [Test worker] DEBUG org.hibernate.cfg.annotations.SimpleValueBinder - building SimpleValue for modificationDate
11:35:08.886 [Test worker] DEBUG org.hibernate.cfg.annotations.PropertyBinder - Building property modificationDate
11:35:08.886 [Test worker] DEBUG org.hibernate.cfg.Ejb3Column - Binding column: Ejb3Column{table=org.hibernate.mapping.Table(certificate), mappingColumn=name, insertable=true, updatable=true, unique=false}
11:35:08.886 [Test worker] DEBUG org.hibernate.cfg.annotations.PropertyBinder - MetadataSourceProcessor property name with lazy=false
11:35:08.886 [Test worker] DEBUG org.hibernate.cfg.AbstractPropertyHolder - Attempting to locate auto-apply AttributeConverter for property [com.epam.esm.entity.GiftCertificate:name]
11:35:08.886 [Test worker] DEBUG org.hibernate.cfg.annotations.SimpleValueBinder - building SimpleValue for name
11:35:08.886 [Test worker] DEBUG org.hibernate.cfg.annotations.PropertyBinder - Building property name
11:35:08.888 [Test worker] DEBUG org.hibernate.cfg.Ejb3Column - Binding column: Ejb3JoinColumn{logicalColumnName='null', referencedColumn='null', mappedBy='certificate'}
11:35:08.888 [Test worker] DEBUG org.hibernate.cfg.Ejb3Column - Binding column: Ejb3Column{table=org.hibernate.mapping.Table(certificate), mappingColumn=order_certificates, insertable=true, updatable=true, unique=false}
11:35:08.889 [Test worker] DEBUG org.hibernate.cfg.Ejb3Column - Binding column: Ejb3Column{table=org.hibernate.mapping.Table(certificate), mappingColumn=null, insertable=true, updatable=true, unique=false}
11:35:08.896 [Test worker] DEBUG org.hibernate.cfg.Ejb3Column - Binding column: Ejb3Column{table=org.hibernate.mapping.Table(certificate), mappingColumn=element, insertable=true, updatable=true, unique=false}
11:35:08.896 [Test worker] DEBUG org.hibernate.cfg.Ejb3Column - Binding column: Ejb3Column{table=org.hibernate.mapping.Table(certificate), mappingColumn=order_certificates_key, insertable=true, updatable=true, unique=false}
11:35:08.896 [Test worker] DEBUG org.hibernate.cfg.Ejb3Column - Binding column: Ejb3JoinColumn{logicalColumnName='orderCertificates_KEY', referencedColumn='null', mappedBy='null'}
11:35:08.897 [Test worker] DEBUG org.hibernate.cfg.Ejb3Column - Binding column: Ejb3JoinColumn{logicalColumnName='null', referencedColumn='null', mappedBy='certificate'}
11:35:08.898 [Test worker] DEBUG org.hibernate.cfg.Ejb3Column - Binding column: Ejb3JoinColumn{logicalColumnName='null', referencedColumn='null', mappedBy='certificate'}
11:35:08.898 [Test worker] DEBUG org.hibernate.cfg.annotations.CollectionBinder - Collection role: com.epam.esm.entity.GiftCertificate.orderCertificates
11:35:08.900 [Test worker] DEBUG org.hibernate.cfg.annotations.PropertyBinder - Building property orderCertificates
11:35:08.900 [Test worker] DEBUG org.hibernate.cfg.Ejb3Column - Binding column: Ejb3Column{table=org.hibernate.mapping.Table(certificate), mappingColumn=price, insertable=true, updatable=true, unique=false}
11:35:08.900 [Test worker] DEBUG org.hibernate.cfg.annotations.PropertyBinder - MetadataSourceProcessor property price with lazy=false
11:35:08.900 [Test worker] DEBUG org.hibernate.cfg.AbstractPropertyHolder - Attempting to locate auto-apply AttributeConverter for property [com.epam.esm.entity.GiftCertificate:price]
11:35:08.901 [Test worker] DEBUG org.hibernate.cfg.annotations.SimpleValueBinder - building SimpleValue for price
11:35:08.901 [Test worker] DEBUG org.hibernate.cfg.annotations.PropertyBinder - Building property price
11:35:08.901 [Test worker] DEBUG org.hibernate.cfg.Ejb3Column - Binding column: Ejb3Column{table=org.hibernate.mapping.Table(certificate), mappingColumn=null, insertable=true, updatable=true, unique=false}
11:35:08.901 [Test worker] DEBUG org.hibernate.cfg.Ejb3Column - Binding column: Ejb3Column{table=org.hibernate.mapping.Table(certificate), mappingColumn=element, insertable=true, updatable=true, unique=false}
11:35:08.901 [Test worker] DEBUG org.hibernate.cfg.Ejb3Column - Binding column: Ejb3Column{table=org.hibernate.mapping.Table(certificate), mappingColumn=tags_key, insertable=true, updatable=true, unique=false}
11:35:08.901 [Test worker] DEBUG org.hibernate.cfg.Ejb3Column - Binding column: Ejb3JoinColumn{logicalColumnName='tags_KEY', referencedColumn='null', mappedBy='null'}
11:35:08.902 [Test worker] DEBUG org.hibernate.cfg.Ejb3Column - Binding column: Ejb3JoinColumn{logicalColumnName='certificate_id', referencedColumn='', mappedBy=''}
11:35:08.902 [Test worker] DEBUG org.hibernate.cfg.Ejb3Column - Binding column: Ejb3JoinColumn{logicalColumnName='tag_id', referencedColumn='', mappedBy=''}
11:35:08.902 [Test worker] DEBUG org.hibernate.cfg.annotations.CollectionBinder - Collection role: com.epam.esm.entity.GiftCertificate.tags
11:35:08.902 [Test worker] DEBUG org.hibernate.cfg.annotations.PropertyBinder - Building property tags
11:35:08.902 [Test worker] DEBUG org.hibernate.cfg.AnnotationBinder - Binding entity from annotated class: com.epam.esm.entity.Order
11:35:08.903 [Test worker] DEBUG org.hibernate.cfg.Ejb3Column - Binding column: Ejb3DiscriminatorColumn{logicalColumnName'DTYPE', discriminatorTypeName='string'}
11:35:08.903 [Test worker] DEBUG org.hibernate.cfg.annotations.EntityBinder - Import with entity name Order
11:35:08.903 [Test worker] DEBUG org.hibernate.cfg.annotations.EntityBinder - Bind entity com.epam.esm.entity.Order on table application_order
11:35:08.905 [Test worker] DEBUG org.hibernate.cfg.Ejb3Column - Binding column: Ejb3Column{table=org.hibernate.mapping.Table(application_order), mappingColumn=id, insertable=true, updatable=true, unique=false}
11:35:08.905 [Test worker] DEBUG org.hibernate.cfg.annotations.PropertyBinder - MetadataSourceProcessor property id with lazy=false
11:35:08.905 [Test worker] DEBUG org.hibernate.cfg.AbstractPropertyHolder - Attempting to locate auto-apply AttributeConverter for property [com.epam.esm.entity.Order:id]
11:35:08.905 [Test worker] DEBUG org.hibernate.cfg.annotations.SimpleValueBinder - building SimpleValue for id
11:35:08.905 [Test worker] DEBUG org.hibernate.cfg.annotations.PropertyBinder - Building property id
11:35:08.906 [Test worker] DEBUG org.hibernate.cfg.BinderHelper - #makeIdGenerator(org.hibernate.mapping.SimpleValue([org.hibernate.mapping.Column(id)]), id, identity, , ...)
11:35:08.906 [Test worker] DEBUG org.hibernate.cfg.Ejb3Column - Binding column: Ejb3Column{table=org.hibernate.mapping.Table(application_order), mappingColumn=active_status, insertable=true, updatable=true, unique=false}
11:35:08.906 [Test worker] DEBUG org.hibernate.cfg.annotations.PropertyBinder - MetadataSourceProcessor property activeStatus with lazy=false
11:35:08.906 [Test worker] DEBUG org.hibernate.cfg.AbstractPropertyHolder - Attempting to locate auto-apply AttributeConverter for property [com.epam.esm.entity.Order:activeStatus]
11:35:08.906 [Test worker] DEBUG org.hibernate.cfg.annotations.SimpleValueBinder - building SimpleValue for activeStatus
11:35:08.906 [Test worker] DEBUG org.hibernate.cfg.annotations.PropertyBinder - Building property activeStatus
11:35:08.907 [Test worker] DEBUG org.hibernate.cfg.Ejb3Column - Binding column: Ejb3Column{table=org.hibernate.mapping.Table(application_order), mappingColumn=created_at, insertable=true, updatable=true, unique=false}
11:35:08.907 [Test worker] DEBUG org.hibernate.cfg.annotations.PropertyBinder - MetadataSourceProcessor property createdAt with lazy=false
11:35:08.907 [Test worker] DEBUG org.hibernate.cfg.AbstractPropertyHolder - Attempting to locate auto-apply AttributeConverter for property [com.epam.esm.entity.Order:createdAt]
11:35:08.907 [Test worker] DEBUG org.hibernate.cfg.annotations.SimpleValueBinder - building SimpleValue for createdAt
11:35:08.907 [Test worker] DEBUG org.hibernate.cfg.annotations.PropertyBinder - Building property createdAt
11:35:08.907 [Test worker] DEBUG org.hibernate.cfg.Ejb3Column - Binding column: Ejb3JoinColumn{logicalColumnName='null', referencedColumn='null', mappedBy='order'}
11:35:08.907 [Test worker] DEBUG org.hibernate.cfg.Ejb3Column - Binding column: Ejb3Column{table=org.hibernate.mapping.Table(application_order), mappingColumn=order_certificates, insertable=true, updatable=true, unique=false}
11:35:08.907 [Test worker] DEBUG org.hibernate.cfg.Ejb3Column - Binding column: Ejb3Column{table=org.hibernate.mapping.Table(application_order), mappingColumn=null, insertable=true, updatable=true, unique=false}
11:35:08.908 [Test worker] DEBUG org.hibernate.cfg.Ejb3Column - Binding column: Ejb3Column{table=org.hibernate.mapping.Table(application_order), mappingColumn=element, insertable=true, updatable=true, unique=false}
11:35:08.908 [Test worker] DEBUG org.hibernate.cfg.Ejb3Column - Binding column: Ejb3Column{table=org.hibernate.mapping.Table(application_order), mappingColumn=order_certificates_key, insertable=true, updatable=true, unique=false}
11:35:08.908 [Test worker] DEBUG org.hibernate.cfg.Ejb3Column - Binding column: Ejb3JoinColumn{logicalColumnName='orderCertificates_KEY', referencedColumn='null', mappedBy='null'}
11:35:08.908 [Test worker] DEBUG org.hibernate.cfg.Ejb3Column - Binding column: Ejb3JoinColumn{logicalColumnName='null', referencedColumn='null', mappedBy='order'}
11:35:08.908 [Test worker] DEBUG org.hibernate.cfg.Ejb3Column - Binding column: Ejb3JoinColumn{logicalColumnName='null', referencedColumn='null', mappedBy='order'}
11:35:08.909 [Test worker] DEBUG org.hibernate.cfg.annotations.CollectionBinder - Collection role: com.epam.esm.entity.Order.orderCertificates
11:35:08.909 [Test worker] DEBUG org.hibernate.cfg.annotations.PropertyBinder - Building property orderCertificates
11:35:08.909 [Test worker] DEBUG org.hibernate.cfg.Ejb3Column - Binding column: Ejb3JoinColumn{logicalColumnName='user_id', referencedColumn='', mappedBy=''}
11:35:08.909 [Test worker] DEBUG org.hibernate.cfg.Ejb3Column - Binding column: Ejb3Column{table=org.hibernate.mapping.Table(application_order), mappingColumn=user, insertable=true, updatable=true, unique=false}
11:35:08.911 [Test worker] DEBUG org.hibernate.cfg.annotations.PropertyBinder - Building property user
11:35:08.911 [Test worker] DEBUG org.hibernate.cfg.AnnotationBinder - Binding entity from annotated class: com.epam.esm.entity.OrderCertificate
11:35:08.912 [Test worker] DEBUG org.hibernate.cfg.Ejb3Column - Binding column: Ejb3DiscriminatorColumn{logicalColumnName'DTYPE', discriminatorTypeName='string'}
11:35:08.912 [Test worker] DEBUG org.hibernate.cfg.annotations.EntityBinder - Import with entity name OrderCertificate
11:35:08.912 [Test worker] DEBUG org.hibernate.cfg.annotations.EntityBinder - Bind entity com.epam.esm.entity.OrderCertificate on table order_certificate
11:35:08.913 [Test worker] DEBUG org.hibernate.cfg.Ejb3Column - Binding column: Ejb3Column{table=org.hibernate.mapping.Table(order_certificate), mappingColumn=id, insertable=true, updatable=true, unique=false}
11:35:08.913 [Test worker] DEBUG org.hibernate.cfg.annotations.PropertyBinder - MetadataSourceProcessor property id with lazy=false
11:35:08.913 [Test worker] DEBUG org.hibernate.cfg.AbstractPropertyHolder - Attempting to locate auto-apply AttributeConverter for property [com.epam.esm.entity.OrderCertificate:id]
11:35:08.914 [Test worker] DEBUG org.hibernate.cfg.annotations.SimpleValueBinder - building SimpleValue for id
11:35:08.914 [Test worker] DEBUG org.hibernate.cfg.annotations.PropertyBinder - Building property id
11:35:08.914 [Test worker] DEBUG org.hibernate.cfg.BinderHelper - #makeIdGenerator(org.hibernate.mapping.SimpleValue([org.hibernate.mapping.Column(id)]), id, identity, , ...)
11:35:08.914 [Test worker] DEBUG org.hibernate.cfg.Ejb3Column - Binding column: Ejb3JoinColumn{logicalColumnName='null', referencedColumn='', mappedBy=''}
11:35:08.914 [Test worker] DEBUG org.hibernate.cfg.Ejb3Column - Binding column: Ejb3Column{table=org.hibernate.mapping.Table(order_certificate), mappingColumn=certificate, insertable=true, updatable=true, unique=false}
11:35:08.914 [Test worker] DEBUG org.hibernate.cfg.annotations.PropertyBinder - Building property certificate
11:35:08.914 [Test worker] DEBUG org.hibernate.cfg.Ejb3Column - Binding column: Ejb3Column{table=org.hibernate.mapping.Table(order_certificate), mappingColumn=expiration_date, insertable=true, updatable=true, unique=false}
11:35:08.915 [Test worker] DEBUG org.hibernate.cfg.annotations.PropertyBinder - MetadataSourceProcessor property expirationDate with lazy=false
11:35:08.915 [Test worker] DEBUG org.hibernate.cfg.AbstractPropertyHolder - Attempting to locate auto-apply AttributeConverter for property [com.epam.esm.entity.OrderCertificate:expirationDate]
11:35:08.915 [Test worker] DEBUG org.hibernate.cfg.annotations.SimpleValueBinder - building SimpleValue for expirationDate
11:35:08.915 [Test worker] DEBUG org.hibernate.cfg.annotations.PropertyBinder - Building property expirationDate
11:35:08.915 [Test worker] DEBUG org.hibernate.cfg.Ejb3Column - Binding column: Ejb3Column{table=org.hibernate.mapping.Table(order_certificate), mappingColumn=fixed_price, insertable=true, updatable=true, unique=false}
11:35:08.915 [Test worker] DEBUG org.hibernate.cfg.annotations.PropertyBinder - MetadataSourceProcessor property fixedPrice with lazy=false
11:35:08.915 [Test worker] DEBUG org.hibernate.cfg.AbstractPropertyHolder - Attempting to locate auto-apply AttributeConverter for property [com.epam.esm.entity.OrderCertificate:fixedPrice]
11:35:08.915 [Test worker] DEBUG org.hibernate.cfg.annotations.SimpleValueBinder - building SimpleValue for fixedPrice
11:35:08.915 [Test worker] DEBUG org.hibernate.cfg.annotations.PropertyBinder - Building property fixedPrice
11:35:08.916 [Test worker] DEBUG org.hibernate.cfg.Ejb3Column - Binding column: Ejb3JoinColumn{logicalColumnName='null', referencedColumn='', mappedBy=''}
11:35:08.916 [Test worker] DEBUG org.hibernate.cfg.Ejb3Column - Binding column: Ejb3Column{table=org.hibernate.mapping.Table(order_certificate), mappingColumn=order, insertable=true, updatable=true, unique=false}
11:35:08.916 [Test worker] DEBUG org.hibernate.cfg.annotations.PropertyBinder - Building property order
11:35:08.916 [Test worker] DEBUG org.hibernate.cfg.AnnotationBinder - Binding entity from annotated class: com.epam.esm.entity.Role
11:35:08.916 [Test worker] DEBUG org.hibernate.cfg.Ejb3Column - Binding column: Ejb3DiscriminatorColumn{logicalColumnName'DTYPE', discriminatorTypeName='string'}
11:35:08.916 [Test worker] DEBUG org.hibernate.cfg.annotations.EntityBinder - Import with entity name Role
11:35:08.916 [Test worker] DEBUG org.hibernate.cfg.annotations.EntityBinder - Bind entity com.epam.esm.entity.Role on table application_role
11:35:08.917 [Test worker] DEBUG org.hibernate.cfg.Ejb3Column - Binding column: Ejb3Column{table=org.hibernate.mapping.Table(application_role), mappingColumn=id, insertable=true, updatable=true, unique=false}
11:35:08.917 [Test worker] DEBUG org.hibernate.cfg.annotations.PropertyBinder - MetadataSourceProcessor property id with lazy=false
11:35:08.917 [Test worker] DEBUG org.hibernate.cfg.AbstractPropertyHolder - Attempting to locate auto-apply AttributeConverter for property [com.epam.esm.entity.Role:id]
11:35:08.917 [Test worker] DEBUG org.hibernate.cfg.annotations.SimpleValueBinder - building SimpleValue for id
11:35:08.917 [Test worker] DEBUG org.hibernate.cfg.annotations.PropertyBinder - Building property id
11:35:08.918 [Test worker] DEBUG org.hibernate.cfg.BinderHelper - #makeIdGenerator(org.hibernate.mapping.SimpleValue([org.hibernate.mapping.Column(id)]), id, identity, , ...)
11:35:08.918 [Test worker] DEBUG org.hibernate.cfg.Ejb3Column - Binding column: Ejb3Column{table=org.hibernate.mapping.Table(application_role), mappingColumn=value, insertable=true, updatable=true, unique=false}
11:35:08.918 [Test worker] DEBUG org.hibernate.cfg.annotations.PropertyBinder - MetadataSourceProcessor property value with lazy=false
11:35:08.918 [Test worker] DEBUG org.hibernate.cfg.AbstractPropertyHolder - Attempting to locate auto-apply AttributeConverter for property [com.epam.esm.entity.Role:value]
11:35:08.918 [Test worker] DEBUG org.hibernate.cfg.annotations.SimpleValueBinder - building SimpleValue for value
11:35:08.918 [Test worker] DEBUG org.hibernate.cfg.annotations.PropertyBinder - Building property value
11:35:08.918 [Test worker] DEBUG org.hibernate.cfg.AnnotationBinder - Binding entity from annotated class: com.epam.esm.entity.Tag
11:35:08.918 [Test worker] DEBUG org.hibernate.cfg.Ejb3Column - Binding column: Ejb3DiscriminatorColumn{logicalColumnName'DTYPE', discriminatorTypeName='string'}
11:35:08.918 [Test worker] DEBUG org.hibernate.cfg.annotations.EntityBinder - Import with entity name Tag
11:35:08.919 [Test worker] DEBUG org.hibernate.cfg.annotations.EntityBinder - Bind entity com.epam.esm.entity.Tag on table tag
11:35:08.919 [Test worker] DEBUG org.hibernate.cfg.Ejb3Column - Binding column: Ejb3Column{table=org.hibernate.mapping.Table(tag), mappingColumn=id, insertable=true, updatable=true, unique=false}
11:35:08.919 [Test worker] DEBUG org.hibernate.cfg.annotations.PropertyBinder - MetadataSourceProcessor property id with lazy=false
11:35:08.919 [Test worker] DEBUG org.hibernate.cfg.AbstractPropertyHolder - Attempting to locate auto-apply AttributeConverter for property [com.epam.esm.entity.Tag:id]
11:35:08.920 [Test worker] DEBUG org.hibernate.cfg.annotations.SimpleValueBinder - building SimpleValue for id
11:35:08.920 [Test worker] DEBUG org.hibernate.cfg.annotations.PropertyBinder - Building property id
11:35:08.920 [Test worker] DEBUG org.hibernate.cfg.BinderHelper - #makeIdGenerator(org.hibernate.mapping.SimpleValue([org.hibernate.mapping.Column(id)]), id, identity, , ...)
11:35:08.920 [Test worker] DEBUG org.hibernate.cfg.Ejb3Column - Binding column: Ejb3Column{table=org.hibernate.mapping.Table(tag), mappingColumn=title, insertable=true, updatable=false, unique=true}
11:35:08.920 [Test worker] DEBUG org.hibernate.cfg.annotations.PropertyBinder - MetadataSourceProcessor property title with lazy=false
11:35:08.920 [Test worker] DEBUG org.hibernate.cfg.AbstractPropertyHolder - Attempting to locate auto-apply AttributeConverter for property [com.epam.esm.entity.Tag:title]
11:35:08.920 [Test worker] DEBUG org.hibernate.cfg.annotations.SimpleValueBinder - building SimpleValue for title
11:35:08.920 [Test worker] DEBUG org.hibernate.cfg.annotations.PropertyBinder - Building property title
11:35:08.920 [Test worker] DEBUG org.hibernate.cfg.AnnotationBinder - Binding entity from annotated class: com.epam.esm.entity.User
11:35:08.920 [Test worker] DEBUG org.hibernate.cfg.Ejb3Column - Binding column: Ejb3DiscriminatorColumn{logicalColumnName'DTYPE', discriminatorTypeName='string'}
11:35:08.921 [Test worker] DEBUG org.hibernate.cfg.annotations.EntityBinder - Import with entity name User
11:35:08.921 [Test worker] DEBUG org.hibernate.cfg.annotations.EntityBinder - Bind entity com.epam.esm.entity.User on table application_user
11:35:08.923 [Test worker] DEBUG org.hibernate.cfg.Ejb3Column - Binding column: Ejb3Column{table=org.hibernate.mapping.Table(application_user), mappingColumn=id, insertable=true, updatable=true, unique=false}
11:35:08.923 [Test worker] DEBUG org.hibernate.cfg.annotations.PropertyBinder - MetadataSourceProcessor property id with lazy=false
11:35:08.923 [Test worker] DEBUG org.hibernate.cfg.AbstractPropertyHolder - Attempting to locate auto-apply AttributeConverter for property [com.epam.esm.entity.User:id]
11:35:08.923 [Test worker] DEBUG org.hibernate.cfg.annotations.SimpleValueBinder - building SimpleValue for id
11:35:08.923 [Test worker] DEBUG org.hibernate.cfg.annotations.PropertyBinder - Building property id
11:35:08.923 [Test worker] DEBUG org.hibernate.cfg.BinderHelper - #makeIdGenerator(org.hibernate.mapping.SimpleValue([org.hibernate.mapping.Column(id)]), id, identity, , ...)
11:35:08.924 [Test worker] DEBUG org.hibernate.cfg.Ejb3Column - Binding column: Ejb3Column{table=org.hibernate.mapping.Table(application_user), mappingColumn=email, insertable=true, updatable=true, unique=false}
11:35:08.924 [Test worker] DEBUG org.hibernate.cfg.annotations.PropertyBinder - MetadataSourceProcessor property email with lazy=false
11:35:08.924 [Test worker] DEBUG org.hibernate.cfg.AbstractPropertyHolder - Attempting to locate auto-apply AttributeConverter for property [com.epam.esm.entity.User:email]
11:35:08.924 [Test worker] DEBUG org.hibernate.cfg.annotations.SimpleValueBinder - building SimpleValue for email
11:35:08.924 [Test worker] DEBUG org.hibernate.cfg.annotations.PropertyBinder - Building property email
11:35:08.924 [Test worker] DEBUG org.hibernate.cfg.Ejb3Column - Binding column: Ejb3JoinColumn{logicalColumnName='null', referencedColumn='null', mappedBy='user'}
11:35:08.924 [Test worker] DEBUG org.hibernate.cfg.Ejb3Column - Binding column: Ejb3Column{table=org.hibernate.mapping.Table(application_user), mappingColumn=orders, insertable=true, updatable=true, unique=false}
11:35:08.924 [Test worker] DEBUG org.hibernate.cfg.Ejb3Column - Binding column: Ejb3Column{table=org.hibernate.mapping.Table(application_user), mappingColumn=null, insertable=true, updatable=true, unique=false}
11:35:08.925 [Test worker] DEBUG org.hibernate.cfg.Ejb3Column - Binding column: Ejb3Column{table=org.hibernate.mapping.Table(application_user), mappingColumn=element, insertable=true, updatable=true, unique=false}
11:35:08.925 [Test worker] DEBUG org.hibernate.cfg.Ejb3Column - Binding column: Ejb3Column{table=org.hibernate.mapping.Table(application_user), mappingColumn=orders_key, insertable=true, updatable=true, unique=false}
11:35:08.925 [Test worker] DEBUG org.hibernate.cfg.Ejb3Column - Binding column: Ejb3JoinColumn{logicalColumnName='orders_KEY', referencedColumn='null', mappedBy='null'}
11:35:08.925 [Test worker] DEBUG org.hibernate.cfg.Ejb3Column - Binding column: Ejb3JoinColumn{logicalColumnName='null', referencedColumn='null', mappedBy='user'}
11:35:08.925 [Test worker] DEBUG org.hibernate.cfg.Ejb3Column - Binding column: Ejb3JoinColumn{logicalColumnName='null', referencedColumn='null', mappedBy='user'}
11:35:08.925 [Test worker] DEBUG org.hibernate.cfg.annotations.CollectionBinder - Collection role: com.epam.esm.entity.User.orders
11:35:08.925 [Test worker] DEBUG org.hibernate.cfg.annotations.PropertyBinder - Building property orders
11:35:08.925 [Test worker] DEBUG org.hibernate.cfg.Ejb3Column - Binding column: Ejb3Column{table=org.hibernate.mapping.Table(application_user), mappingColumn=password, insertable=true, updatable=true, unique=false}
11:35:08.925 [Test worker] DEBUG org.hibernate.cfg.annotations.PropertyBinder - MetadataSourceProcessor property password with lazy=false
11:35:08.926 [Test worker] DEBUG org.hibernate.cfg.AbstractPropertyHolder - Attempting to locate auto-apply AttributeConverter for property [com.epam.esm.entity.User:password]
11:35:08.926 [Test worker] DEBUG org.hibernate.cfg.annotations.SimpleValueBinder - building SimpleValue for password
11:35:08.926 [Test worker] DEBUG org.hibernate.cfg.annotations.PropertyBinder - Building property password
11:35:08.926 [Test worker] DEBUG org.hibernate.cfg.Ejb3Column - Binding column: Ejb3Column{table=org.hibernate.mapping.Table(application_user), mappingColumn=refresh_token, insertable=true, updatable=true, unique=false}
11:35:08.926 [Test worker] DEBUG org.hibernate.cfg.annotations.PropertyBinder - MetadataSourceProcessor property refreshToken with lazy=false
11:35:08.926 [Test worker] DEBUG org.hibernate.cfg.AbstractPropertyHolder - Attempting to locate auto-apply AttributeConverter for property [com.epam.esm.entity.User:refreshToken]
11:35:08.926 [Test worker] DEBUG org.hibernate.cfg.annotations.SimpleValueBinder - building SimpleValue for refreshToken
11:35:08.926 [Test worker] DEBUG org.hibernate.cfg.annotations.PropertyBinder - Building property refreshToken
11:35:08.926 [Test worker] DEBUG org.hibernate.cfg.Ejb3Column - Binding column: Ejb3JoinColumn{logicalColumnName='role_id', referencedColumn='', mappedBy=''}
11:35:08.927 [Test worker] DEBUG org.hibernate.cfg.Ejb3Column - Binding column: Ejb3Column{table=org.hibernate.mapping.Table(application_user), mappingColumn=role, insertable=true, updatable=true, unique=false}
11:35:08.927 [Test worker] DEBUG org.hibernate.cfg.annotations.PropertyBinder - Building property role
11:35:08.928 [Test worker] DEBUG org.hibernate.cfg.annotations.SimpleValueBinder - Starting fillSimpleValue for id
11:35:08.928 [Test worker] DEBUG org.hibernate.cfg.annotations.SimpleValueBinder - Starting fillSimpleValue for id
11:35:08.929 [Test worker] DEBUG org.hibernate.cfg.annotations.SimpleValueBinder - Starting fillSimpleValue for activeStatus
11:35:08.929 [Test worker] DEBUG org.hibernate.cfg.annotations.SimpleValueBinder - Starting fillSimpleValue for creationDate
11:35:08.929 [Test worker] DEBUG org.hibernate.cfg.annotations.SimpleValueBinder - Starting fillSimpleValue for description
11:35:08.929 [Test worker] DEBUG org.hibernate.cfg.annotations.SimpleValueBinder - Starting fillSimpleValue for expirationDate
11:35:08.929 [Test worker] DEBUG org.hibernate.cfg.annotations.SimpleValueBinder - Starting fillSimpleValue for modificationDate
11:35:08.929 [Test worker] DEBUG org.hibernate.cfg.annotations.SimpleValueBinder - Starting fillSimpleValue for name
11:35:08.929 [Test worker] DEBUG org.hibernate.cfg.annotations.SimpleValueBinder - Starting fillSimpleValue for price
11:35:08.929 [Test worker] DEBUG org.hibernate.cfg.annotations.SimpleValueBinder - Starting fillSimpleValue for id
11:35:08.929 [Test worker] DEBUG org.hibernate.cfg.annotations.SimpleValueBinder - Starting fillSimpleValue for activeStatus
11:35:08.929 [Test worker] DEBUG org.hibernate.cfg.annotations.SimpleValueBinder - Starting fillSimpleValue for createdAt
11:35:08.930 [Test worker] DEBUG org.hibernate.cfg.annotations.SimpleValueBinder - Starting fillSimpleValue for id
11:35:08.930 [Test worker] DEBUG org.hibernate.cfg.annotations.SimpleValueBinder - Starting fillSimpleValue for expirationDate
11:35:08.930 [Test worker] DEBUG org.hibernate.cfg.annotations.SimpleValueBinder - Starting fillSimpleValue for fixedPrice
11:35:08.930 [Test worker] DEBUG org.hibernate.cfg.annotations.SimpleValueBinder - Starting fillSimpleValue for id
11:35:08.930 [Test worker] DEBUG org.hibernate.cfg.annotations.SimpleValueBinder - Starting fillSimpleValue for value
11:35:08.930 [Test worker] DEBUG org.hibernate.cfg.annotations.SimpleValueBinder - Starting fillSimpleValue for id
11:35:08.930 [Test worker] DEBUG org.hibernate.cfg.annotations.SimpleValueBinder - Starting fillSimpleValue for title
11:35:08.930 [Test worker] DEBUG org.hibernate.cfg.annotations.SimpleValueBinder - Starting fillSimpleValue for id
11:35:08.930 [Test worker] DEBUG org.hibernate.cfg.annotations.SimpleValueBinder - Starting fillSimpleValue for email
11:35:08.931 [Test worker] DEBUG org.hibernate.cfg.annotations.SimpleValueBinder - Starting fillSimpleValue for password
11:35:08.931 [Test worker] DEBUG org.hibernate.cfg.annotations.SimpleValueBinder - Starting fillSimpleValue for refreshToken
11:35:08.936 [Test worker] DEBUG org.hibernate.mapping.PrimaryKey - Forcing column [id] to be non-null as it is part of the primary key for table [entity]
11:35:08.936 [Test worker] DEBUG org.hibernate.mapping.PrimaryKey - Forcing column [id] to be non-null as it is part of the primary key for table [certificate]
11:35:08.936 [Test worker] DEBUG org.hibernate.mapping.PrimaryKey - Forcing column [id] to be non-null as it is part of the primary key for table [application_order]
11:35:08.936 [Test worker] DEBUG org.hibernate.mapping.PrimaryKey - Forcing column [id] to be non-null as it is part of the primary key for table [order_certificate]
11:35:08.936 [Test worker] DEBUG org.hibernate.mapping.PrimaryKey - Forcing column [id] to be non-null as it is part of the primary key for table [application_role]
11:35:08.936 [Test worker] DEBUG org.hibernate.mapping.PrimaryKey - Forcing column [id] to be non-null as it is part of the primary key for table [tag]
11:35:08.936 [Test worker] DEBUG org.hibernate.mapping.PrimaryKey - Forcing column [id] to be non-null as it is part of the primary key for table [application_user]
11:35:08.936 [Test worker] DEBUG org.hibernate.cfg.CollectionSecondPass - Second pass for collection: com.epam.esm.entity.GiftCertificate.tags
11:35:08.937 [Test worker] DEBUG org.hibernate.cfg.annotations.CollectionBinder - Binding as ManyToMany: com.epam.esm.entity.GiftCertificate.tags
11:35:08.939 [Test worker] DEBUG org.hibernate.mapping.PrimaryKey - Forcing column [certificate_id] to be non-null as it is part of the primary key for table [certificate_tag]
11:35:08.939 [Test worker] DEBUG org.hibernate.mapping.PrimaryKey - Forcing column [tag_id] to be non-null as it is part of the primary key for table [certificate_tag]
11:35:08.939 [Test worker] DEBUG org.hibernate.cfg.CollectionSecondPass - Mapped collection key: certificate_id, element: tag_id
11:35:08.939 [Test worker] DEBUG org.hibernate.cfg.CollectionSecondPass - Second pass for collection: com.epam.esm.entity.GiftCertificate.orderCertificates
11:35:08.940 [Test worker] DEBUG org.hibernate.cfg.annotations.CollectionBinder - Binding a OneToMany: com.epam.esm.entity.GiftCertificate.orderCertificates through a foreign key
11:35:08.940 [Test worker] DEBUG org.hibernate.cfg.annotations.CollectionBinder - Mapping collection: com.epam.esm.entity.GiftCertificate.orderCertificates -> order_certificate
11:35:08.941 [Test worker] DEBUG org.hibernate.cfg.annotations.TableBinder - Retrieving property com.epam.esm.entity.OrderCertificate.certificate
11:35:08.941 [Test worker] DEBUG org.hibernate.cfg.CollectionSecondPass - Mapped collection key: certificate_id, one-to-many: com.epam.esm.entity.OrderCertificate
11:35:08.941 [Test worker] DEBUG org.hibernate.cfg.CollectionSecondPass - Second pass for collection: com.epam.esm.entity.Order.orderCertificates
11:35:08.942 [Test worker] DEBUG org.hibernate.cfg.annotations.CollectionBinder - Binding a OneToMany: com.epam.esm.entity.Order.orderCertificates through a foreign key
11:35:08.942 [Test worker] DEBUG org.hibernate.cfg.annotations.CollectionBinder - Mapping collection: com.epam.esm.entity.Order.orderCertificates -> order_certificate
11:35:08.942 [Test worker] DEBUG org.hibernate.cfg.annotations.TableBinder - Retrieving property com.epam.esm.entity.OrderCertificate.order
11:35:08.942 [Test worker] DEBUG org.hibernate.cfg.CollectionSecondPass - Mapped collection key: order_id, one-to-many: com.epam.esm.entity.OrderCertificate
11:35:08.942 [Test worker] DEBUG org.hibernate.cfg.CollectionSecondPass - Second pass for collection: com.epam.esm.entity.User.orders
11:35:08.942 [Test worker] DEBUG org.hibernate.cfg.annotations.CollectionBinder - Binding a OneToMany: com.epam.esm.entity.User.orders through a foreign key
11:35:08.942 [Test worker] DEBUG org.hibernate.cfg.annotations.CollectionBinder - Mapping collection: com.epam.esm.entity.User.orders -> application_order
11:35:08.943 [Test worker] DEBUG org.hibernate.cfg.annotations.TableBinder - Retrieving property com.epam.esm.entity.Order.user
11:35:08.943 [Test worker] DEBUG org.hibernate.cfg.CollectionSecondPass - Mapped collection key: user_id, one-to-many: com.epam.esm.entity.Order
11:35:08.943 [Test worker] DEBUG org.hibernate.boot.internal.InFlightMetadataCollectorImpl - Resolving reference to class: com.epam.esm.entity.User
11:35:08.946 [Test worker] DEBUG org.hibernate.boot.internal.InFlightMetadataCollectorImpl - Resolving reference to class: com.epam.esm.entity.Role
11:35:08.946 [Test worker] DEBUG org.hibernate.boot.internal.InFlightMetadataCollectorImpl - Resolving reference to class: com.epam.esm.entity.Tag
11:35:08.947 [Test worker] DEBUG org.hibernate.boot.internal.InFlightMetadataCollectorImpl - Resolving reference to class: com.epam.esm.entity.GiftCertificate
11:35:08.947 [Test worker] DEBUG org.hibernate.boot.internal.InFlightMetadataCollectorImpl - Resolving reference to class: com.epam.esm.entity.GiftCertificate
11:35:08.947 [Test worker] DEBUG org.hibernate.boot.internal.InFlightMetadataCollectorImpl - Resolving reference to class: com.epam.esm.entity.Order
11:35:08.949 [Test worker] DEBUG org.hibernate.boot.internal.InFlightMetadataCollectorImpl - Resolving reference to class: com.epam.esm.entity.User
11:35:08.949 [Test worker] DEBUG org.hibernate.boot.internal.InFlightMetadataCollectorImpl - Resolving reference to class: com.epam.esm.entity.Role
11:35:08.949 [Test worker] DEBUG org.hibernate.boot.internal.InFlightMetadataCollectorImpl - Resolving reference to class: com.epam.esm.entity.Tag
11:35:08.949 [Test worker] DEBUG org.hibernate.boot.internal.InFlightMetadataCollectorImpl - Resolving reference to class: com.epam.esm.entity.GiftCertificate
11:35:08.949 [Test worker] DEBUG org.hibernate.boot.internal.InFlightMetadataCollectorImpl - Resolving reference to class: com.epam.esm.entity.GiftCertificate
11:35:08.950 [Test worker] DEBUG org.hibernate.boot.internal.InFlightMetadataCollectorImpl - Resolving reference to class: com.epam.esm.entity.Order
11:35:08.976 [Test worker] DEBUG org.hibernate.internal.SessionFactoryImpl - Building session factory
11:35:08.978 [Test worker] DEBUG org.hibernate.cfg.Settings - SessionFactory name : null
11:35:08.978 [Test worker] DEBUG org.hibernate.cfg.Settings - Automatic flush during beforeCompletion(): enabled
11:35:08.978 [Test worker] DEBUG org.hibernate.cfg.Settings - Automatic session close at end of transaction: disabled
11:35:08.978 [Test worker] DEBUG org.hibernate.cfg.Settings - Statistics: disabled
11:35:08.978 [Test worker] DEBUG org.hibernate.cfg.Settings - Deleted entity synthetic identifier rollback: disabled
11:35:08.978 [Test worker] DEBUG org.hibernate.cfg.Settings - Default entity-mode: pojo
11:35:08.979 [Test worker] DEBUG org.hibernate.cfg.Settings - Check Nullability in Core (should be disabled when Bean Validation is on): enabled
11:35:08.979 [Test worker] DEBUG org.hibernate.cfg.Settings - Allow initialization of lazy state outside session : disabled
11:35:08.979 [Test worker] DEBUG org.hibernate.cfg.Settings - Using BatchFetchStyle : LEGACY
11:35:08.979 [Test worker] DEBUG org.hibernate.cfg.Settings - Default batch fetch size: -1
11:35:08.979 [Test worker] DEBUG org.hibernate.cfg.Settings - Maximum outer join fetch depth: null
11:35:08.979 [Test worker] DEBUG org.hibernate.cfg.Settings - Default null ordering: NONE
11:35:08.979 [Test worker] DEBUG org.hibernate.cfg.Settings - Order SQL updates by primary key: disabled
11:35:08.979 [Test worker] DEBUG org.hibernate.cfg.Settings - Order SQL inserts for batching: disabled
11:35:08.979 [Test worker] DEBUG org.hibernate.cfg.Settings - multi-tenancy strategy : NONE
11:35:08.979 [Test worker] DEBUG org.hibernate.cfg.Settings - JTA Track by Thread: enabled
11:35:08.979 [Test worker] DEBUG org.hibernate.cfg.Settings - Query language substitutions: {}
11:35:08.980 [Test worker] DEBUG org.hibernate.cfg.Settings - Named query checking : enabled
11:35:08.980 [Test worker] DEBUG org.hibernate.cfg.Settings - Second-level cache: disabled
11:35:08.980 [Test worker] DEBUG org.hibernate.cfg.Settings - Second-level query cache: disabled
11:35:08.980 [Test worker] DEBUG org.hibernate.cfg.Settings - Second-level query cache factory: null
11:35:08.980 [Test worker] DEBUG org.hibernate.cfg.Settings - Second-level cache region prefix: null
11:35:08.980 [Test worker] DEBUG org.hibernate.cfg.Settings - Optimize second-level cache for minimal puts: disabled
11:35:08.980 [Test worker] DEBUG org.hibernate.cfg.Settings - Structured second-level cache entries: disabled
11:35:08.980 [Test worker] DEBUG org.hibernate.cfg.Settings - Second-level cache direct-reference entries: disabled
11:35:08.980 [Test worker] DEBUG org.hibernate.cfg.Settings - Automatic eviction of collection cache: disabled
11:35:08.980 [Test worker] DEBUG org.hibernate.cfg.Settings - JDBC batch size: 15
11:35:08.981 [Test worker] DEBUG org.hibernate.cfg.Settings - JDBC batch updates for versioned data: enabled
11:35:08.981 [Test worker] DEBUG org.hibernate.cfg.Settings - Scrollable result sets: enabled
11:35:08.981 [Test worker] DEBUG org.hibernate.cfg.Settings - Wrap result sets: disabled
11:35:08.981 [Test worker] DEBUG org.hibernate.cfg.Settings - JDBC3 getGeneratedKeys(): enabled
11:35:08.981 [Test worker] DEBUG org.hibernate.cfg.Settings - JDBC result set fetch size: null
11:35:08.981 [Test worker] DEBUG org.hibernate.cfg.Settings - Connection release mode: ON_CLOSE
11:35:08.981 [Test worker] DEBUG org.hibernate.cfg.Settings - Generate SQL with comments: disabled
11:35:08.981 [Test worker] DEBUG org.hibernate.cfg.Settings - JPA compliance - query : 
11:35:08.981 [Test worker] DEBUG org.hibernate.cfg.Settings - JPA compliance - closed-handling : 
11:35:08.982 [Test worker] DEBUG org.hibernate.cfg.Settings - JPA compliance - lists : 
11:35:08.982 [Test worker] DEBUG org.hibernate.cfg.Settings - JPA compliance - transactions : 
11:35:09.024 [Test worker] DEBUG org.hibernate.jpa.event.internal.CallbackBuilderLegacyImpl - Adding onPrePersist as PrePersist callback for entity com.epam.esm.entity.Order
11:35:09.038 [Test worker] DEBUG org.hibernate.internal.SessionFactoryImpl - Session factory constructed with filter configurations : {}
11:35:09.038 [Test worker] DEBUG org.hibernate.internal.SessionFactoryImpl - Instantiating session factory with properties: {awt.toolkit=sun.lwawt.macosx.LWCToolkit, hibernate.id.new_generator_mappings=true, java.specification.version=12, hibernate.resource.beans.container=org.springframework.orm.hibernate5.SpringBeanContainer@cd38e2b, hibernate.connection.handling_mode=DELAYED_ACQUISITION_AND_HOLD, sun.jnu.encoding=UTF-8, hibernate.dialect=org.hibernate.dialect.H2Dialect, org.gradle.test.worker=1, hibernate.implicit_naming_strategy=org.springframework.boot.orm.jpa.hibernate.SpringImplicitNamingStrategy, java.class.path=/Users/dzmitryplatonov/.gradle/caches/5.6.2/workerMain/gradle-worker.jar:/Users/dzmitryplatonov/Desktop/workdir/giftcertificates/datasource/build/classes/java/test:/Users/dzmitryplatonov/Desktop/workdir/giftcertificates/datasource/build/resources/test:/Users/dzmitryplatonov/Desktop/workdir/giftcertificates/datasource/build/classes/java/main:/Users/dzmitryplatonov/Desktop/workdir/giftcertificates/datasource/build/resources/main:/Users/dzmitryplatonov/.m2/repository/org/apache/logging/log4j/log4j-web/2.11.2/log4j-web-2.11.2.jar:/Users/dzmitryplatonov/.m2/repository/org/apache/logging/log4j/log4j-core/2.11.2/log4j-core-2.11.2.jar:/Users/dzmitryplatonov/.gradle/caches/modules-2/files-2.1/org.springframework.boot/spring-boot-starter-web/2.1.9.RELEASE/2063870234eebbda3c09dddf9853477fe9e4a719/spring-boot-starter-web-2.1.9.RELEASE.jar:/Users/dzmitryplatonov/.gradle/caches/modules-2/files-2.1/org.springframework.boot/spring-boot-starter-security/2.1.9.RELEASE/bde048665003362d9e16aa75a8804f90dce1d31e/spring-boot-starter-security-2.1.9.RELEASE.jar:/Users/dzmitryplatonov/.gradle/caches/modules-2/files-2.1/org.springframework.boot/spring-boot-starter-data-jpa/2.1.9.RELEASE/784d6d5c525c2dd9fac31031ee6ca2ec8b067af5/spring-boot-starter-data-jpa-2.1.9.RELEASE.jar:/Users/dzmitryplatonov/.gradle/caches/modules-2/files-2.1/org.springframework.boot/spring-boot-starter-aop/2.1.9.RELEASE/74226b26cf15952f639deca38fe919701755c97b/spring-boot-starter-aop-2.1.9.RELEASE.jar:/Users/dzmitryplatonov/.gradle/caches/modules-2/files-2.1/org.springframework.boot/spring-boot-starter-jdbc/2.1.9.RELEASE/3f7d1d67669dfa0ea4ff9216afbeef5bc6a58ecb/spring-boot-starter-jdbc-2.1.9.RELEASE.jar:/Users/dzmitryplatonov/.gradle/caches/modules-2/files-2.1/org.springframework.boot/spring-boot-starter-json/2.1.9.RELEASE/53bdf52bc28b7e753874e0136fb33c9eab184276/spring-boot-starter-json-2.1.9.RELEASE.jar:/Users/dzmitryplatonov/.gradle/caches/modules-2/files-2.1/org.springframework.boot/spring-boot-starter/2.1.9.RELEASE/45d7afa2d9aab4b2984f2c330f507797fbcf501f/spring-boot-starter-2.1.9.RELEASE.jar:/Users/dzmitryplatonov/.gradle/caches/modules-2/files-2.1/org.springframework.boot/spring-boot-starter-logging/2.1.9.RELEASE/802b562b0c602ae9242b659a28b9bf89ca689b2d/spring-boot-starter-logging-2.1.9.RELEASE.jar:/Users/dzmitryplatonov/.m2/repository/org/apache/logging/log4j/log4j-to-slf4j/2.11.2/log4j-to-slf4j-2.11.2.jar:/Users/dzmitryplatonov/.m2/repository/org/apache/logging/log4j/log4j-api/2.11.2/log4j-api-2.11.2.jar:/Users/dzmitryplatonov/.m2/repository/org/hibernate/validator/hibernate-validator/6.0.17.Final/hibernate-validator-6.0.17.Final.jar:/Users/dzmitryplatonov/.m2/repository/javax/validation/validation-api/2.0.1.Final/validation-api-2.0.1.Final.jar:/Users/dzmitryplatonov/.gradle/caches/modules-2/files-2.1/org.springframework.security.oauth.boot/spring-security-oauth2-autoconfigure/2.1.9.RELEASE/abbbf98ebc0454774162add4b412a7ee5da66877/spring-security-oauth2-autoconfigure-2.1.9.RELEASE.jar:/Users/dzmitryplatonov/.gradle/caches/modules-2/files-2.1/com.auth0/jwks-rsa/0.9.0/6e3a813bce7eb07327f2a5384fb178eb21469338/jwks-rsa-0.9.0.jar:/Users/dzmitryplatonov/.gradle/caches/modules-2/files-2.1/io.jsonwebtoken/jjwt/0.9.1/54d2abfc3e63a28824d35bf600d6a5d627da681a/jjwt-0.9.1.jar:/Users/dzmitryplatonov/.gradle/caches/modules-2/files-2.1/io.jsonwebtoken/jjwt-jackson/0.10.7/52b5a612da95a0c0edc867ccac65bb0f6762ed7b/jjwt-jackson-0.10.7.jar:/Users/dzmitryplatonov/.m2/repository/com/fasterxml/jackson/datatype/jackson-datatype-jsr310/2.9.9/jackson-datatype-jsr310-2.9.9.jar:/Users/dzmitryplatonov/.m2/repository/com/fasterxml/jackson/datatype/jackson-datatype-jdk8/2.9.9/jackson-datatype-jdk8-2.9.9.jar:/Users/dzmitryplatonov/.m2/repository/com/fasterxml/jackson/module/jackson-module-parameter-names/2.9.9/jackson-module-parameter-names-2.9.9.jar:/Users/dzmitryplatonov/.gradle/caches/modules-2/files-2.1/com.fasterxml.jackson.core/jackson-databind/2.10.0.pr3/4e17238b159dcd1167b095024fe07f41da1e37ac/jackson-databind-2.10.0.pr3.jar:/Users/dzmitryplatonov/.gradle/caches/modules-2/files-2.1/com.fasterxml.jackson.core/jackson-annotations/2.10.0.pr3/6c99a6d972b8bdd92192bef4b0ff5df164e9cafc/jackson-annotations-2.10.0.pr3.jar:/Users/dzmitryplatonov/.m2/repository/org/springframework/hateoas/spring-hateoas/0.25.1.RELEASE/spring-hateoas-0.25.1.RELEASE.jar:/Users/dzmitryplatonov/.m2/repository/org/springframework/plugin/spring-plugin-core/1.2.0.RELEASE/spring-plugin-core-1.2.0.RELEASE.jar:/Users/dzmitryplatonov/.gradle/caches/modules-2/files-2.1/org.springframework.security/spring-security-oauth2-client/5.1.6.RELEASE/8a77b659f7f6616ca5970796c04106595819f4eb/spring-security-oauth2-client-5.1.6.RELEASE.jar:/Users/dzmitryplatonov/.gradle/caches/modules-2/files-2.1/org.springframework.security/spring-security-oauth2-jose/5.1.6.RELEASE/78f947f9b1ee235f7efbb697e15acd05e16d009a/spring-security-oauth2-jose-5.1.6.RELEASE.jar:/Users/dzmitryplatonov/.gradle/caches/modules-2/files-2.1/org.springframework.security/spring-security-openid/5.2.0.RELEASE/e67725a379bcc03c3edd571d6fec4800b2313a00/spring-security-openid-5.2.0.RELEASE.jar:/Users/dzmitryplatonov/.gradle/caches/modules-2/files-2.1/org.springframework.data/spring-data-jpa/2.1.11.RELEASE/b774364187f5e68379b8c3121232a04686a0325c/spring-data-jpa-2.1.11.RELEASE.jar:/Users/dzmitryplatonov/.gradle/caches/modules-2/files-2.1/org.springframework/spring-orm/5.1.10.RELEASE/ce92238d65405408387b1ae7a5dd5a280f7ea29f/spring-orm-5.1.10.RELEASE.jar:/Users/dzmitryplatonov/.gradle/caches/modules-2/files-2.1/org.springframework/spring-jdbc/5.1.10.RELEASE/48957bfad9656fdba9263539e2fa8f3034939ba8/spring-jdbc-5.1.10.RELEASE.jar:/Users/dzmitryplatonov/.m2/repository/org/postgresql/postgresql/42.2.8/postgresql-42.2.8.jar:/Users/dzmitryplatonov/.gradle/caches/modules-2/files-2.1/org.springframework.boot/spring-boot-starter-tomcat/2.1.9.RELEASE/99bef08a0b7fd10ff9827f0f8e6f49b97cbabf7f/spring-boot-starter-tomcat-2.1.9.RELEASE.jar:/Users/dzmitryplatonov/.m2/repository/javax/annotation/javax.annotation-api/1.3.2/javax.annotation-api-1.3.2.jar:/Users/dzmitryplatonov/.gradle/caches/modules-2/files-2.1/io.jsonwebtoken/jjwt-impl/0.10.7/49cf3b0b6f10eb024104ae39c111c1fd0cd3be64/jjwt-impl-0.10.7.jar:/Users/dzmitryplatonov/.gradle/caches/modules-2/files-2.1/org.junit.jupiter/junit-jupiter-params/5.2.0/d70083080bf3400c181562919cb03bf7588104e1/junit-jupiter-params-5.2.0.jar:/Users/dzmitryplatonov/.gradle/caches/modules-2/files-2.1/org.mockito/mockito-junit-jupiter/2.18.3/827104c6aed482c68159faf320f44f5eb5b03bd/mockito-junit-jupiter-2.18.3.jar:/Users/dzmitryplatonov/.m2/repository/org/mockito/mockito-core/2.28.2/mockito-core-2.28.2.jar:/Users/dzmitryplatonov/.m2/repository/com/h2database/h2/1.4.197/h2-1.4.197.jar:/Users/dzmitryplatonov/.gradle/caches/modules-2/files-2.1/org.springframework/spring-test/5.0.1.RELEASE/47dee3bebbcbcaff1be786b6c0db654ba7376eb9/spring-test-5.0.1.RELEASE.jar:/Users/dzmitryplatonov/.gradle/caches/modules-2/files-2.1/org.junit.jupiter/junit-jupiter-engine/5.3.1/e2676b1786c57a80eb98f5bebd51a3d05e228c40/junit-jupiter-engine-5.3.1.jar:/Users/dzmitryplatonov/.gradle/caches/modules-2/files-2.1/org.junit.jupiter/junit-jupiter-api/5.3.1/a7e97eac2784395cb991403f9641b042ad972941/junit-jupiter-api-5.3.1.jar:/Users/dzmitryplatonov/.gradle/caches/modules-2/files-2.1/org.hibernate/hibernate-core/5.3.12.Final/e1929362fe24a9f62142d18f1ac5b0d7f278ef22/hibernate-core-5.3.12.Final.jar:/Users/dzmitryplatonov/.m2/repository/org/hibernate/common/hibernate-commons-annotations/5.0.4.Final/hibernate-commons-annotations-5.0.4.Final.jar:/Users/dzmitryplatonov/.m2/repository/org/jboss/logging/jboss-logging/3.3.2.Final/jboss-logging-3.3.2.Final.jar:/Users/dzmitryplatonov/.m2/repository/com/fasterxml/classmate/1.3.4/classmate-1.3.4.jar:/Users/dzmitryplatonov/.gradle/caches/modules-2/files-2.1/com.fasterxml.jackson.core/jackson-core/2.10.0.pr3/1d2f9b816bcd00130ddc9dae6c99f7b533afcc73/jackson-core-2.10.0.pr3.jar:/Users/dzmitryplatonov/.gradle/caches/modules-2/files-2.1/org.springframework.security.oauth/spring-security-oauth2/2.3.5.RELEASE/7969f5363398d6d3788bef1740b2ab9509043d51/spring-security-oauth2-2.3.5.RELEASE.jar:/Users/dzmitryplatonov/.gradle/caches/modules-2/files-2.1/org.springframework/spring-webmvc/5.1.10.RELEASE/67b6da7852e89bc0df6ce36a263ac4377fe48e27/spring-webmvc-5.1.10.RELEASE.jar:/Users/dzmitryplatonov/.m2/repository/org/springframework/security/spring-security-config/5.1.6.RELEASE/spring-security-config-5.1.6.RELEASE.jar:/Users/dzmitryplatonov/.gradle/caches/modules-2/files-2.1/org.springframework.security/spring-security-oauth2-core/5.1.6.RELEASE/f3b2623760154aac86d32427696842c7c3d85326/spring-security-oauth2-core-5.1.6.RELEASE.jar:/Users/dzmitryplatonov/.gradle/caches/modules-2/files-2.1/org.springframework.security/spring-security-web/5.2.0.RELEASE/a9ff06ad3fd66cd08545e1a601c66d2256c86e0f/spring-security-web-5.2.0.RELEASE.jar:/Users/dzmitryplatonov/.gradle/caches/modules-2/files-2.1/org.springframework.security/spring-security-core/5.2.0.RELEASE/1c8f36e316a74c245073ce2a70bdf198a58424f6/spring-security-core-5.2.0.RELEASE.jar:/Users/dzmitryplatonov/.gradle/caches/modules-2/files-2.1/org.springframework.boot/spring-boot-autoconfigure/2.1.9.RELEASE/aa6d5e0fef585bec64543b9b8f944a94060e710a/spring-boot-autoconfigure-2.1.9.RELEASE.jar:/Users/dzmitryplatonov/.gradle/caches/modules-2/files-2.1/org.springframework.boot/spring-boot/2.1.9.RELEASE/b18e7287a82ee06c6bb4e79423c25c05b8303dc1/spring-boot-2.1.9.RELEASE.jar:/Users/dzmitryplatonov/.gradle/caches/modules-2/files-2.1/org.springframework/spring-context/5.2.0.RELEASE/a2638a8295f13ed8511c98a2379507677e1d16fa/spring-context-5.2.0.RELEASE.jar:/Users/dzmitryplatonov/.gradle/caches/modules-2/files-2.1/org.springframework/spring-aop/5.2.0.RELEASE/7031d44f063ea68e49b881a985967e7f2c144f3b/spring-aop-5.2.0.RELEASE.jar:/Users/dzmitryplatonov/.gradle/caches/modules-2/files-2.1/org.springframework/spring-web/5.2.0.RELEASE/d5b064196dc014519e751df549b4cc6a753fb191/spring-web-5.2.0.RELEASE.jar:/Users/dzmitryplatonov/.gradle/caches/modules-2/files-2.1/org.springframework.data/spring-data-commons/2.1.11.RELEASE/dace2a47d274ac5f0ac3ff2f47cb0b936bef5b46/spring-data-commons-2.1.11.RELEASE.jar:/Users/dzmitryplatonov/.gradle/caches/modules-2/files-2.1/org.springframework/spring-tx/5.1.10.RELEASE/c32ebb7fb1be3b733304b7873c31817dd434479a/spring-tx-5.1.10.RELEASE.jar:/Users/dzmitryplatonov/.gradle/caches/modules-2/files-2.1/org.springframework/spring-beans/5.2.0.RELEASE/3ae97694618c59e6af695a15e54fabb7e319776/spring-beans-5.2.0.RELEASE.jar:/Users/dzmitryplatonov/.gradle/caches/modules-2/files-2.1/org.springframework/spring-expression/5.2.0.RELEASE/ac6a616451129e717979f18d2bff40528698a46e/spring-expression-5.2.0.RELEASE.jar:/Users/dzmitryplatonov/.gradle/caches/modules-2/files-2.1/org.springframework/spring-core/5.2.0.RELEASE/e0e1b3c304f70ed19d7905975f6f990916ada219/spring-core-5.2.0.RELEASE.jar:/Users/dzmitryplatonov/.m2/repository/com/zaxxer/HikariCP/3.2.0/HikariCP-3.2.0.jar:/Users/dzmitryplatonov/.m2/repository/ch/qos/logback/logback-classic/1.2.3/logback-classic-1.2.3.jar:/Users/dzmitryplatonov/.m2/repository/org/slf4j/jul-to-slf4j/1.7.28/jul-to-slf4j-1.7.28.jar:/Users/dzmitryplatonov/.m2/repository/org/slf4j/slf4j-api/1.7.28/slf4j-api-1.7.28.jar:/Users/dzmitryplatonov/.m2/repository/javax/transaction/javax.transaction-api/1.3/javax.transaction-api-1.3.jar:/Users/dzmitryplatonov/.gradle/caches/modules-2/files-2.1/org.glassfish.jaxb/jaxb-runtime/2.3.1/dd6dda9da676a54c5b36ca2806ff95ee017d8738/jaxb-runtime-2.3.1.jar:/Users/dzmitryplatonov/.m2/repository/javax/xml/bind/jaxb-api/2.3.1/jaxb-api-2.3.1.jar:/Users/dzmitryplatonov/.gradle/caches/modules-2/files-2.1/org.springframework/spring-aspects/5.1.10.RELEASE/b0364caabcde96dc6385480d0f9270613ab04511/spring-aspects-5.1.10.RELEASE.jar:/Users/dzmitryplatonov/.gradle/caches/modules-2/files-2.1/org.springframework.security/spring-security-jwt/1.0.10.RELEASE/19a1ca7a83e9d263a31af5f529da460f8f863451/spring-security-jwt-1.0.10.RELEASE.jar:/Users/dzmitryplatonov/.gradle/caches/modules-2/files-2.1/com.nimbusds/oauth2-oidc-sdk/6.0/e731f0b62727a46ae6d6fded62b5678d28273c3c/oauth2-oidc-sdk-6.0.jar:/Users/dzmitryplatonov/.gradle/caches/modules-2/files-2.1/com.nimbusds/nimbus-jose-jwt/6.0.2/81605278e5df1cf4c3774851649b85cade077fa5/nimbus-jose-jwt-6.0.2.jar:/Users/dzmitryplatonov/.gradle/caches/modules-2/files-2.1/com.google.inject/guice/3.0/9d84f15fe35e2c716a02979fb62f50a29f38aefa/guice-3.0.jar:/Users/dzmitryplatonov/.gradle/caches/modules-2/files-2.1/org.openid4java/openid4java-nodeps/0.9.6/52ca394f5f6d38b78e35a5a6a0a341dc5b3aaf34/openid4java-nodeps-0.9.6.jar:/Users/dzmitryplatonov/.gradle/caches/modules-2/files-2.1/net.sourceforge.nekohtml/nekohtml/1.9.22/4f54af68ecb345f2453fb6884672ad08414154e3/nekohtml-1.9.22.jar:/Users/dzmitryplatonov/.gradle/caches/modules-2/files-2.1/org.apache.httpcomponents/httpclient/4.5.10/7ca2e4276f4ef95e4db725a8cd4a1d1e7585b9e5/httpclient-4.5.10.jar:/Users/dzmitryplatonov/.gradle/caches/modules-2/files-2.1/commons-codec/commons-codec/1.13/3f18e1aa31031d89db6f01ba05d501258ce69d2c/commons-codec-1.13.jar:/Users/dzmitryplatonov/.m2/repository/commons-io/commons-io/2.6/commons-io-2.6.jar:/Users/dzmitryplatonov/.gradle/caches/modules-2/files-2.1/com.google.guava/guava/27.1-jre/e47b59c893079b87743cdcfb6f17ca95c08c592c/guava-27.1-jre.jar:/Users/dzmitryplatonov/.gradle/caches/modules-2/files-2.1/io.jsonwebtoken/jjwt-api/0.10.7/52e888d8424d3c788e23fedfbfc65ce36830ab1a/jjwt-api-0.10.7.jar:/Users/dzmitryplatonov/.m2/repository/org/junit/platform/junit-platform-engine/1.3.1/junit-platform-engine-1.3.1.jar:/Users/dzmitryplatonov/.m2/repository/org/junit/platform/junit-platform-commons/1.3.1/junit-platform-commons-1.3.1.jar:/Users/dzmitryplatonov/.m2/repository/org/apiguardian/apiguardian-api/1.0.0/apiguardian-api-1.0.0.jar:/Users/dzmitryplatonov/.gradle/caches/modules-2/files-2.1/net.bytebuddy/byte-buddy/1.9.11/985bbce599f92d6440582a7d1a5231bfaae9970f/byte-buddy-1.9.11.jar:/Users/dzmitryplatonov/.m2/repository/net/bytebuddy/byte-buddy-agent/1.9.10/byte-buddy-agent-1.9.10.jar:/Users/dzmitryplatonov/.m2/repository/org/objenesis/objenesis/2.6/objenesis-2.6.jar:/Users/dzmitryplatonov/.m2/repository/org/opentest4j/opentest4j/1.1.1/opentest4j-1.1.1.jar:/Users/dzmitryplatonov/.m2/repository/org/aspectj/aspectjweaver/1.9.4/aspectjweaver-1.9.4.jar:/Users/dzmitryplatonov/.m2/repository/javax/activation/javax.activation-api/1.2.0/javax.activation-api-1.2.0.jar:/Users/dzmitryplatonov/.m2/repository/javax/persistence/javax.persistence-api/2.2/javax.persistence-api-2.2.jar:/Users/dzmitryplatonov/.m2/repository/org/javassist/javassist/3.23.2-GA/javassist-3.23.2-GA.jar:/Users/dzmitryplatonov/.m2/repository/antlr/antlr/2.7.7/antlr-2.7.7.jar:/Users/dzmitryplatonov/.m2/repository/org/jboss/jandex/2.0.5.Final/jandex-2.0.5.Final.jar:/Users/dzmitryplatonov/.m2/repository/org/dom4j/dom4j/2.1.1/dom4j-2.1.1.jar:/Users/dzmitryplatonov/.m2/repository/org/yaml/snakeyaml/1.23/snakeyaml-1.23.jar:/Users/dzmitryplatonov/.gradle/caches/modules-2/files-2.1/org.apache.tomcat.embed/tomcat-embed-websocket/9.0.26/8991b1bd82c5745e95a9161472a92dc1e5c7148e/tomcat-embed-websocket-9.0.26.jar:/Users/dzmitryplatonov/.gradle/caches/modules-2/files-2.1/org.apache.tomcat.embed/tomcat-embed-core/9.0.26/6312ba542bc58fa9ee789a43516ce4d862548a6b/tomcat-embed-core-9.0.26.jar:/Users/dzmitryplatonov/.gradle/caches/modules-2/files-2.1/org.apache.tomcat.embed/tomcat-embed-el/9.0.26/a551f05d3ecf5434eaadd75e0b51519447df124/tomcat-embed-el-9.0.26.jar:/Users/dzmitryplatonov/.gradle/caches/modules-2/files-2.1/org.codehaus.jackson/jackson-mapper-asl/1.9.13/1ee2f2bed0e5dd29d1cb155a166e6f8d50bbddb7/jackson-mapper-asl-1.9.13.jar:/Users/dzmitryplatonov/.gradle/caches/modules-2/files-2.1/org.bouncycastle/bcpkix-jdk15on/1.60/d0c46320fbc07be3a24eb13a56cee4e3d38e0c75/bcpkix-jdk15on-1.60.jar:/Users/dzmitryplatonov/.gradle/caches/modules-2/files-2.1/org.glassfish.jaxb/txw2/2.3.1/a09d2c48d3285f206fafbffe0e50619284e92126/txw2-2.3.1.jar:/Users/dzmitryplatonov/.gradle/caches/modules-2/files-2.1/com.sun.istack/istack-commons-runtime/3.0.7/c197c86ceec7318b1284bffb49b54226ca774003/istack-commons-runtime-3.0.7.jar:/Users/dzmitryplatonov/.gradle/caches/modules-2/files-2.1/org.jvnet.staxex/stax-ex/1.8/8cc35f73da321c29973191f2cf143d29d26a1df7/stax-ex-1.8.jar:/Users/dzmitryplatonov/.gradle/caches/modules-2/files-2.1/com.sun.xml.fastinfoset/FastInfoset/1.2.15/bb7b7ec0379982b97c62cd17465cb6d9155f68e8/FastInfoset-1.2.15.jar:/Users/dzmitryplatonov/.gradle/caches/modules-2/files-2.1/com.sun.mail/javax.mail/1.6.1/757ba4630692bb2a1ec2d9d57a616b63f15e947e/javax.mail-1.6.1.jar:/Users/dzmitryplatonov/.gradle/caches/modules-2/files-2.1/com.github.stephenc.jcip/jcip-annotations/1.0-1/ef31541dd28ae2cefdd17c7ebf352d93e9058c63/jcip-annotations-1.0-1.jar:/Users/dzmitryplatonov/.m2/repository/net/minidev/json-smart/2.3/json-smart-2.3.jar:/Users/dzmitryplatonov/.gradle/caches/modules-2/files-2.1/com.nimbusds/lang-tag/1.4.4/1db9a709239ae473a69b5424c7e78d0b7108229d/lang-tag-1.4.4.jar:/Users/dzmitryplatonov/.gradle/caches/modules-2/files-2.1/org.springframework/spring-jcl/5.2.0.RELEASE/59b53ab6f01dd3ba85875b61a284c161584c18a3/spring-jcl-5.2.0.RELEASE.jar:/Users/dzmitryplatonov/.m2/repository/javax/inject/javax.inject/1/javax.inject-1.jar:/Users/dzmitryplatonov/.gradle/caches/modules-2/files-2.1/org.sonatype.sisu.inject/cglib/2.2.1-v20090111/7ce5e983fd0e6c78346f4c9cbfa39d83049dda2/cglib-2.2.1-v20090111.jar:/Users/dzmitryplatonov/.m2/repository/commons-logging/commons-logging/1.2/commons-logging-1.2.jar:/Users/dzmitryplatonov/.m2/repository/net/jcip/jcip-annotations/1.0/jcip-annotations-1.0.jar:/Users/dzmitryplatonov/.m2/repository/xerces/xercesImpl/2.11.0/xercesImpl-2.11.0.jar:/Users/dzmitryplatonov/.gradle/caches/modules-2/files-2.1/org.apache.httpcomponents/httpcore/4.4.12/21ebaf6d532bc350ba95bd81938fa5f0e511c132/httpcore-4.4.12.jar:/Users/dzmitryplatonov/.gradle/caches/modules-2/files-2.1/com.google.guava/failureaccess/1.0.1/1dcf1de382a0bf95a3d8b0849546c88bac1292c9/failureaccess-1.0.1.jar:/Users/dzmitryplatonov/.gradle/caches/modules-2/files-2.1/com.google.guava/listenablefuture/9999.0-empty-to-avoid-conflict-with-guava/b421526c5f297295adef1c886e5246c39d4ac629/listenablefuture-9999.0-empty-to-avoid-conflict-with-guava.jar:/Users/dzmitryplatonov/.m2/repository/com/google/code/findbugs/jsr305/3.0.2/jsr305-3.0.2.jar:/Users/dzmitryplatonov/.gradle/caches/modules-2/files-2.1/org.checkerframework/checker-qual/2.5.2/cea74543d5904a30861a61b4643a5f2bb372efc4/checker-qual-2.5.2.jar:/Users/dzmitryplatonov/.gradle/caches/modules-2/files-2.1/com.google.errorprone/error_prone_annotations/2.2.0/88e3c593e9b3586e1c6177f89267da6fc6986f0c/error_prone_annotations-2.2.0.jar:/Users/dzmitryplatonov/.gradle/caches/modules-2/files-2.1/com.google.j2objc/j2objc-annotations/1.1/ed28ded51a8b1c6b112568def5f4b455e6809019/j2objc-annotations-1.1.jar:/Users/dzmitryplatonov/.gradle/caches/modules-2/files-2.1/org.codehaus.mojo/animal-sniffer-annotations/1.17/f97ce6decaea32b36101e37979f8b647f00681fb/animal-sniffer-annotations-1.17.jar:/Users/dzmitryplatonov/.gradle/caches/modules-2/files-2.1/org.codehaus.jackson/jackson-core-asl/1.9.13/3c304d70f42f832e0a86d45bd437f692129299a4/jackson-core-asl-1.9.13.jar:/Users/dzmitryplatonov/.gradle/caches/modules-2/files-2.1/org.bouncycastle/bcprov-jdk15on/1.60/bd47ad3bd14b8e82595c7adaa143501e60842a84/bcprov-jdk15on-1.60.jar:/Users/dzmitryplatonov/.m2/repository/javax/activation/activation/1.1/activation-1.1.jar:/Users/dzmitryplatonov/.m2/repository/net/minidev/accessors-smart/1.2/accessors-smart-1.2.jar:/Users/dzmitryplatonov/.gradle/caches/modules-2/files-2.1/asm/asm/3.1/c157def142714c544bdea2e6144645702adf7097/asm-3.1.jar:/Users/dzmitryplatonov/.m2/repository/xml-apis/xml-apis/1.4.01/xml-apis-1.4.01.jar:/Users/dzmitryplatonov/.m2/repository/ch/qos/logback/logback-core/1.2.3/logback-core-1.2.3.jar:/Users/dzmitryplatonov/.gradle/caches/modules-2/files-2.1/org.apache.tomcat/tomcat-annotations-api/9.0.26/bb4574456c5db64acfcd2aa6f426d87e6c05a772/tomcat-annotations-api-9.0.26.jar:/Users/dzmitryplatonov/.m2/repository/org/ow2/asm/asm/5.0.4/asm-5.0.4.jar, java.vm.vendor=Oracle Corporation, sun.arch.data.model=64, user.variant=, java.vendor.url=https://java.oracle.com/, user.timezone=Europe/Minsk, java.vm.specification.version=12, os.name=Mac OS X, javax.persistence.validation.mode=AUTO, user.country=BY, sun.java.launcher=SUN_STANDARD, sun.boot.library.path=/Library/Java/JavaVirtualMachines/jdk-12.jdk/Contents/Home/lib, sun.java.command=worker.org.gradle.process.internal.worker.GradleWorkerMain 'Gradle Test Executor 1', hibernate.transaction.jta.platform=org.hibernate.engine.transaction.jta.platform.internal.NoJtaPlatform@f2f9cdc, http.nonProxyHosts=local|*.local|169.254/16|*.169.254/16, javax.persistence.sharedCache.mode=UNSPECIFIED, jdk.debug=release, sun.cpu.endian=little, user.home=/Users/dzmitryplatonov, user.language=ru, java.specification.vendor=Oracle Corporation, org.gradle.native=false, java.version.date=2019-03-19, java.home=/Library/Java/JavaVirtualMachines/jdk-12.jdk/Contents/Home, file.separator=/, java.vm.compressedOopsMode=Zero based, line.separator=
, java.vm.specification.vendor=Oracle Corporation, java.specification.name=Java Platform API Specification, hibernate.transaction.coordinator_class=class org.hibernate.resource.transaction.backend.jdbc.internal.JdbcResourceLocalTransactionCoordinatorBuilderImpl, java.awt.graphicsenv=sun.awt.CGraphicsEnvironment, hibernate.hbm2ddl.auto=create-drop, sun.management.compiler=HotSpot 64-Bit Tiered Compilers, ftp.nonProxyHosts=local|*.local|169.254/16|*.169.254/16, java.runtime.version=12+33, user.name=dzmitryplatonov, path.separator=:, os.version=10.14.6, java.runtime.name=Java(TM) SE Runtime Environment, file.encoding=UTF-8, hibernate.ejb.persistenceUnitName=default, java.vm.name=Java HotSpot(TM) 64-Bit Server VM, java.vendor.url.bug=https://bugreport.java.com/bugreport/, java.io.tmpdir=/var/folders/nm/5f650mms7n577yq7w4kkdfl80000gn/T/, com.zaxxer.hikari.pool_number=1, java.version=12, hibernate.physical_naming_strategy=org.springframework.boot.orm.jpa.hibernate.SpringPhysicalNamingStrategy, user.dir=/Users/dzmitryplatonov/Desktop/workdir/giftcertificates/datasource, os.arch=x86_64, java.vm.specification.name=Java Virtual Machine Specification, hibernate.boot.CfgXmlAccessService.key=org.hibernate.boot.cfgxml.spi.LoadedConfig@68626eff, java.library.path=/Users/dzmitryplatonov/Library/Java/Extensions:/Library/Java/Extensions:/Network/Library/Java/Extensions:/System/Library/Java/Extensions:/usr/lib/java:., java.vendor=Oracle Corporation, java.vm.info=mixed mode, sharing, java.vm.version=12+33, hibernate.bytecode.use_reflection_optimizer=false, sun.io.unicode.encoding=UnicodeBig, hibernate.connection.datasource=HikariDataSource (HikariPool-1), socksNonProxyHosts=local|*.local|169.254/16|*.169.254/16, java.class.version=56.0}
11:35:09.065 [Test worker] INFO org.hibernate.validator.internal.util.Version - HV000001: Hibernate Validator 6.0.17.Final
11:35:09.072 [Test worker] DEBUG org.hibernate.validator.internal.engine.resolver.TraversableResolvers - Found javax.persistence.Persistence on classpath containing 'getPersistenceUtil'. Assuming JPA 2 environment. Trying to instantiate JPA aware TraversableResolver
11:35:09.073 [Test worker] DEBUG org.hibernate.validator.internal.engine.resolver.TraversableResolvers - Instantiated JPA aware TraversableResolver of type org.hibernate.validator.internal.engine.resolver.JPATraversableResolver.
11:35:09.081 [Test worker] DEBUG org.hibernate.validator.internal.xml.config.ValidationXmlParser - Trying to load META-INF/validation.xml for XML based Validator configuration.
11:35:09.081 [Test worker] DEBUG org.hibernate.validator.internal.xml.config.ResourceLoaderHelper - Trying to load META-INF/validation.xml via TCCL
11:35:09.082 [Test worker] DEBUG org.hibernate.validator.internal.xml.config.ResourceLoaderHelper - Trying to load META-INF/validation.xml via Hibernate Validator's class loader
11:35:09.082 [Test worker] DEBUG org.hibernate.validator.internal.xml.config.ValidationXmlParser - No META-INF/validation.xml found. Using annotation based configuration only.
11:35:09.198 [Test worker] DEBUG org.hibernate.validator.messageinterpolation.ResourceBundleMessageInterpolator - Loaded expression factory via original TCCL
11:35:09.203 [Test worker] DEBUG org.hibernate.validator.internal.engine.ValidatorFactoryImpl - HV000234: Using org.hibernate.validator.messageinterpolation.ResourceBundleMessageInterpolator as ValidatorFactory-scoped message interpolator.
11:35:09.203 [Test worker] DEBUG org.hibernate.validator.internal.engine.ValidatorFactoryImpl - HV000234: Using org.hibernate.validator.internal.engine.resolver.JPATraversableResolver as ValidatorFactory-scoped traversable resolver.
11:35:09.203 [Test worker] DEBUG org.hibernate.validator.internal.engine.ValidatorFactoryImpl - HV000234: Using org.hibernate.validator.internal.util.ExecutableParameterNameProvider as ValidatorFactory-scoped parameter name provider.
11:35:09.203 [Test worker] DEBUG org.hibernate.validator.internal.engine.ValidatorFactoryImpl - HV000234: Using org.hibernate.validator.internal.engine.DefaultClockProvider as ValidatorFactory-scoped clock provider.
11:35:09.203 [Test worker] DEBUG org.hibernate.validator.internal.engine.ValidatorFactoryImpl - HV000234: Using org.hibernate.validator.internal.engine.scripting.DefaultScriptEvaluatorFactory as ValidatorFactory-scoped script evaluator factory.
11:35:09.204 [Test worker] DEBUG org.hibernate.boot.internal.ClassLoaderAccessImpl - Not known whether passed class name [com.epam.esm.entity.Order] is safe
11:35:09.204 [Test worker] DEBUG org.hibernate.boot.internal.ClassLoaderAccessImpl - No temp ClassLoader provided; using live ClassLoader for loading potentially unsafe class : com.epam.esm.entity.Order
11:35:09.255 [Test worker] DEBUG org.hibernate.boot.internal.ClassLoaderAccessImpl - Not known whether passed class name [com.epam.esm.entity.GiftCertificate] is safe
11:35:09.255 [Test worker] DEBUG org.hibernate.boot.internal.ClassLoaderAccessImpl - No temp ClassLoader provided; using live ClassLoader for loading potentially unsafe class : com.epam.esm.entity.GiftCertificate
11:35:09.261 [Test worker] DEBUG org.hibernate.boot.internal.ClassLoaderAccessImpl - Not known whether passed class name [com.epam.esm.entity.User] is safe
11:35:09.261 [Test worker] DEBUG org.hibernate.boot.internal.ClassLoaderAccessImpl - No temp ClassLoader provided; using live ClassLoader for loading potentially unsafe class : com.epam.esm.entity.User
11:35:09.266 [Test worker] DEBUG org.hibernate.boot.internal.ClassLoaderAccessImpl - Not known whether passed class name [com.epam.esm.entity.Entity] is safe
11:35:09.266 [Test worker] DEBUG org.hibernate.boot.internal.ClassLoaderAccessImpl - No temp ClassLoader provided; using live ClassLoader for loading potentially unsafe class : com.epam.esm.entity.Entity
11:35:09.268 [Test worker] DEBUG org.hibernate.boot.internal.ClassLoaderAccessImpl - Not known whether passed class name [com.epam.esm.entity.Tag] is safe
11:35:09.268 [Test worker] DEBUG org.hibernate.boot.internal.ClassLoaderAccessImpl - No temp ClassLoader provided; using live ClassLoader for loading potentially unsafe class : com.epam.esm.entity.Tag
11:35:09.271 [Test worker] DEBUG org.hibernate.boot.internal.ClassLoaderAccessImpl - Not known whether passed class name [com.epam.esm.entity.OrderCertificate] is safe
11:35:09.271 [Test worker] DEBUG org.hibernate.boot.internal.ClassLoaderAccessImpl - No temp ClassLoader provided; using live ClassLoader for loading potentially unsafe class : com.epam.esm.entity.OrderCertificate
11:35:09.273 [Test worker] DEBUG org.hibernate.boot.internal.ClassLoaderAccessImpl - Not known whether passed class name [com.epam.esm.entity.Role] is safe
11:35:09.273 [Test worker] DEBUG org.hibernate.boot.internal.ClassLoaderAccessImpl - No temp ClassLoader provided; using live ClassLoader for loading potentially unsafe class : com.epam.esm.entity.Role
11:35:09.277 [Test worker] DEBUG org.hibernate.secure.spi.JaccIntegrator - Skipping JACC integration as it was not enabled
11:35:09.278 [Test worker] DEBUG org.hibernate.internal.SessionFactoryImpl - Instantiated session factory
11:35:09.278 [Test worker] DEBUG org.hibernate.type.spi.TypeConfiguration$Scope - Scoping TypeConfiguration [org.hibernate.type.spi.TypeConfiguration@6d40822a] to SessionFactoryImpl [org.hibernate.internal.SessionFactoryImpl@2aaa1005]
11:35:09.311 [Test worker] DEBUG org.hibernate.boot.internal.ClassLoaderAccessImpl - Not known whether passed class name [com.epam.esm.entity.Order] is safe
11:35:09.311 [Test worker] DEBUG org.hibernate.boot.internal.ClassLoaderAccessImpl - No temp ClassLoader provided; using live ClassLoader for loading potentially unsafe class : com.epam.esm.entity.Order
11:35:09.324 [Test worker] DEBUG org.hibernate.boot.internal.ClassLoaderAccessImpl - Not known whether passed class name [com.epam.esm.entity.Order] is safe
11:35:09.325 [Test worker] DEBUG org.hibernate.boot.internal.ClassLoaderAccessImpl - No temp ClassLoader provided; using live ClassLoader for loading potentially unsafe class : com.epam.esm.entity.Order
11:35:09.525 [Test worker] DEBUG org.hibernate.boot.internal.ClassLoaderAccessImpl - Not known whether passed class name [com.epam.esm.entity.GiftCertificate] is safe
11:35:09.525 [Test worker] DEBUG org.hibernate.boot.internal.ClassLoaderAccessImpl - No temp ClassLoader provided; using live ClassLoader for loading potentially unsafe class : com.epam.esm.entity.GiftCertificate
11:35:09.526 [Test worker] DEBUG org.hibernate.boot.internal.ClassLoaderAccessImpl - Not known whether passed class name [com.epam.esm.entity.GiftCertificate] is safe
11:35:09.526 [Test worker] DEBUG org.hibernate.boot.internal.ClassLoaderAccessImpl - No temp ClassLoader provided; using live ClassLoader for loading potentially unsafe class : com.epam.esm.entity.GiftCertificate
11:35:09.549 [Test worker] DEBUG org.hibernate.boot.internal.ClassLoaderAccessImpl - Not known whether passed class name [com.epam.esm.entity.User] is safe
11:35:09.549 [Test worker] DEBUG org.hibernate.boot.internal.ClassLoaderAccessImpl - No temp ClassLoader provided; using live ClassLoader for loading potentially unsafe class : com.epam.esm.entity.User
11:35:09.549 [Test worker] DEBUG org.hibernate.boot.internal.ClassLoaderAccessImpl - Not known whether passed class name [com.epam.esm.entity.User] is safe
11:35:09.549 [Test worker] DEBUG org.hibernate.boot.internal.ClassLoaderAccessImpl - No temp ClassLoader provided; using live ClassLoader for loading potentially unsafe class : com.epam.esm.entity.User
11:35:09.565 [Test worker] DEBUG org.hibernate.boot.internal.ClassLoaderAccessImpl - Not known whether passed class name [com.epam.esm.entity.Entity] is safe
11:35:09.565 [Test worker] DEBUG org.hibernate.boot.internal.ClassLoaderAccessImpl - No temp ClassLoader provided; using live ClassLoader for loading potentially unsafe class : com.epam.esm.entity.Entity
11:35:09.565 [Test worker] DEBUG org.hibernate.boot.internal.ClassLoaderAccessImpl - Not known whether passed class name [com.epam.esm.entity.Entity] is safe
11:35:09.565 [Test worker] DEBUG org.hibernate.boot.internal.ClassLoaderAccessImpl - No temp ClassLoader provided; using live ClassLoader for loading potentially unsafe class : com.epam.esm.entity.Entity
11:35:09.573 [Test worker] DEBUG org.hibernate.boot.internal.ClassLoaderAccessImpl - Not known whether passed class name [com.epam.esm.entity.Tag] is safe
11:35:09.573 [Test worker] DEBUG org.hibernate.boot.internal.ClassLoaderAccessImpl - No temp ClassLoader provided; using live ClassLoader for loading potentially unsafe class : com.epam.esm.entity.Tag
11:35:09.573 [Test worker] DEBUG org.hibernate.boot.internal.ClassLoaderAccessImpl - Not known whether passed class name [com.epam.esm.entity.Tag] is safe
11:35:09.573 [Test worker] DEBUG org.hibernate.boot.internal.ClassLoaderAccessImpl - No temp ClassLoader provided; using live ClassLoader for loading potentially unsafe class : com.epam.esm.entity.Tag
11:35:09.581 [Test worker] DEBUG org.hibernate.boot.internal.ClassLoaderAccessImpl - Not known whether passed class name [com.epam.esm.entity.OrderCertificate] is safe
11:35:09.581 [Test worker] DEBUG org.hibernate.boot.internal.ClassLoaderAccessImpl - No temp ClassLoader provided; using live ClassLoader for loading potentially unsafe class : com.epam.esm.entity.OrderCertificate
11:35:09.581 [Test worker] DEBUG org.hibernate.boot.internal.ClassLoaderAccessImpl - Not known whether passed class name [com.epam.esm.entity.OrderCertificate] is safe
11:35:09.581 [Test worker] DEBUG org.hibernate.boot.internal.ClassLoaderAccessImpl - No temp ClassLoader provided; using live ClassLoader for loading potentially unsafe class : com.epam.esm.entity.OrderCertificate
11:35:09.592 [Test worker] DEBUG org.hibernate.boot.internal.ClassLoaderAccessImpl - Not known whether passed class name [com.epam.esm.entity.Role] is safe
11:35:09.592 [Test worker] DEBUG org.hibernate.boot.internal.ClassLoaderAccessImpl - No temp ClassLoader provided; using live ClassLoader for loading potentially unsafe class : com.epam.esm.entity.Role
11:35:09.593 [Test worker] DEBUG org.hibernate.boot.internal.ClassLoaderAccessImpl - Not known whether passed class name [com.epam.esm.entity.Role] is safe
11:35:09.593 [Test worker] DEBUG org.hibernate.boot.internal.ClassLoaderAccessImpl - No temp ClassLoader provided; using live ClassLoader for loading potentially unsafe class : com.epam.esm.entity.Role
11:35:09.608 [Test worker] DEBUG org.hibernate.persister.collection.AbstractCollectionPersister - Static SQL for collection: com.epam.esm.entity.GiftCertificate.tags
11:35:09.608 [Test worker] DEBUG org.hibernate.persister.collection.AbstractCollectionPersister -  Row insert: insert into certificate_tag (certificate_id, tag_id) values (?, ?)
11:35:09.608 [Test worker] DEBUG org.hibernate.persister.collection.AbstractCollectionPersister -  Row update: update certificate_tag set tag_id=? where certificate_id=? and tag_id=?
11:35:09.608 [Test worker] DEBUG org.hibernate.persister.collection.AbstractCollectionPersister -  Row delete: delete from certificate_tag where certificate_id=? and tag_id=?
11:35:09.608 [Test worker] DEBUG org.hibernate.persister.collection.AbstractCollectionPersister -  One-shot delete: delete from certificate_tag where certificate_id=?
11:35:09.610 [Test worker] DEBUG org.hibernate.persister.collection.AbstractCollectionPersister - Static SQL for collection: com.epam.esm.entity.Order.orderCertificates
11:35:09.610 [Test worker] DEBUG org.hibernate.persister.collection.AbstractCollectionPersister -  Row insert: update order_certificate set order_id=? where id=?
11:35:09.610 [Test worker] DEBUG org.hibernate.persister.collection.AbstractCollectionPersister -  Row update: update order_certificate set  where id=?
11:35:09.610 [Test worker] DEBUG org.hibernate.persister.collection.AbstractCollectionPersister -  Row delete: update order_certificate set order_id=null where order_id=? and id=?
11:35:09.610 [Test worker] DEBUG org.hibernate.persister.collection.AbstractCollectionPersister -  One-shot delete: update order_certificate set order_id=null where order_id=?
11:35:09.611 [Test worker] DEBUG org.hibernate.persister.collection.AbstractCollectionPersister - Static SQL for collection: com.epam.esm.entity.GiftCertificate.orderCertificates
11:35:09.611 [Test worker] DEBUG org.hibernate.persister.collection.AbstractCollectionPersister -  Row insert: update order_certificate set certificate_id=? where id=?
11:35:09.611 [Test worker] DEBUG org.hibernate.persister.collection.AbstractCollectionPersister -  Row update: update order_certificate set  where id=?
11:35:09.611 [Test worker] DEBUG org.hibernate.persister.collection.AbstractCollectionPersister -  Row delete: update order_certificate set certificate_id=null where certificate_id=? and id=?
11:35:09.611 [Test worker] DEBUG org.hibernate.persister.collection.AbstractCollectionPersister -  One-shot delete: update order_certificate set certificate_id=null where certificate_id=?
11:35:09.611 [Test worker] DEBUG org.hibernate.persister.collection.AbstractCollectionPersister - Static SQL for collection: com.epam.esm.entity.User.orders
11:35:09.611 [Test worker] DEBUG org.hibernate.persister.collection.AbstractCollectionPersister -  Row insert: update application_order set user_id=? where id=?
11:35:09.611 [Test worker] DEBUG org.hibernate.persister.collection.AbstractCollectionPersister -  Row update: update application_order set  where id=?
11:35:09.611 [Test worker] DEBUG org.hibernate.persister.collection.AbstractCollectionPersister -  Row delete: update application_order set user_id=null where user_id=? and id=?
11:35:09.611 [Test worker] DEBUG org.hibernate.persister.collection.AbstractCollectionPersister -  One-shot delete: update application_order set user_id=null where user_id=?
11:35:09.614 [Test worker] DEBUG org.hibernate.persister.entity.AbstractEntityPersister - Static SQL for entity: com.epam.esm.entity.Order
11:35:09.615 [Test worker] DEBUG org.hibernate.persister.entity.AbstractEntityPersister -  Version select: select id from application_order where id =?
11:35:09.615 [Test worker] DEBUG org.hibernate.persister.entity.AbstractEntityPersister -  Snapshot select: select order_.id, order_.active_status as active_s2_0_, order_.created_at as created_3_0_, order_.user_id as user_id4_0_ from application_order order_ where order_.id=?
11:35:09.615 [Test worker] DEBUG org.hibernate.persister.entity.AbstractEntityPersister -  Insert 0: insert into application_order (active_status, created_at, user_id, id) values (?, ?, ?, ?)
11:35:09.615 [Test worker] DEBUG org.hibernate.persister.entity.AbstractEntityPersister -  Update 0: update application_order set active_status=?, created_at=?, user_id=? where id=?
11:35:09.615 [Test worker] DEBUG org.hibernate.persister.entity.AbstractEntityPersister -  Delete 0: delete from application_order where id=?
11:35:09.615 [Test worker] DEBUG org.hibernate.persister.entity.AbstractEntityPersister -  Identity insert: insert into application_order (id, active_status, created_at, user_id) values (null, ?, ?, ?)
11:35:09.637 [Test worker] DEBUG org.hibernate.loader.plan.build.internal.spaces.QuerySpacesImpl - Adding QuerySpace : uid = <gen:0> -> org.hibernate.loader.plan.build.internal.spaces.EntityQuerySpaceImpl@1677334f]
11:35:09.637 [Test worker] DEBUG org.hibernate.persister.walking.spi.MetamodelGraphWalker - Visiting attribute path : activeStatus
11:35:09.638 [Test worker] DEBUG org.hibernate.persister.walking.spi.MetamodelGraphWalker - Visiting attribute path : createdAt
11:35:09.638 [Test worker] DEBUG org.hibernate.persister.walking.spi.MetamodelGraphWalker - Visiting attribute path : orderCertificates
11:35:09.641 [Test worker] DEBUG org.hibernate.loader.plan.build.internal.spaces.QuerySpacesImpl - Adding QuerySpace : uid = <gen:1> -> org.hibernate.loader.plan.build.internal.spaces.CollectionQuerySpaceImpl@4d37f2be]
11:35:09.642 [Test worker] DEBUG org.hibernate.loader.plan.build.internal.spaces.QuerySpacesImpl - Adding QuerySpace : uid = <gen:2> -> org.hibernate.loader.plan.build.internal.spaces.EntityQuerySpaceImpl@5d9f64a4]
11:35:09.642 [Test worker] DEBUG org.hibernate.persister.walking.spi.MetamodelGraphWalker - Visiting attribute path : user
11:35:09.643 [Test worker] DEBUG org.hibernate.loader.plan.build.internal.spaces.QuerySpacesImpl - Adding QuerySpace : uid = <gen:3> -> org.hibernate.loader.plan.build.internal.spaces.EntityQuerySpaceImpl@e47f346]
11:35:09.644 [Test worker] DEBUG org.hibernate.persister.walking.spi.MetamodelGraphWalker - Visiting attribute path : user.email
11:35:09.644 [Test worker] DEBUG org.hibernate.persister.walking.spi.MetamodelGraphWalker - Visiting attribute path : user.orders
11:35:09.644 [Test worker] DEBUG org.hibernate.persister.walking.spi.MetamodelGraphWalker - Property path deemed to be circular : user.orders
11:35:09.644 [Test worker] DEBUG org.hibernate.persister.walking.spi.MetamodelGraphWalker - Visiting attribute path : user.password
11:35:09.644 [Test worker] DEBUG org.hibernate.persister.walking.spi.MetamodelGraphWalker - Visiting attribute path : user.refreshToken
11:35:09.644 [Test worker] DEBUG org.hibernate.persister.walking.spi.MetamodelGraphWalker - Visiting attribute path : user.role
11:35:09.644 [Test worker] DEBUG org.hibernate.loader.plan.build.internal.spaces.QuerySpacesImpl - Adding QuerySpace : uid = <gen:4> -> org.hibernate.loader.plan.build.internal.spaces.EntityQuerySpaceImpl@5413a058]
11:35:09.644 [Test worker] DEBUG org.hibernate.persister.walking.spi.MetamodelGraphWalker - Visiting attribute path : user.role.value
11:35:09.644 [Test worker] DEBUG org.hibernate.loader.plan.build.internal.FetchStyleLoadPlanBuildingAssociationVisitationStrategy - Building LoadPlan...
11:35:09.657 [Test worker] DEBUG org.hibernate.loader.plan.exec.internal.LoadQueryJoinAndFetchProcessor - processing queryspace <gen:0>
11:35:09.661 [Test worker] DEBUG org.hibernate.loader.plan.build.spi.LoadPlanTreePrinter - LoadPlan(entity=com.epam.esm.entity.Order)
    - Returns
       - EntityReturnImpl(entity=com.epam.esm.entity.Order, querySpaceUid=<gen:0>, path=com.epam.esm.entity.Order)
          - CollectionAttributeFetchImpl(collection=com.epam.esm.entity.Order.orderCertificates, querySpaceUid=<gen:1>, path=com.epam.esm.entity.Order.orderCertificates)
             - (collection element) CollectionFetchableElementEntityGraph(entity=com.epam.esm.entity.OrderCertificate, querySpaceUid=<gen:2>, path=com.epam.esm.entity.Order.orderCertificates.<elements>)
          - EntityAttributeFetchImpl(entity=com.epam.esm.entity.User, querySpaceUid=<gen:3>, path=com.epam.esm.entity.Order.user)
             - EntityAttributeFetchImpl(entity=com.epam.esm.entity.Role, querySpaceUid=<gen:4>, path=com.epam.esm.entity.Order.user.role)
    - QuerySpaces
       - EntityQuerySpaceImpl(uid=<gen:0>, entity=com.epam.esm.entity.Order)
          - SQL table alias mapping - order0_
          - alias suffix - 0_
          - suffixed key columns - {id1_0_0_}
          - JOIN (JoinDefinedByMetadata(user)) : <gen:0> -> <gen:3>
             - EntityQuerySpaceImpl(uid=<gen:3>, entity=com.epam.esm.entity.User)
                - SQL table alias mapping - user1_
                - alias suffix - 1_
                - suffixed key columns - {id1_2_1_}
                - JOIN (JoinDefinedByMetadata(role)) : <gen:3> -> <gen:4>
                   - EntityQuerySpaceImpl(uid=<gen:4>, entity=com.epam.esm.entity.Role)
                      - SQL table alias mapping - role2_
                      - alias suffix - 2_
                      - suffixed key columns - {id1_1_2_}

11:35:09.663 [Test worker] DEBUG org.hibernate.loader.entity.plan.EntityLoader - Static select for entity com.epam.esm.entity.Order [NONE]: select order0_.id as id1_0_0_, order0_.active_status as active_s2_0_0_, order0_.created_at as created_3_0_0_, order0_.user_id as user_id4_0_0_, user1_.id as id1_2_1_, user1_.email as email2_2_1_, user1_.password as password3_2_1_, user1_.refresh_token as refresh_4_2_1_, user1_.role_id as role_id5_2_1_, role2_.id as id1_1_2_, role2_.value as value2_1_2_ from application_order order0_ left outer join application_user user1_ on order0_.user_id=user1_.id left outer join application_role role2_ on user1_.role_id=role2_.id where order0_.id=?
11:35:09.663 [Test worker] DEBUG org.hibernate.loader.plan.build.internal.spaces.QuerySpacesImpl - Adding QuerySpace : uid = <gen:0> -> org.hibernate.loader.plan.build.internal.spaces.EntityQuerySpaceImpl@1ed9a016]
11:35:09.663 [Test worker] DEBUG org.hibernate.persister.walking.spi.MetamodelGraphWalker - Visiting attribute path : activeStatus
11:35:09.663 [Test worker] DEBUG org.hibernate.persister.walking.spi.MetamodelGraphWalker - Visiting attribute path : createdAt
11:35:09.663 [Test worker] DEBUG org.hibernate.persister.walking.spi.MetamodelGraphWalker - Visiting attribute path : orderCertificates
11:35:09.663 [Test worker] DEBUG org.hibernate.loader.plan.build.internal.spaces.QuerySpacesImpl - Adding QuerySpace : uid = <gen:1> -> org.hibernate.loader.plan.build.internal.spaces.CollectionQuerySpaceImpl@30e88fda]
11:35:09.663 [Test worker] DEBUG org.hibernate.loader.plan.build.internal.spaces.QuerySpacesImpl - Adding QuerySpace : uid = <gen:2> -> org.hibernate.loader.plan.build.internal.spaces.EntityQuerySpaceImpl@6b7f00aa]
11:35:09.663 [Test worker] DEBUG org.hibernate.persister.walking.spi.MetamodelGraphWalker - Visiting attribute path : user
11:35:09.663 [Test worker] DEBUG org.hibernate.loader.plan.build.internal.spaces.QuerySpacesImpl - Adding QuerySpace : uid = <gen:3> -> org.hibernate.loader.plan.build.internal.spaces.EntityQuerySpaceImpl@38f5d4c3]
11:35:09.663 [Test worker] DEBUG org.hibernate.persister.walking.spi.MetamodelGraphWalker - Visiting attribute path : user.email
11:35:09.663 [Test worker] DEBUG org.hibernate.persister.walking.spi.MetamodelGraphWalker - Visiting attribute path : user.orders
11:35:09.663 [Test worker] DEBUG org.hibernate.persister.walking.spi.MetamodelGraphWalker - Property path deemed to be circular : user.orders
11:35:09.663 [Test worker] DEBUG org.hibernate.persister.walking.spi.MetamodelGraphWalker - Visiting attribute path : user.password
11:35:09.663 [Test worker] DEBUG org.hibernate.persister.walking.spi.MetamodelGraphWalker - Visiting attribute path : user.refreshToken
11:35:09.663 [Test worker] DEBUG org.hibernate.persister.walking.spi.MetamodelGraphWalker - Visiting attribute path : user.role
11:35:09.664 [Test worker] DEBUG org.hibernate.loader.plan.build.internal.spaces.QuerySpacesImpl - Adding QuerySpace : uid = <gen:4> -> org.hibernate.loader.plan.build.internal.spaces.EntityQuerySpaceImpl@1837e179]
11:35:09.664 [Test worker] DEBUG org.hibernate.persister.walking.spi.MetamodelGraphWalker - Visiting attribute path : user.role.value
11:35:09.664 [Test worker] DEBUG org.hibernate.loader.plan.build.internal.FetchStyleLoadPlanBuildingAssociationVisitationStrategy - Building LoadPlan...
11:35:09.664 [Test worker] DEBUG org.hibernate.loader.plan.exec.internal.LoadQueryJoinAndFetchProcessor - processing queryspace <gen:0>
11:35:09.664 [Test worker] DEBUG org.hibernate.loader.plan.build.spi.LoadPlanTreePrinter - LoadPlan(entity=com.epam.esm.entity.Order)
    - Returns
       - EntityReturnImpl(entity=com.epam.esm.entity.Order, querySpaceUid=<gen:0>, path=com.epam.esm.entity.Order)
          - CollectionAttributeFetchImpl(collection=com.epam.esm.entity.Order.orderCertificates, querySpaceUid=<gen:1>, path=com.epam.esm.entity.Order.orderCertificates)
             - (collection element) CollectionFetchableElementEntityGraph(entity=com.epam.esm.entity.OrderCertificate, querySpaceUid=<gen:2>, path=com.epam.esm.entity.Order.orderCertificates.<elements>)
          - EntityAttributeFetchImpl(entity=com.epam.esm.entity.User, querySpaceUid=<gen:3>, path=com.epam.esm.entity.Order.user)
             - EntityAttributeFetchImpl(entity=com.epam.esm.entity.Role, querySpaceUid=<gen:4>, path=com.epam.esm.entity.Order.user.role)
    - QuerySpaces
       - EntityQuerySpaceImpl(uid=<gen:0>, entity=com.epam.esm.entity.Order)
          - SQL table alias mapping - order0_
          - alias suffix - 0_
          - suffixed key columns - {id1_0_0_}
          - JOIN (JoinDefinedByMetadata(user)) : <gen:0> -> <gen:3>
             - EntityQuerySpaceImpl(uid=<gen:3>, entity=com.epam.esm.entity.User)
                - SQL table alias mapping - user1_
                - alias suffix - 1_
                - suffixed key columns - {id1_2_1_}
                - JOIN (JoinDefinedByMetadata(role)) : <gen:3> -> <gen:4>
                   - EntityQuerySpaceImpl(uid=<gen:4>, entity=com.epam.esm.entity.Role)
                      - SQL table alias mapping - role2_
                      - alias suffix - 2_
                      - suffixed key columns - {id1_1_2_}

11:35:09.664 [Test worker] DEBUG org.hibernate.loader.entity.plan.EntityLoader - Static select for entity com.epam.esm.entity.Order [READ]: select order0_.id as id1_0_0_, order0_.active_status as active_s2_0_0_, order0_.created_at as created_3_0_0_, order0_.user_id as user_id4_0_0_, user1_.id as id1_2_1_, user1_.email as email2_2_1_, user1_.password as password3_2_1_, user1_.refresh_token as refresh_4_2_1_, user1_.role_id as role_id5_2_1_, role2_.id as id1_1_2_, role2_.value as value2_1_2_ from application_order order0_ left outer join application_user user1_ on order0_.user_id=user1_.id left outer join application_role role2_ on user1_.role_id=role2_.id where order0_.id=?
11:35:09.675 [Test worker] DEBUG org.hibernate.loader.Loader - Static select for action ACTION_MERGE on entity com.epam.esm.entity.Order: select order0_.id as id1_0_0_, order0_.active_status as active_s2_0_0_, order0_.created_at as created_3_0_0_, order0_.user_id as user_id4_0_0_ from application_order order0_ where order0_.id=?
11:35:09.675 [Test worker] DEBUG org.hibernate.loader.Loader - Static select for action ACTION_REFRESH on entity com.epam.esm.entity.Order: select order0_.id as id1_0_0_, order0_.active_status as active_s2_0_0_, order0_.created_at as created_3_0_0_, order0_.user_id as user_id4_0_0_ from application_order order0_ where order0_.id=?
11:35:09.676 [Test worker] DEBUG org.hibernate.persister.entity.AbstractEntityPersister - Static SQL for entity: com.epam.esm.entity.GiftCertificate
11:35:09.676 [Test worker] DEBUG org.hibernate.persister.entity.AbstractEntityPersister -  Version select: select id from certificate where id =?
11:35:09.676 [Test worker] DEBUG org.hibernate.persister.entity.AbstractEntityPersister -  Snapshot select: select giftcertif_.id, giftcertif_.active_status as active_s2_3_, giftcertif_.creation_date as creation3_3_, giftcertif_.description as descript4_3_, giftcertif_.expiration_date as expirati5_3_, giftcertif_.modification_date as modifica6_3_, giftcertif_.name as name7_3_, giftcertif_.price as price8_3_ from certificate giftcertif_ where giftcertif_.id=?
11:35:09.676 [Test worker] DEBUG org.hibernate.persister.entity.AbstractEntityPersister -  Insert 0: insert into certificate (active_status, creation_date, description, expiration_date, modification_date, name, price, id) values (?, ?, ?, ?, ?, ?, ?, ?)
11:35:09.676 [Test worker] DEBUG org.hibernate.persister.entity.AbstractEntityPersister -  Update 0: update certificate set active_status=?, creation_date=?, description=?, expiration_date=?, modification_date=?, name=?, price=? where id=?
11:35:09.676 [Test worker] DEBUG org.hibernate.persister.entity.AbstractEntityPersister -  Delete 0: delete from certificate where id=?
11:35:09.676 [Test worker] DEBUG org.hibernate.persister.entity.AbstractEntityPersister -  Identity insert: insert into certificate (id, active_status, creation_date, description, expiration_date, modification_date, name, price) values (null, ?, ?, ?, ?, ?, ?, ?)
11:35:09.676 [Test worker] DEBUG org.hibernate.loader.plan.build.internal.spaces.QuerySpacesImpl - Adding QuerySpace : uid = <gen:0> -> org.hibernate.loader.plan.build.internal.spaces.EntityQuerySpaceImpl@618fc8a7]
11:35:09.676 [Test worker] DEBUG org.hibernate.persister.walking.spi.MetamodelGraphWalker - Visiting attribute path : activeStatus
11:35:09.676 [Test worker] DEBUG org.hibernate.persister.walking.spi.MetamodelGraphWalker - Visiting attribute path : creationDate
11:35:09.676 [Test worker] DEBUG org.hibernate.persister.walking.spi.MetamodelGraphWalker - Visiting attribute path : description
11:35:09.676 [Test worker] DEBUG org.hibernate.persister.walking.spi.MetamodelGraphWalker - Visiting attribute path : expirationDate
11:35:09.676 [Test worker] DEBUG org.hibernate.persister.walking.spi.MetamodelGraphWalker - Visiting attribute path : modificationDate
11:35:09.676 [Test worker] DEBUG org.hibernate.persister.walking.spi.MetamodelGraphWalker - Visiting attribute path : name
11:35:09.676 [Test worker] DEBUG org.hibernate.persister.walking.spi.MetamodelGraphWalker - Visiting attribute path : orderCertificates
11:35:09.677 [Test worker] DEBUG org.hibernate.loader.plan.build.internal.spaces.QuerySpacesImpl - Adding QuerySpace : uid = <gen:1> -> org.hibernate.loader.plan.build.internal.spaces.CollectionQuerySpaceImpl@4b5d311c]
11:35:09.677 [Test worker] DEBUG org.hibernate.loader.plan.build.internal.spaces.QuerySpacesImpl - Adding QuerySpace : uid = <gen:2> -> org.hibernate.loader.plan.build.internal.spaces.EntityQuerySpaceImpl@712892a]
11:35:09.677 [Test worker] DEBUG org.hibernate.persister.walking.spi.MetamodelGraphWalker - Visiting attribute path : price
11:35:09.677 [Test worker] DEBUG org.hibernate.persister.walking.spi.MetamodelGraphWalker - Visiting attribute path : tags
11:35:09.677 [Test worker] DEBUG org.hibernate.loader.plan.build.internal.spaces.QuerySpacesImpl - Adding QuerySpace : uid = <gen:3> -> org.hibernate.loader.plan.build.internal.spaces.CollectionQuerySpaceImpl@1847a39f]
11:35:09.677 [Test worker] DEBUG org.hibernate.loader.plan.build.internal.spaces.QuerySpacesImpl - Adding QuerySpace : uid = <gen:4> -> org.hibernate.loader.plan.build.internal.spaces.EntityQuerySpaceImpl@3aeece3]
11:35:09.677 [Test worker] DEBUG org.hibernate.loader.plan.build.internal.FetchStyleLoadPlanBuildingAssociationVisitationStrategy - Building LoadPlan...
11:35:09.677 [Test worker] DEBUG org.hibernate.loader.plan.exec.internal.LoadQueryJoinAndFetchProcessor - processing queryspace <gen:0>
11:35:09.677 [Test worker] DEBUG org.hibernate.loader.plan.build.spi.LoadPlanTreePrinter - LoadPlan(entity=com.epam.esm.entity.GiftCertificate)
    - Returns
       - EntityReturnImpl(entity=com.epam.esm.entity.GiftCertificate, querySpaceUid=<gen:0>, path=com.epam.esm.entity.GiftCertificate)
          - CollectionAttributeFetchImpl(collection=com.epam.esm.entity.GiftCertificate.orderCertificates, querySpaceUid=<gen:1>, path=com.epam.esm.entity.GiftCertificate.orderCertificates)
             - (collection element) CollectionFetchableElementEntityGraph(entity=com.epam.esm.entity.OrderCertificate, querySpaceUid=<gen:2>, path=com.epam.esm.entity.GiftCertificate.orderCertificates.<elements>)
          - CollectionAttributeFetchImpl(collection=com.epam.esm.entity.GiftCertificate.tags, querySpaceUid=<gen:3>, path=com.epam.esm.entity.GiftCertificate.tags)
             - (collection element) CollectionFetchableElementEntityGraph(entity=com.epam.esm.entity.Tag, querySpaceUid=<gen:4>, path=com.epam.esm.entity.GiftCertificate.tags.<elements>)
    - QuerySpaces
       - EntityQuerySpaceImpl(uid=<gen:0>, entity=com.epam.esm.entity.GiftCertificate)
          - SQL table alias mapping - giftcertif0_
          - alias suffix - 0_
          - suffixed key columns - {id1_3_0_}

11:35:09.677 [Test worker] DEBUG org.hibernate.loader.entity.plan.EntityLoader - Static select for entity com.epam.esm.entity.GiftCertificate [NONE]: select giftcertif0_.id as id1_3_0_, giftcertif0_.active_status as active_s2_3_0_, giftcertif0_.creation_date as creation3_3_0_, giftcertif0_.description as descript4_3_0_, giftcertif0_.expiration_date as expirati5_3_0_, giftcertif0_.modification_date as modifica6_3_0_, giftcertif0_.name as name7_3_0_, giftcertif0_.price as price8_3_0_ from certificate giftcertif0_ where giftcertif0_.id=?
11:35:09.678 [Test worker] DEBUG org.hibernate.loader.plan.build.internal.spaces.QuerySpacesImpl - Adding QuerySpace : uid = <gen:0> -> org.hibernate.loader.plan.build.internal.spaces.EntityQuerySpaceImpl@2159e85b]
11:35:09.678 [Test worker] DEBUG org.hibernate.persister.walking.spi.MetamodelGraphWalker - Visiting attribute path : activeStatus
11:35:09.678 [Test worker] DEBUG org.hibernate.persister.walking.spi.MetamodelGraphWalker - Visiting attribute path : creationDate
11:35:09.678 [Test worker] DEBUG org.hibernate.persister.walking.spi.MetamodelGraphWalker - Visiting attribute path : description
11:35:09.678 [Test worker] DEBUG org.hibernate.persister.walking.spi.MetamodelGraphWalker - Visiting attribute path : expirationDate
11:35:09.678 [Test worker] DEBUG org.hibernate.persister.walking.spi.MetamodelGraphWalker - Visiting attribute path : modificationDate
11:35:09.678 [Test worker] DEBUG org.hibernate.persister.walking.spi.MetamodelGraphWalker - Visiting attribute path : name
11:35:09.678 [Test worker] DEBUG org.hibernate.persister.walking.spi.MetamodelGraphWalker - Visiting attribute path : orderCertificates
11:35:09.678 [Test worker] DEBUG org.hibernate.loader.plan.build.internal.spaces.QuerySpacesImpl - Adding QuerySpace : uid = <gen:1> -> org.hibernate.loader.plan.build.internal.spaces.CollectionQuerySpaceImpl@176f6805]
11:35:09.678 [Test worker] DEBUG org.hibernate.loader.plan.build.internal.spaces.QuerySpacesImpl - Adding QuerySpace : uid = <gen:2> -> org.hibernate.loader.plan.build.internal.spaces.EntityQuerySpaceImpl@63d257ff]
11:35:09.678 [Test worker] DEBUG org.hibernate.persister.walking.spi.MetamodelGraphWalker - Visiting attribute path : price
11:35:09.678 [Test worker] DEBUG org.hibernate.persister.walking.spi.MetamodelGraphWalker - Visiting attribute path : tags
11:35:09.678 [Test worker] DEBUG org.hibernate.loader.plan.build.internal.spaces.QuerySpacesImpl - Adding QuerySpace : uid = <gen:3> -> org.hibernate.loader.plan.build.internal.spaces.CollectionQuerySpaceImpl@d2770ee]
11:35:09.678 [Test worker] DEBUG org.hibernate.loader.plan.build.internal.spaces.QuerySpacesImpl - Adding QuerySpace : uid = <gen:4> -> org.hibernate.loader.plan.build.internal.spaces.EntityQuerySpaceImpl@34fb72bf]
11:35:09.678 [Test worker] DEBUG org.hibernate.loader.plan.build.internal.FetchStyleLoadPlanBuildingAssociationVisitationStrategy - Building LoadPlan...
11:35:09.678 [Test worker] DEBUG org.hibernate.loader.plan.exec.internal.LoadQueryJoinAndFetchProcessor - processing queryspace <gen:0>
11:35:09.679 [Test worker] DEBUG org.hibernate.loader.plan.build.spi.LoadPlanTreePrinter - LoadPlan(entity=com.epam.esm.entity.GiftCertificate)
    - Returns
       - EntityReturnImpl(entity=com.epam.esm.entity.GiftCertificate, querySpaceUid=<gen:0>, path=com.epam.esm.entity.GiftCertificate)
          - CollectionAttributeFetchImpl(collection=com.epam.esm.entity.GiftCertificate.orderCertificates, querySpaceUid=<gen:1>, path=com.epam.esm.entity.GiftCertificate.orderCertificates)
             - (collection element) CollectionFetchableElementEntityGraph(entity=com.epam.esm.entity.OrderCertificate, querySpaceUid=<gen:2>, path=com.epam.esm.entity.GiftCertificate.orderCertificates.<elements>)
          - CollectionAttributeFetchImpl(collection=com.epam.esm.entity.GiftCertificate.tags, querySpaceUid=<gen:3>, path=com.epam.esm.entity.GiftCertificate.tags)
             - (collection element) CollectionFetchableElementEntityGraph(entity=com.epam.esm.entity.Tag, querySpaceUid=<gen:4>, path=com.epam.esm.entity.GiftCertificate.tags.<elements>)
    - QuerySpaces
       - EntityQuerySpaceImpl(uid=<gen:0>, entity=com.epam.esm.entity.GiftCertificate)
          - SQL table alias mapping - giftcertif0_
          - alias suffix - 0_
          - suffixed key columns - {id1_3_0_}

11:35:09.679 [Test worker] DEBUG org.hibernate.loader.entity.plan.EntityLoader - Static select for entity com.epam.esm.entity.GiftCertificate [READ]: select giftcertif0_.id as id1_3_0_, giftcertif0_.active_status as active_s2_3_0_, giftcertif0_.creation_date as creation3_3_0_, giftcertif0_.description as descript4_3_0_, giftcertif0_.expiration_date as expirati5_3_0_, giftcertif0_.modification_date as modifica6_3_0_, giftcertif0_.name as name7_3_0_, giftcertif0_.price as price8_3_0_ from certificate giftcertif0_ where giftcertif0_.id=?
11:35:09.680 [Test worker] DEBUG org.hibernate.loader.Loader - Static select for action ACTION_MERGE on entity com.epam.esm.entity.GiftCertificate: select giftcertif0_.id as id1_3_2_, giftcertif0_.active_status as active_s2_3_2_, giftcertif0_.creation_date as creation3_3_2_, giftcertif0_.description as descript4_3_2_, giftcertif0_.expiration_date as expirati5_3_2_, giftcertif0_.modification_date as modifica6_3_2_, giftcertif0_.name as name7_3_2_, giftcertif0_.price as price8_3_2_, ordercerti1_.certificate_id as certific4_6_4_, ordercerti1_.id as id1_6_4_, ordercerti1_.id as id1_6_0_, ordercerti1_.certificate_id as certific4_6_0_, ordercerti1_.expiration_date as expirati2_6_0_, ordercerti1_.fixed_price as fixed_pr3_6_0_, ordercerti1_.order_id as order_id5_6_0_, order2_.id as id1_0_1_, order2_.active_status as active_s2_0_1_, order2_.created_at as created_3_0_1_, order2_.user_id as user_id4_0_1_ from certificate giftcertif0_ left outer join order_certificate ordercerti1_ on giftcertif0_.id=ordercerti1_.certificate_id left outer join application_order order2_ on ordercerti1_.order_id=order2_.id where giftcertif0_.id=?
11:35:09.681 [Test worker] DEBUG org.hibernate.loader.Loader - Static select for action ACTION_REFRESH on entity com.epam.esm.entity.GiftCertificate: select giftcertif0_.id as id1_3_2_, giftcertif0_.active_status as active_s2_3_2_, giftcertif0_.creation_date as creation3_3_2_, giftcertif0_.description as descript4_3_2_, giftcertif0_.expiration_date as expirati5_3_2_, giftcertif0_.modification_date as modifica6_3_2_, giftcertif0_.name as name7_3_2_, giftcertif0_.price as price8_3_2_, ordercerti1_.certificate_id as certific4_6_4_, ordercerti1_.id as id1_6_4_, ordercerti1_.id as id1_6_0_, ordercerti1_.certificate_id as certific4_6_0_, ordercerti1_.expiration_date as expirati2_6_0_, ordercerti1_.fixed_price as fixed_pr3_6_0_, ordercerti1_.order_id as order_id5_6_0_, order2_.id as id1_0_1_, order2_.active_status as active_s2_0_1_, order2_.created_at as created_3_0_1_, order2_.user_id as user_id4_0_1_ from certificate giftcertif0_ left outer join order_certificate ordercerti1_ on giftcertif0_.id=ordercerti1_.certificate_id left outer join application_order order2_ on ordercerti1_.order_id=order2_.id where giftcertif0_.id=?
11:35:09.681 [Test worker] DEBUG org.hibernate.persister.entity.AbstractEntityPersister - Static SQL for entity: com.epam.esm.entity.User
11:35:09.681 [Test worker] DEBUG org.hibernate.persister.entity.AbstractEntityPersister -  Version select: select id from application_user where id =?
11:35:09.681 [Test worker] DEBUG org.hibernate.persister.entity.AbstractEntityPersister -  Snapshot select: select user_.id, user_.email as email2_2_, user_.password as password3_2_, user_.refresh_token as refresh_4_2_, user_.role_id as role_id5_2_ from application_user user_ where user_.id=?
11:35:09.681 [Test worker] DEBUG org.hibernate.persister.entity.AbstractEntityPersister -  Insert 0: insert into application_user (email, password, refresh_token, role_id, id) values (?, ?, ?, ?, ?)
11:35:09.681 [Test worker] DEBUG org.hibernate.persister.entity.AbstractEntityPersister -  Update 0: update application_user set email=?, password=?, refresh_token=?, role_id=? where id=?
11:35:09.681 [Test worker] DEBUG org.hibernate.persister.entity.AbstractEntityPersister -  Delete 0: delete from application_user where id=?
11:35:09.681 [Test worker] DEBUG org.hibernate.persister.entity.AbstractEntityPersister -  Identity insert: insert into application_user (id, email, password, refresh_token, role_id) values (null, ?, ?, ?, ?)
11:35:09.681 [Test worker] DEBUG org.hibernate.loader.plan.build.internal.spaces.QuerySpacesImpl - Adding QuerySpace : uid = <gen:0> -> org.hibernate.loader.plan.build.internal.spaces.EntityQuerySpaceImpl@72d65ae]
11:35:09.681 [Test worker] DEBUG org.hibernate.persister.walking.spi.MetamodelGraphWalker - Visiting attribute path : email
11:35:09.681 [Test worker] DEBUG org.hibernate.persister.walking.spi.MetamodelGraphWalker - Visiting attribute path : orders
11:35:09.682 [Test worker] DEBUG org.hibernate.loader.plan.build.internal.spaces.QuerySpacesImpl - Adding QuerySpace : uid = <gen:1> -> org.hibernate.loader.plan.build.internal.spaces.CollectionQuerySpaceImpl@5b9cbfb7]
11:35:09.682 [Test worker] DEBUG org.hibernate.loader.plan.build.internal.spaces.QuerySpacesImpl - Adding QuerySpace : uid = <gen:2> -> org.hibernate.loader.plan.build.internal.spaces.EntityQuerySpaceImpl@2c8d486d]
11:35:09.682 [Test worker] DEBUG org.hibernate.persister.walking.spi.MetamodelGraphWalker - Visiting attribute path : password
11:35:09.682 [Test worker] DEBUG org.hibernate.persister.walking.spi.MetamodelGraphWalker - Visiting attribute path : refreshToken
11:35:09.682 [Test worker] DEBUG org.hibernate.persister.walking.spi.MetamodelGraphWalker - Visiting attribute path : role
11:35:09.682 [Test worker] DEBUG org.hibernate.loader.plan.build.internal.spaces.QuerySpacesImpl - Adding QuerySpace : uid = <gen:3> -> org.hibernate.loader.plan.build.internal.spaces.EntityQuerySpaceImpl@40e14847]
11:35:09.682 [Test worker] DEBUG org.hibernate.persister.walking.spi.MetamodelGraphWalker - Visiting attribute path : role.value
11:35:09.682 [Test worker] DEBUG org.hibernate.loader.plan.build.internal.FetchStyleLoadPlanBuildingAssociationVisitationStrategy - Building LoadPlan...
11:35:09.682 [Test worker] DEBUG org.hibernate.loader.plan.exec.internal.LoadQueryJoinAndFetchProcessor - processing queryspace <gen:0>
11:35:09.683 [Test worker] DEBUG org.hibernate.loader.plan.build.spi.LoadPlanTreePrinter - LoadPlan(entity=com.epam.esm.entity.User)
    - Returns
       - EntityReturnImpl(entity=com.epam.esm.entity.User, querySpaceUid=<gen:0>, path=com.epam.esm.entity.User)
          - CollectionAttributeFetchImpl(collection=com.epam.esm.entity.User.orders, querySpaceUid=<gen:1>, path=com.epam.esm.entity.User.orders)
             - (collection element) CollectionFetchableElementEntityGraph(entity=com.epam.esm.entity.Order, querySpaceUid=<gen:2>, path=com.epam.esm.entity.User.orders.<elements>)
          - EntityAttributeFetchImpl(entity=com.epam.esm.entity.Role, querySpaceUid=<gen:3>, path=com.epam.esm.entity.User.role)
    - QuerySpaces
       - EntityQuerySpaceImpl(uid=<gen:0>, entity=com.epam.esm.entity.User)
          - SQL table alias mapping - user0_
          - alias suffix - 0_
          - suffixed key columns - {id1_2_0_}
          - JOIN (JoinDefinedByMetadata(role)) : <gen:0> -> <gen:3>
             - EntityQuerySpaceImpl(uid=<gen:3>, entity=com.epam.esm.entity.Role)
                - SQL table alias mapping - role1_
                - alias suffix - 1_
                - suffixed key columns - {id1_1_1_}

11:35:09.683 [Test worker] DEBUG org.hibernate.loader.entity.plan.EntityLoader - Static select for entity com.epam.esm.entity.User [NONE]: select user0_.id as id1_2_0_, user0_.email as email2_2_0_, user0_.password as password3_2_0_, user0_.refresh_token as refresh_4_2_0_, user0_.role_id as role_id5_2_0_, role1_.id as id1_1_1_, role1_.value as value2_1_1_ from application_user user0_ left outer join application_role role1_ on user0_.role_id=role1_.id where user0_.id=?
11:35:09.683 [Test worker] DEBUG org.hibernate.loader.plan.build.internal.spaces.QuerySpacesImpl - Adding QuerySpace : uid = <gen:0> -> org.hibernate.loader.plan.build.internal.spaces.EntityQuerySpaceImpl@15ac32db]
11:35:09.683 [Test worker] DEBUG org.hibernate.persister.walking.spi.MetamodelGraphWalker - Visiting attribute path : email
11:35:09.683 [Test worker] DEBUG org.hibernate.persister.walking.spi.MetamodelGraphWalker - Visiting attribute path : orders
11:35:09.683 [Test worker] DEBUG org.hibernate.loader.plan.build.internal.spaces.QuerySpacesImpl - Adding QuerySpace : uid = <gen:1> -> org.hibernate.loader.plan.build.internal.spaces.CollectionQuerySpaceImpl@19cd1760]
11:35:09.683 [Test worker] DEBUG org.hibernate.loader.plan.build.internal.spaces.QuerySpacesImpl - Adding QuerySpace : uid = <gen:2> -> org.hibernate.loader.plan.build.internal.spaces.EntityQuerySpaceImpl@28878625]
11:35:09.683 [Test worker] DEBUG org.hibernate.persister.walking.spi.MetamodelGraphWalker - Visiting attribute path : password
11:35:09.683 [Test worker] DEBUG org.hibernate.persister.walking.spi.MetamodelGraphWalker - Visiting attribute path : refreshToken
11:35:09.683 [Test worker] DEBUG org.hibernate.persister.walking.spi.MetamodelGraphWalker - Visiting attribute path : role
11:35:09.683 [Test worker] DEBUG org.hibernate.loader.plan.build.internal.spaces.QuerySpacesImpl - Adding QuerySpace : uid = <gen:3> -> org.hibernate.loader.plan.build.internal.spaces.EntityQuerySpaceImpl@5c495304]
11:35:09.683 [Test worker] DEBUG org.hibernate.persister.walking.spi.MetamodelGraphWalker - Visiting attribute path : role.value
11:35:09.683 [Test worker] DEBUG org.hibernate.loader.plan.build.internal.FetchStyleLoadPlanBuildingAssociationVisitationStrategy - Building LoadPlan...
11:35:09.684 [Test worker] DEBUG org.hibernate.loader.plan.exec.internal.LoadQueryJoinAndFetchProcessor - processing queryspace <gen:0>
11:35:09.684 [Test worker] DEBUG org.hibernate.loader.plan.build.spi.LoadPlanTreePrinter - LoadPlan(entity=com.epam.esm.entity.User)
    - Returns
       - EntityReturnImpl(entity=com.epam.esm.entity.User, querySpaceUid=<gen:0>, path=com.epam.esm.entity.User)
          - CollectionAttributeFetchImpl(collection=com.epam.esm.entity.User.orders, querySpaceUid=<gen:1>, path=com.epam.esm.entity.User.orders)
             - (collection element) CollectionFetchableElementEntityGraph(entity=com.epam.esm.entity.Order, querySpaceUid=<gen:2>, path=com.epam.esm.entity.User.orders.<elements>)
          - EntityAttributeFetchImpl(entity=com.epam.esm.entity.Role, querySpaceUid=<gen:3>, path=com.epam.esm.entity.User.role)
    - QuerySpaces
       - EntityQuerySpaceImpl(uid=<gen:0>, entity=com.epam.esm.entity.User)
          - SQL table alias mapping - user0_
          - alias suffix - 0_
          - suffixed key columns - {id1_2_0_}
          - JOIN (JoinDefinedByMetadata(role)) : <gen:0> -> <gen:3>
             - EntityQuerySpaceImpl(uid=<gen:3>, entity=com.epam.esm.entity.Role)
                - SQL table alias mapping - role1_
                - alias suffix - 1_
                - suffixed key columns - {id1_1_1_}

11:35:09.684 [Test worker] DEBUG org.hibernate.loader.entity.plan.EntityLoader - Static select for entity com.epam.esm.entity.User [READ]: select user0_.id as id1_2_0_, user0_.email as email2_2_0_, user0_.password as password3_2_0_, user0_.refresh_token as refresh_4_2_0_, user0_.role_id as role_id5_2_0_, role1_.id as id1_1_1_, role1_.value as value2_1_1_ from application_user user0_ left outer join application_role role1_ on user0_.role_id=role1_.id where user0_.id=?
11:35:09.684 [Test worker] DEBUG org.hibernate.loader.Loader - Static select for action ACTION_MERGE on entity com.epam.esm.entity.User: select user0_.id as id1_2_0_, user0_.email as email2_2_0_, user0_.password as password3_2_0_, user0_.refresh_token as refresh_4_2_0_, user0_.role_id as role_id5_2_0_ from application_user user0_ where user0_.id=?
11:35:09.685 [Test worker] DEBUG org.hibernate.loader.Loader - Static select for action ACTION_REFRESH on entity com.epam.esm.entity.User: select user0_.id as id1_2_0_, user0_.email as email2_2_0_, user0_.password as password3_2_0_, user0_.refresh_token as refresh_4_2_0_, user0_.role_id as role_id5_2_0_ from application_user user0_ where user0_.id=?
11:35:09.685 [Test worker] DEBUG org.hibernate.persister.entity.AbstractEntityPersister - Static SQL for entity: com.epam.esm.entity.Entity
11:35:09.685 [Test worker] DEBUG org.hibernate.persister.entity.AbstractEntityPersister -  Version select: select id from entity where id =?
11:35:09.685 [Test worker] DEBUG org.hibernate.persister.entity.AbstractEntityPersister -  Snapshot select: select entity_.id from entity entity_ where entity_.id=?
11:35:09.685 [Test worker] DEBUG org.hibernate.persister.entity.AbstractEntityPersister -  Insert 0: insert into entity (id) values (?)
11:35:09.685 [Test worker] DEBUG org.hibernate.persister.entity.AbstractEntityPersister -  Update 0: null
11:35:09.685 [Test worker] DEBUG org.hibernate.persister.entity.AbstractEntityPersister -  Delete 0: delete from entity where id=?
11:35:09.685 [Test worker] DEBUG org.hibernate.persister.entity.AbstractEntityPersister -  Identity insert: insert into entity (id) values (null)
11:35:09.685 [Test worker] DEBUG org.hibernate.loader.plan.build.internal.spaces.QuerySpacesImpl - Adding QuerySpace : uid = <gen:0> -> org.hibernate.loader.plan.build.internal.spaces.EntityQuerySpaceImpl@586e3f32]
11:35:09.685 [Test worker] DEBUG org.hibernate.loader.plan.build.internal.FetchStyleLoadPlanBuildingAssociationVisitationStrategy - Building LoadPlan...
11:35:09.685 [Test worker] DEBUG org.hibernate.loader.plan.exec.internal.LoadQueryJoinAndFetchProcessor - processing queryspace <gen:0>
11:35:09.686 [Test worker] DEBUG org.hibernate.loader.plan.build.spi.LoadPlanTreePrinter - LoadPlan(entity=com.epam.esm.entity.Entity)
    - Returns
       - EntityReturnImpl(entity=com.epam.esm.entity.Entity, querySpaceUid=<gen:0>, path=com.epam.esm.entity.Entity)
    - QuerySpaces
       - EntityQuerySpaceImpl(uid=<gen:0>, entity=com.epam.esm.entity.Entity)
          - SQL table alias mapping - entity0_
          - alias suffix - 0_
          - suffixed key columns - {id1_5_0_}

11:35:09.686 [Test worker] DEBUG org.hibernate.loader.entity.plan.EntityLoader - Static select for entity com.epam.esm.entity.Entity [NONE]: select entity0_.id as id1_5_0_ from entity entity0_ where entity0_.id=?
11:35:09.686 [Test worker] DEBUG org.hibernate.loader.plan.build.internal.spaces.QuerySpacesImpl - Adding QuerySpace : uid = <gen:0> -> org.hibernate.loader.plan.build.internal.spaces.EntityQuerySpaceImpl@5a8b875a]
11:35:09.686 [Test worker] DEBUG org.hibernate.loader.plan.build.internal.FetchStyleLoadPlanBuildingAssociationVisitationStrategy - Building LoadPlan...
11:35:09.686 [Test worker] DEBUG org.hibernate.loader.plan.exec.internal.LoadQueryJoinAndFetchProcessor - processing queryspace <gen:0>
11:35:09.686 [Test worker] DEBUG org.hibernate.loader.plan.build.spi.LoadPlanTreePrinter - LoadPlan(entity=com.epam.esm.entity.Entity)
    - Returns
       - EntityReturnImpl(entity=com.epam.esm.entity.Entity, querySpaceUid=<gen:0>, path=com.epam.esm.entity.Entity)
    - QuerySpaces
       - EntityQuerySpaceImpl(uid=<gen:0>, entity=com.epam.esm.entity.Entity)
          - SQL table alias mapping - entity0_
          - alias suffix - 0_
          - suffixed key columns - {id1_5_0_}

11:35:09.686 [Test worker] DEBUG org.hibernate.loader.entity.plan.EntityLoader - Static select for entity com.epam.esm.entity.Entity [READ]: select entity0_.id as id1_5_0_ from entity entity0_ where entity0_.id=?
11:35:09.687 [Test worker] DEBUG org.hibernate.loader.Loader - Static select for action ACTION_MERGE on entity com.epam.esm.entity.Entity: select entity0_.id as id1_5_0_ from entity entity0_ where entity0_.id=?
11:35:09.687 [Test worker] DEBUG org.hibernate.loader.Loader - Static select for action ACTION_REFRESH on entity com.epam.esm.entity.Entity: select entity0_.id as id1_5_0_ from entity entity0_ where entity0_.id=?
11:35:09.687 [Test worker] DEBUG org.hibernate.persister.entity.AbstractEntityPersister - Static SQL for entity: com.epam.esm.entity.Tag
11:35:09.687 [Test worker] DEBUG org.hibernate.persister.entity.AbstractEntityPersister -  Version select: select id from tag where id =?
11:35:09.687 [Test worker] DEBUG org.hibernate.persister.entity.AbstractEntityPersister -  Snapshot select: select tag_.id from tag tag_ where tag_.id=?
11:35:09.687 [Test worker] DEBUG org.hibernate.persister.entity.AbstractEntityPersister -  Insert 0: insert into tag (title, id) values (?, ?)
11:35:09.687 [Test worker] DEBUG org.hibernate.persister.entity.AbstractEntityPersister -  Update 0: null
11:35:09.687 [Test worker] DEBUG org.hibernate.persister.entity.AbstractEntityPersister -  Delete 0: delete from tag where id=?
11:35:09.687 [Test worker] DEBUG org.hibernate.persister.entity.AbstractEntityPersister -  Identity insert: insert into tag (id, title) values (null, ?)
11:35:09.687 [Test worker] DEBUG org.hibernate.loader.plan.build.internal.spaces.QuerySpacesImpl - Adding QuerySpace : uid = <gen:0> -> org.hibernate.loader.plan.build.internal.spaces.EntityQuerySpaceImpl@10649a5e]
11:35:09.687 [Test worker] DEBUG org.hibernate.persister.walking.spi.MetamodelGraphWalker - Visiting attribute path : title
11:35:09.687 [Test worker] DEBUG org.hibernate.loader.plan.build.internal.FetchStyleLoadPlanBuildingAssociationVisitationStrategy - Building LoadPlan...
11:35:09.687 [Test worker] DEBUG org.hibernate.loader.plan.exec.internal.LoadQueryJoinAndFetchProcessor - processing queryspace <gen:0>
11:35:09.687 [Test worker] DEBUG org.hibernate.loader.plan.build.spi.LoadPlanTreePrinter - LoadPlan(entity=com.epam.esm.entity.Tag)
    - Returns
       - EntityReturnImpl(entity=com.epam.esm.entity.Tag, querySpaceUid=<gen:0>, path=com.epam.esm.entity.Tag)
    - QuerySpaces
       - EntityQuerySpaceImpl(uid=<gen:0>, entity=com.epam.esm.entity.Tag)
          - SQL table alias mapping - tag0_
          - alias suffix - 0_
          - suffixed key columns - {id1_7_0_}

11:35:09.687 [Test worker] DEBUG org.hibernate.loader.entity.plan.EntityLoader - Static select for entity com.epam.esm.entity.Tag [NONE]: select tag0_.id as id1_7_0_, tag0_.title as title2_7_0_ from tag tag0_ where tag0_.id=?
11:35:09.688 [Test worker] DEBUG org.hibernate.loader.plan.build.internal.spaces.QuerySpacesImpl - Adding QuerySpace : uid = <gen:0> -> org.hibernate.loader.plan.build.internal.spaces.EntityQuerySpaceImpl@3bd75cdb]
11:35:09.688 [Test worker] DEBUG org.hibernate.persister.walking.spi.MetamodelGraphWalker - Visiting attribute path : title
11:35:09.688 [Test worker] DEBUG org.hibernate.loader.plan.build.internal.FetchStyleLoadPlanBuildingAssociationVisitationStrategy - Building LoadPlan...
11:35:09.688 [Test worker] DEBUG org.hibernate.loader.plan.exec.internal.LoadQueryJoinAndFetchProcessor - processing queryspace <gen:0>
11:35:09.688 [Test worker] DEBUG org.hibernate.loader.plan.build.spi.LoadPlanTreePrinter - LoadPlan(entity=com.epam.esm.entity.Tag)
    - Returns
       - EntityReturnImpl(entity=com.epam.esm.entity.Tag, querySpaceUid=<gen:0>, path=com.epam.esm.entity.Tag)
    - QuerySpaces
       - EntityQuerySpaceImpl(uid=<gen:0>, entity=com.epam.esm.entity.Tag)
          - SQL table alias mapping - tag0_
          - alias suffix - 0_
          - suffixed key columns - {id1_7_0_}

11:35:09.688 [Test worker] DEBUG org.hibernate.loader.entity.plan.EntityLoader - Static select for entity com.epam.esm.entity.Tag [READ]: select tag0_.id as id1_7_0_, tag0_.title as title2_7_0_ from tag tag0_ where tag0_.id=?
11:35:09.688 [Test worker] DEBUG org.hibernate.loader.Loader - Static select for action ACTION_MERGE on entity com.epam.esm.entity.Tag: select tag0_.id as id1_7_0_, tag0_.title as title2_7_0_ from tag tag0_ where tag0_.id=?
11:35:09.688 [Test worker] DEBUG org.hibernate.loader.Loader - Static select for action ACTION_REFRESH on entity com.epam.esm.entity.Tag: select tag0_.id as id1_7_0_, tag0_.title as title2_7_0_ from tag tag0_ where tag0_.id=?
11:35:09.688 [Test worker] DEBUG org.hibernate.persister.entity.AbstractEntityPersister - Static SQL for entity: com.epam.esm.entity.OrderCertificate
11:35:09.688 [Test worker] DEBUG org.hibernate.persister.entity.AbstractEntityPersister -  Version select: select id from order_certificate where id =?
11:35:09.688 [Test worker] DEBUG org.hibernate.persister.entity.AbstractEntityPersister -  Snapshot select: select ordercerti_.id, ordercerti_.certificate_id as certific4_6_, ordercerti_.expiration_date as expirati2_6_, ordercerti_.fixed_price as fixed_pr3_6_, ordercerti_.order_id as order_id5_6_ from order_certificate ordercerti_ where ordercerti_.id=?
11:35:09.689 [Test worker] DEBUG org.hibernate.persister.entity.AbstractEntityPersister -  Insert 0: insert into order_certificate (certificate_id, expiration_date, fixed_price, order_id, id) values (?, ?, ?, ?, ?)
11:35:09.689 [Test worker] DEBUG org.hibernate.persister.entity.AbstractEntityPersister -  Update 0: update order_certificate set certificate_id=?, expiration_date=?, fixed_price=?, order_id=? where id=?
11:35:09.689 [Test worker] DEBUG org.hibernate.persister.entity.AbstractEntityPersister -  Delete 0: delete from order_certificate where id=?
11:35:09.689 [Test worker] DEBUG org.hibernate.persister.entity.AbstractEntityPersister -  Identity insert: insert into order_certificate (id, certificate_id, expiration_date, fixed_price, order_id) values (null, ?, ?, ?, ?)
11:35:09.689 [Test worker] DEBUG org.hibernate.loader.plan.build.internal.spaces.QuerySpacesImpl - Adding QuerySpace : uid = <gen:0> -> org.hibernate.loader.plan.build.internal.spaces.EntityQuerySpaceImpl@634c0df1]
11:35:09.689 [Test worker] DEBUG org.hibernate.persister.walking.spi.MetamodelGraphWalker - Visiting attribute path : certificate
11:35:09.689 [Test worker] DEBUG org.hibernate.loader.plan.build.internal.spaces.QuerySpacesImpl - Adding QuerySpace : uid = <gen:1> -> org.hibernate.loader.plan.build.internal.spaces.EntityQuerySpaceImpl@5a4f592f]
11:35:09.689 [Test worker] DEBUG org.hibernate.persister.walking.spi.MetamodelGraphWalker - Visiting attribute path : expirationDate
11:35:09.689 [Test worker] DEBUG org.hibernate.persister.walking.spi.MetamodelGraphWalker - Visiting attribute path : fixedPrice
11:35:09.689 [Test worker] DEBUG org.hibernate.persister.walking.spi.MetamodelGraphWalker - Visiting attribute path : order
11:35:09.689 [Test worker] DEBUG org.hibernate.loader.plan.build.internal.spaces.QuerySpacesImpl - Adding QuerySpace : uid = <gen:2> -> org.hibernate.loader.plan.build.internal.spaces.EntityQuerySpaceImpl@7b797e61]
11:35:09.689 [Test worker] DEBUG org.hibernate.persister.walking.spi.MetamodelGraphWalker - Visiting attribute path : order.activeStatus
11:35:09.689 [Test worker] DEBUG org.hibernate.persister.walking.spi.MetamodelGraphWalker - Visiting attribute path : order.createdAt
11:35:09.689 [Test worker] DEBUG org.hibernate.persister.walking.spi.MetamodelGraphWalker - Visiting attribute path : order.orderCertificates
11:35:09.689 [Test worker] DEBUG org.hibernate.persister.walking.spi.MetamodelGraphWalker - Property path deemed to be circular : order.orderCertificates
11:35:09.689 [Test worker] DEBUG org.hibernate.persister.walking.spi.MetamodelGraphWalker - Visiting attribute path : order.user
11:35:09.690 [Test worker] DEBUG org.hibernate.loader.plan.build.internal.spaces.QuerySpacesImpl - Adding QuerySpace : uid = <gen:3> -> org.hibernate.loader.plan.build.internal.spaces.EntityQuerySpaceImpl@5cba8071]
11:35:09.690 [Test worker] DEBUG org.hibernate.persister.walking.spi.MetamodelGraphWalker - Visiting attribute path : order.user.email
11:35:09.690 [Test worker] DEBUG org.hibernate.persister.walking.spi.MetamodelGraphWalker - Visiting attribute path : order.user.orders
11:35:09.690 [Test worker] DEBUG org.hibernate.persister.walking.spi.MetamodelGraphWalker - Property path deemed to be circular : order.user.orders
11:35:09.690 [Test worker] DEBUG org.hibernate.persister.walking.spi.MetamodelGraphWalker - Visiting attribute path : order.user.password
11:35:09.690 [Test worker] DEBUG org.hibernate.persister.walking.spi.MetamodelGraphWalker - Visiting attribute path : order.user.refreshToken
11:35:09.690 [Test worker] DEBUG org.hibernate.persister.walking.spi.MetamodelGraphWalker - Visiting attribute path : order.user.role
11:35:09.690 [Test worker] DEBUG org.hibernate.loader.plan.build.internal.spaces.QuerySpacesImpl - Adding QuerySpace : uid = <gen:4> -> org.hibernate.loader.plan.build.internal.spaces.EntityQuerySpaceImpl@4c26df7c]
11:35:09.690 [Test worker] DEBUG org.hibernate.persister.walking.spi.MetamodelGraphWalker - Visiting attribute path : order.user.role.value
11:35:09.690 [Test worker] DEBUG org.hibernate.loader.plan.build.internal.FetchStyleLoadPlanBuildingAssociationVisitationStrategy - Building LoadPlan...
11:35:09.690 [Test worker] DEBUG org.hibernate.loader.plan.exec.internal.LoadQueryJoinAndFetchProcessor - processing queryspace <gen:0>
11:35:09.691 [Test worker] DEBUG org.hibernate.loader.plan.build.spi.LoadPlanTreePrinter - LoadPlan(entity=com.epam.esm.entity.OrderCertificate)
    - Returns
       - EntityReturnImpl(entity=com.epam.esm.entity.OrderCertificate, querySpaceUid=<gen:0>, path=com.epam.esm.entity.OrderCertificate)
          - EntityAttributeFetchImpl(entity=com.epam.esm.entity.GiftCertificate, querySpaceUid=<gen:1>, path=com.epam.esm.entity.OrderCertificate.certificate)
          - EntityAttributeFetchImpl(entity=com.epam.esm.entity.Order, querySpaceUid=<gen:2>, path=com.epam.esm.entity.OrderCertificate.order)
             - EntityAttributeFetchImpl(entity=com.epam.esm.entity.User, querySpaceUid=<gen:3>, path=com.epam.esm.entity.OrderCertificate.order.user)
                - EntityAttributeFetchImpl(entity=com.epam.esm.entity.Role, querySpaceUid=<gen:4>, path=com.epam.esm.entity.OrderCertificate.order.user.role)
    - QuerySpaces
       - EntityQuerySpaceImpl(uid=<gen:0>, entity=com.epam.esm.entity.OrderCertificate)
          - SQL table alias mapping - ordercerti0_
          - alias suffix - 0_
          - suffixed key columns - {id1_6_0_}
          - JOIN (JoinDefinedByMetadata(order)) : <gen:0> -> <gen:2>
             - EntityQuerySpaceImpl(uid=<gen:2>, entity=com.epam.esm.entity.Order)
                - SQL table alias mapping - order1_
                - alias suffix - 1_
                - suffixed key columns - {id1_0_1_}
                - JOIN (JoinDefinedByMetadata(user)) : <gen:2> -> <gen:3>
                   - EntityQuerySpaceImpl(uid=<gen:3>, entity=com.epam.esm.entity.User)
                      - SQL table alias mapping - user2_
                      - alias suffix - 2_
                      - suffixed key columns - {id1_2_2_}
                      - JOIN (JoinDefinedByMetadata(role)) : <gen:3> -> <gen:4>
                         - EntityQuerySpaceImpl(uid=<gen:4>, entity=com.epam.esm.entity.Role)
                            - SQL table alias mapping - role3_
                            - alias suffix - 3_
                            - suffixed key columns - {id1_1_3_}

11:35:09.691 [Test worker] DEBUG org.hibernate.loader.entity.plan.EntityLoader - Static select for entity com.epam.esm.entity.OrderCertificate [NONE]: select ordercerti0_.id as id1_6_0_, ordercerti0_.certificate_id as certific4_6_0_, ordercerti0_.expiration_date as expirati2_6_0_, ordercerti0_.fixed_price as fixed_pr3_6_0_, ordercerti0_.order_id as order_id5_6_0_, order1_.id as id1_0_1_, order1_.active_status as active_s2_0_1_, order1_.created_at as created_3_0_1_, order1_.user_id as user_id4_0_1_, user2_.id as id1_2_2_, user2_.email as email2_2_2_, user2_.password as password3_2_2_, user2_.refresh_token as refresh_4_2_2_, user2_.role_id as role_id5_2_2_, role3_.id as id1_1_3_, role3_.value as value2_1_3_ from order_certificate ordercerti0_ left outer join application_order order1_ on ordercerti0_.order_id=order1_.id left outer join application_user user2_ on order1_.user_id=user2_.id left outer join application_role role3_ on user2_.role_id=role3_.id where ordercerti0_.id=?
11:35:09.691 [Test worker] DEBUG org.hibernate.loader.plan.build.internal.spaces.QuerySpacesImpl - Adding QuerySpace : uid = <gen:0> -> org.hibernate.loader.plan.build.internal.spaces.EntityQuerySpaceImpl@72c39db2]
11:35:09.691 [Test worker] DEBUG org.hibernate.persister.walking.spi.MetamodelGraphWalker - Visiting attribute path : certificate
11:35:09.691 [Test worker] DEBUG org.hibernate.loader.plan.build.internal.spaces.QuerySpacesImpl - Adding QuerySpace : uid = <gen:1> -> org.hibernate.loader.plan.build.internal.spaces.EntityQuerySpaceImpl@1582fbd9]
11:35:09.691 [Test worker] DEBUG org.hibernate.persister.walking.spi.MetamodelGraphWalker - Visiting attribute path : expirationDate
11:35:09.691 [Test worker] DEBUG org.hibernate.persister.walking.spi.MetamodelGraphWalker - Visiting attribute path : fixedPrice
11:35:09.692 [Test worker] DEBUG org.hibernate.persister.walking.spi.MetamodelGraphWalker - Visiting attribute path : order
11:35:09.692 [Test worker] DEBUG org.hibernate.loader.plan.build.internal.spaces.QuerySpacesImpl - Adding QuerySpace : uid = <gen:2> -> org.hibernate.loader.plan.build.internal.spaces.EntityQuerySpaceImpl@7e071cf7]
11:35:09.692 [Test worker] DEBUG org.hibernate.persister.walking.spi.MetamodelGraphWalker - Visiting attribute path : order.activeStatus
11:35:09.692 [Test worker] DEBUG org.hibernate.persister.walking.spi.MetamodelGraphWalker - Visiting attribute path : order.createdAt
11:35:09.692 [Test worker] DEBUG org.hibernate.persister.walking.spi.MetamodelGraphWalker - Visiting attribute path : order.orderCertificates
11:35:09.692 [Test worker] DEBUG org.hibernate.persister.walking.spi.MetamodelGraphWalker - Property path deemed to be circular : order.orderCertificates
11:35:09.692 [Test worker] DEBUG org.hibernate.persister.walking.spi.MetamodelGraphWalker - Visiting attribute path : order.user
11:35:09.692 [Test worker] DEBUG org.hibernate.loader.plan.build.internal.spaces.QuerySpacesImpl - Adding QuerySpace : uid = <gen:3> -> org.hibernate.loader.plan.build.internal.spaces.EntityQuerySpaceImpl@5706d01a]
11:35:09.692 [Test worker] DEBUG org.hibernate.persister.walking.spi.MetamodelGraphWalker - Visiting attribute path : order.user.email
11:35:09.692 [Test worker] DEBUG org.hibernate.persister.walking.spi.MetamodelGraphWalker - Visiting attribute path : order.user.orders
11:35:09.692 [Test worker] DEBUG org.hibernate.persister.walking.spi.MetamodelGraphWalker - Property path deemed to be circular : order.user.orders
11:35:09.692 [Test worker] DEBUG org.hibernate.persister.walking.spi.MetamodelGraphWalker - Visiting attribute path : order.user.password
11:35:09.692 [Test worker] DEBUG org.hibernate.persister.walking.spi.MetamodelGraphWalker - Visiting attribute path : order.user.refreshToken
11:35:09.692 [Test worker] DEBUG org.hibernate.persister.walking.spi.MetamodelGraphWalker - Visiting attribute path : order.user.role
11:35:09.692 [Test worker] DEBUG org.hibernate.loader.plan.build.internal.spaces.QuerySpacesImpl - Adding QuerySpace : uid = <gen:4> -> org.hibernate.loader.plan.build.internal.spaces.EntityQuerySpaceImpl@13feebf8]
11:35:09.692 [Test worker] DEBUG org.hibernate.persister.walking.spi.MetamodelGraphWalker - Visiting attribute path : order.user.role.value
11:35:09.692 [Test worker] DEBUG org.hibernate.loader.plan.build.internal.FetchStyleLoadPlanBuildingAssociationVisitationStrategy - Building LoadPlan...
11:35:09.692 [Test worker] DEBUG org.hibernate.loader.plan.exec.internal.LoadQueryJoinAndFetchProcessor - processing queryspace <gen:0>
11:35:09.693 [Test worker] DEBUG org.hibernate.loader.plan.build.spi.LoadPlanTreePrinter - LoadPlan(entity=com.epam.esm.entity.OrderCertificate)
    - Returns
       - EntityReturnImpl(entity=com.epam.esm.entity.OrderCertificate, querySpaceUid=<gen:0>, path=com.epam.esm.entity.OrderCertificate)
          - EntityAttributeFetchImpl(entity=com.epam.esm.entity.GiftCertificate, querySpaceUid=<gen:1>, path=com.epam.esm.entity.OrderCertificate.certificate)
          - EntityAttributeFetchImpl(entity=com.epam.esm.entity.Order, querySpaceUid=<gen:2>, path=com.epam.esm.entity.OrderCertificate.order)
             - EntityAttributeFetchImpl(entity=com.epam.esm.entity.User, querySpaceUid=<gen:3>, path=com.epam.esm.entity.OrderCertificate.order.user)
                - EntityAttributeFetchImpl(entity=com.epam.esm.entity.Role, querySpaceUid=<gen:4>, path=com.epam.esm.entity.OrderCertificate.order.user.role)
    - QuerySpaces
       - EntityQuerySpaceImpl(uid=<gen:0>, entity=com.epam.esm.entity.OrderCertificate)
          - SQL table alias mapping - ordercerti0_
          - alias suffix - 0_
          - suffixed key columns - {id1_6_0_}
          - JOIN (JoinDefinedByMetadata(order)) : <gen:0> -> <gen:2>
             - EntityQuerySpaceImpl(uid=<gen:2>, entity=com.epam.esm.entity.Order)
                - SQL table alias mapping - order1_
                - alias suffix - 1_
                - suffixed key columns - {id1_0_1_}
                - JOIN (JoinDefinedByMetadata(user)) : <gen:2> -> <gen:3>
                   - EntityQuerySpaceImpl(uid=<gen:3>, entity=com.epam.esm.entity.User)
                      - SQL table alias mapping - user2_
                      - alias suffix - 2_
                      - suffixed key columns - {id1_2_2_}
                      - JOIN (JoinDefinedByMetadata(role)) : <gen:3> -> <gen:4>
                         - EntityQuerySpaceImpl(uid=<gen:4>, entity=com.epam.esm.entity.Role)
                            - SQL table alias mapping - role3_
                            - alias suffix - 3_
                            - suffixed key columns - {id1_1_3_}

11:35:09.693 [Test worker] DEBUG org.hibernate.loader.entity.plan.EntityLoader - Static select for entity com.epam.esm.entity.OrderCertificate [READ]: select ordercerti0_.id as id1_6_0_, ordercerti0_.certificate_id as certific4_6_0_, ordercerti0_.expiration_date as expirati2_6_0_, ordercerti0_.fixed_price as fixed_pr3_6_0_, ordercerti0_.order_id as order_id5_6_0_, order1_.id as id1_0_1_, order1_.active_status as active_s2_0_1_, order1_.created_at as created_3_0_1_, order1_.user_id as user_id4_0_1_, user2_.id as id1_2_2_, user2_.email as email2_2_2_, user2_.password as password3_2_2_, user2_.refresh_token as refresh_4_2_2_, user2_.role_id as role_id5_2_2_, role3_.id as id1_1_3_, role3_.value as value2_1_3_ from order_certificate ordercerti0_ left outer join application_order order1_ on ordercerti0_.order_id=order1_.id left outer join application_user user2_ on order1_.user_id=user2_.id left outer join application_role role3_ on user2_.role_id=role3_.id where ordercerti0_.id=?
11:35:09.694 [Test worker] DEBUG org.hibernate.loader.Loader - Static select for action ACTION_MERGE on entity com.epam.esm.entity.OrderCertificate: select ordercerti0_.id as id1_6_3_, ordercerti0_.certificate_id as certific4_6_3_, ordercerti0_.expiration_date as expirati2_6_3_, ordercerti0_.fixed_price as fixed_pr3_6_3_, ordercerti0_.order_id as order_id5_6_3_, giftcertif1_.id as id1_3_0_, giftcertif1_.active_status as active_s2_3_0_, giftcertif1_.creation_date as creation3_3_0_, giftcertif1_.description as descript4_3_0_, giftcertif1_.expiration_date as expirati5_3_0_, giftcertif1_.modification_date as modifica6_3_0_, giftcertif1_.name as name7_3_0_, giftcertif1_.price as price8_3_0_, tags2_.certificate_id as certific1_4_5_, tag3_.id as tag_id2_4_5_, tag3_.id as id1_7_1_, tag3_.title as title2_7_1_, order4_.id as id1_0_2_, order4_.active_status as active_s2_0_2_, order4_.created_at as created_3_0_2_, order4_.user_id as user_id4_0_2_ from order_certificate ordercerti0_ left outer join certificate giftcertif1_ on ordercerti0_.certificate_id=giftcertif1_.id left outer join certificate_tag tags2_ on giftcertif1_.id=tags2_.certificate_id left outer join tag tag3_ on tags2_.tag_id=tag3_.id left outer join application_order order4_ on ordercerti0_.order_id=order4_.id where ordercerti0_.id=?
11:35:09.695 [Test worker] DEBUG org.hibernate.loader.Loader - Static select for action ACTION_REFRESH on entity com.epam.esm.entity.OrderCertificate: select ordercerti0_.id as id1_6_2_, ordercerti0_.certificate_id as certific4_6_2_, ordercerti0_.expiration_date as expirati2_6_2_, ordercerti0_.fixed_price as fixed_pr3_6_2_, ordercerti0_.order_id as order_id5_6_2_, giftcertif1_.id as id1_3_0_, giftcertif1_.active_status as active_s2_3_0_, giftcertif1_.creation_date as creation3_3_0_, giftcertif1_.description as descript4_3_0_, giftcertif1_.expiration_date as expirati5_3_0_, giftcertif1_.modification_date as modifica6_3_0_, giftcertif1_.name as name7_3_0_, giftcertif1_.price as price8_3_0_, order2_.id as id1_0_1_, order2_.active_status as active_s2_0_1_, order2_.created_at as created_3_0_1_, order2_.user_id as user_id4_0_1_ from order_certificate ordercerti0_ left outer join certificate giftcertif1_ on ordercerti0_.certificate_id=giftcertif1_.id left outer join application_order order2_ on ordercerti0_.order_id=order2_.id where ordercerti0_.id=?
11:35:09.695 [Test worker] DEBUG org.hibernate.persister.entity.AbstractEntityPersister - Static SQL for entity: com.epam.esm.entity.Role
11:35:09.695 [Test worker] DEBUG org.hibernate.persister.entity.AbstractEntityPersister -  Version select: select id from application_role where id =?
11:35:09.695 [Test worker] DEBUG org.hibernate.persister.entity.AbstractEntityPersister -  Snapshot select: select role_.id, role_.value as value2_1_ from application_role role_ where role_.id=?
11:35:09.695 [Test worker] DEBUG org.hibernate.persister.entity.AbstractEntityPersister -  Insert 0: insert into application_role (value, id) values (?, ?)
11:35:09.695 [Test worker] DEBUG org.hibernate.persister.entity.AbstractEntityPersister -  Update 0: update application_role set value=? where id=?
11:35:09.695 [Test worker] DEBUG org.hibernate.persister.entity.AbstractEntityPersister -  Delete 0: delete from application_role where id=?
11:35:09.695 [Test worker] DEBUG org.hibernate.persister.entity.AbstractEntityPersister -  Identity insert: insert into application_role (id, value) values (null, ?)
11:35:09.695 [Test worker] DEBUG org.hibernate.loader.plan.build.internal.spaces.QuerySpacesImpl - Adding QuerySpace : uid = <gen:0> -> org.hibernate.loader.plan.build.internal.spaces.EntityQuerySpaceImpl@3709766a]
11:35:09.695 [Test worker] DEBUG org.hibernate.persister.walking.spi.MetamodelGraphWalker - Visiting attribute path : value
11:35:09.695 [Test worker] DEBUG org.hibernate.loader.plan.build.internal.FetchStyleLoadPlanBuildingAssociationVisitationStrategy - Building LoadPlan...
11:35:09.695 [Test worker] DEBUG org.hibernate.loader.plan.exec.internal.LoadQueryJoinAndFetchProcessor - processing queryspace <gen:0>
11:35:09.696 [Test worker] DEBUG org.hibernate.loader.plan.build.spi.LoadPlanTreePrinter - LoadPlan(entity=com.epam.esm.entity.Role)
    - Returns
       - EntityReturnImpl(entity=com.epam.esm.entity.Role, querySpaceUid=<gen:0>, path=com.epam.esm.entity.Role)
    - QuerySpaces
       - EntityQuerySpaceImpl(uid=<gen:0>, entity=com.epam.esm.entity.Role)
          - SQL table alias mapping - role0_
          - alias suffix - 0_
          - suffixed key columns - {id1_1_0_}

11:35:09.696 [Test worker] DEBUG org.hibernate.loader.entity.plan.EntityLoader - Static select for entity com.epam.esm.entity.Role [NONE]: select role0_.id as id1_1_0_, role0_.value as value2_1_0_ from application_role role0_ where role0_.id=?
11:35:09.696 [Test worker] DEBUG org.hibernate.loader.plan.build.internal.spaces.QuerySpacesImpl - Adding QuerySpace : uid = <gen:0> -> org.hibernate.loader.plan.build.internal.spaces.EntityQuerySpaceImpl@210dfa8a]
11:35:09.696 [Test worker] DEBUG org.hibernate.persister.walking.spi.MetamodelGraphWalker - Visiting attribute path : value
11:35:09.696 [Test worker] DEBUG org.hibernate.loader.plan.build.internal.FetchStyleLoadPlanBuildingAssociationVisitationStrategy - Building LoadPlan...
11:35:09.696 [Test worker] DEBUG org.hibernate.loader.plan.exec.internal.LoadQueryJoinAndFetchProcessor - processing queryspace <gen:0>
11:35:09.696 [Test worker] DEBUG org.hibernate.loader.plan.build.spi.LoadPlanTreePrinter - LoadPlan(entity=com.epam.esm.entity.Role)
    - Returns
       - EntityReturnImpl(entity=com.epam.esm.entity.Role, querySpaceUid=<gen:0>, path=com.epam.esm.entity.Role)
    - QuerySpaces
       - EntityQuerySpaceImpl(uid=<gen:0>, entity=com.epam.esm.entity.Role)
          - SQL table alias mapping - role0_
          - alias suffix - 0_
          - suffixed key columns - {id1_1_0_}

11:35:09.696 [Test worker] DEBUG org.hibernate.loader.entity.plan.EntityLoader - Static select for entity com.epam.esm.entity.Role [READ]: select role0_.id as id1_1_0_, role0_.value as value2_1_0_ from application_role role0_ where role0_.id=?
11:35:09.697 [Test worker] DEBUG org.hibernate.loader.Loader - Static select for action ACTION_MERGE on entity com.epam.esm.entity.Role: select role0_.id as id1_1_0_, role0_.value as value2_1_0_ from application_role role0_ where role0_.id=?
11:35:09.697 [Test worker] DEBUG org.hibernate.loader.Loader - Static select for action ACTION_REFRESH on entity com.epam.esm.entity.Role: select role0_.id as id1_1_0_, role0_.value as value2_1_0_ from application_role role0_ where role0_.id=?
11:35:09.700 [Test worker] DEBUG org.hibernate.loader.plan.build.internal.spaces.QuerySpacesImpl - Adding QuerySpace : uid = <gen:0> -> org.hibernate.loader.plan.build.internal.spaces.CollectionQuerySpaceImpl@76739737]
11:35:09.700 [Test worker] DEBUG org.hibernate.loader.plan.build.internal.spaces.QuerySpacesImpl - Adding QuerySpace : uid = <gen:1> -> org.hibernate.loader.plan.build.internal.spaces.EntityQuerySpaceImpl@36129253]
11:35:09.701 [Test worker] DEBUG org.hibernate.persister.walking.spi.MetamodelGraphWalker - Visiting attribute path : title
11:35:09.701 [Test worker] DEBUG org.hibernate.loader.plan.build.internal.FetchStyleLoadPlanBuildingAssociationVisitationStrategy - Building LoadPlan...
11:35:09.704 [Test worker] DEBUG org.hibernate.loader.plan.exec.internal.LoadQueryJoinAndFetchProcessor - processing queryspace <gen:0>
11:35:09.704 [Test worker] DEBUG org.hibernate.loader.plan.build.spi.LoadPlanTreePrinter - LoadPlan(collection=com.epam.esm.entity.GiftCertificate.tags)
    - Returns
       - CollectionReturnImpl(collection=com.epam.esm.entity.GiftCertificate.tags, querySpaceUid=<gen:0>, path=[com.epam.esm.entity.GiftCertificate.tags])
          - (collection element) CollectionFetchableElementEntityGraph(entity=com.epam.esm.entity.Tag, querySpaceUid=<gen:1>, path=[com.epam.esm.entity.GiftCertificate.tags].<elements>)
    - QuerySpaces
       - CollectionQuerySpaceImpl(uid=<gen:0>, collection=com.epam.esm.entity.GiftCertificate.tags)
          - SQL table alias mapping - tags0_
          - alias suffix - 0_
          - suffixed key columns - {certific1_4_0_}
          - entity-element alias suffix - 1_
          - 1_entity-element suffixed key columns - id1_7_1_
          - JOIN (JoinDefinedByMetadata(elements)) : <gen:0> -> <gen:1>
             - EntityQuerySpaceImpl(uid=<gen:1>, entity=com.epam.esm.entity.Tag)
                - SQL table alias mapping - tag1_
                - alias suffix - 1_
                - suffixed key columns - {id1_7_1_}

11:35:09.705 [Test worker] DEBUG org.hibernate.loader.collection.plan.CollectionLoader - Static select for collection com.epam.esm.entity.GiftCertificate.tags: select tags0_.certificate_id as certific1_4_0_, tags0_.tag_id as tag_id2_4_0_, tag1_.id as id1_7_1_, tag1_.title as title2_7_1_ from certificate_tag tags0_ inner join tag tag1_ on tags0_.tag_id=tag1_.id where tags0_.certificate_id=?
11:35:09.705 [Test worker] DEBUG org.hibernate.loader.plan.build.internal.spaces.QuerySpacesImpl - Adding QuerySpace : uid = <gen:0> -> org.hibernate.loader.plan.build.internal.spaces.CollectionQuerySpaceImpl@3fd204a2]
11:35:09.705 [Test worker] DEBUG org.hibernate.loader.plan.build.internal.spaces.QuerySpacesImpl - Adding QuerySpace : uid = <gen:1> -> org.hibernate.loader.plan.build.internal.spaces.EntityQuerySpaceImpl@103abbf5]
11:35:09.705 [Test worker] DEBUG org.hibernate.persister.walking.spi.MetamodelGraphWalker - Visiting attribute path : certificate
11:35:09.705 [Test worker] DEBUG org.hibernate.loader.plan.build.internal.spaces.QuerySpacesImpl - Adding QuerySpace : uid = <gen:2> -> org.hibernate.loader.plan.build.internal.spaces.EntityQuerySpaceImpl@47581380]
11:35:09.705 [Test worker] DEBUG org.hibernate.persister.walking.spi.MetamodelGraphWalker - Visiting attribute path : expirationDate
11:35:09.705 [Test worker] DEBUG org.hibernate.persister.walking.spi.MetamodelGraphWalker - Visiting attribute path : fixedPrice
11:35:09.705 [Test worker] DEBUG org.hibernate.persister.walking.spi.MetamodelGraphWalker - Visiting attribute path : order
11:35:09.705 [Test worker] DEBUG org.hibernate.persister.walking.spi.MetamodelGraphWalker - Property path deemed to be circular : order
11:35:09.705 [Test worker] DEBUG org.hibernate.loader.plan.build.internal.FetchStyleLoadPlanBuildingAssociationVisitationStrategy - Building LoadPlan...
11:35:09.706 [Test worker] DEBUG org.hibernate.loader.plan.exec.internal.LoadQueryJoinAndFetchProcessor - processing queryspace <gen:0>
11:35:09.706 [Test worker] DEBUG org.hibernate.loader.plan.build.spi.LoadPlanTreePrinter - LoadPlan(collection=com.epam.esm.entity.Order.orderCertificates)
    - Returns
       - CollectionReturnImpl(collection=com.epam.esm.entity.Order.orderCertificates, querySpaceUid=<gen:0>, path=[com.epam.esm.entity.Order.orderCertificates])
          - (collection element) CollectionFetchableElementEntityGraph(entity=com.epam.esm.entity.OrderCertificate, querySpaceUid=<gen:1>, path=[com.epam.esm.entity.Order.orderCertificates].<elements>)
             - EntityAttributeFetchImpl(entity=com.epam.esm.entity.GiftCertificate, querySpaceUid=<gen:2>, path=[com.epam.esm.entity.Order.orderCertificates].<elements>.certificate)
    - QuerySpaces
       - CollectionQuerySpaceImpl(uid=<gen:0>, collection=com.epam.esm.entity.Order.orderCertificates)
          - SQL table alias mapping - ordercerti0_
          - alias suffix - 0_
          - suffixed key columns - {order_id5_6_0_}
          - entity-element alias suffix - 1_
          - 1_entity-element suffixed key columns - id1_6_1_
          - JOIN (JoinDefinedByMetadata(elements)) : <gen:0> -> <gen:1>
             - EntityQuerySpaceImpl(uid=<gen:1>, entity=com.epam.esm.entity.OrderCertificate)
                - SQL table alias mapping - ordercerti0_
                - alias suffix - 1_
                - suffixed key columns - {id1_6_1_}

11:35:09.706 [Test worker] DEBUG org.hibernate.loader.collection.plan.CollectionLoader - Static select for collection com.epam.esm.entity.Order.orderCertificates: select ordercerti0_.order_id as order_id5_6_0_, ordercerti0_.id as id1_6_0_, ordercerti0_.id as id1_6_1_, ordercerti0_.certificate_id as certific4_6_1_, ordercerti0_.expiration_date as expirati2_6_1_, ordercerti0_.fixed_price as fixed_pr3_6_1_, ordercerti0_.order_id as order_id5_6_1_ from order_certificate ordercerti0_ where ordercerti0_.order_id=?
11:35:09.706 [Test worker] DEBUG org.hibernate.loader.plan.build.internal.spaces.QuerySpacesImpl - Adding QuerySpace : uid = <gen:0> -> org.hibernate.loader.plan.build.internal.spaces.CollectionQuerySpaceImpl@4cce09c7]
11:35:09.706 [Test worker] DEBUG org.hibernate.loader.plan.build.internal.spaces.QuerySpacesImpl - Adding QuerySpace : uid = <gen:1> -> org.hibernate.loader.plan.build.internal.spaces.EntityQuerySpaceImpl@99f9146]
11:35:09.707 [Test worker] DEBUG org.hibernate.persister.walking.spi.MetamodelGraphWalker - Visiting attribute path : certificate
11:35:09.707 [Test worker] DEBUG org.hibernate.persister.walking.spi.MetamodelGraphWalker - Property path deemed to be circular : certificate
11:35:09.707 [Test worker] DEBUG org.hibernate.persister.walking.spi.MetamodelGraphWalker - Visiting attribute path : expirationDate
11:35:09.707 [Test worker] DEBUG org.hibernate.persister.walking.spi.MetamodelGraphWalker - Visiting attribute path : fixedPrice
11:35:09.707 [Test worker] DEBUG org.hibernate.persister.walking.spi.MetamodelGraphWalker - Visiting attribute path : order
11:35:09.707 [Test worker] DEBUG org.hibernate.loader.plan.build.internal.spaces.QuerySpacesImpl - Adding QuerySpace : uid = <gen:2> -> org.hibernate.loader.plan.build.internal.spaces.EntityQuerySpaceImpl@6bf840ab]
11:35:09.707 [Test worker] DEBUG org.hibernate.persister.walking.spi.MetamodelGraphWalker - Visiting attribute path : order.activeStatus
11:35:09.707 [Test worker] DEBUG org.hibernate.persister.walking.spi.MetamodelGraphWalker - Visiting attribute path : order.createdAt
11:35:09.707 [Test worker] DEBUG org.hibernate.persister.walking.spi.MetamodelGraphWalker - Visiting attribute path : order.orderCertificates
11:35:09.707 [Test worker] DEBUG org.hibernate.persister.walking.spi.MetamodelGraphWalker - Property path deemed to be circular : order.orderCertificates
11:35:09.707 [Test worker] DEBUG org.hibernate.persister.walking.spi.MetamodelGraphWalker - Visiting attribute path : order.user
11:35:09.707 [Test worker] DEBUG org.hibernate.loader.plan.build.internal.spaces.QuerySpacesImpl - Adding QuerySpace : uid = <gen:3> -> org.hibernate.loader.plan.build.internal.spaces.EntityQuerySpaceImpl@41674c43]
11:35:09.707 [Test worker] DEBUG org.hibernate.persister.walking.spi.MetamodelGraphWalker - Visiting attribute path : order.user.email
11:35:09.707 [Test worker] DEBUG org.hibernate.persister.walking.spi.MetamodelGraphWalker - Visiting attribute path : order.user.orders
11:35:09.707 [Test worker] DEBUG org.hibernate.persister.walking.spi.MetamodelGraphWalker - Property path deemed to be circular : order.user.orders
11:35:09.707 [Test worker] DEBUG org.hibernate.persister.walking.spi.MetamodelGraphWalker - Visiting attribute path : order.user.password
11:35:09.707 [Test worker] DEBUG org.hibernate.persister.walking.spi.MetamodelGraphWalker - Visiting attribute path : order.user.refreshToken
11:35:09.707 [Test worker] DEBUG org.hibernate.persister.walking.spi.MetamodelGraphWalker - Visiting attribute path : order.user.role
11:35:09.707 [Test worker] DEBUG org.hibernate.loader.plan.build.internal.spaces.QuerySpacesImpl - Adding QuerySpace : uid = <gen:4> -> org.hibernate.loader.plan.build.internal.spaces.EntityQuerySpaceImpl@18da6d8b]
11:35:09.708 [Test worker] DEBUG org.hibernate.persister.walking.spi.MetamodelGraphWalker - Visiting attribute path : order.user.role.value
11:35:09.708 [Test worker] DEBUG org.hibernate.loader.plan.build.internal.FetchStyleLoadPlanBuildingAssociationVisitationStrategy - Building LoadPlan...
11:35:09.708 [Test worker] DEBUG org.hibernate.loader.plan.exec.internal.LoadQueryJoinAndFetchProcessor - processing queryspace <gen:0>
11:35:09.709 [Test worker] DEBUG org.hibernate.loader.plan.build.spi.LoadPlanTreePrinter - LoadPlan(collection=com.epam.esm.entity.GiftCertificate.orderCertificates)
    - Returns
       - CollectionReturnImpl(collection=com.epam.esm.entity.GiftCertificate.orderCertificates, querySpaceUid=<gen:0>, path=[com.epam.esm.entity.GiftCertificate.orderCertificates])
          - (collection element) CollectionFetchableElementEntityGraph(entity=com.epam.esm.entity.OrderCertificate, querySpaceUid=<gen:1>, path=[com.epam.esm.entity.GiftCertificate.orderCertificates].<elements>)
             - EntityAttributeFetchImpl(entity=com.epam.esm.entity.Order, querySpaceUid=<gen:2>, path=[com.epam.esm.entity.GiftCertificate.orderCertificates].<elements>.order)
                - EntityAttributeFetchImpl(entity=com.epam.esm.entity.User, querySpaceUid=<gen:3>, path=[com.epam.esm.entity.GiftCertificate.orderCertificates].<elements>.order.user)
                   - EntityAttributeFetchImpl(entity=com.epam.esm.entity.Role, querySpaceUid=<gen:4>, path=[com.epam.esm.entity.GiftCertificate.orderCertificates].<elements>.order.user.role)
    - QuerySpaces
       - CollectionQuerySpaceImpl(uid=<gen:0>, collection=com.epam.esm.entity.GiftCertificate.orderCertificates)
          - SQL table alias mapping - ordercerti0_
          - alias suffix - 0_
          - suffixed key columns - {certific4_6_0_}
          - entity-element alias suffix - 1_
          - 1_entity-element suffixed key columns - id1_6_1_
          - JOIN (JoinDefinedByMetadata(elements)) : <gen:0> -> <gen:1>
             - EntityQuerySpaceImpl(uid=<gen:1>, entity=com.epam.esm.entity.OrderCertificate)
                - SQL table alias mapping - ordercerti0_
                - alias suffix - 1_
                - suffixed key columns - {id1_6_1_}
                - JOIN (JoinDefinedByMetadata(order)) : <gen:1> -> <gen:2>
                   - EntityQuerySpaceImpl(uid=<gen:2>, entity=com.epam.esm.entity.Order)
                      - SQL table alias mapping - order1_
                      - alias suffix - 2_
                      - suffixed key columns - {id1_0_2_}
                      - JOIN (JoinDefinedByMetadata(user)) : <gen:2> -> <gen:3>
                         - EntityQuerySpaceImpl(uid=<gen:3>, entity=com.epam.esm.entity.User)
                            - SQL table alias mapping - user2_
                            - alias suffix - 3_
                            - suffixed key columns - {id1_2_3_}
                            - JOIN (JoinDefinedByMetadata(role)) : <gen:3> -> <gen:4>
                               - EntityQuerySpaceImpl(uid=<gen:4>, entity=com.epam.esm.entity.Role)
                                  - SQL table alias mapping - role3_
                                  - alias suffix - 4_
                                  - suffixed key columns - {id1_1_4_}

11:35:09.709 [Test worker] DEBUG org.hibernate.loader.collection.plan.CollectionLoader - Static select for collection com.epam.esm.entity.GiftCertificate.orderCertificates: select ordercerti0_.certificate_id as certific4_6_0_, ordercerti0_.id as id1_6_0_, ordercerti0_.id as id1_6_1_, ordercerti0_.certificate_id as certific4_6_1_, ordercerti0_.expiration_date as expirati2_6_1_, ordercerti0_.fixed_price as fixed_pr3_6_1_, ordercerti0_.order_id as order_id5_6_1_, order1_.id as id1_0_2_, order1_.active_status as active_s2_0_2_, order1_.created_at as created_3_0_2_, order1_.user_id as user_id4_0_2_, user2_.id as id1_2_3_, user2_.email as email2_2_3_, user2_.password as password3_2_3_, user2_.refresh_token as refresh_4_2_3_, user2_.role_id as role_id5_2_3_, role3_.id as id1_1_4_, role3_.value as value2_1_4_ from order_certificate ordercerti0_ left outer join application_order order1_ on ordercerti0_.order_id=order1_.id left outer join application_user user2_ on order1_.user_id=user2_.id left outer join application_role role3_ on user2_.role_id=role3_.id where ordercerti0_.certificate_id=?
11:35:09.709 [Test worker] DEBUG org.hibernate.loader.plan.build.internal.spaces.QuerySpacesImpl - Adding QuerySpace : uid = <gen:0> -> org.hibernate.loader.plan.build.internal.spaces.CollectionQuerySpaceImpl@3aac97ef]
11:35:09.709 [Test worker] DEBUG org.hibernate.loader.plan.build.internal.spaces.QuerySpacesImpl - Adding QuerySpace : uid = <gen:1> -> org.hibernate.loader.plan.build.internal.spaces.EntityQuerySpaceImpl@7f9738f5]
11:35:09.709 [Test worker] DEBUG org.hibernate.persister.walking.spi.MetamodelGraphWalker - Visiting attribute path : activeStatus
11:35:09.709 [Test worker] DEBUG org.hibernate.persister.walking.spi.MetamodelGraphWalker - Visiting attribute path : createdAt
11:35:09.709 [Test worker] DEBUG org.hibernate.persister.walking.spi.MetamodelGraphWalker - Visiting attribute path : orderCertificates
11:35:09.710 [Test worker] DEBUG org.hibernate.loader.plan.build.internal.spaces.QuerySpacesImpl - Adding QuerySpace : uid = <gen:2> -> org.hibernate.loader.plan.build.internal.spaces.CollectionQuerySpaceImpl@3dd4b8db]
11:35:09.710 [Test worker] DEBUG org.hibernate.loader.plan.build.internal.spaces.QuerySpacesImpl - Adding QuerySpace : uid = <gen:3> -> org.hibernate.loader.plan.build.internal.spaces.EntityQuerySpaceImpl@7bc26f04]
11:35:09.710 [Test worker] DEBUG org.hibernate.persister.walking.spi.MetamodelGraphWalker - Visiting attribute path : user
11:35:09.710 [Test worker] DEBUG org.hibernate.persister.walking.spi.MetamodelGraphWalker - Property path deemed to be circular : user
11:35:09.710 [Test worker] DEBUG org.hibernate.loader.plan.build.internal.FetchStyleLoadPlanBuildingAssociationVisitationStrategy - Building LoadPlan...
11:35:09.710 [Test worker] DEBUG org.hibernate.loader.plan.exec.internal.LoadQueryJoinAndFetchProcessor - processing queryspace <gen:0>
11:35:09.710 [Test worker] DEBUG org.hibernate.loader.plan.build.spi.LoadPlanTreePrinter - LoadPlan(collection=com.epam.esm.entity.User.orders)
    - Returns
       - CollectionReturnImpl(collection=com.epam.esm.entity.User.orders, querySpaceUid=<gen:0>, path=[com.epam.esm.entity.User.orders])
          - (collection element) CollectionFetchableElementEntityGraph(entity=com.epam.esm.entity.Order, querySpaceUid=<gen:1>, path=[com.epam.esm.entity.User.orders].<elements>)
             - CollectionAttributeFetchImpl(collection=com.epam.esm.entity.Order.orderCertificates, querySpaceUid=<gen:2>, path=[com.epam.esm.entity.User.orders].<elements>.orderCertificates)
                - (collection element) CollectionFetchableElementEntityGraph(entity=com.epam.esm.entity.OrderCertificate, querySpaceUid=<gen:3>, path=[com.epam.esm.entity.User.orders].<elements>.orderCertificates.<elements>)
    - QuerySpaces
       - CollectionQuerySpaceImpl(uid=<gen:0>, collection=com.epam.esm.entity.User.orders)
          - SQL table alias mapping - orders0_
          - alias suffix - 0_
          - suffixed key columns - {user_id4_0_0_}
          - entity-element alias suffix - 1_
          - 1_entity-element suffixed key columns - id1_0_1_
          - JOIN (JoinDefinedByMetadata(elements)) : <gen:0> -> <gen:1>
             - EntityQuerySpaceImpl(uid=<gen:1>, entity=com.epam.esm.entity.Order)
                - SQL table alias mapping - orders0_
                - alias suffix - 1_
                - suffixed key columns - {id1_0_1_}

11:35:09.711 [Test worker] DEBUG org.hibernate.loader.collection.plan.CollectionLoader - Static select for collection com.epam.esm.entity.User.orders: select orders0_.user_id as user_id4_0_0_, orders0_.id as id1_0_0_, orders0_.id as id1_0_1_, orders0_.active_status as active_s2_0_1_, orders0_.created_at as created_3_0_1_, orders0_.user_id as user_id4_0_1_ from application_order orders0_ where orders0_.user_id=?
11:35:09.742 [Test worker] DEBUG org.hibernate.SQL - drop table application_order if exists
11:35:09.745 [Test worker] DEBUG org.hibernate.SQL - drop table application_role if exists
11:35:09.745 [Test worker] DEBUG org.hibernate.SQL - drop table application_user if exists
11:35:09.745 [Test worker] DEBUG org.hibernate.SQL - drop table certificate if exists
11:35:09.745 [Test worker] DEBUG org.hibernate.SQL - drop table certificate_tag if exists
11:35:09.745 [Test worker] DEBUG org.hibernate.SQL - drop table entity if exists
11:35:09.745 [Test worker] DEBUG org.hibernate.SQL - drop table order_certificate if exists
11:35:09.745 [Test worker] DEBUG org.hibernate.SQL - drop table tag if exists
11:35:09.748 [Test worker] DEBUG org.hibernate.SQL - create table application_order (id bigint generated by default as identity, active_status boolean, created_at timestamp, user_id bigint, primary key (id))
11:35:09.756 [Test worker] DEBUG org.hibernate.SQL - create table application_role (id bigint generated by default as identity, value varchar(255), primary key (id))
11:35:09.757 [Test worker] DEBUG org.hibernate.SQL - create table application_user (id bigint generated by default as identity, email varchar(255), password varchar(255), refresh_token varchar(255), role_id bigint, primary key (id))
11:35:09.758 [Test worker] DEBUG org.hibernate.SQL - create table certificate (id bigint generated by default as identity, active_status boolean, creation_date date, description varchar(255), expiration_date date, modification_date date, name varchar(255), price decimal(19,2), primary key (id))
11:35:09.759 [Test worker] DEBUG org.hibernate.SQL - create table certificate_tag (certificate_id bigint not null, tag_id bigint not null, primary key (certificate_id, tag_id))
11:35:09.762 [Test worker] DEBUG org.hibernate.SQL - create table entity (id bigint generated by default as identity, primary key (id))
11:35:09.763 [Test worker] DEBUG org.hibernate.SQL - create table order_certificate (id bigint generated by default as identity, expiration_date date, fixed_price decimal(19,2), certificate_id bigint, order_id bigint, primary key (id))
11:35:09.765 [Test worker] DEBUG org.hibernate.SQL - create table tag (id bigint generated by default as identity, title varchar(255), primary key (id))
11:35:09.766 [Test worker] DEBUG org.hibernate.SQL - alter table tag add constraint UK_k5g3urrxw2ym0ls8vo6xfgs65 unique (title)
11:35:09.767 [Test worker] DEBUG org.hibernate.SQL - alter table application_order add constraint FKp4m4jwa9ds4e3gmsdtsvjcty3 foreign key (user_id) references application_user
11:35:09.773 [Test worker] DEBUG org.hibernate.SQL - alter table application_user add constraint FKkb3re6enordhsw7vy7ftgtna4 foreign key (role_id) references application_role
11:35:09.775 [Test worker] DEBUG org.hibernate.SQL - alter table certificate_tag add constraint FKk65jck3ppxm1p372l03sxdtcc foreign key (tag_id) references tag
11:35:09.777 [Test worker] DEBUG org.hibernate.SQL - alter table certificate_tag add constraint FKlrytco6nyamwxl72nog54iymx foreign key (certificate_id) references certificate
11:35:09.779 [Test worker] DEBUG org.hibernate.SQL - alter table order_certificate add constraint FKans0qrkplnas0le7if4ph8n2w foreign key (certificate_id) references certificate
11:35:09.781 [Test worker] DEBUG org.hibernate.SQL - alter table order_certificate add constraint FKlylopteltw5t82w63stck3tb8 foreign key (order_id) references application_order
11:35:09.783 [Test worker] INFO org.hibernate.tool.schema.internal.SchemaCreatorImpl - HHH000476: Executing import script 'org.hibernate.tool.schema.internal.exec.ScriptSourceInputNonExistentImpl@29fb4093'
11:35:09.785 [Test worker] DEBUG org.hibernate.query.spi.NamedQueryRepository - Checking 0 named HQL queries
11:35:09.785 [Test worker] DEBUG org.hibernate.query.spi.NamedQueryRepository - Checking 0 named SQL queries
11:35:09.786 [Test worker] DEBUG org.hibernate.internal.SessionFactoryRegistry - Initializing SessionFactoryRegistry : org.hibernate.internal.SessionFactoryRegistry@7cb33896
11:35:09.786 [Test worker] DEBUG org.hibernate.internal.SessionFactoryRegistry - Registering SessionFactory: ee01e9cd-5769-47dd-8639-db107aa87399 (<unnamed>)
11:35:09.786 [Test worker] DEBUG org.hibernate.internal.SessionFactoryRegistry - Not binding SessionFactory to JNDI, no JNDI name configured
11:35:09.786 [Test worker] INFO org.springframework.orm.jpa.LocalContainerEntityManagerFactoryBean - Initialized JPA EntityManagerFactory for persistence unit 'default'
11:35:09.790 [Test worker] DEBUG org.springframework.jdbc.datasource.DataSourceUtils - Fetching JDBC Connection from DataSource
11:35:09.792 [Test worker] DEBUG org.springframework.beans.factory.support.DefaultListableBeanFactory - Creating shared instance of singleton bean 'testConfig'
11:35:09.793 [Test worker] DEBUG org.springframework.beans.factory.support.DefaultListableBeanFactory - Creating shared instance of singleton bean 'EMCertificateRepository'
11:35:09.795 [Test worker] DEBUG org.springframework.beans.factory.support.DefaultListableBeanFactory - Creating shared instance of singleton bean 'org.springframework.orm.jpa.SharedEntityManagerCreator#0'
11:35:09.809 [Test worker] DEBUG org.springframework.beans.factory.support.DefaultListableBeanFactory - Creating shared instance of singleton bean 'criteriaBuilderHelper'
11:35:09.810 [Test worker] DEBUG org.springframework.beans.factory.support.DefaultListableBeanFactory - Autowiring by type from bean name 'EMCertificateRepository' via constructor to bean named 'org.springframework.orm.jpa.SharedEntityManagerCreator#0'
11:35:09.810 [Test worker] DEBUG org.springframework.beans.factory.support.DefaultListableBeanFactory - Autowiring by type from bean name 'EMCertificateRepository' via constructor to bean named 'criteriaBuilderHelper'
11:35:09.823 [Test worker] DEBUG org.springframework.beans.factory.support.DefaultListableBeanFactory - Creating shared instance of singleton bean 'EMOrderCertificateRepository'
11:35:09.824 [Test worker] DEBUG org.springframework.beans.factory.support.DefaultListableBeanFactory - Autowiring by type from bean name 'EMOrderCertificateRepository' via constructor to bean named 'org.springframework.orm.jpa.SharedEntityManagerCreator#0'
11:35:09.828 [Test worker] DEBUG org.springframework.beans.factory.support.DefaultListableBeanFactory - Creating shared instance of singleton bean 'EMOrderRepository'
11:35:09.830 [Test worker] DEBUG org.springframework.beans.factory.support.DefaultListableBeanFactory - Autowiring by type from bean name 'EMOrderRepository' via constructor to bean named 'org.springframework.orm.jpa.SharedEntityManagerCreator#0'
11:35:09.834 [Test worker] DEBUG org.springframework.beans.factory.support.DefaultListableBeanFactory - Creating shared instance of singleton bean 'EMTagRepository'
11:35:09.836 [Test worker] DEBUG org.springframework.beans.factory.support.DefaultListableBeanFactory - Autowiring by type from bean name 'EMTagRepository' via constructor to bean named 'org.springframework.orm.jpa.SharedEntityManagerCreator#0'
11:35:09.841 [Test worker] DEBUG org.springframework.beans.factory.support.DefaultListableBeanFactory - Creating shared instance of singleton bean 'EMUserRepository'
11:35:09.842 [Test worker] DEBUG org.springframework.beans.factory.support.DefaultListableBeanFactory - Autowiring by type from bean name 'EMUserRepository' via constructor to bean named 'org.springframework.orm.jpa.SharedEntityManagerCreator#0'
11:35:09.846 [Test worker] DEBUG org.springframework.beans.factory.support.DefaultListableBeanFactory - Creating shared instance of singleton bean 'org.springframework.boot.autoconfigure.context.PropertyPlaceholderAutoConfiguration'
11:35:09.847 [Test worker] DEBUG org.springframework.beans.factory.support.DefaultListableBeanFactory - Creating shared instance of singleton bean 'org.springframework.boot.autoconfigure.task.TaskExecutionAutoConfiguration'
11:35:09.847 [Test worker] DEBUG org.springframework.core.LocalVariableTableParameterNameDiscoverer - Cannot find '.class' file for class [class org.springframework.boot.autoconfigure.task.TaskExecutionAutoConfiguration$$EnhancerBySpringCGLIB$$60a95150] - unable to determine constructor/method parameter names
11:35:09.848 [Test worker] DEBUG org.springframework.beans.factory.support.DefaultListableBeanFactory - Creating shared instance of singleton bean 'spring.task.execution-org.springframework.boot.autoconfigure.task.TaskExecutionProperties'
11:35:09.850 [Test worker] DEBUG org.springframework.beans.factory.support.DefaultListableBeanFactory - Autowiring by type from bean name 'org.springframework.boot.autoconfigure.task.TaskExecutionAutoConfiguration' via constructor to bean named 'spring.task.execution-org.springframework.boot.autoconfigure.task.TaskExecutionProperties'
11:35:09.850 [Test worker] DEBUG org.springframework.beans.factory.support.DefaultListableBeanFactory - Creating shared instance of singleton bean 'taskExecutorBuilder'
11:35:09.855 [Test worker] DEBUG org.springframework.beans.factory.support.DefaultListableBeanFactory - Creating shared instance of singleton bean 'org.springframework.boot.autoconfigure.validation.ValidationAutoConfiguration'
11:35:09.856 [Test worker] DEBUG org.springframework.beans.factory.support.DefaultListableBeanFactory - Creating shared instance of singleton bean 'defaultValidator'
11:35:09.859 [Test worker] DEBUG org.hibernate.validator.internal.engine.resolver.TraversableResolvers - Found javax.persistence.Persistence on classpath containing 'getPersistenceUtil'. Assuming JPA 2 environment. Trying to instantiate JPA aware TraversableResolver
11:35:09.859 [Test worker] DEBUG org.hibernate.validator.internal.engine.resolver.TraversableResolvers - Instantiated JPA aware TraversableResolver of type org.hibernate.validator.internal.engine.resolver.JPATraversableResolver.
11:35:09.859 [Test worker] DEBUG org.hibernate.validator.messageinterpolation.ResourceBundleMessageInterpolator - Loaded expression factory via original TCCL
11:35:09.860 [Test worker] DEBUG org.hibernate.validator.internal.engine.resolver.TraversableResolvers - Found javax.persistence.Persistence on classpath containing 'getPersistenceUtil'. Assuming JPA 2 environment. Trying to instantiate JPA aware TraversableResolver
11:35:09.860 [Test worker] DEBUG org.hibernate.validator.internal.engine.resolver.TraversableResolvers - Instantiated JPA aware TraversableResolver of type org.hibernate.validator.internal.engine.resolver.JPATraversableResolver.
11:35:09.861 [Test worker] DEBUG org.hibernate.validator.internal.engine.ConfigurationImpl - Setting custom MessageInterpolator of type org.springframework.validation.beanvalidation.LocaleContextMessageInterpolator
11:35:09.861 [Test worker] DEBUG org.hibernate.validator.internal.engine.ConfigurationImpl - Setting custom ConstraintValidatorFactory of type org.springframework.validation.beanvalidation.SpringConstraintValidatorFactory
11:35:09.862 [Test worker] DEBUG org.hibernate.validator.internal.engine.ConfigurationImpl - Setting custom ParameterNameProvider of type org.springframework.validation.beanvalidation.LocalValidatorFactoryBean$1
11:35:09.862 [Test worker] DEBUG org.hibernate.validator.internal.xml.config.ValidationXmlParser - Trying to load META-INF/validation.xml for XML based Validator configuration.
11:35:09.862 [Test worker] DEBUG org.hibernate.validator.internal.xml.config.ResourceLoaderHelper - Trying to load META-INF/validation.xml via user class loader
11:35:09.863 [Test worker] DEBUG org.hibernate.validator.internal.xml.config.ResourceLoaderHelper - Trying to load META-INF/validation.xml via TCCL
11:35:09.863 [Test worker] DEBUG org.hibernate.validator.internal.xml.config.ResourceLoaderHelper - Trying to load META-INF/validation.xml via Hibernate Validator's class loader
11:35:09.863 [Test worker] DEBUG org.hibernate.validator.internal.xml.config.ValidationXmlParser - No META-INF/validation.xml found. Using annotation based configuration only.
11:35:09.868 [Test worker] DEBUG org.hibernate.validator.internal.engine.ValidatorFactoryImpl - HV000234: Using org.springframework.validation.beanvalidation.LocaleContextMessageInterpolator as ValidatorFactory-scoped message interpolator.
11:35:09.868 [Test worker] DEBUG org.hibernate.validator.internal.engine.ValidatorFactoryImpl - HV000234: Using org.hibernate.validator.internal.engine.resolver.JPATraversableResolver as ValidatorFactory-scoped traversable resolver.
11:35:09.868 [Test worker] DEBUG org.hibernate.validator.internal.engine.ValidatorFactoryImpl - HV000234: Using org.hibernate.validator.internal.util.ExecutableParameterNameProvider as ValidatorFactory-scoped parameter name provider.
11:35:09.868 [Test worker] DEBUG org.hibernate.validator.internal.engine.ValidatorFactoryImpl - HV000234: Using org.hibernate.validator.internal.engine.DefaultClockProvider as ValidatorFactory-scoped clock provider.
11:35:09.868 [Test worker] DEBUG org.hibernate.validator.internal.engine.ValidatorFactoryImpl - HV000234: Using org.hibernate.validator.internal.engine.scripting.DefaultScriptEvaluatorFactory as ValidatorFactory-scoped script evaluator factory.
11:35:09.870 [Test worker] DEBUG org.springframework.beans.factory.support.DefaultListableBeanFactory - Creating shared instance of singleton bean 'org.springframework.boot.autoconfigure.security.oauth2.client.OAuth2RestOperationsConfiguration$SingletonScopedConfiguration'
11:35:09.871 [Test worker] DEBUG org.springframework.beans.factory.support.DefaultListableBeanFactory - Creating shared instance of singleton bean 'oauth2RemoteResource'
11:35:09.876 [Test worker] DEBUG org.springframework.beans.factory.support.DefaultListableBeanFactory - Creating shared instance of singleton bean 'oauth2ClientContext'
11:35:09.877 [Test worker] DEBUG org.springframework.beans.factory.support.DefaultListableBeanFactory - Creating shared instance of singleton bean 'org.springframework.boot.autoconfigure.security.oauth2.client.OAuth2RestOperationsConfiguration'
11:35:09.878 [Test worker] DEBUG org.springframework.beans.factory.support.DefaultListableBeanFactory - Creating shared instance of singleton bean 'org.springframework.boot.autoconfigure.security.oauth2.OAuth2AutoConfiguration'
11:35:09.878 [Test worker] DEBUG org.springframework.core.LocalVariableTableParameterNameDiscoverer - Cannot find '.class' file for class [class org.springframework.boot.autoconfigure.security.oauth2.OAuth2AutoConfiguration$$EnhancerBySpringCGLIB$$8c53747a] - unable to determine constructor/method parameter names
11:35:09.879 [Test worker] DEBUG org.springframework.beans.factory.support.DefaultListableBeanFactory - Creating shared instance of singleton bean 'security.oauth2.client-org.springframework.boot.autoconfigure.security.oauth2.OAuth2ClientProperties'
11:35:09.880 [Test worker] DEBUG org.springframework.beans.factory.support.DefaultListableBeanFactory - Autowiring by type from bean name 'org.springframework.boot.autoconfigure.security.oauth2.OAuth2AutoConfiguration' via constructor to bean named 'security.oauth2.client-org.springframework.boot.autoconfigure.security.oauth2.OAuth2ClientProperties'
11:35:09.880 [Test worker] DEBUG org.springframework.beans.factory.support.DefaultListableBeanFactory - Creating shared instance of singleton bean 'resourceServerProperties'
11:35:09.886 [Test worker] DEBUG org.springframework.beans.factory.support.DefaultListableBeanFactory - Creating shared instance of singleton bean 'org.springframework.boot.autoconfigure.jmx.JmxAutoConfiguration'
11:35:09.889 [Test worker] DEBUG org.springframework.beans.factory.support.DefaultListableBeanFactory - Creating shared instance of singleton bean 'mbeanExporter'
11:35:09.889 [Test worker] DEBUG org.springframework.beans.factory.support.DefaultListableBeanFactory - Creating shared instance of singleton bean 'objectNamingStrategy'
11:35:09.893 [Test worker] DEBUG org.springframework.beans.factory.support.DefaultListableBeanFactory - Autowiring by type from bean name 'mbeanExporter' via factory method to bean named 'objectNamingStrategy'
11:35:09.899 [Test worker] DEBUG org.springframework.beans.factory.support.DefaultListableBeanFactory - Creating shared instance of singleton bean 'mbeanServer'
11:35:09.990 [Test worker] DEBUG org.springframework.jmx.support.JmxUtils - Found MBeanServer: com.sun.jmx.mbeanserver.JmxMBeanServer@6089103
11:35:09.998 [Test worker] DEBUG org.springframework.beans.factory.support.DefaultListableBeanFactory - Creating shared instance of singleton bean 'org.springframework.boot.autoconfigure.aop.AopAutoConfiguration$CglibAutoProxyConfiguration'
11:35:09.999 [Test worker] DEBUG org.springframework.beans.factory.support.DefaultListableBeanFactory - Creating shared instance of singleton bean 'org.springframework.boot.autoconfigure.aop.AopAutoConfiguration'
11:35:10.000 [Test worker] DEBUG org.springframework.beans.factory.support.DefaultListableBeanFactory - Creating shared instance of singleton bean 'org.springframework.boot.autoconfigure.transaction.jta.JtaAutoConfiguration'
11:35:10.000 [Test worker] DEBUG org.springframework.beans.factory.support.DefaultListableBeanFactory - Creating shared instance of singleton bean 'org.springframework.boot.autoconfigure.jdbc.DataSourceJmxConfiguration$Hikari'
11:35:10.001 [Test worker] DEBUG org.springframework.core.LocalVariableTableParameterNameDiscoverer - Cannot find '.class' file for class [class org.springframework.boot.autoconfigure.jdbc.DataSourceJmxConfiguration$Hikari$$EnhancerBySpringCGLIB$$beae19e4] - unable to determine constructor/method parameter names
11:35:10.002 [Test worker] DEBUG org.springframework.beans.factory.support.DefaultListableBeanFactory - Autowiring by type from bean name 'org.springframework.boot.autoconfigure.jdbc.DataSourceJmxConfiguration$Hikari' via constructor to bean named 'dataSource'
11:35:10.003 [Test worker] DEBUG org.springframework.beans.factory.support.DefaultListableBeanFactory - Creating shared instance of singleton bean 'org.springframework.boot.autoconfigure.jdbc.DataSourceJmxConfiguration'
11:35:10.004 [Test worker] DEBUG org.springframework.beans.factory.support.DefaultListableBeanFactory - Creating shared instance of singleton bean 'org.springframework.boot.autoconfigure.jdbc.DataSourceAutoConfiguration$PooledDataSourceConfiguration'
11:35:10.005 [Test worker] DEBUG org.springframework.beans.factory.support.DefaultListableBeanFactory - Creating shared instance of singleton bean 'org.springframework.boot.autoconfigure.jdbc.metadata.DataSourcePoolMetadataProvidersConfiguration'
11:35:10.005 [Test worker] DEBUG org.springframework.beans.factory.support.DefaultListableBeanFactory - Creating shared instance of singleton bean 'org.springframework.boot.autoconfigure.jdbc.DataSourceInitializationConfiguration'
11:35:10.006 [Test worker] DEBUG org.springframework.beans.factory.support.DefaultListableBeanFactory - Creating shared instance of singleton bean 'org.springframework.boot.autoconfigure.jdbc.DataSourceAutoConfiguration'
11:35:10.006 [Test worker] DEBUG org.springframework.beans.factory.support.DefaultListableBeanFactory - Creating shared instance of singleton bean 'transactionManager'
11:35:10.018 [Test worker] DEBUG org.springframework.beans.factory.support.DefaultListableBeanFactory - Creating shared instance of singleton bean 'org.springframework.boot.autoconfigure.orm.jpa.HibernateJpaAutoConfiguration'
11:35:10.019 [Test worker] DEBUG org.springframework.beans.factory.support.DefaultListableBeanFactory - Creating shared instance of singleton bean 'org.springframework.boot.autoconfigure.context.ConfigurationPropertiesAutoConfiguration'
11:35:10.020 [Test worker] DEBUG org.springframework.beans.factory.support.DefaultListableBeanFactory - Creating shared instance of singleton bean 'org.springframework.boot.autoconfigure.dao.PersistenceExceptionTranslationAutoConfiguration'
11:35:10.021 [Test worker] DEBUG org.springframework.beans.factory.support.DefaultListableBeanFactory - Creating shared instance of singleton bean 'org.springframework.boot.autoconfigure.data.jpa.JpaRepositoriesAutoConfiguration'
11:35:10.022 [Test worker] DEBUG org.springframework.beans.factory.support.DefaultListableBeanFactory - Creating shared instance of singleton bean 'org.springframework.data.jpa.util.JpaMetamodelCacheCleanup'
11:35:10.022 [Test worker] DEBUG org.springframework.beans.factory.support.DefaultListableBeanFactory - Creating shared instance of singleton bean 'org.springframework.data.jpa.repository.support.JpaEvaluationContextExtension'
11:35:10.024 [Test worker] DEBUG org.springframework.beans.factory.support.DefaultListableBeanFactory - Creating shared instance of singleton bean 'orderRepository'
11:35:10.063 [Test worker] DEBUG org.springframework.beans.factory.support.DefaultListableBeanFactory - Creating shared instance of singleton bean 'jpaMappingContext'
11:35:10.064 [Test worker] DEBUG org.springframework.data.jpa.repository.config.JpaMetamodelMappingContextFactoryBean - Initializing JpaMetamodelMappingContext…
11:35:10.072 [Test worker] DEBUG org.springframework.data.jpa.repository.config.JpaMetamodelMappingContextFactoryBean - Finished initializing JpaMetamodelMappingContext!
11:35:10.081 [Test worker] DEBUG org.springframework.orm.jpa.SharedEntityManagerCreator$SharedEntityManagerInvocationHandler - Creating new EntityManager for shared EntityManager invocation
11:35:10.140 [Test worker] DEBUG org.hibernate.stat.internal.StatisticsInitiator - Statistics initialized [enabled=false]
11:35:10.147 [Test worker] DEBUG org.springframework.orm.jpa.SharedEntityManagerCreator$SharedEntityManagerInvocationHandler - Creating new EntityManager for shared EntityManager invocation
11:35:10.220 [Test worker] DEBUG org.springframework.data.repository.core.support.RepositoryFactorySupport - Initializing repository instance for com.epam.esm.repository.jpa.OrderRepository…
11:35:10.234 [Test worker] DEBUG org.springframework.orm.jpa.SharedEntityManagerCreator$SharedEntityManagerInvocationHandler - Creating new EntityManager for shared EntityManager invocation
11:35:10.261 [Test worker] DEBUG org.springframework.orm.jpa.SharedEntityManagerCreator$SharedEntityManagerInvocationHandler - Creating new EntityManager for shared EntityManager invocation
11:35:10.271 [Test worker] DEBUG org.springframework.data.repository.core.support.RepositoryFactorySupport - Finished creation of repository instance for com.epam.esm.repository.jpa.OrderRepository.
11:35:10.273 [Test worker] DEBUG org.springframework.beans.factory.support.DefaultListableBeanFactory - Creating shared instance of singleton bean 'tagRepository'
11:35:10.277 [Test worker] DEBUG org.springframework.orm.jpa.SharedEntityManagerCreator$SharedEntityManagerInvocationHandler - Creating new EntityManager for shared EntityManager invocation
11:35:10.278 [Test worker] DEBUG org.springframework.data.repository.core.support.RepositoryFactorySupport - Initializing repository instance for com.epam.esm.repository.jpa.TagRepository…
11:35:10.279 [Test worker] DEBUG org.springframework.orm.jpa.SharedEntityManagerCreator$SharedEntityManagerInvocationHandler - Creating new EntityManager for shared EntityManager invocation
11:35:10.280 [Test worker] DEBUG org.springframework.orm.jpa.SharedEntityManagerCreator$SharedEntityManagerInvocationHandler - Creating new EntityManager for shared EntityManager invocation
11:35:10.294 [Test worker] DEBUG org.springframework.data.jpa.repository.query.JpaQueryFactory - Looking up query for method findByTitle
11:35:10.297 [Test worker] DEBUG org.springframework.data.jpa.repository.query.NamedQuery - Looking up named query Tag.findByTitle
11:35:10.299 [Test worker] DEBUG org.hibernate.engine.transaction.internal.TransactionImpl - On TransactionImpl creation, JpaCompliance#isJpaTransactionComplianceEnabled == false
11:35:10.299 [Test worker] DEBUG org.springframework.data.jpa.repository.query.NamedQuery - Did not find named query Tag.findByTitle
11:35:10.301 [Test worker] DEBUG org.springframework.orm.jpa.SharedEntityManagerCreator$SharedEntityManagerInvocationHandler - Creating new EntityManager for shared EntityManager invocation
11:35:10.373 [Test worker] DEBUG org.springframework.data.jpa.repository.query.JpaQueryFactory - Looking up query for method findTagsByCertificate
11:35:10.373 [Test worker] DEBUG org.springframework.orm.jpa.SharedEntityManagerCreator$SharedEntityManagerInvocationHandler - Creating new EntityManager for shared EntityManager invocation
11:35:10.377 [Test worker] DEBUG org.springframework.data.jpa.repository.query.JpaQueryFactory - Looking up query for method existsByTitle
11:35:10.377 [Test worker] DEBUG org.springframework.data.jpa.repository.query.NamedQuery - Looking up named query Tag.existsByTitle
11:35:10.377 [Test worker] DEBUG org.hibernate.engine.transaction.internal.TransactionImpl - On TransactionImpl creation, JpaCompliance#isJpaTransactionComplianceEnabled == false
11:35:10.378 [Test worker] DEBUG org.springframework.data.jpa.repository.query.NamedQuery - Did not find named query Tag.existsByTitle
11:35:10.378 [Test worker] DEBUG org.springframework.orm.jpa.SharedEntityManagerCreator$SharedEntityManagerInvocationHandler - Creating new EntityManager for shared EntityManager invocation
11:35:10.384 [Test worker] DEBUG org.springframework.data.repository.core.support.RepositoryFactorySupport - Finished creation of repository instance for com.epam.esm.repository.jpa.TagRepository.
11:35:10.384 [Test worker] DEBUG org.springframework.beans.factory.support.DefaultListableBeanFactory - Creating shared instance of singleton bean 'certificateRepository'
11:35:10.390 [Test worker] DEBUG org.springframework.orm.jpa.SharedEntityManagerCreator$SharedEntityManagerInvocationHandler - Creating new EntityManager for shared EntityManager invocation
11:35:10.391 [Test worker] DEBUG org.springframework.data.repository.core.support.RepositoryFactorySupport - Initializing repository instance for com.epam.esm.repository.jpa.CertificateRepository…
11:35:10.392 [Test worker] DEBUG org.springframework.orm.jpa.SharedEntityManagerCreator$SharedEntityManagerInvocationHandler - Creating new EntityManager for shared EntityManager invocation
11:35:10.393 [Test worker] DEBUG org.springframework.orm.jpa.SharedEntityManagerCreator$SharedEntityManagerInvocationHandler - Creating new EntityManager for shared EntityManager invocation
11:35:10.395 [Test worker] DEBUG org.springframework.data.jpa.repository.query.JpaQueryFactory - Looking up query for method findByName
11:35:10.395 [Test worker] DEBUG org.springframework.data.jpa.repository.query.NamedQuery - Looking up named query GiftCertificate.findByName
11:35:10.396 [Test worker] DEBUG org.hibernate.engine.transaction.internal.TransactionImpl - On TransactionImpl creation, JpaCompliance#isJpaTransactionComplianceEnabled == false
11:35:10.396 [Test worker] DEBUG org.springframework.data.jpa.repository.query.NamedQuery - Did not find named query GiftCertificate.findByName
11:35:10.396 [Test worker] DEBUG org.springframework.orm.jpa.SharedEntityManagerCreator$SharedEntityManagerInvocationHandler - Creating new EntityManager for shared EntityManager invocation
11:35:10.398 [Test worker] DEBUG org.springframework.data.jpa.repository.query.JpaQueryFactory - Looking up query for method findByTagsId
11:35:10.398 [Test worker] DEBUG org.springframework.data.jpa.repository.query.NamedQuery - Looking up named query GiftCertificate.findByTagsId
11:35:10.398 [Test worker] DEBUG org.hibernate.engine.transaction.internal.TransactionImpl - On TransactionImpl creation, JpaCompliance#isJpaTransactionComplianceEnabled == false
11:35:10.398 [Test worker] DEBUG org.springframework.data.jpa.repository.query.NamedQuery - Did not find named query GiftCertificate.findByTagsId
11:35:10.398 [Test worker] DEBUG org.springframework.orm.jpa.SharedEntityManagerCreator$SharedEntityManagerInvocationHandler - Creating new EntityManager for shared EntityManager invocation
11:35:10.406 [Test worker] DEBUG org.springframework.data.jpa.repository.query.JpaQueryFactory - Looking up query for method deleteLink
11:35:10.407 [Test worker] DEBUG org.springframework.orm.jpa.SharedEntityManagerCreator$SharedEntityManagerInvocationHandler - Creating new EntityManager for shared EntityManager invocation
11:35:10.414 [Test worker] DEBUG org.springframework.data.repository.core.support.RepositoryFactorySupport - Finished creation of repository instance for com.epam.esm.repository.jpa.CertificateRepository.
11:35:10.414 [Test worker] DEBUG org.springframework.beans.factory.support.DefaultListableBeanFactory - Creating shared instance of singleton bean 'userRepository'
11:35:10.419 [Test worker] DEBUG org.springframework.orm.jpa.SharedEntityManagerCreator$SharedEntityManagerInvocationHandler - Creating new EntityManager for shared EntityManager invocation
11:35:10.420 [Test worker] DEBUG org.springframework.data.repository.core.support.RepositoryFactorySupport - Initializing repository instance for com.epam.esm.repository.jpa.UserRepository…
11:35:10.421 [Test worker] DEBUG org.springframework.orm.jpa.SharedEntityManagerCreator$SharedEntityManagerInvocationHandler - Creating new EntityManager for shared EntityManager invocation
11:35:10.421 [Test worker] DEBUG org.springframework.orm.jpa.SharedEntityManagerCreator$SharedEntityManagerInvocationHandler - Creating new EntityManager for shared EntityManager invocation
11:35:10.423 [Test worker] DEBUG org.springframework.data.jpa.repository.query.JpaQueryFactory - Looking up query for method findByEmail
11:35:10.423 [Test worker] DEBUG org.springframework.data.jpa.repository.query.NamedQuery - Looking up named query User.findByEmail
11:35:10.423 [Test worker] DEBUG org.hibernate.engine.transaction.internal.TransactionImpl - On TransactionImpl creation, JpaCompliance#isJpaTransactionComplianceEnabled == false
11:35:10.423 [Test worker] DEBUG org.springframework.data.jpa.repository.query.NamedQuery - Did not find named query User.findByEmail
11:35:10.424 [Test worker] DEBUG org.springframework.orm.jpa.SharedEntityManagerCreator$SharedEntityManagerInvocationHandler - Creating new EntityManager for shared EntityManager invocation
11:35:10.429 [Test worker] DEBUG org.springframework.data.repository.core.support.RepositoryFactorySupport - Finished creation of repository instance for com.epam.esm.repository.jpa.UserRepository.
11:35:10.429 [Test worker] DEBUG org.springframework.beans.factory.support.DefaultListableBeanFactory - Creating shared instance of singleton bean 'org.springframework.boot.autoconfigure.jackson.JacksonAutoConfiguration$Jackson2ObjectMapperBuilderCustomizerConfiguration'
11:35:10.430 [Test worker] DEBUG org.springframework.beans.factory.support.DefaultListableBeanFactory - Creating shared instance of singleton bean 'standardJacksonObjectMapperBuilderCustomizer'
11:35:10.430 [Test worker] DEBUG org.springframework.beans.factory.support.DefaultListableBeanFactory - Creating shared instance of singleton bean 'spring.jackson-org.springframework.boot.autoconfigure.jackson.JacksonProperties'
11:35:10.434 [Test worker] DEBUG org.springframework.beans.factory.support.DefaultListableBeanFactory - Autowiring by type from bean name 'standardJacksonObjectMapperBuilderCustomizer' via factory method to bean named 'org.springframework.context.support.GenericApplicationContext@74b4d66f'
11:35:10.434 [Test worker] DEBUG org.springframework.beans.factory.support.DefaultListableBeanFactory - Autowiring by type from bean name 'standardJacksonObjectMapperBuilderCustomizer' via factory method to bean named 'spring.jackson-org.springframework.boot.autoconfigure.jackson.JacksonProperties'
11:35:10.437 [Test worker] DEBUG org.springframework.beans.factory.support.DefaultListableBeanFactory - Creating shared instance of singleton bean 'org.springframework.boot.autoconfigure.jackson.JacksonAutoConfiguration$JacksonObjectMapperBuilderConfiguration'
11:35:10.438 [Test worker] DEBUG org.springframework.core.LocalVariableTableParameterNameDiscoverer - Cannot find '.class' file for class [class org.springframework.boot.autoconfigure.jackson.JacksonAutoConfiguration$JacksonObjectMapperBuilderConfiguration$$EnhancerBySpringCGLIB$$e2e9fa24] - unable to determine constructor/method parameter names
11:35:10.438 [Test worker] DEBUG org.springframework.beans.factory.support.DefaultListableBeanFactory - Autowiring by type from bean name 'org.springframework.boot.autoconfigure.jackson.JacksonAutoConfiguration$JacksonObjectMapperBuilderConfiguration' via constructor to bean named 'org.springframework.context.support.GenericApplicationContext@74b4d66f'
11:35:10.438 [Test worker] DEBUG org.springframework.beans.factory.support.DefaultListableBeanFactory - Creating shared instance of singleton bean 'jacksonObjectMapperBuilder'
11:35:10.439 [Test worker] DEBUG org.springframework.beans.factory.support.DefaultListableBeanFactory - Autowiring by type from bean name 'jacksonObjectMapperBuilder' via factory method to bean named 'standardJacksonObjectMapperBuilderCustomizer'
11:35:10.446 [Test worker] DEBUG org.springframework.beans.factory.support.DefaultListableBeanFactory - Creating shared instance of singleton bean 'parameterNamesModule'
11:35:10.447 [Test worker] DEBUG org.springframework.beans.factory.support.DefaultListableBeanFactory - Creating shared instance of singleton bean 'org.springframework.boot.autoconfigure.jackson.JacksonAutoConfiguration$ParameterNamesModuleConfiguration'
11:35:10.458 [Test worker] DEBUG org.springframework.beans.factory.support.DefaultListableBeanFactory - Creating shared instance of singleton bean 'jsonComponentModule'
11:35:10.458 [Test worker] DEBUG org.springframework.beans.factory.support.DefaultListableBeanFactory - Creating shared instance of singleton bean 'org.springframework.boot.autoconfigure.jackson.JacksonAutoConfiguration'
11:35:10.467 [Test worker] DEBUG org.springframework.beans.factory.support.DefaultListableBeanFactory - Creating shared instance of singleton bean 'org.springframework.boot.autoconfigure.jackson.JacksonAutoConfiguration$JacksonObjectMapperConfiguration'
11:35:10.468 [Test worker] DEBUG org.springframework.beans.factory.support.DefaultListableBeanFactory - Creating shared instance of singleton bean 'jacksonObjectMapper'
11:35:10.468 [Test worker] DEBUG org.springframework.beans.factory.support.DefaultListableBeanFactory - Autowiring by type from bean name 'jacksonObjectMapper' via factory method to bean named 'jacksonObjectMapperBuilder'
11:35:10.638 [Test worker] DEBUG org.springframework.beans.factory.support.DefaultListableBeanFactory - Creating shared instance of singleton bean 'org.springframework.boot.autoconfigure.http.HttpMessageConvertersAutoConfiguration$StringHttpMessageConverterConfiguration'
11:35:10.639 [Test worker] DEBUG org.springframework.core.LocalVariableTableParameterNameDiscoverer - Cannot find '.class' file for class [class org.springframework.boot.autoconfigure.http.HttpMessageConvertersAutoConfiguration$StringHttpMessageConverterConfiguration$$EnhancerBySpringCGLIB$$224b4aae] - unable to determine constructor/method parameter names
11:35:10.639 [Test worker] DEBUG org.springframework.beans.factory.support.DefaultListableBeanFactory - Creating shared instance of singleton bean 'spring.http-org.springframework.boot.autoconfigure.http.HttpProperties'
11:35:10.640 [Test worker] DEBUG org.springframework.beans.factory.support.DefaultListableBeanFactory - Autowiring by type from bean name 'org.springframework.boot.autoconfigure.http.HttpMessageConvertersAutoConfiguration$StringHttpMessageConverterConfiguration' via constructor to bean named 'spring.http-org.springframework.boot.autoconfigure.http.HttpProperties'
11:35:10.641 [Test worker] DEBUG org.springframework.beans.factory.support.DefaultListableBeanFactory - Creating shared instance of singleton bean 'stringHttpMessageConverter'
11:35:10.650 [Test worker] DEBUG org.springframework.beans.factory.support.DefaultListableBeanFactory - Creating shared instance of singleton bean 'org.springframework.boot.autoconfigure.http.JacksonHttpMessageConvertersConfiguration$MappingJackson2HttpMessageConverterConfiguration'
11:35:10.650 [Test worker] DEBUG org.springframework.beans.factory.support.DefaultListableBeanFactory - Creating shared instance of singleton bean 'mappingJackson2HttpMessageConverter'
11:35:10.651 [Test worker] DEBUG org.springframework.beans.factory.support.DefaultListableBeanFactory - Autowiring by type from bean name 'mappingJackson2HttpMessageConverter' via factory method to bean named 'jacksonObjectMapper'
11:35:10.655 [Test worker] DEBUG org.springframework.beans.factory.support.DefaultListableBeanFactory - Creating shared instance of singleton bean 'org.springframework.boot.autoconfigure.http.JacksonHttpMessageConvertersConfiguration'
11:35:10.655 [Test worker] DEBUG org.springframework.beans.factory.support.DefaultListableBeanFactory - Creating shared instance of singleton bean 'org.springframework.boot.autoconfigure.http.HttpMessageConvertersAutoConfiguration'
11:35:10.656 [Test worker] DEBUG org.springframework.core.LocalVariableTableParameterNameDiscoverer - Cannot find '.class' file for class [class org.springframework.boot.autoconfigure.http.HttpMessageConvertersAutoConfiguration$$EnhancerBySpringCGLIB$$ef3d840e] - unable to determine constructor/method parameter names
11:35:10.658 [Test worker] DEBUG org.springframework.beans.factory.support.DefaultListableBeanFactory - Creating shared instance of singleton bean 'messageConverters'
11:35:10.685 [Test worker] DEBUG org.springframework.beans.factory.support.DefaultListableBeanFactory - Creating shared instance of singleton bean 'org.springframework.boot.autoconfigure.http.codec.CodecsAutoConfiguration$LoggingCodecConfiguration'
11:35:10.686 [Test worker] DEBUG org.springframework.beans.factory.support.DefaultListableBeanFactory - Creating shared instance of singleton bean 'loggingCodecCustomizer'
11:35:10.686 [Test worker] DEBUG org.springframework.beans.factory.support.DefaultListableBeanFactory - Autowiring by type from bean name 'loggingCodecCustomizer' via factory method to bean named 'spring.http-org.springframework.boot.autoconfigure.http.HttpProperties'
11:35:10.689 [Test worker] DEBUG org.springframework.beans.factory.support.DefaultListableBeanFactory - Creating shared instance of singleton bean 'org.springframework.boot.autoconfigure.http.codec.CodecsAutoConfiguration$JacksonCodecConfiguration'
11:35:10.689 [Test worker] DEBUG org.springframework.beans.factory.support.DefaultListableBeanFactory - Creating shared instance of singleton bean 'jacksonCodecCustomizer'
11:35:10.689 [Test worker] DEBUG org.springframework.beans.factory.support.DefaultListableBeanFactory - Autowiring by type from bean name 'jacksonCodecCustomizer' via factory method to bean named 'jacksonObjectMapper'
11:35:10.692 [Test worker] DEBUG org.springframework.beans.factory.support.DefaultListableBeanFactory - Creating shared instance of singleton bean 'org.springframework.boot.autoconfigure.http.codec.CodecsAutoConfiguration'
11:35:10.693 [Test worker] DEBUG org.springframework.beans.factory.support.DefaultListableBeanFactory - Creating shared instance of singleton bean 'org.springframework.boot.autoconfigure.info.ProjectInfoAutoConfiguration'
11:35:10.693 [Test worker] DEBUG org.springframework.core.LocalVariableTableParameterNameDiscoverer - Cannot find '.class' file for class [class org.springframework.boot.autoconfigure.info.ProjectInfoAutoConfiguration$$EnhancerBySpringCGLIB$$1103c593] - unable to determine constructor/method parameter names
11:35:10.694 [Test worker] DEBUG org.springframework.beans.factory.support.DefaultListableBeanFactory - Creating shared instance of singleton bean 'spring.info-org.springframework.boot.autoconfigure.info.ProjectInfoProperties'
11:35:10.695 [Test worker] DEBUG org.springframework.beans.factory.support.DefaultListableBeanFactory - Autowiring by type from bean name 'org.springframework.boot.autoconfigure.info.ProjectInfoAutoConfiguration' via constructor to bean named 'spring.info-org.springframework.boot.autoconfigure.info.ProjectInfoProperties'
11:35:10.695 [Test worker] DEBUG org.springframework.beans.factory.support.DefaultListableBeanFactory - Creating shared instance of singleton bean 'org.springframework.boot.autoconfigure.jdbc.JdbcTemplateAutoConfiguration$JdbcTemplateConfiguration'
11:35:10.696 [Test worker] DEBUG org.springframework.core.LocalVariableTableParameterNameDiscoverer - Cannot find '.class' file for class [class org.springframework.boot.autoconfigure.jdbc.JdbcTemplateAutoConfiguration$JdbcTemplateConfiguration$$EnhancerBySpringCGLIB$$ed94e6e7] - unable to determine constructor/method parameter names
11:35:10.697 [Test worker] DEBUG org.springframework.beans.factory.support.DefaultListableBeanFactory - Creating shared instance of singleton bean 'spring.jdbc-org.springframework.boot.autoconfigure.jdbc.JdbcProperties'
11:35:10.697 [Test worker] DEBUG org.springframework.beans.factory.support.DefaultListableBeanFactory - Autowiring by type from bean name 'org.springframework.boot.autoconfigure.jdbc.JdbcTemplateAutoConfiguration$JdbcTemplateConfiguration' via constructor to bean named 'dataSource'
11:35:10.697 [Test worker] DEBUG org.springframework.beans.factory.support.DefaultListableBeanFactory - Autowiring by type from bean name 'org.springframework.boot.autoconfigure.jdbc.JdbcTemplateAutoConfiguration$JdbcTemplateConfiguration' via constructor to bean named 'spring.jdbc-org.springframework.boot.autoconfigure.jdbc.JdbcProperties'
11:35:10.698 [Test worker] DEBUG org.springframework.beans.factory.support.DefaultListableBeanFactory - Creating shared instance of singleton bean 'jdbcTemplate'
11:35:10.706 [Test worker] DEBUG org.springframework.beans.factory.support.DefaultListableBeanFactory - Creating shared instance of singleton bean 'org.springframework.boot.autoconfigure.jdbc.JdbcTemplateAutoConfiguration$NamedParameterJdbcTemplateConfiguration'
11:35:10.707 [Test worker] DEBUG org.springframework.beans.factory.support.DefaultListableBeanFactory - Creating shared instance of singleton bean 'namedParameterJdbcTemplate'
11:35:10.708 [Test worker] DEBUG org.springframework.beans.factory.support.DefaultListableBeanFactory - Autowiring by type from bean name 'namedParameterJdbcTemplate' via factory method to bean named 'jdbcTemplate'
11:35:10.713 [Test worker] DEBUG org.springframework.beans.factory.support.DefaultListableBeanFactory - Creating shared instance of singleton bean 'org.springframework.boot.autoconfigure.jdbc.JdbcTemplateAutoConfiguration'
11:35:10.714 [Test worker] DEBUG org.springframework.beans.factory.support.DefaultListableBeanFactory - Creating shared instance of singleton bean 'org.springframework.boot.autoconfigure.security.servlet.SecurityAutoConfiguration'
11:35:10.714 [Test worker] DEBUG org.springframework.beans.factory.support.DefaultListableBeanFactory - Creating shared instance of singleton bean 'authenticationEventPublisher'
11:35:10.715 [Test worker] DEBUG org.springframework.beans.factory.support.DefaultListableBeanFactory - Autowiring by type from bean name 'authenticationEventPublisher' via factory method to bean named 'org.springframework.context.support.GenericApplicationContext@74b4d66f'
11:35:10.721 [Test worker] DEBUG org.springframework.beans.factory.support.DefaultListableBeanFactory - Creating shared instance of singleton bean 'spring.security-org.springframework.boot.autoconfigure.security.SecurityProperties'
11:35:10.722 [Test worker] DEBUG org.springframework.beans.factory.support.DefaultListableBeanFactory - Creating shared instance of singleton bean 'org.springframework.boot.autoconfigure.task.TaskSchedulingAutoConfiguration'
11:35:10.723 [Test worker] DEBUG org.springframework.beans.factory.support.DefaultListableBeanFactory - Creating shared instance of singleton bean 'taskSchedulerBuilder'
11:35:10.724 [Test worker] DEBUG org.springframework.beans.factory.support.DefaultListableBeanFactory - Creating shared instance of singleton bean 'spring.task.scheduling-org.springframework.boot.autoconfigure.task.TaskSchedulingProperties'
11:35:10.725 [Test worker] DEBUG org.springframework.beans.factory.support.DefaultListableBeanFactory - Autowiring by type from bean name 'taskSchedulerBuilder' via factory method to bean named 'spring.task.scheduling-org.springframework.boot.autoconfigure.task.TaskSchedulingProperties'
11:35:10.727 [Test worker] DEBUG org.springframework.beans.factory.support.DefaultListableBeanFactory - Creating shared instance of singleton bean 'org.springframework.boot.autoconfigure.jdbc.DataSourceTransactionManagerAutoConfiguration$DataSourceTransactionManagerConfiguration'
11:35:10.728 [Test worker] DEBUG org.springframework.core.LocalVariableTableParameterNameDiscoverer - Cannot find '.class' file for class [class org.springframework.boot.autoconfigure.jdbc.DataSourceTransactionManagerAutoConfiguration$DataSourceTransactionManagerConfiguration$$EnhancerBySpringCGLIB$$820a50e9] - unable to determine constructor/method parameter names
11:35:10.728 [Test worker] DEBUG org.springframework.beans.factory.support.DefaultListableBeanFactory - Autowiring by type from bean name 'org.springframework.boot.autoconfigure.jdbc.DataSourceTransactionManagerAutoConfiguration$DataSourceTransactionManagerConfiguration' via constructor to bean named 'dataSource'
11:35:10.729 [Test worker] DEBUG org.springframework.beans.factory.support.DefaultListableBeanFactory - Creating shared instance of singleton bean 'org.springframework.boot.autoconfigure.jdbc.DataSourceTransactionManagerAutoConfiguration'
11:35:10.730 [Test worker] DEBUG org.springframework.beans.factory.support.DefaultListableBeanFactory - Creating shared instance of singleton bean 'org.springframework.boot.autoconfigure.transaction.TransactionAutoConfiguration$EnableTransactionManagementConfiguration$CglibAutoProxyConfiguration'
11:35:10.730 [Test worker] DEBUG org.springframework.beans.factory.support.DefaultListableBeanFactory - Creating shared instance of singleton bean 'org.springframework.boot.autoconfigure.transaction.TransactionAutoConfiguration$EnableTransactionManagementConfiguration'
11:35:10.731 [Test worker] DEBUG org.springframework.beans.factory.support.DefaultListableBeanFactory - Creating shared instance of singleton bean 'org.springframework.boot.autoconfigure.transaction.TransactionAutoConfiguration$TransactionTemplateConfiguration'
11:35:10.731 [Test worker] DEBUG org.springframework.core.LocalVariableTableParameterNameDiscoverer - Cannot find '.class' file for class [class org.springframework.boot.autoconfigure.transaction.TransactionAutoConfiguration$TransactionTemplateConfiguration$$EnhancerBySpringCGLIB$$d39415bc] - unable to determine constructor/method parameter names
11:35:10.731 [Test worker] DEBUG org.springframework.beans.factory.support.DefaultListableBeanFactory - Autowiring by type from bean name 'org.springframework.boot.autoconfigure.transaction.TransactionAutoConfiguration$TransactionTemplateConfiguration' via constructor to bean named 'transactionManager'
11:35:10.732 [Test worker] DEBUG org.springframework.beans.factory.support.DefaultListableBeanFactory - Creating shared instance of singleton bean 'transactionTemplate'
11:35:10.735 [Test worker] DEBUG org.springframework.beans.factory.support.DefaultListableBeanFactory - Creating shared instance of singleton bean 'org.springframework.boot.autoconfigure.web.client.RestTemplateAutoConfiguration'
11:35:10.736 [Test worker] DEBUG org.springframework.core.LocalVariableTableParameterNameDiscoverer - Cannot find '.class' file for class [class org.springframework.boot.autoconfigure.web.client.RestTemplateAutoConfiguration$$EnhancerBySpringCGLIB$$701fb1fb] - unable to determine constructor/method parameter names
11:35:10.737 [Test worker] DEBUG org.springframework.beans.factory.support.DefaultListableBeanFactory - Creating shared instance of singleton bean 'restTemplateBuilder'
11:35:10.748 [Test worker] DEBUG org.springframework.jmx.export.annotation.AnnotationMBeanExporter - Registering beans for JMX exposure on startup
11:35:10.748 [Test worker] DEBUG org.springframework.jmx.export.annotation.AnnotationMBeanExporter - Autodetecting user-defined JMX MBeans
11:35:10.749 [Test worker] DEBUG org.springframework.jmx.export.annotation.AnnotationMBeanExporter - Bean with name 'dataSource' has been autodetected for JMX exposure
11:35:10.753 [Test worker] DEBUG org.springframework.jmx.export.annotation.AnnotationMBeanExporter - Located MBean 'dataSource': registering with JMX server as MBean [com.zaxxer.hikari:name=dataSource,type=HikariDataSource]
11:35:10.757 [Test worker] DEBUG org.springframework.test.context.cache.DefaultCacheAwareContextLoaderDelegate - Storing ApplicationContext in cache under key [[MergedContextConfiguration@3e62932b testClass = EMOrderCertificateRepositoryTest, locations = '{}', classes = '{class com.epam.esm.TestConfig}', contextInitializerClasses = '[]', activeProfiles = '{}', propertySourceLocations = '{}', propertySourceProperties = '{}', contextCustomizers = set[[empty]], contextLoader = 'org.springframework.test.context.support.DelegatingSmartContextLoader', parent = [null]]]
11:35:10.757 [Test worker] DEBUG org.springframework.test.context.cache - Spring test ApplicationContext cache statistics: [DefaultContextCache@e0c7650 size = 1, maxSize = 32, parentContextCount = 0, hitCount = 0, missCount = 1]
11:35:10.762 [Test worker] DEBUG org.springframework.test.context.support.AbstractDirtiesContextTestExecutionListener - Before test method: context [DefaultTestContext@17cb34bf testClass = EMOrderCertificateRepositoryTest, testInstance = com.epam.esm.repository.EMOrderCertificateRepositoryTest@2067206e, testMethod = save@EMOrderCertificateRepositoryTest, testException = [null], mergedContextConfiguration = [MergedContextConfiguration@3e62932b testClass = EMOrderCertificateRepositoryTest, locations = '{}', classes = '{class com.epam.esm.TestConfig}', contextInitializerClasses = '[]', activeProfiles = '{}', propertySourceLocations = '{}', propertySourceProperties = '{}', contextCustomizers = set[[empty]], contextLoader = 'org.springframework.test.context.support.DelegatingSmartContextLoader', parent = [null]], attributes = map[[empty]]], class annotated with @DirtiesContext [true] with mode [AFTER_EACH_TEST_METHOD], method annotated with @DirtiesContext [false] with mode [null].
11:35:10.765 [Test worker] DEBUG org.springframework.test.context.transaction.TransactionalTestExecutionListener - Explicit transaction definition [PROPAGATION_REQUIRED,ISOLATION_DEFAULT] found for test context [DefaultTestContext@17cb34bf testClass = EMOrderCertificateRepositoryTest, testInstance = com.epam.esm.repository.EMOrderCertificateRepositoryTest@2067206e, testMethod = save@EMOrderCertificateRepositoryTest, testException = [null], mergedContextConfiguration = [MergedContextConfiguration@3e62932b testClass = EMOrderCertificateRepositoryTest, locations = '{}', classes = '{class com.epam.esm.TestConfig}', contextInitializerClasses = '[]', activeProfiles = '{}', propertySourceLocations = '{}', propertySourceProperties = '{}', contextCustomizers = set[[empty]], contextLoader = 'org.springframework.test.context.support.DelegatingSmartContextLoader', parent = [null]], attributes = map[[empty]]]
11:35:10.765 [Test worker] DEBUG org.springframework.test.context.cache.DefaultCacheAwareContextLoaderDelegate - Retrieved ApplicationContext from cache with key [[MergedContextConfiguration@3e62932b testClass = EMOrderCertificateRepositoryTest, locations = '{}', classes = '{class com.epam.esm.TestConfig}', contextInitializerClasses = '[]', activeProfiles = '{}', propertySourceLocations = '{}', propertySourceProperties = '{}', contextCustomizers = set[[empty]], contextLoader = 'org.springframework.test.context.support.DelegatingSmartContextLoader', parent = [null]]]
11:35:10.765 [Test worker] DEBUG org.springframework.test.context.cache - Spring test ApplicationContext cache statistics: [DefaultContextCache@e0c7650 size = 1, maxSize = 32, parentContextCount = 0, hitCount = 1, missCount = 1]
11:35:10.767 [Test worker] DEBUG org.springframework.test.context.transaction.TransactionalTestExecutionListener - No method-level @Rollback override: using default rollback [true] for test context [DefaultTestContext@17cb34bf testClass = EMOrderCertificateRepositoryTest, testInstance = com.epam.esm.repository.EMOrderCertificateRepositoryTest@2067206e, testMethod = save@EMOrderCertificateRepositoryTest, testException = [null], mergedContextConfiguration = [MergedContextConfiguration@3e62932b testClass = EMOrderCertificateRepositoryTest, locations = '{}', classes = '{class com.epam.esm.TestConfig}', contextInitializerClasses = '[]', activeProfiles = '{}', propertySourceLocations = '{}', propertySourceProperties = '{}', contextCustomizers = set[[empty]], contextLoader = 'org.springframework.test.context.support.DelegatingSmartContextLoader', parent = [null]], attributes = map[[empty]]].
11:35:10.767 [Test worker] DEBUG org.springframework.orm.jpa.JpaTransactionManager - Creating new transaction with name [com.epam.esm.repository.EMOrderCertificateRepositoryTest.save]: PROPAGATION_REQUIRED,ISOLATION_DEFAULT
11:35:10.768 [Test worker] DEBUG org.springframework.orm.jpa.JpaTransactionManager - Opened new EntityManager [SessionImpl(833015958<open>)] for JPA transaction
11:35:10.769 [Test worker] DEBUG org.hibernate.engine.transaction.internal.TransactionImpl - On TransactionImpl creation, JpaCompliance#isJpaTransactionComplianceEnabled == false
11:35:10.769 [Test worker] DEBUG org.hibernate.engine.transaction.internal.TransactionImpl - begin
11:35:10.770 [Test worker] DEBUG org.springframework.orm.jpa.JpaTransactionManager - Exposing JPA transaction as JDBC [org.springframework.orm.jpa.vendor.HibernateJpaDialect$HibernateConnectionHandle@f5e189a]
11:35:10.771 [Test worker] INFO org.springframework.test.context.transaction.TransactionContext - Began transaction (1) for test context [DefaultTestContext@17cb34bf testClass = EMOrderCertificateRepositoryTest, testInstance = com.epam.esm.repository.EMOrderCertificateRepositoryTest@2067206e, testMethod = save@EMOrderCertificateRepositoryTest, testException = [null], mergedContextConfiguration = [MergedContextConfiguration@3e62932b testClass = EMOrderCertificateRepositoryTest, locations = '{}', classes = '{class com.epam.esm.TestConfig}', contextInitializerClasses = '[]', activeProfiles = '{}', propertySourceLocations = '{}', propertySourceProperties = '{}', contextCustomizers = set[[empty]], contextLoader = 'org.springframework.test.context.support.DelegatingSmartContextLoader', parent = [null]], attributes = map[[empty]]]; transaction manager [org.springframework.orm.jpa.JpaTransactionManager@63d907dd]; rollback [true]
11:35:10.775 [Test worker] DEBUG org.springframework.data.repository.core.support.TransactionalRepositoryProxyPostProcessor$CustomAnnotationTransactionAttributeSource - Adding transactional method 'save' with attribute: PROPAGATION_REQUIRED,ISOLATION_DEFAULT
11:35:10.776 [Test worker] DEBUG org.springframework.orm.jpa.JpaTransactionManager - Found thread-bound EntityManager [SessionImpl(833015958<open>)] for JPA transaction
11:35:10.776 [Test worker] DEBUG org.springframework.orm.jpa.JpaTransactionManager - Participating in existing transaction
11:35:10.793 [Test worker] DEBUG org.hibernate.engine.spi.ActionQueue - Executing identity-insert immediately
11:35:10.797 [Test worker] DEBUG org.hibernate.SQL - insert into application_user (id, email, password, refresh_token, role_id) values (null, ?, ?, ?, ?)
11:35:10.808 [Test worker] DEBUG org.hibernate.id.IdentifierGeneratorHelper - Natively generated identity: 1
11:35:10.808 [Test worker] DEBUG org.hibernate.resource.jdbc.internal.ResourceRegistryStandardImpl - HHH000387: ResultSet's statement was not registered
11:35:10.812 [Test worker] DEBUG org.hibernate.engine.spi.ActionQueue - Executing identity-insert immediately
11:35:10.812 [Test worker] DEBUG org.hibernate.SQL - insert into application_order (id, active_status, created_at, user_id) values (null, ?, ?, ?)
11:35:10.816 [Test worker] DEBUG org.hibernate.id.IdentifierGeneratorHelper - Natively generated identity: 1
11:35:10.817 [Test worker] DEBUG org.hibernate.resource.jdbc.internal.ResourceRegistryStandardImpl - HHH000387: ResultSet's statement was not registered
11:35:10.822 [Test worker] DEBUG org.hibernate.engine.spi.ActionQueue - Executing identity-insert immediately
11:35:10.822 [Test worker] DEBUG org.hibernate.SQL - insert into certificate (id, active_status, creation_date, description, expiration_date, modification_date, name, price) values (null, ?, ?, ?, ?, ?, ?, ?)
11:35:10.824 [Test worker] DEBUG org.hibernate.id.IdentifierGeneratorHelper - Natively generated identity: 1
11:35:10.824 [Test worker] DEBUG org.hibernate.resource.jdbc.internal.ResourceRegistryStandardImpl - HHH000387: ResultSet's statement was not registered
11:35:10.827 [Test worker] DEBUG org.hibernate.engine.spi.ActionQueue - Executing identity-insert immediately
11:35:10.827 [Test worker] DEBUG org.hibernate.SQL - insert into order_certificate (id, certificate_id, expiration_date, fixed_price, order_id) values (null, ?, ?, ?, ?)
11:35:10.828 [Test worker] DEBUG org.hibernate.id.IdentifierGeneratorHelper - Natively generated identity: 1
11:35:10.828 [Test worker] DEBUG org.hibernate.resource.jdbc.internal.ResourceRegistryStandardImpl - HHH000387: ResultSet's statement was not registered
11:35:10.828 [Test worker] DEBUG org.hibernate.engine.spi.ActionQueue - Executing identity-insert immediately
11:35:10.828 [Test worker] DEBUG org.hibernate.SQL - insert into order_certificate (id, certificate_id, expiration_date, fixed_price, order_id) values (null, ?, ?, ?, ?)
11:35:10.829 [Test worker] DEBUG org.hibernate.id.IdentifierGeneratorHelper - Natively generated identity: 2
11:35:10.829 [Test worker] DEBUG org.hibernate.resource.jdbc.internal.ResourceRegistryStandardImpl - HHH000387: ResultSet's statement was not registered
11:35:10.831 [Test worker] DEBUG org.springframework.orm.jpa.JpaTransactionManager - Initiating transaction rollback
11:35:10.831 [Test worker] DEBUG org.springframework.orm.jpa.JpaTransactionManager - Rolling back JPA transaction on EntityManager [SessionImpl(833015958<open>)]
11:35:10.831 [Test worker] DEBUG org.hibernate.engine.transaction.internal.TransactionImpl - rolling back
11:35:10.834 [Test worker] DEBUG org.springframework.orm.jpa.JpaTransactionManager - Closing JPA EntityManager [SessionImpl(833015958<open>)] after transaction
11:35:10.834 [Test worker] INFO org.springframework.test.context.transaction.TransactionContext - Rolled back transaction for test context [DefaultTestContext@17cb34bf testClass = EMOrderCertificateRepositoryTest, testInstance = com.epam.esm.repository.EMOrderCertificateRepositoryTest@2067206e, testMethod = save@EMOrderCertificateRepositoryTest, testException = [null], mergedContextConfiguration = [MergedContextConfiguration@3e62932b testClass = EMOrderCertificateRepositoryTest, locations = '{}', classes = '{class com.epam.esm.TestConfig}', contextInitializerClasses = '[]', activeProfiles = '{}', propertySourceLocations = '{}', propertySourceProperties = '{}', contextCustomizers = set[[empty]], contextLoader = 'org.springframework.test.context.support.DelegatingSmartContextLoader', parent = [null]], attributes = map[[empty]]].
11:35:10.834 [Test worker] DEBUG org.springframework.test.context.support.AbstractDirtiesContextTestExecutionListener - After test method: context [DefaultTestContext@17cb34bf testClass = EMOrderCertificateRepositoryTest, testInstance = com.epam.esm.repository.EMOrderCertificateRepositoryTest@2067206e, testMethod = save@EMOrderCertificateRepositoryTest, testException = [null], mergedContextConfiguration = [MergedContextConfiguration@3e62932b testClass = EMOrderCertificateRepositoryTest, locations = '{}', classes = '{class com.epam.esm.TestConfig}', contextInitializerClasses = '[]', activeProfiles = '{}', propertySourceLocations = '{}', propertySourceProperties = '{}', contextCustomizers = set[[empty]], contextLoader = 'org.springframework.test.context.support.DelegatingSmartContextLoader', parent = [null]], attributes = map[[empty]]], class annotated with @DirtiesContext [true] with mode [AFTER_EACH_TEST_METHOD], method annotated with @DirtiesContext [false] with mode [null].
11:35:10.842 [Test worker] DEBUG org.springframework.context.support.GenericApplicationContext - Closing org.springframework.context.support.GenericApplicationContext@74b4d66f, started on Wed Oct 23 11:35:06 MSK 2019
11:35:10.844 [Test worker] DEBUG org.springframework.jmx.export.annotation.AnnotationMBeanExporter - Unregistering JMX-exposed beans on shutdown
11:35:10.844 [Test worker] DEBUG org.springframework.jmx.export.annotation.AnnotationMBeanExporter - Unregistering JMX-exposed beans
11:35:10.844 [Test worker] INFO org.springframework.orm.jpa.LocalContainerEntityManagerFactoryBean - Closing JPA EntityManagerFactory for persistence unit 'default'
11:35:10.844 [Test worker] DEBUG org.hibernate.internal.SessionFactoryImpl - HHH000031: Closing
11:35:10.845 [Test worker] INFO org.hibernate.tool.schema.internal.SchemaDropperImpl$DelayedDropActionImpl - HHH000477: Starting delayed evictData of schema as part of SessionFactory shut-down'
11:35:10.845 [Test worker] DEBUG org.hibernate.SQL - drop table application_order if exists
11:35:10.847 [Test worker] DEBUG org.hibernate.SQL - drop table application_role if exists
11:35:10.848 [Test worker] DEBUG org.hibernate.SQL - drop table application_user if exists
11:35:10.849 [Test worker] DEBUG org.hibernate.SQL - drop table certificate if exists
11:35:10.850 [Test worker] DEBUG org.hibernate.SQL - drop table certificate_tag if exists
11:35:10.851 [Test worker] DEBUG org.hibernate.SQL - drop table entity if exists
11:35:10.851 [Test worker] DEBUG org.hibernate.SQL - drop table order_certificate if exists
11:35:10.852 [Test worker] DEBUG org.hibernate.SQL - drop table tag if exists
11:35:10.853 [Test worker] DEBUG org.hibernate.type.spi.TypeConfiguration$Scope - Un-scoping TypeConfiguration [org.hibernate.type.spi.TypeConfiguration$Scope@249098b3] from SessionFactory [org.hibernate.internal.SessionFactoryImpl@2aaa1005]
11:35:10.854 [Test worker] DEBUG org.hibernate.service.internal.AbstractServiceRegistryImpl - Implicitly destroying ServiceRegistry on de-registration of all child ServiceRegistries
11:35:10.854 [Test worker] DEBUG org.hibernate.boot.registry.internal.BootstrapServiceRegistryImpl - Implicitly destroying Boot-strap registry on de-registration of all child ServiceRegistries
11:35:10.854 [Test worker] INFO com.zaxxer.hikari.HikariDataSource - HikariPool-1 - Shutdown initiated...
11:35:10.854 [Test worker] DEBUG com.zaxxer.hikari.pool.HikariPool - HikariPool-1 - Before shutdown stats (total=10, active=0, idle=10, waiting=0)
11:35:10.856 [HikariPool-1 connection closer] DEBUG com.zaxxer.hikari.pool.PoolBase - HikariPool-1 - Closing connection conn0: url=jdbc:h2:mem:testdb user=SA: (connection evicted)
11:35:10.857 [HikariPool-1 connection closer] DEBUG com.zaxxer.hikari.pool.PoolBase - HikariPool-1 - Closing connection conn1: url=jdbc:h2:mem:testdb user=SA: (connection evicted)
11:35:10.857 [HikariPool-1 connection closer] DEBUG com.zaxxer.hikari.pool.PoolBase - HikariPool-1 - Closing connection conn2: url=jdbc:h2:mem:testdb user=SA: (connection evicted)
11:35:10.857 [HikariPool-1 connection closer] DEBUG com.zaxxer.hikari.pool.PoolBase - HikariPool-1 - Closing connection conn3: url=jdbc:h2:mem:testdb user=SA: (connection evicted)
11:35:10.857 [HikariPool-1 connection closer] DEBUG com.zaxxer.hikari.pool.PoolBase - HikariPool-1 - Closing connection conn4: url=jdbc:h2:mem:testdb user=SA: (connection evicted)
11:35:10.858 [HikariPool-1 connection closer] DEBUG com.zaxxer.hikari.pool.PoolBase - HikariPool-1 - Closing connection conn5: url=jdbc:h2:mem:testdb user=SA: (connection evicted)
11:35:10.858 [HikariPool-1 connection closer] DEBUG com.zaxxer.hikari.pool.PoolBase - HikariPool-1 - Closing connection conn6: url=jdbc:h2:mem:testdb user=SA: (connection evicted)
11:35:10.858 [HikariPool-1 connection closer] DEBUG com.zaxxer.hikari.pool.PoolBase - HikariPool-1 - Closing connection conn7: url=jdbc:h2:mem:testdb user=SA: (connection evicted)
11:35:10.859 [HikariPool-1 connection closer] DEBUG com.zaxxer.hikari.pool.PoolBase - HikariPool-1 - Closing connection conn8: url=jdbc:h2:mem:testdb user=SA: (connection evicted)
11:35:10.859 [HikariPool-1 connection closer] DEBUG com.zaxxer.hikari.pool.PoolBase - HikariPool-1 - Closing connection conn9: url=jdbc:h2:mem:testdb user=SA: (connection evicted)
11:35:10.859 [Test worker] DEBUG com.zaxxer.hikari.pool.HikariPool - HikariPool-1 - After shutdown stats (total=0, active=0, idle=0, waiting=0)
11:35:10.859 [Test worker] INFO com.zaxxer.hikari.HikariDataSource - HikariPool-1 - Shutdown completed.
11:35:10.863 [Test worker] DEBUG org.springframework.test.context.support.AbstractDirtiesContextTestExecutionListener - After test class: context [DefaultTestContext@17cb34bf testClass = EMOrderCertificateRepositoryTest, testInstance = [null], testMethod = [null], testException = [null], mergedContextConfiguration = [MergedContextConfiguration@3e62932b testClass = EMOrderCertificateRepositoryTest, locations = '{}', classes = '{class com.epam.esm.TestConfig}', contextInitializerClasses = '[]', activeProfiles = '{}', propertySourceLocations = '{}', propertySourceProperties = '{}', contextCustomizers = set[[empty]], contextLoader = 'org.springframework.test.context.support.DelegatingSmartContextLoader', parent = [null]], attributes = map['org.springframework.test.context.support.DependencyInjectionTestExecutionListener.reinjectDependencies' -> true]], class annotated with @DirtiesContext [true] with mode [AFTER_EACH_TEST_METHOD].
]]></system-out>
  <system-err><![CDATA[]]></system-err>
</testsuite>
