<?xml version="1.0" encoding="UTF-8"?>
<testsuite name="com.epam.esm.repository.EMOrderCertificateRepositoryTest" tests="1" skipped="0" failures="0" errors="0" timestamp="2019-10-22T15:38:22" hostname="MBP-Dzmitry.minsk.epam.com" time="0.115">
  <properties/>
  <testcase name="save()" classname="com.epam.esm.repository.EMOrderCertificateRepositoryTest" time="0.115"/>
  <system-out><![CDATA[18:38:17.950 [Test worker] DEBUG org.springframework.test.context.BootstrapUtils - Instantiating CacheAwareContextLoaderDelegate from class [org.springframework.test.context.cache.DefaultCacheAwareContextLoaderDelegate]
18:38:17.967 [Test worker] DEBUG org.springframework.test.context.BootstrapUtils - Instantiating BootstrapContext using constructor [public org.springframework.test.context.support.DefaultBootstrapContext(java.lang.Class,org.springframework.test.context.CacheAwareContextLoaderDelegate)]
18:38:18.006 [Test worker] DEBUG org.springframework.test.context.BootstrapUtils - Instantiating TestContextBootstrapper for test class [com.epam.esm.repository.EMOrderCertificateRepositoryTest] from class [org.springframework.test.context.support.DefaultTestContextBootstrapper]
18:38:18.029 [Test worker] DEBUG org.springframework.test.context.support.AbstractDelegatingSmartContextLoader - Delegating to AnnotationConfigContextLoader to process context configuration [ContextConfigurationAttributes@37a4d06f declaringClass = 'com.epam.esm.repository.EMOrderCertificateRepositoryTest', classes = '{class com.epam.esm.TestConfig}', locations = '{}', inheritLocations = true, initializers = '{}', inheritInitializers = true, name = [null], contextLoaderClass = 'org.springframework.test.context.ContextLoader'].
18:38:18.048 [Test worker] DEBUG org.springframework.test.context.support.ActiveProfilesUtils - Could not find an 'annotation declaring class' for annotation type [org.springframework.test.context.ActiveProfiles] and class [com.epam.esm.repository.EMOrderCertificateRepositoryTest]
18:38:18.048 [Test worker] DEBUG org.springframework.test.context.support.DefaultTestContextBootstrapper - @TestExecutionListeners is not present for class [com.epam.esm.repository.EMOrderCertificateRepositoryTest]: using defaults.
18:38:18.049 [Test worker] INFO org.springframework.test.context.support.DefaultTestContextBootstrapper - Loaded default TestExecutionListener class names from location [META-INF/spring.factories]: [org.springframework.test.context.web.ServletTestExecutionListener, org.springframework.test.context.support.DirtiesContextBeforeModesTestExecutionListener, org.springframework.test.context.support.DependencyInjectionTestExecutionListener, org.springframework.test.context.support.DirtiesContextTestExecutionListener, org.springframework.test.context.transaction.TransactionalTestExecutionListener, org.springframework.test.context.jdbc.SqlScriptsTestExecutionListener]
18:38:18.063 [Test worker] INFO org.springframework.test.context.support.DefaultTestContextBootstrapper - Using TestExecutionListeners: [org.springframework.test.context.web.ServletTestExecutionListener@78a9c7e1, org.springframework.test.context.support.DirtiesContextBeforeModesTestExecutionListener@6728da94, org.springframework.test.context.support.DependencyInjectionTestExecutionListener@6f557b87, org.springframework.test.context.support.DirtiesContextTestExecutionListener@17114937, org.springframework.test.context.transaction.TransactionalTestExecutionListener@21b112fb, org.springframework.test.context.jdbc.SqlScriptsTestExecutionListener@ec9023]
18:38:18.066 [Test worker] DEBUG org.springframework.test.context.support.AbstractDirtiesContextTestExecutionListener - Before test class: context [DefaultTestContext@706b1cb5 testClass = EMOrderCertificateRepositoryTest, testInstance = [null], testMethod = [null], testException = [null], mergedContextConfiguration = [MergedContextConfiguration@14e2e713 testClass = EMOrderCertificateRepositoryTest, locations = '{}', classes = '{class com.epam.esm.TestConfig}', contextInitializerClasses = '[]', activeProfiles = '{}', propertySourceLocations = '{}', propertySourceProperties = '{}', contextCustomizers = set[[empty]], contextLoader = 'org.springframework.test.context.support.DelegatingSmartContextLoader', parent = [null]], attributes = map[[empty]]], class annotated with @DirtiesContext [true] with mode [AFTER_EACH_TEST_METHOD].
18:38:18.071 [Test worker] DEBUG org.springframework.test.context.support.DependencyInjectionTestExecutionListener - Performing dependency injection for test context [[DefaultTestContext@706b1cb5 testClass = EMOrderCertificateRepositoryTest, testInstance = com.epam.esm.repository.EMOrderCertificateRepositoryTest@4ea10ff1, testMethod = [null], testException = [null], mergedContextConfiguration = [MergedContextConfiguration@14e2e713 testClass = EMOrderCertificateRepositoryTest, locations = '{}', classes = '{class com.epam.esm.TestConfig}', contextInitializerClasses = '[]', activeProfiles = '{}', propertySourceLocations = '{}', propertySourceProperties = '{}', contextCustomizers = set[[empty]], contextLoader = 'org.springframework.test.context.support.DelegatingSmartContextLoader', parent = [null]], attributes = map[[empty]]]].
18:38:18.072 [Test worker] DEBUG org.springframework.test.context.support.AbstractDelegatingSmartContextLoader - Delegating to AnnotationConfigContextLoader to load context from [MergedContextConfiguration@14e2e713 testClass = EMOrderCertificateRepositoryTest, locations = '{}', classes = '{class com.epam.esm.TestConfig}', contextInitializerClasses = '[]', activeProfiles = '{}', propertySourceLocations = '{}', propertySourceProperties = '{}', contextCustomizers = set[[empty]], contextLoader = 'org.springframework.test.context.support.DelegatingSmartContextLoader', parent = [null]].
18:38:18.073 [Test worker] DEBUG org.springframework.test.context.support.AbstractGenericContextLoader - Loading ApplicationContext for merged context configuration [[MergedContextConfiguration@14e2e713 testClass = EMOrderCertificateRepositoryTest, locations = '{}', classes = '{class com.epam.esm.TestConfig}', contextInitializerClasses = '[]', activeProfiles = '{}', propertySourceLocations = '{}', propertySourceProperties = '{}', contextCustomizers = set[[empty]], contextLoader = 'org.springframework.test.context.support.DelegatingSmartContextLoader', parent = [null]]].
18:38:18.111 [Test worker] DEBUG org.springframework.core.env.StandardEnvironment - Activating profiles []
18:38:18.112 [Test worker] DEBUG org.springframework.test.context.support.AnnotationConfigContextLoader - Registering annotated classes: {class com.epam.esm.TestConfig}
18:38:18.136 [Test worker] DEBUG org.springframework.context.support.GenericApplicationContext - Refreshing org.springframework.context.support.GenericApplicationContext@3f452afd
18:38:18.149 [Test worker] DEBUG org.springframework.beans.factory.support.DefaultListableBeanFactory - Creating shared instance of singleton bean 'org.springframework.context.annotation.internalConfigurationAnnotationProcessor'
18:38:18.245 [Test worker] DEBUG org.springframework.context.annotation.ClassPathBeanDefinitionScanner - Identified candidate component class: file [/Users/dzmitryplatonov/Desktop/workdir/giftcertificates/datasource/build/classes/java/main/com/epam/esm/repository/EMCertificateRepository.class]
18:38:18.248 [Test worker] DEBUG org.springframework.context.annotation.ClassPathBeanDefinitionScanner - Identified candidate component class: file [/Users/dzmitryplatonov/Desktop/workdir/giftcertificates/datasource/build/classes/java/main/com/epam/esm/repository/EMOrderCertificateRepository.class]
18:38:18.250 [Test worker] DEBUG org.springframework.context.annotation.ClassPathBeanDefinitionScanner - Identified candidate component class: file [/Users/dzmitryplatonov/Desktop/workdir/giftcertificates/datasource/build/classes/java/main/com/epam/esm/repository/EMOrderRepository.class]
18:38:18.250 [Test worker] DEBUG org.springframework.context.annotation.ClassPathBeanDefinitionScanner - Identified candidate component class: file [/Users/dzmitryplatonov/Desktop/workdir/giftcertificates/datasource/build/classes/java/main/com/epam/esm/repository/EMTagRepository.class]
18:38:18.251 [Test worker] DEBUG org.springframework.context.annotation.ClassPathBeanDefinitionScanner - Identified candidate component class: file [/Users/dzmitryplatonov/Desktop/workdir/giftcertificates/datasource/build/classes/java/main/com/epam/esm/repository/EMUserRepository.class]
18:38:18.259 [Test worker] DEBUG org.springframework.context.annotation.ClassPathBeanDefinitionScanner - Identified candidate component class: file [/Users/dzmitryplatonov/Desktop/workdir/giftcertificates/datasource/build/classes/java/main/com/epam/esm/repository/predicate/CriteriaBuilderHelper.class]
18:38:18.787 [Test worker] DEBUG org.springframework.beans.factory.support.DefaultListableBeanFactory - Creating shared instance of singleton bean 'org.springframework.boot.autoconfigure.condition.BeanTypeRegistry'
18:38:18.907 [Test worker] INFO org.springframework.data.repository.config.RepositoryConfigurationDelegate - Bootstrapping Spring Data repositories in DEFAULT mode.
18:38:18.915 [Test worker] DEBUG org.springframework.beans.factory.support.DefaultListableBeanFactory - Creating shared instance of singleton bean 'org.springframework.boot.autoconfigure.AutoConfigurationPackages'
18:38:18.923 [Test worker] DEBUG org.springframework.boot.autoconfigure.AutoConfigurationPackages - @EnableAutoConfiguration was declared on a class in the package 'com.epam.esm'. Automatic @Repository and @Entity scanning is enabled.
18:38:18.924 [Test worker] DEBUG org.springframework.data.repository.config.RepositoryConfigurationDelegate - Scanning for repositories in packages com.epam.esm.
18:38:18.939 [Test worker] DEBUG org.springframework.data.repository.config.RepositoryComponentProvider - Identified candidate component class: file [/Users/dzmitryplatonov/Desktop/workdir/giftcertificates/datasource/build/classes/java/main/com/epam/esm/repository/jpa/CertificateRepository.class]
18:38:18.939 [Test worker] DEBUG org.springframework.data.repository.config.RepositoryComponentProvider - Identified candidate component class: file [/Users/dzmitryplatonov/Desktop/workdir/giftcertificates/datasource/build/classes/java/main/com/epam/esm/repository/jpa/OrderRepository.class]
18:38:18.939 [Test worker] DEBUG org.springframework.data.repository.config.RepositoryComponentProvider - Identified candidate component class: file [/Users/dzmitryplatonov/Desktop/workdir/giftcertificates/datasource/build/classes/java/main/com/epam/esm/repository/jpa/TagRepository.class]
18:38:18.940 [Test worker] DEBUG org.springframework.data.repository.config.RepositoryComponentProvider - Identified candidate component class: file [/Users/dzmitryplatonov/Desktop/workdir/giftcertificates/datasource/build/classes/java/main/com/epam/esm/repository/jpa/UserRepository.class]
18:38:18.990 [Test worker] INFO org.springframework.data.repository.config.RepositoryConfigurationDelegate - Finished Spring Data repository scanning in 65ms. Found 4 repository interfaces.
18:38:19.229 [Test worker] DEBUG org.springframework.beans.factory.support.DefaultListableBeanFactory - Creating shared instance of singleton bean 'propertySourcesPlaceholderConfigurer'
18:38:19.234 [Test worker] DEBUG org.springframework.beans.factory.support.DefaultListableBeanFactory - Creating shared instance of singleton bean 'emBeanDefinitionRegistrarPostProcessor'
18:38:19.240 [Test worker] DEBUG org.springframework.beans.factory.support.DefaultListableBeanFactory - Creating shared instance of singleton bean 'org.springframework.context.event.internalEventListenerProcessor'
18:38:19.241 [Test worker] DEBUG org.springframework.beans.factory.support.DefaultListableBeanFactory - Creating shared instance of singleton bean 'org.springframework.boot.context.properties.ConfigurationBeanFactoryMetadata'
18:38:19.243 [Test worker] DEBUG org.springframework.beans.factory.support.DefaultListableBeanFactory - Creating shared instance of singleton bean 'org.springframework.context.event.internalEventListenerFactory'
18:38:19.243 [Test worker] DEBUG org.springframework.beans.factory.support.DefaultListableBeanFactory - Creating shared instance of singleton bean 'org.springframework.transaction.config.internalTransactionalEventListenerFactory'
18:38:19.250 [Test worker] DEBUG org.springframework.beans.factory.support.DefaultListableBeanFactory - Creating shared instance of singleton bean 'org.springframework.context.annotation.internalAutowiredAnnotationProcessor'
18:38:19.252 [Test worker] DEBUG org.springframework.beans.factory.support.DefaultListableBeanFactory - Creating shared instance of singleton bean 'org.springframework.context.annotation.internalCommonAnnotationProcessor'
18:38:19.255 [Test worker] DEBUG org.springframework.beans.factory.support.DefaultListableBeanFactory - Creating shared instance of singleton bean 'org.springframework.context.annotation.internalPersistenceAnnotationProcessor'
18:38:19.256 [Test worker] DEBUG org.springframework.beans.factory.support.DefaultListableBeanFactory - Creating shared instance of singleton bean 'org.springframework.boot.context.properties.ConfigurationPropertiesBindingPostProcessor'
18:38:19.259 [Test worker] DEBUG org.springframework.beans.factory.support.DefaultListableBeanFactory - Creating shared instance of singleton bean 'methodValidationPostProcessor'
18:38:19.284 [Test worker] DEBUG org.springframework.beans.factory.support.DefaultListableBeanFactory - Autowiring by type from bean name 'methodValidationPostProcessor' via factory method to bean named 'environment'
18:38:19.293 [Test worker] DEBUG org.springframework.beans.factory.support.DefaultListableBeanFactory - Creating shared instance of singleton bean 'org.springframework.aop.config.internalAutoProxyCreator'
18:38:19.363 [Test worker] DEBUG org.springframework.beans.factory.support.DefaultListableBeanFactory - Creating shared instance of singleton bean 'dataSourceInitializerPostProcessor'
18:38:19.367 [Test worker] DEBUG org.springframework.beans.factory.support.DefaultListableBeanFactory - Creating shared instance of singleton bean 'persistenceExceptionTranslationPostProcessor'
18:38:19.368 [Test worker] DEBUG org.springframework.beans.factory.support.DefaultListableBeanFactory - Autowiring by type from bean name 'persistenceExceptionTranslationPostProcessor' via factory method to bean named 'environment'
18:38:19.371 [Test worker] DEBUG org.springframework.beans.factory.support.DefaultListableBeanFactory - Creating shared instance of singleton bean 'dataSourceInitializedPublisher'
18:38:19.377 [Test worker] DEBUG org.springframework.beans.factory.support.DefaultListableBeanFactory - Creating shared instance of singleton bean 'entityManagerFactory'
18:38:19.379 [Test worker] DEBUG org.springframework.beans.factory.support.DefaultListableBeanFactory - Creating shared instance of singleton bean 'org.springframework.transaction.config.internalTransactionAdvisor'
18:38:19.379 [Test worker] DEBUG org.springframework.beans.factory.support.DefaultListableBeanFactory - Creating shared instance of singleton bean 'org.springframework.transaction.annotation.ProxyTransactionManagementConfiguration'
18:38:19.425 [Test worker] DEBUG org.springframework.beans.factory.support.DefaultListableBeanFactory - Creating shared instance of singleton bean 'transactionAttributeSource'
18:38:19.428 [Test worker] DEBUG org.springframework.beans.factory.support.DefaultListableBeanFactory - Creating shared instance of singleton bean 'transactionInterceptor'
18:38:19.434 [Test worker] DEBUG org.springframework.beans.factory.support.DefaultListableBeanFactory - Creating shared instance of singleton bean 'org.springframework.boot.autoconfigure.orm.jpa.HibernateJpaConfiguration'
18:38:19.435 [Test worker] DEBUG org.springframework.core.LocalVariableTableParameterNameDiscoverer - Cannot find '.class' file for class [class org.springframework.boot.autoconfigure.orm.jpa.HibernateJpaConfiguration$$EnhancerBySpringCGLIB$$b6bd911e] - unable to determine constructor/method parameter names
18:38:19.437 [Test worker] DEBUG org.springframework.beans.factory.support.DefaultListableBeanFactory - Creating shared instance of singleton bean 'dataSource'
18:38:19.437 [Test worker] DEBUG org.springframework.beans.factory.support.DefaultListableBeanFactory - Creating shared instance of singleton bean 'org.springframework.boot.autoconfigure.jdbc.DataSourceConfiguration$Hikari'
18:38:19.439 [Test worker] DEBUG org.springframework.beans.factory.support.DefaultListableBeanFactory - Creating shared instance of singleton bean 'spring.datasource-org.springframework.boot.autoconfigure.jdbc.DataSourceProperties'
18:38:19.454 [Test worker] DEBUG org.springframework.beans.factory.support.DefaultListableBeanFactory - Autowiring by type from bean name 'dataSource' via factory method to bean named 'spring.datasource-org.springframework.boot.autoconfigure.jdbc.DataSourceProperties'
18:38:19.488 [Test worker] DEBUG com.zaxxer.hikari.HikariConfig - Driver class org.h2.Driver found in Thread context class loader jdk.internal.loader.ClassLoaders$AppClassLoader@4b85612c
18:38:19.506 [Test worker] DEBUG org.springframework.beans.factory.support.DefaultListableBeanFactory - Creating shared instance of singleton bean 'org.springframework.boot.autoconfigure.jdbc.DataSourceInitializerInvoker'
18:38:19.509 [Test worker] DEBUG org.springframework.beans.factory.support.DefaultListableBeanFactory - Autowiring by type from bean name 'org.springframework.boot.autoconfigure.jdbc.DataSourceInitializerInvoker' via constructor to bean named 'spring.datasource-org.springframework.boot.autoconfigure.jdbc.DataSourceProperties'
18:38:19.509 [Test worker] DEBUG org.springframework.beans.factory.support.DefaultListableBeanFactory - Autowiring by type from bean name 'org.springframework.boot.autoconfigure.jdbc.DataSourceInitializerInvoker' via constructor to bean named 'org.springframework.context.support.GenericApplicationContext@3f452afd'
18:38:19.515 [Test worker] DEBUG org.springframework.beans.factory.support.DefaultListableBeanFactory - Creating shared instance of singleton bean 'spring.jpa-org.springframework.boot.autoconfigure.orm.jpa.JpaProperties'
18:38:19.518 [Test worker] DEBUG org.springframework.beans.factory.support.DefaultListableBeanFactory - Creating shared instance of singleton bean 'spring.jpa.hibernate-org.springframework.boot.autoconfigure.orm.jpa.HibernateProperties'
18:38:19.521 [Test worker] DEBUG org.springframework.beans.factory.support.DefaultListableBeanFactory - Autowiring by type from bean name 'org.springframework.boot.autoconfigure.orm.jpa.HibernateJpaConfiguration' via constructor to bean named 'dataSource'
18:38:19.521 [Test worker] DEBUG org.springframework.beans.factory.support.DefaultListableBeanFactory - Autowiring by type from bean name 'org.springframework.boot.autoconfigure.orm.jpa.HibernateJpaConfiguration' via constructor to bean named 'spring.jpa-org.springframework.boot.autoconfigure.orm.jpa.JpaProperties'
18:38:19.521 [Test worker] DEBUG org.springframework.beans.factory.support.DefaultListableBeanFactory - Autowiring by type from bean name 'org.springframework.boot.autoconfigure.orm.jpa.HibernateJpaConfiguration' via constructor to bean named 'org.springframework.beans.factory.support.DefaultListableBeanFactory@61e833cc'
18:38:19.521 [Test worker] DEBUG org.springframework.beans.factory.support.DefaultListableBeanFactory - Autowiring by type from bean name 'org.springframework.boot.autoconfigure.orm.jpa.HibernateJpaConfiguration' via constructor to bean named 'spring.jpa.hibernate-org.springframework.boot.autoconfigure.orm.jpa.HibernateProperties'
18:38:19.523 [Test worker] DEBUG org.springframework.beans.factory.support.DefaultListableBeanFactory - Creating shared instance of singleton bean 'platformTransactionManagerCustomizers'
18:38:19.523 [Test worker] DEBUG org.springframework.beans.factory.support.DefaultListableBeanFactory - Creating shared instance of singleton bean 'org.springframework.boot.autoconfigure.transaction.TransactionAutoConfiguration'
18:38:19.531 [Test worker] DEBUG org.springframework.beans.factory.support.DefaultListableBeanFactory - Creating shared instance of singleton bean 'spring.transaction-org.springframework.boot.autoconfigure.transaction.TransactionProperties'
18:38:19.539 [Test worker] DEBUG org.springframework.beans.factory.support.DefaultListableBeanFactory - Creating shared instance of singleton bean 'hikariPoolDataSourceMetadataProvider'
18:38:19.539 [Test worker] DEBUG org.springframework.beans.factory.support.DefaultListableBeanFactory - Creating shared instance of singleton bean 'org.springframework.boot.autoconfigure.jdbc.metadata.DataSourcePoolMetadataProvidersConfiguration$HikariPoolDataSourceMetadataProviderConfiguration'
18:38:19.561 [Test worker] DEBUG org.springframework.beans.factory.support.DefaultListableBeanFactory - Creating shared instance of singleton bean 'entityManagerFactoryBuilder'
18:38:19.563 [Test worker] DEBUG org.springframework.beans.factory.support.DefaultListableBeanFactory - Creating shared instance of singleton bean 'jpaVendorAdapter'
18:38:19.643 [Test worker] DEBUG org.jboss.logging - Logging Provider: org.jboss.logging.Log4j2LoggerProvider
18:38:19.651 [Test worker] DEBUG org.springframework.jdbc.datasource.DataSourceUtils - Fetching JDBC Connection from DataSource
18:38:19.652 [Test worker] DEBUG com.zaxxer.hikari.HikariConfig - HikariPool-1 - configuration:
18:38:19.654 [Test worker] DEBUG com.zaxxer.hikari.HikariConfig - allowPoolSuspension.............false
18:38:19.654 [Test worker] DEBUG com.zaxxer.hikari.HikariConfig - autoCommit......................true
18:38:19.654 [Test worker] DEBUG com.zaxxer.hikari.HikariConfig - catalog.........................none
18:38:19.654 [Test worker] DEBUG com.zaxxer.hikari.HikariConfig - connectionInitSql...............none
18:38:19.654 [Test worker] DEBUG com.zaxxer.hikari.HikariConfig - connectionTestQuery.............none
18:38:19.655 [Test worker] DEBUG com.zaxxer.hikari.HikariConfig - connectionTimeout...............30000
18:38:19.655 [Test worker] DEBUG com.zaxxer.hikari.HikariConfig - dataSource......................none
18:38:19.655 [Test worker] DEBUG com.zaxxer.hikari.HikariConfig - dataSourceClassName.............none
18:38:19.655 [Test worker] DEBUG com.zaxxer.hikari.HikariConfig - dataSourceJNDI..................none
18:38:19.656 [Test worker] DEBUG com.zaxxer.hikari.HikariConfig - dataSourceProperties............{password=<masked>}
18:38:19.656 [Test worker] DEBUG com.zaxxer.hikari.HikariConfig - driverClassName................."org.h2.Driver"
18:38:19.656 [Test worker] DEBUG com.zaxxer.hikari.HikariConfig - healthCheckProperties...........{}
18:38:19.656 [Test worker] DEBUG com.zaxxer.hikari.HikariConfig - healthCheckRegistry.............none
18:38:19.657 [Test worker] DEBUG com.zaxxer.hikari.HikariConfig - idleTimeout.....................600000
18:38:19.658 [Test worker] DEBUG com.zaxxer.hikari.HikariConfig - initializationFailTimeout.......1
18:38:19.658 [Test worker] DEBUG com.zaxxer.hikari.HikariConfig - isolateInternalQueries..........false
18:38:19.658 [Test worker] DEBUG com.zaxxer.hikari.HikariConfig - jdbcUrl.........................jdbc:h2:mem:testdb;DB_CLOSE_DELAY=-1;DB_CLOSE_ON_EXIT=FALSE
18:38:19.658 [Test worker] DEBUG com.zaxxer.hikari.HikariConfig - leakDetectionThreshold..........0
18:38:19.658 [Test worker] DEBUG com.zaxxer.hikari.HikariConfig - maxLifetime.....................1800000
18:38:19.659 [Test worker] DEBUG com.zaxxer.hikari.HikariConfig - maximumPoolSize.................10
18:38:19.659 [Test worker] DEBUG com.zaxxer.hikari.HikariConfig - metricRegistry..................none
18:38:19.659 [Test worker] DEBUG com.zaxxer.hikari.HikariConfig - metricsTrackerFactory...........none
18:38:19.659 [Test worker] DEBUG com.zaxxer.hikari.HikariConfig - minimumIdle.....................10
18:38:19.659 [Test worker] DEBUG com.zaxxer.hikari.HikariConfig - password........................<masked>
18:38:19.659 [Test worker] DEBUG com.zaxxer.hikari.HikariConfig - poolName........................"HikariPool-1"
18:38:19.660 [Test worker] DEBUG com.zaxxer.hikari.HikariConfig - readOnly........................false
18:38:19.660 [Test worker] DEBUG com.zaxxer.hikari.HikariConfig - registerMbeans..................false
18:38:19.660 [Test worker] DEBUG com.zaxxer.hikari.HikariConfig - scheduledExecutor...............none
18:38:19.660 [Test worker] DEBUG com.zaxxer.hikari.HikariConfig - schema..........................none
18:38:19.660 [Test worker] DEBUG com.zaxxer.hikari.HikariConfig - threadFactory...................internal
18:38:19.660 [Test worker] DEBUG com.zaxxer.hikari.HikariConfig - transactionIsolation............default
18:38:19.661 [Test worker] DEBUG com.zaxxer.hikari.HikariConfig - username........................"sa"
18:38:19.661 [Test worker] DEBUG com.zaxxer.hikari.HikariConfig - validationTimeout...............5000
18:38:19.661 [Test worker] INFO com.zaxxer.hikari.HikariDataSource - HikariPool-1 - Starting...
18:38:19.899 [Test worker] DEBUG com.zaxxer.hikari.pool.HikariPool - HikariPool-1 - Added connection conn0: url=jdbc:h2:mem:testdb user=SA
18:38:19.901 [Test worker] INFO com.zaxxer.hikari.HikariDataSource - HikariPool-1 - Start completed.
18:38:19.920 [Test worker] DEBUG org.springframework.beans.factory.support.DefaultListableBeanFactory - Autowiring by type from bean name 'entityManagerFactoryBuilder' via factory method to bean named 'jpaVendorAdapter'
18:38:19.923 [Test worker] DEBUG org.springframework.beans.factory.support.DefaultListableBeanFactory - Autowiring by type from bean name 'entityManagerFactory' via factory method to bean named 'entityManagerFactoryBuilder'
18:38:19.929 [Test worker] DEBUG org.springframework.jdbc.datasource.DataSourceUtils - Fetching JDBC Connection from DataSource
18:38:19.966 [Test worker] DEBUG org.springframework.orm.jpa.LocalContainerEntityManagerFactoryBean - Building JPA container EntityManagerFactory for persistence unit 'default'
18:38:19.987 [Test worker] DEBUG org.hibernate.jpa.internal.util.LogHelper - PersistenceUnitInfo [
	name: default
	persistence provider classname: null
	classloader: jdk.internal.loader.ClassLoaders$AppClassLoader@4b85612c
	excludeUnlistedClasses: true
	JTA datasource: null
	Non JTA datasource: HikariDataSource (HikariPool-1)
	Transaction type: RESOURCE_LOCAL
	PU root URL: file:/Users/dzmitryplatonov/Desktop/workdir/giftcertificates/datasource/build/classes/java/test/
	Shared Cache Mode: UNSPECIFIED
	Validation Mode: AUTO
	Jar files URLs []
	Managed classes names [
		com.epam.esm.entity.Entity
		com.epam.esm.entity.GiftCertificate
		com.epam.esm.entity.Order
		com.epam.esm.entity.OrderCertificate
		com.epam.esm.entity.Role
		com.epam.esm.entity.Tag
		com.epam.esm.entity.User]
	Mapping files names []
	Properties []
18:38:20.005 [HikariPool-1 housekeeper] DEBUG com.zaxxer.hikari.pool.HikariPool - HikariPool-1 - Pool stats (total=1, active=0, idle=1, waiting=0)
18:38:20.006 [Test worker] DEBUG org.hibernate.integrator.internal.IntegratorServiceImpl - Adding Integrator [org.hibernate.cfg.beanvalidation.BeanValidationIntegrator].
18:38:20.008 [HikariPool-1 connection adder] DEBUG com.zaxxer.hikari.pool.HikariPool - HikariPool-1 - Added connection conn1: url=jdbc:h2:mem:testdb user=SA
18:38:20.009 [HikariPool-1 connection adder] DEBUG com.zaxxer.hikari.pool.HikariPool - HikariPool-1 - Added connection conn2: url=jdbc:h2:mem:testdb user=SA
18:38:20.009 [Test worker] DEBUG org.hibernate.integrator.internal.IntegratorServiceImpl - Adding Integrator [org.hibernate.secure.spi.JaccIntegrator].
18:38:20.010 [HikariPool-1 connection adder] DEBUG com.zaxxer.hikari.pool.HikariPool - HikariPool-1 - Added connection conn3: url=jdbc:h2:mem:testdb user=SA
18:38:20.010 [HikariPool-1 connection adder] DEBUG com.zaxxer.hikari.pool.HikariPool - HikariPool-1 - Added connection conn4: url=jdbc:h2:mem:testdb user=SA
18:38:20.011 [HikariPool-1 connection adder] DEBUG com.zaxxer.hikari.pool.HikariPool - HikariPool-1 - Added connection conn5: url=jdbc:h2:mem:testdb user=SA
18:38:20.011 [Test worker] DEBUG org.hibernate.integrator.internal.IntegratorServiceImpl - Adding Integrator [org.hibernate.cache.internal.CollectionCacheInvalidator].
18:38:20.012 [HikariPool-1 connection adder] DEBUG com.zaxxer.hikari.pool.HikariPool - HikariPool-1 - Added connection conn6: url=jdbc:h2:mem:testdb user=SA
18:38:20.013 [HikariPool-1 connection adder] DEBUG com.zaxxer.hikari.pool.HikariPool - HikariPool-1 - Added connection conn7: url=jdbc:h2:mem:testdb user=SA
18:38:20.014 [HikariPool-1 connection adder] DEBUG com.zaxxer.hikari.pool.HikariPool - HikariPool-1 - Added connection conn8: url=jdbc:h2:mem:testdb user=SA
18:38:20.014 [HikariPool-1 connection adder] DEBUG com.zaxxer.hikari.pool.HikariPool - HikariPool-1 - Added connection conn9: url=jdbc:h2:mem:testdb user=SA
18:38:20.015 [HikariPool-1 connection adder] DEBUG com.zaxxer.hikari.pool.HikariPool - HikariPool-1 - After adding stats (total=10, active=0, idle=10, waiting=0)
18:38:20.063 [Test worker] INFO org.hibernate.Version - HHH000412: Hibernate Core {5.3.12.Final}
18:38:20.065 [Test worker] INFO org.hibernate.cfg.Environment - HHH000206: hibernate.properties not found
18:38:20.205 [Test worker] DEBUG org.hibernate.service.spi.ServiceBinding - Overriding existing service binding [org.hibernate.secure.spi.JaccService]
18:38:20.244 [Test worker] DEBUG org.hibernate.cache.internal.RegionFactoryInitiator - Cannot default RegionFactory based on registered strategies as `[]` RegionFactory strategies were registered
18:38:20.247 [Test worker] DEBUG org.hibernate.cache.internal.RegionFactoryInitiator - Cache region factory : org.hibernate.cache.internal.NoCachingRegionFactory
18:38:20.270 [Test worker] INFO org.hibernate.annotations.common.Version - HCANN000001: Hibernate Commons Annotations {5.0.4.Final}
18:38:20.309 [Test worker] DEBUG org.hibernate.type.BasicTypeRegistry - Adding type registration boolean -> org.hibernate.type.BooleanType@190994f4
18:38:20.309 [Test worker] DEBUG org.hibernate.type.BasicTypeRegistry - Adding type registration boolean -> org.hibernate.type.BooleanType@190994f4
18:38:20.309 [Test worker] DEBUG org.hibernate.type.BasicTypeRegistry - Adding type registration java.lang.Boolean -> org.hibernate.type.BooleanType@190994f4
18:38:20.310 [Test worker] DEBUG org.hibernate.type.BasicTypeRegistry - Adding type registration numeric_boolean -> org.hibernate.type.NumericBooleanType@7d28cf7a
18:38:20.311 [Test worker] DEBUG org.hibernate.type.BasicTypeRegistry - Adding type registration true_false -> org.hibernate.type.TrueFalseType@1252e049
18:38:20.312 [Test worker] DEBUG org.hibernate.type.BasicTypeRegistry - Adding type registration yes_no -> org.hibernate.type.YesNoType@20aeec3f
18:38:20.313 [Test worker] DEBUG org.hibernate.type.BasicTypeRegistry - Adding type registration byte -> org.hibernate.type.ByteType@28eb8e81
18:38:20.313 [Test worker] DEBUG org.hibernate.type.BasicTypeRegistry - Adding type registration byte -> org.hibernate.type.ByteType@28eb8e81
18:38:20.313 [Test worker] DEBUG org.hibernate.type.BasicTypeRegistry - Adding type registration java.lang.Byte -> org.hibernate.type.ByteType@28eb8e81
18:38:20.314 [Test worker] DEBUG org.hibernate.type.BasicTypeRegistry - Adding type registration character -> org.hibernate.type.CharacterType@22363526
18:38:20.315 [Test worker] DEBUG org.hibernate.type.BasicTypeRegistry - Adding type registration char -> org.hibernate.type.CharacterType@22363526
18:38:20.315 [Test worker] DEBUG org.hibernate.type.BasicTypeRegistry - Adding type registration java.lang.Character -> org.hibernate.type.CharacterType@22363526
18:38:20.316 [Test worker] DEBUG org.hibernate.type.BasicTypeRegistry - Adding type registration short -> org.hibernate.type.ShortType@1cbbedd6
18:38:20.316 [Test worker] DEBUG org.hibernate.type.BasicTypeRegistry - Adding type registration short -> org.hibernate.type.ShortType@1cbbedd6
18:38:20.317 [Test worker] DEBUG org.hibernate.type.BasicTypeRegistry - Adding type registration java.lang.Short -> org.hibernate.type.ShortType@1cbbedd6
18:38:20.318 [Test worker] DEBUG org.hibernate.type.BasicTypeRegistry - Adding type registration integer -> org.hibernate.type.IntegerType@3b969125
18:38:20.318 [Test worker] DEBUG org.hibernate.type.BasicTypeRegistry - Adding type registration int -> org.hibernate.type.IntegerType@3b969125
18:38:20.318 [Test worker] DEBUG org.hibernate.type.BasicTypeRegistry - Adding type registration java.lang.Integer -> org.hibernate.type.IntegerType@3b969125
18:38:20.319 [Test worker] DEBUG org.hibernate.type.BasicTypeRegistry - Adding type registration long -> org.hibernate.type.LongType@3b487054
18:38:20.319 [Test worker] DEBUG org.hibernate.type.BasicTypeRegistry - Adding type registration long -> org.hibernate.type.LongType@3b487054
18:38:20.319 [Test worker] DEBUG org.hibernate.type.BasicTypeRegistry - Adding type registration java.lang.Long -> org.hibernate.type.LongType@3b487054
18:38:20.321 [Test worker] DEBUG org.hibernate.type.BasicTypeRegistry - Adding type registration float -> org.hibernate.type.FloatType@39e5248a
18:38:20.321 [Test worker] DEBUG org.hibernate.type.BasicTypeRegistry - Adding type registration float -> org.hibernate.type.FloatType@39e5248a
18:38:20.321 [Test worker] DEBUG org.hibernate.type.BasicTypeRegistry - Adding type registration java.lang.Float -> org.hibernate.type.FloatType@39e5248a
18:38:20.322 [Test worker] DEBUG org.hibernate.type.BasicTypeRegistry - Adding type registration double -> org.hibernate.type.DoubleType@4c543b05
18:38:20.322 [Test worker] DEBUG org.hibernate.type.BasicTypeRegistry - Adding type registration double -> org.hibernate.type.DoubleType@4c543b05
18:38:20.323 [Test worker] DEBUG org.hibernate.type.BasicTypeRegistry - Adding type registration java.lang.Double -> org.hibernate.type.DoubleType@4c543b05
18:38:20.324 [Test worker] DEBUG org.hibernate.type.BasicTypeRegistry - Adding type registration big_decimal -> org.hibernate.type.BigDecimalType@3bb9faac
18:38:20.324 [Test worker] DEBUG org.hibernate.type.BasicTypeRegistry - Adding type registration java.math.BigDecimal -> org.hibernate.type.BigDecimalType@3bb9faac
18:38:20.326 [Test worker] DEBUG org.hibernate.type.BasicTypeRegistry - Adding type registration big_integer -> org.hibernate.type.BigIntegerType@6ee5ad0c
18:38:20.326 [Test worker] DEBUG org.hibernate.type.BasicTypeRegistry - Adding type registration java.math.BigInteger -> org.hibernate.type.BigIntegerType@6ee5ad0c
18:38:20.327 [Test worker] DEBUG org.hibernate.type.BasicTypeRegistry - Adding type registration string -> org.hibernate.type.StringType@71a54e19
18:38:20.327 [Test worker] DEBUG org.hibernate.type.BasicTypeRegistry - Adding type registration java.lang.String -> org.hibernate.type.StringType@71a54e19
18:38:20.328 [Test worker] DEBUG org.hibernate.type.BasicTypeRegistry - Adding type registration nstring -> org.hibernate.type.StringNVarcharType@47eb0233
18:38:20.329 [Test worker] DEBUG org.hibernate.type.BasicTypeRegistry - Adding type registration ncharacter -> org.hibernate.type.CharacterNCharType@159b9890
18:38:20.330 [Test worker] DEBUG org.hibernate.type.BasicTypeRegistry - Adding type registration url -> org.hibernate.type.UrlType@502dcaef
18:38:20.331 [Test worker] DEBUG org.hibernate.type.BasicTypeRegistry - Adding type registration java.net.URL -> org.hibernate.type.UrlType@502dcaef
18:38:20.332 [Test worker] DEBUG org.hibernate.type.BasicTypeRegistry - Adding type registration Duration -> org.hibernate.type.DurationType@460a75ee
18:38:20.332 [Test worker] DEBUG org.hibernate.type.BasicTypeRegistry - Adding type registration java.time.Duration -> org.hibernate.type.DurationType@460a75ee
18:38:20.334 [Test worker] DEBUG org.hibernate.type.BasicTypeRegistry - Adding type registration Instant -> org.hibernate.type.InstantType@6d9b6655
18:38:20.334 [Test worker] DEBUG org.hibernate.type.BasicTypeRegistry - Adding type registration java.time.Instant -> org.hibernate.type.InstantType@6d9b6655
18:38:20.336 [Test worker] DEBUG org.hibernate.type.BasicTypeRegistry - Adding type registration LocalDateTime -> org.hibernate.type.LocalDateTimeType@556a82be
18:38:20.336 [Test worker] DEBUG org.hibernate.type.BasicTypeRegistry - Adding type registration java.time.LocalDateTime -> org.hibernate.type.LocalDateTimeType@556a82be
18:38:20.338 [Test worker] DEBUG org.hibernate.type.BasicTypeRegistry - Adding type registration LocalDate -> org.hibernate.type.LocalDateType@41a341ba
18:38:20.338 [Test worker] DEBUG org.hibernate.type.BasicTypeRegistry - Adding type registration java.time.LocalDate -> org.hibernate.type.LocalDateType@41a341ba
18:38:20.339 [Test worker] DEBUG org.hibernate.type.BasicTypeRegistry - Adding type registration LocalTime -> org.hibernate.type.LocalTimeType@3f393a52
18:38:20.339 [Test worker] DEBUG org.hibernate.type.BasicTypeRegistry - Adding type registration java.time.LocalTime -> org.hibernate.type.LocalTimeType@3f393a52
18:38:20.341 [Test worker] DEBUG org.hibernate.type.BasicTypeRegistry - Adding type registration OffsetDateTime -> org.hibernate.type.OffsetDateTimeType@492bb950
18:38:20.341 [Test worker] DEBUG org.hibernate.type.BasicTypeRegistry - Adding type registration java.time.OffsetDateTime -> org.hibernate.type.OffsetDateTimeType@492bb950
18:38:20.342 [Test worker] DEBUG org.hibernate.type.BasicTypeRegistry - Adding type registration OffsetTime -> org.hibernate.type.OffsetTimeType@68f669ef
18:38:20.342 [Test worker] DEBUG org.hibernate.type.BasicTypeRegistry - Adding type registration java.time.OffsetTime -> org.hibernate.type.OffsetTimeType@68f669ef
18:38:20.344 [Test worker] DEBUG org.hibernate.type.BasicTypeRegistry - Adding type registration ZonedDateTime -> org.hibernate.type.ZonedDateTimeType@6f551936
18:38:20.344 [Test worker] DEBUG org.hibernate.type.BasicTypeRegistry - Adding type registration java.time.ZonedDateTime -> org.hibernate.type.ZonedDateTimeType@6f551936
18:38:20.346 [Test worker] DEBUG org.hibernate.type.BasicTypeRegistry - Adding type registration date -> org.hibernate.type.DateType@3e50a123
18:38:20.346 [Test worker] DEBUG org.hibernate.type.BasicTypeRegistry - Adding type registration java.sql.Date -> org.hibernate.type.DateType@3e50a123
18:38:20.348 [Test worker] DEBUG org.hibernate.type.BasicTypeRegistry - Adding type registration time -> org.hibernate.type.TimeType@6c43c977
18:38:20.348 [Test worker] DEBUG org.hibernate.type.BasicTypeRegistry - Adding type registration java.sql.Time -> org.hibernate.type.TimeType@6c43c977
18:38:20.350 [Test worker] DEBUG org.hibernate.type.BasicTypeRegistry - Adding type registration timestamp -> org.hibernate.type.TimestampType@2aef7afa
18:38:20.350 [Test worker] DEBUG org.hibernate.type.BasicTypeRegistry - Adding type registration java.sql.Timestamp -> org.hibernate.type.TimestampType@2aef7afa
18:38:20.350 [Test worker] DEBUG org.hibernate.type.BasicTypeRegistry - Adding type registration java.util.Date -> org.hibernate.type.TimestampType@2aef7afa
18:38:20.351 [Test worker] DEBUG org.hibernate.type.BasicTypeRegistry - Adding type registration dbtimestamp -> org.hibernate.type.DbTimestampType@5cc78c14
18:38:20.353 [Test worker] DEBUG org.hibernate.type.BasicTypeRegistry - Adding type registration calendar -> org.hibernate.type.CalendarType@7243d311
18:38:20.353 [Test worker] DEBUG org.hibernate.type.BasicTypeRegistry - Adding type registration java.util.Calendar -> org.hibernate.type.CalendarType@7243d311
18:38:20.353 [Test worker] DEBUG org.hibernate.type.BasicTypeRegistry - Adding type registration java.util.GregorianCalendar -> org.hibernate.type.CalendarType@7243d311
18:38:20.354 [Test worker] DEBUG org.hibernate.type.BasicTypeRegistry - Adding type registration calendar_date -> org.hibernate.type.CalendarDateType@34591b89
18:38:20.355 [Test worker] DEBUG org.hibernate.type.BasicTypeRegistry - Adding type registration locale -> org.hibernate.type.LocaleType@12903286
18:38:20.355 [Test worker] DEBUG org.hibernate.type.BasicTypeRegistry - Adding type registration java.util.Locale -> org.hibernate.type.LocaleType@12903286
18:38:20.356 [Test worker] DEBUG org.hibernate.type.BasicTypeRegistry - Adding type registration currency -> org.hibernate.type.CurrencyType@71fa8a7b
18:38:20.357 [Test worker] DEBUG org.hibernate.type.BasicTypeRegistry - Adding type registration java.util.Currency -> org.hibernate.type.CurrencyType@71fa8a7b
18:38:20.358 [Test worker] DEBUG org.hibernate.type.BasicTypeRegistry - Adding type registration timezone -> org.hibernate.type.TimeZoneType@36f42437
18:38:20.358 [Test worker] DEBUG org.hibernate.type.BasicTypeRegistry - Adding type registration java.util.TimeZone -> org.hibernate.type.TimeZoneType@36f42437
18:38:20.359 [Test worker] DEBUG org.hibernate.type.BasicTypeRegistry - Adding type registration class -> org.hibernate.type.ClassType@6409b122
18:38:20.359 [Test worker] DEBUG org.hibernate.type.BasicTypeRegistry - Adding type registration java.lang.Class -> org.hibernate.type.ClassType@6409b122
18:38:20.360 [Test worker] DEBUG org.hibernate.type.BasicTypeRegistry - Adding type registration uuid-binary -> org.hibernate.type.UUIDBinaryType@37ee08c3
18:38:20.360 [Test worker] DEBUG org.hibernate.type.BasicTypeRegistry - Adding type registration java.util.UUID -> org.hibernate.type.UUIDBinaryType@37ee08c3
18:38:20.361 [Test worker] DEBUG org.hibernate.type.BasicTypeRegistry - Adding type registration uuid-char -> org.hibernate.type.UUIDCharType@38600ded
18:38:20.362 [Test worker] DEBUG org.hibernate.type.BasicTypeRegistry - Adding type registration binary -> org.hibernate.type.BinaryType@5c45b7ca
18:38:20.362 [Test worker] DEBUG org.hibernate.type.BasicTypeRegistry - Adding type registration byte[] -> org.hibernate.type.BinaryType@5c45b7ca
18:38:20.363 [Test worker] DEBUG org.hibernate.type.BasicTypeRegistry - Adding type registration [B -> org.hibernate.type.BinaryType@5c45b7ca
18:38:20.364 [Test worker] DEBUG org.hibernate.type.BasicTypeRegistry - Adding type registration wrapper-binary -> org.hibernate.type.WrapperBinaryType@7ac47274
18:38:20.364 [Test worker] DEBUG org.hibernate.type.BasicTypeRegistry - Adding type registration Byte[] -> org.hibernate.type.WrapperBinaryType@7ac47274
18:38:20.364 [Test worker] DEBUG org.hibernate.type.BasicTypeRegistry - Adding type registration [Ljava.lang.Byte; -> org.hibernate.type.WrapperBinaryType@7ac47274
18:38:20.366 [Test worker] DEBUG org.hibernate.type.BasicTypeRegistry - Adding type registration row_version -> org.hibernate.type.RowVersionType@7ceb70f3
18:38:20.366 [Test worker] DEBUG org.hibernate.type.BasicTypeRegistry - Adding type registration image -> org.hibernate.type.ImageType@637cd6e6
18:38:20.367 [Test worker] DEBUG org.hibernate.type.BasicTypeRegistry - Adding type registration characters -> org.hibernate.type.CharArrayType@498378e8
18:38:20.367 [Test worker] DEBUG org.hibernate.type.BasicTypeRegistry - Adding type registration char[] -> org.hibernate.type.CharArrayType@498378e8
18:38:20.368 [Test worker] DEBUG org.hibernate.type.BasicTypeRegistry - Adding type registration [C -> org.hibernate.type.CharArrayType@498378e8
18:38:20.369 [Test worker] DEBUG org.hibernate.type.BasicTypeRegistry - Adding type registration wrapper-characters -> org.hibernate.type.CharacterArrayType@78d979b9
18:38:20.369 [Test worker] DEBUG org.hibernate.type.BasicTypeRegistry - Adding type registration [Ljava.lang.Character; -> org.hibernate.type.CharacterArrayType@78d979b9
18:38:20.369 [Test worker] DEBUG org.hibernate.type.BasicTypeRegistry - Adding type registration Character[] -> org.hibernate.type.CharacterArrayType@78d979b9
18:38:20.370 [Test worker] DEBUG org.hibernate.type.BasicTypeRegistry - Adding type registration text -> org.hibernate.type.TextType@199bed8c
18:38:20.370 [Test worker] DEBUG org.hibernate.type.BasicTypeRegistry - Adding type registration ntext -> org.hibernate.type.NTextType@427c3bf8
18:38:20.372 [Test worker] DEBUG org.hibernate.type.BasicTypeRegistry - Adding type registration blob -> org.hibernate.type.BlobType@789bd48a
18:38:20.372 [Test worker] DEBUG org.hibernate.type.BasicTypeRegistry - Adding type registration java.sql.Blob -> org.hibernate.type.BlobType@789bd48a
18:38:20.373 [Test worker] DEBUG org.hibernate.type.BasicTypeRegistry - Adding type registration materialized_blob -> org.hibernate.type.MaterializedBlobType@489e8e92
18:38:20.374 [Test worker] DEBUG org.hibernate.type.BasicTypeRegistry - Adding type registration clob -> org.hibernate.type.ClobType@666394c7
18:38:20.375 [Test worker] DEBUG org.hibernate.type.BasicTypeRegistry - Adding type registration java.sql.Clob -> org.hibernate.type.ClobType@666394c7
18:38:20.376 [Test worker] DEBUG org.hibernate.type.BasicTypeRegistry - Adding type registration nclob -> org.hibernate.type.NClobType@5fc0b76f
18:38:20.377 [Test worker] DEBUG org.hibernate.type.BasicTypeRegistry - Adding type registration java.sql.NClob -> org.hibernate.type.NClobType@5fc0b76f
18:38:20.377 [Test worker] DEBUG org.hibernate.type.BasicTypeRegistry - Adding type registration materialized_clob -> org.hibernate.type.MaterializedClobType@d03479a
18:38:20.378 [Test worker] DEBUG org.hibernate.type.BasicTypeRegistry - Adding type registration materialized_nclob -> org.hibernate.type.MaterializedNClobType@464835a
18:38:20.379 [Test worker] DEBUG org.hibernate.type.BasicTypeRegistry - Adding type registration serializable -> org.hibernate.type.SerializableType@1013e046
18:38:20.384 [Test worker] DEBUG org.hibernate.type.BasicTypeRegistry - Adding type registration object -> org.hibernate.type.ObjectType@51d07251
18:38:20.384 [Test worker] DEBUG org.hibernate.type.BasicTypeRegistry - Adding type registration java.lang.Object -> org.hibernate.type.ObjectType@51d07251
18:38:20.385 [Test worker] DEBUG org.hibernate.type.BasicTypeRegistry - Adding type registration imm_date -> org.hibernate.type.AdaptedImmutableType@595486ac
18:38:20.385 [Test worker] DEBUG org.hibernate.type.BasicTypeRegistry - Adding type registration imm_time -> org.hibernate.type.AdaptedImmutableType@3ddf41be
18:38:20.385 [Test worker] DEBUG org.hibernate.type.BasicTypeRegistry - Adding type registration imm_timestamp -> org.hibernate.type.AdaptedImmutableType@41bf583d
18:38:20.385 [Test worker] DEBUG org.hibernate.type.BasicTypeRegistry - Adding type registration imm_dbtimestamp -> org.hibernate.type.AdaptedImmutableType@6b2a2832
18:38:20.385 [Test worker] DEBUG org.hibernate.type.BasicTypeRegistry - Adding type registration imm_calendar -> org.hibernate.type.AdaptedImmutableType@1636a21d
18:38:20.386 [Test worker] DEBUG org.hibernate.type.BasicTypeRegistry - Adding type registration imm_calendar_date -> org.hibernate.type.AdaptedImmutableType@51a3c3d4
18:38:20.386 [Test worker] DEBUG org.hibernate.type.BasicTypeRegistry - Adding type registration imm_binary -> org.hibernate.type.AdaptedImmutableType@6ae6076d
18:38:20.386 [Test worker] DEBUG org.hibernate.type.BasicTypeRegistry - Adding type registration imm_serializable -> org.hibernate.type.AdaptedImmutableType@50b7d9bb
18:38:20.399 [Test worker] DEBUG org.hibernate.boot.internal.BootstrapContextImpl - Injecting JPA temp ClassLoader [org.springframework.instrument.classloading.SimpleThrowawayClassLoader@4d98a33] into BootstrapContext; was [null]
18:38:20.400 [Test worker] DEBUG org.hibernate.boot.internal.ClassLoaderAccessImpl - ClassLoaderAccessImpl#injectTempClassLoader(org.springframework.instrument.classloading.SimpleThrowawayClassLoader@4d98a33) [was null]
18:38:20.400 [Test worker] DEBUG org.hibernate.boot.internal.BootstrapContextImpl - Injecting ScanEnvironment [org.hibernate.jpa.boot.internal.StandardJpaScanEnvironmentImpl@4743a5c7] into BootstrapContext; was [null]
18:38:20.401 [Test worker] DEBUG org.hibernate.boot.internal.BootstrapContextImpl - Injecting ScanOptions [org.hibernate.boot.archive.scan.internal.StandardScanOptions@111d7f98] into BootstrapContext; was [org.hibernate.boot.archive.scan.internal.StandardScanOptions@236a53e5]
18:38:20.443 [Test worker] DEBUG org.hibernate.boot.internal.BootstrapContextImpl - Injecting JPA temp ClassLoader [null] into BootstrapContext; was [org.springframework.instrument.classloading.SimpleThrowawayClassLoader@4d98a33]
18:38:20.444 [Test worker] DEBUG org.hibernate.boot.internal.ClassLoaderAccessImpl - ClassLoaderAccessImpl#injectTempClassLoader(null) [was org.springframework.instrument.classloading.SimpleThrowawayClassLoader@4d98a33]
18:38:20.453 [Test worker] DEBUG org.hibernate.id.factory.internal.DefaultIdentifierGeneratorFactory - Registering IdentifierGenerator strategy [uuid2] -> [org.hibernate.id.UUIDGenerator]
18:38:20.453 [Test worker] DEBUG org.hibernate.id.factory.internal.DefaultIdentifierGeneratorFactory - Registering IdentifierGenerator strategy [guid] -> [org.hibernate.id.GUIDGenerator]
18:38:20.454 [Test worker] DEBUG org.hibernate.id.factory.internal.DefaultIdentifierGeneratorFactory - Registering IdentifierGenerator strategy [uuid] -> [org.hibernate.id.UUIDHexGenerator]
18:38:20.454 [Test worker] DEBUG org.hibernate.id.factory.internal.DefaultIdentifierGeneratorFactory - Registering IdentifierGenerator strategy [uuid.hex] -> [org.hibernate.id.UUIDHexGenerator]
18:38:20.454 [Test worker] DEBUG org.hibernate.id.factory.internal.DefaultIdentifierGeneratorFactory - Registering IdentifierGenerator strategy [assigned] -> [org.hibernate.id.Assigned]
18:38:20.455 [Test worker] DEBUG org.hibernate.id.factory.internal.DefaultIdentifierGeneratorFactory - Registering IdentifierGenerator strategy [identity] -> [org.hibernate.id.IdentityGenerator]
18:38:20.455 [Test worker] DEBUG org.hibernate.id.factory.internal.DefaultIdentifierGeneratorFactory - Registering IdentifierGenerator strategy [select] -> [org.hibernate.id.SelectGenerator]
18:38:20.456 [Test worker] DEBUG org.hibernate.id.factory.internal.DefaultIdentifierGeneratorFactory - Registering IdentifierGenerator strategy [sequence] -> [org.hibernate.id.enhanced.SequenceStyleGenerator]
18:38:20.457 [Test worker] DEBUG org.hibernate.id.factory.internal.DefaultIdentifierGeneratorFactory - Registering IdentifierGenerator strategy [seqhilo] -> [org.hibernate.id.SequenceHiLoGenerator]
18:38:20.457 [Test worker] DEBUG org.hibernate.id.factory.internal.DefaultIdentifierGeneratorFactory - Registering IdentifierGenerator strategy [increment] -> [org.hibernate.id.IncrementGenerator]
18:38:20.458 [Test worker] DEBUG org.hibernate.id.factory.internal.DefaultIdentifierGeneratorFactory - Registering IdentifierGenerator strategy [foreign] -> [org.hibernate.id.ForeignGenerator]
18:38:20.458 [Test worker] DEBUG org.hibernate.id.factory.internal.DefaultIdentifierGeneratorFactory - Registering IdentifierGenerator strategy [sequence-identity] -> [org.hibernate.id.SequenceIdentityGenerator]
18:38:20.458 [Test worker] DEBUG org.hibernate.id.factory.internal.DefaultIdentifierGeneratorFactory - Registering IdentifierGenerator strategy [enhanced-sequence] -> [org.hibernate.id.enhanced.SequenceStyleGenerator]
18:38:20.459 [Test worker] DEBUG org.hibernate.id.factory.internal.DefaultIdentifierGeneratorFactory - Registering IdentifierGenerator strategy [enhanced-table] -> [org.hibernate.id.enhanced.TableGenerator]
18:38:20.464 [Test worker] DEBUG org.hibernate.engine.jdbc.env.internal.JdbcEnvironmentInitiator - Database ->
       name : H2
    version : 1.4.197 (2018-03-18)
      major : 1
      minor : 4
18:38:20.465 [Test worker] DEBUG org.hibernate.engine.jdbc.env.internal.JdbcEnvironmentInitiator - Driver ->
       name : H2 JDBC Driver
    version : 1.4.197 (2018-03-18)
      major : 1
      minor : 4
18:38:20.465 [Test worker] DEBUG org.hibernate.engine.jdbc.env.internal.JdbcEnvironmentInitiator - JDBC version : 4.0
18:38:20.475 [Test worker] INFO org.hibernate.dialect.Dialect - HHH000400: Using dialect: org.hibernate.dialect.H2Dialect
18:38:20.538 [Test worker] DEBUG org.hibernate.boot.model.relational.Namespace - Created database namespace [logicalName=Name{catalog=null, schema=null}, physicalName=Name{catalog=null, schema=null}]
18:38:20.541 [Test worker] DEBUG org.hibernate.type.spi.TypeConfiguration$Scope - Scoping TypeConfiguration [org.hibernate.type.spi.TypeConfiguration@eee01c4] to MetadataBuildingContext [org.hibernate.boot.internal.MetadataBuildingContextRootImpl@244f7dba]
18:38:20.585 [Test worker] DEBUG org.hibernate.cfg.AnnotationBinder - Binding entity from annotated class: com.epam.esm.entity.Entity
18:38:20.602 [Test worker] DEBUG org.hibernate.cfg.Ejb3Column - Binding column: Ejb3DiscriminatorColumn{logicalColumnName'DTYPE', discriminatorTypeName='string'}
18:38:20.606 [Test worker] DEBUG org.hibernate.cfg.annotations.EntityBinder - Import with entity name Entity
18:38:20.612 [Test worker] DEBUG org.hibernate.cfg.annotations.EntityBinder - Bind entity com.epam.esm.entity.Entity on table entity
18:38:20.628 [Test worker] DEBUG org.hibernate.cfg.Ejb3Column - Binding column: Ejb3Column{table=org.hibernate.mapping.Table(entity), mappingColumn=id, insertable=true, updatable=true, unique=false}
18:38:20.631 [Test worker] DEBUG org.hibernate.cfg.annotations.PropertyBinder - MetadataSourceProcessor property id with lazy=false
18:38:20.632 [Test worker] DEBUG org.hibernate.cfg.AbstractPropertyHolder - Attempting to locate auto-apply AttributeConverter for property [com.epam.esm.entity.Entity:id]
18:38:20.634 [Test worker] DEBUG org.hibernate.cfg.annotations.SimpleValueBinder - building SimpleValue for id
18:38:20.636 [Test worker] DEBUG org.hibernate.cfg.annotations.PropertyBinder - Building property id
18:38:20.638 [Test worker] DEBUG org.hibernate.cfg.BinderHelper - #makeIdGenerator(org.hibernate.mapping.SimpleValue([org.hibernate.mapping.Column(id)]), id, identity, , ...)
18:38:20.638 [Test worker] DEBUG org.hibernate.cfg.AnnotationBinder - Binding entity from annotated class: com.epam.esm.entity.GiftCertificate
18:38:20.639 [Test worker] DEBUG org.hibernate.cfg.Ejb3Column - Binding column: Ejb3DiscriminatorColumn{logicalColumnName'DTYPE', discriminatorTypeName='string'}
18:38:20.639 [Test worker] DEBUG org.hibernate.cfg.annotations.EntityBinder - Import with entity name GiftCertificate
18:38:20.639 [Test worker] DEBUG org.hibernate.cfg.annotations.EntityBinder - Bind entity com.epam.esm.entity.GiftCertificate on table certificate
18:38:20.648 [Test worker] DEBUG org.hibernate.cfg.Ejb3Column - Binding column: Ejb3Column{table=org.hibernate.mapping.Table(certificate), mappingColumn=id, insertable=true, updatable=true, unique=false}
18:38:20.648 [Test worker] DEBUG org.hibernate.cfg.annotations.PropertyBinder - MetadataSourceProcessor property id with lazy=false
18:38:20.648 [Test worker] DEBUG org.hibernate.cfg.AbstractPropertyHolder - Attempting to locate auto-apply AttributeConverter for property [com.epam.esm.entity.GiftCertificate:id]
18:38:20.648 [Test worker] DEBUG org.hibernate.cfg.annotations.SimpleValueBinder - building SimpleValue for id
18:38:20.648 [Test worker] DEBUG org.hibernate.cfg.annotations.PropertyBinder - Building property id
18:38:20.649 [Test worker] DEBUG org.hibernate.cfg.BinderHelper - #makeIdGenerator(org.hibernate.mapping.SimpleValue([org.hibernate.mapping.Column(id)]), id, identity, , ...)
18:38:20.650 [Test worker] DEBUG org.hibernate.cfg.Ejb3Column - Binding column: Ejb3Column{table=org.hibernate.mapping.Table(certificate), mappingColumn=active_status, insertable=true, updatable=true, unique=false}
18:38:20.651 [Test worker] DEBUG org.hibernate.cfg.annotations.PropertyBinder - MetadataSourceProcessor property activeStatus with lazy=false
18:38:20.651 [Test worker] DEBUG org.hibernate.cfg.AbstractPropertyHolder - Attempting to locate auto-apply AttributeConverter for property [com.epam.esm.entity.GiftCertificate:activeStatus]
18:38:20.651 [Test worker] DEBUG org.hibernate.cfg.annotations.SimpleValueBinder - building SimpleValue for activeStatus
18:38:20.652 [Test worker] DEBUG org.hibernate.cfg.annotations.PropertyBinder - Building property activeStatus
18:38:20.652 [Test worker] DEBUG org.hibernate.cfg.Ejb3Column - Binding column: Ejb3Column{table=org.hibernate.mapping.Table(certificate), mappingColumn=creation_date, insertable=true, updatable=true, unique=false}
18:38:20.652 [Test worker] DEBUG org.hibernate.cfg.annotations.PropertyBinder - MetadataSourceProcessor property creationDate with lazy=false
18:38:20.652 [Test worker] DEBUG org.hibernate.cfg.AbstractPropertyHolder - Attempting to locate auto-apply AttributeConverter for property [com.epam.esm.entity.GiftCertificate:creationDate]
18:38:20.652 [Test worker] DEBUG org.hibernate.cfg.annotations.SimpleValueBinder - building SimpleValue for creationDate
18:38:20.653 [Test worker] DEBUG org.hibernate.cfg.annotations.PropertyBinder - Building property creationDate
18:38:20.653 [Test worker] DEBUG org.hibernate.cfg.Ejb3Column - Binding column: Ejb3Column{table=org.hibernate.mapping.Table(certificate), mappingColumn=description, insertable=true, updatable=true, unique=false}
18:38:20.653 [Test worker] DEBUG org.hibernate.cfg.annotations.PropertyBinder - MetadataSourceProcessor property description with lazy=false
18:38:20.653 [Test worker] DEBUG org.hibernate.cfg.AbstractPropertyHolder - Attempting to locate auto-apply AttributeConverter for property [com.epam.esm.entity.GiftCertificate:description]
18:38:20.653 [Test worker] DEBUG org.hibernate.cfg.annotations.SimpleValueBinder - building SimpleValue for description
18:38:20.653 [Test worker] DEBUG org.hibernate.cfg.annotations.PropertyBinder - Building property description
18:38:20.654 [Test worker] DEBUG org.hibernate.cfg.Ejb3Column - Binding column: Ejb3Column{table=org.hibernate.mapping.Table(certificate), mappingColumn=expiration_date, insertable=true, updatable=true, unique=false}
18:38:20.654 [Test worker] DEBUG org.hibernate.cfg.annotations.PropertyBinder - MetadataSourceProcessor property expirationDate with lazy=false
18:38:20.654 [Test worker] DEBUG org.hibernate.cfg.AbstractPropertyHolder - Attempting to locate auto-apply AttributeConverter for property [com.epam.esm.entity.GiftCertificate:expirationDate]
18:38:20.654 [Test worker] DEBUG org.hibernate.cfg.annotations.SimpleValueBinder - building SimpleValue for expirationDate
18:38:20.654 [Test worker] DEBUG org.hibernate.cfg.annotations.PropertyBinder - Building property expirationDate
18:38:20.655 [Test worker] DEBUG org.hibernate.cfg.Ejb3Column - Binding column: Ejb3Column{table=org.hibernate.mapping.Table(certificate), mappingColumn=modification_date, insertable=true, updatable=true, unique=false}
18:38:20.655 [Test worker] DEBUG org.hibernate.cfg.annotations.PropertyBinder - MetadataSourceProcessor property modificationDate with lazy=false
18:38:20.655 [Test worker] DEBUG org.hibernate.cfg.AbstractPropertyHolder - Attempting to locate auto-apply AttributeConverter for property [com.epam.esm.entity.GiftCertificate:modificationDate]
18:38:20.655 [Test worker] DEBUG org.hibernate.cfg.annotations.SimpleValueBinder - building SimpleValue for modificationDate
18:38:20.655 [Test worker] DEBUG org.hibernate.cfg.annotations.PropertyBinder - Building property modificationDate
18:38:20.656 [Test worker] DEBUG org.hibernate.cfg.Ejb3Column - Binding column: Ejb3Column{table=org.hibernate.mapping.Table(certificate), mappingColumn=name, insertable=true, updatable=true, unique=false}
18:38:20.656 [Test worker] DEBUG org.hibernate.cfg.annotations.PropertyBinder - MetadataSourceProcessor property name with lazy=false
18:38:20.656 [Test worker] DEBUG org.hibernate.cfg.AbstractPropertyHolder - Attempting to locate auto-apply AttributeConverter for property [com.epam.esm.entity.GiftCertificate:name]
18:38:20.656 [Test worker] DEBUG org.hibernate.cfg.annotations.SimpleValueBinder - building SimpleValue for name
18:38:20.656 [Test worker] DEBUG org.hibernate.cfg.annotations.PropertyBinder - Building property name
18:38:20.657 [Test worker] DEBUG org.hibernate.cfg.Ejb3Column - Binding column: Ejb3JoinColumn{logicalColumnName='null', referencedColumn='null', mappedBy='certificate'}
18:38:20.658 [Test worker] DEBUG org.hibernate.cfg.Ejb3Column - Binding column: Ejb3Column{table=org.hibernate.mapping.Table(certificate), mappingColumn=order_certificates, insertable=true, updatable=true, unique=false}
18:38:20.659 [Test worker] DEBUG org.hibernate.cfg.Ejb3Column - Binding column: Ejb3Column{table=org.hibernate.mapping.Table(certificate), mappingColumn=null, insertable=true, updatable=true, unique=false}
18:38:20.667 [Test worker] DEBUG org.hibernate.cfg.Ejb3Column - Binding column: Ejb3Column{table=org.hibernate.mapping.Table(certificate), mappingColumn=element, insertable=true, updatable=true, unique=false}
18:38:20.667 [Test worker] DEBUG org.hibernate.cfg.Ejb3Column - Binding column: Ejb3Column{table=org.hibernate.mapping.Table(certificate), mappingColumn=order_certificates_key, insertable=true, updatable=true, unique=false}
18:38:20.668 [Test worker] DEBUG org.hibernate.cfg.Ejb3Column - Binding column: Ejb3JoinColumn{logicalColumnName='orderCertificates_KEY', referencedColumn='null', mappedBy='null'}
18:38:20.669 [Test worker] DEBUG org.hibernate.cfg.Ejb3Column - Binding column: Ejb3JoinColumn{logicalColumnName='null', referencedColumn='null', mappedBy='certificate'}
18:38:20.669 [Test worker] DEBUG org.hibernate.cfg.Ejb3Column - Binding column: Ejb3JoinColumn{logicalColumnName='null', referencedColumn='null', mappedBy='certificate'}
18:38:20.670 [Test worker] DEBUG org.hibernate.cfg.annotations.CollectionBinder - Collection role: com.epam.esm.entity.GiftCertificate.orderCertificates
18:38:20.672 [Test worker] DEBUG org.hibernate.cfg.annotations.PropertyBinder - Building property orderCertificates
18:38:20.672 [Test worker] DEBUG org.hibernate.cfg.Ejb3Column - Binding column: Ejb3Column{table=org.hibernate.mapping.Table(certificate), mappingColumn=price, insertable=true, updatable=true, unique=false}
18:38:20.672 [Test worker] DEBUG org.hibernate.cfg.annotations.PropertyBinder - MetadataSourceProcessor property price with lazy=false
18:38:20.672 [Test worker] DEBUG org.hibernate.cfg.AbstractPropertyHolder - Attempting to locate auto-apply AttributeConverter for property [com.epam.esm.entity.GiftCertificate:price]
18:38:20.672 [Test worker] DEBUG org.hibernate.cfg.annotations.SimpleValueBinder - building SimpleValue for price
18:38:20.673 [Test worker] DEBUG org.hibernate.cfg.annotations.PropertyBinder - Building property price
18:38:20.673 [Test worker] DEBUG org.hibernate.cfg.Ejb3Column - Binding column: Ejb3Column{table=org.hibernate.mapping.Table(certificate), mappingColumn=null, insertable=true, updatable=true, unique=false}
18:38:20.673 [Test worker] DEBUG org.hibernate.cfg.Ejb3Column - Binding column: Ejb3Column{table=org.hibernate.mapping.Table(certificate), mappingColumn=element, insertable=true, updatable=true, unique=false}
18:38:20.673 [Test worker] DEBUG org.hibernate.cfg.Ejb3Column - Binding column: Ejb3Column{table=org.hibernate.mapping.Table(certificate), mappingColumn=tags_key, insertable=true, updatable=true, unique=false}
18:38:20.673 [Test worker] DEBUG org.hibernate.cfg.Ejb3Column - Binding column: Ejb3JoinColumn{logicalColumnName='tags_KEY', referencedColumn='null', mappedBy='null'}
18:38:20.674 [Test worker] DEBUG org.hibernate.cfg.Ejb3Column - Binding column: Ejb3JoinColumn{logicalColumnName='certificate_id', referencedColumn='', mappedBy=''}
18:38:20.674 [Test worker] DEBUG org.hibernate.cfg.Ejb3Column - Binding column: Ejb3JoinColumn{logicalColumnName='tag_id', referencedColumn='', mappedBy=''}
18:38:20.674 [Test worker] DEBUG org.hibernate.cfg.annotations.CollectionBinder - Collection role: com.epam.esm.entity.GiftCertificate.tags
18:38:20.674 [Test worker] DEBUG org.hibernate.cfg.annotations.PropertyBinder - Building property tags
18:38:20.675 [Test worker] DEBUG org.hibernate.cfg.AnnotationBinder - Binding entity from annotated class: com.epam.esm.entity.Order
18:38:20.675 [Test worker] DEBUG org.hibernate.cfg.Ejb3Column - Binding column: Ejb3DiscriminatorColumn{logicalColumnName'DTYPE', discriminatorTypeName='string'}
18:38:20.675 [Test worker] DEBUG org.hibernate.cfg.annotations.EntityBinder - Import with entity name Order
18:38:20.675 [Test worker] DEBUG org.hibernate.cfg.annotations.EntityBinder - Bind entity com.epam.esm.entity.Order on table application_order
18:38:20.680 [Test worker] DEBUG org.hibernate.cfg.Ejb3Column - Binding column: Ejb3Column{table=org.hibernate.mapping.Table(application_order), mappingColumn=id, insertable=true, updatable=true, unique=false}
18:38:20.680 [Test worker] DEBUG org.hibernate.cfg.annotations.PropertyBinder - MetadataSourceProcessor property id with lazy=false
18:38:20.680 [Test worker] DEBUG org.hibernate.cfg.AbstractPropertyHolder - Attempting to locate auto-apply AttributeConverter for property [com.epam.esm.entity.Order:id]
18:38:20.680 [Test worker] DEBUG org.hibernate.cfg.annotations.SimpleValueBinder - building SimpleValue for id
18:38:20.681 [Test worker] DEBUG org.hibernate.cfg.annotations.PropertyBinder - Building property id
18:38:20.681 [Test worker] DEBUG org.hibernate.cfg.BinderHelper - #makeIdGenerator(org.hibernate.mapping.SimpleValue([org.hibernate.mapping.Column(id)]), id, identity, , ...)
18:38:20.681 [Test worker] DEBUG org.hibernate.cfg.Ejb3Column - Binding column: Ejb3Column{table=org.hibernate.mapping.Table(application_order), mappingColumn=active_status, insertable=true, updatable=true, unique=false}
18:38:20.681 [Test worker] DEBUG org.hibernate.cfg.annotations.PropertyBinder - MetadataSourceProcessor property activeStatus with lazy=false
18:38:20.681 [Test worker] DEBUG org.hibernate.cfg.AbstractPropertyHolder - Attempting to locate auto-apply AttributeConverter for property [com.epam.esm.entity.Order:activeStatus]
18:38:20.681 [Test worker] DEBUG org.hibernate.cfg.annotations.SimpleValueBinder - building SimpleValue for activeStatus
18:38:20.682 [Test worker] DEBUG org.hibernate.cfg.annotations.PropertyBinder - Building property activeStatus
18:38:20.682 [Test worker] DEBUG org.hibernate.cfg.Ejb3Column - Binding column: Ejb3Column{table=org.hibernate.mapping.Table(application_order), mappingColumn=created_at, insertable=true, updatable=true, unique=false}
18:38:20.682 [Test worker] DEBUG org.hibernate.cfg.annotations.PropertyBinder - MetadataSourceProcessor property createdAt with lazy=false
18:38:20.682 [Test worker] DEBUG org.hibernate.cfg.AbstractPropertyHolder - Attempting to locate auto-apply AttributeConverter for property [com.epam.esm.entity.Order:createdAt]
18:38:20.682 [Test worker] DEBUG org.hibernate.cfg.annotations.SimpleValueBinder - building SimpleValue for createdAt
18:38:20.683 [Test worker] DEBUG org.hibernate.cfg.annotations.PropertyBinder - Building property createdAt
18:38:20.683 [Test worker] DEBUG org.hibernate.cfg.Ejb3Column - Binding column: Ejb3JoinColumn{logicalColumnName='null', referencedColumn='null', mappedBy='order'}
18:38:20.683 [Test worker] DEBUG org.hibernate.cfg.Ejb3Column - Binding column: Ejb3Column{table=org.hibernate.mapping.Table(application_order), mappingColumn=order_certificates, insertable=true, updatable=true, unique=false}
18:38:20.683 [Test worker] DEBUG org.hibernate.cfg.Ejb3Column - Binding column: Ejb3Column{table=org.hibernate.mapping.Table(application_order), mappingColumn=null, insertable=true, updatable=true, unique=false}
18:38:20.683 [Test worker] DEBUG org.hibernate.cfg.Ejb3Column - Binding column: Ejb3Column{table=org.hibernate.mapping.Table(application_order), mappingColumn=element, insertable=true, updatable=true, unique=false}
18:38:20.684 [Test worker] DEBUG org.hibernate.cfg.Ejb3Column - Binding column: Ejb3Column{table=org.hibernate.mapping.Table(application_order), mappingColumn=order_certificates_key, insertable=true, updatable=true, unique=false}
18:38:20.684 [Test worker] DEBUG org.hibernate.cfg.Ejb3Column - Binding column: Ejb3JoinColumn{logicalColumnName='orderCertificates_KEY', referencedColumn='null', mappedBy='null'}
18:38:20.684 [Test worker] DEBUG org.hibernate.cfg.Ejb3Column - Binding column: Ejb3JoinColumn{logicalColumnName='null', referencedColumn='null', mappedBy='order'}
18:38:20.684 [Test worker] DEBUG org.hibernate.cfg.Ejb3Column - Binding column: Ejb3JoinColumn{logicalColumnName='null', referencedColumn='null', mappedBy='order'}
18:38:20.684 [Test worker] DEBUG org.hibernate.cfg.annotations.CollectionBinder - Collection role: com.epam.esm.entity.Order.orderCertificates
18:38:20.684 [Test worker] DEBUG org.hibernate.cfg.annotations.PropertyBinder - Building property orderCertificates
18:38:20.684 [Test worker] DEBUG org.hibernate.cfg.Ejb3Column - Binding column: Ejb3JoinColumn{logicalColumnName='user_id', referencedColumn='', mappedBy=''}
18:38:20.685 [Test worker] DEBUG org.hibernate.cfg.Ejb3Column - Binding column: Ejb3Column{table=org.hibernate.mapping.Table(application_order), mappingColumn=user, insertable=true, updatable=true, unique=false}
18:38:20.686 [Test worker] DEBUG org.hibernate.cfg.annotations.PropertyBinder - Building property user
18:38:20.687 [Test worker] DEBUG org.hibernate.cfg.AnnotationBinder - Binding entity from annotated class: com.epam.esm.entity.OrderCertificate
18:38:20.687 [Test worker] DEBUG org.hibernate.cfg.Ejb3Column - Binding column: Ejb3DiscriminatorColumn{logicalColumnName'DTYPE', discriminatorTypeName='string'}
18:38:20.687 [Test worker] DEBUG org.hibernate.cfg.annotations.EntityBinder - Import with entity name OrderCertificate
18:38:20.687 [Test worker] DEBUG org.hibernate.cfg.annotations.EntityBinder - Bind entity com.epam.esm.entity.OrderCertificate on table order_certificate
18:38:20.689 [Test worker] DEBUG org.hibernate.cfg.Ejb3Column - Binding column: Ejb3Column{table=org.hibernate.mapping.Table(order_certificate), mappingColumn=id, insertable=true, updatable=true, unique=false}
18:38:20.689 [Test worker] DEBUG org.hibernate.cfg.annotations.PropertyBinder - MetadataSourceProcessor property id with lazy=false
18:38:20.689 [Test worker] DEBUG org.hibernate.cfg.AbstractPropertyHolder - Attempting to locate auto-apply AttributeConverter for property [com.epam.esm.entity.OrderCertificate:id]
18:38:20.689 [Test worker] DEBUG org.hibernate.cfg.annotations.SimpleValueBinder - building SimpleValue for id
18:38:20.689 [Test worker] DEBUG org.hibernate.cfg.annotations.PropertyBinder - Building property id
18:38:20.690 [Test worker] DEBUG org.hibernate.cfg.BinderHelper - #makeIdGenerator(org.hibernate.mapping.SimpleValue([org.hibernate.mapping.Column(id)]), id, identity, , ...)
18:38:20.690 [Test worker] DEBUG org.hibernate.cfg.Ejb3Column - Binding column: Ejb3JoinColumn{logicalColumnName='null', referencedColumn='', mappedBy=''}
18:38:20.690 [Test worker] DEBUG org.hibernate.cfg.Ejb3Column - Binding column: Ejb3Column{table=org.hibernate.mapping.Table(order_certificate), mappingColumn=certificate, insertable=true, updatable=true, unique=false}
18:38:20.690 [Test worker] DEBUG org.hibernate.cfg.annotations.PropertyBinder - Building property certificate
18:38:20.690 [Test worker] DEBUG org.hibernate.cfg.Ejb3Column - Binding column: Ejb3Column{table=org.hibernate.mapping.Table(order_certificate), mappingColumn=expiration_date, insertable=true, updatable=true, unique=false}
18:38:20.691 [Test worker] DEBUG org.hibernate.cfg.annotations.PropertyBinder - MetadataSourceProcessor property expirationDate with lazy=false
18:38:20.691 [Test worker] DEBUG org.hibernate.cfg.AbstractPropertyHolder - Attempting to locate auto-apply AttributeConverter for property [com.epam.esm.entity.OrderCertificate:expirationDate]
18:38:20.691 [Test worker] DEBUG org.hibernate.cfg.annotations.SimpleValueBinder - building SimpleValue for expirationDate
18:38:20.691 [Test worker] DEBUG org.hibernate.cfg.annotations.PropertyBinder - Building property expirationDate
18:38:20.691 [Test worker] DEBUG org.hibernate.cfg.Ejb3Column - Binding column: Ejb3Column{table=org.hibernate.mapping.Table(order_certificate), mappingColumn=fixed_price, insertable=true, updatable=true, unique=false}
18:38:20.691 [Test worker] DEBUG org.hibernate.cfg.annotations.PropertyBinder - MetadataSourceProcessor property fixedPrice with lazy=false
18:38:20.691 [Test worker] DEBUG org.hibernate.cfg.AbstractPropertyHolder - Attempting to locate auto-apply AttributeConverter for property [com.epam.esm.entity.OrderCertificate:fixedPrice]
18:38:20.691 [Test worker] DEBUG org.hibernate.cfg.annotations.SimpleValueBinder - building SimpleValue for fixedPrice
18:38:20.692 [Test worker] DEBUG org.hibernate.cfg.annotations.PropertyBinder - Building property fixedPrice
18:38:20.692 [Test worker] DEBUG org.hibernate.cfg.Ejb3Column - Binding column: Ejb3JoinColumn{logicalColumnName='null', referencedColumn='', mappedBy=''}
18:38:20.692 [Test worker] DEBUG org.hibernate.cfg.Ejb3Column - Binding column: Ejb3Column{table=org.hibernate.mapping.Table(order_certificate), mappingColumn=order, insertable=true, updatable=true, unique=false}
18:38:20.692 [Test worker] DEBUG org.hibernate.cfg.annotations.PropertyBinder - Building property order
18:38:20.692 [Test worker] DEBUG org.hibernate.cfg.AnnotationBinder - Binding entity from annotated class: com.epam.esm.entity.Role
18:38:20.693 [Test worker] DEBUG org.hibernate.cfg.Ejb3Column - Binding column: Ejb3DiscriminatorColumn{logicalColumnName'DTYPE', discriminatorTypeName='string'}
18:38:20.693 [Test worker] DEBUG org.hibernate.cfg.annotations.EntityBinder - Import with entity name Role
18:38:20.693 [Test worker] DEBUG org.hibernate.cfg.annotations.EntityBinder - Bind entity com.epam.esm.entity.Role on table application_role
18:38:20.694 [Test worker] DEBUG org.hibernate.cfg.Ejb3Column - Binding column: Ejb3Column{table=org.hibernate.mapping.Table(application_role), mappingColumn=id, insertable=true, updatable=true, unique=false}
18:38:20.694 [Test worker] DEBUG org.hibernate.cfg.annotations.PropertyBinder - MetadataSourceProcessor property id with lazy=false
18:38:20.694 [Test worker] DEBUG org.hibernate.cfg.AbstractPropertyHolder - Attempting to locate auto-apply AttributeConverter for property [com.epam.esm.entity.Role:id]
18:38:20.694 [Test worker] DEBUG org.hibernate.cfg.annotations.SimpleValueBinder - building SimpleValue for id
18:38:20.694 [Test worker] DEBUG org.hibernate.cfg.annotations.PropertyBinder - Building property id
18:38:20.694 [Test worker] DEBUG org.hibernate.cfg.BinderHelper - #makeIdGenerator(org.hibernate.mapping.SimpleValue([org.hibernate.mapping.Column(id)]), id, identity, , ...)
18:38:20.695 [Test worker] DEBUG org.hibernate.cfg.Ejb3Column - Binding column: Ejb3Column{table=org.hibernate.mapping.Table(application_role), mappingColumn=value, insertable=true, updatable=true, unique=false}
18:38:20.695 [Test worker] DEBUG org.hibernate.cfg.annotations.PropertyBinder - MetadataSourceProcessor property value with lazy=false
18:38:20.695 [Test worker] DEBUG org.hibernate.cfg.AbstractPropertyHolder - Attempting to locate auto-apply AttributeConverter for property [com.epam.esm.entity.Role:value]
18:38:20.695 [Test worker] DEBUG org.hibernate.cfg.annotations.SimpleValueBinder - building SimpleValue for value
18:38:20.695 [Test worker] DEBUG org.hibernate.cfg.annotations.PropertyBinder - Building property value
18:38:20.695 [Test worker] DEBUG org.hibernate.cfg.AnnotationBinder - Binding entity from annotated class: com.epam.esm.entity.Tag
18:38:20.695 [Test worker] DEBUG org.hibernate.cfg.Ejb3Column - Binding column: Ejb3DiscriminatorColumn{logicalColumnName'DTYPE', discriminatorTypeName='string'}
18:38:20.696 [Test worker] DEBUG org.hibernate.cfg.annotations.EntityBinder - Import with entity name Tag
18:38:20.696 [Test worker] DEBUG org.hibernate.cfg.annotations.EntityBinder - Bind entity com.epam.esm.entity.Tag on table tag
18:38:20.697 [Test worker] DEBUG org.hibernate.cfg.Ejb3Column - Binding column: Ejb3Column{table=org.hibernate.mapping.Table(tag), mappingColumn=id, insertable=true, updatable=true, unique=false}
18:38:20.697 [Test worker] DEBUG org.hibernate.cfg.annotations.PropertyBinder - MetadataSourceProcessor property id with lazy=false
18:38:20.697 [Test worker] DEBUG org.hibernate.cfg.AbstractPropertyHolder - Attempting to locate auto-apply AttributeConverter for property [com.epam.esm.entity.Tag:id]
18:38:20.697 [Test worker] DEBUG org.hibernate.cfg.annotations.SimpleValueBinder - building SimpleValue for id
18:38:20.698 [Test worker] DEBUG org.hibernate.cfg.annotations.PropertyBinder - Building property id
18:38:20.698 [Test worker] DEBUG org.hibernate.cfg.BinderHelper - #makeIdGenerator(org.hibernate.mapping.SimpleValue([org.hibernate.mapping.Column(id)]), id, identity, , ...)
18:38:20.698 [Test worker] DEBUG org.hibernate.cfg.Ejb3Column - Binding column: Ejb3Column{table=org.hibernate.mapping.Table(tag), mappingColumn=title, insertable=true, updatable=false, unique=true}
18:38:20.698 [Test worker] DEBUG org.hibernate.cfg.annotations.PropertyBinder - MetadataSourceProcessor property title with lazy=false
18:38:20.698 [Test worker] DEBUG org.hibernate.cfg.AbstractPropertyHolder - Attempting to locate auto-apply AttributeConverter for property [com.epam.esm.entity.Tag:title]
18:38:20.698 [Test worker] DEBUG org.hibernate.cfg.annotations.SimpleValueBinder - building SimpleValue for title
18:38:20.698 [Test worker] DEBUG org.hibernate.cfg.annotations.PropertyBinder - Building property title
18:38:20.699 [Test worker] DEBUG org.hibernate.cfg.AnnotationBinder - Binding entity from annotated class: com.epam.esm.entity.User
18:38:20.699 [Test worker] DEBUG org.hibernate.cfg.Ejb3Column - Binding column: Ejb3DiscriminatorColumn{logicalColumnName'DTYPE', discriminatorTypeName='string'}
18:38:20.699 [Test worker] DEBUG org.hibernate.cfg.annotations.EntityBinder - Import with entity name User
18:38:20.699 [Test worker] DEBUG org.hibernate.cfg.annotations.EntityBinder - Bind entity com.epam.esm.entity.User on table application_user
18:38:20.702 [Test worker] DEBUG org.hibernate.cfg.Ejb3Column - Binding column: Ejb3Column{table=org.hibernate.mapping.Table(application_user), mappingColumn=id, insertable=true, updatable=true, unique=false}
18:38:20.703 [Test worker] DEBUG org.hibernate.cfg.annotations.PropertyBinder - MetadataSourceProcessor property id with lazy=false
18:38:20.703 [Test worker] DEBUG org.hibernate.cfg.AbstractPropertyHolder - Attempting to locate auto-apply AttributeConverter for property [com.epam.esm.entity.User:id]
18:38:20.703 [Test worker] DEBUG org.hibernate.cfg.annotations.SimpleValueBinder - building SimpleValue for id
18:38:20.703 [Test worker] DEBUG org.hibernate.cfg.annotations.PropertyBinder - Building property id
18:38:20.703 [Test worker] DEBUG org.hibernate.cfg.BinderHelper - #makeIdGenerator(org.hibernate.mapping.SimpleValue([org.hibernate.mapping.Column(id)]), id, identity, , ...)
18:38:20.703 [Test worker] DEBUG org.hibernate.cfg.Ejb3Column - Binding column: Ejb3Column{table=org.hibernate.mapping.Table(application_user), mappingColumn=email, insertable=true, updatable=true, unique=false}
18:38:20.703 [Test worker] DEBUG org.hibernate.cfg.annotations.PropertyBinder - MetadataSourceProcessor property email with lazy=false
18:38:20.704 [Test worker] DEBUG org.hibernate.cfg.AbstractPropertyHolder - Attempting to locate auto-apply AttributeConverter for property [com.epam.esm.entity.User:email]
18:38:20.704 [Test worker] DEBUG org.hibernate.cfg.annotations.SimpleValueBinder - building SimpleValue for email
18:38:20.704 [Test worker] DEBUG org.hibernate.cfg.annotations.PropertyBinder - Building property email
18:38:20.704 [Test worker] DEBUG org.hibernate.cfg.Ejb3Column - Binding column: Ejb3JoinColumn{logicalColumnName='null', referencedColumn='null', mappedBy='user'}
18:38:20.704 [Test worker] DEBUG org.hibernate.cfg.Ejb3Column - Binding column: Ejb3Column{table=org.hibernate.mapping.Table(application_user), mappingColumn=orders, insertable=true, updatable=true, unique=false}
18:38:20.704 [Test worker] DEBUG org.hibernate.cfg.Ejb3Column - Binding column: Ejb3Column{table=org.hibernate.mapping.Table(application_user), mappingColumn=null, insertable=true, updatable=true, unique=false}
18:38:20.705 [Test worker] DEBUG org.hibernate.cfg.Ejb3Column - Binding column: Ejb3Column{table=org.hibernate.mapping.Table(application_user), mappingColumn=element, insertable=true, updatable=true, unique=false}
18:38:20.705 [Test worker] DEBUG org.hibernate.cfg.Ejb3Column - Binding column: Ejb3Column{table=org.hibernate.mapping.Table(application_user), mappingColumn=orders_key, insertable=true, updatable=true, unique=false}
18:38:20.705 [Test worker] DEBUG org.hibernate.cfg.Ejb3Column - Binding column: Ejb3JoinColumn{logicalColumnName='orders_KEY', referencedColumn='null', mappedBy='null'}
18:38:20.705 [Test worker] DEBUG org.hibernate.cfg.Ejb3Column - Binding column: Ejb3JoinColumn{logicalColumnName='null', referencedColumn='null', mappedBy='user'}
18:38:20.705 [Test worker] DEBUG org.hibernate.cfg.Ejb3Column - Binding column: Ejb3JoinColumn{logicalColumnName='null', referencedColumn='null', mappedBy='user'}
18:38:20.705 [Test worker] DEBUG org.hibernate.cfg.annotations.CollectionBinder - Collection role: com.epam.esm.entity.User.orders
18:38:20.705 [Test worker] DEBUG org.hibernate.cfg.annotations.PropertyBinder - Building property orders
18:38:20.706 [Test worker] DEBUG org.hibernate.cfg.Ejb3Column - Binding column: Ejb3Column{table=org.hibernate.mapping.Table(application_user), mappingColumn=password, insertable=true, updatable=true, unique=false}
18:38:20.706 [Test worker] DEBUG org.hibernate.cfg.annotations.PropertyBinder - MetadataSourceProcessor property password with lazy=false
18:38:20.706 [Test worker] DEBUG org.hibernate.cfg.AbstractPropertyHolder - Attempting to locate auto-apply AttributeConverter for property [com.epam.esm.entity.User:password]
18:38:20.706 [Test worker] DEBUG org.hibernate.cfg.annotations.SimpleValueBinder - building SimpleValue for password
18:38:20.706 [Test worker] DEBUG org.hibernate.cfg.annotations.PropertyBinder - Building property password
18:38:20.706 [Test worker] DEBUG org.hibernate.cfg.Ejb3Column - Binding column: Ejb3Column{table=org.hibernate.mapping.Table(application_user), mappingColumn=refresh_token, insertable=true, updatable=true, unique=false}
18:38:20.706 [Test worker] DEBUG org.hibernate.cfg.annotations.PropertyBinder - MetadataSourceProcessor property refreshToken with lazy=false
18:38:20.707 [Test worker] DEBUG org.hibernate.cfg.AbstractPropertyHolder - Attempting to locate auto-apply AttributeConverter for property [com.epam.esm.entity.User:refreshToken]
18:38:20.707 [Test worker] DEBUG org.hibernate.cfg.annotations.SimpleValueBinder - building SimpleValue for refreshToken
18:38:20.707 [Test worker] DEBUG org.hibernate.cfg.annotations.PropertyBinder - Building property refreshToken
18:38:20.707 [Test worker] DEBUG org.hibernate.cfg.Ejb3Column - Binding column: Ejb3JoinColumn{logicalColumnName='role_id', referencedColumn='', mappedBy=''}
18:38:20.707 [Test worker] DEBUG org.hibernate.cfg.Ejb3Column - Binding column: Ejb3Column{table=org.hibernate.mapping.Table(application_user), mappingColumn=role, insertable=true, updatable=true, unique=false}
18:38:20.707 [Test worker] DEBUG org.hibernate.cfg.annotations.PropertyBinder - Building property role
18:38:20.709 [Test worker] DEBUG org.hibernate.cfg.annotations.SimpleValueBinder - Starting fillSimpleValue for id
18:38:20.709 [Test worker] DEBUG org.hibernate.cfg.annotations.SimpleValueBinder - Starting fillSimpleValue for id
18:38:20.709 [Test worker] DEBUG org.hibernate.cfg.annotations.SimpleValueBinder - Starting fillSimpleValue for activeStatus
18:38:20.710 [Test worker] DEBUG org.hibernate.cfg.annotations.SimpleValueBinder - Starting fillSimpleValue for creationDate
18:38:20.710 [Test worker] DEBUG org.hibernate.cfg.annotations.SimpleValueBinder - Starting fillSimpleValue for description
18:38:20.710 [Test worker] DEBUG org.hibernate.cfg.annotations.SimpleValueBinder - Starting fillSimpleValue for expirationDate
18:38:20.710 [Test worker] DEBUG org.hibernate.cfg.annotations.SimpleValueBinder - Starting fillSimpleValue for modificationDate
18:38:20.710 [Test worker] DEBUG org.hibernate.cfg.annotations.SimpleValueBinder - Starting fillSimpleValue for name
18:38:20.710 [Test worker] DEBUG org.hibernate.cfg.annotations.SimpleValueBinder - Starting fillSimpleValue for price
18:38:20.710 [Test worker] DEBUG org.hibernate.cfg.annotations.SimpleValueBinder - Starting fillSimpleValue for id
18:38:20.710 [Test worker] DEBUG org.hibernate.cfg.annotations.SimpleValueBinder - Starting fillSimpleValue for activeStatus
18:38:20.710 [Test worker] DEBUG org.hibernate.cfg.annotations.SimpleValueBinder - Starting fillSimpleValue for createdAt
18:38:20.710 [Test worker] DEBUG org.hibernate.cfg.annotations.SimpleValueBinder - Starting fillSimpleValue for id
18:38:20.711 [Test worker] DEBUG org.hibernate.cfg.annotations.SimpleValueBinder - Starting fillSimpleValue for expirationDate
18:38:20.711 [Test worker] DEBUG org.hibernate.cfg.annotations.SimpleValueBinder - Starting fillSimpleValue for fixedPrice
18:38:20.711 [Test worker] DEBUG org.hibernate.cfg.annotations.SimpleValueBinder - Starting fillSimpleValue for id
18:38:20.711 [Test worker] DEBUG org.hibernate.cfg.annotations.SimpleValueBinder - Starting fillSimpleValue for value
18:38:20.711 [Test worker] DEBUG org.hibernate.cfg.annotations.SimpleValueBinder - Starting fillSimpleValue for id
18:38:20.711 [Test worker] DEBUG org.hibernate.cfg.annotations.SimpleValueBinder - Starting fillSimpleValue for title
18:38:20.711 [Test worker] DEBUG org.hibernate.cfg.annotations.SimpleValueBinder - Starting fillSimpleValue for id
18:38:20.711 [Test worker] DEBUG org.hibernate.cfg.annotations.SimpleValueBinder - Starting fillSimpleValue for email
18:38:20.711 [Test worker] DEBUG org.hibernate.cfg.annotations.SimpleValueBinder - Starting fillSimpleValue for password
18:38:20.712 [Test worker] DEBUG org.hibernate.cfg.annotations.SimpleValueBinder - Starting fillSimpleValue for refreshToken
18:38:20.718 [Test worker] DEBUG org.hibernate.mapping.PrimaryKey - Forcing column [id] to be non-null as it is part of the primary key for table [entity]
18:38:20.718 [Test worker] DEBUG org.hibernate.mapping.PrimaryKey - Forcing column [id] to be non-null as it is part of the primary key for table [certificate]
18:38:20.718 [Test worker] DEBUG org.hibernate.mapping.PrimaryKey - Forcing column [id] to be non-null as it is part of the primary key for table [application_order]
18:38:20.718 [Test worker] DEBUG org.hibernate.mapping.PrimaryKey - Forcing column [id] to be non-null as it is part of the primary key for table [order_certificate]
18:38:20.718 [Test worker] DEBUG org.hibernate.mapping.PrimaryKey - Forcing column [id] to be non-null as it is part of the primary key for table [application_role]
18:38:20.719 [Test worker] DEBUG org.hibernate.mapping.PrimaryKey - Forcing column [id] to be non-null as it is part of the primary key for table [tag]
18:38:20.719 [Test worker] DEBUG org.hibernate.mapping.PrimaryKey - Forcing column [id] to be non-null as it is part of the primary key for table [application_user]
18:38:20.719 [Test worker] DEBUG org.hibernate.cfg.CollectionSecondPass - Second pass for collection: com.epam.esm.entity.GiftCertificate.tags
18:38:20.719 [Test worker] DEBUG org.hibernate.cfg.annotations.CollectionBinder - Binding as ManyToMany: com.epam.esm.entity.GiftCertificate.tags
18:38:20.721 [Test worker] DEBUG org.hibernate.mapping.PrimaryKey - Forcing column [certificate_id] to be non-null as it is part of the primary key for table [certificate_tag]
18:38:20.722 [Test worker] DEBUG org.hibernate.mapping.PrimaryKey - Forcing column [tag_id] to be non-null as it is part of the primary key for table [certificate_tag]
18:38:20.722 [Test worker] DEBUG org.hibernate.cfg.CollectionSecondPass - Mapped collection key: certificate_id, element: tag_id
18:38:20.722 [Test worker] DEBUG org.hibernate.cfg.CollectionSecondPass - Second pass for collection: com.epam.esm.entity.GiftCertificate.orderCertificates
18:38:20.724 [Test worker] DEBUG org.hibernate.cfg.annotations.CollectionBinder - Binding a OneToMany: com.epam.esm.entity.GiftCertificate.orderCertificates through a foreign key
18:38:20.724 [Test worker] DEBUG org.hibernate.cfg.annotations.CollectionBinder - Mapping collection: com.epam.esm.entity.GiftCertificate.orderCertificates -> order_certificate
18:38:20.724 [Test worker] DEBUG org.hibernate.cfg.annotations.TableBinder - Retrieving property com.epam.esm.entity.OrderCertificate.certificate
18:38:20.724 [Test worker] DEBUG org.hibernate.cfg.CollectionSecondPass - Mapped collection key: certificate_id, one-to-many: com.epam.esm.entity.OrderCertificate
18:38:20.725 [Test worker] DEBUG org.hibernate.cfg.CollectionSecondPass - Second pass for collection: com.epam.esm.entity.Order.orderCertificates
18:38:20.725 [Test worker] DEBUG org.hibernate.cfg.annotations.CollectionBinder - Binding a OneToMany: com.epam.esm.entity.Order.orderCertificates through a foreign key
18:38:20.725 [Test worker] DEBUG org.hibernate.cfg.annotations.CollectionBinder - Mapping collection: com.epam.esm.entity.Order.orderCertificates -> order_certificate
18:38:20.725 [Test worker] DEBUG org.hibernate.cfg.annotations.TableBinder - Retrieving property com.epam.esm.entity.OrderCertificate.order
18:38:20.725 [Test worker] DEBUG org.hibernate.cfg.CollectionSecondPass - Mapped collection key: order_id, one-to-many: com.epam.esm.entity.OrderCertificate
18:38:20.725 [Test worker] DEBUG org.hibernate.cfg.CollectionSecondPass - Second pass for collection: com.epam.esm.entity.User.orders
18:38:20.726 [Test worker] DEBUG org.hibernate.cfg.annotations.CollectionBinder - Binding a OneToMany: com.epam.esm.entity.User.orders through a foreign key
18:38:20.726 [Test worker] DEBUG org.hibernate.cfg.annotations.CollectionBinder - Mapping collection: com.epam.esm.entity.User.orders -> application_order
18:38:20.726 [Test worker] DEBUG org.hibernate.cfg.annotations.TableBinder - Retrieving property com.epam.esm.entity.Order.user
18:38:20.726 [Test worker] DEBUG org.hibernate.cfg.CollectionSecondPass - Mapped collection key: user_id, one-to-many: com.epam.esm.entity.Order
18:38:20.726 [Test worker] DEBUG org.hibernate.boot.internal.InFlightMetadataCollectorImpl - Resolving reference to class: com.epam.esm.entity.User
18:38:20.729 [Test worker] DEBUG org.hibernate.boot.internal.InFlightMetadataCollectorImpl - Resolving reference to class: com.epam.esm.entity.Role
18:38:20.730 [Test worker] DEBUG org.hibernate.boot.internal.InFlightMetadataCollectorImpl - Resolving reference to class: com.epam.esm.entity.Tag
18:38:20.730 [Test worker] DEBUG org.hibernate.boot.internal.InFlightMetadataCollectorImpl - Resolving reference to class: com.epam.esm.entity.GiftCertificate
18:38:20.730 [Test worker] DEBUG org.hibernate.boot.internal.InFlightMetadataCollectorImpl - Resolving reference to class: com.epam.esm.entity.GiftCertificate
18:38:20.731 [Test worker] DEBUG org.hibernate.boot.internal.InFlightMetadataCollectorImpl - Resolving reference to class: com.epam.esm.entity.Order
18:38:20.733 [Test worker] DEBUG org.hibernate.boot.internal.InFlightMetadataCollectorImpl - Resolving reference to class: com.epam.esm.entity.User
18:38:20.733 [Test worker] DEBUG org.hibernate.boot.internal.InFlightMetadataCollectorImpl - Resolving reference to class: com.epam.esm.entity.Role
18:38:20.733 [Test worker] DEBUG org.hibernate.boot.internal.InFlightMetadataCollectorImpl - Resolving reference to class: com.epam.esm.entity.Tag
18:38:20.733 [Test worker] DEBUG org.hibernate.boot.internal.InFlightMetadataCollectorImpl - Resolving reference to class: com.epam.esm.entity.GiftCertificate
18:38:20.733 [Test worker] DEBUG org.hibernate.boot.internal.InFlightMetadataCollectorImpl - Resolving reference to class: com.epam.esm.entity.GiftCertificate
18:38:20.733 [Test worker] DEBUG org.hibernate.boot.internal.InFlightMetadataCollectorImpl - Resolving reference to class: com.epam.esm.entity.Order
18:38:20.771 [Test worker] DEBUG org.hibernate.internal.SessionFactoryImpl - Building session factory
18:38:20.772 [Test worker] DEBUG org.hibernate.cfg.Settings - SessionFactory name : null
18:38:20.772 [Test worker] DEBUG org.hibernate.cfg.Settings - Automatic flush during beforeCompletion(): enabled
18:38:20.772 [Test worker] DEBUG org.hibernate.cfg.Settings - Automatic session close at end of transaction: disabled
18:38:20.772 [Test worker] DEBUG org.hibernate.cfg.Settings - Statistics: disabled
18:38:20.772 [Test worker] DEBUG org.hibernate.cfg.Settings - Deleted entity synthetic identifier rollback: disabled
18:38:20.772 [Test worker] DEBUG org.hibernate.cfg.Settings - Default entity-mode: pojo
18:38:20.772 [Test worker] DEBUG org.hibernate.cfg.Settings - Check Nullability in Core (should be disabled when Bean Validation is on): enabled
18:38:20.772 [Test worker] DEBUG org.hibernate.cfg.Settings - Allow initialization of lazy state outside session : disabled
18:38:20.772 [Test worker] DEBUG org.hibernate.cfg.Settings - Using BatchFetchStyle : LEGACY
18:38:20.773 [Test worker] DEBUG org.hibernate.cfg.Settings - Default batch fetch size: -1
18:38:20.773 [Test worker] DEBUG org.hibernate.cfg.Settings - Maximum outer join fetch depth: null
18:38:20.773 [Test worker] DEBUG org.hibernate.cfg.Settings - Default null ordering: NONE
18:38:20.773 [Test worker] DEBUG org.hibernate.cfg.Settings - Order SQL updates by primary key: disabled
18:38:20.773 [Test worker] DEBUG org.hibernate.cfg.Settings - Order SQL inserts for batching: disabled
18:38:20.773 [Test worker] DEBUG org.hibernate.cfg.Settings - multi-tenancy strategy : NONE
18:38:20.773 [Test worker] DEBUG org.hibernate.cfg.Settings - JTA Track by Thread: enabled
18:38:20.773 [Test worker] DEBUG org.hibernate.cfg.Settings - Query language substitutions: {}
18:38:20.773 [Test worker] DEBUG org.hibernate.cfg.Settings - Named query checking : enabled
18:38:20.773 [Test worker] DEBUG org.hibernate.cfg.Settings - Second-level cache: disabled
18:38:20.773 [Test worker] DEBUG org.hibernate.cfg.Settings - Second-level query cache: disabled
18:38:20.773 [Test worker] DEBUG org.hibernate.cfg.Settings - Second-level query cache factory: null
18:38:20.774 [Test worker] DEBUG org.hibernate.cfg.Settings - Second-level cache region prefix: null
18:38:20.774 [Test worker] DEBUG org.hibernate.cfg.Settings - Optimize second-level cache for minimal puts: disabled
18:38:20.774 [Test worker] DEBUG org.hibernate.cfg.Settings - Structured second-level cache entries: disabled
18:38:20.774 [Test worker] DEBUG org.hibernate.cfg.Settings - Second-level cache direct-reference entries: disabled
18:38:20.774 [Test worker] DEBUG org.hibernate.cfg.Settings - Automatic eviction of collection cache: disabled
18:38:20.774 [Test worker] DEBUG org.hibernate.cfg.Settings - JDBC batch size: 15
18:38:20.774 [Test worker] DEBUG org.hibernate.cfg.Settings - JDBC batch updates for versioned data: enabled
18:38:20.774 [Test worker] DEBUG org.hibernate.cfg.Settings - Scrollable result sets: enabled
18:38:20.774 [Test worker] DEBUG org.hibernate.cfg.Settings - Wrap result sets: disabled
18:38:20.774 [Test worker] DEBUG org.hibernate.cfg.Settings - JDBC3 getGeneratedKeys(): enabled
18:38:20.774 [Test worker] DEBUG org.hibernate.cfg.Settings - JDBC result set fetch size: null
18:38:20.774 [Test worker] DEBUG org.hibernate.cfg.Settings - Connection release mode: ON_CLOSE
18:38:20.775 [Test worker] DEBUG org.hibernate.cfg.Settings - Generate SQL with comments: disabled
18:38:20.775 [Test worker] DEBUG org.hibernate.cfg.Settings - JPA compliance - query : 
18:38:20.775 [Test worker] DEBUG org.hibernate.cfg.Settings - JPA compliance - closed-handling : 
18:38:20.775 [Test worker] DEBUG org.hibernate.cfg.Settings - JPA compliance - lists : 
18:38:20.775 [Test worker] DEBUG org.hibernate.cfg.Settings - JPA compliance - transactions : 
18:38:20.828 [Test worker] DEBUG org.hibernate.internal.SessionFactoryImpl - Session factory constructed with filter configurations : {}
18:38:20.828 [Test worker] DEBUG org.hibernate.internal.SessionFactoryImpl - Instantiating session factory with properties: {gopherProxySet=false, awt.toolkit=sun.lwawt.macosx.LWCToolkit, hibernate.id.new_generator_mappings=true, java.specification.version=11, sun.cpu.isalist=, hibernate.resource.beans.container=org.springframework.orm.hibernate5.SpringBeanContainer@610a6aee, hibernate.connection.handling_mode=DELAYED_ACQUISITION_AND_HOLD, sun.jnu.encoding=UTF-8, hibernate.dialect=org.hibernate.dialect.H2Dialect, org.gradle.test.worker=1, hibernate.implicit_naming_strategy=org.springframework.boot.orm.jpa.hibernate.SpringImplicitNamingStrategy, java.class.path=/Users/dzmitryplatonov/.gradle/caches/5.6.2/workerMain/gradle-worker.jar:/Users/dzmitryplatonov/Desktop/workdir/giftcertificates/datasource/build/classes/java/test:/Users/dzmitryplatonov/Desktop/workdir/giftcertificates/datasource/build/resources/test:/Users/dzmitryplatonov/Desktop/workdir/giftcertificates/datasource/build/classes/java/main:/Users/dzmitryplatonov/Desktop/workdir/giftcertificates/datasource/build/resources/main:/Users/dzmitryplatonov/.m2/repository/org/apache/logging/log4j/log4j-web/2.11.2/log4j-web-2.11.2.jar:/Users/dzmitryplatonov/.m2/repository/org/apache/logging/log4j/log4j-core/2.11.2/log4j-core-2.11.2.jar:/Users/dzmitryplatonov/.gradle/caches/modules-2/files-2.1/org.springframework.boot/spring-boot-starter-web/2.1.9.RELEASE/2063870234eebbda3c09dddf9853477fe9e4a719/spring-boot-starter-web-2.1.9.RELEASE.jar:/Users/dzmitryplatonov/.gradle/caches/modules-2/files-2.1/org.springframework.boot/spring-boot-starter-security/2.1.9.RELEASE/bde048665003362d9e16aa75a8804f90dce1d31e/spring-boot-starter-security-2.1.9.RELEASE.jar:/Users/dzmitryplatonov/.gradle/caches/modules-2/files-2.1/org.springframework.boot/spring-boot-starter-data-jpa/2.1.9.RELEASE/784d6d5c525c2dd9fac31031ee6ca2ec8b067af5/spring-boot-starter-data-jpa-2.1.9.RELEASE.jar:/Users/dzmitryplatonov/.gradle/caches/modules-2/files-2.1/org.springframework.boot/spring-boot-starter-aop/2.1.9.RELEASE/74226b26cf15952f639deca38fe919701755c97b/spring-boot-starter-aop-2.1.9.RELEASE.jar:/Users/dzmitryplatonov/.gradle/caches/modules-2/files-2.1/org.springframework.boot/spring-boot-starter-jdbc/2.1.9.RELEASE/3f7d1d67669dfa0ea4ff9216afbeef5bc6a58ecb/spring-boot-starter-jdbc-2.1.9.RELEASE.jar:/Users/dzmitryplatonov/.gradle/caches/modules-2/files-2.1/org.springframework.boot/spring-boot-starter-json/2.1.9.RELEASE/53bdf52bc28b7e753874e0136fb33c9eab184276/spring-boot-starter-json-2.1.9.RELEASE.jar:/Users/dzmitryplatonov/.gradle/caches/modules-2/files-2.1/org.springframework.boot/spring-boot-starter/2.1.9.RELEASE/45d7afa2d9aab4b2984f2c330f507797fbcf501f/spring-boot-starter-2.1.9.RELEASE.jar:/Users/dzmitryplatonov/.gradle/caches/modules-2/files-2.1/org.springframework.boot/spring-boot-starter-logging/2.1.9.RELEASE/802b562b0c602ae9242b659a28b9bf89ca689b2d/spring-boot-starter-logging-2.1.9.RELEASE.jar:/Users/dzmitryplatonov/.m2/repository/org/apache/logging/log4j/log4j-to-slf4j/2.11.2/log4j-to-slf4j-2.11.2.jar:/Users/dzmitryplatonov/.m2/repository/org/apache/logging/log4j/log4j-api/2.11.2/log4j-api-2.11.2.jar:/Users/dzmitryplatonov/.m2/repository/org/hibernate/validator/hibernate-validator/6.0.17.Final/hibernate-validator-6.0.17.Final.jar:/Users/dzmitryplatonov/.m2/repository/javax/validation/validation-api/2.0.1.Final/validation-api-2.0.1.Final.jar:/Users/dzmitryplatonov/.gradle/caches/modules-2/files-2.1/org.springframework.security.oauth.boot/spring-security-oauth2-autoconfigure/2.1.9.RELEASE/abbbf98ebc0454774162add4b412a7ee5da66877/spring-security-oauth2-autoconfigure-2.1.9.RELEASE.jar:/Users/dzmitryplatonov/.gradle/caches/modules-2/files-2.1/com.auth0/jwks-rsa/0.9.0/6e3a813bce7eb07327f2a5384fb178eb21469338/jwks-rsa-0.9.0.jar:/Users/dzmitryplatonov/.gradle/caches/modules-2/files-2.1/io.jsonwebtoken/jjwt/0.9.1/54d2abfc3e63a28824d35bf600d6a5d627da681a/jjwt-0.9.1.jar:/Users/dzmitryplatonov/.gradle/caches/modules-2/files-2.1/io.jsonwebtoken/jjwt-jackson/0.10.7/52b5a612da95a0c0edc867ccac65bb0f6762ed7b/jjwt-jackson-0.10.7.jar:/Users/dzmitryplatonov/.m2/repository/com/fasterxml/jackson/datatype/jackson-datatype-jsr310/2.9.9/jackson-datatype-jsr310-2.9.9.jar:/Users/dzmitryplatonov/.m2/repository/com/fasterxml/jackson/datatype/jackson-datatype-jdk8/2.9.9/jackson-datatype-jdk8-2.9.9.jar:/Users/dzmitryplatonov/.m2/repository/com/fasterxml/jackson/module/jackson-module-parameter-names/2.9.9/jackson-module-parameter-names-2.9.9.jar:/Users/dzmitryplatonov/.gradle/caches/modules-2/files-2.1/com.fasterxml.jackson.core/jackson-databind/2.10.0.pr3/4e17238b159dcd1167b095024fe07f41da1e37ac/jackson-databind-2.10.0.pr3.jar:/Users/dzmitryplatonov/.gradle/caches/modules-2/files-2.1/com.fasterxml.jackson.core/jackson-annotations/2.10.0.pr3/6c99a6d972b8bdd92192bef4b0ff5df164e9cafc/jackson-annotations-2.10.0.pr3.jar:/Users/dzmitryplatonov/.m2/repository/org/springframework/hateoas/spring-hateoas/0.25.1.RELEASE/spring-hateoas-0.25.1.RELEASE.jar:/Users/dzmitryplatonov/.m2/repository/org/springframework/plugin/spring-plugin-core/1.2.0.RELEASE/spring-plugin-core-1.2.0.RELEASE.jar:/Users/dzmitryplatonov/.gradle/caches/modules-2/files-2.1/org.springframework.security/spring-security-oauth2-client/5.1.6.RELEASE/8a77b659f7f6616ca5970796c04106595819f4eb/spring-security-oauth2-client-5.1.6.RELEASE.jar:/Users/dzmitryplatonov/.gradle/caches/modules-2/files-2.1/org.springframework.security/spring-security-oauth2-jose/5.1.6.RELEASE/78f947f9b1ee235f7efbb697e15acd05e16d009a/spring-security-oauth2-jose-5.1.6.RELEASE.jar:/Users/dzmitryplatonov/.gradle/caches/modules-2/files-2.1/org.springframework.security/spring-security-openid/5.2.0.RELEASE/e67725a379bcc03c3edd571d6fec4800b2313a00/spring-security-openid-5.2.0.RELEASE.jar:/Users/dzmitryplatonov/.m2/repository/postgresql/postgresql/9.1-901-1.jdbc4/postgresql-9.1-901-1.jdbc4.jar:/Users/dzmitryplatonov/.m2/repository/org/postgresql/postgresql/42.2.8/postgresql-42.2.8.jar:/Users/dzmitryplatonov/.gradle/caches/modules-2/files-2.1/org.springframework.boot/spring-boot-starter-tomcat/2.1.9.RELEASE/99bef08a0b7fd10ff9827f0f8e6f49b97cbabf7f/spring-boot-starter-tomcat-2.1.9.RELEASE.jar:/Users/dzmitryplatonov/.m2/repository/javax/annotation/javax.annotation-api/1.3.2/javax.annotation-api-1.3.2.jar:/Users/dzmitryplatonov/.gradle/caches/modules-2/files-2.1/io.jsonwebtoken/jjwt-impl/0.10.7/49cf3b0b6f10eb024104ae39c111c1fd0cd3be64/jjwt-impl-0.10.7.jar:/Users/dzmitryplatonov/.gradle/caches/modules-2/files-2.1/org.junit.jupiter/junit-jupiter-params/5.2.0/d70083080bf3400c181562919cb03bf7588104e1/junit-jupiter-params-5.2.0.jar:/Users/dzmitryplatonov/.gradle/caches/modules-2/files-2.1/org.mockito/mockito-junit-jupiter/2.18.3/827104c6aed482c68159faf320f44f5eb5b03bd/mockito-junit-jupiter-2.18.3.jar:/Users/dzmitryplatonov/.m2/repository/org/mockito/mockito-core/2.28.2/mockito-core-2.28.2.jar:/Users/dzmitryplatonov/.m2/repository/com/h2database/h2/1.4.197/h2-1.4.197.jar:/Users/dzmitryplatonov/.gradle/caches/modules-2/files-2.1/org.springframework/spring-test/5.0.1.RELEASE/47dee3bebbcbcaff1be786b6c0db654ba7376eb9/spring-test-5.0.1.RELEASE.jar:/Users/dzmitryplatonov/.gradle/caches/modules-2/files-2.1/org.junit.jupiter/junit-jupiter-engine/5.2.0/de87318ccd3dfa1a98ebfef792d362776f1914de/junit-jupiter-engine-5.2.0.jar:/Users/dzmitryplatonov/.gradle/caches/modules-2/files-2.1/org.junit.jupiter/junit-jupiter-api/5.2.0/9cd901df48d88d8e605a6ccb2c3f140c92db6bf2/junit-jupiter-api-5.2.0.jar:/Users/dzmitryplatonov/.gradle/caches/modules-2/files-2.1/org.hibernate/hibernate-core/5.3.12.Final/e1929362fe24a9f62142d18f1ac5b0d7f278ef22/hibernate-core-5.3.12.Final.jar:/Users/dzmitryplatonov/.m2/repository/org/hibernate/common/hibernate-commons-annotations/5.0.4.Final/hibernate-commons-annotations-5.0.4.Final.jar:/Users/dzmitryplatonov/.m2/repository/org/jboss/logging/jboss-logging/3.3.2.Final/jboss-logging-3.3.2.Final.jar:/Users/dzmitryplatonov/.m2/repository/com/fasterxml/classmate/1.3.4/classmate-1.3.4.jar:/Users/dzmitryplatonov/.gradle/caches/modules-2/files-2.1/com.fasterxml.jackson.core/jackson-core/2.10.0.pr3/1d2f9b816bcd00130ddc9dae6c99f7b533afcc73/jackson-core-2.10.0.pr3.jar:/Users/dzmitryplatonov/.gradle/caches/modules-2/files-2.1/org.springframework.data/spring-data-jpa/2.1.11.RELEASE/b774364187f5e68379b8c3121232a04686a0325c/spring-data-jpa-2.1.11.RELEASE.jar:/Users/dzmitryplatonov/.gradle/caches/modules-2/files-2.1/org.springframework.security.oauth/spring-security-oauth2/2.3.5.RELEASE/7969f5363398d6d3788bef1740b2ab9509043d51/spring-security-oauth2-2.3.5.RELEASE.jar:/Users/dzmitryplatonov/.gradle/caches/modules-2/files-2.1/org.springframework/spring-webmvc/5.1.10.RELEASE/67b6da7852e89bc0df6ce36a263ac4377fe48e27/spring-webmvc-5.1.10.RELEASE.jar:/Users/dzmitryplatonov/.m2/repository/org/springframework/security/spring-security-config/5.1.6.RELEASE/spring-security-config-5.1.6.RELEASE.jar:/Users/dzmitryplatonov/.gradle/caches/modules-2/files-2.1/org.springframework.security/spring-security-oauth2-core/5.1.6.RELEASE/f3b2623760154aac86d32427696842c7c3d85326/spring-security-oauth2-core-5.1.6.RELEASE.jar:/Users/dzmitryplatonov/.gradle/caches/modules-2/files-2.1/org.springframework.security/spring-security-web/5.2.0.RELEASE/a9ff06ad3fd66cd08545e1a601c66d2256c86e0f/spring-security-web-5.2.0.RELEASE.jar:/Users/dzmitryplatonov/.gradle/caches/modules-2/files-2.1/org.springframework.security/spring-security-core/5.2.0.RELEASE/1c8f36e316a74c245073ce2a70bdf198a58424f6/spring-security-core-5.2.0.RELEASE.jar:/Users/dzmitryplatonov/.gradle/caches/modules-2/files-2.1/org.springframework.boot/spring-boot-autoconfigure/2.1.9.RELEASE/aa6d5e0fef585bec64543b9b8f944a94060e710a/spring-boot-autoconfigure-2.1.9.RELEASE.jar:/Users/dzmitryplatonov/.gradle/caches/modules-2/files-2.1/org.springframework.boot/spring-boot/2.1.9.RELEASE/b18e7287a82ee06c6bb4e79423c25c05b8303dc1/spring-boot-2.1.9.RELEASE.jar:/Users/dzmitryplatonov/.gradle/caches/modules-2/files-2.1/org.springframework/spring-context/5.2.0.RELEASE/a2638a8295f13ed8511c98a2379507677e1d16fa/spring-context-5.2.0.RELEASE.jar:/Users/dzmitryplatonov/.gradle/caches/modules-2/files-2.1/org.springframework/spring-aop/5.2.0.RELEASE/7031d44f063ea68e49b881a985967e7f2c144f3b/spring-aop-5.2.0.RELEASE.jar:/Users/dzmitryplatonov/.gradle/caches/modules-2/files-2.1/org.springframework/spring-web/5.2.0.RELEASE/d5b064196dc014519e751df549b4cc6a753fb191/spring-web-5.2.0.RELEASE.jar:/Users/dzmitryplatonov/.gradle/caches/modules-2/files-2.1/org.springframework/spring-orm/5.1.10.RELEASE/ce92238d65405408387b1ae7a5dd5a280f7ea29f/spring-orm-5.1.10.RELEASE.jar:/Users/dzmitryplatonov/.gradle/caches/modules-2/files-2.1/org.springframework/spring-jdbc/5.1.10.RELEASE/48957bfad9656fdba9263539e2fa8f3034939ba8/spring-jdbc-5.1.10.RELEASE.jar:/Users/dzmitryplatonov/.gradle/caches/modules-2/files-2.1/org.springframework.data/spring-data-commons/2.1.11.RELEASE/dace2a47d274ac5f0ac3ff2f47cb0b936bef5b46/spring-data-commons-2.1.11.RELEASE.jar:/Users/dzmitryplatonov/.gradle/caches/modules-2/files-2.1/org.springframework/spring-tx/5.1.10.RELEASE/c32ebb7fb1be3b733304b7873c31817dd434479a/spring-tx-5.1.10.RELEASE.jar:/Users/dzmitryplatonov/.gradle/caches/modules-2/files-2.1/org.springframework/spring-beans/5.2.0.RELEASE/3ae97694618c59e6af695a15e54fabb7e319776/spring-beans-5.2.0.RELEASE.jar:/Users/dzmitryplatonov/.gradle/caches/modules-2/files-2.1/org.springframework/spring-expression/5.2.0.RELEASE/ac6a616451129e717979f18d2bff40528698a46e/spring-expression-5.2.0.RELEASE.jar:/Users/dzmitryplatonov/.gradle/caches/modules-2/files-2.1/org.springframework/spring-core/5.2.0.RELEASE/e0e1b3c304f70ed19d7905975f6f990916ada219/spring-core-5.2.0.RELEASE.jar:/Users/dzmitryplatonov/.m2/repository/com/zaxxer/HikariCP/3.2.0/HikariCP-3.2.0.jar:/Users/dzmitryplatonov/.m2/repository/ch/qos/logback/logback-classic/1.2.3/logback-classic-1.2.3.jar:/Users/dzmitryplatonov/.m2/repository/org/slf4j/jul-to-slf4j/1.7.28/jul-to-slf4j-1.7.28.jar:/Users/dzmitryplatonov/.m2/repository/org/slf4j/slf4j-api/1.7.28/slf4j-api-1.7.28.jar:/Users/dzmitryplatonov/.m2/repository/javax/transaction/javax.transaction-api/1.3/javax.transaction-api-1.3.jar:/Users/dzmitryplatonov/.gradle/caches/modules-2/files-2.1/org.glassfish.jaxb/jaxb-runtime/2.3.1/dd6dda9da676a54c5b36ca2806ff95ee017d8738/jaxb-runtime-2.3.1.jar:/Users/dzmitryplatonov/.m2/repository/javax/xml/bind/jaxb-api/2.3.1/jaxb-api-2.3.1.jar:/Users/dzmitryplatonov/.gradle/caches/modules-2/files-2.1/org.springframework/spring-aspects/5.1.10.RELEASE/b0364caabcde96dc6385480d0f9270613ab04511/spring-aspects-5.1.10.RELEASE.jar:/Users/dzmitryplatonov/.gradle/caches/modules-2/files-2.1/org.springframework.security/spring-security-jwt/1.0.10.RELEASE/19a1ca7a83e9d263a31af5f529da460f8f863451/spring-security-jwt-1.0.10.RELEASE.jar:/Users/dzmitryplatonov/.gradle/caches/modules-2/files-2.1/com.nimbusds/oauth2-oidc-sdk/6.0/e731f0b62727a46ae6d6fded62b5678d28273c3c/oauth2-oidc-sdk-6.0.jar:/Users/dzmitryplatonov/.gradle/caches/modules-2/files-2.1/com.nimbusds/nimbus-jose-jwt/6.0.2/81605278e5df1cf4c3774851649b85cade077fa5/nimbus-jose-jwt-6.0.2.jar:/Users/dzmitryplatonov/.gradle/caches/modules-2/files-2.1/com.google.inject/guice/3.0/9d84f15fe35e2c716a02979fb62f50a29f38aefa/guice-3.0.jar:/Users/dzmitryplatonov/.gradle/caches/modules-2/files-2.1/org.openid4java/openid4java-nodeps/0.9.6/52ca394f5f6d38b78e35a5a6a0a341dc5b3aaf34/openid4java-nodeps-0.9.6.jar:/Users/dzmitryplatonov/.gradle/caches/modules-2/files-2.1/net.sourceforge.nekohtml/nekohtml/1.9.22/4f54af68ecb345f2453fb6884672ad08414154e3/nekohtml-1.9.22.jar:/Users/dzmitryplatonov/.gradle/caches/modules-2/files-2.1/org.apache.httpcomponents/httpclient/4.5.10/7ca2e4276f4ef95e4db725a8cd4a1d1e7585b9e5/httpclient-4.5.10.jar:/Users/dzmitryplatonov/.gradle/caches/modules-2/files-2.1/commons-codec/commons-codec/1.13/3f18e1aa31031d89db6f01ba05d501258ce69d2c/commons-codec-1.13.jar:/Users/dzmitryplatonov/.m2/repository/commons-io/commons-io/2.6/commons-io-2.6.jar:/Users/dzmitryplatonov/.gradle/caches/modules-2/files-2.1/com.google.guava/guava/27.1-jre/e47b59c893079b87743cdcfb6f17ca95c08c592c/guava-27.1-jre.jar:/Users/dzmitryplatonov/.gradle/caches/modules-2/files-2.1/io.jsonwebtoken/jjwt-api/0.10.7/52e888d8424d3c788e23fedfbfc65ce36830ab1a/jjwt-api-0.10.7.jar:/Users/dzmitryplatonov/.m2/repository/org/junit/platform/junit-platform-engine/1.2.0/junit-platform-engine-1.2.0.jar:/Users/dzmitryplatonov/.m2/repository/org/junit/platform/junit-platform-commons/1.2.0/junit-platform-commons-1.2.0.jar:/Users/dzmitryplatonov/.m2/repository/org/apiguardian/apiguardian-api/1.0.0/apiguardian-api-1.0.0.jar:/Users/dzmitryplatonov/.gradle/caches/modules-2/files-2.1/net.bytebuddy/byte-buddy/1.9.11/985bbce599f92d6440582a7d1a5231bfaae9970f/byte-buddy-1.9.11.jar:/Users/dzmitryplatonov/.m2/repository/net/bytebuddy/byte-buddy-agent/1.9.10/byte-buddy-agent-1.9.10.jar:/Users/dzmitryplatonov/.m2/repository/org/objenesis/objenesis/2.6/objenesis-2.6.jar:/Users/dzmitryplatonov/.m2/repository/org/opentest4j/opentest4j/1.1.0/opentest4j-1.1.0.jar:/Users/dzmitryplatonov/.m2/repository/org/aspectj/aspectjweaver/1.9.4/aspectjweaver-1.9.4.jar:/Users/dzmitryplatonov/.m2/repository/javax/activation/javax.activation-api/1.2.0/javax.activation-api-1.2.0.jar:/Users/dzmitryplatonov/.m2/repository/javax/persistence/javax.persistence-api/2.2/javax.persistence-api-2.2.jar:/Users/dzmitryplatonov/.m2/repository/org/javassist/javassist/3.23.2-GA/javassist-3.23.2-GA.jar:/Users/dzmitryplatonov/.m2/repository/antlr/antlr/2.7.7/antlr-2.7.7.jar:/Users/dzmitryplatonov/.m2/repository/org/jboss/jandex/2.0.5.Final/jandex-2.0.5.Final.jar:/Users/dzmitryplatonov/.m2/repository/org/dom4j/dom4j/2.1.1/dom4j-2.1.1.jar:/Users/dzmitryplatonov/.m2/repository/org/yaml/snakeyaml/1.23/snakeyaml-1.23.jar:/Users/dzmitryplatonov/.gradle/caches/modules-2/files-2.1/org.apache.tomcat.embed/tomcat-embed-websocket/9.0.26/8991b1bd82c5745e95a9161472a92dc1e5c7148e/tomcat-embed-websocket-9.0.26.jar:/Users/dzmitryplatonov/.gradle/caches/modules-2/files-2.1/org.apache.tomcat.embed/tomcat-embed-core/9.0.26/6312ba542bc58fa9ee789a43516ce4d862548a6b/tomcat-embed-core-9.0.26.jar:/Users/dzmitryplatonov/.gradle/caches/modules-2/files-2.1/org.apache.tomcat.embed/tomcat-embed-el/9.0.26/a551f05d3ecf5434eaadd75e0b51519447df124/tomcat-embed-el-9.0.26.jar:/Users/dzmitryplatonov/.gradle/caches/modules-2/files-2.1/org.codehaus.jackson/jackson-mapper-asl/1.9.13/1ee2f2bed0e5dd29d1cb155a166e6f8d50bbddb7/jackson-mapper-asl-1.9.13.jar:/Users/dzmitryplatonov/.gradle/caches/modules-2/files-2.1/org.bouncycastle/bcpkix-jdk15on/1.60/d0c46320fbc07be3a24eb13a56cee4e3d38e0c75/bcpkix-jdk15on-1.60.jar:/Users/dzmitryplatonov/.gradle/caches/modules-2/files-2.1/org.glassfish.jaxb/txw2/2.3.1/a09d2c48d3285f206fafbffe0e50619284e92126/txw2-2.3.1.jar:/Users/dzmitryplatonov/.gradle/caches/modules-2/files-2.1/com.sun.istack/istack-commons-runtime/3.0.7/c197c86ceec7318b1284bffb49b54226ca774003/istack-commons-runtime-3.0.7.jar:/Users/dzmitryplatonov/.gradle/caches/modules-2/files-2.1/org.jvnet.staxex/stax-ex/1.8/8cc35f73da321c29973191f2cf143d29d26a1df7/stax-ex-1.8.jar:/Users/dzmitryplatonov/.gradle/caches/modules-2/files-2.1/com.sun.xml.fastinfoset/FastInfoset/1.2.15/bb7b7ec0379982b97c62cd17465cb6d9155f68e8/FastInfoset-1.2.15.jar:/Users/dzmitryplatonov/.gradle/caches/modules-2/files-2.1/com.sun.mail/javax.mail/1.6.1/757ba4630692bb2a1ec2d9d57a616b63f15e947e/javax.mail-1.6.1.jar:/Users/dzmitryplatonov/.gradle/caches/modules-2/files-2.1/com.github.stephenc.jcip/jcip-annotations/1.0-1/ef31541dd28ae2cefdd17c7ebf352d93e9058c63/jcip-annotations-1.0-1.jar:/Users/dzmitryplatonov/.m2/repository/net/minidev/json-smart/2.3/json-smart-2.3.jar:/Users/dzmitryplatonov/.gradle/caches/modules-2/files-2.1/com.nimbusds/lang-tag/1.4.4/1db9a709239ae473a69b5424c7e78d0b7108229d/lang-tag-1.4.4.jar:/Users/dzmitryplatonov/.gradle/caches/modules-2/files-2.1/org.springframework/spring-jcl/5.2.0.RELEASE/59b53ab6f01dd3ba85875b61a284c161584c18a3/spring-jcl-5.2.0.RELEASE.jar:/Users/dzmitryplatonov/.m2/repository/javax/inject/javax.inject/1/javax.inject-1.jar:/Users/dzmitryplatonov/.gradle/caches/modules-2/files-2.1/org.sonatype.sisu.inject/cglib/2.2.1-v20090111/7ce5e983fd0e6c78346f4c9cbfa39d83049dda2/cglib-2.2.1-v20090111.jar:/Users/dzmitryplatonov/.m2/repository/commons-logging/commons-logging/1.2/commons-logging-1.2.jar:/Users/dzmitryplatonov/.m2/repository/net/jcip/jcip-annotations/1.0/jcip-annotations-1.0.jar:/Users/dzmitryplatonov/.m2/repository/xerces/xercesImpl/2.11.0/xercesImpl-2.11.0.jar:/Users/dzmitryplatonov/.gradle/caches/modules-2/files-2.1/org.apache.httpcomponents/httpcore/4.4.12/21ebaf6d532bc350ba95bd81938fa5f0e511c132/httpcore-4.4.12.jar:/Users/dzmitryplatonov/.gradle/caches/modules-2/files-2.1/com.google.guava/failureaccess/1.0.1/1dcf1de382a0bf95a3d8b0849546c88bac1292c9/failureaccess-1.0.1.jar:/Users/dzmitryplatonov/.gradle/caches/modules-2/files-2.1/com.google.guava/listenablefuture/9999.0-empty-to-avoid-conflict-with-guava/b421526c5f297295adef1c886e5246c39d4ac629/listenablefuture-9999.0-empty-to-avoid-conflict-with-guava.jar:/Users/dzmitryplatonov/.m2/repository/com/google/code/findbugs/jsr305/3.0.2/jsr305-3.0.2.jar:/Users/dzmitryplatonov/.gradle/caches/modules-2/files-2.1/org.checkerframework/checker-qual/2.5.2/cea74543d5904a30861a61b4643a5f2bb372efc4/checker-qual-2.5.2.jar:/Users/dzmitryplatonov/.gradle/caches/modules-2/files-2.1/com.google.errorprone/error_prone_annotations/2.2.0/88e3c593e9b3586e1c6177f89267da6fc6986f0c/error_prone_annotations-2.2.0.jar:/Users/dzmitryplatonov/.gradle/caches/modules-2/files-2.1/com.google.j2objc/j2objc-annotations/1.1/ed28ded51a8b1c6b112568def5f4b455e6809019/j2objc-annotations-1.1.jar:/Users/dzmitryplatonov/.gradle/caches/modules-2/files-2.1/org.codehaus.mojo/animal-sniffer-annotations/1.17/f97ce6decaea32b36101e37979f8b647f00681fb/animal-sniffer-annotations-1.17.jar:/Users/dzmitryplatonov/.gradle/caches/modules-2/files-2.1/org.codehaus.jackson/jackson-core-asl/1.9.13/3c304d70f42f832e0a86d45bd437f692129299a4/jackson-core-asl-1.9.13.jar:/Users/dzmitryplatonov/.gradle/caches/modules-2/files-2.1/org.bouncycastle/bcprov-jdk15on/1.60/bd47ad3bd14b8e82595c7adaa143501e60842a84/bcprov-jdk15on-1.60.jar:/Users/dzmitryplatonov/.m2/repository/javax/activation/activation/1.1/activation-1.1.jar:/Users/dzmitryplatonov/.m2/repository/net/minidev/accessors-smart/1.2/accessors-smart-1.2.jar:/Users/dzmitryplatonov/.gradle/caches/modules-2/files-2.1/asm/asm/3.1/c157def142714c544bdea2e6144645702adf7097/asm-3.1.jar:/Users/dzmitryplatonov/.m2/repository/xml-apis/xml-apis/1.4.01/xml-apis-1.4.01.jar:/Users/dzmitryplatonov/.m2/repository/ch/qos/logback/logback-core/1.2.3/logback-core-1.2.3.jar:/Users/dzmitryplatonov/.gradle/caches/modules-2/files-2.1/org.apache.tomcat/tomcat-annotations-api/9.0.26/bb4574456c5db64acfcd2aa6f426d87e6c05a772/tomcat-annotations-api-9.0.26.jar:/Users/dzmitryplatonov/.m2/repository/org/ow2/asm/asm/5.0.4/asm-5.0.4.jar, java.vm.vendor=Oracle Corporation, sun.arch.data.model=64, user.variant=, java.vendor.url=http://java.oracle.com/, user.timezone=Europe/Minsk, os.name=Mac OS X, java.vm.specification.version=11, javax.persistence.validation.mode=AUTO, user.country=BY, sun.java.launcher=SUN_STANDARD, sun.boot.library.path=/Library/Java/JavaVirtualMachines/jdk-11.0.4.jdk/Contents/Home/lib, sun.java.command=worker.org.gradle.process.internal.worker.GradleWorkerMain 'Gradle Test Executor 1', hibernate.transaction.jta.platform=org.hibernate.engine.transaction.jta.platform.internal.NoJtaPlatform@4bd182db, http.nonProxyHosts=local|*.local|169.254/16|*.169.254/16, javax.persistence.sharedCache.mode=UNSPECIFIED, jdk.debug=release, sun.cpu.endian=little, user.home=/Users/dzmitryplatonov, user.language=ru, java.specification.vendor=Oracle Corporation, org.gradle.native=false, java.version.date=2019-07-16, java.home=/Library/Java/JavaVirtualMachines/jdk-11.0.4.jdk/Contents/Home, file.separator=/, java.vm.compressedOopsMode=Zero based, line.separator=
, java.specification.name=Java Platform API Specification, java.vm.specification.vendor=Oracle Corporation, hibernate.transaction.coordinator_class=class org.hibernate.resource.transaction.backend.jdbc.internal.JdbcResourceLocalTransactionCoordinatorBuilderImpl, java.awt.graphicsenv=sun.awt.CGraphicsEnvironment, hibernate.hbm2ddl.auto=create-drop, sun.management.compiler=HotSpot 64-Bit Tiered Compilers, ftp.nonProxyHosts=local|*.local|169.254/16|*.169.254/16, java.runtime.version=11.0.4+10-LTS, user.name=dzmitryplatonov, path.separator=:, os.version=10.14.6, java.runtime.name=Java(TM) SE Runtime Environment, file.encoding=UTF-8, hibernate.ejb.persistenceUnitName=default, java.vm.name=Java HotSpot(TM) 64-Bit Server VM, java.vendor.version=18.9, java.vendor.url.bug=http://bugreport.java.com/bugreport/, java.io.tmpdir=/var/folders/nm/5f650mms7n577yq7w4kkdfl80000gn/T/, com.zaxxer.hikari.pool_number=1, java.version=11.0.4, hibernate.physical_naming_strategy=org.springframework.boot.orm.jpa.hibernate.SpringPhysicalNamingStrategy, user.dir=/Users/dzmitryplatonov/Desktop/workdir/giftcertificates/datasource, os.arch=x86_64, java.vm.specification.name=Java Virtual Machine Specification, java.awt.printerjob=sun.lwawt.macosx.CPrinterJob, sun.os.patch.level=unknown, hibernate.boot.CfgXmlAccessService.key=org.hibernate.boot.cfgxml.spi.LoadedConfig@4032d743, java.library.path=/Users/dzmitryplatonov/Library/Java/Extensions:/Library/Java/Extensions:/Network/Library/Java/Extensions:/System/Library/Java/Extensions:/usr/lib/java:., java.vendor=Oracle Corporation, java.vm.info=mixed mode, java.vm.version=11.0.4+10-LTS, hibernate.bytecode.use_reflection_optimizer=false, sun.io.unicode.encoding=UnicodeBig, hibernate.connection.datasource=HikariDataSource (HikariPool-1), socksNonProxyHosts=local|*.local|169.254/16|*.169.254/16, java.class.version=55.0}
18:38:20.856 [Test worker] INFO org.hibernate.validator.internal.util.Version - HV000001: Hibernate Validator 6.0.17.Final
18:38:20.864 [Test worker] DEBUG org.hibernate.validator.internal.engine.resolver.TraversableResolvers - Found javax.persistence.Persistence on classpath containing 'getPersistenceUtil'. Assuming JPA 2 environment. Trying to instantiate JPA aware TraversableResolver
18:38:20.865 [Test worker] DEBUG org.hibernate.validator.internal.engine.resolver.TraversableResolvers - Instantiated JPA aware TraversableResolver of type org.hibernate.validator.internal.engine.resolver.JPATraversableResolver.
18:38:20.867 [Test worker] DEBUG org.hibernate.validator.internal.xml.config.ValidationXmlParser - Trying to load META-INF/validation.xml for XML based Validator configuration.
18:38:20.868 [Test worker] DEBUG org.hibernate.validator.internal.xml.config.ResourceLoaderHelper - Trying to load META-INF/validation.xml via TCCL
18:38:20.868 [Test worker] DEBUG org.hibernate.validator.internal.xml.config.ResourceLoaderHelper - Trying to load META-INF/validation.xml via Hibernate Validator's class loader
18:38:20.868 [Test worker] DEBUG org.hibernate.validator.internal.xml.config.ValidationXmlParser - No META-INF/validation.xml found. Using annotation based configuration only.
18:38:20.979 [Test worker] DEBUG org.hibernate.validator.messageinterpolation.ResourceBundleMessageInterpolator - Loaded expression factory via original TCCL
18:38:20.983 [Test worker] DEBUG org.hibernate.validator.internal.engine.ValidatorFactoryImpl - HV000234: Using org.hibernate.validator.messageinterpolation.ResourceBundleMessageInterpolator as ValidatorFactory-scoped message interpolator.
18:38:20.983 [Test worker] DEBUG org.hibernate.validator.internal.engine.ValidatorFactoryImpl - HV000234: Using org.hibernate.validator.internal.engine.resolver.JPATraversableResolver as ValidatorFactory-scoped traversable resolver.
18:38:20.983 [Test worker] DEBUG org.hibernate.validator.internal.engine.ValidatorFactoryImpl - HV000234: Using org.hibernate.validator.internal.util.ExecutableParameterNameProvider as ValidatorFactory-scoped parameter name provider.
18:38:20.983 [Test worker] DEBUG org.hibernate.validator.internal.engine.ValidatorFactoryImpl - HV000234: Using org.hibernate.validator.internal.engine.DefaultClockProvider as ValidatorFactory-scoped clock provider.
18:38:20.983 [Test worker] DEBUG org.hibernate.validator.internal.engine.ValidatorFactoryImpl - HV000234: Using org.hibernate.validator.internal.engine.scripting.DefaultScriptEvaluatorFactory as ValidatorFactory-scoped script evaluator factory.
18:38:20.985 [Test worker] DEBUG org.hibernate.boot.internal.ClassLoaderAccessImpl - Not known whether passed class name [com.epam.esm.entity.Order] is safe
18:38:20.985 [Test worker] DEBUG org.hibernate.boot.internal.ClassLoaderAccessImpl - No temp ClassLoader provided; using live ClassLoader for loading potentially unsafe class : com.epam.esm.entity.Order
18:38:21.039 [Test worker] DEBUG org.hibernate.boot.internal.ClassLoaderAccessImpl - Not known whether passed class name [com.epam.esm.entity.GiftCertificate] is safe
18:38:21.039 [Test worker] DEBUG org.hibernate.boot.internal.ClassLoaderAccessImpl - No temp ClassLoader provided; using live ClassLoader for loading potentially unsafe class : com.epam.esm.entity.GiftCertificate
18:38:21.046 [Test worker] DEBUG org.hibernate.boot.internal.ClassLoaderAccessImpl - Not known whether passed class name [com.epam.esm.entity.User] is safe
18:38:21.046 [Test worker] DEBUG org.hibernate.boot.internal.ClassLoaderAccessImpl - No temp ClassLoader provided; using live ClassLoader for loading potentially unsafe class : com.epam.esm.entity.User
18:38:21.050 [Test worker] DEBUG org.hibernate.boot.internal.ClassLoaderAccessImpl - Not known whether passed class name [com.epam.esm.entity.Entity] is safe
18:38:21.050 [Test worker] DEBUG org.hibernate.boot.internal.ClassLoaderAccessImpl - No temp ClassLoader provided; using live ClassLoader for loading potentially unsafe class : com.epam.esm.entity.Entity
18:38:21.053 [Test worker] DEBUG org.hibernate.boot.internal.ClassLoaderAccessImpl - Not known whether passed class name [com.epam.esm.entity.Tag] is safe
18:38:21.053 [Test worker] DEBUG org.hibernate.boot.internal.ClassLoaderAccessImpl - No temp ClassLoader provided; using live ClassLoader for loading potentially unsafe class : com.epam.esm.entity.Tag
18:38:21.055 [Test worker] DEBUG org.hibernate.boot.internal.ClassLoaderAccessImpl - Not known whether passed class name [com.epam.esm.entity.OrderCertificate] is safe
18:38:21.055 [Test worker] DEBUG org.hibernate.boot.internal.ClassLoaderAccessImpl - No temp ClassLoader provided; using live ClassLoader for loading potentially unsafe class : com.epam.esm.entity.OrderCertificate
18:38:21.057 [Test worker] DEBUG org.hibernate.boot.internal.ClassLoaderAccessImpl - Not known whether passed class name [com.epam.esm.entity.Role] is safe
18:38:21.058 [Test worker] DEBUG org.hibernate.boot.internal.ClassLoaderAccessImpl - No temp ClassLoader provided; using live ClassLoader for loading potentially unsafe class : com.epam.esm.entity.Role
18:38:21.062 [Test worker] DEBUG org.hibernate.secure.spi.JaccIntegrator - Skipping JACC integration as it was not enabled
18:38:21.063 [Test worker] DEBUG org.hibernate.internal.SessionFactoryImpl - Instantiated session factory
18:38:21.063 [Test worker] DEBUG org.hibernate.type.spi.TypeConfiguration$Scope - Scoping TypeConfiguration [org.hibernate.type.spi.TypeConfiguration@eee01c4] to SessionFactoryImpl [org.hibernate.internal.SessionFactoryImpl@6fb7bc27]
18:38:21.098 [Test worker] DEBUG org.hibernate.boot.internal.ClassLoaderAccessImpl - Not known whether passed class name [com.epam.esm.entity.Order] is safe
18:38:21.098 [Test worker] DEBUG org.hibernate.boot.internal.ClassLoaderAccessImpl - No temp ClassLoader provided; using live ClassLoader for loading potentially unsafe class : com.epam.esm.entity.Order
18:38:21.109 [Test worker] DEBUG org.hibernate.boot.internal.ClassLoaderAccessImpl - Not known whether passed class name [com.epam.esm.entity.Order] is safe
18:38:21.109 [Test worker] DEBUG org.hibernate.boot.internal.ClassLoaderAccessImpl - No temp ClassLoader provided; using live ClassLoader for loading potentially unsafe class : com.epam.esm.entity.Order
18:38:21.317 [Test worker] DEBUG org.hibernate.boot.internal.ClassLoaderAccessImpl - Not known whether passed class name [com.epam.esm.entity.GiftCertificate] is safe
18:38:21.317 [Test worker] DEBUG org.hibernate.boot.internal.ClassLoaderAccessImpl - No temp ClassLoader provided; using live ClassLoader for loading potentially unsafe class : com.epam.esm.entity.GiftCertificate
18:38:21.317 [Test worker] DEBUG org.hibernate.boot.internal.ClassLoaderAccessImpl - Not known whether passed class name [com.epam.esm.entity.GiftCertificate] is safe
18:38:21.317 [Test worker] DEBUG org.hibernate.boot.internal.ClassLoaderAccessImpl - No temp ClassLoader provided; using live ClassLoader for loading potentially unsafe class : com.epam.esm.entity.GiftCertificate
18:38:21.349 [Test worker] DEBUG org.hibernate.boot.internal.ClassLoaderAccessImpl - Not known whether passed class name [com.epam.esm.entity.User] is safe
18:38:21.349 [Test worker] DEBUG org.hibernate.boot.internal.ClassLoaderAccessImpl - No temp ClassLoader provided; using live ClassLoader for loading potentially unsafe class : com.epam.esm.entity.User
18:38:21.350 [Test worker] DEBUG org.hibernate.boot.internal.ClassLoaderAccessImpl - Not known whether passed class name [com.epam.esm.entity.User] is safe
18:38:21.350 [Test worker] DEBUG org.hibernate.boot.internal.ClassLoaderAccessImpl - No temp ClassLoader provided; using live ClassLoader for loading potentially unsafe class : com.epam.esm.entity.User
18:38:21.373 [Test worker] DEBUG org.hibernate.boot.internal.ClassLoaderAccessImpl - Not known whether passed class name [com.epam.esm.entity.Entity] is safe
18:38:21.373 [Test worker] DEBUG org.hibernate.boot.internal.ClassLoaderAccessImpl - No temp ClassLoader provided; using live ClassLoader for loading potentially unsafe class : com.epam.esm.entity.Entity
18:38:21.373 [Test worker] DEBUG org.hibernate.boot.internal.ClassLoaderAccessImpl - Not known whether passed class name [com.epam.esm.entity.Entity] is safe
18:38:21.373 [Test worker] DEBUG org.hibernate.boot.internal.ClassLoaderAccessImpl - No temp ClassLoader provided; using live ClassLoader for loading potentially unsafe class : com.epam.esm.entity.Entity
18:38:21.381 [Test worker] DEBUG org.hibernate.boot.internal.ClassLoaderAccessImpl - Not known whether passed class name [com.epam.esm.entity.Tag] is safe
18:38:21.381 [Test worker] DEBUG org.hibernate.boot.internal.ClassLoaderAccessImpl - No temp ClassLoader provided; using live ClassLoader for loading potentially unsafe class : com.epam.esm.entity.Tag
18:38:21.381 [Test worker] DEBUG org.hibernate.boot.internal.ClassLoaderAccessImpl - Not known whether passed class name [com.epam.esm.entity.Tag] is safe
18:38:21.381 [Test worker] DEBUG org.hibernate.boot.internal.ClassLoaderAccessImpl - No temp ClassLoader provided; using live ClassLoader for loading potentially unsafe class : com.epam.esm.entity.Tag
18:38:21.391 [Test worker] DEBUG org.hibernate.boot.internal.ClassLoaderAccessImpl - Not known whether passed class name [com.epam.esm.entity.OrderCertificate] is safe
18:38:21.391 [Test worker] DEBUG org.hibernate.boot.internal.ClassLoaderAccessImpl - No temp ClassLoader provided; using live ClassLoader for loading potentially unsafe class : com.epam.esm.entity.OrderCertificate
18:38:21.391 [Test worker] DEBUG org.hibernate.boot.internal.ClassLoaderAccessImpl - Not known whether passed class name [com.epam.esm.entity.OrderCertificate] is safe
18:38:21.391 [Test worker] DEBUG org.hibernate.boot.internal.ClassLoaderAccessImpl - No temp ClassLoader provided; using live ClassLoader for loading potentially unsafe class : com.epam.esm.entity.OrderCertificate
18:38:21.405 [Test worker] DEBUG org.hibernate.boot.internal.ClassLoaderAccessImpl - Not known whether passed class name [com.epam.esm.entity.Role] is safe
18:38:21.406 [Test worker] DEBUG org.hibernate.boot.internal.ClassLoaderAccessImpl - No temp ClassLoader provided; using live ClassLoader for loading potentially unsafe class : com.epam.esm.entity.Role
18:38:21.406 [Test worker] DEBUG org.hibernate.boot.internal.ClassLoaderAccessImpl - Not known whether passed class name [com.epam.esm.entity.Role] is safe
18:38:21.406 [Test worker] DEBUG org.hibernate.boot.internal.ClassLoaderAccessImpl - No temp ClassLoader provided; using live ClassLoader for loading potentially unsafe class : com.epam.esm.entity.Role
18:38:21.427 [Test worker] DEBUG org.hibernate.persister.collection.AbstractCollectionPersister - Static SQL for collection: com.epam.esm.entity.GiftCertificate.tags
18:38:21.427 [Test worker] DEBUG org.hibernate.persister.collection.AbstractCollectionPersister -  Row insert: insert into certificate_tag (certificate_id, tag_id) values (?, ?)
18:38:21.428 [Test worker] DEBUG org.hibernate.persister.collection.AbstractCollectionPersister -  Row update: update certificate_tag set tag_id=? where certificate_id=? and tag_id=?
18:38:21.428 [Test worker] DEBUG org.hibernate.persister.collection.AbstractCollectionPersister -  Row delete: delete from certificate_tag where certificate_id=? and tag_id=?
18:38:21.428 [Test worker] DEBUG org.hibernate.persister.collection.AbstractCollectionPersister -  One-shot delete: delete from certificate_tag where certificate_id=?
18:38:21.430 [Test worker] DEBUG org.hibernate.persister.collection.AbstractCollectionPersister - Static SQL for collection: com.epam.esm.entity.Order.orderCertificates
18:38:21.430 [Test worker] DEBUG org.hibernate.persister.collection.AbstractCollectionPersister -  Row insert: update order_certificate set order_id=? where id=?
18:38:21.430 [Test worker] DEBUG org.hibernate.persister.collection.AbstractCollectionPersister -  Row update: update order_certificate set  where id=?
18:38:21.430 [Test worker] DEBUG org.hibernate.persister.collection.AbstractCollectionPersister -  Row delete: update order_certificate set order_id=null where order_id=? and id=?
18:38:21.430 [Test worker] DEBUG org.hibernate.persister.collection.AbstractCollectionPersister -  One-shot delete: update order_certificate set order_id=null where order_id=?
18:38:21.430 [Test worker] DEBUG org.hibernate.persister.collection.AbstractCollectionPersister - Static SQL for collection: com.epam.esm.entity.GiftCertificate.orderCertificates
18:38:21.430 [Test worker] DEBUG org.hibernate.persister.collection.AbstractCollectionPersister -  Row insert: update order_certificate set certificate_id=? where id=?
18:38:21.430 [Test worker] DEBUG org.hibernate.persister.collection.AbstractCollectionPersister -  Row update: update order_certificate set  where id=?
18:38:21.430 [Test worker] DEBUG org.hibernate.persister.collection.AbstractCollectionPersister -  Row delete: update order_certificate set certificate_id=null where certificate_id=? and id=?
18:38:21.430 [Test worker] DEBUG org.hibernate.persister.collection.AbstractCollectionPersister -  One-shot delete: update order_certificate set certificate_id=null where certificate_id=?
18:38:21.431 [Test worker] DEBUG org.hibernate.persister.collection.AbstractCollectionPersister - Static SQL for collection: com.epam.esm.entity.User.orders
18:38:21.431 [Test worker] DEBUG org.hibernate.persister.collection.AbstractCollectionPersister -  Row insert: update application_order set user_id=? where id=?
18:38:21.431 [Test worker] DEBUG org.hibernate.persister.collection.AbstractCollectionPersister -  Row update: update application_order set  where id=?
18:38:21.431 [Test worker] DEBUG org.hibernate.persister.collection.AbstractCollectionPersister -  Row delete: update application_order set user_id=null where user_id=? and id=?
18:38:21.431 [Test worker] DEBUG org.hibernate.persister.collection.AbstractCollectionPersister -  One-shot delete: update application_order set user_id=null where user_id=?
18:38:21.435 [Test worker] DEBUG org.hibernate.persister.entity.AbstractEntityPersister - Static SQL for entity: com.epam.esm.entity.Order
18:38:21.435 [Test worker] DEBUG org.hibernate.persister.entity.AbstractEntityPersister -  Version select: select id from application_order where id =?
18:38:21.435 [Test worker] DEBUG org.hibernate.persister.entity.AbstractEntityPersister -  Snapshot select: select order_.id, order_.active_status as active_s2_0_, order_.created_at as created_3_0_, order_.user_id as user_id4_0_ from application_order order_ where order_.id=?
18:38:21.435 [Test worker] DEBUG org.hibernate.persister.entity.AbstractEntityPersister -  Insert 0: insert into application_order (active_status, created_at, user_id, id) values (?, ?, ?, ?)
18:38:21.435 [Test worker] DEBUG org.hibernate.persister.entity.AbstractEntityPersister -  Update 0: update application_order set active_status=?, created_at=?, user_id=? where id=?
18:38:21.436 [Test worker] DEBUG org.hibernate.persister.entity.AbstractEntityPersister -  Delete 0: delete from application_order where id=?
18:38:21.436 [Test worker] DEBUG org.hibernate.persister.entity.AbstractEntityPersister -  Identity insert: insert into application_order (id, active_status, created_at, user_id) values (null, ?, ?, ?)
18:38:21.459 [Test worker] DEBUG org.hibernate.loader.plan.build.internal.spaces.QuerySpacesImpl - Adding QuerySpace : uid = <gen:0> -> org.hibernate.loader.plan.build.internal.spaces.EntityQuerySpaceImpl@5de408e2]
18:38:21.460 [Test worker] DEBUG org.hibernate.persister.walking.spi.MetamodelGraphWalker - Visiting attribute path : activeStatus
18:38:21.460 [Test worker] DEBUG org.hibernate.persister.walking.spi.MetamodelGraphWalker - Visiting attribute path : createdAt
18:38:21.461 [Test worker] DEBUG org.hibernate.persister.walking.spi.MetamodelGraphWalker - Visiting attribute path : orderCertificates
18:38:21.464 [Test worker] DEBUG org.hibernate.loader.plan.build.internal.spaces.QuerySpacesImpl - Adding QuerySpace : uid = <gen:1> -> org.hibernate.loader.plan.build.internal.spaces.CollectionQuerySpaceImpl@620d639e]
18:38:21.465 [Test worker] DEBUG org.hibernate.loader.plan.build.internal.spaces.QuerySpacesImpl - Adding QuerySpace : uid = <gen:2> -> org.hibernate.loader.plan.build.internal.spaces.EntityQuerySpaceImpl@79477027]
18:38:21.465 [Test worker] DEBUG org.hibernate.persister.walking.spi.MetamodelGraphWalker - Visiting attribute path : user
18:38:21.465 [Test worker] DEBUG org.hibernate.loader.plan.build.internal.spaces.QuerySpacesImpl - Adding QuerySpace : uid = <gen:3> -> org.hibernate.loader.plan.build.internal.spaces.EntityQuerySpaceImpl@254f4d8c]
18:38:21.466 [Test worker] DEBUG org.hibernate.persister.walking.spi.MetamodelGraphWalker - Visiting attribute path : user.email
18:38:21.466 [Test worker] DEBUG org.hibernate.persister.walking.spi.MetamodelGraphWalker - Visiting attribute path : user.orders
18:38:21.466 [Test worker] DEBUG org.hibernate.persister.walking.spi.MetamodelGraphWalker - Property path deemed to be circular : user.orders
18:38:21.467 [Test worker] DEBUG org.hibernate.persister.walking.spi.MetamodelGraphWalker - Visiting attribute path : user.password
18:38:21.467 [Test worker] DEBUG org.hibernate.persister.walking.spi.MetamodelGraphWalker - Visiting attribute path : user.refreshToken
18:38:21.467 [Test worker] DEBUG org.hibernate.persister.walking.spi.MetamodelGraphWalker - Visiting attribute path : user.role
18:38:21.467 [Test worker] DEBUG org.hibernate.loader.plan.build.internal.spaces.QuerySpacesImpl - Adding QuerySpace : uid = <gen:4> -> org.hibernate.loader.plan.build.internal.spaces.EntityQuerySpaceImpl@6d235560]
18:38:21.467 [Test worker] DEBUG org.hibernate.persister.walking.spi.MetamodelGraphWalker - Visiting attribute path : user.role.value
18:38:21.467 [Test worker] DEBUG org.hibernate.loader.plan.build.internal.FetchStyleLoadPlanBuildingAssociationVisitationStrategy - Building LoadPlan...
18:38:21.476 [Test worker] DEBUG org.hibernate.loader.plan.exec.internal.LoadQueryJoinAndFetchProcessor - processing queryspace <gen:0>
18:38:21.480 [Test worker] DEBUG org.hibernate.loader.plan.build.spi.LoadPlanTreePrinter - LoadPlan(entity=com.epam.esm.entity.Order)
    - Returns
       - EntityReturnImpl(entity=com.epam.esm.entity.Order, querySpaceUid=<gen:0>, path=com.epam.esm.entity.Order)
          - CollectionAttributeFetchImpl(collection=com.epam.esm.entity.Order.orderCertificates, querySpaceUid=<gen:1>, path=com.epam.esm.entity.Order.orderCertificates)
             - (collection element) CollectionFetchableElementEntityGraph(entity=com.epam.esm.entity.OrderCertificate, querySpaceUid=<gen:2>, path=com.epam.esm.entity.Order.orderCertificates.<elements>)
          - EntityAttributeFetchImpl(entity=com.epam.esm.entity.User, querySpaceUid=<gen:3>, path=com.epam.esm.entity.Order.user)
             - EntityAttributeFetchImpl(entity=com.epam.esm.entity.Role, querySpaceUid=<gen:4>, path=com.epam.esm.entity.Order.user.role)
    - QuerySpaces
       - EntityQuerySpaceImpl(uid=<gen:0>, entity=com.epam.esm.entity.Order)
          - SQL table alias mapping - order0_
          - alias suffix - 0_
          - suffixed key columns - {id1_0_0_}
          - JOIN (JoinDefinedByMetadata(user)) : <gen:0> -> <gen:3>
             - EntityQuerySpaceImpl(uid=<gen:3>, entity=com.epam.esm.entity.User)
                - SQL table alias mapping - user1_
                - alias suffix - 1_
                - suffixed key columns - {id1_2_1_}
                - JOIN (JoinDefinedByMetadata(role)) : <gen:3> -> <gen:4>
                   - EntityQuerySpaceImpl(uid=<gen:4>, entity=com.epam.esm.entity.Role)
                      - SQL table alias mapping - role2_
                      - alias suffix - 2_
                      - suffixed key columns - {id1_1_2_}

18:38:21.481 [Test worker] DEBUG org.hibernate.loader.entity.plan.EntityLoader - Static select for entity com.epam.esm.entity.Order [NONE]: select order0_.id as id1_0_0_, order0_.active_status as active_s2_0_0_, order0_.created_at as created_3_0_0_, order0_.user_id as user_id4_0_0_, user1_.id as id1_2_1_, user1_.email as email2_2_1_, user1_.password as password3_2_1_, user1_.refresh_token as refresh_4_2_1_, user1_.role_id as role_id5_2_1_, role2_.id as id1_1_2_, role2_.value as value2_1_2_ from application_order order0_ left outer join application_user user1_ on order0_.user_id=user1_.id left outer join application_role role2_ on user1_.role_id=role2_.id where order0_.id=?
18:38:21.481 [Test worker] DEBUG org.hibernate.loader.plan.build.internal.spaces.QuerySpacesImpl - Adding QuerySpace : uid = <gen:0> -> org.hibernate.loader.plan.build.internal.spaces.EntityQuerySpaceImpl@4b393394]
18:38:21.481 [Test worker] DEBUG org.hibernate.persister.walking.spi.MetamodelGraphWalker - Visiting attribute path : activeStatus
18:38:21.482 [Test worker] DEBUG org.hibernate.persister.walking.spi.MetamodelGraphWalker - Visiting attribute path : createdAt
18:38:21.482 [Test worker] DEBUG org.hibernate.persister.walking.spi.MetamodelGraphWalker - Visiting attribute path : orderCertificates
18:38:21.482 [Test worker] DEBUG org.hibernate.loader.plan.build.internal.spaces.QuerySpacesImpl - Adding QuerySpace : uid = <gen:1> -> org.hibernate.loader.plan.build.internal.spaces.CollectionQuerySpaceImpl@7614d650]
18:38:21.482 [Test worker] DEBUG org.hibernate.loader.plan.build.internal.spaces.QuerySpacesImpl - Adding QuerySpace : uid = <gen:2> -> org.hibernate.loader.plan.build.internal.spaces.EntityQuerySpaceImpl@6f8a47e7]
18:38:21.482 [Test worker] DEBUG org.hibernate.persister.walking.spi.MetamodelGraphWalker - Visiting attribute path : user
18:38:21.482 [Test worker] DEBUG org.hibernate.loader.plan.build.internal.spaces.QuerySpacesImpl - Adding QuerySpace : uid = <gen:3> -> org.hibernate.loader.plan.build.internal.spaces.EntityQuerySpaceImpl@6dad6c11]
18:38:21.482 [Test worker] DEBUG org.hibernate.persister.walking.spi.MetamodelGraphWalker - Visiting attribute path : user.email
18:38:21.482 [Test worker] DEBUG org.hibernate.persister.walking.spi.MetamodelGraphWalker - Visiting attribute path : user.orders
18:38:21.482 [Test worker] DEBUG org.hibernate.persister.walking.spi.MetamodelGraphWalker - Property path deemed to be circular : user.orders
18:38:21.482 [Test worker] DEBUG org.hibernate.persister.walking.spi.MetamodelGraphWalker - Visiting attribute path : user.password
18:38:21.482 [Test worker] DEBUG org.hibernate.persister.walking.spi.MetamodelGraphWalker - Visiting attribute path : user.refreshToken
18:38:21.482 [Test worker] DEBUG org.hibernate.persister.walking.spi.MetamodelGraphWalker - Visiting attribute path : user.role
18:38:21.482 [Test worker] DEBUG org.hibernate.loader.plan.build.internal.spaces.QuerySpacesImpl - Adding QuerySpace : uid = <gen:4> -> org.hibernate.loader.plan.build.internal.spaces.EntityQuerySpaceImpl@78a57eec]
18:38:21.482 [Test worker] DEBUG org.hibernate.persister.walking.spi.MetamodelGraphWalker - Visiting attribute path : user.role.value
18:38:21.482 [Test worker] DEBUG org.hibernate.loader.plan.build.internal.FetchStyleLoadPlanBuildingAssociationVisitationStrategy - Building LoadPlan...
18:38:21.482 [Test worker] DEBUG org.hibernate.loader.plan.exec.internal.LoadQueryJoinAndFetchProcessor - processing queryspace <gen:0>
18:38:21.483 [Test worker] DEBUG org.hibernate.loader.plan.build.spi.LoadPlanTreePrinter - LoadPlan(entity=com.epam.esm.entity.Order)
    - Returns
       - EntityReturnImpl(entity=com.epam.esm.entity.Order, querySpaceUid=<gen:0>, path=com.epam.esm.entity.Order)
          - CollectionAttributeFetchImpl(collection=com.epam.esm.entity.Order.orderCertificates, querySpaceUid=<gen:1>, path=com.epam.esm.entity.Order.orderCertificates)
             - (collection element) CollectionFetchableElementEntityGraph(entity=com.epam.esm.entity.OrderCertificate, querySpaceUid=<gen:2>, path=com.epam.esm.entity.Order.orderCertificates.<elements>)
          - EntityAttributeFetchImpl(entity=com.epam.esm.entity.User, querySpaceUid=<gen:3>, path=com.epam.esm.entity.Order.user)
             - EntityAttributeFetchImpl(entity=com.epam.esm.entity.Role, querySpaceUid=<gen:4>, path=com.epam.esm.entity.Order.user.role)
    - QuerySpaces
       - EntityQuerySpaceImpl(uid=<gen:0>, entity=com.epam.esm.entity.Order)
          - SQL table alias mapping - order0_
          - alias suffix - 0_
          - suffixed key columns - {id1_0_0_}
          - JOIN (JoinDefinedByMetadata(user)) : <gen:0> -> <gen:3>
             - EntityQuerySpaceImpl(uid=<gen:3>, entity=com.epam.esm.entity.User)
                - SQL table alias mapping - user1_
                - alias suffix - 1_
                - suffixed key columns - {id1_2_1_}
                - JOIN (JoinDefinedByMetadata(role)) : <gen:3> -> <gen:4>
                   - EntityQuerySpaceImpl(uid=<gen:4>, entity=com.epam.esm.entity.Role)
                      - SQL table alias mapping - role2_
                      - alias suffix - 2_
                      - suffixed key columns - {id1_1_2_}

18:38:21.483 [Test worker] DEBUG org.hibernate.loader.entity.plan.EntityLoader - Static select for entity com.epam.esm.entity.Order [READ]: select order0_.id as id1_0_0_, order0_.active_status as active_s2_0_0_, order0_.created_at as created_3_0_0_, order0_.user_id as user_id4_0_0_, user1_.id as id1_2_1_, user1_.email as email2_2_1_, user1_.password as password3_2_1_, user1_.refresh_token as refresh_4_2_1_, user1_.role_id as role_id5_2_1_, role2_.id as id1_1_2_, role2_.value as value2_1_2_ from application_order order0_ left outer join application_user user1_ on order0_.user_id=user1_.id left outer join application_role role2_ on user1_.role_id=role2_.id where order0_.id=?
18:38:21.493 [Test worker] DEBUG org.hibernate.loader.Loader - Static select for action ACTION_MERGE on entity com.epam.esm.entity.Order: select order0_.id as id1_0_0_, order0_.active_status as active_s2_0_0_, order0_.created_at as created_3_0_0_, order0_.user_id as user_id4_0_0_ from application_order order0_ where order0_.id=?
18:38:21.494 [Test worker] DEBUG org.hibernate.loader.Loader - Static select for action ACTION_REFRESH on entity com.epam.esm.entity.Order: select order0_.id as id1_0_0_, order0_.active_status as active_s2_0_0_, order0_.created_at as created_3_0_0_, order0_.user_id as user_id4_0_0_ from application_order order0_ where order0_.id=?
18:38:21.494 [Test worker] DEBUG org.hibernate.persister.entity.AbstractEntityPersister - Static SQL for entity: com.epam.esm.entity.GiftCertificate
18:38:21.494 [Test worker] DEBUG org.hibernate.persister.entity.AbstractEntityPersister -  Version select: select id from certificate where id =?
18:38:21.494 [Test worker] DEBUG org.hibernate.persister.entity.AbstractEntityPersister -  Snapshot select: select giftcertif_.id, giftcertif_.active_status as active_s2_3_, giftcertif_.creation_date as creation3_3_, giftcertif_.description as descript4_3_, giftcertif_.expiration_date as expirati5_3_, giftcertif_.modification_date as modifica6_3_, giftcertif_.name as name7_3_, giftcertif_.price as price8_3_ from certificate giftcertif_ where giftcertif_.id=?
18:38:21.494 [Test worker] DEBUG org.hibernate.persister.entity.AbstractEntityPersister -  Insert 0: insert into certificate (active_status, creation_date, description, expiration_date, modification_date, name, price, id) values (?, ?, ?, ?, ?, ?, ?, ?)
18:38:21.494 [Test worker] DEBUG org.hibernate.persister.entity.AbstractEntityPersister -  Update 0: update certificate set active_status=?, creation_date=?, description=?, expiration_date=?, modification_date=?, name=?, price=? where id=?
18:38:21.494 [Test worker] DEBUG org.hibernate.persister.entity.AbstractEntityPersister -  Delete 0: delete from certificate where id=?
18:38:21.494 [Test worker] DEBUG org.hibernate.persister.entity.AbstractEntityPersister -  Identity insert: insert into certificate (id, active_status, creation_date, description, expiration_date, modification_date, name, price) values (null, ?, ?, ?, ?, ?, ?, ?)
18:38:21.494 [Test worker] DEBUG org.hibernate.loader.plan.build.internal.spaces.QuerySpacesImpl - Adding QuerySpace : uid = <gen:0> -> org.hibernate.loader.plan.build.internal.spaces.EntityQuerySpaceImpl@707c9e99]
18:38:21.494 [Test worker] DEBUG org.hibernate.persister.walking.spi.MetamodelGraphWalker - Visiting attribute path : activeStatus
18:38:21.494 [Test worker] DEBUG org.hibernate.persister.walking.spi.MetamodelGraphWalker - Visiting attribute path : creationDate
18:38:21.494 [Test worker] DEBUG org.hibernate.persister.walking.spi.MetamodelGraphWalker - Visiting attribute path : description
18:38:21.494 [Test worker] DEBUG org.hibernate.persister.walking.spi.MetamodelGraphWalker - Visiting attribute path : expirationDate
18:38:21.494 [Test worker] DEBUG org.hibernate.persister.walking.spi.MetamodelGraphWalker - Visiting attribute path : modificationDate
18:38:21.494 [Test worker] DEBUG org.hibernate.persister.walking.spi.MetamodelGraphWalker - Visiting attribute path : name
18:38:21.494 [Test worker] DEBUG org.hibernate.persister.walking.spi.MetamodelGraphWalker - Visiting attribute path : orderCertificates
18:38:21.495 [Test worker] DEBUG org.hibernate.loader.plan.build.internal.spaces.QuerySpacesImpl - Adding QuerySpace : uid = <gen:1> -> org.hibernate.loader.plan.build.internal.spaces.CollectionQuerySpaceImpl@4767285e]
18:38:21.495 [Test worker] DEBUG org.hibernate.loader.plan.build.internal.spaces.QuerySpacesImpl - Adding QuerySpace : uid = <gen:2> -> org.hibernate.loader.plan.build.internal.spaces.EntityQuerySpaceImpl@6f828f64]
18:38:21.495 [Test worker] DEBUG org.hibernate.persister.walking.spi.MetamodelGraphWalker - Visiting attribute path : price
18:38:21.495 [Test worker] DEBUG org.hibernate.persister.walking.spi.MetamodelGraphWalker - Visiting attribute path : tags
18:38:21.495 [Test worker] DEBUG org.hibernate.loader.plan.build.internal.spaces.QuerySpacesImpl - Adding QuerySpace : uid = <gen:3> -> org.hibernate.loader.plan.build.internal.spaces.CollectionQuerySpaceImpl@7b1e5c5b]
18:38:21.495 [Test worker] DEBUG org.hibernate.loader.plan.build.internal.spaces.QuerySpacesImpl - Adding QuerySpace : uid = <gen:4> -> org.hibernate.loader.plan.build.internal.spaces.EntityQuerySpaceImpl@279a803]
18:38:21.495 [Test worker] DEBUG org.hibernate.loader.plan.build.internal.FetchStyleLoadPlanBuildingAssociationVisitationStrategy - Building LoadPlan...
18:38:21.495 [Test worker] DEBUG org.hibernate.loader.plan.exec.internal.LoadQueryJoinAndFetchProcessor - processing queryspace <gen:0>
18:38:21.495 [Test worker] DEBUG org.hibernate.loader.plan.build.spi.LoadPlanTreePrinter - LoadPlan(entity=com.epam.esm.entity.GiftCertificate)
    - Returns
       - EntityReturnImpl(entity=com.epam.esm.entity.GiftCertificate, querySpaceUid=<gen:0>, path=com.epam.esm.entity.GiftCertificate)
          - CollectionAttributeFetchImpl(collection=com.epam.esm.entity.GiftCertificate.orderCertificates, querySpaceUid=<gen:1>, path=com.epam.esm.entity.GiftCertificate.orderCertificates)
             - (collection element) CollectionFetchableElementEntityGraph(entity=com.epam.esm.entity.OrderCertificate, querySpaceUid=<gen:2>, path=com.epam.esm.entity.GiftCertificate.orderCertificates.<elements>)
          - CollectionAttributeFetchImpl(collection=com.epam.esm.entity.GiftCertificate.tags, querySpaceUid=<gen:3>, path=com.epam.esm.entity.GiftCertificate.tags)
             - (collection element) CollectionFetchableElementEntityGraph(entity=com.epam.esm.entity.Tag, querySpaceUid=<gen:4>, path=com.epam.esm.entity.GiftCertificate.tags.<elements>)
    - QuerySpaces
       - EntityQuerySpaceImpl(uid=<gen:0>, entity=com.epam.esm.entity.GiftCertificate)
          - SQL table alias mapping - giftcertif0_
          - alias suffix - 0_
          - suffixed key columns - {id1_3_0_}

18:38:21.496 [Test worker] DEBUG org.hibernate.loader.entity.plan.EntityLoader - Static select for entity com.epam.esm.entity.GiftCertificate [NONE]: select giftcertif0_.id as id1_3_0_, giftcertif0_.active_status as active_s2_3_0_, giftcertif0_.creation_date as creation3_3_0_, giftcertif0_.description as descript4_3_0_, giftcertif0_.expiration_date as expirati5_3_0_, giftcertif0_.modification_date as modifica6_3_0_, giftcertif0_.name as name7_3_0_, giftcertif0_.price as price8_3_0_ from certificate giftcertif0_ where giftcertif0_.id=?
18:38:21.496 [Test worker] DEBUG org.hibernate.loader.plan.build.internal.spaces.QuerySpacesImpl - Adding QuerySpace : uid = <gen:0> -> org.hibernate.loader.plan.build.internal.spaces.EntityQuerySpaceImpl@7ca255ca]
18:38:21.496 [Test worker] DEBUG org.hibernate.persister.walking.spi.MetamodelGraphWalker - Visiting attribute path : activeStatus
18:38:21.496 [Test worker] DEBUG org.hibernate.persister.walking.spi.MetamodelGraphWalker - Visiting attribute path : creationDate
18:38:21.496 [Test worker] DEBUG org.hibernate.persister.walking.spi.MetamodelGraphWalker - Visiting attribute path : description
18:38:21.496 [Test worker] DEBUG org.hibernate.persister.walking.spi.MetamodelGraphWalker - Visiting attribute path : expirationDate
18:38:21.496 [Test worker] DEBUG org.hibernate.persister.walking.spi.MetamodelGraphWalker - Visiting attribute path : modificationDate
18:38:21.496 [Test worker] DEBUG org.hibernate.persister.walking.spi.MetamodelGraphWalker - Visiting attribute path : name
18:38:21.496 [Test worker] DEBUG org.hibernate.persister.walking.spi.MetamodelGraphWalker - Visiting attribute path : orderCertificates
18:38:21.496 [Test worker] DEBUG org.hibernate.loader.plan.build.internal.spaces.QuerySpacesImpl - Adding QuerySpace : uid = <gen:1> -> org.hibernate.loader.plan.build.internal.spaces.CollectionQuerySpaceImpl@e5574ae]
18:38:21.496 [Test worker] DEBUG org.hibernate.loader.plan.build.internal.spaces.QuerySpacesImpl - Adding QuerySpace : uid = <gen:2> -> org.hibernate.loader.plan.build.internal.spaces.EntityQuerySpaceImpl@41a3fcd7]
18:38:21.496 [Test worker] DEBUG org.hibernate.persister.walking.spi.MetamodelGraphWalker - Visiting attribute path : price
18:38:21.496 [Test worker] DEBUG org.hibernate.persister.walking.spi.MetamodelGraphWalker - Visiting attribute path : tags
18:38:21.496 [Test worker] DEBUG org.hibernate.loader.plan.build.internal.spaces.QuerySpacesImpl - Adding QuerySpace : uid = <gen:3> -> org.hibernate.loader.plan.build.internal.spaces.CollectionQuerySpaceImpl@2f41ed2c]
18:38:21.496 [Test worker] DEBUG org.hibernate.loader.plan.build.internal.spaces.QuerySpacesImpl - Adding QuerySpace : uid = <gen:4> -> org.hibernate.loader.plan.build.internal.spaces.EntityQuerySpaceImpl@280298e5]
18:38:21.496 [Test worker] DEBUG org.hibernate.loader.plan.build.internal.FetchStyleLoadPlanBuildingAssociationVisitationStrategy - Building LoadPlan...
18:38:21.496 [Test worker] DEBUG org.hibernate.loader.plan.exec.internal.LoadQueryJoinAndFetchProcessor - processing queryspace <gen:0>
18:38:21.497 [Test worker] DEBUG org.hibernate.loader.plan.build.spi.LoadPlanTreePrinter - LoadPlan(entity=com.epam.esm.entity.GiftCertificate)
    - Returns
       - EntityReturnImpl(entity=com.epam.esm.entity.GiftCertificate, querySpaceUid=<gen:0>, path=com.epam.esm.entity.GiftCertificate)
          - CollectionAttributeFetchImpl(collection=com.epam.esm.entity.GiftCertificate.orderCertificates, querySpaceUid=<gen:1>, path=com.epam.esm.entity.GiftCertificate.orderCertificates)
             - (collection element) CollectionFetchableElementEntityGraph(entity=com.epam.esm.entity.OrderCertificate, querySpaceUid=<gen:2>, path=com.epam.esm.entity.GiftCertificate.orderCertificates.<elements>)
          - CollectionAttributeFetchImpl(collection=com.epam.esm.entity.GiftCertificate.tags, querySpaceUid=<gen:3>, path=com.epam.esm.entity.GiftCertificate.tags)
             - (collection element) CollectionFetchableElementEntityGraph(entity=com.epam.esm.entity.Tag, querySpaceUid=<gen:4>, path=com.epam.esm.entity.GiftCertificate.tags.<elements>)
    - QuerySpaces
       - EntityQuerySpaceImpl(uid=<gen:0>, entity=com.epam.esm.entity.GiftCertificate)
          - SQL table alias mapping - giftcertif0_
          - alias suffix - 0_
          - suffixed key columns - {id1_3_0_}

18:38:21.497 [Test worker] DEBUG org.hibernate.loader.entity.plan.EntityLoader - Static select for entity com.epam.esm.entity.GiftCertificate [READ]: select giftcertif0_.id as id1_3_0_, giftcertif0_.active_status as active_s2_3_0_, giftcertif0_.creation_date as creation3_3_0_, giftcertif0_.description as descript4_3_0_, giftcertif0_.expiration_date as expirati5_3_0_, giftcertif0_.modification_date as modifica6_3_0_, giftcertif0_.name as name7_3_0_, giftcertif0_.price as price8_3_0_ from certificate giftcertif0_ where giftcertif0_.id=?
18:38:21.498 [Test worker] DEBUG org.hibernate.loader.Loader - Static select for action ACTION_MERGE on entity com.epam.esm.entity.GiftCertificate: select giftcertif0_.id as id1_3_2_, giftcertif0_.active_status as active_s2_3_2_, giftcertif0_.creation_date as creation3_3_2_, giftcertif0_.description as descript4_3_2_, giftcertif0_.expiration_date as expirati5_3_2_, giftcertif0_.modification_date as modifica6_3_2_, giftcertif0_.name as name7_3_2_, giftcertif0_.price as price8_3_2_, ordercerti1_.certificate_id as certific4_6_4_, ordercerti1_.id as id1_6_4_, ordercerti1_.id as id1_6_0_, ordercerti1_.certificate_id as certific4_6_0_, ordercerti1_.expiration_date as expirati2_6_0_, ordercerti1_.fixed_price as fixed_pr3_6_0_, ordercerti1_.order_id as order_id5_6_0_, order2_.id as id1_0_1_, order2_.active_status as active_s2_0_1_, order2_.created_at as created_3_0_1_, order2_.user_id as user_id4_0_1_ from certificate giftcertif0_ left outer join order_certificate ordercerti1_ on giftcertif0_.id=ordercerti1_.certificate_id left outer join application_order order2_ on ordercerti1_.order_id=order2_.id where giftcertif0_.id=?
18:38:21.499 [Test worker] DEBUG org.hibernate.loader.Loader - Static select for action ACTION_REFRESH on entity com.epam.esm.entity.GiftCertificate: select giftcertif0_.id as id1_3_2_, giftcertif0_.active_status as active_s2_3_2_, giftcertif0_.creation_date as creation3_3_2_, giftcertif0_.description as descript4_3_2_, giftcertif0_.expiration_date as expirati5_3_2_, giftcertif0_.modification_date as modifica6_3_2_, giftcertif0_.name as name7_3_2_, giftcertif0_.price as price8_3_2_, ordercerti1_.certificate_id as certific4_6_4_, ordercerti1_.id as id1_6_4_, ordercerti1_.id as id1_6_0_, ordercerti1_.certificate_id as certific4_6_0_, ordercerti1_.expiration_date as expirati2_6_0_, ordercerti1_.fixed_price as fixed_pr3_6_0_, ordercerti1_.order_id as order_id5_6_0_, order2_.id as id1_0_1_, order2_.active_status as active_s2_0_1_, order2_.created_at as created_3_0_1_, order2_.user_id as user_id4_0_1_ from certificate giftcertif0_ left outer join order_certificate ordercerti1_ on giftcertif0_.id=ordercerti1_.certificate_id left outer join application_order order2_ on ordercerti1_.order_id=order2_.id where giftcertif0_.id=?
18:38:21.499 [Test worker] DEBUG org.hibernate.persister.entity.AbstractEntityPersister - Static SQL for entity: com.epam.esm.entity.User
18:38:21.499 [Test worker] DEBUG org.hibernate.persister.entity.AbstractEntityPersister -  Version select: select id from application_user where id =?
18:38:21.499 [Test worker] DEBUG org.hibernate.persister.entity.AbstractEntityPersister -  Snapshot select: select user_.id, user_.email as email2_2_, user_.password as password3_2_, user_.refresh_token as refresh_4_2_, user_.role_id as role_id5_2_ from application_user user_ where user_.id=?
18:38:21.499 [Test worker] DEBUG org.hibernate.persister.entity.AbstractEntityPersister -  Insert 0: insert into application_user (email, password, refresh_token, role_id, id) values (?, ?, ?, ?, ?)
18:38:21.499 [Test worker] DEBUG org.hibernate.persister.entity.AbstractEntityPersister -  Update 0: update application_user set email=?, password=?, refresh_token=?, role_id=? where id=?
18:38:21.499 [Test worker] DEBUG org.hibernate.persister.entity.AbstractEntityPersister -  Delete 0: delete from application_user where id=?
18:38:21.499 [Test worker] DEBUG org.hibernate.persister.entity.AbstractEntityPersister -  Identity insert: insert into application_user (id, email, password, refresh_token, role_id) values (null, ?, ?, ?, ?)
18:38:21.499 [Test worker] DEBUG org.hibernate.loader.plan.build.internal.spaces.QuerySpacesImpl - Adding QuerySpace : uid = <gen:0> -> org.hibernate.loader.plan.build.internal.spaces.EntityQuerySpaceImpl@3e76d03d]
18:38:21.499 [Test worker] DEBUG org.hibernate.persister.walking.spi.MetamodelGraphWalker - Visiting attribute path : email
18:38:21.499 [Test worker] DEBUG org.hibernate.persister.walking.spi.MetamodelGraphWalker - Visiting attribute path : orders
18:38:21.499 [Test worker] DEBUG org.hibernate.loader.plan.build.internal.spaces.QuerySpacesImpl - Adding QuerySpace : uid = <gen:1> -> org.hibernate.loader.plan.build.internal.spaces.CollectionQuerySpaceImpl@30435b0a]
18:38:21.499 [Test worker] DEBUG org.hibernate.loader.plan.build.internal.spaces.QuerySpacesImpl - Adding QuerySpace : uid = <gen:2> -> org.hibernate.loader.plan.build.internal.spaces.EntityQuerySpaceImpl@1cb9b76]
18:38:21.499 [Test worker] DEBUG org.hibernate.persister.walking.spi.MetamodelGraphWalker - Visiting attribute path : password
18:38:21.499 [Test worker] DEBUG org.hibernate.persister.walking.spi.MetamodelGraphWalker - Visiting attribute path : refreshToken
18:38:21.500 [Test worker] DEBUG org.hibernate.persister.walking.spi.MetamodelGraphWalker - Visiting attribute path : role
18:38:21.500 [Test worker] DEBUG org.hibernate.loader.plan.build.internal.spaces.QuerySpacesImpl - Adding QuerySpace : uid = <gen:3> -> org.hibernate.loader.plan.build.internal.spaces.EntityQuerySpaceImpl@9b4444a]
18:38:21.500 [Test worker] DEBUG org.hibernate.persister.walking.spi.MetamodelGraphWalker - Visiting attribute path : role.value
18:38:21.500 [Test worker] DEBUG org.hibernate.loader.plan.build.internal.FetchStyleLoadPlanBuildingAssociationVisitationStrategy - Building LoadPlan...
18:38:21.500 [Test worker] DEBUG org.hibernate.loader.plan.exec.internal.LoadQueryJoinAndFetchProcessor - processing queryspace <gen:0>
18:38:21.500 [Test worker] DEBUG org.hibernate.loader.plan.build.spi.LoadPlanTreePrinter - LoadPlan(entity=com.epam.esm.entity.User)
    - Returns
       - EntityReturnImpl(entity=com.epam.esm.entity.User, querySpaceUid=<gen:0>, path=com.epam.esm.entity.User)
          - CollectionAttributeFetchImpl(collection=com.epam.esm.entity.User.orders, querySpaceUid=<gen:1>, path=com.epam.esm.entity.User.orders)
             - (collection element) CollectionFetchableElementEntityGraph(entity=com.epam.esm.entity.Order, querySpaceUid=<gen:2>, path=com.epam.esm.entity.User.orders.<elements>)
          - EntityAttributeFetchImpl(entity=com.epam.esm.entity.Role, querySpaceUid=<gen:3>, path=com.epam.esm.entity.User.role)
    - QuerySpaces
       - EntityQuerySpaceImpl(uid=<gen:0>, entity=com.epam.esm.entity.User)
          - SQL table alias mapping - user0_
          - alias suffix - 0_
          - suffixed key columns - {id1_2_0_}
          - JOIN (JoinDefinedByMetadata(role)) : <gen:0> -> <gen:3>
             - EntityQuerySpaceImpl(uid=<gen:3>, entity=com.epam.esm.entity.Role)
                - SQL table alias mapping - role1_
                - alias suffix - 1_
                - suffixed key columns - {id1_1_1_}

18:38:21.501 [Test worker] DEBUG org.hibernate.loader.entity.plan.EntityLoader - Static select for entity com.epam.esm.entity.User [NONE]: select user0_.id as id1_2_0_, user0_.email as email2_2_0_, user0_.password as password3_2_0_, user0_.refresh_token as refresh_4_2_0_, user0_.role_id as role_id5_2_0_, role1_.id as id1_1_1_, role1_.value as value2_1_1_ from application_user user0_ left outer join application_role role1_ on user0_.role_id=role1_.id where user0_.id=?
18:38:21.501 [Test worker] DEBUG org.hibernate.loader.plan.build.internal.spaces.QuerySpacesImpl - Adding QuerySpace : uid = <gen:0> -> org.hibernate.loader.plan.build.internal.spaces.EntityQuerySpaceImpl@1e109ba8]
18:38:21.501 [Test worker] DEBUG org.hibernate.persister.walking.spi.MetamodelGraphWalker - Visiting attribute path : email
18:38:21.501 [Test worker] DEBUG org.hibernate.persister.walking.spi.MetamodelGraphWalker - Visiting attribute path : orders
18:38:21.501 [Test worker] DEBUG org.hibernate.loader.plan.build.internal.spaces.QuerySpacesImpl - Adding QuerySpace : uid = <gen:1> -> org.hibernate.loader.plan.build.internal.spaces.CollectionQuerySpaceImpl@68e03912]
18:38:21.501 [Test worker] DEBUG org.hibernate.loader.plan.build.internal.spaces.QuerySpacesImpl - Adding QuerySpace : uid = <gen:2> -> org.hibernate.loader.plan.build.internal.spaces.EntityQuerySpaceImpl@541419d6]
18:38:21.501 [Test worker] DEBUG org.hibernate.persister.walking.spi.MetamodelGraphWalker - Visiting attribute path : password
18:38:21.501 [Test worker] DEBUG org.hibernate.persister.walking.spi.MetamodelGraphWalker - Visiting attribute path : refreshToken
18:38:21.501 [Test worker] DEBUG org.hibernate.persister.walking.spi.MetamodelGraphWalker - Visiting attribute path : role
18:38:21.501 [Test worker] DEBUG org.hibernate.loader.plan.build.internal.spaces.QuerySpacesImpl - Adding QuerySpace : uid = <gen:3> -> org.hibernate.loader.plan.build.internal.spaces.EntityQuerySpaceImpl@4e430527]
18:38:21.501 [Test worker] DEBUG org.hibernate.persister.walking.spi.MetamodelGraphWalker - Visiting attribute path : role.value
18:38:21.501 [Test worker] DEBUG org.hibernate.loader.plan.build.internal.FetchStyleLoadPlanBuildingAssociationVisitationStrategy - Building LoadPlan...
18:38:21.502 [Test worker] DEBUG org.hibernate.loader.plan.exec.internal.LoadQueryJoinAndFetchProcessor - processing queryspace <gen:0>
18:38:21.502 [Test worker] DEBUG org.hibernate.loader.plan.build.spi.LoadPlanTreePrinter - LoadPlan(entity=com.epam.esm.entity.User)
    - Returns
       - EntityReturnImpl(entity=com.epam.esm.entity.User, querySpaceUid=<gen:0>, path=com.epam.esm.entity.User)
          - CollectionAttributeFetchImpl(collection=com.epam.esm.entity.User.orders, querySpaceUid=<gen:1>, path=com.epam.esm.entity.User.orders)
             - (collection element) CollectionFetchableElementEntityGraph(entity=com.epam.esm.entity.Order, querySpaceUid=<gen:2>, path=com.epam.esm.entity.User.orders.<elements>)
          - EntityAttributeFetchImpl(entity=com.epam.esm.entity.Role, querySpaceUid=<gen:3>, path=com.epam.esm.entity.User.role)
    - QuerySpaces
       - EntityQuerySpaceImpl(uid=<gen:0>, entity=com.epam.esm.entity.User)
          - SQL table alias mapping - user0_
          - alias suffix - 0_
          - suffixed key columns - {id1_2_0_}
          - JOIN (JoinDefinedByMetadata(role)) : <gen:0> -> <gen:3>
             - EntityQuerySpaceImpl(uid=<gen:3>, entity=com.epam.esm.entity.Role)
                - SQL table alias mapping - role1_
                - alias suffix - 1_
                - suffixed key columns - {id1_1_1_}

18:38:21.502 [Test worker] DEBUG org.hibernate.loader.entity.plan.EntityLoader - Static select for entity com.epam.esm.entity.User [READ]: select user0_.id as id1_2_0_, user0_.email as email2_2_0_, user0_.password as password3_2_0_, user0_.refresh_token as refresh_4_2_0_, user0_.role_id as role_id5_2_0_, role1_.id as id1_1_1_, role1_.value as value2_1_1_ from application_user user0_ left outer join application_role role1_ on user0_.role_id=role1_.id where user0_.id=?
18:38:21.502 [Test worker] DEBUG org.hibernate.loader.Loader - Static select for action ACTION_MERGE on entity com.epam.esm.entity.User: select user0_.id as id1_2_0_, user0_.email as email2_2_0_, user0_.password as password3_2_0_, user0_.refresh_token as refresh_4_2_0_, user0_.role_id as role_id5_2_0_ from application_user user0_ where user0_.id=?
18:38:21.503 [Test worker] DEBUG org.hibernate.loader.Loader - Static select for action ACTION_REFRESH on entity com.epam.esm.entity.User: select user0_.id as id1_2_0_, user0_.email as email2_2_0_, user0_.password as password3_2_0_, user0_.refresh_token as refresh_4_2_0_, user0_.role_id as role_id5_2_0_ from application_user user0_ where user0_.id=?
18:38:21.503 [Test worker] DEBUG org.hibernate.persister.entity.AbstractEntityPersister - Static SQL for entity: com.epam.esm.entity.Entity
18:38:21.503 [Test worker] DEBUG org.hibernate.persister.entity.AbstractEntityPersister -  Version select: select id from entity where id =?
18:38:21.503 [Test worker] DEBUG org.hibernate.persister.entity.AbstractEntityPersister -  Snapshot select: select entity_.id from entity entity_ where entity_.id=?
18:38:21.503 [Test worker] DEBUG org.hibernate.persister.entity.AbstractEntityPersister -  Insert 0: insert into entity (id) values (?)
18:38:21.503 [Test worker] DEBUG org.hibernate.persister.entity.AbstractEntityPersister -  Update 0: null
18:38:21.503 [Test worker] DEBUG org.hibernate.persister.entity.AbstractEntityPersister -  Delete 0: delete from entity where id=?
18:38:21.503 [Test worker] DEBUG org.hibernate.persister.entity.AbstractEntityPersister -  Identity insert: insert into entity (id) values (null)
18:38:21.503 [Test worker] DEBUG org.hibernate.loader.plan.build.internal.spaces.QuerySpacesImpl - Adding QuerySpace : uid = <gen:0> -> org.hibernate.loader.plan.build.internal.spaces.EntityQuerySpaceImpl@9e85e6d]
18:38:21.503 [Test worker] DEBUG org.hibernate.loader.plan.build.internal.FetchStyleLoadPlanBuildingAssociationVisitationStrategy - Building LoadPlan...
18:38:21.503 [Test worker] DEBUG org.hibernate.loader.plan.exec.internal.LoadQueryJoinAndFetchProcessor - processing queryspace <gen:0>
18:38:21.503 [Test worker] DEBUG org.hibernate.loader.plan.build.spi.LoadPlanTreePrinter - LoadPlan(entity=com.epam.esm.entity.Entity)
    - Returns
       - EntityReturnImpl(entity=com.epam.esm.entity.Entity, querySpaceUid=<gen:0>, path=com.epam.esm.entity.Entity)
    - QuerySpaces
       - EntityQuerySpaceImpl(uid=<gen:0>, entity=com.epam.esm.entity.Entity)
          - SQL table alias mapping - entity0_
          - alias suffix - 0_
          - suffixed key columns - {id1_5_0_}

18:38:21.504 [Test worker] DEBUG org.hibernate.loader.entity.plan.EntityLoader - Static select for entity com.epam.esm.entity.Entity [NONE]: select entity0_.id as id1_5_0_ from entity entity0_ where entity0_.id=?
18:38:21.504 [Test worker] DEBUG org.hibernate.loader.plan.build.internal.spaces.QuerySpacesImpl - Adding QuerySpace : uid = <gen:0> -> org.hibernate.loader.plan.build.internal.spaces.EntityQuerySpaceImpl@2b7a648d]
18:38:21.504 [Test worker] DEBUG org.hibernate.loader.plan.build.internal.FetchStyleLoadPlanBuildingAssociationVisitationStrategy - Building LoadPlan...
18:38:21.504 [Test worker] DEBUG org.hibernate.loader.plan.exec.internal.LoadQueryJoinAndFetchProcessor - processing queryspace <gen:0>
18:38:21.504 [Test worker] DEBUG org.hibernate.loader.plan.build.spi.LoadPlanTreePrinter - LoadPlan(entity=com.epam.esm.entity.Entity)
    - Returns
       - EntityReturnImpl(entity=com.epam.esm.entity.Entity, querySpaceUid=<gen:0>, path=com.epam.esm.entity.Entity)
    - QuerySpaces
       - EntityQuerySpaceImpl(uid=<gen:0>, entity=com.epam.esm.entity.Entity)
          - SQL table alias mapping - entity0_
          - alias suffix - 0_
          - suffixed key columns - {id1_5_0_}

18:38:21.504 [Test worker] DEBUG org.hibernate.loader.entity.plan.EntityLoader - Static select for entity com.epam.esm.entity.Entity [READ]: select entity0_.id as id1_5_0_ from entity entity0_ where entity0_.id=?
18:38:21.504 [Test worker] DEBUG org.hibernate.loader.Loader - Static select for action ACTION_MERGE on entity com.epam.esm.entity.Entity: select entity0_.id as id1_5_0_ from entity entity0_ where entity0_.id=?
18:38:21.504 [Test worker] DEBUG org.hibernate.loader.Loader - Static select for action ACTION_REFRESH on entity com.epam.esm.entity.Entity: select entity0_.id as id1_5_0_ from entity entity0_ where entity0_.id=?
18:38:21.504 [Test worker] DEBUG org.hibernate.persister.entity.AbstractEntityPersister - Static SQL for entity: com.epam.esm.entity.Tag
18:38:21.504 [Test worker] DEBUG org.hibernate.persister.entity.AbstractEntityPersister -  Version select: select id from tag where id =?
18:38:21.504 [Test worker] DEBUG org.hibernate.persister.entity.AbstractEntityPersister -  Snapshot select: select tag_.id from tag tag_ where tag_.id=?
18:38:21.504 [Test worker] DEBUG org.hibernate.persister.entity.AbstractEntityPersister -  Insert 0: insert into tag (title, id) values (?, ?)
18:38:21.505 [Test worker] DEBUG org.hibernate.persister.entity.AbstractEntityPersister -  Update 0: null
18:38:21.505 [Test worker] DEBUG org.hibernate.persister.entity.AbstractEntityPersister -  Delete 0: delete from tag where id=?
18:38:21.505 [Test worker] DEBUG org.hibernate.persister.entity.AbstractEntityPersister -  Identity insert: insert into tag (id, title) values (null, ?)
18:38:21.505 [Test worker] DEBUG org.hibernate.loader.plan.build.internal.spaces.QuerySpacesImpl - Adding QuerySpace : uid = <gen:0> -> org.hibernate.loader.plan.build.internal.spaces.EntityQuerySpaceImpl@4eb3300d]
18:38:21.505 [Test worker] DEBUG org.hibernate.persister.walking.spi.MetamodelGraphWalker - Visiting attribute path : title
18:38:21.505 [Test worker] DEBUG org.hibernate.loader.plan.build.internal.FetchStyleLoadPlanBuildingAssociationVisitationStrategy - Building LoadPlan...
18:38:21.505 [Test worker] DEBUG org.hibernate.loader.plan.exec.internal.LoadQueryJoinAndFetchProcessor - processing queryspace <gen:0>
18:38:21.505 [Test worker] DEBUG org.hibernate.loader.plan.build.spi.LoadPlanTreePrinter - LoadPlan(entity=com.epam.esm.entity.Tag)
    - Returns
       - EntityReturnImpl(entity=com.epam.esm.entity.Tag, querySpaceUid=<gen:0>, path=com.epam.esm.entity.Tag)
    - QuerySpaces
       - EntityQuerySpaceImpl(uid=<gen:0>, entity=com.epam.esm.entity.Tag)
          - SQL table alias mapping - tag0_
          - alias suffix - 0_
          - suffixed key columns - {id1_7_0_}

18:38:21.505 [Test worker] DEBUG org.hibernate.loader.entity.plan.EntityLoader - Static select for entity com.epam.esm.entity.Tag [NONE]: select tag0_.id as id1_7_0_, tag0_.title as title2_7_0_ from tag tag0_ where tag0_.id=?
18:38:21.505 [Test worker] DEBUG org.hibernate.loader.plan.build.internal.spaces.QuerySpacesImpl - Adding QuerySpace : uid = <gen:0> -> org.hibernate.loader.plan.build.internal.spaces.EntityQuerySpaceImpl@7afe086a]
18:38:21.505 [Test worker] DEBUG org.hibernate.persister.walking.spi.MetamodelGraphWalker - Visiting attribute path : title
18:38:21.505 [Test worker] DEBUG org.hibernate.loader.plan.build.internal.FetchStyleLoadPlanBuildingAssociationVisitationStrategy - Building LoadPlan...
18:38:21.505 [Test worker] DEBUG org.hibernate.loader.plan.exec.internal.LoadQueryJoinAndFetchProcessor - processing queryspace <gen:0>
18:38:21.506 [Test worker] DEBUG org.hibernate.loader.plan.build.spi.LoadPlanTreePrinter - LoadPlan(entity=com.epam.esm.entity.Tag)
    - Returns
       - EntityReturnImpl(entity=com.epam.esm.entity.Tag, querySpaceUid=<gen:0>, path=com.epam.esm.entity.Tag)
    - QuerySpaces
       - EntityQuerySpaceImpl(uid=<gen:0>, entity=com.epam.esm.entity.Tag)
          - SQL table alias mapping - tag0_
          - alias suffix - 0_
          - suffixed key columns - {id1_7_0_}

18:38:21.506 [Test worker] DEBUG org.hibernate.loader.entity.plan.EntityLoader - Static select for entity com.epam.esm.entity.Tag [READ]: select tag0_.id as id1_7_0_, tag0_.title as title2_7_0_ from tag tag0_ where tag0_.id=?
18:38:21.506 [Test worker] DEBUG org.hibernate.loader.Loader - Static select for action ACTION_MERGE on entity com.epam.esm.entity.Tag: select tag0_.id as id1_7_0_, tag0_.title as title2_7_0_ from tag tag0_ where tag0_.id=?
18:38:21.506 [Test worker] DEBUG org.hibernate.loader.Loader - Static select for action ACTION_REFRESH on entity com.epam.esm.entity.Tag: select tag0_.id as id1_7_0_, tag0_.title as title2_7_0_ from tag tag0_ where tag0_.id=?
18:38:21.506 [Test worker] DEBUG org.hibernate.persister.entity.AbstractEntityPersister - Static SQL for entity: com.epam.esm.entity.OrderCertificate
18:38:21.506 [Test worker] DEBUG org.hibernate.persister.entity.AbstractEntityPersister -  Version select: select id from order_certificate where id =?
18:38:21.506 [Test worker] DEBUG org.hibernate.persister.entity.AbstractEntityPersister -  Snapshot select: select ordercerti_.id, ordercerti_.certificate_id as certific4_6_, ordercerti_.expiration_date as expirati2_6_, ordercerti_.fixed_price as fixed_pr3_6_, ordercerti_.order_id as order_id5_6_ from order_certificate ordercerti_ where ordercerti_.id=?
18:38:21.506 [Test worker] DEBUG org.hibernate.persister.entity.AbstractEntityPersister -  Insert 0: insert into order_certificate (certificate_id, expiration_date, fixed_price, order_id, id) values (?, ?, ?, ?, ?)
18:38:21.506 [Test worker] DEBUG org.hibernate.persister.entity.AbstractEntityPersister -  Update 0: update order_certificate set certificate_id=?, expiration_date=?, fixed_price=?, order_id=? where id=?
18:38:21.506 [Test worker] DEBUG org.hibernate.persister.entity.AbstractEntityPersister -  Delete 0: delete from order_certificate where id=?
18:38:21.506 [Test worker] DEBUG org.hibernate.persister.entity.AbstractEntityPersister -  Identity insert: insert into order_certificate (id, certificate_id, expiration_date, fixed_price, order_id) values (null, ?, ?, ?, ?)
18:38:21.506 [Test worker] DEBUG org.hibernate.loader.plan.build.internal.spaces.QuerySpacesImpl - Adding QuerySpace : uid = <gen:0> -> org.hibernate.loader.plan.build.internal.spaces.EntityQuerySpaceImpl@300b21ba]
18:38:21.507 [Test worker] DEBUG org.hibernate.persister.walking.spi.MetamodelGraphWalker - Visiting attribute path : certificate
18:38:21.507 [Test worker] DEBUG org.hibernate.loader.plan.build.internal.spaces.QuerySpacesImpl - Adding QuerySpace : uid = <gen:1> -> org.hibernate.loader.plan.build.internal.spaces.EntityQuerySpaceImpl@7a718beb]
18:38:21.507 [Test worker] DEBUG org.hibernate.persister.walking.spi.MetamodelGraphWalker - Visiting attribute path : expirationDate
18:38:21.507 [Test worker] DEBUG org.hibernate.persister.walking.spi.MetamodelGraphWalker - Visiting attribute path : fixedPrice
18:38:21.507 [Test worker] DEBUG org.hibernate.persister.walking.spi.MetamodelGraphWalker - Visiting attribute path : order
18:38:21.507 [Test worker] DEBUG org.hibernate.loader.plan.build.internal.spaces.QuerySpacesImpl - Adding QuerySpace : uid = <gen:2> -> org.hibernate.loader.plan.build.internal.spaces.EntityQuerySpaceImpl@67330de1]
18:38:21.507 [Test worker] DEBUG org.hibernate.persister.walking.spi.MetamodelGraphWalker - Visiting attribute path : order.activeStatus
18:38:21.507 [Test worker] DEBUG org.hibernate.persister.walking.spi.MetamodelGraphWalker - Visiting attribute path : order.createdAt
18:38:21.507 [Test worker] DEBUG org.hibernate.persister.walking.spi.MetamodelGraphWalker - Visiting attribute path : order.orderCertificates
18:38:21.507 [Test worker] DEBUG org.hibernate.persister.walking.spi.MetamodelGraphWalker - Property path deemed to be circular : order.orderCertificates
18:38:21.507 [Test worker] DEBUG org.hibernate.persister.walking.spi.MetamodelGraphWalker - Visiting attribute path : order.user
18:38:21.507 [Test worker] DEBUG org.hibernate.loader.plan.build.internal.spaces.QuerySpacesImpl - Adding QuerySpace : uid = <gen:3> -> org.hibernate.loader.plan.build.internal.spaces.EntityQuerySpaceImpl@4d5fdf2e]
18:38:21.507 [Test worker] DEBUG org.hibernate.persister.walking.spi.MetamodelGraphWalker - Visiting attribute path : order.user.email
18:38:21.507 [Test worker] DEBUG org.hibernate.persister.walking.spi.MetamodelGraphWalker - Visiting attribute path : order.user.orders
18:38:21.507 [Test worker] DEBUG org.hibernate.persister.walking.spi.MetamodelGraphWalker - Property path deemed to be circular : order.user.orders
18:38:21.507 [Test worker] DEBUG org.hibernate.persister.walking.spi.MetamodelGraphWalker - Visiting attribute path : order.user.password
18:38:21.507 [Test worker] DEBUG org.hibernate.persister.walking.spi.MetamodelGraphWalker - Visiting attribute path : order.user.refreshToken
18:38:21.507 [Test worker] DEBUG org.hibernate.persister.walking.spi.MetamodelGraphWalker - Visiting attribute path : order.user.role
18:38:21.507 [Test worker] DEBUG org.hibernate.loader.plan.build.internal.spaces.QuerySpacesImpl - Adding QuerySpace : uid = <gen:4> -> org.hibernate.loader.plan.build.internal.spaces.EntityQuerySpaceImpl@44a47539]
18:38:21.508 [Test worker] DEBUG org.hibernate.persister.walking.spi.MetamodelGraphWalker - Visiting attribute path : order.user.role.value
18:38:21.508 [Test worker] DEBUG org.hibernate.loader.plan.build.internal.FetchStyleLoadPlanBuildingAssociationVisitationStrategy - Building LoadPlan...
18:38:21.508 [Test worker] DEBUG org.hibernate.loader.plan.exec.internal.LoadQueryJoinAndFetchProcessor - processing queryspace <gen:0>
18:38:21.509 [Test worker] DEBUG org.hibernate.loader.plan.build.spi.LoadPlanTreePrinter - LoadPlan(entity=com.epam.esm.entity.OrderCertificate)
    - Returns
       - EntityReturnImpl(entity=com.epam.esm.entity.OrderCertificate, querySpaceUid=<gen:0>, path=com.epam.esm.entity.OrderCertificate)
          - EntityAttributeFetchImpl(entity=com.epam.esm.entity.GiftCertificate, querySpaceUid=<gen:1>, path=com.epam.esm.entity.OrderCertificate.certificate)
          - EntityAttributeFetchImpl(entity=com.epam.esm.entity.Order, querySpaceUid=<gen:2>, path=com.epam.esm.entity.OrderCertificate.order)
             - EntityAttributeFetchImpl(entity=com.epam.esm.entity.User, querySpaceUid=<gen:3>, path=com.epam.esm.entity.OrderCertificate.order.user)
                - EntityAttributeFetchImpl(entity=com.epam.esm.entity.Role, querySpaceUid=<gen:4>, path=com.epam.esm.entity.OrderCertificate.order.user.role)
    - QuerySpaces
       - EntityQuerySpaceImpl(uid=<gen:0>, entity=com.epam.esm.entity.OrderCertificate)
          - SQL table alias mapping - ordercerti0_
          - alias suffix - 0_
          - suffixed key columns - {id1_6_0_}
          - JOIN (JoinDefinedByMetadata(order)) : <gen:0> -> <gen:2>
             - EntityQuerySpaceImpl(uid=<gen:2>, entity=com.epam.esm.entity.Order)
                - SQL table alias mapping - order1_
                - alias suffix - 1_
                - suffixed key columns - {id1_0_1_}
                - JOIN (JoinDefinedByMetadata(user)) : <gen:2> -> <gen:3>
                   - EntityQuerySpaceImpl(uid=<gen:3>, entity=com.epam.esm.entity.User)
                      - SQL table alias mapping - user2_
                      - alias suffix - 2_
                      - suffixed key columns - {id1_2_2_}
                      - JOIN (JoinDefinedByMetadata(role)) : <gen:3> -> <gen:4>
                         - EntityQuerySpaceImpl(uid=<gen:4>, entity=com.epam.esm.entity.Role)
                            - SQL table alias mapping - role3_
                            - alias suffix - 3_
                            - suffixed key columns - {id1_1_3_}

18:38:21.509 [Test worker] DEBUG org.hibernate.loader.entity.plan.EntityLoader - Static select for entity com.epam.esm.entity.OrderCertificate [NONE]: select ordercerti0_.id as id1_6_0_, ordercerti0_.certificate_id as certific4_6_0_, ordercerti0_.expiration_date as expirati2_6_0_, ordercerti0_.fixed_price as fixed_pr3_6_0_, ordercerti0_.order_id as order_id5_6_0_, order1_.id as id1_0_1_, order1_.active_status as active_s2_0_1_, order1_.created_at as created_3_0_1_, order1_.user_id as user_id4_0_1_, user2_.id as id1_2_2_, user2_.email as email2_2_2_, user2_.password as password3_2_2_, user2_.refresh_token as refresh_4_2_2_, user2_.role_id as role_id5_2_2_, role3_.id as id1_1_3_, role3_.value as value2_1_3_ from order_certificate ordercerti0_ left outer join application_order order1_ on ordercerti0_.order_id=order1_.id left outer join application_user user2_ on order1_.user_id=user2_.id left outer join application_role role3_ on user2_.role_id=role3_.id where ordercerti0_.id=?
18:38:21.509 [Test worker] DEBUG org.hibernate.loader.plan.build.internal.spaces.QuerySpacesImpl - Adding QuerySpace : uid = <gen:0> -> org.hibernate.loader.plan.build.internal.spaces.EntityQuerySpaceImpl@1eb68942]
18:38:21.509 [Test worker] DEBUG org.hibernate.persister.walking.spi.MetamodelGraphWalker - Visiting attribute path : certificate
18:38:21.509 [Test worker] DEBUG org.hibernate.loader.plan.build.internal.spaces.QuerySpacesImpl - Adding QuerySpace : uid = <gen:1> -> org.hibernate.loader.plan.build.internal.spaces.EntityQuerySpaceImpl@7b04a0f3]
18:38:21.509 [Test worker] DEBUG org.hibernate.persister.walking.spi.MetamodelGraphWalker - Visiting attribute path : expirationDate
18:38:21.509 [Test worker] DEBUG org.hibernate.persister.walking.spi.MetamodelGraphWalker - Visiting attribute path : fixedPrice
18:38:21.509 [Test worker] DEBUG org.hibernate.persister.walking.spi.MetamodelGraphWalker - Visiting attribute path : order
18:38:21.510 [Test worker] DEBUG org.hibernate.loader.plan.build.internal.spaces.QuerySpacesImpl - Adding QuerySpace : uid = <gen:2> -> org.hibernate.loader.plan.build.internal.spaces.EntityQuerySpaceImpl@4abd9ac9]
18:38:21.510 [Test worker] DEBUG org.hibernate.persister.walking.spi.MetamodelGraphWalker - Visiting attribute path : order.activeStatus
18:38:21.510 [Test worker] DEBUG org.hibernate.persister.walking.spi.MetamodelGraphWalker - Visiting attribute path : order.createdAt
18:38:21.510 [Test worker] DEBUG org.hibernate.persister.walking.spi.MetamodelGraphWalker - Visiting attribute path : order.orderCertificates
18:38:21.510 [Test worker] DEBUG org.hibernate.persister.walking.spi.MetamodelGraphWalker - Property path deemed to be circular : order.orderCertificates
18:38:21.510 [Test worker] DEBUG org.hibernate.persister.walking.spi.MetamodelGraphWalker - Visiting attribute path : order.user
18:38:21.510 [Test worker] DEBUG org.hibernate.loader.plan.build.internal.spaces.QuerySpacesImpl - Adding QuerySpace : uid = <gen:3> -> org.hibernate.loader.plan.build.internal.spaces.EntityQuerySpaceImpl@cf6d8f1]
18:38:21.510 [Test worker] DEBUG org.hibernate.persister.walking.spi.MetamodelGraphWalker - Visiting attribute path : order.user.email
18:38:21.510 [Test worker] DEBUG org.hibernate.persister.walking.spi.MetamodelGraphWalker - Visiting attribute path : order.user.orders
18:38:21.510 [Test worker] DEBUG org.hibernate.persister.walking.spi.MetamodelGraphWalker - Property path deemed to be circular : order.user.orders
18:38:21.510 [Test worker] DEBUG org.hibernate.persister.walking.spi.MetamodelGraphWalker - Visiting attribute path : order.user.password
18:38:21.510 [Test worker] DEBUG org.hibernate.persister.walking.spi.MetamodelGraphWalker - Visiting attribute path : order.user.refreshToken
18:38:21.510 [Test worker] DEBUG org.hibernate.persister.walking.spi.MetamodelGraphWalker - Visiting attribute path : order.user.role
18:38:21.510 [Test worker] DEBUG org.hibernate.loader.plan.build.internal.spaces.QuerySpacesImpl - Adding QuerySpace : uid = <gen:4> -> org.hibernate.loader.plan.build.internal.spaces.EntityQuerySpaceImpl@74e641fa]
18:38:21.510 [Test worker] DEBUG org.hibernate.persister.walking.spi.MetamodelGraphWalker - Visiting attribute path : order.user.role.value
18:38:21.510 [Test worker] DEBUG org.hibernate.loader.plan.build.internal.FetchStyleLoadPlanBuildingAssociationVisitationStrategy - Building LoadPlan...
18:38:21.511 [Test worker] DEBUG org.hibernate.loader.plan.exec.internal.LoadQueryJoinAndFetchProcessor - processing queryspace <gen:0>
18:38:21.511 [Test worker] DEBUG org.hibernate.loader.plan.build.spi.LoadPlanTreePrinter - LoadPlan(entity=com.epam.esm.entity.OrderCertificate)
    - Returns
       - EntityReturnImpl(entity=com.epam.esm.entity.OrderCertificate, querySpaceUid=<gen:0>, path=com.epam.esm.entity.OrderCertificate)
          - EntityAttributeFetchImpl(entity=com.epam.esm.entity.GiftCertificate, querySpaceUid=<gen:1>, path=com.epam.esm.entity.OrderCertificate.certificate)
          - EntityAttributeFetchImpl(entity=com.epam.esm.entity.Order, querySpaceUid=<gen:2>, path=com.epam.esm.entity.OrderCertificate.order)
             - EntityAttributeFetchImpl(entity=com.epam.esm.entity.User, querySpaceUid=<gen:3>, path=com.epam.esm.entity.OrderCertificate.order.user)
                - EntityAttributeFetchImpl(entity=com.epam.esm.entity.Role, querySpaceUid=<gen:4>, path=com.epam.esm.entity.OrderCertificate.order.user.role)
    - QuerySpaces
       - EntityQuerySpaceImpl(uid=<gen:0>, entity=com.epam.esm.entity.OrderCertificate)
          - SQL table alias mapping - ordercerti0_
          - alias suffix - 0_
          - suffixed key columns - {id1_6_0_}
          - JOIN (JoinDefinedByMetadata(order)) : <gen:0> -> <gen:2>
             - EntityQuerySpaceImpl(uid=<gen:2>, entity=com.epam.esm.entity.Order)
                - SQL table alias mapping - order1_
                - alias suffix - 1_
                - suffixed key columns - {id1_0_1_}
                - JOIN (JoinDefinedByMetadata(user)) : <gen:2> -> <gen:3>
                   - EntityQuerySpaceImpl(uid=<gen:3>, entity=com.epam.esm.entity.User)
                      - SQL table alias mapping - user2_
                      - alias suffix - 2_
                      - suffixed key columns - {id1_2_2_}
                      - JOIN (JoinDefinedByMetadata(role)) : <gen:3> -> <gen:4>
                         - EntityQuerySpaceImpl(uid=<gen:4>, entity=com.epam.esm.entity.Role)
                            - SQL table alias mapping - role3_
                            - alias suffix - 3_
                            - suffixed key columns - {id1_1_3_}

18:38:21.512 [Test worker] DEBUG org.hibernate.loader.entity.plan.EntityLoader - Static select for entity com.epam.esm.entity.OrderCertificate [READ]: select ordercerti0_.id as id1_6_0_, ordercerti0_.certificate_id as certific4_6_0_, ordercerti0_.expiration_date as expirati2_6_0_, ordercerti0_.fixed_price as fixed_pr3_6_0_, ordercerti0_.order_id as order_id5_6_0_, order1_.id as id1_0_1_, order1_.active_status as active_s2_0_1_, order1_.created_at as created_3_0_1_, order1_.user_id as user_id4_0_1_, user2_.id as id1_2_2_, user2_.email as email2_2_2_, user2_.password as password3_2_2_, user2_.refresh_token as refresh_4_2_2_, user2_.role_id as role_id5_2_2_, role3_.id as id1_1_3_, role3_.value as value2_1_3_ from order_certificate ordercerti0_ left outer join application_order order1_ on ordercerti0_.order_id=order1_.id left outer join application_user user2_ on order1_.user_id=user2_.id left outer join application_role role3_ on user2_.role_id=role3_.id where ordercerti0_.id=?
18:38:21.513 [Test worker] DEBUG org.hibernate.loader.Loader - Static select for action ACTION_MERGE on entity com.epam.esm.entity.OrderCertificate: select ordercerti0_.id as id1_6_3_, ordercerti0_.certificate_id as certific4_6_3_, ordercerti0_.expiration_date as expirati2_6_3_, ordercerti0_.fixed_price as fixed_pr3_6_3_, ordercerti0_.order_id as order_id5_6_3_, giftcertif1_.id as id1_3_0_, giftcertif1_.active_status as active_s2_3_0_, giftcertif1_.creation_date as creation3_3_0_, giftcertif1_.description as descript4_3_0_, giftcertif1_.expiration_date as expirati5_3_0_, giftcertif1_.modification_date as modifica6_3_0_, giftcertif1_.name as name7_3_0_, giftcertif1_.price as price8_3_0_, tags2_.certificate_id as certific1_4_5_, tag3_.id as tag_id2_4_5_, tag3_.id as id1_7_1_, tag3_.title as title2_7_1_, order4_.id as id1_0_2_, order4_.active_status as active_s2_0_2_, order4_.created_at as created_3_0_2_, order4_.user_id as user_id4_0_2_ from order_certificate ordercerti0_ left outer join certificate giftcertif1_ on ordercerti0_.certificate_id=giftcertif1_.id left outer join certificate_tag tags2_ on giftcertif1_.id=tags2_.certificate_id left outer join tag tag3_ on tags2_.tag_id=tag3_.id left outer join application_order order4_ on ordercerti0_.order_id=order4_.id where ordercerti0_.id=?
18:38:21.513 [Test worker] DEBUG org.hibernate.loader.Loader - Static select for action ACTION_REFRESH on entity com.epam.esm.entity.OrderCertificate: select ordercerti0_.id as id1_6_2_, ordercerti0_.certificate_id as certific4_6_2_, ordercerti0_.expiration_date as expirati2_6_2_, ordercerti0_.fixed_price as fixed_pr3_6_2_, ordercerti0_.order_id as order_id5_6_2_, giftcertif1_.id as id1_3_0_, giftcertif1_.active_status as active_s2_3_0_, giftcertif1_.creation_date as creation3_3_0_, giftcertif1_.description as descript4_3_0_, giftcertif1_.expiration_date as expirati5_3_0_, giftcertif1_.modification_date as modifica6_3_0_, giftcertif1_.name as name7_3_0_, giftcertif1_.price as price8_3_0_, order2_.id as id1_0_1_, order2_.active_status as active_s2_0_1_, order2_.created_at as created_3_0_1_, order2_.user_id as user_id4_0_1_ from order_certificate ordercerti0_ left outer join certificate giftcertif1_ on ordercerti0_.certificate_id=giftcertif1_.id left outer join application_order order2_ on ordercerti0_.order_id=order2_.id where ordercerti0_.id=?
18:38:21.513 [Test worker] DEBUG org.hibernate.persister.entity.AbstractEntityPersister - Static SQL for entity: com.epam.esm.entity.Role
18:38:21.513 [Test worker] DEBUG org.hibernate.persister.entity.AbstractEntityPersister -  Version select: select id from application_role where id =?
18:38:21.513 [Test worker] DEBUG org.hibernate.persister.entity.AbstractEntityPersister -  Snapshot select: select role_.id, role_.value as value2_1_ from application_role role_ where role_.id=?
18:38:21.514 [Test worker] DEBUG org.hibernate.persister.entity.AbstractEntityPersister -  Insert 0: insert into application_role (value, id) values (?, ?)
18:38:21.514 [Test worker] DEBUG org.hibernate.persister.entity.AbstractEntityPersister -  Update 0: update application_role set value=? where id=?
18:38:21.514 [Test worker] DEBUG org.hibernate.persister.entity.AbstractEntityPersister -  Delete 0: delete from application_role where id=?
18:38:21.514 [Test worker] DEBUG org.hibernate.persister.entity.AbstractEntityPersister -  Identity insert: insert into application_role (id, value) values (null, ?)
18:38:21.514 [Test worker] DEBUG org.hibernate.loader.plan.build.internal.spaces.QuerySpacesImpl - Adding QuerySpace : uid = <gen:0> -> org.hibernate.loader.plan.build.internal.spaces.EntityQuerySpaceImpl@771d4508]
18:38:21.514 [Test worker] DEBUG org.hibernate.persister.walking.spi.MetamodelGraphWalker - Visiting attribute path : value
18:38:21.514 [Test worker] DEBUG org.hibernate.loader.plan.build.internal.FetchStyleLoadPlanBuildingAssociationVisitationStrategy - Building LoadPlan...
18:38:21.514 [Test worker] DEBUG org.hibernate.loader.plan.exec.internal.LoadQueryJoinAndFetchProcessor - processing queryspace <gen:0>
18:38:21.514 [Test worker] DEBUG org.hibernate.loader.plan.build.spi.LoadPlanTreePrinter - LoadPlan(entity=com.epam.esm.entity.Role)
    - Returns
       - EntityReturnImpl(entity=com.epam.esm.entity.Role, querySpaceUid=<gen:0>, path=com.epam.esm.entity.Role)
    - QuerySpaces
       - EntityQuerySpaceImpl(uid=<gen:0>, entity=com.epam.esm.entity.Role)
          - SQL table alias mapping - role0_
          - alias suffix - 0_
          - suffixed key columns - {id1_1_0_}

18:38:21.514 [Test worker] DEBUG org.hibernate.loader.entity.plan.EntityLoader - Static select for entity com.epam.esm.entity.Role [NONE]: select role0_.id as id1_1_0_, role0_.value as value2_1_0_ from application_role role0_ where role0_.id=?
18:38:21.514 [Test worker] DEBUG org.hibernate.loader.plan.build.internal.spaces.QuerySpacesImpl - Adding QuerySpace : uid = <gen:0> -> org.hibernate.loader.plan.build.internal.spaces.EntityQuerySpaceImpl@612a3b11]
18:38:21.515 [Test worker] DEBUG org.hibernate.persister.walking.spi.MetamodelGraphWalker - Visiting attribute path : value
18:38:21.515 [Test worker] DEBUG org.hibernate.loader.plan.build.internal.FetchStyleLoadPlanBuildingAssociationVisitationStrategy - Building LoadPlan...
18:38:21.515 [Test worker] DEBUG org.hibernate.loader.plan.exec.internal.LoadQueryJoinAndFetchProcessor - processing queryspace <gen:0>
18:38:21.515 [Test worker] DEBUG org.hibernate.loader.plan.build.spi.LoadPlanTreePrinter - LoadPlan(entity=com.epam.esm.entity.Role)
    - Returns
       - EntityReturnImpl(entity=com.epam.esm.entity.Role, querySpaceUid=<gen:0>, path=com.epam.esm.entity.Role)
    - QuerySpaces
       - EntityQuerySpaceImpl(uid=<gen:0>, entity=com.epam.esm.entity.Role)
          - SQL table alias mapping - role0_
          - alias suffix - 0_
          - suffixed key columns - {id1_1_0_}

18:38:21.515 [Test worker] DEBUG org.hibernate.loader.entity.plan.EntityLoader - Static select for entity com.epam.esm.entity.Role [READ]: select role0_.id as id1_1_0_, role0_.value as value2_1_0_ from application_role role0_ where role0_.id=?
18:38:21.515 [Test worker] DEBUG org.hibernate.loader.Loader - Static select for action ACTION_MERGE on entity com.epam.esm.entity.Role: select role0_.id as id1_1_0_, role0_.value as value2_1_0_ from application_role role0_ where role0_.id=?
18:38:21.516 [Test worker] DEBUG org.hibernate.loader.Loader - Static select for action ACTION_REFRESH on entity com.epam.esm.entity.Role: select role0_.id as id1_1_0_, role0_.value as value2_1_0_ from application_role role0_ where role0_.id=?
18:38:21.520 [Test worker] DEBUG org.hibernate.loader.plan.build.internal.spaces.QuerySpacesImpl - Adding QuerySpace : uid = <gen:0> -> org.hibernate.loader.plan.build.internal.spaces.CollectionQuerySpaceImpl@3dd747e1]
18:38:21.520 [Test worker] DEBUG org.hibernate.loader.plan.build.internal.spaces.QuerySpacesImpl - Adding QuerySpace : uid = <gen:1> -> org.hibernate.loader.plan.build.internal.spaces.EntityQuerySpaceImpl@52be4588]
18:38:21.521 [Test worker] DEBUG org.hibernate.persister.walking.spi.MetamodelGraphWalker - Visiting attribute path : title
18:38:21.521 [Test worker] DEBUG org.hibernate.loader.plan.build.internal.FetchStyleLoadPlanBuildingAssociationVisitationStrategy - Building LoadPlan...
18:38:21.524 [Test worker] DEBUG org.hibernate.loader.plan.exec.internal.LoadQueryJoinAndFetchProcessor - processing queryspace <gen:0>
18:38:21.525 [Test worker] DEBUG org.hibernate.loader.plan.build.spi.LoadPlanTreePrinter - LoadPlan(collection=com.epam.esm.entity.GiftCertificate.tags)
    - Returns
       - CollectionReturnImpl(collection=com.epam.esm.entity.GiftCertificate.tags, querySpaceUid=<gen:0>, path=[com.epam.esm.entity.GiftCertificate.tags])
          - (collection element) CollectionFetchableElementEntityGraph(entity=com.epam.esm.entity.Tag, querySpaceUid=<gen:1>, path=[com.epam.esm.entity.GiftCertificate.tags].<elements>)
    - QuerySpaces
       - CollectionQuerySpaceImpl(uid=<gen:0>, collection=com.epam.esm.entity.GiftCertificate.tags)
          - SQL table alias mapping - tags0_
          - alias suffix - 0_
          - suffixed key columns - {certific1_4_0_}
          - entity-element alias suffix - 1_
          - 1_entity-element suffixed key columns - id1_7_1_
          - JOIN (JoinDefinedByMetadata(elements)) : <gen:0> -> <gen:1>
             - EntityQuerySpaceImpl(uid=<gen:1>, entity=com.epam.esm.entity.Tag)
                - SQL table alias mapping - tag1_
                - alias suffix - 1_
                - suffixed key columns - {id1_7_1_}

18:38:21.525 [Test worker] DEBUG org.hibernate.loader.collection.plan.CollectionLoader - Static select for collection com.epam.esm.entity.GiftCertificate.tags: select tags0_.certificate_id as certific1_4_0_, tags0_.tag_id as tag_id2_4_0_, tag1_.id as id1_7_1_, tag1_.title as title2_7_1_ from certificate_tag tags0_ inner join tag tag1_ on tags0_.tag_id=tag1_.id where tags0_.certificate_id=?
18:38:21.525 [Test worker] DEBUG org.hibernate.loader.plan.build.internal.spaces.QuerySpacesImpl - Adding QuerySpace : uid = <gen:0> -> org.hibernate.loader.plan.build.internal.spaces.CollectionQuerySpaceImpl@343f95f8]
18:38:21.525 [Test worker] DEBUG org.hibernate.loader.plan.build.internal.spaces.QuerySpacesImpl - Adding QuerySpace : uid = <gen:1> -> org.hibernate.loader.plan.build.internal.spaces.EntityQuerySpaceImpl@56594755]
18:38:21.526 [Test worker] DEBUG org.hibernate.persister.walking.spi.MetamodelGraphWalker - Visiting attribute path : certificate
18:38:21.526 [Test worker] DEBUG org.hibernate.loader.plan.build.internal.spaces.QuerySpacesImpl - Adding QuerySpace : uid = <gen:2> -> org.hibernate.loader.plan.build.internal.spaces.EntityQuerySpaceImpl@38c773b3]
18:38:21.526 [Test worker] DEBUG org.hibernate.persister.walking.spi.MetamodelGraphWalker - Visiting attribute path : expirationDate
18:38:21.526 [Test worker] DEBUG org.hibernate.persister.walking.spi.MetamodelGraphWalker - Visiting attribute path : fixedPrice
18:38:21.526 [Test worker] DEBUG org.hibernate.persister.walking.spi.MetamodelGraphWalker - Visiting attribute path : order
18:38:21.526 [Test worker] DEBUG org.hibernate.persister.walking.spi.MetamodelGraphWalker - Property path deemed to be circular : order
18:38:21.526 [Test worker] DEBUG org.hibernate.loader.plan.build.internal.FetchStyleLoadPlanBuildingAssociationVisitationStrategy - Building LoadPlan...
18:38:21.527 [Test worker] DEBUG org.hibernate.loader.plan.exec.internal.LoadQueryJoinAndFetchProcessor - processing queryspace <gen:0>
18:38:21.527 [Test worker] DEBUG org.hibernate.loader.plan.build.spi.LoadPlanTreePrinter - LoadPlan(collection=com.epam.esm.entity.Order.orderCertificates)
    - Returns
       - CollectionReturnImpl(collection=com.epam.esm.entity.Order.orderCertificates, querySpaceUid=<gen:0>, path=[com.epam.esm.entity.Order.orderCertificates])
          - (collection element) CollectionFetchableElementEntityGraph(entity=com.epam.esm.entity.OrderCertificate, querySpaceUid=<gen:1>, path=[com.epam.esm.entity.Order.orderCertificates].<elements>)
             - EntityAttributeFetchImpl(entity=com.epam.esm.entity.GiftCertificate, querySpaceUid=<gen:2>, path=[com.epam.esm.entity.Order.orderCertificates].<elements>.certificate)
    - QuerySpaces
       - CollectionQuerySpaceImpl(uid=<gen:0>, collection=com.epam.esm.entity.Order.orderCertificates)
          - SQL table alias mapping - ordercerti0_
          - alias suffix - 0_
          - suffixed key columns - {order_id5_6_0_}
          - entity-element alias suffix - 1_
          - 1_entity-element suffixed key columns - id1_6_1_
          - JOIN (JoinDefinedByMetadata(elements)) : <gen:0> -> <gen:1>
             - EntityQuerySpaceImpl(uid=<gen:1>, entity=com.epam.esm.entity.OrderCertificate)
                - SQL table alias mapping - ordercerti0_
                - alias suffix - 1_
                - suffixed key columns - {id1_6_1_}

18:38:21.527 [Test worker] DEBUG org.hibernate.loader.collection.plan.CollectionLoader - Static select for collection com.epam.esm.entity.Order.orderCertificates: select ordercerti0_.order_id as order_id5_6_0_, ordercerti0_.id as id1_6_0_, ordercerti0_.id as id1_6_1_, ordercerti0_.certificate_id as certific4_6_1_, ordercerti0_.expiration_date as expirati2_6_1_, ordercerti0_.fixed_price as fixed_pr3_6_1_, ordercerti0_.order_id as order_id5_6_1_ from order_certificate ordercerti0_ where ordercerti0_.order_id=?
18:38:21.527 [Test worker] DEBUG org.hibernate.loader.plan.build.internal.spaces.QuerySpacesImpl - Adding QuerySpace : uid = <gen:0> -> org.hibernate.loader.plan.build.internal.spaces.CollectionQuerySpaceImpl@123146a0]
18:38:21.527 [Test worker] DEBUG org.hibernate.loader.plan.build.internal.spaces.QuerySpacesImpl - Adding QuerySpace : uid = <gen:1> -> org.hibernate.loader.plan.build.internal.spaces.EntityQuerySpaceImpl@71aadc87]
18:38:21.527 [Test worker] DEBUG org.hibernate.persister.walking.spi.MetamodelGraphWalker - Visiting attribute path : certificate
18:38:21.528 [Test worker] DEBUG org.hibernate.persister.walking.spi.MetamodelGraphWalker - Property path deemed to be circular : certificate
18:38:21.528 [Test worker] DEBUG org.hibernate.persister.walking.spi.MetamodelGraphWalker - Visiting attribute path : expirationDate
18:38:21.528 [Test worker] DEBUG org.hibernate.persister.walking.spi.MetamodelGraphWalker - Visiting attribute path : fixedPrice
18:38:21.528 [Test worker] DEBUG org.hibernate.persister.walking.spi.MetamodelGraphWalker - Visiting attribute path : order
18:38:21.528 [Test worker] DEBUG org.hibernate.loader.plan.build.internal.spaces.QuerySpacesImpl - Adding QuerySpace : uid = <gen:2> -> org.hibernate.loader.plan.build.internal.spaces.EntityQuerySpaceImpl@749bf600]
18:38:21.528 [Test worker] DEBUG org.hibernate.persister.walking.spi.MetamodelGraphWalker - Visiting attribute path : order.activeStatus
18:38:21.528 [Test worker] DEBUG org.hibernate.persister.walking.spi.MetamodelGraphWalker - Visiting attribute path : order.createdAt
18:38:21.528 [Test worker] DEBUG org.hibernate.persister.walking.spi.MetamodelGraphWalker - Visiting attribute path : order.orderCertificates
18:38:21.528 [Test worker] DEBUG org.hibernate.persister.walking.spi.MetamodelGraphWalker - Property path deemed to be circular : order.orderCertificates
18:38:21.528 [Test worker] DEBUG org.hibernate.persister.walking.spi.MetamodelGraphWalker - Visiting attribute path : order.user
18:38:21.528 [Test worker] DEBUG org.hibernate.loader.plan.build.internal.spaces.QuerySpacesImpl - Adding QuerySpace : uid = <gen:3> -> org.hibernate.loader.plan.build.internal.spaces.EntityQuerySpaceImpl@544fb7f7]
18:38:21.528 [Test worker] DEBUG org.hibernate.persister.walking.spi.MetamodelGraphWalker - Visiting attribute path : order.user.email
18:38:21.528 [Test worker] DEBUG org.hibernate.persister.walking.spi.MetamodelGraphWalker - Visiting attribute path : order.user.orders
18:38:21.528 [Test worker] DEBUG org.hibernate.persister.walking.spi.MetamodelGraphWalker - Property path deemed to be circular : order.user.orders
18:38:21.528 [Test worker] DEBUG org.hibernate.persister.walking.spi.MetamodelGraphWalker - Visiting attribute path : order.user.password
18:38:21.528 [Test worker] DEBUG org.hibernate.persister.walking.spi.MetamodelGraphWalker - Visiting attribute path : order.user.refreshToken
18:38:21.528 [Test worker] DEBUG org.hibernate.persister.walking.spi.MetamodelGraphWalker - Visiting attribute path : order.user.role
18:38:21.528 [Test worker] DEBUG org.hibernate.loader.plan.build.internal.spaces.QuerySpacesImpl - Adding QuerySpace : uid = <gen:4> -> org.hibernate.loader.plan.build.internal.spaces.EntityQuerySpaceImpl@2ed2255d]
18:38:21.529 [Test worker] DEBUG org.hibernate.persister.walking.spi.MetamodelGraphWalker - Visiting attribute path : order.user.role.value
18:38:21.529 [Test worker] DEBUG org.hibernate.loader.plan.build.internal.FetchStyleLoadPlanBuildingAssociationVisitationStrategy - Building LoadPlan...
18:38:21.529 [Test worker] DEBUG org.hibernate.loader.plan.exec.internal.LoadQueryJoinAndFetchProcessor - processing queryspace <gen:0>
18:38:21.530 [Test worker] DEBUG org.hibernate.loader.plan.build.spi.LoadPlanTreePrinter - LoadPlan(collection=com.epam.esm.entity.GiftCertificate.orderCertificates)
    - Returns
       - CollectionReturnImpl(collection=com.epam.esm.entity.GiftCertificate.orderCertificates, querySpaceUid=<gen:0>, path=[com.epam.esm.entity.GiftCertificate.orderCertificates])
          - (collection element) CollectionFetchableElementEntityGraph(entity=com.epam.esm.entity.OrderCertificate, querySpaceUid=<gen:1>, path=[com.epam.esm.entity.GiftCertificate.orderCertificates].<elements>)
             - EntityAttributeFetchImpl(entity=com.epam.esm.entity.Order, querySpaceUid=<gen:2>, path=[com.epam.esm.entity.GiftCertificate.orderCertificates].<elements>.order)
                - EntityAttributeFetchImpl(entity=com.epam.esm.entity.User, querySpaceUid=<gen:3>, path=[com.epam.esm.entity.GiftCertificate.orderCertificates].<elements>.order.user)
                   - EntityAttributeFetchImpl(entity=com.epam.esm.entity.Role, querySpaceUid=<gen:4>, path=[com.epam.esm.entity.GiftCertificate.orderCertificates].<elements>.order.user.role)
    - QuerySpaces
       - CollectionQuerySpaceImpl(uid=<gen:0>, collection=com.epam.esm.entity.GiftCertificate.orderCertificates)
          - SQL table alias mapping - ordercerti0_
          - alias suffix - 0_
          - suffixed key columns - {certific4_6_0_}
          - entity-element alias suffix - 1_
          - 1_entity-element suffixed key columns - id1_6_1_
          - JOIN (JoinDefinedByMetadata(elements)) : <gen:0> -> <gen:1>
             - EntityQuerySpaceImpl(uid=<gen:1>, entity=com.epam.esm.entity.OrderCertificate)
                - SQL table alias mapping - ordercerti0_
                - alias suffix - 1_
                - suffixed key columns - {id1_6_1_}
                - JOIN (JoinDefinedByMetadata(order)) : <gen:1> -> <gen:2>
                   - EntityQuerySpaceImpl(uid=<gen:2>, entity=com.epam.esm.entity.Order)
                      - SQL table alias mapping - order1_
                      - alias suffix - 2_
                      - suffixed key columns - {id1_0_2_}
                      - JOIN (JoinDefinedByMetadata(user)) : <gen:2> -> <gen:3>
                         - EntityQuerySpaceImpl(uid=<gen:3>, entity=com.epam.esm.entity.User)
                            - SQL table alias mapping - user2_
                            - alias suffix - 3_
                            - suffixed key columns - {id1_2_3_}
                            - JOIN (JoinDefinedByMetadata(role)) : <gen:3> -> <gen:4>
                               - EntityQuerySpaceImpl(uid=<gen:4>, entity=com.epam.esm.entity.Role)
                                  - SQL table alias mapping - role3_
                                  - alias suffix - 4_
                                  - suffixed key columns - {id1_1_4_}

18:38:21.530 [Test worker] DEBUG org.hibernate.loader.collection.plan.CollectionLoader - Static select for collection com.epam.esm.entity.GiftCertificate.orderCertificates: select ordercerti0_.certificate_id as certific4_6_0_, ordercerti0_.id as id1_6_0_, ordercerti0_.id as id1_6_1_, ordercerti0_.certificate_id as certific4_6_1_, ordercerti0_.expiration_date as expirati2_6_1_, ordercerti0_.fixed_price as fixed_pr3_6_1_, ordercerti0_.order_id as order_id5_6_1_, order1_.id as id1_0_2_, order1_.active_status as active_s2_0_2_, order1_.created_at as created_3_0_2_, order1_.user_id as user_id4_0_2_, user2_.id as id1_2_3_, user2_.email as email2_2_3_, user2_.password as password3_2_3_, user2_.refresh_token as refresh_4_2_3_, user2_.role_id as role_id5_2_3_, role3_.id as id1_1_4_, role3_.value as value2_1_4_ from order_certificate ordercerti0_ left outer join application_order order1_ on ordercerti0_.order_id=order1_.id left outer join application_user user2_ on order1_.user_id=user2_.id left outer join application_role role3_ on user2_.role_id=role3_.id where ordercerti0_.certificate_id=?
18:38:21.530 [Test worker] DEBUG org.hibernate.loader.plan.build.internal.spaces.QuerySpacesImpl - Adding QuerySpace : uid = <gen:0> -> org.hibernate.loader.plan.build.internal.spaces.CollectionQuerySpaceImpl@462fe5b3]
18:38:21.530 [Test worker] DEBUG org.hibernate.loader.plan.build.internal.spaces.QuerySpacesImpl - Adding QuerySpace : uid = <gen:1> -> org.hibernate.loader.plan.build.internal.spaces.EntityQuerySpaceImpl@542f0f97]
18:38:21.530 [Test worker] DEBUG org.hibernate.persister.walking.spi.MetamodelGraphWalker - Visiting attribute path : activeStatus
18:38:21.530 [Test worker] DEBUG org.hibernate.persister.walking.spi.MetamodelGraphWalker - Visiting attribute path : createdAt
18:38:21.530 [Test worker] DEBUG org.hibernate.persister.walking.spi.MetamodelGraphWalker - Visiting attribute path : orderCertificates
18:38:21.531 [Test worker] DEBUG org.hibernate.loader.plan.build.internal.spaces.QuerySpacesImpl - Adding QuerySpace : uid = <gen:2> -> org.hibernate.loader.plan.build.internal.spaces.CollectionQuerySpaceImpl@dc7b034]
18:38:21.531 [Test worker] DEBUG org.hibernate.loader.plan.build.internal.spaces.QuerySpacesImpl - Adding QuerySpace : uid = <gen:3> -> org.hibernate.loader.plan.build.internal.spaces.EntityQuerySpaceImpl@213855ac]
18:38:21.531 [Test worker] DEBUG org.hibernate.persister.walking.spi.MetamodelGraphWalker - Visiting attribute path : user
18:38:21.531 [Test worker] DEBUG org.hibernate.persister.walking.spi.MetamodelGraphWalker - Property path deemed to be circular : user
18:38:21.531 [Test worker] DEBUG org.hibernate.loader.plan.build.internal.FetchStyleLoadPlanBuildingAssociationVisitationStrategy - Building LoadPlan...
18:38:21.531 [Test worker] DEBUG org.hibernate.loader.plan.exec.internal.LoadQueryJoinAndFetchProcessor - processing queryspace <gen:0>
18:38:21.531 [Test worker] DEBUG org.hibernate.loader.plan.build.spi.LoadPlanTreePrinter - LoadPlan(collection=com.epam.esm.entity.User.orders)
    - Returns
       - CollectionReturnImpl(collection=com.epam.esm.entity.User.orders, querySpaceUid=<gen:0>, path=[com.epam.esm.entity.User.orders])
          - (collection element) CollectionFetchableElementEntityGraph(entity=com.epam.esm.entity.Order, querySpaceUid=<gen:1>, path=[com.epam.esm.entity.User.orders].<elements>)
             - CollectionAttributeFetchImpl(collection=com.epam.esm.entity.Order.orderCertificates, querySpaceUid=<gen:2>, path=[com.epam.esm.entity.User.orders].<elements>.orderCertificates)
                - (collection element) CollectionFetchableElementEntityGraph(entity=com.epam.esm.entity.OrderCertificate, querySpaceUid=<gen:3>, path=[com.epam.esm.entity.User.orders].<elements>.orderCertificates.<elements>)
    - QuerySpaces
       - CollectionQuerySpaceImpl(uid=<gen:0>, collection=com.epam.esm.entity.User.orders)
          - SQL table alias mapping - orders0_
          - alias suffix - 0_
          - suffixed key columns - {user_id4_0_0_}
          - entity-element alias suffix - 1_
          - 1_entity-element suffixed key columns - id1_0_1_
          - JOIN (JoinDefinedByMetadata(elements)) : <gen:0> -> <gen:1>
             - EntityQuerySpaceImpl(uid=<gen:1>, entity=com.epam.esm.entity.Order)
                - SQL table alias mapping - orders0_
                - alias suffix - 1_
                - suffixed key columns - {id1_0_1_}

18:38:21.532 [Test worker] DEBUG org.hibernate.loader.collection.plan.CollectionLoader - Static select for collection com.epam.esm.entity.User.orders: select orders0_.user_id as user_id4_0_0_, orders0_.id as id1_0_0_, orders0_.id as id1_0_1_, orders0_.active_status as active_s2_0_1_, orders0_.created_at as created_3_0_1_, orders0_.user_id as user_id4_0_1_ from application_order orders0_ where orders0_.user_id=?
18:38:21.564 [Test worker] DEBUG org.hibernate.SQL - drop table application_order if exists
18:38:21.566 [Test worker] DEBUG org.hibernate.SQL - drop table application_role if exists
18:38:21.566 [Test worker] DEBUG org.hibernate.SQL - drop table application_user if exists
18:38:21.566 [Test worker] DEBUG org.hibernate.SQL - drop table certificate if exists
18:38:21.567 [Test worker] DEBUG org.hibernate.SQL - drop table certificate_tag if exists
18:38:21.567 [Test worker] DEBUG org.hibernate.SQL - drop table entity if exists
18:38:21.567 [Test worker] DEBUG org.hibernate.SQL - drop table order_certificate if exists
18:38:21.567 [Test worker] DEBUG org.hibernate.SQL - drop table tag if exists
18:38:21.569 [Test worker] DEBUG org.hibernate.SQL - create table application_order (id bigint generated by default as identity, active_status boolean, created_at timestamp, user_id bigint, primary key (id))
18:38:21.576 [Test worker] DEBUG org.hibernate.SQL - create table application_role (id bigint generated by default as identity, value varchar(255), primary key (id))
18:38:21.577 [Test worker] DEBUG org.hibernate.SQL - create table application_user (id bigint generated by default as identity, email varchar(255), password varchar(255), refresh_token varchar(255), role_id bigint, primary key (id))
18:38:21.579 [Test worker] DEBUG org.hibernate.SQL - create table certificate (id bigint generated by default as identity, active_status boolean, creation_date date, description varchar(255), expiration_date date, modification_date date, name varchar(255), price decimal(19,2), primary key (id))
18:38:21.580 [Test worker] DEBUG org.hibernate.SQL - create table certificate_tag (certificate_id bigint not null, tag_id bigint not null, primary key (certificate_id, tag_id))
18:38:21.584 [Test worker] DEBUG org.hibernate.SQL - create table entity (id bigint generated by default as identity, primary key (id))
18:38:21.585 [Test worker] DEBUG org.hibernate.SQL - create table order_certificate (id bigint generated by default as identity, expiration_date date, fixed_price decimal(19,2), certificate_id bigint, order_id bigint, primary key (id))
18:38:21.587 [Test worker] DEBUG org.hibernate.SQL - create table tag (id bigint generated by default as identity, title varchar(255), primary key (id))
18:38:21.588 [Test worker] DEBUG org.hibernate.SQL - alter table tag add constraint UK_k5g3urrxw2ym0ls8vo6xfgs65 unique (title)
18:38:21.589 [Test worker] DEBUG org.hibernate.SQL - alter table application_order add constraint FKp4m4jwa9ds4e3gmsdtsvjcty3 foreign key (user_id) references application_user
18:38:21.595 [Test worker] DEBUG org.hibernate.SQL - alter table application_user add constraint FKkb3re6enordhsw7vy7ftgtna4 foreign key (role_id) references application_role
18:38:21.597 [Test worker] DEBUG org.hibernate.SQL - alter table certificate_tag add constraint FKk65jck3ppxm1p372l03sxdtcc foreign key (tag_id) references tag
18:38:21.599 [Test worker] DEBUG org.hibernate.SQL - alter table certificate_tag add constraint FKlrytco6nyamwxl72nog54iymx foreign key (certificate_id) references certificate
18:38:21.601 [Test worker] DEBUG org.hibernate.SQL - alter table order_certificate add constraint FKans0qrkplnas0le7if4ph8n2w foreign key (certificate_id) references certificate
18:38:21.602 [Test worker] DEBUG org.hibernate.SQL - alter table order_certificate add constraint FKlylopteltw5t82w63stck3tb8 foreign key (order_id) references application_order
18:38:21.605 [Test worker] INFO org.hibernate.tool.schema.internal.SchemaCreatorImpl - HHH000476: Executing import script 'org.hibernate.tool.schema.internal.exec.ScriptSourceInputNonExistentImpl@723cef24'
18:38:21.607 [Test worker] DEBUG org.hibernate.query.spi.NamedQueryRepository - Checking 0 named HQL queries
18:38:21.607 [Test worker] DEBUG org.hibernate.query.spi.NamedQueryRepository - Checking 0 named SQL queries
18:38:21.608 [Test worker] DEBUG org.hibernate.internal.SessionFactoryRegistry - Initializing SessionFactoryRegistry : org.hibernate.internal.SessionFactoryRegistry@2f6e6a0d
18:38:21.609 [Test worker] DEBUG org.hibernate.internal.SessionFactoryRegistry - Registering SessionFactory: 7b3490f2-a5f0-4e56-9ff1-3130e35ba501 (<unnamed>)
18:38:21.609 [Test worker] DEBUG org.hibernate.internal.SessionFactoryRegistry - Not binding SessionFactory to JNDI, no JNDI name configured
18:38:21.609 [Test worker] INFO org.springframework.orm.jpa.LocalContainerEntityManagerFactoryBean - Initialized JPA EntityManagerFactory for persistence unit 'default'
18:38:21.612 [Test worker] DEBUG org.springframework.jdbc.datasource.DataSourceUtils - Fetching JDBC Connection from DataSource
18:38:21.614 [Test worker] DEBUG org.springframework.beans.factory.support.DefaultListableBeanFactory - Creating shared instance of singleton bean 'testConfig'
18:38:21.615 [Test worker] DEBUG org.springframework.beans.factory.support.DefaultListableBeanFactory - Creating shared instance of singleton bean 'EMCertificateRepository'
18:38:21.618 [Test worker] DEBUG org.springframework.beans.factory.support.DefaultListableBeanFactory - Creating shared instance of singleton bean 'org.springframework.orm.jpa.SharedEntityManagerCreator#0'
18:38:21.632 [Test worker] DEBUG org.springframework.beans.factory.support.DefaultListableBeanFactory - Creating shared instance of singleton bean 'criteriaBuilderHelper'
18:38:21.633 [Test worker] DEBUG org.springframework.beans.factory.support.DefaultListableBeanFactory - Autowiring by type from bean name 'EMCertificateRepository' via constructor to bean named 'org.springframework.orm.jpa.SharedEntityManagerCreator#0'
18:38:21.633 [Test worker] DEBUG org.springframework.beans.factory.support.DefaultListableBeanFactory - Autowiring by type from bean name 'EMCertificateRepository' via constructor to bean named 'criteriaBuilderHelper'
18:38:21.647 [Test worker] DEBUG org.springframework.beans.factory.support.DefaultListableBeanFactory - Creating shared instance of singleton bean 'EMOrderCertificateRepository'
18:38:21.648 [Test worker] DEBUG org.springframework.beans.factory.support.DefaultListableBeanFactory - Autowiring by type from bean name 'EMOrderCertificateRepository' via constructor to bean named 'org.springframework.orm.jpa.SharedEntityManagerCreator#0'
18:38:21.653 [Test worker] DEBUG org.springframework.beans.factory.support.DefaultListableBeanFactory - Creating shared instance of singleton bean 'EMOrderRepository'
18:38:21.655 [Test worker] DEBUG org.springframework.beans.factory.support.DefaultListableBeanFactory - Autowiring by type from bean name 'EMOrderRepository' via constructor to bean named 'org.springframework.orm.jpa.SharedEntityManagerCreator#0'
18:38:21.660 [Test worker] DEBUG org.springframework.beans.factory.support.DefaultListableBeanFactory - Creating shared instance of singleton bean 'EMTagRepository'
18:38:21.661 [Test worker] DEBUG org.springframework.beans.factory.support.DefaultListableBeanFactory - Autowiring by type from bean name 'EMTagRepository' via constructor to bean named 'org.springframework.orm.jpa.SharedEntityManagerCreator#0'
18:38:21.668 [Test worker] DEBUG org.springframework.beans.factory.support.DefaultListableBeanFactory - Creating shared instance of singleton bean 'EMUserRepository'
18:38:21.669 [Test worker] DEBUG org.springframework.beans.factory.support.DefaultListableBeanFactory - Autowiring by type from bean name 'EMUserRepository' via constructor to bean named 'org.springframework.orm.jpa.SharedEntityManagerCreator#0'
18:38:21.675 [Test worker] DEBUG org.springframework.beans.factory.support.DefaultListableBeanFactory - Creating shared instance of singleton bean 'org.springframework.boot.autoconfigure.context.PropertyPlaceholderAutoConfiguration'
18:38:21.675 [Test worker] DEBUG org.springframework.beans.factory.support.DefaultListableBeanFactory - Creating shared instance of singleton bean 'org.springframework.boot.autoconfigure.task.TaskExecutionAutoConfiguration'
18:38:21.676 [Test worker] DEBUG org.springframework.core.LocalVariableTableParameterNameDiscoverer - Cannot find '.class' file for class [class org.springframework.boot.autoconfigure.task.TaskExecutionAutoConfiguration$$EnhancerBySpringCGLIB$$23866785] - unable to determine constructor/method parameter names
18:38:21.677 [Test worker] DEBUG org.springframework.beans.factory.support.DefaultListableBeanFactory - Creating shared instance of singleton bean 'spring.task.execution-org.springframework.boot.autoconfigure.task.TaskExecutionProperties'
18:38:21.680 [Test worker] DEBUG org.springframework.beans.factory.support.DefaultListableBeanFactory - Autowiring by type from bean name 'org.springframework.boot.autoconfigure.task.TaskExecutionAutoConfiguration' via constructor to bean named 'spring.task.execution-org.springframework.boot.autoconfigure.task.TaskExecutionProperties'
18:38:21.681 [Test worker] DEBUG org.springframework.beans.factory.support.DefaultListableBeanFactory - Creating shared instance of singleton bean 'taskExecutorBuilder'
18:38:21.685 [Test worker] DEBUG org.springframework.beans.factory.support.DefaultListableBeanFactory - Creating shared instance of singleton bean 'org.springframework.boot.autoconfigure.validation.ValidationAutoConfiguration'
18:38:21.686 [Test worker] DEBUG org.springframework.beans.factory.support.DefaultListableBeanFactory - Creating shared instance of singleton bean 'defaultValidator'
18:38:21.689 [Test worker] DEBUG org.hibernate.validator.internal.engine.resolver.TraversableResolvers - Found javax.persistence.Persistence on classpath containing 'getPersistenceUtil'. Assuming JPA 2 environment. Trying to instantiate JPA aware TraversableResolver
18:38:21.689 [Test worker] DEBUG org.hibernate.validator.internal.engine.resolver.TraversableResolvers - Instantiated JPA aware TraversableResolver of type org.hibernate.validator.internal.engine.resolver.JPATraversableResolver.
18:38:21.689 [Test worker] DEBUG org.hibernate.validator.messageinterpolation.ResourceBundleMessageInterpolator - Loaded expression factory via original TCCL
18:38:21.691 [Test worker] DEBUG org.hibernate.validator.internal.engine.resolver.TraversableResolvers - Found javax.persistence.Persistence on classpath containing 'getPersistenceUtil'. Assuming JPA 2 environment. Trying to instantiate JPA aware TraversableResolver
18:38:21.691 [Test worker] DEBUG org.hibernate.validator.internal.engine.resolver.TraversableResolvers - Instantiated JPA aware TraversableResolver of type org.hibernate.validator.internal.engine.resolver.JPATraversableResolver.
18:38:21.691 [Test worker] DEBUG org.hibernate.validator.internal.engine.ConfigurationImpl - Setting custom MessageInterpolator of type org.springframework.validation.beanvalidation.LocaleContextMessageInterpolator
18:38:21.692 [Test worker] DEBUG org.hibernate.validator.internal.engine.ConfigurationImpl - Setting custom ConstraintValidatorFactory of type org.springframework.validation.beanvalidation.SpringConstraintValidatorFactory
18:38:21.692 [Test worker] DEBUG org.hibernate.validator.internal.engine.ConfigurationImpl - Setting custom ParameterNameProvider of type org.springframework.validation.beanvalidation.LocalValidatorFactoryBean$1
18:38:21.693 [Test worker] DEBUG org.hibernate.validator.internal.xml.config.ValidationXmlParser - Trying to load META-INF/validation.xml for XML based Validator configuration.
18:38:21.693 [Test worker] DEBUG org.hibernate.validator.internal.xml.config.ResourceLoaderHelper - Trying to load META-INF/validation.xml via user class loader
18:38:21.693 [Test worker] DEBUG org.hibernate.validator.internal.xml.config.ResourceLoaderHelper - Trying to load META-INF/validation.xml via TCCL
18:38:21.693 [Test worker] DEBUG org.hibernate.validator.internal.xml.config.ResourceLoaderHelper - Trying to load META-INF/validation.xml via Hibernate Validator's class loader
18:38:21.693 [Test worker] DEBUG org.hibernate.validator.internal.xml.config.ValidationXmlParser - No META-INF/validation.xml found. Using annotation based configuration only.
18:38:21.700 [Test worker] DEBUG org.hibernate.validator.internal.engine.ValidatorFactoryImpl - HV000234: Using org.springframework.validation.beanvalidation.LocaleContextMessageInterpolator as ValidatorFactory-scoped message interpolator.
18:38:21.700 [Test worker] DEBUG org.hibernate.validator.internal.engine.ValidatorFactoryImpl - HV000234: Using org.hibernate.validator.internal.engine.resolver.JPATraversableResolver as ValidatorFactory-scoped traversable resolver.
18:38:21.700 [Test worker] DEBUG org.hibernate.validator.internal.engine.ValidatorFactoryImpl - HV000234: Using org.hibernate.validator.internal.util.ExecutableParameterNameProvider as ValidatorFactory-scoped parameter name provider.
18:38:21.700 [Test worker] DEBUG org.hibernate.validator.internal.engine.ValidatorFactoryImpl - HV000234: Using org.hibernate.validator.internal.engine.DefaultClockProvider as ValidatorFactory-scoped clock provider.
18:38:21.700 [Test worker] DEBUG org.hibernate.validator.internal.engine.ValidatorFactoryImpl - HV000234: Using org.hibernate.validator.internal.engine.scripting.DefaultScriptEvaluatorFactory as ValidatorFactory-scoped script evaluator factory.
18:38:21.702 [Test worker] DEBUG org.springframework.beans.factory.support.DefaultListableBeanFactory - Creating shared instance of singleton bean 'org.springframework.boot.autoconfigure.security.oauth2.client.OAuth2RestOperationsConfiguration$SingletonScopedConfiguration'
18:38:21.703 [Test worker] DEBUG org.springframework.beans.factory.support.DefaultListableBeanFactory - Creating shared instance of singleton bean 'oauth2RemoteResource'
18:38:21.707 [Test worker] DEBUG org.springframework.beans.factory.support.DefaultListableBeanFactory - Creating shared instance of singleton bean 'oauth2ClientContext'
18:38:21.709 [Test worker] DEBUG org.springframework.beans.factory.support.DefaultListableBeanFactory - Creating shared instance of singleton bean 'org.springframework.boot.autoconfigure.security.oauth2.client.OAuth2RestOperationsConfiguration'
18:38:21.709 [Test worker] DEBUG org.springframework.beans.factory.support.DefaultListableBeanFactory - Creating shared instance of singleton bean 'org.springframework.boot.autoconfigure.security.oauth2.OAuth2AutoConfiguration'
18:38:21.710 [Test worker] DEBUG org.springframework.core.LocalVariableTableParameterNameDiscoverer - Cannot find '.class' file for class [class org.springframework.boot.autoconfigure.security.oauth2.OAuth2AutoConfiguration$$EnhancerBySpringCGLIB$$4f308aaf] - unable to determine constructor/method parameter names
18:38:21.711 [Test worker] DEBUG org.springframework.beans.factory.support.DefaultListableBeanFactory - Creating shared instance of singleton bean 'security.oauth2.client-org.springframework.boot.autoconfigure.security.oauth2.OAuth2ClientProperties'
18:38:21.712 [Test worker] DEBUG org.springframework.beans.factory.support.DefaultListableBeanFactory - Autowiring by type from bean name 'org.springframework.boot.autoconfigure.security.oauth2.OAuth2AutoConfiguration' via constructor to bean named 'security.oauth2.client-org.springframework.boot.autoconfigure.security.oauth2.OAuth2ClientProperties'
18:38:21.712 [Test worker] DEBUG org.springframework.beans.factory.support.DefaultListableBeanFactory - Creating shared instance of singleton bean 'resourceServerProperties'
18:38:21.719 [Test worker] DEBUG org.springframework.beans.factory.support.DefaultListableBeanFactory - Creating shared instance of singleton bean 'org.springframework.boot.autoconfigure.jmx.JmxAutoConfiguration'
18:38:21.723 [Test worker] DEBUG org.springframework.beans.factory.support.DefaultListableBeanFactory - Creating shared instance of singleton bean 'mbeanExporter'
18:38:21.724 [Test worker] DEBUG org.springframework.beans.factory.support.DefaultListableBeanFactory - Creating shared instance of singleton bean 'objectNamingStrategy'
18:38:21.727 [Test worker] DEBUG org.springframework.beans.factory.support.DefaultListableBeanFactory - Autowiring by type from bean name 'mbeanExporter' via factory method to bean named 'objectNamingStrategy'
18:38:21.733 [Test worker] DEBUG org.springframework.beans.factory.support.DefaultListableBeanFactory - Creating shared instance of singleton bean 'mbeanServer'
18:38:21.829 [Test worker] DEBUG org.springframework.jmx.support.JmxUtils - Found MBeanServer: com.sun.jmx.mbeanserver.JmxMBeanServer@63db5e66
18:38:21.836 [Test worker] DEBUG org.springframework.beans.factory.support.DefaultListableBeanFactory - Creating shared instance of singleton bean 'org.springframework.boot.autoconfigure.aop.AopAutoConfiguration$CglibAutoProxyConfiguration'
18:38:21.837 [Test worker] DEBUG org.springframework.beans.factory.support.DefaultListableBeanFactory - Creating shared instance of singleton bean 'org.springframework.boot.autoconfigure.aop.AopAutoConfiguration'
18:38:21.837 [Test worker] DEBUG org.springframework.beans.factory.support.DefaultListableBeanFactory - Creating shared instance of singleton bean 'org.springframework.boot.autoconfigure.transaction.jta.JtaAutoConfiguration'
18:38:21.838 [Test worker] DEBUG org.springframework.beans.factory.support.DefaultListableBeanFactory - Creating shared instance of singleton bean 'org.springframework.boot.autoconfigure.jdbc.DataSourceJmxConfiguration$Hikari'
18:38:21.839 [Test worker] DEBUG org.springframework.core.LocalVariableTableParameterNameDiscoverer - Cannot find '.class' file for class [class org.springframework.boot.autoconfigure.jdbc.DataSourceJmxConfiguration$Hikari$$EnhancerBySpringCGLIB$$818b3019] - unable to determine constructor/method parameter names
18:38:21.839 [Test worker] DEBUG org.springframework.beans.factory.support.DefaultListableBeanFactory - Autowiring by type from bean name 'org.springframework.boot.autoconfigure.jdbc.DataSourceJmxConfiguration$Hikari' via constructor to bean named 'dataSource'
18:38:21.840 [Test worker] DEBUG org.springframework.beans.factory.support.DefaultListableBeanFactory - Creating shared instance of singleton bean 'org.springframework.boot.autoconfigure.jdbc.DataSourceJmxConfiguration'
18:38:21.841 [Test worker] DEBUG org.springframework.beans.factory.support.DefaultListableBeanFactory - Creating shared instance of singleton bean 'org.springframework.boot.autoconfigure.jdbc.DataSourceAutoConfiguration$PooledDataSourceConfiguration'
18:38:21.842 [Test worker] DEBUG org.springframework.beans.factory.support.DefaultListableBeanFactory - Creating shared instance of singleton bean 'org.springframework.boot.autoconfigure.jdbc.metadata.DataSourcePoolMetadataProvidersConfiguration'
18:38:21.842 [Test worker] DEBUG org.springframework.beans.factory.support.DefaultListableBeanFactory - Creating shared instance of singleton bean 'org.springframework.boot.autoconfigure.jdbc.DataSourceInitializationConfiguration'
18:38:21.842 [Test worker] DEBUG org.springframework.beans.factory.support.DefaultListableBeanFactory - Creating shared instance of singleton bean 'org.springframework.boot.autoconfigure.jdbc.DataSourceAutoConfiguration'
18:38:21.843 [Test worker] DEBUG org.springframework.beans.factory.support.DefaultListableBeanFactory - Creating shared instance of singleton bean 'transactionManager'
18:38:21.854 [Test worker] DEBUG org.springframework.beans.factory.support.DefaultListableBeanFactory - Creating shared instance of singleton bean 'org.springframework.boot.autoconfigure.orm.jpa.HibernateJpaAutoConfiguration'
18:38:21.855 [Test worker] DEBUG org.springframework.beans.factory.support.DefaultListableBeanFactory - Creating shared instance of singleton bean 'org.springframework.boot.autoconfigure.context.ConfigurationPropertiesAutoConfiguration'
18:38:21.855 [Test worker] DEBUG org.springframework.beans.factory.support.DefaultListableBeanFactory - Creating shared instance of singleton bean 'org.springframework.boot.autoconfigure.dao.PersistenceExceptionTranslationAutoConfiguration'
18:38:21.856 [Test worker] DEBUG org.springframework.beans.factory.support.DefaultListableBeanFactory - Creating shared instance of singleton bean 'org.springframework.boot.autoconfigure.data.jpa.JpaRepositoriesAutoConfiguration'
18:38:21.856 [Test worker] DEBUG org.springframework.beans.factory.support.DefaultListableBeanFactory - Creating shared instance of singleton bean 'org.springframework.data.jpa.util.JpaMetamodelCacheCleanup'
18:38:21.857 [Test worker] DEBUG org.springframework.beans.factory.support.DefaultListableBeanFactory - Creating shared instance of singleton bean 'org.springframework.data.jpa.repository.support.JpaEvaluationContextExtension'
18:38:21.858 [Test worker] DEBUG org.springframework.beans.factory.support.DefaultListableBeanFactory - Creating shared instance of singleton bean 'certificateRepository'
18:38:21.894 [Test worker] DEBUG org.springframework.beans.factory.support.DefaultListableBeanFactory - Creating shared instance of singleton bean 'jpaMappingContext'
18:38:21.895 [Test worker] DEBUG org.springframework.data.jpa.repository.config.JpaMetamodelMappingContextFactoryBean - Initializing JpaMetamodelMappingContext…
18:38:21.905 [Test worker] DEBUG org.springframework.data.jpa.repository.config.JpaMetamodelMappingContextFactoryBean - Finished initializing JpaMetamodelMappingContext!
18:38:21.915 [Test worker] DEBUG org.springframework.orm.jpa.SharedEntityManagerCreator$SharedEntityManagerInvocationHandler - Creating new EntityManager for shared EntityManager invocation
18:38:21.975 [Test worker] DEBUG org.hibernate.stat.internal.StatisticsInitiator - Statistics initialized [enabled=false]
18:38:21.982 [Test worker] DEBUG org.springframework.orm.jpa.SharedEntityManagerCreator$SharedEntityManagerInvocationHandler - Creating new EntityManager for shared EntityManager invocation
18:38:22.066 [Test worker] DEBUG org.springframework.data.repository.core.support.RepositoryFactorySupport - Initializing repository instance for com.epam.esm.repository.jpa.CertificateRepository…
18:38:22.082 [Test worker] DEBUG org.springframework.orm.jpa.SharedEntityManagerCreator$SharedEntityManagerInvocationHandler - Creating new EntityManager for shared EntityManager invocation
18:38:22.111 [Test worker] DEBUG org.springframework.orm.jpa.SharedEntityManagerCreator$SharedEntityManagerInvocationHandler - Creating new EntityManager for shared EntityManager invocation
18:38:22.128 [Test worker] DEBUG org.springframework.data.jpa.repository.query.JpaQueryFactory - Looking up query for method findByTagsId
18:38:22.131 [Test worker] DEBUG org.springframework.data.jpa.repository.query.NamedQuery - Looking up named query GiftCertificate.findByTagsId
18:38:22.132 [Test worker] DEBUG org.hibernate.engine.transaction.internal.TransactionImpl - On TransactionImpl creation, JpaCompliance#isJpaTransactionComplianceEnabled == false
18:38:22.133 [Test worker] DEBUG org.springframework.data.jpa.repository.query.NamedQuery - Did not find named query GiftCertificate.findByTagsId
18:38:22.135 [Test worker] DEBUG org.springframework.orm.jpa.SharedEntityManagerCreator$SharedEntityManagerInvocationHandler - Creating new EntityManager for shared EntityManager invocation
18:38:22.200 [Test worker] DEBUG org.springframework.data.jpa.repository.query.JpaQueryFactory - Looking up query for method findByName
18:38:22.201 [Test worker] DEBUG org.springframework.data.jpa.repository.query.NamedQuery - Looking up named query GiftCertificate.findByName
18:38:22.201 [Test worker] DEBUG org.hibernate.engine.transaction.internal.TransactionImpl - On TransactionImpl creation, JpaCompliance#isJpaTransactionComplianceEnabled == false
18:38:22.201 [Test worker] DEBUG org.springframework.data.jpa.repository.query.NamedQuery - Did not find named query GiftCertificate.findByName
18:38:22.201 [Test worker] DEBUG org.springframework.orm.jpa.SharedEntityManagerCreator$SharedEntityManagerInvocationHandler - Creating new EntityManager for shared EntityManager invocation
18:38:22.212 [Test worker] DEBUG org.springframework.data.jpa.repository.query.JpaQueryFactory - Looking up query for method deleteLink
18:38:22.213 [Test worker] DEBUG org.springframework.orm.jpa.SharedEntityManagerCreator$SharedEntityManagerInvocationHandler - Creating new EntityManager for shared EntityManager invocation
18:38:22.222 [Test worker] DEBUG org.springframework.data.repository.core.support.RepositoryFactorySupport - Finished creation of repository instance for com.epam.esm.repository.jpa.CertificateRepository.
18:38:22.224 [Test worker] DEBUG org.springframework.beans.factory.support.DefaultListableBeanFactory - Creating shared instance of singleton bean 'orderRepository'
18:38:22.231 [Test worker] DEBUG org.springframework.orm.jpa.SharedEntityManagerCreator$SharedEntityManagerInvocationHandler - Creating new EntityManager for shared EntityManager invocation
18:38:22.232 [Test worker] DEBUG org.springframework.data.repository.core.support.RepositoryFactorySupport - Initializing repository instance for com.epam.esm.repository.jpa.OrderRepository…
18:38:22.234 [Test worker] DEBUG org.springframework.orm.jpa.SharedEntityManagerCreator$SharedEntityManagerInvocationHandler - Creating new EntityManager for shared EntityManager invocation
18:38:22.235 [Test worker] DEBUG org.springframework.orm.jpa.SharedEntityManagerCreator$SharedEntityManagerInvocationHandler - Creating new EntityManager for shared EntityManager invocation
18:38:22.242 [Test worker] DEBUG org.springframework.data.repository.core.support.RepositoryFactorySupport - Finished creation of repository instance for com.epam.esm.repository.jpa.OrderRepository.
18:38:22.242 [Test worker] DEBUG org.springframework.beans.factory.support.DefaultListableBeanFactory - Creating shared instance of singleton bean 'userRepository'
18:38:22.252 [Test worker] DEBUG org.springframework.orm.jpa.SharedEntityManagerCreator$SharedEntityManagerInvocationHandler - Creating new EntityManager for shared EntityManager invocation
18:38:22.252 [Test worker] DEBUG org.springframework.data.repository.core.support.RepositoryFactorySupport - Initializing repository instance for com.epam.esm.repository.jpa.UserRepository…
18:38:22.255 [Test worker] DEBUG org.springframework.orm.jpa.SharedEntityManagerCreator$SharedEntityManagerInvocationHandler - Creating new EntityManager for shared EntityManager invocation
18:38:22.256 [Test worker] DEBUG org.springframework.orm.jpa.SharedEntityManagerCreator$SharedEntityManagerInvocationHandler - Creating new EntityManager for shared EntityManager invocation
18:38:22.258 [Test worker] DEBUG org.springframework.data.jpa.repository.query.JpaQueryFactory - Looking up query for method findByEmail
18:38:22.258 [Test worker] DEBUG org.springframework.data.jpa.repository.query.NamedQuery - Looking up named query User.findByEmail
18:38:22.259 [Test worker] DEBUG org.hibernate.engine.transaction.internal.TransactionImpl - On TransactionImpl creation, JpaCompliance#isJpaTransactionComplianceEnabled == false
18:38:22.259 [Test worker] DEBUG org.springframework.data.jpa.repository.query.NamedQuery - Did not find named query User.findByEmail
18:38:22.260 [Test worker] DEBUG org.springframework.orm.jpa.SharedEntityManagerCreator$SharedEntityManagerInvocationHandler - Creating new EntityManager for shared EntityManager invocation
18:38:22.269 [Test worker] DEBUG org.springframework.data.repository.core.support.RepositoryFactorySupport - Finished creation of repository instance for com.epam.esm.repository.jpa.UserRepository.
18:38:22.269 [Test worker] DEBUG org.springframework.beans.factory.support.DefaultListableBeanFactory - Creating shared instance of singleton bean 'tagRepository'
18:38:22.274 [Test worker] DEBUG org.springframework.orm.jpa.SharedEntityManagerCreator$SharedEntityManagerInvocationHandler - Creating new EntityManager for shared EntityManager invocation
18:38:22.275 [Test worker] DEBUG org.springframework.data.repository.core.support.RepositoryFactorySupport - Initializing repository instance for com.epam.esm.repository.jpa.TagRepository…
18:38:22.277 [Test worker] DEBUG org.springframework.orm.jpa.SharedEntityManagerCreator$SharedEntityManagerInvocationHandler - Creating new EntityManager for shared EntityManager invocation
18:38:22.278 [Test worker] DEBUG org.springframework.orm.jpa.SharedEntityManagerCreator$SharedEntityManagerInvocationHandler - Creating new EntityManager for shared EntityManager invocation
18:38:22.280 [Test worker] DEBUG org.springframework.data.jpa.repository.query.JpaQueryFactory - Looking up query for method findByTitle
18:38:22.281 [Test worker] DEBUG org.springframework.data.jpa.repository.query.NamedQuery - Looking up named query Tag.findByTitle
18:38:22.281 [Test worker] DEBUG org.hibernate.engine.transaction.internal.TransactionImpl - On TransactionImpl creation, JpaCompliance#isJpaTransactionComplianceEnabled == false
18:38:22.281 [Test worker] DEBUG org.springframework.data.jpa.repository.query.NamedQuery - Did not find named query Tag.findByTitle
18:38:22.281 [Test worker] DEBUG org.springframework.orm.jpa.SharedEntityManagerCreator$SharedEntityManagerInvocationHandler - Creating new EntityManager for shared EntityManager invocation
18:38:22.284 [Test worker] DEBUG org.springframework.data.jpa.repository.query.JpaQueryFactory - Looking up query for method findTagsByCertificate
18:38:22.284 [Test worker] DEBUG org.springframework.orm.jpa.SharedEntityManagerCreator$SharedEntityManagerInvocationHandler - Creating new EntityManager for shared EntityManager invocation
18:38:22.287 [Test worker] DEBUG org.springframework.data.jpa.repository.query.JpaQueryFactory - Looking up query for method existsByTitle
18:38:22.287 [Test worker] DEBUG org.springframework.data.jpa.repository.query.NamedQuery - Looking up named query Tag.existsByTitle
18:38:22.288 [Test worker] DEBUG org.hibernate.engine.transaction.internal.TransactionImpl - On TransactionImpl creation, JpaCompliance#isJpaTransactionComplianceEnabled == false
18:38:22.288 [Test worker] DEBUG org.springframework.data.jpa.repository.query.NamedQuery - Did not find named query Tag.existsByTitle
18:38:22.288 [Test worker] DEBUG org.springframework.orm.jpa.SharedEntityManagerCreator$SharedEntityManagerInvocationHandler - Creating new EntityManager for shared EntityManager invocation
18:38:22.296 [Test worker] DEBUG org.springframework.data.repository.core.support.RepositoryFactorySupport - Finished creation of repository instance for com.epam.esm.repository.jpa.TagRepository.
18:38:22.296 [Test worker] DEBUG org.springframework.beans.factory.support.DefaultListableBeanFactory - Creating shared instance of singleton bean 'org.springframework.boot.autoconfigure.jackson.JacksonAutoConfiguration$Jackson2ObjectMapperBuilderCustomizerConfiguration'
18:38:22.297 [Test worker] DEBUG org.springframework.beans.factory.support.DefaultListableBeanFactory - Creating shared instance of singleton bean 'standardJacksonObjectMapperBuilderCustomizer'
18:38:22.298 [Test worker] DEBUG org.springframework.beans.factory.support.DefaultListableBeanFactory - Creating shared instance of singleton bean 'spring.jackson-org.springframework.boot.autoconfigure.jackson.JacksonProperties'
18:38:22.303 [Test worker] DEBUG org.springframework.beans.factory.support.DefaultListableBeanFactory - Autowiring by type from bean name 'standardJacksonObjectMapperBuilderCustomizer' via factory method to bean named 'org.springframework.context.support.GenericApplicationContext@3f452afd'
18:38:22.303 [Test worker] DEBUG org.springframework.beans.factory.support.DefaultListableBeanFactory - Autowiring by type from bean name 'standardJacksonObjectMapperBuilderCustomizer' via factory method to bean named 'spring.jackson-org.springframework.boot.autoconfigure.jackson.JacksonProperties'
18:38:22.306 [Test worker] DEBUG org.springframework.beans.factory.support.DefaultListableBeanFactory - Creating shared instance of singleton bean 'org.springframework.boot.autoconfigure.jackson.JacksonAutoConfiguration$JacksonObjectMapperBuilderConfiguration'
18:38:22.307 [Test worker] DEBUG org.springframework.core.LocalVariableTableParameterNameDiscoverer - Cannot find '.class' file for class [class org.springframework.boot.autoconfigure.jackson.JacksonAutoConfiguration$JacksonObjectMapperBuilderConfiguration$$EnhancerBySpringCGLIB$$a5c71059] - unable to determine constructor/method parameter names
18:38:22.307 [Test worker] DEBUG org.springframework.beans.factory.support.DefaultListableBeanFactory - Autowiring by type from bean name 'org.springframework.boot.autoconfigure.jackson.JacksonAutoConfiguration$JacksonObjectMapperBuilderConfiguration' via constructor to bean named 'org.springframework.context.support.GenericApplicationContext@3f452afd'
18:38:22.308 [Test worker] DEBUG org.springframework.beans.factory.support.DefaultListableBeanFactory - Creating shared instance of singleton bean 'jacksonObjectMapperBuilder'
18:38:22.309 [Test worker] DEBUG org.springframework.beans.factory.support.DefaultListableBeanFactory - Autowiring by type from bean name 'jacksonObjectMapperBuilder' via factory method to bean named 'standardJacksonObjectMapperBuilderCustomizer'
18:38:22.320 [Test worker] DEBUG org.springframework.beans.factory.support.DefaultListableBeanFactory - Creating shared instance of singleton bean 'parameterNamesModule'
18:38:22.320 [Test worker] DEBUG org.springframework.beans.factory.support.DefaultListableBeanFactory - Creating shared instance of singleton bean 'org.springframework.boot.autoconfigure.jackson.JacksonAutoConfiguration$ParameterNamesModuleConfiguration'
18:38:22.336 [Test worker] DEBUG org.springframework.beans.factory.support.DefaultListableBeanFactory - Creating shared instance of singleton bean 'jsonComponentModule'
18:38:22.337 [Test worker] DEBUG org.springframework.beans.factory.support.DefaultListableBeanFactory - Creating shared instance of singleton bean 'org.springframework.boot.autoconfigure.jackson.JacksonAutoConfiguration'
18:38:22.348 [Test worker] DEBUG org.springframework.beans.factory.support.DefaultListableBeanFactory - Creating shared instance of singleton bean 'org.springframework.boot.autoconfigure.jackson.JacksonAutoConfiguration$JacksonObjectMapperConfiguration'
18:38:22.349 [Test worker] DEBUG org.springframework.beans.factory.support.DefaultListableBeanFactory - Creating shared instance of singleton bean 'jacksonObjectMapper'
18:38:22.349 [Test worker] DEBUG org.springframework.beans.factory.support.DefaultListableBeanFactory - Autowiring by type from bean name 'jacksonObjectMapper' via factory method to bean named 'jacksonObjectMapperBuilder'
18:38:22.536 [Test worker] DEBUG org.springframework.beans.factory.support.DefaultListableBeanFactory - Creating shared instance of singleton bean 'org.springframework.boot.autoconfigure.http.HttpMessageConvertersAutoConfiguration$StringHttpMessageConverterConfiguration'
18:38:22.537 [Test worker] DEBUG org.springframework.core.LocalVariableTableParameterNameDiscoverer - Cannot find '.class' file for class [class org.springframework.boot.autoconfigure.http.HttpMessageConvertersAutoConfiguration$StringHttpMessageConverterConfiguration$$EnhancerBySpringCGLIB$$e52860e3] - unable to determine constructor/method parameter names
18:38:22.537 [Test worker] DEBUG org.springframework.beans.factory.support.DefaultListableBeanFactory - Creating shared instance of singleton bean 'spring.http-org.springframework.boot.autoconfigure.http.HttpProperties'
18:38:22.538 [Test worker] DEBUG org.springframework.beans.factory.support.DefaultListableBeanFactory - Autowiring by type from bean name 'org.springframework.boot.autoconfigure.http.HttpMessageConvertersAutoConfiguration$StringHttpMessageConverterConfiguration' via constructor to bean named 'spring.http-org.springframework.boot.autoconfigure.http.HttpProperties'
18:38:22.539 [Test worker] DEBUG org.springframework.beans.factory.support.DefaultListableBeanFactory - Creating shared instance of singleton bean 'stringHttpMessageConverter'
18:38:22.549 [Test worker] DEBUG org.springframework.beans.factory.support.DefaultListableBeanFactory - Creating shared instance of singleton bean 'org.springframework.boot.autoconfigure.http.JacksonHttpMessageConvertersConfiguration$MappingJackson2HttpMessageConverterConfiguration'
18:38:22.549 [Test worker] DEBUG org.springframework.beans.factory.support.DefaultListableBeanFactory - Creating shared instance of singleton bean 'mappingJackson2HttpMessageConverter'
18:38:22.550 [Test worker] DEBUG org.springframework.beans.factory.support.DefaultListableBeanFactory - Autowiring by type from bean name 'mappingJackson2HttpMessageConverter' via factory method to bean named 'jacksonObjectMapper'
18:38:22.556 [Test worker] DEBUG org.springframework.beans.factory.support.DefaultListableBeanFactory - Creating shared instance of singleton bean 'org.springframework.boot.autoconfigure.http.JacksonHttpMessageConvertersConfiguration'
18:38:22.557 [Test worker] DEBUG org.springframework.beans.factory.support.DefaultListableBeanFactory - Creating shared instance of singleton bean 'org.springframework.boot.autoconfigure.http.HttpMessageConvertersAutoConfiguration'
18:38:22.557 [Test worker] DEBUG org.springframework.core.LocalVariableTableParameterNameDiscoverer - Cannot find '.class' file for class [class org.springframework.boot.autoconfigure.http.HttpMessageConvertersAutoConfiguration$$EnhancerBySpringCGLIB$$b21a9a43] - unable to determine constructor/method parameter names
18:38:22.559 [Test worker] DEBUG org.springframework.beans.factory.support.DefaultListableBeanFactory - Creating shared instance of singleton bean 'messageConverters'
18:38:22.588 [Test worker] DEBUG org.springframework.beans.factory.support.DefaultListableBeanFactory - Creating shared instance of singleton bean 'org.springframework.boot.autoconfigure.http.codec.CodecsAutoConfiguration$LoggingCodecConfiguration'
18:38:22.589 [Test worker] DEBUG org.springframework.beans.factory.support.DefaultListableBeanFactory - Creating shared instance of singleton bean 'loggingCodecCustomizer'
18:38:22.589 [Test worker] DEBUG org.springframework.beans.factory.support.DefaultListableBeanFactory - Autowiring by type from bean name 'loggingCodecCustomizer' via factory method to bean named 'spring.http-org.springframework.boot.autoconfigure.http.HttpProperties'
18:38:22.592 [Test worker] DEBUG org.springframework.beans.factory.support.DefaultListableBeanFactory - Creating shared instance of singleton bean 'org.springframework.boot.autoconfigure.http.codec.CodecsAutoConfiguration$JacksonCodecConfiguration'
18:38:22.593 [Test worker] DEBUG org.springframework.beans.factory.support.DefaultListableBeanFactory - Creating shared instance of singleton bean 'jacksonCodecCustomizer'
18:38:22.593 [Test worker] DEBUG org.springframework.beans.factory.support.DefaultListableBeanFactory - Autowiring by type from bean name 'jacksonCodecCustomizer' via factory method to bean named 'jacksonObjectMapper'
18:38:22.596 [Test worker] DEBUG org.springframework.beans.factory.support.DefaultListableBeanFactory - Creating shared instance of singleton bean 'org.springframework.boot.autoconfigure.http.codec.CodecsAutoConfiguration'
18:38:22.596 [Test worker] DEBUG org.springframework.beans.factory.support.DefaultListableBeanFactory - Creating shared instance of singleton bean 'org.springframework.boot.autoconfigure.info.ProjectInfoAutoConfiguration'
18:38:22.597 [Test worker] DEBUG org.springframework.core.LocalVariableTableParameterNameDiscoverer - Cannot find '.class' file for class [class org.springframework.boot.autoconfigure.info.ProjectInfoAutoConfiguration$$EnhancerBySpringCGLIB$$d3e0dbc8] - unable to determine constructor/method parameter names
18:38:22.597 [Test worker] DEBUG org.springframework.beans.factory.support.DefaultListableBeanFactory - Creating shared instance of singleton bean 'spring.info-org.springframework.boot.autoconfigure.info.ProjectInfoProperties'
18:38:22.598 [Test worker] DEBUG org.springframework.beans.factory.support.DefaultListableBeanFactory - Autowiring by type from bean name 'org.springframework.boot.autoconfigure.info.ProjectInfoAutoConfiguration' via constructor to bean named 'spring.info-org.springframework.boot.autoconfigure.info.ProjectInfoProperties'
18:38:22.599 [Test worker] DEBUG org.springframework.beans.factory.support.DefaultListableBeanFactory - Creating shared instance of singleton bean 'org.springframework.boot.autoconfigure.jdbc.JdbcTemplateAutoConfiguration$JdbcTemplateConfiguration'
18:38:22.599 [Test worker] DEBUG org.springframework.core.LocalVariableTableParameterNameDiscoverer - Cannot find '.class' file for class [class org.springframework.boot.autoconfigure.jdbc.JdbcTemplateAutoConfiguration$JdbcTemplateConfiguration$$EnhancerBySpringCGLIB$$b071fd1c] - unable to determine constructor/method parameter names
18:38:22.600 [Test worker] DEBUG org.springframework.beans.factory.support.DefaultListableBeanFactory - Creating shared instance of singleton bean 'spring.jdbc-org.springframework.boot.autoconfigure.jdbc.JdbcProperties'
18:38:22.601 [Test worker] DEBUG org.springframework.beans.factory.support.DefaultListableBeanFactory - Autowiring by type from bean name 'org.springframework.boot.autoconfigure.jdbc.JdbcTemplateAutoConfiguration$JdbcTemplateConfiguration' via constructor to bean named 'dataSource'
18:38:22.601 [Test worker] DEBUG org.springframework.beans.factory.support.DefaultListableBeanFactory - Autowiring by type from bean name 'org.springframework.boot.autoconfigure.jdbc.JdbcTemplateAutoConfiguration$JdbcTemplateConfiguration' via constructor to bean named 'spring.jdbc-org.springframework.boot.autoconfigure.jdbc.JdbcProperties'
18:38:22.601 [Test worker] DEBUG org.springframework.beans.factory.support.DefaultListableBeanFactory - Creating shared instance of singleton bean 'jdbcTemplate'
18:38:22.610 [Test worker] DEBUG org.springframework.beans.factory.support.DefaultListableBeanFactory - Creating shared instance of singleton bean 'org.springframework.boot.autoconfigure.jdbc.JdbcTemplateAutoConfiguration$NamedParameterJdbcTemplateConfiguration'
18:38:22.611 [Test worker] DEBUG org.springframework.beans.factory.support.DefaultListableBeanFactory - Creating shared instance of singleton bean 'namedParameterJdbcTemplate'
18:38:22.612 [Test worker] DEBUG org.springframework.beans.factory.support.DefaultListableBeanFactory - Autowiring by type from bean name 'namedParameterJdbcTemplate' via factory method to bean named 'jdbcTemplate'
18:38:22.617 [Test worker] DEBUG org.springframework.beans.factory.support.DefaultListableBeanFactory - Creating shared instance of singleton bean 'org.springframework.boot.autoconfigure.jdbc.JdbcTemplateAutoConfiguration'
18:38:22.618 [Test worker] DEBUG org.springframework.beans.factory.support.DefaultListableBeanFactory - Creating shared instance of singleton bean 'org.springframework.boot.autoconfigure.security.servlet.SecurityAutoConfiguration'
18:38:22.619 [Test worker] DEBUG org.springframework.beans.factory.support.DefaultListableBeanFactory - Creating shared instance of singleton bean 'authenticationEventPublisher'
18:38:22.619 [Test worker] DEBUG org.springframework.beans.factory.support.DefaultListableBeanFactory - Autowiring by type from bean name 'authenticationEventPublisher' via factory method to bean named 'org.springframework.context.support.GenericApplicationContext@3f452afd'
18:38:22.626 [Test worker] DEBUG org.springframework.beans.factory.support.DefaultListableBeanFactory - Creating shared instance of singleton bean 'spring.security-org.springframework.boot.autoconfigure.security.SecurityProperties'
18:38:22.627 [Test worker] DEBUG org.springframework.beans.factory.support.DefaultListableBeanFactory - Creating shared instance of singleton bean 'org.springframework.boot.autoconfigure.task.TaskSchedulingAutoConfiguration'
18:38:22.628 [Test worker] DEBUG org.springframework.beans.factory.support.DefaultListableBeanFactory - Creating shared instance of singleton bean 'taskSchedulerBuilder'
18:38:22.628 [Test worker] DEBUG org.springframework.beans.factory.support.DefaultListableBeanFactory - Creating shared instance of singleton bean 'spring.task.scheduling-org.springframework.boot.autoconfigure.task.TaskSchedulingProperties'
18:38:22.629 [Test worker] DEBUG org.springframework.beans.factory.support.DefaultListableBeanFactory - Autowiring by type from bean name 'taskSchedulerBuilder' via factory method to bean named 'spring.task.scheduling-org.springframework.boot.autoconfigure.task.TaskSchedulingProperties'
18:38:22.633 [Test worker] DEBUG org.springframework.beans.factory.support.DefaultListableBeanFactory - Creating shared instance of singleton bean 'org.springframework.boot.autoconfigure.jdbc.DataSourceTransactionManagerAutoConfiguration$DataSourceTransactionManagerConfiguration'
18:38:22.633 [Test worker] DEBUG org.springframework.core.LocalVariableTableParameterNameDiscoverer - Cannot find '.class' file for class [class org.springframework.boot.autoconfigure.jdbc.DataSourceTransactionManagerAutoConfiguration$DataSourceTransactionManagerConfiguration$$EnhancerBySpringCGLIB$$44e7671e] - unable to determine constructor/method parameter names
18:38:22.633 [Test worker] DEBUG org.springframework.beans.factory.support.DefaultListableBeanFactory - Autowiring by type from bean name 'org.springframework.boot.autoconfigure.jdbc.DataSourceTransactionManagerAutoConfiguration$DataSourceTransactionManagerConfiguration' via constructor to bean named 'dataSource'
18:38:22.634 [Test worker] DEBUG org.springframework.beans.factory.support.DefaultListableBeanFactory - Creating shared instance of singleton bean 'org.springframework.boot.autoconfigure.jdbc.DataSourceTransactionManagerAutoConfiguration'
18:38:22.635 [Test worker] DEBUG org.springframework.beans.factory.support.DefaultListableBeanFactory - Creating shared instance of singleton bean 'org.springframework.boot.autoconfigure.transaction.TransactionAutoConfiguration$EnableTransactionManagementConfiguration$CglibAutoProxyConfiguration'
18:38:22.636 [Test worker] DEBUG org.springframework.beans.factory.support.DefaultListableBeanFactory - Creating shared instance of singleton bean 'org.springframework.boot.autoconfigure.transaction.TransactionAutoConfiguration$EnableTransactionManagementConfiguration'
18:38:22.636 [Test worker] DEBUG org.springframework.beans.factory.support.DefaultListableBeanFactory - Creating shared instance of singleton bean 'org.springframework.boot.autoconfigure.transaction.TransactionAutoConfiguration$TransactionTemplateConfiguration'
18:38:22.637 [Test worker] DEBUG org.springframework.core.LocalVariableTableParameterNameDiscoverer - Cannot find '.class' file for class [class org.springframework.boot.autoconfigure.transaction.TransactionAutoConfiguration$TransactionTemplateConfiguration$$EnhancerBySpringCGLIB$$96712bf1] - unable to determine constructor/method parameter names
18:38:22.637 [Test worker] DEBUG org.springframework.beans.factory.support.DefaultListableBeanFactory - Autowiring by type from bean name 'org.springframework.boot.autoconfigure.transaction.TransactionAutoConfiguration$TransactionTemplateConfiguration' via constructor to bean named 'transactionManager'
18:38:22.638 [Test worker] DEBUG org.springframework.beans.factory.support.DefaultListableBeanFactory - Creating shared instance of singleton bean 'transactionTemplate'
18:38:22.641 [Test worker] DEBUG org.springframework.beans.factory.support.DefaultListableBeanFactory - Creating shared instance of singleton bean 'org.springframework.boot.autoconfigure.web.client.RestTemplateAutoConfiguration'
18:38:22.642 [Test worker] DEBUG org.springframework.core.LocalVariableTableParameterNameDiscoverer - Cannot find '.class' file for class [class org.springframework.boot.autoconfigure.web.client.RestTemplateAutoConfiguration$$EnhancerBySpringCGLIB$$32fcc830] - unable to determine constructor/method parameter names
18:38:22.643 [Test worker] DEBUG org.springframework.beans.factory.support.DefaultListableBeanFactory - Creating shared instance of singleton bean 'restTemplateBuilder'
18:38:22.657 [Test worker] DEBUG org.springframework.jmx.export.annotation.AnnotationMBeanExporter - Registering beans for JMX exposure on startup
18:38:22.657 [Test worker] DEBUG org.springframework.jmx.export.annotation.AnnotationMBeanExporter - Autodetecting user-defined JMX MBeans
18:38:22.658 [Test worker] DEBUG org.springframework.jmx.export.annotation.AnnotationMBeanExporter - Bean with name 'dataSource' has been autodetected for JMX exposure
18:38:22.662 [Test worker] DEBUG org.springframework.jmx.export.annotation.AnnotationMBeanExporter - Located MBean 'dataSource': registering with JMX server as MBean [com.zaxxer.hikari:name=dataSource,type=HikariDataSource]
18:38:22.667 [Test worker] DEBUG org.springframework.test.context.cache.DefaultCacheAwareContextLoaderDelegate - Storing ApplicationContext in cache under key [[MergedContextConfiguration@14e2e713 testClass = EMOrderCertificateRepositoryTest, locations = '{}', classes = '{class com.epam.esm.TestConfig}', contextInitializerClasses = '[]', activeProfiles = '{}', propertySourceLocations = '{}', propertySourceProperties = '{}', contextCustomizers = set[[empty]], contextLoader = 'org.springframework.test.context.support.DelegatingSmartContextLoader', parent = [null]]]
18:38:22.668 [Test worker] DEBUG org.springframework.test.context.cache - Spring test ApplicationContext cache statistics: [DefaultContextCache@4dc3b5a0 size = 1, maxSize = 32, parentContextCount = 0, hitCount = 0, missCount = 1]
18:38:22.674 [Test worker] DEBUG org.springframework.test.context.support.AbstractDirtiesContextTestExecutionListener - Before test method: context [DefaultTestContext@706b1cb5 testClass = EMOrderCertificateRepositoryTest, testInstance = com.epam.esm.repository.EMOrderCertificateRepositoryTest@4ea10ff1, testMethod = save@EMOrderCertificateRepositoryTest, testException = [null], mergedContextConfiguration = [MergedContextConfiguration@14e2e713 testClass = EMOrderCertificateRepositoryTest, locations = '{}', classes = '{class com.epam.esm.TestConfig}', contextInitializerClasses = '[]', activeProfiles = '{}', propertySourceLocations = '{}', propertySourceProperties = '{}', contextCustomizers = set[[empty]], contextLoader = 'org.springframework.test.context.support.DelegatingSmartContextLoader', parent = [null]], attributes = map[[empty]]], class annotated with @DirtiesContext [true] with mode [AFTER_EACH_TEST_METHOD], method annotated with @DirtiesContext [false] with mode [null].
18:38:22.677 [Test worker] DEBUG org.springframework.test.context.transaction.TransactionalTestExecutionListener - Explicit transaction definition [PROPAGATION_REQUIRED,ISOLATION_DEFAULT] found for test context [DefaultTestContext@706b1cb5 testClass = EMOrderCertificateRepositoryTest, testInstance = com.epam.esm.repository.EMOrderCertificateRepositoryTest@4ea10ff1, testMethod = save@EMOrderCertificateRepositoryTest, testException = [null], mergedContextConfiguration = [MergedContextConfiguration@14e2e713 testClass = EMOrderCertificateRepositoryTest, locations = '{}', classes = '{class com.epam.esm.TestConfig}', contextInitializerClasses = '[]', activeProfiles = '{}', propertySourceLocations = '{}', propertySourceProperties = '{}', contextCustomizers = set[[empty]], contextLoader = 'org.springframework.test.context.support.DelegatingSmartContextLoader', parent = [null]], attributes = map[[empty]]]
18:38:22.677 [Test worker] DEBUG org.springframework.test.context.cache.DefaultCacheAwareContextLoaderDelegate - Retrieved ApplicationContext from cache with key [[MergedContextConfiguration@14e2e713 testClass = EMOrderCertificateRepositoryTest, locations = '{}', classes = '{class com.epam.esm.TestConfig}', contextInitializerClasses = '[]', activeProfiles = '{}', propertySourceLocations = '{}', propertySourceProperties = '{}', contextCustomizers = set[[empty]], contextLoader = 'org.springframework.test.context.support.DelegatingSmartContextLoader', parent = [null]]]
18:38:22.677 [Test worker] DEBUG org.springframework.test.context.cache - Spring test ApplicationContext cache statistics: [DefaultContextCache@4dc3b5a0 size = 1, maxSize = 32, parentContextCount = 0, hitCount = 1, missCount = 1]
18:38:22.679 [Test worker] DEBUG org.springframework.test.context.transaction.TransactionalTestExecutionListener - No method-level @Rollback override: using default rollback [true] for test context [DefaultTestContext@706b1cb5 testClass = EMOrderCertificateRepositoryTest, testInstance = com.epam.esm.repository.EMOrderCertificateRepositoryTest@4ea10ff1, testMethod = save@EMOrderCertificateRepositoryTest, testException = [null], mergedContextConfiguration = [MergedContextConfiguration@14e2e713 testClass = EMOrderCertificateRepositoryTest, locations = '{}', classes = '{class com.epam.esm.TestConfig}', contextInitializerClasses = '[]', activeProfiles = '{}', propertySourceLocations = '{}', propertySourceProperties = '{}', contextCustomizers = set[[empty]], contextLoader = 'org.springframework.test.context.support.DelegatingSmartContextLoader', parent = [null]], attributes = map[[empty]]].
18:38:22.681 [Test worker] DEBUG org.springframework.orm.jpa.JpaTransactionManager - Creating new transaction with name [com.epam.esm.repository.EMOrderCertificateRepositoryTest.save]: PROPAGATION_REQUIRED,ISOLATION_DEFAULT
18:38:22.681 [Test worker] DEBUG org.springframework.orm.jpa.JpaTransactionManager - Opened new EntityManager [SessionImpl(444636023<open>)] for JPA transaction
18:38:22.683 [Test worker] DEBUG org.hibernate.engine.transaction.internal.TransactionImpl - On TransactionImpl creation, JpaCompliance#isJpaTransactionComplianceEnabled == false
18:38:22.683 [Test worker] DEBUG org.hibernate.engine.transaction.internal.TransactionImpl - begin
18:38:22.684 [Test worker] DEBUG org.springframework.orm.jpa.JpaTransactionManager - Exposing JPA transaction as JDBC [org.springframework.orm.jpa.vendor.HibernateJpaDialect$HibernateConnectionHandle@6774c427]
18:38:22.684 [Test worker] INFO org.springframework.test.context.transaction.TransactionContext - Began transaction (1) for test context [DefaultTestContext@706b1cb5 testClass = EMOrderCertificateRepositoryTest, testInstance = com.epam.esm.repository.EMOrderCertificateRepositoryTest@4ea10ff1, testMethod = save@EMOrderCertificateRepositoryTest, testException = [null], mergedContextConfiguration = [MergedContextConfiguration@14e2e713 testClass = EMOrderCertificateRepositoryTest, locations = '{}', classes = '{class com.epam.esm.TestConfig}', contextInitializerClasses = '[]', activeProfiles = '{}', propertySourceLocations = '{}', propertySourceProperties = '{}', contextCustomizers = set[[empty]], contextLoader = 'org.springframework.test.context.support.DelegatingSmartContextLoader', parent = [null]], attributes = map[[empty]]]; transaction manager [org.springframework.orm.jpa.JpaTransactionManager@26de5f73]; rollback [true]
18:38:22.689 [Test worker] DEBUG org.springframework.data.repository.core.support.TransactionalRepositoryProxyPostProcessor$CustomAnnotationTransactionAttributeSource - Adding transactional method 'save' with attribute: PROPAGATION_REQUIRED,ISOLATION_DEFAULT
18:38:22.690 [Test worker] DEBUG org.springframework.orm.jpa.JpaTransactionManager - Found thread-bound EntityManager [SessionImpl(444636023<open>)] for JPA transaction
18:38:22.690 [Test worker] DEBUG org.springframework.orm.jpa.JpaTransactionManager - Participating in existing transaction
18:38:22.705 [Test worker] DEBUG org.hibernate.engine.spi.ActionQueue - Executing identity-insert immediately
18:38:22.710 [Test worker] DEBUG org.hibernate.SQL - insert into application_user (id, email, password, refresh_token, role_id) values (null, ?, ?, ?, ?)
18:38:22.721 [Test worker] DEBUG org.hibernate.id.IdentifierGeneratorHelper - Natively generated identity: 1
18:38:22.722 [Test worker] DEBUG org.hibernate.resource.jdbc.internal.ResourceRegistryStandardImpl - HHH000387: ResultSet's statement was not registered
18:38:22.725 [Test worker] DEBUG org.hibernate.engine.spi.ActionQueue - Executing identity-insert immediately
18:38:22.725 [Test worker] DEBUG org.hibernate.SQL - insert into application_order (id, active_status, created_at, user_id) values (null, ?, ?, ?)
18:38:22.727 [Test worker] DEBUG org.hibernate.id.IdentifierGeneratorHelper - Natively generated identity: 1
18:38:22.727 [Test worker] DEBUG org.hibernate.resource.jdbc.internal.ResourceRegistryStandardImpl - HHH000387: ResultSet's statement was not registered
18:38:22.734 [Test worker] DEBUG org.hibernate.engine.spi.ActionQueue - Executing identity-insert immediately
18:38:22.734 [Test worker] DEBUG org.hibernate.SQL - insert into certificate (id, active_status, creation_date, description, expiration_date, modification_date, name, price) values (null, ?, ?, ?, ?, ?, ?, ?)
18:38:22.735 [Test worker] DEBUG org.hibernate.id.IdentifierGeneratorHelper - Natively generated identity: 1
18:38:22.735 [Test worker] DEBUG org.hibernate.resource.jdbc.internal.ResourceRegistryStandardImpl - HHH000387: ResultSet's statement was not registered
18:38:22.739 [Test worker] DEBUG org.hibernate.engine.spi.ActionQueue - Executing identity-insert immediately
18:38:22.739 [Test worker] DEBUG org.hibernate.SQL - insert into order_certificate (id, certificate_id, expiration_date, fixed_price, order_id) values (null, ?, ?, ?, ?)
18:38:22.740 [Test worker] DEBUG org.hibernate.id.IdentifierGeneratorHelper - Natively generated identity: 1
18:38:22.740 [Test worker] DEBUG org.hibernate.resource.jdbc.internal.ResourceRegistryStandardImpl - HHH000387: ResultSet's statement was not registered
18:38:22.740 [Test worker] DEBUG org.hibernate.engine.spi.ActionQueue - Executing identity-insert immediately
18:38:22.741 [Test worker] DEBUG org.hibernate.SQL - insert into order_certificate (id, certificate_id, expiration_date, fixed_price, order_id) values (null, ?, ?, ?, ?)
18:38:22.741 [Test worker] DEBUG org.hibernate.id.IdentifierGeneratorHelper - Natively generated identity: 2
18:38:22.741 [Test worker] DEBUG org.hibernate.resource.jdbc.internal.ResourceRegistryStandardImpl - HHH000387: ResultSet's statement was not registered
18:38:22.744 [Test worker] DEBUG org.springframework.orm.jpa.JpaTransactionManager - Initiating transaction rollback
18:38:22.744 [Test worker] DEBUG org.springframework.orm.jpa.JpaTransactionManager - Rolling back JPA transaction on EntityManager [SessionImpl(444636023<open>)]
18:38:22.744 [Test worker] DEBUG org.hibernate.engine.transaction.internal.TransactionImpl - rolling back
18:38:22.749 [Test worker] DEBUG org.springframework.orm.jpa.JpaTransactionManager - Closing JPA EntityManager [SessionImpl(444636023<open>)] after transaction
18:38:22.749 [Test worker] INFO org.springframework.test.context.transaction.TransactionContext - Rolled back transaction for test context [DefaultTestContext@706b1cb5 testClass = EMOrderCertificateRepositoryTest, testInstance = com.epam.esm.repository.EMOrderCertificateRepositoryTest@4ea10ff1, testMethod = save@EMOrderCertificateRepositoryTest, testException = [null], mergedContextConfiguration = [MergedContextConfiguration@14e2e713 testClass = EMOrderCertificateRepositoryTest, locations = '{}', classes = '{class com.epam.esm.TestConfig}', contextInitializerClasses = '[]', activeProfiles = '{}', propertySourceLocations = '{}', propertySourceProperties = '{}', contextCustomizers = set[[empty]], contextLoader = 'org.springframework.test.context.support.DelegatingSmartContextLoader', parent = [null]], attributes = map[[empty]]].
18:38:22.749 [Test worker] DEBUG org.springframework.test.context.support.AbstractDirtiesContextTestExecutionListener - After test method: context [DefaultTestContext@706b1cb5 testClass = EMOrderCertificateRepositoryTest, testInstance = com.epam.esm.repository.EMOrderCertificateRepositoryTest@4ea10ff1, testMethod = save@EMOrderCertificateRepositoryTest, testException = [null], mergedContextConfiguration = [MergedContextConfiguration@14e2e713 testClass = EMOrderCertificateRepositoryTest, locations = '{}', classes = '{class com.epam.esm.TestConfig}', contextInitializerClasses = '[]', activeProfiles = '{}', propertySourceLocations = '{}', propertySourceProperties = '{}', contextCustomizers = set[[empty]], contextLoader = 'org.springframework.test.context.support.DelegatingSmartContextLoader', parent = [null]], attributes = map[[empty]]], class annotated with @DirtiesContext [true] with mode [AFTER_EACH_TEST_METHOD], method annotated with @DirtiesContext [false] with mode [null].
18:38:22.758 [Test worker] DEBUG org.springframework.context.support.GenericApplicationContext - Closing org.springframework.context.support.GenericApplicationContext@3f452afd, started on Tue Oct 22 18:38:18 MSK 2019
18:38:22.760 [Test worker] DEBUG org.springframework.jmx.export.annotation.AnnotationMBeanExporter - Unregistering JMX-exposed beans on shutdown
18:38:22.761 [Test worker] DEBUG org.springframework.jmx.export.annotation.AnnotationMBeanExporter - Unregistering JMX-exposed beans
18:38:22.763 [Test worker] INFO org.springframework.orm.jpa.LocalContainerEntityManagerFactoryBean - Closing JPA EntityManagerFactory for persistence unit 'default'
18:38:22.763 [Test worker] DEBUG org.hibernate.internal.SessionFactoryImpl - HHH000031: Closing
18:38:22.764 [Test worker] INFO org.hibernate.tool.schema.internal.SchemaDropperImpl$DelayedDropActionImpl - HHH000477: Starting delayed evictData of schema as part of SessionFactory shut-down'
18:38:22.765 [Test worker] DEBUG org.hibernate.SQL - drop table application_order if exists
18:38:22.770 [Test worker] DEBUG org.hibernate.SQL - drop table application_role if exists
18:38:22.771 [Test worker] DEBUG org.hibernate.SQL - drop table application_user if exists
18:38:22.772 [Test worker] DEBUG org.hibernate.SQL - drop table certificate if exists
18:38:22.773 [Test worker] DEBUG org.hibernate.SQL - drop table certificate_tag if exists
18:38:22.774 [Test worker] DEBUG org.hibernate.SQL - drop table entity if exists
18:38:22.776 [Test worker] DEBUG org.hibernate.SQL - drop table order_certificate if exists
18:38:22.776 [Test worker] DEBUG org.hibernate.SQL - drop table tag if exists
18:38:22.778 [Test worker] DEBUG org.hibernate.type.spi.TypeConfiguration$Scope - Un-scoping TypeConfiguration [org.hibernate.type.spi.TypeConfiguration$Scope@2e6b0811] from SessionFactory [org.hibernate.internal.SessionFactoryImpl@6fb7bc27]
18:38:22.779 [Test worker] DEBUG org.hibernate.service.internal.AbstractServiceRegistryImpl - Implicitly destroying ServiceRegistry on de-registration of all child ServiceRegistries
18:38:22.779 [Test worker] DEBUG org.hibernate.boot.registry.internal.BootstrapServiceRegistryImpl - Implicitly destroying Boot-strap registry on de-registration of all child ServiceRegistries
18:38:22.779 [Test worker] INFO com.zaxxer.hikari.HikariDataSource - HikariPool-1 - Shutdown initiated...
18:38:22.780 [Test worker] DEBUG com.zaxxer.hikari.pool.HikariPool - HikariPool-1 - Before shutdown stats (total=10, active=0, idle=10, waiting=0)
18:38:22.781 [HikariPool-1 connection closer] DEBUG com.zaxxer.hikari.pool.PoolBase - HikariPool-1 - Closing connection conn0: url=jdbc:h2:mem:testdb user=SA: (connection evicted)
18:38:22.783 [HikariPool-1 connection closer] DEBUG com.zaxxer.hikari.pool.PoolBase - HikariPool-1 - Closing connection conn1: url=jdbc:h2:mem:testdb user=SA: (connection evicted)
18:38:22.784 [HikariPool-1 connection closer] DEBUG com.zaxxer.hikari.pool.PoolBase - HikariPool-1 - Closing connection conn2: url=jdbc:h2:mem:testdb user=SA: (connection evicted)
18:38:22.784 [HikariPool-1 connection closer] DEBUG com.zaxxer.hikari.pool.PoolBase - HikariPool-1 - Closing connection conn3: url=jdbc:h2:mem:testdb user=SA: (connection evicted)
18:38:22.784 [HikariPool-1 connection closer] DEBUG com.zaxxer.hikari.pool.PoolBase - HikariPool-1 - Closing connection conn4: url=jdbc:h2:mem:testdb user=SA: (connection evicted)
18:38:22.785 [HikariPool-1 connection closer] DEBUG com.zaxxer.hikari.pool.PoolBase - HikariPool-1 - Closing connection conn5: url=jdbc:h2:mem:testdb user=SA: (connection evicted)
18:38:22.785 [HikariPool-1 connection closer] DEBUG com.zaxxer.hikari.pool.PoolBase - HikariPool-1 - Closing connection conn6: url=jdbc:h2:mem:testdb user=SA: (connection evicted)
18:38:22.785 [HikariPool-1 connection closer] DEBUG com.zaxxer.hikari.pool.PoolBase - HikariPool-1 - Closing connection conn7: url=jdbc:h2:mem:testdb user=SA: (connection evicted)
18:38:22.785 [HikariPool-1 connection closer] DEBUG com.zaxxer.hikari.pool.PoolBase - HikariPool-1 - Closing connection conn8: url=jdbc:h2:mem:testdb user=SA: (connection evicted)
18:38:22.786 [HikariPool-1 connection closer] DEBUG com.zaxxer.hikari.pool.PoolBase - HikariPool-1 - Closing connection conn9: url=jdbc:h2:mem:testdb user=SA: (connection evicted)
18:38:22.786 [Test worker] DEBUG com.zaxxer.hikari.pool.HikariPool - HikariPool-1 - After shutdown stats (total=0, active=0, idle=0, waiting=0)
18:38:22.786 [Test worker] INFO com.zaxxer.hikari.HikariDataSource - HikariPool-1 - Shutdown completed.
18:38:22.790 [Test worker] DEBUG org.springframework.test.context.support.AbstractDirtiesContextTestExecutionListener - After test class: context [DefaultTestContext@706b1cb5 testClass = EMOrderCertificateRepositoryTest, testInstance = [null], testMethod = [null], testException = [null], mergedContextConfiguration = [MergedContextConfiguration@14e2e713 testClass = EMOrderCertificateRepositoryTest, locations = '{}', classes = '{class com.epam.esm.TestConfig}', contextInitializerClasses = '[]', activeProfiles = '{}', propertySourceLocations = '{}', propertySourceProperties = '{}', contextCustomizers = set[[empty]], contextLoader = 'org.springframework.test.context.support.DelegatingSmartContextLoader', parent = [null]], attributes = map['org.springframework.test.context.support.DependencyInjectionTestExecutionListener.reinjectDependencies' -> true]], class annotated with @DirtiesContext [true] with mode [AFTER_EACH_TEST_METHOD].
]]></system-out>
  <system-err><![CDATA[]]></system-err>
</testsuite>
