<?xml version="1.0" encoding="UTF-8"?>
<testsuite name="com.epam.esm.repository.UserRepositoryTest" tests="5" skipped="0" failures="0" errors="0" timestamp="2019-10-23T14:03:35" hostname="MBP-Dzmitry.minsk.epam.com" time="1.454">
  <properties/>
  <testcase name="testAdd()" classname="com.epam.esm.repository.UserRepositoryTest" time="0.022"/>
  <testcase name="findAll()" classname="com.epam.esm.repository.UserRepositoryTest" time="0.02"/>
  <testcase name="findById()" classname="com.epam.esm.repository.UserRepositoryTest" time="0.013"/>
  <testcase name="findByEmail()" classname="com.epam.esm.repository.UserRepositoryTest" time="0.045"/>
  <testcase name="testDelete()" classname="com.epam.esm.repository.UserRepositoryTest" time="0.015"/>
  <system-out><![CDATA[17:03:34.670 [Test worker] DEBUG org.springframework.test.context.BootstrapUtils - Instantiating CacheAwareContextLoaderDelegate from class [org.springframework.test.context.cache.DefaultCacheAwareContextLoaderDelegate]
17:03:34.670 [Test worker] DEBUG org.springframework.test.context.BootstrapUtils - Instantiating BootstrapContext using constructor [public org.springframework.test.context.support.DefaultBootstrapContext(java.lang.Class,org.springframework.test.context.CacheAwareContextLoaderDelegate)]
17:03:34.670 [Test worker] DEBUG org.springframework.test.context.BootstrapUtils - Instantiating TestContextBootstrapper for test class [com.epam.esm.repository.UserRepositoryTest] from class [org.springframework.test.context.support.DefaultTestContextBootstrapper]
17:03:34.671 [Test worker] DEBUG org.springframework.test.context.support.AbstractDelegatingSmartContextLoader - Delegating to AnnotationConfigContextLoader to process context configuration [ContextConfigurationAttributes@6ee687c4 declaringClass = 'com.epam.esm.repository.UserRepositoryTest', classes = '{class com.epam.esm.TestConfig}', locations = '{}', inheritLocations = true, initializers = '{}', inheritInitializers = true, name = [null], contextLoaderClass = 'org.springframework.test.context.ContextLoader'].
17:03:34.671 [Test worker] DEBUG org.springframework.test.context.support.ActiveProfilesUtils - Could not find an 'annotation declaring class' for annotation type [org.springframework.test.context.ActiveProfiles] and class [com.epam.esm.repository.UserRepositoryTest]
17:03:34.671 [Test worker] DEBUG org.springframework.test.context.support.DefaultTestContextBootstrapper - @TestExecutionListeners is not present for class [com.epam.esm.repository.UserRepositoryTest]: using defaults.
17:03:34.671 [Test worker] INFO org.springframework.test.context.support.DefaultTestContextBootstrapper - Loaded default TestExecutionListener class names from location [META-INF/spring.factories]: [org.springframework.test.context.web.ServletTestExecutionListener, org.springframework.test.context.support.DirtiesContextBeforeModesTestExecutionListener, org.springframework.test.context.support.DependencyInjectionTestExecutionListener, org.springframework.test.context.support.DirtiesContextTestExecutionListener, org.springframework.test.context.transaction.TransactionalTestExecutionListener, org.springframework.test.context.jdbc.SqlScriptsTestExecutionListener]
17:03:34.671 [Test worker] INFO org.springframework.test.context.support.DefaultTestContextBootstrapper - Using TestExecutionListeners: [org.springframework.test.context.web.ServletTestExecutionListener@42dffb37, org.springframework.test.context.support.DirtiesContextBeforeModesTestExecutionListener@57a3d7e9, org.springframework.test.context.support.DependencyInjectionTestExecutionListener@55cb1bd4, org.springframework.test.context.support.DirtiesContextTestExecutionListener@fc96e0e, org.springframework.test.context.transaction.TransactionalTestExecutionListener@32723a83, org.springframework.test.context.jdbc.SqlScriptsTestExecutionListener@7ba7bfbb]
17:03:34.671 [Test worker] DEBUG org.springframework.test.context.support.AbstractDirtiesContextTestExecutionListener - Before test class: context [DefaultTestContext@76bf0ea0 testClass = UserRepositoryTest, testInstance = [null], testMethod = [null], testException = [null], mergedContextConfiguration = [MergedContextConfiguration@32c2b767 testClass = UserRepositoryTest, locations = '{}', classes = '{class com.epam.esm.TestConfig}', contextInitializerClasses = '[]', activeProfiles = '{}', propertySourceLocations = '{}', propertySourceProperties = '{}', contextCustomizers = set[[empty]], contextLoader = 'org.springframework.test.context.support.DelegatingSmartContextLoader', parent = [null]], attributes = map[[empty]]], class annotated with @DirtiesContext [true] with mode [AFTER_EACH_TEST_METHOD].
17:03:34.672 [Test worker] DEBUG org.springframework.test.context.support.DependencyInjectionTestExecutionListener - Performing dependency injection for test context [[DefaultTestContext@76bf0ea0 testClass = UserRepositoryTest, testInstance = com.epam.esm.repository.UserRepositoryTest@11c7359e, testMethod = [null], testException = [null], mergedContextConfiguration = [MergedContextConfiguration@32c2b767 testClass = UserRepositoryTest, locations = '{}', classes = '{class com.epam.esm.TestConfig}', contextInitializerClasses = '[]', activeProfiles = '{}', propertySourceLocations = '{}', propertySourceProperties = '{}', contextCustomizers = set[[empty]], contextLoader = 'org.springframework.test.context.support.DelegatingSmartContextLoader', parent = [null]], attributes = map[[empty]]]].
17:03:34.672 [Test worker] DEBUG org.springframework.test.context.support.AbstractDelegatingSmartContextLoader - Delegating to AnnotationConfigContextLoader to load context from [MergedContextConfiguration@32c2b767 testClass = UserRepositoryTest, locations = '{}', classes = '{class com.epam.esm.TestConfig}', contextInitializerClasses = '[]', activeProfiles = '{}', propertySourceLocations = '{}', propertySourceProperties = '{}', contextCustomizers = set[[empty]], contextLoader = 'org.springframework.test.context.support.DelegatingSmartContextLoader', parent = [null]].
17:03:34.672 [Test worker] DEBUG org.springframework.test.context.support.AbstractGenericContextLoader - Loading ApplicationContext for merged context configuration [[MergedContextConfiguration@32c2b767 testClass = UserRepositoryTest, locations = '{}', classes = '{class com.epam.esm.TestConfig}', contextInitializerClasses = '[]', activeProfiles = '{}', propertySourceLocations = '{}', propertySourceProperties = '{}', contextCustomizers = set[[empty]], contextLoader = 'org.springframework.test.context.support.DelegatingSmartContextLoader', parent = [null]]].
17:03:34.672 [Test worker] DEBUG org.springframework.core.env.StandardEnvironment - Activating profiles []
17:03:34.672 [Test worker] DEBUG org.springframework.test.context.support.AnnotationConfigContextLoader - Registering annotated classes: {class com.epam.esm.TestConfig}
17:03:34.673 [Test worker] DEBUG org.springframework.context.support.GenericApplicationContext - Refreshing org.springframework.context.support.GenericApplicationContext@575b1a7a
17:03:34.673 [Test worker] DEBUG org.springframework.beans.factory.support.DefaultListableBeanFactory - Creating shared instance of singleton bean 'org.springframework.context.annotation.internalConfigurationAnnotationProcessor'
17:03:34.680 [Test worker] DEBUG org.springframework.context.annotation.ClassPathBeanDefinitionScanner - Identified candidate component class: file [/Users/dzmitryplatonov/Desktop/workdir/giftcertificates/datasource/build/classes/java/main/com/epam/esm/repository/CertificateRepository.class]
17:03:34.680 [Test worker] DEBUG org.springframework.context.annotation.ClassPathBeanDefinitionScanner - Identified candidate component class: file [/Users/dzmitryplatonov/Desktop/workdir/giftcertificates/datasource/build/classes/java/main/com/epam/esm/repository/OrderCertificateRepository.class]
17:03:34.680 [Test worker] DEBUG org.springframework.context.annotation.ClassPathBeanDefinitionScanner - Identified candidate component class: file [/Users/dzmitryplatonov/Desktop/workdir/giftcertificates/datasource/build/classes/java/main/com/epam/esm/repository/OrderRepository.class]
17:03:34.681 [Test worker] DEBUG org.springframework.context.annotation.ClassPathBeanDefinitionScanner - Identified candidate component class: file [/Users/dzmitryplatonov/Desktop/workdir/giftcertificates/datasource/build/classes/java/main/com/epam/esm/repository/TagRepository.class]
17:03:34.681 [Test worker] DEBUG org.springframework.context.annotation.ClassPathBeanDefinitionScanner - Identified candidate component class: file [/Users/dzmitryplatonov/Desktop/workdir/giftcertificates/datasource/build/classes/java/main/com/epam/esm/repository/UserRepository.class]
17:03:34.682 [Test worker] DEBUG org.springframework.context.annotation.ClassPathBeanDefinitionScanner - Identified candidate component class: file [/Users/dzmitryplatonov/Desktop/workdir/giftcertificates/datasource/build/classes/java/main/com/epam/esm/repository/predicate/CriteriaBuilderHelper.class]
17:03:34.745 [Test worker] DEBUG org.springframework.beans.factory.support.DefaultListableBeanFactory - Creating shared instance of singleton bean 'org.springframework.boot.autoconfigure.condition.BeanTypeRegistry'
17:03:34.754 [Test worker] INFO org.springframework.data.repository.config.RepositoryConfigurationDelegate - Bootstrapping Spring Data repositories in DEFAULT mode.
17:03:34.754 [Test worker] DEBUG org.springframework.beans.factory.support.DefaultListableBeanFactory - Creating shared instance of singleton bean 'org.springframework.boot.autoconfigure.AutoConfigurationPackages'
17:03:34.754 [Test worker] DEBUG org.springframework.boot.autoconfigure.AutoConfigurationPackages - @EnableAutoConfiguration was declared on a class in the package 'com.epam.esm'. Automatic @Repository and @Entity scanning is enabled.
17:03:34.754 [Test worker] DEBUG org.springframework.data.repository.config.RepositoryConfigurationDelegate - Scanning for repositories in packages com.epam.esm.
17:03:34.758 [Test worker] INFO org.springframework.data.repository.config.RepositoryConfigurationDelegate - Finished Spring Data repository scanning in 3ms. Found 0 repository interfaces.
17:03:34.769 [Test worker] DEBUG org.springframework.beans.factory.support.DefaultListableBeanFactory - Creating shared instance of singleton bean 'propertySourcesPlaceholderConfigurer'
17:03:34.769 [Test worker] DEBUG org.springframework.beans.factory.support.DefaultListableBeanFactory - Creating shared instance of singleton bean 'emBeanDefinitionRegistrarPostProcessor'
17:03:34.769 [Test worker] DEBUG org.springframework.beans.factory.support.DefaultListableBeanFactory - Creating shared instance of singleton bean 'org.springframework.context.event.internalEventListenerProcessor'
17:03:34.770 [Test worker] DEBUG org.springframework.beans.factory.support.DefaultListableBeanFactory - Creating shared instance of singleton bean 'org.springframework.boot.context.properties.ConfigurationBeanFactoryMetadata'
17:03:34.770 [Test worker] DEBUG org.springframework.beans.factory.support.DefaultListableBeanFactory - Creating shared instance of singleton bean 'org.springframework.context.event.internalEventListenerFactory'
17:03:34.770 [Test worker] DEBUG org.springframework.beans.factory.support.DefaultListableBeanFactory - Creating shared instance of singleton bean 'org.springframework.transaction.config.internalTransactionalEventListenerFactory'
17:03:34.770 [Test worker] DEBUG org.springframework.beans.factory.support.DefaultListableBeanFactory - Creating shared instance of singleton bean 'org.springframework.context.annotation.internalAutowiredAnnotationProcessor'
17:03:34.771 [Test worker] DEBUG org.springframework.beans.factory.support.DefaultListableBeanFactory - Creating shared instance of singleton bean 'org.springframework.context.annotation.internalCommonAnnotationProcessor'
17:03:34.771 [Test worker] DEBUG org.springframework.beans.factory.support.DefaultListableBeanFactory - Creating shared instance of singleton bean 'org.springframework.context.annotation.internalPersistenceAnnotationProcessor'
17:03:34.771 [Test worker] DEBUG org.springframework.beans.factory.support.DefaultListableBeanFactory - Creating shared instance of singleton bean 'org.springframework.boot.context.properties.ConfigurationPropertiesBindingPostProcessor'
17:03:34.771 [Test worker] DEBUG org.springframework.beans.factory.support.DefaultListableBeanFactory - Creating shared instance of singleton bean 'methodValidationPostProcessor'
17:03:34.771 [Test worker] DEBUG org.springframework.beans.factory.support.DefaultListableBeanFactory - Autowiring by type from bean name 'methodValidationPostProcessor' via factory method to bean named 'environment'
17:03:34.772 [Test worker] DEBUG org.springframework.beans.factory.support.DefaultListableBeanFactory - Creating shared instance of singleton bean 'org.springframework.aop.config.internalAutoProxyCreator'
17:03:34.773 [Test worker] DEBUG org.springframework.beans.factory.support.DefaultListableBeanFactory - Creating shared instance of singleton bean 'dataSourceInitializerPostProcessor'
17:03:34.773 [Test worker] DEBUG org.springframework.beans.factory.support.DefaultListableBeanFactory - Creating shared instance of singleton bean 'persistenceExceptionTranslationPostProcessor'
17:03:34.773 [Test worker] DEBUG org.springframework.beans.factory.support.DefaultListableBeanFactory - Autowiring by type from bean name 'persistenceExceptionTranslationPostProcessor' via factory method to bean named 'environment'
17:03:34.774 [Test worker] DEBUG org.springframework.beans.factory.support.DefaultListableBeanFactory - Creating shared instance of singleton bean 'dataSourceInitializedPublisher'
17:03:34.774 [Test worker] DEBUG org.springframework.beans.factory.support.DefaultListableBeanFactory - Creating shared instance of singleton bean 'entityManagerFactory'
17:03:34.775 [Test worker] DEBUG org.springframework.beans.factory.support.DefaultListableBeanFactory - Creating shared instance of singleton bean 'org.springframework.transaction.config.internalTransactionAdvisor'
17:03:34.775 [Test worker] DEBUG org.springframework.beans.factory.support.DefaultListableBeanFactory - Creating shared instance of singleton bean 'org.springframework.transaction.annotation.ProxyTransactionManagementConfiguration'
17:03:34.777 [Test worker] DEBUG org.springframework.beans.factory.support.DefaultListableBeanFactory - Creating shared instance of singleton bean 'transactionAttributeSource'
17:03:34.778 [Test worker] DEBUG org.springframework.beans.factory.support.DefaultListableBeanFactory - Creating shared instance of singleton bean 'transactionInterceptor'
17:03:34.778 [Test worker] DEBUG org.springframework.beans.factory.support.DefaultListableBeanFactory - Creating shared instance of singleton bean 'org.springframework.boot.autoconfigure.orm.jpa.HibernateJpaConfiguration'
17:03:34.778 [Test worker] DEBUG org.springframework.core.LocalVariableTableParameterNameDiscoverer - Cannot find '.class' file for class [class org.springframework.boot.autoconfigure.orm.jpa.HibernateJpaConfiguration$$EnhancerBySpringCGLIB$$c3eb9b54] - unable to determine constructor/method parameter names
17:03:34.779 [Test worker] DEBUG org.springframework.beans.factory.support.DefaultListableBeanFactory - Creating shared instance of singleton bean 'dataSource'
17:03:34.779 [Test worker] DEBUG org.springframework.beans.factory.support.DefaultListableBeanFactory - Creating shared instance of singleton bean 'org.springframework.boot.autoconfigure.jdbc.DataSourceConfiguration$Hikari'
17:03:34.779 [Test worker] DEBUG org.springframework.beans.factory.support.DefaultListableBeanFactory - Creating shared instance of singleton bean 'spring.datasource-org.springframework.boot.autoconfigure.jdbc.DataSourceProperties'
17:03:34.781 [Test worker] DEBUG org.springframework.beans.factory.support.DefaultListableBeanFactory - Autowiring by type from bean name 'dataSource' via factory method to bean named 'spring.datasource-org.springframework.boot.autoconfigure.jdbc.DataSourceProperties'
17:03:34.783 [Test worker] DEBUG com.zaxxer.hikari.HikariConfig - Driver class org.h2.Driver found in Thread context class loader jdk.internal.loader.ClassLoaders$AppClassLoader@2c13da15
17:03:34.787 [Test worker] DEBUG org.springframework.beans.factory.support.DefaultListableBeanFactory - Creating shared instance of singleton bean 'org.springframework.boot.autoconfigure.jdbc.DataSourceInitializerInvoker'
17:03:34.787 [Test worker] DEBUG org.springframework.beans.factory.support.DefaultListableBeanFactory - Autowiring by type from bean name 'org.springframework.boot.autoconfigure.jdbc.DataSourceInitializerInvoker' via constructor to bean named 'spring.datasource-org.springframework.boot.autoconfigure.jdbc.DataSourceProperties'
17:03:34.787 [Test worker] DEBUG org.springframework.beans.factory.support.DefaultListableBeanFactory - Autowiring by type from bean name 'org.springframework.boot.autoconfigure.jdbc.DataSourceInitializerInvoker' via constructor to bean named 'org.springframework.context.support.GenericApplicationContext@575b1a7a'
17:03:34.788 [Test worker] DEBUG org.springframework.beans.factory.support.DefaultListableBeanFactory - Creating shared instance of singleton bean 'spring.jpa-org.springframework.boot.autoconfigure.orm.jpa.JpaProperties'
17:03:34.789 [Test worker] DEBUG org.springframework.beans.factory.support.DefaultListableBeanFactory - Creating shared instance of singleton bean 'spring.jpa.hibernate-org.springframework.boot.autoconfigure.orm.jpa.HibernateProperties'
17:03:34.790 [Test worker] DEBUG org.springframework.beans.factory.support.DefaultListableBeanFactory - Autowiring by type from bean name 'org.springframework.boot.autoconfigure.orm.jpa.HibernateJpaConfiguration' via constructor to bean named 'dataSource'
17:03:34.791 [Test worker] DEBUG org.springframework.beans.factory.support.DefaultListableBeanFactory - Autowiring by type from bean name 'org.springframework.boot.autoconfigure.orm.jpa.HibernateJpaConfiguration' via constructor to bean named 'spring.jpa-org.springframework.boot.autoconfigure.orm.jpa.JpaProperties'
17:03:34.791 [Test worker] DEBUG org.springframework.beans.factory.support.DefaultListableBeanFactory - Autowiring by type from bean name 'org.springframework.boot.autoconfigure.orm.jpa.HibernateJpaConfiguration' via constructor to bean named 'org.springframework.beans.factory.support.DefaultListableBeanFactory@965511a'
17:03:34.791 [Test worker] DEBUG org.springframework.beans.factory.support.DefaultListableBeanFactory - Autowiring by type from bean name 'org.springframework.boot.autoconfigure.orm.jpa.HibernateJpaConfiguration' via constructor to bean named 'spring.jpa.hibernate-org.springframework.boot.autoconfigure.orm.jpa.HibernateProperties'
17:03:34.791 [Test worker] DEBUG org.springframework.beans.factory.support.DefaultListableBeanFactory - Creating shared instance of singleton bean 'platformTransactionManagerCustomizers'
17:03:34.791 [Test worker] DEBUG org.springframework.beans.factory.support.DefaultListableBeanFactory - Creating shared instance of singleton bean 'org.springframework.boot.autoconfigure.transaction.TransactionAutoConfiguration'
17:03:34.792 [Test worker] DEBUG org.springframework.beans.factory.support.DefaultListableBeanFactory - Creating shared instance of singleton bean 'spring.transaction-org.springframework.boot.autoconfigure.transaction.TransactionProperties'
17:03:34.793 [Test worker] DEBUG org.springframework.beans.factory.support.DefaultListableBeanFactory - Creating shared instance of singleton bean 'hikariPoolDataSourceMetadataProvider'
17:03:34.793 [Test worker] DEBUG org.springframework.beans.factory.support.DefaultListableBeanFactory - Creating shared instance of singleton bean 'org.springframework.boot.autoconfigure.jdbc.metadata.DataSourcePoolMetadataProvidersConfiguration$HikariPoolDataSourceMetadataProviderConfiguration'
17:03:34.795 [Test worker] DEBUG org.springframework.beans.factory.support.DefaultListableBeanFactory - Creating shared instance of singleton bean 'entityManagerFactoryBuilder'
17:03:34.795 [Test worker] DEBUG org.springframework.beans.factory.support.DefaultListableBeanFactory - Creating shared instance of singleton bean 'jpaVendorAdapter'
17:03:34.795 [Test worker] DEBUG org.springframework.jdbc.datasource.DataSourceUtils - Fetching JDBC Connection from DataSource
17:03:34.795 [Test worker] DEBUG com.zaxxer.hikari.HikariConfig - HikariPool-15 - configuration:
17:03:34.795 [Test worker] DEBUG com.zaxxer.hikari.HikariConfig - allowPoolSuspension.............false
17:03:34.796 [Test worker] DEBUG com.zaxxer.hikari.HikariConfig - autoCommit......................true
17:03:34.796 [Test worker] DEBUG com.zaxxer.hikari.HikariConfig - catalog.........................none
17:03:34.796 [Test worker] DEBUG com.zaxxer.hikari.HikariConfig - connectionInitSql...............none
17:03:34.796 [Test worker] DEBUG com.zaxxer.hikari.HikariConfig - connectionTestQuery.............none
17:03:34.796 [Test worker] DEBUG com.zaxxer.hikari.HikariConfig - connectionTimeout...............30000
17:03:34.796 [Test worker] DEBUG com.zaxxer.hikari.HikariConfig - dataSource......................none
17:03:34.796 [Test worker] DEBUG com.zaxxer.hikari.HikariConfig - dataSourceClassName.............none
17:03:34.796 [Test worker] DEBUG com.zaxxer.hikari.HikariConfig - dataSourceJNDI..................none
17:03:34.796 [Test worker] DEBUG com.zaxxer.hikari.HikariConfig - dataSourceProperties............{password=<masked>}
17:03:34.796 [Test worker] DEBUG com.zaxxer.hikari.HikariConfig - driverClassName................."org.h2.Driver"
17:03:34.796 [Test worker] DEBUG com.zaxxer.hikari.HikariConfig - healthCheckProperties...........{}
17:03:34.796 [Test worker] DEBUG com.zaxxer.hikari.HikariConfig - healthCheckRegistry.............none
17:03:34.796 [Test worker] DEBUG com.zaxxer.hikari.HikariConfig - idleTimeout.....................600000
17:03:34.796 [Test worker] DEBUG com.zaxxer.hikari.HikariConfig - initializationFailTimeout.......1
17:03:34.796 [Test worker] DEBUG com.zaxxer.hikari.HikariConfig - isolateInternalQueries..........false
17:03:34.796 [Test worker] DEBUG com.zaxxer.hikari.HikariConfig - jdbcUrl.........................jdbc:h2:mem:testdb;DB_CLOSE_DELAY=-1;DB_CLOSE_ON_EXIT=FALSE
17:03:34.796 [Test worker] DEBUG com.zaxxer.hikari.HikariConfig - leakDetectionThreshold..........0
17:03:34.796 [Test worker] DEBUG com.zaxxer.hikari.HikariConfig - maxLifetime.....................1800000
17:03:34.796 [Test worker] DEBUG com.zaxxer.hikari.HikariConfig - maximumPoolSize.................10
17:03:34.796 [Test worker] DEBUG com.zaxxer.hikari.HikariConfig - metricRegistry..................none
17:03:34.796 [Test worker] DEBUG com.zaxxer.hikari.HikariConfig - metricsTrackerFactory...........none
17:03:34.796 [Test worker] DEBUG com.zaxxer.hikari.HikariConfig - minimumIdle.....................10
17:03:34.796 [Test worker] DEBUG com.zaxxer.hikari.HikariConfig - password........................<masked>
17:03:34.796 [Test worker] DEBUG com.zaxxer.hikari.HikariConfig - poolName........................"HikariPool-15"
17:03:34.796 [Test worker] DEBUG com.zaxxer.hikari.HikariConfig - readOnly........................false
17:03:34.796 [Test worker] DEBUG com.zaxxer.hikari.HikariConfig - registerMbeans..................false
17:03:34.796 [Test worker] DEBUG com.zaxxer.hikari.HikariConfig - scheduledExecutor...............none
17:03:34.796 [Test worker] DEBUG com.zaxxer.hikari.HikariConfig - schema..........................none
17:03:34.796 [Test worker] DEBUG com.zaxxer.hikari.HikariConfig - threadFactory...................internal
17:03:34.797 [Test worker] DEBUG com.zaxxer.hikari.HikariConfig - transactionIsolation............default
17:03:34.797 [Test worker] DEBUG com.zaxxer.hikari.HikariConfig - username........................"sa"
17:03:34.797 [Test worker] DEBUG com.zaxxer.hikari.HikariConfig - validationTimeout...............5000
17:03:34.797 [Test worker] INFO com.zaxxer.hikari.HikariDataSource - HikariPool-15 - Starting...
17:03:34.797 [Test worker] DEBUG com.zaxxer.hikari.pool.HikariPool - HikariPool-15 - Added connection conn140: url=jdbc:h2:mem:testdb user=SA
17:03:34.798 [Test worker] INFO com.zaxxer.hikari.HikariDataSource - HikariPool-15 - Start completed.
17:03:34.798 [Test worker] DEBUG org.springframework.beans.factory.support.DefaultListableBeanFactory - Autowiring by type from bean name 'entityManagerFactoryBuilder' via factory method to bean named 'jpaVendorAdapter'
17:03:34.799 [Test worker] DEBUG org.springframework.beans.factory.support.DefaultListableBeanFactory - Autowiring by type from bean name 'entityManagerFactory' via factory method to bean named 'entityManagerFactoryBuilder'
17:03:34.799 [Test worker] DEBUG org.springframework.jdbc.datasource.DataSourceUtils - Fetching JDBC Connection from DataSource
17:03:34.803 [Test worker] DEBUG org.springframework.orm.jpa.LocalContainerEntityManagerFactoryBean - Building JPA container EntityManagerFactory for persistence unit 'default'
17:03:34.803 [Test worker] DEBUG org.hibernate.jpa.internal.util.LogHelper - PersistenceUnitInfo [
	name: default
	persistence provider classname: null
	classloader: jdk.internal.loader.ClassLoaders$AppClassLoader@2c13da15
	excludeUnlistedClasses: true
	JTA datasource: null
	Non JTA datasource: HikariDataSource (HikariPool-15)
	Transaction type: RESOURCE_LOCAL
	PU root URL: file:/Users/dzmitryplatonov/Desktop/workdir/giftcertificates/datasource/build/classes/java/test/
	Shared Cache Mode: UNSPECIFIED
	Validation Mode: AUTO
	Jar files URLs []
	Managed classes names [
		com.epam.esm.entity.Entity
		com.epam.esm.entity.GiftCertificate
		com.epam.esm.entity.Order
		com.epam.esm.entity.OrderCertificate
		com.epam.esm.entity.Role
		com.epam.esm.entity.Tag
		com.epam.esm.entity.User]
	Mapping files names []
	Properties []
17:03:34.803 [Test worker] DEBUG org.hibernate.integrator.internal.IntegratorServiceImpl - Adding Integrator [org.hibernate.cfg.beanvalidation.BeanValidationIntegrator].
17:03:34.803 [Test worker] DEBUG org.hibernate.integrator.internal.IntegratorServiceImpl - Adding Integrator [org.hibernate.secure.spi.JaccIntegrator].
17:03:34.803 [Test worker] DEBUG org.hibernate.integrator.internal.IntegratorServiceImpl - Adding Integrator [org.hibernate.cache.internal.CollectionCacheInvalidator].
17:03:34.804 [Test worker] DEBUG org.hibernate.service.spi.ServiceBinding - Overriding existing service binding [org.hibernate.secure.spi.JaccService]
17:03:34.804 [Test worker] DEBUG org.hibernate.cache.internal.RegionFactoryInitiator - Cannot default RegionFactory based on registered strategies as `[]` RegionFactory strategies were registered
17:03:34.805 [Test worker] DEBUG org.hibernate.cache.internal.RegionFactoryInitiator - Cache region factory : org.hibernate.cache.internal.NoCachingRegionFactory
17:03:34.805 [Test worker] DEBUG org.hibernate.type.BasicTypeRegistry - Adding type registration boolean -> org.hibernate.type.BooleanType@7a361749
17:03:34.805 [Test worker] DEBUG org.hibernate.type.BasicTypeRegistry - Adding type registration boolean -> org.hibernate.type.BooleanType@7a361749
17:03:34.805 [Test worker] DEBUG org.hibernate.type.BasicTypeRegistry - Adding type registration java.lang.Boolean -> org.hibernate.type.BooleanType@7a361749
17:03:34.805 [Test worker] DEBUG org.hibernate.type.BasicTypeRegistry - Adding type registration numeric_boolean -> org.hibernate.type.NumericBooleanType@35b10044
17:03:34.805 [Test worker] DEBUG org.hibernate.type.BasicTypeRegistry - Adding type registration true_false -> org.hibernate.type.TrueFalseType@1b7f764d
17:03:34.805 [Test worker] DEBUG org.hibernate.type.BasicTypeRegistry - Adding type registration yes_no -> org.hibernate.type.YesNoType@726eb0b7
17:03:34.805 [Test worker] DEBUG org.hibernate.type.BasicTypeRegistry - Adding type registration byte -> org.hibernate.type.ByteType@17cb58e9
17:03:34.805 [Test worker] DEBUG org.hibernate.type.BasicTypeRegistry - Adding type registration byte -> org.hibernate.type.ByteType@17cb58e9
17:03:34.805 [Test worker] DEBUG org.hibernate.type.BasicTypeRegistry - Adding type registration java.lang.Byte -> org.hibernate.type.ByteType@17cb58e9
17:03:34.805 [Test worker] DEBUG org.hibernate.type.BasicTypeRegistry - Adding type registration character -> org.hibernate.type.CharacterType@30f0ba0d
17:03:34.805 [Test worker] DEBUG org.hibernate.type.BasicTypeRegistry - Adding type registration char -> org.hibernate.type.CharacterType@30f0ba0d
17:03:34.805 [Test worker] DEBUG org.hibernate.type.BasicTypeRegistry - Adding type registration java.lang.Character -> org.hibernate.type.CharacterType@30f0ba0d
17:03:34.805 [Test worker] DEBUG org.hibernate.type.BasicTypeRegistry - Adding type registration short -> org.hibernate.type.ShortType@27eea72e
17:03:34.805 [Test worker] DEBUG org.hibernate.type.BasicTypeRegistry - Adding type registration short -> org.hibernate.type.ShortType@27eea72e
17:03:34.805 [Test worker] DEBUG org.hibernate.type.BasicTypeRegistry - Adding type registration java.lang.Short -> org.hibernate.type.ShortType@27eea72e
17:03:34.805 [Test worker] DEBUG org.hibernate.type.BasicTypeRegistry - Adding type registration integer -> org.hibernate.type.IntegerType@3e734867
17:03:34.805 [Test worker] DEBUG org.hibernate.type.BasicTypeRegistry - Adding type registration int -> org.hibernate.type.IntegerType@3e734867
17:03:34.805 [Test worker] DEBUG org.hibernate.type.BasicTypeRegistry - Adding type registration java.lang.Integer -> org.hibernate.type.IntegerType@3e734867
17:03:34.805 [Test worker] DEBUG org.hibernate.type.BasicTypeRegistry - Adding type registration long -> org.hibernate.type.LongType@10654366
17:03:34.805 [Test worker] DEBUG org.hibernate.type.BasicTypeRegistry - Adding type registration long -> org.hibernate.type.LongType@10654366
17:03:34.805 [Test worker] DEBUG org.hibernate.type.BasicTypeRegistry - Adding type registration java.lang.Long -> org.hibernate.type.LongType@10654366
17:03:34.805 [Test worker] DEBUG org.hibernate.type.BasicTypeRegistry - Adding type registration float -> org.hibernate.type.FloatType@1072c4c1
17:03:34.805 [Test worker] DEBUG org.hibernate.type.BasicTypeRegistry - Adding type registration float -> org.hibernate.type.FloatType@1072c4c1
17:03:34.805 [Test worker] DEBUG org.hibernate.type.BasicTypeRegistry - Adding type registration java.lang.Float -> org.hibernate.type.FloatType@1072c4c1
17:03:34.805 [Test worker] DEBUG org.hibernate.type.BasicTypeRegistry - Adding type registration double -> org.hibernate.type.DoubleType@383d90d3
17:03:34.805 [Test worker] DEBUG org.hibernate.type.BasicTypeRegistry - Adding type registration double -> org.hibernate.type.DoubleType@383d90d3
17:03:34.805 [Test worker] DEBUG org.hibernate.type.BasicTypeRegistry - Adding type registration java.lang.Double -> org.hibernate.type.DoubleType@383d90d3
17:03:34.805 [Test worker] DEBUG org.hibernate.type.BasicTypeRegistry - Adding type registration big_decimal -> org.hibernate.type.BigDecimalType@322ff0c5
17:03:34.805 [Test worker] DEBUG org.hibernate.type.BasicTypeRegistry - Adding type registration java.math.BigDecimal -> org.hibernate.type.BigDecimalType@322ff0c5
17:03:34.805 [Test worker] DEBUG org.hibernate.type.BasicTypeRegistry - Adding type registration big_integer -> org.hibernate.type.BigIntegerType@219d1f47
17:03:34.805 [Test worker] DEBUG org.hibernate.type.BasicTypeRegistry - Adding type registration java.math.BigInteger -> org.hibernate.type.BigIntegerType@219d1f47
17:03:34.805 [Test worker] DEBUG org.hibernate.type.BasicTypeRegistry - Adding type registration string -> org.hibernate.type.StringType@7b9aad94
17:03:34.805 [Test worker] DEBUG org.hibernate.type.BasicTypeRegistry - Adding type registration java.lang.String -> org.hibernate.type.StringType@7b9aad94
17:03:34.805 [Test worker] DEBUG org.hibernate.type.BasicTypeRegistry - Adding type registration nstring -> org.hibernate.type.StringNVarcharType@39251dc7
17:03:34.805 [Test worker] DEBUG org.hibernate.type.BasicTypeRegistry - Adding type registration ncharacter -> org.hibernate.type.CharacterNCharType@284c8f8b
17:03:34.805 [Test worker] DEBUG org.hibernate.type.BasicTypeRegistry - Adding type registration url -> org.hibernate.type.UrlType@7c5e8cdb
17:03:34.805 [Test worker] DEBUG org.hibernate.type.BasicTypeRegistry - Adding type registration java.net.URL -> org.hibernate.type.UrlType@7c5e8cdb
17:03:34.806 [Test worker] DEBUG org.hibernate.type.BasicTypeRegistry - Adding type registration Duration -> org.hibernate.type.DurationType@5502b9d6
17:03:34.806 [Test worker] DEBUG org.hibernate.type.BasicTypeRegistry - Adding type registration java.time.Duration -> org.hibernate.type.DurationType@5502b9d6
17:03:34.806 [Test worker] DEBUG org.hibernate.type.BasicTypeRegistry - Adding type registration Instant -> org.hibernate.type.InstantType@52dea51b
17:03:34.806 [Test worker] DEBUG org.hibernate.type.BasicTypeRegistry - Adding type registration java.time.Instant -> org.hibernate.type.InstantType@52dea51b
17:03:34.806 [Test worker] DEBUG org.hibernate.type.BasicTypeRegistry - Adding type registration LocalDateTime -> org.hibernate.type.LocalDateTimeType@65741b68
17:03:34.806 [Test worker] DEBUG org.hibernate.type.BasicTypeRegistry - Adding type registration java.time.LocalDateTime -> org.hibernate.type.LocalDateTimeType@65741b68
17:03:34.806 [Test worker] DEBUG org.hibernate.type.BasicTypeRegistry - Adding type registration LocalDate -> org.hibernate.type.LocalDateType@33f0f7f9
17:03:34.806 [Test worker] DEBUG org.hibernate.type.BasicTypeRegistry - Adding type registration java.time.LocalDate -> org.hibernate.type.LocalDateType@33f0f7f9
17:03:34.806 [Test worker] DEBUG org.hibernate.type.BasicTypeRegistry - Adding type registration LocalTime -> org.hibernate.type.LocalTimeType@5e875231
17:03:34.806 [Test worker] DEBUG org.hibernate.type.BasicTypeRegistry - Adding type registration java.time.LocalTime -> org.hibernate.type.LocalTimeType@5e875231
17:03:34.806 [Test worker] DEBUG org.hibernate.type.BasicTypeRegistry - Adding type registration OffsetDateTime -> org.hibernate.type.OffsetDateTimeType@e161f10
17:03:34.806 [Test worker] DEBUG org.hibernate.type.BasicTypeRegistry - Adding type registration java.time.OffsetDateTime -> org.hibernate.type.OffsetDateTimeType@e161f10
17:03:34.806 [Test worker] DEBUG org.hibernate.type.BasicTypeRegistry - Adding type registration OffsetTime -> org.hibernate.type.OffsetTimeType@1ed4e4a1
17:03:34.806 [Test worker] DEBUG org.hibernate.type.BasicTypeRegistry - Adding type registration java.time.OffsetTime -> org.hibernate.type.OffsetTimeType@1ed4e4a1
17:03:34.806 [Test worker] DEBUG org.hibernate.type.BasicTypeRegistry - Adding type registration ZonedDateTime -> org.hibernate.type.ZonedDateTimeType@1f7b3ac5
17:03:34.806 [Test worker] DEBUG org.hibernate.type.BasicTypeRegistry - Adding type registration java.time.ZonedDateTime -> org.hibernate.type.ZonedDateTimeType@1f7b3ac5
17:03:34.806 [Test worker] DEBUG org.hibernate.type.BasicTypeRegistry - Adding type registration date -> org.hibernate.type.DateType@47db9e78
17:03:34.806 [Test worker] DEBUG org.hibernate.type.BasicTypeRegistry - Adding type registration java.sql.Date -> org.hibernate.type.DateType@47db9e78
17:03:34.806 [Test worker] DEBUG org.hibernate.type.BasicTypeRegistry - Adding type registration time -> org.hibernate.type.TimeType@19cf2a46
17:03:34.806 [Test worker] DEBUG org.hibernate.type.BasicTypeRegistry - Adding type registration java.sql.Time -> org.hibernate.type.TimeType@19cf2a46
17:03:34.806 [Test worker] DEBUG org.hibernate.type.BasicTypeRegistry - Adding type registration timestamp -> org.hibernate.type.TimestampType@33cc8709
17:03:34.806 [Test worker] DEBUG org.hibernate.type.BasicTypeRegistry - Adding type registration java.sql.Timestamp -> org.hibernate.type.TimestampType@33cc8709
17:03:34.806 [Test worker] DEBUG org.hibernate.type.BasicTypeRegistry - Adding type registration java.util.Date -> org.hibernate.type.TimestampType@33cc8709
17:03:34.806 [Test worker] DEBUG org.hibernate.type.BasicTypeRegistry - Adding type registration dbtimestamp -> org.hibernate.type.DbTimestampType@4bb8bc35
17:03:34.806 [Test worker] DEBUG org.hibernate.type.BasicTypeRegistry - Adding type registration calendar -> org.hibernate.type.CalendarType@6cda5f3e
17:03:34.806 [Test worker] DEBUG org.hibernate.type.BasicTypeRegistry - Adding type registration java.util.Calendar -> org.hibernate.type.CalendarType@6cda5f3e
17:03:34.806 [Test worker] DEBUG org.hibernate.type.BasicTypeRegistry - Adding type registration java.util.GregorianCalendar -> org.hibernate.type.CalendarType@6cda5f3e
17:03:34.806 [Test worker] DEBUG org.hibernate.type.BasicTypeRegistry - Adding type registration calendar_date -> org.hibernate.type.CalendarDateType@2cf12338
17:03:34.806 [Test worker] DEBUG org.hibernate.type.BasicTypeRegistry - Adding type registration locale -> org.hibernate.type.LocaleType@5fa83fc7
17:03:34.806 [Test worker] DEBUG org.hibernate.type.BasicTypeRegistry - Adding type registration java.util.Locale -> org.hibernate.type.LocaleType@5fa83fc7
17:03:34.806 [Test worker] DEBUG org.hibernate.type.BasicTypeRegistry - Adding type registration currency -> org.hibernate.type.CurrencyType@7198d6af
17:03:34.806 [Test worker] DEBUG org.hibernate.type.BasicTypeRegistry - Adding type registration java.util.Currency -> org.hibernate.type.CurrencyType@7198d6af
17:03:34.806 [Test worker] DEBUG org.hibernate.type.BasicTypeRegistry - Adding type registration timezone -> org.hibernate.type.TimeZoneType@5db6acf5
17:03:34.806 [Test worker] DEBUG org.hibernate.type.BasicTypeRegistry - Adding type registration java.util.TimeZone -> org.hibernate.type.TimeZoneType@5db6acf5
17:03:34.806 [Test worker] DEBUG org.hibernate.type.BasicTypeRegistry - Adding type registration class -> org.hibernate.type.ClassType@11e7b123
17:03:34.806 [Test worker] DEBUG org.hibernate.type.BasicTypeRegistry - Adding type registration java.lang.Class -> org.hibernate.type.ClassType@11e7b123
17:03:34.807 [Test worker] DEBUG org.hibernate.type.BasicTypeRegistry - Adding type registration uuid-binary -> org.hibernate.type.UUIDBinaryType@515d21bc
17:03:34.807 [Test worker] DEBUG org.hibernate.type.BasicTypeRegistry - Adding type registration java.util.UUID -> org.hibernate.type.UUIDBinaryType@515d21bc
17:03:34.807 [Test worker] DEBUG org.hibernate.type.BasicTypeRegistry - Adding type registration uuid-char -> org.hibernate.type.UUIDCharType@774ef163
17:03:34.807 [Test worker] DEBUG org.hibernate.type.BasicTypeRegistry - Adding type registration binary -> org.hibernate.type.BinaryType@5f00df0f
17:03:34.807 [Test worker] DEBUG org.hibernate.type.BasicTypeRegistry - Adding type registration byte[] -> org.hibernate.type.BinaryType@5f00df0f
17:03:34.807 [Test worker] DEBUG org.hibernate.type.BasicTypeRegistry - Adding type registration [B -> org.hibernate.type.BinaryType@5f00df0f
17:03:34.807 [Test worker] DEBUG org.hibernate.type.BasicTypeRegistry - Adding type registration wrapper-binary -> org.hibernate.type.WrapperBinaryType@1c4b0916
17:03:34.807 [Test worker] DEBUG org.hibernate.type.BasicTypeRegistry - Adding type registration Byte[] -> org.hibernate.type.WrapperBinaryType@1c4b0916
17:03:34.807 [Test worker] DEBUG org.hibernate.type.BasicTypeRegistry - Adding type registration [Ljava.lang.Byte; -> org.hibernate.type.WrapperBinaryType@1c4b0916
17:03:34.807 [Test worker] DEBUG org.hibernate.type.BasicTypeRegistry - Adding type registration row_version -> org.hibernate.type.RowVersionType@5a9358d7
17:03:34.807 [Test worker] DEBUG org.hibernate.type.BasicTypeRegistry - Adding type registration image -> org.hibernate.type.ImageType@b08df66
17:03:34.807 [Test worker] DEBUG org.hibernate.type.BasicTypeRegistry - Adding type registration characters -> org.hibernate.type.CharArrayType@69a415e0
17:03:34.807 [Test worker] DEBUG org.hibernate.type.BasicTypeRegistry - Adding type registration char[] -> org.hibernate.type.CharArrayType@69a415e0
17:03:34.807 [Test worker] DEBUG org.hibernate.type.BasicTypeRegistry - Adding type registration [C -> org.hibernate.type.CharArrayType@69a415e0
17:03:34.807 [Test worker] DEBUG org.hibernate.type.BasicTypeRegistry - Adding type registration wrapper-characters -> org.hibernate.type.CharacterArrayType@2e189552
17:03:34.807 [Test worker] DEBUG org.hibernate.type.BasicTypeRegistry - Adding type registration [Ljava.lang.Character; -> org.hibernate.type.CharacterArrayType@2e189552
17:03:34.807 [Test worker] DEBUG org.hibernate.type.BasicTypeRegistry - Adding type registration Character[] -> org.hibernate.type.CharacterArrayType@2e189552
17:03:34.807 [Test worker] DEBUG org.hibernate.type.BasicTypeRegistry - Adding type registration text -> org.hibernate.type.TextType@3bb4f48d
17:03:34.807 [Test worker] DEBUG org.hibernate.type.BasicTypeRegistry - Adding type registration ntext -> org.hibernate.type.NTextType@7fc44815
17:03:34.807 [Test worker] DEBUG org.hibernate.type.BasicTypeRegistry - Adding type registration blob -> org.hibernate.type.BlobType@70984021
17:03:34.807 [Test worker] DEBUG org.hibernate.type.BasicTypeRegistry - Adding type registration java.sql.Blob -> org.hibernate.type.BlobType@70984021
17:03:34.807 [Test worker] DEBUG org.hibernate.type.BasicTypeRegistry - Adding type registration materialized_blob -> org.hibernate.type.MaterializedBlobType@7b392ea8
17:03:34.807 [Test worker] DEBUG org.hibernate.type.BasicTypeRegistry - Adding type registration clob -> org.hibernate.type.ClobType@249973df
17:03:34.807 [Test worker] DEBUG org.hibernate.type.BasicTypeRegistry - Adding type registration java.sql.Clob -> org.hibernate.type.ClobType@249973df
17:03:34.807 [Test worker] DEBUG org.hibernate.type.BasicTypeRegistry - Adding type registration nclob -> org.hibernate.type.NClobType@993bb9e
17:03:34.807 [Test worker] DEBUG org.hibernate.type.BasicTypeRegistry - Adding type registration java.sql.NClob -> org.hibernate.type.NClobType@993bb9e
17:03:34.807 [Test worker] DEBUG org.hibernate.type.BasicTypeRegistry - Adding type registration materialized_clob -> org.hibernate.type.MaterializedClobType@5eddde51
17:03:34.807 [Test worker] DEBUG org.hibernate.type.BasicTypeRegistry - Adding type registration materialized_nclob -> org.hibernate.type.MaterializedNClobType@20503ff1
17:03:34.807 [Test worker] DEBUG org.hibernate.type.BasicTypeRegistry - Adding type registration serializable -> org.hibernate.type.SerializableType@11fb506a
17:03:34.807 [Test worker] DEBUG org.hibernate.type.BasicTypeRegistry - Adding type registration object -> org.hibernate.type.ObjectType@40b10f8c
17:03:34.807 [Test worker] DEBUG org.hibernate.type.BasicTypeRegistry - Adding type registration java.lang.Object -> org.hibernate.type.ObjectType@40b10f8c
17:03:34.807 [Test worker] DEBUG org.hibernate.type.BasicTypeRegistry - Adding type registration imm_date -> org.hibernate.type.AdaptedImmutableType@716a3cec
17:03:34.808 [Test worker] DEBUG org.hibernate.type.BasicTypeRegistry - Adding type registration imm_time -> org.hibernate.type.AdaptedImmutableType@58854aa4
17:03:34.808 [Test worker] DEBUG org.hibernate.type.BasicTypeRegistry - Adding type registration imm_timestamp -> org.hibernate.type.AdaptedImmutableType@5acc2303
17:03:34.808 [Test worker] DEBUG org.hibernate.type.BasicTypeRegistry - Adding type registration imm_dbtimestamp -> org.hibernate.type.AdaptedImmutableType@4b39f44d
17:03:34.808 [Test worker] DEBUG org.hibernate.type.BasicTypeRegistry - Adding type registration imm_calendar -> org.hibernate.type.AdaptedImmutableType@6b142c9a
17:03:34.808 [Test worker] DEBUG org.hibernate.type.BasicTypeRegistry - Adding type registration imm_calendar_date -> org.hibernate.type.AdaptedImmutableType@19368b36
17:03:34.808 [Test worker] DEBUG org.hibernate.type.BasicTypeRegistry - Adding type registration imm_binary -> org.hibernate.type.AdaptedImmutableType@22d96728
17:03:34.808 [Test worker] DEBUG org.hibernate.type.BasicTypeRegistry - Adding type registration imm_serializable -> org.hibernate.type.AdaptedImmutableType@26c664a2
17:03:34.809 [Test worker] DEBUG org.hibernate.boot.internal.BootstrapContextImpl - Injecting JPA temp ClassLoader [org.springframework.instrument.classloading.SimpleThrowawayClassLoader@413eb58e] into BootstrapContext; was [null]
17:03:34.809 [Test worker] DEBUG org.hibernate.boot.internal.ClassLoaderAccessImpl - ClassLoaderAccessImpl#injectTempClassLoader(org.springframework.instrument.classloading.SimpleThrowawayClassLoader@413eb58e) [was null]
17:03:34.809 [Test worker] DEBUG org.hibernate.boot.internal.BootstrapContextImpl - Injecting ScanEnvironment [org.hibernate.jpa.boot.internal.StandardJpaScanEnvironmentImpl@28377aa6] into BootstrapContext; was [null]
17:03:34.809 [Test worker] DEBUG org.hibernate.boot.internal.BootstrapContextImpl - Injecting ScanOptions [org.hibernate.boot.archive.scan.internal.StandardScanOptions@3d41f876] into BootstrapContext; was [org.hibernate.boot.archive.scan.internal.StandardScanOptions@3656ffde]
17:03:34.812 [Test worker] DEBUG org.hibernate.boot.internal.BootstrapContextImpl - Injecting JPA temp ClassLoader [null] into BootstrapContext; was [org.springframework.instrument.classloading.SimpleThrowawayClassLoader@413eb58e]
17:03:34.812 [Test worker] DEBUG org.hibernate.boot.internal.ClassLoaderAccessImpl - ClassLoaderAccessImpl#injectTempClassLoader(null) [was org.springframework.instrument.classloading.SimpleThrowawayClassLoader@413eb58e]
17:03:34.812 [Test worker] DEBUG org.hibernate.id.factory.internal.DefaultIdentifierGeneratorFactory - Registering IdentifierGenerator strategy [uuid2] -> [org.hibernate.id.UUIDGenerator]
17:03:34.812 [Test worker] DEBUG org.hibernate.id.factory.internal.DefaultIdentifierGeneratorFactory - Registering IdentifierGenerator strategy [guid] -> [org.hibernate.id.GUIDGenerator]
17:03:34.812 [Test worker] DEBUG org.hibernate.id.factory.internal.DefaultIdentifierGeneratorFactory - Registering IdentifierGenerator strategy [uuid] -> [org.hibernate.id.UUIDHexGenerator]
17:03:34.812 [Test worker] DEBUG org.hibernate.id.factory.internal.DefaultIdentifierGeneratorFactory - Registering IdentifierGenerator strategy [uuid.hex] -> [org.hibernate.id.UUIDHexGenerator]
17:03:34.812 [Test worker] DEBUG org.hibernate.id.factory.internal.DefaultIdentifierGeneratorFactory - Registering IdentifierGenerator strategy [assigned] -> [org.hibernate.id.Assigned]
17:03:34.812 [Test worker] DEBUG org.hibernate.id.factory.internal.DefaultIdentifierGeneratorFactory - Registering IdentifierGenerator strategy [identity] -> [org.hibernate.id.IdentityGenerator]
17:03:34.812 [Test worker] DEBUG org.hibernate.id.factory.internal.DefaultIdentifierGeneratorFactory - Registering IdentifierGenerator strategy [select] -> [org.hibernate.id.SelectGenerator]
17:03:34.812 [Test worker] DEBUG org.hibernate.id.factory.internal.DefaultIdentifierGeneratorFactory - Registering IdentifierGenerator strategy [sequence] -> [org.hibernate.id.enhanced.SequenceStyleGenerator]
17:03:34.812 [Test worker] DEBUG org.hibernate.id.factory.internal.DefaultIdentifierGeneratorFactory - Registering IdentifierGenerator strategy [seqhilo] -> [org.hibernate.id.SequenceHiLoGenerator]
17:03:34.812 [Test worker] DEBUG org.hibernate.id.factory.internal.DefaultIdentifierGeneratorFactory - Registering IdentifierGenerator strategy [increment] -> [org.hibernate.id.IncrementGenerator]
17:03:34.812 [Test worker] DEBUG org.hibernate.id.factory.internal.DefaultIdentifierGeneratorFactory - Registering IdentifierGenerator strategy [foreign] -> [org.hibernate.id.ForeignGenerator]
17:03:34.812 [Test worker] DEBUG org.hibernate.id.factory.internal.DefaultIdentifierGeneratorFactory - Registering IdentifierGenerator strategy [sequence-identity] -> [org.hibernate.id.SequenceIdentityGenerator]
17:03:34.812 [Test worker] DEBUG org.hibernate.id.factory.internal.DefaultIdentifierGeneratorFactory - Registering IdentifierGenerator strategy [enhanced-sequence] -> [org.hibernate.id.enhanced.SequenceStyleGenerator]
17:03:34.812 [Test worker] DEBUG org.hibernate.id.factory.internal.DefaultIdentifierGeneratorFactory - Registering IdentifierGenerator strategy [enhanced-table] -> [org.hibernate.id.enhanced.TableGenerator]
17:03:34.812 [Test worker] DEBUG org.hibernate.engine.jdbc.env.internal.JdbcEnvironmentInitiator - Database ->
       name : H2
    version : 1.4.197 (2018-03-18)
      major : 1
      minor : 4
17:03:34.812 [Test worker] DEBUG org.hibernate.engine.jdbc.env.internal.JdbcEnvironmentInitiator - Driver ->
       name : H2 JDBC Driver
    version : 1.4.197 (2018-03-18)
      major : 1
      minor : 4
17:03:34.812 [Test worker] DEBUG org.hibernate.engine.jdbc.env.internal.JdbcEnvironmentInitiator - JDBC version : 4.0
17:03:34.812 [Test worker] INFO org.hibernate.dialect.Dialect - HHH000400: Using dialect: org.hibernate.dialect.H2Dialect
17:03:34.816 [Test worker] DEBUG org.hibernate.boot.model.relational.Namespace - Created database namespace [logicalName=Name{catalog=null, schema=null}, physicalName=Name{catalog=null, schema=null}]
17:03:34.817 [Test worker] DEBUG org.hibernate.type.spi.TypeConfiguration$Scope - Scoping TypeConfiguration [org.hibernate.type.spi.TypeConfiguration@2bbe4457] to MetadataBuildingContext [org.hibernate.boot.internal.MetadataBuildingContextRootImpl@523c50a4]
17:03:34.817 [Test worker] DEBUG org.hibernate.cfg.AnnotationBinder - Binding entity from annotated class: com.epam.esm.entity.Entity
17:03:34.817 [Test worker] DEBUG org.hibernate.cfg.Ejb3Column - Binding column: Ejb3DiscriminatorColumn{logicalColumnName'DTYPE', discriminatorTypeName='string'}
17:03:34.817 [Test worker] DEBUG org.hibernate.cfg.annotations.EntityBinder - Import with entity name Entity
17:03:34.817 [Test worker] DEBUG org.hibernate.cfg.annotations.EntityBinder - Bind entity com.epam.esm.entity.Entity on table entity
17:03:34.818 [Test worker] DEBUG org.hibernate.cfg.Ejb3Column - Binding column: Ejb3Column{table=org.hibernate.mapping.Table(entity), mappingColumn=id, insertable=true, updatable=true, unique=false}
17:03:34.818 [Test worker] DEBUG org.hibernate.cfg.annotations.PropertyBinder - MetadataSourceProcessor property id with lazy=false
17:03:34.818 [Test worker] DEBUG org.hibernate.cfg.AbstractPropertyHolder - Attempting to locate auto-apply AttributeConverter for property [com.epam.esm.entity.Entity:id]
17:03:34.818 [Test worker] DEBUG org.hibernate.cfg.annotations.SimpleValueBinder - building SimpleValue for id
17:03:34.818 [Test worker] DEBUG org.hibernate.cfg.annotations.PropertyBinder - Building property id
17:03:34.818 [Test worker] DEBUG org.hibernate.cfg.BinderHelper - #makeIdGenerator(org.hibernate.mapping.SimpleValue([org.hibernate.mapping.Column(id)]), id, identity, , ...)
17:03:34.818 [Test worker] DEBUG org.hibernate.cfg.AnnotationBinder - Binding entity from annotated class: com.epam.esm.entity.GiftCertificate
17:03:34.818 [Test worker] DEBUG org.hibernate.cfg.Ejb3Column - Binding column: Ejb3DiscriminatorColumn{logicalColumnName'DTYPE', discriminatorTypeName='string'}
17:03:34.818 [Test worker] DEBUG org.hibernate.cfg.annotations.EntityBinder - Import with entity name GiftCertificate
17:03:34.818 [Test worker] DEBUG org.hibernate.cfg.annotations.EntityBinder - Bind entity com.epam.esm.entity.GiftCertificate on table certificate
17:03:34.819 [Test worker] DEBUG org.hibernate.cfg.Ejb3Column - Binding column: Ejb3Column{table=org.hibernate.mapping.Table(certificate), mappingColumn=id, insertable=true, updatable=true, unique=false}
17:03:34.819 [Test worker] DEBUG org.hibernate.cfg.annotations.PropertyBinder - MetadataSourceProcessor property id with lazy=false
17:03:34.819 [Test worker] DEBUG org.hibernate.cfg.AbstractPropertyHolder - Attempting to locate auto-apply AttributeConverter for property [com.epam.esm.entity.GiftCertificate:id]
17:03:34.819 [Test worker] DEBUG org.hibernate.cfg.annotations.SimpleValueBinder - building SimpleValue for id
17:03:34.819 [Test worker] DEBUG org.hibernate.cfg.annotations.PropertyBinder - Building property id
17:03:34.819 [Test worker] DEBUG org.hibernate.cfg.BinderHelper - #makeIdGenerator(org.hibernate.mapping.SimpleValue([org.hibernate.mapping.Column(id)]), id, identity, , ...)
17:03:34.819 [Test worker] DEBUG org.hibernate.cfg.Ejb3Column - Binding column: Ejb3Column{table=org.hibernate.mapping.Table(certificate), mappingColumn=active_status, insertable=true, updatable=true, unique=false}
17:03:34.819 [Test worker] DEBUG org.hibernate.cfg.annotations.PropertyBinder - MetadataSourceProcessor property activeStatus with lazy=false
17:03:34.819 [Test worker] DEBUG org.hibernate.cfg.AbstractPropertyHolder - Attempting to locate auto-apply AttributeConverter for property [com.epam.esm.entity.GiftCertificate:activeStatus]
17:03:34.819 [Test worker] DEBUG org.hibernate.cfg.annotations.SimpleValueBinder - building SimpleValue for activeStatus
17:03:34.819 [Test worker] DEBUG org.hibernate.cfg.annotations.PropertyBinder - Building property activeStatus
17:03:34.819 [Test worker] DEBUG org.hibernate.cfg.Ejb3Column - Binding column: Ejb3Column{table=org.hibernate.mapping.Table(certificate), mappingColumn=creation_date, insertable=true, updatable=true, unique=false}
17:03:34.819 [Test worker] DEBUG org.hibernate.cfg.annotations.PropertyBinder - MetadataSourceProcessor property creationDate with lazy=false
17:03:34.819 [Test worker] DEBUG org.hibernate.cfg.AbstractPropertyHolder - Attempting to locate auto-apply AttributeConverter for property [com.epam.esm.entity.GiftCertificate:creationDate]
17:03:34.819 [Test worker] DEBUG org.hibernate.cfg.annotations.SimpleValueBinder - building SimpleValue for creationDate
17:03:34.820 [Test worker] DEBUG org.hibernate.cfg.annotations.PropertyBinder - Building property creationDate
17:03:34.820 [Test worker] DEBUG org.hibernate.cfg.Ejb3Column - Binding column: Ejb3Column{table=org.hibernate.mapping.Table(certificate), mappingColumn=description, insertable=true, updatable=true, unique=false}
17:03:34.820 [Test worker] DEBUG org.hibernate.cfg.annotations.PropertyBinder - MetadataSourceProcessor property description with lazy=false
17:03:34.820 [Test worker] DEBUG org.hibernate.cfg.AbstractPropertyHolder - Attempting to locate auto-apply AttributeConverter for property [com.epam.esm.entity.GiftCertificate:description]
17:03:34.820 [Test worker] DEBUG org.hibernate.cfg.annotations.SimpleValueBinder - building SimpleValue for description
17:03:34.820 [Test worker] DEBUG org.hibernate.cfg.annotations.PropertyBinder - Building property description
17:03:34.820 [Test worker] DEBUG org.hibernate.cfg.Ejb3Column - Binding column: Ejb3Column{table=org.hibernate.mapping.Table(certificate), mappingColumn=expiration_date, insertable=true, updatable=true, unique=false}
17:03:34.820 [Test worker] DEBUG org.hibernate.cfg.annotations.PropertyBinder - MetadataSourceProcessor property expirationDate with lazy=false
17:03:34.820 [Test worker] DEBUG org.hibernate.cfg.AbstractPropertyHolder - Attempting to locate auto-apply AttributeConverter for property [com.epam.esm.entity.GiftCertificate:expirationDate]
17:03:34.820 [Test worker] DEBUG org.hibernate.cfg.annotations.SimpleValueBinder - building SimpleValue for expirationDate
17:03:34.820 [Test worker] DEBUG org.hibernate.cfg.annotations.PropertyBinder - Building property expirationDate
17:03:34.820 [Test worker] DEBUG org.hibernate.cfg.Ejb3Column - Binding column: Ejb3Column{table=org.hibernate.mapping.Table(certificate), mappingColumn=modification_date, insertable=true, updatable=true, unique=false}
17:03:34.820 [Test worker] DEBUG org.hibernate.cfg.annotations.PropertyBinder - MetadataSourceProcessor property modificationDate with lazy=false
17:03:34.820 [Test worker] DEBUG org.hibernate.cfg.AbstractPropertyHolder - Attempting to locate auto-apply AttributeConverter for property [com.epam.esm.entity.GiftCertificate:modificationDate]
17:03:34.820 [Test worker] DEBUG org.hibernate.cfg.annotations.SimpleValueBinder - building SimpleValue for modificationDate
17:03:34.820 [Test worker] DEBUG org.hibernate.cfg.annotations.PropertyBinder - Building property modificationDate
17:03:34.820 [Test worker] DEBUG org.hibernate.cfg.Ejb3Column - Binding column: Ejb3Column{table=org.hibernate.mapping.Table(certificate), mappingColumn=name, insertable=true, updatable=true, unique=false}
17:03:34.820 [Test worker] DEBUG org.hibernate.cfg.annotations.PropertyBinder - MetadataSourceProcessor property name with lazy=false
17:03:34.820 [Test worker] DEBUG org.hibernate.cfg.AbstractPropertyHolder - Attempting to locate auto-apply AttributeConverter for property [com.epam.esm.entity.GiftCertificate:name]
17:03:34.820 [Test worker] DEBUG org.hibernate.cfg.annotations.SimpleValueBinder - building SimpleValue for name
17:03:34.820 [Test worker] DEBUG org.hibernate.cfg.annotations.PropertyBinder - Building property name
17:03:34.821 [Test worker] DEBUG org.hibernate.cfg.Ejb3Column - Binding column: Ejb3JoinColumn{logicalColumnName='null', referencedColumn='null', mappedBy='certificate'}
17:03:34.821 [Test worker] DEBUG org.hibernate.cfg.Ejb3Column - Binding column: Ejb3Column{table=org.hibernate.mapping.Table(certificate), mappingColumn=order_certificates, insertable=true, updatable=true, unique=false}
17:03:34.821 [Test worker] DEBUG org.hibernate.cfg.Ejb3Column - Binding column: Ejb3Column{table=org.hibernate.mapping.Table(certificate), mappingColumn=null, insertable=true, updatable=true, unique=false}
17:03:34.821 [Test worker] DEBUG org.hibernate.cfg.Ejb3Column - Binding column: Ejb3Column{table=org.hibernate.mapping.Table(certificate), mappingColumn=element, insertable=true, updatable=true, unique=false}
17:03:34.821 [Test worker] DEBUG org.hibernate.cfg.Ejb3Column - Binding column: Ejb3Column{table=org.hibernate.mapping.Table(certificate), mappingColumn=order_certificates_key, insertable=true, updatable=true, unique=false}
17:03:34.821 [Test worker] DEBUG org.hibernate.cfg.Ejb3Column - Binding column: Ejb3JoinColumn{logicalColumnName='orderCertificates_KEY', referencedColumn='null', mappedBy='null'}
17:03:34.821 [Test worker] DEBUG org.hibernate.cfg.Ejb3Column - Binding column: Ejb3JoinColumn{logicalColumnName='null', referencedColumn='null', mappedBy='certificate'}
17:03:34.821 [Test worker] DEBUG org.hibernate.cfg.Ejb3Column - Binding column: Ejb3JoinColumn{logicalColumnName='null', referencedColumn='null', mappedBy='certificate'}
17:03:34.821 [Test worker] DEBUG org.hibernate.cfg.annotations.CollectionBinder - Collection role: com.epam.esm.entity.GiftCertificate.orderCertificates
17:03:34.821 [Test worker] DEBUG org.hibernate.cfg.annotations.PropertyBinder - Building property orderCertificates
17:03:34.821 [Test worker] DEBUG org.hibernate.cfg.Ejb3Column - Binding column: Ejb3Column{table=org.hibernate.mapping.Table(certificate), mappingColumn=price, insertable=true, updatable=true, unique=false}
17:03:34.821 [Test worker] DEBUG org.hibernate.cfg.annotations.PropertyBinder - MetadataSourceProcessor property price with lazy=false
17:03:34.821 [Test worker] DEBUG org.hibernate.cfg.AbstractPropertyHolder - Attempting to locate auto-apply AttributeConverter for property [com.epam.esm.entity.GiftCertificate:price]
17:03:34.821 [Test worker] DEBUG org.hibernate.cfg.annotations.SimpleValueBinder - building SimpleValue for price
17:03:34.821 [Test worker] DEBUG org.hibernate.cfg.annotations.PropertyBinder - Building property price
17:03:34.821 [Test worker] DEBUG org.hibernate.cfg.Ejb3Column - Binding column: Ejb3Column{table=org.hibernate.mapping.Table(certificate), mappingColumn=null, insertable=true, updatable=true, unique=false}
17:03:34.821 [Test worker] DEBUG org.hibernate.cfg.Ejb3Column - Binding column: Ejb3Column{table=org.hibernate.mapping.Table(certificate), mappingColumn=element, insertable=true, updatable=true, unique=false}
17:03:34.822 [Test worker] DEBUG org.hibernate.cfg.Ejb3Column - Binding column: Ejb3Column{table=org.hibernate.mapping.Table(certificate), mappingColumn=tags_key, insertable=true, updatable=true, unique=false}
17:03:34.822 [Test worker] DEBUG org.hibernate.cfg.Ejb3Column - Binding column: Ejb3JoinColumn{logicalColumnName='tags_KEY', referencedColumn='null', mappedBy='null'}
17:03:34.822 [Test worker] DEBUG org.hibernate.cfg.Ejb3Column - Binding column: Ejb3JoinColumn{logicalColumnName='certificate_id', referencedColumn='', mappedBy=''}
17:03:34.822 [Test worker] DEBUG org.hibernate.cfg.Ejb3Column - Binding column: Ejb3JoinColumn{logicalColumnName='tag_id', referencedColumn='', mappedBy=''}
17:03:34.822 [Test worker] DEBUG org.hibernate.cfg.annotations.CollectionBinder - Collection role: com.epam.esm.entity.GiftCertificate.tags
17:03:34.822 [Test worker] DEBUG org.hibernate.cfg.annotations.PropertyBinder - Building property tags
17:03:34.822 [Test worker] DEBUG org.hibernate.cfg.AnnotationBinder - Binding entity from annotated class: com.epam.esm.entity.Order
17:03:34.822 [Test worker] DEBUG org.hibernate.cfg.Ejb3Column - Binding column: Ejb3DiscriminatorColumn{logicalColumnName'DTYPE', discriminatorTypeName='string'}
17:03:34.822 [Test worker] DEBUG org.hibernate.cfg.annotations.EntityBinder - Import with entity name Order
17:03:34.822 [Test worker] DEBUG org.hibernate.cfg.annotations.EntityBinder - Bind entity com.epam.esm.entity.Order on table application_order
17:03:34.822 [Test worker] DEBUG org.hibernate.cfg.Ejb3Column - Binding column: Ejb3Column{table=org.hibernate.mapping.Table(application_order), mappingColumn=id, insertable=true, updatable=true, unique=false}
17:03:34.822 [Test worker] DEBUG org.hibernate.cfg.annotations.PropertyBinder - MetadataSourceProcessor property id with lazy=false
17:03:34.822 [Test worker] DEBUG org.hibernate.cfg.AbstractPropertyHolder - Attempting to locate auto-apply AttributeConverter for property [com.epam.esm.entity.Order:id]
17:03:34.822 [Test worker] DEBUG org.hibernate.cfg.annotations.SimpleValueBinder - building SimpleValue for id
17:03:34.822 [Test worker] DEBUG org.hibernate.cfg.annotations.PropertyBinder - Building property id
17:03:34.822 [Test worker] DEBUG org.hibernate.cfg.BinderHelper - #makeIdGenerator(org.hibernate.mapping.SimpleValue([org.hibernate.mapping.Column(id)]), id, identity, , ...)
17:03:34.823 [Test worker] DEBUG org.hibernate.cfg.Ejb3Column - Binding column: Ejb3Column{table=org.hibernate.mapping.Table(application_order), mappingColumn=active_status, insertable=true, updatable=true, unique=false}
17:03:34.823 [Test worker] DEBUG org.hibernate.cfg.annotations.PropertyBinder - MetadataSourceProcessor property activeStatus with lazy=false
17:03:34.823 [Test worker] DEBUG org.hibernate.cfg.AbstractPropertyHolder - Attempting to locate auto-apply AttributeConverter for property [com.epam.esm.entity.Order:activeStatus]
17:03:34.823 [Test worker] DEBUG org.hibernate.cfg.annotations.SimpleValueBinder - building SimpleValue for activeStatus
17:03:34.823 [Test worker] DEBUG org.hibernate.cfg.annotations.PropertyBinder - Building property activeStatus
17:03:34.823 [Test worker] DEBUG org.hibernate.cfg.Ejb3Column - Binding column: Ejb3Column{table=org.hibernate.mapping.Table(application_order), mappingColumn=created_at, insertable=true, updatable=true, unique=false}
17:03:34.823 [Test worker] DEBUG org.hibernate.cfg.annotations.PropertyBinder - MetadataSourceProcessor property createdAt with lazy=false
17:03:34.823 [Test worker] DEBUG org.hibernate.cfg.AbstractPropertyHolder - Attempting to locate auto-apply AttributeConverter for property [com.epam.esm.entity.Order:createdAt]
17:03:34.823 [Test worker] DEBUG org.hibernate.cfg.annotations.SimpleValueBinder - building SimpleValue for createdAt
17:03:34.823 [Test worker] DEBUG org.hibernate.cfg.annotations.PropertyBinder - Building property createdAt
17:03:34.823 [Test worker] DEBUG org.hibernate.cfg.Ejb3Column - Binding column: Ejb3JoinColumn{logicalColumnName='null', referencedColumn='null', mappedBy='order'}
17:03:34.823 [Test worker] DEBUG org.hibernate.cfg.Ejb3Column - Binding column: Ejb3Column{table=org.hibernate.mapping.Table(application_order), mappingColumn=order_certificates, insertable=true, updatable=true, unique=false}
17:03:34.823 [Test worker] DEBUG org.hibernate.cfg.Ejb3Column - Binding column: Ejb3Column{table=org.hibernate.mapping.Table(application_order), mappingColumn=null, insertable=true, updatable=true, unique=false}
17:03:34.823 [Test worker] DEBUG org.hibernate.cfg.Ejb3Column - Binding column: Ejb3Column{table=org.hibernate.mapping.Table(application_order), mappingColumn=element, insertable=true, updatable=true, unique=false}
17:03:34.823 [Test worker] DEBUG org.hibernate.cfg.Ejb3Column - Binding column: Ejb3Column{table=org.hibernate.mapping.Table(application_order), mappingColumn=order_certificates_key, insertable=true, updatable=true, unique=false}
17:03:34.823 [Test worker] DEBUG org.hibernate.cfg.Ejb3Column - Binding column: Ejb3JoinColumn{logicalColumnName='orderCertificates_KEY', referencedColumn='null', mappedBy='null'}
17:03:34.823 [Test worker] DEBUG org.hibernate.cfg.Ejb3Column - Binding column: Ejb3JoinColumn{logicalColumnName='null', referencedColumn='null', mappedBy='order'}
17:03:34.823 [Test worker] DEBUG org.hibernate.cfg.Ejb3Column - Binding column: Ejb3JoinColumn{logicalColumnName='null', referencedColumn='null', mappedBy='order'}
17:03:34.823 [Test worker] DEBUG org.hibernate.cfg.annotations.CollectionBinder - Collection role: com.epam.esm.entity.Order.orderCertificates
17:03:34.823 [Test worker] DEBUG org.hibernate.cfg.annotations.PropertyBinder - Building property orderCertificates
17:03:34.823 [Test worker] DEBUG org.hibernate.cfg.Ejb3Column - Binding column: Ejb3JoinColumn{logicalColumnName='user_id', referencedColumn='', mappedBy=''}
17:03:34.824 [Test worker] DEBUG org.hibernate.cfg.Ejb3Column - Binding column: Ejb3Column{table=org.hibernate.mapping.Table(application_order), mappingColumn=user, insertable=true, updatable=true, unique=false}
17:03:34.824 [Test worker] DEBUG org.hibernate.cfg.annotations.PropertyBinder - Building property user
17:03:34.824 [Test worker] DEBUG org.hibernate.cfg.AnnotationBinder - Binding entity from annotated class: com.epam.esm.entity.OrderCertificate
17:03:34.824 [Test worker] DEBUG org.hibernate.cfg.Ejb3Column - Binding column: Ejb3DiscriminatorColumn{logicalColumnName'DTYPE', discriminatorTypeName='string'}
17:03:34.824 [Test worker] DEBUG org.hibernate.cfg.annotations.EntityBinder - Import with entity name OrderCertificate
17:03:34.824 [Test worker] DEBUG org.hibernate.cfg.annotations.EntityBinder - Bind entity com.epam.esm.entity.OrderCertificate on table order_certificate
17:03:34.824 [Test worker] DEBUG org.hibernate.cfg.Ejb3Column - Binding column: Ejb3Column{table=org.hibernate.mapping.Table(order_certificate), mappingColumn=id, insertable=true, updatable=true, unique=false}
17:03:34.824 [Test worker] DEBUG org.hibernate.cfg.annotations.PropertyBinder - MetadataSourceProcessor property id with lazy=false
17:03:34.824 [Test worker] DEBUG org.hibernate.cfg.AbstractPropertyHolder - Attempting to locate auto-apply AttributeConverter for property [com.epam.esm.entity.OrderCertificate:id]
17:03:34.824 [Test worker] DEBUG org.hibernate.cfg.annotations.SimpleValueBinder - building SimpleValue for id
17:03:34.824 [Test worker] DEBUG org.hibernate.cfg.annotations.PropertyBinder - Building property id
17:03:34.824 [Test worker] DEBUG org.hibernate.cfg.BinderHelper - #makeIdGenerator(org.hibernate.mapping.SimpleValue([org.hibernate.mapping.Column(id)]), id, identity, , ...)
17:03:34.825 [Test worker] DEBUG org.hibernate.cfg.Ejb3Column - Binding column: Ejb3JoinColumn{logicalColumnName='null', referencedColumn='', mappedBy=''}
17:03:34.825 [Test worker] DEBUG org.hibernate.cfg.Ejb3Column - Binding column: Ejb3Column{table=org.hibernate.mapping.Table(order_certificate), mappingColumn=certificate, insertable=true, updatable=true, unique=false}
17:03:34.825 [Test worker] DEBUG org.hibernate.cfg.annotations.PropertyBinder - Building property certificate
17:03:34.825 [Test worker] DEBUG org.hibernate.cfg.Ejb3Column - Binding column: Ejb3Column{table=org.hibernate.mapping.Table(order_certificate), mappingColumn=expiration_date, insertable=true, updatable=true, unique=false}
17:03:34.825 [Test worker] DEBUG org.hibernate.cfg.annotations.PropertyBinder - MetadataSourceProcessor property expirationDate with lazy=false
17:03:34.825 [Test worker] DEBUG org.hibernate.cfg.AbstractPropertyHolder - Attempting to locate auto-apply AttributeConverter for property [com.epam.esm.entity.OrderCertificate:expirationDate]
17:03:34.825 [Test worker] DEBUG org.hibernate.cfg.annotations.SimpleValueBinder - building SimpleValue for expirationDate
17:03:34.825 [Test worker] DEBUG org.hibernate.cfg.annotations.PropertyBinder - Building property expirationDate
17:03:34.825 [Test worker] DEBUG org.hibernate.cfg.Ejb3Column - Binding column: Ejb3Column{table=org.hibernate.mapping.Table(order_certificate), mappingColumn=fixed_price, insertable=true, updatable=true, unique=false}
17:03:34.825 [Test worker] DEBUG org.hibernate.cfg.annotations.PropertyBinder - MetadataSourceProcessor property fixedPrice with lazy=false
17:03:34.825 [Test worker] DEBUG org.hibernate.cfg.AbstractPropertyHolder - Attempting to locate auto-apply AttributeConverter for property [com.epam.esm.entity.OrderCertificate:fixedPrice]
17:03:34.825 [Test worker] DEBUG org.hibernate.cfg.annotations.SimpleValueBinder - building SimpleValue for fixedPrice
17:03:34.825 [Test worker] DEBUG org.hibernate.cfg.annotations.PropertyBinder - Building property fixedPrice
17:03:34.825 [Test worker] DEBUG org.hibernate.cfg.Ejb3Column - Binding column: Ejb3JoinColumn{logicalColumnName='null', referencedColumn='', mappedBy=''}
17:03:34.825 [Test worker] DEBUG org.hibernate.cfg.Ejb3Column - Binding column: Ejb3Column{table=org.hibernate.mapping.Table(order_certificate), mappingColumn=order, insertable=true, updatable=true, unique=false}
17:03:34.825 [Test worker] DEBUG org.hibernate.cfg.annotations.PropertyBinder - Building property order
17:03:34.826 [Test worker] DEBUG org.hibernate.cfg.AnnotationBinder - Binding entity from annotated class: com.epam.esm.entity.Role
17:03:34.826 [Test worker] DEBUG org.hibernate.cfg.Ejb3Column - Binding column: Ejb3DiscriminatorColumn{logicalColumnName'DTYPE', discriminatorTypeName='string'}
17:03:34.826 [Test worker] DEBUG org.hibernate.cfg.annotations.EntityBinder - Import with entity name Role
17:03:34.826 [Test worker] DEBUG org.hibernate.cfg.annotations.EntityBinder - Bind entity com.epam.esm.entity.Role on table application_role
17:03:34.826 [Test worker] DEBUG org.hibernate.cfg.Ejb3Column - Binding column: Ejb3Column{table=org.hibernate.mapping.Table(application_role), mappingColumn=id, insertable=true, updatable=true, unique=false}
17:03:34.826 [Test worker] DEBUG org.hibernate.cfg.annotations.PropertyBinder - MetadataSourceProcessor property id with lazy=false
17:03:34.826 [Test worker] DEBUG org.hibernate.cfg.AbstractPropertyHolder - Attempting to locate auto-apply AttributeConverter for property [com.epam.esm.entity.Role:id]
17:03:34.826 [Test worker] DEBUG org.hibernate.cfg.annotations.SimpleValueBinder - building SimpleValue for id
17:03:34.826 [Test worker] DEBUG org.hibernate.cfg.annotations.PropertyBinder - Building property id
17:03:34.826 [Test worker] DEBUG org.hibernate.cfg.BinderHelper - #makeIdGenerator(org.hibernate.mapping.SimpleValue([org.hibernate.mapping.Column(id)]), id, identity, , ...)
17:03:34.826 [Test worker] DEBUG org.hibernate.cfg.Ejb3Column - Binding column: Ejb3Column{table=org.hibernate.mapping.Table(application_role), mappingColumn=value, insertable=true, updatable=true, unique=false}
17:03:34.826 [Test worker] DEBUG org.hibernate.cfg.annotations.PropertyBinder - MetadataSourceProcessor property value with lazy=false
17:03:34.827 [Test worker] DEBUG org.hibernate.cfg.AbstractPropertyHolder - Attempting to locate auto-apply AttributeConverter for property [com.epam.esm.entity.Role:value]
17:03:34.827 [Test worker] DEBUG org.hibernate.cfg.annotations.SimpleValueBinder - building SimpleValue for value
17:03:34.827 [Test worker] DEBUG org.hibernate.cfg.annotations.PropertyBinder - Building property value
17:03:34.827 [Test worker] DEBUG org.hibernate.cfg.AnnotationBinder - Binding entity from annotated class: com.epam.esm.entity.Tag
17:03:34.827 [Test worker] DEBUG org.hibernate.cfg.Ejb3Column - Binding column: Ejb3DiscriminatorColumn{logicalColumnName'DTYPE', discriminatorTypeName='string'}
17:03:34.827 [Test worker] DEBUG org.hibernate.cfg.annotations.EntityBinder - Import with entity name Tag
17:03:34.827 [Test worker] DEBUG org.hibernate.cfg.annotations.EntityBinder - Bind entity com.epam.esm.entity.Tag on table tag
17:03:34.827 [Test worker] DEBUG org.hibernate.cfg.Ejb3Column - Binding column: Ejb3Column{table=org.hibernate.mapping.Table(tag), mappingColumn=id, insertable=true, updatable=true, unique=false}
17:03:34.827 [Test worker] DEBUG org.hibernate.cfg.annotations.PropertyBinder - MetadataSourceProcessor property id with lazy=false
17:03:34.827 [Test worker] DEBUG org.hibernate.cfg.AbstractPropertyHolder - Attempting to locate auto-apply AttributeConverter for property [com.epam.esm.entity.Tag:id]
17:03:34.827 [Test worker] DEBUG org.hibernate.cfg.annotations.SimpleValueBinder - building SimpleValue for id
17:03:34.827 [Test worker] DEBUG org.hibernate.cfg.annotations.PropertyBinder - Building property id
17:03:34.827 [Test worker] DEBUG org.hibernate.cfg.BinderHelper - #makeIdGenerator(org.hibernate.mapping.SimpleValue([org.hibernate.mapping.Column(id)]), id, identity, , ...)
17:03:34.828 [Test worker] DEBUG org.hibernate.cfg.Ejb3Column - Binding column: Ejb3Column{table=org.hibernate.mapping.Table(tag), mappingColumn=title, insertable=true, updatable=false, unique=true}
17:03:34.828 [Test worker] DEBUG org.hibernate.cfg.annotations.PropertyBinder - MetadataSourceProcessor property title with lazy=false
17:03:34.828 [Test worker] DEBUG org.hibernate.cfg.AbstractPropertyHolder - Attempting to locate auto-apply AttributeConverter for property [com.epam.esm.entity.Tag:title]
17:03:34.828 [Test worker] DEBUG org.hibernate.cfg.annotations.SimpleValueBinder - building SimpleValue for title
17:03:34.828 [Test worker] DEBUG org.hibernate.cfg.annotations.PropertyBinder - Building property title
17:03:34.828 [Test worker] DEBUG org.hibernate.cfg.AnnotationBinder - Binding entity from annotated class: com.epam.esm.entity.User
17:03:34.828 [Test worker] DEBUG org.hibernate.cfg.Ejb3Column - Binding column: Ejb3DiscriminatorColumn{logicalColumnName'DTYPE', discriminatorTypeName='string'}
17:03:34.828 [Test worker] DEBUG org.hibernate.cfg.annotations.EntityBinder - Import with entity name User
17:03:34.828 [Test worker] DEBUG org.hibernate.cfg.annotations.EntityBinder - Bind entity com.epam.esm.entity.User on table application_user
17:03:34.828 [Test worker] DEBUG org.hibernate.cfg.Ejb3Column - Binding column: Ejb3Column{table=org.hibernate.mapping.Table(application_user), mappingColumn=id, insertable=true, updatable=true, unique=false}
17:03:34.829 [Test worker] DEBUG org.hibernate.cfg.annotations.PropertyBinder - MetadataSourceProcessor property id with lazy=false
17:03:34.829 [Test worker] DEBUG org.hibernate.cfg.AbstractPropertyHolder - Attempting to locate auto-apply AttributeConverter for property [com.epam.esm.entity.User:id]
17:03:34.829 [Test worker] DEBUG org.hibernate.cfg.annotations.SimpleValueBinder - building SimpleValue for id
17:03:34.829 [Test worker] DEBUG org.hibernate.cfg.annotations.PropertyBinder - Building property id
17:03:34.829 [Test worker] DEBUG org.hibernate.cfg.BinderHelper - #makeIdGenerator(org.hibernate.mapping.SimpleValue([org.hibernate.mapping.Column(id)]), id, identity, , ...)
17:03:34.829 [Test worker] DEBUG org.hibernate.cfg.Ejb3Column - Binding column: Ejb3Column{table=org.hibernate.mapping.Table(application_user), mappingColumn=email, insertable=true, updatable=true, unique=false}
17:03:34.829 [Test worker] DEBUG org.hibernate.cfg.annotations.PropertyBinder - MetadataSourceProcessor property email with lazy=false
17:03:34.829 [Test worker] DEBUG org.hibernate.cfg.AbstractPropertyHolder - Attempting to locate auto-apply AttributeConverter for property [com.epam.esm.entity.User:email]
17:03:34.829 [Test worker] DEBUG org.hibernate.cfg.annotations.SimpleValueBinder - building SimpleValue for email
17:03:34.829 [Test worker] DEBUG org.hibernate.cfg.annotations.PropertyBinder - Building property email
17:03:34.829 [Test worker] DEBUG org.hibernate.cfg.Ejb3Column - Binding column: Ejb3JoinColumn{logicalColumnName='null', referencedColumn='null', mappedBy='user'}
17:03:34.829 [Test worker] DEBUG org.hibernate.cfg.Ejb3Column - Binding column: Ejb3Column{table=org.hibernate.mapping.Table(application_user), mappingColumn=orders, insertable=true, updatable=true, unique=false}
17:03:34.829 [Test worker] DEBUG org.hibernate.cfg.Ejb3Column - Binding column: Ejb3Column{table=org.hibernate.mapping.Table(application_user), mappingColumn=null, insertable=true, updatable=true, unique=false}
17:03:34.829 [Test worker] DEBUG org.hibernate.cfg.Ejb3Column - Binding column: Ejb3Column{table=org.hibernate.mapping.Table(application_user), mappingColumn=element, insertable=true, updatable=true, unique=false}
17:03:34.829 [Test worker] DEBUG org.hibernate.cfg.Ejb3Column - Binding column: Ejb3Column{table=org.hibernate.mapping.Table(application_user), mappingColumn=orders_key, insertable=true, updatable=true, unique=false}
17:03:34.829 [Test worker] DEBUG org.hibernate.cfg.Ejb3Column - Binding column: Ejb3JoinColumn{logicalColumnName='orders_KEY', referencedColumn='null', mappedBy='null'}
17:03:34.829 [Test worker] DEBUG org.hibernate.cfg.Ejb3Column - Binding column: Ejb3JoinColumn{logicalColumnName='null', referencedColumn='null', mappedBy='user'}
17:03:34.829 [Test worker] DEBUG org.hibernate.cfg.Ejb3Column - Binding column: Ejb3JoinColumn{logicalColumnName='null', referencedColumn='null', mappedBy='user'}
17:03:34.829 [Test worker] DEBUG org.hibernate.cfg.annotations.CollectionBinder - Collection role: com.epam.esm.entity.User.orders
17:03:34.829 [Test worker] DEBUG org.hibernate.cfg.annotations.PropertyBinder - Building property orders
17:03:34.830 [Test worker] DEBUG org.hibernate.cfg.Ejb3Column - Binding column: Ejb3Column{table=org.hibernate.mapping.Table(application_user), mappingColumn=password, insertable=true, updatable=true, unique=false}
17:03:34.830 [Test worker] DEBUG org.hibernate.cfg.annotations.PropertyBinder - MetadataSourceProcessor property password with lazy=false
17:03:34.830 [Test worker] DEBUG org.hibernate.cfg.AbstractPropertyHolder - Attempting to locate auto-apply AttributeConverter for property [com.epam.esm.entity.User:password]
17:03:34.830 [Test worker] DEBUG org.hibernate.cfg.annotations.SimpleValueBinder - building SimpleValue for password
17:03:34.830 [Test worker] DEBUG org.hibernate.cfg.annotations.PropertyBinder - Building property password
17:03:34.830 [Test worker] DEBUG org.hibernate.cfg.Ejb3Column - Binding column: Ejb3Column{table=org.hibernate.mapping.Table(application_user), mappingColumn=refresh_token, insertable=true, updatable=true, unique=false}
17:03:34.830 [Test worker] DEBUG org.hibernate.cfg.annotations.PropertyBinder - MetadataSourceProcessor property refreshToken with lazy=false
17:03:34.830 [Test worker] DEBUG org.hibernate.cfg.AbstractPropertyHolder - Attempting to locate auto-apply AttributeConverter for property [com.epam.esm.entity.User:refreshToken]
17:03:34.830 [Test worker] DEBUG org.hibernate.cfg.annotations.SimpleValueBinder - building SimpleValue for refreshToken
17:03:34.830 [Test worker] DEBUG org.hibernate.cfg.annotations.PropertyBinder - Building property refreshToken
17:03:34.830 [Test worker] DEBUG org.hibernate.cfg.Ejb3Column - Binding column: Ejb3JoinColumn{logicalColumnName='role_id', referencedColumn='', mappedBy=''}
17:03:34.830 [Test worker] DEBUG org.hibernate.cfg.Ejb3Column - Binding column: Ejb3Column{table=org.hibernate.mapping.Table(application_user), mappingColumn=role, insertable=true, updatable=true, unique=false}
17:03:34.830 [Test worker] DEBUG org.hibernate.cfg.annotations.PropertyBinder - Building property role
17:03:34.831 [Test worker] DEBUG org.hibernate.cfg.annotations.SimpleValueBinder - Starting fillSimpleValue for id
17:03:34.831 [Test worker] DEBUG org.hibernate.cfg.annotations.SimpleValueBinder - Starting fillSimpleValue for id
17:03:34.831 [Test worker] DEBUG org.hibernate.cfg.annotations.SimpleValueBinder - Starting fillSimpleValue for activeStatus
17:03:34.831 [Test worker] DEBUG org.hibernate.cfg.annotations.SimpleValueBinder - Starting fillSimpleValue for creationDate
17:03:34.831 [Test worker] DEBUG org.hibernate.cfg.annotations.SimpleValueBinder - Starting fillSimpleValue for description
17:03:34.831 [Test worker] DEBUG org.hibernate.cfg.annotations.SimpleValueBinder - Starting fillSimpleValue for expirationDate
17:03:34.831 [Test worker] DEBUG org.hibernate.cfg.annotations.SimpleValueBinder - Starting fillSimpleValue for modificationDate
17:03:34.831 [Test worker] DEBUG org.hibernate.cfg.annotations.SimpleValueBinder - Starting fillSimpleValue for name
17:03:34.831 [Test worker] DEBUG org.hibernate.cfg.annotations.SimpleValueBinder - Starting fillSimpleValue for price
17:03:34.831 [Test worker] DEBUG org.hibernate.cfg.annotations.SimpleValueBinder - Starting fillSimpleValue for id
17:03:34.831 [Test worker] DEBUG org.hibernate.cfg.annotations.SimpleValueBinder - Starting fillSimpleValue for activeStatus
17:03:34.831 [Test worker] DEBUG org.hibernate.cfg.annotations.SimpleValueBinder - Starting fillSimpleValue for createdAt
17:03:34.831 [Test worker] DEBUG org.hibernate.cfg.annotations.SimpleValueBinder - Starting fillSimpleValue for id
17:03:34.831 [Test worker] DEBUG org.hibernate.cfg.annotations.SimpleValueBinder - Starting fillSimpleValue for expirationDate
17:03:34.831 [Test worker] DEBUG org.hibernate.cfg.annotations.SimpleValueBinder - Starting fillSimpleValue for fixedPrice
17:03:34.831 [Test worker] DEBUG org.hibernate.cfg.annotations.SimpleValueBinder - Starting fillSimpleValue for id
17:03:34.831 [Test worker] DEBUG org.hibernate.cfg.annotations.SimpleValueBinder - Starting fillSimpleValue for value
17:03:34.831 [Test worker] DEBUG org.hibernate.cfg.annotations.SimpleValueBinder - Starting fillSimpleValue for id
17:03:34.831 [Test worker] DEBUG org.hibernate.cfg.annotations.SimpleValueBinder - Starting fillSimpleValue for title
17:03:34.831 [Test worker] DEBUG org.hibernate.cfg.annotations.SimpleValueBinder - Starting fillSimpleValue for id
17:03:34.831 [Test worker] DEBUG org.hibernate.cfg.annotations.SimpleValueBinder - Starting fillSimpleValue for email
17:03:34.831 [Test worker] DEBUG org.hibernate.cfg.annotations.SimpleValueBinder - Starting fillSimpleValue for password
17:03:34.831 [Test worker] DEBUG org.hibernate.cfg.annotations.SimpleValueBinder - Starting fillSimpleValue for refreshToken
17:03:34.831 [Test worker] DEBUG org.hibernate.mapping.PrimaryKey - Forcing column [id] to be non-null as it is part of the primary key for table [entity]
17:03:34.832 [Test worker] DEBUG org.hibernate.mapping.PrimaryKey - Forcing column [id] to be non-null as it is part of the primary key for table [certificate]
17:03:34.832 [Test worker] DEBUG org.hibernate.mapping.PrimaryKey - Forcing column [id] to be non-null as it is part of the primary key for table [application_order]
17:03:34.832 [Test worker] DEBUG org.hibernate.mapping.PrimaryKey - Forcing column [id] to be non-null as it is part of the primary key for table [order_certificate]
17:03:34.832 [Test worker] DEBUG org.hibernate.mapping.PrimaryKey - Forcing column [id] to be non-null as it is part of the primary key for table [application_role]
17:03:34.832 [Test worker] DEBUG org.hibernate.mapping.PrimaryKey - Forcing column [id] to be non-null as it is part of the primary key for table [tag]
17:03:34.832 [Test worker] DEBUG org.hibernate.mapping.PrimaryKey - Forcing column [id] to be non-null as it is part of the primary key for table [application_user]
17:03:34.832 [Test worker] DEBUG org.hibernate.cfg.CollectionSecondPass - Second pass for collection: com.epam.esm.entity.GiftCertificate.tags
17:03:34.832 [Test worker] DEBUG org.hibernate.cfg.annotations.CollectionBinder - Binding as ManyToMany: com.epam.esm.entity.GiftCertificate.tags
17:03:34.832 [Test worker] DEBUG org.hibernate.mapping.PrimaryKey - Forcing column [certificate_id] to be non-null as it is part of the primary key for table [certificate_tag]
17:03:34.832 [Test worker] DEBUG org.hibernate.mapping.PrimaryKey - Forcing column [tag_id] to be non-null as it is part of the primary key for table [certificate_tag]
17:03:34.832 [Test worker] DEBUG org.hibernate.cfg.CollectionSecondPass - Mapped collection key: certificate_id, element: tag_id
17:03:34.832 [Test worker] DEBUG org.hibernate.cfg.CollectionSecondPass - Second pass for collection: com.epam.esm.entity.GiftCertificate.orderCertificates
17:03:34.832 [Test worker] DEBUG org.hibernate.cfg.annotations.CollectionBinder - Binding a OneToMany: com.epam.esm.entity.GiftCertificate.orderCertificates through a foreign key
17:03:34.832 [Test worker] DEBUG org.hibernate.cfg.annotations.CollectionBinder - Mapping collection: com.epam.esm.entity.GiftCertificate.orderCertificates -> order_certificate
17:03:34.832 [Test worker] DEBUG org.hibernate.cfg.annotations.TableBinder - Retrieving property com.epam.esm.entity.OrderCertificate.certificate
17:03:34.832 [Test worker] DEBUG org.hibernate.cfg.CollectionSecondPass - Mapped collection key: certificate_id, one-to-many: com.epam.esm.entity.OrderCertificate
17:03:34.832 [Test worker] DEBUG org.hibernate.cfg.CollectionSecondPass - Second pass for collection: com.epam.esm.entity.Order.orderCertificates
17:03:34.832 [Test worker] DEBUG org.hibernate.cfg.annotations.CollectionBinder - Binding a OneToMany: com.epam.esm.entity.Order.orderCertificates through a foreign key
17:03:34.832 [Test worker] DEBUG org.hibernate.cfg.annotations.CollectionBinder - Mapping collection: com.epam.esm.entity.Order.orderCertificates -> order_certificate
17:03:34.833 [Test worker] DEBUG org.hibernate.cfg.annotations.TableBinder - Retrieving property com.epam.esm.entity.OrderCertificate.order
17:03:34.833 [Test worker] DEBUG org.hibernate.cfg.CollectionSecondPass - Mapped collection key: order_id, one-to-many: com.epam.esm.entity.OrderCertificate
17:03:34.833 [Test worker] DEBUG org.hibernate.cfg.CollectionSecondPass - Second pass for collection: com.epam.esm.entity.User.orders
17:03:34.833 [Test worker] DEBUG org.hibernate.cfg.annotations.CollectionBinder - Binding a OneToMany: com.epam.esm.entity.User.orders through a foreign key
17:03:34.833 [Test worker] DEBUG org.hibernate.cfg.annotations.CollectionBinder - Mapping collection: com.epam.esm.entity.User.orders -> application_order
17:03:34.833 [Test worker] DEBUG org.hibernate.cfg.annotations.TableBinder - Retrieving property com.epam.esm.entity.Order.user
17:03:34.833 [Test worker] DEBUG org.hibernate.cfg.CollectionSecondPass - Mapped collection key: user_id, one-to-many: com.epam.esm.entity.Order
17:03:34.833 [Test worker] DEBUG org.hibernate.boot.internal.InFlightMetadataCollectorImpl - Resolving reference to class: com.epam.esm.entity.User
17:03:34.833 [Test worker] DEBUG org.hibernate.boot.internal.InFlightMetadataCollectorImpl - Resolving reference to class: com.epam.esm.entity.Role
17:03:34.833 [Test worker] DEBUG org.hibernate.boot.internal.InFlightMetadataCollectorImpl - Resolving reference to class: com.epam.esm.entity.Tag
17:03:34.833 [Test worker] DEBUG org.hibernate.boot.internal.InFlightMetadataCollectorImpl - Resolving reference to class: com.epam.esm.entity.GiftCertificate
17:03:34.834 [Test worker] DEBUG org.hibernate.boot.internal.InFlightMetadataCollectorImpl - Resolving reference to class: com.epam.esm.entity.GiftCertificate
17:03:34.834 [Test worker] DEBUG org.hibernate.boot.internal.InFlightMetadataCollectorImpl - Resolving reference to class: com.epam.esm.entity.Order
17:03:34.835 [Test worker] DEBUG org.hibernate.boot.internal.InFlightMetadataCollectorImpl - Resolving reference to class: com.epam.esm.entity.User
17:03:34.835 [Test worker] DEBUG org.hibernate.boot.internal.InFlightMetadataCollectorImpl - Resolving reference to class: com.epam.esm.entity.Role
17:03:34.835 [Test worker] DEBUG org.hibernate.boot.internal.InFlightMetadataCollectorImpl - Resolving reference to class: com.epam.esm.entity.Tag
17:03:34.835 [Test worker] DEBUG org.hibernate.boot.internal.InFlightMetadataCollectorImpl - Resolving reference to class: com.epam.esm.entity.GiftCertificate
17:03:34.835 [Test worker] DEBUG org.hibernate.boot.internal.InFlightMetadataCollectorImpl - Resolving reference to class: com.epam.esm.entity.GiftCertificate
17:03:34.835 [Test worker] DEBUG org.hibernate.boot.internal.InFlightMetadataCollectorImpl - Resolving reference to class: com.epam.esm.entity.Order
17:03:34.836 [Test worker] DEBUG org.hibernate.internal.SessionFactoryImpl - Building session factory
17:03:34.836 [Test worker] DEBUG org.hibernate.cfg.Settings - SessionFactory name : null
17:03:34.836 [Test worker] DEBUG org.hibernate.cfg.Settings - Automatic flush during beforeCompletion(): enabled
17:03:34.836 [Test worker] DEBUG org.hibernate.cfg.Settings - Automatic session close at end of transaction: disabled
17:03:34.836 [Test worker] DEBUG org.hibernate.cfg.Settings - Statistics: disabled
17:03:34.836 [Test worker] DEBUG org.hibernate.cfg.Settings - Deleted entity synthetic identifier rollback: disabled
17:03:34.836 [Test worker] DEBUG org.hibernate.cfg.Settings - Default entity-mode: pojo
17:03:34.836 [Test worker] DEBUG org.hibernate.cfg.Settings - Check Nullability in Core (should be disabled when Bean Validation is on): enabled
17:03:34.836 [Test worker] DEBUG org.hibernate.cfg.Settings - Allow initialization of lazy state outside session : disabled
17:03:34.836 [Test worker] DEBUG org.hibernate.cfg.Settings - Using BatchFetchStyle : LEGACY
17:03:34.836 [Test worker] DEBUG org.hibernate.cfg.Settings - Default batch fetch size: -1
17:03:34.836 [Test worker] DEBUG org.hibernate.cfg.Settings - Maximum outer join fetch depth: null
17:03:34.836 [Test worker] DEBUG org.hibernate.cfg.Settings - Default null ordering: NONE
17:03:34.836 [Test worker] DEBUG org.hibernate.cfg.Settings - Order SQL updates by primary key: disabled
17:03:34.836 [Test worker] DEBUG org.hibernate.cfg.Settings - Order SQL inserts for batching: disabled
17:03:34.836 [Test worker] DEBUG org.hibernate.cfg.Settings - multi-tenancy strategy : NONE
17:03:34.836 [Test worker] DEBUG org.hibernate.cfg.Settings - JTA Track by Thread: enabled
17:03:34.836 [Test worker] DEBUG org.hibernate.cfg.Settings - Query language substitutions: {}
17:03:34.836 [Test worker] DEBUG org.hibernate.cfg.Settings - Named query checking : enabled
17:03:34.836 [Test worker] DEBUG org.hibernate.cfg.Settings - Second-level cache: disabled
17:03:34.836 [Test worker] DEBUG org.hibernate.cfg.Settings - Second-level query cache: disabled
17:03:34.836 [Test worker] DEBUG org.hibernate.cfg.Settings - Second-level query cache factory: null
17:03:34.836 [Test worker] DEBUG org.hibernate.cfg.Settings - Second-level cache region prefix: null
17:03:34.836 [Test worker] DEBUG org.hibernate.cfg.Settings - Optimize second-level cache for minimal puts: disabled
17:03:34.836 [Test worker] DEBUG org.hibernate.cfg.Settings - Structured second-level cache entries: disabled
17:03:34.836 [Test worker] DEBUG org.hibernate.cfg.Settings - Second-level cache direct-reference entries: disabled
17:03:34.836 [Test worker] DEBUG org.hibernate.cfg.Settings - Automatic eviction of collection cache: disabled
17:03:34.836 [Test worker] DEBUG org.hibernate.cfg.Settings - JDBC batch size: 15
17:03:34.836 [Test worker] DEBUG org.hibernate.cfg.Settings - JDBC batch updates for versioned data: enabled
17:03:34.836 [Test worker] DEBUG org.hibernate.cfg.Settings - Scrollable result sets: enabled
17:03:34.836 [Test worker] DEBUG org.hibernate.cfg.Settings - Wrap result sets: disabled
17:03:34.836 [Test worker] DEBUG org.hibernate.cfg.Settings - JDBC3 getGeneratedKeys(): enabled
17:03:34.836 [Test worker] DEBUG org.hibernate.cfg.Settings - JDBC result set fetch size: null
17:03:34.836 [Test worker] DEBUG org.hibernate.cfg.Settings - Connection release mode: ON_CLOSE
17:03:34.836 [Test worker] DEBUG org.hibernate.cfg.Settings - Generate SQL with comments: disabled
17:03:34.836 [Test worker] DEBUG org.hibernate.cfg.Settings - JPA compliance - query : 
17:03:34.836 [Test worker] DEBUG org.hibernate.cfg.Settings - JPA compliance - closed-handling : 
17:03:34.836 [Test worker] DEBUG org.hibernate.cfg.Settings - JPA compliance - lists : 
17:03:34.836 [Test worker] DEBUG org.hibernate.cfg.Settings - JPA compliance - transactions : 
17:03:34.837 [Test worker] DEBUG org.hibernate.jpa.event.internal.CallbackBuilderLegacyImpl - Adding onPrePersist as PrePersist callback for entity com.epam.esm.entity.Order
17:03:34.838 [Test worker] DEBUG org.hibernate.internal.SessionFactoryImpl - Session factory constructed with filter configurations : {}
17:03:34.838 [Test worker] DEBUG org.hibernate.internal.SessionFactoryImpl - Instantiating session factory with properties: {gopherProxySet=false, awt.toolkit=sun.lwawt.macosx.LWCToolkit, hibernate.id.new_generator_mappings=true, java.specification.version=11, sun.cpu.isalist=, hibernate.resource.beans.container=org.springframework.orm.hibernate5.SpringBeanContainer@25853339, hibernate.connection.handling_mode=DELAYED_ACQUISITION_AND_HOLD, sun.jnu.encoding=UTF-8, hibernate.dialect=org.hibernate.dialect.H2Dialect, org.gradle.test.worker=3, hibernate.implicit_naming_strategy=org.springframework.boot.orm.jpa.hibernate.SpringImplicitNamingStrategy, java.class.path=/Users/dzmitryplatonov/.gradle/caches/5.6.2/workerMain/gradle-worker.jar:/Users/dzmitryplatonov/Desktop/workdir/giftcertificates/datasource/build/classes/java/test:/Users/dzmitryplatonov/Desktop/workdir/giftcertificates/datasource/build/resources/test:/Users/dzmitryplatonov/Desktop/workdir/giftcertificates/datasource/build/classes/java/main:/Users/dzmitryplatonov/Desktop/workdir/giftcertificates/datasource/build/resources/main:/Users/dzmitryplatonov/.m2/repository/org/apache/logging/log4j/log4j-web/2.11.2/log4j-web-2.11.2.jar:/Users/dzmitryplatonov/.m2/repository/org/apache/logging/log4j/log4j-core/2.11.2/log4j-core-2.11.2.jar:/Users/dzmitryplatonov/.gradle/caches/modules-2/files-2.1/org.springframework.boot/spring-boot-starter-web/2.1.9.RELEASE/2063870234eebbda3c09dddf9853477fe9e4a719/spring-boot-starter-web-2.1.9.RELEASE.jar:/Users/dzmitryplatonov/.gradle/caches/modules-2/files-2.1/org.springframework.boot/spring-boot-starter-security/2.1.9.RELEASE/bde048665003362d9e16aa75a8804f90dce1d31e/spring-boot-starter-security-2.1.9.RELEASE.jar:/Users/dzmitryplatonov/.gradle/caches/modules-2/files-2.1/org.springframework.boot/spring-boot-starter-data-jpa/2.1.9.RELEASE/784d6d5c525c2dd9fac31031ee6ca2ec8b067af5/spring-boot-starter-data-jpa-2.1.9.RELEASE.jar:/Users/dzmitryplatonov/.gradle/caches/modules-2/files-2.1/org.springframework.boot/spring-boot-starter-aop/2.1.9.RELEASE/74226b26cf15952f639deca38fe919701755c97b/spring-boot-starter-aop-2.1.9.RELEASE.jar:/Users/dzmitryplatonov/.gradle/caches/modules-2/files-2.1/org.springframework.boot/spring-boot-starter-jdbc/2.1.9.RELEASE/3f7d1d67669dfa0ea4ff9216afbeef5bc6a58ecb/spring-boot-starter-jdbc-2.1.9.RELEASE.jar:/Users/dzmitryplatonov/.gradle/caches/modules-2/files-2.1/org.springframework.boot/spring-boot-starter-json/2.1.9.RELEASE/53bdf52bc28b7e753874e0136fb33c9eab184276/spring-boot-starter-json-2.1.9.RELEASE.jar:/Users/dzmitryplatonov/.gradle/caches/modules-2/files-2.1/org.springframework.boot/spring-boot-starter/2.1.9.RELEASE/45d7afa2d9aab4b2984f2c330f507797fbcf501f/spring-boot-starter-2.1.9.RELEASE.jar:/Users/dzmitryplatonov/.gradle/caches/modules-2/files-2.1/org.springframework.boot/spring-boot-starter-logging/2.1.9.RELEASE/802b562b0c602ae9242b659a28b9bf89ca689b2d/spring-boot-starter-logging-2.1.9.RELEASE.jar:/Users/dzmitryplatonov/.m2/repository/org/apache/logging/log4j/log4j-to-slf4j/2.11.2/log4j-to-slf4j-2.11.2.jar:/Users/dzmitryplatonov/.m2/repository/org/apache/logging/log4j/log4j-api/2.11.2/log4j-api-2.11.2.jar:/Users/dzmitryplatonov/.m2/repository/org/hibernate/validator/hibernate-validator/6.0.17.Final/hibernate-validator-6.0.17.Final.jar:/Users/dzmitryplatonov/.m2/repository/javax/validation/validation-api/2.0.1.Final/validation-api-2.0.1.Final.jar:/Users/dzmitryplatonov/.gradle/caches/modules-2/files-2.1/org.springframework.security.oauth.boot/spring-security-oauth2-autoconfigure/2.1.9.RELEASE/abbbf98ebc0454774162add4b412a7ee5da66877/spring-security-oauth2-autoconfigure-2.1.9.RELEASE.jar:/Users/dzmitryplatonov/.gradle/caches/modules-2/files-2.1/com.auth0/jwks-rsa/0.9.0/6e3a813bce7eb07327f2a5384fb178eb21469338/jwks-rsa-0.9.0.jar:/Users/dzmitryplatonov/.gradle/caches/modules-2/files-2.1/io.jsonwebtoken/jjwt/0.9.1/54d2abfc3e63a28824d35bf600d6a5d627da681a/jjwt-0.9.1.jar:/Users/dzmitryplatonov/.gradle/caches/modules-2/files-2.1/io.jsonwebtoken/jjwt-jackson/0.10.7/52b5a612da95a0c0edc867ccac65bb0f6762ed7b/jjwt-jackson-0.10.7.jar:/Users/dzmitryplatonov/.m2/repository/com/fasterxml/jackson/datatype/jackson-datatype-jsr310/2.9.9/jackson-datatype-jsr310-2.9.9.jar:/Users/dzmitryplatonov/.m2/repository/com/fasterxml/jackson/datatype/jackson-datatype-jdk8/2.9.9/jackson-datatype-jdk8-2.9.9.jar:/Users/dzmitryplatonov/.m2/repository/com/fasterxml/jackson/module/jackson-module-parameter-names/2.9.9/jackson-module-parameter-names-2.9.9.jar:/Users/dzmitryplatonov/.gradle/caches/modules-2/files-2.1/com.fasterxml.jackson.core/jackson-databind/2.10.0.pr3/4e17238b159dcd1167b095024fe07f41da1e37ac/jackson-databind-2.10.0.pr3.jar:/Users/dzmitryplatonov/.gradle/caches/modules-2/files-2.1/com.fasterxml.jackson.core/jackson-annotations/2.10.0.pr3/6c99a6d972b8bdd92192bef4b0ff5df164e9cafc/jackson-annotations-2.10.0.pr3.jar:/Users/dzmitryplatonov/.m2/repository/org/springframework/hateoas/spring-hateoas/0.25.1.RELEASE/spring-hateoas-0.25.1.RELEASE.jar:/Users/dzmitryplatonov/.m2/repository/org/springframework/plugin/spring-plugin-core/1.2.0.RELEASE/spring-plugin-core-1.2.0.RELEASE.jar:/Users/dzmitryplatonov/.gradle/caches/modules-2/files-2.1/org.springframework.security/spring-security-oauth2-client/5.1.6.RELEASE/8a77b659f7f6616ca5970796c04106595819f4eb/spring-security-oauth2-client-5.1.6.RELEASE.jar:/Users/dzmitryplatonov/.gradle/caches/modules-2/files-2.1/org.springframework.security/spring-security-oauth2-jose/5.1.6.RELEASE/78f947f9b1ee235f7efbb697e15acd05e16d009a/spring-security-oauth2-jose-5.1.6.RELEASE.jar:/Users/dzmitryplatonov/.gradle/caches/modules-2/files-2.1/org.springframework.security/spring-security-openid/5.2.0.RELEASE/e67725a379bcc03c3edd571d6fec4800b2313a00/spring-security-openid-5.2.0.RELEASE.jar:/Users/dzmitryplatonov/.gradle/caches/modules-2/files-2.1/org.springframework.data/spring-data-jpa/2.1.11.RELEASE/b774364187f5e68379b8c3121232a04686a0325c/spring-data-jpa-2.1.11.RELEASE.jar:/Users/dzmitryplatonov/.gradle/caches/modules-2/files-2.1/org.springframework/spring-orm/5.1.10.RELEASE/ce92238d65405408387b1ae7a5dd5a280f7ea29f/spring-orm-5.1.10.RELEASE.jar:/Users/dzmitryplatonov/.gradle/caches/modules-2/files-2.1/org.springframework/spring-jdbc/5.1.10.RELEASE/48957bfad9656fdba9263539e2fa8f3034939ba8/spring-jdbc-5.1.10.RELEASE.jar:/Users/dzmitryplatonov/.m2/repository/org/postgresql/postgresql/42.2.8/postgresql-42.2.8.jar:/Users/dzmitryplatonov/.gradle/caches/modules-2/files-2.1/org.springframework.boot/spring-boot-starter-tomcat/2.1.9.RELEASE/99bef08a0b7fd10ff9827f0f8e6f49b97cbabf7f/spring-boot-starter-tomcat-2.1.9.RELEASE.jar:/Users/dzmitryplatonov/.m2/repository/javax/annotation/javax.annotation-api/1.3.2/javax.annotation-api-1.3.2.jar:/Users/dzmitryplatonov/.gradle/caches/modules-2/files-2.1/io.jsonwebtoken/jjwt-impl/0.10.7/49cf3b0b6f10eb024104ae39c111c1fd0cd3be64/jjwt-impl-0.10.7.jar:/Users/dzmitryplatonov/.gradle/caches/modules-2/files-2.1/org.junit.jupiter/junit-jupiter-params/5.2.0/d70083080bf3400c181562919cb03bf7588104e1/junit-jupiter-params-5.2.0.jar:/Users/dzmitryplatonov/.gradle/caches/modules-2/files-2.1/org.mockito/mockito-junit-jupiter/2.18.3/827104c6aed482c68159faf320f44f5eb5b03bd/mockito-junit-jupiter-2.18.3.jar:/Users/dzmitryplatonov/.m2/repository/org/mockito/mockito-core/2.28.2/mockito-core-2.28.2.jar:/Users/dzmitryplatonov/.m2/repository/com/h2database/h2/1.4.197/h2-1.4.197.jar:/Users/dzmitryplatonov/.gradle/caches/modules-2/files-2.1/org.springframework/spring-test/5.0.1.RELEASE/47dee3bebbcbcaff1be786b6c0db654ba7376eb9/spring-test-5.0.1.RELEASE.jar:/Users/dzmitryplatonov/.gradle/caches/modules-2/files-2.1/org.junit.jupiter/junit-jupiter-engine/5.3.1/e2676b1786c57a80eb98f5bebd51a3d05e228c40/junit-jupiter-engine-5.3.1.jar:/Users/dzmitryplatonov/.gradle/caches/modules-2/files-2.1/org.junit.jupiter/junit-jupiter-api/5.3.1/a7e97eac2784395cb991403f9641b042ad972941/junit-jupiter-api-5.3.1.jar:/Users/dzmitryplatonov/.gradle/caches/modules-2/files-2.1/org.hibernate/hibernate-core/5.3.12.Final/e1929362fe24a9f62142d18f1ac5b0d7f278ef22/hibernate-core-5.3.12.Final.jar:/Users/dzmitryplatonov/.m2/repository/org/hibernate/common/hibernate-commons-annotations/5.0.4.Final/hibernate-commons-annotations-5.0.4.Final.jar:/Users/dzmitryplatonov/.m2/repository/org/jboss/logging/jboss-logging/3.3.2.Final/jboss-logging-3.3.2.Final.jar:/Users/dzmitryplatonov/.m2/repository/com/fasterxml/classmate/1.3.4/classmate-1.3.4.jar:/Users/dzmitryplatonov/.gradle/caches/modules-2/files-2.1/com.fasterxml.jackson.core/jackson-core/2.10.0.pr3/1d2f9b816bcd00130ddc9dae6c99f7b533afcc73/jackson-core-2.10.0.pr3.jar:/Users/dzmitryplatonov/.gradle/caches/modules-2/files-2.1/org.springframework.security.oauth/spring-security-oauth2/2.3.5.RELEASE/7969f5363398d6d3788bef1740b2ab9509043d51/spring-security-oauth2-2.3.5.RELEASE.jar:/Users/dzmitryplatonov/.gradle/caches/modules-2/files-2.1/org.springframework/spring-webmvc/5.1.10.RELEASE/67b6da7852e89bc0df6ce36a263ac4377fe48e27/spring-webmvc-5.1.10.RELEASE.jar:/Users/dzmitryplatonov/.m2/repository/org/springframework/security/spring-security-config/5.1.6.RELEASE/spring-security-config-5.1.6.RELEASE.jar:/Users/dzmitryplatonov/.gradle/caches/modules-2/files-2.1/org.springframework.security/spring-security-oauth2-core/5.1.6.RELEASE/f3b2623760154aac86d32427696842c7c3d85326/spring-security-oauth2-core-5.1.6.RELEASE.jar:/Users/dzmitryplatonov/.gradle/caches/modules-2/files-2.1/org.springframework.security/spring-security-web/5.2.0.RELEASE/a9ff06ad3fd66cd08545e1a601c66d2256c86e0f/spring-security-web-5.2.0.RELEASE.jar:/Users/dzmitryplatonov/.gradle/caches/modules-2/files-2.1/org.springframework.security/spring-security-core/5.2.0.RELEASE/1c8f36e316a74c245073ce2a70bdf198a58424f6/spring-security-core-5.2.0.RELEASE.jar:/Users/dzmitryplatonov/.gradle/caches/modules-2/files-2.1/org.springframework.boot/spring-boot-autoconfigure/2.1.9.RELEASE/aa6d5e0fef585bec64543b9b8f944a94060e710a/spring-boot-autoconfigure-2.1.9.RELEASE.jar:/Users/dzmitryplatonov/.gradle/caches/modules-2/files-2.1/org.springframework.boot/spring-boot/2.1.9.RELEASE/b18e7287a82ee06c6bb4e79423c25c05b8303dc1/spring-boot-2.1.9.RELEASE.jar:/Users/dzmitryplatonov/.gradle/caches/modules-2/files-2.1/org.springframework/spring-context/5.2.0.RELEASE/a2638a8295f13ed8511c98a2379507677e1d16fa/spring-context-5.2.0.RELEASE.jar:/Users/dzmitryplatonov/.gradle/caches/modules-2/files-2.1/org.springframework/spring-aop/5.2.0.RELEASE/7031d44f063ea68e49b881a985967e7f2c144f3b/spring-aop-5.2.0.RELEASE.jar:/Users/dzmitryplatonov/.gradle/caches/modules-2/files-2.1/org.springframework/spring-web/5.2.0.RELEASE/d5b064196dc014519e751df549b4cc6a753fb191/spring-web-5.2.0.RELEASE.jar:/Users/dzmitryplatonov/.gradle/caches/modules-2/files-2.1/org.springframework.data/spring-data-commons/2.1.11.RELEASE/dace2a47d274ac5f0ac3ff2f47cb0b936bef5b46/spring-data-commons-2.1.11.RELEASE.jar:/Users/dzmitryplatonov/.gradle/caches/modules-2/files-2.1/org.springframework/spring-tx/5.1.10.RELEASE/c32ebb7fb1be3b733304b7873c31817dd434479a/spring-tx-5.1.10.RELEASE.jar:/Users/dzmitryplatonov/.gradle/caches/modules-2/files-2.1/org.springframework/spring-beans/5.2.0.RELEASE/3ae97694618c59e6af695a15e54fabb7e319776/spring-beans-5.2.0.RELEASE.jar:/Users/dzmitryplatonov/.gradle/caches/modules-2/files-2.1/org.springframework/spring-expression/5.2.0.RELEASE/ac6a616451129e717979f18d2bff40528698a46e/spring-expression-5.2.0.RELEASE.jar:/Users/dzmitryplatonov/.gradle/caches/modules-2/files-2.1/org.springframework/spring-core/5.2.0.RELEASE/e0e1b3c304f70ed19d7905975f6f990916ada219/spring-core-5.2.0.RELEASE.jar:/Users/dzmitryplatonov/.m2/repository/com/zaxxer/HikariCP/3.2.0/HikariCP-3.2.0.jar:/Users/dzmitryplatonov/.m2/repository/ch/qos/logback/logback-classic/1.2.3/logback-classic-1.2.3.jar:/Users/dzmitryplatonov/.m2/repository/org/slf4j/jul-to-slf4j/1.7.28/jul-to-slf4j-1.7.28.jar:/Users/dzmitryplatonov/.m2/repository/org/slf4j/slf4j-api/1.7.28/slf4j-api-1.7.28.jar:/Users/dzmitryplatonov/.m2/repository/javax/transaction/javax.transaction-api/1.3/javax.transaction-api-1.3.jar:/Users/dzmitryplatonov/.gradle/caches/modules-2/files-2.1/org.glassfish.jaxb/jaxb-runtime/2.3.1/dd6dda9da676a54c5b36ca2806ff95ee017d8738/jaxb-runtime-2.3.1.jar:/Users/dzmitryplatonov/.m2/repository/javax/xml/bind/jaxb-api/2.3.1/jaxb-api-2.3.1.jar:/Users/dzmitryplatonov/.gradle/caches/modules-2/files-2.1/org.springframework/spring-aspects/5.1.10.RELEASE/b0364caabcde96dc6385480d0f9270613ab04511/spring-aspects-5.1.10.RELEASE.jar:/Users/dzmitryplatonov/.gradle/caches/modules-2/files-2.1/org.springframework.security/spring-security-jwt/1.0.10.RELEASE/19a1ca7a83e9d263a31af5f529da460f8f863451/spring-security-jwt-1.0.10.RELEASE.jar:/Users/dzmitryplatonov/.gradle/caches/modules-2/files-2.1/com.nimbusds/oauth2-oidc-sdk/6.0/e731f0b62727a46ae6d6fded62b5678d28273c3c/oauth2-oidc-sdk-6.0.jar:/Users/dzmitryplatonov/.gradle/caches/modules-2/files-2.1/com.nimbusds/nimbus-jose-jwt/6.0.2/81605278e5df1cf4c3774851649b85cade077fa5/nimbus-jose-jwt-6.0.2.jar:/Users/dzmitryplatonov/.gradle/caches/modules-2/files-2.1/com.google.inject/guice/3.0/9d84f15fe35e2c716a02979fb62f50a29f38aefa/guice-3.0.jar:/Users/dzmitryplatonov/.gradle/caches/modules-2/files-2.1/org.openid4java/openid4java-nodeps/0.9.6/52ca394f5f6d38b78e35a5a6a0a341dc5b3aaf34/openid4java-nodeps-0.9.6.jar:/Users/dzmitryplatonov/.gradle/caches/modules-2/files-2.1/net.sourceforge.nekohtml/nekohtml/1.9.22/4f54af68ecb345f2453fb6884672ad08414154e3/nekohtml-1.9.22.jar:/Users/dzmitryplatonov/.gradle/caches/modules-2/files-2.1/org.apache.httpcomponents/httpclient/4.5.10/7ca2e4276f4ef95e4db725a8cd4a1d1e7585b9e5/httpclient-4.5.10.jar:/Users/dzmitryplatonov/.gradle/caches/modules-2/files-2.1/commons-codec/commons-codec/1.13/3f18e1aa31031d89db6f01ba05d501258ce69d2c/commons-codec-1.13.jar:/Users/dzmitryplatonov/.m2/repository/commons-io/commons-io/2.6/commons-io-2.6.jar:/Users/dzmitryplatonov/.gradle/caches/modules-2/files-2.1/com.google.guava/guava/27.1-jre/e47b59c893079b87743cdcfb6f17ca95c08c592c/guava-27.1-jre.jar:/Users/dzmitryplatonov/.gradle/caches/modules-2/files-2.1/io.jsonwebtoken/jjwt-api/0.10.7/52e888d8424d3c788e23fedfbfc65ce36830ab1a/jjwt-api-0.10.7.jar:/Users/dzmitryplatonov/.m2/repository/org/junit/platform/junit-platform-engine/1.3.1/junit-platform-engine-1.3.1.jar:/Users/dzmitryplatonov/.m2/repository/org/junit/platform/junit-platform-commons/1.3.1/junit-platform-commons-1.3.1.jar:/Users/dzmitryplatonov/.m2/repository/org/apiguardian/apiguardian-api/1.0.0/apiguardian-api-1.0.0.jar:/Users/dzmitryplatonov/.gradle/caches/modules-2/files-2.1/net.bytebuddy/byte-buddy/1.9.11/985bbce599f92d6440582a7d1a5231bfaae9970f/byte-buddy-1.9.11.jar:/Users/dzmitryplatonov/.m2/repository/net/bytebuddy/byte-buddy-agent/1.9.10/byte-buddy-agent-1.9.10.jar:/Users/dzmitryplatonov/.m2/repository/org/objenesis/objenesis/2.6/objenesis-2.6.jar:/Users/dzmitryplatonov/.m2/repository/org/opentest4j/opentest4j/1.1.1/opentest4j-1.1.1.jar:/Users/dzmitryplatonov/.m2/repository/org/aspectj/aspectjweaver/1.9.4/aspectjweaver-1.9.4.jar:/Users/dzmitryplatonov/.m2/repository/javax/activation/javax.activation-api/1.2.0/javax.activation-api-1.2.0.jar:/Users/dzmitryplatonov/.m2/repository/javax/persistence/javax.persistence-api/2.2/javax.persistence-api-2.2.jar:/Users/dzmitryplatonov/.m2/repository/org/javassist/javassist/3.23.2-GA/javassist-3.23.2-GA.jar:/Users/dzmitryplatonov/.m2/repository/antlr/antlr/2.7.7/antlr-2.7.7.jar:/Users/dzmitryplatonov/.m2/repository/org/jboss/jandex/2.0.5.Final/jandex-2.0.5.Final.jar:/Users/dzmitryplatonov/.m2/repository/org/dom4j/dom4j/2.1.1/dom4j-2.1.1.jar:/Users/dzmitryplatonov/.m2/repository/org/yaml/snakeyaml/1.23/snakeyaml-1.23.jar:/Users/dzmitryplatonov/.gradle/caches/modules-2/files-2.1/org.apache.tomcat.embed/tomcat-embed-websocket/9.0.26/8991b1bd82c5745e95a9161472a92dc1e5c7148e/tomcat-embed-websocket-9.0.26.jar:/Users/dzmitryplatonov/.gradle/caches/modules-2/files-2.1/org.apache.tomcat.embed/tomcat-embed-core/9.0.26/6312ba542bc58fa9ee789a43516ce4d862548a6b/tomcat-embed-core-9.0.26.jar:/Users/dzmitryplatonov/.gradle/caches/modules-2/files-2.1/org.apache.tomcat.embed/tomcat-embed-el/9.0.26/a551f05d3ecf5434eaadd75e0b51519447df124/tomcat-embed-el-9.0.26.jar:/Users/dzmitryplatonov/.gradle/caches/modules-2/files-2.1/org.codehaus.jackson/jackson-mapper-asl/1.9.13/1ee2f2bed0e5dd29d1cb155a166e6f8d50bbddb7/jackson-mapper-asl-1.9.13.jar:/Users/dzmitryplatonov/.gradle/caches/modules-2/files-2.1/org.bouncycastle/bcpkix-jdk15on/1.60/d0c46320fbc07be3a24eb13a56cee4e3d38e0c75/bcpkix-jdk15on-1.60.jar:/Users/dzmitryplatonov/.gradle/caches/modules-2/files-2.1/org.glassfish.jaxb/txw2/2.3.1/a09d2c48d3285f206fafbffe0e50619284e92126/txw2-2.3.1.jar:/Users/dzmitryplatonov/.gradle/caches/modules-2/files-2.1/com.sun.istack/istack-commons-runtime/3.0.7/c197c86ceec7318b1284bffb49b54226ca774003/istack-commons-runtime-3.0.7.jar:/Users/dzmitryplatonov/.gradle/caches/modules-2/files-2.1/org.jvnet.staxex/stax-ex/1.8/8cc35f73da321c29973191f2cf143d29d26a1df7/stax-ex-1.8.jar:/Users/dzmitryplatonov/.gradle/caches/modules-2/files-2.1/com.sun.xml.fastinfoset/FastInfoset/1.2.15/bb7b7ec0379982b97c62cd17465cb6d9155f68e8/FastInfoset-1.2.15.jar:/Users/dzmitryplatonov/.gradle/caches/modules-2/files-2.1/com.sun.mail/javax.mail/1.6.1/757ba4630692bb2a1ec2d9d57a616b63f15e947e/javax.mail-1.6.1.jar:/Users/dzmitryplatonov/.gradle/caches/modules-2/files-2.1/com.github.stephenc.jcip/jcip-annotations/1.0-1/ef31541dd28ae2cefdd17c7ebf352d93e9058c63/jcip-annotations-1.0-1.jar:/Users/dzmitryplatonov/.m2/repository/net/minidev/json-smart/2.3/json-smart-2.3.jar:/Users/dzmitryplatonov/.gradle/caches/modules-2/files-2.1/com.nimbusds/lang-tag/1.4.4/1db9a709239ae473a69b5424c7e78d0b7108229d/lang-tag-1.4.4.jar:/Users/dzmitryplatonov/.gradle/caches/modules-2/files-2.1/org.springframework/spring-jcl/5.2.0.RELEASE/59b53ab6f01dd3ba85875b61a284c161584c18a3/spring-jcl-5.2.0.RELEASE.jar:/Users/dzmitryplatonov/.m2/repository/javax/inject/javax.inject/1/javax.inject-1.jar:/Users/dzmitryplatonov/.gradle/caches/modules-2/files-2.1/org.sonatype.sisu.inject/cglib/2.2.1-v20090111/7ce5e983fd0e6c78346f4c9cbfa39d83049dda2/cglib-2.2.1-v20090111.jar:/Users/dzmitryplatonov/.m2/repository/commons-logging/commons-logging/1.2/commons-logging-1.2.jar:/Users/dzmitryplatonov/.m2/repository/net/jcip/jcip-annotations/1.0/jcip-annotations-1.0.jar:/Users/dzmitryplatonov/.m2/repository/xerces/xercesImpl/2.11.0/xercesImpl-2.11.0.jar:/Users/dzmitryplatonov/.gradle/caches/modules-2/files-2.1/org.apache.httpcomponents/httpcore/4.4.12/21ebaf6d532bc350ba95bd81938fa5f0e511c132/httpcore-4.4.12.jar:/Users/dzmitryplatonov/.gradle/caches/modules-2/files-2.1/com.google.guava/failureaccess/1.0.1/1dcf1de382a0bf95a3d8b0849546c88bac1292c9/failureaccess-1.0.1.jar:/Users/dzmitryplatonov/.gradle/caches/modules-2/files-2.1/com.google.guava/listenablefuture/9999.0-empty-to-avoid-conflict-with-guava/b421526c5f297295adef1c886e5246c39d4ac629/listenablefuture-9999.0-empty-to-avoid-conflict-with-guava.jar:/Users/dzmitryplatonov/.m2/repository/com/google/code/findbugs/jsr305/3.0.2/jsr305-3.0.2.jar:/Users/dzmitryplatonov/.gradle/caches/modules-2/files-2.1/org.checkerframework/checker-qual/2.5.2/cea74543d5904a30861a61b4643a5f2bb372efc4/checker-qual-2.5.2.jar:/Users/dzmitryplatonov/.gradle/caches/modules-2/files-2.1/com.google.errorprone/error_prone_annotations/2.2.0/88e3c593e9b3586e1c6177f89267da6fc6986f0c/error_prone_annotations-2.2.0.jar:/Users/dzmitryplatonov/.gradle/caches/modules-2/files-2.1/com.google.j2objc/j2objc-annotations/1.1/ed28ded51a8b1c6b112568def5f4b455e6809019/j2objc-annotations-1.1.jar:/Users/dzmitryplatonov/.gradle/caches/modules-2/files-2.1/org.codehaus.mojo/animal-sniffer-annotations/1.17/f97ce6decaea32b36101e37979f8b647f00681fb/animal-sniffer-annotations-1.17.jar:/Users/dzmitryplatonov/.gradle/caches/modules-2/files-2.1/org.codehaus.jackson/jackson-core-asl/1.9.13/3c304d70f42f832e0a86d45bd437f692129299a4/jackson-core-asl-1.9.13.jar:/Users/dzmitryplatonov/.gradle/caches/modules-2/files-2.1/org.bouncycastle/bcprov-jdk15on/1.60/bd47ad3bd14b8e82595c7adaa143501e60842a84/bcprov-jdk15on-1.60.jar:/Users/dzmitryplatonov/.m2/repository/javax/activation/activation/1.1/activation-1.1.jar:/Users/dzmitryplatonov/.m2/repository/net/minidev/accessors-smart/1.2/accessors-smart-1.2.jar:/Users/dzmitryplatonov/.gradle/caches/modules-2/files-2.1/asm/asm/3.1/c157def142714c544bdea2e6144645702adf7097/asm-3.1.jar:/Users/dzmitryplatonov/.m2/repository/xml-apis/xml-apis/1.4.01/xml-apis-1.4.01.jar:/Users/dzmitryplatonov/.m2/repository/ch/qos/logback/logback-core/1.2.3/logback-core-1.2.3.jar:/Users/dzmitryplatonov/.gradle/caches/modules-2/files-2.1/org.apache.tomcat/tomcat-annotations-api/9.0.26/bb4574456c5db64acfcd2aa6f426d87e6c05a772/tomcat-annotations-api-9.0.26.jar:/Users/dzmitryplatonov/.m2/repository/org/ow2/asm/asm/5.0.4/asm-5.0.4.jar, java.vm.vendor=Oracle Corporation, sun.arch.data.model=64, user.variant=, java.vendor.url=http://java.oracle.com/, user.timezone=Europe/Minsk, os.name=Mac OS X, java.vm.specification.version=11, javax.persistence.validation.mode=AUTO, user.country=BY, sun.java.launcher=SUN_STANDARD, sun.boot.library.path=/Library/Java/JavaVirtualMachines/jdk-11.0.4.jdk/Contents/Home/lib, sun.java.command=worker.org.gradle.process.internal.worker.GradleWorkerMain 'Gradle Test Executor 3', hibernate.transaction.jta.platform=org.hibernate.engine.transaction.jta.platform.internal.NoJtaPlatform@57409389, http.nonProxyHosts=local|*.local|169.254/16|*.169.254/16, javax.persistence.sharedCache.mode=UNSPECIFIED, jdk.debug=release, sun.cpu.endian=little, user.home=/Users/dzmitryplatonov, user.language=ru, java.specification.vendor=Oracle Corporation, org.gradle.native=false, java.version.date=2019-07-16, java.home=/Library/Java/JavaVirtualMachines/jdk-11.0.4.jdk/Contents/Home, file.separator=/, java.vm.compressedOopsMode=Zero based, line.separator=
, java.specification.name=Java Platform API Specification, java.vm.specification.vendor=Oracle Corporation, hibernate.transaction.coordinator_class=class org.hibernate.resource.transaction.backend.jdbc.internal.JdbcResourceLocalTransactionCoordinatorBuilderImpl, java.awt.graphicsenv=sun.awt.CGraphicsEnvironment, hibernate.hbm2ddl.auto=create-drop, sun.management.compiler=HotSpot 64-Bit Tiered Compilers, ftp.nonProxyHosts=local|*.local|169.254/16|*.169.254/16, java.runtime.version=11.0.4+10-LTS, user.name=dzmitryplatonov, path.separator=:, os.version=10.14.6, java.runtime.name=Java(TM) SE Runtime Environment, file.encoding=UTF-8, hibernate.ejb.persistenceUnitName=default, java.vm.name=Java HotSpot(TM) 64-Bit Server VM, java.vendor.version=18.9, java.vendor.url.bug=http://bugreport.java.com/bugreport/, java.io.tmpdir=/var/folders/nm/5f650mms7n577yq7w4kkdfl80000gn/T/, com.zaxxer.hikari.pool_number=1, java.version=11.0.4, hibernate.physical_naming_strategy=org.springframework.boot.orm.jpa.hibernate.SpringPhysicalNamingStrategy, user.dir=/Users/dzmitryplatonov/Desktop/workdir/giftcertificates/datasource, os.arch=x86_64, java.vm.specification.name=Java Virtual Machine Specification, java.awt.printerjob=sun.lwawt.macosx.CPrinterJob, sun.os.patch.level=unknown, hibernate.boot.CfgXmlAccessService.key=org.hibernate.boot.cfgxml.spi.LoadedConfig@7b77cdb, java.library.path=/Users/dzmitryplatonov/Library/Java/Extensions:/Library/Java/Extensions:/Network/Library/Java/Extensions:/System/Library/Java/Extensions:/usr/lib/java:., java.vendor=Oracle Corporation, java.vm.info=mixed mode, java.vm.version=11.0.4+10-LTS, hibernate.bytecode.use_reflection_optimizer=false, sun.io.unicode.encoding=UnicodeBig, hibernate.connection.datasource=HikariDataSource (HikariPool-15), socksNonProxyHosts=local|*.local|169.254/16|*.169.254/16, java.class.version=55.0}
17:03:34.839 [Test worker] DEBUG org.hibernate.validator.internal.engine.resolver.TraversableResolvers - Found javax.persistence.Persistence on classpath containing 'getPersistenceUtil'. Assuming JPA 2 environment. Trying to instantiate JPA aware TraversableResolver
17:03:34.839 [Test worker] DEBUG org.hibernate.validator.internal.engine.resolver.TraversableResolvers - Instantiated JPA aware TraversableResolver of type org.hibernate.validator.internal.engine.resolver.JPATraversableResolver.
17:03:34.839 [Test worker] DEBUG org.hibernate.validator.internal.xml.config.ValidationXmlParser - Trying to load META-INF/validation.xml for XML based Validator configuration.
17:03:34.839 [Test worker] DEBUG org.hibernate.validator.internal.xml.config.ResourceLoaderHelper - Trying to load META-INF/validation.xml via TCCL
17:03:34.839 [Test worker] DEBUG org.hibernate.validator.internal.xml.config.ResourceLoaderHelper - Trying to load META-INF/validation.xml via Hibernate Validator's class loader
17:03:34.839 [Test worker] DEBUG org.hibernate.validator.internal.xml.config.ValidationXmlParser - No META-INF/validation.xml found. Using annotation based configuration only.
17:03:34.845 [Test worker] DEBUG org.hibernate.validator.messageinterpolation.ResourceBundleMessageInterpolator - Loaded expression factory via original TCCL
17:03:34.845 [Test worker] DEBUG org.hibernate.validator.internal.engine.ValidatorFactoryImpl - HV000234: Using org.hibernate.validator.messageinterpolation.ResourceBundleMessageInterpolator as ValidatorFactory-scoped message interpolator.
17:03:34.845 [Test worker] DEBUG org.hibernate.validator.internal.engine.ValidatorFactoryImpl - HV000234: Using org.hibernate.validator.internal.engine.resolver.JPATraversableResolver as ValidatorFactory-scoped traversable resolver.
17:03:34.845 [Test worker] DEBUG org.hibernate.validator.internal.engine.ValidatorFactoryImpl - HV000234: Using org.hibernate.validator.internal.util.ExecutableParameterNameProvider as ValidatorFactory-scoped parameter name provider.
17:03:34.845 [Test worker] DEBUG org.hibernate.validator.internal.engine.ValidatorFactoryImpl - HV000234: Using org.hibernate.validator.internal.engine.DefaultClockProvider as ValidatorFactory-scoped clock provider.
17:03:34.845 [Test worker] DEBUG org.hibernate.validator.internal.engine.ValidatorFactoryImpl - HV000234: Using org.hibernate.validator.internal.engine.scripting.DefaultScriptEvaluatorFactory as ValidatorFactory-scoped script evaluator factory.
17:03:34.845 [Test worker] DEBUG org.hibernate.boot.internal.ClassLoaderAccessImpl - Not known whether passed class name [com.epam.esm.entity.Order] is safe
17:03:34.845 [Test worker] DEBUG org.hibernate.boot.internal.ClassLoaderAccessImpl - No temp ClassLoader provided; using live ClassLoader for loading potentially unsafe class : com.epam.esm.entity.Order
17:03:34.847 [Test worker] DEBUG org.hibernate.boot.internal.ClassLoaderAccessImpl - Not known whether passed class name [com.epam.esm.entity.GiftCertificate] is safe
17:03:34.848 [Test worker] DEBUG org.hibernate.boot.internal.ClassLoaderAccessImpl - No temp ClassLoader provided; using live ClassLoader for loading potentially unsafe class : com.epam.esm.entity.GiftCertificate
17:03:34.849 [Test worker] DEBUG org.hibernate.boot.internal.ClassLoaderAccessImpl - Not known whether passed class name [com.epam.esm.entity.User] is safe
17:03:34.849 [Test worker] DEBUG org.hibernate.boot.internal.ClassLoaderAccessImpl - No temp ClassLoader provided; using live ClassLoader for loading potentially unsafe class : com.epam.esm.entity.User
17:03:34.850 [Test worker] DEBUG org.hibernate.boot.internal.ClassLoaderAccessImpl - Not known whether passed class name [com.epam.esm.entity.Entity] is safe
17:03:34.850 [Test worker] DEBUG org.hibernate.boot.internal.ClassLoaderAccessImpl - No temp ClassLoader provided; using live ClassLoader for loading potentially unsafe class : com.epam.esm.entity.Entity
17:03:34.851 [Test worker] DEBUG org.hibernate.boot.internal.ClassLoaderAccessImpl - Not known whether passed class name [com.epam.esm.entity.Tag] is safe
17:03:34.851 [Test worker] DEBUG org.hibernate.boot.internal.ClassLoaderAccessImpl - No temp ClassLoader provided; using live ClassLoader for loading potentially unsafe class : com.epam.esm.entity.Tag
17:03:34.852 [Test worker] DEBUG org.hibernate.boot.internal.ClassLoaderAccessImpl - Not known whether passed class name [com.epam.esm.entity.OrderCertificate] is safe
17:03:34.852 [Test worker] DEBUG org.hibernate.boot.internal.ClassLoaderAccessImpl - No temp ClassLoader provided; using live ClassLoader for loading potentially unsafe class : com.epam.esm.entity.OrderCertificate
17:03:34.853 [Test worker] DEBUG org.hibernate.boot.internal.ClassLoaderAccessImpl - Not known whether passed class name [com.epam.esm.entity.Role] is safe
17:03:34.853 [Test worker] DEBUG org.hibernate.boot.internal.ClassLoaderAccessImpl - No temp ClassLoader provided; using live ClassLoader for loading potentially unsafe class : com.epam.esm.entity.Role
17:03:34.854 [Test worker] DEBUG org.hibernate.secure.spi.JaccIntegrator - Skipping JACC integration as it was not enabled
17:03:34.854 [Test worker] DEBUG org.hibernate.internal.SessionFactoryImpl - Instantiated session factory
17:03:34.854 [Test worker] DEBUG org.hibernate.type.spi.TypeConfiguration$Scope - Scoping TypeConfiguration [org.hibernate.type.spi.TypeConfiguration@2bbe4457] to SessionFactoryImpl [org.hibernate.internal.SessionFactoryImpl@672d1531]
17:03:34.854 [Test worker] DEBUG org.hibernate.boot.internal.ClassLoaderAccessImpl - Not known whether passed class name [com.epam.esm.entity.Order] is safe
17:03:34.854 [Test worker] DEBUG org.hibernate.boot.internal.ClassLoaderAccessImpl - No temp ClassLoader provided; using live ClassLoader for loading potentially unsafe class : com.epam.esm.entity.Order
17:03:34.854 [Test worker] DEBUG org.hibernate.boot.internal.ClassLoaderAccessImpl - Not known whether passed class name [com.epam.esm.entity.Order] is safe
17:03:34.854 [Test worker] DEBUG org.hibernate.boot.internal.ClassLoaderAccessImpl - No temp ClassLoader provided; using live ClassLoader for loading potentially unsafe class : com.epam.esm.entity.Order
17:03:34.861 [Test worker] DEBUG org.hibernate.boot.internal.ClassLoaderAccessImpl - Not known whether passed class name [com.epam.esm.entity.GiftCertificate] is safe
17:03:34.861 [Test worker] DEBUG org.hibernate.boot.internal.ClassLoaderAccessImpl - No temp ClassLoader provided; using live ClassLoader for loading potentially unsafe class : com.epam.esm.entity.GiftCertificate
17:03:34.861 [Test worker] DEBUG org.hibernate.boot.internal.ClassLoaderAccessImpl - Not known whether passed class name [com.epam.esm.entity.GiftCertificate] is safe
17:03:34.861 [Test worker] DEBUG org.hibernate.boot.internal.ClassLoaderAccessImpl - No temp ClassLoader provided; using live ClassLoader for loading potentially unsafe class : com.epam.esm.entity.GiftCertificate
17:03:34.871 [Test worker] DEBUG org.hibernate.boot.internal.ClassLoaderAccessImpl - Not known whether passed class name [com.epam.esm.entity.User] is safe
17:03:34.871 [Test worker] DEBUG org.hibernate.boot.internal.ClassLoaderAccessImpl - No temp ClassLoader provided; using live ClassLoader for loading potentially unsafe class : com.epam.esm.entity.User
17:03:34.871 [Test worker] DEBUG org.hibernate.boot.internal.ClassLoaderAccessImpl - Not known whether passed class name [com.epam.esm.entity.User] is safe
17:03:34.871 [Test worker] DEBUG org.hibernate.boot.internal.ClassLoaderAccessImpl - No temp ClassLoader provided; using live ClassLoader for loading potentially unsafe class : com.epam.esm.entity.User
17:03:34.877 [Test worker] DEBUG org.hibernate.boot.internal.ClassLoaderAccessImpl - Not known whether passed class name [com.epam.esm.entity.Entity] is safe
17:03:34.878 [Test worker] DEBUG org.hibernate.boot.internal.ClassLoaderAccessImpl - No temp ClassLoader provided; using live ClassLoader for loading potentially unsafe class : com.epam.esm.entity.Entity
17:03:34.878 [Test worker] DEBUG org.hibernate.boot.internal.ClassLoaderAccessImpl - Not known whether passed class name [com.epam.esm.entity.Entity] is safe
17:03:34.878 [Test worker] DEBUG org.hibernate.boot.internal.ClassLoaderAccessImpl - No temp ClassLoader provided; using live ClassLoader for loading potentially unsafe class : com.epam.esm.entity.Entity
17:03:34.881 [Test worker] DEBUG org.hibernate.boot.internal.ClassLoaderAccessImpl - Not known whether passed class name [com.epam.esm.entity.Tag] is safe
17:03:34.881 [Test worker] DEBUG org.hibernate.boot.internal.ClassLoaderAccessImpl - No temp ClassLoader provided; using live ClassLoader for loading potentially unsafe class : com.epam.esm.entity.Tag
17:03:34.881 [Test worker] DEBUG org.hibernate.boot.internal.ClassLoaderAccessImpl - Not known whether passed class name [com.epam.esm.entity.Tag] is safe
17:03:34.881 [Test worker] DEBUG org.hibernate.boot.internal.ClassLoaderAccessImpl - No temp ClassLoader provided; using live ClassLoader for loading potentially unsafe class : com.epam.esm.entity.Tag
17:03:34.886 [Test worker] DEBUG org.hibernate.boot.internal.ClassLoaderAccessImpl - Not known whether passed class name [com.epam.esm.entity.OrderCertificate] is safe
17:03:34.886 [Test worker] DEBUG org.hibernate.boot.internal.ClassLoaderAccessImpl - No temp ClassLoader provided; using live ClassLoader for loading potentially unsafe class : com.epam.esm.entity.OrderCertificate
17:03:34.886 [Test worker] DEBUG org.hibernate.boot.internal.ClassLoaderAccessImpl - Not known whether passed class name [com.epam.esm.entity.OrderCertificate] is safe
17:03:34.886 [Test worker] DEBUG org.hibernate.boot.internal.ClassLoaderAccessImpl - No temp ClassLoader provided; using live ClassLoader for loading potentially unsafe class : com.epam.esm.entity.OrderCertificate
17:03:34.892 [Test worker] DEBUG org.hibernate.boot.internal.ClassLoaderAccessImpl - Not known whether passed class name [com.epam.esm.entity.Role] is safe
17:03:34.892 [Test worker] DEBUG org.hibernate.boot.internal.ClassLoaderAccessImpl - No temp ClassLoader provided; using live ClassLoader for loading potentially unsafe class : com.epam.esm.entity.Role
17:03:34.893 [Test worker] DEBUG org.hibernate.boot.internal.ClassLoaderAccessImpl - Not known whether passed class name [com.epam.esm.entity.Role] is safe
17:03:34.893 [Test worker] DEBUG org.hibernate.boot.internal.ClassLoaderAccessImpl - No temp ClassLoader provided; using live ClassLoader for loading potentially unsafe class : com.epam.esm.entity.Role
17:03:34.897 [Test worker] DEBUG org.hibernate.persister.collection.AbstractCollectionPersister - Static SQL for collection: com.epam.esm.entity.GiftCertificate.tags
17:03:34.897 [Test worker] DEBUG org.hibernate.persister.collection.AbstractCollectionPersister -  Row insert: insert into certificate_tag (certificate_id, tag_id) values (?, ?)
17:03:34.897 [Test worker] DEBUG org.hibernate.persister.collection.AbstractCollectionPersister -  Row update: update certificate_tag set tag_id=? where certificate_id=? and tag_id=?
17:03:34.897 [Test worker] DEBUG org.hibernate.persister.collection.AbstractCollectionPersister -  Row delete: delete from certificate_tag where certificate_id=? and tag_id=?
17:03:34.897 [Test worker] DEBUG org.hibernate.persister.collection.AbstractCollectionPersister -  One-shot delete: delete from certificate_tag where certificate_id=?
17:03:34.897 [Test worker] DEBUG org.hibernate.persister.collection.AbstractCollectionPersister - Static SQL for collection: com.epam.esm.entity.Order.orderCertificates
17:03:34.897 [Test worker] DEBUG org.hibernate.persister.collection.AbstractCollectionPersister -  Row insert: update order_certificate set order_id=? where id=?
17:03:34.897 [Test worker] DEBUG org.hibernate.persister.collection.AbstractCollectionPersister -  Row update: update order_certificate set  where id=?
17:03:34.897 [Test worker] DEBUG org.hibernate.persister.collection.AbstractCollectionPersister -  Row delete: update order_certificate set order_id=null where order_id=? and id=?
17:03:34.897 [Test worker] DEBUG org.hibernate.persister.collection.AbstractCollectionPersister -  One-shot delete: update order_certificate set order_id=null where order_id=?
17:03:34.897 [Test worker] DEBUG org.hibernate.persister.collection.AbstractCollectionPersister - Static SQL for collection: com.epam.esm.entity.GiftCertificate.orderCertificates
17:03:34.897 [Test worker] DEBUG org.hibernate.persister.collection.AbstractCollectionPersister -  Row insert: update order_certificate set certificate_id=? where id=?
17:03:34.897 [Test worker] DEBUG org.hibernate.persister.collection.AbstractCollectionPersister -  Row update: update order_certificate set  where id=?
17:03:34.897 [Test worker] DEBUG org.hibernate.persister.collection.AbstractCollectionPersister -  Row delete: update order_certificate set certificate_id=null where certificate_id=? and id=?
17:03:34.897 [Test worker] DEBUG org.hibernate.persister.collection.AbstractCollectionPersister -  One-shot delete: update order_certificate set certificate_id=null where certificate_id=?
17:03:34.897 [Test worker] DEBUG org.hibernate.persister.collection.AbstractCollectionPersister - Static SQL for collection: com.epam.esm.entity.User.orders
17:03:34.897 [Test worker] DEBUG org.hibernate.persister.collection.AbstractCollectionPersister -  Row insert: update application_order set user_id=? where id=?
17:03:34.897 [Test worker] DEBUG org.hibernate.persister.collection.AbstractCollectionPersister -  Row update: update application_order set  where id=?
17:03:34.897 [Test worker] DEBUG org.hibernate.persister.collection.AbstractCollectionPersister -  Row delete: update application_order set user_id=null where user_id=? and id=?
17:03:34.897 [Test worker] DEBUG org.hibernate.persister.collection.AbstractCollectionPersister -  One-shot delete: update application_order set user_id=null where user_id=?
17:03:34.898 [Test worker] DEBUG org.hibernate.persister.entity.AbstractEntityPersister - Static SQL for entity: com.epam.esm.entity.Order
17:03:34.898 [Test worker] DEBUG org.hibernate.persister.entity.AbstractEntityPersister -  Version select: select id from application_order where id =?
17:03:34.898 [Test worker] DEBUG org.hibernate.persister.entity.AbstractEntityPersister -  Snapshot select: select order_.id, order_.active_status as active_s2_0_, order_.created_at as created_3_0_, order_.user_id as user_id4_0_ from application_order order_ where order_.id=?
17:03:34.898 [Test worker] DEBUG org.hibernate.persister.entity.AbstractEntityPersister -  Insert 0: insert into application_order (active_status, created_at, user_id, id) values (?, ?, ?, ?)
17:03:34.898 [Test worker] DEBUG org.hibernate.persister.entity.AbstractEntityPersister -  Update 0: update application_order set active_status=?, created_at=?, user_id=? where id=?
17:03:34.898 [Test worker] DEBUG org.hibernate.persister.entity.AbstractEntityPersister -  Delete 0: delete from application_order where id=?
17:03:34.898 [Test worker] DEBUG org.hibernate.persister.entity.AbstractEntityPersister -  Identity insert: insert into application_order (id, active_status, created_at, user_id) values (null, ?, ?, ?)
17:03:34.898 [Test worker] DEBUG org.hibernate.loader.plan.build.internal.spaces.QuerySpacesImpl - Adding QuerySpace : uid = <gen:0> -> org.hibernate.loader.plan.build.internal.spaces.EntityQuerySpaceImpl@4496978d]
17:03:34.898 [Test worker] DEBUG org.hibernate.persister.walking.spi.MetamodelGraphWalker - Visiting attribute path : activeStatus
17:03:34.898 [Test worker] DEBUG org.hibernate.persister.walking.spi.MetamodelGraphWalker - Visiting attribute path : createdAt
17:03:34.898 [Test worker] DEBUG org.hibernate.persister.walking.spi.MetamodelGraphWalker - Visiting attribute path : orderCertificates
17:03:34.898 [Test worker] DEBUG org.hibernate.loader.plan.build.internal.spaces.QuerySpacesImpl - Adding QuerySpace : uid = <gen:1> -> org.hibernate.loader.plan.build.internal.spaces.CollectionQuerySpaceImpl@7da0b0d0]
17:03:34.898 [Test worker] DEBUG org.hibernate.loader.plan.build.internal.spaces.QuerySpacesImpl - Adding QuerySpace : uid = <gen:2> -> org.hibernate.loader.plan.build.internal.spaces.EntityQuerySpaceImpl@7562a50f]
17:03:34.898 [Test worker] DEBUG org.hibernate.persister.walking.spi.MetamodelGraphWalker - Visiting attribute path : user
17:03:34.898 [Test worker] DEBUG org.hibernate.loader.plan.build.internal.spaces.QuerySpacesImpl - Adding QuerySpace : uid = <gen:3> -> org.hibernate.loader.plan.build.internal.spaces.EntityQuerySpaceImpl@5b87ed1]
17:03:34.898 [HikariPool-15 housekeeper] DEBUG com.zaxxer.hikari.pool.HikariPool - HikariPool-15 - Pool stats (total=1, active=0, idle=1, waiting=0)
17:03:34.898 [Test worker] DEBUG org.hibernate.persister.walking.spi.MetamodelGraphWalker - Visiting attribute path : user.email
17:03:34.898 [Test worker] DEBUG org.hibernate.persister.walking.spi.MetamodelGraphWalker - Visiting attribute path : user.orders
17:03:34.898 [Test worker] DEBUG org.hibernate.persister.walking.spi.MetamodelGraphWalker - Property path deemed to be circular : user.orders
17:03:34.898 [Test worker] DEBUG org.hibernate.persister.walking.spi.MetamodelGraphWalker - Visiting attribute path : user.password
17:03:34.898 [Test worker] DEBUG org.hibernate.persister.walking.spi.MetamodelGraphWalker - Visiting attribute path : user.refreshToken
17:03:34.898 [Test worker] DEBUG org.hibernate.persister.walking.spi.MetamodelGraphWalker - Visiting attribute path : user.role
17:03:34.898 [Test worker] DEBUG org.hibernate.loader.plan.build.internal.spaces.QuerySpacesImpl - Adding QuerySpace : uid = <gen:4> -> org.hibernate.loader.plan.build.internal.spaces.EntityQuerySpaceImpl@b7e08bd]
17:03:34.899 [Test worker] DEBUG org.hibernate.persister.walking.spi.MetamodelGraphWalker - Visiting attribute path : user.role.value
17:03:34.899 [Test worker] DEBUG org.hibernate.loader.plan.build.internal.FetchStyleLoadPlanBuildingAssociationVisitationStrategy - Building LoadPlan...
17:03:34.899 [Test worker] DEBUG org.hibernate.loader.plan.exec.internal.LoadQueryJoinAndFetchProcessor - processing queryspace <gen:0>
17:03:34.899 [Test worker] DEBUG org.hibernate.loader.plan.build.spi.LoadPlanTreePrinter - LoadPlan(entity=com.epam.esm.entity.Order)
    - Returns
       - EntityReturnImpl(entity=com.epam.esm.entity.Order, querySpaceUid=<gen:0>, path=com.epam.esm.entity.Order)
          - CollectionAttributeFetchImpl(collection=com.epam.esm.entity.Order.orderCertificates, querySpaceUid=<gen:1>, path=com.epam.esm.entity.Order.orderCertificates)
             - (collection element) CollectionFetchableElementEntityGraph(entity=com.epam.esm.entity.OrderCertificate, querySpaceUid=<gen:2>, path=com.epam.esm.entity.Order.orderCertificates.<elements>)
          - EntityAttributeFetchImpl(entity=com.epam.esm.entity.User, querySpaceUid=<gen:3>, path=com.epam.esm.entity.Order.user)
             - EntityAttributeFetchImpl(entity=com.epam.esm.entity.Role, querySpaceUid=<gen:4>, path=com.epam.esm.entity.Order.user.role)
    - QuerySpaces
       - EntityQuerySpaceImpl(uid=<gen:0>, entity=com.epam.esm.entity.Order)
          - SQL table alias mapping - order0_
          - alias suffix - 0_
          - suffixed key columns - {id1_0_0_}
          - JOIN (JoinDefinedByMetadata(user)) : <gen:0> -> <gen:3>
             - EntityQuerySpaceImpl(uid=<gen:3>, entity=com.epam.esm.entity.User)
                - SQL table alias mapping - user1_
                - alias suffix - 1_
                - suffixed key columns - {id1_2_1_}
                - JOIN (JoinDefinedByMetadata(role)) : <gen:3> -> <gen:4>
                   - EntityQuerySpaceImpl(uid=<gen:4>, entity=com.epam.esm.entity.Role)
                      - SQL table alias mapping - role2_
                      - alias suffix - 2_
                      - suffixed key columns - {id1_1_2_}

17:03:34.899 [HikariPool-15 connection adder] DEBUG com.zaxxer.hikari.pool.HikariPool - HikariPool-15 - Added connection conn141: url=jdbc:h2:mem:testdb user=SA
17:03:34.900 [Test worker] DEBUG org.hibernate.loader.entity.plan.EntityLoader - Static select for entity com.epam.esm.entity.Order [NONE]: select order0_.id as id1_0_0_, order0_.active_status as active_s2_0_0_, order0_.created_at as created_3_0_0_, order0_.user_id as user_id4_0_0_, user1_.id as id1_2_1_, user1_.email as email2_2_1_, user1_.password as password3_2_1_, user1_.refresh_token as refresh_4_2_1_, user1_.role_id as role_id5_2_1_, role2_.id as id1_1_2_, role2_.value as value2_1_2_ from application_order order0_ left outer join application_user user1_ on order0_.user_id=user1_.id left outer join application_role role2_ on user1_.role_id=role2_.id where order0_.id=?
17:03:34.900 [Test worker] DEBUG org.hibernate.loader.plan.build.internal.spaces.QuerySpacesImpl - Adding QuerySpace : uid = <gen:0> -> org.hibernate.loader.plan.build.internal.spaces.EntityQuerySpaceImpl@2d5c2b4d]
17:03:34.900 [Test worker] DEBUG org.hibernate.persister.walking.spi.MetamodelGraphWalker - Visiting attribute path : activeStatus
17:03:34.900 [Test worker] DEBUG org.hibernate.persister.walking.spi.MetamodelGraphWalker - Visiting attribute path : createdAt
17:03:34.900 [Test worker] DEBUG org.hibernate.persister.walking.spi.MetamodelGraphWalker - Visiting attribute path : orderCertificates
17:03:34.900 [Test worker] DEBUG org.hibernate.loader.plan.build.internal.spaces.QuerySpacesImpl - Adding QuerySpace : uid = <gen:1> -> org.hibernate.loader.plan.build.internal.spaces.CollectionQuerySpaceImpl@25ce079b]
17:03:34.900 [Test worker] DEBUG org.hibernate.loader.plan.build.internal.spaces.QuerySpacesImpl - Adding QuerySpace : uid = <gen:2> -> org.hibernate.loader.plan.build.internal.spaces.EntityQuerySpaceImpl@6aa5a9ac]
17:03:34.900 [HikariPool-15 connection adder] DEBUG com.zaxxer.hikari.pool.HikariPool - HikariPool-15 - Added connection conn142: url=jdbc:h2:mem:testdb user=SA
17:03:34.900 [Test worker] DEBUG org.hibernate.persister.walking.spi.MetamodelGraphWalker - Visiting attribute path : user
17:03:34.900 [Test worker] DEBUG org.hibernate.loader.plan.build.internal.spaces.QuerySpacesImpl - Adding QuerySpace : uid = <gen:3> -> org.hibernate.loader.plan.build.internal.spaces.EntityQuerySpaceImpl@26efe1f6]
17:03:34.900 [Test worker] DEBUG org.hibernate.persister.walking.spi.MetamodelGraphWalker - Visiting attribute path : user.email
17:03:34.900 [Test worker] DEBUG org.hibernate.persister.walking.spi.MetamodelGraphWalker - Visiting attribute path : user.orders
17:03:34.900 [Test worker] DEBUG org.hibernate.persister.walking.spi.MetamodelGraphWalker - Property path deemed to be circular : user.orders
17:03:34.900 [Test worker] DEBUG org.hibernate.persister.walking.spi.MetamodelGraphWalker - Visiting attribute path : user.password
17:03:34.900 [Test worker] DEBUG org.hibernate.persister.walking.spi.MetamodelGraphWalker - Visiting attribute path : user.refreshToken
17:03:34.900 [Test worker] DEBUG org.hibernate.persister.walking.spi.MetamodelGraphWalker - Visiting attribute path : user.role
17:03:34.900 [Test worker] DEBUG org.hibernate.loader.plan.build.internal.spaces.QuerySpacesImpl - Adding QuerySpace : uid = <gen:4> -> org.hibernate.loader.plan.build.internal.spaces.EntityQuerySpaceImpl@5b5690c9]
17:03:34.900 [HikariPool-15 connection adder] DEBUG com.zaxxer.hikari.pool.HikariPool - HikariPool-15 - Added connection conn143: url=jdbc:h2:mem:testdb user=SA
17:03:34.900 [Test worker] DEBUG org.hibernate.persister.walking.spi.MetamodelGraphWalker - Visiting attribute path : user.role.value
17:03:34.900 [Test worker] DEBUG org.hibernate.loader.plan.build.internal.FetchStyleLoadPlanBuildingAssociationVisitationStrategy - Building LoadPlan...
17:03:34.901 [Test worker] DEBUG org.hibernate.loader.plan.exec.internal.LoadQueryJoinAndFetchProcessor - processing queryspace <gen:0>
17:03:34.901 [HikariPool-15 connection adder] DEBUG com.zaxxer.hikari.pool.HikariPool - HikariPool-15 - Added connection conn144: url=jdbc:h2:mem:testdb user=SA
17:03:34.901 [Test worker] DEBUG org.hibernate.loader.plan.build.spi.LoadPlanTreePrinter - LoadPlan(entity=com.epam.esm.entity.Order)
    - Returns
       - EntityReturnImpl(entity=com.epam.esm.entity.Order, querySpaceUid=<gen:0>, path=com.epam.esm.entity.Order)
          - CollectionAttributeFetchImpl(collection=com.epam.esm.entity.Order.orderCertificates, querySpaceUid=<gen:1>, path=com.epam.esm.entity.Order.orderCertificates)
             - (collection element) CollectionFetchableElementEntityGraph(entity=com.epam.esm.entity.OrderCertificate, querySpaceUid=<gen:2>, path=com.epam.esm.entity.Order.orderCertificates.<elements>)
          - EntityAttributeFetchImpl(entity=com.epam.esm.entity.User, querySpaceUid=<gen:3>, path=com.epam.esm.entity.Order.user)
             - EntityAttributeFetchImpl(entity=com.epam.esm.entity.Role, querySpaceUid=<gen:4>, path=com.epam.esm.entity.Order.user.role)
    - QuerySpaces
       - EntityQuerySpaceImpl(uid=<gen:0>, entity=com.epam.esm.entity.Order)
          - SQL table alias mapping - order0_
          - alias suffix - 0_
          - suffixed key columns - {id1_0_0_}
          - JOIN (JoinDefinedByMetadata(user)) : <gen:0> -> <gen:3>
             - EntityQuerySpaceImpl(uid=<gen:3>, entity=com.epam.esm.entity.User)
                - SQL table alias mapping - user1_
                - alias suffix - 1_
                - suffixed key columns - {id1_2_1_}
                - JOIN (JoinDefinedByMetadata(role)) : <gen:3> -> <gen:4>
                   - EntityQuerySpaceImpl(uid=<gen:4>, entity=com.epam.esm.entity.Role)
                      - SQL table alias mapping - role2_
                      - alias suffix - 2_
                      - suffixed key columns - {id1_1_2_}

17:03:34.901 [Test worker] DEBUG org.hibernate.loader.entity.plan.EntityLoader - Static select for entity com.epam.esm.entity.Order [READ]: select order0_.id as id1_0_0_, order0_.active_status as active_s2_0_0_, order0_.created_at as created_3_0_0_, order0_.user_id as user_id4_0_0_, user1_.id as id1_2_1_, user1_.email as email2_2_1_, user1_.password as password3_2_1_, user1_.refresh_token as refresh_4_2_1_, user1_.role_id as role_id5_2_1_, role2_.id as id1_1_2_, role2_.value as value2_1_2_ from application_order order0_ left outer join application_user user1_ on order0_.user_id=user1_.id left outer join application_role role2_ on user1_.role_id=role2_.id where order0_.id=?
17:03:34.901 [Test worker] DEBUG org.hibernate.loader.Loader - Static select for action ACTION_MERGE on entity com.epam.esm.entity.Order: select order0_.id as id1_0_0_, order0_.active_status as active_s2_0_0_, order0_.created_at as created_3_0_0_, order0_.user_id as user_id4_0_0_ from application_order order0_ where order0_.id=?
17:03:34.901 [HikariPool-15 connection adder] DEBUG com.zaxxer.hikari.pool.HikariPool - HikariPool-15 - Added connection conn145: url=jdbc:h2:mem:testdb user=SA
17:03:34.901 [Test worker] DEBUG org.hibernate.loader.Loader - Static select for action ACTION_REFRESH on entity com.epam.esm.entity.Order: select order0_.id as id1_0_0_, order0_.active_status as active_s2_0_0_, order0_.created_at as created_3_0_0_, order0_.user_id as user_id4_0_0_ from application_order order0_ where order0_.id=?
17:03:34.902 [Test worker] DEBUG org.hibernate.persister.entity.AbstractEntityPersister - Static SQL for entity: com.epam.esm.entity.GiftCertificate
17:03:34.902 [Test worker] DEBUG org.hibernate.persister.entity.AbstractEntityPersister -  Version select: select id from certificate where id =?
17:03:34.902 [Test worker] DEBUG org.hibernate.persister.entity.AbstractEntityPersister -  Snapshot select: select giftcertif_.id, giftcertif_.active_status as active_s2_3_, giftcertif_.creation_date as creation3_3_, giftcertif_.description as descript4_3_, giftcertif_.expiration_date as expirati5_3_, giftcertif_.modification_date as modifica6_3_, giftcertif_.name as name7_3_, giftcertif_.price as price8_3_ from certificate giftcertif_ where giftcertif_.id=?
17:03:34.902 [Test worker] DEBUG org.hibernate.persister.entity.AbstractEntityPersister -  Insert 0: insert into certificate (active_status, creation_date, description, expiration_date, modification_date, name, price, id) values (?, ?, ?, ?, ?, ?, ?, ?)
17:03:34.902 [HikariPool-15 connection adder] DEBUG com.zaxxer.hikari.pool.HikariPool - HikariPool-15 - Added connection conn146: url=jdbc:h2:mem:testdb user=SA
17:03:34.902 [Test worker] DEBUG org.hibernate.persister.entity.AbstractEntityPersister -  Update 0: update certificate set active_status=?, creation_date=?, description=?, expiration_date=?, modification_date=?, name=?, price=? where id=?
17:03:34.902 [Test worker] DEBUG org.hibernate.persister.entity.AbstractEntityPersister -  Delete 0: delete from certificate where id=?
17:03:34.902 [Test worker] DEBUG org.hibernate.persister.entity.AbstractEntityPersister -  Identity insert: insert into certificate (id, active_status, creation_date, description, expiration_date, modification_date, name, price) values (null, ?, ?, ?, ?, ?, ?, ?)
17:03:34.902 [Test worker] DEBUG org.hibernate.loader.plan.build.internal.spaces.QuerySpacesImpl - Adding QuerySpace : uid = <gen:0> -> org.hibernate.loader.plan.build.internal.spaces.EntityQuerySpaceImpl@454008fe]
17:03:34.902 [Test worker] DEBUG org.hibernate.persister.walking.spi.MetamodelGraphWalker - Visiting attribute path : activeStatus
17:03:34.902 [Test worker] DEBUG org.hibernate.persister.walking.spi.MetamodelGraphWalker - Visiting attribute path : creationDate
17:03:34.902 [Test worker] DEBUG org.hibernate.persister.walking.spi.MetamodelGraphWalker - Visiting attribute path : description
17:03:34.902 [Test worker] DEBUG org.hibernate.persister.walking.spi.MetamodelGraphWalker - Visiting attribute path : expirationDate
17:03:34.902 [Test worker] DEBUG org.hibernate.persister.walking.spi.MetamodelGraphWalker - Visiting attribute path : modificationDate
17:03:34.902 [Test worker] DEBUG org.hibernate.persister.walking.spi.MetamodelGraphWalker - Visiting attribute path : name
17:03:34.902 [Test worker] DEBUG org.hibernate.persister.walking.spi.MetamodelGraphWalker - Visiting attribute path : orderCertificates
17:03:34.902 [HikariPool-15 connection adder] DEBUG com.zaxxer.hikari.pool.HikariPool - HikariPool-15 - Added connection conn147: url=jdbc:h2:mem:testdb user=SA
17:03:34.902 [Test worker] DEBUG org.hibernate.loader.plan.build.internal.spaces.QuerySpacesImpl - Adding QuerySpace : uid = <gen:1> -> org.hibernate.loader.plan.build.internal.spaces.CollectionQuerySpaceImpl@29ef27ea]
17:03:34.902 [Test worker] DEBUG org.hibernate.loader.plan.build.internal.spaces.QuerySpacesImpl - Adding QuerySpace : uid = <gen:2> -> org.hibernate.loader.plan.build.internal.spaces.EntityQuerySpaceImpl@7811879b]
17:03:34.902 [Test worker] DEBUG org.hibernate.persister.walking.spi.MetamodelGraphWalker - Visiting attribute path : price
17:03:34.902 [Test worker] DEBUG org.hibernate.persister.walking.spi.MetamodelGraphWalker - Visiting attribute path : tags
17:03:34.902 [Test worker] DEBUG org.hibernate.loader.plan.build.internal.spaces.QuerySpacesImpl - Adding QuerySpace : uid = <gen:3> -> org.hibernate.loader.plan.build.internal.spaces.CollectionQuerySpaceImpl@3d53679f]
17:03:34.902 [Test worker] DEBUG org.hibernate.loader.plan.build.internal.spaces.QuerySpacesImpl - Adding QuerySpace : uid = <gen:4> -> org.hibernate.loader.plan.build.internal.spaces.EntityQuerySpaceImpl@7a7d262b]
17:03:34.902 [Test worker] DEBUG org.hibernate.loader.plan.build.internal.FetchStyleLoadPlanBuildingAssociationVisitationStrategy - Building LoadPlan...
17:03:34.902 [HikariPool-15 connection adder] DEBUG com.zaxxer.hikari.pool.HikariPool - HikariPool-15 - Added connection conn148: url=jdbc:h2:mem:testdb user=SA
17:03:34.903 [Test worker] DEBUG org.hibernate.loader.plan.exec.internal.LoadQueryJoinAndFetchProcessor - processing queryspace <gen:0>
17:03:34.903 [Test worker] DEBUG org.hibernate.loader.plan.build.spi.LoadPlanTreePrinter - LoadPlan(entity=com.epam.esm.entity.GiftCertificate)
    - Returns
       - EntityReturnImpl(entity=com.epam.esm.entity.GiftCertificate, querySpaceUid=<gen:0>, path=com.epam.esm.entity.GiftCertificate)
          - CollectionAttributeFetchImpl(collection=com.epam.esm.entity.GiftCertificate.orderCertificates, querySpaceUid=<gen:1>, path=com.epam.esm.entity.GiftCertificate.orderCertificates)
             - (collection element) CollectionFetchableElementEntityGraph(entity=com.epam.esm.entity.OrderCertificate, querySpaceUid=<gen:2>, path=com.epam.esm.entity.GiftCertificate.orderCertificates.<elements>)
          - CollectionAttributeFetchImpl(collection=com.epam.esm.entity.GiftCertificate.tags, querySpaceUid=<gen:3>, path=com.epam.esm.entity.GiftCertificate.tags)
             - (collection element) CollectionFetchableElementEntityGraph(entity=com.epam.esm.entity.Tag, querySpaceUid=<gen:4>, path=com.epam.esm.entity.GiftCertificate.tags.<elements>)
    - QuerySpaces
       - EntityQuerySpaceImpl(uid=<gen:0>, entity=com.epam.esm.entity.GiftCertificate)
          - SQL table alias mapping - giftcertif0_
          - alias suffix - 0_
          - suffixed key columns - {id1_3_0_}

17:03:34.903 [Test worker] DEBUG org.hibernate.loader.entity.plan.EntityLoader - Static select for entity com.epam.esm.entity.GiftCertificate [NONE]: select giftcertif0_.id as id1_3_0_, giftcertif0_.active_status as active_s2_3_0_, giftcertif0_.creation_date as creation3_3_0_, giftcertif0_.description as descript4_3_0_, giftcertif0_.expiration_date as expirati5_3_0_, giftcertif0_.modification_date as modifica6_3_0_, giftcertif0_.name as name7_3_0_, giftcertif0_.price as price8_3_0_ from certificate giftcertif0_ where giftcertif0_.id=?
17:03:34.903 [HikariPool-15 connection adder] DEBUG com.zaxxer.hikari.pool.HikariPool - HikariPool-15 - Added connection conn149: url=jdbc:h2:mem:testdb user=SA
17:03:34.903 [HikariPool-15 connection adder] DEBUG com.zaxxer.hikari.pool.HikariPool - HikariPool-15 - After adding stats (total=10, active=0, idle=10, waiting=0)
17:03:34.903 [Test worker] DEBUG org.hibernate.loader.plan.build.internal.spaces.QuerySpacesImpl - Adding QuerySpace : uid = <gen:0> -> org.hibernate.loader.plan.build.internal.spaces.EntityQuerySpaceImpl@2afd9ef9]
17:03:34.903 [Test worker] DEBUG org.hibernate.persister.walking.spi.MetamodelGraphWalker - Visiting attribute path : activeStatus
17:03:34.903 [Test worker] DEBUG org.hibernate.persister.walking.spi.MetamodelGraphWalker - Visiting attribute path : creationDate
17:03:34.903 [Test worker] DEBUG org.hibernate.persister.walking.spi.MetamodelGraphWalker - Visiting attribute path : description
17:03:34.903 [Test worker] DEBUG org.hibernate.persister.walking.spi.MetamodelGraphWalker - Visiting attribute path : expirationDate
17:03:34.903 [Test worker] DEBUG org.hibernate.persister.walking.spi.MetamodelGraphWalker - Visiting attribute path : modificationDate
17:03:34.903 [Test worker] DEBUG org.hibernate.persister.walking.spi.MetamodelGraphWalker - Visiting attribute path : name
17:03:34.903 [Test worker] DEBUG org.hibernate.persister.walking.spi.MetamodelGraphWalker - Visiting attribute path : orderCertificates
17:03:34.903 [Test worker] DEBUG org.hibernate.loader.plan.build.internal.spaces.QuerySpacesImpl - Adding QuerySpace : uid = <gen:1> -> org.hibernate.loader.plan.build.internal.spaces.CollectionQuerySpaceImpl@78ed12b6]
17:03:34.903 [Test worker] DEBUG org.hibernate.loader.plan.build.internal.spaces.QuerySpacesImpl - Adding QuerySpace : uid = <gen:2> -> org.hibernate.loader.plan.build.internal.spaces.EntityQuerySpaceImpl@6bb23ffe]
17:03:34.903 [Test worker] DEBUG org.hibernate.persister.walking.spi.MetamodelGraphWalker - Visiting attribute path : price
17:03:34.903 [Test worker] DEBUG org.hibernate.persister.walking.spi.MetamodelGraphWalker - Visiting attribute path : tags
17:03:34.903 [Test worker] DEBUG org.hibernate.loader.plan.build.internal.spaces.QuerySpacesImpl - Adding QuerySpace : uid = <gen:3> -> org.hibernate.loader.plan.build.internal.spaces.CollectionQuerySpaceImpl@2dfe7e27]
17:03:34.903 [Test worker] DEBUG org.hibernate.loader.plan.build.internal.spaces.QuerySpacesImpl - Adding QuerySpace : uid = <gen:4> -> org.hibernate.loader.plan.build.internal.spaces.EntityQuerySpaceImpl@5468ed13]
17:03:34.903 [Test worker] DEBUG org.hibernate.loader.plan.build.internal.FetchStyleLoadPlanBuildingAssociationVisitationStrategy - Building LoadPlan...
17:03:34.904 [Test worker] DEBUG org.hibernate.loader.plan.exec.internal.LoadQueryJoinAndFetchProcessor - processing queryspace <gen:0>
17:03:34.904 [Test worker] DEBUG org.hibernate.loader.plan.build.spi.LoadPlanTreePrinter - LoadPlan(entity=com.epam.esm.entity.GiftCertificate)
    - Returns
       - EntityReturnImpl(entity=com.epam.esm.entity.GiftCertificate, querySpaceUid=<gen:0>, path=com.epam.esm.entity.GiftCertificate)
          - CollectionAttributeFetchImpl(collection=com.epam.esm.entity.GiftCertificate.orderCertificates, querySpaceUid=<gen:1>, path=com.epam.esm.entity.GiftCertificate.orderCertificates)
             - (collection element) CollectionFetchableElementEntityGraph(entity=com.epam.esm.entity.OrderCertificate, querySpaceUid=<gen:2>, path=com.epam.esm.entity.GiftCertificate.orderCertificates.<elements>)
          - CollectionAttributeFetchImpl(collection=com.epam.esm.entity.GiftCertificate.tags, querySpaceUid=<gen:3>, path=com.epam.esm.entity.GiftCertificate.tags)
             - (collection element) CollectionFetchableElementEntityGraph(entity=com.epam.esm.entity.Tag, querySpaceUid=<gen:4>, path=com.epam.esm.entity.GiftCertificate.tags.<elements>)
    - QuerySpaces
       - EntityQuerySpaceImpl(uid=<gen:0>, entity=com.epam.esm.entity.GiftCertificate)
          - SQL table alias mapping - giftcertif0_
          - alias suffix - 0_
          - suffixed key columns - {id1_3_0_}

17:03:34.904 [Test worker] DEBUG org.hibernate.loader.entity.plan.EntityLoader - Static select for entity com.epam.esm.entity.GiftCertificate [READ]: select giftcertif0_.id as id1_3_0_, giftcertif0_.active_status as active_s2_3_0_, giftcertif0_.creation_date as creation3_3_0_, giftcertif0_.description as descript4_3_0_, giftcertif0_.expiration_date as expirati5_3_0_, giftcertif0_.modification_date as modifica6_3_0_, giftcertif0_.name as name7_3_0_, giftcertif0_.price as price8_3_0_ from certificate giftcertif0_ where giftcertif0_.id=?
17:03:34.904 [Test worker] DEBUG org.hibernate.loader.Loader - Static select for action ACTION_MERGE on entity com.epam.esm.entity.GiftCertificate: select giftcertif0_.id as id1_3_2_, giftcertif0_.active_status as active_s2_3_2_, giftcertif0_.creation_date as creation3_3_2_, giftcertif0_.description as descript4_3_2_, giftcertif0_.expiration_date as expirati5_3_2_, giftcertif0_.modification_date as modifica6_3_2_, giftcertif0_.name as name7_3_2_, giftcertif0_.price as price8_3_2_, ordercerti1_.certificate_id as certific4_6_4_, ordercerti1_.id as id1_6_4_, ordercerti1_.id as id1_6_0_, ordercerti1_.certificate_id as certific4_6_0_, ordercerti1_.expiration_date as expirati2_6_0_, ordercerti1_.fixed_price as fixed_pr3_6_0_, ordercerti1_.order_id as order_id5_6_0_, order2_.id as id1_0_1_, order2_.active_status as active_s2_0_1_, order2_.created_at as created_3_0_1_, order2_.user_id as user_id4_0_1_ from certificate giftcertif0_ left outer join order_certificate ordercerti1_ on giftcertif0_.id=ordercerti1_.certificate_id left outer join application_order order2_ on ordercerti1_.order_id=order2_.id where giftcertif0_.id=?
17:03:34.905 [Test worker] DEBUG org.hibernate.loader.Loader - Static select for action ACTION_REFRESH on entity com.epam.esm.entity.GiftCertificate: select giftcertif0_.id as id1_3_2_, giftcertif0_.active_status as active_s2_3_2_, giftcertif0_.creation_date as creation3_3_2_, giftcertif0_.description as descript4_3_2_, giftcertif0_.expiration_date as expirati5_3_2_, giftcertif0_.modification_date as modifica6_3_2_, giftcertif0_.name as name7_3_2_, giftcertif0_.price as price8_3_2_, ordercerti1_.certificate_id as certific4_6_4_, ordercerti1_.id as id1_6_4_, ordercerti1_.id as id1_6_0_, ordercerti1_.certificate_id as certific4_6_0_, ordercerti1_.expiration_date as expirati2_6_0_, ordercerti1_.fixed_price as fixed_pr3_6_0_, ordercerti1_.order_id as order_id5_6_0_, order2_.id as id1_0_1_, order2_.active_status as active_s2_0_1_, order2_.created_at as created_3_0_1_, order2_.user_id as user_id4_0_1_ from certificate giftcertif0_ left outer join order_certificate ordercerti1_ on giftcertif0_.id=ordercerti1_.certificate_id left outer join application_order order2_ on ordercerti1_.order_id=order2_.id where giftcertif0_.id=?
17:03:34.905 [Test worker] DEBUG org.hibernate.persister.entity.AbstractEntityPersister - Static SQL for entity: com.epam.esm.entity.User
17:03:34.905 [Test worker] DEBUG org.hibernate.persister.entity.AbstractEntityPersister -  Version select: select id from application_user where id =?
17:03:34.905 [Test worker] DEBUG org.hibernate.persister.entity.AbstractEntityPersister -  Snapshot select: select user_.id, user_.email as email2_2_, user_.password as password3_2_, user_.refresh_token as refresh_4_2_, user_.role_id as role_id5_2_ from application_user user_ where user_.id=?
17:03:34.905 [Test worker] DEBUG org.hibernate.persister.entity.AbstractEntityPersister -  Insert 0: insert into application_user (email, password, refresh_token, role_id, id) values (?, ?, ?, ?, ?)
17:03:34.905 [Test worker] DEBUG org.hibernate.persister.entity.AbstractEntityPersister -  Update 0: update application_user set email=?, password=?, refresh_token=?, role_id=? where id=?
17:03:34.905 [Test worker] DEBUG org.hibernate.persister.entity.AbstractEntityPersister -  Delete 0: delete from application_user where id=?
17:03:34.905 [Test worker] DEBUG org.hibernate.persister.entity.AbstractEntityPersister -  Identity insert: insert into application_user (id, email, password, refresh_token, role_id) values (null, ?, ?, ?, ?)
17:03:34.905 [Test worker] DEBUG org.hibernate.loader.plan.build.internal.spaces.QuerySpacesImpl - Adding QuerySpace : uid = <gen:0> -> org.hibernate.loader.plan.build.internal.spaces.EntityQuerySpaceImpl@44803d8a]
17:03:34.905 [Test worker] DEBUG org.hibernate.persister.walking.spi.MetamodelGraphWalker - Visiting attribute path : email
17:03:34.905 [Test worker] DEBUG org.hibernate.persister.walking.spi.MetamodelGraphWalker - Visiting attribute path : orders
17:03:34.905 [Test worker] DEBUG org.hibernate.loader.plan.build.internal.spaces.QuerySpacesImpl - Adding QuerySpace : uid = <gen:1> -> org.hibernate.loader.plan.build.internal.spaces.CollectionQuerySpaceImpl@60e6f99c]
17:03:34.905 [Test worker] DEBUG org.hibernate.loader.plan.build.internal.spaces.QuerySpacesImpl - Adding QuerySpace : uid = <gen:2> -> org.hibernate.loader.plan.build.internal.spaces.EntityQuerySpaceImpl@73f590e6]
17:03:34.905 [Test worker] DEBUG org.hibernate.persister.walking.spi.MetamodelGraphWalker - Visiting attribute path : password
17:03:34.905 [Test worker] DEBUG org.hibernate.persister.walking.spi.MetamodelGraphWalker - Visiting attribute path : refreshToken
17:03:34.905 [Test worker] DEBUG org.hibernate.persister.walking.spi.MetamodelGraphWalker - Visiting attribute path : role
17:03:34.905 [Test worker] DEBUG org.hibernate.loader.plan.build.internal.spaces.QuerySpacesImpl - Adding QuerySpace : uid = <gen:3> -> org.hibernate.loader.plan.build.internal.spaces.EntityQuerySpaceImpl@365c8f7f]
17:03:34.905 [Test worker] DEBUG org.hibernate.persister.walking.spi.MetamodelGraphWalker - Visiting attribute path : role.value
17:03:34.905 [Test worker] DEBUG org.hibernate.loader.plan.build.internal.FetchStyleLoadPlanBuildingAssociationVisitationStrategy - Building LoadPlan...
17:03:34.905 [Test worker] DEBUG org.hibernate.loader.plan.exec.internal.LoadQueryJoinAndFetchProcessor - processing queryspace <gen:0>
17:03:34.906 [Test worker] DEBUG org.hibernate.loader.plan.build.spi.LoadPlanTreePrinter - LoadPlan(entity=com.epam.esm.entity.User)
    - Returns
       - EntityReturnImpl(entity=com.epam.esm.entity.User, querySpaceUid=<gen:0>, path=com.epam.esm.entity.User)
          - CollectionAttributeFetchImpl(collection=com.epam.esm.entity.User.orders, querySpaceUid=<gen:1>, path=com.epam.esm.entity.User.orders)
             - (collection element) CollectionFetchableElementEntityGraph(entity=com.epam.esm.entity.Order, querySpaceUid=<gen:2>, path=com.epam.esm.entity.User.orders.<elements>)
          - EntityAttributeFetchImpl(entity=com.epam.esm.entity.Role, querySpaceUid=<gen:3>, path=com.epam.esm.entity.User.role)
    - QuerySpaces
       - EntityQuerySpaceImpl(uid=<gen:0>, entity=com.epam.esm.entity.User)
          - SQL table alias mapping - user0_
          - alias suffix - 0_
          - suffixed key columns - {id1_2_0_}
          - JOIN (JoinDefinedByMetadata(role)) : <gen:0> -> <gen:3>
             - EntityQuerySpaceImpl(uid=<gen:3>, entity=com.epam.esm.entity.Role)
                - SQL table alias mapping - role1_
                - alias suffix - 1_
                - suffixed key columns - {id1_1_1_}

17:03:34.906 [Test worker] DEBUG org.hibernate.loader.entity.plan.EntityLoader - Static select for entity com.epam.esm.entity.User [NONE]: select user0_.id as id1_2_0_, user0_.email as email2_2_0_, user0_.password as password3_2_0_, user0_.refresh_token as refresh_4_2_0_, user0_.role_id as role_id5_2_0_, role1_.id as id1_1_1_, role1_.value as value2_1_1_ from application_user user0_ left outer join application_role role1_ on user0_.role_id=role1_.id where user0_.id=?
17:03:34.906 [Test worker] DEBUG org.hibernate.loader.plan.build.internal.spaces.QuerySpacesImpl - Adding QuerySpace : uid = <gen:0> -> org.hibernate.loader.plan.build.internal.spaces.EntityQuerySpaceImpl@622ccd5f]
17:03:34.906 [Test worker] DEBUG org.hibernate.persister.walking.spi.MetamodelGraphWalker - Visiting attribute path : email
17:03:34.906 [Test worker] DEBUG org.hibernate.persister.walking.spi.MetamodelGraphWalker - Visiting attribute path : orders
17:03:34.906 [Test worker] DEBUG org.hibernate.loader.plan.build.internal.spaces.QuerySpacesImpl - Adding QuerySpace : uid = <gen:1> -> org.hibernate.loader.plan.build.internal.spaces.CollectionQuerySpaceImpl@6ff444f4]
17:03:34.906 [Test worker] DEBUG org.hibernate.loader.plan.build.internal.spaces.QuerySpacesImpl - Adding QuerySpace : uid = <gen:2> -> org.hibernate.loader.plan.build.internal.spaces.EntityQuerySpaceImpl@555ca392]
17:03:34.906 [Test worker] DEBUG org.hibernate.persister.walking.spi.MetamodelGraphWalker - Visiting attribute path : password
17:03:34.906 [Test worker] DEBUG org.hibernate.persister.walking.spi.MetamodelGraphWalker - Visiting attribute path : refreshToken
17:03:34.906 [Test worker] DEBUG org.hibernate.persister.walking.spi.MetamodelGraphWalker - Visiting attribute path : role
17:03:34.906 [Test worker] DEBUG org.hibernate.loader.plan.build.internal.spaces.QuerySpacesImpl - Adding QuerySpace : uid = <gen:3> -> org.hibernate.loader.plan.build.internal.spaces.EntityQuerySpaceImpl@519eca53]
17:03:34.906 [Test worker] DEBUG org.hibernate.persister.walking.spi.MetamodelGraphWalker - Visiting attribute path : role.value
17:03:34.906 [Test worker] DEBUG org.hibernate.loader.plan.build.internal.FetchStyleLoadPlanBuildingAssociationVisitationStrategy - Building LoadPlan...
17:03:34.906 [Test worker] DEBUG org.hibernate.loader.plan.exec.internal.LoadQueryJoinAndFetchProcessor - processing queryspace <gen:0>
17:03:34.907 [Test worker] DEBUG org.hibernate.loader.plan.build.spi.LoadPlanTreePrinter - LoadPlan(entity=com.epam.esm.entity.User)
    - Returns
       - EntityReturnImpl(entity=com.epam.esm.entity.User, querySpaceUid=<gen:0>, path=com.epam.esm.entity.User)
          - CollectionAttributeFetchImpl(collection=com.epam.esm.entity.User.orders, querySpaceUid=<gen:1>, path=com.epam.esm.entity.User.orders)
             - (collection element) CollectionFetchableElementEntityGraph(entity=com.epam.esm.entity.Order, querySpaceUid=<gen:2>, path=com.epam.esm.entity.User.orders.<elements>)
          - EntityAttributeFetchImpl(entity=com.epam.esm.entity.Role, querySpaceUid=<gen:3>, path=com.epam.esm.entity.User.role)
    - QuerySpaces
       - EntityQuerySpaceImpl(uid=<gen:0>, entity=com.epam.esm.entity.User)
          - SQL table alias mapping - user0_
          - alias suffix - 0_
          - suffixed key columns - {id1_2_0_}
          - JOIN (JoinDefinedByMetadata(role)) : <gen:0> -> <gen:3>
             - EntityQuerySpaceImpl(uid=<gen:3>, entity=com.epam.esm.entity.Role)
                - SQL table alias mapping - role1_
                - alias suffix - 1_
                - suffixed key columns - {id1_1_1_}

17:03:34.907 [Test worker] DEBUG org.hibernate.loader.entity.plan.EntityLoader - Static select for entity com.epam.esm.entity.User [READ]: select user0_.id as id1_2_0_, user0_.email as email2_2_0_, user0_.password as password3_2_0_, user0_.refresh_token as refresh_4_2_0_, user0_.role_id as role_id5_2_0_, role1_.id as id1_1_1_, role1_.value as value2_1_1_ from application_user user0_ left outer join application_role role1_ on user0_.role_id=role1_.id where user0_.id=?
17:03:34.907 [Test worker] DEBUG org.hibernate.loader.Loader - Static select for action ACTION_MERGE on entity com.epam.esm.entity.User: select user0_.id as id1_2_0_, user0_.email as email2_2_0_, user0_.password as password3_2_0_, user0_.refresh_token as refresh_4_2_0_, user0_.role_id as role_id5_2_0_ from application_user user0_ where user0_.id=?
17:03:34.907 [Test worker] DEBUG org.hibernate.loader.Loader - Static select for action ACTION_REFRESH on entity com.epam.esm.entity.User: select user0_.id as id1_2_0_, user0_.email as email2_2_0_, user0_.password as password3_2_0_, user0_.refresh_token as refresh_4_2_0_, user0_.role_id as role_id5_2_0_ from application_user user0_ where user0_.id=?
17:03:34.907 [Test worker] DEBUG org.hibernate.persister.entity.AbstractEntityPersister - Static SQL for entity: com.epam.esm.entity.Entity
17:03:34.907 [Test worker] DEBUG org.hibernate.persister.entity.AbstractEntityPersister -  Version select: select id from entity where id =?
17:03:34.907 [Test worker] DEBUG org.hibernate.persister.entity.AbstractEntityPersister -  Snapshot select: select entity_.id from entity entity_ where entity_.id=?
17:03:34.907 [Test worker] DEBUG org.hibernate.persister.entity.AbstractEntityPersister -  Insert 0: insert into entity (id) values (?)
17:03:34.907 [Test worker] DEBUG org.hibernate.persister.entity.AbstractEntityPersister -  Update 0: null
17:03:34.907 [Test worker] DEBUG org.hibernate.persister.entity.AbstractEntityPersister -  Delete 0: delete from entity where id=?
17:03:34.907 [Test worker] DEBUG org.hibernate.persister.entity.AbstractEntityPersister -  Identity insert: insert into entity (id) values (null)
17:03:34.907 [Test worker] DEBUG org.hibernate.loader.plan.build.internal.spaces.QuerySpacesImpl - Adding QuerySpace : uid = <gen:0> -> org.hibernate.loader.plan.build.internal.spaces.EntityQuerySpaceImpl@292e1349]
17:03:34.908 [Test worker] DEBUG org.hibernate.loader.plan.build.internal.FetchStyleLoadPlanBuildingAssociationVisitationStrategy - Building LoadPlan...
17:03:34.908 [Test worker] DEBUG org.hibernate.loader.plan.exec.internal.LoadQueryJoinAndFetchProcessor - processing queryspace <gen:0>
17:03:34.908 [Test worker] DEBUG org.hibernate.loader.plan.build.spi.LoadPlanTreePrinter - LoadPlan(entity=com.epam.esm.entity.Entity)
    - Returns
       - EntityReturnImpl(entity=com.epam.esm.entity.Entity, querySpaceUid=<gen:0>, path=com.epam.esm.entity.Entity)
    - QuerySpaces
       - EntityQuerySpaceImpl(uid=<gen:0>, entity=com.epam.esm.entity.Entity)
          - SQL table alias mapping - entity0_
          - alias suffix - 0_
          - suffixed key columns - {id1_5_0_}

17:03:34.908 [Test worker] DEBUG org.hibernate.loader.entity.plan.EntityLoader - Static select for entity com.epam.esm.entity.Entity [NONE]: select entity0_.id as id1_5_0_ from entity entity0_ where entity0_.id=?
17:03:34.908 [Test worker] DEBUG org.hibernate.loader.plan.build.internal.spaces.QuerySpacesImpl - Adding QuerySpace : uid = <gen:0> -> org.hibernate.loader.plan.build.internal.spaces.EntityQuerySpaceImpl@3e35f8e7]
17:03:34.908 [Test worker] DEBUG org.hibernate.loader.plan.build.internal.FetchStyleLoadPlanBuildingAssociationVisitationStrategy - Building LoadPlan...
17:03:34.908 [Test worker] DEBUG org.hibernate.loader.plan.exec.internal.LoadQueryJoinAndFetchProcessor - processing queryspace <gen:0>
17:03:34.908 [Test worker] DEBUG org.hibernate.loader.plan.build.spi.LoadPlanTreePrinter - LoadPlan(entity=com.epam.esm.entity.Entity)
    - Returns
       - EntityReturnImpl(entity=com.epam.esm.entity.Entity, querySpaceUid=<gen:0>, path=com.epam.esm.entity.Entity)
    - QuerySpaces
       - EntityQuerySpaceImpl(uid=<gen:0>, entity=com.epam.esm.entity.Entity)
          - SQL table alias mapping - entity0_
          - alias suffix - 0_
          - suffixed key columns - {id1_5_0_}

17:03:34.908 [Test worker] DEBUG org.hibernate.loader.entity.plan.EntityLoader - Static select for entity com.epam.esm.entity.Entity [READ]: select entity0_.id as id1_5_0_ from entity entity0_ where entity0_.id=?
17:03:34.908 [Test worker] DEBUG org.hibernate.loader.Loader - Static select for action ACTION_MERGE on entity com.epam.esm.entity.Entity: select entity0_.id as id1_5_0_ from entity entity0_ where entity0_.id=?
17:03:34.909 [Test worker] DEBUG org.hibernate.loader.Loader - Static select for action ACTION_REFRESH on entity com.epam.esm.entity.Entity: select entity0_.id as id1_5_0_ from entity entity0_ where entity0_.id=?
17:03:34.909 [Test worker] DEBUG org.hibernate.persister.entity.AbstractEntityPersister - Static SQL for entity: com.epam.esm.entity.Tag
17:03:34.909 [Test worker] DEBUG org.hibernate.persister.entity.AbstractEntityPersister -  Version select: select id from tag where id =?
17:03:34.909 [Test worker] DEBUG org.hibernate.persister.entity.AbstractEntityPersister -  Snapshot select: select tag_.id from tag tag_ where tag_.id=?
17:03:34.909 [Test worker] DEBUG org.hibernate.persister.entity.AbstractEntityPersister -  Insert 0: insert into tag (title, id) values (?, ?)
17:03:34.909 [Test worker] DEBUG org.hibernate.persister.entity.AbstractEntityPersister -  Update 0: null
17:03:34.909 [Test worker] DEBUG org.hibernate.persister.entity.AbstractEntityPersister -  Delete 0: delete from tag where id=?
17:03:34.909 [Test worker] DEBUG org.hibernate.persister.entity.AbstractEntityPersister -  Identity insert: insert into tag (id, title) values (null, ?)
17:03:34.909 [Test worker] DEBUG org.hibernate.loader.plan.build.internal.spaces.QuerySpacesImpl - Adding QuerySpace : uid = <gen:0> -> org.hibernate.loader.plan.build.internal.spaces.EntityQuerySpaceImpl@24b2d58]
17:03:34.909 [Test worker] DEBUG org.hibernate.persister.walking.spi.MetamodelGraphWalker - Visiting attribute path : title
17:03:34.909 [Test worker] DEBUG org.hibernate.loader.plan.build.internal.FetchStyleLoadPlanBuildingAssociationVisitationStrategy - Building LoadPlan...
17:03:34.909 [Test worker] DEBUG org.hibernate.loader.plan.exec.internal.LoadQueryJoinAndFetchProcessor - processing queryspace <gen:0>
17:03:34.909 [Test worker] DEBUG org.hibernate.loader.plan.build.spi.LoadPlanTreePrinter - LoadPlan(entity=com.epam.esm.entity.Tag)
    - Returns
       - EntityReturnImpl(entity=com.epam.esm.entity.Tag, querySpaceUid=<gen:0>, path=com.epam.esm.entity.Tag)
    - QuerySpaces
       - EntityQuerySpaceImpl(uid=<gen:0>, entity=com.epam.esm.entity.Tag)
          - SQL table alias mapping - tag0_
          - alias suffix - 0_
          - suffixed key columns - {id1_7_0_}

17:03:34.909 [Test worker] DEBUG org.hibernate.loader.entity.plan.EntityLoader - Static select for entity com.epam.esm.entity.Tag [NONE]: select tag0_.id as id1_7_0_, tag0_.title as title2_7_0_ from tag tag0_ where tag0_.id=?
17:03:34.909 [Test worker] DEBUG org.hibernate.loader.plan.build.internal.spaces.QuerySpacesImpl - Adding QuerySpace : uid = <gen:0> -> org.hibernate.loader.plan.build.internal.spaces.EntityQuerySpaceImpl@79327fec]
17:03:34.909 [Test worker] DEBUG org.hibernate.persister.walking.spi.MetamodelGraphWalker - Visiting attribute path : title
17:03:34.909 [Test worker] DEBUG org.hibernate.loader.plan.build.internal.FetchStyleLoadPlanBuildingAssociationVisitationStrategy - Building LoadPlan...
17:03:34.910 [Test worker] DEBUG org.hibernate.loader.plan.exec.internal.LoadQueryJoinAndFetchProcessor - processing queryspace <gen:0>
17:03:34.910 [Test worker] DEBUG org.hibernate.loader.plan.build.spi.LoadPlanTreePrinter - LoadPlan(entity=com.epam.esm.entity.Tag)
    - Returns
       - EntityReturnImpl(entity=com.epam.esm.entity.Tag, querySpaceUid=<gen:0>, path=com.epam.esm.entity.Tag)
    - QuerySpaces
       - EntityQuerySpaceImpl(uid=<gen:0>, entity=com.epam.esm.entity.Tag)
          - SQL table alias mapping - tag0_
          - alias suffix - 0_
          - suffixed key columns - {id1_7_0_}

17:03:34.910 [Test worker] DEBUG org.hibernate.loader.entity.plan.EntityLoader - Static select for entity com.epam.esm.entity.Tag [READ]: select tag0_.id as id1_7_0_, tag0_.title as title2_7_0_ from tag tag0_ where tag0_.id=?
17:03:34.910 [Test worker] DEBUG org.hibernate.loader.Loader - Static select for action ACTION_MERGE on entity com.epam.esm.entity.Tag: select tag0_.id as id1_7_0_, tag0_.title as title2_7_0_ from tag tag0_ where tag0_.id=?
17:03:34.910 [Test worker] DEBUG org.hibernate.loader.Loader - Static select for action ACTION_REFRESH on entity com.epam.esm.entity.Tag: select tag0_.id as id1_7_0_, tag0_.title as title2_7_0_ from tag tag0_ where tag0_.id=?
17:03:34.910 [Test worker] DEBUG org.hibernate.persister.entity.AbstractEntityPersister - Static SQL for entity: com.epam.esm.entity.OrderCertificate
17:03:34.910 [Test worker] DEBUG org.hibernate.persister.entity.AbstractEntityPersister -  Version select: select id from order_certificate where id =?
17:03:34.910 [Test worker] DEBUG org.hibernate.persister.entity.AbstractEntityPersister -  Snapshot select: select ordercerti_.id, ordercerti_.certificate_id as certific4_6_, ordercerti_.expiration_date as expirati2_6_, ordercerti_.fixed_price as fixed_pr3_6_, ordercerti_.order_id as order_id5_6_ from order_certificate ordercerti_ where ordercerti_.id=?
17:03:34.910 [Test worker] DEBUG org.hibernate.persister.entity.AbstractEntityPersister -  Insert 0: insert into order_certificate (certificate_id, expiration_date, fixed_price, order_id, id) values (?, ?, ?, ?, ?)
17:03:34.910 [Test worker] DEBUG org.hibernate.persister.entity.AbstractEntityPersister -  Update 0: update order_certificate set certificate_id=?, expiration_date=?, fixed_price=?, order_id=? where id=?
17:03:34.910 [Test worker] DEBUG org.hibernate.persister.entity.AbstractEntityPersister -  Delete 0: delete from order_certificate where id=?
17:03:34.910 [Test worker] DEBUG org.hibernate.persister.entity.AbstractEntityPersister -  Identity insert: insert into order_certificate (id, certificate_id, expiration_date, fixed_price, order_id) values (null, ?, ?, ?, ?)
17:03:34.910 [Test worker] DEBUG org.hibernate.loader.plan.build.internal.spaces.QuerySpacesImpl - Adding QuerySpace : uid = <gen:0> -> org.hibernate.loader.plan.build.internal.spaces.EntityQuerySpaceImpl@4f4ae8fe]
17:03:34.910 [Test worker] DEBUG org.hibernate.persister.walking.spi.MetamodelGraphWalker - Visiting attribute path : certificate
17:03:34.910 [Test worker] DEBUG org.hibernate.loader.plan.build.internal.spaces.QuerySpacesImpl - Adding QuerySpace : uid = <gen:1> -> org.hibernate.loader.plan.build.internal.spaces.EntityQuerySpaceImpl@47583952]
17:03:34.911 [Test worker] DEBUG org.hibernate.persister.walking.spi.MetamodelGraphWalker - Visiting attribute path : expirationDate
17:03:34.911 [Test worker] DEBUG org.hibernate.persister.walking.spi.MetamodelGraphWalker - Visiting attribute path : fixedPrice
17:03:34.911 [Test worker] DEBUG org.hibernate.persister.walking.spi.MetamodelGraphWalker - Visiting attribute path : order
17:03:34.911 [Test worker] DEBUG org.hibernate.loader.plan.build.internal.spaces.QuerySpacesImpl - Adding QuerySpace : uid = <gen:2> -> org.hibernate.loader.plan.build.internal.spaces.EntityQuerySpaceImpl@524be9ba]
17:03:34.911 [Test worker] DEBUG org.hibernate.persister.walking.spi.MetamodelGraphWalker - Visiting attribute path : order.activeStatus
17:03:34.911 [Test worker] DEBUG org.hibernate.persister.walking.spi.MetamodelGraphWalker - Visiting attribute path : order.createdAt
17:03:34.911 [Test worker] DEBUG org.hibernate.persister.walking.spi.MetamodelGraphWalker - Visiting attribute path : order.orderCertificates
17:03:34.911 [Test worker] DEBUG org.hibernate.persister.walking.spi.MetamodelGraphWalker - Property path deemed to be circular : order.orderCertificates
17:03:34.911 [Test worker] DEBUG org.hibernate.persister.walking.spi.MetamodelGraphWalker - Visiting attribute path : order.user
17:03:34.911 [Test worker] DEBUG org.hibernate.loader.plan.build.internal.spaces.QuerySpacesImpl - Adding QuerySpace : uid = <gen:3> -> org.hibernate.loader.plan.build.internal.spaces.EntityQuerySpaceImpl@1883fede]
17:03:34.911 [Test worker] DEBUG org.hibernate.persister.walking.spi.MetamodelGraphWalker - Visiting attribute path : order.user.email
17:03:34.911 [Test worker] DEBUG org.hibernate.persister.walking.spi.MetamodelGraphWalker - Visiting attribute path : order.user.orders
17:03:34.911 [Test worker] DEBUG org.hibernate.persister.walking.spi.MetamodelGraphWalker - Property path deemed to be circular : order.user.orders
17:03:34.911 [Test worker] DEBUG org.hibernate.persister.walking.spi.MetamodelGraphWalker - Visiting attribute path : order.user.password
17:03:34.911 [Test worker] DEBUG org.hibernate.persister.walking.spi.MetamodelGraphWalker - Visiting attribute path : order.user.refreshToken
17:03:34.911 [Test worker] DEBUG org.hibernate.persister.walking.spi.MetamodelGraphWalker - Visiting attribute path : order.user.role
17:03:34.911 [Test worker] DEBUG org.hibernate.loader.plan.build.internal.spaces.QuerySpacesImpl - Adding QuerySpace : uid = <gen:4> -> org.hibernate.loader.plan.build.internal.spaces.EntityQuerySpaceImpl@139cea64]
17:03:34.911 [Test worker] DEBUG org.hibernate.persister.walking.spi.MetamodelGraphWalker - Visiting attribute path : order.user.role.value
17:03:34.911 [Test worker] DEBUG org.hibernate.loader.plan.build.internal.FetchStyleLoadPlanBuildingAssociationVisitationStrategy - Building LoadPlan...
17:03:34.911 [Test worker] DEBUG org.hibernate.loader.plan.exec.internal.LoadQueryJoinAndFetchProcessor - processing queryspace <gen:0>
17:03:34.912 [Test worker] DEBUG org.hibernate.loader.plan.build.spi.LoadPlanTreePrinter - LoadPlan(entity=com.epam.esm.entity.OrderCertificate)
    - Returns
       - EntityReturnImpl(entity=com.epam.esm.entity.OrderCertificate, querySpaceUid=<gen:0>, path=com.epam.esm.entity.OrderCertificate)
          - EntityAttributeFetchImpl(entity=com.epam.esm.entity.GiftCertificate, querySpaceUid=<gen:1>, path=com.epam.esm.entity.OrderCertificate.certificate)
          - EntityAttributeFetchImpl(entity=com.epam.esm.entity.Order, querySpaceUid=<gen:2>, path=com.epam.esm.entity.OrderCertificate.order)
             - EntityAttributeFetchImpl(entity=com.epam.esm.entity.User, querySpaceUid=<gen:3>, path=com.epam.esm.entity.OrderCertificate.order.user)
                - EntityAttributeFetchImpl(entity=com.epam.esm.entity.Role, querySpaceUid=<gen:4>, path=com.epam.esm.entity.OrderCertificate.order.user.role)
    - QuerySpaces
       - EntityQuerySpaceImpl(uid=<gen:0>, entity=com.epam.esm.entity.OrderCertificate)
          - SQL table alias mapping - ordercerti0_
          - alias suffix - 0_
          - suffixed key columns - {id1_6_0_}
          - JOIN (JoinDefinedByMetadata(order)) : <gen:0> -> <gen:2>
             - EntityQuerySpaceImpl(uid=<gen:2>, entity=com.epam.esm.entity.Order)
                - SQL table alias mapping - order1_
                - alias suffix - 1_
                - suffixed key columns - {id1_0_1_}
                - JOIN (JoinDefinedByMetadata(user)) : <gen:2> -> <gen:3>
                   - EntityQuerySpaceImpl(uid=<gen:3>, entity=com.epam.esm.entity.User)
                      - SQL table alias mapping - user2_
                      - alias suffix - 2_
                      - suffixed key columns - {id1_2_2_}
                      - JOIN (JoinDefinedByMetadata(role)) : <gen:3> -> <gen:4>
                         - EntityQuerySpaceImpl(uid=<gen:4>, entity=com.epam.esm.entity.Role)
                            - SQL table alias mapping - role3_
                            - alias suffix - 3_
                            - suffixed key columns - {id1_1_3_}

17:03:34.912 [Test worker] DEBUG org.hibernate.loader.entity.plan.EntityLoader - Static select for entity com.epam.esm.entity.OrderCertificate [NONE]: select ordercerti0_.id as id1_6_0_, ordercerti0_.certificate_id as certific4_6_0_, ordercerti0_.expiration_date as expirati2_6_0_, ordercerti0_.fixed_price as fixed_pr3_6_0_, ordercerti0_.order_id as order_id5_6_0_, order1_.id as id1_0_1_, order1_.active_status as active_s2_0_1_, order1_.created_at as created_3_0_1_, order1_.user_id as user_id4_0_1_, user2_.id as id1_2_2_, user2_.email as email2_2_2_, user2_.password as password3_2_2_, user2_.refresh_token as refresh_4_2_2_, user2_.role_id as role_id5_2_2_, role3_.id as id1_1_3_, role3_.value as value2_1_3_ from order_certificate ordercerti0_ left outer join application_order order1_ on ordercerti0_.order_id=order1_.id left outer join application_user user2_ on order1_.user_id=user2_.id left outer join application_role role3_ on user2_.role_id=role3_.id where ordercerti0_.id=?
17:03:34.912 [Test worker] DEBUG org.hibernate.loader.plan.build.internal.spaces.QuerySpacesImpl - Adding QuerySpace : uid = <gen:0> -> org.hibernate.loader.plan.build.internal.spaces.EntityQuerySpaceImpl@29bd3655]
17:03:34.912 [Test worker] DEBUG org.hibernate.persister.walking.spi.MetamodelGraphWalker - Visiting attribute path : certificate
17:03:34.912 [Test worker] DEBUG org.hibernate.loader.plan.build.internal.spaces.QuerySpacesImpl - Adding QuerySpace : uid = <gen:1> -> org.hibernate.loader.plan.build.internal.spaces.EntityQuerySpaceImpl@7d80ffb0]
17:03:34.912 [Test worker] DEBUG org.hibernate.persister.walking.spi.MetamodelGraphWalker - Visiting attribute path : expirationDate
17:03:34.912 [Test worker] DEBUG org.hibernate.persister.walking.spi.MetamodelGraphWalker - Visiting attribute path : fixedPrice
17:03:34.912 [Test worker] DEBUG org.hibernate.persister.walking.spi.MetamodelGraphWalker - Visiting attribute path : order
17:03:34.912 [Test worker] DEBUG org.hibernate.loader.plan.build.internal.spaces.QuerySpacesImpl - Adding QuerySpace : uid = <gen:2> -> org.hibernate.loader.plan.build.internal.spaces.EntityQuerySpaceImpl@2959d5f4]
17:03:34.912 [Test worker] DEBUG org.hibernate.persister.walking.spi.MetamodelGraphWalker - Visiting attribute path : order.activeStatus
17:03:34.912 [Test worker] DEBUG org.hibernate.persister.walking.spi.MetamodelGraphWalker - Visiting attribute path : order.createdAt
17:03:34.912 [Test worker] DEBUG org.hibernate.persister.walking.spi.MetamodelGraphWalker - Visiting attribute path : order.orderCertificates
17:03:34.912 [Test worker] DEBUG org.hibernate.persister.walking.spi.MetamodelGraphWalker - Property path deemed to be circular : order.orderCertificates
17:03:34.912 [Test worker] DEBUG org.hibernate.persister.walking.spi.MetamodelGraphWalker - Visiting attribute path : order.user
17:03:34.912 [Test worker] DEBUG org.hibernate.loader.plan.build.internal.spaces.QuerySpacesImpl - Adding QuerySpace : uid = <gen:3> -> org.hibernate.loader.plan.build.internal.spaces.EntityQuerySpaceImpl@3fa28d2c]
17:03:34.912 [Test worker] DEBUG org.hibernate.persister.walking.spi.MetamodelGraphWalker - Visiting attribute path : order.user.email
17:03:34.912 [Test worker] DEBUG org.hibernate.persister.walking.spi.MetamodelGraphWalker - Visiting attribute path : order.user.orders
17:03:34.912 [Test worker] DEBUG org.hibernate.persister.walking.spi.MetamodelGraphWalker - Property path deemed to be circular : order.user.orders
17:03:34.912 [Test worker] DEBUG org.hibernate.persister.walking.spi.MetamodelGraphWalker - Visiting attribute path : order.user.password
17:03:34.912 [Test worker] DEBUG org.hibernate.persister.walking.spi.MetamodelGraphWalker - Visiting attribute path : order.user.refreshToken
17:03:34.912 [Test worker] DEBUG org.hibernate.persister.walking.spi.MetamodelGraphWalker - Visiting attribute path : order.user.role
17:03:34.912 [Test worker] DEBUG org.hibernate.loader.plan.build.internal.spaces.QuerySpacesImpl - Adding QuerySpace : uid = <gen:4> -> org.hibernate.loader.plan.build.internal.spaces.EntityQuerySpaceImpl@22b40322]
17:03:34.912 [Test worker] DEBUG org.hibernate.persister.walking.spi.MetamodelGraphWalker - Visiting attribute path : order.user.role.value
17:03:34.913 [Test worker] DEBUG org.hibernate.loader.plan.build.internal.FetchStyleLoadPlanBuildingAssociationVisitationStrategy - Building LoadPlan...
17:03:34.913 [Test worker] DEBUG org.hibernate.loader.plan.exec.internal.LoadQueryJoinAndFetchProcessor - processing queryspace <gen:0>
17:03:34.913 [Test worker] DEBUG org.hibernate.loader.plan.build.spi.LoadPlanTreePrinter - LoadPlan(entity=com.epam.esm.entity.OrderCertificate)
    - Returns
       - EntityReturnImpl(entity=com.epam.esm.entity.OrderCertificate, querySpaceUid=<gen:0>, path=com.epam.esm.entity.OrderCertificate)
          - EntityAttributeFetchImpl(entity=com.epam.esm.entity.GiftCertificate, querySpaceUid=<gen:1>, path=com.epam.esm.entity.OrderCertificate.certificate)
          - EntityAttributeFetchImpl(entity=com.epam.esm.entity.Order, querySpaceUid=<gen:2>, path=com.epam.esm.entity.OrderCertificate.order)
             - EntityAttributeFetchImpl(entity=com.epam.esm.entity.User, querySpaceUid=<gen:3>, path=com.epam.esm.entity.OrderCertificate.order.user)
                - EntityAttributeFetchImpl(entity=com.epam.esm.entity.Role, querySpaceUid=<gen:4>, path=com.epam.esm.entity.OrderCertificate.order.user.role)
    - QuerySpaces
       - EntityQuerySpaceImpl(uid=<gen:0>, entity=com.epam.esm.entity.OrderCertificate)
          - SQL table alias mapping - ordercerti0_
          - alias suffix - 0_
          - suffixed key columns - {id1_6_0_}
          - JOIN (JoinDefinedByMetadata(order)) : <gen:0> -> <gen:2>
             - EntityQuerySpaceImpl(uid=<gen:2>, entity=com.epam.esm.entity.Order)
                - SQL table alias mapping - order1_
                - alias suffix - 1_
                - suffixed key columns - {id1_0_1_}
                - JOIN (JoinDefinedByMetadata(user)) : <gen:2> -> <gen:3>
                   - EntityQuerySpaceImpl(uid=<gen:3>, entity=com.epam.esm.entity.User)
                      - SQL table alias mapping - user2_
                      - alias suffix - 2_
                      - suffixed key columns - {id1_2_2_}
                      - JOIN (JoinDefinedByMetadata(role)) : <gen:3> -> <gen:4>
                         - EntityQuerySpaceImpl(uid=<gen:4>, entity=com.epam.esm.entity.Role)
                            - SQL table alias mapping - role3_
                            - alias suffix - 3_
                            - suffixed key columns - {id1_1_3_}

17:03:34.913 [Test worker] DEBUG org.hibernate.loader.entity.plan.EntityLoader - Static select for entity com.epam.esm.entity.OrderCertificate [READ]: select ordercerti0_.id as id1_6_0_, ordercerti0_.certificate_id as certific4_6_0_, ordercerti0_.expiration_date as expirati2_6_0_, ordercerti0_.fixed_price as fixed_pr3_6_0_, ordercerti0_.order_id as order_id5_6_0_, order1_.id as id1_0_1_, order1_.active_status as active_s2_0_1_, order1_.created_at as created_3_0_1_, order1_.user_id as user_id4_0_1_, user2_.id as id1_2_2_, user2_.email as email2_2_2_, user2_.password as password3_2_2_, user2_.refresh_token as refresh_4_2_2_, user2_.role_id as role_id5_2_2_, role3_.id as id1_1_3_, role3_.value as value2_1_3_ from order_certificate ordercerti0_ left outer join application_order order1_ on ordercerti0_.order_id=order1_.id left outer join application_user user2_ on order1_.user_id=user2_.id left outer join application_role role3_ on user2_.role_id=role3_.id where ordercerti0_.id=?
17:03:34.913 [Test worker] DEBUG org.hibernate.loader.Loader - Static select for action ACTION_MERGE on entity com.epam.esm.entity.OrderCertificate: select ordercerti0_.id as id1_6_3_, ordercerti0_.certificate_id as certific4_6_3_, ordercerti0_.expiration_date as expirati2_6_3_, ordercerti0_.fixed_price as fixed_pr3_6_3_, ordercerti0_.order_id as order_id5_6_3_, giftcertif1_.id as id1_3_0_, giftcertif1_.active_status as active_s2_3_0_, giftcertif1_.creation_date as creation3_3_0_, giftcertif1_.description as descript4_3_0_, giftcertif1_.expiration_date as expirati5_3_0_, giftcertif1_.modification_date as modifica6_3_0_, giftcertif1_.name as name7_3_0_, giftcertif1_.price as price8_3_0_, tags2_.certificate_id as certific1_4_5_, tag3_.id as tag_id2_4_5_, tag3_.id as id1_7_1_, tag3_.title as title2_7_1_, order4_.id as id1_0_2_, order4_.active_status as active_s2_0_2_, order4_.created_at as created_3_0_2_, order4_.user_id as user_id4_0_2_ from order_certificate ordercerti0_ left outer join certificate giftcertif1_ on ordercerti0_.certificate_id=giftcertif1_.id left outer join certificate_tag tags2_ on giftcertif1_.id=tags2_.certificate_id left outer join tag tag3_ on tags2_.tag_id=tag3_.id left outer join application_order order4_ on ordercerti0_.order_id=order4_.id where ordercerti0_.id=?
17:03:34.914 [Test worker] DEBUG org.hibernate.loader.Loader - Static select for action ACTION_REFRESH on entity com.epam.esm.entity.OrderCertificate: select ordercerti0_.id as id1_6_2_, ordercerti0_.certificate_id as certific4_6_2_, ordercerti0_.expiration_date as expirati2_6_2_, ordercerti0_.fixed_price as fixed_pr3_6_2_, ordercerti0_.order_id as order_id5_6_2_, giftcertif1_.id as id1_3_0_, giftcertif1_.active_status as active_s2_3_0_, giftcertif1_.creation_date as creation3_3_0_, giftcertif1_.description as descript4_3_0_, giftcertif1_.expiration_date as expirati5_3_0_, giftcertif1_.modification_date as modifica6_3_0_, giftcertif1_.name as name7_3_0_, giftcertif1_.price as price8_3_0_, order2_.id as id1_0_1_, order2_.active_status as active_s2_0_1_, order2_.created_at as created_3_0_1_, order2_.user_id as user_id4_0_1_ from order_certificate ordercerti0_ left outer join certificate giftcertif1_ on ordercerti0_.certificate_id=giftcertif1_.id left outer join application_order order2_ on ordercerti0_.order_id=order2_.id where ordercerti0_.id=?
17:03:34.914 [Test worker] DEBUG org.hibernate.persister.entity.AbstractEntityPersister - Static SQL for entity: com.epam.esm.entity.Role
17:03:34.914 [Test worker] DEBUG org.hibernate.persister.entity.AbstractEntityPersister -  Version select: select id from application_role where id =?
17:03:34.914 [Test worker] DEBUG org.hibernate.persister.entity.AbstractEntityPersister -  Snapshot select: select role_.id, role_.value as value2_1_ from application_role role_ where role_.id=?
17:03:34.914 [Test worker] DEBUG org.hibernate.persister.entity.AbstractEntityPersister -  Insert 0: insert into application_role (value, id) values (?, ?)
17:03:34.914 [Test worker] DEBUG org.hibernate.persister.entity.AbstractEntityPersister -  Update 0: update application_role set value=? where id=?
17:03:34.914 [Test worker] DEBUG org.hibernate.persister.entity.AbstractEntityPersister -  Delete 0: delete from application_role where id=?
17:03:34.914 [Test worker] DEBUG org.hibernate.persister.entity.AbstractEntityPersister -  Identity insert: insert into application_role (id, value) values (null, ?)
17:03:34.914 [Test worker] DEBUG org.hibernate.loader.plan.build.internal.spaces.QuerySpacesImpl - Adding QuerySpace : uid = <gen:0> -> org.hibernate.loader.plan.build.internal.spaces.EntityQuerySpaceImpl@5291516e]
17:03:34.914 [Test worker] DEBUG org.hibernate.persister.walking.spi.MetamodelGraphWalker - Visiting attribute path : value
17:03:34.914 [Test worker] DEBUG org.hibernate.loader.plan.build.internal.FetchStyleLoadPlanBuildingAssociationVisitationStrategy - Building LoadPlan...
17:03:34.914 [Test worker] DEBUG org.hibernate.loader.plan.exec.internal.LoadQueryJoinAndFetchProcessor - processing queryspace <gen:0>
17:03:34.914 [Test worker] DEBUG org.hibernate.loader.plan.build.spi.LoadPlanTreePrinter - LoadPlan(entity=com.epam.esm.entity.Role)
    - Returns
       - EntityReturnImpl(entity=com.epam.esm.entity.Role, querySpaceUid=<gen:0>, path=com.epam.esm.entity.Role)
    - QuerySpaces
       - EntityQuerySpaceImpl(uid=<gen:0>, entity=com.epam.esm.entity.Role)
          - SQL table alias mapping - role0_
          - alias suffix - 0_
          - suffixed key columns - {id1_1_0_}

17:03:34.914 [Test worker] DEBUG org.hibernate.loader.entity.plan.EntityLoader - Static select for entity com.epam.esm.entity.Role [NONE]: select role0_.id as id1_1_0_, role0_.value as value2_1_0_ from application_role role0_ where role0_.id=?
17:03:34.914 [Test worker] DEBUG org.hibernate.loader.plan.build.internal.spaces.QuerySpacesImpl - Adding QuerySpace : uid = <gen:0> -> org.hibernate.loader.plan.build.internal.spaces.EntityQuerySpaceImpl@39b23749]
17:03:34.914 [Test worker] DEBUG org.hibernate.persister.walking.spi.MetamodelGraphWalker - Visiting attribute path : value
17:03:34.914 [Test worker] DEBUG org.hibernate.loader.plan.build.internal.FetchStyleLoadPlanBuildingAssociationVisitationStrategy - Building LoadPlan...
17:03:34.914 [Test worker] DEBUG org.hibernate.loader.plan.exec.internal.LoadQueryJoinAndFetchProcessor - processing queryspace <gen:0>
17:03:34.915 [Test worker] DEBUG org.hibernate.loader.plan.build.spi.LoadPlanTreePrinter - LoadPlan(entity=com.epam.esm.entity.Role)
    - Returns
       - EntityReturnImpl(entity=com.epam.esm.entity.Role, querySpaceUid=<gen:0>, path=com.epam.esm.entity.Role)
    - QuerySpaces
       - EntityQuerySpaceImpl(uid=<gen:0>, entity=com.epam.esm.entity.Role)
          - SQL table alias mapping - role0_
          - alias suffix - 0_
          - suffixed key columns - {id1_1_0_}

17:03:34.915 [Test worker] DEBUG org.hibernate.loader.entity.plan.EntityLoader - Static select for entity com.epam.esm.entity.Role [READ]: select role0_.id as id1_1_0_, role0_.value as value2_1_0_ from application_role role0_ where role0_.id=?
17:03:34.915 [Test worker] DEBUG org.hibernate.loader.Loader - Static select for action ACTION_MERGE on entity com.epam.esm.entity.Role: select role0_.id as id1_1_0_, role0_.value as value2_1_0_ from application_role role0_ where role0_.id=?
17:03:34.915 [Test worker] DEBUG org.hibernate.loader.Loader - Static select for action ACTION_REFRESH on entity com.epam.esm.entity.Role: select role0_.id as id1_1_0_, role0_.value as value2_1_0_ from application_role role0_ where role0_.id=?
17:03:34.915 [Test worker] DEBUG org.hibernate.loader.plan.build.internal.spaces.QuerySpacesImpl - Adding QuerySpace : uid = <gen:0> -> org.hibernate.loader.plan.build.internal.spaces.CollectionQuerySpaceImpl@13b757af]
17:03:34.915 [Test worker] DEBUG org.hibernate.loader.plan.build.internal.spaces.QuerySpacesImpl - Adding QuerySpace : uid = <gen:1> -> org.hibernate.loader.plan.build.internal.spaces.EntityQuerySpaceImpl@440dee84]
17:03:34.915 [Test worker] DEBUG org.hibernate.persister.walking.spi.MetamodelGraphWalker - Visiting attribute path : title
17:03:34.915 [Test worker] DEBUG org.hibernate.loader.plan.build.internal.FetchStyleLoadPlanBuildingAssociationVisitationStrategy - Building LoadPlan...
17:03:34.915 [Test worker] DEBUG org.hibernate.loader.plan.exec.internal.LoadQueryJoinAndFetchProcessor - processing queryspace <gen:0>
17:03:34.915 [Test worker] DEBUG org.hibernate.loader.plan.build.spi.LoadPlanTreePrinter - LoadPlan(collection=com.epam.esm.entity.GiftCertificate.tags)
    - Returns
       - CollectionReturnImpl(collection=com.epam.esm.entity.GiftCertificate.tags, querySpaceUid=<gen:0>, path=[com.epam.esm.entity.GiftCertificate.tags])
          - (collection element) CollectionFetchableElementEntityGraph(entity=com.epam.esm.entity.Tag, querySpaceUid=<gen:1>, path=[com.epam.esm.entity.GiftCertificate.tags].<elements>)
    - QuerySpaces
       - CollectionQuerySpaceImpl(uid=<gen:0>, collection=com.epam.esm.entity.GiftCertificate.tags)
          - SQL table alias mapping - tags0_
          - alias suffix - 0_
          - suffixed key columns - {certific1_4_0_}
          - entity-element alias suffix - 1_
          - 1_entity-element suffixed key columns - id1_7_1_
          - JOIN (JoinDefinedByMetadata(elements)) : <gen:0> -> <gen:1>
             - EntityQuerySpaceImpl(uid=<gen:1>, entity=com.epam.esm.entity.Tag)
                - SQL table alias mapping - tag1_
                - alias suffix - 1_
                - suffixed key columns - {id1_7_1_}

17:03:34.916 [Test worker] DEBUG org.hibernate.loader.collection.plan.CollectionLoader - Static select for collection com.epam.esm.entity.GiftCertificate.tags: select tags0_.certificate_id as certific1_4_0_, tags0_.tag_id as tag_id2_4_0_, tag1_.id as id1_7_1_, tag1_.title as title2_7_1_ from certificate_tag tags0_ inner join tag tag1_ on tags0_.tag_id=tag1_.id where tags0_.certificate_id=?
17:03:34.916 [Test worker] DEBUG org.hibernate.loader.plan.build.internal.spaces.QuerySpacesImpl - Adding QuerySpace : uid = <gen:0> -> org.hibernate.loader.plan.build.internal.spaces.CollectionQuerySpaceImpl@253774af]
17:03:34.916 [Test worker] DEBUG org.hibernate.loader.plan.build.internal.spaces.QuerySpacesImpl - Adding QuerySpace : uid = <gen:1> -> org.hibernate.loader.plan.build.internal.spaces.EntityQuerySpaceImpl@ee5d743]
17:03:34.916 [Test worker] DEBUG org.hibernate.persister.walking.spi.MetamodelGraphWalker - Visiting attribute path : certificate
17:03:34.916 [Test worker] DEBUG org.hibernate.loader.plan.build.internal.spaces.QuerySpacesImpl - Adding QuerySpace : uid = <gen:2> -> org.hibernate.loader.plan.build.internal.spaces.EntityQuerySpaceImpl@3ef24954]
17:03:34.916 [Test worker] DEBUG org.hibernate.persister.walking.spi.MetamodelGraphWalker - Visiting attribute path : expirationDate
17:03:34.916 [Test worker] DEBUG org.hibernate.persister.walking.spi.MetamodelGraphWalker - Visiting attribute path : fixedPrice
17:03:34.916 [Test worker] DEBUG org.hibernate.persister.walking.spi.MetamodelGraphWalker - Visiting attribute path : order
17:03:34.916 [Test worker] DEBUG org.hibernate.persister.walking.spi.MetamodelGraphWalker - Property path deemed to be circular : order
17:03:34.916 [Test worker] DEBUG org.hibernate.loader.plan.build.internal.FetchStyleLoadPlanBuildingAssociationVisitationStrategy - Building LoadPlan...
17:03:34.916 [Test worker] DEBUG org.hibernate.loader.plan.exec.internal.LoadQueryJoinAndFetchProcessor - processing queryspace <gen:0>
17:03:34.916 [Test worker] DEBUG org.hibernate.loader.plan.build.spi.LoadPlanTreePrinter - LoadPlan(collection=com.epam.esm.entity.Order.orderCertificates)
    - Returns
       - CollectionReturnImpl(collection=com.epam.esm.entity.Order.orderCertificates, querySpaceUid=<gen:0>, path=[com.epam.esm.entity.Order.orderCertificates])
          - (collection element) CollectionFetchableElementEntityGraph(entity=com.epam.esm.entity.OrderCertificate, querySpaceUid=<gen:1>, path=[com.epam.esm.entity.Order.orderCertificates].<elements>)
             - EntityAttributeFetchImpl(entity=com.epam.esm.entity.GiftCertificate, querySpaceUid=<gen:2>, path=[com.epam.esm.entity.Order.orderCertificates].<elements>.certificate)
    - QuerySpaces
       - CollectionQuerySpaceImpl(uid=<gen:0>, collection=com.epam.esm.entity.Order.orderCertificates)
          - SQL table alias mapping - ordercerti0_
          - alias suffix - 0_
          - suffixed key columns - {order_id5_6_0_}
          - entity-element alias suffix - 1_
          - 1_entity-element suffixed key columns - id1_6_1_
          - JOIN (JoinDefinedByMetadata(elements)) : <gen:0> -> <gen:1>
             - EntityQuerySpaceImpl(uid=<gen:1>, entity=com.epam.esm.entity.OrderCertificate)
                - SQL table alias mapping - ordercerti0_
                - alias suffix - 1_
                - suffixed key columns - {id1_6_1_}

17:03:34.916 [Test worker] DEBUG org.hibernate.loader.collection.plan.CollectionLoader - Static select for collection com.epam.esm.entity.Order.orderCertificates: select ordercerti0_.order_id as order_id5_6_0_, ordercerti0_.id as id1_6_0_, ordercerti0_.id as id1_6_1_, ordercerti0_.certificate_id as certific4_6_1_, ordercerti0_.expiration_date as expirati2_6_1_, ordercerti0_.fixed_price as fixed_pr3_6_1_, ordercerti0_.order_id as order_id5_6_1_ from order_certificate ordercerti0_ where ordercerti0_.order_id=?
17:03:34.916 [Test worker] DEBUG org.hibernate.loader.plan.build.internal.spaces.QuerySpacesImpl - Adding QuerySpace : uid = <gen:0> -> org.hibernate.loader.plan.build.internal.spaces.CollectionQuerySpaceImpl@1e8dce06]
17:03:34.917 [Test worker] DEBUG org.hibernate.loader.plan.build.internal.spaces.QuerySpacesImpl - Adding QuerySpace : uid = <gen:1> -> org.hibernate.loader.plan.build.internal.spaces.EntityQuerySpaceImpl@1f108221]
17:03:34.917 [Test worker] DEBUG org.hibernate.persister.walking.spi.MetamodelGraphWalker - Visiting attribute path : certificate
17:03:34.917 [Test worker] DEBUG org.hibernate.persister.walking.spi.MetamodelGraphWalker - Property path deemed to be circular : certificate
17:03:34.917 [Test worker] DEBUG org.hibernate.persister.walking.spi.MetamodelGraphWalker - Visiting attribute path : expirationDate
17:03:34.917 [Test worker] DEBUG org.hibernate.persister.walking.spi.MetamodelGraphWalker - Visiting attribute path : fixedPrice
17:03:34.917 [Test worker] DEBUG org.hibernate.persister.walking.spi.MetamodelGraphWalker - Visiting attribute path : order
17:03:34.917 [Test worker] DEBUG org.hibernate.loader.plan.build.internal.spaces.QuerySpacesImpl - Adding QuerySpace : uid = <gen:2> -> org.hibernate.loader.plan.build.internal.spaces.EntityQuerySpaceImpl@15beb4ef]
17:03:34.917 [Test worker] DEBUG org.hibernate.persister.walking.spi.MetamodelGraphWalker - Visiting attribute path : order.activeStatus
17:03:34.917 [Test worker] DEBUG org.hibernate.persister.walking.spi.MetamodelGraphWalker - Visiting attribute path : order.createdAt
17:03:34.917 [Test worker] DEBUG org.hibernate.persister.walking.spi.MetamodelGraphWalker - Visiting attribute path : order.orderCertificates
17:03:34.917 [Test worker] DEBUG org.hibernate.persister.walking.spi.MetamodelGraphWalker - Property path deemed to be circular : order.orderCertificates
17:03:34.917 [Test worker] DEBUG org.hibernate.persister.walking.spi.MetamodelGraphWalker - Visiting attribute path : order.user
17:03:34.917 [Test worker] DEBUG org.hibernate.loader.plan.build.internal.spaces.QuerySpacesImpl - Adding QuerySpace : uid = <gen:3> -> org.hibernate.loader.plan.build.internal.spaces.EntityQuerySpaceImpl@786c312c]
17:03:34.917 [Test worker] DEBUG org.hibernate.persister.walking.spi.MetamodelGraphWalker - Visiting attribute path : order.user.email
17:03:34.917 [Test worker] DEBUG org.hibernate.persister.walking.spi.MetamodelGraphWalker - Visiting attribute path : order.user.orders
17:03:34.917 [Test worker] DEBUG org.hibernate.persister.walking.spi.MetamodelGraphWalker - Property path deemed to be circular : order.user.orders
17:03:34.917 [Test worker] DEBUG org.hibernate.persister.walking.spi.MetamodelGraphWalker - Visiting attribute path : order.user.password
17:03:34.917 [Test worker] DEBUG org.hibernate.persister.walking.spi.MetamodelGraphWalker - Visiting attribute path : order.user.refreshToken
17:03:34.917 [Test worker] DEBUG org.hibernate.persister.walking.spi.MetamodelGraphWalker - Visiting attribute path : order.user.role
17:03:34.917 [Test worker] DEBUG org.hibernate.loader.plan.build.internal.spaces.QuerySpacesImpl - Adding QuerySpace : uid = <gen:4> -> org.hibernate.loader.plan.build.internal.spaces.EntityQuerySpaceImpl@6083260f]
17:03:34.917 [Test worker] DEBUG org.hibernate.persister.walking.spi.MetamodelGraphWalker - Visiting attribute path : order.user.role.value
17:03:34.917 [Test worker] DEBUG org.hibernate.loader.plan.build.internal.FetchStyleLoadPlanBuildingAssociationVisitationStrategy - Building LoadPlan...
17:03:34.917 [Test worker] DEBUG org.hibernate.loader.plan.exec.internal.LoadQueryJoinAndFetchProcessor - processing queryspace <gen:0>
17:03:34.918 [Test worker] DEBUG org.hibernate.loader.plan.build.spi.LoadPlanTreePrinter - LoadPlan(collection=com.epam.esm.entity.GiftCertificate.orderCertificates)
    - Returns
       - CollectionReturnImpl(collection=com.epam.esm.entity.GiftCertificate.orderCertificates, querySpaceUid=<gen:0>, path=[com.epam.esm.entity.GiftCertificate.orderCertificates])
          - (collection element) CollectionFetchableElementEntityGraph(entity=com.epam.esm.entity.OrderCertificate, querySpaceUid=<gen:1>, path=[com.epam.esm.entity.GiftCertificate.orderCertificates].<elements>)
             - EntityAttributeFetchImpl(entity=com.epam.esm.entity.Order, querySpaceUid=<gen:2>, path=[com.epam.esm.entity.GiftCertificate.orderCertificates].<elements>.order)
                - EntityAttributeFetchImpl(entity=com.epam.esm.entity.User, querySpaceUid=<gen:3>, path=[com.epam.esm.entity.GiftCertificate.orderCertificates].<elements>.order.user)
                   - EntityAttributeFetchImpl(entity=com.epam.esm.entity.Role, querySpaceUid=<gen:4>, path=[com.epam.esm.entity.GiftCertificate.orderCertificates].<elements>.order.user.role)
    - QuerySpaces
       - CollectionQuerySpaceImpl(uid=<gen:0>, collection=com.epam.esm.entity.GiftCertificate.orderCertificates)
          - SQL table alias mapping - ordercerti0_
          - alias suffix - 0_
          - suffixed key columns - {certific4_6_0_}
          - entity-element alias suffix - 1_
          - 1_entity-element suffixed key columns - id1_6_1_
          - JOIN (JoinDefinedByMetadata(elements)) : <gen:0> -> <gen:1>
             - EntityQuerySpaceImpl(uid=<gen:1>, entity=com.epam.esm.entity.OrderCertificate)
                - SQL table alias mapping - ordercerti0_
                - alias suffix - 1_
                - suffixed key columns - {id1_6_1_}
                - JOIN (JoinDefinedByMetadata(order)) : <gen:1> -> <gen:2>
                   - EntityQuerySpaceImpl(uid=<gen:2>, entity=com.epam.esm.entity.Order)
                      - SQL table alias mapping - order1_
                      - alias suffix - 2_
                      - suffixed key columns - {id1_0_2_}
                      - JOIN (JoinDefinedByMetadata(user)) : <gen:2> -> <gen:3>
                         - EntityQuerySpaceImpl(uid=<gen:3>, entity=com.epam.esm.entity.User)
                            - SQL table alias mapping - user2_
                            - alias suffix - 3_
                            - suffixed key columns - {id1_2_3_}
                            - JOIN (JoinDefinedByMetadata(role)) : <gen:3> -> <gen:4>
                               - EntityQuerySpaceImpl(uid=<gen:4>, entity=com.epam.esm.entity.Role)
                                  - SQL table alias mapping - role3_
                                  - alias suffix - 4_
                                  - suffixed key columns - {id1_1_4_}

17:03:34.918 [Test worker] DEBUG org.hibernate.loader.collection.plan.CollectionLoader - Static select for collection com.epam.esm.entity.GiftCertificate.orderCertificates: select ordercerti0_.certificate_id as certific4_6_0_, ordercerti0_.id as id1_6_0_, ordercerti0_.id as id1_6_1_, ordercerti0_.certificate_id as certific4_6_1_, ordercerti0_.expiration_date as expirati2_6_1_, ordercerti0_.fixed_price as fixed_pr3_6_1_, ordercerti0_.order_id as order_id5_6_1_, order1_.id as id1_0_2_, order1_.active_status as active_s2_0_2_, order1_.created_at as created_3_0_2_, order1_.user_id as user_id4_0_2_, user2_.id as id1_2_3_, user2_.email as email2_2_3_, user2_.password as password3_2_3_, user2_.refresh_token as refresh_4_2_3_, user2_.role_id as role_id5_2_3_, role3_.id as id1_1_4_, role3_.value as value2_1_4_ from order_certificate ordercerti0_ left outer join application_order order1_ on ordercerti0_.order_id=order1_.id left outer join application_user user2_ on order1_.user_id=user2_.id left outer join application_role role3_ on user2_.role_id=role3_.id where ordercerti0_.certificate_id=?
17:03:34.918 [Test worker] DEBUG org.hibernate.loader.plan.build.internal.spaces.QuerySpacesImpl - Adding QuerySpace : uid = <gen:0> -> org.hibernate.loader.plan.build.internal.spaces.CollectionQuerySpaceImpl@561b69d8]
17:03:34.918 [Test worker] DEBUG org.hibernate.loader.plan.build.internal.spaces.QuerySpacesImpl - Adding QuerySpace : uid = <gen:1> -> org.hibernate.loader.plan.build.internal.spaces.EntityQuerySpaceImpl@1afeb53]
17:03:34.918 [Test worker] DEBUG org.hibernate.persister.walking.spi.MetamodelGraphWalker - Visiting attribute path : activeStatus
17:03:34.918 [Test worker] DEBUG org.hibernate.persister.walking.spi.MetamodelGraphWalker - Visiting attribute path : createdAt
17:03:34.918 [Test worker] DEBUG org.hibernate.persister.walking.spi.MetamodelGraphWalker - Visiting attribute path : orderCertificates
17:03:34.918 [Test worker] DEBUG org.hibernate.loader.plan.build.internal.spaces.QuerySpacesImpl - Adding QuerySpace : uid = <gen:2> -> org.hibernate.loader.plan.build.internal.spaces.CollectionQuerySpaceImpl@4893d35]
17:03:34.918 [Test worker] DEBUG org.hibernate.loader.plan.build.internal.spaces.QuerySpacesImpl - Adding QuerySpace : uid = <gen:3> -> org.hibernate.loader.plan.build.internal.spaces.EntityQuerySpaceImpl@7a82ab84]
17:03:34.918 [Test worker] DEBUG org.hibernate.persister.walking.spi.MetamodelGraphWalker - Visiting attribute path : user
17:03:34.918 [Test worker] DEBUG org.hibernate.persister.walking.spi.MetamodelGraphWalker - Property path deemed to be circular : user
17:03:34.918 [Test worker] DEBUG org.hibernate.loader.plan.build.internal.FetchStyleLoadPlanBuildingAssociationVisitationStrategy - Building LoadPlan...
17:03:34.918 [Test worker] DEBUG org.hibernate.loader.plan.exec.internal.LoadQueryJoinAndFetchProcessor - processing queryspace <gen:0>
17:03:34.919 [Test worker] DEBUG org.hibernate.loader.plan.build.spi.LoadPlanTreePrinter - LoadPlan(collection=com.epam.esm.entity.User.orders)
    - Returns
       - CollectionReturnImpl(collection=com.epam.esm.entity.User.orders, querySpaceUid=<gen:0>, path=[com.epam.esm.entity.User.orders])
          - (collection element) CollectionFetchableElementEntityGraph(entity=com.epam.esm.entity.Order, querySpaceUid=<gen:1>, path=[com.epam.esm.entity.User.orders].<elements>)
             - CollectionAttributeFetchImpl(collection=com.epam.esm.entity.Order.orderCertificates, querySpaceUid=<gen:2>, path=[com.epam.esm.entity.User.orders].<elements>.orderCertificates)
                - (collection element) CollectionFetchableElementEntityGraph(entity=com.epam.esm.entity.OrderCertificate, querySpaceUid=<gen:3>, path=[com.epam.esm.entity.User.orders].<elements>.orderCertificates.<elements>)
    - QuerySpaces
       - CollectionQuerySpaceImpl(uid=<gen:0>, collection=com.epam.esm.entity.User.orders)
          - SQL table alias mapping - orders0_
          - alias suffix - 0_
          - suffixed key columns - {user_id4_0_0_}
          - entity-element alias suffix - 1_
          - 1_entity-element suffixed key columns - id1_0_1_
          - JOIN (JoinDefinedByMetadata(elements)) : <gen:0> -> <gen:1>
             - EntityQuerySpaceImpl(uid=<gen:1>, entity=com.epam.esm.entity.Order)
                - SQL table alias mapping - orders0_
                - alias suffix - 1_
                - suffixed key columns - {id1_0_1_}

17:03:34.919 [Test worker] DEBUG org.hibernate.loader.collection.plan.CollectionLoader - Static select for collection com.epam.esm.entity.User.orders: select orders0_.user_id as user_id4_0_0_, orders0_.id as id1_0_0_, orders0_.id as id1_0_1_, orders0_.active_status as active_s2_0_1_, orders0_.created_at as created_3_0_1_, orders0_.user_id as user_id4_0_1_ from application_order orders0_ where orders0_.user_id=?
17:03:34.921 [Test worker] DEBUG org.hibernate.SQL - drop table application_order if exists
17:03:34.921 [Test worker] DEBUG org.hibernate.SQL - drop table application_role if exists
17:03:34.921 [Test worker] DEBUG org.hibernate.SQL - drop table application_user if exists
17:03:34.921 [Test worker] DEBUG org.hibernate.SQL - drop table certificate if exists
17:03:34.921 [Test worker] DEBUG org.hibernate.SQL - drop table certificate_tag if exists
17:03:34.921 [Test worker] DEBUG org.hibernate.SQL - drop table entity if exists
17:03:34.921 [Test worker] DEBUG org.hibernate.SQL - drop table order_certificate if exists
17:03:34.922 [Test worker] DEBUG org.hibernate.SQL - drop table tag if exists
17:03:34.922 [Test worker] DEBUG org.hibernate.SQL - create table application_order (id bigint generated by default as identity, active_status boolean, created_at timestamp, user_id bigint, primary key (id))
17:03:34.923 [Test worker] DEBUG org.hibernate.SQL - create table application_role (id bigint generated by default as identity, value varchar(255), primary key (id))
17:03:34.923 [Test worker] DEBUG org.hibernate.SQL - create table application_user (id bigint generated by default as identity, email varchar(255), password varchar(255), refresh_token varchar(255), role_id bigint, primary key (id))
17:03:34.924 [Test worker] DEBUG org.hibernate.SQL - create table certificate (id bigint generated by default as identity, active_status boolean, creation_date date, description varchar(255), expiration_date date, modification_date date, name varchar(255), price decimal(19,2), primary key (id))
17:03:34.924 [Test worker] DEBUG org.hibernate.SQL - create table certificate_tag (certificate_id bigint not null, tag_id bigint not null, primary key (certificate_id, tag_id))
17:03:34.925 [Test worker] DEBUG org.hibernate.SQL - create table entity (id bigint generated by default as identity, primary key (id))
17:03:34.925 [Test worker] DEBUG org.hibernate.SQL - create table order_certificate (id bigint generated by default as identity, expiration_date date, fixed_price decimal(19,2), certificate_id bigint, order_id bigint, primary key (id))
17:03:34.926 [Test worker] DEBUG org.hibernate.SQL - create table tag (id bigint generated by default as identity, title varchar(255), primary key (id))
17:03:34.926 [Test worker] DEBUG org.hibernate.SQL - alter table tag add constraint UK_k5g3urrxw2ym0ls8vo6xfgs65 unique (title)
17:03:34.926 [Test worker] DEBUG org.hibernate.SQL - alter table application_order add constraint FKp4m4jwa9ds4e3gmsdtsvjcty3 foreign key (user_id) references application_user
17:03:34.927 [Test worker] DEBUG org.hibernate.SQL - alter table application_user add constraint FKkb3re6enordhsw7vy7ftgtna4 foreign key (role_id) references application_role
17:03:34.928 [Test worker] DEBUG org.hibernate.SQL - alter table certificate_tag add constraint FKk65jck3ppxm1p372l03sxdtcc foreign key (tag_id) references tag
17:03:34.929 [Test worker] DEBUG org.hibernate.SQL - alter table certificate_tag add constraint FKlrytco6nyamwxl72nog54iymx foreign key (certificate_id) references certificate
17:03:34.930 [Test worker] DEBUG org.hibernate.SQL - alter table order_certificate add constraint FKans0qrkplnas0le7if4ph8n2w foreign key (certificate_id) references certificate
17:03:34.931 [Test worker] DEBUG org.hibernate.SQL - alter table order_certificate add constraint FKlylopteltw5t82w63stck3tb8 foreign key (order_id) references application_order
17:03:34.933 [Test worker] INFO org.hibernate.tool.schema.internal.SchemaCreatorImpl - HHH000476: Executing import script 'org.hibernate.tool.schema.internal.exec.ScriptSourceInputNonExistentImpl@3bb5d12c'
17:03:34.933 [Test worker] DEBUG org.hibernate.query.spi.NamedQueryRepository - Checking 0 named HQL queries
17:03:34.933 [Test worker] DEBUG org.hibernate.query.spi.NamedQueryRepository - Checking 0 named SQL queries
17:03:34.933 [Test worker] DEBUG org.hibernate.internal.SessionFactoryRegistry - Registering SessionFactory: 7dc7d2a7-fa78-4639-ab22-3a2a2eedd69b (<unnamed>)
17:03:34.933 [Test worker] DEBUG org.hibernate.internal.SessionFactoryRegistry - Not binding SessionFactory to JNDI, no JNDI name configured
17:03:34.933 [Test worker] INFO org.springframework.orm.jpa.LocalContainerEntityManagerFactoryBean - Initialized JPA EntityManagerFactory for persistence unit 'default'
17:03:34.933 [Test worker] DEBUG org.springframework.jdbc.datasource.DataSourceUtils - Fetching JDBC Connection from DataSource
17:03:34.934 [Test worker] DEBUG org.springframework.beans.factory.support.DefaultListableBeanFactory - Creating shared instance of singleton bean 'testConfig'
17:03:34.934 [Test worker] DEBUG org.springframework.beans.factory.support.DefaultListableBeanFactory - Creating shared instance of singleton bean 'certificateRepository'
17:03:34.935 [Test worker] DEBUG org.springframework.beans.factory.support.DefaultListableBeanFactory - Creating shared instance of singleton bean 'org.springframework.orm.jpa.SharedEntityManagerCreator#0'
17:03:34.937 [Test worker] DEBUG org.springframework.beans.factory.support.DefaultListableBeanFactory - Creating shared instance of singleton bean 'criteriaBuilderHelper'
17:03:34.937 [Test worker] DEBUG org.springframework.beans.factory.support.DefaultListableBeanFactory - Autowiring by type from bean name 'certificateRepository' via constructor to bean named 'org.springframework.orm.jpa.SharedEntityManagerCreator#0'
17:03:34.937 [Test worker] DEBUG org.springframework.beans.factory.support.DefaultListableBeanFactory - Autowiring by type from bean name 'certificateRepository' via constructor to bean named 'criteriaBuilderHelper'
17:03:34.938 [Test worker] DEBUG org.springframework.beans.factory.support.DefaultListableBeanFactory - Creating shared instance of singleton bean 'orderCertificateRepository'
17:03:34.939 [Test worker] DEBUG org.springframework.beans.factory.support.DefaultListableBeanFactory - Autowiring by type from bean name 'orderCertificateRepository' via constructor to bean named 'org.springframework.orm.jpa.SharedEntityManagerCreator#0'
17:03:34.940 [Test worker] DEBUG org.springframework.beans.factory.support.DefaultListableBeanFactory - Creating shared instance of singleton bean 'orderRepository'
17:03:34.941 [Test worker] DEBUG org.springframework.beans.factory.support.DefaultListableBeanFactory - Autowiring by type from bean name 'orderRepository' via constructor to bean named 'org.springframework.orm.jpa.SharedEntityManagerCreator#0'
17:03:34.941 [Test worker] DEBUG org.springframework.beans.factory.support.DefaultListableBeanFactory - Creating shared instance of singleton bean 'tagRepository'
17:03:34.942 [Test worker] DEBUG org.springframework.beans.factory.support.DefaultListableBeanFactory - Autowiring by type from bean name 'tagRepository' via constructor to bean named 'org.springframework.orm.jpa.SharedEntityManagerCreator#0'
17:03:34.943 [Test worker] DEBUG org.springframework.beans.factory.support.DefaultListableBeanFactory - Creating shared instance of singleton bean 'userRepository'
17:03:34.943 [Test worker] DEBUG org.springframework.beans.factory.support.DefaultListableBeanFactory - Autowiring by type from bean name 'userRepository' via constructor to bean named 'org.springframework.orm.jpa.SharedEntityManagerCreator#0'
17:03:34.944 [Test worker] DEBUG org.springframework.beans.factory.support.DefaultListableBeanFactory - Creating shared instance of singleton bean 'org.springframework.boot.autoconfigure.context.PropertyPlaceholderAutoConfiguration'
17:03:34.944 [Test worker] DEBUG org.springframework.beans.factory.support.DefaultListableBeanFactory - Creating shared instance of singleton bean 'org.springframework.boot.autoconfigure.task.TaskExecutionAutoConfiguration'
17:03:34.944 [Test worker] DEBUG org.springframework.core.LocalVariableTableParameterNameDiscoverer - Cannot find '.class' file for class [class org.springframework.boot.autoconfigure.task.TaskExecutionAutoConfiguration$$EnhancerBySpringCGLIB$$30b471bb] - unable to determine constructor/method parameter names
17:03:34.945 [Test worker] DEBUG org.springframework.beans.factory.support.DefaultListableBeanFactory - Creating shared instance of singleton bean 'spring.task.execution-org.springframework.boot.autoconfigure.task.TaskExecutionProperties'
17:03:34.945 [Test worker] DEBUG org.springframework.beans.factory.support.DefaultListableBeanFactory - Autowiring by type from bean name 'org.springframework.boot.autoconfigure.task.TaskExecutionAutoConfiguration' via constructor to bean named 'spring.task.execution-org.springframework.boot.autoconfigure.task.TaskExecutionProperties'
17:03:34.946 [Test worker] DEBUG org.springframework.beans.factory.support.DefaultListableBeanFactory - Creating shared instance of singleton bean 'taskExecutorBuilder'
17:03:34.946 [Test worker] DEBUG org.springframework.beans.factory.support.DefaultListableBeanFactory - Creating shared instance of singleton bean 'org.springframework.boot.autoconfigure.validation.ValidationAutoConfiguration'
17:03:34.946 [Test worker] DEBUG org.springframework.beans.factory.support.DefaultListableBeanFactory - Creating shared instance of singleton bean 'defaultValidator'
17:03:34.947 [Test worker] DEBUG org.hibernate.validator.internal.engine.resolver.TraversableResolvers - Found javax.persistence.Persistence on classpath containing 'getPersistenceUtil'. Assuming JPA 2 environment. Trying to instantiate JPA aware TraversableResolver
17:03:34.947 [Test worker] DEBUG org.hibernate.validator.internal.engine.resolver.TraversableResolvers - Instantiated JPA aware TraversableResolver of type org.hibernate.validator.internal.engine.resolver.JPATraversableResolver.
17:03:34.947 [Test worker] DEBUG org.hibernate.validator.messageinterpolation.ResourceBundleMessageInterpolator - Loaded expression factory via original TCCL
17:03:34.947 [Test worker] DEBUG org.hibernate.validator.internal.engine.resolver.TraversableResolvers - Found javax.persistence.Persistence on classpath containing 'getPersistenceUtil'. Assuming JPA 2 environment. Trying to instantiate JPA aware TraversableResolver
17:03:34.947 [Test worker] DEBUG org.hibernate.validator.internal.engine.resolver.TraversableResolvers - Instantiated JPA aware TraversableResolver of type org.hibernate.validator.internal.engine.resolver.JPATraversableResolver.
17:03:34.947 [Test worker] DEBUG org.hibernate.validator.internal.engine.ConfigurationImpl - Setting custom MessageInterpolator of type org.springframework.validation.beanvalidation.LocaleContextMessageInterpolator
17:03:34.947 [Test worker] DEBUG org.hibernate.validator.internal.engine.ConfigurationImpl - Setting custom ConstraintValidatorFactory of type org.springframework.validation.beanvalidation.SpringConstraintValidatorFactory
17:03:34.947 [Test worker] DEBUG org.hibernate.validator.internal.engine.ConfigurationImpl - Setting custom ParameterNameProvider of type org.springframework.validation.beanvalidation.LocalValidatorFactoryBean$1
17:03:34.947 [Test worker] DEBUG org.hibernate.validator.internal.xml.config.ValidationXmlParser - Trying to load META-INF/validation.xml for XML based Validator configuration.
17:03:34.947 [Test worker] DEBUG org.hibernate.validator.internal.xml.config.ResourceLoaderHelper - Trying to load META-INF/validation.xml via user class loader
17:03:34.948 [Test worker] DEBUG org.hibernate.validator.internal.xml.config.ResourceLoaderHelper - Trying to load META-INF/validation.xml via TCCL
17:03:34.948 [Test worker] DEBUG org.hibernate.validator.internal.xml.config.ResourceLoaderHelper - Trying to load META-INF/validation.xml via Hibernate Validator's class loader
17:03:34.948 [Test worker] DEBUG org.hibernate.validator.internal.xml.config.ValidationXmlParser - No META-INF/validation.xml found. Using annotation based configuration only.
17:03:34.955 [Test worker] DEBUG org.hibernate.validator.internal.engine.ValidatorFactoryImpl - HV000234: Using org.springframework.validation.beanvalidation.LocaleContextMessageInterpolator as ValidatorFactory-scoped message interpolator.
17:03:34.955 [Test worker] DEBUG org.hibernate.validator.internal.engine.ValidatorFactoryImpl - HV000234: Using org.hibernate.validator.internal.engine.resolver.JPATraversableResolver as ValidatorFactory-scoped traversable resolver.
17:03:34.955 [Test worker] DEBUG org.hibernate.validator.internal.engine.ValidatorFactoryImpl - HV000234: Using org.hibernate.validator.internal.util.ExecutableParameterNameProvider as ValidatorFactory-scoped parameter name provider.
17:03:34.955 [Test worker] DEBUG org.hibernate.validator.internal.engine.ValidatorFactoryImpl - HV000234: Using org.hibernate.validator.internal.engine.DefaultClockProvider as ValidatorFactory-scoped clock provider.
17:03:34.955 [Test worker] DEBUG org.hibernate.validator.internal.engine.ValidatorFactoryImpl - HV000234: Using org.hibernate.validator.internal.engine.scripting.DefaultScriptEvaluatorFactory as ValidatorFactory-scoped script evaluator factory.
17:03:34.956 [Test worker] DEBUG org.springframework.beans.factory.support.DefaultListableBeanFactory - Creating shared instance of singleton bean 'org.springframework.boot.autoconfigure.security.oauth2.client.OAuth2RestOperationsConfiguration$SingletonScopedConfiguration'
17:03:34.957 [Test worker] DEBUG org.springframework.beans.factory.support.DefaultListableBeanFactory - Creating shared instance of singleton bean 'oauth2RemoteResource'
17:03:34.958 [Test worker] DEBUG org.springframework.beans.factory.support.DefaultListableBeanFactory - Creating shared instance of singleton bean 'oauth2ClientContext'
17:03:34.958 [Test worker] DEBUG org.springframework.beans.factory.support.DefaultListableBeanFactory - Creating shared instance of singleton bean 'org.springframework.boot.autoconfigure.security.oauth2.client.OAuth2RestOperationsConfiguration'
17:03:34.958 [Test worker] DEBUG org.springframework.beans.factory.support.DefaultListableBeanFactory - Creating shared instance of singleton bean 'org.springframework.boot.autoconfigure.security.oauth2.OAuth2AutoConfiguration'
17:03:34.959 [Test worker] DEBUG org.springframework.core.LocalVariableTableParameterNameDiscoverer - Cannot find '.class' file for class [class org.springframework.boot.autoconfigure.security.oauth2.OAuth2AutoConfiguration$$EnhancerBySpringCGLIB$$5c5e94e5] - unable to determine constructor/method parameter names
17:03:34.959 [Test worker] DEBUG org.springframework.beans.factory.support.DefaultListableBeanFactory - Creating shared instance of singleton bean 'security.oauth2.client-org.springframework.boot.autoconfigure.security.oauth2.OAuth2ClientProperties'
17:03:34.959 [Test worker] DEBUG org.springframework.beans.factory.support.DefaultListableBeanFactory - Autowiring by type from bean name 'org.springframework.boot.autoconfigure.security.oauth2.OAuth2AutoConfiguration' via constructor to bean named 'security.oauth2.client-org.springframework.boot.autoconfigure.security.oauth2.OAuth2ClientProperties'
17:03:34.960 [Test worker] DEBUG org.springframework.beans.factory.support.DefaultListableBeanFactory - Creating shared instance of singleton bean 'resourceServerProperties'
17:03:34.961 [Test worker] DEBUG org.springframework.beans.factory.support.DefaultListableBeanFactory - Creating shared instance of singleton bean 'org.springframework.boot.autoconfigure.jmx.JmxAutoConfiguration'
17:03:34.961 [Test worker] DEBUG org.springframework.beans.factory.support.DefaultListableBeanFactory - Creating shared instance of singleton bean 'mbeanExporter'
17:03:34.961 [Test worker] DEBUG org.springframework.beans.factory.support.DefaultListableBeanFactory - Creating shared instance of singleton bean 'objectNamingStrategy'
17:03:34.962 [Test worker] DEBUG org.springframework.beans.factory.support.DefaultListableBeanFactory - Autowiring by type from bean name 'mbeanExporter' via factory method to bean named 'objectNamingStrategy'
17:03:34.962 [Test worker] DEBUG org.springframework.beans.factory.support.DefaultListableBeanFactory - Creating shared instance of singleton bean 'mbeanServer'
17:03:34.962 [Test worker] DEBUG org.springframework.jmx.support.JmxUtils - Found MBeanServer: com.sun.jmx.mbeanserver.JmxMBeanServer@bc10b92
17:03:34.964 [Test worker] DEBUG org.springframework.beans.factory.support.DefaultListableBeanFactory - Creating shared instance of singleton bean 'org.springframework.boot.autoconfigure.aop.AopAutoConfiguration$CglibAutoProxyConfiguration'
17:03:34.964 [Test worker] DEBUG org.springframework.beans.factory.support.DefaultListableBeanFactory - Creating shared instance of singleton bean 'org.springframework.boot.autoconfigure.aop.AopAutoConfiguration'
17:03:34.964 [Test worker] DEBUG org.springframework.beans.factory.support.DefaultListableBeanFactory - Creating shared instance of singleton bean 'org.springframework.boot.autoconfigure.transaction.jta.JtaAutoConfiguration'
17:03:34.964 [Test worker] DEBUG org.springframework.beans.factory.support.DefaultListableBeanFactory - Creating shared instance of singleton bean 'org.springframework.boot.autoconfigure.jdbc.DataSourceJmxConfiguration$Hikari'
17:03:34.965 [Test worker] DEBUG org.springframework.core.LocalVariableTableParameterNameDiscoverer - Cannot find '.class' file for class [class org.springframework.boot.autoconfigure.jdbc.DataSourceJmxConfiguration$Hikari$$EnhancerBySpringCGLIB$$8eb93a4f] - unable to determine constructor/method parameter names
17:03:34.965 [Test worker] DEBUG org.springframework.beans.factory.support.DefaultListableBeanFactory - Autowiring by type from bean name 'org.springframework.boot.autoconfigure.jdbc.DataSourceJmxConfiguration$Hikari' via constructor to bean named 'dataSource'
17:03:34.965 [Test worker] DEBUG org.springframework.beans.factory.support.DefaultListableBeanFactory - Creating shared instance of singleton bean 'org.springframework.boot.autoconfigure.jdbc.DataSourceJmxConfiguration'
17:03:34.965 [Test worker] DEBUG org.springframework.beans.factory.support.DefaultListableBeanFactory - Creating shared instance of singleton bean 'org.springframework.boot.autoconfigure.jdbc.DataSourceAutoConfiguration$PooledDataSourceConfiguration'
17:03:34.966 [Test worker] DEBUG org.springframework.beans.factory.support.DefaultListableBeanFactory - Creating shared instance of singleton bean 'org.springframework.boot.autoconfigure.jdbc.metadata.DataSourcePoolMetadataProvidersConfiguration'
17:03:34.966 [Test worker] DEBUG org.springframework.beans.factory.support.DefaultListableBeanFactory - Creating shared instance of singleton bean 'org.springframework.boot.autoconfigure.jdbc.DataSourceInitializationConfiguration'
17:03:34.966 [Test worker] DEBUG org.springframework.beans.factory.support.DefaultListableBeanFactory - Creating shared instance of singleton bean 'org.springframework.boot.autoconfigure.jdbc.DataSourceAutoConfiguration'
17:03:34.966 [Test worker] DEBUG org.springframework.beans.factory.support.DefaultListableBeanFactory - Creating shared instance of singleton bean 'transactionManager'
17:03:34.967 [Test worker] DEBUG org.springframework.beans.factory.support.DefaultListableBeanFactory - Creating shared instance of singleton bean 'org.springframework.boot.autoconfigure.orm.jpa.HibernateJpaAutoConfiguration'
17:03:34.967 [Test worker] DEBUG org.springframework.beans.factory.support.DefaultListableBeanFactory - Creating shared instance of singleton bean 'org.springframework.boot.autoconfigure.context.ConfigurationPropertiesAutoConfiguration'
17:03:34.967 [Test worker] DEBUG org.springframework.beans.factory.support.DefaultListableBeanFactory - Creating shared instance of singleton bean 'org.springframework.boot.autoconfigure.dao.PersistenceExceptionTranslationAutoConfiguration'
17:03:34.968 [Test worker] DEBUG org.springframework.beans.factory.support.DefaultListableBeanFactory - Creating shared instance of singleton bean 'org.springframework.boot.autoconfigure.data.jpa.JpaRepositoriesAutoConfiguration'
17:03:34.968 [Test worker] DEBUG org.springframework.beans.factory.support.DefaultListableBeanFactory - Creating shared instance of singleton bean 'org.springframework.data.jpa.util.JpaMetamodelCacheCleanup'
17:03:34.968 [Test worker] DEBUG org.springframework.beans.factory.support.DefaultListableBeanFactory - Creating shared instance of singleton bean 'org.springframework.data.jpa.repository.support.JpaEvaluationContextExtension'
17:03:34.969 [Test worker] DEBUG org.springframework.beans.factory.support.DefaultListableBeanFactory - Creating shared instance of singleton bean 'org.springframework.boot.autoconfigure.jackson.JacksonAutoConfiguration$Jackson2ObjectMapperBuilderCustomizerConfiguration'
17:03:34.969 [Test worker] DEBUG org.springframework.beans.factory.support.DefaultListableBeanFactory - Creating shared instance of singleton bean 'standardJacksonObjectMapperBuilderCustomizer'
17:03:34.970 [Test worker] DEBUG org.springframework.beans.factory.support.DefaultListableBeanFactory - Creating shared instance of singleton bean 'spring.jackson-org.springframework.boot.autoconfigure.jackson.JacksonProperties'
17:03:34.970 [Test worker] DEBUG org.springframework.beans.factory.support.DefaultListableBeanFactory - Autowiring by type from bean name 'standardJacksonObjectMapperBuilderCustomizer' via factory method to bean named 'org.springframework.context.support.GenericApplicationContext@575b1a7a'
17:03:34.970 [Test worker] DEBUG org.springframework.beans.factory.support.DefaultListableBeanFactory - Autowiring by type from bean name 'standardJacksonObjectMapperBuilderCustomizer' via factory method to bean named 'spring.jackson-org.springframework.boot.autoconfigure.jackson.JacksonProperties'
17:03:34.970 [Test worker] DEBUG org.springframework.beans.factory.support.DefaultListableBeanFactory - Creating shared instance of singleton bean 'org.springframework.boot.autoconfigure.jackson.JacksonAutoConfiguration$JacksonObjectMapperBuilderConfiguration'
17:03:34.971 [Test worker] DEBUG org.springframework.core.LocalVariableTableParameterNameDiscoverer - Cannot find '.class' file for class [class org.springframework.boot.autoconfigure.jackson.JacksonAutoConfiguration$JacksonObjectMapperBuilderConfiguration$$EnhancerBySpringCGLIB$$b2f51a8f] - unable to determine constructor/method parameter names
17:03:34.971 [Test worker] DEBUG org.springframework.beans.factory.support.DefaultListableBeanFactory - Autowiring by type from bean name 'org.springframework.boot.autoconfigure.jackson.JacksonAutoConfiguration$JacksonObjectMapperBuilderConfiguration' via constructor to bean named 'org.springframework.context.support.GenericApplicationContext@575b1a7a'
17:03:34.971 [Test worker] DEBUG org.springframework.beans.factory.support.DefaultListableBeanFactory - Creating shared instance of singleton bean 'jacksonObjectMapperBuilder'
17:03:34.972 [Test worker] DEBUG org.springframework.beans.factory.support.DefaultListableBeanFactory - Autowiring by type from bean name 'jacksonObjectMapperBuilder' via factory method to bean named 'standardJacksonObjectMapperBuilderCustomizer'
17:03:34.972 [Test worker] DEBUG org.springframework.beans.factory.support.DefaultListableBeanFactory - Creating shared instance of singleton bean 'parameterNamesModule'
17:03:34.972 [Test worker] DEBUG org.springframework.beans.factory.support.DefaultListableBeanFactory - Creating shared instance of singleton bean 'org.springframework.boot.autoconfigure.jackson.JacksonAutoConfiguration$ParameterNamesModuleConfiguration'
17:03:34.973 [Test worker] DEBUG org.springframework.beans.factory.support.DefaultListableBeanFactory - Creating shared instance of singleton bean 'jsonComponentModule'
17:03:34.973 [Test worker] DEBUG org.springframework.beans.factory.support.DefaultListableBeanFactory - Creating shared instance of singleton bean 'org.springframework.boot.autoconfigure.jackson.JacksonAutoConfiguration'
17:03:34.975 [Test worker] DEBUG org.springframework.beans.factory.support.DefaultListableBeanFactory - Creating shared instance of singleton bean 'org.springframework.boot.autoconfigure.jackson.JacksonAutoConfiguration$JacksonObjectMapperConfiguration'
17:03:34.975 [Test worker] DEBUG org.springframework.beans.factory.support.DefaultListableBeanFactory - Creating shared instance of singleton bean 'jacksonObjectMapper'
17:03:34.975 [Test worker] DEBUG org.springframework.beans.factory.support.DefaultListableBeanFactory - Autowiring by type from bean name 'jacksonObjectMapper' via factory method to bean named 'jacksonObjectMapperBuilder'
17:03:34.979 [Test worker] DEBUG org.springframework.beans.factory.support.DefaultListableBeanFactory - Creating shared instance of singleton bean 'org.springframework.boot.autoconfigure.http.HttpMessageConvertersAutoConfiguration$StringHttpMessageConverterConfiguration'
17:03:34.979 [Test worker] DEBUG org.springframework.core.LocalVariableTableParameterNameDiscoverer - Cannot find '.class' file for class [class org.springframework.boot.autoconfigure.http.HttpMessageConvertersAutoConfiguration$StringHttpMessageConverterConfiguration$$EnhancerBySpringCGLIB$$f2566b19] - unable to determine constructor/method parameter names
17:03:34.979 [Test worker] DEBUG org.springframework.beans.factory.support.DefaultListableBeanFactory - Creating shared instance of singleton bean 'spring.http-org.springframework.boot.autoconfigure.http.HttpProperties'
17:03:34.980 [Test worker] DEBUG org.springframework.beans.factory.support.DefaultListableBeanFactory - Autowiring by type from bean name 'org.springframework.boot.autoconfigure.http.HttpMessageConvertersAutoConfiguration$StringHttpMessageConverterConfiguration' via constructor to bean named 'spring.http-org.springframework.boot.autoconfigure.http.HttpProperties'
17:03:34.980 [Test worker] DEBUG org.springframework.beans.factory.support.DefaultListableBeanFactory - Creating shared instance of singleton bean 'stringHttpMessageConverter'
17:03:34.980 [Test worker] DEBUG org.springframework.beans.factory.support.DefaultListableBeanFactory - Creating shared instance of singleton bean 'org.springframework.boot.autoconfigure.http.JacksonHttpMessageConvertersConfiguration$MappingJackson2HttpMessageConverterConfiguration'
17:03:34.981 [Test worker] DEBUG org.springframework.beans.factory.support.DefaultListableBeanFactory - Creating shared instance of singleton bean 'mappingJackson2HttpMessageConverter'
17:03:34.981 [Test worker] DEBUG org.springframework.beans.factory.support.DefaultListableBeanFactory - Autowiring by type from bean name 'mappingJackson2HttpMessageConverter' via factory method to bean named 'jacksonObjectMapper'
17:03:34.981 [Test worker] DEBUG org.springframework.beans.factory.support.DefaultListableBeanFactory - Creating shared instance of singleton bean 'org.springframework.boot.autoconfigure.http.JacksonHttpMessageConvertersConfiguration'
17:03:34.982 [Test worker] DEBUG org.springframework.beans.factory.support.DefaultListableBeanFactory - Creating shared instance of singleton bean 'org.springframework.boot.autoconfigure.http.HttpMessageConvertersAutoConfiguration'
17:03:34.982 [Test worker] DEBUG org.springframework.core.LocalVariableTableParameterNameDiscoverer - Cannot find '.class' file for class [class org.springframework.boot.autoconfigure.http.HttpMessageConvertersAutoConfiguration$$EnhancerBySpringCGLIB$$bf48a479] - unable to determine constructor/method parameter names
17:03:34.983 [Test worker] DEBUG org.springframework.beans.factory.support.DefaultListableBeanFactory - Creating shared instance of singleton bean 'messageConverters'
17:03:34.985 [Test worker] DEBUG org.springframework.beans.factory.support.DefaultListableBeanFactory - Creating shared instance of singleton bean 'org.springframework.boot.autoconfigure.http.codec.CodecsAutoConfiguration$LoggingCodecConfiguration'
17:03:34.986 [Test worker] DEBUG org.springframework.beans.factory.support.DefaultListableBeanFactory - Creating shared instance of singleton bean 'loggingCodecCustomizer'
17:03:34.986 [Test worker] DEBUG org.springframework.beans.factory.support.DefaultListableBeanFactory - Autowiring by type from bean name 'loggingCodecCustomizer' via factory method to bean named 'spring.http-org.springframework.boot.autoconfigure.http.HttpProperties'
17:03:34.986 [Test worker] DEBUG org.springframework.beans.factory.support.DefaultListableBeanFactory - Creating shared instance of singleton bean 'org.springframework.boot.autoconfigure.http.codec.CodecsAutoConfiguration$JacksonCodecConfiguration'
17:03:34.986 [Test worker] DEBUG org.springframework.beans.factory.support.DefaultListableBeanFactory - Creating shared instance of singleton bean 'jacksonCodecCustomizer'
17:03:34.986 [Test worker] DEBUG org.springframework.beans.factory.support.DefaultListableBeanFactory - Autowiring by type from bean name 'jacksonCodecCustomizer' via factory method to bean named 'jacksonObjectMapper'
17:03:34.987 [Test worker] DEBUG org.springframework.beans.factory.support.DefaultListableBeanFactory - Creating shared instance of singleton bean 'org.springframework.boot.autoconfigure.http.codec.CodecsAutoConfiguration'
17:03:34.987 [Test worker] DEBUG org.springframework.beans.factory.support.DefaultListableBeanFactory - Creating shared instance of singleton bean 'org.springframework.boot.autoconfigure.info.ProjectInfoAutoConfiguration'
17:03:34.987 [Test worker] DEBUG org.springframework.core.LocalVariableTableParameterNameDiscoverer - Cannot find '.class' file for class [class org.springframework.boot.autoconfigure.info.ProjectInfoAutoConfiguration$$EnhancerBySpringCGLIB$$e10ee5fe] - unable to determine constructor/method parameter names
17:03:34.987 [Test worker] DEBUG org.springframework.beans.factory.support.DefaultListableBeanFactory - Creating shared instance of singleton bean 'spring.info-org.springframework.boot.autoconfigure.info.ProjectInfoProperties'
17:03:34.988 [Test worker] DEBUG org.springframework.beans.factory.support.DefaultListableBeanFactory - Autowiring by type from bean name 'org.springframework.boot.autoconfigure.info.ProjectInfoAutoConfiguration' via constructor to bean named 'spring.info-org.springframework.boot.autoconfigure.info.ProjectInfoProperties'
17:03:34.988 [Test worker] DEBUG org.springframework.beans.factory.support.DefaultListableBeanFactory - Creating shared instance of singleton bean 'org.springframework.boot.autoconfigure.jdbc.JdbcTemplateAutoConfiguration$JdbcTemplateConfiguration'
17:03:34.988 [Test worker] DEBUG org.springframework.core.LocalVariableTableParameterNameDiscoverer - Cannot find '.class' file for class [class org.springframework.boot.autoconfigure.jdbc.JdbcTemplateAutoConfiguration$JdbcTemplateConfiguration$$EnhancerBySpringCGLIB$$bda00752] - unable to determine constructor/method parameter names
17:03:34.988 [Test worker] DEBUG org.springframework.beans.factory.support.DefaultListableBeanFactory - Creating shared instance of singleton bean 'spring.jdbc-org.springframework.boot.autoconfigure.jdbc.JdbcProperties'
17:03:34.989 [Test worker] DEBUG org.springframework.beans.factory.support.DefaultListableBeanFactory - Autowiring by type from bean name 'org.springframework.boot.autoconfigure.jdbc.JdbcTemplateAutoConfiguration$JdbcTemplateConfiguration' via constructor to bean named 'dataSource'
17:03:34.989 [Test worker] DEBUG org.springframework.beans.factory.support.DefaultListableBeanFactory - Autowiring by type from bean name 'org.springframework.boot.autoconfigure.jdbc.JdbcTemplateAutoConfiguration$JdbcTemplateConfiguration' via constructor to bean named 'spring.jdbc-org.springframework.boot.autoconfigure.jdbc.JdbcProperties'
17:03:34.989 [Test worker] DEBUG org.springframework.beans.factory.support.DefaultListableBeanFactory - Creating shared instance of singleton bean 'jdbcTemplate'
17:03:34.990 [Test worker] DEBUG org.springframework.beans.factory.support.DefaultListableBeanFactory - Creating shared instance of singleton bean 'org.springframework.boot.autoconfigure.jdbc.JdbcTemplateAutoConfiguration$NamedParameterJdbcTemplateConfiguration'
17:03:34.991 [Test worker] DEBUG org.springframework.beans.factory.support.DefaultListableBeanFactory - Creating shared instance of singleton bean 'namedParameterJdbcTemplate'
17:03:34.991 [Test worker] DEBUG org.springframework.beans.factory.support.DefaultListableBeanFactory - Autowiring by type from bean name 'namedParameterJdbcTemplate' via factory method to bean named 'jdbcTemplate'
17:03:34.991 [Test worker] DEBUG org.springframework.beans.factory.support.DefaultListableBeanFactory - Creating shared instance of singleton bean 'org.springframework.boot.autoconfigure.jdbc.JdbcTemplateAutoConfiguration'
17:03:34.992 [Test worker] DEBUG org.springframework.beans.factory.support.DefaultListableBeanFactory - Creating shared instance of singleton bean 'org.springframework.boot.autoconfigure.security.servlet.SecurityAutoConfiguration'
17:03:34.992 [Test worker] DEBUG org.springframework.beans.factory.support.DefaultListableBeanFactory - Creating shared instance of singleton bean 'authenticationEventPublisher'
17:03:34.992 [Test worker] DEBUG org.springframework.beans.factory.support.DefaultListableBeanFactory - Autowiring by type from bean name 'authenticationEventPublisher' via factory method to bean named 'org.springframework.context.support.GenericApplicationContext@575b1a7a'
17:03:34.992 [Test worker] DEBUG org.springframework.beans.factory.support.DefaultListableBeanFactory - Creating shared instance of singleton bean 'spring.security-org.springframework.boot.autoconfigure.security.SecurityProperties'
17:03:34.993 [Test worker] DEBUG org.springframework.beans.factory.support.DefaultListableBeanFactory - Creating shared instance of singleton bean 'org.springframework.boot.autoconfigure.task.TaskSchedulingAutoConfiguration'
17:03:34.993 [Test worker] DEBUG org.springframework.beans.factory.support.DefaultListableBeanFactory - Creating shared instance of singleton bean 'taskSchedulerBuilder'
17:03:34.993 [Test worker] DEBUG org.springframework.beans.factory.support.DefaultListableBeanFactory - Creating shared instance of singleton bean 'spring.task.scheduling-org.springframework.boot.autoconfigure.task.TaskSchedulingProperties'
17:03:34.994 [Test worker] DEBUG org.springframework.beans.factory.support.DefaultListableBeanFactory - Autowiring by type from bean name 'taskSchedulerBuilder' via factory method to bean named 'spring.task.scheduling-org.springframework.boot.autoconfigure.task.TaskSchedulingProperties'
17:03:34.994 [Test worker] DEBUG org.springframework.beans.factory.support.DefaultListableBeanFactory - Creating shared instance of singleton bean 'org.springframework.boot.autoconfigure.jdbc.DataSourceTransactionManagerAutoConfiguration$DataSourceTransactionManagerConfiguration'
17:03:34.994 [Test worker] DEBUG org.springframework.core.LocalVariableTableParameterNameDiscoverer - Cannot find '.class' file for class [class org.springframework.boot.autoconfigure.jdbc.DataSourceTransactionManagerAutoConfiguration$DataSourceTransactionManagerConfiguration$$EnhancerBySpringCGLIB$$52157154] - unable to determine constructor/method parameter names
17:03:34.994 [Test worker] DEBUG org.springframework.beans.factory.support.DefaultListableBeanFactory - Autowiring by type from bean name 'org.springframework.boot.autoconfigure.jdbc.DataSourceTransactionManagerAutoConfiguration$DataSourceTransactionManagerConfiguration' via constructor to bean named 'dataSource'
17:03:34.995 [Test worker] DEBUG org.springframework.beans.factory.support.DefaultListableBeanFactory - Creating shared instance of singleton bean 'org.springframework.boot.autoconfigure.jdbc.DataSourceTransactionManagerAutoConfiguration'
17:03:34.995 [Test worker] DEBUG org.springframework.beans.factory.support.DefaultListableBeanFactory - Creating shared instance of singleton bean 'org.springframework.boot.autoconfigure.transaction.TransactionAutoConfiguration$EnableTransactionManagementConfiguration$CglibAutoProxyConfiguration'
17:03:34.995 [Test worker] DEBUG org.springframework.beans.factory.support.DefaultListableBeanFactory - Creating shared instance of singleton bean 'org.springframework.boot.autoconfigure.transaction.TransactionAutoConfiguration$EnableTransactionManagementConfiguration'
17:03:34.995 [Test worker] DEBUG org.springframework.beans.factory.support.DefaultListableBeanFactory - Creating shared instance of singleton bean 'org.springframework.boot.autoconfigure.transaction.TransactionAutoConfiguration$TransactionTemplateConfiguration'
17:03:34.996 [Test worker] DEBUG org.springframework.core.LocalVariableTableParameterNameDiscoverer - Cannot find '.class' file for class [class org.springframework.boot.autoconfigure.transaction.TransactionAutoConfiguration$TransactionTemplateConfiguration$$EnhancerBySpringCGLIB$$a39f3627] - unable to determine constructor/method parameter names
17:03:34.996 [Test worker] DEBUG org.springframework.beans.factory.support.DefaultListableBeanFactory - Autowiring by type from bean name 'org.springframework.boot.autoconfigure.transaction.TransactionAutoConfiguration$TransactionTemplateConfiguration' via constructor to bean named 'transactionManager'
17:03:34.996 [Test worker] DEBUG org.springframework.beans.factory.support.DefaultListableBeanFactory - Creating shared instance of singleton bean 'transactionTemplate'
17:03:34.997 [Test worker] DEBUG org.springframework.beans.factory.support.DefaultListableBeanFactory - Creating shared instance of singleton bean 'org.springframework.boot.autoconfigure.web.client.RestTemplateAutoConfiguration'
17:03:34.997 [Test worker] DEBUG org.springframework.core.LocalVariableTableParameterNameDiscoverer - Cannot find '.class' file for class [class org.springframework.boot.autoconfigure.web.client.RestTemplateAutoConfiguration$$EnhancerBySpringCGLIB$$402ad266] - unable to determine constructor/method parameter names
17:03:34.997 [Test worker] DEBUG org.springframework.beans.factory.support.DefaultListableBeanFactory - Creating shared instance of singleton bean 'restTemplateBuilder'
17:03:35.000 [Test worker] DEBUG org.springframework.jmx.export.annotation.AnnotationMBeanExporter - Registering beans for JMX exposure on startup
17:03:35.000 [Test worker] DEBUG org.springframework.jmx.export.annotation.AnnotationMBeanExporter - Autodetecting user-defined JMX MBeans
17:03:35.000 [Test worker] DEBUG org.springframework.jmx.export.annotation.AnnotationMBeanExporter - Bean with name 'dataSource' has been autodetected for JMX exposure
17:03:35.001 [Test worker] DEBUG org.springframework.jmx.export.annotation.AnnotationMBeanExporter - Located MBean 'dataSource': registering with JMX server as MBean [com.zaxxer.hikari:name=dataSource,type=HikariDataSource]
17:03:35.002 [Test worker] DEBUG org.springframework.test.context.cache.DefaultCacheAwareContextLoaderDelegate - Storing ApplicationContext in cache under key [[MergedContextConfiguration@32c2b767 testClass = UserRepositoryTest, locations = '{}', classes = '{class com.epam.esm.TestConfig}', contextInitializerClasses = '[]', activeProfiles = '{}', propertySourceLocations = '{}', propertySourceProperties = '{}', contextCustomizers = set[[empty]], contextLoader = 'org.springframework.test.context.support.DelegatingSmartContextLoader', parent = [null]]]
17:03:35.002 [Test worker] DEBUG org.springframework.test.context.cache - Spring test ApplicationContext cache statistics: [DefaultContextCache@2bed31e4 size = 1, maxSize = 32, parentContextCount = 0, hitCount = 31, missCount = 15]
17:03:35.003 [Test worker] DEBUG org.springframework.test.context.support.AbstractDirtiesContextTestExecutionListener - Before test method: context [DefaultTestContext@76bf0ea0 testClass = UserRepositoryTest, testInstance = com.epam.esm.repository.UserRepositoryTest@11c7359e, testMethod = testAdd@UserRepositoryTest, testException = [null], mergedContextConfiguration = [MergedContextConfiguration@32c2b767 testClass = UserRepositoryTest, locations = '{}', classes = '{class com.epam.esm.TestConfig}', contextInitializerClasses = '[]', activeProfiles = '{}', propertySourceLocations = '{}', propertySourceProperties = '{}', contextCustomizers = set[[empty]], contextLoader = 'org.springframework.test.context.support.DelegatingSmartContextLoader', parent = [null]], attributes = map[[empty]]], class annotated with @DirtiesContext [true] with mode [AFTER_EACH_TEST_METHOD], method annotated with @DirtiesContext [false] with mode [null].
17:03:35.005 [Test worker] DEBUG org.springframework.test.context.transaction.TransactionalTestExecutionListener - Explicit transaction definition [PROPAGATION_REQUIRED,ISOLATION_DEFAULT] found for test context [DefaultTestContext@76bf0ea0 testClass = UserRepositoryTest, testInstance = com.epam.esm.repository.UserRepositoryTest@11c7359e, testMethod = testAdd@UserRepositoryTest, testException = [null], mergedContextConfiguration = [MergedContextConfiguration@32c2b767 testClass = UserRepositoryTest, locations = '{}', classes = '{class com.epam.esm.TestConfig}', contextInitializerClasses = '[]', activeProfiles = '{}', propertySourceLocations = '{}', propertySourceProperties = '{}', contextCustomizers = set[[empty]], contextLoader = 'org.springframework.test.context.support.DelegatingSmartContextLoader', parent = [null]], attributes = map[[empty]]]
17:03:35.005 [Test worker] DEBUG org.springframework.test.context.cache.DefaultCacheAwareContextLoaderDelegate - Retrieved ApplicationContext from cache with key [[MergedContextConfiguration@32c2b767 testClass = UserRepositoryTest, locations = '{}', classes = '{class com.epam.esm.TestConfig}', contextInitializerClasses = '[]', activeProfiles = '{}', propertySourceLocations = '{}', propertySourceProperties = '{}', contextCustomizers = set[[empty]], contextLoader = 'org.springframework.test.context.support.DelegatingSmartContextLoader', parent = [null]]]
17:03:35.005 [Test worker] DEBUG org.springframework.test.context.cache - Spring test ApplicationContext cache statistics: [DefaultContextCache@2bed31e4 size = 1, maxSize = 32, parentContextCount = 0, hitCount = 32, missCount = 15]
17:03:35.005 [Test worker] DEBUG org.springframework.test.context.transaction.TransactionalTestExecutionListener - No method-level @Rollback override: using default rollback [true] for test context [DefaultTestContext@76bf0ea0 testClass = UserRepositoryTest, testInstance = com.epam.esm.repository.UserRepositoryTest@11c7359e, testMethod = testAdd@UserRepositoryTest, testException = [null], mergedContextConfiguration = [MergedContextConfiguration@32c2b767 testClass = UserRepositoryTest, locations = '{}', classes = '{class com.epam.esm.TestConfig}', contextInitializerClasses = '[]', activeProfiles = '{}', propertySourceLocations = '{}', propertySourceProperties = '{}', contextCustomizers = set[[empty]], contextLoader = 'org.springframework.test.context.support.DelegatingSmartContextLoader', parent = [null]], attributes = map[[empty]]].
17:03:35.005 [Test worker] DEBUG org.springframework.orm.jpa.JpaTransactionManager - Creating new transaction with name [com.epam.esm.repository.UserRepositoryTest.testAdd]: PROPAGATION_REQUIRED,ISOLATION_DEFAULT
17:03:35.005 [Test worker] DEBUG org.hibernate.stat.internal.StatisticsInitiator - Statistics initialized [enabled=false]
17:03:35.005 [Test worker] DEBUG org.springframework.orm.jpa.JpaTransactionManager - Opened new EntityManager [SessionImpl(491539148<open>)] for JPA transaction
17:03:35.006 [Test worker] DEBUG org.hibernate.engine.transaction.internal.TransactionImpl - On TransactionImpl creation, JpaCompliance#isJpaTransactionComplianceEnabled == false
17:03:35.006 [Test worker] DEBUG org.hibernate.engine.transaction.internal.TransactionImpl - begin
17:03:35.006 [Test worker] DEBUG org.springframework.orm.jpa.JpaTransactionManager - Exposing JPA transaction as JDBC [org.springframework.orm.jpa.vendor.HibernateJpaDialect$HibernateConnectionHandle@23afac78]
17:03:35.006 [Test worker] INFO org.springframework.test.context.transaction.TransactionContext - Began transaction (1) for test context [DefaultTestContext@76bf0ea0 testClass = UserRepositoryTest, testInstance = com.epam.esm.repository.UserRepositoryTest@11c7359e, testMethod = testAdd@UserRepositoryTest, testException = [null], mergedContextConfiguration = [MergedContextConfiguration@32c2b767 testClass = UserRepositoryTest, locations = '{}', classes = '{class com.epam.esm.TestConfig}', contextInitializerClasses = '[]', activeProfiles = '{}', propertySourceLocations = '{}', propertySourceProperties = '{}', contextCustomizers = set[[empty]], contextLoader = 'org.springframework.test.context.support.DelegatingSmartContextLoader', parent = [null]], attributes = map[[empty]]]; transaction manager [org.springframework.orm.jpa.JpaTransactionManager@7ed131cf]; rollback [true]
17:03:35.006 [Test worker] DEBUG org.springframework.test.context.jdbc.SqlScriptsTestExecutionListener - Processing [MergedSqlConfig@2e269892 dataSource = '', transactionManager = '', transactionMode = INFERRED, encoding = '', separator = ';', commentPrefix = '--', blockCommentStartDelimiter = '/*', blockCommentEndDelimiter = '*/', errorMode = FAIL_ON_ERROR] for execution phase [BEFORE_TEST_METHOD] and test context [DefaultTestContext@76bf0ea0 testClass = UserRepositoryTest, testInstance = com.epam.esm.repository.UserRepositoryTest@11c7359e, testMethod = testAdd@UserRepositoryTest, testException = [null], mergedContextConfiguration = [MergedContextConfiguration@32c2b767 testClass = UserRepositoryTest, locations = '{}', classes = '{class com.epam.esm.TestConfig}', contextInitializerClasses = '[]', activeProfiles = '{}', propertySourceLocations = '{}', propertySourceProperties = '{}', contextCustomizers = set[[empty]], contextLoader = 'org.springframework.test.context.support.DelegatingSmartContextLoader', parent = [null]], attributes = map[[empty]]].
17:03:35.006 [Test worker] DEBUG org.springframework.test.context.cache.DefaultCacheAwareContextLoaderDelegate - Retrieved ApplicationContext from cache with key [[MergedContextConfiguration@32c2b767 testClass = UserRepositoryTest, locations = '{}', classes = '{class com.epam.esm.TestConfig}', contextInitializerClasses = '[]', activeProfiles = '{}', propertySourceLocations = '{}', propertySourceProperties = '{}', contextCustomizers = set[[empty]], contextLoader = 'org.springframework.test.context.support.DelegatingSmartContextLoader', parent = [null]]]
17:03:35.006 [Test worker] DEBUG org.springframework.test.context.cache - Spring test ApplicationContext cache statistics: [DefaultContextCache@2bed31e4 size = 1, maxSize = 32, parentContextCount = 0, hitCount = 33, missCount = 15]
17:03:35.006 [Test worker] DEBUG org.springframework.test.context.jdbc.SqlScriptsTestExecutionListener - Executing SQL scripts: [Byte array resource [from inlined SQL statement: insert into application_role (value) values ('admin'), ('user'), ('guest');]]
17:03:35.007 [Test worker] DEBUG org.springframework.test.context.cache.DefaultCacheAwareContextLoaderDelegate - Retrieved ApplicationContext from cache with key [[MergedContextConfiguration@32c2b767 testClass = UserRepositoryTest, locations = '{}', classes = '{class com.epam.esm.TestConfig}', contextInitializerClasses = '[]', activeProfiles = '{}', propertySourceLocations = '{}', propertySourceProperties = '{}', contextCustomizers = set[[empty]], contextLoader = 'org.springframework.test.context.support.DelegatingSmartContextLoader', parent = [null]]]
17:03:35.007 [Test worker] DEBUG org.springframework.test.context.cache - Spring test ApplicationContext cache statistics: [DefaultContextCache@2bed31e4 size = 1, maxSize = 32, parentContextCount = 0, hitCount = 34, missCount = 15]
17:03:35.007 [Test worker] DEBUG org.springframework.test.context.cache.DefaultCacheAwareContextLoaderDelegate - Retrieved ApplicationContext from cache with key [[MergedContextConfiguration@32c2b767 testClass = UserRepositoryTest, locations = '{}', classes = '{class com.epam.esm.TestConfig}', contextInitializerClasses = '[]', activeProfiles = '{}', propertySourceLocations = '{}', propertySourceProperties = '{}', contextCustomizers = set[[empty]], contextLoader = 'org.springframework.test.context.support.DelegatingSmartContextLoader', parent = [null]]]
17:03:35.007 [Test worker] DEBUG org.springframework.test.context.cache - Spring test ApplicationContext cache statistics: [DefaultContextCache@2bed31e4 size = 1, maxSize = 32, parentContextCount = 0, hitCount = 35, missCount = 15]
17:03:35.007 [Test worker] DEBUG org.springframework.orm.jpa.JpaTransactionManager - Found thread-bound EntityManager [SessionImpl(491539148<open>)] for JPA transaction
17:03:35.007 [Test worker] DEBUG org.springframework.orm.jpa.JpaTransactionManager - Participating in existing transaction
17:03:35.007 [Test worker] DEBUG org.springframework.jdbc.datasource.init.ScriptUtils - Executing SQL script from Byte array resource [from inlined SQL statement: insert into application_role (value) values ('admin'), ('user'), ('guest');]
17:03:35.008 [Test worker] DEBUG org.springframework.jdbc.datasource.init.ScriptUtils - 3 returned as update count for SQL: insert into application_role (value) values ('admin'), ('user'), ('guest')
17:03:35.008 [Test worker] DEBUG org.springframework.jdbc.datasource.init.ScriptUtils - Executed SQL script from Byte array resource [from inlined SQL statement: insert into application_role (value) values ('admin'), ('user'), ('guest');] in 1 ms.
17:03:35.014 [Test worker] DEBUG org.hibernate.event.internal.DefaultMergeEventListener - EntityCopyObserver strategy: disallow
17:03:35.014 [Test worker] DEBUG org.hibernate.loader.Loader - Loading entity: [com.epam.esm.entity.User#1]
17:03:35.014 [Test worker] DEBUG org.hibernate.SQL - select user0_.id as id1_2_0_, user0_.email as email2_2_0_, user0_.password as password3_2_0_, user0_.refresh_token as refresh_4_2_0_, user0_.role_id as role_id5_2_0_ from application_user user0_ where user0_.id=?
17:03:35.015 [Test worker] DEBUG org.hibernate.loader.Loader - Done entity load
17:03:35.016 [Test worker] DEBUG org.hibernate.SQL - select role0_.id as id1_1_0_, role0_.value as value2_1_0_ from application_role role0_ where role0_.id=?
17:03:35.016 [Test worker] DEBUG org.hibernate.loader.plan.exec.process.internal.ResultSetProcessorImpl - Starting ResultSet row #0
17:03:35.016 [Test worker] DEBUG org.hibernate.loader.plan.exec.process.internal.EntityReferenceInitializerImpl - On call to EntityIdentifierReaderImpl#resolve, EntityKey was already known; should only happen on root returns with an optional identifier specified
17:03:35.016 [Test worker] DEBUG org.hibernate.engine.internal.TwoPhaseLoad - Resolving associations for [com.epam.esm.entity.Role#1]
17:03:35.017 [Test worker] DEBUG org.hibernate.engine.internal.TwoPhaseLoad - Done materializing entity [com.epam.esm.entity.Role#1]
17:03:35.017 [Test worker] DEBUG org.hibernate.loader.entity.plan.AbstractLoadPlanBasedEntityLoader - Done entity load : com.epam.esm.entity.Role#1
17:03:35.017 [Test worker] DEBUG org.hibernate.engine.spi.ActionQueue - Executing identity-insert immediately
17:03:35.017 [Test worker] DEBUG org.hibernate.SQL - insert into application_user (id, email, password, refresh_token, role_id) values (null, ?, ?, ?, ?)
17:03:35.018 [Test worker] DEBUG org.hibernate.id.IdentifierGeneratorHelper - Natively generated identity: 1
17:03:35.018 [Test worker] DEBUG org.hibernate.resource.jdbc.internal.ResourceRegistryStandardImpl - HHH000387: ResultSet's statement was not registered
17:03:35.018 [Test worker] DEBUG org.springframework.orm.jpa.JpaTransactionManager - Initiating transaction rollback
17:03:35.018 [Test worker] DEBUG org.springframework.orm.jpa.JpaTransactionManager - Rolling back JPA transaction on EntityManager [SessionImpl(491539148<open>)]
17:03:35.018 [Test worker] DEBUG org.hibernate.engine.transaction.internal.TransactionImpl - rolling back
17:03:35.019 [Test worker] DEBUG org.springframework.orm.jpa.JpaTransactionManager - Closing JPA EntityManager [SessionImpl(491539148<open>)] after transaction
17:03:35.019 [Test worker] INFO org.springframework.test.context.transaction.TransactionContext - Rolled back transaction for test context [DefaultTestContext@76bf0ea0 testClass = UserRepositoryTest, testInstance = com.epam.esm.repository.UserRepositoryTest@11c7359e, testMethod = testAdd@UserRepositoryTest, testException = [null], mergedContextConfiguration = [MergedContextConfiguration@32c2b767 testClass = UserRepositoryTest, locations = '{}', classes = '{class com.epam.esm.TestConfig}', contextInitializerClasses = '[]', activeProfiles = '{}', propertySourceLocations = '{}', propertySourceProperties = '{}', contextCustomizers = set[[empty]], contextLoader = 'org.springframework.test.context.support.DelegatingSmartContextLoader', parent = [null]], attributes = map[[empty]]].
17:03:35.019 [Test worker] DEBUG org.springframework.test.context.support.AbstractDirtiesContextTestExecutionListener - After test method: context [DefaultTestContext@76bf0ea0 testClass = UserRepositoryTest, testInstance = com.epam.esm.repository.UserRepositoryTest@11c7359e, testMethod = testAdd@UserRepositoryTest, testException = [null], mergedContextConfiguration = [MergedContextConfiguration@32c2b767 testClass = UserRepositoryTest, locations = '{}', classes = '{class com.epam.esm.TestConfig}', contextInitializerClasses = '[]', activeProfiles = '{}', propertySourceLocations = '{}', propertySourceProperties = '{}', contextCustomizers = set[[empty]], contextLoader = 'org.springframework.test.context.support.DelegatingSmartContextLoader', parent = [null]], attributes = map[[empty]]], class annotated with @DirtiesContext [true] with mode [AFTER_EACH_TEST_METHOD], method annotated with @DirtiesContext [false] with mode [null].
17:03:35.019 [Test worker] DEBUG org.springframework.context.support.GenericApplicationContext - Closing org.springframework.context.support.GenericApplicationContext@575b1a7a, started on Wed Oct 23 17:03:34 MSK 2019
17:03:35.020 [Test worker] DEBUG org.springframework.jmx.export.annotation.AnnotationMBeanExporter - Unregistering JMX-exposed beans on shutdown
17:03:35.020 [Test worker] DEBUG org.springframework.jmx.export.annotation.AnnotationMBeanExporter - Unregistering JMX-exposed beans
17:03:35.020 [Test worker] INFO org.springframework.orm.jpa.LocalContainerEntityManagerFactoryBean - Closing JPA EntityManagerFactory for persistence unit 'default'
17:03:35.020 [Test worker] DEBUG org.hibernate.internal.SessionFactoryImpl - HHH000031: Closing
17:03:35.020 [Test worker] INFO org.hibernate.tool.schema.internal.SchemaDropperImpl$DelayedDropActionImpl - HHH000477: Starting delayed evictData of schema as part of SessionFactory shut-down'
17:03:35.020 [Test worker] DEBUG org.hibernate.SQL - drop table application_order if exists
17:03:35.021 [Test worker] DEBUG org.hibernate.SQL - drop table application_role if exists
17:03:35.021 [Test worker] DEBUG org.hibernate.SQL - drop table application_user if exists
17:03:35.021 [Test worker] DEBUG org.hibernate.SQL - drop table certificate if exists
17:03:35.022 [Test worker] DEBUG org.hibernate.SQL - drop table certificate_tag if exists
17:03:35.022 [Test worker] DEBUG org.hibernate.SQL - drop table entity if exists
17:03:35.023 [Test worker] DEBUG org.hibernate.SQL - drop table order_certificate if exists
17:03:35.023 [Test worker] DEBUG org.hibernate.SQL - drop table tag if exists
17:03:35.023 [Test worker] DEBUG org.hibernate.type.spi.TypeConfiguration$Scope - Un-scoping TypeConfiguration [org.hibernate.type.spi.TypeConfiguration$Scope@11a2d2c1] from SessionFactory [org.hibernate.internal.SessionFactoryImpl@672d1531]
17:03:35.023 [Test worker] DEBUG org.hibernate.service.internal.AbstractServiceRegistryImpl - Implicitly destroying ServiceRegistry on de-registration of all child ServiceRegistries
17:03:35.023 [Test worker] DEBUG org.hibernate.boot.registry.internal.BootstrapServiceRegistryImpl - Implicitly destroying Boot-strap registry on de-registration of all child ServiceRegistries
17:03:35.023 [Test worker] INFO com.zaxxer.hikari.HikariDataSource - HikariPool-15 - Shutdown initiated...
17:03:35.024 [Test worker] DEBUG com.zaxxer.hikari.pool.HikariPool - HikariPool-15 - Before shutdown stats (total=10, active=0, idle=10, waiting=0)
17:03:35.024 [HikariPool-15 connection closer] DEBUG com.zaxxer.hikari.pool.PoolBase - HikariPool-15 - Closing connection conn140: url=jdbc:h2:mem:testdb user=SA: (connection evicted)
17:03:35.024 [HikariPool-15 connection closer] DEBUG com.zaxxer.hikari.pool.PoolBase - HikariPool-15 - Closing connection conn141: url=jdbc:h2:mem:testdb user=SA: (connection evicted)
17:03:35.024 [HikariPool-15 connection closer] DEBUG com.zaxxer.hikari.pool.PoolBase - HikariPool-15 - Closing connection conn142: url=jdbc:h2:mem:testdb user=SA: (connection evicted)
17:03:35.024 [HikariPool-15 connection closer] DEBUG com.zaxxer.hikari.pool.PoolBase - HikariPool-15 - Closing connection conn143: url=jdbc:h2:mem:testdb user=SA: (connection evicted)
17:03:35.024 [HikariPool-15 connection closer] DEBUG com.zaxxer.hikari.pool.PoolBase - HikariPool-15 - Closing connection conn144: url=jdbc:h2:mem:testdb user=SA: (connection evicted)
17:03:35.024 [HikariPool-15 connection closer] DEBUG com.zaxxer.hikari.pool.PoolBase - HikariPool-15 - Closing connection conn145: url=jdbc:h2:mem:testdb user=SA: (connection evicted)
17:03:35.024 [HikariPool-15 connection closer] DEBUG com.zaxxer.hikari.pool.PoolBase - HikariPool-15 - Closing connection conn146: url=jdbc:h2:mem:testdb user=SA: (connection evicted)
17:03:35.024 [HikariPool-15 connection closer] DEBUG com.zaxxer.hikari.pool.PoolBase - HikariPool-15 - Closing connection conn147: url=jdbc:h2:mem:testdb user=SA: (connection evicted)
17:03:35.024 [HikariPool-15 connection closer] DEBUG com.zaxxer.hikari.pool.PoolBase - HikariPool-15 - Closing connection conn148: url=jdbc:h2:mem:testdb user=SA: (connection evicted)
17:03:35.024 [HikariPool-15 connection closer] DEBUG com.zaxxer.hikari.pool.PoolBase - HikariPool-15 - Closing connection conn149: url=jdbc:h2:mem:testdb user=SA: (connection evicted)
17:03:35.024 [Test worker] DEBUG com.zaxxer.hikari.pool.HikariPool - HikariPool-15 - After shutdown stats (total=0, active=0, idle=0, waiting=0)
17:03:35.024 [Test worker] INFO com.zaxxer.hikari.HikariDataSource - HikariPool-15 - Shutdown completed.
17:03:35.025 [Test worker] DEBUG org.springframework.test.context.support.DependencyInjectionTestExecutionListener - Performing dependency injection for test context [[DefaultTestContext@76bf0ea0 testClass = UserRepositoryTest, testInstance = com.epam.esm.repository.UserRepositoryTest@15ef1737, testMethod = [null], testException = [null], mergedContextConfiguration = [MergedContextConfiguration@32c2b767 testClass = UserRepositoryTest, locations = '{}', classes = '{class com.epam.esm.TestConfig}', contextInitializerClasses = '[]', activeProfiles = '{}', propertySourceLocations = '{}', propertySourceProperties = '{}', contextCustomizers = set[[empty]], contextLoader = 'org.springframework.test.context.support.DelegatingSmartContextLoader', parent = [null]], attributes = map['org.springframework.test.context.support.DependencyInjectionTestExecutionListener.reinjectDependencies' -> true]]].
17:03:35.025 [Test worker] DEBUG org.springframework.test.context.support.AbstractDelegatingSmartContextLoader - Delegating to AnnotationConfigContextLoader to load context from [MergedContextConfiguration@32c2b767 testClass = UserRepositoryTest, locations = '{}', classes = '{class com.epam.esm.TestConfig}', contextInitializerClasses = '[]', activeProfiles = '{}', propertySourceLocations = '{}', propertySourceProperties = '{}', contextCustomizers = set[[empty]], contextLoader = 'org.springframework.test.context.support.DelegatingSmartContextLoader', parent = [null]].
17:03:35.025 [Test worker] DEBUG org.springframework.test.context.support.AbstractGenericContextLoader - Loading ApplicationContext for merged context configuration [[MergedContextConfiguration@32c2b767 testClass = UserRepositoryTest, locations = '{}', classes = '{class com.epam.esm.TestConfig}', contextInitializerClasses = '[]', activeProfiles = '{}', propertySourceLocations = '{}', propertySourceProperties = '{}', contextCustomizers = set[[empty]], contextLoader = 'org.springframework.test.context.support.DelegatingSmartContextLoader', parent = [null]]].
17:03:35.025 [Test worker] DEBUG org.springframework.core.env.StandardEnvironment - Activating profiles []
17:03:35.025 [Test worker] DEBUG org.springframework.test.context.support.AnnotationConfigContextLoader - Registering annotated classes: {class com.epam.esm.TestConfig}
17:03:35.026 [Test worker] DEBUG org.springframework.context.support.GenericApplicationContext - Refreshing org.springframework.context.support.GenericApplicationContext@6653baf0
17:03:35.026 [Test worker] DEBUG org.springframework.beans.factory.support.DefaultListableBeanFactory - Creating shared instance of singleton bean 'org.springframework.context.annotation.internalConfigurationAnnotationProcessor'
17:03:35.033 [Test worker] DEBUG org.springframework.context.annotation.ClassPathBeanDefinitionScanner - Identified candidate component class: file [/Users/dzmitryplatonov/Desktop/workdir/giftcertificates/datasource/build/classes/java/main/com/epam/esm/repository/CertificateRepository.class]
17:03:35.034 [Test worker] DEBUG org.springframework.context.annotation.ClassPathBeanDefinitionScanner - Identified candidate component class: file [/Users/dzmitryplatonov/Desktop/workdir/giftcertificates/datasource/build/classes/java/main/com/epam/esm/repository/OrderCertificateRepository.class]
17:03:35.034 [Test worker] DEBUG org.springframework.context.annotation.ClassPathBeanDefinitionScanner - Identified candidate component class: file [/Users/dzmitryplatonov/Desktop/workdir/giftcertificates/datasource/build/classes/java/main/com/epam/esm/repository/OrderRepository.class]
17:03:35.034 [Test worker] DEBUG org.springframework.context.annotation.ClassPathBeanDefinitionScanner - Identified candidate component class: file [/Users/dzmitryplatonov/Desktop/workdir/giftcertificates/datasource/build/classes/java/main/com/epam/esm/repository/TagRepository.class]
17:03:35.034 [Test worker] DEBUG org.springframework.context.annotation.ClassPathBeanDefinitionScanner - Identified candidate component class: file [/Users/dzmitryplatonov/Desktop/workdir/giftcertificates/datasource/build/classes/java/main/com/epam/esm/repository/UserRepository.class]
17:03:35.035 [Test worker] DEBUG org.springframework.context.annotation.ClassPathBeanDefinitionScanner - Identified candidate component class: file [/Users/dzmitryplatonov/Desktop/workdir/giftcertificates/datasource/build/classes/java/main/com/epam/esm/repository/predicate/CriteriaBuilderHelper.class]
17:03:35.097 [Test worker] DEBUG org.springframework.beans.factory.support.DefaultListableBeanFactory - Creating shared instance of singleton bean 'org.springframework.boot.autoconfigure.condition.BeanTypeRegistry'
17:03:35.107 [Test worker] INFO org.springframework.data.repository.config.RepositoryConfigurationDelegate - Bootstrapping Spring Data repositories in DEFAULT mode.
17:03:35.107 [Test worker] DEBUG org.springframework.beans.factory.support.DefaultListableBeanFactory - Creating shared instance of singleton bean 'org.springframework.boot.autoconfigure.AutoConfigurationPackages'
17:03:35.107 [Test worker] DEBUG org.springframework.boot.autoconfigure.AutoConfigurationPackages - @EnableAutoConfiguration was declared on a class in the package 'com.epam.esm'. Automatic @Repository and @Entity scanning is enabled.
17:03:35.108 [Test worker] DEBUG org.springframework.data.repository.config.RepositoryConfigurationDelegate - Scanning for repositories in packages com.epam.esm.
17:03:35.112 [Test worker] INFO org.springframework.data.repository.config.RepositoryConfigurationDelegate - Finished Spring Data repository scanning in 4ms. Found 0 repository interfaces.
17:03:35.133 [Test worker] DEBUG org.springframework.beans.factory.support.DefaultListableBeanFactory - Creating shared instance of singleton bean 'propertySourcesPlaceholderConfigurer'
17:03:35.134 [Test worker] DEBUG org.springframework.beans.factory.support.DefaultListableBeanFactory - Creating shared instance of singleton bean 'emBeanDefinitionRegistrarPostProcessor'
17:03:35.135 [Test worker] DEBUG org.springframework.beans.factory.support.DefaultListableBeanFactory - Creating shared instance of singleton bean 'org.springframework.context.event.internalEventListenerProcessor'
17:03:35.135 [Test worker] DEBUG org.springframework.beans.factory.support.DefaultListableBeanFactory - Creating shared instance of singleton bean 'org.springframework.boot.context.properties.ConfigurationBeanFactoryMetadata'
17:03:35.136 [Test worker] DEBUG org.springframework.beans.factory.support.DefaultListableBeanFactory - Creating shared instance of singleton bean 'org.springframework.context.event.internalEventListenerFactory'
17:03:35.136 [Test worker] DEBUG org.springframework.beans.factory.support.DefaultListableBeanFactory - Creating shared instance of singleton bean 'org.springframework.transaction.config.internalTransactionalEventListenerFactory'
17:03:35.137 [Test worker] DEBUG org.springframework.beans.factory.support.DefaultListableBeanFactory - Creating shared instance of singleton bean 'org.springframework.context.annotation.internalAutowiredAnnotationProcessor'
17:03:35.137 [Test worker] DEBUG org.springframework.beans.factory.support.DefaultListableBeanFactory - Creating shared instance of singleton bean 'org.springframework.context.annotation.internalCommonAnnotationProcessor'
17:03:35.137 [Test worker] DEBUG org.springframework.beans.factory.support.DefaultListableBeanFactory - Creating shared instance of singleton bean 'org.springframework.context.annotation.internalPersistenceAnnotationProcessor'
17:03:35.138 [Test worker] DEBUG org.springframework.beans.factory.support.DefaultListableBeanFactory - Creating shared instance of singleton bean 'org.springframework.boot.context.properties.ConfigurationPropertiesBindingPostProcessor'
17:03:35.138 [Test worker] DEBUG org.springframework.beans.factory.support.DefaultListableBeanFactory - Creating shared instance of singleton bean 'methodValidationPostProcessor'
17:03:35.139 [Test worker] DEBUG org.springframework.beans.factory.support.DefaultListableBeanFactory - Autowiring by type from bean name 'methodValidationPostProcessor' via factory method to bean named 'environment'
17:03:35.139 [Test worker] DEBUG org.springframework.beans.factory.support.DefaultListableBeanFactory - Creating shared instance of singleton bean 'org.springframework.aop.config.internalAutoProxyCreator'
17:03:35.141 [Test worker] DEBUG org.springframework.beans.factory.support.DefaultListableBeanFactory - Creating shared instance of singleton bean 'dataSourceInitializerPostProcessor'
17:03:35.142 [Test worker] DEBUG org.springframework.beans.factory.support.DefaultListableBeanFactory - Creating shared instance of singleton bean 'persistenceExceptionTranslationPostProcessor'
17:03:35.142 [Test worker] DEBUG org.springframework.beans.factory.support.DefaultListableBeanFactory - Autowiring by type from bean name 'persistenceExceptionTranslationPostProcessor' via factory method to bean named 'environment'
17:03:35.143 [Test worker] DEBUG org.springframework.beans.factory.support.DefaultListableBeanFactory - Creating shared instance of singleton bean 'dataSourceInitializedPublisher'
17:03:35.144 [Test worker] DEBUG org.springframework.beans.factory.support.DefaultListableBeanFactory - Creating shared instance of singleton bean 'entityManagerFactory'
17:03:35.144 [Test worker] DEBUG org.springframework.beans.factory.support.DefaultListableBeanFactory - Creating shared instance of singleton bean 'org.springframework.transaction.config.internalTransactionAdvisor'
17:03:35.144 [Test worker] DEBUG org.springframework.beans.factory.support.DefaultListableBeanFactory - Creating shared instance of singleton bean 'org.springframework.transaction.annotation.ProxyTransactionManagementConfiguration'
17:03:35.147 [Test worker] DEBUG org.springframework.beans.factory.support.DefaultListableBeanFactory - Creating shared instance of singleton bean 'transactionAttributeSource'
17:03:35.148 [Test worker] DEBUG org.springframework.beans.factory.support.DefaultListableBeanFactory - Creating shared instance of singleton bean 'transactionInterceptor'
17:03:35.148 [Test worker] DEBUG org.springframework.beans.factory.support.DefaultListableBeanFactory - Creating shared instance of singleton bean 'org.springframework.boot.autoconfigure.orm.jpa.HibernateJpaConfiguration'
17:03:35.148 [Test worker] DEBUG org.springframework.core.LocalVariableTableParameterNameDiscoverer - Cannot find '.class' file for class [class org.springframework.boot.autoconfigure.orm.jpa.HibernateJpaConfiguration$$EnhancerBySpringCGLIB$$c3eb9b54] - unable to determine constructor/method parameter names
17:03:35.149 [Test worker] DEBUG org.springframework.beans.factory.support.DefaultListableBeanFactory - Creating shared instance of singleton bean 'dataSource'
17:03:35.149 [Test worker] DEBUG org.springframework.beans.factory.support.DefaultListableBeanFactory - Creating shared instance of singleton bean 'org.springframework.boot.autoconfigure.jdbc.DataSourceConfiguration$Hikari'
17:03:35.150 [Test worker] DEBUG org.springframework.beans.factory.support.DefaultListableBeanFactory - Creating shared instance of singleton bean 'spring.datasource-org.springframework.boot.autoconfigure.jdbc.DataSourceProperties'
17:03:35.151 [Test worker] DEBUG org.springframework.beans.factory.support.DefaultListableBeanFactory - Autowiring by type from bean name 'dataSource' via factory method to bean named 'spring.datasource-org.springframework.boot.autoconfigure.jdbc.DataSourceProperties'
17:03:35.153 [Test worker] DEBUG com.zaxxer.hikari.HikariConfig - Driver class org.h2.Driver found in Thread context class loader jdk.internal.loader.ClassLoaders$AppClassLoader@2c13da15
17:03:35.158 [Test worker] DEBUG org.springframework.beans.factory.support.DefaultListableBeanFactory - Creating shared instance of singleton bean 'org.springframework.boot.autoconfigure.jdbc.DataSourceInitializerInvoker'
17:03:35.159 [Test worker] DEBUG org.springframework.beans.factory.support.DefaultListableBeanFactory - Autowiring by type from bean name 'org.springframework.boot.autoconfigure.jdbc.DataSourceInitializerInvoker' via constructor to bean named 'spring.datasource-org.springframework.boot.autoconfigure.jdbc.DataSourceProperties'
17:03:35.159 [Test worker] DEBUG org.springframework.beans.factory.support.DefaultListableBeanFactory - Autowiring by type from bean name 'org.springframework.boot.autoconfigure.jdbc.DataSourceInitializerInvoker' via constructor to bean named 'org.springframework.context.support.GenericApplicationContext@6653baf0'
17:03:35.160 [Test worker] DEBUG org.springframework.beans.factory.support.DefaultListableBeanFactory - Creating shared instance of singleton bean 'spring.jpa-org.springframework.boot.autoconfigure.orm.jpa.JpaProperties'
17:03:35.161 [Test worker] DEBUG org.springframework.beans.factory.support.DefaultListableBeanFactory - Creating shared instance of singleton bean 'spring.jpa.hibernate-org.springframework.boot.autoconfigure.orm.jpa.HibernateProperties'
17:03:35.162 [Test worker] DEBUG org.springframework.beans.factory.support.DefaultListableBeanFactory - Autowiring by type from bean name 'org.springframework.boot.autoconfigure.orm.jpa.HibernateJpaConfiguration' via constructor to bean named 'dataSource'
17:03:35.162 [Test worker] DEBUG org.springframework.beans.factory.support.DefaultListableBeanFactory - Autowiring by type from bean name 'org.springframework.boot.autoconfigure.orm.jpa.HibernateJpaConfiguration' via constructor to bean named 'spring.jpa-org.springframework.boot.autoconfigure.orm.jpa.JpaProperties'
17:03:35.162 [Test worker] DEBUG org.springframework.beans.factory.support.DefaultListableBeanFactory - Autowiring by type from bean name 'org.springframework.boot.autoconfigure.orm.jpa.HibernateJpaConfiguration' via constructor to bean named 'org.springframework.beans.factory.support.DefaultListableBeanFactory@6547aeef'
17:03:35.162 [Test worker] DEBUG org.springframework.beans.factory.support.DefaultListableBeanFactory - Autowiring by type from bean name 'org.springframework.boot.autoconfigure.orm.jpa.HibernateJpaConfiguration' via constructor to bean named 'spring.jpa.hibernate-org.springframework.boot.autoconfigure.orm.jpa.HibernateProperties'
17:03:35.163 [Test worker] DEBUG org.springframework.beans.factory.support.DefaultListableBeanFactory - Creating shared instance of singleton bean 'platformTransactionManagerCustomizers'
17:03:35.163 [Test worker] DEBUG org.springframework.beans.factory.support.DefaultListableBeanFactory - Creating shared instance of singleton bean 'org.springframework.boot.autoconfigure.transaction.TransactionAutoConfiguration'
17:03:35.164 [Test worker] DEBUG org.springframework.beans.factory.support.DefaultListableBeanFactory - Creating shared instance of singleton bean 'spring.transaction-org.springframework.boot.autoconfigure.transaction.TransactionProperties'
17:03:35.166 [Test worker] DEBUG org.springframework.beans.factory.support.DefaultListableBeanFactory - Creating shared instance of singleton bean 'hikariPoolDataSourceMetadataProvider'
17:03:35.166 [Test worker] DEBUG org.springframework.beans.factory.support.DefaultListableBeanFactory - Creating shared instance of singleton bean 'org.springframework.boot.autoconfigure.jdbc.metadata.DataSourcePoolMetadataProvidersConfiguration$HikariPoolDataSourceMetadataProviderConfiguration'
17:03:35.168 [Test worker] DEBUG org.springframework.beans.factory.support.DefaultListableBeanFactory - Creating shared instance of singleton bean 'entityManagerFactoryBuilder'
17:03:35.168 [Test worker] DEBUG org.springframework.beans.factory.support.DefaultListableBeanFactory - Creating shared instance of singleton bean 'jpaVendorAdapter'
17:03:35.168 [Test worker] DEBUG org.springframework.jdbc.datasource.DataSourceUtils - Fetching JDBC Connection from DataSource
17:03:35.168 [Test worker] DEBUG com.zaxxer.hikari.HikariConfig - HikariPool-16 - configuration:
17:03:35.169 [Test worker] DEBUG com.zaxxer.hikari.HikariConfig - allowPoolSuspension.............false
17:03:35.169 [Test worker] DEBUG com.zaxxer.hikari.HikariConfig - autoCommit......................true
17:03:35.169 [Test worker] DEBUG com.zaxxer.hikari.HikariConfig - catalog.........................none
17:03:35.170 [Test worker] DEBUG com.zaxxer.hikari.HikariConfig - connectionInitSql...............none
17:03:35.170 [Test worker] DEBUG com.zaxxer.hikari.HikariConfig - connectionTestQuery.............none
17:03:35.170 [Test worker] DEBUG com.zaxxer.hikari.HikariConfig - connectionTimeout...............30000
17:03:35.170 [Test worker] DEBUG com.zaxxer.hikari.HikariConfig - dataSource......................none
17:03:35.170 [Test worker] DEBUG com.zaxxer.hikari.HikariConfig - dataSourceClassName.............none
17:03:35.170 [Test worker] DEBUG com.zaxxer.hikari.HikariConfig - dataSourceJNDI..................none
17:03:35.170 [Test worker] DEBUG com.zaxxer.hikari.HikariConfig - dataSourceProperties............{password=<masked>}
17:03:35.171 [Test worker] DEBUG com.zaxxer.hikari.HikariConfig - driverClassName................."org.h2.Driver"
17:03:35.171 [Test worker] DEBUG com.zaxxer.hikari.HikariConfig - healthCheckProperties...........{}
17:03:35.171 [Test worker] DEBUG com.zaxxer.hikari.HikariConfig - healthCheckRegistry.............none
17:03:35.171 [Test worker] DEBUG com.zaxxer.hikari.HikariConfig - idleTimeout.....................600000
17:03:35.171 [Test worker] DEBUG com.zaxxer.hikari.HikariConfig - initializationFailTimeout.......1
17:03:35.172 [Test worker] DEBUG com.zaxxer.hikari.HikariConfig - isolateInternalQueries..........false
17:03:35.172 [Test worker] DEBUG com.zaxxer.hikari.HikariConfig - jdbcUrl.........................jdbc:h2:mem:testdb;DB_CLOSE_DELAY=-1;DB_CLOSE_ON_EXIT=FALSE
17:03:35.172 [Test worker] DEBUG com.zaxxer.hikari.HikariConfig - leakDetectionThreshold..........0
17:03:35.172 [Test worker] DEBUG com.zaxxer.hikari.HikariConfig - maxLifetime.....................1800000
17:03:35.172 [Test worker] DEBUG com.zaxxer.hikari.HikariConfig - maximumPoolSize.................10
17:03:35.173 [Test worker] DEBUG com.zaxxer.hikari.HikariConfig - metricRegistry..................none
17:03:35.173 [Test worker] DEBUG com.zaxxer.hikari.HikariConfig - metricsTrackerFactory...........none
17:03:35.173 [Test worker] DEBUG com.zaxxer.hikari.HikariConfig - minimumIdle.....................10
17:03:35.173 [Test worker] DEBUG com.zaxxer.hikari.HikariConfig - password........................<masked>
17:03:35.173 [Test worker] DEBUG com.zaxxer.hikari.HikariConfig - poolName........................"HikariPool-16"
17:03:35.173 [Test worker] DEBUG com.zaxxer.hikari.HikariConfig - readOnly........................false
17:03:35.174 [Test worker] DEBUG com.zaxxer.hikari.HikariConfig - registerMbeans..................false
17:03:35.174 [Test worker] DEBUG com.zaxxer.hikari.HikariConfig - scheduledExecutor...............none
17:03:35.174 [Test worker] DEBUG com.zaxxer.hikari.HikariConfig - schema..........................none
17:03:35.174 [Test worker] DEBUG com.zaxxer.hikari.HikariConfig - threadFactory...................internal
17:03:35.174 [Test worker] DEBUG com.zaxxer.hikari.HikariConfig - transactionIsolation............default
17:03:35.174 [Test worker] DEBUG com.zaxxer.hikari.HikariConfig - username........................"sa"
17:03:35.175 [Test worker] DEBUG com.zaxxer.hikari.HikariConfig - validationTimeout...............5000
17:03:35.175 [Test worker] INFO com.zaxxer.hikari.HikariDataSource - HikariPool-16 - Starting...
17:03:35.176 [Test worker] DEBUG com.zaxxer.hikari.pool.HikariPool - HikariPool-16 - Added connection conn150: url=jdbc:h2:mem:testdb user=SA
17:03:35.176 [Test worker] INFO com.zaxxer.hikari.HikariDataSource - HikariPool-16 - Start completed.
17:03:35.176 [Test worker] DEBUG org.springframework.beans.factory.support.DefaultListableBeanFactory - Autowiring by type from bean name 'entityManagerFactoryBuilder' via factory method to bean named 'jpaVendorAdapter'
17:03:35.177 [Test worker] DEBUG org.springframework.beans.factory.support.DefaultListableBeanFactory - Autowiring by type from bean name 'entityManagerFactory' via factory method to bean named 'entityManagerFactoryBuilder'
17:03:35.178 [Test worker] DEBUG org.springframework.jdbc.datasource.DataSourceUtils - Fetching JDBC Connection from DataSource
17:03:35.182 [Test worker] DEBUG org.springframework.orm.jpa.LocalContainerEntityManagerFactoryBean - Building JPA container EntityManagerFactory for persistence unit 'default'
17:03:35.182 [Test worker] DEBUG org.hibernate.jpa.internal.util.LogHelper - PersistenceUnitInfo [
	name: default
	persistence provider classname: null
	classloader: jdk.internal.loader.ClassLoaders$AppClassLoader@2c13da15
	excludeUnlistedClasses: true
	JTA datasource: null
	Non JTA datasource: HikariDataSource (HikariPool-16)
	Transaction type: RESOURCE_LOCAL
	PU root URL: file:/Users/dzmitryplatonov/Desktop/workdir/giftcertificates/datasource/build/classes/java/test/
	Shared Cache Mode: UNSPECIFIED
	Validation Mode: AUTO
	Jar files URLs []
	Managed classes names [
		com.epam.esm.entity.Entity
		com.epam.esm.entity.GiftCertificate
		com.epam.esm.entity.Order
		com.epam.esm.entity.OrderCertificate
		com.epam.esm.entity.Role
		com.epam.esm.entity.Tag
		com.epam.esm.entity.User]
	Mapping files names []
	Properties []
17:03:35.182 [Test worker] DEBUG org.hibernate.integrator.internal.IntegratorServiceImpl - Adding Integrator [org.hibernate.cfg.beanvalidation.BeanValidationIntegrator].
17:03:35.182 [Test worker] DEBUG org.hibernate.integrator.internal.IntegratorServiceImpl - Adding Integrator [org.hibernate.secure.spi.JaccIntegrator].
17:03:35.182 [Test worker] DEBUG org.hibernate.integrator.internal.IntegratorServiceImpl - Adding Integrator [org.hibernate.cache.internal.CollectionCacheInvalidator].
17:03:35.183 [Test worker] DEBUG org.hibernate.service.spi.ServiceBinding - Overriding existing service binding [org.hibernate.secure.spi.JaccService]
17:03:35.184 [Test worker] DEBUG org.hibernate.cache.internal.RegionFactoryInitiator - Cannot default RegionFactory based on registered strategies as `[]` RegionFactory strategies were registered
17:03:35.184 [Test worker] DEBUG org.hibernate.cache.internal.RegionFactoryInitiator - Cache region factory : org.hibernate.cache.internal.NoCachingRegionFactory
17:03:35.185 [Test worker] DEBUG org.hibernate.type.BasicTypeRegistry - Adding type registration boolean -> org.hibernate.type.BooleanType@7a361749
17:03:35.185 [Test worker] DEBUG org.hibernate.type.BasicTypeRegistry - Adding type registration boolean -> org.hibernate.type.BooleanType@7a361749
17:03:35.185 [Test worker] DEBUG org.hibernate.type.BasicTypeRegistry - Adding type registration java.lang.Boolean -> org.hibernate.type.BooleanType@7a361749
17:03:35.185 [Test worker] DEBUG org.hibernate.type.BasicTypeRegistry - Adding type registration numeric_boolean -> org.hibernate.type.NumericBooleanType@35b10044
17:03:35.185 [Test worker] DEBUG org.hibernate.type.BasicTypeRegistry - Adding type registration true_false -> org.hibernate.type.TrueFalseType@1b7f764d
17:03:35.185 [Test worker] DEBUG org.hibernate.type.BasicTypeRegistry - Adding type registration yes_no -> org.hibernate.type.YesNoType@726eb0b7
17:03:35.185 [Test worker] DEBUG org.hibernate.type.BasicTypeRegistry - Adding type registration byte -> org.hibernate.type.ByteType@17cb58e9
17:03:35.185 [Test worker] DEBUG org.hibernate.type.BasicTypeRegistry - Adding type registration byte -> org.hibernate.type.ByteType@17cb58e9
17:03:35.185 [Test worker] DEBUG org.hibernate.type.BasicTypeRegistry - Adding type registration java.lang.Byte -> org.hibernate.type.ByteType@17cb58e9
17:03:35.185 [Test worker] DEBUG org.hibernate.type.BasicTypeRegistry - Adding type registration character -> org.hibernate.type.CharacterType@30f0ba0d
17:03:35.185 [Test worker] DEBUG org.hibernate.type.BasicTypeRegistry - Adding type registration char -> org.hibernate.type.CharacterType@30f0ba0d
17:03:35.185 [Test worker] DEBUG org.hibernate.type.BasicTypeRegistry - Adding type registration java.lang.Character -> org.hibernate.type.CharacterType@30f0ba0d
17:03:35.185 [Test worker] DEBUG org.hibernate.type.BasicTypeRegistry - Adding type registration short -> org.hibernate.type.ShortType@27eea72e
17:03:35.185 [Test worker] DEBUG org.hibernate.type.BasicTypeRegistry - Adding type registration short -> org.hibernate.type.ShortType@27eea72e
17:03:35.185 [Test worker] DEBUG org.hibernate.type.BasicTypeRegistry - Adding type registration java.lang.Short -> org.hibernate.type.ShortType@27eea72e
17:03:35.185 [Test worker] DEBUG org.hibernate.type.BasicTypeRegistry - Adding type registration integer -> org.hibernate.type.IntegerType@3e734867
17:03:35.185 [Test worker] DEBUG org.hibernate.type.BasicTypeRegistry - Adding type registration int -> org.hibernate.type.IntegerType@3e734867
17:03:35.185 [Test worker] DEBUG org.hibernate.type.BasicTypeRegistry - Adding type registration java.lang.Integer -> org.hibernate.type.IntegerType@3e734867
17:03:35.185 [Test worker] DEBUG org.hibernate.type.BasicTypeRegistry - Adding type registration long -> org.hibernate.type.LongType@10654366
17:03:35.185 [Test worker] DEBUG org.hibernate.type.BasicTypeRegistry - Adding type registration long -> org.hibernate.type.LongType@10654366
17:03:35.185 [Test worker] DEBUG org.hibernate.type.BasicTypeRegistry - Adding type registration java.lang.Long -> org.hibernate.type.LongType@10654366
17:03:35.185 [Test worker] DEBUG org.hibernate.type.BasicTypeRegistry - Adding type registration float -> org.hibernate.type.FloatType@1072c4c1
17:03:35.185 [Test worker] DEBUG org.hibernate.type.BasicTypeRegistry - Adding type registration float -> org.hibernate.type.FloatType@1072c4c1
17:03:35.185 [Test worker] DEBUG org.hibernate.type.BasicTypeRegistry - Adding type registration java.lang.Float -> org.hibernate.type.FloatType@1072c4c1
17:03:35.185 [Test worker] DEBUG org.hibernate.type.BasicTypeRegistry - Adding type registration double -> org.hibernate.type.DoubleType@383d90d3
17:03:35.185 [Test worker] DEBUG org.hibernate.type.BasicTypeRegistry - Adding type registration double -> org.hibernate.type.DoubleType@383d90d3
17:03:35.185 [Test worker] DEBUG org.hibernate.type.BasicTypeRegistry - Adding type registration java.lang.Double -> org.hibernate.type.DoubleType@383d90d3
17:03:35.185 [Test worker] DEBUG org.hibernate.type.BasicTypeRegistry - Adding type registration big_decimal -> org.hibernate.type.BigDecimalType@322ff0c5
17:03:35.185 [Test worker] DEBUG org.hibernate.type.BasicTypeRegistry - Adding type registration java.math.BigDecimal -> org.hibernate.type.BigDecimalType@322ff0c5
17:03:35.185 [Test worker] DEBUG org.hibernate.type.BasicTypeRegistry - Adding type registration big_integer -> org.hibernate.type.BigIntegerType@219d1f47
17:03:35.185 [Test worker] DEBUG org.hibernate.type.BasicTypeRegistry - Adding type registration java.math.BigInteger -> org.hibernate.type.BigIntegerType@219d1f47
17:03:35.185 [Test worker] DEBUG org.hibernate.type.BasicTypeRegistry - Adding type registration string -> org.hibernate.type.StringType@7b9aad94
17:03:35.185 [Test worker] DEBUG org.hibernate.type.BasicTypeRegistry - Adding type registration java.lang.String -> org.hibernate.type.StringType@7b9aad94
17:03:35.185 [Test worker] DEBUG org.hibernate.type.BasicTypeRegistry - Adding type registration nstring -> org.hibernate.type.StringNVarcharType@39251dc7
17:03:35.186 [Test worker] DEBUG org.hibernate.type.BasicTypeRegistry - Adding type registration ncharacter -> org.hibernate.type.CharacterNCharType@284c8f8b
17:03:35.186 [Test worker] DEBUG org.hibernate.type.BasicTypeRegistry - Adding type registration url -> org.hibernate.type.UrlType@7c5e8cdb
17:03:35.186 [Test worker] DEBUG org.hibernate.type.BasicTypeRegistry - Adding type registration java.net.URL -> org.hibernate.type.UrlType@7c5e8cdb
17:03:35.186 [Test worker] DEBUG org.hibernate.type.BasicTypeRegistry - Adding type registration Duration -> org.hibernate.type.DurationType@5502b9d6
17:03:35.186 [Test worker] DEBUG org.hibernate.type.BasicTypeRegistry - Adding type registration java.time.Duration -> org.hibernate.type.DurationType@5502b9d6
17:03:35.186 [Test worker] DEBUG org.hibernate.type.BasicTypeRegistry - Adding type registration Instant -> org.hibernate.type.InstantType@52dea51b
17:03:35.186 [Test worker] DEBUG org.hibernate.type.BasicTypeRegistry - Adding type registration java.time.Instant -> org.hibernate.type.InstantType@52dea51b
17:03:35.186 [Test worker] DEBUG org.hibernate.type.BasicTypeRegistry - Adding type registration LocalDateTime -> org.hibernate.type.LocalDateTimeType@65741b68
17:03:35.186 [Test worker] DEBUG org.hibernate.type.BasicTypeRegistry - Adding type registration java.time.LocalDateTime -> org.hibernate.type.LocalDateTimeType@65741b68
17:03:35.186 [Test worker] DEBUG org.hibernate.type.BasicTypeRegistry - Adding type registration LocalDate -> org.hibernate.type.LocalDateType@33f0f7f9
17:03:35.186 [Test worker] DEBUG org.hibernate.type.BasicTypeRegistry - Adding type registration java.time.LocalDate -> org.hibernate.type.LocalDateType@33f0f7f9
17:03:35.186 [Test worker] DEBUG org.hibernate.type.BasicTypeRegistry - Adding type registration LocalTime -> org.hibernate.type.LocalTimeType@5e875231
17:03:35.186 [Test worker] DEBUG org.hibernate.type.BasicTypeRegistry - Adding type registration java.time.LocalTime -> org.hibernate.type.LocalTimeType@5e875231
17:03:35.186 [Test worker] DEBUG org.hibernate.type.BasicTypeRegistry - Adding type registration OffsetDateTime -> org.hibernate.type.OffsetDateTimeType@e161f10
17:03:35.186 [Test worker] DEBUG org.hibernate.type.BasicTypeRegistry - Adding type registration java.time.OffsetDateTime -> org.hibernate.type.OffsetDateTimeType@e161f10
17:03:35.186 [Test worker] DEBUG org.hibernate.type.BasicTypeRegistry - Adding type registration OffsetTime -> org.hibernate.type.OffsetTimeType@1ed4e4a1
17:03:35.186 [Test worker] DEBUG org.hibernate.type.BasicTypeRegistry - Adding type registration java.time.OffsetTime -> org.hibernate.type.OffsetTimeType@1ed4e4a1
17:03:35.186 [Test worker] DEBUG org.hibernate.type.BasicTypeRegistry - Adding type registration ZonedDateTime -> org.hibernate.type.ZonedDateTimeType@1f7b3ac5
17:03:35.186 [Test worker] DEBUG org.hibernate.type.BasicTypeRegistry - Adding type registration java.time.ZonedDateTime -> org.hibernate.type.ZonedDateTimeType@1f7b3ac5
17:03:35.186 [Test worker] DEBUG org.hibernate.type.BasicTypeRegistry - Adding type registration date -> org.hibernate.type.DateType@47db9e78
17:03:35.186 [Test worker] DEBUG org.hibernate.type.BasicTypeRegistry - Adding type registration java.sql.Date -> org.hibernate.type.DateType@47db9e78
17:03:35.186 [Test worker] DEBUG org.hibernate.type.BasicTypeRegistry - Adding type registration time -> org.hibernate.type.TimeType@19cf2a46
17:03:35.186 [Test worker] DEBUG org.hibernate.type.BasicTypeRegistry - Adding type registration java.sql.Time -> org.hibernate.type.TimeType@19cf2a46
17:03:35.186 [Test worker] DEBUG org.hibernate.type.BasicTypeRegistry - Adding type registration timestamp -> org.hibernate.type.TimestampType@33cc8709
17:03:35.186 [Test worker] DEBUG org.hibernate.type.BasicTypeRegistry - Adding type registration java.sql.Timestamp -> org.hibernate.type.TimestampType@33cc8709
17:03:35.186 [Test worker] DEBUG org.hibernate.type.BasicTypeRegistry - Adding type registration java.util.Date -> org.hibernate.type.TimestampType@33cc8709
17:03:35.186 [Test worker] DEBUG org.hibernate.type.BasicTypeRegistry - Adding type registration dbtimestamp -> org.hibernate.type.DbTimestampType@4bb8bc35
17:03:35.186 [Test worker] DEBUG org.hibernate.type.BasicTypeRegistry - Adding type registration calendar -> org.hibernate.type.CalendarType@6cda5f3e
17:03:35.186 [Test worker] DEBUG org.hibernate.type.BasicTypeRegistry - Adding type registration java.util.Calendar -> org.hibernate.type.CalendarType@6cda5f3e
17:03:35.186 [Test worker] DEBUG org.hibernate.type.BasicTypeRegistry - Adding type registration java.util.GregorianCalendar -> org.hibernate.type.CalendarType@6cda5f3e
17:03:35.186 [Test worker] DEBUG org.hibernate.type.BasicTypeRegistry - Adding type registration calendar_date -> org.hibernate.type.CalendarDateType@2cf12338
17:03:35.186 [Test worker] DEBUG org.hibernate.type.BasicTypeRegistry - Adding type registration locale -> org.hibernate.type.LocaleType@5fa83fc7
17:03:35.186 [Test worker] DEBUG org.hibernate.type.BasicTypeRegistry - Adding type registration java.util.Locale -> org.hibernate.type.LocaleType@5fa83fc7
17:03:35.186 [Test worker] DEBUG org.hibernate.type.BasicTypeRegistry - Adding type registration currency -> org.hibernate.type.CurrencyType@7198d6af
17:03:35.186 [Test worker] DEBUG org.hibernate.type.BasicTypeRegistry - Adding type registration java.util.Currency -> org.hibernate.type.CurrencyType@7198d6af
17:03:35.186 [Test worker] DEBUG org.hibernate.type.BasicTypeRegistry - Adding type registration timezone -> org.hibernate.type.TimeZoneType@5db6acf5
17:03:35.186 [Test worker] DEBUG org.hibernate.type.BasicTypeRegistry - Adding type registration java.util.TimeZone -> org.hibernate.type.TimeZoneType@5db6acf5
17:03:35.186 [Test worker] DEBUG org.hibernate.type.BasicTypeRegistry - Adding type registration class -> org.hibernate.type.ClassType@11e7b123
17:03:35.186 [Test worker] DEBUG org.hibernate.type.BasicTypeRegistry - Adding type registration java.lang.Class -> org.hibernate.type.ClassType@11e7b123
17:03:35.186 [Test worker] DEBUG org.hibernate.type.BasicTypeRegistry - Adding type registration uuid-binary -> org.hibernate.type.UUIDBinaryType@515d21bc
17:03:35.186 [Test worker] DEBUG org.hibernate.type.BasicTypeRegistry - Adding type registration java.util.UUID -> org.hibernate.type.UUIDBinaryType@515d21bc
17:03:35.186 [Test worker] DEBUG org.hibernate.type.BasicTypeRegistry - Adding type registration uuid-char -> org.hibernate.type.UUIDCharType@774ef163
17:03:35.186 [Test worker] DEBUG org.hibernate.type.BasicTypeRegistry - Adding type registration binary -> org.hibernate.type.BinaryType@5f00df0f
17:03:35.186 [Test worker] DEBUG org.hibernate.type.BasicTypeRegistry - Adding type registration byte[] -> org.hibernate.type.BinaryType@5f00df0f
17:03:35.186 [Test worker] DEBUG org.hibernate.type.BasicTypeRegistry - Adding type registration [B -> org.hibernate.type.BinaryType@5f00df0f
17:03:35.187 [Test worker] DEBUG org.hibernate.type.BasicTypeRegistry - Adding type registration wrapper-binary -> org.hibernate.type.WrapperBinaryType@1c4b0916
17:03:35.187 [Test worker] DEBUG org.hibernate.type.BasicTypeRegistry - Adding type registration Byte[] -> org.hibernate.type.WrapperBinaryType@1c4b0916
17:03:35.187 [Test worker] DEBUG org.hibernate.type.BasicTypeRegistry - Adding type registration [Ljava.lang.Byte; -> org.hibernate.type.WrapperBinaryType@1c4b0916
17:03:35.187 [Test worker] DEBUG org.hibernate.type.BasicTypeRegistry - Adding type registration row_version -> org.hibernate.type.RowVersionType@5a9358d7
17:03:35.187 [Test worker] DEBUG org.hibernate.type.BasicTypeRegistry - Adding type registration image -> org.hibernate.type.ImageType@b08df66
17:03:35.187 [Test worker] DEBUG org.hibernate.type.BasicTypeRegistry - Adding type registration characters -> org.hibernate.type.CharArrayType@69a415e0
17:03:35.187 [Test worker] DEBUG org.hibernate.type.BasicTypeRegistry - Adding type registration char[] -> org.hibernate.type.CharArrayType@69a415e0
17:03:35.187 [Test worker] DEBUG org.hibernate.type.BasicTypeRegistry - Adding type registration [C -> org.hibernate.type.CharArrayType@69a415e0
17:03:35.187 [Test worker] DEBUG org.hibernate.type.BasicTypeRegistry - Adding type registration wrapper-characters -> org.hibernate.type.CharacterArrayType@2e189552
17:03:35.187 [Test worker] DEBUG org.hibernate.type.BasicTypeRegistry - Adding type registration [Ljava.lang.Character; -> org.hibernate.type.CharacterArrayType@2e189552
17:03:35.187 [Test worker] DEBUG org.hibernate.type.BasicTypeRegistry - Adding type registration Character[] -> org.hibernate.type.CharacterArrayType@2e189552
17:03:35.187 [Test worker] DEBUG org.hibernate.type.BasicTypeRegistry - Adding type registration text -> org.hibernate.type.TextType@3bb4f48d
17:03:35.187 [Test worker] DEBUG org.hibernate.type.BasicTypeRegistry - Adding type registration ntext -> org.hibernate.type.NTextType@7fc44815
17:03:35.187 [Test worker] DEBUG org.hibernate.type.BasicTypeRegistry - Adding type registration blob -> org.hibernate.type.BlobType@70984021
17:03:35.187 [Test worker] DEBUG org.hibernate.type.BasicTypeRegistry - Adding type registration java.sql.Blob -> org.hibernate.type.BlobType@70984021
17:03:35.187 [Test worker] DEBUG org.hibernate.type.BasicTypeRegistry - Adding type registration materialized_blob -> org.hibernate.type.MaterializedBlobType@7b392ea8
17:03:35.187 [Test worker] DEBUG org.hibernate.type.BasicTypeRegistry - Adding type registration clob -> org.hibernate.type.ClobType@249973df
17:03:35.187 [Test worker] DEBUG org.hibernate.type.BasicTypeRegistry - Adding type registration java.sql.Clob -> org.hibernate.type.ClobType@249973df
17:03:35.187 [Test worker] DEBUG org.hibernate.type.BasicTypeRegistry - Adding type registration nclob -> org.hibernate.type.NClobType@993bb9e
17:03:35.187 [Test worker] DEBUG org.hibernate.type.BasicTypeRegistry - Adding type registration java.sql.NClob -> org.hibernate.type.NClobType@993bb9e
17:03:35.187 [Test worker] DEBUG org.hibernate.type.BasicTypeRegistry - Adding type registration materialized_clob -> org.hibernate.type.MaterializedClobType@5eddde51
17:03:35.187 [Test worker] DEBUG org.hibernate.type.BasicTypeRegistry - Adding type registration materialized_nclob -> org.hibernate.type.MaterializedNClobType@20503ff1
17:03:35.187 [Test worker] DEBUG org.hibernate.type.BasicTypeRegistry - Adding type registration serializable -> org.hibernate.type.SerializableType@11fb506a
17:03:35.187 [Test worker] DEBUG org.hibernate.type.BasicTypeRegistry - Adding type registration object -> org.hibernate.type.ObjectType@40b10f8c
17:03:35.187 [Test worker] DEBUG org.hibernate.type.BasicTypeRegistry - Adding type registration java.lang.Object -> org.hibernate.type.ObjectType@40b10f8c
17:03:35.187 [Test worker] DEBUG org.hibernate.type.BasicTypeRegistry - Adding type registration imm_date -> org.hibernate.type.AdaptedImmutableType@472c8f5
17:03:35.187 [Test worker] DEBUG org.hibernate.type.BasicTypeRegistry - Adding type registration imm_time -> org.hibernate.type.AdaptedImmutableType@4ec8a0f9
17:03:35.187 [Test worker] DEBUG org.hibernate.type.BasicTypeRegistry - Adding type registration imm_timestamp -> org.hibernate.type.AdaptedImmutableType@ec8d624
17:03:35.187 [Test worker] DEBUG org.hibernate.type.BasicTypeRegistry - Adding type registration imm_dbtimestamp -> org.hibernate.type.AdaptedImmutableType@27c3e434
17:03:35.187 [Test worker] DEBUG org.hibernate.type.BasicTypeRegistry - Adding type registration imm_calendar -> org.hibernate.type.AdaptedImmutableType@3564a559
17:03:35.187 [Test worker] DEBUG org.hibernate.type.BasicTypeRegistry - Adding type registration imm_calendar_date -> org.hibernate.type.AdaptedImmutableType@3e200464
17:03:35.187 [Test worker] DEBUG org.hibernate.type.BasicTypeRegistry - Adding type registration imm_binary -> org.hibernate.type.AdaptedImmutableType@76119c72
17:03:35.187 [Test worker] DEBUG org.hibernate.type.BasicTypeRegistry - Adding type registration imm_serializable -> org.hibernate.type.AdaptedImmutableType@4e4b24c0
17:03:35.188 [Test worker] DEBUG org.hibernate.boot.internal.BootstrapContextImpl - Injecting JPA temp ClassLoader [org.springframework.instrument.classloading.SimpleThrowawayClassLoader@60a822bf] into BootstrapContext; was [null]
17:03:35.188 [Test worker] DEBUG org.hibernate.boot.internal.ClassLoaderAccessImpl - ClassLoaderAccessImpl#injectTempClassLoader(org.springframework.instrument.classloading.SimpleThrowawayClassLoader@60a822bf) [was null]
17:03:35.188 [Test worker] DEBUG org.hibernate.boot.internal.BootstrapContextImpl - Injecting ScanEnvironment [org.hibernate.jpa.boot.internal.StandardJpaScanEnvironmentImpl@1a20c0d4] into BootstrapContext; was [null]
17:03:35.188 [Test worker] DEBUG org.hibernate.boot.internal.BootstrapContextImpl - Injecting ScanOptions [org.hibernate.boot.archive.scan.internal.StandardScanOptions@d5a9a74] into BootstrapContext; was [org.hibernate.boot.archive.scan.internal.StandardScanOptions@7bc80904]
17:03:35.190 [Test worker] DEBUG org.hibernate.boot.internal.BootstrapContextImpl - Injecting JPA temp ClassLoader [null] into BootstrapContext; was [org.springframework.instrument.classloading.SimpleThrowawayClassLoader@60a822bf]
17:03:35.190 [Test worker] DEBUG org.hibernate.boot.internal.ClassLoaderAccessImpl - ClassLoaderAccessImpl#injectTempClassLoader(null) [was org.springframework.instrument.classloading.SimpleThrowawayClassLoader@60a822bf]
17:03:35.190 [Test worker] DEBUG org.hibernate.id.factory.internal.DefaultIdentifierGeneratorFactory - Registering IdentifierGenerator strategy [uuid2] -> [org.hibernate.id.UUIDGenerator]
17:03:35.190 [Test worker] DEBUG org.hibernate.id.factory.internal.DefaultIdentifierGeneratorFactory - Registering IdentifierGenerator strategy [guid] -> [org.hibernate.id.GUIDGenerator]
17:03:35.190 [Test worker] DEBUG org.hibernate.id.factory.internal.DefaultIdentifierGeneratorFactory - Registering IdentifierGenerator strategy [uuid] -> [org.hibernate.id.UUIDHexGenerator]
17:03:35.190 [Test worker] DEBUG org.hibernate.id.factory.internal.DefaultIdentifierGeneratorFactory - Registering IdentifierGenerator strategy [uuid.hex] -> [org.hibernate.id.UUIDHexGenerator]
17:03:35.190 [Test worker] DEBUG org.hibernate.id.factory.internal.DefaultIdentifierGeneratorFactory - Registering IdentifierGenerator strategy [assigned] -> [org.hibernate.id.Assigned]
17:03:35.190 [Test worker] DEBUG org.hibernate.id.factory.internal.DefaultIdentifierGeneratorFactory - Registering IdentifierGenerator strategy [identity] -> [org.hibernate.id.IdentityGenerator]
17:03:35.190 [Test worker] DEBUG org.hibernate.id.factory.internal.DefaultIdentifierGeneratorFactory - Registering IdentifierGenerator strategy [select] -> [org.hibernate.id.SelectGenerator]
17:03:35.190 [Test worker] DEBUG org.hibernate.id.factory.internal.DefaultIdentifierGeneratorFactory - Registering IdentifierGenerator strategy [sequence] -> [org.hibernate.id.enhanced.SequenceStyleGenerator]
17:03:35.190 [Test worker] DEBUG org.hibernate.id.factory.internal.DefaultIdentifierGeneratorFactory - Registering IdentifierGenerator strategy [seqhilo] -> [org.hibernate.id.SequenceHiLoGenerator]
17:03:35.190 [Test worker] DEBUG org.hibernate.id.factory.internal.DefaultIdentifierGeneratorFactory - Registering IdentifierGenerator strategy [increment] -> [org.hibernate.id.IncrementGenerator]
17:03:35.190 [Test worker] DEBUG org.hibernate.id.factory.internal.DefaultIdentifierGeneratorFactory - Registering IdentifierGenerator strategy [foreign] -> [org.hibernate.id.ForeignGenerator]
17:03:35.190 [Test worker] DEBUG org.hibernate.id.factory.internal.DefaultIdentifierGeneratorFactory - Registering IdentifierGenerator strategy [sequence-identity] -> [org.hibernate.id.SequenceIdentityGenerator]
17:03:35.190 [Test worker] DEBUG org.hibernate.id.factory.internal.DefaultIdentifierGeneratorFactory - Registering IdentifierGenerator strategy [enhanced-sequence] -> [org.hibernate.id.enhanced.SequenceStyleGenerator]
17:03:35.190 [Test worker] DEBUG org.hibernate.id.factory.internal.DefaultIdentifierGeneratorFactory - Registering IdentifierGenerator strategy [enhanced-table] -> [org.hibernate.id.enhanced.TableGenerator]
17:03:35.190 [Test worker] DEBUG org.hibernate.engine.jdbc.env.internal.JdbcEnvironmentInitiator - Database ->
       name : H2
    version : 1.4.197 (2018-03-18)
      major : 1
      minor : 4
17:03:35.190 [Test worker] DEBUG org.hibernate.engine.jdbc.env.internal.JdbcEnvironmentInitiator - Driver ->
       name : H2 JDBC Driver
    version : 1.4.197 (2018-03-18)
      major : 1
      minor : 4
17:03:35.190 [Test worker] DEBUG org.hibernate.engine.jdbc.env.internal.JdbcEnvironmentInitiator - JDBC version : 4.0
17:03:35.191 [Test worker] INFO org.hibernate.dialect.Dialect - HHH000400: Using dialect: org.hibernate.dialect.H2Dialect
17:03:35.193 [Test worker] DEBUG org.hibernate.boot.model.relational.Namespace - Created database namespace [logicalName=Name{catalog=null, schema=null}, physicalName=Name{catalog=null, schema=null}]
17:03:35.194 [Test worker] DEBUG org.hibernate.type.spi.TypeConfiguration$Scope - Scoping TypeConfiguration [org.hibernate.type.spi.TypeConfiguration@721c5b4b] to MetadataBuildingContext [org.hibernate.boot.internal.MetadataBuildingContextRootImpl@2765d49e]
17:03:35.194 [Test worker] DEBUG org.hibernate.cfg.AnnotationBinder - Binding entity from annotated class: com.epam.esm.entity.Entity
17:03:35.194 [Test worker] DEBUG org.hibernate.cfg.Ejb3Column - Binding column: Ejb3DiscriminatorColumn{logicalColumnName'DTYPE', discriminatorTypeName='string'}
17:03:35.194 [Test worker] DEBUG org.hibernate.cfg.annotations.EntityBinder - Import with entity name Entity
17:03:35.194 [Test worker] DEBUG org.hibernate.cfg.annotations.EntityBinder - Bind entity com.epam.esm.entity.Entity on table entity
17:03:35.195 [Test worker] DEBUG org.hibernate.cfg.Ejb3Column - Binding column: Ejb3Column{table=org.hibernate.mapping.Table(entity), mappingColumn=id, insertable=true, updatable=true, unique=false}
17:03:35.195 [Test worker] DEBUG org.hibernate.cfg.annotations.PropertyBinder - MetadataSourceProcessor property id with lazy=false
17:03:35.195 [Test worker] DEBUG org.hibernate.cfg.AbstractPropertyHolder - Attempting to locate auto-apply AttributeConverter for property [com.epam.esm.entity.Entity:id]
17:03:35.195 [Test worker] DEBUG org.hibernate.cfg.annotations.SimpleValueBinder - building SimpleValue for id
17:03:35.195 [Test worker] DEBUG org.hibernate.cfg.annotations.PropertyBinder - Building property id
17:03:35.195 [Test worker] DEBUG org.hibernate.cfg.BinderHelper - #makeIdGenerator(org.hibernate.mapping.SimpleValue([org.hibernate.mapping.Column(id)]), id, identity, , ...)
17:03:35.195 [Test worker] DEBUG org.hibernate.cfg.AnnotationBinder - Binding entity from annotated class: com.epam.esm.entity.GiftCertificate
17:03:35.195 [Test worker] DEBUG org.hibernate.cfg.Ejb3Column - Binding column: Ejb3DiscriminatorColumn{logicalColumnName'DTYPE', discriminatorTypeName='string'}
17:03:35.195 [Test worker] DEBUG org.hibernate.cfg.annotations.EntityBinder - Import with entity name GiftCertificate
17:03:35.195 [Test worker] DEBUG org.hibernate.cfg.annotations.EntityBinder - Bind entity com.epam.esm.entity.GiftCertificate on table certificate
17:03:35.196 [Test worker] DEBUG org.hibernate.cfg.Ejb3Column - Binding column: Ejb3Column{table=org.hibernate.mapping.Table(certificate), mappingColumn=id, insertable=true, updatable=true, unique=false}
17:03:35.196 [Test worker] DEBUG org.hibernate.cfg.annotations.PropertyBinder - MetadataSourceProcessor property id with lazy=false
17:03:35.196 [Test worker] DEBUG org.hibernate.cfg.AbstractPropertyHolder - Attempting to locate auto-apply AttributeConverter for property [com.epam.esm.entity.GiftCertificate:id]
17:03:35.196 [Test worker] DEBUG org.hibernate.cfg.annotations.SimpleValueBinder - building SimpleValue for id
17:03:35.196 [Test worker] DEBUG org.hibernate.cfg.annotations.PropertyBinder - Building property id
17:03:35.196 [Test worker] DEBUG org.hibernate.cfg.BinderHelper - #makeIdGenerator(org.hibernate.mapping.SimpleValue([org.hibernate.mapping.Column(id)]), id, identity, , ...)
17:03:35.196 [Test worker] DEBUG org.hibernate.cfg.Ejb3Column - Binding column: Ejb3Column{table=org.hibernate.mapping.Table(certificate), mappingColumn=active_status, insertable=true, updatable=true, unique=false}
17:03:35.196 [Test worker] DEBUG org.hibernate.cfg.annotations.PropertyBinder - MetadataSourceProcessor property activeStatus with lazy=false
17:03:35.196 [Test worker] DEBUG org.hibernate.cfg.AbstractPropertyHolder - Attempting to locate auto-apply AttributeConverter for property [com.epam.esm.entity.GiftCertificate:activeStatus]
17:03:35.196 [Test worker] DEBUG org.hibernate.cfg.annotations.SimpleValueBinder - building SimpleValue for activeStatus
17:03:35.196 [Test worker] DEBUG org.hibernate.cfg.annotations.PropertyBinder - Building property activeStatus
17:03:35.196 [Test worker] DEBUG org.hibernate.cfg.Ejb3Column - Binding column: Ejb3Column{table=org.hibernate.mapping.Table(certificate), mappingColumn=creation_date, insertable=true, updatable=true, unique=false}
17:03:35.196 [Test worker] DEBUG org.hibernate.cfg.annotations.PropertyBinder - MetadataSourceProcessor property creationDate with lazy=false
17:03:35.196 [Test worker] DEBUG org.hibernate.cfg.AbstractPropertyHolder - Attempting to locate auto-apply AttributeConverter for property [com.epam.esm.entity.GiftCertificate:creationDate]
17:03:35.196 [Test worker] DEBUG org.hibernate.cfg.annotations.SimpleValueBinder - building SimpleValue for creationDate
17:03:35.196 [Test worker] DEBUG org.hibernate.cfg.annotations.PropertyBinder - Building property creationDate
17:03:35.196 [Test worker] DEBUG org.hibernate.cfg.Ejb3Column - Binding column: Ejb3Column{table=org.hibernate.mapping.Table(certificate), mappingColumn=description, insertable=true, updatable=true, unique=false}
17:03:35.196 [Test worker] DEBUG org.hibernate.cfg.annotations.PropertyBinder - MetadataSourceProcessor property description with lazy=false
17:03:35.196 [Test worker] DEBUG org.hibernate.cfg.AbstractPropertyHolder - Attempting to locate auto-apply AttributeConverter for property [com.epam.esm.entity.GiftCertificate:description]
17:03:35.196 [Test worker] DEBUG org.hibernate.cfg.annotations.SimpleValueBinder - building SimpleValue for description
17:03:35.197 [Test worker] DEBUG org.hibernate.cfg.annotations.PropertyBinder - Building property description
17:03:35.197 [Test worker] DEBUG org.hibernate.cfg.Ejb3Column - Binding column: Ejb3Column{table=org.hibernate.mapping.Table(certificate), mappingColumn=expiration_date, insertable=true, updatable=true, unique=false}
17:03:35.197 [Test worker] DEBUG org.hibernate.cfg.annotations.PropertyBinder - MetadataSourceProcessor property expirationDate with lazy=false
17:03:35.197 [Test worker] DEBUG org.hibernate.cfg.AbstractPropertyHolder - Attempting to locate auto-apply AttributeConverter for property [com.epam.esm.entity.GiftCertificate:expirationDate]
17:03:35.197 [Test worker] DEBUG org.hibernate.cfg.annotations.SimpleValueBinder - building SimpleValue for expirationDate
17:03:35.197 [Test worker] DEBUG org.hibernate.cfg.annotations.PropertyBinder - Building property expirationDate
17:03:35.197 [Test worker] DEBUG org.hibernate.cfg.Ejb3Column - Binding column: Ejb3Column{table=org.hibernate.mapping.Table(certificate), mappingColumn=modification_date, insertable=true, updatable=true, unique=false}
17:03:35.197 [Test worker] DEBUG org.hibernate.cfg.annotations.PropertyBinder - MetadataSourceProcessor property modificationDate with lazy=false
17:03:35.197 [Test worker] DEBUG org.hibernate.cfg.AbstractPropertyHolder - Attempting to locate auto-apply AttributeConverter for property [com.epam.esm.entity.GiftCertificate:modificationDate]
17:03:35.197 [Test worker] DEBUG org.hibernate.cfg.annotations.SimpleValueBinder - building SimpleValue for modificationDate
17:03:35.197 [Test worker] DEBUG org.hibernate.cfg.annotations.PropertyBinder - Building property modificationDate
17:03:35.197 [Test worker] DEBUG org.hibernate.cfg.Ejb3Column - Binding column: Ejb3Column{table=org.hibernate.mapping.Table(certificate), mappingColumn=name, insertable=true, updatable=true, unique=false}
17:03:35.197 [Test worker] DEBUG org.hibernate.cfg.annotations.PropertyBinder - MetadataSourceProcessor property name with lazy=false
17:03:35.197 [Test worker] DEBUG org.hibernate.cfg.AbstractPropertyHolder - Attempting to locate auto-apply AttributeConverter for property [com.epam.esm.entity.GiftCertificate:name]
17:03:35.197 [Test worker] DEBUG org.hibernate.cfg.annotations.SimpleValueBinder - building SimpleValue for name
17:03:35.197 [Test worker] DEBUG org.hibernate.cfg.annotations.PropertyBinder - Building property name
17:03:35.197 [Test worker] DEBUG org.hibernate.cfg.Ejb3Column - Binding column: Ejb3JoinColumn{logicalColumnName='null', referencedColumn='null', mappedBy='certificate'}
17:03:35.197 [Test worker] DEBUG org.hibernate.cfg.Ejb3Column - Binding column: Ejb3Column{table=org.hibernate.mapping.Table(certificate), mappingColumn=order_certificates, insertable=true, updatable=true, unique=false}
17:03:35.197 [Test worker] DEBUG org.hibernate.cfg.Ejb3Column - Binding column: Ejb3Column{table=org.hibernate.mapping.Table(certificate), mappingColumn=null, insertable=true, updatable=true, unique=false}
17:03:35.197 [Test worker] DEBUG org.hibernate.cfg.Ejb3Column - Binding column: Ejb3Column{table=org.hibernate.mapping.Table(certificate), mappingColumn=element, insertable=true, updatable=true, unique=false}
17:03:35.197 [Test worker] DEBUG org.hibernate.cfg.Ejb3Column - Binding column: Ejb3Column{table=org.hibernate.mapping.Table(certificate), mappingColumn=order_certificates_key, insertable=true, updatable=true, unique=false}
17:03:35.197 [Test worker] DEBUG org.hibernate.cfg.Ejb3Column - Binding column: Ejb3JoinColumn{logicalColumnName='orderCertificates_KEY', referencedColumn='null', mappedBy='null'}
17:03:35.198 [Test worker] DEBUG org.hibernate.cfg.Ejb3Column - Binding column: Ejb3JoinColumn{logicalColumnName='null', referencedColumn='null', mappedBy='certificate'}
17:03:35.198 [Test worker] DEBUG org.hibernate.cfg.Ejb3Column - Binding column: Ejb3JoinColumn{logicalColumnName='null', referencedColumn='null', mappedBy='certificate'}
17:03:35.198 [Test worker] DEBUG org.hibernate.cfg.annotations.CollectionBinder - Collection role: com.epam.esm.entity.GiftCertificate.orderCertificates
17:03:35.198 [Test worker] DEBUG org.hibernate.cfg.annotations.PropertyBinder - Building property orderCertificates
17:03:35.198 [Test worker] DEBUG org.hibernate.cfg.Ejb3Column - Binding column: Ejb3Column{table=org.hibernate.mapping.Table(certificate), mappingColumn=price, insertable=true, updatable=true, unique=false}
17:03:35.198 [Test worker] DEBUG org.hibernate.cfg.annotations.PropertyBinder - MetadataSourceProcessor property price with lazy=false
17:03:35.198 [Test worker] DEBUG org.hibernate.cfg.AbstractPropertyHolder - Attempting to locate auto-apply AttributeConverter for property [com.epam.esm.entity.GiftCertificate:price]
17:03:35.198 [Test worker] DEBUG org.hibernate.cfg.annotations.SimpleValueBinder - building SimpleValue for price
17:03:35.198 [Test worker] DEBUG org.hibernate.cfg.annotations.PropertyBinder - Building property price
17:03:35.198 [Test worker] DEBUG org.hibernate.cfg.Ejb3Column - Binding column: Ejb3Column{table=org.hibernate.mapping.Table(certificate), mappingColumn=null, insertable=true, updatable=true, unique=false}
17:03:35.198 [Test worker] DEBUG org.hibernate.cfg.Ejb3Column - Binding column: Ejb3Column{table=org.hibernate.mapping.Table(certificate), mappingColumn=element, insertable=true, updatable=true, unique=false}
17:03:35.198 [Test worker] DEBUG org.hibernate.cfg.Ejb3Column - Binding column: Ejb3Column{table=org.hibernate.mapping.Table(certificate), mappingColumn=tags_key, insertable=true, updatable=true, unique=false}
17:03:35.198 [Test worker] DEBUG org.hibernate.cfg.Ejb3Column - Binding column: Ejb3JoinColumn{logicalColumnName='tags_KEY', referencedColumn='null', mappedBy='null'}
17:03:35.198 [Test worker] DEBUG org.hibernate.cfg.Ejb3Column - Binding column: Ejb3JoinColumn{logicalColumnName='certificate_id', referencedColumn='', mappedBy=''}
17:03:35.198 [Test worker] DEBUG org.hibernate.cfg.Ejb3Column - Binding column: Ejb3JoinColumn{logicalColumnName='tag_id', referencedColumn='', mappedBy=''}
17:03:35.198 [Test worker] DEBUG org.hibernate.cfg.annotations.CollectionBinder - Collection role: com.epam.esm.entity.GiftCertificate.tags
17:03:35.198 [Test worker] DEBUG org.hibernate.cfg.annotations.PropertyBinder - Building property tags
17:03:35.199 [Test worker] DEBUG org.hibernate.cfg.AnnotationBinder - Binding entity from annotated class: com.epam.esm.entity.Order
17:03:35.199 [Test worker] DEBUG org.hibernate.cfg.Ejb3Column - Binding column: Ejb3DiscriminatorColumn{logicalColumnName'DTYPE', discriminatorTypeName='string'}
17:03:35.199 [Test worker] DEBUG org.hibernate.cfg.annotations.EntityBinder - Import with entity name Order
17:03:35.199 [Test worker] DEBUG org.hibernate.cfg.annotations.EntityBinder - Bind entity com.epam.esm.entity.Order on table application_order
17:03:35.199 [Test worker] DEBUG org.hibernate.cfg.Ejb3Column - Binding column: Ejb3Column{table=org.hibernate.mapping.Table(application_order), mappingColumn=id, insertable=true, updatable=true, unique=false}
17:03:35.199 [Test worker] DEBUG org.hibernate.cfg.annotations.PropertyBinder - MetadataSourceProcessor property id with lazy=false
17:03:35.199 [Test worker] DEBUG org.hibernate.cfg.AbstractPropertyHolder - Attempting to locate auto-apply AttributeConverter for property [com.epam.esm.entity.Order:id]
17:03:35.199 [Test worker] DEBUG org.hibernate.cfg.annotations.SimpleValueBinder - building SimpleValue for id
17:03:35.199 [Test worker] DEBUG org.hibernate.cfg.annotations.PropertyBinder - Building property id
17:03:35.199 [Test worker] DEBUG org.hibernate.cfg.BinderHelper - #makeIdGenerator(org.hibernate.mapping.SimpleValue([org.hibernate.mapping.Column(id)]), id, identity, , ...)
17:03:35.199 [Test worker] DEBUG org.hibernate.cfg.Ejb3Column - Binding column: Ejb3Column{table=org.hibernate.mapping.Table(application_order), mappingColumn=active_status, insertable=true, updatable=true, unique=false}
17:03:35.200 [Test worker] DEBUG org.hibernate.cfg.annotations.PropertyBinder - MetadataSourceProcessor property activeStatus with lazy=false
17:03:35.200 [Test worker] DEBUG org.hibernate.cfg.AbstractPropertyHolder - Attempting to locate auto-apply AttributeConverter for property [com.epam.esm.entity.Order:activeStatus]
17:03:35.200 [Test worker] DEBUG org.hibernate.cfg.annotations.SimpleValueBinder - building SimpleValue for activeStatus
17:03:35.200 [Test worker] DEBUG org.hibernate.cfg.annotations.PropertyBinder - Building property activeStatus
17:03:35.200 [Test worker] DEBUG org.hibernate.cfg.Ejb3Column - Binding column: Ejb3Column{table=org.hibernate.mapping.Table(application_order), mappingColumn=created_at, insertable=true, updatable=true, unique=false}
17:03:35.200 [Test worker] DEBUG org.hibernate.cfg.annotations.PropertyBinder - MetadataSourceProcessor property createdAt with lazy=false
17:03:35.200 [Test worker] DEBUG org.hibernate.cfg.AbstractPropertyHolder - Attempting to locate auto-apply AttributeConverter for property [com.epam.esm.entity.Order:createdAt]
17:03:35.200 [Test worker] DEBUG org.hibernate.cfg.annotations.SimpleValueBinder - building SimpleValue for createdAt
17:03:35.200 [Test worker] DEBUG org.hibernate.cfg.annotations.PropertyBinder - Building property createdAt
17:03:35.200 [Test worker] DEBUG org.hibernate.cfg.Ejb3Column - Binding column: Ejb3JoinColumn{logicalColumnName='null', referencedColumn='null', mappedBy='order'}
17:03:35.200 [Test worker] DEBUG org.hibernate.cfg.Ejb3Column - Binding column: Ejb3Column{table=org.hibernate.mapping.Table(application_order), mappingColumn=order_certificates, insertable=true, updatable=true, unique=false}
17:03:35.200 [Test worker] DEBUG org.hibernate.cfg.Ejb3Column - Binding column: Ejb3Column{table=org.hibernate.mapping.Table(application_order), mappingColumn=null, insertable=true, updatable=true, unique=false}
17:03:35.200 [Test worker] DEBUG org.hibernate.cfg.Ejb3Column - Binding column: Ejb3Column{table=org.hibernate.mapping.Table(application_order), mappingColumn=element, insertable=true, updatable=true, unique=false}
17:03:35.200 [Test worker] DEBUG org.hibernate.cfg.Ejb3Column - Binding column: Ejb3Column{table=org.hibernate.mapping.Table(application_order), mappingColumn=order_certificates_key, insertable=true, updatable=true, unique=false}
17:03:35.200 [Test worker] DEBUG org.hibernate.cfg.Ejb3Column - Binding column: Ejb3JoinColumn{logicalColumnName='orderCertificates_KEY', referencedColumn='null', mappedBy='null'}
17:03:35.200 [Test worker] DEBUG org.hibernate.cfg.Ejb3Column - Binding column: Ejb3JoinColumn{logicalColumnName='null', referencedColumn='null', mappedBy='order'}
17:03:35.200 [Test worker] DEBUG org.hibernate.cfg.Ejb3Column - Binding column: Ejb3JoinColumn{logicalColumnName='null', referencedColumn='null', mappedBy='order'}
17:03:35.200 [Test worker] DEBUG org.hibernate.cfg.annotations.CollectionBinder - Collection role: com.epam.esm.entity.Order.orderCertificates
17:03:35.201 [Test worker] DEBUG org.hibernate.cfg.annotations.PropertyBinder - Building property orderCertificates
17:03:35.201 [Test worker] DEBUG org.hibernate.cfg.Ejb3Column - Binding column: Ejb3JoinColumn{logicalColumnName='user_id', referencedColumn='', mappedBy=''}
17:03:35.201 [Test worker] DEBUG org.hibernate.cfg.Ejb3Column - Binding column: Ejb3Column{table=org.hibernate.mapping.Table(application_order), mappingColumn=user, insertable=true, updatable=true, unique=false}
17:03:35.201 [Test worker] DEBUG org.hibernate.cfg.annotations.PropertyBinder - Building property user
17:03:35.201 [Test worker] DEBUG org.hibernate.cfg.AnnotationBinder - Binding entity from annotated class: com.epam.esm.entity.OrderCertificate
17:03:35.201 [Test worker] DEBUG org.hibernate.cfg.Ejb3Column - Binding column: Ejb3DiscriminatorColumn{logicalColumnName'DTYPE', discriminatorTypeName='string'}
17:03:35.201 [Test worker] DEBUG org.hibernate.cfg.annotations.EntityBinder - Import with entity name OrderCertificate
17:03:35.201 [Test worker] DEBUG org.hibernate.cfg.annotations.EntityBinder - Bind entity com.epam.esm.entity.OrderCertificate on table order_certificate
17:03:35.201 [Test worker] DEBUG org.hibernate.cfg.Ejb3Column - Binding column: Ejb3Column{table=org.hibernate.mapping.Table(order_certificate), mappingColumn=id, insertable=true, updatable=true, unique=false}
17:03:35.201 [Test worker] DEBUG org.hibernate.cfg.annotations.PropertyBinder - MetadataSourceProcessor property id with lazy=false
17:03:35.201 [Test worker] DEBUG org.hibernate.cfg.AbstractPropertyHolder - Attempting to locate auto-apply AttributeConverter for property [com.epam.esm.entity.OrderCertificate:id]
17:03:35.201 [Test worker] DEBUG org.hibernate.cfg.annotations.SimpleValueBinder - building SimpleValue for id
17:03:35.201 [Test worker] DEBUG org.hibernate.cfg.annotations.PropertyBinder - Building property id
17:03:35.201 [Test worker] DEBUG org.hibernate.cfg.BinderHelper - #makeIdGenerator(org.hibernate.mapping.SimpleValue([org.hibernate.mapping.Column(id)]), id, identity, , ...)
17:03:35.202 [Test worker] DEBUG org.hibernate.cfg.Ejb3Column - Binding column: Ejb3JoinColumn{logicalColumnName='null', referencedColumn='', mappedBy=''}
17:03:35.202 [Test worker] DEBUG org.hibernate.cfg.Ejb3Column - Binding column: Ejb3Column{table=org.hibernate.mapping.Table(order_certificate), mappingColumn=certificate, insertable=true, updatable=true, unique=false}
17:03:35.202 [Test worker] DEBUG org.hibernate.cfg.annotations.PropertyBinder - Building property certificate
17:03:35.202 [Test worker] DEBUG org.hibernate.cfg.Ejb3Column - Binding column: Ejb3Column{table=org.hibernate.mapping.Table(order_certificate), mappingColumn=expiration_date, insertable=true, updatable=true, unique=false}
17:03:35.202 [Test worker] DEBUG org.hibernate.cfg.annotations.PropertyBinder - MetadataSourceProcessor property expirationDate with lazy=false
17:03:35.202 [Test worker] DEBUG org.hibernate.cfg.AbstractPropertyHolder - Attempting to locate auto-apply AttributeConverter for property [com.epam.esm.entity.OrderCertificate:expirationDate]
17:03:35.202 [Test worker] DEBUG org.hibernate.cfg.annotations.SimpleValueBinder - building SimpleValue for expirationDate
17:03:35.202 [Test worker] DEBUG org.hibernate.cfg.annotations.PropertyBinder - Building property expirationDate
17:03:35.202 [Test worker] DEBUG org.hibernate.cfg.Ejb3Column - Binding column: Ejb3Column{table=org.hibernate.mapping.Table(order_certificate), mappingColumn=fixed_price, insertable=true, updatable=true, unique=false}
17:03:35.202 [Test worker] DEBUG org.hibernate.cfg.annotations.PropertyBinder - MetadataSourceProcessor property fixedPrice with lazy=false
17:03:35.202 [Test worker] DEBUG org.hibernate.cfg.AbstractPropertyHolder - Attempting to locate auto-apply AttributeConverter for property [com.epam.esm.entity.OrderCertificate:fixedPrice]
17:03:35.202 [Test worker] DEBUG org.hibernate.cfg.annotations.SimpleValueBinder - building SimpleValue for fixedPrice
17:03:35.202 [Test worker] DEBUG org.hibernate.cfg.annotations.PropertyBinder - Building property fixedPrice
17:03:35.202 [Test worker] DEBUG org.hibernate.cfg.Ejb3Column - Binding column: Ejb3JoinColumn{logicalColumnName='null', referencedColumn='', mappedBy=''}
17:03:35.202 [Test worker] DEBUG org.hibernate.cfg.Ejb3Column - Binding column: Ejb3Column{table=org.hibernate.mapping.Table(order_certificate), mappingColumn=order, insertable=true, updatable=true, unique=false}
17:03:35.202 [Test worker] DEBUG org.hibernate.cfg.annotations.PropertyBinder - Building property order
17:03:35.203 [Test worker] DEBUG org.hibernate.cfg.AnnotationBinder - Binding entity from annotated class: com.epam.esm.entity.Role
17:03:35.203 [Test worker] DEBUG org.hibernate.cfg.Ejb3Column - Binding column: Ejb3DiscriminatorColumn{logicalColumnName'DTYPE', discriminatorTypeName='string'}
17:03:35.203 [Test worker] DEBUG org.hibernate.cfg.annotations.EntityBinder - Import with entity name Role
17:03:35.203 [Test worker] DEBUG org.hibernate.cfg.annotations.EntityBinder - Bind entity com.epam.esm.entity.Role on table application_role
17:03:35.203 [Test worker] DEBUG org.hibernate.cfg.Ejb3Column - Binding column: Ejb3Column{table=org.hibernate.mapping.Table(application_role), mappingColumn=id, insertable=true, updatable=true, unique=false}
17:03:35.203 [Test worker] DEBUG org.hibernate.cfg.annotations.PropertyBinder - MetadataSourceProcessor property id with lazy=false
17:03:35.203 [Test worker] DEBUG org.hibernate.cfg.AbstractPropertyHolder - Attempting to locate auto-apply AttributeConverter for property [com.epam.esm.entity.Role:id]
17:03:35.203 [Test worker] DEBUG org.hibernate.cfg.annotations.SimpleValueBinder - building SimpleValue for id
17:03:35.203 [Test worker] DEBUG org.hibernate.cfg.annotations.PropertyBinder - Building property id
17:03:35.203 [Test worker] DEBUG org.hibernate.cfg.BinderHelper - #makeIdGenerator(org.hibernate.mapping.SimpleValue([org.hibernate.mapping.Column(id)]), id, identity, , ...)
17:03:35.203 [Test worker] DEBUG org.hibernate.cfg.Ejb3Column - Binding column: Ejb3Column{table=org.hibernate.mapping.Table(application_role), mappingColumn=value, insertable=true, updatable=true, unique=false}
17:03:35.203 [Test worker] DEBUG org.hibernate.cfg.annotations.PropertyBinder - MetadataSourceProcessor property value with lazy=false
17:03:35.203 [Test worker] DEBUG org.hibernate.cfg.AbstractPropertyHolder - Attempting to locate auto-apply AttributeConverter for property [com.epam.esm.entity.Role:value]
17:03:35.203 [Test worker] DEBUG org.hibernate.cfg.annotations.SimpleValueBinder - building SimpleValue for value
17:03:35.204 [Test worker] DEBUG org.hibernate.cfg.annotations.PropertyBinder - Building property value
17:03:35.204 [Test worker] DEBUG org.hibernate.cfg.AnnotationBinder - Binding entity from annotated class: com.epam.esm.entity.Tag
17:03:35.204 [Test worker] DEBUG org.hibernate.cfg.Ejb3Column - Binding column: Ejb3DiscriminatorColumn{logicalColumnName'DTYPE', discriminatorTypeName='string'}
17:03:35.204 [Test worker] DEBUG org.hibernate.cfg.annotations.EntityBinder - Import with entity name Tag
17:03:35.204 [Test worker] DEBUG org.hibernate.cfg.annotations.EntityBinder - Bind entity com.epam.esm.entity.Tag on table tag
17:03:35.204 [Test worker] DEBUG org.hibernate.cfg.Ejb3Column - Binding column: Ejb3Column{table=org.hibernate.mapping.Table(tag), mappingColumn=id, insertable=true, updatable=true, unique=false}
17:03:35.204 [Test worker] DEBUG org.hibernate.cfg.annotations.PropertyBinder - MetadataSourceProcessor property id with lazy=false
17:03:35.204 [Test worker] DEBUG org.hibernate.cfg.AbstractPropertyHolder - Attempting to locate auto-apply AttributeConverter for property [com.epam.esm.entity.Tag:id]
17:03:35.204 [Test worker] DEBUG org.hibernate.cfg.annotations.SimpleValueBinder - building SimpleValue for id
17:03:35.204 [Test worker] DEBUG org.hibernate.cfg.annotations.PropertyBinder - Building property id
17:03:35.204 [Test worker] DEBUG org.hibernate.cfg.BinderHelper - #makeIdGenerator(org.hibernate.mapping.SimpleValue([org.hibernate.mapping.Column(id)]), id, identity, , ...)
17:03:35.204 [Test worker] DEBUG org.hibernate.cfg.Ejb3Column - Binding column: Ejb3Column{table=org.hibernate.mapping.Table(tag), mappingColumn=title, insertable=true, updatable=false, unique=true}
17:03:35.205 [Test worker] DEBUG org.hibernate.cfg.annotations.PropertyBinder - MetadataSourceProcessor property title with lazy=false
17:03:35.205 [Test worker] DEBUG org.hibernate.cfg.AbstractPropertyHolder - Attempting to locate auto-apply AttributeConverter for property [com.epam.esm.entity.Tag:title]
17:03:35.205 [Test worker] DEBUG org.hibernate.cfg.annotations.SimpleValueBinder - building SimpleValue for title
17:03:35.205 [Test worker] DEBUG org.hibernate.cfg.annotations.PropertyBinder - Building property title
17:03:35.205 [Test worker] DEBUG org.hibernate.cfg.AnnotationBinder - Binding entity from annotated class: com.epam.esm.entity.User
17:03:35.205 [Test worker] DEBUG org.hibernate.cfg.Ejb3Column - Binding column: Ejb3DiscriminatorColumn{logicalColumnName'DTYPE', discriminatorTypeName='string'}
17:03:35.205 [Test worker] DEBUG org.hibernate.cfg.annotations.EntityBinder - Import with entity name User
17:03:35.205 [Test worker] DEBUG org.hibernate.cfg.annotations.EntityBinder - Bind entity com.epam.esm.entity.User on table application_user
17:03:35.205 [Test worker] DEBUG org.hibernate.cfg.Ejb3Column - Binding column: Ejb3Column{table=org.hibernate.mapping.Table(application_user), mappingColumn=id, insertable=true, updatable=true, unique=false}
17:03:35.205 [Test worker] DEBUG org.hibernate.cfg.annotations.PropertyBinder - MetadataSourceProcessor property id with lazy=false
17:03:35.205 [Test worker] DEBUG org.hibernate.cfg.AbstractPropertyHolder - Attempting to locate auto-apply AttributeConverter for property [com.epam.esm.entity.User:id]
17:03:35.205 [Test worker] DEBUG org.hibernate.cfg.annotations.SimpleValueBinder - building SimpleValue for id
17:03:35.205 [Test worker] DEBUG org.hibernate.cfg.annotations.PropertyBinder - Building property id
17:03:35.206 [Test worker] DEBUG org.hibernate.cfg.BinderHelper - #makeIdGenerator(org.hibernate.mapping.SimpleValue([org.hibernate.mapping.Column(id)]), id, identity, , ...)
17:03:35.206 [Test worker] DEBUG org.hibernate.cfg.Ejb3Column - Binding column: Ejb3Column{table=org.hibernate.mapping.Table(application_user), mappingColumn=email, insertable=true, updatable=true, unique=false}
17:03:35.206 [Test worker] DEBUG org.hibernate.cfg.annotations.PropertyBinder - MetadataSourceProcessor property email with lazy=false
17:03:35.206 [Test worker] DEBUG org.hibernate.cfg.AbstractPropertyHolder - Attempting to locate auto-apply AttributeConverter for property [com.epam.esm.entity.User:email]
17:03:35.206 [Test worker] DEBUG org.hibernate.cfg.annotations.SimpleValueBinder - building SimpleValue for email
17:03:35.206 [Test worker] DEBUG org.hibernate.cfg.annotations.PropertyBinder - Building property email
17:03:35.206 [Test worker] DEBUG org.hibernate.cfg.Ejb3Column - Binding column: Ejb3JoinColumn{logicalColumnName='null', referencedColumn='null', mappedBy='user'}
17:03:35.206 [Test worker] DEBUG org.hibernate.cfg.Ejb3Column - Binding column: Ejb3Column{table=org.hibernate.mapping.Table(application_user), mappingColumn=orders, insertable=true, updatable=true, unique=false}
17:03:35.206 [Test worker] DEBUG org.hibernate.cfg.Ejb3Column - Binding column: Ejb3Column{table=org.hibernate.mapping.Table(application_user), mappingColumn=null, insertable=true, updatable=true, unique=false}
17:03:35.206 [Test worker] DEBUG org.hibernate.cfg.Ejb3Column - Binding column: Ejb3Column{table=org.hibernate.mapping.Table(application_user), mappingColumn=element, insertable=true, updatable=true, unique=false}
17:03:35.206 [Test worker] DEBUG org.hibernate.cfg.Ejb3Column - Binding column: Ejb3Column{table=org.hibernate.mapping.Table(application_user), mappingColumn=orders_key, insertable=true, updatable=true, unique=false}
17:03:35.206 [Test worker] DEBUG org.hibernate.cfg.Ejb3Column - Binding column: Ejb3JoinColumn{logicalColumnName='orders_KEY', referencedColumn='null', mappedBy='null'}
17:03:35.206 [Test worker] DEBUG org.hibernate.cfg.Ejb3Column - Binding column: Ejb3JoinColumn{logicalColumnName='null', referencedColumn='null', mappedBy='user'}
17:03:35.206 [Test worker] DEBUG org.hibernate.cfg.Ejb3Column - Binding column: Ejb3JoinColumn{logicalColumnName='null', referencedColumn='null', mappedBy='user'}
17:03:35.206 [Test worker] DEBUG org.hibernate.cfg.annotations.CollectionBinder - Collection role: com.epam.esm.entity.User.orders
17:03:35.206 [Test worker] DEBUG org.hibernate.cfg.annotations.PropertyBinder - Building property orders
17:03:35.206 [Test worker] DEBUG org.hibernate.cfg.Ejb3Column - Binding column: Ejb3Column{table=org.hibernate.mapping.Table(application_user), mappingColumn=password, insertable=true, updatable=true, unique=false}
17:03:35.207 [Test worker] DEBUG org.hibernate.cfg.annotations.PropertyBinder - MetadataSourceProcessor property password with lazy=false
17:03:35.207 [Test worker] DEBUG org.hibernate.cfg.AbstractPropertyHolder - Attempting to locate auto-apply AttributeConverter for property [com.epam.esm.entity.User:password]
17:03:35.207 [Test worker] DEBUG org.hibernate.cfg.annotations.SimpleValueBinder - building SimpleValue for password
17:03:35.207 [Test worker] DEBUG org.hibernate.cfg.annotations.PropertyBinder - Building property password
17:03:35.207 [Test worker] DEBUG org.hibernate.cfg.Ejb3Column - Binding column: Ejb3Column{table=org.hibernate.mapping.Table(application_user), mappingColumn=refresh_token, insertable=true, updatable=true, unique=false}
17:03:35.207 [Test worker] DEBUG org.hibernate.cfg.annotations.PropertyBinder - MetadataSourceProcessor property refreshToken with lazy=false
17:03:35.207 [Test worker] DEBUG org.hibernate.cfg.AbstractPropertyHolder - Attempting to locate auto-apply AttributeConverter for property [com.epam.esm.entity.User:refreshToken]
17:03:35.207 [Test worker] DEBUG org.hibernate.cfg.annotations.SimpleValueBinder - building SimpleValue for refreshToken
17:03:35.207 [Test worker] DEBUG org.hibernate.cfg.annotations.PropertyBinder - Building property refreshToken
17:03:35.207 [Test worker] DEBUG org.hibernate.cfg.Ejb3Column - Binding column: Ejb3JoinColumn{logicalColumnName='role_id', referencedColumn='', mappedBy=''}
17:03:35.207 [Test worker] DEBUG org.hibernate.cfg.Ejb3Column - Binding column: Ejb3Column{table=org.hibernate.mapping.Table(application_user), mappingColumn=role, insertable=true, updatable=true, unique=false}
17:03:35.207 [Test worker] DEBUG org.hibernate.cfg.annotations.PropertyBinder - Building property role
17:03:35.207 [Test worker] DEBUG org.hibernate.cfg.annotations.SimpleValueBinder - Starting fillSimpleValue for id
17:03:35.207 [Test worker] DEBUG org.hibernate.cfg.annotations.SimpleValueBinder - Starting fillSimpleValue for id
17:03:35.207 [Test worker] DEBUG org.hibernate.cfg.annotations.SimpleValueBinder - Starting fillSimpleValue for activeStatus
17:03:35.207 [Test worker] DEBUG org.hibernate.cfg.annotations.SimpleValueBinder - Starting fillSimpleValue for creationDate
17:03:35.207 [Test worker] DEBUG org.hibernate.cfg.annotations.SimpleValueBinder - Starting fillSimpleValue for description
17:03:35.208 [Test worker] DEBUG org.hibernate.cfg.annotations.SimpleValueBinder - Starting fillSimpleValue for expirationDate
17:03:35.208 [Test worker] DEBUG org.hibernate.cfg.annotations.SimpleValueBinder - Starting fillSimpleValue for modificationDate
17:03:35.208 [Test worker] DEBUG org.hibernate.cfg.annotations.SimpleValueBinder - Starting fillSimpleValue for name
17:03:35.208 [Test worker] DEBUG org.hibernate.cfg.annotations.SimpleValueBinder - Starting fillSimpleValue for price
17:03:35.208 [Test worker] DEBUG org.hibernate.cfg.annotations.SimpleValueBinder - Starting fillSimpleValue for id
17:03:35.208 [Test worker] DEBUG org.hibernate.cfg.annotations.SimpleValueBinder - Starting fillSimpleValue for activeStatus
17:03:35.208 [Test worker] DEBUG org.hibernate.cfg.annotations.SimpleValueBinder - Starting fillSimpleValue for createdAt
17:03:35.208 [Test worker] DEBUG org.hibernate.cfg.annotations.SimpleValueBinder - Starting fillSimpleValue for id
17:03:35.208 [Test worker] DEBUG org.hibernate.cfg.annotations.SimpleValueBinder - Starting fillSimpleValue for expirationDate
17:03:35.208 [Test worker] DEBUG org.hibernate.cfg.annotations.SimpleValueBinder - Starting fillSimpleValue for fixedPrice
17:03:35.208 [Test worker] DEBUG org.hibernate.cfg.annotations.SimpleValueBinder - Starting fillSimpleValue for id
17:03:35.208 [Test worker] DEBUG org.hibernate.cfg.annotations.SimpleValueBinder - Starting fillSimpleValue for value
17:03:35.208 [Test worker] DEBUG org.hibernate.cfg.annotations.SimpleValueBinder - Starting fillSimpleValue for id
17:03:35.208 [Test worker] DEBUG org.hibernate.cfg.annotations.SimpleValueBinder - Starting fillSimpleValue for title
17:03:35.208 [Test worker] DEBUG org.hibernate.cfg.annotations.SimpleValueBinder - Starting fillSimpleValue for id
17:03:35.208 [Test worker] DEBUG org.hibernate.cfg.annotations.SimpleValueBinder - Starting fillSimpleValue for email
17:03:35.208 [Test worker] DEBUG org.hibernate.cfg.annotations.SimpleValueBinder - Starting fillSimpleValue for password
17:03:35.208 [Test worker] DEBUG org.hibernate.cfg.annotations.SimpleValueBinder - Starting fillSimpleValue for refreshToken
17:03:35.208 [Test worker] DEBUG org.hibernate.mapping.PrimaryKey - Forcing column [id] to be non-null as it is part of the primary key for table [entity]
17:03:35.208 [Test worker] DEBUG org.hibernate.mapping.PrimaryKey - Forcing column [id] to be non-null as it is part of the primary key for table [certificate]
17:03:35.208 [Test worker] DEBUG org.hibernate.mapping.PrimaryKey - Forcing column [id] to be non-null as it is part of the primary key for table [application_order]
17:03:35.208 [Test worker] DEBUG org.hibernate.mapping.PrimaryKey - Forcing column [id] to be non-null as it is part of the primary key for table [order_certificate]
17:03:35.208 [Test worker] DEBUG org.hibernate.mapping.PrimaryKey - Forcing column [id] to be non-null as it is part of the primary key for table [application_role]
17:03:35.209 [Test worker] DEBUG org.hibernate.mapping.PrimaryKey - Forcing column [id] to be non-null as it is part of the primary key for table [tag]
17:03:35.209 [Test worker] DEBUG org.hibernate.mapping.PrimaryKey - Forcing column [id] to be non-null as it is part of the primary key for table [application_user]
17:03:35.209 [Test worker] DEBUG org.hibernate.cfg.CollectionSecondPass - Second pass for collection: com.epam.esm.entity.GiftCertificate.tags
17:03:35.209 [Test worker] DEBUG org.hibernate.cfg.annotations.CollectionBinder - Binding as ManyToMany: com.epam.esm.entity.GiftCertificate.tags
17:03:35.209 [Test worker] DEBUG org.hibernate.mapping.PrimaryKey - Forcing column [certificate_id] to be non-null as it is part of the primary key for table [certificate_tag]
17:03:35.209 [Test worker] DEBUG org.hibernate.mapping.PrimaryKey - Forcing column [tag_id] to be non-null as it is part of the primary key for table [certificate_tag]
17:03:35.209 [Test worker] DEBUG org.hibernate.cfg.CollectionSecondPass - Mapped collection key: certificate_id, element: tag_id
17:03:35.209 [Test worker] DEBUG org.hibernate.cfg.CollectionSecondPass - Second pass for collection: com.epam.esm.entity.GiftCertificate.orderCertificates
17:03:35.209 [Test worker] DEBUG org.hibernate.cfg.annotations.CollectionBinder - Binding a OneToMany: com.epam.esm.entity.GiftCertificate.orderCertificates through a foreign key
17:03:35.209 [Test worker] DEBUG org.hibernate.cfg.annotations.CollectionBinder - Mapping collection: com.epam.esm.entity.GiftCertificate.orderCertificates -> order_certificate
17:03:35.209 [Test worker] DEBUG org.hibernate.cfg.annotations.TableBinder - Retrieving property com.epam.esm.entity.OrderCertificate.certificate
17:03:35.209 [Test worker] DEBUG org.hibernate.cfg.CollectionSecondPass - Mapped collection key: certificate_id, one-to-many: com.epam.esm.entity.OrderCertificate
17:03:35.209 [Test worker] DEBUG org.hibernate.cfg.CollectionSecondPass - Second pass for collection: com.epam.esm.entity.Order.orderCertificates
17:03:35.209 [Test worker] DEBUG org.hibernate.cfg.annotations.CollectionBinder - Binding a OneToMany: com.epam.esm.entity.Order.orderCertificates through a foreign key
17:03:35.209 [Test worker] DEBUG org.hibernate.cfg.annotations.CollectionBinder - Mapping collection: com.epam.esm.entity.Order.orderCertificates -> order_certificate
17:03:35.209 [Test worker] DEBUG org.hibernate.cfg.annotations.TableBinder - Retrieving property com.epam.esm.entity.OrderCertificate.order
17:03:35.209 [Test worker] DEBUG org.hibernate.cfg.CollectionSecondPass - Mapped collection key: order_id, one-to-many: com.epam.esm.entity.OrderCertificate
17:03:35.209 [Test worker] DEBUG org.hibernate.cfg.CollectionSecondPass - Second pass for collection: com.epam.esm.entity.User.orders
17:03:35.209 [Test worker] DEBUG org.hibernate.cfg.annotations.CollectionBinder - Binding a OneToMany: com.epam.esm.entity.User.orders through a foreign key
17:03:35.210 [Test worker] DEBUG org.hibernate.cfg.annotations.CollectionBinder - Mapping collection: com.epam.esm.entity.User.orders -> application_order
17:03:35.210 [Test worker] DEBUG org.hibernate.cfg.annotations.TableBinder - Retrieving property com.epam.esm.entity.Order.user
17:03:35.210 [Test worker] DEBUG org.hibernate.cfg.CollectionSecondPass - Mapped collection key: user_id, one-to-many: com.epam.esm.entity.Order
17:03:35.210 [Test worker] DEBUG org.hibernate.boot.internal.InFlightMetadataCollectorImpl - Resolving reference to class: com.epam.esm.entity.User
17:03:35.210 [Test worker] DEBUG org.hibernate.boot.internal.InFlightMetadataCollectorImpl - Resolving reference to class: com.epam.esm.entity.Role
17:03:35.210 [Test worker] DEBUG org.hibernate.boot.internal.InFlightMetadataCollectorImpl - Resolving reference to class: com.epam.esm.entity.Tag
17:03:35.210 [Test worker] DEBUG org.hibernate.boot.internal.InFlightMetadataCollectorImpl - Resolving reference to class: com.epam.esm.entity.GiftCertificate
17:03:35.210 [Test worker] DEBUG org.hibernate.boot.internal.InFlightMetadataCollectorImpl - Resolving reference to class: com.epam.esm.entity.GiftCertificate
17:03:35.210 [Test worker] DEBUG org.hibernate.boot.internal.InFlightMetadataCollectorImpl - Resolving reference to class: com.epam.esm.entity.Order
17:03:35.211 [Test worker] DEBUG org.hibernate.boot.internal.InFlightMetadataCollectorImpl - Resolving reference to class: com.epam.esm.entity.User
17:03:35.211 [Test worker] DEBUG org.hibernate.boot.internal.InFlightMetadataCollectorImpl - Resolving reference to class: com.epam.esm.entity.Role
17:03:35.211 [Test worker] DEBUG org.hibernate.boot.internal.InFlightMetadataCollectorImpl - Resolving reference to class: com.epam.esm.entity.Tag
17:03:35.211 [Test worker] DEBUG org.hibernate.boot.internal.InFlightMetadataCollectorImpl - Resolving reference to class: com.epam.esm.entity.GiftCertificate
17:03:35.211 [Test worker] DEBUG org.hibernate.boot.internal.InFlightMetadataCollectorImpl - Resolving reference to class: com.epam.esm.entity.GiftCertificate
17:03:35.211 [Test worker] DEBUG org.hibernate.boot.internal.InFlightMetadataCollectorImpl - Resolving reference to class: com.epam.esm.entity.Order
17:03:35.212 [Test worker] DEBUG org.hibernate.internal.SessionFactoryImpl - Building session factory
17:03:35.212 [Test worker] DEBUG org.hibernate.cfg.Settings - SessionFactory name : null
17:03:35.212 [Test worker] DEBUG org.hibernate.cfg.Settings - Automatic flush during beforeCompletion(): enabled
17:03:35.212 [Test worker] DEBUG org.hibernate.cfg.Settings - Automatic session close at end of transaction: disabled
17:03:35.213 [Test worker] DEBUG org.hibernate.cfg.Settings - Statistics: disabled
17:03:35.213 [Test worker] DEBUG org.hibernate.cfg.Settings - Deleted entity synthetic identifier rollback: disabled
17:03:35.213 [Test worker] DEBUG org.hibernate.cfg.Settings - Default entity-mode: pojo
17:03:35.213 [Test worker] DEBUG org.hibernate.cfg.Settings - Check Nullability in Core (should be disabled when Bean Validation is on): enabled
17:03:35.213 [Test worker] DEBUG org.hibernate.cfg.Settings - Allow initialization of lazy state outside session : disabled
17:03:35.213 [Test worker] DEBUG org.hibernate.cfg.Settings - Using BatchFetchStyle : LEGACY
17:03:35.213 [Test worker] DEBUG org.hibernate.cfg.Settings - Default batch fetch size: -1
17:03:35.213 [Test worker] DEBUG org.hibernate.cfg.Settings - Maximum outer join fetch depth: null
17:03:35.213 [Test worker] DEBUG org.hibernate.cfg.Settings - Default null ordering: NONE
17:03:35.213 [Test worker] DEBUG org.hibernate.cfg.Settings - Order SQL updates by primary key: disabled
17:03:35.213 [Test worker] DEBUG org.hibernate.cfg.Settings - Order SQL inserts for batching: disabled
17:03:35.213 [Test worker] DEBUG org.hibernate.cfg.Settings - multi-tenancy strategy : NONE
17:03:35.213 [Test worker] DEBUG org.hibernate.cfg.Settings - JTA Track by Thread: enabled
17:03:35.213 [Test worker] DEBUG org.hibernate.cfg.Settings - Query language substitutions: {}
17:03:35.213 [Test worker] DEBUG org.hibernate.cfg.Settings - Named query checking : enabled
17:03:35.213 [Test worker] DEBUG org.hibernate.cfg.Settings - Second-level cache: disabled
17:03:35.213 [Test worker] DEBUG org.hibernate.cfg.Settings - Second-level query cache: disabled
17:03:35.213 [Test worker] DEBUG org.hibernate.cfg.Settings - Second-level query cache factory: null
17:03:35.213 [Test worker] DEBUG org.hibernate.cfg.Settings - Second-level cache region prefix: null
17:03:35.213 [Test worker] DEBUG org.hibernate.cfg.Settings - Optimize second-level cache for minimal puts: disabled
17:03:35.213 [Test worker] DEBUG org.hibernate.cfg.Settings - Structured second-level cache entries: disabled
17:03:35.213 [Test worker] DEBUG org.hibernate.cfg.Settings - Second-level cache direct-reference entries: disabled
17:03:35.213 [Test worker] DEBUG org.hibernate.cfg.Settings - Automatic eviction of collection cache: disabled
17:03:35.213 [Test worker] DEBUG org.hibernate.cfg.Settings - JDBC batch size: 15
17:03:35.213 [Test worker] DEBUG org.hibernate.cfg.Settings - JDBC batch updates for versioned data: enabled
17:03:35.213 [Test worker] DEBUG org.hibernate.cfg.Settings - Scrollable result sets: enabled
17:03:35.213 [Test worker] DEBUG org.hibernate.cfg.Settings - Wrap result sets: disabled
17:03:35.213 [Test worker] DEBUG org.hibernate.cfg.Settings - JDBC3 getGeneratedKeys(): enabled
17:03:35.213 [Test worker] DEBUG org.hibernate.cfg.Settings - JDBC result set fetch size: null
17:03:35.213 [Test worker] DEBUG org.hibernate.cfg.Settings - Connection release mode: ON_CLOSE
17:03:35.213 [Test worker] DEBUG org.hibernate.cfg.Settings - Generate SQL with comments: disabled
17:03:35.213 [Test worker] DEBUG org.hibernate.cfg.Settings - JPA compliance - query : 
17:03:35.213 [Test worker] DEBUG org.hibernate.cfg.Settings - JPA compliance - closed-handling : 
17:03:35.213 [Test worker] DEBUG org.hibernate.cfg.Settings - JPA compliance - lists : 
17:03:35.213 [Test worker] DEBUG org.hibernate.cfg.Settings - JPA compliance - transactions : 
17:03:35.214 [Test worker] DEBUG org.hibernate.jpa.event.internal.CallbackBuilderLegacyImpl - Adding onPrePersist as PrePersist callback for entity com.epam.esm.entity.Order
17:03:35.214 [Test worker] DEBUG org.hibernate.internal.SessionFactoryImpl - Session factory constructed with filter configurations : {}
17:03:35.215 [Test worker] DEBUG org.hibernate.internal.SessionFactoryImpl - Instantiating session factory with properties: {gopherProxySet=false, awt.toolkit=sun.lwawt.macosx.LWCToolkit, hibernate.id.new_generator_mappings=true, java.specification.version=11, sun.cpu.isalist=, hibernate.resource.beans.container=org.springframework.orm.hibernate5.SpringBeanContainer@706029a4, hibernate.connection.handling_mode=DELAYED_ACQUISITION_AND_HOLD, sun.jnu.encoding=UTF-8, hibernate.dialect=org.hibernate.dialect.H2Dialect, org.gradle.test.worker=3, hibernate.implicit_naming_strategy=org.springframework.boot.orm.jpa.hibernate.SpringImplicitNamingStrategy, java.class.path=/Users/dzmitryplatonov/.gradle/caches/5.6.2/workerMain/gradle-worker.jar:/Users/dzmitryplatonov/Desktop/workdir/giftcertificates/datasource/build/classes/java/test:/Users/dzmitryplatonov/Desktop/workdir/giftcertificates/datasource/build/resources/test:/Users/dzmitryplatonov/Desktop/workdir/giftcertificates/datasource/build/classes/java/main:/Users/dzmitryplatonov/Desktop/workdir/giftcertificates/datasource/build/resources/main:/Users/dzmitryplatonov/.m2/repository/org/apache/logging/log4j/log4j-web/2.11.2/log4j-web-2.11.2.jar:/Users/dzmitryplatonov/.m2/repository/org/apache/logging/log4j/log4j-core/2.11.2/log4j-core-2.11.2.jar:/Users/dzmitryplatonov/.gradle/caches/modules-2/files-2.1/org.springframework.boot/spring-boot-starter-web/2.1.9.RELEASE/2063870234eebbda3c09dddf9853477fe9e4a719/spring-boot-starter-web-2.1.9.RELEASE.jar:/Users/dzmitryplatonov/.gradle/caches/modules-2/files-2.1/org.springframework.boot/spring-boot-starter-security/2.1.9.RELEASE/bde048665003362d9e16aa75a8804f90dce1d31e/spring-boot-starter-security-2.1.9.RELEASE.jar:/Users/dzmitryplatonov/.gradle/caches/modules-2/files-2.1/org.springframework.boot/spring-boot-starter-data-jpa/2.1.9.RELEASE/784d6d5c525c2dd9fac31031ee6ca2ec8b067af5/spring-boot-starter-data-jpa-2.1.9.RELEASE.jar:/Users/dzmitryplatonov/.gradle/caches/modules-2/files-2.1/org.springframework.boot/spring-boot-starter-aop/2.1.9.RELEASE/74226b26cf15952f639deca38fe919701755c97b/spring-boot-starter-aop-2.1.9.RELEASE.jar:/Users/dzmitryplatonov/.gradle/caches/modules-2/files-2.1/org.springframework.boot/spring-boot-starter-jdbc/2.1.9.RELEASE/3f7d1d67669dfa0ea4ff9216afbeef5bc6a58ecb/spring-boot-starter-jdbc-2.1.9.RELEASE.jar:/Users/dzmitryplatonov/.gradle/caches/modules-2/files-2.1/org.springframework.boot/spring-boot-starter-json/2.1.9.RELEASE/53bdf52bc28b7e753874e0136fb33c9eab184276/spring-boot-starter-json-2.1.9.RELEASE.jar:/Users/dzmitryplatonov/.gradle/caches/modules-2/files-2.1/org.springframework.boot/spring-boot-starter/2.1.9.RELEASE/45d7afa2d9aab4b2984f2c330f507797fbcf501f/spring-boot-starter-2.1.9.RELEASE.jar:/Users/dzmitryplatonov/.gradle/caches/modules-2/files-2.1/org.springframework.boot/spring-boot-starter-logging/2.1.9.RELEASE/802b562b0c602ae9242b659a28b9bf89ca689b2d/spring-boot-starter-logging-2.1.9.RELEASE.jar:/Users/dzmitryplatonov/.m2/repository/org/apache/logging/log4j/log4j-to-slf4j/2.11.2/log4j-to-slf4j-2.11.2.jar:/Users/dzmitryplatonov/.m2/repository/org/apache/logging/log4j/log4j-api/2.11.2/log4j-api-2.11.2.jar:/Users/dzmitryplatonov/.m2/repository/org/hibernate/validator/hibernate-validator/6.0.17.Final/hibernate-validator-6.0.17.Final.jar:/Users/dzmitryplatonov/.m2/repository/javax/validation/validation-api/2.0.1.Final/validation-api-2.0.1.Final.jar:/Users/dzmitryplatonov/.gradle/caches/modules-2/files-2.1/org.springframework.security.oauth.boot/spring-security-oauth2-autoconfigure/2.1.9.RELEASE/abbbf98ebc0454774162add4b412a7ee5da66877/spring-security-oauth2-autoconfigure-2.1.9.RELEASE.jar:/Users/dzmitryplatonov/.gradle/caches/modules-2/files-2.1/com.auth0/jwks-rsa/0.9.0/6e3a813bce7eb07327f2a5384fb178eb21469338/jwks-rsa-0.9.0.jar:/Users/dzmitryplatonov/.gradle/caches/modules-2/files-2.1/io.jsonwebtoken/jjwt/0.9.1/54d2abfc3e63a28824d35bf600d6a5d627da681a/jjwt-0.9.1.jar:/Users/dzmitryplatonov/.gradle/caches/modules-2/files-2.1/io.jsonwebtoken/jjwt-jackson/0.10.7/52b5a612da95a0c0edc867ccac65bb0f6762ed7b/jjwt-jackson-0.10.7.jar:/Users/dzmitryplatonov/.m2/repository/com/fasterxml/jackson/datatype/jackson-datatype-jsr310/2.9.9/jackson-datatype-jsr310-2.9.9.jar:/Users/dzmitryplatonov/.m2/repository/com/fasterxml/jackson/datatype/jackson-datatype-jdk8/2.9.9/jackson-datatype-jdk8-2.9.9.jar:/Users/dzmitryplatonov/.m2/repository/com/fasterxml/jackson/module/jackson-module-parameter-names/2.9.9/jackson-module-parameter-names-2.9.9.jar:/Users/dzmitryplatonov/.gradle/caches/modules-2/files-2.1/com.fasterxml.jackson.core/jackson-databind/2.10.0.pr3/4e17238b159dcd1167b095024fe07f41da1e37ac/jackson-databind-2.10.0.pr3.jar:/Users/dzmitryplatonov/.gradle/caches/modules-2/files-2.1/com.fasterxml.jackson.core/jackson-annotations/2.10.0.pr3/6c99a6d972b8bdd92192bef4b0ff5df164e9cafc/jackson-annotations-2.10.0.pr3.jar:/Users/dzmitryplatonov/.m2/repository/org/springframework/hateoas/spring-hateoas/0.25.1.RELEASE/spring-hateoas-0.25.1.RELEASE.jar:/Users/dzmitryplatonov/.m2/repository/org/springframework/plugin/spring-plugin-core/1.2.0.RELEASE/spring-plugin-core-1.2.0.RELEASE.jar:/Users/dzmitryplatonov/.gradle/caches/modules-2/files-2.1/org.springframework.security/spring-security-oauth2-client/5.1.6.RELEASE/8a77b659f7f6616ca5970796c04106595819f4eb/spring-security-oauth2-client-5.1.6.RELEASE.jar:/Users/dzmitryplatonov/.gradle/caches/modules-2/files-2.1/org.springframework.security/spring-security-oauth2-jose/5.1.6.RELEASE/78f947f9b1ee235f7efbb697e15acd05e16d009a/spring-security-oauth2-jose-5.1.6.RELEASE.jar:/Users/dzmitryplatonov/.gradle/caches/modules-2/files-2.1/org.springframework.security/spring-security-openid/5.2.0.RELEASE/e67725a379bcc03c3edd571d6fec4800b2313a00/spring-security-openid-5.2.0.RELEASE.jar:/Users/dzmitryplatonov/.gradle/caches/modules-2/files-2.1/org.springframework.data/spring-data-jpa/2.1.11.RELEASE/b774364187f5e68379b8c3121232a04686a0325c/spring-data-jpa-2.1.11.RELEASE.jar:/Users/dzmitryplatonov/.gradle/caches/modules-2/files-2.1/org.springframework/spring-orm/5.1.10.RELEASE/ce92238d65405408387b1ae7a5dd5a280f7ea29f/spring-orm-5.1.10.RELEASE.jar:/Users/dzmitryplatonov/.gradle/caches/modules-2/files-2.1/org.springframework/spring-jdbc/5.1.10.RELEASE/48957bfad9656fdba9263539e2fa8f3034939ba8/spring-jdbc-5.1.10.RELEASE.jar:/Users/dzmitryplatonov/.m2/repository/org/postgresql/postgresql/42.2.8/postgresql-42.2.8.jar:/Users/dzmitryplatonov/.gradle/caches/modules-2/files-2.1/org.springframework.boot/spring-boot-starter-tomcat/2.1.9.RELEASE/99bef08a0b7fd10ff9827f0f8e6f49b97cbabf7f/spring-boot-starter-tomcat-2.1.9.RELEASE.jar:/Users/dzmitryplatonov/.m2/repository/javax/annotation/javax.annotation-api/1.3.2/javax.annotation-api-1.3.2.jar:/Users/dzmitryplatonov/.gradle/caches/modules-2/files-2.1/io.jsonwebtoken/jjwt-impl/0.10.7/49cf3b0b6f10eb024104ae39c111c1fd0cd3be64/jjwt-impl-0.10.7.jar:/Users/dzmitryplatonov/.gradle/caches/modules-2/files-2.1/org.junit.jupiter/junit-jupiter-params/5.2.0/d70083080bf3400c181562919cb03bf7588104e1/junit-jupiter-params-5.2.0.jar:/Users/dzmitryplatonov/.gradle/caches/modules-2/files-2.1/org.mockito/mockito-junit-jupiter/2.18.3/827104c6aed482c68159faf320f44f5eb5b03bd/mockito-junit-jupiter-2.18.3.jar:/Users/dzmitryplatonov/.m2/repository/org/mockito/mockito-core/2.28.2/mockito-core-2.28.2.jar:/Users/dzmitryplatonov/.m2/repository/com/h2database/h2/1.4.197/h2-1.4.197.jar:/Users/dzmitryplatonov/.gradle/caches/modules-2/files-2.1/org.springframework/spring-test/5.0.1.RELEASE/47dee3bebbcbcaff1be786b6c0db654ba7376eb9/spring-test-5.0.1.RELEASE.jar:/Users/dzmitryplatonov/.gradle/caches/modules-2/files-2.1/org.junit.jupiter/junit-jupiter-engine/5.3.1/e2676b1786c57a80eb98f5bebd51a3d05e228c40/junit-jupiter-engine-5.3.1.jar:/Users/dzmitryplatonov/.gradle/caches/modules-2/files-2.1/org.junit.jupiter/junit-jupiter-api/5.3.1/a7e97eac2784395cb991403f9641b042ad972941/junit-jupiter-api-5.3.1.jar:/Users/dzmitryplatonov/.gradle/caches/modules-2/files-2.1/org.hibernate/hibernate-core/5.3.12.Final/e1929362fe24a9f62142d18f1ac5b0d7f278ef22/hibernate-core-5.3.12.Final.jar:/Users/dzmitryplatonov/.m2/repository/org/hibernate/common/hibernate-commons-annotations/5.0.4.Final/hibernate-commons-annotations-5.0.4.Final.jar:/Users/dzmitryplatonov/.m2/repository/org/jboss/logging/jboss-logging/3.3.2.Final/jboss-logging-3.3.2.Final.jar:/Users/dzmitryplatonov/.m2/repository/com/fasterxml/classmate/1.3.4/classmate-1.3.4.jar:/Users/dzmitryplatonov/.gradle/caches/modules-2/files-2.1/com.fasterxml.jackson.core/jackson-core/2.10.0.pr3/1d2f9b816bcd00130ddc9dae6c99f7b533afcc73/jackson-core-2.10.0.pr3.jar:/Users/dzmitryplatonov/.gradle/caches/modules-2/files-2.1/org.springframework.security.oauth/spring-security-oauth2/2.3.5.RELEASE/7969f5363398d6d3788bef1740b2ab9509043d51/spring-security-oauth2-2.3.5.RELEASE.jar:/Users/dzmitryplatonov/.gradle/caches/modules-2/files-2.1/org.springframework/spring-webmvc/5.1.10.RELEASE/67b6da7852e89bc0df6ce36a263ac4377fe48e27/spring-webmvc-5.1.10.RELEASE.jar:/Users/dzmitryplatonov/.m2/repository/org/springframework/security/spring-security-config/5.1.6.RELEASE/spring-security-config-5.1.6.RELEASE.jar:/Users/dzmitryplatonov/.gradle/caches/modules-2/files-2.1/org.springframework.security/spring-security-oauth2-core/5.1.6.RELEASE/f3b2623760154aac86d32427696842c7c3d85326/spring-security-oauth2-core-5.1.6.RELEASE.jar:/Users/dzmitryplatonov/.gradle/caches/modules-2/files-2.1/org.springframework.security/spring-security-web/5.2.0.RELEASE/a9ff06ad3fd66cd08545e1a601c66d2256c86e0f/spring-security-web-5.2.0.RELEASE.jar:/Users/dzmitryplatonov/.gradle/caches/modules-2/files-2.1/org.springframework.security/spring-security-core/5.2.0.RELEASE/1c8f36e316a74c245073ce2a70bdf198a58424f6/spring-security-core-5.2.0.RELEASE.jar:/Users/dzmitryplatonov/.gradle/caches/modules-2/files-2.1/org.springframework.boot/spring-boot-autoconfigure/2.1.9.RELEASE/aa6d5e0fef585bec64543b9b8f944a94060e710a/spring-boot-autoconfigure-2.1.9.RELEASE.jar:/Users/dzmitryplatonov/.gradle/caches/modules-2/files-2.1/org.springframework.boot/spring-boot/2.1.9.RELEASE/b18e7287a82ee06c6bb4e79423c25c05b8303dc1/spring-boot-2.1.9.RELEASE.jar:/Users/dzmitryplatonov/.gradle/caches/modules-2/files-2.1/org.springframework/spring-context/5.2.0.RELEASE/a2638a8295f13ed8511c98a2379507677e1d16fa/spring-context-5.2.0.RELEASE.jar:/Users/dzmitryplatonov/.gradle/caches/modules-2/files-2.1/org.springframework/spring-aop/5.2.0.RELEASE/7031d44f063ea68e49b881a985967e7f2c144f3b/spring-aop-5.2.0.RELEASE.jar:/Users/dzmitryplatonov/.gradle/caches/modules-2/files-2.1/org.springframework/spring-web/5.2.0.RELEASE/d5b064196dc014519e751df549b4cc6a753fb191/spring-web-5.2.0.RELEASE.jar:/Users/dzmitryplatonov/.gradle/caches/modules-2/files-2.1/org.springframework.data/spring-data-commons/2.1.11.RELEASE/dace2a47d274ac5f0ac3ff2f47cb0b936bef5b46/spring-data-commons-2.1.11.RELEASE.jar:/Users/dzmitryplatonov/.gradle/caches/modules-2/files-2.1/org.springframework/spring-tx/5.1.10.RELEASE/c32ebb7fb1be3b733304b7873c31817dd434479a/spring-tx-5.1.10.RELEASE.jar:/Users/dzmitryplatonov/.gradle/caches/modules-2/files-2.1/org.springframework/spring-beans/5.2.0.RELEASE/3ae97694618c59e6af695a15e54fabb7e319776/spring-beans-5.2.0.RELEASE.jar:/Users/dzmitryplatonov/.gradle/caches/modules-2/files-2.1/org.springframework/spring-expression/5.2.0.RELEASE/ac6a616451129e717979f18d2bff40528698a46e/spring-expression-5.2.0.RELEASE.jar:/Users/dzmitryplatonov/.gradle/caches/modules-2/files-2.1/org.springframework/spring-core/5.2.0.RELEASE/e0e1b3c304f70ed19d7905975f6f990916ada219/spring-core-5.2.0.RELEASE.jar:/Users/dzmitryplatonov/.m2/repository/com/zaxxer/HikariCP/3.2.0/HikariCP-3.2.0.jar:/Users/dzmitryplatonov/.m2/repository/ch/qos/logback/logback-classic/1.2.3/logback-classic-1.2.3.jar:/Users/dzmitryplatonov/.m2/repository/org/slf4j/jul-to-slf4j/1.7.28/jul-to-slf4j-1.7.28.jar:/Users/dzmitryplatonov/.m2/repository/org/slf4j/slf4j-api/1.7.28/slf4j-api-1.7.28.jar:/Users/dzmitryplatonov/.m2/repository/javax/transaction/javax.transaction-api/1.3/javax.transaction-api-1.3.jar:/Users/dzmitryplatonov/.gradle/caches/modules-2/files-2.1/org.glassfish.jaxb/jaxb-runtime/2.3.1/dd6dda9da676a54c5b36ca2806ff95ee017d8738/jaxb-runtime-2.3.1.jar:/Users/dzmitryplatonov/.m2/repository/javax/xml/bind/jaxb-api/2.3.1/jaxb-api-2.3.1.jar:/Users/dzmitryplatonov/.gradle/caches/modules-2/files-2.1/org.springframework/spring-aspects/5.1.10.RELEASE/b0364caabcde96dc6385480d0f9270613ab04511/spring-aspects-5.1.10.RELEASE.jar:/Users/dzmitryplatonov/.gradle/caches/modules-2/files-2.1/org.springframework.security/spring-security-jwt/1.0.10.RELEASE/19a1ca7a83e9d263a31af5f529da460f8f863451/spring-security-jwt-1.0.10.RELEASE.jar:/Users/dzmitryplatonov/.gradle/caches/modules-2/files-2.1/com.nimbusds/oauth2-oidc-sdk/6.0/e731f0b62727a46ae6d6fded62b5678d28273c3c/oauth2-oidc-sdk-6.0.jar:/Users/dzmitryplatonov/.gradle/caches/modules-2/files-2.1/com.nimbusds/nimbus-jose-jwt/6.0.2/81605278e5df1cf4c3774851649b85cade077fa5/nimbus-jose-jwt-6.0.2.jar:/Users/dzmitryplatonov/.gradle/caches/modules-2/files-2.1/com.google.inject/guice/3.0/9d84f15fe35e2c716a02979fb62f50a29f38aefa/guice-3.0.jar:/Users/dzmitryplatonov/.gradle/caches/modules-2/files-2.1/org.openid4java/openid4java-nodeps/0.9.6/52ca394f5f6d38b78e35a5a6a0a341dc5b3aaf34/openid4java-nodeps-0.9.6.jar:/Users/dzmitryplatonov/.gradle/caches/modules-2/files-2.1/net.sourceforge.nekohtml/nekohtml/1.9.22/4f54af68ecb345f2453fb6884672ad08414154e3/nekohtml-1.9.22.jar:/Users/dzmitryplatonov/.gradle/caches/modules-2/files-2.1/org.apache.httpcomponents/httpclient/4.5.10/7ca2e4276f4ef95e4db725a8cd4a1d1e7585b9e5/httpclient-4.5.10.jar:/Users/dzmitryplatonov/.gradle/caches/modules-2/files-2.1/commons-codec/commons-codec/1.13/3f18e1aa31031d89db6f01ba05d501258ce69d2c/commons-codec-1.13.jar:/Users/dzmitryplatonov/.m2/repository/commons-io/commons-io/2.6/commons-io-2.6.jar:/Users/dzmitryplatonov/.gradle/caches/modules-2/files-2.1/com.google.guava/guava/27.1-jre/e47b59c893079b87743cdcfb6f17ca95c08c592c/guava-27.1-jre.jar:/Users/dzmitryplatonov/.gradle/caches/modules-2/files-2.1/io.jsonwebtoken/jjwt-api/0.10.7/52e888d8424d3c788e23fedfbfc65ce36830ab1a/jjwt-api-0.10.7.jar:/Users/dzmitryplatonov/.m2/repository/org/junit/platform/junit-platform-engine/1.3.1/junit-platform-engine-1.3.1.jar:/Users/dzmitryplatonov/.m2/repository/org/junit/platform/junit-platform-commons/1.3.1/junit-platform-commons-1.3.1.jar:/Users/dzmitryplatonov/.m2/repository/org/apiguardian/apiguardian-api/1.0.0/apiguardian-api-1.0.0.jar:/Users/dzmitryplatonov/.gradle/caches/modules-2/files-2.1/net.bytebuddy/byte-buddy/1.9.11/985bbce599f92d6440582a7d1a5231bfaae9970f/byte-buddy-1.9.11.jar:/Users/dzmitryplatonov/.m2/repository/net/bytebuddy/byte-buddy-agent/1.9.10/byte-buddy-agent-1.9.10.jar:/Users/dzmitryplatonov/.m2/repository/org/objenesis/objenesis/2.6/objenesis-2.6.jar:/Users/dzmitryplatonov/.m2/repository/org/opentest4j/opentest4j/1.1.1/opentest4j-1.1.1.jar:/Users/dzmitryplatonov/.m2/repository/org/aspectj/aspectjweaver/1.9.4/aspectjweaver-1.9.4.jar:/Users/dzmitryplatonov/.m2/repository/javax/activation/javax.activation-api/1.2.0/javax.activation-api-1.2.0.jar:/Users/dzmitryplatonov/.m2/repository/javax/persistence/javax.persistence-api/2.2/javax.persistence-api-2.2.jar:/Users/dzmitryplatonov/.m2/repository/org/javassist/javassist/3.23.2-GA/javassist-3.23.2-GA.jar:/Users/dzmitryplatonov/.m2/repository/antlr/antlr/2.7.7/antlr-2.7.7.jar:/Users/dzmitryplatonov/.m2/repository/org/jboss/jandex/2.0.5.Final/jandex-2.0.5.Final.jar:/Users/dzmitryplatonov/.m2/repository/org/dom4j/dom4j/2.1.1/dom4j-2.1.1.jar:/Users/dzmitryplatonov/.m2/repository/org/yaml/snakeyaml/1.23/snakeyaml-1.23.jar:/Users/dzmitryplatonov/.gradle/caches/modules-2/files-2.1/org.apache.tomcat.embed/tomcat-embed-websocket/9.0.26/8991b1bd82c5745e95a9161472a92dc1e5c7148e/tomcat-embed-websocket-9.0.26.jar:/Users/dzmitryplatonov/.gradle/caches/modules-2/files-2.1/org.apache.tomcat.embed/tomcat-embed-core/9.0.26/6312ba542bc58fa9ee789a43516ce4d862548a6b/tomcat-embed-core-9.0.26.jar:/Users/dzmitryplatonov/.gradle/caches/modules-2/files-2.1/org.apache.tomcat.embed/tomcat-embed-el/9.0.26/a551f05d3ecf5434eaadd75e0b51519447df124/tomcat-embed-el-9.0.26.jar:/Users/dzmitryplatonov/.gradle/caches/modules-2/files-2.1/org.codehaus.jackson/jackson-mapper-asl/1.9.13/1ee2f2bed0e5dd29d1cb155a166e6f8d50bbddb7/jackson-mapper-asl-1.9.13.jar:/Users/dzmitryplatonov/.gradle/caches/modules-2/files-2.1/org.bouncycastle/bcpkix-jdk15on/1.60/d0c46320fbc07be3a24eb13a56cee4e3d38e0c75/bcpkix-jdk15on-1.60.jar:/Users/dzmitryplatonov/.gradle/caches/modules-2/files-2.1/org.glassfish.jaxb/txw2/2.3.1/a09d2c48d3285f206fafbffe0e50619284e92126/txw2-2.3.1.jar:/Users/dzmitryplatonov/.gradle/caches/modules-2/files-2.1/com.sun.istack/istack-commons-runtime/3.0.7/c197c86ceec7318b1284bffb49b54226ca774003/istack-commons-runtime-3.0.7.jar:/Users/dzmitryplatonov/.gradle/caches/modules-2/files-2.1/org.jvnet.staxex/stax-ex/1.8/8cc35f73da321c29973191f2cf143d29d26a1df7/stax-ex-1.8.jar:/Users/dzmitryplatonov/.gradle/caches/modules-2/files-2.1/com.sun.xml.fastinfoset/FastInfoset/1.2.15/bb7b7ec0379982b97c62cd17465cb6d9155f68e8/FastInfoset-1.2.15.jar:/Users/dzmitryplatonov/.gradle/caches/modules-2/files-2.1/com.sun.mail/javax.mail/1.6.1/757ba4630692bb2a1ec2d9d57a616b63f15e947e/javax.mail-1.6.1.jar:/Users/dzmitryplatonov/.gradle/caches/modules-2/files-2.1/com.github.stephenc.jcip/jcip-annotations/1.0-1/ef31541dd28ae2cefdd17c7ebf352d93e9058c63/jcip-annotations-1.0-1.jar:/Users/dzmitryplatonov/.m2/repository/net/minidev/json-smart/2.3/json-smart-2.3.jar:/Users/dzmitryplatonov/.gradle/caches/modules-2/files-2.1/com.nimbusds/lang-tag/1.4.4/1db9a709239ae473a69b5424c7e78d0b7108229d/lang-tag-1.4.4.jar:/Users/dzmitryplatonov/.gradle/caches/modules-2/files-2.1/org.springframework/spring-jcl/5.2.0.RELEASE/59b53ab6f01dd3ba85875b61a284c161584c18a3/spring-jcl-5.2.0.RELEASE.jar:/Users/dzmitryplatonov/.m2/repository/javax/inject/javax.inject/1/javax.inject-1.jar:/Users/dzmitryplatonov/.gradle/caches/modules-2/files-2.1/org.sonatype.sisu.inject/cglib/2.2.1-v20090111/7ce5e983fd0e6c78346f4c9cbfa39d83049dda2/cglib-2.2.1-v20090111.jar:/Users/dzmitryplatonov/.m2/repository/commons-logging/commons-logging/1.2/commons-logging-1.2.jar:/Users/dzmitryplatonov/.m2/repository/net/jcip/jcip-annotations/1.0/jcip-annotations-1.0.jar:/Users/dzmitryplatonov/.m2/repository/xerces/xercesImpl/2.11.0/xercesImpl-2.11.0.jar:/Users/dzmitryplatonov/.gradle/caches/modules-2/files-2.1/org.apache.httpcomponents/httpcore/4.4.12/21ebaf6d532bc350ba95bd81938fa5f0e511c132/httpcore-4.4.12.jar:/Users/dzmitryplatonov/.gradle/caches/modules-2/files-2.1/com.google.guava/failureaccess/1.0.1/1dcf1de382a0bf95a3d8b0849546c88bac1292c9/failureaccess-1.0.1.jar:/Users/dzmitryplatonov/.gradle/caches/modules-2/files-2.1/com.google.guava/listenablefuture/9999.0-empty-to-avoid-conflict-with-guava/b421526c5f297295adef1c886e5246c39d4ac629/listenablefuture-9999.0-empty-to-avoid-conflict-with-guava.jar:/Users/dzmitryplatonov/.m2/repository/com/google/code/findbugs/jsr305/3.0.2/jsr305-3.0.2.jar:/Users/dzmitryplatonov/.gradle/caches/modules-2/files-2.1/org.checkerframework/checker-qual/2.5.2/cea74543d5904a30861a61b4643a5f2bb372efc4/checker-qual-2.5.2.jar:/Users/dzmitryplatonov/.gradle/caches/modules-2/files-2.1/com.google.errorprone/error_prone_annotations/2.2.0/88e3c593e9b3586e1c6177f89267da6fc6986f0c/error_prone_annotations-2.2.0.jar:/Users/dzmitryplatonov/.gradle/caches/modules-2/files-2.1/com.google.j2objc/j2objc-annotations/1.1/ed28ded51a8b1c6b112568def5f4b455e6809019/j2objc-annotations-1.1.jar:/Users/dzmitryplatonov/.gradle/caches/modules-2/files-2.1/org.codehaus.mojo/animal-sniffer-annotations/1.17/f97ce6decaea32b36101e37979f8b647f00681fb/animal-sniffer-annotations-1.17.jar:/Users/dzmitryplatonov/.gradle/caches/modules-2/files-2.1/org.codehaus.jackson/jackson-core-asl/1.9.13/3c304d70f42f832e0a86d45bd437f692129299a4/jackson-core-asl-1.9.13.jar:/Users/dzmitryplatonov/.gradle/caches/modules-2/files-2.1/org.bouncycastle/bcprov-jdk15on/1.60/bd47ad3bd14b8e82595c7adaa143501e60842a84/bcprov-jdk15on-1.60.jar:/Users/dzmitryplatonov/.m2/repository/javax/activation/activation/1.1/activation-1.1.jar:/Users/dzmitryplatonov/.m2/repository/net/minidev/accessors-smart/1.2/accessors-smart-1.2.jar:/Users/dzmitryplatonov/.gradle/caches/modules-2/files-2.1/asm/asm/3.1/c157def142714c544bdea2e6144645702adf7097/asm-3.1.jar:/Users/dzmitryplatonov/.m2/repository/xml-apis/xml-apis/1.4.01/xml-apis-1.4.01.jar:/Users/dzmitryplatonov/.m2/repository/ch/qos/logback/logback-core/1.2.3/logback-core-1.2.3.jar:/Users/dzmitryplatonov/.gradle/caches/modules-2/files-2.1/org.apache.tomcat/tomcat-annotations-api/9.0.26/bb4574456c5db64acfcd2aa6f426d87e6c05a772/tomcat-annotations-api-9.0.26.jar:/Users/dzmitryplatonov/.m2/repository/org/ow2/asm/asm/5.0.4/asm-5.0.4.jar, java.vm.vendor=Oracle Corporation, sun.arch.data.model=64, user.variant=, java.vendor.url=http://java.oracle.com/, user.timezone=Europe/Minsk, os.name=Mac OS X, java.vm.specification.version=11, javax.persistence.validation.mode=AUTO, user.country=BY, sun.java.launcher=SUN_STANDARD, sun.boot.library.path=/Library/Java/JavaVirtualMachines/jdk-11.0.4.jdk/Contents/Home/lib, sun.java.command=worker.org.gradle.process.internal.worker.GradleWorkerMain 'Gradle Test Executor 3', hibernate.transaction.jta.platform=org.hibernate.engine.transaction.jta.platform.internal.NoJtaPlatform@5d75efe0, http.nonProxyHosts=local|*.local|169.254/16|*.169.254/16, javax.persistence.sharedCache.mode=UNSPECIFIED, jdk.debug=release, sun.cpu.endian=little, user.home=/Users/dzmitryplatonov, user.language=ru, java.specification.vendor=Oracle Corporation, org.gradle.native=false, java.version.date=2019-07-16, java.home=/Library/Java/JavaVirtualMachines/jdk-11.0.4.jdk/Contents/Home, file.separator=/, java.vm.compressedOopsMode=Zero based, line.separator=
, java.specification.name=Java Platform API Specification, java.vm.specification.vendor=Oracle Corporation, hibernate.transaction.coordinator_class=class org.hibernate.resource.transaction.backend.jdbc.internal.JdbcResourceLocalTransactionCoordinatorBuilderImpl, java.awt.graphicsenv=sun.awt.CGraphicsEnvironment, hibernate.hbm2ddl.auto=create-drop, sun.management.compiler=HotSpot 64-Bit Tiered Compilers, ftp.nonProxyHosts=local|*.local|169.254/16|*.169.254/16, java.runtime.version=11.0.4+10-LTS, user.name=dzmitryplatonov, path.separator=:, os.version=10.14.6, java.runtime.name=Java(TM) SE Runtime Environment, file.encoding=UTF-8, hibernate.ejb.persistenceUnitName=default, java.vm.name=Java HotSpot(TM) 64-Bit Server VM, java.vendor.version=18.9, java.vendor.url.bug=http://bugreport.java.com/bugreport/, java.io.tmpdir=/var/folders/nm/5f650mms7n577yq7w4kkdfl80000gn/T/, com.zaxxer.hikari.pool_number=1, java.version=11.0.4, hibernate.physical_naming_strategy=org.springframework.boot.orm.jpa.hibernate.SpringPhysicalNamingStrategy, user.dir=/Users/dzmitryplatonov/Desktop/workdir/giftcertificates/datasource, os.arch=x86_64, java.vm.specification.name=Java Virtual Machine Specification, java.awt.printerjob=sun.lwawt.macosx.CPrinterJob, sun.os.patch.level=unknown, hibernate.boot.CfgXmlAccessService.key=org.hibernate.boot.cfgxml.spi.LoadedConfig@bfccc66, java.library.path=/Users/dzmitryplatonov/Library/Java/Extensions:/Library/Java/Extensions:/Network/Library/Java/Extensions:/System/Library/Java/Extensions:/usr/lib/java:., java.vendor=Oracle Corporation, java.vm.info=mixed mode, java.vm.version=11.0.4+10-LTS, hibernate.bytecode.use_reflection_optimizer=false, sun.io.unicode.encoding=UnicodeBig, hibernate.connection.datasource=HikariDataSource (HikariPool-16), socksNonProxyHosts=local|*.local|169.254/16|*.169.254/16, java.class.version=55.0}
17:03:35.215 [Test worker] DEBUG org.hibernate.validator.internal.engine.resolver.TraversableResolvers - Found javax.persistence.Persistence on classpath containing 'getPersistenceUtil'. Assuming JPA 2 environment. Trying to instantiate JPA aware TraversableResolver
17:03:35.215 [Test worker] DEBUG org.hibernate.validator.internal.engine.resolver.TraversableResolvers - Instantiated JPA aware TraversableResolver of type org.hibernate.validator.internal.engine.resolver.JPATraversableResolver.
17:03:35.216 [Test worker] DEBUG org.hibernate.validator.internal.xml.config.ValidationXmlParser - Trying to load META-INF/validation.xml for XML based Validator configuration.
17:03:35.216 [Test worker] DEBUG org.hibernate.validator.internal.xml.config.ResourceLoaderHelper - Trying to load META-INF/validation.xml via TCCL
17:03:35.216 [Test worker] DEBUG org.hibernate.validator.internal.xml.config.ResourceLoaderHelper - Trying to load META-INF/validation.xml via Hibernate Validator's class loader
17:03:35.216 [Test worker] DEBUG org.hibernate.validator.internal.xml.config.ValidationXmlParser - No META-INF/validation.xml found. Using annotation based configuration only.
17:03:35.221 [Test worker] DEBUG org.hibernate.validator.messageinterpolation.ResourceBundleMessageInterpolator - Loaded expression factory via original TCCL
17:03:35.221 [Test worker] DEBUG org.hibernate.validator.internal.engine.ValidatorFactoryImpl - HV000234: Using org.hibernate.validator.messageinterpolation.ResourceBundleMessageInterpolator as ValidatorFactory-scoped message interpolator.
17:03:35.221 [Test worker] DEBUG org.hibernate.validator.internal.engine.ValidatorFactoryImpl - HV000234: Using org.hibernate.validator.internal.engine.resolver.JPATraversableResolver as ValidatorFactory-scoped traversable resolver.
17:03:35.221 [Test worker] DEBUG org.hibernate.validator.internal.engine.ValidatorFactoryImpl - HV000234: Using org.hibernate.validator.internal.util.ExecutableParameterNameProvider as ValidatorFactory-scoped parameter name provider.
17:03:35.221 [Test worker] DEBUG org.hibernate.validator.internal.engine.ValidatorFactoryImpl - HV000234: Using org.hibernate.validator.internal.engine.DefaultClockProvider as ValidatorFactory-scoped clock provider.
17:03:35.221 [Test worker] DEBUG org.hibernate.validator.internal.engine.ValidatorFactoryImpl - HV000234: Using org.hibernate.validator.internal.engine.scripting.DefaultScriptEvaluatorFactory as ValidatorFactory-scoped script evaluator factory.
17:03:35.221 [Test worker] DEBUG org.hibernate.boot.internal.ClassLoaderAccessImpl - Not known whether passed class name [com.epam.esm.entity.Order] is safe
17:03:35.221 [Test worker] DEBUG org.hibernate.boot.internal.ClassLoaderAccessImpl - No temp ClassLoader provided; using live ClassLoader for loading potentially unsafe class : com.epam.esm.entity.Order
17:03:35.223 [Test worker] DEBUG org.hibernate.boot.internal.ClassLoaderAccessImpl - Not known whether passed class name [com.epam.esm.entity.GiftCertificate] is safe
17:03:35.223 [Test worker] DEBUG org.hibernate.boot.internal.ClassLoaderAccessImpl - No temp ClassLoader provided; using live ClassLoader for loading potentially unsafe class : com.epam.esm.entity.GiftCertificate
17:03:35.224 [Test worker] DEBUG org.hibernate.boot.internal.ClassLoaderAccessImpl - Not known whether passed class name [com.epam.esm.entity.User] is safe
17:03:35.225 [Test worker] DEBUG org.hibernate.boot.internal.ClassLoaderAccessImpl - No temp ClassLoader provided; using live ClassLoader for loading potentially unsafe class : com.epam.esm.entity.User
17:03:35.226 [Test worker] DEBUG org.hibernate.boot.internal.ClassLoaderAccessImpl - Not known whether passed class name [com.epam.esm.entity.Entity] is safe
17:03:35.226 [Test worker] DEBUG org.hibernate.boot.internal.ClassLoaderAccessImpl - No temp ClassLoader provided; using live ClassLoader for loading potentially unsafe class : com.epam.esm.entity.Entity
17:03:35.227 [Test worker] DEBUG org.hibernate.boot.internal.ClassLoaderAccessImpl - Not known whether passed class name [com.epam.esm.entity.Tag] is safe
17:03:35.227 [Test worker] DEBUG org.hibernate.boot.internal.ClassLoaderAccessImpl - No temp ClassLoader provided; using live ClassLoader for loading potentially unsafe class : com.epam.esm.entity.Tag
17:03:35.228 [Test worker] DEBUG org.hibernate.boot.internal.ClassLoaderAccessImpl - Not known whether passed class name [com.epam.esm.entity.OrderCertificate] is safe
17:03:35.228 [Test worker] DEBUG org.hibernate.boot.internal.ClassLoaderAccessImpl - No temp ClassLoader provided; using live ClassLoader for loading potentially unsafe class : com.epam.esm.entity.OrderCertificate
17:03:35.228 [Test worker] DEBUG org.hibernate.boot.internal.ClassLoaderAccessImpl - Not known whether passed class name [com.epam.esm.entity.Role] is safe
17:03:35.229 [Test worker] DEBUG org.hibernate.boot.internal.ClassLoaderAccessImpl - No temp ClassLoader provided; using live ClassLoader for loading potentially unsafe class : com.epam.esm.entity.Role
17:03:35.229 [Test worker] DEBUG org.hibernate.secure.spi.JaccIntegrator - Skipping JACC integration as it was not enabled
17:03:35.229 [Test worker] DEBUG org.hibernate.internal.SessionFactoryImpl - Instantiated session factory
17:03:35.229 [Test worker] DEBUG org.hibernate.type.spi.TypeConfiguration$Scope - Scoping TypeConfiguration [org.hibernate.type.spi.TypeConfiguration@721c5b4b] to SessionFactoryImpl [org.hibernate.internal.SessionFactoryImpl@56c60e1c]
17:03:35.229 [Test worker] DEBUG org.hibernate.boot.internal.ClassLoaderAccessImpl - Not known whether passed class name [com.epam.esm.entity.Order] is safe
17:03:35.229 [Test worker] DEBUG org.hibernate.boot.internal.ClassLoaderAccessImpl - No temp ClassLoader provided; using live ClassLoader for loading potentially unsafe class : com.epam.esm.entity.Order
17:03:35.230 [Test worker] DEBUG org.hibernate.boot.internal.ClassLoaderAccessImpl - Not known whether passed class name [com.epam.esm.entity.Order] is safe
17:03:35.230 [Test worker] DEBUG org.hibernate.boot.internal.ClassLoaderAccessImpl - No temp ClassLoader provided; using live ClassLoader for loading potentially unsafe class : com.epam.esm.entity.Order
17:03:35.236 [Test worker] DEBUG org.hibernate.boot.internal.ClassLoaderAccessImpl - Not known whether passed class name [com.epam.esm.entity.GiftCertificate] is safe
17:03:35.236 [Test worker] DEBUG org.hibernate.boot.internal.ClassLoaderAccessImpl - No temp ClassLoader provided; using live ClassLoader for loading potentially unsafe class : com.epam.esm.entity.GiftCertificate
17:03:35.237 [Test worker] DEBUG org.hibernate.boot.internal.ClassLoaderAccessImpl - Not known whether passed class name [com.epam.esm.entity.GiftCertificate] is safe
17:03:35.237 [Test worker] DEBUG org.hibernate.boot.internal.ClassLoaderAccessImpl - No temp ClassLoader provided; using live ClassLoader for loading potentially unsafe class : com.epam.esm.entity.GiftCertificate
17:03:35.245 [Test worker] DEBUG org.hibernate.boot.internal.ClassLoaderAccessImpl - Not known whether passed class name [com.epam.esm.entity.User] is safe
17:03:35.245 [Test worker] DEBUG org.hibernate.boot.internal.ClassLoaderAccessImpl - No temp ClassLoader provided; using live ClassLoader for loading potentially unsafe class : com.epam.esm.entity.User
17:03:35.245 [Test worker] DEBUG org.hibernate.boot.internal.ClassLoaderAccessImpl - Not known whether passed class name [com.epam.esm.entity.User] is safe
17:03:35.245 [Test worker] DEBUG org.hibernate.boot.internal.ClassLoaderAccessImpl - No temp ClassLoader provided; using live ClassLoader for loading potentially unsafe class : com.epam.esm.entity.User
17:03:35.252 [Test worker] DEBUG org.hibernate.boot.internal.ClassLoaderAccessImpl - Not known whether passed class name [com.epam.esm.entity.Entity] is safe
17:03:35.252 [Test worker] DEBUG org.hibernate.boot.internal.ClassLoaderAccessImpl - No temp ClassLoader provided; using live ClassLoader for loading potentially unsafe class : com.epam.esm.entity.Entity
17:03:35.252 [Test worker] DEBUG org.hibernate.boot.internal.ClassLoaderAccessImpl - Not known whether passed class name [com.epam.esm.entity.Entity] is safe
17:03:35.252 [Test worker] DEBUG org.hibernate.boot.internal.ClassLoaderAccessImpl - No temp ClassLoader provided; using live ClassLoader for loading potentially unsafe class : com.epam.esm.entity.Entity
17:03:35.255 [Test worker] DEBUG org.hibernate.boot.internal.ClassLoaderAccessImpl - Not known whether passed class name [com.epam.esm.entity.Tag] is safe
17:03:35.255 [Test worker] DEBUG org.hibernate.boot.internal.ClassLoaderAccessImpl - No temp ClassLoader provided; using live ClassLoader for loading potentially unsafe class : com.epam.esm.entity.Tag
17:03:35.256 [Test worker] DEBUG org.hibernate.boot.internal.ClassLoaderAccessImpl - Not known whether passed class name [com.epam.esm.entity.Tag] is safe
17:03:35.256 [Test worker] DEBUG org.hibernate.boot.internal.ClassLoaderAccessImpl - No temp ClassLoader provided; using live ClassLoader for loading potentially unsafe class : com.epam.esm.entity.Tag
17:03:35.261 [Test worker] DEBUG org.hibernate.boot.internal.ClassLoaderAccessImpl - Not known whether passed class name [com.epam.esm.entity.OrderCertificate] is safe
17:03:35.261 [Test worker] DEBUG org.hibernate.boot.internal.ClassLoaderAccessImpl - No temp ClassLoader provided; using live ClassLoader for loading potentially unsafe class : com.epam.esm.entity.OrderCertificate
17:03:35.261 [Test worker] DEBUG org.hibernate.boot.internal.ClassLoaderAccessImpl - Not known whether passed class name [com.epam.esm.entity.OrderCertificate] is safe
17:03:35.261 [Test worker] DEBUG org.hibernate.boot.internal.ClassLoaderAccessImpl - No temp ClassLoader provided; using live ClassLoader for loading potentially unsafe class : com.epam.esm.entity.OrderCertificate
17:03:35.268 [Test worker] DEBUG org.hibernate.boot.internal.ClassLoaderAccessImpl - Not known whether passed class name [com.epam.esm.entity.Role] is safe
17:03:35.269 [Test worker] DEBUG org.hibernate.boot.internal.ClassLoaderAccessImpl - No temp ClassLoader provided; using live ClassLoader for loading potentially unsafe class : com.epam.esm.entity.Role
17:03:35.269 [Test worker] DEBUG org.hibernate.boot.internal.ClassLoaderAccessImpl - Not known whether passed class name [com.epam.esm.entity.Role] is safe
17:03:35.269 [Test worker] DEBUG org.hibernate.boot.internal.ClassLoaderAccessImpl - No temp ClassLoader provided; using live ClassLoader for loading potentially unsafe class : com.epam.esm.entity.Role
17:03:35.275 [Test worker] DEBUG org.hibernate.persister.collection.AbstractCollectionPersister - Static SQL for collection: com.epam.esm.entity.GiftCertificate.tags
17:03:35.275 [Test worker] DEBUG org.hibernate.persister.collection.AbstractCollectionPersister -  Row insert: insert into certificate_tag (certificate_id, tag_id) values (?, ?)
17:03:35.275 [Test worker] DEBUG org.hibernate.persister.collection.AbstractCollectionPersister -  Row update: update certificate_tag set tag_id=? where certificate_id=? and tag_id=?
17:03:35.275 [Test worker] DEBUG org.hibernate.persister.collection.AbstractCollectionPersister -  Row delete: delete from certificate_tag where certificate_id=? and tag_id=?
17:03:35.275 [Test worker] DEBUG org.hibernate.persister.collection.AbstractCollectionPersister -  One-shot delete: delete from certificate_tag where certificate_id=?
17:03:35.275 [Test worker] DEBUG org.hibernate.persister.collection.AbstractCollectionPersister - Static SQL for collection: com.epam.esm.entity.Order.orderCertificates
17:03:35.275 [Test worker] DEBUG org.hibernate.persister.collection.AbstractCollectionPersister -  Row insert: update order_certificate set order_id=? where id=?
17:03:35.275 [Test worker] DEBUG org.hibernate.persister.collection.AbstractCollectionPersister -  Row update: update order_certificate set  where id=?
17:03:35.275 [Test worker] DEBUG org.hibernate.persister.collection.AbstractCollectionPersister -  Row delete: update order_certificate set order_id=null where order_id=? and id=?
17:03:35.275 [Test worker] DEBUG org.hibernate.persister.collection.AbstractCollectionPersister -  One-shot delete: update order_certificate set order_id=null where order_id=?
17:03:35.275 [Test worker] DEBUG org.hibernate.persister.collection.AbstractCollectionPersister - Static SQL for collection: com.epam.esm.entity.GiftCertificate.orderCertificates
17:03:35.275 [Test worker] DEBUG org.hibernate.persister.collection.AbstractCollectionPersister -  Row insert: update order_certificate set certificate_id=? where id=?
17:03:35.275 [Test worker] DEBUG org.hibernate.persister.collection.AbstractCollectionPersister -  Row update: update order_certificate set  where id=?
17:03:35.275 [Test worker] DEBUG org.hibernate.persister.collection.AbstractCollectionPersister -  Row delete: update order_certificate set certificate_id=null where certificate_id=? and id=?
17:03:35.275 [Test worker] DEBUG org.hibernate.persister.collection.AbstractCollectionPersister -  One-shot delete: update order_certificate set certificate_id=null where certificate_id=?
17:03:35.275 [Test worker] DEBUG org.hibernate.persister.collection.AbstractCollectionPersister - Static SQL for collection: com.epam.esm.entity.User.orders
17:03:35.276 [Test worker] DEBUG org.hibernate.persister.collection.AbstractCollectionPersister -  Row insert: update application_order set user_id=? where id=?
17:03:35.276 [Test worker] DEBUG org.hibernate.persister.collection.AbstractCollectionPersister -  Row update: update application_order set  where id=?
17:03:35.276 [Test worker] DEBUG org.hibernate.persister.collection.AbstractCollectionPersister -  Row delete: update application_order set user_id=null where user_id=? and id=?
17:03:35.276 [Test worker] DEBUG org.hibernate.persister.collection.AbstractCollectionPersister -  One-shot delete: update application_order set user_id=null where user_id=?
17:03:35.276 [Test worker] DEBUG org.hibernate.persister.entity.AbstractEntityPersister - Static SQL for entity: com.epam.esm.entity.Order
17:03:35.276 [Test worker] DEBUG org.hibernate.persister.entity.AbstractEntityPersister -  Version select: select id from application_order where id =?
17:03:35.276 [HikariPool-16 housekeeper] DEBUG com.zaxxer.hikari.pool.HikariPool - HikariPool-16 - Pool stats (total=1, active=0, idle=1, waiting=0)
17:03:35.276 [Test worker] DEBUG org.hibernate.persister.entity.AbstractEntityPersister -  Snapshot select: select order_.id, order_.active_status as active_s2_0_, order_.created_at as created_3_0_, order_.user_id as user_id4_0_ from application_order order_ where order_.id=?
17:03:35.276 [Test worker] DEBUG org.hibernate.persister.entity.AbstractEntityPersister -  Insert 0: insert into application_order (active_status, created_at, user_id, id) values (?, ?, ?, ?)
17:03:35.276 [Test worker] DEBUG org.hibernate.persister.entity.AbstractEntityPersister -  Update 0: update application_order set active_status=?, created_at=?, user_id=? where id=?
17:03:35.276 [Test worker] DEBUG org.hibernate.persister.entity.AbstractEntityPersister -  Delete 0: delete from application_order where id=?
17:03:35.276 [Test worker] DEBUG org.hibernate.persister.entity.AbstractEntityPersister -  Identity insert: insert into application_order (id, active_status, created_at, user_id) values (null, ?, ?, ?)
17:03:35.276 [Test worker] DEBUG org.hibernate.loader.plan.build.internal.spaces.QuerySpacesImpl - Adding QuerySpace : uid = <gen:0> -> org.hibernate.loader.plan.build.internal.spaces.EntityQuerySpaceImpl@23d206c4]
17:03:35.276 [Test worker] DEBUG org.hibernate.persister.walking.spi.MetamodelGraphWalker - Visiting attribute path : activeStatus
17:03:35.277 [Test worker] DEBUG org.hibernate.persister.walking.spi.MetamodelGraphWalker - Visiting attribute path : createdAt
17:03:35.277 [Test worker] DEBUG org.hibernate.persister.walking.spi.MetamodelGraphWalker - Visiting attribute path : orderCertificates
17:03:35.277 [Test worker] DEBUG org.hibernate.loader.plan.build.internal.spaces.QuerySpacesImpl - Adding QuerySpace : uid = <gen:1> -> org.hibernate.loader.plan.build.internal.spaces.CollectionQuerySpaceImpl@1dc31270]
17:03:35.277 [Test worker] DEBUG org.hibernate.loader.plan.build.internal.spaces.QuerySpacesImpl - Adding QuerySpace : uid = <gen:2> -> org.hibernate.loader.plan.build.internal.spaces.EntityQuerySpaceImpl@268a0f5]
17:03:35.277 [Test worker] DEBUG org.hibernate.persister.walking.spi.MetamodelGraphWalker - Visiting attribute path : user
17:03:35.277 [Test worker] DEBUG org.hibernate.loader.plan.build.internal.spaces.QuerySpacesImpl - Adding QuerySpace : uid = <gen:3> -> org.hibernate.loader.plan.build.internal.spaces.EntityQuerySpaceImpl@313f725a]
17:03:35.277 [Test worker] DEBUG org.hibernate.persister.walking.spi.MetamodelGraphWalker - Visiting attribute path : user.email
17:03:35.277 [Test worker] DEBUG org.hibernate.persister.walking.spi.MetamodelGraphWalker - Visiting attribute path : user.orders
17:03:35.277 [Test worker] DEBUG org.hibernate.persister.walking.spi.MetamodelGraphWalker - Property path deemed to be circular : user.orders
17:03:35.277 [Test worker] DEBUG org.hibernate.persister.walking.spi.MetamodelGraphWalker - Visiting attribute path : user.password
17:03:35.277 [Test worker] DEBUG org.hibernate.persister.walking.spi.MetamodelGraphWalker - Visiting attribute path : user.refreshToken
17:03:35.277 [Test worker] DEBUG org.hibernate.persister.walking.spi.MetamodelGraphWalker - Visiting attribute path : user.role
17:03:35.277 [Test worker] DEBUG org.hibernate.loader.plan.build.internal.spaces.QuerySpacesImpl - Adding QuerySpace : uid = <gen:4> -> org.hibernate.loader.plan.build.internal.spaces.EntityQuerySpaceImpl@4c9e57ca]
17:03:35.277 [Test worker] DEBUG org.hibernate.persister.walking.spi.MetamodelGraphWalker - Visiting attribute path : user.role.value
17:03:35.277 [HikariPool-16 connection adder] DEBUG com.zaxxer.hikari.pool.HikariPool - HikariPool-16 - Added connection conn151: url=jdbc:h2:mem:testdb user=SA
17:03:35.277 [Test worker] DEBUG org.hibernate.loader.plan.build.internal.FetchStyleLoadPlanBuildingAssociationVisitationStrategy - Building LoadPlan...
17:03:35.277 [Test worker] DEBUG org.hibernate.loader.plan.exec.internal.LoadQueryJoinAndFetchProcessor - processing queryspace <gen:0>
17:03:35.277 [HikariPool-16 connection adder] DEBUG com.zaxxer.hikari.pool.HikariPool - HikariPool-16 - Added connection conn152: url=jdbc:h2:mem:testdb user=SA
17:03:35.278 [Test worker] DEBUG org.hibernate.loader.plan.build.spi.LoadPlanTreePrinter - LoadPlan(entity=com.epam.esm.entity.Order)
    - Returns
       - EntityReturnImpl(entity=com.epam.esm.entity.Order, querySpaceUid=<gen:0>, path=com.epam.esm.entity.Order)
          - CollectionAttributeFetchImpl(collection=com.epam.esm.entity.Order.orderCertificates, querySpaceUid=<gen:1>, path=com.epam.esm.entity.Order.orderCertificates)
             - (collection element) CollectionFetchableElementEntityGraph(entity=com.epam.esm.entity.OrderCertificate, querySpaceUid=<gen:2>, path=com.epam.esm.entity.Order.orderCertificates.<elements>)
          - EntityAttributeFetchImpl(entity=com.epam.esm.entity.User, querySpaceUid=<gen:3>, path=com.epam.esm.entity.Order.user)
             - EntityAttributeFetchImpl(entity=com.epam.esm.entity.Role, querySpaceUid=<gen:4>, path=com.epam.esm.entity.Order.user.role)
    - QuerySpaces
       - EntityQuerySpaceImpl(uid=<gen:0>, entity=com.epam.esm.entity.Order)
          - SQL table alias mapping - order0_
          - alias suffix - 0_
          - suffixed key columns - {id1_0_0_}
          - JOIN (JoinDefinedByMetadata(user)) : <gen:0> -> <gen:3>
             - EntityQuerySpaceImpl(uid=<gen:3>, entity=com.epam.esm.entity.User)
                - SQL table alias mapping - user1_
                - alias suffix - 1_
                - suffixed key columns - {id1_2_1_}
                - JOIN (JoinDefinedByMetadata(role)) : <gen:3> -> <gen:4>
                   - EntityQuerySpaceImpl(uid=<gen:4>, entity=com.epam.esm.entity.Role)
                      - SQL table alias mapping - role2_
                      - alias suffix - 2_
                      - suffixed key columns - {id1_1_2_}

17:03:35.278 [Test worker] DEBUG org.hibernate.loader.entity.plan.EntityLoader - Static select for entity com.epam.esm.entity.Order [NONE]: select order0_.id as id1_0_0_, order0_.active_status as active_s2_0_0_, order0_.created_at as created_3_0_0_, order0_.user_id as user_id4_0_0_, user1_.id as id1_2_1_, user1_.email as email2_2_1_, user1_.password as password3_2_1_, user1_.refresh_token as refresh_4_2_1_, user1_.role_id as role_id5_2_1_, role2_.id as id1_1_2_, role2_.value as value2_1_2_ from application_order order0_ left outer join application_user user1_ on order0_.user_id=user1_.id left outer join application_role role2_ on user1_.role_id=role2_.id where order0_.id=?
17:03:35.278 [HikariPool-16 connection adder] DEBUG com.zaxxer.hikari.pool.HikariPool - HikariPool-16 - Added connection conn153: url=jdbc:h2:mem:testdb user=SA
17:03:35.278 [Test worker] DEBUG org.hibernate.loader.plan.build.internal.spaces.QuerySpacesImpl - Adding QuerySpace : uid = <gen:0> -> org.hibernate.loader.plan.build.internal.spaces.EntityQuerySpaceImpl@4151273a]
17:03:35.278 [Test worker] DEBUG org.hibernate.persister.walking.spi.MetamodelGraphWalker - Visiting attribute path : activeStatus
17:03:35.278 [Test worker] DEBUG org.hibernate.persister.walking.spi.MetamodelGraphWalker - Visiting attribute path : createdAt
17:03:35.278 [Test worker] DEBUG org.hibernate.persister.walking.spi.MetamodelGraphWalker - Visiting attribute path : orderCertificates
17:03:35.278 [Test worker] DEBUG org.hibernate.loader.plan.build.internal.spaces.QuerySpacesImpl - Adding QuerySpace : uid = <gen:1> -> org.hibernate.loader.plan.build.internal.spaces.CollectionQuerySpaceImpl@6a71bd45]
17:03:35.278 [Test worker] DEBUG org.hibernate.loader.plan.build.internal.spaces.QuerySpacesImpl - Adding QuerySpace : uid = <gen:2> -> org.hibernate.loader.plan.build.internal.spaces.EntityQuerySpaceImpl@50b0c2a6]
17:03:35.278 [Test worker] DEBUG org.hibernate.persister.walking.spi.MetamodelGraphWalker - Visiting attribute path : user
17:03:35.278 [Test worker] DEBUG org.hibernate.loader.plan.build.internal.spaces.QuerySpacesImpl - Adding QuerySpace : uid = <gen:3> -> org.hibernate.loader.plan.build.internal.spaces.EntityQuerySpaceImpl@1890477d]
17:03:35.278 [Test worker] DEBUG org.hibernate.persister.walking.spi.MetamodelGraphWalker - Visiting attribute path : user.email
17:03:35.278 [Test worker] DEBUG org.hibernate.persister.walking.spi.MetamodelGraphWalker - Visiting attribute path : user.orders
17:03:35.278 [Test worker] DEBUG org.hibernate.persister.walking.spi.MetamodelGraphWalker - Property path deemed to be circular : user.orders
17:03:35.278 [HikariPool-16 connection adder] DEBUG com.zaxxer.hikari.pool.HikariPool - HikariPool-16 - Added connection conn154: url=jdbc:h2:mem:testdb user=SA
17:03:35.278 [Test worker] DEBUG org.hibernate.persister.walking.spi.MetamodelGraphWalker - Visiting attribute path : user.password
17:03:35.278 [Test worker] DEBUG org.hibernate.persister.walking.spi.MetamodelGraphWalker - Visiting attribute path : user.refreshToken
17:03:35.278 [Test worker] DEBUG org.hibernate.persister.walking.spi.MetamodelGraphWalker - Visiting attribute path : user.role
17:03:35.278 [Test worker] DEBUG org.hibernate.loader.plan.build.internal.spaces.QuerySpacesImpl - Adding QuerySpace : uid = <gen:4> -> org.hibernate.loader.plan.build.internal.spaces.EntityQuerySpaceImpl@572b1b08]
17:03:35.278 [Test worker] DEBUG org.hibernate.persister.walking.spi.MetamodelGraphWalker - Visiting attribute path : user.role.value
17:03:35.279 [Test worker] DEBUG org.hibernate.loader.plan.build.internal.FetchStyleLoadPlanBuildingAssociationVisitationStrategy - Building LoadPlan...
17:03:35.279 [HikariPool-16 connection adder] DEBUG com.zaxxer.hikari.pool.HikariPool - HikariPool-16 - Added connection conn155: url=jdbc:h2:mem:testdb user=SA
17:03:35.279 [Test worker] DEBUG org.hibernate.loader.plan.exec.internal.LoadQueryJoinAndFetchProcessor - processing queryspace <gen:0>
17:03:35.279 [Test worker] DEBUG org.hibernate.loader.plan.build.spi.LoadPlanTreePrinter - LoadPlan(entity=com.epam.esm.entity.Order)
    - Returns
       - EntityReturnImpl(entity=com.epam.esm.entity.Order, querySpaceUid=<gen:0>, path=com.epam.esm.entity.Order)
          - CollectionAttributeFetchImpl(collection=com.epam.esm.entity.Order.orderCertificates, querySpaceUid=<gen:1>, path=com.epam.esm.entity.Order.orderCertificates)
             - (collection element) CollectionFetchableElementEntityGraph(entity=com.epam.esm.entity.OrderCertificate, querySpaceUid=<gen:2>, path=com.epam.esm.entity.Order.orderCertificates.<elements>)
          - EntityAttributeFetchImpl(entity=com.epam.esm.entity.User, querySpaceUid=<gen:3>, path=com.epam.esm.entity.Order.user)
             - EntityAttributeFetchImpl(entity=com.epam.esm.entity.Role, querySpaceUid=<gen:4>, path=com.epam.esm.entity.Order.user.role)
    - QuerySpaces
       - EntityQuerySpaceImpl(uid=<gen:0>, entity=com.epam.esm.entity.Order)
          - SQL table alias mapping - order0_
          - alias suffix - 0_
          - suffixed key columns - {id1_0_0_}
          - JOIN (JoinDefinedByMetadata(user)) : <gen:0> -> <gen:3>
             - EntityQuerySpaceImpl(uid=<gen:3>, entity=com.epam.esm.entity.User)
                - SQL table alias mapping - user1_
                - alias suffix - 1_
                - suffixed key columns - {id1_2_1_}
                - JOIN (JoinDefinedByMetadata(role)) : <gen:3> -> <gen:4>
                   - EntityQuerySpaceImpl(uid=<gen:4>, entity=com.epam.esm.entity.Role)
                      - SQL table alias mapping - role2_
                      - alias suffix - 2_
                      - suffixed key columns - {id1_1_2_}

17:03:35.279 [HikariPool-16 connection adder] DEBUG com.zaxxer.hikari.pool.HikariPool - HikariPool-16 - Added connection conn156: url=jdbc:h2:mem:testdb user=SA
17:03:35.279 [Test worker] DEBUG org.hibernate.loader.entity.plan.EntityLoader - Static select for entity com.epam.esm.entity.Order [READ]: select order0_.id as id1_0_0_, order0_.active_status as active_s2_0_0_, order0_.created_at as created_3_0_0_, order0_.user_id as user_id4_0_0_, user1_.id as id1_2_1_, user1_.email as email2_2_1_, user1_.password as password3_2_1_, user1_.refresh_token as refresh_4_2_1_, user1_.role_id as role_id5_2_1_, role2_.id as id1_1_2_, role2_.value as value2_1_2_ from application_order order0_ left outer join application_user user1_ on order0_.user_id=user1_.id left outer join application_role role2_ on user1_.role_id=role2_.id where order0_.id=?
17:03:35.279 [Test worker] DEBUG org.hibernate.loader.Loader - Static select for action ACTION_MERGE on entity com.epam.esm.entity.Order: select order0_.id as id1_0_0_, order0_.active_status as active_s2_0_0_, order0_.created_at as created_3_0_0_, order0_.user_id as user_id4_0_0_ from application_order order0_ where order0_.id=?
17:03:35.279 [HikariPool-16 connection adder] DEBUG com.zaxxer.hikari.pool.HikariPool - HikariPool-16 - Added connection conn157: url=jdbc:h2:mem:testdb user=SA
17:03:35.280 [Test worker] DEBUG org.hibernate.loader.Loader - Static select for action ACTION_REFRESH on entity com.epam.esm.entity.Order: select order0_.id as id1_0_0_, order0_.active_status as active_s2_0_0_, order0_.created_at as created_3_0_0_, order0_.user_id as user_id4_0_0_ from application_order order0_ where order0_.id=?
17:03:35.280 [Test worker] DEBUG org.hibernate.persister.entity.AbstractEntityPersister - Static SQL for entity: com.epam.esm.entity.GiftCertificate
17:03:35.280 [Test worker] DEBUG org.hibernate.persister.entity.AbstractEntityPersister -  Version select: select id from certificate where id =?
17:03:35.280 [Test worker] DEBUG org.hibernate.persister.entity.AbstractEntityPersister -  Snapshot select: select giftcertif_.id, giftcertif_.active_status as active_s2_3_, giftcertif_.creation_date as creation3_3_, giftcertif_.description as descript4_3_, giftcertif_.expiration_date as expirati5_3_, giftcertif_.modification_date as modifica6_3_, giftcertif_.name as name7_3_, giftcertif_.price as price8_3_ from certificate giftcertif_ where giftcertif_.id=?
17:03:35.280 [Test worker] DEBUG org.hibernate.persister.entity.AbstractEntityPersister -  Insert 0: insert into certificate (active_status, creation_date, description, expiration_date, modification_date, name, price, id) values (?, ?, ?, ?, ?, ?, ?, ?)
17:03:35.280 [Test worker] DEBUG org.hibernate.persister.entity.AbstractEntityPersister -  Update 0: update certificate set active_status=?, creation_date=?, description=?, expiration_date=?, modification_date=?, name=?, price=? where id=?
17:03:35.280 [Test worker] DEBUG org.hibernate.persister.entity.AbstractEntityPersister -  Delete 0: delete from certificate where id=?
17:03:35.280 [Test worker] DEBUG org.hibernate.persister.entity.AbstractEntityPersister -  Identity insert: insert into certificate (id, active_status, creation_date, description, expiration_date, modification_date, name, price) values (null, ?, ?, ?, ?, ?, ?, ?)
17:03:35.280 [HikariPool-16 connection adder] DEBUG com.zaxxer.hikari.pool.HikariPool - HikariPool-16 - Added connection conn158: url=jdbc:h2:mem:testdb user=SA
17:03:35.280 [Test worker] DEBUG org.hibernate.loader.plan.build.internal.spaces.QuerySpacesImpl - Adding QuerySpace : uid = <gen:0> -> org.hibernate.loader.plan.build.internal.spaces.EntityQuerySpaceImpl@1b694250]
17:03:35.280 [Test worker] DEBUG org.hibernate.persister.walking.spi.MetamodelGraphWalker - Visiting attribute path : activeStatus
17:03:35.280 [Test worker] DEBUG org.hibernate.persister.walking.spi.MetamodelGraphWalker - Visiting attribute path : creationDate
17:03:35.280 [Test worker] DEBUG org.hibernate.persister.walking.spi.MetamodelGraphWalker - Visiting attribute path : description
17:03:35.280 [Test worker] DEBUG org.hibernate.persister.walking.spi.MetamodelGraphWalker - Visiting attribute path : expirationDate
17:03:35.280 [Test worker] DEBUG org.hibernate.persister.walking.spi.MetamodelGraphWalker - Visiting attribute path : modificationDate
17:03:35.280 [Test worker] DEBUG org.hibernate.persister.walking.spi.MetamodelGraphWalker - Visiting attribute path : name
17:03:35.280 [Test worker] DEBUG org.hibernate.persister.walking.spi.MetamodelGraphWalker - Visiting attribute path : orderCertificates
17:03:35.280 [Test worker] DEBUG org.hibernate.loader.plan.build.internal.spaces.QuerySpacesImpl - Adding QuerySpace : uid = <gen:1> -> org.hibernate.loader.plan.build.internal.spaces.CollectionQuerySpaceImpl@1cd4314a]
17:03:35.280 [Test worker] DEBUG org.hibernate.loader.plan.build.internal.spaces.QuerySpacesImpl - Adding QuerySpace : uid = <gen:2> -> org.hibernate.loader.plan.build.internal.spaces.EntityQuerySpaceImpl@5ffa51e7]
17:03:35.280 [Test worker] DEBUG org.hibernate.persister.walking.spi.MetamodelGraphWalker - Visiting attribute path : price
17:03:35.280 [Test worker] DEBUG org.hibernate.persister.walking.spi.MetamodelGraphWalker - Visiting attribute path : tags
17:03:35.280 [HikariPool-16 connection adder] DEBUG com.zaxxer.hikari.pool.HikariPool - HikariPool-16 - Added connection conn159: url=jdbc:h2:mem:testdb user=SA
17:03:35.280 [HikariPool-16 connection adder] DEBUG com.zaxxer.hikari.pool.HikariPool - HikariPool-16 - After adding stats (total=10, active=0, idle=10, waiting=0)
17:03:35.280 [Test worker] DEBUG org.hibernate.loader.plan.build.internal.spaces.QuerySpacesImpl - Adding QuerySpace : uid = <gen:3> -> org.hibernate.loader.plan.build.internal.spaces.CollectionQuerySpaceImpl@ed0f38a]
17:03:35.280 [Test worker] DEBUG org.hibernate.loader.plan.build.internal.spaces.QuerySpacesImpl - Adding QuerySpace : uid = <gen:4> -> org.hibernate.loader.plan.build.internal.spaces.EntityQuerySpaceImpl@59746a57]
17:03:35.280 [Test worker] DEBUG org.hibernate.loader.plan.build.internal.FetchStyleLoadPlanBuildingAssociationVisitationStrategy - Building LoadPlan...
17:03:35.281 [Test worker] DEBUG org.hibernate.loader.plan.exec.internal.LoadQueryJoinAndFetchProcessor - processing queryspace <gen:0>
17:03:35.281 [Test worker] DEBUG org.hibernate.loader.plan.build.spi.LoadPlanTreePrinter - LoadPlan(entity=com.epam.esm.entity.GiftCertificate)
    - Returns
       - EntityReturnImpl(entity=com.epam.esm.entity.GiftCertificate, querySpaceUid=<gen:0>, path=com.epam.esm.entity.GiftCertificate)
          - CollectionAttributeFetchImpl(collection=com.epam.esm.entity.GiftCertificate.orderCertificates, querySpaceUid=<gen:1>, path=com.epam.esm.entity.GiftCertificate.orderCertificates)
             - (collection element) CollectionFetchableElementEntityGraph(entity=com.epam.esm.entity.OrderCertificate, querySpaceUid=<gen:2>, path=com.epam.esm.entity.GiftCertificate.orderCertificates.<elements>)
          - CollectionAttributeFetchImpl(collection=com.epam.esm.entity.GiftCertificate.tags, querySpaceUid=<gen:3>, path=com.epam.esm.entity.GiftCertificate.tags)
             - (collection element) CollectionFetchableElementEntityGraph(entity=com.epam.esm.entity.Tag, querySpaceUid=<gen:4>, path=com.epam.esm.entity.GiftCertificate.tags.<elements>)
    - QuerySpaces
       - EntityQuerySpaceImpl(uid=<gen:0>, entity=com.epam.esm.entity.GiftCertificate)
          - SQL table alias mapping - giftcertif0_
          - alias suffix - 0_
          - suffixed key columns - {id1_3_0_}

17:03:35.281 [Test worker] DEBUG org.hibernate.loader.entity.plan.EntityLoader - Static select for entity com.epam.esm.entity.GiftCertificate [NONE]: select giftcertif0_.id as id1_3_0_, giftcertif0_.active_status as active_s2_3_0_, giftcertif0_.creation_date as creation3_3_0_, giftcertif0_.description as descript4_3_0_, giftcertif0_.expiration_date as expirati5_3_0_, giftcertif0_.modification_date as modifica6_3_0_, giftcertif0_.name as name7_3_0_, giftcertif0_.price as price8_3_0_ from certificate giftcertif0_ where giftcertif0_.id=?
17:03:35.281 [Test worker] DEBUG org.hibernate.loader.plan.build.internal.spaces.QuerySpacesImpl - Adding QuerySpace : uid = <gen:0> -> org.hibernate.loader.plan.build.internal.spaces.EntityQuerySpaceImpl@64974e52]
17:03:35.281 [Test worker] DEBUG org.hibernate.persister.walking.spi.MetamodelGraphWalker - Visiting attribute path : activeStatus
17:03:35.281 [Test worker] DEBUG org.hibernate.persister.walking.spi.MetamodelGraphWalker - Visiting attribute path : creationDate
17:03:35.281 [Test worker] DEBUG org.hibernate.persister.walking.spi.MetamodelGraphWalker - Visiting attribute path : description
17:03:35.281 [Test worker] DEBUG org.hibernate.persister.walking.spi.MetamodelGraphWalker - Visiting attribute path : expirationDate
17:03:35.281 [Test worker] DEBUG org.hibernate.persister.walking.spi.MetamodelGraphWalker - Visiting attribute path : modificationDate
17:03:35.281 [Test worker] DEBUG org.hibernate.persister.walking.spi.MetamodelGraphWalker - Visiting attribute path : name
17:03:35.281 [Test worker] DEBUG org.hibernate.persister.walking.spi.MetamodelGraphWalker - Visiting attribute path : orderCertificates
17:03:35.281 [Test worker] DEBUG org.hibernate.loader.plan.build.internal.spaces.QuerySpacesImpl - Adding QuerySpace : uid = <gen:1> -> org.hibernate.loader.plan.build.internal.spaces.CollectionQuerySpaceImpl@60aabc5a]
17:03:35.281 [Test worker] DEBUG org.hibernate.loader.plan.build.internal.spaces.QuerySpacesImpl - Adding QuerySpace : uid = <gen:2> -> org.hibernate.loader.plan.build.internal.spaces.EntityQuerySpaceImpl@1af644ca]
17:03:35.281 [Test worker] DEBUG org.hibernate.persister.walking.spi.MetamodelGraphWalker - Visiting attribute path : price
17:03:35.281 [Test worker] DEBUG org.hibernate.persister.walking.spi.MetamodelGraphWalker - Visiting attribute path : tags
17:03:35.281 [Test worker] DEBUG org.hibernate.loader.plan.build.internal.spaces.QuerySpacesImpl - Adding QuerySpace : uid = <gen:3> -> org.hibernate.loader.plan.build.internal.spaces.CollectionQuerySpaceImpl@44cd7c18]
17:03:35.281 [Test worker] DEBUG org.hibernate.loader.plan.build.internal.spaces.QuerySpacesImpl - Adding QuerySpace : uid = <gen:4> -> org.hibernate.loader.plan.build.internal.spaces.EntityQuerySpaceImpl@57c357e1]
17:03:35.281 [Test worker] DEBUG org.hibernate.loader.plan.build.internal.FetchStyleLoadPlanBuildingAssociationVisitationStrategy - Building LoadPlan...
17:03:35.281 [Test worker] DEBUG org.hibernate.loader.plan.exec.internal.LoadQueryJoinAndFetchProcessor - processing queryspace <gen:0>
17:03:35.281 [Test worker] DEBUG org.hibernate.loader.plan.build.spi.LoadPlanTreePrinter - LoadPlan(entity=com.epam.esm.entity.GiftCertificate)
    - Returns
       - EntityReturnImpl(entity=com.epam.esm.entity.GiftCertificate, querySpaceUid=<gen:0>, path=com.epam.esm.entity.GiftCertificate)
          - CollectionAttributeFetchImpl(collection=com.epam.esm.entity.GiftCertificate.orderCertificates, querySpaceUid=<gen:1>, path=com.epam.esm.entity.GiftCertificate.orderCertificates)
             - (collection element) CollectionFetchableElementEntityGraph(entity=com.epam.esm.entity.OrderCertificate, querySpaceUid=<gen:2>, path=com.epam.esm.entity.GiftCertificate.orderCertificates.<elements>)
          - CollectionAttributeFetchImpl(collection=com.epam.esm.entity.GiftCertificate.tags, querySpaceUid=<gen:3>, path=com.epam.esm.entity.GiftCertificate.tags)
             - (collection element) CollectionFetchableElementEntityGraph(entity=com.epam.esm.entity.Tag, querySpaceUid=<gen:4>, path=com.epam.esm.entity.GiftCertificate.tags.<elements>)
    - QuerySpaces
       - EntityQuerySpaceImpl(uid=<gen:0>, entity=com.epam.esm.entity.GiftCertificate)
          - SQL table alias mapping - giftcertif0_
          - alias suffix - 0_
          - suffixed key columns - {id1_3_0_}

17:03:35.282 [Test worker] DEBUG org.hibernate.loader.entity.plan.EntityLoader - Static select for entity com.epam.esm.entity.GiftCertificate [READ]: select giftcertif0_.id as id1_3_0_, giftcertif0_.active_status as active_s2_3_0_, giftcertif0_.creation_date as creation3_3_0_, giftcertif0_.description as descript4_3_0_, giftcertif0_.expiration_date as expirati5_3_0_, giftcertif0_.modification_date as modifica6_3_0_, giftcertif0_.name as name7_3_0_, giftcertif0_.price as price8_3_0_ from certificate giftcertif0_ where giftcertif0_.id=?
17:03:35.282 [Test worker] DEBUG org.hibernate.loader.Loader - Static select for action ACTION_MERGE on entity com.epam.esm.entity.GiftCertificate: select giftcertif0_.id as id1_3_2_, giftcertif0_.active_status as active_s2_3_2_, giftcertif0_.creation_date as creation3_3_2_, giftcertif0_.description as descript4_3_2_, giftcertif0_.expiration_date as expirati5_3_2_, giftcertif0_.modification_date as modifica6_3_2_, giftcertif0_.name as name7_3_2_, giftcertif0_.price as price8_3_2_, ordercerti1_.certificate_id as certific4_6_4_, ordercerti1_.id as id1_6_4_, ordercerti1_.id as id1_6_0_, ordercerti1_.certificate_id as certific4_6_0_, ordercerti1_.expiration_date as expirati2_6_0_, ordercerti1_.fixed_price as fixed_pr3_6_0_, ordercerti1_.order_id as order_id5_6_0_, order2_.id as id1_0_1_, order2_.active_status as active_s2_0_1_, order2_.created_at as created_3_0_1_, order2_.user_id as user_id4_0_1_ from certificate giftcertif0_ left outer join order_certificate ordercerti1_ on giftcertif0_.id=ordercerti1_.certificate_id left outer join application_order order2_ on ordercerti1_.order_id=order2_.id where giftcertif0_.id=?
17:03:35.282 [Test worker] DEBUG org.hibernate.loader.Loader - Static select for action ACTION_REFRESH on entity com.epam.esm.entity.GiftCertificate: select giftcertif0_.id as id1_3_2_, giftcertif0_.active_status as active_s2_3_2_, giftcertif0_.creation_date as creation3_3_2_, giftcertif0_.description as descript4_3_2_, giftcertif0_.expiration_date as expirati5_3_2_, giftcertif0_.modification_date as modifica6_3_2_, giftcertif0_.name as name7_3_2_, giftcertif0_.price as price8_3_2_, ordercerti1_.certificate_id as certific4_6_4_, ordercerti1_.id as id1_6_4_, ordercerti1_.id as id1_6_0_, ordercerti1_.certificate_id as certific4_6_0_, ordercerti1_.expiration_date as expirati2_6_0_, ordercerti1_.fixed_price as fixed_pr3_6_0_, ordercerti1_.order_id as order_id5_6_0_, order2_.id as id1_0_1_, order2_.active_status as active_s2_0_1_, order2_.created_at as created_3_0_1_, order2_.user_id as user_id4_0_1_ from certificate giftcertif0_ left outer join order_certificate ordercerti1_ on giftcertif0_.id=ordercerti1_.certificate_id left outer join application_order order2_ on ordercerti1_.order_id=order2_.id where giftcertif0_.id=?
17:03:35.282 [Test worker] DEBUG org.hibernate.persister.entity.AbstractEntityPersister - Static SQL for entity: com.epam.esm.entity.User
17:03:35.282 [Test worker] DEBUG org.hibernate.persister.entity.AbstractEntityPersister -  Version select: select id from application_user where id =?
17:03:35.282 [Test worker] DEBUG org.hibernate.persister.entity.AbstractEntityPersister -  Snapshot select: select user_.id, user_.email as email2_2_, user_.password as password3_2_, user_.refresh_token as refresh_4_2_, user_.role_id as role_id5_2_ from application_user user_ where user_.id=?
17:03:35.283 [Test worker] DEBUG org.hibernate.persister.entity.AbstractEntityPersister -  Insert 0: insert into application_user (email, password, refresh_token, role_id, id) values (?, ?, ?, ?, ?)
17:03:35.283 [Test worker] DEBUG org.hibernate.persister.entity.AbstractEntityPersister -  Update 0: update application_user set email=?, password=?, refresh_token=?, role_id=? where id=?
17:03:35.283 [Test worker] DEBUG org.hibernate.persister.entity.AbstractEntityPersister -  Delete 0: delete from application_user where id=?
17:03:35.283 [Test worker] DEBUG org.hibernate.persister.entity.AbstractEntityPersister -  Identity insert: insert into application_user (id, email, password, refresh_token, role_id) values (null, ?, ?, ?, ?)
17:03:35.283 [Test worker] DEBUG org.hibernate.loader.plan.build.internal.spaces.QuerySpacesImpl - Adding QuerySpace : uid = <gen:0> -> org.hibernate.loader.plan.build.internal.spaces.EntityQuerySpaceImpl@62be692f]
17:03:35.283 [Test worker] DEBUG org.hibernate.persister.walking.spi.MetamodelGraphWalker - Visiting attribute path : email
17:03:35.283 [Test worker] DEBUG org.hibernate.persister.walking.spi.MetamodelGraphWalker - Visiting attribute path : orders
17:03:35.283 [Test worker] DEBUG org.hibernate.loader.plan.build.internal.spaces.QuerySpacesImpl - Adding QuerySpace : uid = <gen:1> -> org.hibernate.loader.plan.build.internal.spaces.CollectionQuerySpaceImpl@6544295a]
17:03:35.283 [Test worker] DEBUG org.hibernate.loader.plan.build.internal.spaces.QuerySpacesImpl - Adding QuerySpace : uid = <gen:2> -> org.hibernate.loader.plan.build.internal.spaces.EntityQuerySpaceImpl@28f5164c]
17:03:35.283 [Test worker] DEBUG org.hibernate.persister.walking.spi.MetamodelGraphWalker - Visiting attribute path : password
17:03:35.283 [Test worker] DEBUG org.hibernate.persister.walking.spi.MetamodelGraphWalker - Visiting attribute path : refreshToken
17:03:35.283 [Test worker] DEBUG org.hibernate.persister.walking.spi.MetamodelGraphWalker - Visiting attribute path : role
17:03:35.283 [Test worker] DEBUG org.hibernate.loader.plan.build.internal.spaces.QuerySpacesImpl - Adding QuerySpace : uid = <gen:3> -> org.hibernate.loader.plan.build.internal.spaces.EntityQuerySpaceImpl@3913f56c]
17:03:35.283 [Test worker] DEBUG org.hibernate.persister.walking.spi.MetamodelGraphWalker - Visiting attribute path : role.value
17:03:35.283 [Test worker] DEBUG org.hibernate.loader.plan.build.internal.FetchStyleLoadPlanBuildingAssociationVisitationStrategy - Building LoadPlan...
17:03:35.283 [Test worker] DEBUG org.hibernate.loader.plan.exec.internal.LoadQueryJoinAndFetchProcessor - processing queryspace <gen:0>
17:03:35.283 [Test worker] DEBUG org.hibernate.loader.plan.build.spi.LoadPlanTreePrinter - LoadPlan(entity=com.epam.esm.entity.User)
    - Returns
       - EntityReturnImpl(entity=com.epam.esm.entity.User, querySpaceUid=<gen:0>, path=com.epam.esm.entity.User)
          - CollectionAttributeFetchImpl(collection=com.epam.esm.entity.User.orders, querySpaceUid=<gen:1>, path=com.epam.esm.entity.User.orders)
             - (collection element) CollectionFetchableElementEntityGraph(entity=com.epam.esm.entity.Order, querySpaceUid=<gen:2>, path=com.epam.esm.entity.User.orders.<elements>)
          - EntityAttributeFetchImpl(entity=com.epam.esm.entity.Role, querySpaceUid=<gen:3>, path=com.epam.esm.entity.User.role)
    - QuerySpaces
       - EntityQuerySpaceImpl(uid=<gen:0>, entity=com.epam.esm.entity.User)
          - SQL table alias mapping - user0_
          - alias suffix - 0_
          - suffixed key columns - {id1_2_0_}
          - JOIN (JoinDefinedByMetadata(role)) : <gen:0> -> <gen:3>
             - EntityQuerySpaceImpl(uid=<gen:3>, entity=com.epam.esm.entity.Role)
                - SQL table alias mapping - role1_
                - alias suffix - 1_
                - suffixed key columns - {id1_1_1_}

17:03:35.283 [Test worker] DEBUG org.hibernate.loader.entity.plan.EntityLoader - Static select for entity com.epam.esm.entity.User [NONE]: select user0_.id as id1_2_0_, user0_.email as email2_2_0_, user0_.password as password3_2_0_, user0_.refresh_token as refresh_4_2_0_, user0_.role_id as role_id5_2_0_, role1_.id as id1_1_1_, role1_.value as value2_1_1_ from application_user user0_ left outer join application_role role1_ on user0_.role_id=role1_.id where user0_.id=?
17:03:35.284 [Test worker] DEBUG org.hibernate.loader.plan.build.internal.spaces.QuerySpacesImpl - Adding QuerySpace : uid = <gen:0> -> org.hibernate.loader.plan.build.internal.spaces.EntityQuerySpaceImpl@2edc70e]
17:03:35.284 [Test worker] DEBUG org.hibernate.persister.walking.spi.MetamodelGraphWalker - Visiting attribute path : email
17:03:35.284 [Test worker] DEBUG org.hibernate.persister.walking.spi.MetamodelGraphWalker - Visiting attribute path : orders
17:03:35.284 [Test worker] DEBUG org.hibernate.loader.plan.build.internal.spaces.QuerySpacesImpl - Adding QuerySpace : uid = <gen:1> -> org.hibernate.loader.plan.build.internal.spaces.CollectionQuerySpaceImpl@2434cbd5]
17:03:35.284 [Test worker] DEBUG org.hibernate.loader.plan.build.internal.spaces.QuerySpacesImpl - Adding QuerySpace : uid = <gen:2> -> org.hibernate.loader.plan.build.internal.spaces.EntityQuerySpaceImpl@5baf4b4a]
17:03:35.284 [Test worker] DEBUG org.hibernate.persister.walking.spi.MetamodelGraphWalker - Visiting attribute path : password
17:03:35.284 [Test worker] DEBUG org.hibernate.persister.walking.spi.MetamodelGraphWalker - Visiting attribute path : refreshToken
17:03:35.284 [Test worker] DEBUG org.hibernate.persister.walking.spi.MetamodelGraphWalker - Visiting attribute path : role
17:03:35.284 [Test worker] DEBUG org.hibernate.loader.plan.build.internal.spaces.QuerySpacesImpl - Adding QuerySpace : uid = <gen:3> -> org.hibernate.loader.plan.build.internal.spaces.EntityQuerySpaceImpl@37963286]
17:03:35.284 [Test worker] DEBUG org.hibernate.persister.walking.spi.MetamodelGraphWalker - Visiting attribute path : role.value
17:03:35.284 [Test worker] DEBUG org.hibernate.loader.plan.build.internal.FetchStyleLoadPlanBuildingAssociationVisitationStrategy - Building LoadPlan...
17:03:35.284 [Test worker] DEBUG org.hibernate.loader.plan.exec.internal.LoadQueryJoinAndFetchProcessor - processing queryspace <gen:0>
17:03:35.284 [Test worker] DEBUG org.hibernate.loader.plan.build.spi.LoadPlanTreePrinter - LoadPlan(entity=com.epam.esm.entity.User)
    - Returns
       - EntityReturnImpl(entity=com.epam.esm.entity.User, querySpaceUid=<gen:0>, path=com.epam.esm.entity.User)
          - CollectionAttributeFetchImpl(collection=com.epam.esm.entity.User.orders, querySpaceUid=<gen:1>, path=com.epam.esm.entity.User.orders)
             - (collection element) CollectionFetchableElementEntityGraph(entity=com.epam.esm.entity.Order, querySpaceUid=<gen:2>, path=com.epam.esm.entity.User.orders.<elements>)
          - EntityAttributeFetchImpl(entity=com.epam.esm.entity.Role, querySpaceUid=<gen:3>, path=com.epam.esm.entity.User.role)
    - QuerySpaces
       - EntityQuerySpaceImpl(uid=<gen:0>, entity=com.epam.esm.entity.User)
          - SQL table alias mapping - user0_
          - alias suffix - 0_
          - suffixed key columns - {id1_2_0_}
          - JOIN (JoinDefinedByMetadata(role)) : <gen:0> -> <gen:3>
             - EntityQuerySpaceImpl(uid=<gen:3>, entity=com.epam.esm.entity.Role)
                - SQL table alias mapping - role1_
                - alias suffix - 1_
                - suffixed key columns - {id1_1_1_}

17:03:35.284 [Test worker] DEBUG org.hibernate.loader.entity.plan.EntityLoader - Static select for entity com.epam.esm.entity.User [READ]: select user0_.id as id1_2_0_, user0_.email as email2_2_0_, user0_.password as password3_2_0_, user0_.refresh_token as refresh_4_2_0_, user0_.role_id as role_id5_2_0_, role1_.id as id1_1_1_, role1_.value as value2_1_1_ from application_user user0_ left outer join application_role role1_ on user0_.role_id=role1_.id where user0_.id=?
17:03:35.284 [Test worker] DEBUG org.hibernate.loader.Loader - Static select for action ACTION_MERGE on entity com.epam.esm.entity.User: select user0_.id as id1_2_0_, user0_.email as email2_2_0_, user0_.password as password3_2_0_, user0_.refresh_token as refresh_4_2_0_, user0_.role_id as role_id5_2_0_ from application_user user0_ where user0_.id=?
17:03:35.285 [Test worker] DEBUG org.hibernate.loader.Loader - Static select for action ACTION_REFRESH on entity com.epam.esm.entity.User: select user0_.id as id1_2_0_, user0_.email as email2_2_0_, user0_.password as password3_2_0_, user0_.refresh_token as refresh_4_2_0_, user0_.role_id as role_id5_2_0_ from application_user user0_ where user0_.id=?
17:03:35.285 [Test worker] DEBUG org.hibernate.persister.entity.AbstractEntityPersister - Static SQL for entity: com.epam.esm.entity.Entity
17:03:35.285 [Test worker] DEBUG org.hibernate.persister.entity.AbstractEntityPersister -  Version select: select id from entity where id =?
17:03:35.285 [Test worker] DEBUG org.hibernate.persister.entity.AbstractEntityPersister -  Snapshot select: select entity_.id from entity entity_ where entity_.id=?
17:03:35.285 [Test worker] DEBUG org.hibernate.persister.entity.AbstractEntityPersister -  Insert 0: insert into entity (id) values (?)
17:03:35.285 [Test worker] DEBUG org.hibernate.persister.entity.AbstractEntityPersister -  Update 0: null
17:03:35.285 [Test worker] DEBUG org.hibernate.persister.entity.AbstractEntityPersister -  Delete 0: delete from entity where id=?
17:03:35.285 [Test worker] DEBUG org.hibernate.persister.entity.AbstractEntityPersister -  Identity insert: insert into entity (id) values (null)
17:03:35.285 [Test worker] DEBUG org.hibernate.loader.plan.build.internal.spaces.QuerySpacesImpl - Adding QuerySpace : uid = <gen:0> -> org.hibernate.loader.plan.build.internal.spaces.EntityQuerySpaceImpl@60b2865e]
17:03:35.285 [Test worker] DEBUG org.hibernate.loader.plan.build.internal.FetchStyleLoadPlanBuildingAssociationVisitationStrategy - Building LoadPlan...
17:03:35.285 [Test worker] DEBUG org.hibernate.loader.plan.exec.internal.LoadQueryJoinAndFetchProcessor - processing queryspace <gen:0>
17:03:35.285 [Test worker] DEBUG org.hibernate.loader.plan.build.spi.LoadPlanTreePrinter - LoadPlan(entity=com.epam.esm.entity.Entity)
    - Returns
       - EntityReturnImpl(entity=com.epam.esm.entity.Entity, querySpaceUid=<gen:0>, path=com.epam.esm.entity.Entity)
    - QuerySpaces
       - EntityQuerySpaceImpl(uid=<gen:0>, entity=com.epam.esm.entity.Entity)
          - SQL table alias mapping - entity0_
          - alias suffix - 0_
          - suffixed key columns - {id1_5_0_}

17:03:35.285 [Test worker] DEBUG org.hibernate.loader.entity.plan.EntityLoader - Static select for entity com.epam.esm.entity.Entity [NONE]: select entity0_.id as id1_5_0_ from entity entity0_ where entity0_.id=?
17:03:35.285 [Test worker] DEBUG org.hibernate.loader.plan.build.internal.spaces.QuerySpacesImpl - Adding QuerySpace : uid = <gen:0> -> org.hibernate.loader.plan.build.internal.spaces.EntityQuerySpaceImpl@47627ca1]
17:03:35.285 [Test worker] DEBUG org.hibernate.loader.plan.build.internal.FetchStyleLoadPlanBuildingAssociationVisitationStrategy - Building LoadPlan...
17:03:35.286 [Test worker] DEBUG org.hibernate.loader.plan.exec.internal.LoadQueryJoinAndFetchProcessor - processing queryspace <gen:0>
17:03:35.286 [Test worker] DEBUG org.hibernate.loader.plan.build.spi.LoadPlanTreePrinter - LoadPlan(entity=com.epam.esm.entity.Entity)
    - Returns
       - EntityReturnImpl(entity=com.epam.esm.entity.Entity, querySpaceUid=<gen:0>, path=com.epam.esm.entity.Entity)
    - QuerySpaces
       - EntityQuerySpaceImpl(uid=<gen:0>, entity=com.epam.esm.entity.Entity)
          - SQL table alias mapping - entity0_
          - alias suffix - 0_
          - suffixed key columns - {id1_5_0_}

17:03:35.286 [Test worker] DEBUG org.hibernate.loader.entity.plan.EntityLoader - Static select for entity com.epam.esm.entity.Entity [READ]: select entity0_.id as id1_5_0_ from entity entity0_ where entity0_.id=?
17:03:35.286 [Test worker] DEBUG org.hibernate.loader.Loader - Static select for action ACTION_MERGE on entity com.epam.esm.entity.Entity: select entity0_.id as id1_5_0_ from entity entity0_ where entity0_.id=?
17:03:35.286 [Test worker] DEBUG org.hibernate.loader.Loader - Static select for action ACTION_REFRESH on entity com.epam.esm.entity.Entity: select entity0_.id as id1_5_0_ from entity entity0_ where entity0_.id=?
17:03:35.286 [Test worker] DEBUG org.hibernate.persister.entity.AbstractEntityPersister - Static SQL for entity: com.epam.esm.entity.Tag
17:03:35.286 [Test worker] DEBUG org.hibernate.persister.entity.AbstractEntityPersister -  Version select: select id from tag where id =?
17:03:35.286 [Test worker] DEBUG org.hibernate.persister.entity.AbstractEntityPersister -  Snapshot select: select tag_.id from tag tag_ where tag_.id=?
17:03:35.286 [Test worker] DEBUG org.hibernate.persister.entity.AbstractEntityPersister -  Insert 0: insert into tag (title, id) values (?, ?)
17:03:35.286 [Test worker] DEBUG org.hibernate.persister.entity.AbstractEntityPersister -  Update 0: null
17:03:35.286 [Test worker] DEBUG org.hibernate.persister.entity.AbstractEntityPersister -  Delete 0: delete from tag where id=?
17:03:35.286 [Test worker] DEBUG org.hibernate.persister.entity.AbstractEntityPersister -  Identity insert: insert into tag (id, title) values (null, ?)
17:03:35.286 [Test worker] DEBUG org.hibernate.loader.plan.build.internal.spaces.QuerySpacesImpl - Adding QuerySpace : uid = <gen:0> -> org.hibernate.loader.plan.build.internal.spaces.EntityQuerySpaceImpl@56740ef]
17:03:35.286 [Test worker] DEBUG org.hibernate.persister.walking.spi.MetamodelGraphWalker - Visiting attribute path : title
17:03:35.286 [Test worker] DEBUG org.hibernate.loader.plan.build.internal.FetchStyleLoadPlanBuildingAssociationVisitationStrategy - Building LoadPlan...
17:03:35.286 [Test worker] DEBUG org.hibernate.loader.plan.exec.internal.LoadQueryJoinAndFetchProcessor - processing queryspace <gen:0>
17:03:35.287 [Test worker] DEBUG org.hibernate.loader.plan.build.spi.LoadPlanTreePrinter - LoadPlan(entity=com.epam.esm.entity.Tag)
    - Returns
       - EntityReturnImpl(entity=com.epam.esm.entity.Tag, querySpaceUid=<gen:0>, path=com.epam.esm.entity.Tag)
    - QuerySpaces
       - EntityQuerySpaceImpl(uid=<gen:0>, entity=com.epam.esm.entity.Tag)
          - SQL table alias mapping - tag0_
          - alias suffix - 0_
          - suffixed key columns - {id1_7_0_}

17:03:35.287 [Test worker] DEBUG org.hibernate.loader.entity.plan.EntityLoader - Static select for entity com.epam.esm.entity.Tag [NONE]: select tag0_.id as id1_7_0_, tag0_.title as title2_7_0_ from tag tag0_ where tag0_.id=?
17:03:35.287 [Test worker] DEBUG org.hibernate.loader.plan.build.internal.spaces.QuerySpacesImpl - Adding QuerySpace : uid = <gen:0> -> org.hibernate.loader.plan.build.internal.spaces.EntityQuerySpaceImpl@2380c7c9]
17:03:35.287 [Test worker] DEBUG org.hibernate.persister.walking.spi.MetamodelGraphWalker - Visiting attribute path : title
17:03:35.287 [Test worker] DEBUG org.hibernate.loader.plan.build.internal.FetchStyleLoadPlanBuildingAssociationVisitationStrategy - Building LoadPlan...
17:03:35.287 [Test worker] DEBUG org.hibernate.loader.plan.exec.internal.LoadQueryJoinAndFetchProcessor - processing queryspace <gen:0>
17:03:35.287 [Test worker] DEBUG org.hibernate.loader.plan.build.spi.LoadPlanTreePrinter - LoadPlan(entity=com.epam.esm.entity.Tag)
    - Returns
       - EntityReturnImpl(entity=com.epam.esm.entity.Tag, querySpaceUid=<gen:0>, path=com.epam.esm.entity.Tag)
    - QuerySpaces
       - EntityQuerySpaceImpl(uid=<gen:0>, entity=com.epam.esm.entity.Tag)
          - SQL table alias mapping - tag0_
          - alias suffix - 0_
          - suffixed key columns - {id1_7_0_}

17:03:35.287 [Test worker] DEBUG org.hibernate.loader.entity.plan.EntityLoader - Static select for entity com.epam.esm.entity.Tag [READ]: select tag0_.id as id1_7_0_, tag0_.title as title2_7_0_ from tag tag0_ where tag0_.id=?
17:03:35.287 [Test worker] DEBUG org.hibernate.loader.Loader - Static select for action ACTION_MERGE on entity com.epam.esm.entity.Tag: select tag0_.id as id1_7_0_, tag0_.title as title2_7_0_ from tag tag0_ where tag0_.id=?
17:03:35.287 [Test worker] DEBUG org.hibernate.loader.Loader - Static select for action ACTION_REFRESH on entity com.epam.esm.entity.Tag: select tag0_.id as id1_7_0_, tag0_.title as title2_7_0_ from tag tag0_ where tag0_.id=?
17:03:35.288 [Test worker] DEBUG org.hibernate.persister.entity.AbstractEntityPersister - Static SQL for entity: com.epam.esm.entity.OrderCertificate
17:03:35.288 [Test worker] DEBUG org.hibernate.persister.entity.AbstractEntityPersister -  Version select: select id from order_certificate where id =?
17:03:35.288 [Test worker] DEBUG org.hibernate.persister.entity.AbstractEntityPersister -  Snapshot select: select ordercerti_.id, ordercerti_.certificate_id as certific4_6_, ordercerti_.expiration_date as expirati2_6_, ordercerti_.fixed_price as fixed_pr3_6_, ordercerti_.order_id as order_id5_6_ from order_certificate ordercerti_ where ordercerti_.id=?
17:03:35.288 [Test worker] DEBUG org.hibernate.persister.entity.AbstractEntityPersister -  Insert 0: insert into order_certificate (certificate_id, expiration_date, fixed_price, order_id, id) values (?, ?, ?, ?, ?)
17:03:35.288 [Test worker] DEBUG org.hibernate.persister.entity.AbstractEntityPersister -  Update 0: update order_certificate set certificate_id=?, expiration_date=?, fixed_price=?, order_id=? where id=?
17:03:35.288 [Test worker] DEBUG org.hibernate.persister.entity.AbstractEntityPersister -  Delete 0: delete from order_certificate where id=?
17:03:35.288 [Test worker] DEBUG org.hibernate.persister.entity.AbstractEntityPersister -  Identity insert: insert into order_certificate (id, certificate_id, expiration_date, fixed_price, order_id) values (null, ?, ?, ?, ?)
17:03:35.288 [Test worker] DEBUG org.hibernate.loader.plan.build.internal.spaces.QuerySpacesImpl - Adding QuerySpace : uid = <gen:0> -> org.hibernate.loader.plan.build.internal.spaces.EntityQuerySpaceImpl@70e746fc]
17:03:35.288 [Test worker] DEBUG org.hibernate.persister.walking.spi.MetamodelGraphWalker - Visiting attribute path : certificate
17:03:35.288 [Test worker] DEBUG org.hibernate.loader.plan.build.internal.spaces.QuerySpacesImpl - Adding QuerySpace : uid = <gen:1> -> org.hibernate.loader.plan.build.internal.spaces.EntityQuerySpaceImpl@3b96e41b]
17:03:35.288 [Test worker] DEBUG org.hibernate.persister.walking.spi.MetamodelGraphWalker - Visiting attribute path : expirationDate
17:03:35.288 [Test worker] DEBUG org.hibernate.persister.walking.spi.MetamodelGraphWalker - Visiting attribute path : fixedPrice
17:03:35.288 [Test worker] DEBUG org.hibernate.persister.walking.spi.MetamodelGraphWalker - Visiting attribute path : order
17:03:35.288 [Test worker] DEBUG org.hibernate.loader.plan.build.internal.spaces.QuerySpacesImpl - Adding QuerySpace : uid = <gen:2> -> org.hibernate.loader.plan.build.internal.spaces.EntityQuerySpaceImpl@341f8252]
17:03:35.288 [Test worker] DEBUG org.hibernate.persister.walking.spi.MetamodelGraphWalker - Visiting attribute path : order.activeStatus
17:03:35.288 [Test worker] DEBUG org.hibernate.persister.walking.spi.MetamodelGraphWalker - Visiting attribute path : order.createdAt
17:03:35.288 [Test worker] DEBUG org.hibernate.persister.walking.spi.MetamodelGraphWalker - Visiting attribute path : order.orderCertificates
17:03:35.288 [Test worker] DEBUG org.hibernate.persister.walking.spi.MetamodelGraphWalker - Property path deemed to be circular : order.orderCertificates
17:03:35.288 [Test worker] DEBUG org.hibernate.persister.walking.spi.MetamodelGraphWalker - Visiting attribute path : order.user
17:03:35.288 [Test worker] DEBUG org.hibernate.loader.plan.build.internal.spaces.QuerySpacesImpl - Adding QuerySpace : uid = <gen:3> -> org.hibernate.loader.plan.build.internal.spaces.EntityQuerySpaceImpl@e4cf261]
17:03:35.288 [Test worker] DEBUG org.hibernate.persister.walking.spi.MetamodelGraphWalker - Visiting attribute path : order.user.email
17:03:35.288 [Test worker] DEBUG org.hibernate.persister.walking.spi.MetamodelGraphWalker - Visiting attribute path : order.user.orders
17:03:35.288 [Test worker] DEBUG org.hibernate.persister.walking.spi.MetamodelGraphWalker - Property path deemed to be circular : order.user.orders
17:03:35.288 [Test worker] DEBUG org.hibernate.persister.walking.spi.MetamodelGraphWalker - Visiting attribute path : order.user.password
17:03:35.288 [Test worker] DEBUG org.hibernate.persister.walking.spi.MetamodelGraphWalker - Visiting attribute path : order.user.refreshToken
17:03:35.288 [Test worker] DEBUG org.hibernate.persister.walking.spi.MetamodelGraphWalker - Visiting attribute path : order.user.role
17:03:35.288 [Test worker] DEBUG org.hibernate.loader.plan.build.internal.spaces.QuerySpacesImpl - Adding QuerySpace : uid = <gen:4> -> org.hibernate.loader.plan.build.internal.spaces.EntityQuerySpaceImpl@4ab37681]
17:03:35.288 [Test worker] DEBUG org.hibernate.persister.walking.spi.MetamodelGraphWalker - Visiting attribute path : order.user.role.value
17:03:35.289 [Test worker] DEBUG org.hibernate.loader.plan.build.internal.FetchStyleLoadPlanBuildingAssociationVisitationStrategy - Building LoadPlan...
17:03:35.289 [Test worker] DEBUG org.hibernate.loader.plan.exec.internal.LoadQueryJoinAndFetchProcessor - processing queryspace <gen:0>
17:03:35.289 [Test worker] DEBUG org.hibernate.loader.plan.build.spi.LoadPlanTreePrinter - LoadPlan(entity=com.epam.esm.entity.OrderCertificate)
    - Returns
       - EntityReturnImpl(entity=com.epam.esm.entity.OrderCertificate, querySpaceUid=<gen:0>, path=com.epam.esm.entity.OrderCertificate)
          - EntityAttributeFetchImpl(entity=com.epam.esm.entity.GiftCertificate, querySpaceUid=<gen:1>, path=com.epam.esm.entity.OrderCertificate.certificate)
          - EntityAttributeFetchImpl(entity=com.epam.esm.entity.Order, querySpaceUid=<gen:2>, path=com.epam.esm.entity.OrderCertificate.order)
             - EntityAttributeFetchImpl(entity=com.epam.esm.entity.User, querySpaceUid=<gen:3>, path=com.epam.esm.entity.OrderCertificate.order.user)
                - EntityAttributeFetchImpl(entity=com.epam.esm.entity.Role, querySpaceUid=<gen:4>, path=com.epam.esm.entity.OrderCertificate.order.user.role)
    - QuerySpaces
       - EntityQuerySpaceImpl(uid=<gen:0>, entity=com.epam.esm.entity.OrderCertificate)
          - SQL table alias mapping - ordercerti0_
          - alias suffix - 0_
          - suffixed key columns - {id1_6_0_}
          - JOIN (JoinDefinedByMetadata(order)) : <gen:0> -> <gen:2>
             - EntityQuerySpaceImpl(uid=<gen:2>, entity=com.epam.esm.entity.Order)
                - SQL table alias mapping - order1_
                - alias suffix - 1_
                - suffixed key columns - {id1_0_1_}
                - JOIN (JoinDefinedByMetadata(user)) : <gen:2> -> <gen:3>
                   - EntityQuerySpaceImpl(uid=<gen:3>, entity=com.epam.esm.entity.User)
                      - SQL table alias mapping - user2_
                      - alias suffix - 2_
                      - suffixed key columns - {id1_2_2_}
                      - JOIN (JoinDefinedByMetadata(role)) : <gen:3> -> <gen:4>
                         - EntityQuerySpaceImpl(uid=<gen:4>, entity=com.epam.esm.entity.Role)
                            - SQL table alias mapping - role3_
                            - alias suffix - 3_
                            - suffixed key columns - {id1_1_3_}

17:03:35.289 [Test worker] DEBUG org.hibernate.loader.entity.plan.EntityLoader - Static select for entity com.epam.esm.entity.OrderCertificate [NONE]: select ordercerti0_.id as id1_6_0_, ordercerti0_.certificate_id as certific4_6_0_, ordercerti0_.expiration_date as expirati2_6_0_, ordercerti0_.fixed_price as fixed_pr3_6_0_, ordercerti0_.order_id as order_id5_6_0_, order1_.id as id1_0_1_, order1_.active_status as active_s2_0_1_, order1_.created_at as created_3_0_1_, order1_.user_id as user_id4_0_1_, user2_.id as id1_2_2_, user2_.email as email2_2_2_, user2_.password as password3_2_2_, user2_.refresh_token as refresh_4_2_2_, user2_.role_id as role_id5_2_2_, role3_.id as id1_1_3_, role3_.value as value2_1_3_ from order_certificate ordercerti0_ left outer join application_order order1_ on ordercerti0_.order_id=order1_.id left outer join application_user user2_ on order1_.user_id=user2_.id left outer join application_role role3_ on user2_.role_id=role3_.id where ordercerti0_.id=?
17:03:35.289 [Test worker] DEBUG org.hibernate.loader.plan.build.internal.spaces.QuerySpacesImpl - Adding QuerySpace : uid = <gen:0> -> org.hibernate.loader.plan.build.internal.spaces.EntityQuerySpaceImpl@72457213]
17:03:35.289 [Test worker] DEBUG org.hibernate.persister.walking.spi.MetamodelGraphWalker - Visiting attribute path : certificate
17:03:35.289 [Test worker] DEBUG org.hibernate.loader.plan.build.internal.spaces.QuerySpacesImpl - Adding QuerySpace : uid = <gen:1> -> org.hibernate.loader.plan.build.internal.spaces.EntityQuerySpaceImpl@1218b653]
17:03:35.289 [Test worker] DEBUG org.hibernate.persister.walking.spi.MetamodelGraphWalker - Visiting attribute path : expirationDate
17:03:35.290 [Test worker] DEBUG org.hibernate.persister.walking.spi.MetamodelGraphWalker - Visiting attribute path : fixedPrice
17:03:35.290 [Test worker] DEBUG org.hibernate.persister.walking.spi.MetamodelGraphWalker - Visiting attribute path : order
17:03:35.290 [Test worker] DEBUG org.hibernate.loader.plan.build.internal.spaces.QuerySpacesImpl - Adding QuerySpace : uid = <gen:2> -> org.hibernate.loader.plan.build.internal.spaces.EntityQuerySpaceImpl@13cd9412]
17:03:35.290 [Test worker] DEBUG org.hibernate.persister.walking.spi.MetamodelGraphWalker - Visiting attribute path : order.activeStatus
17:03:35.290 [Test worker] DEBUG org.hibernate.persister.walking.spi.MetamodelGraphWalker - Visiting attribute path : order.createdAt
17:03:35.290 [Test worker] DEBUG org.hibernate.persister.walking.spi.MetamodelGraphWalker - Visiting attribute path : order.orderCertificates
17:03:35.290 [Test worker] DEBUG org.hibernate.persister.walking.spi.MetamodelGraphWalker - Property path deemed to be circular : order.orderCertificates
17:03:35.290 [Test worker] DEBUG org.hibernate.persister.walking.spi.MetamodelGraphWalker - Visiting attribute path : order.user
17:03:35.290 [Test worker] DEBUG org.hibernate.loader.plan.build.internal.spaces.QuerySpacesImpl - Adding QuerySpace : uid = <gen:3> -> org.hibernate.loader.plan.build.internal.spaces.EntityQuerySpaceImpl@7f04bf60]
17:03:35.290 [Test worker] DEBUG org.hibernate.persister.walking.spi.MetamodelGraphWalker - Visiting attribute path : order.user.email
17:03:35.290 [Test worker] DEBUG org.hibernate.persister.walking.spi.MetamodelGraphWalker - Visiting attribute path : order.user.orders
17:03:35.290 [Test worker] DEBUG org.hibernate.persister.walking.spi.MetamodelGraphWalker - Property path deemed to be circular : order.user.orders
17:03:35.290 [Test worker] DEBUG org.hibernate.persister.walking.spi.MetamodelGraphWalker - Visiting attribute path : order.user.password
17:03:35.290 [Test worker] DEBUG org.hibernate.persister.walking.spi.MetamodelGraphWalker - Visiting attribute path : order.user.refreshToken
17:03:35.290 [Test worker] DEBUG org.hibernate.persister.walking.spi.MetamodelGraphWalker - Visiting attribute path : order.user.role
17:03:35.290 [Test worker] DEBUG org.hibernate.loader.plan.build.internal.spaces.QuerySpacesImpl - Adding QuerySpace : uid = <gen:4> -> org.hibernate.loader.plan.build.internal.spaces.EntityQuerySpaceImpl@576b48e4]
17:03:35.290 [Test worker] DEBUG org.hibernate.persister.walking.spi.MetamodelGraphWalker - Visiting attribute path : order.user.role.value
17:03:35.290 [Test worker] DEBUG org.hibernate.loader.plan.build.internal.FetchStyleLoadPlanBuildingAssociationVisitationStrategy - Building LoadPlan...
17:03:35.290 [Test worker] DEBUG org.hibernate.loader.plan.exec.internal.LoadQueryJoinAndFetchProcessor - processing queryspace <gen:0>
17:03:35.291 [Test worker] DEBUG org.hibernate.loader.plan.build.spi.LoadPlanTreePrinter - LoadPlan(entity=com.epam.esm.entity.OrderCertificate)
    - Returns
       - EntityReturnImpl(entity=com.epam.esm.entity.OrderCertificate, querySpaceUid=<gen:0>, path=com.epam.esm.entity.OrderCertificate)
          - EntityAttributeFetchImpl(entity=com.epam.esm.entity.GiftCertificate, querySpaceUid=<gen:1>, path=com.epam.esm.entity.OrderCertificate.certificate)
          - EntityAttributeFetchImpl(entity=com.epam.esm.entity.Order, querySpaceUid=<gen:2>, path=com.epam.esm.entity.OrderCertificate.order)
             - EntityAttributeFetchImpl(entity=com.epam.esm.entity.User, querySpaceUid=<gen:3>, path=com.epam.esm.entity.OrderCertificate.order.user)
                - EntityAttributeFetchImpl(entity=com.epam.esm.entity.Role, querySpaceUid=<gen:4>, path=com.epam.esm.entity.OrderCertificate.order.user.role)
    - QuerySpaces
       - EntityQuerySpaceImpl(uid=<gen:0>, entity=com.epam.esm.entity.OrderCertificate)
          - SQL table alias mapping - ordercerti0_
          - alias suffix - 0_
          - suffixed key columns - {id1_6_0_}
          - JOIN (JoinDefinedByMetadata(order)) : <gen:0> -> <gen:2>
             - EntityQuerySpaceImpl(uid=<gen:2>, entity=com.epam.esm.entity.Order)
                - SQL table alias mapping - order1_
                - alias suffix - 1_
                - suffixed key columns - {id1_0_1_}
                - JOIN (JoinDefinedByMetadata(user)) : <gen:2> -> <gen:3>
                   - EntityQuerySpaceImpl(uid=<gen:3>, entity=com.epam.esm.entity.User)
                      - SQL table alias mapping - user2_
                      - alias suffix - 2_
                      - suffixed key columns - {id1_2_2_}
                      - JOIN (JoinDefinedByMetadata(role)) : <gen:3> -> <gen:4>
                         - EntityQuerySpaceImpl(uid=<gen:4>, entity=com.epam.esm.entity.Role)
                            - SQL table alias mapping - role3_
                            - alias suffix - 3_
                            - suffixed key columns - {id1_1_3_}

17:03:35.291 [Test worker] DEBUG org.hibernate.loader.entity.plan.EntityLoader - Static select for entity com.epam.esm.entity.OrderCertificate [READ]: select ordercerti0_.id as id1_6_0_, ordercerti0_.certificate_id as certific4_6_0_, ordercerti0_.expiration_date as expirati2_6_0_, ordercerti0_.fixed_price as fixed_pr3_6_0_, ordercerti0_.order_id as order_id5_6_0_, order1_.id as id1_0_1_, order1_.active_status as active_s2_0_1_, order1_.created_at as created_3_0_1_, order1_.user_id as user_id4_0_1_, user2_.id as id1_2_2_, user2_.email as email2_2_2_, user2_.password as password3_2_2_, user2_.refresh_token as refresh_4_2_2_, user2_.role_id as role_id5_2_2_, role3_.id as id1_1_3_, role3_.value as value2_1_3_ from order_certificate ordercerti0_ left outer join application_order order1_ on ordercerti0_.order_id=order1_.id left outer join application_user user2_ on order1_.user_id=user2_.id left outer join application_role role3_ on user2_.role_id=role3_.id where ordercerti0_.id=?
17:03:35.291 [Test worker] DEBUG org.hibernate.loader.Loader - Static select for action ACTION_MERGE on entity com.epam.esm.entity.OrderCertificate: select ordercerti0_.id as id1_6_3_, ordercerti0_.certificate_id as certific4_6_3_, ordercerti0_.expiration_date as expirati2_6_3_, ordercerti0_.fixed_price as fixed_pr3_6_3_, ordercerti0_.order_id as order_id5_6_3_, giftcertif1_.id as id1_3_0_, giftcertif1_.active_status as active_s2_3_0_, giftcertif1_.creation_date as creation3_3_0_, giftcertif1_.description as descript4_3_0_, giftcertif1_.expiration_date as expirati5_3_0_, giftcertif1_.modification_date as modifica6_3_0_, giftcertif1_.name as name7_3_0_, giftcertif1_.price as price8_3_0_, tags2_.certificate_id as certific1_4_5_, tag3_.id as tag_id2_4_5_, tag3_.id as id1_7_1_, tag3_.title as title2_7_1_, order4_.id as id1_0_2_, order4_.active_status as active_s2_0_2_, order4_.created_at as created_3_0_2_, order4_.user_id as user_id4_0_2_ from order_certificate ordercerti0_ left outer join certificate giftcertif1_ on ordercerti0_.certificate_id=giftcertif1_.id left outer join certificate_tag tags2_ on giftcertif1_.id=tags2_.certificate_id left outer join tag tag3_ on tags2_.tag_id=tag3_.id left outer join application_order order4_ on ordercerti0_.order_id=order4_.id where ordercerti0_.id=?
17:03:35.292 [Test worker] DEBUG org.hibernate.loader.Loader - Static select for action ACTION_REFRESH on entity com.epam.esm.entity.OrderCertificate: select ordercerti0_.id as id1_6_2_, ordercerti0_.certificate_id as certific4_6_2_, ordercerti0_.expiration_date as expirati2_6_2_, ordercerti0_.fixed_price as fixed_pr3_6_2_, ordercerti0_.order_id as order_id5_6_2_, giftcertif1_.id as id1_3_0_, giftcertif1_.active_status as active_s2_3_0_, giftcertif1_.creation_date as creation3_3_0_, giftcertif1_.description as descript4_3_0_, giftcertif1_.expiration_date as expirati5_3_0_, giftcertif1_.modification_date as modifica6_3_0_, giftcertif1_.name as name7_3_0_, giftcertif1_.price as price8_3_0_, order2_.id as id1_0_1_, order2_.active_status as active_s2_0_1_, order2_.created_at as created_3_0_1_, order2_.user_id as user_id4_0_1_ from order_certificate ordercerti0_ left outer join certificate giftcertif1_ on ordercerti0_.certificate_id=giftcertif1_.id left outer join application_order order2_ on ordercerti0_.order_id=order2_.id where ordercerti0_.id=?
17:03:35.292 [Test worker] DEBUG org.hibernate.persister.entity.AbstractEntityPersister - Static SQL for entity: com.epam.esm.entity.Role
17:03:35.292 [Test worker] DEBUG org.hibernate.persister.entity.AbstractEntityPersister -  Version select: select id from application_role where id =?
17:03:35.292 [Test worker] DEBUG org.hibernate.persister.entity.AbstractEntityPersister -  Snapshot select: select role_.id, role_.value as value2_1_ from application_role role_ where role_.id=?
17:03:35.292 [Test worker] DEBUG org.hibernate.persister.entity.AbstractEntityPersister -  Insert 0: insert into application_role (value, id) values (?, ?)
17:03:35.292 [Test worker] DEBUG org.hibernate.persister.entity.AbstractEntityPersister -  Update 0: update application_role set value=? where id=?
17:03:35.292 [Test worker] DEBUG org.hibernate.persister.entity.AbstractEntityPersister -  Delete 0: delete from application_role where id=?
17:03:35.292 [Test worker] DEBUG org.hibernate.persister.entity.AbstractEntityPersister -  Identity insert: insert into application_role (id, value) values (null, ?)
17:03:35.292 [Test worker] DEBUG org.hibernate.loader.plan.build.internal.spaces.QuerySpacesImpl - Adding QuerySpace : uid = <gen:0> -> org.hibernate.loader.plan.build.internal.spaces.EntityQuerySpaceImpl@4a84a479]
17:03:35.292 [Test worker] DEBUG org.hibernate.persister.walking.spi.MetamodelGraphWalker - Visiting attribute path : value
17:03:35.292 [Test worker] DEBUG org.hibernate.loader.plan.build.internal.FetchStyleLoadPlanBuildingAssociationVisitationStrategy - Building LoadPlan...
17:03:35.292 [Test worker] DEBUG org.hibernate.loader.plan.exec.internal.LoadQueryJoinAndFetchProcessor - processing queryspace <gen:0>
17:03:35.292 [Test worker] DEBUG org.hibernate.loader.plan.build.spi.LoadPlanTreePrinter - LoadPlan(entity=com.epam.esm.entity.Role)
    - Returns
       - EntityReturnImpl(entity=com.epam.esm.entity.Role, querySpaceUid=<gen:0>, path=com.epam.esm.entity.Role)
    - QuerySpaces
       - EntityQuerySpaceImpl(uid=<gen:0>, entity=com.epam.esm.entity.Role)
          - SQL table alias mapping - role0_
          - alias suffix - 0_
          - suffixed key columns - {id1_1_0_}

17:03:35.292 [Test worker] DEBUG org.hibernate.loader.entity.plan.EntityLoader - Static select for entity com.epam.esm.entity.Role [NONE]: select role0_.id as id1_1_0_, role0_.value as value2_1_0_ from application_role role0_ where role0_.id=?
17:03:35.292 [Test worker] DEBUG org.hibernate.loader.plan.build.internal.spaces.QuerySpacesImpl - Adding QuerySpace : uid = <gen:0> -> org.hibernate.loader.plan.build.internal.spaces.EntityQuerySpaceImpl@269aeee3]
17:03:35.292 [Test worker] DEBUG org.hibernate.persister.walking.spi.MetamodelGraphWalker - Visiting attribute path : value
17:03:35.292 [Test worker] DEBUG org.hibernate.loader.plan.build.internal.FetchStyleLoadPlanBuildingAssociationVisitationStrategy - Building LoadPlan...
17:03:35.293 [Test worker] DEBUG org.hibernate.loader.plan.exec.internal.LoadQueryJoinAndFetchProcessor - processing queryspace <gen:0>
17:03:35.293 [Test worker] DEBUG org.hibernate.loader.plan.build.spi.LoadPlanTreePrinter - LoadPlan(entity=com.epam.esm.entity.Role)
    - Returns
       - EntityReturnImpl(entity=com.epam.esm.entity.Role, querySpaceUid=<gen:0>, path=com.epam.esm.entity.Role)
    - QuerySpaces
       - EntityQuerySpaceImpl(uid=<gen:0>, entity=com.epam.esm.entity.Role)
          - SQL table alias mapping - role0_
          - alias suffix - 0_
          - suffixed key columns - {id1_1_0_}

17:03:35.293 [Test worker] DEBUG org.hibernate.loader.entity.plan.EntityLoader - Static select for entity com.epam.esm.entity.Role [READ]: select role0_.id as id1_1_0_, role0_.value as value2_1_0_ from application_role role0_ where role0_.id=?
17:03:35.293 [Test worker] DEBUG org.hibernate.loader.Loader - Static select for action ACTION_MERGE on entity com.epam.esm.entity.Role: select role0_.id as id1_1_0_, role0_.value as value2_1_0_ from application_role role0_ where role0_.id=?
17:03:35.293 [Test worker] DEBUG org.hibernate.loader.Loader - Static select for action ACTION_REFRESH on entity com.epam.esm.entity.Role: select role0_.id as id1_1_0_, role0_.value as value2_1_0_ from application_role role0_ where role0_.id=?
17:03:35.293 [Test worker] DEBUG org.hibernate.loader.plan.build.internal.spaces.QuerySpacesImpl - Adding QuerySpace : uid = <gen:0> -> org.hibernate.loader.plan.build.internal.spaces.CollectionQuerySpaceImpl@5659c443]
17:03:35.293 [Test worker] DEBUG org.hibernate.loader.plan.build.internal.spaces.QuerySpacesImpl - Adding QuerySpace : uid = <gen:1> -> org.hibernate.loader.plan.build.internal.spaces.EntityQuerySpaceImpl@20ec726f]
17:03:35.293 [Test worker] DEBUG org.hibernate.persister.walking.spi.MetamodelGraphWalker - Visiting attribute path : title
17:03:35.293 [Test worker] DEBUG org.hibernate.loader.plan.build.internal.FetchStyleLoadPlanBuildingAssociationVisitationStrategy - Building LoadPlan...
17:03:35.293 [Test worker] DEBUG org.hibernate.loader.plan.exec.internal.LoadQueryJoinAndFetchProcessor - processing queryspace <gen:0>
17:03:35.294 [Test worker] DEBUG org.hibernate.loader.plan.build.spi.LoadPlanTreePrinter - LoadPlan(collection=com.epam.esm.entity.GiftCertificate.tags)
    - Returns
       - CollectionReturnImpl(collection=com.epam.esm.entity.GiftCertificate.tags, querySpaceUid=<gen:0>, path=[com.epam.esm.entity.GiftCertificate.tags])
          - (collection element) CollectionFetchableElementEntityGraph(entity=com.epam.esm.entity.Tag, querySpaceUid=<gen:1>, path=[com.epam.esm.entity.GiftCertificate.tags].<elements>)
    - QuerySpaces
       - CollectionQuerySpaceImpl(uid=<gen:0>, collection=com.epam.esm.entity.GiftCertificate.tags)
          - SQL table alias mapping - tags0_
          - alias suffix - 0_
          - suffixed key columns - {certific1_4_0_}
          - entity-element alias suffix - 1_
          - 1_entity-element suffixed key columns - id1_7_1_
          - JOIN (JoinDefinedByMetadata(elements)) : <gen:0> -> <gen:1>
             - EntityQuerySpaceImpl(uid=<gen:1>, entity=com.epam.esm.entity.Tag)
                - SQL table alias mapping - tag1_
                - alias suffix - 1_
                - suffixed key columns - {id1_7_1_}

17:03:35.294 [Test worker] DEBUG org.hibernate.loader.collection.plan.CollectionLoader - Static select for collection com.epam.esm.entity.GiftCertificate.tags: select tags0_.certificate_id as certific1_4_0_, tags0_.tag_id as tag_id2_4_0_, tag1_.id as id1_7_1_, tag1_.title as title2_7_1_ from certificate_tag tags0_ inner join tag tag1_ on tags0_.tag_id=tag1_.id where tags0_.certificate_id=?
17:03:35.294 [Test worker] DEBUG org.hibernate.loader.plan.build.internal.spaces.QuerySpacesImpl - Adding QuerySpace : uid = <gen:0> -> org.hibernate.loader.plan.build.internal.spaces.CollectionQuerySpaceImpl@7870a688]
17:03:35.294 [Test worker] DEBUG org.hibernate.loader.plan.build.internal.spaces.QuerySpacesImpl - Adding QuerySpace : uid = <gen:1> -> org.hibernate.loader.plan.build.internal.spaces.EntityQuerySpaceImpl@3b4cdce3]
17:03:35.294 [Test worker] DEBUG org.hibernate.persister.walking.spi.MetamodelGraphWalker - Visiting attribute path : certificate
17:03:35.294 [Test worker] DEBUG org.hibernate.loader.plan.build.internal.spaces.QuerySpacesImpl - Adding QuerySpace : uid = <gen:2> -> org.hibernate.loader.plan.build.internal.spaces.EntityQuerySpaceImpl@6cbff676]
17:03:35.294 [Test worker] DEBUG org.hibernate.persister.walking.spi.MetamodelGraphWalker - Visiting attribute path : expirationDate
17:03:35.294 [Test worker] DEBUG org.hibernate.persister.walking.spi.MetamodelGraphWalker - Visiting attribute path : fixedPrice
17:03:35.294 [Test worker] DEBUG org.hibernate.persister.walking.spi.MetamodelGraphWalker - Visiting attribute path : order
17:03:35.294 [Test worker] DEBUG org.hibernate.persister.walking.spi.MetamodelGraphWalker - Property path deemed to be circular : order
17:03:35.294 [Test worker] DEBUG org.hibernate.loader.plan.build.internal.FetchStyleLoadPlanBuildingAssociationVisitationStrategy - Building LoadPlan...
17:03:35.294 [Test worker] DEBUG org.hibernate.loader.plan.exec.internal.LoadQueryJoinAndFetchProcessor - processing queryspace <gen:0>
17:03:35.295 [Test worker] DEBUG org.hibernate.loader.plan.build.spi.LoadPlanTreePrinter - LoadPlan(collection=com.epam.esm.entity.Order.orderCertificates)
    - Returns
       - CollectionReturnImpl(collection=com.epam.esm.entity.Order.orderCertificates, querySpaceUid=<gen:0>, path=[com.epam.esm.entity.Order.orderCertificates])
          - (collection element) CollectionFetchableElementEntityGraph(entity=com.epam.esm.entity.OrderCertificate, querySpaceUid=<gen:1>, path=[com.epam.esm.entity.Order.orderCertificates].<elements>)
             - EntityAttributeFetchImpl(entity=com.epam.esm.entity.GiftCertificate, querySpaceUid=<gen:2>, path=[com.epam.esm.entity.Order.orderCertificates].<elements>.certificate)
    - QuerySpaces
       - CollectionQuerySpaceImpl(uid=<gen:0>, collection=com.epam.esm.entity.Order.orderCertificates)
          - SQL table alias mapping - ordercerti0_
          - alias suffix - 0_
          - suffixed key columns - {order_id5_6_0_}
          - entity-element alias suffix - 1_
          - 1_entity-element suffixed key columns - id1_6_1_
          - JOIN (JoinDefinedByMetadata(elements)) : <gen:0> -> <gen:1>
             - EntityQuerySpaceImpl(uid=<gen:1>, entity=com.epam.esm.entity.OrderCertificate)
                - SQL table alias mapping - ordercerti0_
                - alias suffix - 1_
                - suffixed key columns - {id1_6_1_}

17:03:35.295 [Test worker] DEBUG org.hibernate.loader.collection.plan.CollectionLoader - Static select for collection com.epam.esm.entity.Order.orderCertificates: select ordercerti0_.order_id as order_id5_6_0_, ordercerti0_.id as id1_6_0_, ordercerti0_.id as id1_6_1_, ordercerti0_.certificate_id as certific4_6_1_, ordercerti0_.expiration_date as expirati2_6_1_, ordercerti0_.fixed_price as fixed_pr3_6_1_, ordercerti0_.order_id as order_id5_6_1_ from order_certificate ordercerti0_ where ordercerti0_.order_id=?
17:03:35.295 [Test worker] DEBUG org.hibernate.loader.plan.build.internal.spaces.QuerySpacesImpl - Adding QuerySpace : uid = <gen:0> -> org.hibernate.loader.plan.build.internal.spaces.CollectionQuerySpaceImpl@314984c6]
17:03:35.295 [Test worker] DEBUG org.hibernate.loader.plan.build.internal.spaces.QuerySpacesImpl - Adding QuerySpace : uid = <gen:1> -> org.hibernate.loader.plan.build.internal.spaces.EntityQuerySpaceImpl@74a4ef02]
17:03:35.295 [Test worker] DEBUG org.hibernate.persister.walking.spi.MetamodelGraphWalker - Visiting attribute path : certificate
17:03:35.295 [Test worker] DEBUG org.hibernate.persister.walking.spi.MetamodelGraphWalker - Property path deemed to be circular : certificate
17:03:35.295 [Test worker] DEBUG org.hibernate.persister.walking.spi.MetamodelGraphWalker - Visiting attribute path : expirationDate
17:03:35.295 [Test worker] DEBUG org.hibernate.persister.walking.spi.MetamodelGraphWalker - Visiting attribute path : fixedPrice
17:03:35.295 [Test worker] DEBUG org.hibernate.persister.walking.spi.MetamodelGraphWalker - Visiting attribute path : order
17:03:35.295 [Test worker] DEBUG org.hibernate.loader.plan.build.internal.spaces.QuerySpacesImpl - Adding QuerySpace : uid = <gen:2> -> org.hibernate.loader.plan.build.internal.spaces.EntityQuerySpaceImpl@39bd5319]
17:03:35.295 [Test worker] DEBUG org.hibernate.persister.walking.spi.MetamodelGraphWalker - Visiting attribute path : order.activeStatus
17:03:35.295 [Test worker] DEBUG org.hibernate.persister.walking.spi.MetamodelGraphWalker - Visiting attribute path : order.createdAt
17:03:35.295 [Test worker] DEBUG org.hibernate.persister.walking.spi.MetamodelGraphWalker - Visiting attribute path : order.orderCertificates
17:03:35.295 [Test worker] DEBUG org.hibernate.persister.walking.spi.MetamodelGraphWalker - Property path deemed to be circular : order.orderCertificates
17:03:35.295 [Test worker] DEBUG org.hibernate.persister.walking.spi.MetamodelGraphWalker - Visiting attribute path : order.user
17:03:35.295 [Test worker] DEBUG org.hibernate.loader.plan.build.internal.spaces.QuerySpacesImpl - Adding QuerySpace : uid = <gen:3> -> org.hibernate.loader.plan.build.internal.spaces.EntityQuerySpaceImpl@3bd24bad]
17:03:35.295 [Test worker] DEBUG org.hibernate.persister.walking.spi.MetamodelGraphWalker - Visiting attribute path : order.user.email
17:03:35.295 [Test worker] DEBUG org.hibernate.persister.walking.spi.MetamodelGraphWalker - Visiting attribute path : order.user.orders
17:03:35.295 [Test worker] DEBUG org.hibernate.persister.walking.spi.MetamodelGraphWalker - Property path deemed to be circular : order.user.orders
17:03:35.295 [Test worker] DEBUG org.hibernate.persister.walking.spi.MetamodelGraphWalker - Visiting attribute path : order.user.password
17:03:35.295 [Test worker] DEBUG org.hibernate.persister.walking.spi.MetamodelGraphWalker - Visiting attribute path : order.user.refreshToken
17:03:35.295 [Test worker] DEBUG org.hibernate.persister.walking.spi.MetamodelGraphWalker - Visiting attribute path : order.user.role
17:03:35.295 [Test worker] DEBUG org.hibernate.loader.plan.build.internal.spaces.QuerySpacesImpl - Adding QuerySpace : uid = <gen:4> -> org.hibernate.loader.plan.build.internal.spaces.EntityQuerySpaceImpl@50b42a33]
17:03:35.295 [Test worker] DEBUG org.hibernate.persister.walking.spi.MetamodelGraphWalker - Visiting attribute path : order.user.role.value
17:03:35.295 [Test worker] DEBUG org.hibernate.loader.plan.build.internal.FetchStyleLoadPlanBuildingAssociationVisitationStrategy - Building LoadPlan...
17:03:35.296 [Test worker] DEBUG org.hibernate.loader.plan.exec.internal.LoadQueryJoinAndFetchProcessor - processing queryspace <gen:0>
17:03:35.296 [Test worker] DEBUG org.hibernate.loader.plan.build.spi.LoadPlanTreePrinter - LoadPlan(collection=com.epam.esm.entity.GiftCertificate.orderCertificates)
    - Returns
       - CollectionReturnImpl(collection=com.epam.esm.entity.GiftCertificate.orderCertificates, querySpaceUid=<gen:0>, path=[com.epam.esm.entity.GiftCertificate.orderCertificates])
          - (collection element) CollectionFetchableElementEntityGraph(entity=com.epam.esm.entity.OrderCertificate, querySpaceUid=<gen:1>, path=[com.epam.esm.entity.GiftCertificate.orderCertificates].<elements>)
             - EntityAttributeFetchImpl(entity=com.epam.esm.entity.Order, querySpaceUid=<gen:2>, path=[com.epam.esm.entity.GiftCertificate.orderCertificates].<elements>.order)
                - EntityAttributeFetchImpl(entity=com.epam.esm.entity.User, querySpaceUid=<gen:3>, path=[com.epam.esm.entity.GiftCertificate.orderCertificates].<elements>.order.user)
                   - EntityAttributeFetchImpl(entity=com.epam.esm.entity.Role, querySpaceUid=<gen:4>, path=[com.epam.esm.entity.GiftCertificate.orderCertificates].<elements>.order.user.role)
    - QuerySpaces
       - CollectionQuerySpaceImpl(uid=<gen:0>, collection=com.epam.esm.entity.GiftCertificate.orderCertificates)
          - SQL table alias mapping - ordercerti0_
          - alias suffix - 0_
          - suffixed key columns - {certific4_6_0_}
          - entity-element alias suffix - 1_
          - 1_entity-element suffixed key columns - id1_6_1_
          - JOIN (JoinDefinedByMetadata(elements)) : <gen:0> -> <gen:1>
             - EntityQuerySpaceImpl(uid=<gen:1>, entity=com.epam.esm.entity.OrderCertificate)
                - SQL table alias mapping - ordercerti0_
                - alias suffix - 1_
                - suffixed key columns - {id1_6_1_}
                - JOIN (JoinDefinedByMetadata(order)) : <gen:1> -> <gen:2>
                   - EntityQuerySpaceImpl(uid=<gen:2>, entity=com.epam.esm.entity.Order)
                      - SQL table alias mapping - order1_
                      - alias suffix - 2_
                      - suffixed key columns - {id1_0_2_}
                      - JOIN (JoinDefinedByMetadata(user)) : <gen:2> -> <gen:3>
                         - EntityQuerySpaceImpl(uid=<gen:3>, entity=com.epam.esm.entity.User)
                            - SQL table alias mapping - user2_
                            - alias suffix - 3_
                            - suffixed key columns - {id1_2_3_}
                            - JOIN (JoinDefinedByMetadata(role)) : <gen:3> -> <gen:4>
                               - EntityQuerySpaceImpl(uid=<gen:4>, entity=com.epam.esm.entity.Role)
                                  - SQL table alias mapping - role3_
                                  - alias suffix - 4_
                                  - suffixed key columns - {id1_1_4_}

17:03:35.296 [Test worker] DEBUG org.hibernate.loader.collection.plan.CollectionLoader - Static select for collection com.epam.esm.entity.GiftCertificate.orderCertificates: select ordercerti0_.certificate_id as certific4_6_0_, ordercerti0_.id as id1_6_0_, ordercerti0_.id as id1_6_1_, ordercerti0_.certificate_id as certific4_6_1_, ordercerti0_.expiration_date as expirati2_6_1_, ordercerti0_.fixed_price as fixed_pr3_6_1_, ordercerti0_.order_id as order_id5_6_1_, order1_.id as id1_0_2_, order1_.active_status as active_s2_0_2_, order1_.created_at as created_3_0_2_, order1_.user_id as user_id4_0_2_, user2_.id as id1_2_3_, user2_.email as email2_2_3_, user2_.password as password3_2_3_, user2_.refresh_token as refresh_4_2_3_, user2_.role_id as role_id5_2_3_, role3_.id as id1_1_4_, role3_.value as value2_1_4_ from order_certificate ordercerti0_ left outer join application_order order1_ on ordercerti0_.order_id=order1_.id left outer join application_user user2_ on order1_.user_id=user2_.id left outer join application_role role3_ on user2_.role_id=role3_.id where ordercerti0_.certificate_id=?
17:03:35.296 [Test worker] DEBUG org.hibernate.loader.plan.build.internal.spaces.QuerySpacesImpl - Adding QuerySpace : uid = <gen:0> -> org.hibernate.loader.plan.build.internal.spaces.CollectionQuerySpaceImpl@e77abf]
17:03:35.296 [Test worker] DEBUG org.hibernate.loader.plan.build.internal.spaces.QuerySpacesImpl - Adding QuerySpace : uid = <gen:1> -> org.hibernate.loader.plan.build.internal.spaces.EntityQuerySpaceImpl@1794d2b6]
17:03:35.296 [Test worker] DEBUG org.hibernate.persister.walking.spi.MetamodelGraphWalker - Visiting attribute path : activeStatus
17:03:35.296 [Test worker] DEBUG org.hibernate.persister.walking.spi.MetamodelGraphWalker - Visiting attribute path : createdAt
17:03:35.296 [Test worker] DEBUG org.hibernate.persister.walking.spi.MetamodelGraphWalker - Visiting attribute path : orderCertificates
17:03:35.296 [Test worker] DEBUG org.hibernate.loader.plan.build.internal.spaces.QuerySpacesImpl - Adding QuerySpace : uid = <gen:2> -> org.hibernate.loader.plan.build.internal.spaces.CollectionQuerySpaceImpl@7a77e185]
17:03:35.296 [Test worker] DEBUG org.hibernate.loader.plan.build.internal.spaces.QuerySpacesImpl - Adding QuerySpace : uid = <gen:3> -> org.hibernate.loader.plan.build.internal.spaces.EntityQuerySpaceImpl@4b479d1f]
17:03:35.296 [Test worker] DEBUG org.hibernate.persister.walking.spi.MetamodelGraphWalker - Visiting attribute path : user
17:03:35.296 [Test worker] DEBUG org.hibernate.persister.walking.spi.MetamodelGraphWalker - Property path deemed to be circular : user
17:03:35.297 [Test worker] DEBUG org.hibernate.loader.plan.build.internal.FetchStyleLoadPlanBuildingAssociationVisitationStrategy - Building LoadPlan...
17:03:35.297 [Test worker] DEBUG org.hibernate.loader.plan.exec.internal.LoadQueryJoinAndFetchProcessor - processing queryspace <gen:0>
17:03:35.297 [Test worker] DEBUG org.hibernate.loader.plan.build.spi.LoadPlanTreePrinter - LoadPlan(collection=com.epam.esm.entity.User.orders)
    - Returns
       - CollectionReturnImpl(collection=com.epam.esm.entity.User.orders, querySpaceUid=<gen:0>, path=[com.epam.esm.entity.User.orders])
          - (collection element) CollectionFetchableElementEntityGraph(entity=com.epam.esm.entity.Order, querySpaceUid=<gen:1>, path=[com.epam.esm.entity.User.orders].<elements>)
             - CollectionAttributeFetchImpl(collection=com.epam.esm.entity.Order.orderCertificates, querySpaceUid=<gen:2>, path=[com.epam.esm.entity.User.orders].<elements>.orderCertificates)
                - (collection element) CollectionFetchableElementEntityGraph(entity=com.epam.esm.entity.OrderCertificate, querySpaceUid=<gen:3>, path=[com.epam.esm.entity.User.orders].<elements>.orderCertificates.<elements>)
    - QuerySpaces
       - CollectionQuerySpaceImpl(uid=<gen:0>, collection=com.epam.esm.entity.User.orders)
          - SQL table alias mapping - orders0_
          - alias suffix - 0_
          - suffixed key columns - {user_id4_0_0_}
          - entity-element alias suffix - 1_
          - 1_entity-element suffixed key columns - id1_0_1_
          - JOIN (JoinDefinedByMetadata(elements)) : <gen:0> -> <gen:1>
             - EntityQuerySpaceImpl(uid=<gen:1>, entity=com.epam.esm.entity.Order)
                - SQL table alias mapping - orders0_
                - alias suffix - 1_
                - suffixed key columns - {id1_0_1_}

17:03:35.297 [Test worker] DEBUG org.hibernate.loader.collection.plan.CollectionLoader - Static select for collection com.epam.esm.entity.User.orders: select orders0_.user_id as user_id4_0_0_, orders0_.id as id1_0_0_, orders0_.id as id1_0_1_, orders0_.active_status as active_s2_0_1_, orders0_.created_at as created_3_0_1_, orders0_.user_id as user_id4_0_1_ from application_order orders0_ where orders0_.user_id=?
17:03:35.299 [Test worker] DEBUG org.hibernate.SQL - drop table application_order if exists
17:03:35.299 [Test worker] DEBUG org.hibernate.SQL - drop table application_role if exists
17:03:35.299 [Test worker] DEBUG org.hibernate.SQL - drop table application_user if exists
17:03:35.299 [Test worker] DEBUG org.hibernate.SQL - drop table certificate if exists
17:03:35.299 [Test worker] DEBUG org.hibernate.SQL - drop table certificate_tag if exists
17:03:35.300 [Test worker] DEBUG org.hibernate.SQL - drop table entity if exists
17:03:35.300 [Test worker] DEBUG org.hibernate.SQL - drop table order_certificate if exists
17:03:35.300 [Test worker] DEBUG org.hibernate.SQL - drop table tag if exists
17:03:35.300 [Test worker] DEBUG org.hibernate.SQL - create table application_order (id bigint generated by default as identity, active_status boolean, created_at timestamp, user_id bigint, primary key (id))
17:03:35.301 [Test worker] DEBUG org.hibernate.SQL - create table application_role (id bigint generated by default as identity, value varchar(255), primary key (id))
17:03:35.301 [Test worker] DEBUG org.hibernate.SQL - create table application_user (id bigint generated by default as identity, email varchar(255), password varchar(255), refresh_token varchar(255), role_id bigint, primary key (id))
17:03:35.302 [Test worker] DEBUG org.hibernate.SQL - create table certificate (id bigint generated by default as identity, active_status boolean, creation_date date, description varchar(255), expiration_date date, modification_date date, name varchar(255), price decimal(19,2), primary key (id))
17:03:35.302 [Test worker] DEBUG org.hibernate.SQL - create table certificate_tag (certificate_id bigint not null, tag_id bigint not null, primary key (certificate_id, tag_id))
17:03:35.303 [Test worker] DEBUG org.hibernate.SQL - create table entity (id bigint generated by default as identity, primary key (id))
17:03:35.303 [Test worker] DEBUG org.hibernate.SQL - create table order_certificate (id bigint generated by default as identity, expiration_date date, fixed_price decimal(19,2), certificate_id bigint, order_id bigint, primary key (id))
17:03:35.304 [Test worker] DEBUG org.hibernate.SQL - create table tag (id bigint generated by default as identity, title varchar(255), primary key (id))
17:03:35.305 [Test worker] DEBUG org.hibernate.SQL - alter table tag add constraint UK_k5g3urrxw2ym0ls8vo6xfgs65 unique (title)
17:03:35.305 [Test worker] DEBUG org.hibernate.SQL - alter table application_order add constraint FKp4m4jwa9ds4e3gmsdtsvjcty3 foreign key (user_id) references application_user
17:03:35.306 [Test worker] DEBUG org.hibernate.SQL - alter table application_user add constraint FKkb3re6enordhsw7vy7ftgtna4 foreign key (role_id) references application_role
17:03:35.308 [Test worker] DEBUG org.hibernate.SQL - alter table certificate_tag add constraint FKk65jck3ppxm1p372l03sxdtcc foreign key (tag_id) references tag
17:03:35.309 [Test worker] DEBUG org.hibernate.SQL - alter table certificate_tag add constraint FKlrytco6nyamwxl72nog54iymx foreign key (certificate_id) references certificate
17:03:35.310 [Test worker] DEBUG org.hibernate.SQL - alter table order_certificate add constraint FKans0qrkplnas0le7if4ph8n2w foreign key (certificate_id) references certificate
17:03:35.311 [Test worker] DEBUG org.hibernate.SQL - alter table order_certificate add constraint FKlylopteltw5t82w63stck3tb8 foreign key (order_id) references application_order
17:03:35.313 [Test worker] INFO org.hibernate.tool.schema.internal.SchemaCreatorImpl - HHH000476: Executing import script 'org.hibernate.tool.schema.internal.exec.ScriptSourceInputNonExistentImpl@3bb5d12c'
17:03:35.314 [Test worker] DEBUG org.hibernate.query.spi.NamedQueryRepository - Checking 0 named HQL queries
17:03:35.314 [Test worker] DEBUG org.hibernate.query.spi.NamedQueryRepository - Checking 0 named SQL queries
17:03:35.314 [Test worker] DEBUG org.hibernate.internal.SessionFactoryRegistry - Registering SessionFactory: 9e9a4678-b4cf-450b-bfa0-eb27d980c009 (<unnamed>)
17:03:35.314 [Test worker] DEBUG org.hibernate.internal.SessionFactoryRegistry - Not binding SessionFactory to JNDI, no JNDI name configured
17:03:35.314 [Test worker] INFO org.springframework.orm.jpa.LocalContainerEntityManagerFactoryBean - Initialized JPA EntityManagerFactory for persistence unit 'default'
17:03:35.314 [Test worker] DEBUG org.springframework.jdbc.datasource.DataSourceUtils - Fetching JDBC Connection from DataSource
17:03:35.315 [Test worker] DEBUG org.springframework.beans.factory.support.DefaultListableBeanFactory - Creating shared instance of singleton bean 'testConfig'
17:03:35.315 [Test worker] DEBUG org.springframework.beans.factory.support.DefaultListableBeanFactory - Creating shared instance of singleton bean 'certificateRepository'
17:03:35.316 [Test worker] DEBUG org.springframework.beans.factory.support.DefaultListableBeanFactory - Creating shared instance of singleton bean 'org.springframework.orm.jpa.SharedEntityManagerCreator#0'
17:03:35.319 [Test worker] DEBUG org.springframework.beans.factory.support.DefaultListableBeanFactory - Creating shared instance of singleton bean 'criteriaBuilderHelper'
17:03:35.320 [Test worker] DEBUG org.springframework.beans.factory.support.DefaultListableBeanFactory - Autowiring by type from bean name 'certificateRepository' via constructor to bean named 'org.springframework.orm.jpa.SharedEntityManagerCreator#0'
17:03:35.320 [Test worker] DEBUG org.springframework.beans.factory.support.DefaultListableBeanFactory - Autowiring by type from bean name 'certificateRepository' via constructor to bean named 'criteriaBuilderHelper'
17:03:35.320 [Test worker] DEBUG org.springframework.beans.factory.support.DefaultListableBeanFactory - Creating shared instance of singleton bean 'orderCertificateRepository'
17:03:35.321 [Test worker] DEBUG org.springframework.beans.factory.support.DefaultListableBeanFactory - Autowiring by type from bean name 'orderCertificateRepository' via constructor to bean named 'org.springframework.orm.jpa.SharedEntityManagerCreator#0'
17:03:35.321 [Test worker] DEBUG org.springframework.beans.factory.support.DefaultListableBeanFactory - Creating shared instance of singleton bean 'orderRepository'
17:03:35.322 [Test worker] DEBUG org.springframework.beans.factory.support.DefaultListableBeanFactory - Autowiring by type from bean name 'orderRepository' via constructor to bean named 'org.springframework.orm.jpa.SharedEntityManagerCreator#0'
17:03:35.323 [Test worker] DEBUG org.springframework.beans.factory.support.DefaultListableBeanFactory - Creating shared instance of singleton bean 'tagRepository'
17:03:35.323 [Test worker] DEBUG org.springframework.beans.factory.support.DefaultListableBeanFactory - Autowiring by type from bean name 'tagRepository' via constructor to bean named 'org.springframework.orm.jpa.SharedEntityManagerCreator#0'
17:03:35.324 [Test worker] DEBUG org.springframework.beans.factory.support.DefaultListableBeanFactory - Creating shared instance of singleton bean 'userRepository'
17:03:35.324 [Test worker] DEBUG org.springframework.beans.factory.support.DefaultListableBeanFactory - Autowiring by type from bean name 'userRepository' via constructor to bean named 'org.springframework.orm.jpa.SharedEntityManagerCreator#0'
17:03:35.325 [Test worker] DEBUG org.springframework.beans.factory.support.DefaultListableBeanFactory - Creating shared instance of singleton bean 'org.springframework.boot.autoconfigure.context.PropertyPlaceholderAutoConfiguration'
17:03:35.325 [Test worker] DEBUG org.springframework.beans.factory.support.DefaultListableBeanFactory - Creating shared instance of singleton bean 'org.springframework.boot.autoconfigure.task.TaskExecutionAutoConfiguration'
17:03:35.326 [Test worker] DEBUG org.springframework.core.LocalVariableTableParameterNameDiscoverer - Cannot find '.class' file for class [class org.springframework.boot.autoconfigure.task.TaskExecutionAutoConfiguration$$EnhancerBySpringCGLIB$$30b471bb] - unable to determine constructor/method parameter names
17:03:35.326 [Test worker] DEBUG org.springframework.beans.factory.support.DefaultListableBeanFactory - Creating shared instance of singleton bean 'spring.task.execution-org.springframework.boot.autoconfigure.task.TaskExecutionProperties'
17:03:35.327 [Test worker] DEBUG org.springframework.beans.factory.support.DefaultListableBeanFactory - Autowiring by type from bean name 'org.springframework.boot.autoconfigure.task.TaskExecutionAutoConfiguration' via constructor to bean named 'spring.task.execution-org.springframework.boot.autoconfigure.task.TaskExecutionProperties'
17:03:35.327 [Test worker] DEBUG org.springframework.beans.factory.support.DefaultListableBeanFactory - Creating shared instance of singleton bean 'taskExecutorBuilder'
17:03:35.328 [Test worker] DEBUG org.springframework.beans.factory.support.DefaultListableBeanFactory - Creating shared instance of singleton bean 'org.springframework.boot.autoconfigure.validation.ValidationAutoConfiguration'
17:03:35.329 [Test worker] DEBUG org.springframework.beans.factory.support.DefaultListableBeanFactory - Creating shared instance of singleton bean 'defaultValidator'
17:03:35.329 [Test worker] DEBUG org.hibernate.validator.internal.engine.resolver.TraversableResolvers - Found javax.persistence.Persistence on classpath containing 'getPersistenceUtil'. Assuming JPA 2 environment. Trying to instantiate JPA aware TraversableResolver
17:03:35.329 [Test worker] DEBUG org.hibernate.validator.internal.engine.resolver.TraversableResolvers - Instantiated JPA aware TraversableResolver of type org.hibernate.validator.internal.engine.resolver.JPATraversableResolver.
17:03:35.329 [Test worker] DEBUG org.hibernate.validator.messageinterpolation.ResourceBundleMessageInterpolator - Loaded expression factory via original TCCL
17:03:35.330 [Test worker] DEBUG org.hibernate.validator.internal.engine.resolver.TraversableResolvers - Found javax.persistence.Persistence on classpath containing 'getPersistenceUtil'. Assuming JPA 2 environment. Trying to instantiate JPA aware TraversableResolver
17:03:35.330 [Test worker] DEBUG org.hibernate.validator.internal.engine.resolver.TraversableResolvers - Instantiated JPA aware TraversableResolver of type org.hibernate.validator.internal.engine.resolver.JPATraversableResolver.
17:03:35.330 [Test worker] DEBUG org.hibernate.validator.internal.engine.ConfigurationImpl - Setting custom MessageInterpolator of type org.springframework.validation.beanvalidation.LocaleContextMessageInterpolator
17:03:35.330 [Test worker] DEBUG org.hibernate.validator.internal.engine.ConfigurationImpl - Setting custom ConstraintValidatorFactory of type org.springframework.validation.beanvalidation.SpringConstraintValidatorFactory
17:03:35.330 [Test worker] DEBUG org.hibernate.validator.internal.engine.ConfigurationImpl - Setting custom ParameterNameProvider of type org.springframework.validation.beanvalidation.LocalValidatorFactoryBean$1
17:03:35.330 [Test worker] DEBUG org.hibernate.validator.internal.xml.config.ValidationXmlParser - Trying to load META-INF/validation.xml for XML based Validator configuration.
17:03:35.330 [Test worker] DEBUG org.hibernate.validator.internal.xml.config.ResourceLoaderHelper - Trying to load META-INF/validation.xml via user class loader
17:03:35.330 [Test worker] DEBUG org.hibernate.validator.internal.xml.config.ResourceLoaderHelper - Trying to load META-INF/validation.xml via TCCL
17:03:35.330 [Test worker] DEBUG org.hibernate.validator.internal.xml.config.ResourceLoaderHelper - Trying to load META-INF/validation.xml via Hibernate Validator's class loader
17:03:35.331 [Test worker] DEBUG org.hibernate.validator.internal.xml.config.ValidationXmlParser - No META-INF/validation.xml found. Using annotation based configuration only.
17:03:35.335 [Test worker] DEBUG org.hibernate.validator.internal.engine.ValidatorFactoryImpl - HV000234: Using org.springframework.validation.beanvalidation.LocaleContextMessageInterpolator as ValidatorFactory-scoped message interpolator.
17:03:35.335 [Test worker] DEBUG org.hibernate.validator.internal.engine.ValidatorFactoryImpl - HV000234: Using org.hibernate.validator.internal.engine.resolver.JPATraversableResolver as ValidatorFactory-scoped traversable resolver.
17:03:35.335 [Test worker] DEBUG org.hibernate.validator.internal.engine.ValidatorFactoryImpl - HV000234: Using org.hibernate.validator.internal.util.ExecutableParameterNameProvider as ValidatorFactory-scoped parameter name provider.
17:03:35.335 [Test worker] DEBUG org.hibernate.validator.internal.engine.ValidatorFactoryImpl - HV000234: Using org.hibernate.validator.internal.engine.DefaultClockProvider as ValidatorFactory-scoped clock provider.
17:03:35.335 [Test worker] DEBUG org.hibernate.validator.internal.engine.ValidatorFactoryImpl - HV000234: Using org.hibernate.validator.internal.engine.scripting.DefaultScriptEvaluatorFactory as ValidatorFactory-scoped script evaluator factory.
17:03:35.336 [Test worker] DEBUG org.springframework.beans.factory.support.DefaultListableBeanFactory - Creating shared instance of singleton bean 'org.springframework.boot.autoconfigure.security.oauth2.client.OAuth2RestOperationsConfiguration$SingletonScopedConfiguration'
17:03:35.337 [Test worker] DEBUG org.springframework.beans.factory.support.DefaultListableBeanFactory - Creating shared instance of singleton bean 'oauth2RemoteResource'
17:03:35.338 [Test worker] DEBUG org.springframework.beans.factory.support.DefaultListableBeanFactory - Creating shared instance of singleton bean 'oauth2ClientContext'
17:03:35.338 [Test worker] DEBUG org.springframework.beans.factory.support.DefaultListableBeanFactory - Creating shared instance of singleton bean 'org.springframework.boot.autoconfigure.security.oauth2.client.OAuth2RestOperationsConfiguration'
17:03:35.339 [Test worker] DEBUG org.springframework.beans.factory.support.DefaultListableBeanFactory - Creating shared instance of singleton bean 'org.springframework.boot.autoconfigure.security.oauth2.OAuth2AutoConfiguration'
17:03:35.339 [Test worker] DEBUG org.springframework.core.LocalVariableTableParameterNameDiscoverer - Cannot find '.class' file for class [class org.springframework.boot.autoconfigure.security.oauth2.OAuth2AutoConfiguration$$EnhancerBySpringCGLIB$$5c5e94e5] - unable to determine constructor/method parameter names
17:03:35.339 [Test worker] DEBUG org.springframework.beans.factory.support.DefaultListableBeanFactory - Creating shared instance of singleton bean 'security.oauth2.client-org.springframework.boot.autoconfigure.security.oauth2.OAuth2ClientProperties'
17:03:35.340 [Test worker] DEBUG org.springframework.beans.factory.support.DefaultListableBeanFactory - Autowiring by type from bean name 'org.springframework.boot.autoconfigure.security.oauth2.OAuth2AutoConfiguration' via constructor to bean named 'security.oauth2.client-org.springframework.boot.autoconfigure.security.oauth2.OAuth2ClientProperties'
17:03:35.340 [Test worker] DEBUG org.springframework.beans.factory.support.DefaultListableBeanFactory - Creating shared instance of singleton bean 'resourceServerProperties'
17:03:35.341 [Test worker] DEBUG org.springframework.beans.factory.support.DefaultListableBeanFactory - Creating shared instance of singleton bean 'org.springframework.boot.autoconfigure.jmx.JmxAutoConfiguration'
17:03:35.342 [Test worker] DEBUG org.springframework.beans.factory.support.DefaultListableBeanFactory - Creating shared instance of singleton bean 'mbeanExporter'
17:03:35.342 [Test worker] DEBUG org.springframework.beans.factory.support.DefaultListableBeanFactory - Creating shared instance of singleton bean 'objectNamingStrategy'
17:03:35.343 [Test worker] DEBUG org.springframework.beans.factory.support.DefaultListableBeanFactory - Autowiring by type from bean name 'mbeanExporter' via factory method to bean named 'objectNamingStrategy'
17:03:35.343 [Test worker] DEBUG org.springframework.beans.factory.support.DefaultListableBeanFactory - Creating shared instance of singleton bean 'mbeanServer'
17:03:35.344 [Test worker] DEBUG org.springframework.jmx.support.JmxUtils - Found MBeanServer: com.sun.jmx.mbeanserver.JmxMBeanServer@bc10b92
17:03:35.345 [Test worker] DEBUG org.springframework.beans.factory.support.DefaultListableBeanFactory - Creating shared instance of singleton bean 'org.springframework.boot.autoconfigure.aop.AopAutoConfiguration$CglibAutoProxyConfiguration'
17:03:35.345 [Test worker] DEBUG org.springframework.beans.factory.support.DefaultListableBeanFactory - Creating shared instance of singleton bean 'org.springframework.boot.autoconfigure.aop.AopAutoConfiguration'
17:03:35.346 [Test worker] DEBUG org.springframework.beans.factory.support.DefaultListableBeanFactory - Creating shared instance of singleton bean 'org.springframework.boot.autoconfigure.transaction.jta.JtaAutoConfiguration'
17:03:35.347 [Test worker] DEBUG org.springframework.beans.factory.support.DefaultListableBeanFactory - Creating shared instance of singleton bean 'org.springframework.boot.autoconfigure.jdbc.DataSourceJmxConfiguration$Hikari'
17:03:35.347 [Test worker] DEBUG org.springframework.core.LocalVariableTableParameterNameDiscoverer - Cannot find '.class' file for class [class org.springframework.boot.autoconfigure.jdbc.DataSourceJmxConfiguration$Hikari$$EnhancerBySpringCGLIB$$8eb93a4f] - unable to determine constructor/method parameter names
17:03:35.347 [Test worker] DEBUG org.springframework.beans.factory.support.DefaultListableBeanFactory - Autowiring by type from bean name 'org.springframework.boot.autoconfigure.jdbc.DataSourceJmxConfiguration$Hikari' via constructor to bean named 'dataSource'
17:03:35.348 [Test worker] DEBUG org.springframework.beans.factory.support.DefaultListableBeanFactory - Creating shared instance of singleton bean 'org.springframework.boot.autoconfigure.jdbc.DataSourceJmxConfiguration'
17:03:35.349 [Test worker] DEBUG org.springframework.beans.factory.support.DefaultListableBeanFactory - Creating shared instance of singleton bean 'org.springframework.boot.autoconfigure.jdbc.DataSourceAutoConfiguration$PooledDataSourceConfiguration'
17:03:35.349 [Test worker] DEBUG org.springframework.beans.factory.support.DefaultListableBeanFactory - Creating shared instance of singleton bean 'org.springframework.boot.autoconfigure.jdbc.metadata.DataSourcePoolMetadataProvidersConfiguration'
17:03:35.350 [Test worker] DEBUG org.springframework.beans.factory.support.DefaultListableBeanFactory - Creating shared instance of singleton bean 'org.springframework.boot.autoconfigure.jdbc.DataSourceInitializationConfiguration'
17:03:35.350 [Test worker] DEBUG org.springframework.beans.factory.support.DefaultListableBeanFactory - Creating shared instance of singleton bean 'org.springframework.boot.autoconfigure.jdbc.DataSourceAutoConfiguration'
17:03:35.351 [Test worker] DEBUG org.springframework.beans.factory.support.DefaultListableBeanFactory - Creating shared instance of singleton bean 'transactionManager'
17:03:35.352 [Test worker] DEBUG org.springframework.beans.factory.support.DefaultListableBeanFactory - Creating shared instance of singleton bean 'org.springframework.boot.autoconfigure.orm.jpa.HibernateJpaAutoConfiguration'
17:03:35.352 [Test worker] DEBUG org.springframework.beans.factory.support.DefaultListableBeanFactory - Creating shared instance of singleton bean 'org.springframework.boot.autoconfigure.context.ConfigurationPropertiesAutoConfiguration'
17:03:35.353 [Test worker] DEBUG org.springframework.beans.factory.support.DefaultListableBeanFactory - Creating shared instance of singleton bean 'org.springframework.boot.autoconfigure.dao.PersistenceExceptionTranslationAutoConfiguration'
17:03:35.353 [Test worker] DEBUG org.springframework.beans.factory.support.DefaultListableBeanFactory - Creating shared instance of singleton bean 'org.springframework.boot.autoconfigure.data.jpa.JpaRepositoriesAutoConfiguration'
17:03:35.354 [Test worker] DEBUG org.springframework.beans.factory.support.DefaultListableBeanFactory - Creating shared instance of singleton bean 'org.springframework.data.jpa.util.JpaMetamodelCacheCleanup'
17:03:35.354 [Test worker] DEBUG org.springframework.beans.factory.support.DefaultListableBeanFactory - Creating shared instance of singleton bean 'org.springframework.data.jpa.repository.support.JpaEvaluationContextExtension'
17:03:35.355 [Test worker] DEBUG org.springframework.beans.factory.support.DefaultListableBeanFactory - Creating shared instance of singleton bean 'org.springframework.boot.autoconfigure.jackson.JacksonAutoConfiguration$Jackson2ObjectMapperBuilderCustomizerConfiguration'
17:03:35.356 [Test worker] DEBUG org.springframework.beans.factory.support.DefaultListableBeanFactory - Creating shared instance of singleton bean 'standardJacksonObjectMapperBuilderCustomizer'
17:03:35.356 [Test worker] DEBUG org.springframework.beans.factory.support.DefaultListableBeanFactory - Creating shared instance of singleton bean 'spring.jackson-org.springframework.boot.autoconfigure.jackson.JacksonProperties'
17:03:35.357 [Test worker] DEBUG org.springframework.beans.factory.support.DefaultListableBeanFactory - Autowiring by type from bean name 'standardJacksonObjectMapperBuilderCustomizer' via factory method to bean named 'org.springframework.context.support.GenericApplicationContext@6653baf0'
17:03:35.357 [Test worker] DEBUG org.springframework.beans.factory.support.DefaultListableBeanFactory - Autowiring by type from bean name 'standardJacksonObjectMapperBuilderCustomizer' via factory method to bean named 'spring.jackson-org.springframework.boot.autoconfigure.jackson.JacksonProperties'
17:03:35.358 [Test worker] DEBUG org.springframework.beans.factory.support.DefaultListableBeanFactory - Creating shared instance of singleton bean 'org.springframework.boot.autoconfigure.jackson.JacksonAutoConfiguration$JacksonObjectMapperBuilderConfiguration'
17:03:35.358 [Test worker] DEBUG org.springframework.core.LocalVariableTableParameterNameDiscoverer - Cannot find '.class' file for class [class org.springframework.boot.autoconfigure.jackson.JacksonAutoConfiguration$JacksonObjectMapperBuilderConfiguration$$EnhancerBySpringCGLIB$$b2f51a8f] - unable to determine constructor/method parameter names
17:03:35.358 [Test worker] DEBUG org.springframework.beans.factory.support.DefaultListableBeanFactory - Autowiring by type from bean name 'org.springframework.boot.autoconfigure.jackson.JacksonAutoConfiguration$JacksonObjectMapperBuilderConfiguration' via constructor to bean named 'org.springframework.context.support.GenericApplicationContext@6653baf0'
17:03:35.359 [Test worker] DEBUG org.springframework.beans.factory.support.DefaultListableBeanFactory - Creating shared instance of singleton bean 'jacksonObjectMapperBuilder'
17:03:35.360 [Test worker] DEBUG org.springframework.beans.factory.support.DefaultListableBeanFactory - Autowiring by type from bean name 'jacksonObjectMapperBuilder' via factory method to bean named 'standardJacksonObjectMapperBuilderCustomizer'
17:03:35.360 [Test worker] DEBUG org.springframework.beans.factory.support.DefaultListableBeanFactory - Creating shared instance of singleton bean 'parameterNamesModule'
17:03:35.360 [Test worker] DEBUG org.springframework.beans.factory.support.DefaultListableBeanFactory - Creating shared instance of singleton bean 'org.springframework.boot.autoconfigure.jackson.JacksonAutoConfiguration$ParameterNamesModuleConfiguration'
17:03:35.361 [Test worker] DEBUG org.springframework.beans.factory.support.DefaultListableBeanFactory - Creating shared instance of singleton bean 'jsonComponentModule'
17:03:35.362 [Test worker] DEBUG org.springframework.beans.factory.support.DefaultListableBeanFactory - Creating shared instance of singleton bean 'org.springframework.boot.autoconfigure.jackson.JacksonAutoConfiguration'
17:03:35.364 [Test worker] DEBUG org.springframework.beans.factory.support.DefaultListableBeanFactory - Creating shared instance of singleton bean 'org.springframework.boot.autoconfigure.jackson.JacksonAutoConfiguration$JacksonObjectMapperConfiguration'
17:03:35.365 [Test worker] DEBUG org.springframework.beans.factory.support.DefaultListableBeanFactory - Creating shared instance of singleton bean 'jacksonObjectMapper'
17:03:35.365 [Test worker] DEBUG org.springframework.beans.factory.support.DefaultListableBeanFactory - Autowiring by type from bean name 'jacksonObjectMapper' via factory method to bean named 'jacksonObjectMapperBuilder'
17:03:35.368 [Test worker] DEBUG org.springframework.beans.factory.support.DefaultListableBeanFactory - Creating shared instance of singleton bean 'org.springframework.boot.autoconfigure.http.HttpMessageConvertersAutoConfiguration$StringHttpMessageConverterConfiguration'
17:03:35.369 [Test worker] DEBUG org.springframework.core.LocalVariableTableParameterNameDiscoverer - Cannot find '.class' file for class [class org.springframework.boot.autoconfigure.http.HttpMessageConvertersAutoConfiguration$StringHttpMessageConverterConfiguration$$EnhancerBySpringCGLIB$$f2566b19] - unable to determine constructor/method parameter names
17:03:35.369 [Test worker] DEBUG org.springframework.beans.factory.support.DefaultListableBeanFactory - Creating shared instance of singleton bean 'spring.http-org.springframework.boot.autoconfigure.http.HttpProperties'
17:03:35.370 [Test worker] DEBUG org.springframework.beans.factory.support.DefaultListableBeanFactory - Autowiring by type from bean name 'org.springframework.boot.autoconfigure.http.HttpMessageConvertersAutoConfiguration$StringHttpMessageConverterConfiguration' via constructor to bean named 'spring.http-org.springframework.boot.autoconfigure.http.HttpProperties'
17:03:35.371 [Test worker] DEBUG org.springframework.beans.factory.support.DefaultListableBeanFactory - Creating shared instance of singleton bean 'stringHttpMessageConverter'
17:03:35.371 [Test worker] DEBUG org.springframework.beans.factory.support.DefaultListableBeanFactory - Creating shared instance of singleton bean 'org.springframework.boot.autoconfigure.http.JacksonHttpMessageConvertersConfiguration$MappingJackson2HttpMessageConverterConfiguration'
17:03:35.372 [Test worker] DEBUG org.springframework.beans.factory.support.DefaultListableBeanFactory - Creating shared instance of singleton bean 'mappingJackson2HttpMessageConverter'
17:03:35.372 [Test worker] DEBUG org.springframework.beans.factory.support.DefaultListableBeanFactory - Autowiring by type from bean name 'mappingJackson2HttpMessageConverter' via factory method to bean named 'jacksonObjectMapper'
17:03:35.373 [Test worker] DEBUG org.springframework.beans.factory.support.DefaultListableBeanFactory - Creating shared instance of singleton bean 'org.springframework.boot.autoconfigure.http.JacksonHttpMessageConvertersConfiguration'
17:03:35.374 [Test worker] DEBUG org.springframework.beans.factory.support.DefaultListableBeanFactory - Creating shared instance of singleton bean 'org.springframework.boot.autoconfigure.http.HttpMessageConvertersAutoConfiguration'
17:03:35.374 [Test worker] DEBUG org.springframework.core.LocalVariableTableParameterNameDiscoverer - Cannot find '.class' file for class [class org.springframework.boot.autoconfigure.http.HttpMessageConvertersAutoConfiguration$$EnhancerBySpringCGLIB$$bf48a479] - unable to determine constructor/method parameter names
17:03:35.376 [Test worker] DEBUG org.springframework.beans.factory.support.DefaultListableBeanFactory - Creating shared instance of singleton bean 'messageConverters'
17:03:35.379 [Test worker] DEBUG org.springframework.beans.factory.support.DefaultListableBeanFactory - Creating shared instance of singleton bean 'org.springframework.boot.autoconfigure.http.codec.CodecsAutoConfiguration$LoggingCodecConfiguration'
17:03:35.379 [Test worker] DEBUG org.springframework.beans.factory.support.DefaultListableBeanFactory - Creating shared instance of singleton bean 'loggingCodecCustomizer'
17:03:35.379 [Test worker] DEBUG org.springframework.beans.factory.support.DefaultListableBeanFactory - Autowiring by type from bean name 'loggingCodecCustomizer' via factory method to bean named 'spring.http-org.springframework.boot.autoconfigure.http.HttpProperties'
17:03:35.380 [Test worker] DEBUG org.springframework.beans.factory.support.DefaultListableBeanFactory - Creating shared instance of singleton bean 'org.springframework.boot.autoconfigure.http.codec.CodecsAutoConfiguration$JacksonCodecConfiguration'
17:03:35.380 [Test worker] DEBUG org.springframework.beans.factory.support.DefaultListableBeanFactory - Creating shared instance of singleton bean 'jacksonCodecCustomizer'
17:03:35.381 [Test worker] DEBUG org.springframework.beans.factory.support.DefaultListableBeanFactory - Autowiring by type from bean name 'jacksonCodecCustomizer' via factory method to bean named 'jacksonObjectMapper'
17:03:35.381 [Test worker] DEBUG org.springframework.beans.factory.support.DefaultListableBeanFactory - Creating shared instance of singleton bean 'org.springframework.boot.autoconfigure.http.codec.CodecsAutoConfiguration'
17:03:35.381 [Test worker] DEBUG org.springframework.beans.factory.support.DefaultListableBeanFactory - Creating shared instance of singleton bean 'org.springframework.boot.autoconfigure.info.ProjectInfoAutoConfiguration'
17:03:35.382 [Test worker] DEBUG org.springframework.core.LocalVariableTableParameterNameDiscoverer - Cannot find '.class' file for class [class org.springframework.boot.autoconfigure.info.ProjectInfoAutoConfiguration$$EnhancerBySpringCGLIB$$e10ee5fe] - unable to determine constructor/method parameter names
17:03:35.382 [Test worker] DEBUG org.springframework.beans.factory.support.DefaultListableBeanFactory - Creating shared instance of singleton bean 'spring.info-org.springframework.boot.autoconfigure.info.ProjectInfoProperties'
17:03:35.383 [Test worker] DEBUG org.springframework.beans.factory.support.DefaultListableBeanFactory - Autowiring by type from bean name 'org.springframework.boot.autoconfigure.info.ProjectInfoAutoConfiguration' via constructor to bean named 'spring.info-org.springframework.boot.autoconfigure.info.ProjectInfoProperties'
17:03:35.384 [Test worker] DEBUG org.springframework.beans.factory.support.DefaultListableBeanFactory - Creating shared instance of singleton bean 'org.springframework.boot.autoconfigure.jdbc.JdbcTemplateAutoConfiguration$JdbcTemplateConfiguration'
17:03:35.384 [Test worker] DEBUG org.springframework.core.LocalVariableTableParameterNameDiscoverer - Cannot find '.class' file for class [class org.springframework.boot.autoconfigure.jdbc.JdbcTemplateAutoConfiguration$JdbcTemplateConfiguration$$EnhancerBySpringCGLIB$$bda00752] - unable to determine constructor/method parameter names
17:03:35.384 [Test worker] DEBUG org.springframework.beans.factory.support.DefaultListableBeanFactory - Creating shared instance of singleton bean 'spring.jdbc-org.springframework.boot.autoconfigure.jdbc.JdbcProperties'
17:03:35.385 [Test worker] DEBUG org.springframework.beans.factory.support.DefaultListableBeanFactory - Autowiring by type from bean name 'org.springframework.boot.autoconfigure.jdbc.JdbcTemplateAutoConfiguration$JdbcTemplateConfiguration' via constructor to bean named 'dataSource'
17:03:35.385 [Test worker] DEBUG org.springframework.beans.factory.support.DefaultListableBeanFactory - Autowiring by type from bean name 'org.springframework.boot.autoconfigure.jdbc.JdbcTemplateAutoConfiguration$JdbcTemplateConfiguration' via constructor to bean named 'spring.jdbc-org.springframework.boot.autoconfigure.jdbc.JdbcProperties'
17:03:35.386 [Test worker] DEBUG org.springframework.beans.factory.support.DefaultListableBeanFactory - Creating shared instance of singleton bean 'jdbcTemplate'
17:03:35.388 [Test worker] DEBUG org.springframework.beans.factory.support.DefaultListableBeanFactory - Creating shared instance of singleton bean 'org.springframework.boot.autoconfigure.jdbc.JdbcTemplateAutoConfiguration$NamedParameterJdbcTemplateConfiguration'
17:03:35.389 [Test worker] DEBUG org.springframework.beans.factory.support.DefaultListableBeanFactory - Creating shared instance of singleton bean 'namedParameterJdbcTemplate'
17:03:35.389 [Test worker] DEBUG org.springframework.beans.factory.support.DefaultListableBeanFactory - Autowiring by type from bean name 'namedParameterJdbcTemplate' via factory method to bean named 'jdbcTemplate'
17:03:35.390 [Test worker] DEBUG org.springframework.beans.factory.support.DefaultListableBeanFactory - Creating shared instance of singleton bean 'org.springframework.boot.autoconfigure.jdbc.JdbcTemplateAutoConfiguration'
17:03:35.391 [Test worker] DEBUG org.springframework.beans.factory.support.DefaultListableBeanFactory - Creating shared instance of singleton bean 'org.springframework.boot.autoconfigure.security.servlet.SecurityAutoConfiguration'
17:03:35.391 [Test worker] DEBUG org.springframework.beans.factory.support.DefaultListableBeanFactory - Creating shared instance of singleton bean 'authenticationEventPublisher'
17:03:35.391 [Test worker] DEBUG org.springframework.beans.factory.support.DefaultListableBeanFactory - Autowiring by type from bean name 'authenticationEventPublisher' via factory method to bean named 'org.springframework.context.support.GenericApplicationContext@6653baf0'
17:03:35.392 [Test worker] DEBUG org.springframework.beans.factory.support.DefaultListableBeanFactory - Creating shared instance of singleton bean 'spring.security-org.springframework.boot.autoconfigure.security.SecurityProperties'
17:03:35.392 [Test worker] DEBUG org.springframework.beans.factory.support.DefaultListableBeanFactory - Creating shared instance of singleton bean 'org.springframework.boot.autoconfigure.task.TaskSchedulingAutoConfiguration'
17:03:35.393 [Test worker] DEBUG org.springframework.beans.factory.support.DefaultListableBeanFactory - Creating shared instance of singleton bean 'taskSchedulerBuilder'
17:03:35.393 [Test worker] DEBUG org.springframework.beans.factory.support.DefaultListableBeanFactory - Creating shared instance of singleton bean 'spring.task.scheduling-org.springframework.boot.autoconfigure.task.TaskSchedulingProperties'
17:03:35.394 [Test worker] DEBUG org.springframework.beans.factory.support.DefaultListableBeanFactory - Autowiring by type from bean name 'taskSchedulerBuilder' via factory method to bean named 'spring.task.scheduling-org.springframework.boot.autoconfigure.task.TaskSchedulingProperties'
17:03:35.395 [Test worker] DEBUG org.springframework.beans.factory.support.DefaultListableBeanFactory - Creating shared instance of singleton bean 'org.springframework.boot.autoconfigure.jdbc.DataSourceTransactionManagerAutoConfiguration$DataSourceTransactionManagerConfiguration'
17:03:35.395 [Test worker] DEBUG org.springframework.core.LocalVariableTableParameterNameDiscoverer - Cannot find '.class' file for class [class org.springframework.boot.autoconfigure.jdbc.DataSourceTransactionManagerAutoConfiguration$DataSourceTransactionManagerConfiguration$$EnhancerBySpringCGLIB$$52157154] - unable to determine constructor/method parameter names
17:03:35.395 [Test worker] DEBUG org.springframework.beans.factory.support.DefaultListableBeanFactory - Autowiring by type from bean name 'org.springframework.boot.autoconfigure.jdbc.DataSourceTransactionManagerAutoConfiguration$DataSourceTransactionManagerConfiguration' via constructor to bean named 'dataSource'
17:03:35.396 [Test worker] DEBUG org.springframework.beans.factory.support.DefaultListableBeanFactory - Creating shared instance of singleton bean 'org.springframework.boot.autoconfigure.jdbc.DataSourceTransactionManagerAutoConfiguration'
17:03:35.396 [Test worker] DEBUG org.springframework.beans.factory.support.DefaultListableBeanFactory - Creating shared instance of singleton bean 'org.springframework.boot.autoconfigure.transaction.TransactionAutoConfiguration$EnableTransactionManagementConfiguration$CglibAutoProxyConfiguration'
17:03:35.397 [Test worker] DEBUG org.springframework.beans.factory.support.DefaultListableBeanFactory - Creating shared instance of singleton bean 'org.springframework.boot.autoconfigure.transaction.TransactionAutoConfiguration$EnableTransactionManagementConfiguration'
17:03:35.397 [Test worker] DEBUG org.springframework.beans.factory.support.DefaultListableBeanFactory - Creating shared instance of singleton bean 'org.springframework.boot.autoconfigure.transaction.TransactionAutoConfiguration$TransactionTemplateConfiguration'
17:03:35.397 [Test worker] DEBUG org.springframework.core.LocalVariableTableParameterNameDiscoverer - Cannot find '.class' file for class [class org.springframework.boot.autoconfigure.transaction.TransactionAutoConfiguration$TransactionTemplateConfiguration$$EnhancerBySpringCGLIB$$a39f3627] - unable to determine constructor/method parameter names
17:03:35.398 [Test worker] DEBUG org.springframework.beans.factory.support.DefaultListableBeanFactory - Autowiring by type from bean name 'org.springframework.boot.autoconfigure.transaction.TransactionAutoConfiguration$TransactionTemplateConfiguration' via constructor to bean named 'transactionManager'
17:03:35.398 [Test worker] DEBUG org.springframework.beans.factory.support.DefaultListableBeanFactory - Creating shared instance of singleton bean 'transactionTemplate'
17:03:35.399 [Test worker] DEBUG org.springframework.beans.factory.support.DefaultListableBeanFactory - Creating shared instance of singleton bean 'org.springframework.boot.autoconfigure.web.client.RestTemplateAutoConfiguration'
17:03:35.399 [Test worker] DEBUG org.springframework.core.LocalVariableTableParameterNameDiscoverer - Cannot find '.class' file for class [class org.springframework.boot.autoconfigure.web.client.RestTemplateAutoConfiguration$$EnhancerBySpringCGLIB$$402ad266] - unable to determine constructor/method parameter names
17:03:35.399 [Test worker] DEBUG org.springframework.beans.factory.support.DefaultListableBeanFactory - Creating shared instance of singleton bean 'restTemplateBuilder'
17:03:35.402 [Test worker] DEBUG org.springframework.jmx.export.annotation.AnnotationMBeanExporter - Registering beans for JMX exposure on startup
17:03:35.403 [Test worker] DEBUG org.springframework.jmx.export.annotation.AnnotationMBeanExporter - Autodetecting user-defined JMX MBeans
17:03:35.403 [Test worker] DEBUG org.springframework.jmx.export.annotation.AnnotationMBeanExporter - Bean with name 'dataSource' has been autodetected for JMX exposure
17:03:35.404 [Test worker] DEBUG org.springframework.jmx.export.annotation.AnnotationMBeanExporter - Located MBean 'dataSource': registering with JMX server as MBean [com.zaxxer.hikari:name=dataSource,type=HikariDataSource]
17:03:35.405 [Test worker] DEBUG org.springframework.test.context.cache.DefaultCacheAwareContextLoaderDelegate - Storing ApplicationContext in cache under key [[MergedContextConfiguration@32c2b767 testClass = UserRepositoryTest, locations = '{}', classes = '{class com.epam.esm.TestConfig}', contextInitializerClasses = '[]', activeProfiles = '{}', propertySourceLocations = '{}', propertySourceProperties = '{}', contextCustomizers = set[[empty]], contextLoader = 'org.springframework.test.context.support.DelegatingSmartContextLoader', parent = [null]]]
17:03:35.405 [Test worker] DEBUG org.springframework.test.context.cache - Spring test ApplicationContext cache statistics: [DefaultContextCache@2bed31e4 size = 1, maxSize = 32, parentContextCount = 0, hitCount = 35, missCount = 16]
17:03:35.406 [Test worker] DEBUG org.springframework.test.context.support.AbstractDirtiesContextTestExecutionListener - Before test method: context [DefaultTestContext@76bf0ea0 testClass = UserRepositoryTest, testInstance = com.epam.esm.repository.UserRepositoryTest@15ef1737, testMethod = findAll@UserRepositoryTest, testException = [null], mergedContextConfiguration = [MergedContextConfiguration@32c2b767 testClass = UserRepositoryTest, locations = '{}', classes = '{class com.epam.esm.TestConfig}', contextInitializerClasses = '[]', activeProfiles = '{}', propertySourceLocations = '{}', propertySourceProperties = '{}', contextCustomizers = set[[empty]], contextLoader = 'org.springframework.test.context.support.DelegatingSmartContextLoader', parent = [null]], attributes = map[[empty]]], class annotated with @DirtiesContext [true] with mode [AFTER_EACH_TEST_METHOD], method annotated with @DirtiesContext [false] with mode [null].
17:03:35.407 [Test worker] DEBUG org.springframework.test.context.transaction.TransactionalTestExecutionListener - Explicit transaction definition [PROPAGATION_REQUIRED,ISOLATION_DEFAULT] found for test context [DefaultTestContext@76bf0ea0 testClass = UserRepositoryTest, testInstance = com.epam.esm.repository.UserRepositoryTest@15ef1737, testMethod = findAll@UserRepositoryTest, testException = [null], mergedContextConfiguration = [MergedContextConfiguration@32c2b767 testClass = UserRepositoryTest, locations = '{}', classes = '{class com.epam.esm.TestConfig}', contextInitializerClasses = '[]', activeProfiles = '{}', propertySourceLocations = '{}', propertySourceProperties = '{}', contextCustomizers = set[[empty]], contextLoader = 'org.springframework.test.context.support.DelegatingSmartContextLoader', parent = [null]], attributes = map[[empty]]]
17:03:35.407 [Test worker] DEBUG org.springframework.test.context.cache.DefaultCacheAwareContextLoaderDelegate - Retrieved ApplicationContext from cache with key [[MergedContextConfiguration@32c2b767 testClass = UserRepositoryTest, locations = '{}', classes = '{class com.epam.esm.TestConfig}', contextInitializerClasses = '[]', activeProfiles = '{}', propertySourceLocations = '{}', propertySourceProperties = '{}', contextCustomizers = set[[empty]], contextLoader = 'org.springframework.test.context.support.DelegatingSmartContextLoader', parent = [null]]]
17:03:35.407 [Test worker] DEBUG org.springframework.test.context.cache - Spring test ApplicationContext cache statistics: [DefaultContextCache@2bed31e4 size = 1, maxSize = 32, parentContextCount = 0, hitCount = 36, missCount = 16]
17:03:35.407 [Test worker] DEBUG org.springframework.test.context.transaction.TransactionalTestExecutionListener - No method-level @Rollback override: using default rollback [true] for test context [DefaultTestContext@76bf0ea0 testClass = UserRepositoryTest, testInstance = com.epam.esm.repository.UserRepositoryTest@15ef1737, testMethod = findAll@UserRepositoryTest, testException = [null], mergedContextConfiguration = [MergedContextConfiguration@32c2b767 testClass = UserRepositoryTest, locations = '{}', classes = '{class com.epam.esm.TestConfig}', contextInitializerClasses = '[]', activeProfiles = '{}', propertySourceLocations = '{}', propertySourceProperties = '{}', contextCustomizers = set[[empty]], contextLoader = 'org.springframework.test.context.support.DelegatingSmartContextLoader', parent = [null]], attributes = map[[empty]]].
17:03:35.407 [Test worker] DEBUG org.springframework.orm.jpa.JpaTransactionManager - Creating new transaction with name [com.epam.esm.repository.UserRepositoryTest.findAll]: PROPAGATION_REQUIRED,ISOLATION_DEFAULT
17:03:35.407 [Test worker] DEBUG org.hibernate.stat.internal.StatisticsInitiator - Statistics initialized [enabled=false]
17:03:35.407 [Test worker] DEBUG org.springframework.orm.jpa.JpaTransactionManager - Opened new EntityManager [SessionImpl(434345296<open>)] for JPA transaction
17:03:35.407 [Test worker] DEBUG org.hibernate.engine.transaction.internal.TransactionImpl - On TransactionImpl creation, JpaCompliance#isJpaTransactionComplianceEnabled == false
17:03:35.407 [Test worker] DEBUG org.hibernate.engine.transaction.internal.TransactionImpl - begin
17:03:35.408 [Test worker] DEBUG org.springframework.orm.jpa.JpaTransactionManager - Exposing JPA transaction as JDBC [org.springframework.orm.jpa.vendor.HibernateJpaDialect$HibernateConnectionHandle@62dd8bcb]
17:03:35.408 [Test worker] INFO org.springframework.test.context.transaction.TransactionContext - Began transaction (1) for test context [DefaultTestContext@76bf0ea0 testClass = UserRepositoryTest, testInstance = com.epam.esm.repository.UserRepositoryTest@15ef1737, testMethod = findAll@UserRepositoryTest, testException = [null], mergedContextConfiguration = [MergedContextConfiguration@32c2b767 testClass = UserRepositoryTest, locations = '{}', classes = '{class com.epam.esm.TestConfig}', contextInitializerClasses = '[]', activeProfiles = '{}', propertySourceLocations = '{}', propertySourceProperties = '{}', contextCustomizers = set[[empty]], contextLoader = 'org.springframework.test.context.support.DelegatingSmartContextLoader', parent = [null]], attributes = map[[empty]]]; transaction manager [org.springframework.orm.jpa.JpaTransactionManager@349863fa]; rollback [true]
17:03:35.408 [Test worker] DEBUG org.springframework.test.context.jdbc.SqlScriptsTestExecutionListener - Processing [MergedSqlConfig@37cc220d dataSource = '', transactionManager = '', transactionMode = INFERRED, encoding = '', separator = ';', commentPrefix = '--', blockCommentStartDelimiter = '/*', blockCommentEndDelimiter = '*/', errorMode = FAIL_ON_ERROR] for execution phase [BEFORE_TEST_METHOD] and test context [DefaultTestContext@76bf0ea0 testClass = UserRepositoryTest, testInstance = com.epam.esm.repository.UserRepositoryTest@15ef1737, testMethod = findAll@UserRepositoryTest, testException = [null], mergedContextConfiguration = [MergedContextConfiguration@32c2b767 testClass = UserRepositoryTest, locations = '{}', classes = '{class com.epam.esm.TestConfig}', contextInitializerClasses = '[]', activeProfiles = '{}', propertySourceLocations = '{}', propertySourceProperties = '{}', contextCustomizers = set[[empty]], contextLoader = 'org.springframework.test.context.support.DelegatingSmartContextLoader', parent = [null]], attributes = map[[empty]]].
17:03:35.408 [Test worker] DEBUG org.springframework.test.context.cache.DefaultCacheAwareContextLoaderDelegate - Retrieved ApplicationContext from cache with key [[MergedContextConfiguration@32c2b767 testClass = UserRepositoryTest, locations = '{}', classes = '{class com.epam.esm.TestConfig}', contextInitializerClasses = '[]', activeProfiles = '{}', propertySourceLocations = '{}', propertySourceProperties = '{}', contextCustomizers = set[[empty]], contextLoader = 'org.springframework.test.context.support.DelegatingSmartContextLoader', parent = [null]]]
17:03:35.408 [Test worker] DEBUG org.springframework.test.context.cache - Spring test ApplicationContext cache statistics: [DefaultContextCache@2bed31e4 size = 1, maxSize = 32, parentContextCount = 0, hitCount = 37, missCount = 16]
17:03:35.408 [Test worker] DEBUG org.springframework.test.context.jdbc.SqlScriptsTestExecutionListener - Executing SQL scripts: [Byte array resource [from inlined SQL statement: insert into application_role (value) values ('admin'), ('user'), ('guest');INSERT INTO application_user(email, password, role_id) VALUES ('pldi@gmail.com', 'Qwertyui1!', 1);]]
17:03:35.408 [Test worker] DEBUG org.springframework.test.context.cache.DefaultCacheAwareContextLoaderDelegate - Retrieved ApplicationContext from cache with key [[MergedContextConfiguration@32c2b767 testClass = UserRepositoryTest, locations = '{}', classes = '{class com.epam.esm.TestConfig}', contextInitializerClasses = '[]', activeProfiles = '{}', propertySourceLocations = '{}', propertySourceProperties = '{}', contextCustomizers = set[[empty]], contextLoader = 'org.springframework.test.context.support.DelegatingSmartContextLoader', parent = [null]]]
17:03:35.409 [Test worker] DEBUG org.springframework.test.context.cache - Spring test ApplicationContext cache statistics: [DefaultContextCache@2bed31e4 size = 1, maxSize = 32, parentContextCount = 0, hitCount = 38, missCount = 16]
17:03:35.409 [Test worker] DEBUG org.springframework.test.context.cache.DefaultCacheAwareContextLoaderDelegate - Retrieved ApplicationContext from cache with key [[MergedContextConfiguration@32c2b767 testClass = UserRepositoryTest, locations = '{}', classes = '{class com.epam.esm.TestConfig}', contextInitializerClasses = '[]', activeProfiles = '{}', propertySourceLocations = '{}', propertySourceProperties = '{}', contextCustomizers = set[[empty]], contextLoader = 'org.springframework.test.context.support.DelegatingSmartContextLoader', parent = [null]]]
17:03:35.409 [Test worker] DEBUG org.springframework.test.context.cache - Spring test ApplicationContext cache statistics: [DefaultContextCache@2bed31e4 size = 1, maxSize = 32, parentContextCount = 0, hitCount = 39, missCount = 16]
17:03:35.409 [Test worker] DEBUG org.springframework.orm.jpa.JpaTransactionManager - Found thread-bound EntityManager [SessionImpl(434345296<open>)] for JPA transaction
17:03:35.409 [Test worker] DEBUG org.springframework.orm.jpa.JpaTransactionManager - Participating in existing transaction
17:03:35.409 [Test worker] DEBUG org.springframework.jdbc.datasource.init.ScriptUtils - Executing SQL script from Byte array resource [from inlined SQL statement: insert into application_role (value) values ('admin'), ('user'), ('guest');INSERT INTO application_user(email, password, role_id) VALUES ('pldi@gmail.com', 'Qwertyui1!', 1);]
17:03:35.410 [Test worker] DEBUG org.springframework.jdbc.datasource.init.ScriptUtils - 3 returned as update count for SQL: insert into application_role (value) values ('admin'), ('user'), ('guest')
17:03:35.410 [Test worker] DEBUG org.springframework.jdbc.datasource.init.ScriptUtils - 1 returned as update count for SQL: INSERT INTO application_user(email, password, role_id) VALUES ('pldi@gmail.com', 'Qwertyui1!', 1)
17:03:35.410 [Test worker] DEBUG org.springframework.jdbc.datasource.init.ScriptUtils - Executed SQL script from Byte array resource [from inlined SQL statement: insert into application_role (value) values ('admin'), ('user'), ('guest');INSERT INTO application_user(email, password, role_id) VALUES ('pldi@gmail.com', 'Qwertyui1!', 1);] in 1 ms.
17:03:35.410 [Test worker] DEBUG org.hibernate.query.criteria.internal.CriteriaQueryImpl - Rendered criteria query -> select generatedAlias0 from User as generatedAlias0 order by generatedAlias0.id desc
17:03:35.411 [Test worker] DEBUG org.hibernate.hql.internal.QueryTranslatorFactoryInitiator - QueryTranslatorFactory : org.hibernate.hql.internal.ast.ASTQueryTranslatorFactory@77f7ec72
17:03:35.411 [Test worker] INFO org.hibernate.hql.internal.QueryTranslatorFactoryInitiator - HHH000397: Using ASTQueryTranslatorFactory
17:03:35.411 [Test worker] DEBUG org.hibernate.hql.internal.ast.QueryTranslatorImpl - parse() - HQL: select generatedAlias0 from com.epam.esm.entity.User as generatedAlias0 order by generatedAlias0.id desc
17:03:35.412 [Test worker] DEBUG org.hibernate.hql.internal.ast.ErrorTracker - throwQueryException() : no errors
17:03:35.413 [Test worker] DEBUG org.hibernate.hql.internal.ast.QueryTranslatorImpl - --- HQL AST ---
 \-[QUERY] Node: 'query'
    +-[SELECT_FROM] Node: 'SELECT_FROM'
    |  +-[FROM] Node: 'from'
    |  |  \-[RANGE] Node: 'RANGE'
    |  |     +-[DOT] Node: '.'
    |  |     |  +-[DOT] Node: '.'
    |  |     |  |  +-[DOT] Node: '.'
    |  |     |  |  |  +-[DOT] Node: '.'
    |  |     |  |  |  |  +-[IDENT] Node: 'com'
    |  |     |  |  |  |  \-[IDENT] Node: 'epam'
    |  |     |  |  |  \-[IDENT] Node: 'esm'
    |  |     |  |  \-[IDENT] Node: 'entity'
    |  |     |  \-[IDENT] Node: 'User'
    |  |     \-[ALIAS] Node: 'generatedAlias0'
    |  \-[SELECT] Node: 'select'
    |     \-[IDENT] Node: 'generatedAlias0'
    \-[ORDER] Node: 'order'
       +-[DOT] Node: '.'
       |  +-[IDENT] Node: 'generatedAlias0'
       |  \-[IDENT] Node: 'id'
       \-[DESCENDING] Node: 'desc'

17:03:35.413 [Test worker] DEBUG org.hibernate.hql.internal.antlr.HqlSqlBaseWalker - select << begin [level=1, statement=select]
17:03:35.414 [Test worker] DEBUG org.hibernate.hql.internal.ast.tree.FromElement - FromClause{level=1} : com.epam.esm.entity.User (generatedAlias0) -> user0_
17:03:35.414 [Test worker] DEBUG org.hibernate.hql.internal.ast.tree.FromReferenceNode - Resolved : generatedAlias0 -> user0_.id
17:03:35.414 [Test worker] DEBUG org.hibernate.hql.internal.ast.tree.FromReferenceNode - Resolved : generatedAlias0 -> user0_.id
17:03:35.414 [Test worker] DEBUG org.hibernate.hql.internal.ast.tree.DotNode - getDataType() : id -> org.hibernate.type.LongType@10654366
17:03:35.414 [Test worker] DEBUG org.hibernate.hql.internal.ast.tree.FromReferenceNode - Resolved : generatedAlias0.id -> user0_.id
17:03:35.414 [Test worker] DEBUG org.hibernate.hql.internal.antlr.HqlSqlBaseWalker - select : finishing up [level=1, statement=select]
17:03:35.414 [Test worker] DEBUG org.hibernate.hql.internal.ast.HqlSqlWalker - processQuery() :  ( SELECT ( {select clause} user0_.id ) ( FromClause{level=1} application_user user0_ ) ( order ( user0_.id user0_.id id ) desc ) )
17:03:35.415 [Test worker] DEBUG org.hibernate.hql.internal.ast.util.JoinProcessor - Using FROM fragment [application_user user0_]
17:03:35.415 [Test worker] DEBUG org.hibernate.hql.internal.antlr.HqlSqlBaseWalker - select >> end [level=1, statement=select]
17:03:35.415 [Test worker] DEBUG org.hibernate.hql.internal.ast.QueryTranslatorImpl - --- SQL AST ---
 \-[SELECT] QueryNode: 'SELECT'  querySpaces (application_user)
    +-[SELECT_CLAUSE] SelectClause: '{select clause}'
    |  +-[ALIAS_REF] IdentNode: 'user0_.id as id1_2_' {alias=generatedAlias0, className=com.epam.esm.entity.User, tableAlias=user0_}
    |  \-[SQL_TOKEN] SqlFragment: 'user0_.email as email2_2_, user0_.password as password3_2_, user0_.refresh_token as refresh_4_2_, user0_.role_id as role_id5_2_'
    +-[FROM] FromClause: 'from' FromClause{level=1, fromElementCounter=1, fromElements=1, fromElementByClassAlias=[generatedAlias0], fromElementByTableAlias=[user0_], fromElementsByPath=[], collectionJoinFromElementsByPath=[], impliedElements=[]}
    |  \-[FROM_FRAGMENT] FromElement: 'application_user user0_' FromElement{explicit,not a collection join,not a fetch join,fetch non-lazy properties,classAlias=generatedAlias0,role=null,tableName=application_user,tableAlias=user0_,origin=null,columns={,className=com.epam.esm.entity.User}}
    \-[ORDER] OrderByClause: 'order'
       +-[DOT] DotNode: 'user0_.id' {propertyName=id,dereferenceType=PRIMITIVE,getPropertyPath=id,path=generatedAlias0.id,tableAlias=user0_,className=com.epam.esm.entity.User,classAlias=generatedAlias0}
       |  +-[ALIAS_REF] IdentNode: 'user0_.id' {alias=generatedAlias0, className=com.epam.esm.entity.User, tableAlias=user0_}
       |  \-[IDENT] IdentNode: 'id' {originalText=id}
       \-[DESCENDING] SqlNode: 'desc'

17:03:35.415 [Test worker] DEBUG org.hibernate.hql.internal.ast.ErrorTracker - throwQueryException() : no errors
17:03:35.415 [Test worker] DEBUG org.hibernate.hql.internal.ast.QueryTranslatorImpl - HQL: select generatedAlias0 from com.epam.esm.entity.User as generatedAlias0 order by generatedAlias0.id desc
17:03:35.415 [Test worker] DEBUG org.hibernate.hql.internal.ast.QueryTranslatorImpl - SQL: select user0_.id as id1_2_, user0_.email as email2_2_, user0_.password as password3_2_, user0_.refresh_token as refresh_4_2_, user0_.role_id as role_id5_2_ from application_user user0_ order by user0_.id desc
17:03:35.415 [Test worker] DEBUG org.hibernate.hql.internal.ast.ErrorTracker - throwQueryException() : no errors
17:03:35.415 [Test worker] DEBUG org.hibernate.SQL - select user0_.id as id1_2_, user0_.email as email2_2_, user0_.password as password3_2_, user0_.refresh_token as refresh_4_2_, user0_.role_id as role_id5_2_ from application_user user0_ order by user0_.id desc limit ?
17:03:35.416 [Test worker] DEBUG org.hibernate.loader.Loader - Result set row: 0
17:03:35.416 [Test worker] DEBUG org.hibernate.loader.Loader - Result row: EntityKey[com.epam.esm.entity.User#1]
17:03:35.416 [Test worker] DEBUG org.hibernate.engine.internal.TwoPhaseLoad - Resolving associations for [com.epam.esm.entity.User#1]
17:03:35.417 [Test worker] DEBUG org.hibernate.SQL - select role0_.id as id1_1_0_, role0_.value as value2_1_0_ from application_role role0_ where role0_.id=?
17:03:35.417 [Test worker] DEBUG org.hibernate.loader.plan.exec.process.internal.ResultSetProcessorImpl - Starting ResultSet row #0
17:03:35.417 [Test worker] DEBUG org.hibernate.loader.plan.exec.process.internal.EntityReferenceInitializerImpl - On call to EntityIdentifierReaderImpl#resolve, EntityKey was already known; should only happen on root returns with an optional identifier specified
17:03:35.417 [Test worker] DEBUG org.hibernate.engine.internal.TwoPhaseLoad - Resolving associations for [com.epam.esm.entity.Role#1]
17:03:35.418 [Test worker] DEBUG org.hibernate.engine.internal.TwoPhaseLoad - Done materializing entity [com.epam.esm.entity.Role#1]
17:03:35.418 [Test worker] DEBUG org.hibernate.loader.entity.plan.AbstractLoadPlanBasedEntityLoader - Done entity load : com.epam.esm.entity.Role#1
17:03:35.418 [Test worker] DEBUG org.hibernate.engine.internal.TwoPhaseLoad - Done materializing entity [com.epam.esm.entity.User#1]
17:03:35.419 [Test worker] DEBUG org.hibernate.loader.collection.plan.AbstractLoadPlanBasedCollectionInitializer - Loading collection: [com.epam.esm.entity.User.orders#1]
17:03:35.419 [Test worker] DEBUG org.hibernate.SQL - select orders0_.user_id as user_id4_0_0_, orders0_.id as id1_0_0_, orders0_.id as id1_0_1_, orders0_.active_status as active_s2_0_1_, orders0_.created_at as created_3_0_1_, orders0_.user_id as user_id4_0_1_ from application_order orders0_ where orders0_.user_id=?
17:03:35.419 [Test worker] DEBUG org.hibernate.loader.plan.exec.process.internal.ResultSetProcessorImpl - Preparing collection intializer : [com.epam.esm.entity.User.orders#1]
17:03:35.420 [Test worker] DEBUG org.hibernate.engine.loading.internal.CollectionLoadContext - 1 collections were found in result set for role: com.epam.esm.entity.User.orders
17:03:35.420 [Test worker] DEBUG org.hibernate.engine.loading.internal.CollectionLoadContext - Collection fully initialized: [com.epam.esm.entity.User.orders#1]
17:03:35.420 [Test worker] DEBUG org.hibernate.engine.loading.internal.CollectionLoadContext - 1 collections initialized for role: com.epam.esm.entity.User.orders
17:03:35.420 [Test worker] DEBUG org.hibernate.loader.collection.plan.AbstractLoadPlanBasedCollectionInitializer - Done loading collection
17:03:35.420 [Test worker] DEBUG org.springframework.orm.jpa.JpaTransactionManager - Initiating transaction rollback
17:03:35.420 [Test worker] DEBUG org.springframework.orm.jpa.JpaTransactionManager - Rolling back JPA transaction on EntityManager [SessionImpl(434345296<open>)]
17:03:35.420 [Test worker] DEBUG org.hibernate.engine.transaction.internal.TransactionImpl - rolling back
17:03:35.421 [Test worker] DEBUG org.springframework.orm.jpa.JpaTransactionManager - Closing JPA EntityManager [SessionImpl(434345296<open>)] after transaction
17:03:35.421 [Test worker] INFO org.springframework.test.context.transaction.TransactionContext - Rolled back transaction for test context [DefaultTestContext@76bf0ea0 testClass = UserRepositoryTest, testInstance = com.epam.esm.repository.UserRepositoryTest@15ef1737, testMethod = findAll@UserRepositoryTest, testException = [null], mergedContextConfiguration = [MergedContextConfiguration@32c2b767 testClass = UserRepositoryTest, locations = '{}', classes = '{class com.epam.esm.TestConfig}', contextInitializerClasses = '[]', activeProfiles = '{}', propertySourceLocations = '{}', propertySourceProperties = '{}', contextCustomizers = set[[empty]], contextLoader = 'org.springframework.test.context.support.DelegatingSmartContextLoader', parent = [null]], attributes = map[[empty]]].
17:03:35.421 [Test worker] DEBUG org.springframework.test.context.support.AbstractDirtiesContextTestExecutionListener - After test method: context [DefaultTestContext@76bf0ea0 testClass = UserRepositoryTest, testInstance = com.epam.esm.repository.UserRepositoryTest@15ef1737, testMethod = findAll@UserRepositoryTest, testException = [null], mergedContextConfiguration = [MergedContextConfiguration@32c2b767 testClass = UserRepositoryTest, locations = '{}', classes = '{class com.epam.esm.TestConfig}', contextInitializerClasses = '[]', activeProfiles = '{}', propertySourceLocations = '{}', propertySourceProperties = '{}', contextCustomizers = set[[empty]], contextLoader = 'org.springframework.test.context.support.DelegatingSmartContextLoader', parent = [null]], attributes = map[[empty]]], class annotated with @DirtiesContext [true] with mode [AFTER_EACH_TEST_METHOD], method annotated with @DirtiesContext [false] with mode [null].
17:03:35.421 [Test worker] DEBUG org.springframework.context.support.GenericApplicationContext - Closing org.springframework.context.support.GenericApplicationContext@6653baf0, started on Wed Oct 23 17:03:35 MSK 2019
17:03:35.421 [Test worker] DEBUG org.springframework.jmx.export.annotation.AnnotationMBeanExporter - Unregistering JMX-exposed beans on shutdown
17:03:35.421 [Test worker] DEBUG org.springframework.jmx.export.annotation.AnnotationMBeanExporter - Unregistering JMX-exposed beans
17:03:35.421 [Test worker] INFO org.springframework.orm.jpa.LocalContainerEntityManagerFactoryBean - Closing JPA EntityManagerFactory for persistence unit 'default'
17:03:35.422 [Test worker] DEBUG org.hibernate.internal.SessionFactoryImpl - HHH000031: Closing
17:03:35.422 [Test worker] INFO org.hibernate.tool.schema.internal.SchemaDropperImpl$DelayedDropActionImpl - HHH000477: Starting delayed evictData of schema as part of SessionFactory shut-down'
17:03:35.422 [Test worker] DEBUG org.hibernate.SQL - drop table application_order if exists
17:03:35.422 [Test worker] DEBUG org.hibernate.SQL - drop table application_role if exists
17:03:35.423 [Test worker] DEBUG org.hibernate.SQL - drop table application_user if exists
17:03:35.423 [Test worker] DEBUG org.hibernate.SQL - drop table certificate if exists
17:03:35.424 [Test worker] DEBUG org.hibernate.SQL - drop table certificate_tag if exists
17:03:35.424 [Test worker] DEBUG org.hibernate.SQL - drop table entity if exists
17:03:35.424 [Test worker] DEBUG org.hibernate.SQL - drop table order_certificate if exists
17:03:35.424 [Test worker] DEBUG org.hibernate.SQL - drop table tag if exists
17:03:35.425 [Test worker] DEBUG org.hibernate.type.spi.TypeConfiguration$Scope - Un-scoping TypeConfiguration [org.hibernate.type.spi.TypeConfiguration$Scope@329ef179] from SessionFactory [org.hibernate.internal.SessionFactoryImpl@56c60e1c]
17:03:35.425 [Test worker] DEBUG org.hibernate.service.internal.AbstractServiceRegistryImpl - Implicitly destroying ServiceRegistry on de-registration of all child ServiceRegistries
17:03:35.425 [Test worker] DEBUG org.hibernate.boot.registry.internal.BootstrapServiceRegistryImpl - Implicitly destroying Boot-strap registry on de-registration of all child ServiceRegistries
17:03:35.425 [Test worker] INFO com.zaxxer.hikari.HikariDataSource - HikariPool-16 - Shutdown initiated...
17:03:35.425 [Test worker] DEBUG com.zaxxer.hikari.pool.HikariPool - HikariPool-16 - Before shutdown stats (total=10, active=0, idle=10, waiting=0)
17:03:35.426 [HikariPool-16 connection closer] DEBUG com.zaxxer.hikari.pool.PoolBase - HikariPool-16 - Closing connection conn150: url=jdbc:h2:mem:testdb user=SA: (connection evicted)
17:03:35.426 [HikariPool-16 connection closer] DEBUG com.zaxxer.hikari.pool.PoolBase - HikariPool-16 - Closing connection conn151: url=jdbc:h2:mem:testdb user=SA: (connection evicted)
17:03:35.426 [HikariPool-16 connection closer] DEBUG com.zaxxer.hikari.pool.PoolBase - HikariPool-16 - Closing connection conn152: url=jdbc:h2:mem:testdb user=SA: (connection evicted)
17:03:35.426 [HikariPool-16 connection closer] DEBUG com.zaxxer.hikari.pool.PoolBase - HikariPool-16 - Closing connection conn153: url=jdbc:h2:mem:testdb user=SA: (connection evicted)
17:03:35.426 [HikariPool-16 connection closer] DEBUG com.zaxxer.hikari.pool.PoolBase - HikariPool-16 - Closing connection conn154: url=jdbc:h2:mem:testdb user=SA: (connection evicted)
17:03:35.426 [HikariPool-16 connection closer] DEBUG com.zaxxer.hikari.pool.PoolBase - HikariPool-16 - Closing connection conn155: url=jdbc:h2:mem:testdb user=SA: (connection evicted)
17:03:35.426 [HikariPool-16 connection closer] DEBUG com.zaxxer.hikari.pool.PoolBase - HikariPool-16 - Closing connection conn156: url=jdbc:h2:mem:testdb user=SA: (connection evicted)
17:03:35.426 [HikariPool-16 connection closer] DEBUG com.zaxxer.hikari.pool.PoolBase - HikariPool-16 - Closing connection conn157: url=jdbc:h2:mem:testdb user=SA: (connection evicted)
17:03:35.426 [HikariPool-16 connection closer] DEBUG com.zaxxer.hikari.pool.PoolBase - HikariPool-16 - Closing connection conn158: url=jdbc:h2:mem:testdb user=SA: (connection evicted)
17:03:35.426 [HikariPool-16 connection closer] DEBUG com.zaxxer.hikari.pool.PoolBase - HikariPool-16 - Closing connection conn159: url=jdbc:h2:mem:testdb user=SA: (connection evicted)
17:03:35.426 [Test worker] DEBUG com.zaxxer.hikari.pool.HikariPool - HikariPool-16 - After shutdown stats (total=0, active=0, idle=0, waiting=0)
17:03:35.426 [Test worker] INFO com.zaxxer.hikari.HikariDataSource - HikariPool-16 - Shutdown completed.
17:03:35.427 [Test worker] DEBUG org.springframework.test.context.support.DependencyInjectionTestExecutionListener - Performing dependency injection for test context [[DefaultTestContext@76bf0ea0 testClass = UserRepositoryTest, testInstance = com.epam.esm.repository.UserRepositoryTest@7e6fba06, testMethod = [null], testException = [null], mergedContextConfiguration = [MergedContextConfiguration@32c2b767 testClass = UserRepositoryTest, locations = '{}', classes = '{class com.epam.esm.TestConfig}', contextInitializerClasses = '[]', activeProfiles = '{}', propertySourceLocations = '{}', propertySourceProperties = '{}', contextCustomizers = set[[empty]], contextLoader = 'org.springframework.test.context.support.DelegatingSmartContextLoader', parent = [null]], attributes = map['org.springframework.test.context.support.DependencyInjectionTestExecutionListener.reinjectDependencies' -> true]]].
17:03:35.427 [Test worker] DEBUG org.springframework.test.context.support.AbstractDelegatingSmartContextLoader - Delegating to AnnotationConfigContextLoader to load context from [MergedContextConfiguration@32c2b767 testClass = UserRepositoryTest, locations = '{}', classes = '{class com.epam.esm.TestConfig}', contextInitializerClasses = '[]', activeProfiles = '{}', propertySourceLocations = '{}', propertySourceProperties = '{}', contextCustomizers = set[[empty]], contextLoader = 'org.springframework.test.context.support.DelegatingSmartContextLoader', parent = [null]].
17:03:35.427 [Test worker] DEBUG org.springframework.test.context.support.AbstractGenericContextLoader - Loading ApplicationContext for merged context configuration [[MergedContextConfiguration@32c2b767 testClass = UserRepositoryTest, locations = '{}', classes = '{class com.epam.esm.TestConfig}', contextInitializerClasses = '[]', activeProfiles = '{}', propertySourceLocations = '{}', propertySourceProperties = '{}', contextCustomizers = set[[empty]], contextLoader = 'org.springframework.test.context.support.DelegatingSmartContextLoader', parent = [null]]].
17:03:35.427 [Test worker] DEBUG org.springframework.core.env.StandardEnvironment - Activating profiles []
17:03:35.427 [Test worker] DEBUG org.springframework.test.context.support.AnnotationConfigContextLoader - Registering annotated classes: {class com.epam.esm.TestConfig}
17:03:35.428 [Test worker] DEBUG org.springframework.context.support.GenericApplicationContext - Refreshing org.springframework.context.support.GenericApplicationContext@504a4c8
17:03:35.428 [Test worker] DEBUG org.springframework.beans.factory.support.DefaultListableBeanFactory - Creating shared instance of singleton bean 'org.springframework.context.annotation.internalConfigurationAnnotationProcessor'
17:03:35.436 [Test worker] DEBUG org.springframework.context.annotation.ClassPathBeanDefinitionScanner - Identified candidate component class: file [/Users/dzmitryplatonov/Desktop/workdir/giftcertificates/datasource/build/classes/java/main/com/epam/esm/repository/CertificateRepository.class]
17:03:35.436 [Test worker] DEBUG org.springframework.context.annotation.ClassPathBeanDefinitionScanner - Identified candidate component class: file [/Users/dzmitryplatonov/Desktop/workdir/giftcertificates/datasource/build/classes/java/main/com/epam/esm/repository/OrderCertificateRepository.class]
17:03:35.436 [Test worker] DEBUG org.springframework.context.annotation.ClassPathBeanDefinitionScanner - Identified candidate component class: file [/Users/dzmitryplatonov/Desktop/workdir/giftcertificates/datasource/build/classes/java/main/com/epam/esm/repository/OrderRepository.class]
17:03:35.436 [Test worker] DEBUG org.springframework.context.annotation.ClassPathBeanDefinitionScanner - Identified candidate component class: file [/Users/dzmitryplatonov/Desktop/workdir/giftcertificates/datasource/build/classes/java/main/com/epam/esm/repository/TagRepository.class]
17:03:35.436 [Test worker] DEBUG org.springframework.context.annotation.ClassPathBeanDefinitionScanner - Identified candidate component class: file [/Users/dzmitryplatonov/Desktop/workdir/giftcertificates/datasource/build/classes/java/main/com/epam/esm/repository/UserRepository.class]
17:03:35.437 [Test worker] DEBUG org.springframework.context.annotation.ClassPathBeanDefinitionScanner - Identified candidate component class: file [/Users/dzmitryplatonov/Desktop/workdir/giftcertificates/datasource/build/classes/java/main/com/epam/esm/repository/predicate/CriteriaBuilderHelper.class]
17:03:35.497 [Test worker] DEBUG org.springframework.beans.factory.support.DefaultListableBeanFactory - Creating shared instance of singleton bean 'org.springframework.boot.autoconfigure.condition.BeanTypeRegistry'
17:03:35.507 [Test worker] INFO org.springframework.data.repository.config.RepositoryConfigurationDelegate - Bootstrapping Spring Data repositories in DEFAULT mode.
17:03:35.507 [Test worker] DEBUG org.springframework.beans.factory.support.DefaultListableBeanFactory - Creating shared instance of singleton bean 'org.springframework.boot.autoconfigure.AutoConfigurationPackages'
17:03:35.508 [Test worker] DEBUG org.springframework.boot.autoconfigure.AutoConfigurationPackages - @EnableAutoConfiguration was declared on a class in the package 'com.epam.esm'. Automatic @Repository and @Entity scanning is enabled.
17:03:35.508 [Test worker] DEBUG org.springframework.data.repository.config.RepositoryConfigurationDelegate - Scanning for repositories in packages com.epam.esm.
17:03:35.513 [Test worker] INFO org.springframework.data.repository.config.RepositoryConfigurationDelegate - Finished Spring Data repository scanning in 4ms. Found 0 repository interfaces.
17:03:35.523 [Test worker] DEBUG org.springframework.beans.factory.support.DefaultListableBeanFactory - Creating shared instance of singleton bean 'propertySourcesPlaceholderConfigurer'
17:03:35.523 [Test worker] DEBUG org.springframework.beans.factory.support.DefaultListableBeanFactory - Creating shared instance of singleton bean 'emBeanDefinitionRegistrarPostProcessor'
17:03:35.523 [Test worker] DEBUG org.springframework.beans.factory.support.DefaultListableBeanFactory - Creating shared instance of singleton bean 'org.springframework.context.event.internalEventListenerProcessor'
17:03:35.524 [Test worker] DEBUG org.springframework.beans.factory.support.DefaultListableBeanFactory - Creating shared instance of singleton bean 'org.springframework.boot.context.properties.ConfigurationBeanFactoryMetadata'
17:03:35.524 [Test worker] DEBUG org.springframework.beans.factory.support.DefaultListableBeanFactory - Creating shared instance of singleton bean 'org.springframework.context.event.internalEventListenerFactory'
17:03:35.524 [Test worker] DEBUG org.springframework.beans.factory.support.DefaultListableBeanFactory - Creating shared instance of singleton bean 'org.springframework.transaction.config.internalTransactionalEventListenerFactory'
17:03:35.525 [Test worker] DEBUG org.springframework.beans.factory.support.DefaultListableBeanFactory - Creating shared instance of singleton bean 'org.springframework.context.annotation.internalAutowiredAnnotationProcessor'
17:03:35.525 [Test worker] DEBUG org.springframework.beans.factory.support.DefaultListableBeanFactory - Creating shared instance of singleton bean 'org.springframework.context.annotation.internalCommonAnnotationProcessor'
17:03:35.525 [Test worker] DEBUG org.springframework.beans.factory.support.DefaultListableBeanFactory - Creating shared instance of singleton bean 'org.springframework.context.annotation.internalPersistenceAnnotationProcessor'
17:03:35.525 [Test worker] DEBUG org.springframework.beans.factory.support.DefaultListableBeanFactory - Creating shared instance of singleton bean 'org.springframework.boot.context.properties.ConfigurationPropertiesBindingPostProcessor'
17:03:35.525 [Test worker] DEBUG org.springframework.beans.factory.support.DefaultListableBeanFactory - Creating shared instance of singleton bean 'methodValidationPostProcessor'
17:03:35.526 [Test worker] DEBUG org.springframework.beans.factory.support.DefaultListableBeanFactory - Autowiring by type from bean name 'methodValidationPostProcessor' via factory method to bean named 'environment'
17:03:35.526 [Test worker] DEBUG org.springframework.beans.factory.support.DefaultListableBeanFactory - Creating shared instance of singleton bean 'org.springframework.aop.config.internalAutoProxyCreator'
17:03:35.527 [Test worker] DEBUG org.springframework.beans.factory.support.DefaultListableBeanFactory - Creating shared instance of singleton bean 'dataSourceInitializerPostProcessor'
17:03:35.527 [Test worker] DEBUG org.springframework.beans.factory.support.DefaultListableBeanFactory - Creating shared instance of singleton bean 'persistenceExceptionTranslationPostProcessor'
17:03:35.528 [Test worker] DEBUG org.springframework.beans.factory.support.DefaultListableBeanFactory - Autowiring by type from bean name 'persistenceExceptionTranslationPostProcessor' via factory method to bean named 'environment'
17:03:35.528 [Test worker] DEBUG org.springframework.beans.factory.support.DefaultListableBeanFactory - Creating shared instance of singleton bean 'dataSourceInitializedPublisher'
17:03:35.529 [Test worker] DEBUG org.springframework.beans.factory.support.DefaultListableBeanFactory - Creating shared instance of singleton bean 'entityManagerFactory'
17:03:35.529 [Test worker] DEBUG org.springframework.beans.factory.support.DefaultListableBeanFactory - Creating shared instance of singleton bean 'org.springframework.transaction.config.internalTransactionAdvisor'
17:03:35.529 [Test worker] DEBUG org.springframework.beans.factory.support.DefaultListableBeanFactory - Creating shared instance of singleton bean 'org.springframework.transaction.annotation.ProxyTransactionManagementConfiguration'
17:03:35.531 [Test worker] DEBUG org.springframework.beans.factory.support.DefaultListableBeanFactory - Creating shared instance of singleton bean 'transactionAttributeSource'
17:03:35.531 [Test worker] DEBUG org.springframework.beans.factory.support.DefaultListableBeanFactory - Creating shared instance of singleton bean 'transactionInterceptor'
17:03:35.532 [Test worker] DEBUG org.springframework.beans.factory.support.DefaultListableBeanFactory - Creating shared instance of singleton bean 'org.springframework.boot.autoconfigure.orm.jpa.HibernateJpaConfiguration'
17:03:35.532 [Test worker] DEBUG org.springframework.core.LocalVariableTableParameterNameDiscoverer - Cannot find '.class' file for class [class org.springframework.boot.autoconfigure.orm.jpa.HibernateJpaConfiguration$$EnhancerBySpringCGLIB$$c3eb9b54] - unable to determine constructor/method parameter names
17:03:35.533 [Test worker] DEBUG org.springframework.beans.factory.support.DefaultListableBeanFactory - Creating shared instance of singleton bean 'dataSource'
17:03:35.533 [Test worker] DEBUG org.springframework.beans.factory.support.DefaultListableBeanFactory - Creating shared instance of singleton bean 'org.springframework.boot.autoconfigure.jdbc.DataSourceConfiguration$Hikari'
17:03:35.533 [Test worker] DEBUG org.springframework.beans.factory.support.DefaultListableBeanFactory - Creating shared instance of singleton bean 'spring.datasource-org.springframework.boot.autoconfigure.jdbc.DataSourceProperties'
17:03:35.535 [Test worker] DEBUG org.springframework.beans.factory.support.DefaultListableBeanFactory - Autowiring by type from bean name 'dataSource' via factory method to bean named 'spring.datasource-org.springframework.boot.autoconfigure.jdbc.DataSourceProperties'
17:03:35.537 [Test worker] DEBUG com.zaxxer.hikari.HikariConfig - Driver class org.h2.Driver found in Thread context class loader jdk.internal.loader.ClassLoaders$AppClassLoader@2c13da15
17:03:35.540 [Test worker] DEBUG org.springframework.beans.factory.support.DefaultListableBeanFactory - Creating shared instance of singleton bean 'org.springframework.boot.autoconfigure.jdbc.DataSourceInitializerInvoker'
17:03:35.540 [Test worker] DEBUG org.springframework.beans.factory.support.DefaultListableBeanFactory - Autowiring by type from bean name 'org.springframework.boot.autoconfigure.jdbc.DataSourceInitializerInvoker' via constructor to bean named 'spring.datasource-org.springframework.boot.autoconfigure.jdbc.DataSourceProperties'
17:03:35.540 [Test worker] DEBUG org.springframework.beans.factory.support.DefaultListableBeanFactory - Autowiring by type from bean name 'org.springframework.boot.autoconfigure.jdbc.DataSourceInitializerInvoker' via constructor to bean named 'org.springframework.context.support.GenericApplicationContext@504a4c8'
17:03:35.541 [Test worker] DEBUG org.springframework.beans.factory.support.DefaultListableBeanFactory - Creating shared instance of singleton bean 'spring.jpa-org.springframework.boot.autoconfigure.orm.jpa.JpaProperties'
17:03:35.542 [Test worker] DEBUG org.springframework.beans.factory.support.DefaultListableBeanFactory - Creating shared instance of singleton bean 'spring.jpa.hibernate-org.springframework.boot.autoconfigure.orm.jpa.HibernateProperties'
17:03:35.543 [Test worker] DEBUG org.springframework.beans.factory.support.DefaultListableBeanFactory - Autowiring by type from bean name 'org.springframework.boot.autoconfigure.orm.jpa.HibernateJpaConfiguration' via constructor to bean named 'dataSource'
17:03:35.543 [Test worker] DEBUG org.springframework.beans.factory.support.DefaultListableBeanFactory - Autowiring by type from bean name 'org.springframework.boot.autoconfigure.orm.jpa.HibernateJpaConfiguration' via constructor to bean named 'spring.jpa-org.springframework.boot.autoconfigure.orm.jpa.JpaProperties'
17:03:35.543 [Test worker] DEBUG org.springframework.beans.factory.support.DefaultListableBeanFactory - Autowiring by type from bean name 'org.springframework.boot.autoconfigure.orm.jpa.HibernateJpaConfiguration' via constructor to bean named 'org.springframework.beans.factory.support.DefaultListableBeanFactory@26355135'
17:03:35.543 [Test worker] DEBUG org.springframework.beans.factory.support.DefaultListableBeanFactory - Autowiring by type from bean name 'org.springframework.boot.autoconfigure.orm.jpa.HibernateJpaConfiguration' via constructor to bean named 'spring.jpa.hibernate-org.springframework.boot.autoconfigure.orm.jpa.HibernateProperties'
17:03:35.543 [Test worker] DEBUG org.springframework.beans.factory.support.DefaultListableBeanFactory - Creating shared instance of singleton bean 'platformTransactionManagerCustomizers'
17:03:35.543 [Test worker] DEBUG org.springframework.beans.factory.support.DefaultListableBeanFactory - Creating shared instance of singleton bean 'org.springframework.boot.autoconfigure.transaction.TransactionAutoConfiguration'
17:03:35.544 [Test worker] DEBUG org.springframework.beans.factory.support.DefaultListableBeanFactory - Creating shared instance of singleton bean 'spring.transaction-org.springframework.boot.autoconfigure.transaction.TransactionProperties'
17:03:35.545 [Test worker] DEBUG org.springframework.beans.factory.support.DefaultListableBeanFactory - Creating shared instance of singleton bean 'hikariPoolDataSourceMetadataProvider'
17:03:35.545 [Test worker] DEBUG org.springframework.beans.factory.support.DefaultListableBeanFactory - Creating shared instance of singleton bean 'org.springframework.boot.autoconfigure.jdbc.metadata.DataSourcePoolMetadataProvidersConfiguration$HikariPoolDataSourceMetadataProviderConfiguration'
17:03:35.547 [Test worker] DEBUG org.springframework.beans.factory.support.DefaultListableBeanFactory - Creating shared instance of singleton bean 'entityManagerFactoryBuilder'
17:03:35.547 [Test worker] DEBUG org.springframework.beans.factory.support.DefaultListableBeanFactory - Creating shared instance of singleton bean 'jpaVendorAdapter'
17:03:35.547 [Test worker] DEBUG org.springframework.jdbc.datasource.DataSourceUtils - Fetching JDBC Connection from DataSource
17:03:35.547 [Test worker] DEBUG com.zaxxer.hikari.HikariConfig - HikariPool-17 - configuration:
17:03:35.548 [Test worker] DEBUG com.zaxxer.hikari.HikariConfig - allowPoolSuspension.............false
17:03:35.548 [Test worker] DEBUG com.zaxxer.hikari.HikariConfig - autoCommit......................true
17:03:35.548 [Test worker] DEBUG com.zaxxer.hikari.HikariConfig - catalog.........................none
17:03:35.548 [Test worker] DEBUG com.zaxxer.hikari.HikariConfig - connectionInitSql...............none
17:03:35.548 [Test worker] DEBUG com.zaxxer.hikari.HikariConfig - connectionTestQuery.............none
17:03:35.548 [Test worker] DEBUG com.zaxxer.hikari.HikariConfig - connectionTimeout...............30000
17:03:35.548 [Test worker] DEBUG com.zaxxer.hikari.HikariConfig - dataSource......................none
17:03:35.548 [Test worker] DEBUG com.zaxxer.hikari.HikariConfig - dataSourceClassName.............none
17:03:35.548 [Test worker] DEBUG com.zaxxer.hikari.HikariConfig - dataSourceJNDI..................none
17:03:35.548 [Test worker] DEBUG com.zaxxer.hikari.HikariConfig - dataSourceProperties............{password=<masked>}
17:03:35.548 [Test worker] DEBUG com.zaxxer.hikari.HikariConfig - driverClassName................."org.h2.Driver"
17:03:35.548 [Test worker] DEBUG com.zaxxer.hikari.HikariConfig - healthCheckProperties...........{}
17:03:35.548 [Test worker] DEBUG com.zaxxer.hikari.HikariConfig - healthCheckRegistry.............none
17:03:35.548 [Test worker] DEBUG com.zaxxer.hikari.HikariConfig - idleTimeout.....................600000
17:03:35.548 [Test worker] DEBUG com.zaxxer.hikari.HikariConfig - initializationFailTimeout.......1
17:03:35.548 [Test worker] DEBUG com.zaxxer.hikari.HikariConfig - isolateInternalQueries..........false
17:03:35.548 [Test worker] DEBUG com.zaxxer.hikari.HikariConfig - jdbcUrl.........................jdbc:h2:mem:testdb;DB_CLOSE_DELAY=-1;DB_CLOSE_ON_EXIT=FALSE
17:03:35.548 [Test worker] DEBUG com.zaxxer.hikari.HikariConfig - leakDetectionThreshold..........0
17:03:35.548 [Test worker] DEBUG com.zaxxer.hikari.HikariConfig - maxLifetime.....................1800000
17:03:35.548 [Test worker] DEBUG com.zaxxer.hikari.HikariConfig - maximumPoolSize.................10
17:03:35.549 [Test worker] DEBUG com.zaxxer.hikari.HikariConfig - metricRegistry..................none
17:03:35.549 [Test worker] DEBUG com.zaxxer.hikari.HikariConfig - metricsTrackerFactory...........none
17:03:35.549 [Test worker] DEBUG com.zaxxer.hikari.HikariConfig - minimumIdle.....................10
17:03:35.549 [Test worker] DEBUG com.zaxxer.hikari.HikariConfig - password........................<masked>
17:03:35.549 [Test worker] DEBUG com.zaxxer.hikari.HikariConfig - poolName........................"HikariPool-17"
17:03:35.549 [Test worker] DEBUG com.zaxxer.hikari.HikariConfig - readOnly........................false
17:03:35.549 [Test worker] DEBUG com.zaxxer.hikari.HikariConfig - registerMbeans..................false
17:03:35.549 [Test worker] DEBUG com.zaxxer.hikari.HikariConfig - scheduledExecutor...............none
17:03:35.549 [Test worker] DEBUG com.zaxxer.hikari.HikariConfig - schema..........................none
17:03:35.549 [Test worker] DEBUG com.zaxxer.hikari.HikariConfig - threadFactory...................internal
17:03:35.549 [Test worker] DEBUG com.zaxxer.hikari.HikariConfig - transactionIsolation............default
17:03:35.549 [Test worker] DEBUG com.zaxxer.hikari.HikariConfig - username........................"sa"
17:03:35.549 [Test worker] DEBUG com.zaxxer.hikari.HikariConfig - validationTimeout...............5000
17:03:35.549 [Test worker] INFO com.zaxxer.hikari.HikariDataSource - HikariPool-17 - Starting...
17:03:35.550 [Test worker] DEBUG com.zaxxer.hikari.pool.HikariPool - HikariPool-17 - Added connection conn160: url=jdbc:h2:mem:testdb user=SA
17:03:35.550 [Test worker] INFO com.zaxxer.hikari.HikariDataSource - HikariPool-17 - Start completed.
17:03:35.550 [Test worker] DEBUG org.springframework.beans.factory.support.DefaultListableBeanFactory - Autowiring by type from bean name 'entityManagerFactoryBuilder' via factory method to bean named 'jpaVendorAdapter'
17:03:35.551 [Test worker] DEBUG org.springframework.beans.factory.support.DefaultListableBeanFactory - Autowiring by type from bean name 'entityManagerFactory' via factory method to bean named 'entityManagerFactoryBuilder'
17:03:35.551 [Test worker] DEBUG org.springframework.jdbc.datasource.DataSourceUtils - Fetching JDBC Connection from DataSource
17:03:35.556 [Test worker] DEBUG org.springframework.orm.jpa.LocalContainerEntityManagerFactoryBean - Building JPA container EntityManagerFactory for persistence unit 'default'
17:03:35.556 [Test worker] DEBUG org.hibernate.jpa.internal.util.LogHelper - PersistenceUnitInfo [
	name: default
	persistence provider classname: null
	classloader: jdk.internal.loader.ClassLoaders$AppClassLoader@2c13da15
	excludeUnlistedClasses: true
	JTA datasource: null
	Non JTA datasource: HikariDataSource (HikariPool-17)
	Transaction type: RESOURCE_LOCAL
	PU root URL: file:/Users/dzmitryplatonov/Desktop/workdir/giftcertificates/datasource/build/classes/java/test/
	Shared Cache Mode: UNSPECIFIED
	Validation Mode: AUTO
	Jar files URLs []
	Managed classes names [
		com.epam.esm.entity.Entity
		com.epam.esm.entity.GiftCertificate
		com.epam.esm.entity.Order
		com.epam.esm.entity.OrderCertificate
		com.epam.esm.entity.Role
		com.epam.esm.entity.Tag
		com.epam.esm.entity.User]
	Mapping files names []
	Properties []
17:03:35.556 [Test worker] DEBUG org.hibernate.integrator.internal.IntegratorServiceImpl - Adding Integrator [org.hibernate.cfg.beanvalidation.BeanValidationIntegrator].
17:03:35.556 [Test worker] DEBUG org.hibernate.integrator.internal.IntegratorServiceImpl - Adding Integrator [org.hibernate.secure.spi.JaccIntegrator].
17:03:35.556 [Test worker] DEBUG org.hibernate.integrator.internal.IntegratorServiceImpl - Adding Integrator [org.hibernate.cache.internal.CollectionCacheInvalidator].
17:03:35.557 [Test worker] DEBUG org.hibernate.service.spi.ServiceBinding - Overriding existing service binding [org.hibernate.secure.spi.JaccService]
17:03:35.558 [Test worker] DEBUG org.hibernate.cache.internal.RegionFactoryInitiator - Cannot default RegionFactory based on registered strategies as `[]` RegionFactory strategies were registered
17:03:35.558 [Test worker] DEBUG org.hibernate.cache.internal.RegionFactoryInitiator - Cache region factory : org.hibernate.cache.internal.NoCachingRegionFactory
17:03:35.558 [Test worker] DEBUG org.hibernate.type.BasicTypeRegistry - Adding type registration boolean -> org.hibernate.type.BooleanType@7a361749
17:03:35.558 [Test worker] DEBUG org.hibernate.type.BasicTypeRegistry - Adding type registration boolean -> org.hibernate.type.BooleanType@7a361749
17:03:35.558 [Test worker] DEBUG org.hibernate.type.BasicTypeRegistry - Adding type registration java.lang.Boolean -> org.hibernate.type.BooleanType@7a361749
17:03:35.558 [Test worker] DEBUG org.hibernate.type.BasicTypeRegistry - Adding type registration numeric_boolean -> org.hibernate.type.NumericBooleanType@35b10044
17:03:35.559 [Test worker] DEBUG org.hibernate.type.BasicTypeRegistry - Adding type registration true_false -> org.hibernate.type.TrueFalseType@1b7f764d
17:03:35.559 [Test worker] DEBUG org.hibernate.type.BasicTypeRegistry - Adding type registration yes_no -> org.hibernate.type.YesNoType@726eb0b7
17:03:35.559 [Test worker] DEBUG org.hibernate.type.BasicTypeRegistry - Adding type registration byte -> org.hibernate.type.ByteType@17cb58e9
17:03:35.559 [Test worker] DEBUG org.hibernate.type.BasicTypeRegistry - Adding type registration byte -> org.hibernate.type.ByteType@17cb58e9
17:03:35.559 [Test worker] DEBUG org.hibernate.type.BasicTypeRegistry - Adding type registration java.lang.Byte -> org.hibernate.type.ByteType@17cb58e9
17:03:35.559 [Test worker] DEBUG org.hibernate.type.BasicTypeRegistry - Adding type registration character -> org.hibernate.type.CharacterType@30f0ba0d
17:03:35.559 [Test worker] DEBUG org.hibernate.type.BasicTypeRegistry - Adding type registration char -> org.hibernate.type.CharacterType@30f0ba0d
17:03:35.559 [Test worker] DEBUG org.hibernate.type.BasicTypeRegistry - Adding type registration java.lang.Character -> org.hibernate.type.CharacterType@30f0ba0d
17:03:35.559 [Test worker] DEBUG org.hibernate.type.BasicTypeRegistry - Adding type registration short -> org.hibernate.type.ShortType@27eea72e
17:03:35.559 [Test worker] DEBUG org.hibernate.type.BasicTypeRegistry - Adding type registration short -> org.hibernate.type.ShortType@27eea72e
17:03:35.559 [Test worker] DEBUG org.hibernate.type.BasicTypeRegistry - Adding type registration java.lang.Short -> org.hibernate.type.ShortType@27eea72e
17:03:35.559 [Test worker] DEBUG org.hibernate.type.BasicTypeRegistry - Adding type registration integer -> org.hibernate.type.IntegerType@3e734867
17:03:35.559 [Test worker] DEBUG org.hibernate.type.BasicTypeRegistry - Adding type registration int -> org.hibernate.type.IntegerType@3e734867
17:03:35.559 [Test worker] DEBUG org.hibernate.type.BasicTypeRegistry - Adding type registration java.lang.Integer -> org.hibernate.type.IntegerType@3e734867
17:03:35.559 [Test worker] DEBUG org.hibernate.type.BasicTypeRegistry - Adding type registration long -> org.hibernate.type.LongType@10654366
17:03:35.559 [Test worker] DEBUG org.hibernate.type.BasicTypeRegistry - Adding type registration long -> org.hibernate.type.LongType@10654366
17:03:35.559 [Test worker] DEBUG org.hibernate.type.BasicTypeRegistry - Adding type registration java.lang.Long -> org.hibernate.type.LongType@10654366
17:03:35.559 [Test worker] DEBUG org.hibernate.type.BasicTypeRegistry - Adding type registration float -> org.hibernate.type.FloatType@1072c4c1
17:03:35.559 [Test worker] DEBUG org.hibernate.type.BasicTypeRegistry - Adding type registration float -> org.hibernate.type.FloatType@1072c4c1
17:03:35.559 [Test worker] DEBUG org.hibernate.type.BasicTypeRegistry - Adding type registration java.lang.Float -> org.hibernate.type.FloatType@1072c4c1
17:03:35.559 [Test worker] DEBUG org.hibernate.type.BasicTypeRegistry - Adding type registration double -> org.hibernate.type.DoubleType@383d90d3
17:03:35.559 [Test worker] DEBUG org.hibernate.type.BasicTypeRegistry - Adding type registration double -> org.hibernate.type.DoubleType@383d90d3
17:03:35.559 [Test worker] DEBUG org.hibernate.type.BasicTypeRegistry - Adding type registration java.lang.Double -> org.hibernate.type.DoubleType@383d90d3
17:03:35.559 [Test worker] DEBUG org.hibernate.type.BasicTypeRegistry - Adding type registration big_decimal -> org.hibernate.type.BigDecimalType@322ff0c5
17:03:35.559 [Test worker] DEBUG org.hibernate.type.BasicTypeRegistry - Adding type registration java.math.BigDecimal -> org.hibernate.type.BigDecimalType@322ff0c5
17:03:35.559 [Test worker] DEBUG org.hibernate.type.BasicTypeRegistry - Adding type registration big_integer -> org.hibernate.type.BigIntegerType@219d1f47
17:03:35.559 [Test worker] DEBUG org.hibernate.type.BasicTypeRegistry - Adding type registration java.math.BigInteger -> org.hibernate.type.BigIntegerType@219d1f47
17:03:35.559 [Test worker] DEBUG org.hibernate.type.BasicTypeRegistry - Adding type registration string -> org.hibernate.type.StringType@7b9aad94
17:03:35.559 [Test worker] DEBUG org.hibernate.type.BasicTypeRegistry - Adding type registration java.lang.String -> org.hibernate.type.StringType@7b9aad94
17:03:35.559 [Test worker] DEBUG org.hibernate.type.BasicTypeRegistry - Adding type registration nstring -> org.hibernate.type.StringNVarcharType@39251dc7
17:03:35.559 [Test worker] DEBUG org.hibernate.type.BasicTypeRegistry - Adding type registration ncharacter -> org.hibernate.type.CharacterNCharType@284c8f8b
17:03:35.559 [Test worker] DEBUG org.hibernate.type.BasicTypeRegistry - Adding type registration url -> org.hibernate.type.UrlType@7c5e8cdb
17:03:35.559 [Test worker] DEBUG org.hibernate.type.BasicTypeRegistry - Adding type registration java.net.URL -> org.hibernate.type.UrlType@7c5e8cdb
17:03:35.559 [Test worker] DEBUG org.hibernate.type.BasicTypeRegistry - Adding type registration Duration -> org.hibernate.type.DurationType@5502b9d6
17:03:35.559 [Test worker] DEBUG org.hibernate.type.BasicTypeRegistry - Adding type registration java.time.Duration -> org.hibernate.type.DurationType@5502b9d6
17:03:35.559 [Test worker] DEBUG org.hibernate.type.BasicTypeRegistry - Adding type registration Instant -> org.hibernate.type.InstantType@52dea51b
17:03:35.559 [Test worker] DEBUG org.hibernate.type.BasicTypeRegistry - Adding type registration java.time.Instant -> org.hibernate.type.InstantType@52dea51b
17:03:35.559 [Test worker] DEBUG org.hibernate.type.BasicTypeRegistry - Adding type registration LocalDateTime -> org.hibernate.type.LocalDateTimeType@65741b68
17:03:35.559 [Test worker] DEBUG org.hibernate.type.BasicTypeRegistry - Adding type registration java.time.LocalDateTime -> org.hibernate.type.LocalDateTimeType@65741b68
17:03:35.559 [Test worker] DEBUG org.hibernate.type.BasicTypeRegistry - Adding type registration LocalDate -> org.hibernate.type.LocalDateType@33f0f7f9
17:03:35.559 [Test worker] DEBUG org.hibernate.type.BasicTypeRegistry - Adding type registration java.time.LocalDate -> org.hibernate.type.LocalDateType@33f0f7f9
17:03:35.559 [Test worker] DEBUG org.hibernate.type.BasicTypeRegistry - Adding type registration LocalTime -> org.hibernate.type.LocalTimeType@5e875231
17:03:35.559 [Test worker] DEBUG org.hibernate.type.BasicTypeRegistry - Adding type registration java.time.LocalTime -> org.hibernate.type.LocalTimeType@5e875231
17:03:35.559 [Test worker] DEBUG org.hibernate.type.BasicTypeRegistry - Adding type registration OffsetDateTime -> org.hibernate.type.OffsetDateTimeType@e161f10
17:03:35.559 [Test worker] DEBUG org.hibernate.type.BasicTypeRegistry - Adding type registration java.time.OffsetDateTime -> org.hibernate.type.OffsetDateTimeType@e161f10
17:03:35.559 [Test worker] DEBUG org.hibernate.type.BasicTypeRegistry - Adding type registration OffsetTime -> org.hibernate.type.OffsetTimeType@1ed4e4a1
17:03:35.559 [Test worker] DEBUG org.hibernate.type.BasicTypeRegistry - Adding type registration java.time.OffsetTime -> org.hibernate.type.OffsetTimeType@1ed4e4a1
17:03:35.559 [Test worker] DEBUG org.hibernate.type.BasicTypeRegistry - Adding type registration ZonedDateTime -> org.hibernate.type.ZonedDateTimeType@1f7b3ac5
17:03:35.559 [Test worker] DEBUG org.hibernate.type.BasicTypeRegistry - Adding type registration java.time.ZonedDateTime -> org.hibernate.type.ZonedDateTimeType@1f7b3ac5
17:03:35.560 [Test worker] DEBUG org.hibernate.type.BasicTypeRegistry - Adding type registration date -> org.hibernate.type.DateType@47db9e78
17:03:35.560 [Test worker] DEBUG org.hibernate.type.BasicTypeRegistry - Adding type registration java.sql.Date -> org.hibernate.type.DateType@47db9e78
17:03:35.560 [Test worker] DEBUG org.hibernate.type.BasicTypeRegistry - Adding type registration time -> org.hibernate.type.TimeType@19cf2a46
17:03:35.560 [Test worker] DEBUG org.hibernate.type.BasicTypeRegistry - Adding type registration java.sql.Time -> org.hibernate.type.TimeType@19cf2a46
17:03:35.560 [Test worker] DEBUG org.hibernate.type.BasicTypeRegistry - Adding type registration timestamp -> org.hibernate.type.TimestampType@33cc8709
17:03:35.560 [Test worker] DEBUG org.hibernate.type.BasicTypeRegistry - Adding type registration java.sql.Timestamp -> org.hibernate.type.TimestampType@33cc8709
17:03:35.560 [Test worker] DEBUG org.hibernate.type.BasicTypeRegistry - Adding type registration java.util.Date -> org.hibernate.type.TimestampType@33cc8709
17:03:35.560 [Test worker] DEBUG org.hibernate.type.BasicTypeRegistry - Adding type registration dbtimestamp -> org.hibernate.type.DbTimestampType@4bb8bc35
17:03:35.560 [Test worker] DEBUG org.hibernate.type.BasicTypeRegistry - Adding type registration calendar -> org.hibernate.type.CalendarType@6cda5f3e
17:03:35.560 [Test worker] DEBUG org.hibernate.type.BasicTypeRegistry - Adding type registration java.util.Calendar -> org.hibernate.type.CalendarType@6cda5f3e
17:03:35.560 [Test worker] DEBUG org.hibernate.type.BasicTypeRegistry - Adding type registration java.util.GregorianCalendar -> org.hibernate.type.CalendarType@6cda5f3e
17:03:35.560 [Test worker] DEBUG org.hibernate.type.BasicTypeRegistry - Adding type registration calendar_date -> org.hibernate.type.CalendarDateType@2cf12338
17:03:35.560 [Test worker] DEBUG org.hibernate.type.BasicTypeRegistry - Adding type registration locale -> org.hibernate.type.LocaleType@5fa83fc7
17:03:35.560 [Test worker] DEBUG org.hibernate.type.BasicTypeRegistry - Adding type registration java.util.Locale -> org.hibernate.type.LocaleType@5fa83fc7
17:03:35.560 [Test worker] DEBUG org.hibernate.type.BasicTypeRegistry - Adding type registration currency -> org.hibernate.type.CurrencyType@7198d6af
17:03:35.560 [Test worker] DEBUG org.hibernate.type.BasicTypeRegistry - Adding type registration java.util.Currency -> org.hibernate.type.CurrencyType@7198d6af
17:03:35.560 [Test worker] DEBUG org.hibernate.type.BasicTypeRegistry - Adding type registration timezone -> org.hibernate.type.TimeZoneType@5db6acf5
17:03:35.560 [Test worker] DEBUG org.hibernate.type.BasicTypeRegistry - Adding type registration java.util.TimeZone -> org.hibernate.type.TimeZoneType@5db6acf5
17:03:35.560 [Test worker] DEBUG org.hibernate.type.BasicTypeRegistry - Adding type registration class -> org.hibernate.type.ClassType@11e7b123
17:03:35.560 [Test worker] DEBUG org.hibernate.type.BasicTypeRegistry - Adding type registration java.lang.Class -> org.hibernate.type.ClassType@11e7b123
17:03:35.560 [Test worker] DEBUG org.hibernate.type.BasicTypeRegistry - Adding type registration uuid-binary -> org.hibernate.type.UUIDBinaryType@515d21bc
17:03:35.560 [Test worker] DEBUG org.hibernate.type.BasicTypeRegistry - Adding type registration java.util.UUID -> org.hibernate.type.UUIDBinaryType@515d21bc
17:03:35.560 [Test worker] DEBUG org.hibernate.type.BasicTypeRegistry - Adding type registration uuid-char -> org.hibernate.type.UUIDCharType@774ef163
17:03:35.560 [Test worker] DEBUG org.hibernate.type.BasicTypeRegistry - Adding type registration binary -> org.hibernate.type.BinaryType@5f00df0f
17:03:35.560 [Test worker] DEBUG org.hibernate.type.BasicTypeRegistry - Adding type registration byte[] -> org.hibernate.type.BinaryType@5f00df0f
17:03:35.560 [Test worker] DEBUG org.hibernate.type.BasicTypeRegistry - Adding type registration [B -> org.hibernate.type.BinaryType@5f00df0f
17:03:35.560 [Test worker] DEBUG org.hibernate.type.BasicTypeRegistry - Adding type registration wrapper-binary -> org.hibernate.type.WrapperBinaryType@1c4b0916
17:03:35.560 [Test worker] DEBUG org.hibernate.type.BasicTypeRegistry - Adding type registration Byte[] -> org.hibernate.type.WrapperBinaryType@1c4b0916
17:03:35.560 [Test worker] DEBUG org.hibernate.type.BasicTypeRegistry - Adding type registration [Ljava.lang.Byte; -> org.hibernate.type.WrapperBinaryType@1c4b0916
17:03:35.560 [Test worker] DEBUG org.hibernate.type.BasicTypeRegistry - Adding type registration row_version -> org.hibernate.type.RowVersionType@5a9358d7
17:03:35.560 [Test worker] DEBUG org.hibernate.type.BasicTypeRegistry - Adding type registration image -> org.hibernate.type.ImageType@b08df66
17:03:35.560 [Test worker] DEBUG org.hibernate.type.BasicTypeRegistry - Adding type registration characters -> org.hibernate.type.CharArrayType@69a415e0
17:03:35.560 [Test worker] DEBUG org.hibernate.type.BasicTypeRegistry - Adding type registration char[] -> org.hibernate.type.CharArrayType@69a415e0
17:03:35.560 [Test worker] DEBUG org.hibernate.type.BasicTypeRegistry - Adding type registration [C -> org.hibernate.type.CharArrayType@69a415e0
17:03:35.560 [Test worker] DEBUG org.hibernate.type.BasicTypeRegistry - Adding type registration wrapper-characters -> org.hibernate.type.CharacterArrayType@2e189552
17:03:35.560 [Test worker] DEBUG org.hibernate.type.BasicTypeRegistry - Adding type registration [Ljava.lang.Character; -> org.hibernate.type.CharacterArrayType@2e189552
17:03:35.560 [Test worker] DEBUG org.hibernate.type.BasicTypeRegistry - Adding type registration Character[] -> org.hibernate.type.CharacterArrayType@2e189552
17:03:35.560 [Test worker] DEBUG org.hibernate.type.BasicTypeRegistry - Adding type registration text -> org.hibernate.type.TextType@3bb4f48d
17:03:35.561 [Test worker] DEBUG org.hibernate.type.BasicTypeRegistry - Adding type registration ntext -> org.hibernate.type.NTextType@7fc44815
17:03:35.561 [Test worker] DEBUG org.hibernate.type.BasicTypeRegistry - Adding type registration blob -> org.hibernate.type.BlobType@70984021
17:03:35.561 [Test worker] DEBUG org.hibernate.type.BasicTypeRegistry - Adding type registration java.sql.Blob -> org.hibernate.type.BlobType@70984021
17:03:35.561 [Test worker] DEBUG org.hibernate.type.BasicTypeRegistry - Adding type registration materialized_blob -> org.hibernate.type.MaterializedBlobType@7b392ea8
17:03:35.561 [Test worker] DEBUG org.hibernate.type.BasicTypeRegistry - Adding type registration clob -> org.hibernate.type.ClobType@249973df
17:03:35.561 [Test worker] DEBUG org.hibernate.type.BasicTypeRegistry - Adding type registration java.sql.Clob -> org.hibernate.type.ClobType@249973df
17:03:35.561 [Test worker] DEBUG org.hibernate.type.BasicTypeRegistry - Adding type registration nclob -> org.hibernate.type.NClobType@993bb9e
17:03:35.561 [Test worker] DEBUG org.hibernate.type.BasicTypeRegistry - Adding type registration java.sql.NClob -> org.hibernate.type.NClobType@993bb9e
17:03:35.561 [Test worker] DEBUG org.hibernate.type.BasicTypeRegistry - Adding type registration materialized_clob -> org.hibernate.type.MaterializedClobType@5eddde51
17:03:35.561 [Test worker] DEBUG org.hibernate.type.BasicTypeRegistry - Adding type registration materialized_nclob -> org.hibernate.type.MaterializedNClobType@20503ff1
17:03:35.561 [Test worker] DEBUG org.hibernate.type.BasicTypeRegistry - Adding type registration serializable -> org.hibernate.type.SerializableType@11fb506a
17:03:35.561 [Test worker] DEBUG org.hibernate.type.BasicTypeRegistry - Adding type registration object -> org.hibernate.type.ObjectType@40b10f8c
17:03:35.561 [Test worker] DEBUG org.hibernate.type.BasicTypeRegistry - Adding type registration java.lang.Object -> org.hibernate.type.ObjectType@40b10f8c
17:03:35.561 [Test worker] DEBUG org.hibernate.type.BasicTypeRegistry - Adding type registration imm_date -> org.hibernate.type.AdaptedImmutableType@6e7ec073
17:03:35.561 [Test worker] DEBUG org.hibernate.type.BasicTypeRegistry - Adding type registration imm_time -> org.hibernate.type.AdaptedImmutableType@c6815ba
17:03:35.561 [Test worker] DEBUG org.hibernate.type.BasicTypeRegistry - Adding type registration imm_timestamp -> org.hibernate.type.AdaptedImmutableType@771e595e
17:03:35.561 [Test worker] DEBUG org.hibernate.type.BasicTypeRegistry - Adding type registration imm_dbtimestamp -> org.hibernate.type.AdaptedImmutableType@12b828ce
17:03:35.561 [Test worker] DEBUG org.hibernate.type.BasicTypeRegistry - Adding type registration imm_calendar -> org.hibernate.type.AdaptedImmutableType@a5d0fb2
17:03:35.561 [Test worker] DEBUG org.hibernate.type.BasicTypeRegistry - Adding type registration imm_calendar_date -> org.hibernate.type.AdaptedImmutableType@46541e86
17:03:35.561 [Test worker] DEBUG org.hibernate.type.BasicTypeRegistry - Adding type registration imm_binary -> org.hibernate.type.AdaptedImmutableType@43856bbb
17:03:35.561 [Test worker] DEBUG org.hibernate.type.BasicTypeRegistry - Adding type registration imm_serializable -> org.hibernate.type.AdaptedImmutableType@10a8c55d
17:03:35.562 [Test worker] DEBUG org.hibernate.boot.internal.BootstrapContextImpl - Injecting JPA temp ClassLoader [org.springframework.instrument.classloading.SimpleThrowawayClassLoader@14acf890] into BootstrapContext; was [null]
17:03:35.562 [Test worker] DEBUG org.hibernate.boot.internal.ClassLoaderAccessImpl - ClassLoaderAccessImpl#injectTempClassLoader(org.springframework.instrument.classloading.SimpleThrowawayClassLoader@14acf890) [was null]
17:03:35.562 [Test worker] DEBUG org.hibernate.boot.internal.BootstrapContextImpl - Injecting ScanEnvironment [org.hibernate.jpa.boot.internal.StandardJpaScanEnvironmentImpl@7c1c910d] into BootstrapContext; was [null]
17:03:35.562 [Test worker] DEBUG org.hibernate.boot.internal.BootstrapContextImpl - Injecting ScanOptions [org.hibernate.boot.archive.scan.internal.StandardScanOptions@2a4831fe] into BootstrapContext; was [org.hibernate.boot.archive.scan.internal.StandardScanOptions@b40cd92]
17:03:35.564 [Test worker] DEBUG org.hibernate.boot.internal.BootstrapContextImpl - Injecting JPA temp ClassLoader [null] into BootstrapContext; was [org.springframework.instrument.classloading.SimpleThrowawayClassLoader@14acf890]
17:03:35.564 [Test worker] DEBUG org.hibernate.boot.internal.ClassLoaderAccessImpl - ClassLoaderAccessImpl#injectTempClassLoader(null) [was org.springframework.instrument.classloading.SimpleThrowawayClassLoader@14acf890]
17:03:35.564 [Test worker] DEBUG org.hibernate.id.factory.internal.DefaultIdentifierGeneratorFactory - Registering IdentifierGenerator strategy [uuid2] -> [org.hibernate.id.UUIDGenerator]
17:03:35.564 [Test worker] DEBUG org.hibernate.id.factory.internal.DefaultIdentifierGeneratorFactory - Registering IdentifierGenerator strategy [guid] -> [org.hibernate.id.GUIDGenerator]
17:03:35.564 [Test worker] DEBUG org.hibernate.id.factory.internal.DefaultIdentifierGeneratorFactory - Registering IdentifierGenerator strategy [uuid] -> [org.hibernate.id.UUIDHexGenerator]
17:03:35.564 [Test worker] DEBUG org.hibernate.id.factory.internal.DefaultIdentifierGeneratorFactory - Registering IdentifierGenerator strategy [uuid.hex] -> [org.hibernate.id.UUIDHexGenerator]
17:03:35.564 [Test worker] DEBUG org.hibernate.id.factory.internal.DefaultIdentifierGeneratorFactory - Registering IdentifierGenerator strategy [assigned] -> [org.hibernate.id.Assigned]
17:03:35.564 [Test worker] DEBUG org.hibernate.id.factory.internal.DefaultIdentifierGeneratorFactory - Registering IdentifierGenerator strategy [identity] -> [org.hibernate.id.IdentityGenerator]
17:03:35.564 [Test worker] DEBUG org.hibernate.id.factory.internal.DefaultIdentifierGeneratorFactory - Registering IdentifierGenerator strategy [select] -> [org.hibernate.id.SelectGenerator]
17:03:35.564 [Test worker] DEBUG org.hibernate.id.factory.internal.DefaultIdentifierGeneratorFactory - Registering IdentifierGenerator strategy [sequence] -> [org.hibernate.id.enhanced.SequenceStyleGenerator]
17:03:35.564 [Test worker] DEBUG org.hibernate.id.factory.internal.DefaultIdentifierGeneratorFactory - Registering IdentifierGenerator strategy [seqhilo] -> [org.hibernate.id.SequenceHiLoGenerator]
17:03:35.564 [Test worker] DEBUG org.hibernate.id.factory.internal.DefaultIdentifierGeneratorFactory - Registering IdentifierGenerator strategy [increment] -> [org.hibernate.id.IncrementGenerator]
17:03:35.564 [Test worker] DEBUG org.hibernate.id.factory.internal.DefaultIdentifierGeneratorFactory - Registering IdentifierGenerator strategy [foreign] -> [org.hibernate.id.ForeignGenerator]
17:03:35.564 [Test worker] DEBUG org.hibernate.id.factory.internal.DefaultIdentifierGeneratorFactory - Registering IdentifierGenerator strategy [sequence-identity] -> [org.hibernate.id.SequenceIdentityGenerator]
17:03:35.564 [Test worker] DEBUG org.hibernate.id.factory.internal.DefaultIdentifierGeneratorFactory - Registering IdentifierGenerator strategy [enhanced-sequence] -> [org.hibernate.id.enhanced.SequenceStyleGenerator]
17:03:35.564 [Test worker] DEBUG org.hibernate.id.factory.internal.DefaultIdentifierGeneratorFactory - Registering IdentifierGenerator strategy [enhanced-table] -> [org.hibernate.id.enhanced.TableGenerator]
17:03:35.565 [Test worker] DEBUG org.hibernate.engine.jdbc.env.internal.JdbcEnvironmentInitiator - Database ->
       name : H2
    version : 1.4.197 (2018-03-18)
      major : 1
      minor : 4
17:03:35.565 [Test worker] DEBUG org.hibernate.engine.jdbc.env.internal.JdbcEnvironmentInitiator - Driver ->
       name : H2 JDBC Driver
    version : 1.4.197 (2018-03-18)
      major : 1
      minor : 4
17:03:35.565 [Test worker] DEBUG org.hibernate.engine.jdbc.env.internal.JdbcEnvironmentInitiator - JDBC version : 4.0
17:03:35.565 [Test worker] INFO org.hibernate.dialect.Dialect - HHH000400: Using dialect: org.hibernate.dialect.H2Dialect
17:03:35.567 [Test worker] DEBUG org.hibernate.boot.model.relational.Namespace - Created database namespace [logicalName=Name{catalog=null, schema=null}, physicalName=Name{catalog=null, schema=null}]
17:03:35.568 [Test worker] DEBUG org.hibernate.type.spi.TypeConfiguration$Scope - Scoping TypeConfiguration [org.hibernate.type.spi.TypeConfiguration@368e87a4] to MetadataBuildingContext [org.hibernate.boot.internal.MetadataBuildingContextRootImpl@7cb0495]
17:03:35.568 [Test worker] DEBUG org.hibernate.cfg.AnnotationBinder - Binding entity from annotated class: com.epam.esm.entity.Entity
17:03:35.568 [Test worker] DEBUG org.hibernate.cfg.Ejb3Column - Binding column: Ejb3DiscriminatorColumn{logicalColumnName'DTYPE', discriminatorTypeName='string'}
17:03:35.568 [Test worker] DEBUG org.hibernate.cfg.annotations.EntityBinder - Import with entity name Entity
17:03:35.568 [Test worker] DEBUG org.hibernate.cfg.annotations.EntityBinder - Bind entity com.epam.esm.entity.Entity on table entity
17:03:35.568 [Test worker] DEBUG org.hibernate.cfg.Ejb3Column - Binding column: Ejb3Column{table=org.hibernate.mapping.Table(entity), mappingColumn=id, insertable=true, updatable=true, unique=false}
17:03:35.568 [Test worker] DEBUG org.hibernate.cfg.annotations.PropertyBinder - MetadataSourceProcessor property id with lazy=false
17:03:35.569 [Test worker] DEBUG org.hibernate.cfg.AbstractPropertyHolder - Attempting to locate auto-apply AttributeConverter for property [com.epam.esm.entity.Entity:id]
17:03:35.569 [Test worker] DEBUG org.hibernate.cfg.annotations.SimpleValueBinder - building SimpleValue for id
17:03:35.569 [Test worker] DEBUG org.hibernate.cfg.annotations.PropertyBinder - Building property id
17:03:35.569 [Test worker] DEBUG org.hibernate.cfg.BinderHelper - #makeIdGenerator(org.hibernate.mapping.SimpleValue([org.hibernate.mapping.Column(id)]), id, identity, , ...)
17:03:35.569 [Test worker] DEBUG org.hibernate.cfg.AnnotationBinder - Binding entity from annotated class: com.epam.esm.entity.GiftCertificate
17:03:35.569 [Test worker] DEBUG org.hibernate.cfg.Ejb3Column - Binding column: Ejb3DiscriminatorColumn{logicalColumnName'DTYPE', discriminatorTypeName='string'}
17:03:35.569 [Test worker] DEBUG org.hibernate.cfg.annotations.EntityBinder - Import with entity name GiftCertificate
17:03:35.569 [Test worker] DEBUG org.hibernate.cfg.annotations.EntityBinder - Bind entity com.epam.esm.entity.GiftCertificate on table certificate
17:03:35.569 [Test worker] DEBUG org.hibernate.cfg.Ejb3Column - Binding column: Ejb3Column{table=org.hibernate.mapping.Table(certificate), mappingColumn=id, insertable=true, updatable=true, unique=false}
17:03:35.570 [Test worker] DEBUG org.hibernate.cfg.annotations.PropertyBinder - MetadataSourceProcessor property id with lazy=false
17:03:35.570 [Test worker] DEBUG org.hibernate.cfg.AbstractPropertyHolder - Attempting to locate auto-apply AttributeConverter for property [com.epam.esm.entity.GiftCertificate:id]
17:03:35.570 [Test worker] DEBUG org.hibernate.cfg.annotations.SimpleValueBinder - building SimpleValue for id
17:03:35.570 [Test worker] DEBUG org.hibernate.cfg.annotations.PropertyBinder - Building property id
17:03:35.570 [Test worker] DEBUG org.hibernate.cfg.BinderHelper - #makeIdGenerator(org.hibernate.mapping.SimpleValue([org.hibernate.mapping.Column(id)]), id, identity, , ...)
17:03:35.570 [Test worker] DEBUG org.hibernate.cfg.Ejb3Column - Binding column: Ejb3Column{table=org.hibernate.mapping.Table(certificate), mappingColumn=active_status, insertable=true, updatable=true, unique=false}
17:03:35.570 [Test worker] DEBUG org.hibernate.cfg.annotations.PropertyBinder - MetadataSourceProcessor property activeStatus with lazy=false
17:03:35.570 [Test worker] DEBUG org.hibernate.cfg.AbstractPropertyHolder - Attempting to locate auto-apply AttributeConverter for property [com.epam.esm.entity.GiftCertificate:activeStatus]
17:03:35.570 [Test worker] DEBUG org.hibernate.cfg.annotations.SimpleValueBinder - building SimpleValue for activeStatus
17:03:35.570 [Test worker] DEBUG org.hibernate.cfg.annotations.PropertyBinder - Building property activeStatus
17:03:35.570 [Test worker] DEBUG org.hibernate.cfg.Ejb3Column - Binding column: Ejb3Column{table=org.hibernate.mapping.Table(certificate), mappingColumn=creation_date, insertable=true, updatable=true, unique=false}
17:03:35.570 [Test worker] DEBUG org.hibernate.cfg.annotations.PropertyBinder - MetadataSourceProcessor property creationDate with lazy=false
17:03:35.570 [Test worker] DEBUG org.hibernate.cfg.AbstractPropertyHolder - Attempting to locate auto-apply AttributeConverter for property [com.epam.esm.entity.GiftCertificate:creationDate]
17:03:35.570 [Test worker] DEBUG org.hibernate.cfg.annotations.SimpleValueBinder - building SimpleValue for creationDate
17:03:35.570 [Test worker] DEBUG org.hibernate.cfg.annotations.PropertyBinder - Building property creationDate
17:03:35.570 [Test worker] DEBUG org.hibernate.cfg.Ejb3Column - Binding column: Ejb3Column{table=org.hibernate.mapping.Table(certificate), mappingColumn=description, insertable=true, updatable=true, unique=false}
17:03:35.570 [Test worker] DEBUG org.hibernate.cfg.annotations.PropertyBinder - MetadataSourceProcessor property description with lazy=false
17:03:35.570 [Test worker] DEBUG org.hibernate.cfg.AbstractPropertyHolder - Attempting to locate auto-apply AttributeConverter for property [com.epam.esm.entity.GiftCertificate:description]
17:03:35.571 [Test worker] DEBUG org.hibernate.cfg.annotations.SimpleValueBinder - building SimpleValue for description
17:03:35.571 [Test worker] DEBUG org.hibernate.cfg.annotations.PropertyBinder - Building property description
17:03:35.571 [Test worker] DEBUG org.hibernate.cfg.Ejb3Column - Binding column: Ejb3Column{table=org.hibernate.mapping.Table(certificate), mappingColumn=expiration_date, insertable=true, updatable=true, unique=false}
17:03:35.571 [Test worker] DEBUG org.hibernate.cfg.annotations.PropertyBinder - MetadataSourceProcessor property expirationDate with lazy=false
17:03:35.571 [Test worker] DEBUG org.hibernate.cfg.AbstractPropertyHolder - Attempting to locate auto-apply AttributeConverter for property [com.epam.esm.entity.GiftCertificate:expirationDate]
17:03:35.571 [Test worker] DEBUG org.hibernate.cfg.annotations.SimpleValueBinder - building SimpleValue for expirationDate
17:03:35.571 [Test worker] DEBUG org.hibernate.cfg.annotations.PropertyBinder - Building property expirationDate
17:03:35.571 [Test worker] DEBUG org.hibernate.cfg.Ejb3Column - Binding column: Ejb3Column{table=org.hibernate.mapping.Table(certificate), mappingColumn=modification_date, insertable=true, updatable=true, unique=false}
17:03:35.571 [Test worker] DEBUG org.hibernate.cfg.annotations.PropertyBinder - MetadataSourceProcessor property modificationDate with lazy=false
17:03:35.571 [Test worker] DEBUG org.hibernate.cfg.AbstractPropertyHolder - Attempting to locate auto-apply AttributeConverter for property [com.epam.esm.entity.GiftCertificate:modificationDate]
17:03:35.571 [Test worker] DEBUG org.hibernate.cfg.annotations.SimpleValueBinder - building SimpleValue for modificationDate
17:03:35.571 [Test worker] DEBUG org.hibernate.cfg.annotations.PropertyBinder - Building property modificationDate
17:03:35.571 [Test worker] DEBUG org.hibernate.cfg.Ejb3Column - Binding column: Ejb3Column{table=org.hibernate.mapping.Table(certificate), mappingColumn=name, insertable=true, updatable=true, unique=false}
17:03:35.571 [Test worker] DEBUG org.hibernate.cfg.annotations.PropertyBinder - MetadataSourceProcessor property name with lazy=false
17:03:35.571 [Test worker] DEBUG org.hibernate.cfg.AbstractPropertyHolder - Attempting to locate auto-apply AttributeConverter for property [com.epam.esm.entity.GiftCertificate:name]
17:03:35.571 [Test worker] DEBUG org.hibernate.cfg.annotations.SimpleValueBinder - building SimpleValue for name
17:03:35.571 [Test worker] DEBUG org.hibernate.cfg.annotations.PropertyBinder - Building property name
17:03:35.571 [Test worker] DEBUG org.hibernate.cfg.Ejb3Column - Binding column: Ejb3JoinColumn{logicalColumnName='null', referencedColumn='null', mappedBy='certificate'}
17:03:35.571 [Test worker] DEBUG org.hibernate.cfg.Ejb3Column - Binding column: Ejb3Column{table=org.hibernate.mapping.Table(certificate), mappingColumn=order_certificates, insertable=true, updatable=true, unique=false}
17:03:35.571 [Test worker] DEBUG org.hibernate.cfg.Ejb3Column - Binding column: Ejb3Column{table=org.hibernate.mapping.Table(certificate), mappingColumn=null, insertable=true, updatable=true, unique=false}
17:03:35.571 [Test worker] DEBUG org.hibernate.cfg.Ejb3Column - Binding column: Ejb3Column{table=org.hibernate.mapping.Table(certificate), mappingColumn=element, insertable=true, updatable=true, unique=false}
17:03:35.571 [Test worker] DEBUG org.hibernate.cfg.Ejb3Column - Binding column: Ejb3Column{table=org.hibernate.mapping.Table(certificate), mappingColumn=order_certificates_key, insertable=true, updatable=true, unique=false}
17:03:35.571 [Test worker] DEBUG org.hibernate.cfg.Ejb3Column - Binding column: Ejb3JoinColumn{logicalColumnName='orderCertificates_KEY', referencedColumn='null', mappedBy='null'}
17:03:35.572 [Test worker] DEBUG org.hibernate.cfg.Ejb3Column - Binding column: Ejb3JoinColumn{logicalColumnName='null', referencedColumn='null', mappedBy='certificate'}
17:03:35.572 [Test worker] DEBUG org.hibernate.cfg.Ejb3Column - Binding column: Ejb3JoinColumn{logicalColumnName='null', referencedColumn='null', mappedBy='certificate'}
17:03:35.572 [Test worker] DEBUG org.hibernate.cfg.annotations.CollectionBinder - Collection role: com.epam.esm.entity.GiftCertificate.orderCertificates
17:03:35.572 [Test worker] DEBUG org.hibernate.cfg.annotations.PropertyBinder - Building property orderCertificates
17:03:35.572 [Test worker] DEBUG org.hibernate.cfg.Ejb3Column - Binding column: Ejb3Column{table=org.hibernate.mapping.Table(certificate), mappingColumn=price, insertable=true, updatable=true, unique=false}
17:03:35.572 [Test worker] DEBUG org.hibernate.cfg.annotations.PropertyBinder - MetadataSourceProcessor property price with lazy=false
17:03:35.572 [Test worker] DEBUG org.hibernate.cfg.AbstractPropertyHolder - Attempting to locate auto-apply AttributeConverter for property [com.epam.esm.entity.GiftCertificate:price]
17:03:35.572 [Test worker] DEBUG org.hibernate.cfg.annotations.SimpleValueBinder - building SimpleValue for price
17:03:35.572 [Test worker] DEBUG org.hibernate.cfg.annotations.PropertyBinder - Building property price
17:03:35.572 [Test worker] DEBUG org.hibernate.cfg.Ejb3Column - Binding column: Ejb3Column{table=org.hibernate.mapping.Table(certificate), mappingColumn=null, insertable=true, updatable=true, unique=false}
17:03:35.572 [Test worker] DEBUG org.hibernate.cfg.Ejb3Column - Binding column: Ejb3Column{table=org.hibernate.mapping.Table(certificate), mappingColumn=element, insertable=true, updatable=true, unique=false}
17:03:35.572 [Test worker] DEBUG org.hibernate.cfg.Ejb3Column - Binding column: Ejb3Column{table=org.hibernate.mapping.Table(certificate), mappingColumn=tags_key, insertable=true, updatable=true, unique=false}
17:03:35.572 [Test worker] DEBUG org.hibernate.cfg.Ejb3Column - Binding column: Ejb3JoinColumn{logicalColumnName='tags_KEY', referencedColumn='null', mappedBy='null'}
17:03:35.572 [Test worker] DEBUG org.hibernate.cfg.Ejb3Column - Binding column: Ejb3JoinColumn{logicalColumnName='certificate_id', referencedColumn='', mappedBy=''}
17:03:35.572 [Test worker] DEBUG org.hibernate.cfg.Ejb3Column - Binding column: Ejb3JoinColumn{logicalColumnName='tag_id', referencedColumn='', mappedBy=''}
17:03:35.572 [Test worker] DEBUG org.hibernate.cfg.annotations.CollectionBinder - Collection role: com.epam.esm.entity.GiftCertificate.tags
17:03:35.572 [Test worker] DEBUG org.hibernate.cfg.annotations.PropertyBinder - Building property tags
17:03:35.572 [Test worker] DEBUG org.hibernate.cfg.AnnotationBinder - Binding entity from annotated class: com.epam.esm.entity.Order
17:03:35.572 [Test worker] DEBUG org.hibernate.cfg.Ejb3Column - Binding column: Ejb3DiscriminatorColumn{logicalColumnName'DTYPE', discriminatorTypeName='string'}
17:03:35.572 [Test worker] DEBUG org.hibernate.cfg.annotations.EntityBinder - Import with entity name Order
17:03:35.573 [Test worker] DEBUG org.hibernate.cfg.annotations.EntityBinder - Bind entity com.epam.esm.entity.Order on table application_order
17:03:35.573 [Test worker] DEBUG org.hibernate.cfg.Ejb3Column - Binding column: Ejb3Column{table=org.hibernate.mapping.Table(application_order), mappingColumn=id, insertable=true, updatable=true, unique=false}
17:03:35.573 [Test worker] DEBUG org.hibernate.cfg.annotations.PropertyBinder - MetadataSourceProcessor property id with lazy=false
17:03:35.573 [Test worker] DEBUG org.hibernate.cfg.AbstractPropertyHolder - Attempting to locate auto-apply AttributeConverter for property [com.epam.esm.entity.Order:id]
17:03:35.573 [Test worker] DEBUG org.hibernate.cfg.annotations.SimpleValueBinder - building SimpleValue for id
17:03:35.573 [Test worker] DEBUG org.hibernate.cfg.annotations.PropertyBinder - Building property id
17:03:35.573 [Test worker] DEBUG org.hibernate.cfg.BinderHelper - #makeIdGenerator(org.hibernate.mapping.SimpleValue([org.hibernate.mapping.Column(id)]), id, identity, , ...)
17:03:35.573 [Test worker] DEBUG org.hibernate.cfg.Ejb3Column - Binding column: Ejb3Column{table=org.hibernate.mapping.Table(application_order), mappingColumn=active_status, insertable=true, updatable=true, unique=false}
17:03:35.573 [Test worker] DEBUG org.hibernate.cfg.annotations.PropertyBinder - MetadataSourceProcessor property activeStatus with lazy=false
17:03:35.573 [Test worker] DEBUG org.hibernate.cfg.AbstractPropertyHolder - Attempting to locate auto-apply AttributeConverter for property [com.epam.esm.entity.Order:activeStatus]
17:03:35.573 [Test worker] DEBUG org.hibernate.cfg.annotations.SimpleValueBinder - building SimpleValue for activeStatus
17:03:35.573 [Test worker] DEBUG org.hibernate.cfg.annotations.PropertyBinder - Building property activeStatus
17:03:35.573 [Test worker] DEBUG org.hibernate.cfg.Ejb3Column - Binding column: Ejb3Column{table=org.hibernate.mapping.Table(application_order), mappingColumn=created_at, insertable=true, updatable=true, unique=false}
17:03:35.573 [Test worker] DEBUG org.hibernate.cfg.annotations.PropertyBinder - MetadataSourceProcessor property createdAt with lazy=false
17:03:35.574 [Test worker] DEBUG org.hibernate.cfg.AbstractPropertyHolder - Attempting to locate auto-apply AttributeConverter for property [com.epam.esm.entity.Order:createdAt]
17:03:35.574 [Test worker] DEBUG org.hibernate.cfg.annotations.SimpleValueBinder - building SimpleValue for createdAt
17:03:35.574 [Test worker] DEBUG org.hibernate.cfg.annotations.PropertyBinder - Building property createdAt
17:03:35.574 [Test worker] DEBUG org.hibernate.cfg.Ejb3Column - Binding column: Ejb3JoinColumn{logicalColumnName='null', referencedColumn='null', mappedBy='order'}
17:03:35.574 [Test worker] DEBUG org.hibernate.cfg.Ejb3Column - Binding column: Ejb3Column{table=org.hibernate.mapping.Table(application_order), mappingColumn=order_certificates, insertable=true, updatable=true, unique=false}
17:03:35.574 [Test worker] DEBUG org.hibernate.cfg.Ejb3Column - Binding column: Ejb3Column{table=org.hibernate.mapping.Table(application_order), mappingColumn=null, insertable=true, updatable=true, unique=false}
17:03:35.574 [Test worker] DEBUG org.hibernate.cfg.Ejb3Column - Binding column: Ejb3Column{table=org.hibernate.mapping.Table(application_order), mappingColumn=element, insertable=true, updatable=true, unique=false}
17:03:35.574 [Test worker] DEBUG org.hibernate.cfg.Ejb3Column - Binding column: Ejb3Column{table=org.hibernate.mapping.Table(application_order), mappingColumn=order_certificates_key, insertable=true, updatable=true, unique=false}
17:03:35.574 [Test worker] DEBUG org.hibernate.cfg.Ejb3Column - Binding column: Ejb3JoinColumn{logicalColumnName='orderCertificates_KEY', referencedColumn='null', mappedBy='null'}
17:03:35.574 [Test worker] DEBUG org.hibernate.cfg.Ejb3Column - Binding column: Ejb3JoinColumn{logicalColumnName='null', referencedColumn='null', mappedBy='order'}
17:03:35.574 [Test worker] DEBUG org.hibernate.cfg.Ejb3Column - Binding column: Ejb3JoinColumn{logicalColumnName='null', referencedColumn='null', mappedBy='order'}
17:03:35.574 [Test worker] DEBUG org.hibernate.cfg.annotations.CollectionBinder - Collection role: com.epam.esm.entity.Order.orderCertificates
17:03:35.574 [Test worker] DEBUG org.hibernate.cfg.annotations.PropertyBinder - Building property orderCertificates
17:03:35.574 [Test worker] DEBUG org.hibernate.cfg.Ejb3Column - Binding column: Ejb3JoinColumn{logicalColumnName='user_id', referencedColumn='', mappedBy=''}
17:03:35.574 [Test worker] DEBUG org.hibernate.cfg.Ejb3Column - Binding column: Ejb3Column{table=org.hibernate.mapping.Table(application_order), mappingColumn=user, insertable=true, updatable=true, unique=false}
17:03:35.574 [Test worker] DEBUG org.hibernate.cfg.annotations.PropertyBinder - Building property user
17:03:35.574 [Test worker] DEBUG org.hibernate.cfg.AnnotationBinder - Binding entity from annotated class: com.epam.esm.entity.OrderCertificate
17:03:35.575 [Test worker] DEBUG org.hibernate.cfg.Ejb3Column - Binding column: Ejb3DiscriminatorColumn{logicalColumnName'DTYPE', discriminatorTypeName='string'}
17:03:35.575 [Test worker] DEBUG org.hibernate.cfg.annotations.EntityBinder - Import with entity name OrderCertificate
17:03:35.575 [Test worker] DEBUG org.hibernate.cfg.annotations.EntityBinder - Bind entity com.epam.esm.entity.OrderCertificate on table order_certificate
17:03:35.575 [Test worker] DEBUG org.hibernate.cfg.Ejb3Column - Binding column: Ejb3Column{table=org.hibernate.mapping.Table(order_certificate), mappingColumn=id, insertable=true, updatable=true, unique=false}
17:03:35.575 [Test worker] DEBUG org.hibernate.cfg.annotations.PropertyBinder - MetadataSourceProcessor property id with lazy=false
17:03:35.575 [Test worker] DEBUG org.hibernate.cfg.AbstractPropertyHolder - Attempting to locate auto-apply AttributeConverter for property [com.epam.esm.entity.OrderCertificate:id]
17:03:35.575 [Test worker] DEBUG org.hibernate.cfg.annotations.SimpleValueBinder - building SimpleValue for id
17:03:35.575 [Test worker] DEBUG org.hibernate.cfg.annotations.PropertyBinder - Building property id
17:03:35.575 [Test worker] DEBUG org.hibernate.cfg.BinderHelper - #makeIdGenerator(org.hibernate.mapping.SimpleValue([org.hibernate.mapping.Column(id)]), id, identity, , ...)
17:03:35.575 [Test worker] DEBUG org.hibernate.cfg.Ejb3Column - Binding column: Ejb3JoinColumn{logicalColumnName='null', referencedColumn='', mappedBy=''}
17:03:35.575 [Test worker] DEBUG org.hibernate.cfg.Ejb3Column - Binding column: Ejb3Column{table=org.hibernate.mapping.Table(order_certificate), mappingColumn=certificate, insertable=true, updatable=true, unique=false}
17:03:35.575 [Test worker] DEBUG org.hibernate.cfg.annotations.PropertyBinder - Building property certificate
17:03:35.575 [Test worker] DEBUG org.hibernate.cfg.Ejb3Column - Binding column: Ejb3Column{table=org.hibernate.mapping.Table(order_certificate), mappingColumn=expiration_date, insertable=true, updatable=true, unique=false}
17:03:35.576 [Test worker] DEBUG org.hibernate.cfg.annotations.PropertyBinder - MetadataSourceProcessor property expirationDate with lazy=false
17:03:35.576 [Test worker] DEBUG org.hibernate.cfg.AbstractPropertyHolder - Attempting to locate auto-apply AttributeConverter for property [com.epam.esm.entity.OrderCertificate:expirationDate]
17:03:35.576 [Test worker] DEBUG org.hibernate.cfg.annotations.SimpleValueBinder - building SimpleValue for expirationDate
17:03:35.576 [Test worker] DEBUG org.hibernate.cfg.annotations.PropertyBinder - Building property expirationDate
17:03:35.576 [Test worker] DEBUG org.hibernate.cfg.Ejb3Column - Binding column: Ejb3Column{table=org.hibernate.mapping.Table(order_certificate), mappingColumn=fixed_price, insertable=true, updatable=true, unique=false}
17:03:35.576 [Test worker] DEBUG org.hibernate.cfg.annotations.PropertyBinder - MetadataSourceProcessor property fixedPrice with lazy=false
17:03:35.576 [Test worker] DEBUG org.hibernate.cfg.AbstractPropertyHolder - Attempting to locate auto-apply AttributeConverter for property [com.epam.esm.entity.OrderCertificate:fixedPrice]
17:03:35.576 [Test worker] DEBUG org.hibernate.cfg.annotations.SimpleValueBinder - building SimpleValue for fixedPrice
17:03:35.576 [Test worker] DEBUG org.hibernate.cfg.annotations.PropertyBinder - Building property fixedPrice
17:03:35.576 [Test worker] DEBUG org.hibernate.cfg.Ejb3Column - Binding column: Ejb3JoinColumn{logicalColumnName='null', referencedColumn='', mappedBy=''}
17:03:35.576 [Test worker] DEBUG org.hibernate.cfg.Ejb3Column - Binding column: Ejb3Column{table=org.hibernate.mapping.Table(order_certificate), mappingColumn=order, insertable=true, updatable=true, unique=false}
17:03:35.576 [Test worker] DEBUG org.hibernate.cfg.annotations.PropertyBinder - Building property order
17:03:35.576 [Test worker] DEBUG org.hibernate.cfg.AnnotationBinder - Binding entity from annotated class: com.epam.esm.entity.Role
17:03:35.576 [Test worker] DEBUG org.hibernate.cfg.Ejb3Column - Binding column: Ejb3DiscriminatorColumn{logicalColumnName'DTYPE', discriminatorTypeName='string'}
17:03:35.576 [Test worker] DEBUG org.hibernate.cfg.annotations.EntityBinder - Import with entity name Role
17:03:35.576 [Test worker] DEBUG org.hibernate.cfg.annotations.EntityBinder - Bind entity com.epam.esm.entity.Role on table application_role
17:03:35.577 [Test worker] DEBUG org.hibernate.cfg.Ejb3Column - Binding column: Ejb3Column{table=org.hibernate.mapping.Table(application_role), mappingColumn=id, insertable=true, updatable=true, unique=false}
17:03:35.577 [Test worker] DEBUG org.hibernate.cfg.annotations.PropertyBinder - MetadataSourceProcessor property id with lazy=false
17:03:35.577 [Test worker] DEBUG org.hibernate.cfg.AbstractPropertyHolder - Attempting to locate auto-apply AttributeConverter for property [com.epam.esm.entity.Role:id]
17:03:35.577 [Test worker] DEBUG org.hibernate.cfg.annotations.SimpleValueBinder - building SimpleValue for id
17:03:35.577 [Test worker] DEBUG org.hibernate.cfg.annotations.PropertyBinder - Building property id
17:03:35.577 [Test worker] DEBUG org.hibernate.cfg.BinderHelper - #makeIdGenerator(org.hibernate.mapping.SimpleValue([org.hibernate.mapping.Column(id)]), id, identity, , ...)
17:03:35.577 [Test worker] DEBUG org.hibernate.cfg.Ejb3Column - Binding column: Ejb3Column{table=org.hibernate.mapping.Table(application_role), mappingColumn=value, insertable=true, updatable=true, unique=false}
17:03:35.577 [Test worker] DEBUG org.hibernate.cfg.annotations.PropertyBinder - MetadataSourceProcessor property value with lazy=false
17:03:35.577 [Test worker] DEBUG org.hibernate.cfg.AbstractPropertyHolder - Attempting to locate auto-apply AttributeConverter for property [com.epam.esm.entity.Role:value]
17:03:35.577 [Test worker] DEBUG org.hibernate.cfg.annotations.SimpleValueBinder - building SimpleValue for value
17:03:35.577 [Test worker] DEBUG org.hibernate.cfg.annotations.PropertyBinder - Building property value
17:03:35.577 [Test worker] DEBUG org.hibernate.cfg.AnnotationBinder - Binding entity from annotated class: com.epam.esm.entity.Tag
17:03:35.577 [Test worker] DEBUG org.hibernate.cfg.Ejb3Column - Binding column: Ejb3DiscriminatorColumn{logicalColumnName'DTYPE', discriminatorTypeName='string'}
17:03:35.578 [Test worker] DEBUG org.hibernate.cfg.annotations.EntityBinder - Import with entity name Tag
17:03:35.578 [Test worker] DEBUG org.hibernate.cfg.annotations.EntityBinder - Bind entity com.epam.esm.entity.Tag on table tag
17:03:35.578 [Test worker] DEBUG org.hibernate.cfg.Ejb3Column - Binding column: Ejb3Column{table=org.hibernate.mapping.Table(tag), mappingColumn=id, insertable=true, updatable=true, unique=false}
17:03:35.578 [Test worker] DEBUG org.hibernate.cfg.annotations.PropertyBinder - MetadataSourceProcessor property id with lazy=false
17:03:35.578 [Test worker] DEBUG org.hibernate.cfg.AbstractPropertyHolder - Attempting to locate auto-apply AttributeConverter for property [com.epam.esm.entity.Tag:id]
17:03:35.578 [Test worker] DEBUG org.hibernate.cfg.annotations.SimpleValueBinder - building SimpleValue for id
17:03:35.578 [Test worker] DEBUG org.hibernate.cfg.annotations.PropertyBinder - Building property id
17:03:35.578 [Test worker] DEBUG org.hibernate.cfg.BinderHelper - #makeIdGenerator(org.hibernate.mapping.SimpleValue([org.hibernate.mapping.Column(id)]), id, identity, , ...)
17:03:35.578 [Test worker] DEBUG org.hibernate.cfg.Ejb3Column - Binding column: Ejb3Column{table=org.hibernate.mapping.Table(tag), mappingColumn=title, insertable=true, updatable=false, unique=true}
17:03:35.578 [Test worker] DEBUG org.hibernate.cfg.annotations.PropertyBinder - MetadataSourceProcessor property title with lazy=false
17:03:35.578 [Test worker] DEBUG org.hibernate.cfg.AbstractPropertyHolder - Attempting to locate auto-apply AttributeConverter for property [com.epam.esm.entity.Tag:title]
17:03:35.578 [Test worker] DEBUG org.hibernate.cfg.annotations.SimpleValueBinder - building SimpleValue for title
17:03:35.578 [Test worker] DEBUG org.hibernate.cfg.annotations.PropertyBinder - Building property title
17:03:35.578 [Test worker] DEBUG org.hibernate.cfg.AnnotationBinder - Binding entity from annotated class: com.epam.esm.entity.User
17:03:35.579 [Test worker] DEBUG org.hibernate.cfg.Ejb3Column - Binding column: Ejb3DiscriminatorColumn{logicalColumnName'DTYPE', discriminatorTypeName='string'}
17:03:35.579 [Test worker] DEBUG org.hibernate.cfg.annotations.EntityBinder - Import with entity name User
17:03:35.579 [Test worker] DEBUG org.hibernate.cfg.annotations.EntityBinder - Bind entity com.epam.esm.entity.User on table application_user
17:03:35.579 [Test worker] DEBUG org.hibernate.cfg.Ejb3Column - Binding column: Ejb3Column{table=org.hibernate.mapping.Table(application_user), mappingColumn=id, insertable=true, updatable=true, unique=false}
17:03:35.579 [Test worker] DEBUG org.hibernate.cfg.annotations.PropertyBinder - MetadataSourceProcessor property id with lazy=false
17:03:35.579 [Test worker] DEBUG org.hibernate.cfg.AbstractPropertyHolder - Attempting to locate auto-apply AttributeConverter for property [com.epam.esm.entity.User:id]
17:03:35.579 [Test worker] DEBUG org.hibernate.cfg.annotations.SimpleValueBinder - building SimpleValue for id
17:03:35.579 [Test worker] DEBUG org.hibernate.cfg.annotations.PropertyBinder - Building property id
17:03:35.579 [Test worker] DEBUG org.hibernate.cfg.BinderHelper - #makeIdGenerator(org.hibernate.mapping.SimpleValue([org.hibernate.mapping.Column(id)]), id, identity, , ...)
17:03:35.579 [Test worker] DEBUG org.hibernate.cfg.Ejb3Column - Binding column: Ejb3Column{table=org.hibernate.mapping.Table(application_user), mappingColumn=email, insertable=true, updatable=true, unique=false}
17:03:35.579 [Test worker] DEBUG org.hibernate.cfg.annotations.PropertyBinder - MetadataSourceProcessor property email with lazy=false
17:03:35.579 [Test worker] DEBUG org.hibernate.cfg.AbstractPropertyHolder - Attempting to locate auto-apply AttributeConverter for property [com.epam.esm.entity.User:email]
17:03:35.579 [Test worker] DEBUG org.hibernate.cfg.annotations.SimpleValueBinder - building SimpleValue for email
17:03:35.580 [Test worker] DEBUG org.hibernate.cfg.annotations.PropertyBinder - Building property email
17:03:35.580 [Test worker] DEBUG org.hibernate.cfg.Ejb3Column - Binding column: Ejb3JoinColumn{logicalColumnName='null', referencedColumn='null', mappedBy='user'}
17:03:35.580 [Test worker] DEBUG org.hibernate.cfg.Ejb3Column - Binding column: Ejb3Column{table=org.hibernate.mapping.Table(application_user), mappingColumn=orders, insertable=true, updatable=true, unique=false}
17:03:35.580 [Test worker] DEBUG org.hibernate.cfg.Ejb3Column - Binding column: Ejb3Column{table=org.hibernate.mapping.Table(application_user), mappingColumn=null, insertable=true, updatable=true, unique=false}
17:03:35.580 [Test worker] DEBUG org.hibernate.cfg.Ejb3Column - Binding column: Ejb3Column{table=org.hibernate.mapping.Table(application_user), mappingColumn=element, insertable=true, updatable=true, unique=false}
17:03:35.580 [Test worker] DEBUG org.hibernate.cfg.Ejb3Column - Binding column: Ejb3Column{table=org.hibernate.mapping.Table(application_user), mappingColumn=orders_key, insertable=true, updatable=true, unique=false}
17:03:35.580 [Test worker] DEBUG org.hibernate.cfg.Ejb3Column - Binding column: Ejb3JoinColumn{logicalColumnName='orders_KEY', referencedColumn='null', mappedBy='null'}
17:03:35.580 [Test worker] DEBUG org.hibernate.cfg.Ejb3Column - Binding column: Ejb3JoinColumn{logicalColumnName='null', referencedColumn='null', mappedBy='user'}
17:03:35.580 [Test worker] DEBUG org.hibernate.cfg.Ejb3Column - Binding column: Ejb3JoinColumn{logicalColumnName='null', referencedColumn='null', mappedBy='user'}
17:03:35.580 [Test worker] DEBUG org.hibernate.cfg.annotations.CollectionBinder - Collection role: com.epam.esm.entity.User.orders
17:03:35.580 [Test worker] DEBUG org.hibernate.cfg.annotations.PropertyBinder - Building property orders
17:03:35.580 [Test worker] DEBUG org.hibernate.cfg.Ejb3Column - Binding column: Ejb3Column{table=org.hibernate.mapping.Table(application_user), mappingColumn=password, insertable=true, updatable=true, unique=false}
17:03:35.580 [Test worker] DEBUG org.hibernate.cfg.annotations.PropertyBinder - MetadataSourceProcessor property password with lazy=false
17:03:35.580 [Test worker] DEBUG org.hibernate.cfg.AbstractPropertyHolder - Attempting to locate auto-apply AttributeConverter for property [com.epam.esm.entity.User:password]
17:03:35.581 [Test worker] DEBUG org.hibernate.cfg.annotations.SimpleValueBinder - building SimpleValue for password
17:03:35.581 [Test worker] DEBUG org.hibernate.cfg.annotations.PropertyBinder - Building property password
17:03:35.581 [Test worker] DEBUG org.hibernate.cfg.Ejb3Column - Binding column: Ejb3Column{table=org.hibernate.mapping.Table(application_user), mappingColumn=refresh_token, insertable=true, updatable=true, unique=false}
17:03:35.581 [Test worker] DEBUG org.hibernate.cfg.annotations.PropertyBinder - MetadataSourceProcessor property refreshToken with lazy=false
17:03:35.581 [Test worker] DEBUG org.hibernate.cfg.AbstractPropertyHolder - Attempting to locate auto-apply AttributeConverter for property [com.epam.esm.entity.User:refreshToken]
17:03:35.581 [Test worker] DEBUG org.hibernate.cfg.annotations.SimpleValueBinder - building SimpleValue for refreshToken
17:03:35.581 [Test worker] DEBUG org.hibernate.cfg.annotations.PropertyBinder - Building property refreshToken
17:03:35.581 [Test worker] DEBUG org.hibernate.cfg.Ejb3Column - Binding column: Ejb3JoinColumn{logicalColumnName='role_id', referencedColumn='', mappedBy=''}
17:03:35.581 [Test worker] DEBUG org.hibernate.cfg.Ejb3Column - Binding column: Ejb3Column{table=org.hibernate.mapping.Table(application_user), mappingColumn=role, insertable=true, updatable=true, unique=false}
17:03:35.581 [Test worker] DEBUG org.hibernate.cfg.annotations.PropertyBinder - Building property role
17:03:35.582 [Test worker] DEBUG org.hibernate.cfg.annotations.SimpleValueBinder - Starting fillSimpleValue for id
17:03:35.582 [Test worker] DEBUG org.hibernate.cfg.annotations.SimpleValueBinder - Starting fillSimpleValue for id
17:03:35.582 [Test worker] DEBUG org.hibernate.cfg.annotations.SimpleValueBinder - Starting fillSimpleValue for activeStatus
17:03:35.582 [Test worker] DEBUG org.hibernate.cfg.annotations.SimpleValueBinder - Starting fillSimpleValue for creationDate
17:03:35.582 [Test worker] DEBUG org.hibernate.cfg.annotations.SimpleValueBinder - Starting fillSimpleValue for description
17:03:35.582 [Test worker] DEBUG org.hibernate.cfg.annotations.SimpleValueBinder - Starting fillSimpleValue for expirationDate
17:03:35.582 [Test worker] DEBUG org.hibernate.cfg.annotations.SimpleValueBinder - Starting fillSimpleValue for modificationDate
17:03:35.582 [Test worker] DEBUG org.hibernate.cfg.annotations.SimpleValueBinder - Starting fillSimpleValue for name
17:03:35.582 [Test worker] DEBUG org.hibernate.cfg.annotations.SimpleValueBinder - Starting fillSimpleValue for price
17:03:35.582 [Test worker] DEBUG org.hibernate.cfg.annotations.SimpleValueBinder - Starting fillSimpleValue for id
17:03:35.582 [Test worker] DEBUG org.hibernate.cfg.annotations.SimpleValueBinder - Starting fillSimpleValue for activeStatus
17:03:35.582 [Test worker] DEBUG org.hibernate.cfg.annotations.SimpleValueBinder - Starting fillSimpleValue for createdAt
17:03:35.582 [Test worker] DEBUG org.hibernate.cfg.annotations.SimpleValueBinder - Starting fillSimpleValue for id
17:03:35.582 [Test worker] DEBUG org.hibernate.cfg.annotations.SimpleValueBinder - Starting fillSimpleValue for expirationDate
17:03:35.582 [Test worker] DEBUG org.hibernate.cfg.annotations.SimpleValueBinder - Starting fillSimpleValue for fixedPrice
17:03:35.582 [Test worker] DEBUG org.hibernate.cfg.annotations.SimpleValueBinder - Starting fillSimpleValue for id
17:03:35.582 [Test worker] DEBUG org.hibernate.cfg.annotations.SimpleValueBinder - Starting fillSimpleValue for value
17:03:35.582 [Test worker] DEBUG org.hibernate.cfg.annotations.SimpleValueBinder - Starting fillSimpleValue for id
17:03:35.582 [Test worker] DEBUG org.hibernate.cfg.annotations.SimpleValueBinder - Starting fillSimpleValue for title
17:03:35.582 [Test worker] DEBUG org.hibernate.cfg.annotations.SimpleValueBinder - Starting fillSimpleValue for id
17:03:35.582 [Test worker] DEBUG org.hibernate.cfg.annotations.SimpleValueBinder - Starting fillSimpleValue for email
17:03:35.582 [Test worker] DEBUG org.hibernate.cfg.annotations.SimpleValueBinder - Starting fillSimpleValue for password
17:03:35.582 [Test worker] DEBUG org.hibernate.cfg.annotations.SimpleValueBinder - Starting fillSimpleValue for refreshToken
17:03:35.582 [Test worker] DEBUG org.hibernate.mapping.PrimaryKey - Forcing column [id] to be non-null as it is part of the primary key for table [entity]
17:03:35.582 [Test worker] DEBUG org.hibernate.mapping.PrimaryKey - Forcing column [id] to be non-null as it is part of the primary key for table [certificate]
17:03:35.582 [Test worker] DEBUG org.hibernate.mapping.PrimaryKey - Forcing column [id] to be non-null as it is part of the primary key for table [application_order]
17:03:35.582 [Test worker] DEBUG org.hibernate.mapping.PrimaryKey - Forcing column [id] to be non-null as it is part of the primary key for table [order_certificate]
17:03:35.583 [Test worker] DEBUG org.hibernate.mapping.PrimaryKey - Forcing column [id] to be non-null as it is part of the primary key for table [application_role]
17:03:35.583 [Test worker] DEBUG org.hibernate.mapping.PrimaryKey - Forcing column [id] to be non-null as it is part of the primary key for table [tag]
17:03:35.583 [Test worker] DEBUG org.hibernate.mapping.PrimaryKey - Forcing column [id] to be non-null as it is part of the primary key for table [application_user]
17:03:35.583 [Test worker] DEBUG org.hibernate.cfg.CollectionSecondPass - Second pass for collection: com.epam.esm.entity.GiftCertificate.tags
17:03:35.583 [Test worker] DEBUG org.hibernate.cfg.annotations.CollectionBinder - Binding as ManyToMany: com.epam.esm.entity.GiftCertificate.tags
17:03:35.583 [Test worker] DEBUG org.hibernate.mapping.PrimaryKey - Forcing column [certificate_id] to be non-null as it is part of the primary key for table [certificate_tag]
17:03:35.583 [Test worker] DEBUG org.hibernate.mapping.PrimaryKey - Forcing column [tag_id] to be non-null as it is part of the primary key for table [certificate_tag]
17:03:35.583 [Test worker] DEBUG org.hibernate.cfg.CollectionSecondPass - Mapped collection key: certificate_id, element: tag_id
17:03:35.583 [Test worker] DEBUG org.hibernate.cfg.CollectionSecondPass - Second pass for collection: com.epam.esm.entity.GiftCertificate.orderCertificates
17:03:35.583 [Test worker] DEBUG org.hibernate.cfg.annotations.CollectionBinder - Binding a OneToMany: com.epam.esm.entity.GiftCertificate.orderCertificates through a foreign key
17:03:35.583 [Test worker] DEBUG org.hibernate.cfg.annotations.CollectionBinder - Mapping collection: com.epam.esm.entity.GiftCertificate.orderCertificates -> order_certificate
17:03:35.583 [Test worker] DEBUG org.hibernate.cfg.annotations.TableBinder - Retrieving property com.epam.esm.entity.OrderCertificate.certificate
17:03:35.583 [Test worker] DEBUG org.hibernate.cfg.CollectionSecondPass - Mapped collection key: certificate_id, one-to-many: com.epam.esm.entity.OrderCertificate
17:03:35.583 [Test worker] DEBUG org.hibernate.cfg.CollectionSecondPass - Second pass for collection: com.epam.esm.entity.Order.orderCertificates
17:03:35.583 [Test worker] DEBUG org.hibernate.cfg.annotations.CollectionBinder - Binding a OneToMany: com.epam.esm.entity.Order.orderCertificates through a foreign key
17:03:35.583 [Test worker] DEBUG org.hibernate.cfg.annotations.CollectionBinder - Mapping collection: com.epam.esm.entity.Order.orderCertificates -> order_certificate
17:03:35.584 [Test worker] DEBUG org.hibernate.cfg.annotations.TableBinder - Retrieving property com.epam.esm.entity.OrderCertificate.order
17:03:35.584 [Test worker] DEBUG org.hibernate.cfg.CollectionSecondPass - Mapped collection key: order_id, one-to-many: com.epam.esm.entity.OrderCertificate
17:03:35.584 [Test worker] DEBUG org.hibernate.cfg.CollectionSecondPass - Second pass for collection: com.epam.esm.entity.User.orders
17:03:35.584 [Test worker] DEBUG org.hibernate.cfg.annotations.CollectionBinder - Binding a OneToMany: com.epam.esm.entity.User.orders through a foreign key
17:03:35.584 [Test worker] DEBUG org.hibernate.cfg.annotations.CollectionBinder - Mapping collection: com.epam.esm.entity.User.orders -> application_order
17:03:35.584 [Test worker] DEBUG org.hibernate.cfg.annotations.TableBinder - Retrieving property com.epam.esm.entity.Order.user
17:03:35.584 [Test worker] DEBUG org.hibernate.cfg.CollectionSecondPass - Mapped collection key: user_id, one-to-many: com.epam.esm.entity.Order
17:03:35.584 [Test worker] DEBUG org.hibernate.boot.internal.InFlightMetadataCollectorImpl - Resolving reference to class: com.epam.esm.entity.User
17:03:35.584 [Test worker] DEBUG org.hibernate.boot.internal.InFlightMetadataCollectorImpl - Resolving reference to class: com.epam.esm.entity.Role
17:03:35.584 [Test worker] DEBUG org.hibernate.boot.internal.InFlightMetadataCollectorImpl - Resolving reference to class: com.epam.esm.entity.Tag
17:03:35.584 [Test worker] DEBUG org.hibernate.boot.internal.InFlightMetadataCollectorImpl - Resolving reference to class: com.epam.esm.entity.GiftCertificate
17:03:35.584 [Test worker] DEBUG org.hibernate.boot.internal.InFlightMetadataCollectorImpl - Resolving reference to class: com.epam.esm.entity.GiftCertificate
17:03:35.585 [Test worker] DEBUG org.hibernate.boot.internal.InFlightMetadataCollectorImpl - Resolving reference to class: com.epam.esm.entity.Order
17:03:35.585 [Test worker] DEBUG org.hibernate.boot.internal.InFlightMetadataCollectorImpl - Resolving reference to class: com.epam.esm.entity.User
17:03:35.585 [Test worker] DEBUG org.hibernate.boot.internal.InFlightMetadataCollectorImpl - Resolving reference to class: com.epam.esm.entity.Role
17:03:35.585 [Test worker] DEBUG org.hibernate.boot.internal.InFlightMetadataCollectorImpl - Resolving reference to class: com.epam.esm.entity.Tag
17:03:35.585 [Test worker] DEBUG org.hibernate.boot.internal.InFlightMetadataCollectorImpl - Resolving reference to class: com.epam.esm.entity.GiftCertificate
17:03:35.585 [Test worker] DEBUG org.hibernate.boot.internal.InFlightMetadataCollectorImpl - Resolving reference to class: com.epam.esm.entity.GiftCertificate
17:03:35.586 [Test worker] DEBUG org.hibernate.boot.internal.InFlightMetadataCollectorImpl - Resolving reference to class: com.epam.esm.entity.Order
17:03:35.586 [Test worker] DEBUG org.hibernate.internal.SessionFactoryImpl - Building session factory
17:03:35.586 [Test worker] DEBUG org.hibernate.cfg.Settings - SessionFactory name : null
17:03:35.586 [Test worker] DEBUG org.hibernate.cfg.Settings - Automatic flush during beforeCompletion(): enabled
17:03:35.586 [Test worker] DEBUG org.hibernate.cfg.Settings - Automatic session close at end of transaction: disabled
17:03:35.586 [Test worker] DEBUG org.hibernate.cfg.Settings - Statistics: disabled
17:03:35.586 [Test worker] DEBUG org.hibernate.cfg.Settings - Deleted entity synthetic identifier rollback: disabled
17:03:35.586 [Test worker] DEBUG org.hibernate.cfg.Settings - Default entity-mode: pojo
17:03:35.586 [Test worker] DEBUG org.hibernate.cfg.Settings - Check Nullability in Core (should be disabled when Bean Validation is on): enabled
17:03:35.586 [Test worker] DEBUG org.hibernate.cfg.Settings - Allow initialization of lazy state outside session : disabled
17:03:35.586 [Test worker] DEBUG org.hibernate.cfg.Settings - Using BatchFetchStyle : LEGACY
17:03:35.586 [Test worker] DEBUG org.hibernate.cfg.Settings - Default batch fetch size: -1
17:03:35.586 [Test worker] DEBUG org.hibernate.cfg.Settings - Maximum outer join fetch depth: null
17:03:35.586 [Test worker] DEBUG org.hibernate.cfg.Settings - Default null ordering: NONE
17:03:35.586 [Test worker] DEBUG org.hibernate.cfg.Settings - Order SQL updates by primary key: disabled
17:03:35.586 [Test worker] DEBUG org.hibernate.cfg.Settings - Order SQL inserts for batching: disabled
17:03:35.586 [Test worker] DEBUG org.hibernate.cfg.Settings - multi-tenancy strategy : NONE
17:03:35.586 [Test worker] DEBUG org.hibernate.cfg.Settings - JTA Track by Thread: enabled
17:03:35.586 [Test worker] DEBUG org.hibernate.cfg.Settings - Query language substitutions: {}
17:03:35.586 [Test worker] DEBUG org.hibernate.cfg.Settings - Named query checking : enabled
17:03:35.586 [Test worker] DEBUG org.hibernate.cfg.Settings - Second-level cache: disabled
17:03:35.586 [Test worker] DEBUG org.hibernate.cfg.Settings - Second-level query cache: disabled
17:03:35.586 [Test worker] DEBUG org.hibernate.cfg.Settings - Second-level query cache factory: null
17:03:35.586 [Test worker] DEBUG org.hibernate.cfg.Settings - Second-level cache region prefix: null
17:03:35.586 [Test worker] DEBUG org.hibernate.cfg.Settings - Optimize second-level cache for minimal puts: disabled
17:03:35.586 [Test worker] DEBUG org.hibernate.cfg.Settings - Structured second-level cache entries: disabled
17:03:35.587 [Test worker] DEBUG org.hibernate.cfg.Settings - Second-level cache direct-reference entries: disabled
17:03:35.587 [Test worker] DEBUG org.hibernate.cfg.Settings - Automatic eviction of collection cache: disabled
17:03:35.587 [Test worker] DEBUG org.hibernate.cfg.Settings - JDBC batch size: 15
17:03:35.587 [Test worker] DEBUG org.hibernate.cfg.Settings - JDBC batch updates for versioned data: enabled
17:03:35.587 [Test worker] DEBUG org.hibernate.cfg.Settings - Scrollable result sets: enabled
17:03:35.587 [Test worker] DEBUG org.hibernate.cfg.Settings - Wrap result sets: disabled
17:03:35.587 [Test worker] DEBUG org.hibernate.cfg.Settings - JDBC3 getGeneratedKeys(): enabled
17:03:35.587 [Test worker] DEBUG org.hibernate.cfg.Settings - JDBC result set fetch size: null
17:03:35.587 [Test worker] DEBUG org.hibernate.cfg.Settings - Connection release mode: ON_CLOSE
17:03:35.587 [Test worker] DEBUG org.hibernate.cfg.Settings - Generate SQL with comments: disabled
17:03:35.587 [Test worker] DEBUG org.hibernate.cfg.Settings - JPA compliance - query : 
17:03:35.587 [Test worker] DEBUG org.hibernate.cfg.Settings - JPA compliance - closed-handling : 
17:03:35.587 [Test worker] DEBUG org.hibernate.cfg.Settings - JPA compliance - lists : 
17:03:35.587 [Test worker] DEBUG org.hibernate.cfg.Settings - JPA compliance - transactions : 
17:03:35.587 [Test worker] DEBUG org.hibernate.jpa.event.internal.CallbackBuilderLegacyImpl - Adding onPrePersist as PrePersist callback for entity com.epam.esm.entity.Order
17:03:35.588 [Test worker] DEBUG org.hibernate.internal.SessionFactoryImpl - Session factory constructed with filter configurations : {}
17:03:35.588 [Test worker] DEBUG org.hibernate.internal.SessionFactoryImpl - Instantiating session factory with properties: {gopherProxySet=false, awt.toolkit=sun.lwawt.macosx.LWCToolkit, hibernate.id.new_generator_mappings=true, java.specification.version=11, sun.cpu.isalist=, hibernate.resource.beans.container=org.springframework.orm.hibernate5.SpringBeanContainer@6e843b64, hibernate.connection.handling_mode=DELAYED_ACQUISITION_AND_HOLD, sun.jnu.encoding=UTF-8, hibernate.dialect=org.hibernate.dialect.H2Dialect, org.gradle.test.worker=3, hibernate.implicit_naming_strategy=org.springframework.boot.orm.jpa.hibernate.SpringImplicitNamingStrategy, java.class.path=/Users/dzmitryplatonov/.gradle/caches/5.6.2/workerMain/gradle-worker.jar:/Users/dzmitryplatonov/Desktop/workdir/giftcertificates/datasource/build/classes/java/test:/Users/dzmitryplatonov/Desktop/workdir/giftcertificates/datasource/build/resources/test:/Users/dzmitryplatonov/Desktop/workdir/giftcertificates/datasource/build/classes/java/main:/Users/dzmitryplatonov/Desktop/workdir/giftcertificates/datasource/build/resources/main:/Users/dzmitryplatonov/.m2/repository/org/apache/logging/log4j/log4j-web/2.11.2/log4j-web-2.11.2.jar:/Users/dzmitryplatonov/.m2/repository/org/apache/logging/log4j/log4j-core/2.11.2/log4j-core-2.11.2.jar:/Users/dzmitryplatonov/.gradle/caches/modules-2/files-2.1/org.springframework.boot/spring-boot-starter-web/2.1.9.RELEASE/2063870234eebbda3c09dddf9853477fe9e4a719/spring-boot-starter-web-2.1.9.RELEASE.jar:/Users/dzmitryplatonov/.gradle/caches/modules-2/files-2.1/org.springframework.boot/spring-boot-starter-security/2.1.9.RELEASE/bde048665003362d9e16aa75a8804f90dce1d31e/spring-boot-starter-security-2.1.9.RELEASE.jar:/Users/dzmitryplatonov/.gradle/caches/modules-2/files-2.1/org.springframework.boot/spring-boot-starter-data-jpa/2.1.9.RELEASE/784d6d5c525c2dd9fac31031ee6ca2ec8b067af5/spring-boot-starter-data-jpa-2.1.9.RELEASE.jar:/Users/dzmitryplatonov/.gradle/caches/modules-2/files-2.1/org.springframework.boot/spring-boot-starter-aop/2.1.9.RELEASE/74226b26cf15952f639deca38fe919701755c97b/spring-boot-starter-aop-2.1.9.RELEASE.jar:/Users/dzmitryplatonov/.gradle/caches/modules-2/files-2.1/org.springframework.boot/spring-boot-starter-jdbc/2.1.9.RELEASE/3f7d1d67669dfa0ea4ff9216afbeef5bc6a58ecb/spring-boot-starter-jdbc-2.1.9.RELEASE.jar:/Users/dzmitryplatonov/.gradle/caches/modules-2/files-2.1/org.springframework.boot/spring-boot-starter-json/2.1.9.RELEASE/53bdf52bc28b7e753874e0136fb33c9eab184276/spring-boot-starter-json-2.1.9.RELEASE.jar:/Users/dzmitryplatonov/.gradle/caches/modules-2/files-2.1/org.springframework.boot/spring-boot-starter/2.1.9.RELEASE/45d7afa2d9aab4b2984f2c330f507797fbcf501f/spring-boot-starter-2.1.9.RELEASE.jar:/Users/dzmitryplatonov/.gradle/caches/modules-2/files-2.1/org.springframework.boot/spring-boot-starter-logging/2.1.9.RELEASE/802b562b0c602ae9242b659a28b9bf89ca689b2d/spring-boot-starter-logging-2.1.9.RELEASE.jar:/Users/dzmitryplatonov/.m2/repository/org/apache/logging/log4j/log4j-to-slf4j/2.11.2/log4j-to-slf4j-2.11.2.jar:/Users/dzmitryplatonov/.m2/repository/org/apache/logging/log4j/log4j-api/2.11.2/log4j-api-2.11.2.jar:/Users/dzmitryplatonov/.m2/repository/org/hibernate/validator/hibernate-validator/6.0.17.Final/hibernate-validator-6.0.17.Final.jar:/Users/dzmitryplatonov/.m2/repository/javax/validation/validation-api/2.0.1.Final/validation-api-2.0.1.Final.jar:/Users/dzmitryplatonov/.gradle/caches/modules-2/files-2.1/org.springframework.security.oauth.boot/spring-security-oauth2-autoconfigure/2.1.9.RELEASE/abbbf98ebc0454774162add4b412a7ee5da66877/spring-security-oauth2-autoconfigure-2.1.9.RELEASE.jar:/Users/dzmitryplatonov/.gradle/caches/modules-2/files-2.1/com.auth0/jwks-rsa/0.9.0/6e3a813bce7eb07327f2a5384fb178eb21469338/jwks-rsa-0.9.0.jar:/Users/dzmitryplatonov/.gradle/caches/modules-2/files-2.1/io.jsonwebtoken/jjwt/0.9.1/54d2abfc3e63a28824d35bf600d6a5d627da681a/jjwt-0.9.1.jar:/Users/dzmitryplatonov/.gradle/caches/modules-2/files-2.1/io.jsonwebtoken/jjwt-jackson/0.10.7/52b5a612da95a0c0edc867ccac65bb0f6762ed7b/jjwt-jackson-0.10.7.jar:/Users/dzmitryplatonov/.m2/repository/com/fasterxml/jackson/datatype/jackson-datatype-jsr310/2.9.9/jackson-datatype-jsr310-2.9.9.jar:/Users/dzmitryplatonov/.m2/repository/com/fasterxml/jackson/datatype/jackson-datatype-jdk8/2.9.9/jackson-datatype-jdk8-2.9.9.jar:/Users/dzmitryplatonov/.m2/repository/com/fasterxml/jackson/module/jackson-module-parameter-names/2.9.9/jackson-module-parameter-names-2.9.9.jar:/Users/dzmitryplatonov/.gradle/caches/modules-2/files-2.1/com.fasterxml.jackson.core/jackson-databind/2.10.0.pr3/4e17238b159dcd1167b095024fe07f41da1e37ac/jackson-databind-2.10.0.pr3.jar:/Users/dzmitryplatonov/.gradle/caches/modules-2/files-2.1/com.fasterxml.jackson.core/jackson-annotations/2.10.0.pr3/6c99a6d972b8bdd92192bef4b0ff5df164e9cafc/jackson-annotations-2.10.0.pr3.jar:/Users/dzmitryplatonov/.m2/repository/org/springframework/hateoas/spring-hateoas/0.25.1.RELEASE/spring-hateoas-0.25.1.RELEASE.jar:/Users/dzmitryplatonov/.m2/repository/org/springframework/plugin/spring-plugin-core/1.2.0.RELEASE/spring-plugin-core-1.2.0.RELEASE.jar:/Users/dzmitryplatonov/.gradle/caches/modules-2/files-2.1/org.springframework.security/spring-security-oauth2-client/5.1.6.RELEASE/8a77b659f7f6616ca5970796c04106595819f4eb/spring-security-oauth2-client-5.1.6.RELEASE.jar:/Users/dzmitryplatonov/.gradle/caches/modules-2/files-2.1/org.springframework.security/spring-security-oauth2-jose/5.1.6.RELEASE/78f947f9b1ee235f7efbb697e15acd05e16d009a/spring-security-oauth2-jose-5.1.6.RELEASE.jar:/Users/dzmitryplatonov/.gradle/caches/modules-2/files-2.1/org.springframework.security/spring-security-openid/5.2.0.RELEASE/e67725a379bcc03c3edd571d6fec4800b2313a00/spring-security-openid-5.2.0.RELEASE.jar:/Users/dzmitryplatonov/.gradle/caches/modules-2/files-2.1/org.springframework.data/spring-data-jpa/2.1.11.RELEASE/b774364187f5e68379b8c3121232a04686a0325c/spring-data-jpa-2.1.11.RELEASE.jar:/Users/dzmitryplatonov/.gradle/caches/modules-2/files-2.1/org.springframework/spring-orm/5.1.10.RELEASE/ce92238d65405408387b1ae7a5dd5a280f7ea29f/spring-orm-5.1.10.RELEASE.jar:/Users/dzmitryplatonov/.gradle/caches/modules-2/files-2.1/org.springframework/spring-jdbc/5.1.10.RELEASE/48957bfad9656fdba9263539e2fa8f3034939ba8/spring-jdbc-5.1.10.RELEASE.jar:/Users/dzmitryplatonov/.m2/repository/org/postgresql/postgresql/42.2.8/postgresql-42.2.8.jar:/Users/dzmitryplatonov/.gradle/caches/modules-2/files-2.1/org.springframework.boot/spring-boot-starter-tomcat/2.1.9.RELEASE/99bef08a0b7fd10ff9827f0f8e6f49b97cbabf7f/spring-boot-starter-tomcat-2.1.9.RELEASE.jar:/Users/dzmitryplatonov/.m2/repository/javax/annotation/javax.annotation-api/1.3.2/javax.annotation-api-1.3.2.jar:/Users/dzmitryplatonov/.gradle/caches/modules-2/files-2.1/io.jsonwebtoken/jjwt-impl/0.10.7/49cf3b0b6f10eb024104ae39c111c1fd0cd3be64/jjwt-impl-0.10.7.jar:/Users/dzmitryplatonov/.gradle/caches/modules-2/files-2.1/org.junit.jupiter/junit-jupiter-params/5.2.0/d70083080bf3400c181562919cb03bf7588104e1/junit-jupiter-params-5.2.0.jar:/Users/dzmitryplatonov/.gradle/caches/modules-2/files-2.1/org.mockito/mockito-junit-jupiter/2.18.3/827104c6aed482c68159faf320f44f5eb5b03bd/mockito-junit-jupiter-2.18.3.jar:/Users/dzmitryplatonov/.m2/repository/org/mockito/mockito-core/2.28.2/mockito-core-2.28.2.jar:/Users/dzmitryplatonov/.m2/repository/com/h2database/h2/1.4.197/h2-1.4.197.jar:/Users/dzmitryplatonov/.gradle/caches/modules-2/files-2.1/org.springframework/spring-test/5.0.1.RELEASE/47dee3bebbcbcaff1be786b6c0db654ba7376eb9/spring-test-5.0.1.RELEASE.jar:/Users/dzmitryplatonov/.gradle/caches/modules-2/files-2.1/org.junit.jupiter/junit-jupiter-engine/5.3.1/e2676b1786c57a80eb98f5bebd51a3d05e228c40/junit-jupiter-engine-5.3.1.jar:/Users/dzmitryplatonov/.gradle/caches/modules-2/files-2.1/org.junit.jupiter/junit-jupiter-api/5.3.1/a7e97eac2784395cb991403f9641b042ad972941/junit-jupiter-api-5.3.1.jar:/Users/dzmitryplatonov/.gradle/caches/modules-2/files-2.1/org.hibernate/hibernate-core/5.3.12.Final/e1929362fe24a9f62142d18f1ac5b0d7f278ef22/hibernate-core-5.3.12.Final.jar:/Users/dzmitryplatonov/.m2/repository/org/hibernate/common/hibernate-commons-annotations/5.0.4.Final/hibernate-commons-annotations-5.0.4.Final.jar:/Users/dzmitryplatonov/.m2/repository/org/jboss/logging/jboss-logging/3.3.2.Final/jboss-logging-3.3.2.Final.jar:/Users/dzmitryplatonov/.m2/repository/com/fasterxml/classmate/1.3.4/classmate-1.3.4.jar:/Users/dzmitryplatonov/.gradle/caches/modules-2/files-2.1/com.fasterxml.jackson.core/jackson-core/2.10.0.pr3/1d2f9b816bcd00130ddc9dae6c99f7b533afcc73/jackson-core-2.10.0.pr3.jar:/Users/dzmitryplatonov/.gradle/caches/modules-2/files-2.1/org.springframework.security.oauth/spring-security-oauth2/2.3.5.RELEASE/7969f5363398d6d3788bef1740b2ab9509043d51/spring-security-oauth2-2.3.5.RELEASE.jar:/Users/dzmitryplatonov/.gradle/caches/modules-2/files-2.1/org.springframework/spring-webmvc/5.1.10.RELEASE/67b6da7852e89bc0df6ce36a263ac4377fe48e27/spring-webmvc-5.1.10.RELEASE.jar:/Users/dzmitryplatonov/.m2/repository/org/springframework/security/spring-security-config/5.1.6.RELEASE/spring-security-config-5.1.6.RELEASE.jar:/Users/dzmitryplatonov/.gradle/caches/modules-2/files-2.1/org.springframework.security/spring-security-oauth2-core/5.1.6.RELEASE/f3b2623760154aac86d32427696842c7c3d85326/spring-security-oauth2-core-5.1.6.RELEASE.jar:/Users/dzmitryplatonov/.gradle/caches/modules-2/files-2.1/org.springframework.security/spring-security-web/5.2.0.RELEASE/a9ff06ad3fd66cd08545e1a601c66d2256c86e0f/spring-security-web-5.2.0.RELEASE.jar:/Users/dzmitryplatonov/.gradle/caches/modules-2/files-2.1/org.springframework.security/spring-security-core/5.2.0.RELEASE/1c8f36e316a74c245073ce2a70bdf198a58424f6/spring-security-core-5.2.0.RELEASE.jar:/Users/dzmitryplatonov/.gradle/caches/modules-2/files-2.1/org.springframework.boot/spring-boot-autoconfigure/2.1.9.RELEASE/aa6d5e0fef585bec64543b9b8f944a94060e710a/spring-boot-autoconfigure-2.1.9.RELEASE.jar:/Users/dzmitryplatonov/.gradle/caches/modules-2/files-2.1/org.springframework.boot/spring-boot/2.1.9.RELEASE/b18e7287a82ee06c6bb4e79423c25c05b8303dc1/spring-boot-2.1.9.RELEASE.jar:/Users/dzmitryplatonov/.gradle/caches/modules-2/files-2.1/org.springframework/spring-context/5.2.0.RELEASE/a2638a8295f13ed8511c98a2379507677e1d16fa/spring-context-5.2.0.RELEASE.jar:/Users/dzmitryplatonov/.gradle/caches/modules-2/files-2.1/org.springframework/spring-aop/5.2.0.RELEASE/7031d44f063ea68e49b881a985967e7f2c144f3b/spring-aop-5.2.0.RELEASE.jar:/Users/dzmitryplatonov/.gradle/caches/modules-2/files-2.1/org.springframework/spring-web/5.2.0.RELEASE/d5b064196dc014519e751df549b4cc6a753fb191/spring-web-5.2.0.RELEASE.jar:/Users/dzmitryplatonov/.gradle/caches/modules-2/files-2.1/org.springframework.data/spring-data-commons/2.1.11.RELEASE/dace2a47d274ac5f0ac3ff2f47cb0b936bef5b46/spring-data-commons-2.1.11.RELEASE.jar:/Users/dzmitryplatonov/.gradle/caches/modules-2/files-2.1/org.springframework/spring-tx/5.1.10.RELEASE/c32ebb7fb1be3b733304b7873c31817dd434479a/spring-tx-5.1.10.RELEASE.jar:/Users/dzmitryplatonov/.gradle/caches/modules-2/files-2.1/org.springframework/spring-beans/5.2.0.RELEASE/3ae97694618c59e6af695a15e54fabb7e319776/spring-beans-5.2.0.RELEASE.jar:/Users/dzmitryplatonov/.gradle/caches/modules-2/files-2.1/org.springframework/spring-expression/5.2.0.RELEASE/ac6a616451129e717979f18d2bff40528698a46e/spring-expression-5.2.0.RELEASE.jar:/Users/dzmitryplatonov/.gradle/caches/modules-2/files-2.1/org.springframework/spring-core/5.2.0.RELEASE/e0e1b3c304f70ed19d7905975f6f990916ada219/spring-core-5.2.0.RELEASE.jar:/Users/dzmitryplatonov/.m2/repository/com/zaxxer/HikariCP/3.2.0/HikariCP-3.2.0.jar:/Users/dzmitryplatonov/.m2/repository/ch/qos/logback/logback-classic/1.2.3/logback-classic-1.2.3.jar:/Users/dzmitryplatonov/.m2/repository/org/slf4j/jul-to-slf4j/1.7.28/jul-to-slf4j-1.7.28.jar:/Users/dzmitryplatonov/.m2/repository/org/slf4j/slf4j-api/1.7.28/slf4j-api-1.7.28.jar:/Users/dzmitryplatonov/.m2/repository/javax/transaction/javax.transaction-api/1.3/javax.transaction-api-1.3.jar:/Users/dzmitryplatonov/.gradle/caches/modules-2/files-2.1/org.glassfish.jaxb/jaxb-runtime/2.3.1/dd6dda9da676a54c5b36ca2806ff95ee017d8738/jaxb-runtime-2.3.1.jar:/Users/dzmitryplatonov/.m2/repository/javax/xml/bind/jaxb-api/2.3.1/jaxb-api-2.3.1.jar:/Users/dzmitryplatonov/.gradle/caches/modules-2/files-2.1/org.springframework/spring-aspects/5.1.10.RELEASE/b0364caabcde96dc6385480d0f9270613ab04511/spring-aspects-5.1.10.RELEASE.jar:/Users/dzmitryplatonov/.gradle/caches/modules-2/files-2.1/org.springframework.security/spring-security-jwt/1.0.10.RELEASE/19a1ca7a83e9d263a31af5f529da460f8f863451/spring-security-jwt-1.0.10.RELEASE.jar:/Users/dzmitryplatonov/.gradle/caches/modules-2/files-2.1/com.nimbusds/oauth2-oidc-sdk/6.0/e731f0b62727a46ae6d6fded62b5678d28273c3c/oauth2-oidc-sdk-6.0.jar:/Users/dzmitryplatonov/.gradle/caches/modules-2/files-2.1/com.nimbusds/nimbus-jose-jwt/6.0.2/81605278e5df1cf4c3774851649b85cade077fa5/nimbus-jose-jwt-6.0.2.jar:/Users/dzmitryplatonov/.gradle/caches/modules-2/files-2.1/com.google.inject/guice/3.0/9d84f15fe35e2c716a02979fb62f50a29f38aefa/guice-3.0.jar:/Users/dzmitryplatonov/.gradle/caches/modules-2/files-2.1/org.openid4java/openid4java-nodeps/0.9.6/52ca394f5f6d38b78e35a5a6a0a341dc5b3aaf34/openid4java-nodeps-0.9.6.jar:/Users/dzmitryplatonov/.gradle/caches/modules-2/files-2.1/net.sourceforge.nekohtml/nekohtml/1.9.22/4f54af68ecb345f2453fb6884672ad08414154e3/nekohtml-1.9.22.jar:/Users/dzmitryplatonov/.gradle/caches/modules-2/files-2.1/org.apache.httpcomponents/httpclient/4.5.10/7ca2e4276f4ef95e4db725a8cd4a1d1e7585b9e5/httpclient-4.5.10.jar:/Users/dzmitryplatonov/.gradle/caches/modules-2/files-2.1/commons-codec/commons-codec/1.13/3f18e1aa31031d89db6f01ba05d501258ce69d2c/commons-codec-1.13.jar:/Users/dzmitryplatonov/.m2/repository/commons-io/commons-io/2.6/commons-io-2.6.jar:/Users/dzmitryplatonov/.gradle/caches/modules-2/files-2.1/com.google.guava/guava/27.1-jre/e47b59c893079b87743cdcfb6f17ca95c08c592c/guava-27.1-jre.jar:/Users/dzmitryplatonov/.gradle/caches/modules-2/files-2.1/io.jsonwebtoken/jjwt-api/0.10.7/52e888d8424d3c788e23fedfbfc65ce36830ab1a/jjwt-api-0.10.7.jar:/Users/dzmitryplatonov/.m2/repository/org/junit/platform/junit-platform-engine/1.3.1/junit-platform-engine-1.3.1.jar:/Users/dzmitryplatonov/.m2/repository/org/junit/platform/junit-platform-commons/1.3.1/junit-platform-commons-1.3.1.jar:/Users/dzmitryplatonov/.m2/repository/org/apiguardian/apiguardian-api/1.0.0/apiguardian-api-1.0.0.jar:/Users/dzmitryplatonov/.gradle/caches/modules-2/files-2.1/net.bytebuddy/byte-buddy/1.9.11/985bbce599f92d6440582a7d1a5231bfaae9970f/byte-buddy-1.9.11.jar:/Users/dzmitryplatonov/.m2/repository/net/bytebuddy/byte-buddy-agent/1.9.10/byte-buddy-agent-1.9.10.jar:/Users/dzmitryplatonov/.m2/repository/org/objenesis/objenesis/2.6/objenesis-2.6.jar:/Users/dzmitryplatonov/.m2/repository/org/opentest4j/opentest4j/1.1.1/opentest4j-1.1.1.jar:/Users/dzmitryplatonov/.m2/repository/org/aspectj/aspectjweaver/1.9.4/aspectjweaver-1.9.4.jar:/Users/dzmitryplatonov/.m2/repository/javax/activation/javax.activation-api/1.2.0/javax.activation-api-1.2.0.jar:/Users/dzmitryplatonov/.m2/repository/javax/persistence/javax.persistence-api/2.2/javax.persistence-api-2.2.jar:/Users/dzmitryplatonov/.m2/repository/org/javassist/javassist/3.23.2-GA/javassist-3.23.2-GA.jar:/Users/dzmitryplatonov/.m2/repository/antlr/antlr/2.7.7/antlr-2.7.7.jar:/Users/dzmitryplatonov/.m2/repository/org/jboss/jandex/2.0.5.Final/jandex-2.0.5.Final.jar:/Users/dzmitryplatonov/.m2/repository/org/dom4j/dom4j/2.1.1/dom4j-2.1.1.jar:/Users/dzmitryplatonov/.m2/repository/org/yaml/snakeyaml/1.23/snakeyaml-1.23.jar:/Users/dzmitryplatonov/.gradle/caches/modules-2/files-2.1/org.apache.tomcat.embed/tomcat-embed-websocket/9.0.26/8991b1bd82c5745e95a9161472a92dc1e5c7148e/tomcat-embed-websocket-9.0.26.jar:/Users/dzmitryplatonov/.gradle/caches/modules-2/files-2.1/org.apache.tomcat.embed/tomcat-embed-core/9.0.26/6312ba542bc58fa9ee789a43516ce4d862548a6b/tomcat-embed-core-9.0.26.jar:/Users/dzmitryplatonov/.gradle/caches/modules-2/files-2.1/org.apache.tomcat.embed/tomcat-embed-el/9.0.26/a551f05d3ecf5434eaadd75e0b51519447df124/tomcat-embed-el-9.0.26.jar:/Users/dzmitryplatonov/.gradle/caches/modules-2/files-2.1/org.codehaus.jackson/jackson-mapper-asl/1.9.13/1ee2f2bed0e5dd29d1cb155a166e6f8d50bbddb7/jackson-mapper-asl-1.9.13.jar:/Users/dzmitryplatonov/.gradle/caches/modules-2/files-2.1/org.bouncycastle/bcpkix-jdk15on/1.60/d0c46320fbc07be3a24eb13a56cee4e3d38e0c75/bcpkix-jdk15on-1.60.jar:/Users/dzmitryplatonov/.gradle/caches/modules-2/files-2.1/org.glassfish.jaxb/txw2/2.3.1/a09d2c48d3285f206fafbffe0e50619284e92126/txw2-2.3.1.jar:/Users/dzmitryplatonov/.gradle/caches/modules-2/files-2.1/com.sun.istack/istack-commons-runtime/3.0.7/c197c86ceec7318b1284bffb49b54226ca774003/istack-commons-runtime-3.0.7.jar:/Users/dzmitryplatonov/.gradle/caches/modules-2/files-2.1/org.jvnet.staxex/stax-ex/1.8/8cc35f73da321c29973191f2cf143d29d26a1df7/stax-ex-1.8.jar:/Users/dzmitryplatonov/.gradle/caches/modules-2/files-2.1/com.sun.xml.fastinfoset/FastInfoset/1.2.15/bb7b7ec0379982b97c62cd17465cb6d9155f68e8/FastInfoset-1.2.15.jar:/Users/dzmitryplatonov/.gradle/caches/modules-2/files-2.1/com.sun.mail/javax.mail/1.6.1/757ba4630692bb2a1ec2d9d57a616b63f15e947e/javax.mail-1.6.1.jar:/Users/dzmitryplatonov/.gradle/caches/modules-2/files-2.1/com.github.stephenc.jcip/jcip-annotations/1.0-1/ef31541dd28ae2cefdd17c7ebf352d93e9058c63/jcip-annotations-1.0-1.jar:/Users/dzmitryplatonov/.m2/repository/net/minidev/json-smart/2.3/json-smart-2.3.jar:/Users/dzmitryplatonov/.gradle/caches/modules-2/files-2.1/com.nimbusds/lang-tag/1.4.4/1db9a709239ae473a69b5424c7e78d0b7108229d/lang-tag-1.4.4.jar:/Users/dzmitryplatonov/.gradle/caches/modules-2/files-2.1/org.springframework/spring-jcl/5.2.0.RELEASE/59b53ab6f01dd3ba85875b61a284c161584c18a3/spring-jcl-5.2.0.RELEASE.jar:/Users/dzmitryplatonov/.m2/repository/javax/inject/javax.inject/1/javax.inject-1.jar:/Users/dzmitryplatonov/.gradle/caches/modules-2/files-2.1/org.sonatype.sisu.inject/cglib/2.2.1-v20090111/7ce5e983fd0e6c78346f4c9cbfa39d83049dda2/cglib-2.2.1-v20090111.jar:/Users/dzmitryplatonov/.m2/repository/commons-logging/commons-logging/1.2/commons-logging-1.2.jar:/Users/dzmitryplatonov/.m2/repository/net/jcip/jcip-annotations/1.0/jcip-annotations-1.0.jar:/Users/dzmitryplatonov/.m2/repository/xerces/xercesImpl/2.11.0/xercesImpl-2.11.0.jar:/Users/dzmitryplatonov/.gradle/caches/modules-2/files-2.1/org.apache.httpcomponents/httpcore/4.4.12/21ebaf6d532bc350ba95bd81938fa5f0e511c132/httpcore-4.4.12.jar:/Users/dzmitryplatonov/.gradle/caches/modules-2/files-2.1/com.google.guava/failureaccess/1.0.1/1dcf1de382a0bf95a3d8b0849546c88bac1292c9/failureaccess-1.0.1.jar:/Users/dzmitryplatonov/.gradle/caches/modules-2/files-2.1/com.google.guava/listenablefuture/9999.0-empty-to-avoid-conflict-with-guava/b421526c5f297295adef1c886e5246c39d4ac629/listenablefuture-9999.0-empty-to-avoid-conflict-with-guava.jar:/Users/dzmitryplatonov/.m2/repository/com/google/code/findbugs/jsr305/3.0.2/jsr305-3.0.2.jar:/Users/dzmitryplatonov/.gradle/caches/modules-2/files-2.1/org.checkerframework/checker-qual/2.5.2/cea74543d5904a30861a61b4643a5f2bb372efc4/checker-qual-2.5.2.jar:/Users/dzmitryplatonov/.gradle/caches/modules-2/files-2.1/com.google.errorprone/error_prone_annotations/2.2.0/88e3c593e9b3586e1c6177f89267da6fc6986f0c/error_prone_annotations-2.2.0.jar:/Users/dzmitryplatonov/.gradle/caches/modules-2/files-2.1/com.google.j2objc/j2objc-annotations/1.1/ed28ded51a8b1c6b112568def5f4b455e6809019/j2objc-annotations-1.1.jar:/Users/dzmitryplatonov/.gradle/caches/modules-2/files-2.1/org.codehaus.mojo/animal-sniffer-annotations/1.17/f97ce6decaea32b36101e37979f8b647f00681fb/animal-sniffer-annotations-1.17.jar:/Users/dzmitryplatonov/.gradle/caches/modules-2/files-2.1/org.codehaus.jackson/jackson-core-asl/1.9.13/3c304d70f42f832e0a86d45bd437f692129299a4/jackson-core-asl-1.9.13.jar:/Users/dzmitryplatonov/.gradle/caches/modules-2/files-2.1/org.bouncycastle/bcprov-jdk15on/1.60/bd47ad3bd14b8e82595c7adaa143501e60842a84/bcprov-jdk15on-1.60.jar:/Users/dzmitryplatonov/.m2/repository/javax/activation/activation/1.1/activation-1.1.jar:/Users/dzmitryplatonov/.m2/repository/net/minidev/accessors-smart/1.2/accessors-smart-1.2.jar:/Users/dzmitryplatonov/.gradle/caches/modules-2/files-2.1/asm/asm/3.1/c157def142714c544bdea2e6144645702adf7097/asm-3.1.jar:/Users/dzmitryplatonov/.m2/repository/xml-apis/xml-apis/1.4.01/xml-apis-1.4.01.jar:/Users/dzmitryplatonov/.m2/repository/ch/qos/logback/logback-core/1.2.3/logback-core-1.2.3.jar:/Users/dzmitryplatonov/.gradle/caches/modules-2/files-2.1/org.apache.tomcat/tomcat-annotations-api/9.0.26/bb4574456c5db64acfcd2aa6f426d87e6c05a772/tomcat-annotations-api-9.0.26.jar:/Users/dzmitryplatonov/.m2/repository/org/ow2/asm/asm/5.0.4/asm-5.0.4.jar, java.vm.vendor=Oracle Corporation, sun.arch.data.model=64, user.variant=, java.vendor.url=http://java.oracle.com/, user.timezone=Europe/Minsk, os.name=Mac OS X, java.vm.specification.version=11, javax.persistence.validation.mode=AUTO, user.country=BY, sun.java.launcher=SUN_STANDARD, sun.boot.library.path=/Library/Java/JavaVirtualMachines/jdk-11.0.4.jdk/Contents/Home/lib, sun.java.command=worker.org.gradle.process.internal.worker.GradleWorkerMain 'Gradle Test Executor 3', hibernate.transaction.jta.platform=org.hibernate.engine.transaction.jta.platform.internal.NoJtaPlatform@4faf2cab, http.nonProxyHosts=local|*.local|169.254/16|*.169.254/16, javax.persistence.sharedCache.mode=UNSPECIFIED, jdk.debug=release, sun.cpu.endian=little, user.home=/Users/dzmitryplatonov, user.language=ru, java.specification.vendor=Oracle Corporation, org.gradle.native=false, java.version.date=2019-07-16, java.home=/Library/Java/JavaVirtualMachines/jdk-11.0.4.jdk/Contents/Home, file.separator=/, java.vm.compressedOopsMode=Zero based, line.separator=
, java.specification.name=Java Platform API Specification, java.vm.specification.vendor=Oracle Corporation, hibernate.transaction.coordinator_class=class org.hibernate.resource.transaction.backend.jdbc.internal.JdbcResourceLocalTransactionCoordinatorBuilderImpl, java.awt.graphicsenv=sun.awt.CGraphicsEnvironment, hibernate.hbm2ddl.auto=create-drop, sun.management.compiler=HotSpot 64-Bit Tiered Compilers, ftp.nonProxyHosts=local|*.local|169.254/16|*.169.254/16, java.runtime.version=11.0.4+10-LTS, user.name=dzmitryplatonov, path.separator=:, os.version=10.14.6, java.runtime.name=Java(TM) SE Runtime Environment, file.encoding=UTF-8, hibernate.ejb.persistenceUnitName=default, java.vm.name=Java HotSpot(TM) 64-Bit Server VM, java.vendor.version=18.9, java.vendor.url.bug=http://bugreport.java.com/bugreport/, java.io.tmpdir=/var/folders/nm/5f650mms7n577yq7w4kkdfl80000gn/T/, com.zaxxer.hikari.pool_number=1, java.version=11.0.4, hibernate.physical_naming_strategy=org.springframework.boot.orm.jpa.hibernate.SpringPhysicalNamingStrategy, user.dir=/Users/dzmitryplatonov/Desktop/workdir/giftcertificates/datasource, os.arch=x86_64, java.vm.specification.name=Java Virtual Machine Specification, java.awt.printerjob=sun.lwawt.macosx.CPrinterJob, sun.os.patch.level=unknown, hibernate.boot.CfgXmlAccessService.key=org.hibernate.boot.cfgxml.spi.LoadedConfig@25b4d733, java.library.path=/Users/dzmitryplatonov/Library/Java/Extensions:/Library/Java/Extensions:/Network/Library/Java/Extensions:/System/Library/Java/Extensions:/usr/lib/java:., java.vendor=Oracle Corporation, java.vm.info=mixed mode, java.vm.version=11.0.4+10-LTS, hibernate.bytecode.use_reflection_optimizer=false, sun.io.unicode.encoding=UnicodeBig, hibernate.connection.datasource=HikariDataSource (HikariPool-17), socksNonProxyHosts=local|*.local|169.254/16|*.169.254/16, java.class.version=55.0}
17:03:35.589 [Test worker] DEBUG org.hibernate.validator.internal.engine.resolver.TraversableResolvers - Found javax.persistence.Persistence on classpath containing 'getPersistenceUtil'. Assuming JPA 2 environment. Trying to instantiate JPA aware TraversableResolver
17:03:35.589 [Test worker] DEBUG org.hibernate.validator.internal.engine.resolver.TraversableResolvers - Instantiated JPA aware TraversableResolver of type org.hibernate.validator.internal.engine.resolver.JPATraversableResolver.
17:03:35.589 [Test worker] DEBUG org.hibernate.validator.internal.xml.config.ValidationXmlParser - Trying to load META-INF/validation.xml for XML based Validator configuration.
17:03:35.589 [Test worker] DEBUG org.hibernate.validator.internal.xml.config.ResourceLoaderHelper - Trying to load META-INF/validation.xml via TCCL
17:03:35.590 [Test worker] DEBUG org.hibernate.validator.internal.xml.config.ResourceLoaderHelper - Trying to load META-INF/validation.xml via Hibernate Validator's class loader
17:03:35.596 [Test worker] DEBUG org.hibernate.validator.internal.xml.config.ValidationXmlParser - No META-INF/validation.xml found. Using annotation based configuration only.
17:03:35.601 [Test worker] DEBUG org.hibernate.validator.messageinterpolation.ResourceBundleMessageInterpolator - Loaded expression factory via original TCCL
17:03:35.601 [Test worker] DEBUG org.hibernate.validator.internal.engine.ValidatorFactoryImpl - HV000234: Using org.hibernate.validator.messageinterpolation.ResourceBundleMessageInterpolator as ValidatorFactory-scoped message interpolator.
17:03:35.601 [Test worker] DEBUG org.hibernate.validator.internal.engine.ValidatorFactoryImpl - HV000234: Using org.hibernate.validator.internal.engine.resolver.JPATraversableResolver as ValidatorFactory-scoped traversable resolver.
17:03:35.601 [Test worker] DEBUG org.hibernate.validator.internal.engine.ValidatorFactoryImpl - HV000234: Using org.hibernate.validator.internal.util.ExecutableParameterNameProvider as ValidatorFactory-scoped parameter name provider.
17:03:35.601 [Test worker] DEBUG org.hibernate.validator.internal.engine.ValidatorFactoryImpl - HV000234: Using org.hibernate.validator.internal.engine.DefaultClockProvider as ValidatorFactory-scoped clock provider.
17:03:35.601 [Test worker] DEBUG org.hibernate.validator.internal.engine.ValidatorFactoryImpl - HV000234: Using org.hibernate.validator.internal.engine.scripting.DefaultScriptEvaluatorFactory as ValidatorFactory-scoped script evaluator factory.
17:03:35.601 [Test worker] DEBUG org.hibernate.boot.internal.ClassLoaderAccessImpl - Not known whether passed class name [com.epam.esm.entity.Order] is safe
17:03:35.601 [Test worker] DEBUG org.hibernate.boot.internal.ClassLoaderAccessImpl - No temp ClassLoader provided; using live ClassLoader for loading potentially unsafe class : com.epam.esm.entity.Order
17:03:35.603 [Test worker] DEBUG org.hibernate.boot.internal.ClassLoaderAccessImpl - Not known whether passed class name [com.epam.esm.entity.GiftCertificate] is safe
17:03:35.603 [Test worker] DEBUG org.hibernate.boot.internal.ClassLoaderAccessImpl - No temp ClassLoader provided; using live ClassLoader for loading potentially unsafe class : com.epam.esm.entity.GiftCertificate
17:03:35.605 [Test worker] DEBUG org.hibernate.boot.internal.ClassLoaderAccessImpl - Not known whether passed class name [com.epam.esm.entity.User] is safe
17:03:35.605 [Test worker] DEBUG org.hibernate.boot.internal.ClassLoaderAccessImpl - No temp ClassLoader provided; using live ClassLoader for loading potentially unsafe class : com.epam.esm.entity.User
17:03:35.606 [Test worker] DEBUG org.hibernate.boot.internal.ClassLoaderAccessImpl - Not known whether passed class name [com.epam.esm.entity.Entity] is safe
17:03:35.606 [Test worker] DEBUG org.hibernate.boot.internal.ClassLoaderAccessImpl - No temp ClassLoader provided; using live ClassLoader for loading potentially unsafe class : com.epam.esm.entity.Entity
17:03:35.607 [Test worker] DEBUG org.hibernate.boot.internal.ClassLoaderAccessImpl - Not known whether passed class name [com.epam.esm.entity.Tag] is safe
17:03:35.607 [Test worker] DEBUG org.hibernate.boot.internal.ClassLoaderAccessImpl - No temp ClassLoader provided; using live ClassLoader for loading potentially unsafe class : com.epam.esm.entity.Tag
17:03:35.608 [Test worker] DEBUG org.hibernate.boot.internal.ClassLoaderAccessImpl - Not known whether passed class name [com.epam.esm.entity.OrderCertificate] is safe
17:03:35.608 [Test worker] DEBUG org.hibernate.boot.internal.ClassLoaderAccessImpl - No temp ClassLoader provided; using live ClassLoader for loading potentially unsafe class : com.epam.esm.entity.OrderCertificate
17:03:35.608 [Test worker] DEBUG org.hibernate.boot.internal.ClassLoaderAccessImpl - Not known whether passed class name [com.epam.esm.entity.Role] is safe
17:03:35.608 [Test worker] DEBUG org.hibernate.boot.internal.ClassLoaderAccessImpl - No temp ClassLoader provided; using live ClassLoader for loading potentially unsafe class : com.epam.esm.entity.Role
17:03:35.609 [Test worker] DEBUG org.hibernate.secure.spi.JaccIntegrator - Skipping JACC integration as it was not enabled
17:03:35.609 [Test worker] DEBUG org.hibernate.internal.SessionFactoryImpl - Instantiated session factory
17:03:35.609 [Test worker] DEBUG org.hibernate.type.spi.TypeConfiguration$Scope - Scoping TypeConfiguration [org.hibernate.type.spi.TypeConfiguration@368e87a4] to SessionFactoryImpl [org.hibernate.internal.SessionFactoryImpl@340ff0af]
17:03:35.610 [Test worker] DEBUG org.hibernate.boot.internal.ClassLoaderAccessImpl - Not known whether passed class name [com.epam.esm.entity.Order] is safe
17:03:35.610 [Test worker] DEBUG org.hibernate.boot.internal.ClassLoaderAccessImpl - No temp ClassLoader provided; using live ClassLoader for loading potentially unsafe class : com.epam.esm.entity.Order
17:03:35.610 [Test worker] DEBUG org.hibernate.boot.internal.ClassLoaderAccessImpl - Not known whether passed class name [com.epam.esm.entity.Order] is safe
17:03:35.610 [Test worker] DEBUG org.hibernate.boot.internal.ClassLoaderAccessImpl - No temp ClassLoader provided; using live ClassLoader for loading potentially unsafe class : com.epam.esm.entity.Order
17:03:35.616 [Test worker] DEBUG org.hibernate.boot.internal.ClassLoaderAccessImpl - Not known whether passed class name [com.epam.esm.entity.GiftCertificate] is safe
17:03:35.616 [Test worker] DEBUG org.hibernate.boot.internal.ClassLoaderAccessImpl - No temp ClassLoader provided; using live ClassLoader for loading potentially unsafe class : com.epam.esm.entity.GiftCertificate
17:03:35.616 [Test worker] DEBUG org.hibernate.boot.internal.ClassLoaderAccessImpl - Not known whether passed class name [com.epam.esm.entity.GiftCertificate] is safe
17:03:35.616 [Test worker] DEBUG org.hibernate.boot.internal.ClassLoaderAccessImpl - No temp ClassLoader provided; using live ClassLoader for loading potentially unsafe class : com.epam.esm.entity.GiftCertificate
17:03:35.625 [Test worker] DEBUG org.hibernate.boot.internal.ClassLoaderAccessImpl - Not known whether passed class name [com.epam.esm.entity.User] is safe
17:03:35.625 [Test worker] DEBUG org.hibernate.boot.internal.ClassLoaderAccessImpl - No temp ClassLoader provided; using live ClassLoader for loading potentially unsafe class : com.epam.esm.entity.User
17:03:35.625 [Test worker] DEBUG org.hibernate.boot.internal.ClassLoaderAccessImpl - Not known whether passed class name [com.epam.esm.entity.User] is safe
17:03:35.625 [Test worker] DEBUG org.hibernate.boot.internal.ClassLoaderAccessImpl - No temp ClassLoader provided; using live ClassLoader for loading potentially unsafe class : com.epam.esm.entity.User
17:03:35.630 [Test worker] DEBUG org.hibernate.boot.internal.ClassLoaderAccessImpl - Not known whether passed class name [com.epam.esm.entity.Entity] is safe
17:03:35.630 [Test worker] DEBUG org.hibernate.boot.internal.ClassLoaderAccessImpl - No temp ClassLoader provided; using live ClassLoader for loading potentially unsafe class : com.epam.esm.entity.Entity
17:03:35.630 [Test worker] DEBUG org.hibernate.boot.internal.ClassLoaderAccessImpl - Not known whether passed class name [com.epam.esm.entity.Entity] is safe
17:03:35.630 [Test worker] DEBUG org.hibernate.boot.internal.ClassLoaderAccessImpl - No temp ClassLoader provided; using live ClassLoader for loading potentially unsafe class : com.epam.esm.entity.Entity
17:03:35.635 [Test worker] DEBUG org.hibernate.boot.internal.ClassLoaderAccessImpl - Not known whether passed class name [com.epam.esm.entity.Tag] is safe
17:03:35.635 [Test worker] DEBUG org.hibernate.boot.internal.ClassLoaderAccessImpl - No temp ClassLoader provided; using live ClassLoader for loading potentially unsafe class : com.epam.esm.entity.Tag
17:03:35.635 [Test worker] DEBUG org.hibernate.boot.internal.ClassLoaderAccessImpl - Not known whether passed class name [com.epam.esm.entity.Tag] is safe
17:03:35.635 [Test worker] DEBUG org.hibernate.boot.internal.ClassLoaderAccessImpl - No temp ClassLoader provided; using live ClassLoader for loading potentially unsafe class : com.epam.esm.entity.Tag
17:03:35.638 [Test worker] DEBUG org.hibernate.boot.internal.ClassLoaderAccessImpl - Not known whether passed class name [com.epam.esm.entity.OrderCertificate] is safe
17:03:35.638 [Test worker] DEBUG org.hibernate.boot.internal.ClassLoaderAccessImpl - No temp ClassLoader provided; using live ClassLoader for loading potentially unsafe class : com.epam.esm.entity.OrderCertificate
17:03:35.639 [Test worker] DEBUG org.hibernate.boot.internal.ClassLoaderAccessImpl - Not known whether passed class name [com.epam.esm.entity.OrderCertificate] is safe
17:03:35.639 [Test worker] DEBUG org.hibernate.boot.internal.ClassLoaderAccessImpl - No temp ClassLoader provided; using live ClassLoader for loading potentially unsafe class : com.epam.esm.entity.OrderCertificate
17:03:35.644 [Test worker] DEBUG org.hibernate.boot.internal.ClassLoaderAccessImpl - Not known whether passed class name [com.epam.esm.entity.Role] is safe
17:03:35.644 [Test worker] DEBUG org.hibernate.boot.internal.ClassLoaderAccessImpl - No temp ClassLoader provided; using live ClassLoader for loading potentially unsafe class : com.epam.esm.entity.Role
17:03:35.644 [Test worker] DEBUG org.hibernate.boot.internal.ClassLoaderAccessImpl - Not known whether passed class name [com.epam.esm.entity.Role] is safe
17:03:35.644 [Test worker] DEBUG org.hibernate.boot.internal.ClassLoaderAccessImpl - No temp ClassLoader provided; using live ClassLoader for loading potentially unsafe class : com.epam.esm.entity.Role
17:03:35.650 [Test worker] DEBUG org.hibernate.persister.collection.AbstractCollectionPersister - Static SQL for collection: com.epam.esm.entity.GiftCertificate.tags
17:03:35.650 [Test worker] DEBUG org.hibernate.persister.collection.AbstractCollectionPersister -  Row insert: insert into certificate_tag (certificate_id, tag_id) values (?, ?)
17:03:35.650 [Test worker] DEBUG org.hibernate.persister.collection.AbstractCollectionPersister -  Row update: update certificate_tag set tag_id=? where certificate_id=? and tag_id=?
17:03:35.650 [Test worker] DEBUG org.hibernate.persister.collection.AbstractCollectionPersister -  Row delete: delete from certificate_tag where certificate_id=? and tag_id=?
17:03:35.650 [Test worker] DEBUG org.hibernate.persister.collection.AbstractCollectionPersister -  One-shot delete: delete from certificate_tag where certificate_id=?
17:03:35.650 [Test worker] DEBUG org.hibernate.persister.collection.AbstractCollectionPersister - Static SQL for collection: com.epam.esm.entity.Order.orderCertificates
17:03:35.650 [Test worker] DEBUG org.hibernate.persister.collection.AbstractCollectionPersister -  Row insert: update order_certificate set order_id=? where id=?
17:03:35.650 [Test worker] DEBUG org.hibernate.persister.collection.AbstractCollectionPersister -  Row update: update order_certificate set  where id=?
17:03:35.650 [Test worker] DEBUG org.hibernate.persister.collection.AbstractCollectionPersister -  Row delete: update order_certificate set order_id=null where order_id=? and id=?
17:03:35.650 [Test worker] DEBUG org.hibernate.persister.collection.AbstractCollectionPersister -  One-shot delete: update order_certificate set order_id=null where order_id=?
17:03:35.650 [Test worker] DEBUG org.hibernate.persister.collection.AbstractCollectionPersister - Static SQL for collection: com.epam.esm.entity.GiftCertificate.orderCertificates
17:03:35.650 [Test worker] DEBUG org.hibernate.persister.collection.AbstractCollectionPersister -  Row insert: update order_certificate set certificate_id=? where id=?
17:03:35.650 [Test worker] DEBUG org.hibernate.persister.collection.AbstractCollectionPersister -  Row update: update order_certificate set  where id=?
17:03:35.650 [Test worker] DEBUG org.hibernate.persister.collection.AbstractCollectionPersister -  Row delete: update order_certificate set certificate_id=null where certificate_id=? and id=?
17:03:35.650 [Test worker] DEBUG org.hibernate.persister.collection.AbstractCollectionPersister -  One-shot delete: update order_certificate set certificate_id=null where certificate_id=?
17:03:35.650 [Test worker] DEBUG org.hibernate.persister.collection.AbstractCollectionPersister - Static SQL for collection: com.epam.esm.entity.User.orders
17:03:35.650 [Test worker] DEBUG org.hibernate.persister.collection.AbstractCollectionPersister -  Row insert: update application_order set user_id=? where id=?
17:03:35.650 [Test worker] DEBUG org.hibernate.persister.collection.AbstractCollectionPersister -  Row update: update application_order set  where id=?
17:03:35.650 [Test worker] DEBUG org.hibernate.persister.collection.AbstractCollectionPersister -  Row delete: update application_order set user_id=null where user_id=? and id=?
17:03:35.650 [Test worker] DEBUG org.hibernate.persister.collection.AbstractCollectionPersister -  One-shot delete: update application_order set user_id=null where user_id=?
17:03:35.651 [Test worker] DEBUG org.hibernate.persister.entity.AbstractEntityPersister - Static SQL for entity: com.epam.esm.entity.Order
17:03:35.651 [Test worker] DEBUG org.hibernate.persister.entity.AbstractEntityPersister -  Version select: select id from application_order where id =?
17:03:35.651 [Test worker] DEBUG org.hibernate.persister.entity.AbstractEntityPersister -  Snapshot select: select order_.id, order_.active_status as active_s2_0_, order_.created_at as created_3_0_, order_.user_id as user_id4_0_ from application_order order_ where order_.id=?
17:03:35.651 [Test worker] DEBUG org.hibernate.persister.entity.AbstractEntityPersister -  Insert 0: insert into application_order (active_status, created_at, user_id, id) values (?, ?, ?, ?)
17:03:35.651 [Test worker] DEBUG org.hibernate.persister.entity.AbstractEntityPersister -  Update 0: update application_order set active_status=?, created_at=?, user_id=? where id=?
17:03:35.651 [Test worker] DEBUG org.hibernate.persister.entity.AbstractEntityPersister -  Delete 0: delete from application_order where id=?
17:03:35.651 [Test worker] DEBUG org.hibernate.persister.entity.AbstractEntityPersister -  Identity insert: insert into application_order (id, active_status, created_at, user_id) values (null, ?, ?, ?)
17:03:35.651 [Test worker] DEBUG org.hibernate.loader.plan.build.internal.spaces.QuerySpacesImpl - Adding QuerySpace : uid = <gen:0> -> org.hibernate.loader.plan.build.internal.spaces.EntityQuerySpaceImpl@506428ab]
17:03:35.651 [Test worker] DEBUG org.hibernate.persister.walking.spi.MetamodelGraphWalker - Visiting attribute path : activeStatus
17:03:35.651 [Test worker] DEBUG org.hibernate.persister.walking.spi.MetamodelGraphWalker - Visiting attribute path : createdAt
17:03:35.651 [Test worker] DEBUG org.hibernate.persister.walking.spi.MetamodelGraphWalker - Visiting attribute path : orderCertificates
17:03:35.651 [Test worker] DEBUG org.hibernate.loader.plan.build.internal.spaces.QuerySpacesImpl - Adding QuerySpace : uid = <gen:1> -> org.hibernate.loader.plan.build.internal.spaces.CollectionQuerySpaceImpl@16d558d4]
17:03:35.651 [Test worker] DEBUG org.hibernate.loader.plan.build.internal.spaces.QuerySpacesImpl - Adding QuerySpace : uid = <gen:2> -> org.hibernate.loader.plan.build.internal.spaces.EntityQuerySpaceImpl@4b82c212]
17:03:35.651 [Test worker] DEBUG org.hibernate.persister.walking.spi.MetamodelGraphWalker - Visiting attribute path : user
17:03:35.651 [Test worker] DEBUG org.hibernate.loader.plan.build.internal.spaces.QuerySpacesImpl - Adding QuerySpace : uid = <gen:3> -> org.hibernate.loader.plan.build.internal.spaces.EntityQuerySpaceImpl@3a528ab9]
17:03:35.651 [Test worker] DEBUG org.hibernate.persister.walking.spi.MetamodelGraphWalker - Visiting attribute path : user.email
17:03:35.651 [Test worker] DEBUG org.hibernate.persister.walking.spi.MetamodelGraphWalker - Visiting attribute path : user.orders
17:03:35.651 [Test worker] DEBUG org.hibernate.persister.walking.spi.MetamodelGraphWalker - Property path deemed to be circular : user.orders
17:03:35.651 [Test worker] DEBUG org.hibernate.persister.walking.spi.MetamodelGraphWalker - Visiting attribute path : user.password
17:03:35.651 [Test worker] DEBUG org.hibernate.persister.walking.spi.MetamodelGraphWalker - Visiting attribute path : user.refreshToken
17:03:35.651 [Test worker] DEBUG org.hibernate.persister.walking.spi.MetamodelGraphWalker - Visiting attribute path : user.role
17:03:35.651 [Test worker] DEBUG org.hibernate.loader.plan.build.internal.spaces.QuerySpacesImpl - Adding QuerySpace : uid = <gen:4> -> org.hibernate.loader.plan.build.internal.spaces.EntityQuerySpaceImpl@37400186]
17:03:35.651 [Test worker] DEBUG org.hibernate.persister.walking.spi.MetamodelGraphWalker - Visiting attribute path : user.role.value
17:03:35.651 [Test worker] DEBUG org.hibernate.loader.plan.build.internal.FetchStyleLoadPlanBuildingAssociationVisitationStrategy - Building LoadPlan...
17:03:35.652 [Test worker] DEBUG org.hibernate.loader.plan.exec.internal.LoadQueryJoinAndFetchProcessor - processing queryspace <gen:0>
17:03:35.652 [HikariPool-17 housekeeper] DEBUG com.zaxxer.hikari.pool.HikariPool - HikariPool-17 - Pool stats (total=1, active=0, idle=1, waiting=0)
17:03:35.652 [Test worker] DEBUG org.hibernate.loader.plan.build.spi.LoadPlanTreePrinter - LoadPlan(entity=com.epam.esm.entity.Order)
    - Returns
       - EntityReturnImpl(entity=com.epam.esm.entity.Order, querySpaceUid=<gen:0>, path=com.epam.esm.entity.Order)
          - CollectionAttributeFetchImpl(collection=com.epam.esm.entity.Order.orderCertificates, querySpaceUid=<gen:1>, path=com.epam.esm.entity.Order.orderCertificates)
             - (collection element) CollectionFetchableElementEntityGraph(entity=com.epam.esm.entity.OrderCertificate, querySpaceUid=<gen:2>, path=com.epam.esm.entity.Order.orderCertificates.<elements>)
          - EntityAttributeFetchImpl(entity=com.epam.esm.entity.User, querySpaceUid=<gen:3>, path=com.epam.esm.entity.Order.user)
             - EntityAttributeFetchImpl(entity=com.epam.esm.entity.Role, querySpaceUid=<gen:4>, path=com.epam.esm.entity.Order.user.role)
    - QuerySpaces
       - EntityQuerySpaceImpl(uid=<gen:0>, entity=com.epam.esm.entity.Order)
          - SQL table alias mapping - order0_
          - alias suffix - 0_
          - suffixed key columns - {id1_0_0_}
          - JOIN (JoinDefinedByMetadata(user)) : <gen:0> -> <gen:3>
             - EntityQuerySpaceImpl(uid=<gen:3>, entity=com.epam.esm.entity.User)
                - SQL table alias mapping - user1_
                - alias suffix - 1_
                - suffixed key columns - {id1_2_1_}
                - JOIN (JoinDefinedByMetadata(role)) : <gen:3> -> <gen:4>
                   - EntityQuerySpaceImpl(uid=<gen:4>, entity=com.epam.esm.entity.Role)
                      - SQL table alias mapping - role2_
                      - alias suffix - 2_
                      - suffixed key columns - {id1_1_2_}

17:03:35.652 [Test worker] DEBUG org.hibernate.loader.entity.plan.EntityLoader - Static select for entity com.epam.esm.entity.Order [NONE]: select order0_.id as id1_0_0_, order0_.active_status as active_s2_0_0_, order0_.created_at as created_3_0_0_, order0_.user_id as user_id4_0_0_, user1_.id as id1_2_1_, user1_.email as email2_2_1_, user1_.password as password3_2_1_, user1_.refresh_token as refresh_4_2_1_, user1_.role_id as role_id5_2_1_, role2_.id as id1_1_2_, role2_.value as value2_1_2_ from application_order order0_ left outer join application_user user1_ on order0_.user_id=user1_.id left outer join application_role role2_ on user1_.role_id=role2_.id where order0_.id=?
17:03:35.652 [Test worker] DEBUG org.hibernate.loader.plan.build.internal.spaces.QuerySpacesImpl - Adding QuerySpace : uid = <gen:0> -> org.hibernate.loader.plan.build.internal.spaces.EntityQuerySpaceImpl@44a69f94]
17:03:35.653 [Test worker] DEBUG org.hibernate.persister.walking.spi.MetamodelGraphWalker - Visiting attribute path : activeStatus
17:03:35.653 [Test worker] DEBUG org.hibernate.persister.walking.spi.MetamodelGraphWalker - Visiting attribute path : createdAt
17:03:35.653 [Test worker] DEBUG org.hibernate.persister.walking.spi.MetamodelGraphWalker - Visiting attribute path : orderCertificates
17:03:35.653 [Test worker] DEBUG org.hibernate.loader.plan.build.internal.spaces.QuerySpacesImpl - Adding QuerySpace : uid = <gen:1> -> org.hibernate.loader.plan.build.internal.spaces.CollectionQuerySpaceImpl@7188e2f]
17:03:35.653 [Test worker] DEBUG org.hibernate.loader.plan.build.internal.spaces.QuerySpacesImpl - Adding QuerySpace : uid = <gen:2> -> org.hibernate.loader.plan.build.internal.spaces.EntityQuerySpaceImpl@13ba1f55]
17:03:35.653 [Test worker] DEBUG org.hibernate.persister.walking.spi.MetamodelGraphWalker - Visiting attribute path : user
17:03:35.653 [Test worker] DEBUG org.hibernate.loader.plan.build.internal.spaces.QuerySpacesImpl - Adding QuerySpace : uid = <gen:3> -> org.hibernate.loader.plan.build.internal.spaces.EntityQuerySpaceImpl@63907889]
17:03:35.653 [Test worker] DEBUG org.hibernate.persister.walking.spi.MetamodelGraphWalker - Visiting attribute path : user.email
17:03:35.653 [Test worker] DEBUG org.hibernate.persister.walking.spi.MetamodelGraphWalker - Visiting attribute path : user.orders
17:03:35.653 [Test worker] DEBUG org.hibernate.persister.walking.spi.MetamodelGraphWalker - Property path deemed to be circular : user.orders
17:03:35.653 [Test worker] DEBUG org.hibernate.persister.walking.spi.MetamodelGraphWalker - Visiting attribute path : user.password
17:03:35.653 [Test worker] DEBUG org.hibernate.persister.walking.spi.MetamodelGraphWalker - Visiting attribute path : user.refreshToken
17:03:35.653 [HikariPool-17 connection adder] DEBUG com.zaxxer.hikari.pool.HikariPool - HikariPool-17 - Added connection conn161: url=jdbc:h2:mem:testdb user=SA
17:03:35.653 [Test worker] DEBUG org.hibernate.persister.walking.spi.MetamodelGraphWalker - Visiting attribute path : user.role
17:03:35.653 [Test worker] DEBUG org.hibernate.loader.plan.build.internal.spaces.QuerySpacesImpl - Adding QuerySpace : uid = <gen:4> -> org.hibernate.loader.plan.build.internal.spaces.EntityQuerySpaceImpl@f5af87d]
17:03:35.653 [Test worker] DEBUG org.hibernate.persister.walking.spi.MetamodelGraphWalker - Visiting attribute path : user.role.value
17:03:35.653 [Test worker] DEBUG org.hibernate.loader.plan.build.internal.FetchStyleLoadPlanBuildingAssociationVisitationStrategy - Building LoadPlan...
17:03:35.653 [Test worker] DEBUG org.hibernate.loader.plan.exec.internal.LoadQueryJoinAndFetchProcessor - processing queryspace <gen:0>
17:03:35.653 [HikariPool-17 connection adder] DEBUG com.zaxxer.hikari.pool.HikariPool - HikariPool-17 - Added connection conn162: url=jdbc:h2:mem:testdb user=SA
17:03:35.654 [Test worker] DEBUG org.hibernate.loader.plan.build.spi.LoadPlanTreePrinter - LoadPlan(entity=com.epam.esm.entity.Order)
    - Returns
       - EntityReturnImpl(entity=com.epam.esm.entity.Order, querySpaceUid=<gen:0>, path=com.epam.esm.entity.Order)
          - CollectionAttributeFetchImpl(collection=com.epam.esm.entity.Order.orderCertificates, querySpaceUid=<gen:1>, path=com.epam.esm.entity.Order.orderCertificates)
             - (collection element) CollectionFetchableElementEntityGraph(entity=com.epam.esm.entity.OrderCertificate, querySpaceUid=<gen:2>, path=com.epam.esm.entity.Order.orderCertificates.<elements>)
          - EntityAttributeFetchImpl(entity=com.epam.esm.entity.User, querySpaceUid=<gen:3>, path=com.epam.esm.entity.Order.user)
             - EntityAttributeFetchImpl(entity=com.epam.esm.entity.Role, querySpaceUid=<gen:4>, path=com.epam.esm.entity.Order.user.role)
    - QuerySpaces
       - EntityQuerySpaceImpl(uid=<gen:0>, entity=com.epam.esm.entity.Order)
          - SQL table alias mapping - order0_
          - alias suffix - 0_
          - suffixed key columns - {id1_0_0_}
          - JOIN (JoinDefinedByMetadata(user)) : <gen:0> -> <gen:3>
             - EntityQuerySpaceImpl(uid=<gen:3>, entity=com.epam.esm.entity.User)
                - SQL table alias mapping - user1_
                - alias suffix - 1_
                - suffixed key columns - {id1_2_1_}
                - JOIN (JoinDefinedByMetadata(role)) : <gen:3> -> <gen:4>
                   - EntityQuerySpaceImpl(uid=<gen:4>, entity=com.epam.esm.entity.Role)
                      - SQL table alias mapping - role2_
                      - alias suffix - 2_
                      - suffixed key columns - {id1_1_2_}

17:03:35.654 [HikariPool-17 connection adder] DEBUG com.zaxxer.hikari.pool.HikariPool - HikariPool-17 - Added connection conn163: url=jdbc:h2:mem:testdb user=SA
17:03:35.654 [Test worker] DEBUG org.hibernate.loader.entity.plan.EntityLoader - Static select for entity com.epam.esm.entity.Order [READ]: select order0_.id as id1_0_0_, order0_.active_status as active_s2_0_0_, order0_.created_at as created_3_0_0_, order0_.user_id as user_id4_0_0_, user1_.id as id1_2_1_, user1_.email as email2_2_1_, user1_.password as password3_2_1_, user1_.refresh_token as refresh_4_2_1_, user1_.role_id as role_id5_2_1_, role2_.id as id1_1_2_, role2_.value as value2_1_2_ from application_order order0_ left outer join application_user user1_ on order0_.user_id=user1_.id left outer join application_role role2_ on user1_.role_id=role2_.id where order0_.id=?
17:03:35.654 [HikariPool-17 connection adder] DEBUG com.zaxxer.hikari.pool.HikariPool - HikariPool-17 - Added connection conn164: url=jdbc:h2:mem:testdb user=SA
17:03:35.654 [Test worker] DEBUG org.hibernate.loader.Loader - Static select for action ACTION_MERGE on entity com.epam.esm.entity.Order: select order0_.id as id1_0_0_, order0_.active_status as active_s2_0_0_, order0_.created_at as created_3_0_0_, order0_.user_id as user_id4_0_0_ from application_order order0_ where order0_.id=?
17:03:35.654 [Test worker] DEBUG org.hibernate.loader.Loader - Static select for action ACTION_REFRESH on entity com.epam.esm.entity.Order: select order0_.id as id1_0_0_, order0_.active_status as active_s2_0_0_, order0_.created_at as created_3_0_0_, order0_.user_id as user_id4_0_0_ from application_order order0_ where order0_.id=?
17:03:35.654 [Test worker] DEBUG org.hibernate.persister.entity.AbstractEntityPersister - Static SQL for entity: com.epam.esm.entity.GiftCertificate
17:03:35.654 [HikariPool-17 connection adder] DEBUG com.zaxxer.hikari.pool.HikariPool - HikariPool-17 - Added connection conn165: url=jdbc:h2:mem:testdb user=SA
17:03:35.654 [Test worker] DEBUG org.hibernate.persister.entity.AbstractEntityPersister -  Version select: select id from certificate where id =?
17:03:35.654 [Test worker] DEBUG org.hibernate.persister.entity.AbstractEntityPersister -  Snapshot select: select giftcertif_.id, giftcertif_.active_status as active_s2_3_, giftcertif_.creation_date as creation3_3_, giftcertif_.description as descript4_3_, giftcertif_.expiration_date as expirati5_3_, giftcertif_.modification_date as modifica6_3_, giftcertif_.name as name7_3_, giftcertif_.price as price8_3_ from certificate giftcertif_ where giftcertif_.id=?
17:03:35.655 [Test worker] DEBUG org.hibernate.persister.entity.AbstractEntityPersister -  Insert 0: insert into certificate (active_status, creation_date, description, expiration_date, modification_date, name, price, id) values (?, ?, ?, ?, ?, ?, ?, ?)
17:03:35.655 [Test worker] DEBUG org.hibernate.persister.entity.AbstractEntityPersister -  Update 0: update certificate set active_status=?, creation_date=?, description=?, expiration_date=?, modification_date=?, name=?, price=? where id=?
17:03:35.655 [Test worker] DEBUG org.hibernate.persister.entity.AbstractEntityPersister -  Delete 0: delete from certificate where id=?
17:03:35.655 [Test worker] DEBUG org.hibernate.persister.entity.AbstractEntityPersister -  Identity insert: insert into certificate (id, active_status, creation_date, description, expiration_date, modification_date, name, price) values (null, ?, ?, ?, ?, ?, ?, ?)
17:03:35.655 [Test worker] DEBUG org.hibernate.loader.plan.build.internal.spaces.QuerySpacesImpl - Adding QuerySpace : uid = <gen:0> -> org.hibernate.loader.plan.build.internal.spaces.EntityQuerySpaceImpl@2c6d7356]
17:03:35.655 [HikariPool-17 connection adder] DEBUG com.zaxxer.hikari.pool.HikariPool - HikariPool-17 - Added connection conn166: url=jdbc:h2:mem:testdb user=SA
17:03:35.655 [Test worker] DEBUG org.hibernate.persister.walking.spi.MetamodelGraphWalker - Visiting attribute path : activeStatus
17:03:35.655 [Test worker] DEBUG org.hibernate.persister.walking.spi.MetamodelGraphWalker - Visiting attribute path : creationDate
17:03:35.655 [Test worker] DEBUG org.hibernate.persister.walking.spi.MetamodelGraphWalker - Visiting attribute path : description
17:03:35.655 [Test worker] DEBUG org.hibernate.persister.walking.spi.MetamodelGraphWalker - Visiting attribute path : expirationDate
17:03:35.655 [Test worker] DEBUG org.hibernate.persister.walking.spi.MetamodelGraphWalker - Visiting attribute path : modificationDate
17:03:35.655 [Test worker] DEBUG org.hibernate.persister.walking.spi.MetamodelGraphWalker - Visiting attribute path : name
17:03:35.655 [Test worker] DEBUG org.hibernate.persister.walking.spi.MetamodelGraphWalker - Visiting attribute path : orderCertificates
17:03:35.655 [Test worker] DEBUG org.hibernate.loader.plan.build.internal.spaces.QuerySpacesImpl - Adding QuerySpace : uid = <gen:1> -> org.hibernate.loader.plan.build.internal.spaces.CollectionQuerySpaceImpl@3b625cc6]
17:03:35.655 [Test worker] DEBUG org.hibernate.loader.plan.build.internal.spaces.QuerySpacesImpl - Adding QuerySpace : uid = <gen:2> -> org.hibernate.loader.plan.build.internal.spaces.EntityQuerySpaceImpl@3fccdf60]
17:03:35.655 [Test worker] DEBUG org.hibernate.persister.walking.spi.MetamodelGraphWalker - Visiting attribute path : price
17:03:35.655 [Test worker] DEBUG org.hibernate.persister.walking.spi.MetamodelGraphWalker - Visiting attribute path : tags
17:03:35.655 [HikariPool-17 connection adder] DEBUG com.zaxxer.hikari.pool.HikariPool - HikariPool-17 - Added connection conn167: url=jdbc:h2:mem:testdb user=SA
17:03:35.655 [Test worker] DEBUG org.hibernate.loader.plan.build.internal.spaces.QuerySpacesImpl - Adding QuerySpace : uid = <gen:3> -> org.hibernate.loader.plan.build.internal.spaces.CollectionQuerySpaceImpl@78fcec0c]
17:03:35.655 [Test worker] DEBUG org.hibernate.loader.plan.build.internal.spaces.QuerySpacesImpl - Adding QuerySpace : uid = <gen:4> -> org.hibernate.loader.plan.build.internal.spaces.EntityQuerySpaceImpl@5ec2ffd]
17:03:35.655 [Test worker] DEBUG org.hibernate.loader.plan.build.internal.FetchStyleLoadPlanBuildingAssociationVisitationStrategy - Building LoadPlan...
17:03:35.655 [Test worker] DEBUG org.hibernate.loader.plan.exec.internal.LoadQueryJoinAndFetchProcessor - processing queryspace <gen:0>
17:03:35.656 [HikariPool-17 connection adder] DEBUG com.zaxxer.hikari.pool.HikariPool - HikariPool-17 - Added connection conn168: url=jdbc:h2:mem:testdb user=SA
17:03:35.656 [Test worker] DEBUG org.hibernate.loader.plan.build.spi.LoadPlanTreePrinter - LoadPlan(entity=com.epam.esm.entity.GiftCertificate)
    - Returns
       - EntityReturnImpl(entity=com.epam.esm.entity.GiftCertificate, querySpaceUid=<gen:0>, path=com.epam.esm.entity.GiftCertificate)
          - CollectionAttributeFetchImpl(collection=com.epam.esm.entity.GiftCertificate.orderCertificates, querySpaceUid=<gen:1>, path=com.epam.esm.entity.GiftCertificate.orderCertificates)
             - (collection element) CollectionFetchableElementEntityGraph(entity=com.epam.esm.entity.OrderCertificate, querySpaceUid=<gen:2>, path=com.epam.esm.entity.GiftCertificate.orderCertificates.<elements>)
          - CollectionAttributeFetchImpl(collection=com.epam.esm.entity.GiftCertificate.tags, querySpaceUid=<gen:3>, path=com.epam.esm.entity.GiftCertificate.tags)
             - (collection element) CollectionFetchableElementEntityGraph(entity=com.epam.esm.entity.Tag, querySpaceUid=<gen:4>, path=com.epam.esm.entity.GiftCertificate.tags.<elements>)
    - QuerySpaces
       - EntityQuerySpaceImpl(uid=<gen:0>, entity=com.epam.esm.entity.GiftCertificate)
          - SQL table alias mapping - giftcertif0_
          - alias suffix - 0_
          - suffixed key columns - {id1_3_0_}

17:03:35.656 [Test worker] DEBUG org.hibernate.loader.entity.plan.EntityLoader - Static select for entity com.epam.esm.entity.GiftCertificate [NONE]: select giftcertif0_.id as id1_3_0_, giftcertif0_.active_status as active_s2_3_0_, giftcertif0_.creation_date as creation3_3_0_, giftcertif0_.description as descript4_3_0_, giftcertif0_.expiration_date as expirati5_3_0_, giftcertif0_.modification_date as modifica6_3_0_, giftcertif0_.name as name7_3_0_, giftcertif0_.price as price8_3_0_ from certificate giftcertif0_ where giftcertif0_.id=?
17:03:35.656 [Test worker] DEBUG org.hibernate.loader.plan.build.internal.spaces.QuerySpacesImpl - Adding QuerySpace : uid = <gen:0> -> org.hibernate.loader.plan.build.internal.spaces.EntityQuerySpaceImpl@2cc1c7ea]
17:03:35.656 [Test worker] DEBUG org.hibernate.persister.walking.spi.MetamodelGraphWalker - Visiting attribute path : activeStatus
17:03:35.656 [Test worker] DEBUG org.hibernate.persister.walking.spi.MetamodelGraphWalker - Visiting attribute path : creationDate
17:03:35.656 [Test worker] DEBUG org.hibernate.persister.walking.spi.MetamodelGraphWalker - Visiting attribute path : description
17:03:35.656 [Test worker] DEBUG org.hibernate.persister.walking.spi.MetamodelGraphWalker - Visiting attribute path : expirationDate
17:03:35.656 [Test worker] DEBUG org.hibernate.persister.walking.spi.MetamodelGraphWalker - Visiting attribute path : modificationDate
17:03:35.656 [Test worker] DEBUG org.hibernate.persister.walking.spi.MetamodelGraphWalker - Visiting attribute path : name
17:03:35.656 [Test worker] DEBUG org.hibernate.persister.walking.spi.MetamodelGraphWalker - Visiting attribute path : orderCertificates
17:03:35.656 [HikariPool-17 connection adder] DEBUG com.zaxxer.hikari.pool.HikariPool - HikariPool-17 - Added connection conn169: url=jdbc:h2:mem:testdb user=SA
17:03:35.656 [HikariPool-17 connection adder] DEBUG com.zaxxer.hikari.pool.HikariPool - HikariPool-17 - After adding stats (total=10, active=0, idle=10, waiting=0)
17:03:35.656 [Test worker] DEBUG org.hibernate.loader.plan.build.internal.spaces.QuerySpacesImpl - Adding QuerySpace : uid = <gen:1> -> org.hibernate.loader.plan.build.internal.spaces.CollectionQuerySpaceImpl@6a2c34f8]
17:03:35.656 [Test worker] DEBUG org.hibernate.loader.plan.build.internal.spaces.QuerySpacesImpl - Adding QuerySpace : uid = <gen:2> -> org.hibernate.loader.plan.build.internal.spaces.EntityQuerySpaceImpl@edb7d87]
17:03:35.656 [Test worker] DEBUG org.hibernate.persister.walking.spi.MetamodelGraphWalker - Visiting attribute path : price
17:03:35.656 [Test worker] DEBUG org.hibernate.persister.walking.spi.MetamodelGraphWalker - Visiting attribute path : tags
17:03:35.656 [Test worker] DEBUG org.hibernate.loader.plan.build.internal.spaces.QuerySpacesImpl - Adding QuerySpace : uid = <gen:3> -> org.hibernate.loader.plan.build.internal.spaces.CollectionQuerySpaceImpl@2c870521]
17:03:35.656 [Test worker] DEBUG org.hibernate.loader.plan.build.internal.spaces.QuerySpacesImpl - Adding QuerySpace : uid = <gen:4> -> org.hibernate.loader.plan.build.internal.spaces.EntityQuerySpaceImpl@20722b2e]
17:03:35.656 [Test worker] DEBUG org.hibernate.loader.plan.build.internal.FetchStyleLoadPlanBuildingAssociationVisitationStrategy - Building LoadPlan...
17:03:35.656 [Test worker] DEBUG org.hibernate.loader.plan.exec.internal.LoadQueryJoinAndFetchProcessor - processing queryspace <gen:0>
17:03:35.656 [Test worker] DEBUG org.hibernate.loader.plan.build.spi.LoadPlanTreePrinter - LoadPlan(entity=com.epam.esm.entity.GiftCertificate)
    - Returns
       - EntityReturnImpl(entity=com.epam.esm.entity.GiftCertificate, querySpaceUid=<gen:0>, path=com.epam.esm.entity.GiftCertificate)
          - CollectionAttributeFetchImpl(collection=com.epam.esm.entity.GiftCertificate.orderCertificates, querySpaceUid=<gen:1>, path=com.epam.esm.entity.GiftCertificate.orderCertificates)
             - (collection element) CollectionFetchableElementEntityGraph(entity=com.epam.esm.entity.OrderCertificate, querySpaceUid=<gen:2>, path=com.epam.esm.entity.GiftCertificate.orderCertificates.<elements>)
          - CollectionAttributeFetchImpl(collection=com.epam.esm.entity.GiftCertificate.tags, querySpaceUid=<gen:3>, path=com.epam.esm.entity.GiftCertificate.tags)
             - (collection element) CollectionFetchableElementEntityGraph(entity=com.epam.esm.entity.Tag, querySpaceUid=<gen:4>, path=com.epam.esm.entity.GiftCertificate.tags.<elements>)
    - QuerySpaces
       - EntityQuerySpaceImpl(uid=<gen:0>, entity=com.epam.esm.entity.GiftCertificate)
          - SQL table alias mapping - giftcertif0_
          - alias suffix - 0_
          - suffixed key columns - {id1_3_0_}

17:03:35.656 [Test worker] DEBUG org.hibernate.loader.entity.plan.EntityLoader - Static select for entity com.epam.esm.entity.GiftCertificate [READ]: select giftcertif0_.id as id1_3_0_, giftcertif0_.active_status as active_s2_3_0_, giftcertif0_.creation_date as creation3_3_0_, giftcertif0_.description as descript4_3_0_, giftcertif0_.expiration_date as expirati5_3_0_, giftcertif0_.modification_date as modifica6_3_0_, giftcertif0_.name as name7_3_0_, giftcertif0_.price as price8_3_0_ from certificate giftcertif0_ where giftcertif0_.id=?
17:03:35.657 [Test worker] DEBUG org.hibernate.loader.Loader - Static select for action ACTION_MERGE on entity com.epam.esm.entity.GiftCertificate: select giftcertif0_.id as id1_3_2_, giftcertif0_.active_status as active_s2_3_2_, giftcertif0_.creation_date as creation3_3_2_, giftcertif0_.description as descript4_3_2_, giftcertif0_.expiration_date as expirati5_3_2_, giftcertif0_.modification_date as modifica6_3_2_, giftcertif0_.name as name7_3_2_, giftcertif0_.price as price8_3_2_, ordercerti1_.certificate_id as certific4_6_4_, ordercerti1_.id as id1_6_4_, ordercerti1_.id as id1_6_0_, ordercerti1_.certificate_id as certific4_6_0_, ordercerti1_.expiration_date as expirati2_6_0_, ordercerti1_.fixed_price as fixed_pr3_6_0_, ordercerti1_.order_id as order_id5_6_0_, order2_.id as id1_0_1_, order2_.active_status as active_s2_0_1_, order2_.created_at as created_3_0_1_, order2_.user_id as user_id4_0_1_ from certificate giftcertif0_ left outer join order_certificate ordercerti1_ on giftcertif0_.id=ordercerti1_.certificate_id left outer join application_order order2_ on ordercerti1_.order_id=order2_.id where giftcertif0_.id=?
17:03:35.657 [Test worker] DEBUG org.hibernate.loader.Loader - Static select for action ACTION_REFRESH on entity com.epam.esm.entity.GiftCertificate: select giftcertif0_.id as id1_3_2_, giftcertif0_.active_status as active_s2_3_2_, giftcertif0_.creation_date as creation3_3_2_, giftcertif0_.description as descript4_3_2_, giftcertif0_.expiration_date as expirati5_3_2_, giftcertif0_.modification_date as modifica6_3_2_, giftcertif0_.name as name7_3_2_, giftcertif0_.price as price8_3_2_, ordercerti1_.certificate_id as certific4_6_4_, ordercerti1_.id as id1_6_4_, ordercerti1_.id as id1_6_0_, ordercerti1_.certificate_id as certific4_6_0_, ordercerti1_.expiration_date as expirati2_6_0_, ordercerti1_.fixed_price as fixed_pr3_6_0_, ordercerti1_.order_id as order_id5_6_0_, order2_.id as id1_0_1_, order2_.active_status as active_s2_0_1_, order2_.created_at as created_3_0_1_, order2_.user_id as user_id4_0_1_ from certificate giftcertif0_ left outer join order_certificate ordercerti1_ on giftcertif0_.id=ordercerti1_.certificate_id left outer join application_order order2_ on ordercerti1_.order_id=order2_.id where giftcertif0_.id=?
17:03:35.657 [Test worker] DEBUG org.hibernate.persister.entity.AbstractEntityPersister - Static SQL for entity: com.epam.esm.entity.User
17:03:35.657 [Test worker] DEBUG org.hibernate.persister.entity.AbstractEntityPersister -  Version select: select id from application_user where id =?
17:03:35.657 [Test worker] DEBUG org.hibernate.persister.entity.AbstractEntityPersister -  Snapshot select: select user_.id, user_.email as email2_2_, user_.password as password3_2_, user_.refresh_token as refresh_4_2_, user_.role_id as role_id5_2_ from application_user user_ where user_.id=?
17:03:35.657 [Test worker] DEBUG org.hibernate.persister.entity.AbstractEntityPersister -  Insert 0: insert into application_user (email, password, refresh_token, role_id, id) values (?, ?, ?, ?, ?)
17:03:35.657 [Test worker] DEBUG org.hibernate.persister.entity.AbstractEntityPersister -  Update 0: update application_user set email=?, password=?, refresh_token=?, role_id=? where id=?
17:03:35.657 [Test worker] DEBUG org.hibernate.persister.entity.AbstractEntityPersister -  Delete 0: delete from application_user where id=?
17:03:35.657 [Test worker] DEBUG org.hibernate.persister.entity.AbstractEntityPersister -  Identity insert: insert into application_user (id, email, password, refresh_token, role_id) values (null, ?, ?, ?, ?)
17:03:35.657 [Test worker] DEBUG org.hibernate.loader.plan.build.internal.spaces.QuerySpacesImpl - Adding QuerySpace : uid = <gen:0> -> org.hibernate.loader.plan.build.internal.spaces.EntityQuerySpaceImpl@2b72402c]
17:03:35.658 [Test worker] DEBUG org.hibernate.persister.walking.spi.MetamodelGraphWalker - Visiting attribute path : email
17:03:35.658 [Test worker] DEBUG org.hibernate.persister.walking.spi.MetamodelGraphWalker - Visiting attribute path : orders
17:03:35.658 [Test worker] DEBUG org.hibernate.loader.plan.build.internal.spaces.QuerySpacesImpl - Adding QuerySpace : uid = <gen:1> -> org.hibernate.loader.plan.build.internal.spaces.CollectionQuerySpaceImpl@6aaa9b6e]
17:03:35.658 [Test worker] DEBUG org.hibernate.loader.plan.build.internal.spaces.QuerySpacesImpl - Adding QuerySpace : uid = <gen:2> -> org.hibernate.loader.plan.build.internal.spaces.EntityQuerySpaceImpl@5bb0e64e]
17:03:35.658 [Test worker] DEBUG org.hibernate.persister.walking.spi.MetamodelGraphWalker - Visiting attribute path : password
17:03:35.658 [Test worker] DEBUG org.hibernate.persister.walking.spi.MetamodelGraphWalker - Visiting attribute path : refreshToken
17:03:35.658 [Test worker] DEBUG org.hibernate.persister.walking.spi.MetamodelGraphWalker - Visiting attribute path : role
17:03:35.658 [Test worker] DEBUG org.hibernate.loader.plan.build.internal.spaces.QuerySpacesImpl - Adding QuerySpace : uid = <gen:3> -> org.hibernate.loader.plan.build.internal.spaces.EntityQuerySpaceImpl@627abe34]
17:03:35.658 [Test worker] DEBUG org.hibernate.persister.walking.spi.MetamodelGraphWalker - Visiting attribute path : role.value
17:03:35.658 [Test worker] DEBUG org.hibernate.loader.plan.build.internal.FetchStyleLoadPlanBuildingAssociationVisitationStrategy - Building LoadPlan...
17:03:35.658 [Test worker] DEBUG org.hibernate.loader.plan.exec.internal.LoadQueryJoinAndFetchProcessor - processing queryspace <gen:0>
17:03:35.658 [Test worker] DEBUG org.hibernate.loader.plan.build.spi.LoadPlanTreePrinter - LoadPlan(entity=com.epam.esm.entity.User)
    - Returns
       - EntityReturnImpl(entity=com.epam.esm.entity.User, querySpaceUid=<gen:0>, path=com.epam.esm.entity.User)
          - CollectionAttributeFetchImpl(collection=com.epam.esm.entity.User.orders, querySpaceUid=<gen:1>, path=com.epam.esm.entity.User.orders)
             - (collection element) CollectionFetchableElementEntityGraph(entity=com.epam.esm.entity.Order, querySpaceUid=<gen:2>, path=com.epam.esm.entity.User.orders.<elements>)
          - EntityAttributeFetchImpl(entity=com.epam.esm.entity.Role, querySpaceUid=<gen:3>, path=com.epam.esm.entity.User.role)
    - QuerySpaces
       - EntityQuerySpaceImpl(uid=<gen:0>, entity=com.epam.esm.entity.User)
          - SQL table alias mapping - user0_
          - alias suffix - 0_
          - suffixed key columns - {id1_2_0_}
          - JOIN (JoinDefinedByMetadata(role)) : <gen:0> -> <gen:3>
             - EntityQuerySpaceImpl(uid=<gen:3>, entity=com.epam.esm.entity.Role)
                - SQL table alias mapping - role1_
                - alias suffix - 1_
                - suffixed key columns - {id1_1_1_}

17:03:35.658 [Test worker] DEBUG org.hibernate.loader.entity.plan.EntityLoader - Static select for entity com.epam.esm.entity.User [NONE]: select user0_.id as id1_2_0_, user0_.email as email2_2_0_, user0_.password as password3_2_0_, user0_.refresh_token as refresh_4_2_0_, user0_.role_id as role_id5_2_0_, role1_.id as id1_1_1_, role1_.value as value2_1_1_ from application_user user0_ left outer join application_role role1_ on user0_.role_id=role1_.id where user0_.id=?
17:03:35.658 [Test worker] DEBUG org.hibernate.loader.plan.build.internal.spaces.QuerySpacesImpl - Adding QuerySpace : uid = <gen:0> -> org.hibernate.loader.plan.build.internal.spaces.EntityQuerySpaceImpl@2366a0ec]
17:03:35.658 [Test worker] DEBUG org.hibernate.persister.walking.spi.MetamodelGraphWalker - Visiting attribute path : email
17:03:35.658 [Test worker] DEBUG org.hibernate.persister.walking.spi.MetamodelGraphWalker - Visiting attribute path : orders
17:03:35.658 [Test worker] DEBUG org.hibernate.loader.plan.build.internal.spaces.QuerySpacesImpl - Adding QuerySpace : uid = <gen:1> -> org.hibernate.loader.plan.build.internal.spaces.CollectionQuerySpaceImpl@48843a95]
17:03:35.658 [Test worker] DEBUG org.hibernate.loader.plan.build.internal.spaces.QuerySpacesImpl - Adding QuerySpace : uid = <gen:2> -> org.hibernate.loader.plan.build.internal.spaces.EntityQuerySpaceImpl@1c379d10]
17:03:35.658 [Test worker] DEBUG org.hibernate.persister.walking.spi.MetamodelGraphWalker - Visiting attribute path : password
17:03:35.658 [Test worker] DEBUG org.hibernate.persister.walking.spi.MetamodelGraphWalker - Visiting attribute path : refreshToken
17:03:35.658 [Test worker] DEBUG org.hibernate.persister.walking.spi.MetamodelGraphWalker - Visiting attribute path : role
17:03:35.659 [Test worker] DEBUG org.hibernate.loader.plan.build.internal.spaces.QuerySpacesImpl - Adding QuerySpace : uid = <gen:3> -> org.hibernate.loader.plan.build.internal.spaces.EntityQuerySpaceImpl@a402fba]
17:03:35.659 [Test worker] DEBUG org.hibernate.persister.walking.spi.MetamodelGraphWalker - Visiting attribute path : role.value
17:03:35.659 [Test worker] DEBUG org.hibernate.loader.plan.build.internal.FetchStyleLoadPlanBuildingAssociationVisitationStrategy - Building LoadPlan...
17:03:35.659 [Test worker] DEBUG org.hibernate.loader.plan.exec.internal.LoadQueryJoinAndFetchProcessor - processing queryspace <gen:0>
17:03:35.659 [Test worker] DEBUG org.hibernate.loader.plan.build.spi.LoadPlanTreePrinter - LoadPlan(entity=com.epam.esm.entity.User)
    - Returns
       - EntityReturnImpl(entity=com.epam.esm.entity.User, querySpaceUid=<gen:0>, path=com.epam.esm.entity.User)
          - CollectionAttributeFetchImpl(collection=com.epam.esm.entity.User.orders, querySpaceUid=<gen:1>, path=com.epam.esm.entity.User.orders)
             - (collection element) CollectionFetchableElementEntityGraph(entity=com.epam.esm.entity.Order, querySpaceUid=<gen:2>, path=com.epam.esm.entity.User.orders.<elements>)
          - EntityAttributeFetchImpl(entity=com.epam.esm.entity.Role, querySpaceUid=<gen:3>, path=com.epam.esm.entity.User.role)
    - QuerySpaces
       - EntityQuerySpaceImpl(uid=<gen:0>, entity=com.epam.esm.entity.User)
          - SQL table alias mapping - user0_
          - alias suffix - 0_
          - suffixed key columns - {id1_2_0_}
          - JOIN (JoinDefinedByMetadata(role)) : <gen:0> -> <gen:3>
             - EntityQuerySpaceImpl(uid=<gen:3>, entity=com.epam.esm.entity.Role)
                - SQL table alias mapping - role1_
                - alias suffix - 1_
                - suffixed key columns - {id1_1_1_}

17:03:35.659 [Test worker] DEBUG org.hibernate.loader.entity.plan.EntityLoader - Static select for entity com.epam.esm.entity.User [READ]: select user0_.id as id1_2_0_, user0_.email as email2_2_0_, user0_.password as password3_2_0_, user0_.refresh_token as refresh_4_2_0_, user0_.role_id as role_id5_2_0_, role1_.id as id1_1_1_, role1_.value as value2_1_1_ from application_user user0_ left outer join application_role role1_ on user0_.role_id=role1_.id where user0_.id=?
17:03:35.659 [Test worker] DEBUG org.hibernate.loader.Loader - Static select for action ACTION_MERGE on entity com.epam.esm.entity.User: select user0_.id as id1_2_0_, user0_.email as email2_2_0_, user0_.password as password3_2_0_, user0_.refresh_token as refresh_4_2_0_, user0_.role_id as role_id5_2_0_ from application_user user0_ where user0_.id=?
17:03:35.659 [Test worker] DEBUG org.hibernate.loader.Loader - Static select for action ACTION_REFRESH on entity com.epam.esm.entity.User: select user0_.id as id1_2_0_, user0_.email as email2_2_0_, user0_.password as password3_2_0_, user0_.refresh_token as refresh_4_2_0_, user0_.role_id as role_id5_2_0_ from application_user user0_ where user0_.id=?
17:03:35.659 [Test worker] DEBUG org.hibernate.persister.entity.AbstractEntityPersister - Static SQL for entity: com.epam.esm.entity.Entity
17:03:35.659 [Test worker] DEBUG org.hibernate.persister.entity.AbstractEntityPersister -  Version select: select id from entity where id =?
17:03:35.659 [Test worker] DEBUG org.hibernate.persister.entity.AbstractEntityPersister -  Snapshot select: select entity_.id from entity entity_ where entity_.id=?
17:03:35.659 [Test worker] DEBUG org.hibernate.persister.entity.AbstractEntityPersister -  Insert 0: insert into entity (id) values (?)
17:03:35.659 [Test worker] DEBUG org.hibernate.persister.entity.AbstractEntityPersister -  Update 0: null
17:03:35.659 [Test worker] DEBUG org.hibernate.persister.entity.AbstractEntityPersister -  Delete 0: delete from entity where id=?
17:03:35.659 [Test worker] DEBUG org.hibernate.persister.entity.AbstractEntityPersister -  Identity insert: insert into entity (id) values (null)
17:03:35.659 [Test worker] DEBUG org.hibernate.loader.plan.build.internal.spaces.QuerySpacesImpl - Adding QuerySpace : uid = <gen:0> -> org.hibernate.loader.plan.build.internal.spaces.EntityQuerySpaceImpl@597920c5]
17:03:35.660 [Test worker] DEBUG org.hibernate.loader.plan.build.internal.FetchStyleLoadPlanBuildingAssociationVisitationStrategy - Building LoadPlan...
17:03:35.660 [Test worker] DEBUG org.hibernate.loader.plan.exec.internal.LoadQueryJoinAndFetchProcessor - processing queryspace <gen:0>
17:03:35.660 [Test worker] DEBUG org.hibernate.loader.plan.build.spi.LoadPlanTreePrinter - LoadPlan(entity=com.epam.esm.entity.Entity)
    - Returns
       - EntityReturnImpl(entity=com.epam.esm.entity.Entity, querySpaceUid=<gen:0>, path=com.epam.esm.entity.Entity)
    - QuerySpaces
       - EntityQuerySpaceImpl(uid=<gen:0>, entity=com.epam.esm.entity.Entity)
          - SQL table alias mapping - entity0_
          - alias suffix - 0_
          - suffixed key columns - {id1_5_0_}

17:03:35.660 [Test worker] DEBUG org.hibernate.loader.entity.plan.EntityLoader - Static select for entity com.epam.esm.entity.Entity [NONE]: select entity0_.id as id1_5_0_ from entity entity0_ where entity0_.id=?
17:03:35.660 [Test worker] DEBUG org.hibernate.loader.plan.build.internal.spaces.QuerySpacesImpl - Adding QuerySpace : uid = <gen:0> -> org.hibernate.loader.plan.build.internal.spaces.EntityQuerySpaceImpl@72302492]
17:03:35.660 [Test worker] DEBUG org.hibernate.loader.plan.build.internal.FetchStyleLoadPlanBuildingAssociationVisitationStrategy - Building LoadPlan...
17:03:35.660 [Test worker] DEBUG org.hibernate.loader.plan.exec.internal.LoadQueryJoinAndFetchProcessor - processing queryspace <gen:0>
17:03:35.660 [Test worker] DEBUG org.hibernate.loader.plan.build.spi.LoadPlanTreePrinter - LoadPlan(entity=com.epam.esm.entity.Entity)
    - Returns
       - EntityReturnImpl(entity=com.epam.esm.entity.Entity, querySpaceUid=<gen:0>, path=com.epam.esm.entity.Entity)
    - QuerySpaces
       - EntityQuerySpaceImpl(uid=<gen:0>, entity=com.epam.esm.entity.Entity)
          - SQL table alias mapping - entity0_
          - alias suffix - 0_
          - suffixed key columns - {id1_5_0_}

17:03:35.660 [Test worker] DEBUG org.hibernate.loader.entity.plan.EntityLoader - Static select for entity com.epam.esm.entity.Entity [READ]: select entity0_.id as id1_5_0_ from entity entity0_ where entity0_.id=?
17:03:35.660 [Test worker] DEBUG org.hibernate.loader.Loader - Static select for action ACTION_MERGE on entity com.epam.esm.entity.Entity: select entity0_.id as id1_5_0_ from entity entity0_ where entity0_.id=?
17:03:35.660 [Test worker] DEBUG org.hibernate.loader.Loader - Static select for action ACTION_REFRESH on entity com.epam.esm.entity.Entity: select entity0_.id as id1_5_0_ from entity entity0_ where entity0_.id=?
17:03:35.660 [Test worker] DEBUG org.hibernate.persister.entity.AbstractEntityPersister - Static SQL for entity: com.epam.esm.entity.Tag
17:03:35.661 [Test worker] DEBUG org.hibernate.persister.entity.AbstractEntityPersister -  Version select: select id from tag where id =?
17:03:35.661 [Test worker] DEBUG org.hibernate.persister.entity.AbstractEntityPersister -  Snapshot select: select tag_.id from tag tag_ where tag_.id=?
17:03:35.661 [Test worker] DEBUG org.hibernate.persister.entity.AbstractEntityPersister -  Insert 0: insert into tag (title, id) values (?, ?)
17:03:35.661 [Test worker] DEBUG org.hibernate.persister.entity.AbstractEntityPersister -  Update 0: null
17:03:35.661 [Test worker] DEBUG org.hibernate.persister.entity.AbstractEntityPersister -  Delete 0: delete from tag where id=?
17:03:35.661 [Test worker] DEBUG org.hibernate.persister.entity.AbstractEntityPersister -  Identity insert: insert into tag (id, title) values (null, ?)
17:03:35.661 [Test worker] DEBUG org.hibernate.loader.plan.build.internal.spaces.QuerySpacesImpl - Adding QuerySpace : uid = <gen:0> -> org.hibernate.loader.plan.build.internal.spaces.EntityQuerySpaceImpl@550e075b]
17:03:35.661 [Test worker] DEBUG org.hibernate.persister.walking.spi.MetamodelGraphWalker - Visiting attribute path : title
17:03:35.661 [Test worker] DEBUG org.hibernate.loader.plan.build.internal.FetchStyleLoadPlanBuildingAssociationVisitationStrategy - Building LoadPlan...
17:03:35.661 [Test worker] DEBUG org.hibernate.loader.plan.exec.internal.LoadQueryJoinAndFetchProcessor - processing queryspace <gen:0>
17:03:35.661 [Test worker] DEBUG org.hibernate.loader.plan.build.spi.LoadPlanTreePrinter - LoadPlan(entity=com.epam.esm.entity.Tag)
    - Returns
       - EntityReturnImpl(entity=com.epam.esm.entity.Tag, querySpaceUid=<gen:0>, path=com.epam.esm.entity.Tag)
    - QuerySpaces
       - EntityQuerySpaceImpl(uid=<gen:0>, entity=com.epam.esm.entity.Tag)
          - SQL table alias mapping - tag0_
          - alias suffix - 0_
          - suffixed key columns - {id1_7_0_}

17:03:35.661 [Test worker] DEBUG org.hibernate.loader.entity.plan.EntityLoader - Static select for entity com.epam.esm.entity.Tag [NONE]: select tag0_.id as id1_7_0_, tag0_.title as title2_7_0_ from tag tag0_ where tag0_.id=?
17:03:35.661 [Test worker] DEBUG org.hibernate.loader.plan.build.internal.spaces.QuerySpacesImpl - Adding QuerySpace : uid = <gen:0> -> org.hibernate.loader.plan.build.internal.spaces.EntityQuerySpaceImpl@68eeb69b]
17:03:35.661 [Test worker] DEBUG org.hibernate.persister.walking.spi.MetamodelGraphWalker - Visiting attribute path : title
17:03:35.661 [Test worker] DEBUG org.hibernate.loader.plan.build.internal.FetchStyleLoadPlanBuildingAssociationVisitationStrategy - Building LoadPlan...
17:03:35.661 [Test worker] DEBUG org.hibernate.loader.plan.exec.internal.LoadQueryJoinAndFetchProcessor - processing queryspace <gen:0>
17:03:35.661 [Test worker] DEBUG org.hibernate.loader.plan.build.spi.LoadPlanTreePrinter - LoadPlan(entity=com.epam.esm.entity.Tag)
    - Returns
       - EntityReturnImpl(entity=com.epam.esm.entity.Tag, querySpaceUid=<gen:0>, path=com.epam.esm.entity.Tag)
    - QuerySpaces
       - EntityQuerySpaceImpl(uid=<gen:0>, entity=com.epam.esm.entity.Tag)
          - SQL table alias mapping - tag0_
          - alias suffix - 0_
          - suffixed key columns - {id1_7_0_}

17:03:35.661 [Test worker] DEBUG org.hibernate.loader.entity.plan.EntityLoader - Static select for entity com.epam.esm.entity.Tag [READ]: select tag0_.id as id1_7_0_, tag0_.title as title2_7_0_ from tag tag0_ where tag0_.id=?
17:03:35.661 [Test worker] DEBUG org.hibernate.loader.Loader - Static select for action ACTION_MERGE on entity com.epam.esm.entity.Tag: select tag0_.id as id1_7_0_, tag0_.title as title2_7_0_ from tag tag0_ where tag0_.id=?
17:03:35.662 [Test worker] DEBUG org.hibernate.loader.Loader - Static select for action ACTION_REFRESH on entity com.epam.esm.entity.Tag: select tag0_.id as id1_7_0_, tag0_.title as title2_7_0_ from tag tag0_ where tag0_.id=?
17:03:35.662 [Test worker] DEBUG org.hibernate.persister.entity.AbstractEntityPersister - Static SQL for entity: com.epam.esm.entity.OrderCertificate
17:03:35.662 [Test worker] DEBUG org.hibernate.persister.entity.AbstractEntityPersister -  Version select: select id from order_certificate where id =?
17:03:35.662 [Test worker] DEBUG org.hibernate.persister.entity.AbstractEntityPersister -  Snapshot select: select ordercerti_.id, ordercerti_.certificate_id as certific4_6_, ordercerti_.expiration_date as expirati2_6_, ordercerti_.fixed_price as fixed_pr3_6_, ordercerti_.order_id as order_id5_6_ from order_certificate ordercerti_ where ordercerti_.id=?
17:03:35.662 [Test worker] DEBUG org.hibernate.persister.entity.AbstractEntityPersister -  Insert 0: insert into order_certificate (certificate_id, expiration_date, fixed_price, order_id, id) values (?, ?, ?, ?, ?)
17:03:35.662 [Test worker] DEBUG org.hibernate.persister.entity.AbstractEntityPersister -  Update 0: update order_certificate set certificate_id=?, expiration_date=?, fixed_price=?, order_id=? where id=?
17:03:35.662 [Test worker] DEBUG org.hibernate.persister.entity.AbstractEntityPersister -  Delete 0: delete from order_certificate where id=?
17:03:35.662 [Test worker] DEBUG org.hibernate.persister.entity.AbstractEntityPersister -  Identity insert: insert into order_certificate (id, certificate_id, expiration_date, fixed_price, order_id) values (null, ?, ?, ?, ?)
17:03:35.662 [Test worker] DEBUG org.hibernate.loader.plan.build.internal.spaces.QuerySpacesImpl - Adding QuerySpace : uid = <gen:0> -> org.hibernate.loader.plan.build.internal.spaces.EntityQuerySpaceImpl@3115cd0]
17:03:35.662 [Test worker] DEBUG org.hibernate.persister.walking.spi.MetamodelGraphWalker - Visiting attribute path : certificate
17:03:35.662 [Test worker] DEBUG org.hibernate.loader.plan.build.internal.spaces.QuerySpacesImpl - Adding QuerySpace : uid = <gen:1> -> org.hibernate.loader.plan.build.internal.spaces.EntityQuerySpaceImpl@4da2b0e2]
17:03:35.662 [Test worker] DEBUG org.hibernate.persister.walking.spi.MetamodelGraphWalker - Visiting attribute path : expirationDate
17:03:35.662 [Test worker] DEBUG org.hibernate.persister.walking.spi.MetamodelGraphWalker - Visiting attribute path : fixedPrice
17:03:35.662 [Test worker] DEBUG org.hibernate.persister.walking.spi.MetamodelGraphWalker - Visiting attribute path : order
17:03:35.662 [Test worker] DEBUG org.hibernate.loader.plan.build.internal.spaces.QuerySpacesImpl - Adding QuerySpace : uid = <gen:2> -> org.hibernate.loader.plan.build.internal.spaces.EntityQuerySpaceImpl@6e9da651]
17:03:35.662 [Test worker] DEBUG org.hibernate.persister.walking.spi.MetamodelGraphWalker - Visiting attribute path : order.activeStatus
17:03:35.662 [Test worker] DEBUG org.hibernate.persister.walking.spi.MetamodelGraphWalker - Visiting attribute path : order.createdAt
17:03:35.662 [Test worker] DEBUG org.hibernate.persister.walking.spi.MetamodelGraphWalker - Visiting attribute path : order.orderCertificates
17:03:35.662 [Test worker] DEBUG org.hibernate.persister.walking.spi.MetamodelGraphWalker - Property path deemed to be circular : order.orderCertificates
17:03:35.662 [Test worker] DEBUG org.hibernate.persister.walking.spi.MetamodelGraphWalker - Visiting attribute path : order.user
17:03:35.662 [Test worker] DEBUG org.hibernate.loader.plan.build.internal.spaces.QuerySpacesImpl - Adding QuerySpace : uid = <gen:3> -> org.hibernate.loader.plan.build.internal.spaces.EntityQuerySpaceImpl@1b8a4f2f]
17:03:35.662 [Test worker] DEBUG org.hibernate.persister.walking.spi.MetamodelGraphWalker - Visiting attribute path : order.user.email
17:03:35.662 [Test worker] DEBUG org.hibernate.persister.walking.spi.MetamodelGraphWalker - Visiting attribute path : order.user.orders
17:03:35.662 [Test worker] DEBUG org.hibernate.persister.walking.spi.MetamodelGraphWalker - Property path deemed to be circular : order.user.orders
17:03:35.662 [Test worker] DEBUG org.hibernate.persister.walking.spi.MetamodelGraphWalker - Visiting attribute path : order.user.password
17:03:35.662 [Test worker] DEBUG org.hibernate.persister.walking.spi.MetamodelGraphWalker - Visiting attribute path : order.user.refreshToken
17:03:35.662 [Test worker] DEBUG org.hibernate.persister.walking.spi.MetamodelGraphWalker - Visiting attribute path : order.user.role
17:03:35.663 [Test worker] DEBUG org.hibernate.loader.plan.build.internal.spaces.QuerySpacesImpl - Adding QuerySpace : uid = <gen:4> -> org.hibernate.loader.plan.build.internal.spaces.EntityQuerySpaceImpl@405b401d]
17:03:35.663 [Test worker] DEBUG org.hibernate.persister.walking.spi.MetamodelGraphWalker - Visiting attribute path : order.user.role.value
17:03:35.663 [Test worker] DEBUG org.hibernate.loader.plan.build.internal.FetchStyleLoadPlanBuildingAssociationVisitationStrategy - Building LoadPlan...
17:03:35.663 [Test worker] DEBUG org.hibernate.loader.plan.exec.internal.LoadQueryJoinAndFetchProcessor - processing queryspace <gen:0>
17:03:35.663 [Test worker] DEBUG org.hibernate.loader.plan.build.spi.LoadPlanTreePrinter - LoadPlan(entity=com.epam.esm.entity.OrderCertificate)
    - Returns
       - EntityReturnImpl(entity=com.epam.esm.entity.OrderCertificate, querySpaceUid=<gen:0>, path=com.epam.esm.entity.OrderCertificate)
          - EntityAttributeFetchImpl(entity=com.epam.esm.entity.GiftCertificate, querySpaceUid=<gen:1>, path=com.epam.esm.entity.OrderCertificate.certificate)
          - EntityAttributeFetchImpl(entity=com.epam.esm.entity.Order, querySpaceUid=<gen:2>, path=com.epam.esm.entity.OrderCertificate.order)
             - EntityAttributeFetchImpl(entity=com.epam.esm.entity.User, querySpaceUid=<gen:3>, path=com.epam.esm.entity.OrderCertificate.order.user)
                - EntityAttributeFetchImpl(entity=com.epam.esm.entity.Role, querySpaceUid=<gen:4>, path=com.epam.esm.entity.OrderCertificate.order.user.role)
    - QuerySpaces
       - EntityQuerySpaceImpl(uid=<gen:0>, entity=com.epam.esm.entity.OrderCertificate)
          - SQL table alias mapping - ordercerti0_
          - alias suffix - 0_
          - suffixed key columns - {id1_6_0_}
          - JOIN (JoinDefinedByMetadata(order)) : <gen:0> -> <gen:2>
             - EntityQuerySpaceImpl(uid=<gen:2>, entity=com.epam.esm.entity.Order)
                - SQL table alias mapping - order1_
                - alias suffix - 1_
                - suffixed key columns - {id1_0_1_}
                - JOIN (JoinDefinedByMetadata(user)) : <gen:2> -> <gen:3>
                   - EntityQuerySpaceImpl(uid=<gen:3>, entity=com.epam.esm.entity.User)
                      - SQL table alias mapping - user2_
                      - alias suffix - 2_
                      - suffixed key columns - {id1_2_2_}
                      - JOIN (JoinDefinedByMetadata(role)) : <gen:3> -> <gen:4>
                         - EntityQuerySpaceImpl(uid=<gen:4>, entity=com.epam.esm.entity.Role)
                            - SQL table alias mapping - role3_
                            - alias suffix - 3_
                            - suffixed key columns - {id1_1_3_}

17:03:35.663 [Test worker] DEBUG org.hibernate.loader.entity.plan.EntityLoader - Static select for entity com.epam.esm.entity.OrderCertificate [NONE]: select ordercerti0_.id as id1_6_0_, ordercerti0_.certificate_id as certific4_6_0_, ordercerti0_.expiration_date as expirati2_6_0_, ordercerti0_.fixed_price as fixed_pr3_6_0_, ordercerti0_.order_id as order_id5_6_0_, order1_.id as id1_0_1_, order1_.active_status as active_s2_0_1_, order1_.created_at as created_3_0_1_, order1_.user_id as user_id4_0_1_, user2_.id as id1_2_2_, user2_.email as email2_2_2_, user2_.password as password3_2_2_, user2_.refresh_token as refresh_4_2_2_, user2_.role_id as role_id5_2_2_, role3_.id as id1_1_3_, role3_.value as value2_1_3_ from order_certificate ordercerti0_ left outer join application_order order1_ on ordercerti0_.order_id=order1_.id left outer join application_user user2_ on order1_.user_id=user2_.id left outer join application_role role3_ on user2_.role_id=role3_.id where ordercerti0_.id=?
17:03:35.663 [Test worker] DEBUG org.hibernate.loader.plan.build.internal.spaces.QuerySpacesImpl - Adding QuerySpace : uid = <gen:0> -> org.hibernate.loader.plan.build.internal.spaces.EntityQuerySpaceImpl@727d0c08]
17:03:35.663 [Test worker] DEBUG org.hibernate.persister.walking.spi.MetamodelGraphWalker - Visiting attribute path : certificate
17:03:35.663 [Test worker] DEBUG org.hibernate.loader.plan.build.internal.spaces.QuerySpacesImpl - Adding QuerySpace : uid = <gen:1> -> org.hibernate.loader.plan.build.internal.spaces.EntityQuerySpaceImpl@157ef630]
17:03:35.663 [Test worker] DEBUG org.hibernate.persister.walking.spi.MetamodelGraphWalker - Visiting attribute path : expirationDate
17:03:35.663 [Test worker] DEBUG org.hibernate.persister.walking.spi.MetamodelGraphWalker - Visiting attribute path : fixedPrice
17:03:35.663 [Test worker] DEBUG org.hibernate.persister.walking.spi.MetamodelGraphWalker - Visiting attribute path : order
17:03:35.663 [Test worker] DEBUG org.hibernate.loader.plan.build.internal.spaces.QuerySpacesImpl - Adding QuerySpace : uid = <gen:2> -> org.hibernate.loader.plan.build.internal.spaces.EntityQuerySpaceImpl@104757f8]
17:03:35.663 [Test worker] DEBUG org.hibernate.persister.walking.spi.MetamodelGraphWalker - Visiting attribute path : order.activeStatus
17:03:35.664 [Test worker] DEBUG org.hibernate.persister.walking.spi.MetamodelGraphWalker - Visiting attribute path : order.createdAt
17:03:35.664 [Test worker] DEBUG org.hibernate.persister.walking.spi.MetamodelGraphWalker - Visiting attribute path : order.orderCertificates
17:03:35.664 [Test worker] DEBUG org.hibernate.persister.walking.spi.MetamodelGraphWalker - Property path deemed to be circular : order.orderCertificates
17:03:35.664 [Test worker] DEBUG org.hibernate.persister.walking.spi.MetamodelGraphWalker - Visiting attribute path : order.user
17:03:35.664 [Test worker] DEBUG org.hibernate.loader.plan.build.internal.spaces.QuerySpacesImpl - Adding QuerySpace : uid = <gen:3> -> org.hibernate.loader.plan.build.internal.spaces.EntityQuerySpaceImpl@7d2b1d9a]
17:03:35.664 [Test worker] DEBUG org.hibernate.persister.walking.spi.MetamodelGraphWalker - Visiting attribute path : order.user.email
17:03:35.664 [Test worker] DEBUG org.hibernate.persister.walking.spi.MetamodelGraphWalker - Visiting attribute path : order.user.orders
17:03:35.664 [Test worker] DEBUG org.hibernate.persister.walking.spi.MetamodelGraphWalker - Property path deemed to be circular : order.user.orders
17:03:35.664 [Test worker] DEBUG org.hibernate.persister.walking.spi.MetamodelGraphWalker - Visiting attribute path : order.user.password
17:03:35.664 [Test worker] DEBUG org.hibernate.persister.walking.spi.MetamodelGraphWalker - Visiting attribute path : order.user.refreshToken
17:03:35.664 [Test worker] DEBUG org.hibernate.persister.walking.spi.MetamodelGraphWalker - Visiting attribute path : order.user.role
17:03:35.664 [Test worker] DEBUG org.hibernate.loader.plan.build.internal.spaces.QuerySpacesImpl - Adding QuerySpace : uid = <gen:4> -> org.hibernate.loader.plan.build.internal.spaces.EntityQuerySpaceImpl@3554d7f6]
17:03:35.664 [Test worker] DEBUG org.hibernate.persister.walking.spi.MetamodelGraphWalker - Visiting attribute path : order.user.role.value
17:03:35.664 [Test worker] DEBUG org.hibernate.loader.plan.build.internal.FetchStyleLoadPlanBuildingAssociationVisitationStrategy - Building LoadPlan...
17:03:35.664 [Test worker] DEBUG org.hibernate.loader.plan.exec.internal.LoadQueryJoinAndFetchProcessor - processing queryspace <gen:0>
17:03:35.664 [Test worker] DEBUG org.hibernate.loader.plan.build.spi.LoadPlanTreePrinter - LoadPlan(entity=com.epam.esm.entity.OrderCertificate)
    - Returns
       - EntityReturnImpl(entity=com.epam.esm.entity.OrderCertificate, querySpaceUid=<gen:0>, path=com.epam.esm.entity.OrderCertificate)
          - EntityAttributeFetchImpl(entity=com.epam.esm.entity.GiftCertificate, querySpaceUid=<gen:1>, path=com.epam.esm.entity.OrderCertificate.certificate)
          - EntityAttributeFetchImpl(entity=com.epam.esm.entity.Order, querySpaceUid=<gen:2>, path=com.epam.esm.entity.OrderCertificate.order)
             - EntityAttributeFetchImpl(entity=com.epam.esm.entity.User, querySpaceUid=<gen:3>, path=com.epam.esm.entity.OrderCertificate.order.user)
                - EntityAttributeFetchImpl(entity=com.epam.esm.entity.Role, querySpaceUid=<gen:4>, path=com.epam.esm.entity.OrderCertificate.order.user.role)
    - QuerySpaces
       - EntityQuerySpaceImpl(uid=<gen:0>, entity=com.epam.esm.entity.OrderCertificate)
          - SQL table alias mapping - ordercerti0_
          - alias suffix - 0_
          - suffixed key columns - {id1_6_0_}
          - JOIN (JoinDefinedByMetadata(order)) : <gen:0> -> <gen:2>
             - EntityQuerySpaceImpl(uid=<gen:2>, entity=com.epam.esm.entity.Order)
                - SQL table alias mapping - order1_
                - alias suffix - 1_
                - suffixed key columns - {id1_0_1_}
                - JOIN (JoinDefinedByMetadata(user)) : <gen:2> -> <gen:3>
                   - EntityQuerySpaceImpl(uid=<gen:3>, entity=com.epam.esm.entity.User)
                      - SQL table alias mapping - user2_
                      - alias suffix - 2_
                      - suffixed key columns - {id1_2_2_}
                      - JOIN (JoinDefinedByMetadata(role)) : <gen:3> -> <gen:4>
                         - EntityQuerySpaceImpl(uid=<gen:4>, entity=com.epam.esm.entity.Role)
                            - SQL table alias mapping - role3_
                            - alias suffix - 3_
                            - suffixed key columns - {id1_1_3_}

17:03:35.665 [Test worker] DEBUG org.hibernate.loader.entity.plan.EntityLoader - Static select for entity com.epam.esm.entity.OrderCertificate [READ]: select ordercerti0_.id as id1_6_0_, ordercerti0_.certificate_id as certific4_6_0_, ordercerti0_.expiration_date as expirati2_6_0_, ordercerti0_.fixed_price as fixed_pr3_6_0_, ordercerti0_.order_id as order_id5_6_0_, order1_.id as id1_0_1_, order1_.active_status as active_s2_0_1_, order1_.created_at as created_3_0_1_, order1_.user_id as user_id4_0_1_, user2_.id as id1_2_2_, user2_.email as email2_2_2_, user2_.password as password3_2_2_, user2_.refresh_token as refresh_4_2_2_, user2_.role_id as role_id5_2_2_, role3_.id as id1_1_3_, role3_.value as value2_1_3_ from order_certificate ordercerti0_ left outer join application_order order1_ on ordercerti0_.order_id=order1_.id left outer join application_user user2_ on order1_.user_id=user2_.id left outer join application_role role3_ on user2_.role_id=role3_.id where ordercerti0_.id=?
17:03:35.665 [Test worker] DEBUG org.hibernate.loader.Loader - Static select for action ACTION_MERGE on entity com.epam.esm.entity.OrderCertificate: select ordercerti0_.id as id1_6_3_, ordercerti0_.certificate_id as certific4_6_3_, ordercerti0_.expiration_date as expirati2_6_3_, ordercerti0_.fixed_price as fixed_pr3_6_3_, ordercerti0_.order_id as order_id5_6_3_, giftcertif1_.id as id1_3_0_, giftcertif1_.active_status as active_s2_3_0_, giftcertif1_.creation_date as creation3_3_0_, giftcertif1_.description as descript4_3_0_, giftcertif1_.expiration_date as expirati5_3_0_, giftcertif1_.modification_date as modifica6_3_0_, giftcertif1_.name as name7_3_0_, giftcertif1_.price as price8_3_0_, tags2_.certificate_id as certific1_4_5_, tag3_.id as tag_id2_4_5_, tag3_.id as id1_7_1_, tag3_.title as title2_7_1_, order4_.id as id1_0_2_, order4_.active_status as active_s2_0_2_, order4_.created_at as created_3_0_2_, order4_.user_id as user_id4_0_2_ from order_certificate ordercerti0_ left outer join certificate giftcertif1_ on ordercerti0_.certificate_id=giftcertif1_.id left outer join certificate_tag tags2_ on giftcertif1_.id=tags2_.certificate_id left outer join tag tag3_ on tags2_.tag_id=tag3_.id left outer join application_order order4_ on ordercerti0_.order_id=order4_.id where ordercerti0_.id=?
17:03:35.665 [Test worker] DEBUG org.hibernate.loader.Loader - Static select for action ACTION_REFRESH on entity com.epam.esm.entity.OrderCertificate: select ordercerti0_.id as id1_6_2_, ordercerti0_.certificate_id as certific4_6_2_, ordercerti0_.expiration_date as expirati2_6_2_, ordercerti0_.fixed_price as fixed_pr3_6_2_, ordercerti0_.order_id as order_id5_6_2_, giftcertif1_.id as id1_3_0_, giftcertif1_.active_status as active_s2_3_0_, giftcertif1_.creation_date as creation3_3_0_, giftcertif1_.description as descript4_3_0_, giftcertif1_.expiration_date as expirati5_3_0_, giftcertif1_.modification_date as modifica6_3_0_, giftcertif1_.name as name7_3_0_, giftcertif1_.price as price8_3_0_, order2_.id as id1_0_1_, order2_.active_status as active_s2_0_1_, order2_.created_at as created_3_0_1_, order2_.user_id as user_id4_0_1_ from order_certificate ordercerti0_ left outer join certificate giftcertif1_ on ordercerti0_.certificate_id=giftcertif1_.id left outer join application_order order2_ on ordercerti0_.order_id=order2_.id where ordercerti0_.id=?
17:03:35.665 [Test worker] DEBUG org.hibernate.persister.entity.AbstractEntityPersister - Static SQL for entity: com.epam.esm.entity.Role
17:03:35.665 [Test worker] DEBUG org.hibernate.persister.entity.AbstractEntityPersister -  Version select: select id from application_role where id =?
17:03:35.665 [Test worker] DEBUG org.hibernate.persister.entity.AbstractEntityPersister -  Snapshot select: select role_.id, role_.value as value2_1_ from application_role role_ where role_.id=?
17:03:35.665 [Test worker] DEBUG org.hibernate.persister.entity.AbstractEntityPersister -  Insert 0: insert into application_role (value, id) values (?, ?)
17:03:35.665 [Test worker] DEBUG org.hibernate.persister.entity.AbstractEntityPersister -  Update 0: update application_role set value=? where id=?
17:03:35.665 [Test worker] DEBUG org.hibernate.persister.entity.AbstractEntityPersister -  Delete 0: delete from application_role where id=?
17:03:35.665 [Test worker] DEBUG org.hibernate.persister.entity.AbstractEntityPersister -  Identity insert: insert into application_role (id, value) values (null, ?)
17:03:35.665 [Test worker] DEBUG org.hibernate.loader.plan.build.internal.spaces.QuerySpacesImpl - Adding QuerySpace : uid = <gen:0> -> org.hibernate.loader.plan.build.internal.spaces.EntityQuerySpaceImpl@1a590dec]
17:03:35.666 [Test worker] DEBUG org.hibernate.persister.walking.spi.MetamodelGraphWalker - Visiting attribute path : value
17:03:35.666 [Test worker] DEBUG org.hibernate.loader.plan.build.internal.FetchStyleLoadPlanBuildingAssociationVisitationStrategy - Building LoadPlan...
17:03:35.666 [Test worker] DEBUG org.hibernate.loader.plan.exec.internal.LoadQueryJoinAndFetchProcessor - processing queryspace <gen:0>
17:03:35.666 [Test worker] DEBUG org.hibernate.loader.plan.build.spi.LoadPlanTreePrinter - LoadPlan(entity=com.epam.esm.entity.Role)
    - Returns
       - EntityReturnImpl(entity=com.epam.esm.entity.Role, querySpaceUid=<gen:0>, path=com.epam.esm.entity.Role)
    - QuerySpaces
       - EntityQuerySpaceImpl(uid=<gen:0>, entity=com.epam.esm.entity.Role)
          - SQL table alias mapping - role0_
          - alias suffix - 0_
          - suffixed key columns - {id1_1_0_}

17:03:35.666 [Test worker] DEBUG org.hibernate.loader.entity.plan.EntityLoader - Static select for entity com.epam.esm.entity.Role [NONE]: select role0_.id as id1_1_0_, role0_.value as value2_1_0_ from application_role role0_ where role0_.id=?
17:03:35.666 [Test worker] DEBUG org.hibernate.loader.plan.build.internal.spaces.QuerySpacesImpl - Adding QuerySpace : uid = <gen:0> -> org.hibernate.loader.plan.build.internal.spaces.EntityQuerySpaceImpl@23562a29]
17:03:35.666 [Test worker] DEBUG org.hibernate.persister.walking.spi.MetamodelGraphWalker - Visiting attribute path : value
17:03:35.666 [Test worker] DEBUG org.hibernate.loader.plan.build.internal.FetchStyleLoadPlanBuildingAssociationVisitationStrategy - Building LoadPlan...
17:03:35.666 [Test worker] DEBUG org.hibernate.loader.plan.exec.internal.LoadQueryJoinAndFetchProcessor - processing queryspace <gen:0>
17:03:35.666 [Test worker] DEBUG org.hibernate.loader.plan.build.spi.LoadPlanTreePrinter - LoadPlan(entity=com.epam.esm.entity.Role)
    - Returns
       - EntityReturnImpl(entity=com.epam.esm.entity.Role, querySpaceUid=<gen:0>, path=com.epam.esm.entity.Role)
    - QuerySpaces
       - EntityQuerySpaceImpl(uid=<gen:0>, entity=com.epam.esm.entity.Role)
          - SQL table alias mapping - role0_
          - alias suffix - 0_
          - suffixed key columns - {id1_1_0_}

17:03:35.666 [Test worker] DEBUG org.hibernate.loader.entity.plan.EntityLoader - Static select for entity com.epam.esm.entity.Role [READ]: select role0_.id as id1_1_0_, role0_.value as value2_1_0_ from application_role role0_ where role0_.id=?
17:03:35.666 [Test worker] DEBUG org.hibernate.loader.Loader - Static select for action ACTION_MERGE on entity com.epam.esm.entity.Role: select role0_.id as id1_1_0_, role0_.value as value2_1_0_ from application_role role0_ where role0_.id=?
17:03:35.667 [Test worker] DEBUG org.hibernate.loader.Loader - Static select for action ACTION_REFRESH on entity com.epam.esm.entity.Role: select role0_.id as id1_1_0_, role0_.value as value2_1_0_ from application_role role0_ where role0_.id=?
17:03:35.667 [Test worker] DEBUG org.hibernate.loader.plan.build.internal.spaces.QuerySpacesImpl - Adding QuerySpace : uid = <gen:0> -> org.hibernate.loader.plan.build.internal.spaces.CollectionQuerySpaceImpl@166c34ff]
17:03:35.667 [Test worker] DEBUG org.hibernate.loader.plan.build.internal.spaces.QuerySpacesImpl - Adding QuerySpace : uid = <gen:1> -> org.hibernate.loader.plan.build.internal.spaces.EntityQuerySpaceImpl@53824557]
17:03:35.667 [Test worker] DEBUG org.hibernate.persister.walking.spi.MetamodelGraphWalker - Visiting attribute path : title
17:03:35.667 [Test worker] DEBUG org.hibernate.loader.plan.build.internal.FetchStyleLoadPlanBuildingAssociationVisitationStrategy - Building LoadPlan...
17:03:35.667 [Test worker] DEBUG org.hibernate.loader.plan.exec.internal.LoadQueryJoinAndFetchProcessor - processing queryspace <gen:0>
17:03:35.667 [Test worker] DEBUG org.hibernate.loader.plan.build.spi.LoadPlanTreePrinter - LoadPlan(collection=com.epam.esm.entity.GiftCertificate.tags)
    - Returns
       - CollectionReturnImpl(collection=com.epam.esm.entity.GiftCertificate.tags, querySpaceUid=<gen:0>, path=[com.epam.esm.entity.GiftCertificate.tags])
          - (collection element) CollectionFetchableElementEntityGraph(entity=com.epam.esm.entity.Tag, querySpaceUid=<gen:1>, path=[com.epam.esm.entity.GiftCertificate.tags].<elements>)
    - QuerySpaces
       - CollectionQuerySpaceImpl(uid=<gen:0>, collection=com.epam.esm.entity.GiftCertificate.tags)
          - SQL table alias mapping - tags0_
          - alias suffix - 0_
          - suffixed key columns - {certific1_4_0_}
          - entity-element alias suffix - 1_
          - 1_entity-element suffixed key columns - id1_7_1_
          - JOIN (JoinDefinedByMetadata(elements)) : <gen:0> -> <gen:1>
             - EntityQuerySpaceImpl(uid=<gen:1>, entity=com.epam.esm.entity.Tag)
                - SQL table alias mapping - tag1_
                - alias suffix - 1_
                - suffixed key columns - {id1_7_1_}

17:03:35.667 [Test worker] DEBUG org.hibernate.loader.collection.plan.CollectionLoader - Static select for collection com.epam.esm.entity.GiftCertificate.tags: select tags0_.certificate_id as certific1_4_0_, tags0_.tag_id as tag_id2_4_0_, tag1_.id as id1_7_1_, tag1_.title as title2_7_1_ from certificate_tag tags0_ inner join tag tag1_ on tags0_.tag_id=tag1_.id where tags0_.certificate_id=?
17:03:35.667 [Test worker] DEBUG org.hibernate.loader.plan.build.internal.spaces.QuerySpacesImpl - Adding QuerySpace : uid = <gen:0> -> org.hibernate.loader.plan.build.internal.spaces.CollectionQuerySpaceImpl@319b9559]
17:03:35.667 [Test worker] DEBUG org.hibernate.loader.plan.build.internal.spaces.QuerySpacesImpl - Adding QuerySpace : uid = <gen:1> -> org.hibernate.loader.plan.build.internal.spaces.EntityQuerySpaceImpl@70f2d6c0]
17:03:35.667 [Test worker] DEBUG org.hibernate.persister.walking.spi.MetamodelGraphWalker - Visiting attribute path : certificate
17:03:35.668 [Test worker] DEBUG org.hibernate.loader.plan.build.internal.spaces.QuerySpacesImpl - Adding QuerySpace : uid = <gen:2> -> org.hibernate.loader.plan.build.internal.spaces.EntityQuerySpaceImpl@1f9a3d79]
17:03:35.668 [Test worker] DEBUG org.hibernate.persister.walking.spi.MetamodelGraphWalker - Visiting attribute path : expirationDate
17:03:35.668 [Test worker] DEBUG org.hibernate.persister.walking.spi.MetamodelGraphWalker - Visiting attribute path : fixedPrice
17:03:35.668 [Test worker] DEBUG org.hibernate.persister.walking.spi.MetamodelGraphWalker - Visiting attribute path : order
17:03:35.668 [Test worker] DEBUG org.hibernate.persister.walking.spi.MetamodelGraphWalker - Property path deemed to be circular : order
17:03:35.668 [Test worker] DEBUG org.hibernate.loader.plan.build.internal.FetchStyleLoadPlanBuildingAssociationVisitationStrategy - Building LoadPlan...
17:03:35.668 [Test worker] DEBUG org.hibernate.loader.plan.exec.internal.LoadQueryJoinAndFetchProcessor - processing queryspace <gen:0>
17:03:35.668 [Test worker] DEBUG org.hibernate.loader.plan.build.spi.LoadPlanTreePrinter - LoadPlan(collection=com.epam.esm.entity.Order.orderCertificates)
    - Returns
       - CollectionReturnImpl(collection=com.epam.esm.entity.Order.orderCertificates, querySpaceUid=<gen:0>, path=[com.epam.esm.entity.Order.orderCertificates])
          - (collection element) CollectionFetchableElementEntityGraph(entity=com.epam.esm.entity.OrderCertificate, querySpaceUid=<gen:1>, path=[com.epam.esm.entity.Order.orderCertificates].<elements>)
             - EntityAttributeFetchImpl(entity=com.epam.esm.entity.GiftCertificate, querySpaceUid=<gen:2>, path=[com.epam.esm.entity.Order.orderCertificates].<elements>.certificate)
    - QuerySpaces
       - CollectionQuerySpaceImpl(uid=<gen:0>, collection=com.epam.esm.entity.Order.orderCertificates)
          - SQL table alias mapping - ordercerti0_
          - alias suffix - 0_
          - suffixed key columns - {order_id5_6_0_}
          - entity-element alias suffix - 1_
          - 1_entity-element suffixed key columns - id1_6_1_
          - JOIN (JoinDefinedByMetadata(elements)) : <gen:0> -> <gen:1>
             - EntityQuerySpaceImpl(uid=<gen:1>, entity=com.epam.esm.entity.OrderCertificate)
                - SQL table alias mapping - ordercerti0_
                - alias suffix - 1_
                - suffixed key columns - {id1_6_1_}

17:03:35.668 [Test worker] DEBUG org.hibernate.loader.collection.plan.CollectionLoader - Static select for collection com.epam.esm.entity.Order.orderCertificates: select ordercerti0_.order_id as order_id5_6_0_, ordercerti0_.id as id1_6_0_, ordercerti0_.id as id1_6_1_, ordercerti0_.certificate_id as certific4_6_1_, ordercerti0_.expiration_date as expirati2_6_1_, ordercerti0_.fixed_price as fixed_pr3_6_1_, ordercerti0_.order_id as order_id5_6_1_ from order_certificate ordercerti0_ where ordercerti0_.order_id=?
17:03:35.668 [Test worker] DEBUG org.hibernate.loader.plan.build.internal.spaces.QuerySpacesImpl - Adding QuerySpace : uid = <gen:0> -> org.hibernate.loader.plan.build.internal.spaces.CollectionQuerySpaceImpl@7938bc9c]
17:03:35.668 [Test worker] DEBUG org.hibernate.loader.plan.build.internal.spaces.QuerySpacesImpl - Adding QuerySpace : uid = <gen:1> -> org.hibernate.loader.plan.build.internal.spaces.EntityQuerySpaceImpl@33b4c55]
17:03:35.668 [Test worker] DEBUG org.hibernate.persister.walking.spi.MetamodelGraphWalker - Visiting attribute path : certificate
17:03:35.668 [Test worker] DEBUG org.hibernate.persister.walking.spi.MetamodelGraphWalker - Property path deemed to be circular : certificate
17:03:35.668 [Test worker] DEBUG org.hibernate.persister.walking.spi.MetamodelGraphWalker - Visiting attribute path : expirationDate
17:03:35.668 [Test worker] DEBUG org.hibernate.persister.walking.spi.MetamodelGraphWalker - Visiting attribute path : fixedPrice
17:03:35.668 [Test worker] DEBUG org.hibernate.persister.walking.spi.MetamodelGraphWalker - Visiting attribute path : order
17:03:35.668 [Test worker] DEBUG org.hibernate.loader.plan.build.internal.spaces.QuerySpacesImpl - Adding QuerySpace : uid = <gen:2> -> org.hibernate.loader.plan.build.internal.spaces.EntityQuerySpaceImpl@311b89fb]
17:03:35.668 [Test worker] DEBUG org.hibernate.persister.walking.spi.MetamodelGraphWalker - Visiting attribute path : order.activeStatus
17:03:35.668 [Test worker] DEBUG org.hibernate.persister.walking.spi.MetamodelGraphWalker - Visiting attribute path : order.createdAt
17:03:35.668 [Test worker] DEBUG org.hibernate.persister.walking.spi.MetamodelGraphWalker - Visiting attribute path : order.orderCertificates
17:03:35.668 [Test worker] DEBUG org.hibernate.persister.walking.spi.MetamodelGraphWalker - Property path deemed to be circular : order.orderCertificates
17:03:35.669 [Test worker] DEBUG org.hibernate.persister.walking.spi.MetamodelGraphWalker - Visiting attribute path : order.user
17:03:35.669 [Test worker] DEBUG org.hibernate.loader.plan.build.internal.spaces.QuerySpacesImpl - Adding QuerySpace : uid = <gen:3> -> org.hibernate.loader.plan.build.internal.spaces.EntityQuerySpaceImpl@f1b5c1e]
17:03:35.669 [Test worker] DEBUG org.hibernate.persister.walking.spi.MetamodelGraphWalker - Visiting attribute path : order.user.email
17:03:35.669 [Test worker] DEBUG org.hibernate.persister.walking.spi.MetamodelGraphWalker - Visiting attribute path : order.user.orders
17:03:35.669 [Test worker] DEBUG org.hibernate.persister.walking.spi.MetamodelGraphWalker - Property path deemed to be circular : order.user.orders
17:03:35.669 [Test worker] DEBUG org.hibernate.persister.walking.spi.MetamodelGraphWalker - Visiting attribute path : order.user.password
17:03:35.669 [Test worker] DEBUG org.hibernate.persister.walking.spi.MetamodelGraphWalker - Visiting attribute path : order.user.refreshToken
17:03:35.669 [Test worker] DEBUG org.hibernate.persister.walking.spi.MetamodelGraphWalker - Visiting attribute path : order.user.role
17:03:35.669 [Test worker] DEBUG org.hibernate.loader.plan.build.internal.spaces.QuerySpacesImpl - Adding QuerySpace : uid = <gen:4> -> org.hibernate.loader.plan.build.internal.spaces.EntityQuerySpaceImpl@37c8d435]
17:03:35.669 [Test worker] DEBUG org.hibernate.persister.walking.spi.MetamodelGraphWalker - Visiting attribute path : order.user.role.value
17:03:35.669 [Test worker] DEBUG org.hibernate.loader.plan.build.internal.FetchStyleLoadPlanBuildingAssociationVisitationStrategy - Building LoadPlan...
17:03:35.669 [Test worker] DEBUG org.hibernate.loader.plan.exec.internal.LoadQueryJoinAndFetchProcessor - processing queryspace <gen:0>
17:03:35.669 [Test worker] DEBUG org.hibernate.loader.plan.build.spi.LoadPlanTreePrinter - LoadPlan(collection=com.epam.esm.entity.GiftCertificate.orderCertificates)
    - Returns
       - CollectionReturnImpl(collection=com.epam.esm.entity.GiftCertificate.orderCertificates, querySpaceUid=<gen:0>, path=[com.epam.esm.entity.GiftCertificate.orderCertificates])
          - (collection element) CollectionFetchableElementEntityGraph(entity=com.epam.esm.entity.OrderCertificate, querySpaceUid=<gen:1>, path=[com.epam.esm.entity.GiftCertificate.orderCertificates].<elements>)
             - EntityAttributeFetchImpl(entity=com.epam.esm.entity.Order, querySpaceUid=<gen:2>, path=[com.epam.esm.entity.GiftCertificate.orderCertificates].<elements>.order)
                - EntityAttributeFetchImpl(entity=com.epam.esm.entity.User, querySpaceUid=<gen:3>, path=[com.epam.esm.entity.GiftCertificate.orderCertificates].<elements>.order.user)
                   - EntityAttributeFetchImpl(entity=com.epam.esm.entity.Role, querySpaceUid=<gen:4>, path=[com.epam.esm.entity.GiftCertificate.orderCertificates].<elements>.order.user.role)
    - QuerySpaces
       - CollectionQuerySpaceImpl(uid=<gen:0>, collection=com.epam.esm.entity.GiftCertificate.orderCertificates)
          - SQL table alias mapping - ordercerti0_
          - alias suffix - 0_
          - suffixed key columns - {certific4_6_0_}
          - entity-element alias suffix - 1_
          - 1_entity-element suffixed key columns - id1_6_1_
          - JOIN (JoinDefinedByMetadata(elements)) : <gen:0> -> <gen:1>
             - EntityQuerySpaceImpl(uid=<gen:1>, entity=com.epam.esm.entity.OrderCertificate)
                - SQL table alias mapping - ordercerti0_
                - alias suffix - 1_
                - suffixed key columns - {id1_6_1_}
                - JOIN (JoinDefinedByMetadata(order)) : <gen:1> -> <gen:2>
                   - EntityQuerySpaceImpl(uid=<gen:2>, entity=com.epam.esm.entity.Order)
                      - SQL table alias mapping - order1_
                      - alias suffix - 2_
                      - suffixed key columns - {id1_0_2_}
                      - JOIN (JoinDefinedByMetadata(user)) : <gen:2> -> <gen:3>
                         - EntityQuerySpaceImpl(uid=<gen:3>, entity=com.epam.esm.entity.User)
                            - SQL table alias mapping - user2_
                            - alias suffix - 3_
                            - suffixed key columns - {id1_2_3_}
                            - JOIN (JoinDefinedByMetadata(role)) : <gen:3> -> <gen:4>
                               - EntityQuerySpaceImpl(uid=<gen:4>, entity=com.epam.esm.entity.Role)
                                  - SQL table alias mapping - role3_
                                  - alias suffix - 4_
                                  - suffixed key columns - {id1_1_4_}

17:03:35.669 [Test worker] DEBUG org.hibernate.loader.collection.plan.CollectionLoader - Static select for collection com.epam.esm.entity.GiftCertificate.orderCertificates: select ordercerti0_.certificate_id as certific4_6_0_, ordercerti0_.id as id1_6_0_, ordercerti0_.id as id1_6_1_, ordercerti0_.certificate_id as certific4_6_1_, ordercerti0_.expiration_date as expirati2_6_1_, ordercerti0_.fixed_price as fixed_pr3_6_1_, ordercerti0_.order_id as order_id5_6_1_, order1_.id as id1_0_2_, order1_.active_status as active_s2_0_2_, order1_.created_at as created_3_0_2_, order1_.user_id as user_id4_0_2_, user2_.id as id1_2_3_, user2_.email as email2_2_3_, user2_.password as password3_2_3_, user2_.refresh_token as refresh_4_2_3_, user2_.role_id as role_id5_2_3_, role3_.id as id1_1_4_, role3_.value as value2_1_4_ from order_certificate ordercerti0_ left outer join application_order order1_ on ordercerti0_.order_id=order1_.id left outer join application_user user2_ on order1_.user_id=user2_.id left outer join application_role role3_ on user2_.role_id=role3_.id where ordercerti0_.certificate_id=?
17:03:35.669 [Test worker] DEBUG org.hibernate.loader.plan.build.internal.spaces.QuerySpacesImpl - Adding QuerySpace : uid = <gen:0> -> org.hibernate.loader.plan.build.internal.spaces.CollectionQuerySpaceImpl@535fe7a3]
17:03:35.670 [Test worker] DEBUG org.hibernate.loader.plan.build.internal.spaces.QuerySpacesImpl - Adding QuerySpace : uid = <gen:1> -> org.hibernate.loader.plan.build.internal.spaces.EntityQuerySpaceImpl@7ac18db]
17:03:35.670 [Test worker] DEBUG org.hibernate.persister.walking.spi.MetamodelGraphWalker - Visiting attribute path : activeStatus
17:03:35.670 [Test worker] DEBUG org.hibernate.persister.walking.spi.MetamodelGraphWalker - Visiting attribute path : createdAt
17:03:35.670 [Test worker] DEBUG org.hibernate.persister.walking.spi.MetamodelGraphWalker - Visiting attribute path : orderCertificates
17:03:35.670 [Test worker] DEBUG org.hibernate.loader.plan.build.internal.spaces.QuerySpacesImpl - Adding QuerySpace : uid = <gen:2> -> org.hibernate.loader.plan.build.internal.spaces.CollectionQuerySpaceImpl@51862e43]
17:03:35.670 [Test worker] DEBUG org.hibernate.loader.plan.build.internal.spaces.QuerySpacesImpl - Adding QuerySpace : uid = <gen:3> -> org.hibernate.loader.plan.build.internal.spaces.EntityQuerySpaceImpl@360b9e68]
17:03:35.670 [Test worker] DEBUG org.hibernate.persister.walking.spi.MetamodelGraphWalker - Visiting attribute path : user
17:03:35.670 [Test worker] DEBUG org.hibernate.persister.walking.spi.MetamodelGraphWalker - Property path deemed to be circular : user
17:03:35.670 [Test worker] DEBUG org.hibernate.loader.plan.build.internal.FetchStyleLoadPlanBuildingAssociationVisitationStrategy - Building LoadPlan...
17:03:35.670 [Test worker] DEBUG org.hibernate.loader.plan.exec.internal.LoadQueryJoinAndFetchProcessor - processing queryspace <gen:0>
17:03:35.670 [Test worker] DEBUG org.hibernate.loader.plan.build.spi.LoadPlanTreePrinter - LoadPlan(collection=com.epam.esm.entity.User.orders)
    - Returns
       - CollectionReturnImpl(collection=com.epam.esm.entity.User.orders, querySpaceUid=<gen:0>, path=[com.epam.esm.entity.User.orders])
          - (collection element) CollectionFetchableElementEntityGraph(entity=com.epam.esm.entity.Order, querySpaceUid=<gen:1>, path=[com.epam.esm.entity.User.orders].<elements>)
             - CollectionAttributeFetchImpl(collection=com.epam.esm.entity.Order.orderCertificates, querySpaceUid=<gen:2>, path=[com.epam.esm.entity.User.orders].<elements>.orderCertificates)
                - (collection element) CollectionFetchableElementEntityGraph(entity=com.epam.esm.entity.OrderCertificate, querySpaceUid=<gen:3>, path=[com.epam.esm.entity.User.orders].<elements>.orderCertificates.<elements>)
    - QuerySpaces
       - CollectionQuerySpaceImpl(uid=<gen:0>, collection=com.epam.esm.entity.User.orders)
          - SQL table alias mapping - orders0_
          - alias suffix - 0_
          - suffixed key columns - {user_id4_0_0_}
          - entity-element alias suffix - 1_
          - 1_entity-element suffixed key columns - id1_0_1_
          - JOIN (JoinDefinedByMetadata(elements)) : <gen:0> -> <gen:1>
             - EntityQuerySpaceImpl(uid=<gen:1>, entity=com.epam.esm.entity.Order)
                - SQL table alias mapping - orders0_
                - alias suffix - 1_
                - suffixed key columns - {id1_0_1_}

17:03:35.670 [Test worker] DEBUG org.hibernate.loader.collection.plan.CollectionLoader - Static select for collection com.epam.esm.entity.User.orders: select orders0_.user_id as user_id4_0_0_, orders0_.id as id1_0_0_, orders0_.id as id1_0_1_, orders0_.active_status as active_s2_0_1_, orders0_.created_at as created_3_0_1_, orders0_.user_id as user_id4_0_1_ from application_order orders0_ where orders0_.user_id=?
17:03:35.672 [Test worker] DEBUG org.hibernate.SQL - drop table application_order if exists
17:03:35.673 [Test worker] DEBUG org.hibernate.SQL - drop table application_role if exists
17:03:35.673 [Test worker] DEBUG org.hibernate.SQL - drop table application_user if exists
17:03:35.673 [Test worker] DEBUG org.hibernate.SQL - drop table certificate if exists
17:03:35.673 [Test worker] DEBUG org.hibernate.SQL - drop table certificate_tag if exists
17:03:35.673 [Test worker] DEBUG org.hibernate.SQL - drop table entity if exists
17:03:35.673 [Test worker] DEBUG org.hibernate.SQL - drop table order_certificate if exists
17:03:35.673 [Test worker] DEBUG org.hibernate.SQL - drop table tag if exists
17:03:35.673 [Test worker] DEBUG org.hibernate.SQL - create table application_order (id bigint generated by default as identity, active_status boolean, created_at timestamp, user_id bigint, primary key (id))
17:03:35.674 [Test worker] DEBUG org.hibernate.SQL - create table application_role (id bigint generated by default as identity, value varchar(255), primary key (id))
17:03:35.675 [Test worker] DEBUG org.hibernate.SQL - create table application_user (id bigint generated by default as identity, email varchar(255), password varchar(255), refresh_token varchar(255), role_id bigint, primary key (id))
17:03:35.675 [Test worker] DEBUG org.hibernate.SQL - create table certificate (id bigint generated by default as identity, active_status boolean, creation_date date, description varchar(255), expiration_date date, modification_date date, name varchar(255), price decimal(19,2), primary key (id))
17:03:35.675 [Test worker] DEBUG org.hibernate.SQL - create table certificate_tag (certificate_id bigint not null, tag_id bigint not null, primary key (certificate_id, tag_id))
17:03:35.676 [Test worker] DEBUG org.hibernate.SQL - create table entity (id bigint generated by default as identity, primary key (id))
17:03:35.676 [Test worker] DEBUG org.hibernate.SQL - create table order_certificate (id bigint generated by default as identity, expiration_date date, fixed_price decimal(19,2), certificate_id bigint, order_id bigint, primary key (id))
17:03:35.677 [Test worker] DEBUG org.hibernate.SQL - create table tag (id bigint generated by default as identity, title varchar(255), primary key (id))
17:03:35.677 [Test worker] DEBUG org.hibernate.SQL - alter table tag add constraint UK_k5g3urrxw2ym0ls8vo6xfgs65 unique (title)
17:03:35.678 [Test worker] DEBUG org.hibernate.SQL - alter table application_order add constraint FKp4m4jwa9ds4e3gmsdtsvjcty3 foreign key (user_id) references application_user
17:03:35.679 [Test worker] DEBUG org.hibernate.SQL - alter table application_user add constraint FKkb3re6enordhsw7vy7ftgtna4 foreign key (role_id) references application_role
17:03:35.679 [Test worker] DEBUG org.hibernate.SQL - alter table certificate_tag add constraint FKk65jck3ppxm1p372l03sxdtcc foreign key (tag_id) references tag
17:03:35.680 [Test worker] DEBUG org.hibernate.SQL - alter table certificate_tag add constraint FKlrytco6nyamwxl72nog54iymx foreign key (certificate_id) references certificate
17:03:35.681 [Test worker] DEBUG org.hibernate.SQL - alter table order_certificate add constraint FKans0qrkplnas0le7if4ph8n2w foreign key (certificate_id) references certificate
17:03:35.682 [Test worker] DEBUG org.hibernate.SQL - alter table order_certificate add constraint FKlylopteltw5t82w63stck3tb8 foreign key (order_id) references application_order
17:03:35.684 [Test worker] INFO org.hibernate.tool.schema.internal.SchemaCreatorImpl - HHH000476: Executing import script 'org.hibernate.tool.schema.internal.exec.ScriptSourceInputNonExistentImpl@3bb5d12c'
17:03:35.684 [Test worker] DEBUG org.hibernate.query.spi.NamedQueryRepository - Checking 0 named HQL queries
17:03:35.684 [Test worker] DEBUG org.hibernate.query.spi.NamedQueryRepository - Checking 0 named SQL queries
17:03:35.684 [Test worker] DEBUG org.hibernate.internal.SessionFactoryRegistry - Registering SessionFactory: 01ba5627-5b07-47d4-99a5-c95cd19ab8a3 (<unnamed>)
17:03:35.684 [Test worker] DEBUG org.hibernate.internal.SessionFactoryRegistry - Not binding SessionFactory to JNDI, no JNDI name configured
17:03:35.684 [Test worker] INFO org.springframework.orm.jpa.LocalContainerEntityManagerFactoryBean - Initialized JPA EntityManagerFactory for persistence unit 'default'
17:03:35.684 [Test worker] DEBUG org.springframework.jdbc.datasource.DataSourceUtils - Fetching JDBC Connection from DataSource
17:03:35.685 [Test worker] DEBUG org.springframework.beans.factory.support.DefaultListableBeanFactory - Creating shared instance of singleton bean 'testConfig'
17:03:35.685 [Test worker] DEBUG org.springframework.beans.factory.support.DefaultListableBeanFactory - Creating shared instance of singleton bean 'certificateRepository'
17:03:35.686 [Test worker] DEBUG org.springframework.beans.factory.support.DefaultListableBeanFactory - Creating shared instance of singleton bean 'org.springframework.orm.jpa.SharedEntityManagerCreator#0'
17:03:35.688 [Test worker] DEBUG org.springframework.beans.factory.support.DefaultListableBeanFactory - Creating shared instance of singleton bean 'criteriaBuilderHelper'
17:03:35.689 [Test worker] DEBUG org.springframework.beans.factory.support.DefaultListableBeanFactory - Autowiring by type from bean name 'certificateRepository' via constructor to bean named 'org.springframework.orm.jpa.SharedEntityManagerCreator#0'
17:03:35.689 [Test worker] DEBUG org.springframework.beans.factory.support.DefaultListableBeanFactory - Autowiring by type from bean name 'certificateRepository' via constructor to bean named 'criteriaBuilderHelper'
17:03:35.689 [Test worker] DEBUG org.springframework.beans.factory.support.DefaultListableBeanFactory - Creating shared instance of singleton bean 'orderCertificateRepository'
17:03:35.689 [Test worker] DEBUG org.springframework.beans.factory.support.DefaultListableBeanFactory - Autowiring by type from bean name 'orderCertificateRepository' via constructor to bean named 'org.springframework.orm.jpa.SharedEntityManagerCreator#0'
17:03:35.690 [Test worker] DEBUG org.springframework.beans.factory.support.DefaultListableBeanFactory - Creating shared instance of singleton bean 'orderRepository'
17:03:35.691 [Test worker] DEBUG org.springframework.beans.factory.support.DefaultListableBeanFactory - Autowiring by type from bean name 'orderRepository' via constructor to bean named 'org.springframework.orm.jpa.SharedEntityManagerCreator#0'
17:03:35.691 [Test worker] DEBUG org.springframework.beans.factory.support.DefaultListableBeanFactory - Creating shared instance of singleton bean 'tagRepository'
17:03:35.692 [Test worker] DEBUG org.springframework.beans.factory.support.DefaultListableBeanFactory - Autowiring by type from bean name 'tagRepository' via constructor to bean named 'org.springframework.orm.jpa.SharedEntityManagerCreator#0'
17:03:35.693 [Test worker] DEBUG org.springframework.beans.factory.support.DefaultListableBeanFactory - Creating shared instance of singleton bean 'userRepository'
17:03:35.693 [Test worker] DEBUG org.springframework.beans.factory.support.DefaultListableBeanFactory - Autowiring by type from bean name 'userRepository' via constructor to bean named 'org.springframework.orm.jpa.SharedEntityManagerCreator#0'
17:03:35.694 [Test worker] DEBUG org.springframework.beans.factory.support.DefaultListableBeanFactory - Creating shared instance of singleton bean 'org.springframework.boot.autoconfigure.context.PropertyPlaceholderAutoConfiguration'
17:03:35.694 [Test worker] DEBUG org.springframework.beans.factory.support.DefaultListableBeanFactory - Creating shared instance of singleton bean 'org.springframework.boot.autoconfigure.task.TaskExecutionAutoConfiguration'
17:03:35.694 [Test worker] DEBUG org.springframework.core.LocalVariableTableParameterNameDiscoverer - Cannot find '.class' file for class [class org.springframework.boot.autoconfigure.task.TaskExecutionAutoConfiguration$$EnhancerBySpringCGLIB$$30b471bb] - unable to determine constructor/method parameter names
17:03:35.695 [Test worker] DEBUG org.springframework.beans.factory.support.DefaultListableBeanFactory - Creating shared instance of singleton bean 'spring.task.execution-org.springframework.boot.autoconfigure.task.TaskExecutionProperties'
17:03:35.695 [Test worker] DEBUG org.springframework.beans.factory.support.DefaultListableBeanFactory - Autowiring by type from bean name 'org.springframework.boot.autoconfigure.task.TaskExecutionAutoConfiguration' via constructor to bean named 'spring.task.execution-org.springframework.boot.autoconfigure.task.TaskExecutionProperties'
17:03:35.695 [Test worker] DEBUG org.springframework.beans.factory.support.DefaultListableBeanFactory - Creating shared instance of singleton bean 'taskExecutorBuilder'
17:03:35.696 [Test worker] DEBUG org.springframework.beans.factory.support.DefaultListableBeanFactory - Creating shared instance of singleton bean 'org.springframework.boot.autoconfigure.validation.ValidationAutoConfiguration'
17:03:35.696 [Test worker] DEBUG org.springframework.beans.factory.support.DefaultListableBeanFactory - Creating shared instance of singleton bean 'defaultValidator'
17:03:35.697 [Test worker] DEBUG org.hibernate.validator.internal.engine.resolver.TraversableResolvers - Found javax.persistence.Persistence on classpath containing 'getPersistenceUtil'. Assuming JPA 2 environment. Trying to instantiate JPA aware TraversableResolver
17:03:35.697 [Test worker] DEBUG org.hibernate.validator.internal.engine.resolver.TraversableResolvers - Instantiated JPA aware TraversableResolver of type org.hibernate.validator.internal.engine.resolver.JPATraversableResolver.
17:03:35.697 [Test worker] DEBUG org.hibernate.validator.messageinterpolation.ResourceBundleMessageInterpolator - Loaded expression factory via original TCCL
17:03:35.697 [Test worker] DEBUG org.hibernate.validator.internal.engine.resolver.TraversableResolvers - Found javax.persistence.Persistence on classpath containing 'getPersistenceUtil'. Assuming JPA 2 environment. Trying to instantiate JPA aware TraversableResolver
17:03:35.697 [Test worker] DEBUG org.hibernate.validator.internal.engine.resolver.TraversableResolvers - Instantiated JPA aware TraversableResolver of type org.hibernate.validator.internal.engine.resolver.JPATraversableResolver.
17:03:35.697 [Test worker] DEBUG org.hibernate.validator.internal.engine.ConfigurationImpl - Setting custom MessageInterpolator of type org.springframework.validation.beanvalidation.LocaleContextMessageInterpolator
17:03:35.697 [Test worker] DEBUG org.hibernate.validator.internal.engine.ConfigurationImpl - Setting custom ConstraintValidatorFactory of type org.springframework.validation.beanvalidation.SpringConstraintValidatorFactory
17:03:35.697 [Test worker] DEBUG org.hibernate.validator.internal.engine.ConfigurationImpl - Setting custom ParameterNameProvider of type org.springframework.validation.beanvalidation.LocalValidatorFactoryBean$1
17:03:35.697 [Test worker] DEBUG org.hibernate.validator.internal.xml.config.ValidationXmlParser - Trying to load META-INF/validation.xml for XML based Validator configuration.
17:03:35.697 [Test worker] DEBUG org.hibernate.validator.internal.xml.config.ResourceLoaderHelper - Trying to load META-INF/validation.xml via user class loader
17:03:35.698 [Test worker] DEBUG org.hibernate.validator.internal.xml.config.ResourceLoaderHelper - Trying to load META-INF/validation.xml via TCCL
17:03:35.698 [Test worker] DEBUG org.hibernate.validator.internal.xml.config.ResourceLoaderHelper - Trying to load META-INF/validation.xml via Hibernate Validator's class loader
17:03:35.698 [Test worker] DEBUG org.hibernate.validator.internal.xml.config.ValidationXmlParser - No META-INF/validation.xml found. Using annotation based configuration only.
17:03:35.703 [Test worker] DEBUG org.hibernate.validator.internal.engine.ValidatorFactoryImpl - HV000234: Using org.springframework.validation.beanvalidation.LocaleContextMessageInterpolator as ValidatorFactory-scoped message interpolator.
17:03:35.703 [Test worker] DEBUG org.hibernate.validator.internal.engine.ValidatorFactoryImpl - HV000234: Using org.hibernate.validator.internal.engine.resolver.JPATraversableResolver as ValidatorFactory-scoped traversable resolver.
17:03:35.703 [Test worker] DEBUG org.hibernate.validator.internal.engine.ValidatorFactoryImpl - HV000234: Using org.hibernate.validator.internal.util.ExecutableParameterNameProvider as ValidatorFactory-scoped parameter name provider.
17:03:35.703 [Test worker] DEBUG org.hibernate.validator.internal.engine.ValidatorFactoryImpl - HV000234: Using org.hibernate.validator.internal.engine.DefaultClockProvider as ValidatorFactory-scoped clock provider.
17:03:35.703 [Test worker] DEBUG org.hibernate.validator.internal.engine.ValidatorFactoryImpl - HV000234: Using org.hibernate.validator.internal.engine.scripting.DefaultScriptEvaluatorFactory as ValidatorFactory-scoped script evaluator factory.
17:03:35.704 [Test worker] DEBUG org.springframework.beans.factory.support.DefaultListableBeanFactory - Creating shared instance of singleton bean 'org.springframework.boot.autoconfigure.security.oauth2.client.OAuth2RestOperationsConfiguration$SingletonScopedConfiguration'
17:03:35.704 [Test worker] DEBUG org.springframework.beans.factory.support.DefaultListableBeanFactory - Creating shared instance of singleton bean 'oauth2RemoteResource'
17:03:35.705 [Test worker] DEBUG org.springframework.beans.factory.support.DefaultListableBeanFactory - Creating shared instance of singleton bean 'oauth2ClientContext'
17:03:35.706 [Test worker] DEBUG org.springframework.beans.factory.support.DefaultListableBeanFactory - Creating shared instance of singleton bean 'org.springframework.boot.autoconfigure.security.oauth2.client.OAuth2RestOperationsConfiguration'
17:03:35.706 [Test worker] DEBUG org.springframework.beans.factory.support.DefaultListableBeanFactory - Creating shared instance of singleton bean 'org.springframework.boot.autoconfigure.security.oauth2.OAuth2AutoConfiguration'
17:03:35.706 [Test worker] DEBUG org.springframework.core.LocalVariableTableParameterNameDiscoverer - Cannot find '.class' file for class [class org.springframework.boot.autoconfigure.security.oauth2.OAuth2AutoConfiguration$$EnhancerBySpringCGLIB$$5c5e94e5] - unable to determine constructor/method parameter names
17:03:35.706 [Test worker] DEBUG org.springframework.beans.factory.support.DefaultListableBeanFactory - Creating shared instance of singleton bean 'security.oauth2.client-org.springframework.boot.autoconfigure.security.oauth2.OAuth2ClientProperties'
17:03:35.707 [Test worker] DEBUG org.springframework.beans.factory.support.DefaultListableBeanFactory - Autowiring by type from bean name 'org.springframework.boot.autoconfigure.security.oauth2.OAuth2AutoConfiguration' via constructor to bean named 'security.oauth2.client-org.springframework.boot.autoconfigure.security.oauth2.OAuth2ClientProperties'
17:03:35.707 [Test worker] DEBUG org.springframework.beans.factory.support.DefaultListableBeanFactory - Creating shared instance of singleton bean 'resourceServerProperties'
17:03:35.709 [Test worker] DEBUG org.springframework.beans.factory.support.DefaultListableBeanFactory - Creating shared instance of singleton bean 'org.springframework.boot.autoconfigure.jmx.JmxAutoConfiguration'
17:03:35.709 [Test worker] DEBUG org.springframework.beans.factory.support.DefaultListableBeanFactory - Creating shared instance of singleton bean 'mbeanExporter'
17:03:35.709 [Test worker] DEBUG org.springframework.beans.factory.support.DefaultListableBeanFactory - Creating shared instance of singleton bean 'objectNamingStrategy'
17:03:35.710 [Test worker] DEBUG org.springframework.beans.factory.support.DefaultListableBeanFactory - Autowiring by type from bean name 'mbeanExporter' via factory method to bean named 'objectNamingStrategy'
17:03:35.710 [Test worker] DEBUG org.springframework.beans.factory.support.DefaultListableBeanFactory - Creating shared instance of singleton bean 'mbeanServer'
17:03:35.710 [Test worker] DEBUG org.springframework.jmx.support.JmxUtils - Found MBeanServer: com.sun.jmx.mbeanserver.JmxMBeanServer@bc10b92
17:03:35.712 [Test worker] DEBUG org.springframework.beans.factory.support.DefaultListableBeanFactory - Creating shared instance of singleton bean 'org.springframework.boot.autoconfigure.aop.AopAutoConfiguration$CglibAutoProxyConfiguration'
17:03:35.712 [Test worker] DEBUG org.springframework.beans.factory.support.DefaultListableBeanFactory - Creating shared instance of singleton bean 'org.springframework.boot.autoconfigure.aop.AopAutoConfiguration'
17:03:35.712 [Test worker] DEBUG org.springframework.beans.factory.support.DefaultListableBeanFactory - Creating shared instance of singleton bean 'org.springframework.boot.autoconfigure.transaction.jta.JtaAutoConfiguration'
17:03:35.712 [Test worker] DEBUG org.springframework.beans.factory.support.DefaultListableBeanFactory - Creating shared instance of singleton bean 'org.springframework.boot.autoconfigure.jdbc.DataSourceJmxConfiguration$Hikari'
17:03:35.713 [Test worker] DEBUG org.springframework.core.LocalVariableTableParameterNameDiscoverer - Cannot find '.class' file for class [class org.springframework.boot.autoconfigure.jdbc.DataSourceJmxConfiguration$Hikari$$EnhancerBySpringCGLIB$$8eb93a4f] - unable to determine constructor/method parameter names
17:03:35.713 [Test worker] DEBUG org.springframework.beans.factory.support.DefaultListableBeanFactory - Autowiring by type from bean name 'org.springframework.boot.autoconfigure.jdbc.DataSourceJmxConfiguration$Hikari' via constructor to bean named 'dataSource'
17:03:35.713 [Test worker] DEBUG org.springframework.beans.factory.support.DefaultListableBeanFactory - Creating shared instance of singleton bean 'org.springframework.boot.autoconfigure.jdbc.DataSourceJmxConfiguration'
17:03:35.713 [Test worker] DEBUG org.springframework.beans.factory.support.DefaultListableBeanFactory - Creating shared instance of singleton bean 'org.springframework.boot.autoconfigure.jdbc.DataSourceAutoConfiguration$PooledDataSourceConfiguration'
17:03:35.714 [Test worker] DEBUG org.springframework.beans.factory.support.DefaultListableBeanFactory - Creating shared instance of singleton bean 'org.springframework.boot.autoconfigure.jdbc.metadata.DataSourcePoolMetadataProvidersConfiguration'
17:03:35.714 [Test worker] DEBUG org.springframework.beans.factory.support.DefaultListableBeanFactory - Creating shared instance of singleton bean 'org.springframework.boot.autoconfigure.jdbc.DataSourceInitializationConfiguration'
17:03:35.714 [Test worker] DEBUG org.springframework.beans.factory.support.DefaultListableBeanFactory - Creating shared instance of singleton bean 'org.springframework.boot.autoconfigure.jdbc.DataSourceAutoConfiguration'
17:03:35.714 [Test worker] DEBUG org.springframework.beans.factory.support.DefaultListableBeanFactory - Creating shared instance of singleton bean 'transactionManager'
17:03:35.715 [Test worker] DEBUG org.springframework.beans.factory.support.DefaultListableBeanFactory - Creating shared instance of singleton bean 'org.springframework.boot.autoconfigure.orm.jpa.HibernateJpaAutoConfiguration'
17:03:35.715 [Test worker] DEBUG org.springframework.beans.factory.support.DefaultListableBeanFactory - Creating shared instance of singleton bean 'org.springframework.boot.autoconfigure.context.ConfigurationPropertiesAutoConfiguration'
17:03:35.715 [Test worker] DEBUG org.springframework.beans.factory.support.DefaultListableBeanFactory - Creating shared instance of singleton bean 'org.springframework.boot.autoconfigure.dao.PersistenceExceptionTranslationAutoConfiguration'
17:03:35.715 [Test worker] DEBUG org.springframework.beans.factory.support.DefaultListableBeanFactory - Creating shared instance of singleton bean 'org.springframework.boot.autoconfigure.data.jpa.JpaRepositoriesAutoConfiguration'
17:03:35.716 [Test worker] DEBUG org.springframework.beans.factory.support.DefaultListableBeanFactory - Creating shared instance of singleton bean 'org.springframework.data.jpa.util.JpaMetamodelCacheCleanup'
17:03:35.716 [Test worker] DEBUG org.springframework.beans.factory.support.DefaultListableBeanFactory - Creating shared instance of singleton bean 'org.springframework.data.jpa.repository.support.JpaEvaluationContextExtension'
17:03:35.716 [Test worker] DEBUG org.springframework.beans.factory.support.DefaultListableBeanFactory - Creating shared instance of singleton bean 'org.springframework.boot.autoconfigure.jackson.JacksonAutoConfiguration$Jackson2ObjectMapperBuilderCustomizerConfiguration'
17:03:35.716 [Test worker] DEBUG org.springframework.beans.factory.support.DefaultListableBeanFactory - Creating shared instance of singleton bean 'standardJacksonObjectMapperBuilderCustomizer'
17:03:35.717 [Test worker] DEBUG org.springframework.beans.factory.support.DefaultListableBeanFactory - Creating shared instance of singleton bean 'spring.jackson-org.springframework.boot.autoconfigure.jackson.JacksonProperties'
17:03:35.717 [Test worker] DEBUG org.springframework.beans.factory.support.DefaultListableBeanFactory - Autowiring by type from bean name 'standardJacksonObjectMapperBuilderCustomizer' via factory method to bean named 'org.springframework.context.support.GenericApplicationContext@504a4c8'
17:03:35.717 [Test worker] DEBUG org.springframework.beans.factory.support.DefaultListableBeanFactory - Autowiring by type from bean name 'standardJacksonObjectMapperBuilderCustomizer' via factory method to bean named 'spring.jackson-org.springframework.boot.autoconfigure.jackson.JacksonProperties'
17:03:35.717 [Test worker] DEBUG org.springframework.beans.factory.support.DefaultListableBeanFactory - Creating shared instance of singleton bean 'org.springframework.boot.autoconfigure.jackson.JacksonAutoConfiguration$JacksonObjectMapperBuilderConfiguration'
17:03:35.718 [Test worker] DEBUG org.springframework.core.LocalVariableTableParameterNameDiscoverer - Cannot find '.class' file for class [class org.springframework.boot.autoconfigure.jackson.JacksonAutoConfiguration$JacksonObjectMapperBuilderConfiguration$$EnhancerBySpringCGLIB$$b2f51a8f] - unable to determine constructor/method parameter names
17:03:35.718 [Test worker] DEBUG org.springframework.beans.factory.support.DefaultListableBeanFactory - Autowiring by type from bean name 'org.springframework.boot.autoconfigure.jackson.JacksonAutoConfiguration$JacksonObjectMapperBuilderConfiguration' via constructor to bean named 'org.springframework.context.support.GenericApplicationContext@504a4c8'
17:03:35.718 [Test worker] DEBUG org.springframework.beans.factory.support.DefaultListableBeanFactory - Creating shared instance of singleton bean 'jacksonObjectMapperBuilder'
17:03:35.719 [Test worker] DEBUG org.springframework.beans.factory.support.DefaultListableBeanFactory - Autowiring by type from bean name 'jacksonObjectMapperBuilder' via factory method to bean named 'standardJacksonObjectMapperBuilderCustomizer'
17:03:35.719 [Test worker] DEBUG org.springframework.beans.factory.support.DefaultListableBeanFactory - Creating shared instance of singleton bean 'parameterNamesModule'
17:03:35.719 [Test worker] DEBUG org.springframework.beans.factory.support.DefaultListableBeanFactory - Creating shared instance of singleton bean 'org.springframework.boot.autoconfigure.jackson.JacksonAutoConfiguration$ParameterNamesModuleConfiguration'
17:03:35.720 [Test worker] DEBUG org.springframework.beans.factory.support.DefaultListableBeanFactory - Creating shared instance of singleton bean 'jsonComponentModule'
17:03:35.720 [Test worker] DEBUG org.springframework.beans.factory.support.DefaultListableBeanFactory - Creating shared instance of singleton bean 'org.springframework.boot.autoconfigure.jackson.JacksonAutoConfiguration'
17:03:35.722 [Test worker] DEBUG org.springframework.beans.factory.support.DefaultListableBeanFactory - Creating shared instance of singleton bean 'org.springframework.boot.autoconfigure.jackson.JacksonAutoConfiguration$JacksonObjectMapperConfiguration'
17:03:35.722 [Test worker] DEBUG org.springframework.beans.factory.support.DefaultListableBeanFactory - Creating shared instance of singleton bean 'jacksonObjectMapper'
17:03:35.722 [Test worker] DEBUG org.springframework.beans.factory.support.DefaultListableBeanFactory - Autowiring by type from bean name 'jacksonObjectMapper' via factory method to bean named 'jacksonObjectMapperBuilder'
17:03:35.725 [Test worker] DEBUG org.springframework.beans.factory.support.DefaultListableBeanFactory - Creating shared instance of singleton bean 'org.springframework.boot.autoconfigure.http.HttpMessageConvertersAutoConfiguration$StringHttpMessageConverterConfiguration'
17:03:35.725 [Test worker] DEBUG org.springframework.core.LocalVariableTableParameterNameDiscoverer - Cannot find '.class' file for class [class org.springframework.boot.autoconfigure.http.HttpMessageConvertersAutoConfiguration$StringHttpMessageConverterConfiguration$$EnhancerBySpringCGLIB$$f2566b19] - unable to determine constructor/method parameter names
17:03:35.725 [Test worker] DEBUG org.springframework.beans.factory.support.DefaultListableBeanFactory - Creating shared instance of singleton bean 'spring.http-org.springframework.boot.autoconfigure.http.HttpProperties'
17:03:35.726 [Test worker] DEBUG org.springframework.beans.factory.support.DefaultListableBeanFactory - Autowiring by type from bean name 'org.springframework.boot.autoconfigure.http.HttpMessageConvertersAutoConfiguration$StringHttpMessageConverterConfiguration' via constructor to bean named 'spring.http-org.springframework.boot.autoconfigure.http.HttpProperties'
17:03:35.726 [Test worker] DEBUG org.springframework.beans.factory.support.DefaultListableBeanFactory - Creating shared instance of singleton bean 'stringHttpMessageConverter'
17:03:35.726 [Test worker] DEBUG org.springframework.beans.factory.support.DefaultListableBeanFactory - Creating shared instance of singleton bean 'org.springframework.boot.autoconfigure.http.JacksonHttpMessageConvertersConfiguration$MappingJackson2HttpMessageConverterConfiguration'
17:03:35.727 [Test worker] DEBUG org.springframework.beans.factory.support.DefaultListableBeanFactory - Creating shared instance of singleton bean 'mappingJackson2HttpMessageConverter'
17:03:35.727 [Test worker] DEBUG org.springframework.beans.factory.support.DefaultListableBeanFactory - Autowiring by type from bean name 'mappingJackson2HttpMessageConverter' via factory method to bean named 'jacksonObjectMapper'
17:03:35.728 [Test worker] DEBUG org.springframework.beans.factory.support.DefaultListableBeanFactory - Creating shared instance of singleton bean 'org.springframework.boot.autoconfigure.http.JacksonHttpMessageConvertersConfiguration'
17:03:35.728 [Test worker] DEBUG org.springframework.beans.factory.support.DefaultListableBeanFactory - Creating shared instance of singleton bean 'org.springframework.boot.autoconfigure.http.HttpMessageConvertersAutoConfiguration'
17:03:35.728 [Test worker] DEBUG org.springframework.core.LocalVariableTableParameterNameDiscoverer - Cannot find '.class' file for class [class org.springframework.boot.autoconfigure.http.HttpMessageConvertersAutoConfiguration$$EnhancerBySpringCGLIB$$bf48a479] - unable to determine constructor/method parameter names
17:03:35.729 [Test worker] DEBUG org.springframework.beans.factory.support.DefaultListableBeanFactory - Creating shared instance of singleton bean 'messageConverters'
17:03:35.731 [Test worker] DEBUG org.springframework.beans.factory.support.DefaultListableBeanFactory - Creating shared instance of singleton bean 'org.springframework.boot.autoconfigure.http.codec.CodecsAutoConfiguration$LoggingCodecConfiguration'
17:03:35.732 [Test worker] DEBUG org.springframework.beans.factory.support.DefaultListableBeanFactory - Creating shared instance of singleton bean 'loggingCodecCustomizer'
17:03:35.732 [Test worker] DEBUG org.springframework.beans.factory.support.DefaultListableBeanFactory - Autowiring by type from bean name 'loggingCodecCustomizer' via factory method to bean named 'spring.http-org.springframework.boot.autoconfigure.http.HttpProperties'
17:03:35.732 [Test worker] DEBUG org.springframework.beans.factory.support.DefaultListableBeanFactory - Creating shared instance of singleton bean 'org.springframework.boot.autoconfigure.http.codec.CodecsAutoConfiguration$JacksonCodecConfiguration'
17:03:35.732 [Test worker] DEBUG org.springframework.beans.factory.support.DefaultListableBeanFactory - Creating shared instance of singleton bean 'jacksonCodecCustomizer'
17:03:35.732 [Test worker] DEBUG org.springframework.beans.factory.support.DefaultListableBeanFactory - Autowiring by type from bean name 'jacksonCodecCustomizer' via factory method to bean named 'jacksonObjectMapper'
17:03:35.733 [Test worker] DEBUG org.springframework.beans.factory.support.DefaultListableBeanFactory - Creating shared instance of singleton bean 'org.springframework.boot.autoconfigure.http.codec.CodecsAutoConfiguration'
17:03:35.733 [Test worker] DEBUG org.springframework.beans.factory.support.DefaultListableBeanFactory - Creating shared instance of singleton bean 'org.springframework.boot.autoconfigure.info.ProjectInfoAutoConfiguration'
17:03:35.733 [Test worker] DEBUG org.springframework.core.LocalVariableTableParameterNameDiscoverer - Cannot find '.class' file for class [class org.springframework.boot.autoconfigure.info.ProjectInfoAutoConfiguration$$EnhancerBySpringCGLIB$$e10ee5fe] - unable to determine constructor/method parameter names
17:03:35.733 [Test worker] DEBUG org.springframework.beans.factory.support.DefaultListableBeanFactory - Creating shared instance of singleton bean 'spring.info-org.springframework.boot.autoconfigure.info.ProjectInfoProperties'
17:03:35.734 [Test worker] DEBUG org.springframework.beans.factory.support.DefaultListableBeanFactory - Autowiring by type from bean name 'org.springframework.boot.autoconfigure.info.ProjectInfoAutoConfiguration' via constructor to bean named 'spring.info-org.springframework.boot.autoconfigure.info.ProjectInfoProperties'
17:03:35.734 [Test worker] DEBUG org.springframework.beans.factory.support.DefaultListableBeanFactory - Creating shared instance of singleton bean 'org.springframework.boot.autoconfigure.jdbc.JdbcTemplateAutoConfiguration$JdbcTemplateConfiguration'
17:03:35.734 [Test worker] DEBUG org.springframework.core.LocalVariableTableParameterNameDiscoverer - Cannot find '.class' file for class [class org.springframework.boot.autoconfigure.jdbc.JdbcTemplateAutoConfiguration$JdbcTemplateConfiguration$$EnhancerBySpringCGLIB$$bda00752] - unable to determine constructor/method parameter names
17:03:35.734 [Test worker] DEBUG org.springframework.beans.factory.support.DefaultListableBeanFactory - Creating shared instance of singleton bean 'spring.jdbc-org.springframework.boot.autoconfigure.jdbc.JdbcProperties'
17:03:35.735 [Test worker] DEBUG org.springframework.beans.factory.support.DefaultListableBeanFactory - Autowiring by type from bean name 'org.springframework.boot.autoconfigure.jdbc.JdbcTemplateAutoConfiguration$JdbcTemplateConfiguration' via constructor to bean named 'dataSource'
17:03:35.735 [Test worker] DEBUG org.springframework.beans.factory.support.DefaultListableBeanFactory - Autowiring by type from bean name 'org.springframework.boot.autoconfigure.jdbc.JdbcTemplateAutoConfiguration$JdbcTemplateConfiguration' via constructor to bean named 'spring.jdbc-org.springframework.boot.autoconfigure.jdbc.JdbcProperties'
17:03:35.735 [Test worker] DEBUG org.springframework.beans.factory.support.DefaultListableBeanFactory - Creating shared instance of singleton bean 'jdbcTemplate'
17:03:35.736 [Test worker] DEBUG org.springframework.beans.factory.support.DefaultListableBeanFactory - Creating shared instance of singleton bean 'org.springframework.boot.autoconfigure.jdbc.JdbcTemplateAutoConfiguration$NamedParameterJdbcTemplateConfiguration'
17:03:35.737 [Test worker] DEBUG org.springframework.beans.factory.support.DefaultListableBeanFactory - Creating shared instance of singleton bean 'namedParameterJdbcTemplate'
17:03:35.737 [Test worker] DEBUG org.springframework.beans.factory.support.DefaultListableBeanFactory - Autowiring by type from bean name 'namedParameterJdbcTemplate' via factory method to bean named 'jdbcTemplate'
17:03:35.737 [Test worker] DEBUG org.springframework.beans.factory.support.DefaultListableBeanFactory - Creating shared instance of singleton bean 'org.springframework.boot.autoconfigure.jdbc.JdbcTemplateAutoConfiguration'
17:03:35.738 [Test worker] DEBUG org.springframework.beans.factory.support.DefaultListableBeanFactory - Creating shared instance of singleton bean 'org.springframework.boot.autoconfigure.security.servlet.SecurityAutoConfiguration'
17:03:35.738 [Test worker] DEBUG org.springframework.beans.factory.support.DefaultListableBeanFactory - Creating shared instance of singleton bean 'authenticationEventPublisher'
17:03:35.738 [Test worker] DEBUG org.springframework.beans.factory.support.DefaultListableBeanFactory - Autowiring by type from bean name 'authenticationEventPublisher' via factory method to bean named 'org.springframework.context.support.GenericApplicationContext@504a4c8'
17:03:35.738 [Test worker] DEBUG org.springframework.beans.factory.support.DefaultListableBeanFactory - Creating shared instance of singleton bean 'spring.security-org.springframework.boot.autoconfigure.security.SecurityProperties'
17:03:35.739 [Test worker] DEBUG org.springframework.beans.factory.support.DefaultListableBeanFactory - Creating shared instance of singleton bean 'org.springframework.boot.autoconfigure.task.TaskSchedulingAutoConfiguration'
17:03:35.739 [Test worker] DEBUG org.springframework.beans.factory.support.DefaultListableBeanFactory - Creating shared instance of singleton bean 'taskSchedulerBuilder'
17:03:35.739 [Test worker] DEBUG org.springframework.beans.factory.support.DefaultListableBeanFactory - Creating shared instance of singleton bean 'spring.task.scheduling-org.springframework.boot.autoconfigure.task.TaskSchedulingProperties'
17:03:35.740 [Test worker] DEBUG org.springframework.beans.factory.support.DefaultListableBeanFactory - Autowiring by type from bean name 'taskSchedulerBuilder' via factory method to bean named 'spring.task.scheduling-org.springframework.boot.autoconfigure.task.TaskSchedulingProperties'
17:03:35.740 [Test worker] DEBUG org.springframework.beans.factory.support.DefaultListableBeanFactory - Creating shared instance of singleton bean 'org.springframework.boot.autoconfigure.jdbc.DataSourceTransactionManagerAutoConfiguration$DataSourceTransactionManagerConfiguration'
17:03:35.741 [Test worker] DEBUG org.springframework.core.LocalVariableTableParameterNameDiscoverer - Cannot find '.class' file for class [class org.springframework.boot.autoconfigure.jdbc.DataSourceTransactionManagerAutoConfiguration$DataSourceTransactionManagerConfiguration$$EnhancerBySpringCGLIB$$52157154] - unable to determine constructor/method parameter names
17:03:35.741 [Test worker] DEBUG org.springframework.beans.factory.support.DefaultListableBeanFactory - Autowiring by type from bean name 'org.springframework.boot.autoconfigure.jdbc.DataSourceTransactionManagerAutoConfiguration$DataSourceTransactionManagerConfiguration' via constructor to bean named 'dataSource'
17:03:35.741 [Test worker] DEBUG org.springframework.beans.factory.support.DefaultListableBeanFactory - Creating shared instance of singleton bean 'org.springframework.boot.autoconfigure.jdbc.DataSourceTransactionManagerAutoConfiguration'
17:03:35.742 [Test worker] DEBUG org.springframework.beans.factory.support.DefaultListableBeanFactory - Creating shared instance of singleton bean 'org.springframework.boot.autoconfigure.transaction.TransactionAutoConfiguration$EnableTransactionManagementConfiguration$CglibAutoProxyConfiguration'
17:03:35.742 [Test worker] DEBUG org.springframework.beans.factory.support.DefaultListableBeanFactory - Creating shared instance of singleton bean 'org.springframework.boot.autoconfigure.transaction.TransactionAutoConfiguration$EnableTransactionManagementConfiguration'
17:03:35.742 [Test worker] DEBUG org.springframework.beans.factory.support.DefaultListableBeanFactory - Creating shared instance of singleton bean 'org.springframework.boot.autoconfigure.transaction.TransactionAutoConfiguration$TransactionTemplateConfiguration'
17:03:35.743 [Test worker] DEBUG org.springframework.core.LocalVariableTableParameterNameDiscoverer - Cannot find '.class' file for class [class org.springframework.boot.autoconfigure.transaction.TransactionAutoConfiguration$TransactionTemplateConfiguration$$EnhancerBySpringCGLIB$$a39f3627] - unable to determine constructor/method parameter names
17:03:35.743 [Test worker] DEBUG org.springframework.beans.factory.support.DefaultListableBeanFactory - Autowiring by type from bean name 'org.springframework.boot.autoconfigure.transaction.TransactionAutoConfiguration$TransactionTemplateConfiguration' via constructor to bean named 'transactionManager'
17:03:35.743 [Test worker] DEBUG org.springframework.beans.factory.support.DefaultListableBeanFactory - Creating shared instance of singleton bean 'transactionTemplate'
17:03:35.743 [Test worker] DEBUG org.springframework.beans.factory.support.DefaultListableBeanFactory - Creating shared instance of singleton bean 'org.springframework.boot.autoconfigure.web.client.RestTemplateAutoConfiguration'
17:03:35.744 [Test worker] DEBUG org.springframework.core.LocalVariableTableParameterNameDiscoverer - Cannot find '.class' file for class [class org.springframework.boot.autoconfigure.web.client.RestTemplateAutoConfiguration$$EnhancerBySpringCGLIB$$402ad266] - unable to determine constructor/method parameter names
17:03:35.744 [Test worker] DEBUG org.springframework.beans.factory.support.DefaultListableBeanFactory - Creating shared instance of singleton bean 'restTemplateBuilder'
17:03:35.747 [Test worker] DEBUG org.springframework.jmx.export.annotation.AnnotationMBeanExporter - Registering beans for JMX exposure on startup
17:03:35.747 [Test worker] DEBUG org.springframework.jmx.export.annotation.AnnotationMBeanExporter - Autodetecting user-defined JMX MBeans
17:03:35.747 [Test worker] DEBUG org.springframework.jmx.export.annotation.AnnotationMBeanExporter - Bean with name 'dataSource' has been autodetected for JMX exposure
17:03:35.748 [Test worker] DEBUG org.springframework.jmx.export.annotation.AnnotationMBeanExporter - Located MBean 'dataSource': registering with JMX server as MBean [com.zaxxer.hikari:name=dataSource,type=HikariDataSource]
17:03:35.749 [Test worker] DEBUG org.springframework.test.context.cache.DefaultCacheAwareContextLoaderDelegate - Storing ApplicationContext in cache under key [[MergedContextConfiguration@32c2b767 testClass = UserRepositoryTest, locations = '{}', classes = '{class com.epam.esm.TestConfig}', contextInitializerClasses = '[]', activeProfiles = '{}', propertySourceLocations = '{}', propertySourceProperties = '{}', contextCustomizers = set[[empty]], contextLoader = 'org.springframework.test.context.support.DelegatingSmartContextLoader', parent = [null]]]
17:03:35.749 [Test worker] DEBUG org.springframework.test.context.cache - Spring test ApplicationContext cache statistics: [DefaultContextCache@2bed31e4 size = 1, maxSize = 32, parentContextCount = 0, hitCount = 39, missCount = 17]
17:03:35.750 [Test worker] DEBUG org.springframework.test.context.support.AbstractDirtiesContextTestExecutionListener - Before test method: context [DefaultTestContext@76bf0ea0 testClass = UserRepositoryTest, testInstance = com.epam.esm.repository.UserRepositoryTest@7e6fba06, testMethod = findById@UserRepositoryTest, testException = [null], mergedContextConfiguration = [MergedContextConfiguration@32c2b767 testClass = UserRepositoryTest, locations = '{}', classes = '{class com.epam.esm.TestConfig}', contextInitializerClasses = '[]', activeProfiles = '{}', propertySourceLocations = '{}', propertySourceProperties = '{}', contextCustomizers = set[[empty]], contextLoader = 'org.springframework.test.context.support.DelegatingSmartContextLoader', parent = [null]], attributes = map[[empty]]], class annotated with @DirtiesContext [true] with mode [AFTER_EACH_TEST_METHOD], method annotated with @DirtiesContext [false] with mode [null].
17:03:35.751 [Test worker] DEBUG org.springframework.test.context.transaction.TransactionalTestExecutionListener - Explicit transaction definition [PROPAGATION_REQUIRED,ISOLATION_DEFAULT] found for test context [DefaultTestContext@76bf0ea0 testClass = UserRepositoryTest, testInstance = com.epam.esm.repository.UserRepositoryTest@7e6fba06, testMethod = findById@UserRepositoryTest, testException = [null], mergedContextConfiguration = [MergedContextConfiguration@32c2b767 testClass = UserRepositoryTest, locations = '{}', classes = '{class com.epam.esm.TestConfig}', contextInitializerClasses = '[]', activeProfiles = '{}', propertySourceLocations = '{}', propertySourceProperties = '{}', contextCustomizers = set[[empty]], contextLoader = 'org.springframework.test.context.support.DelegatingSmartContextLoader', parent = [null]], attributes = map[[empty]]]
17:03:35.751 [Test worker] DEBUG org.springframework.test.context.cache.DefaultCacheAwareContextLoaderDelegate - Retrieved ApplicationContext from cache with key [[MergedContextConfiguration@32c2b767 testClass = UserRepositoryTest, locations = '{}', classes = '{class com.epam.esm.TestConfig}', contextInitializerClasses = '[]', activeProfiles = '{}', propertySourceLocations = '{}', propertySourceProperties = '{}', contextCustomizers = set[[empty]], contextLoader = 'org.springframework.test.context.support.DelegatingSmartContextLoader', parent = [null]]]
17:03:35.751 [Test worker] DEBUG org.springframework.test.context.cache - Spring test ApplicationContext cache statistics: [DefaultContextCache@2bed31e4 size = 1, maxSize = 32, parentContextCount = 0, hitCount = 40, missCount = 17]
17:03:35.751 [Test worker] DEBUG org.springframework.test.context.transaction.TransactionalTestExecutionListener - No method-level @Rollback override: using default rollback [true] for test context [DefaultTestContext@76bf0ea0 testClass = UserRepositoryTest, testInstance = com.epam.esm.repository.UserRepositoryTest@7e6fba06, testMethod = findById@UserRepositoryTest, testException = [null], mergedContextConfiguration = [MergedContextConfiguration@32c2b767 testClass = UserRepositoryTest, locations = '{}', classes = '{class com.epam.esm.TestConfig}', contextInitializerClasses = '[]', activeProfiles = '{}', propertySourceLocations = '{}', propertySourceProperties = '{}', contextCustomizers = set[[empty]], contextLoader = 'org.springframework.test.context.support.DelegatingSmartContextLoader', parent = [null]], attributes = map[[empty]]].
17:03:35.751 [Test worker] DEBUG org.springframework.orm.jpa.JpaTransactionManager - Creating new transaction with name [com.epam.esm.repository.UserRepositoryTest.findById]: PROPAGATION_REQUIRED,ISOLATION_DEFAULT
17:03:35.751 [Test worker] DEBUG org.hibernate.stat.internal.StatisticsInitiator - Statistics initialized [enabled=false]
17:03:35.751 [Test worker] DEBUG org.springframework.orm.jpa.JpaTransactionManager - Opened new EntityManager [SessionImpl(59286258<open>)] for JPA transaction
17:03:35.751 [Test worker] DEBUG org.hibernate.engine.transaction.internal.TransactionImpl - On TransactionImpl creation, JpaCompliance#isJpaTransactionComplianceEnabled == false
17:03:35.752 [Test worker] DEBUG org.hibernate.engine.transaction.internal.TransactionImpl - begin
17:03:35.752 [Test worker] DEBUG org.springframework.orm.jpa.JpaTransactionManager - Exposing JPA transaction as JDBC [org.springframework.orm.jpa.vendor.HibernateJpaDialect$HibernateConnectionHandle@2dae3781]
17:03:35.752 [Test worker] INFO org.springframework.test.context.transaction.TransactionContext - Began transaction (1) for test context [DefaultTestContext@76bf0ea0 testClass = UserRepositoryTest, testInstance = com.epam.esm.repository.UserRepositoryTest@7e6fba06, testMethod = findById@UserRepositoryTest, testException = [null], mergedContextConfiguration = [MergedContextConfiguration@32c2b767 testClass = UserRepositoryTest, locations = '{}', classes = '{class com.epam.esm.TestConfig}', contextInitializerClasses = '[]', activeProfiles = '{}', propertySourceLocations = '{}', propertySourceProperties = '{}', contextCustomizers = set[[empty]], contextLoader = 'org.springframework.test.context.support.DelegatingSmartContextLoader', parent = [null]], attributes = map[[empty]]]; transaction manager [org.springframework.orm.jpa.JpaTransactionManager@38713a3f]; rollback [true]
17:03:35.752 [Test worker] DEBUG org.springframework.test.context.jdbc.SqlScriptsTestExecutionListener - Processing [MergedSqlConfig@5af62c dataSource = '', transactionManager = '', transactionMode = INFERRED, encoding = '', separator = ';', commentPrefix = '--', blockCommentStartDelimiter = '/*', blockCommentEndDelimiter = '*/', errorMode = FAIL_ON_ERROR] for execution phase [BEFORE_TEST_METHOD] and test context [DefaultTestContext@76bf0ea0 testClass = UserRepositoryTest, testInstance = com.epam.esm.repository.UserRepositoryTest@7e6fba06, testMethod = findById@UserRepositoryTest, testException = [null], mergedContextConfiguration = [MergedContextConfiguration@32c2b767 testClass = UserRepositoryTest, locations = '{}', classes = '{class com.epam.esm.TestConfig}', contextInitializerClasses = '[]', activeProfiles = '{}', propertySourceLocations = '{}', propertySourceProperties = '{}', contextCustomizers = set[[empty]], contextLoader = 'org.springframework.test.context.support.DelegatingSmartContextLoader', parent = [null]], attributes = map[[empty]]].
17:03:35.752 [Test worker] DEBUG org.springframework.test.context.cache.DefaultCacheAwareContextLoaderDelegate - Retrieved ApplicationContext from cache with key [[MergedContextConfiguration@32c2b767 testClass = UserRepositoryTest, locations = '{}', classes = '{class com.epam.esm.TestConfig}', contextInitializerClasses = '[]', activeProfiles = '{}', propertySourceLocations = '{}', propertySourceProperties = '{}', contextCustomizers = set[[empty]], contextLoader = 'org.springframework.test.context.support.DelegatingSmartContextLoader', parent = [null]]]
17:03:35.752 [Test worker] DEBUG org.springframework.test.context.cache - Spring test ApplicationContext cache statistics: [DefaultContextCache@2bed31e4 size = 1, maxSize = 32, parentContextCount = 0, hitCount = 41, missCount = 17]
17:03:35.752 [Test worker] DEBUG org.springframework.test.context.jdbc.SqlScriptsTestExecutionListener - Executing SQL scripts: [Byte array resource [from inlined SQL statement: insert into application_role (value) values ('admin'), ('user'), ('guest');INSERT INTO application_user(email, password, role_id) VALUES ('pldi@gmail.com', 'Qwertyui1!', 1);]]
17:03:35.752 [Test worker] DEBUG org.springframework.test.context.cache.DefaultCacheAwareContextLoaderDelegate - Retrieved ApplicationContext from cache with key [[MergedContextConfiguration@32c2b767 testClass = UserRepositoryTest, locations = '{}', classes = '{class com.epam.esm.TestConfig}', contextInitializerClasses = '[]', activeProfiles = '{}', propertySourceLocations = '{}', propertySourceProperties = '{}', contextCustomizers = set[[empty]], contextLoader = 'org.springframework.test.context.support.DelegatingSmartContextLoader', parent = [null]]]
17:03:35.752 [Test worker] DEBUG org.springframework.test.context.cache - Spring test ApplicationContext cache statistics: [DefaultContextCache@2bed31e4 size = 1, maxSize = 32, parentContextCount = 0, hitCount = 42, missCount = 17]
17:03:35.753 [Test worker] DEBUG org.springframework.test.context.cache.DefaultCacheAwareContextLoaderDelegate - Retrieved ApplicationContext from cache with key [[MergedContextConfiguration@32c2b767 testClass = UserRepositoryTest, locations = '{}', classes = '{class com.epam.esm.TestConfig}', contextInitializerClasses = '[]', activeProfiles = '{}', propertySourceLocations = '{}', propertySourceProperties = '{}', contextCustomizers = set[[empty]], contextLoader = 'org.springframework.test.context.support.DelegatingSmartContextLoader', parent = [null]]]
17:03:35.753 [Test worker] DEBUG org.springframework.test.context.cache - Spring test ApplicationContext cache statistics: [DefaultContextCache@2bed31e4 size = 1, maxSize = 32, parentContextCount = 0, hitCount = 43, missCount = 17]
17:03:35.753 [Test worker] DEBUG org.springframework.orm.jpa.JpaTransactionManager - Found thread-bound EntityManager [SessionImpl(59286258<open>)] for JPA transaction
17:03:35.753 [Test worker] DEBUG org.springframework.orm.jpa.JpaTransactionManager - Participating in existing transaction
17:03:35.753 [Test worker] DEBUG org.springframework.jdbc.datasource.init.ScriptUtils - Executing SQL script from Byte array resource [from inlined SQL statement: insert into application_role (value) values ('admin'), ('user'), ('guest');INSERT INTO application_user(email, password, role_id) VALUES ('pldi@gmail.com', 'Qwertyui1!', 1);]
17:03:35.754 [Test worker] DEBUG org.springframework.jdbc.datasource.init.ScriptUtils - 3 returned as update count for SQL: insert into application_role (value) values ('admin'), ('user'), ('guest')
17:03:35.754 [Test worker] DEBUG org.springframework.jdbc.datasource.init.ScriptUtils - 1 returned as update count for SQL: INSERT INTO application_user(email, password, role_id) VALUES ('pldi@gmail.com', 'Qwertyui1!', 1)
17:03:35.754 [Test worker] DEBUG org.springframework.jdbc.datasource.init.ScriptUtils - Executed SQL script from Byte array resource [from inlined SQL statement: insert into application_role (value) values ('admin'), ('user'), ('guest');INSERT INTO application_user(email, password, role_id) VALUES ('pldi@gmail.com', 'Qwertyui1!', 1);] in 1 ms.
17:03:35.754 [Test worker] DEBUG org.hibernate.SQL - select user0_.id as id1_2_0_, user0_.email as email2_2_0_, user0_.password as password3_2_0_, user0_.refresh_token as refresh_4_2_0_, user0_.role_id as role_id5_2_0_, role1_.id as id1_1_1_, role1_.value as value2_1_1_ from application_user user0_ left outer join application_role role1_ on user0_.role_id=role1_.id where user0_.id=?
17:03:35.755 [Test worker] DEBUG org.hibernate.loader.plan.exec.process.internal.ResultSetProcessorImpl - Starting ResultSet row #0
17:03:35.755 [Test worker] DEBUG org.hibernate.loader.plan.exec.process.internal.EntityReferenceInitializerImpl - On call to EntityIdentifierReaderImpl#resolve, EntityKey was already known; should only happen on root returns with an optional identifier specified
17:03:35.755 [Test worker] DEBUG org.hibernate.engine.internal.TwoPhaseLoad - Resolving associations for [com.epam.esm.entity.User#1]
17:03:35.756 [Test worker] DEBUG org.hibernate.engine.internal.TwoPhaseLoad - Done materializing entity [com.epam.esm.entity.User#1]
17:03:35.756 [Test worker] DEBUG org.hibernate.engine.internal.TwoPhaseLoad - Resolving associations for [com.epam.esm.entity.Role#1]
17:03:35.756 [Test worker] DEBUG org.hibernate.engine.internal.TwoPhaseLoad - Done materializing entity [com.epam.esm.entity.Role#1]
17:03:35.756 [Test worker] DEBUG org.hibernate.loader.entity.plan.AbstractLoadPlanBasedEntityLoader - Done entity load : com.epam.esm.entity.User#1
17:03:35.756 [Test worker] DEBUG org.hibernate.loader.collection.plan.AbstractLoadPlanBasedCollectionInitializer - Loading collection: [com.epam.esm.entity.User.orders#1]
17:03:35.757 [Test worker] DEBUG org.hibernate.SQL - select orders0_.user_id as user_id4_0_0_, orders0_.id as id1_0_0_, orders0_.id as id1_0_1_, orders0_.active_status as active_s2_0_1_, orders0_.created_at as created_3_0_1_, orders0_.user_id as user_id4_0_1_ from application_order orders0_ where orders0_.user_id=?
17:03:35.757 [Test worker] DEBUG org.hibernate.loader.plan.exec.process.internal.ResultSetProcessorImpl - Preparing collection intializer : [com.epam.esm.entity.User.orders#1]
17:03:35.757 [Test worker] DEBUG org.hibernate.engine.loading.internal.CollectionLoadContext - 1 collections were found in result set for role: com.epam.esm.entity.User.orders
17:03:35.757 [Test worker] DEBUG org.hibernate.engine.loading.internal.CollectionLoadContext - Collection fully initialized: [com.epam.esm.entity.User.orders#1]
17:03:35.757 [Test worker] DEBUG org.hibernate.engine.loading.internal.CollectionLoadContext - 1 collections initialized for role: com.epam.esm.entity.User.orders
17:03:35.757 [Test worker] DEBUG org.hibernate.loader.collection.plan.AbstractLoadPlanBasedCollectionInitializer - Done loading collection
17:03:35.758 [Test worker] DEBUG org.springframework.orm.jpa.JpaTransactionManager - Initiating transaction rollback
17:03:35.758 [Test worker] DEBUG org.springframework.orm.jpa.JpaTransactionManager - Rolling back JPA transaction on EntityManager [SessionImpl(59286258<open>)]
17:03:35.758 [Test worker] DEBUG org.hibernate.engine.transaction.internal.TransactionImpl - rolling back
17:03:35.759 [Test worker] DEBUG org.springframework.orm.jpa.JpaTransactionManager - Closing JPA EntityManager [SessionImpl(59286258<open>)] after transaction
17:03:35.759 [Test worker] INFO org.springframework.test.context.transaction.TransactionContext - Rolled back transaction for test context [DefaultTestContext@76bf0ea0 testClass = UserRepositoryTest, testInstance = com.epam.esm.repository.UserRepositoryTest@7e6fba06, testMethod = findById@UserRepositoryTest, testException = [null], mergedContextConfiguration = [MergedContextConfiguration@32c2b767 testClass = UserRepositoryTest, locations = '{}', classes = '{class com.epam.esm.TestConfig}', contextInitializerClasses = '[]', activeProfiles = '{}', propertySourceLocations = '{}', propertySourceProperties = '{}', contextCustomizers = set[[empty]], contextLoader = 'org.springframework.test.context.support.DelegatingSmartContextLoader', parent = [null]], attributes = map[[empty]]].
17:03:35.759 [Test worker] DEBUG org.springframework.test.context.support.AbstractDirtiesContextTestExecutionListener - After test method: context [DefaultTestContext@76bf0ea0 testClass = UserRepositoryTest, testInstance = com.epam.esm.repository.UserRepositoryTest@7e6fba06, testMethod = findById@UserRepositoryTest, testException = [null], mergedContextConfiguration = [MergedContextConfiguration@32c2b767 testClass = UserRepositoryTest, locations = '{}', classes = '{class com.epam.esm.TestConfig}', contextInitializerClasses = '[]', activeProfiles = '{}', propertySourceLocations = '{}', propertySourceProperties = '{}', contextCustomizers = set[[empty]], contextLoader = 'org.springframework.test.context.support.DelegatingSmartContextLoader', parent = [null]], attributes = map[[empty]]], class annotated with @DirtiesContext [true] with mode [AFTER_EACH_TEST_METHOD], method annotated with @DirtiesContext [false] with mode [null].
17:03:35.759 [Test worker] DEBUG org.springframework.context.support.GenericApplicationContext - Closing org.springframework.context.support.GenericApplicationContext@504a4c8, started on Wed Oct 23 17:03:35 MSK 2019
17:03:35.759 [Test worker] DEBUG org.springframework.jmx.export.annotation.AnnotationMBeanExporter - Unregistering JMX-exposed beans on shutdown
17:03:35.759 [Test worker] DEBUG org.springframework.jmx.export.annotation.AnnotationMBeanExporter - Unregistering JMX-exposed beans
17:03:35.760 [Test worker] INFO org.springframework.orm.jpa.LocalContainerEntityManagerFactoryBean - Closing JPA EntityManagerFactory for persistence unit 'default'
17:03:35.760 [Test worker] DEBUG org.hibernate.internal.SessionFactoryImpl - HHH000031: Closing
17:03:35.760 [Test worker] INFO org.hibernate.tool.schema.internal.SchemaDropperImpl$DelayedDropActionImpl - HHH000477: Starting delayed evictData of schema as part of SessionFactory shut-down'
17:03:35.760 [Test worker] DEBUG org.hibernate.SQL - drop table application_order if exists
17:03:35.760 [Test worker] DEBUG org.hibernate.SQL - drop table application_role if exists
17:03:35.761 [Test worker] DEBUG org.hibernate.SQL - drop table application_user if exists
17:03:35.761 [Test worker] DEBUG org.hibernate.SQL - drop table certificate if exists
17:03:35.761 [Test worker] DEBUG org.hibernate.SQL - drop table certificate_tag if exists
17:03:35.761 [Test worker] DEBUG org.hibernate.SQL - drop table entity if exists
17:03:35.762 [Test worker] DEBUG org.hibernate.SQL - drop table order_certificate if exists
17:03:35.762 [Test worker] DEBUG org.hibernate.SQL - drop table tag if exists
17:03:35.762 [Test worker] DEBUG org.hibernate.type.spi.TypeConfiguration$Scope - Un-scoping TypeConfiguration [org.hibernate.type.spi.TypeConfiguration$Scope@4c313249] from SessionFactory [org.hibernate.internal.SessionFactoryImpl@340ff0af]
17:03:35.762 [Test worker] DEBUG org.hibernate.service.internal.AbstractServiceRegistryImpl - Implicitly destroying ServiceRegistry on de-registration of all child ServiceRegistries
17:03:35.762 [Test worker] DEBUG org.hibernate.boot.registry.internal.BootstrapServiceRegistryImpl - Implicitly destroying Boot-strap registry on de-registration of all child ServiceRegistries
17:03:35.763 [Test worker] INFO com.zaxxer.hikari.HikariDataSource - HikariPool-17 - Shutdown initiated...
17:03:35.763 [Test worker] DEBUG com.zaxxer.hikari.pool.HikariPool - HikariPool-17 - Before shutdown stats (total=10, active=0, idle=10, waiting=0)
17:03:35.763 [HikariPool-17 connection closer] DEBUG com.zaxxer.hikari.pool.PoolBase - HikariPool-17 - Closing connection conn160: url=jdbc:h2:mem:testdb user=SA: (connection evicted)
17:03:35.763 [HikariPool-17 connection closer] DEBUG com.zaxxer.hikari.pool.PoolBase - HikariPool-17 - Closing connection conn161: url=jdbc:h2:mem:testdb user=SA: (connection evicted)
17:03:35.763 [HikariPool-17 connection closer] DEBUG com.zaxxer.hikari.pool.PoolBase - HikariPool-17 - Closing connection conn162: url=jdbc:h2:mem:testdb user=SA: (connection evicted)
17:03:35.763 [HikariPool-17 connection closer] DEBUG com.zaxxer.hikari.pool.PoolBase - HikariPool-17 - Closing connection conn163: url=jdbc:h2:mem:testdb user=SA: (connection evicted)
17:03:35.763 [HikariPool-17 connection closer] DEBUG com.zaxxer.hikari.pool.PoolBase - HikariPool-17 - Closing connection conn164: url=jdbc:h2:mem:testdb user=SA: (connection evicted)
17:03:35.763 [HikariPool-17 connection closer] DEBUG com.zaxxer.hikari.pool.PoolBase - HikariPool-17 - Closing connection conn165: url=jdbc:h2:mem:testdb user=SA: (connection evicted)
17:03:35.763 [HikariPool-17 connection closer] DEBUG com.zaxxer.hikari.pool.PoolBase - HikariPool-17 - Closing connection conn166: url=jdbc:h2:mem:testdb user=SA: (connection evicted)
17:03:35.763 [HikariPool-17 connection closer] DEBUG com.zaxxer.hikari.pool.PoolBase - HikariPool-17 - Closing connection conn167: url=jdbc:h2:mem:testdb user=SA: (connection evicted)
17:03:35.763 [HikariPool-17 connection closer] DEBUG com.zaxxer.hikari.pool.PoolBase - HikariPool-17 - Closing connection conn168: url=jdbc:h2:mem:testdb user=SA: (connection evicted)
17:03:35.763 [HikariPool-17 connection closer] DEBUG com.zaxxer.hikari.pool.PoolBase - HikariPool-17 - Closing connection conn169: url=jdbc:h2:mem:testdb user=SA: (connection evicted)
17:03:35.764 [Test worker] DEBUG com.zaxxer.hikari.pool.HikariPool - HikariPool-17 - After shutdown stats (total=0, active=0, idle=0, waiting=0)
17:03:35.764 [Test worker] INFO com.zaxxer.hikari.HikariDataSource - HikariPool-17 - Shutdown completed.
17:03:35.764 [Test worker] DEBUG org.springframework.test.context.support.DependencyInjectionTestExecutionListener - Performing dependency injection for test context [[DefaultTestContext@76bf0ea0 testClass = UserRepositoryTest, testInstance = com.epam.esm.repository.UserRepositoryTest@7c8a1b11, testMethod = [null], testException = [null], mergedContextConfiguration = [MergedContextConfiguration@32c2b767 testClass = UserRepositoryTest, locations = '{}', classes = '{class com.epam.esm.TestConfig}', contextInitializerClasses = '[]', activeProfiles = '{}', propertySourceLocations = '{}', propertySourceProperties = '{}', contextCustomizers = set[[empty]], contextLoader = 'org.springframework.test.context.support.DelegatingSmartContextLoader', parent = [null]], attributes = map['org.springframework.test.context.support.DependencyInjectionTestExecutionListener.reinjectDependencies' -> true]]].
17:03:35.764 [Test worker] DEBUG org.springframework.test.context.support.AbstractDelegatingSmartContextLoader - Delegating to AnnotationConfigContextLoader to load context from [MergedContextConfiguration@32c2b767 testClass = UserRepositoryTest, locations = '{}', classes = '{class com.epam.esm.TestConfig}', contextInitializerClasses = '[]', activeProfiles = '{}', propertySourceLocations = '{}', propertySourceProperties = '{}', contextCustomizers = set[[empty]], contextLoader = 'org.springframework.test.context.support.DelegatingSmartContextLoader', parent = [null]].
17:03:35.764 [Test worker] DEBUG org.springframework.test.context.support.AbstractGenericContextLoader - Loading ApplicationContext for merged context configuration [[MergedContextConfiguration@32c2b767 testClass = UserRepositoryTest, locations = '{}', classes = '{class com.epam.esm.TestConfig}', contextInitializerClasses = '[]', activeProfiles = '{}', propertySourceLocations = '{}', propertySourceProperties = '{}', contextCustomizers = set[[empty]], contextLoader = 'org.springframework.test.context.support.DelegatingSmartContextLoader', parent = [null]]].
17:03:35.764 [Test worker] DEBUG org.springframework.core.env.StandardEnvironment - Activating profiles []
17:03:35.764 [Test worker] DEBUG org.springframework.test.context.support.AnnotationConfigContextLoader - Registering annotated classes: {class com.epam.esm.TestConfig}
17:03:35.765 [Test worker] DEBUG org.springframework.context.support.GenericApplicationContext - Refreshing org.springframework.context.support.GenericApplicationContext@2744a468
17:03:35.765 [Test worker] DEBUG org.springframework.beans.factory.support.DefaultListableBeanFactory - Creating shared instance of singleton bean 'org.springframework.context.annotation.internalConfigurationAnnotationProcessor'
17:03:35.771 [Test worker] DEBUG org.springframework.context.annotation.ClassPathBeanDefinitionScanner - Identified candidate component class: file [/Users/dzmitryplatonov/Desktop/workdir/giftcertificates/datasource/build/classes/java/main/com/epam/esm/repository/CertificateRepository.class]
17:03:35.772 [Test worker] DEBUG org.springframework.context.annotation.ClassPathBeanDefinitionScanner - Identified candidate component class: file [/Users/dzmitryplatonov/Desktop/workdir/giftcertificates/datasource/build/classes/java/main/com/epam/esm/repository/OrderCertificateRepository.class]
17:03:35.772 [Test worker] DEBUG org.springframework.context.annotation.ClassPathBeanDefinitionScanner - Identified candidate component class: file [/Users/dzmitryplatonov/Desktop/workdir/giftcertificates/datasource/build/classes/java/main/com/epam/esm/repository/OrderRepository.class]
17:03:35.772 [Test worker] DEBUG org.springframework.context.annotation.ClassPathBeanDefinitionScanner - Identified candidate component class: file [/Users/dzmitryplatonov/Desktop/workdir/giftcertificates/datasource/build/classes/java/main/com/epam/esm/repository/TagRepository.class]
17:03:35.773 [Test worker] DEBUG org.springframework.context.annotation.ClassPathBeanDefinitionScanner - Identified candidate component class: file [/Users/dzmitryplatonov/Desktop/workdir/giftcertificates/datasource/build/classes/java/main/com/epam/esm/repository/UserRepository.class]
17:03:35.773 [Test worker] DEBUG org.springframework.context.annotation.ClassPathBeanDefinitionScanner - Identified candidate component class: file [/Users/dzmitryplatonov/Desktop/workdir/giftcertificates/datasource/build/classes/java/main/com/epam/esm/repository/predicate/CriteriaBuilderHelper.class]
17:03:35.825 [Test worker] DEBUG org.springframework.beans.factory.support.DefaultListableBeanFactory - Creating shared instance of singleton bean 'org.springframework.boot.autoconfigure.condition.BeanTypeRegistry'
17:03:35.833 [Test worker] INFO org.springframework.data.repository.config.RepositoryConfigurationDelegate - Bootstrapping Spring Data repositories in DEFAULT mode.
17:03:35.833 [Test worker] DEBUG org.springframework.beans.factory.support.DefaultListableBeanFactory - Creating shared instance of singleton bean 'org.springframework.boot.autoconfigure.AutoConfigurationPackages'
17:03:35.833 [Test worker] DEBUG org.springframework.boot.autoconfigure.AutoConfigurationPackages - @EnableAutoConfiguration was declared on a class in the package 'com.epam.esm'. Automatic @Repository and @Entity scanning is enabled.
17:03:35.833 [Test worker] DEBUG org.springframework.data.repository.config.RepositoryConfigurationDelegate - Scanning for repositories in packages com.epam.esm.
17:03:35.837 [Test worker] INFO org.springframework.data.repository.config.RepositoryConfigurationDelegate - Finished Spring Data repository scanning in 3ms. Found 0 repository interfaces.
17:03:35.846 [Test worker] DEBUG org.springframework.beans.factory.support.DefaultListableBeanFactory - Creating shared instance of singleton bean 'propertySourcesPlaceholderConfigurer'
17:03:35.847 [Test worker] DEBUG org.springframework.beans.factory.support.DefaultListableBeanFactory - Creating shared instance of singleton bean 'emBeanDefinitionRegistrarPostProcessor'
17:03:35.847 [Test worker] DEBUG org.springframework.beans.factory.support.DefaultListableBeanFactory - Creating shared instance of singleton bean 'org.springframework.context.event.internalEventListenerProcessor'
17:03:35.847 [Test worker] DEBUG org.springframework.beans.factory.support.DefaultListableBeanFactory - Creating shared instance of singleton bean 'org.springframework.boot.context.properties.ConfigurationBeanFactoryMetadata'
17:03:35.847 [Test worker] DEBUG org.springframework.beans.factory.support.DefaultListableBeanFactory - Creating shared instance of singleton bean 'org.springframework.context.event.internalEventListenerFactory'
17:03:35.848 [Test worker] DEBUG org.springframework.beans.factory.support.DefaultListableBeanFactory - Creating shared instance of singleton bean 'org.springframework.transaction.config.internalTransactionalEventListenerFactory'
17:03:35.848 [Test worker] DEBUG org.springframework.beans.factory.support.DefaultListableBeanFactory - Creating shared instance of singleton bean 'org.springframework.context.annotation.internalAutowiredAnnotationProcessor'
17:03:35.848 [Test worker] DEBUG org.springframework.beans.factory.support.DefaultListableBeanFactory - Creating shared instance of singleton bean 'org.springframework.context.annotation.internalCommonAnnotationProcessor'
17:03:35.848 [Test worker] DEBUG org.springframework.beans.factory.support.DefaultListableBeanFactory - Creating shared instance of singleton bean 'org.springframework.context.annotation.internalPersistenceAnnotationProcessor'
17:03:35.848 [Test worker] DEBUG org.springframework.beans.factory.support.DefaultListableBeanFactory - Creating shared instance of singleton bean 'org.springframework.boot.context.properties.ConfigurationPropertiesBindingPostProcessor'
17:03:35.849 [Test worker] DEBUG org.springframework.beans.factory.support.DefaultListableBeanFactory - Creating shared instance of singleton bean 'methodValidationPostProcessor'
17:03:35.849 [Test worker] DEBUG org.springframework.beans.factory.support.DefaultListableBeanFactory - Autowiring by type from bean name 'methodValidationPostProcessor' via factory method to bean named 'environment'
17:03:35.850 [Test worker] DEBUG org.springframework.beans.factory.support.DefaultListableBeanFactory - Creating shared instance of singleton bean 'org.springframework.aop.config.internalAutoProxyCreator'
17:03:35.850 [Test worker] DEBUG org.springframework.beans.factory.support.DefaultListableBeanFactory - Creating shared instance of singleton bean 'dataSourceInitializerPostProcessor'
17:03:35.851 [Test worker] DEBUG org.springframework.beans.factory.support.DefaultListableBeanFactory - Creating shared instance of singleton bean 'persistenceExceptionTranslationPostProcessor'
17:03:35.851 [Test worker] DEBUG org.springframework.beans.factory.support.DefaultListableBeanFactory - Autowiring by type from bean name 'persistenceExceptionTranslationPostProcessor' via factory method to bean named 'environment'
17:03:35.851 [Test worker] DEBUG org.springframework.beans.factory.support.DefaultListableBeanFactory - Creating shared instance of singleton bean 'dataSourceInitializedPublisher'
17:03:35.852 [Test worker] DEBUG org.springframework.beans.factory.support.DefaultListableBeanFactory - Creating shared instance of singleton bean 'entityManagerFactory'
17:03:35.852 [Test worker] DEBUG org.springframework.beans.factory.support.DefaultListableBeanFactory - Creating shared instance of singleton bean 'org.springframework.transaction.config.internalTransactionAdvisor'
17:03:35.852 [Test worker] DEBUG org.springframework.beans.factory.support.DefaultListableBeanFactory - Creating shared instance of singleton bean 'org.springframework.transaction.annotation.ProxyTransactionManagementConfiguration'
17:03:35.854 [Test worker] DEBUG org.springframework.beans.factory.support.DefaultListableBeanFactory - Creating shared instance of singleton bean 'transactionAttributeSource'
17:03:35.855 [Test worker] DEBUG org.springframework.beans.factory.support.DefaultListableBeanFactory - Creating shared instance of singleton bean 'transactionInterceptor'
17:03:35.855 [Test worker] DEBUG org.springframework.beans.factory.support.DefaultListableBeanFactory - Creating shared instance of singleton bean 'org.springframework.boot.autoconfigure.orm.jpa.HibernateJpaConfiguration'
17:03:35.856 [Test worker] DEBUG org.springframework.core.LocalVariableTableParameterNameDiscoverer - Cannot find '.class' file for class [class org.springframework.boot.autoconfigure.orm.jpa.HibernateJpaConfiguration$$EnhancerBySpringCGLIB$$c3eb9b54] - unable to determine constructor/method parameter names
17:03:35.856 [Test worker] DEBUG org.springframework.beans.factory.support.DefaultListableBeanFactory - Creating shared instance of singleton bean 'dataSource'
17:03:35.856 [Test worker] DEBUG org.springframework.beans.factory.support.DefaultListableBeanFactory - Creating shared instance of singleton bean 'org.springframework.boot.autoconfigure.jdbc.DataSourceConfiguration$Hikari'
17:03:35.857 [Test worker] DEBUG org.springframework.beans.factory.support.DefaultListableBeanFactory - Creating shared instance of singleton bean 'spring.datasource-org.springframework.boot.autoconfigure.jdbc.DataSourceProperties'
17:03:35.858 [Test worker] DEBUG org.springframework.beans.factory.support.DefaultListableBeanFactory - Autowiring by type from bean name 'dataSource' via factory method to bean named 'spring.datasource-org.springframework.boot.autoconfigure.jdbc.DataSourceProperties'
17:03:35.860 [Test worker] DEBUG com.zaxxer.hikari.HikariConfig - Driver class org.h2.Driver found in Thread context class loader jdk.internal.loader.ClassLoaders$AppClassLoader@2c13da15
17:03:35.863 [Test worker] DEBUG org.springframework.beans.factory.support.DefaultListableBeanFactory - Creating shared instance of singleton bean 'org.springframework.boot.autoconfigure.jdbc.DataSourceInitializerInvoker'
17:03:35.863 [Test worker] DEBUG org.springframework.beans.factory.support.DefaultListableBeanFactory - Autowiring by type from bean name 'org.springframework.boot.autoconfigure.jdbc.DataSourceInitializerInvoker' via constructor to bean named 'spring.datasource-org.springframework.boot.autoconfigure.jdbc.DataSourceProperties'
17:03:35.863 [Test worker] DEBUG org.springframework.beans.factory.support.DefaultListableBeanFactory - Autowiring by type from bean name 'org.springframework.boot.autoconfigure.jdbc.DataSourceInitializerInvoker' via constructor to bean named 'org.springframework.context.support.GenericApplicationContext@2744a468'
17:03:35.864 [Test worker] DEBUG org.springframework.beans.factory.support.DefaultListableBeanFactory - Creating shared instance of singleton bean 'spring.jpa-org.springframework.boot.autoconfigure.orm.jpa.JpaProperties'
17:03:35.865 [Test worker] DEBUG org.springframework.beans.factory.support.DefaultListableBeanFactory - Creating shared instance of singleton bean 'spring.jpa.hibernate-org.springframework.boot.autoconfigure.orm.jpa.HibernateProperties'
17:03:35.865 [Test worker] DEBUG org.springframework.beans.factory.support.DefaultListableBeanFactory - Autowiring by type from bean name 'org.springframework.boot.autoconfigure.orm.jpa.HibernateJpaConfiguration' via constructor to bean named 'dataSource'
17:03:35.865 [Test worker] DEBUG org.springframework.beans.factory.support.DefaultListableBeanFactory - Autowiring by type from bean name 'org.springframework.boot.autoconfigure.orm.jpa.HibernateJpaConfiguration' via constructor to bean named 'spring.jpa-org.springframework.boot.autoconfigure.orm.jpa.JpaProperties'
17:03:35.865 [Test worker] DEBUG org.springframework.beans.factory.support.DefaultListableBeanFactory - Autowiring by type from bean name 'org.springframework.boot.autoconfigure.orm.jpa.HibernateJpaConfiguration' via constructor to bean named 'org.springframework.beans.factory.support.DefaultListableBeanFactory@7e544348'
17:03:35.865 [Test worker] DEBUG org.springframework.beans.factory.support.DefaultListableBeanFactory - Autowiring by type from bean name 'org.springframework.boot.autoconfigure.orm.jpa.HibernateJpaConfiguration' via constructor to bean named 'spring.jpa.hibernate-org.springframework.boot.autoconfigure.orm.jpa.HibernateProperties'
17:03:35.866 [Test worker] DEBUG org.springframework.beans.factory.support.DefaultListableBeanFactory - Creating shared instance of singleton bean 'platformTransactionManagerCustomizers'
17:03:35.866 [Test worker] DEBUG org.springframework.beans.factory.support.DefaultListableBeanFactory - Creating shared instance of singleton bean 'org.springframework.boot.autoconfigure.transaction.TransactionAutoConfiguration'
17:03:35.867 [Test worker] DEBUG org.springframework.beans.factory.support.DefaultListableBeanFactory - Creating shared instance of singleton bean 'spring.transaction-org.springframework.boot.autoconfigure.transaction.TransactionProperties'
17:03:35.868 [Test worker] DEBUG org.springframework.beans.factory.support.DefaultListableBeanFactory - Creating shared instance of singleton bean 'hikariPoolDataSourceMetadataProvider'
17:03:35.868 [Test worker] DEBUG org.springframework.beans.factory.support.DefaultListableBeanFactory - Creating shared instance of singleton bean 'org.springframework.boot.autoconfigure.jdbc.metadata.DataSourcePoolMetadataProvidersConfiguration$HikariPoolDataSourceMetadataProviderConfiguration'
17:03:35.869 [Test worker] DEBUG org.springframework.beans.factory.support.DefaultListableBeanFactory - Creating shared instance of singleton bean 'entityManagerFactoryBuilder'
17:03:35.869 [Test worker] DEBUG org.springframework.beans.factory.support.DefaultListableBeanFactory - Creating shared instance of singleton bean 'jpaVendorAdapter'
17:03:35.870 [Test worker] DEBUG org.springframework.jdbc.datasource.DataSourceUtils - Fetching JDBC Connection from DataSource
17:03:35.870 [Test worker] DEBUG com.zaxxer.hikari.HikariConfig - HikariPool-18 - configuration:
17:03:35.870 [Test worker] DEBUG com.zaxxer.hikari.HikariConfig - allowPoolSuspension.............false
17:03:35.870 [Test worker] DEBUG com.zaxxer.hikari.HikariConfig - autoCommit......................true
17:03:35.870 [Test worker] DEBUG com.zaxxer.hikari.HikariConfig - catalog.........................none
17:03:35.870 [Test worker] DEBUG com.zaxxer.hikari.HikariConfig - connectionInitSql...............none
17:03:35.870 [Test worker] DEBUG com.zaxxer.hikari.HikariConfig - connectionTestQuery.............none
17:03:35.870 [Test worker] DEBUG com.zaxxer.hikari.HikariConfig - connectionTimeout...............30000
17:03:35.870 [Test worker] DEBUG com.zaxxer.hikari.HikariConfig - dataSource......................none
17:03:35.870 [Test worker] DEBUG com.zaxxer.hikari.HikariConfig - dataSourceClassName.............none
17:03:35.870 [Test worker] DEBUG com.zaxxer.hikari.HikariConfig - dataSourceJNDI..................none
17:03:35.870 [Test worker] DEBUG com.zaxxer.hikari.HikariConfig - dataSourceProperties............{password=<masked>}
17:03:35.870 [Test worker] DEBUG com.zaxxer.hikari.HikariConfig - driverClassName................."org.h2.Driver"
17:03:35.870 [Test worker] DEBUG com.zaxxer.hikari.HikariConfig - healthCheckProperties...........{}
17:03:35.870 [Test worker] DEBUG com.zaxxer.hikari.HikariConfig - healthCheckRegistry.............none
17:03:35.870 [Test worker] DEBUG com.zaxxer.hikari.HikariConfig - idleTimeout.....................600000
17:03:35.870 [Test worker] DEBUG com.zaxxer.hikari.HikariConfig - initializationFailTimeout.......1
17:03:35.870 [Test worker] DEBUG com.zaxxer.hikari.HikariConfig - isolateInternalQueries..........false
17:03:35.870 [Test worker] DEBUG com.zaxxer.hikari.HikariConfig - jdbcUrl.........................jdbc:h2:mem:testdb;DB_CLOSE_DELAY=-1;DB_CLOSE_ON_EXIT=FALSE
17:03:35.870 [Test worker] DEBUG com.zaxxer.hikari.HikariConfig - leakDetectionThreshold..........0
17:03:35.870 [Test worker] DEBUG com.zaxxer.hikari.HikariConfig - maxLifetime.....................1800000
17:03:35.870 [Test worker] DEBUG com.zaxxer.hikari.HikariConfig - maximumPoolSize.................10
17:03:35.870 [Test worker] DEBUG com.zaxxer.hikari.HikariConfig - metricRegistry..................none
17:03:35.870 [Test worker] DEBUG com.zaxxer.hikari.HikariConfig - metricsTrackerFactory...........none
17:03:35.870 [Test worker] DEBUG com.zaxxer.hikari.HikariConfig - minimumIdle.....................10
17:03:35.870 [Test worker] DEBUG com.zaxxer.hikari.HikariConfig - password........................<masked>
17:03:35.870 [Test worker] DEBUG com.zaxxer.hikari.HikariConfig - poolName........................"HikariPool-18"
17:03:35.871 [Test worker] DEBUG com.zaxxer.hikari.HikariConfig - readOnly........................false
17:03:35.871 [Test worker] DEBUG com.zaxxer.hikari.HikariConfig - registerMbeans..................false
17:03:35.871 [Test worker] DEBUG com.zaxxer.hikari.HikariConfig - scheduledExecutor...............none
17:03:35.871 [Test worker] DEBUG com.zaxxer.hikari.HikariConfig - schema..........................none
17:03:35.871 [Test worker] DEBUG com.zaxxer.hikari.HikariConfig - threadFactory...................internal
17:03:35.871 [Test worker] DEBUG com.zaxxer.hikari.HikariConfig - transactionIsolation............default
17:03:35.871 [Test worker] DEBUG com.zaxxer.hikari.HikariConfig - username........................"sa"
17:03:35.871 [Test worker] DEBUG com.zaxxer.hikari.HikariConfig - validationTimeout...............5000
17:03:35.871 [Test worker] INFO com.zaxxer.hikari.HikariDataSource - HikariPool-18 - Starting...
17:03:35.871 [Test worker] DEBUG com.zaxxer.hikari.pool.HikariPool - HikariPool-18 - Added connection conn170: url=jdbc:h2:mem:testdb user=SA
17:03:35.872 [Test worker] INFO com.zaxxer.hikari.HikariDataSource - HikariPool-18 - Start completed.
17:03:35.872 [Test worker] DEBUG org.springframework.beans.factory.support.DefaultListableBeanFactory - Autowiring by type from bean name 'entityManagerFactoryBuilder' via factory method to bean named 'jpaVendorAdapter'
17:03:35.873 [Test worker] DEBUG org.springframework.beans.factory.support.DefaultListableBeanFactory - Autowiring by type from bean name 'entityManagerFactory' via factory method to bean named 'entityManagerFactoryBuilder'
17:03:35.873 [Test worker] DEBUG org.springframework.jdbc.datasource.DataSourceUtils - Fetching JDBC Connection from DataSource
17:03:35.876 [Test worker] DEBUG org.springframework.orm.jpa.LocalContainerEntityManagerFactoryBean - Building JPA container EntityManagerFactory for persistence unit 'default'
17:03:35.877 [Test worker] DEBUG org.hibernate.jpa.internal.util.LogHelper - PersistenceUnitInfo [
	name: default
	persistence provider classname: null
	classloader: jdk.internal.loader.ClassLoaders$AppClassLoader@2c13da15
	excludeUnlistedClasses: true
	JTA datasource: null
	Non JTA datasource: HikariDataSource (HikariPool-18)
	Transaction type: RESOURCE_LOCAL
	PU root URL: file:/Users/dzmitryplatonov/Desktop/workdir/giftcertificates/datasource/build/classes/java/test/
	Shared Cache Mode: UNSPECIFIED
	Validation Mode: AUTO
	Jar files URLs []
	Managed classes names [
		com.epam.esm.entity.Entity
		com.epam.esm.entity.GiftCertificate
		com.epam.esm.entity.Order
		com.epam.esm.entity.OrderCertificate
		com.epam.esm.entity.Role
		com.epam.esm.entity.Tag
		com.epam.esm.entity.User]
	Mapping files names []
	Properties []
17:03:35.877 [Test worker] DEBUG org.hibernate.integrator.internal.IntegratorServiceImpl - Adding Integrator [org.hibernate.cfg.beanvalidation.BeanValidationIntegrator].
17:03:35.877 [Test worker] DEBUG org.hibernate.integrator.internal.IntegratorServiceImpl - Adding Integrator [org.hibernate.secure.spi.JaccIntegrator].
17:03:35.877 [Test worker] DEBUG org.hibernate.integrator.internal.IntegratorServiceImpl - Adding Integrator [org.hibernate.cache.internal.CollectionCacheInvalidator].
17:03:35.878 [Test worker] DEBUG org.hibernate.service.spi.ServiceBinding - Overriding existing service binding [org.hibernate.secure.spi.JaccService]
17:03:35.878 [Test worker] DEBUG org.hibernate.cache.internal.RegionFactoryInitiator - Cannot default RegionFactory based on registered strategies as `[]` RegionFactory strategies were registered
17:03:35.878 [Test worker] DEBUG org.hibernate.cache.internal.RegionFactoryInitiator - Cache region factory : org.hibernate.cache.internal.NoCachingRegionFactory
17:03:35.879 [Test worker] DEBUG org.hibernate.type.BasicTypeRegistry - Adding type registration boolean -> org.hibernate.type.BooleanType@7a361749
17:03:35.879 [Test worker] DEBUG org.hibernate.type.BasicTypeRegistry - Adding type registration boolean -> org.hibernate.type.BooleanType@7a361749
17:03:35.879 [Test worker] DEBUG org.hibernate.type.BasicTypeRegistry - Adding type registration java.lang.Boolean -> org.hibernate.type.BooleanType@7a361749
17:03:35.879 [Test worker] DEBUG org.hibernate.type.BasicTypeRegistry - Adding type registration numeric_boolean -> org.hibernate.type.NumericBooleanType@35b10044
17:03:35.879 [Test worker] DEBUG org.hibernate.type.BasicTypeRegistry - Adding type registration true_false -> org.hibernate.type.TrueFalseType@1b7f764d
17:03:35.879 [Test worker] DEBUG org.hibernate.type.BasicTypeRegistry - Adding type registration yes_no -> org.hibernate.type.YesNoType@726eb0b7
17:03:35.879 [Test worker] DEBUG org.hibernate.type.BasicTypeRegistry - Adding type registration byte -> org.hibernate.type.ByteType@17cb58e9
17:03:35.879 [Test worker] DEBUG org.hibernate.type.BasicTypeRegistry - Adding type registration byte -> org.hibernate.type.ByteType@17cb58e9
17:03:35.879 [Test worker] DEBUG org.hibernate.type.BasicTypeRegistry - Adding type registration java.lang.Byte -> org.hibernate.type.ByteType@17cb58e9
17:03:35.879 [Test worker] DEBUG org.hibernate.type.BasicTypeRegistry - Adding type registration character -> org.hibernate.type.CharacterType@30f0ba0d
17:03:35.879 [Test worker] DEBUG org.hibernate.type.BasicTypeRegistry - Adding type registration char -> org.hibernate.type.CharacterType@30f0ba0d
17:03:35.879 [Test worker] DEBUG org.hibernate.type.BasicTypeRegistry - Adding type registration java.lang.Character -> org.hibernate.type.CharacterType@30f0ba0d
17:03:35.879 [Test worker] DEBUG org.hibernate.type.BasicTypeRegistry - Adding type registration short -> org.hibernate.type.ShortType@27eea72e
17:03:35.879 [Test worker] DEBUG org.hibernate.type.BasicTypeRegistry - Adding type registration short -> org.hibernate.type.ShortType@27eea72e
17:03:35.879 [Test worker] DEBUG org.hibernate.type.BasicTypeRegistry - Adding type registration java.lang.Short -> org.hibernate.type.ShortType@27eea72e
17:03:35.879 [Test worker] DEBUG org.hibernate.type.BasicTypeRegistry - Adding type registration integer -> org.hibernate.type.IntegerType@3e734867
17:03:35.879 [Test worker] DEBUG org.hibernate.type.BasicTypeRegistry - Adding type registration int -> org.hibernate.type.IntegerType@3e734867
17:03:35.879 [Test worker] DEBUG org.hibernate.type.BasicTypeRegistry - Adding type registration java.lang.Integer -> org.hibernate.type.IntegerType@3e734867
17:03:35.879 [Test worker] DEBUG org.hibernate.type.BasicTypeRegistry - Adding type registration long -> org.hibernate.type.LongType@10654366
17:03:35.879 [Test worker] DEBUG org.hibernate.type.BasicTypeRegistry - Adding type registration long -> org.hibernate.type.LongType@10654366
17:03:35.879 [Test worker] DEBUG org.hibernate.type.BasicTypeRegistry - Adding type registration java.lang.Long -> org.hibernate.type.LongType@10654366
17:03:35.879 [Test worker] DEBUG org.hibernate.type.BasicTypeRegistry - Adding type registration float -> org.hibernate.type.FloatType@1072c4c1
17:03:35.879 [Test worker] DEBUG org.hibernate.type.BasicTypeRegistry - Adding type registration float -> org.hibernate.type.FloatType@1072c4c1
17:03:35.879 [Test worker] DEBUG org.hibernate.type.BasicTypeRegistry - Adding type registration java.lang.Float -> org.hibernate.type.FloatType@1072c4c1
17:03:35.879 [Test worker] DEBUG org.hibernate.type.BasicTypeRegistry - Adding type registration double -> org.hibernate.type.DoubleType@383d90d3
17:03:35.879 [Test worker] DEBUG org.hibernate.type.BasicTypeRegistry - Adding type registration double -> org.hibernate.type.DoubleType@383d90d3
17:03:35.879 [Test worker] DEBUG org.hibernate.type.BasicTypeRegistry - Adding type registration java.lang.Double -> org.hibernate.type.DoubleType@383d90d3
17:03:35.879 [Test worker] DEBUG org.hibernate.type.BasicTypeRegistry - Adding type registration big_decimal -> org.hibernate.type.BigDecimalType@322ff0c5
17:03:35.879 [Test worker] DEBUG org.hibernate.type.BasicTypeRegistry - Adding type registration java.math.BigDecimal -> org.hibernate.type.BigDecimalType@322ff0c5
17:03:35.879 [Test worker] DEBUG org.hibernate.type.BasicTypeRegistry - Adding type registration big_integer -> org.hibernate.type.BigIntegerType@219d1f47
17:03:35.879 [Test worker] DEBUG org.hibernate.type.BasicTypeRegistry - Adding type registration java.math.BigInteger -> org.hibernate.type.BigIntegerType@219d1f47
17:03:35.879 [Test worker] DEBUG org.hibernate.type.BasicTypeRegistry - Adding type registration string -> org.hibernate.type.StringType@7b9aad94
17:03:35.879 [Test worker] DEBUG org.hibernate.type.BasicTypeRegistry - Adding type registration java.lang.String -> org.hibernate.type.StringType@7b9aad94
17:03:35.879 [Test worker] DEBUG org.hibernate.type.BasicTypeRegistry - Adding type registration nstring -> org.hibernate.type.StringNVarcharType@39251dc7
17:03:35.879 [Test worker] DEBUG org.hibernate.type.BasicTypeRegistry - Adding type registration ncharacter -> org.hibernate.type.CharacterNCharType@284c8f8b
17:03:35.879 [Test worker] DEBUG org.hibernate.type.BasicTypeRegistry - Adding type registration url -> org.hibernate.type.UrlType@7c5e8cdb
17:03:35.879 [Test worker] DEBUG org.hibernate.type.BasicTypeRegistry - Adding type registration java.net.URL -> org.hibernate.type.UrlType@7c5e8cdb
17:03:35.879 [Test worker] DEBUG org.hibernate.type.BasicTypeRegistry - Adding type registration Duration -> org.hibernate.type.DurationType@5502b9d6
17:03:35.879 [Test worker] DEBUG org.hibernate.type.BasicTypeRegistry - Adding type registration java.time.Duration -> org.hibernate.type.DurationType@5502b9d6
17:03:35.879 [Test worker] DEBUG org.hibernate.type.BasicTypeRegistry - Adding type registration Instant -> org.hibernate.type.InstantType@52dea51b
17:03:35.879 [Test worker] DEBUG org.hibernate.type.BasicTypeRegistry - Adding type registration java.time.Instant -> org.hibernate.type.InstantType@52dea51b
17:03:35.880 [Test worker] DEBUG org.hibernate.type.BasicTypeRegistry - Adding type registration LocalDateTime -> org.hibernate.type.LocalDateTimeType@65741b68
17:03:35.880 [Test worker] DEBUG org.hibernate.type.BasicTypeRegistry - Adding type registration java.time.LocalDateTime -> org.hibernate.type.LocalDateTimeType@65741b68
17:03:35.880 [Test worker] DEBUG org.hibernate.type.BasicTypeRegistry - Adding type registration LocalDate -> org.hibernate.type.LocalDateType@33f0f7f9
17:03:35.880 [Test worker] DEBUG org.hibernate.type.BasicTypeRegistry - Adding type registration java.time.LocalDate -> org.hibernate.type.LocalDateType@33f0f7f9
17:03:35.880 [Test worker] DEBUG org.hibernate.type.BasicTypeRegistry - Adding type registration LocalTime -> org.hibernate.type.LocalTimeType@5e875231
17:03:35.880 [Test worker] DEBUG org.hibernate.type.BasicTypeRegistry - Adding type registration java.time.LocalTime -> org.hibernate.type.LocalTimeType@5e875231
17:03:35.880 [Test worker] DEBUG org.hibernate.type.BasicTypeRegistry - Adding type registration OffsetDateTime -> org.hibernate.type.OffsetDateTimeType@e161f10
17:03:35.880 [Test worker] DEBUG org.hibernate.type.BasicTypeRegistry - Adding type registration java.time.OffsetDateTime -> org.hibernate.type.OffsetDateTimeType@e161f10
17:03:35.880 [Test worker] DEBUG org.hibernate.type.BasicTypeRegistry - Adding type registration OffsetTime -> org.hibernate.type.OffsetTimeType@1ed4e4a1
17:03:35.880 [Test worker] DEBUG org.hibernate.type.BasicTypeRegistry - Adding type registration java.time.OffsetTime -> org.hibernate.type.OffsetTimeType@1ed4e4a1
17:03:35.880 [Test worker] DEBUG org.hibernate.type.BasicTypeRegistry - Adding type registration ZonedDateTime -> org.hibernate.type.ZonedDateTimeType@1f7b3ac5
17:03:35.880 [Test worker] DEBUG org.hibernate.type.BasicTypeRegistry - Adding type registration java.time.ZonedDateTime -> org.hibernate.type.ZonedDateTimeType@1f7b3ac5
17:03:35.880 [Test worker] DEBUG org.hibernate.type.BasicTypeRegistry - Adding type registration date -> org.hibernate.type.DateType@47db9e78
17:03:35.880 [Test worker] DEBUG org.hibernate.type.BasicTypeRegistry - Adding type registration java.sql.Date -> org.hibernate.type.DateType@47db9e78
17:03:35.880 [Test worker] DEBUG org.hibernate.type.BasicTypeRegistry - Adding type registration time -> org.hibernate.type.TimeType@19cf2a46
17:03:35.880 [Test worker] DEBUG org.hibernate.type.BasicTypeRegistry - Adding type registration java.sql.Time -> org.hibernate.type.TimeType@19cf2a46
17:03:35.880 [Test worker] DEBUG org.hibernate.type.BasicTypeRegistry - Adding type registration timestamp -> org.hibernate.type.TimestampType@33cc8709
17:03:35.880 [Test worker] DEBUG org.hibernate.type.BasicTypeRegistry - Adding type registration java.sql.Timestamp -> org.hibernate.type.TimestampType@33cc8709
17:03:35.880 [Test worker] DEBUG org.hibernate.type.BasicTypeRegistry - Adding type registration java.util.Date -> org.hibernate.type.TimestampType@33cc8709
17:03:35.880 [Test worker] DEBUG org.hibernate.type.BasicTypeRegistry - Adding type registration dbtimestamp -> org.hibernate.type.DbTimestampType@4bb8bc35
17:03:35.880 [Test worker] DEBUG org.hibernate.type.BasicTypeRegistry - Adding type registration calendar -> org.hibernate.type.CalendarType@6cda5f3e
17:03:35.880 [Test worker] DEBUG org.hibernate.type.BasicTypeRegistry - Adding type registration java.util.Calendar -> org.hibernate.type.CalendarType@6cda5f3e
17:03:35.880 [Test worker] DEBUG org.hibernate.type.BasicTypeRegistry - Adding type registration java.util.GregorianCalendar -> org.hibernate.type.CalendarType@6cda5f3e
17:03:35.880 [Test worker] DEBUG org.hibernate.type.BasicTypeRegistry - Adding type registration calendar_date -> org.hibernate.type.CalendarDateType@2cf12338
17:03:35.880 [Test worker] DEBUG org.hibernate.type.BasicTypeRegistry - Adding type registration locale -> org.hibernate.type.LocaleType@5fa83fc7
17:03:35.880 [Test worker] DEBUG org.hibernate.type.BasicTypeRegistry - Adding type registration java.util.Locale -> org.hibernate.type.LocaleType@5fa83fc7
17:03:35.880 [Test worker] DEBUG org.hibernate.type.BasicTypeRegistry - Adding type registration currency -> org.hibernate.type.CurrencyType@7198d6af
17:03:35.880 [Test worker] DEBUG org.hibernate.type.BasicTypeRegistry - Adding type registration java.util.Currency -> org.hibernate.type.CurrencyType@7198d6af
17:03:35.880 [Test worker] DEBUG org.hibernate.type.BasicTypeRegistry - Adding type registration timezone -> org.hibernate.type.TimeZoneType@5db6acf5
17:03:35.880 [Test worker] DEBUG org.hibernate.type.BasicTypeRegistry - Adding type registration java.util.TimeZone -> org.hibernate.type.TimeZoneType@5db6acf5
17:03:35.880 [Test worker] DEBUG org.hibernate.type.BasicTypeRegistry - Adding type registration class -> org.hibernate.type.ClassType@11e7b123
17:03:35.880 [Test worker] DEBUG org.hibernate.type.BasicTypeRegistry - Adding type registration java.lang.Class -> org.hibernate.type.ClassType@11e7b123
17:03:35.880 [Test worker] DEBUG org.hibernate.type.BasicTypeRegistry - Adding type registration uuid-binary -> org.hibernate.type.UUIDBinaryType@515d21bc
17:03:35.880 [Test worker] DEBUG org.hibernate.type.BasicTypeRegistry - Adding type registration java.util.UUID -> org.hibernate.type.UUIDBinaryType@515d21bc
17:03:35.880 [Test worker] DEBUG org.hibernate.type.BasicTypeRegistry - Adding type registration uuid-char -> org.hibernate.type.UUIDCharType@774ef163
17:03:35.880 [Test worker] DEBUG org.hibernate.type.BasicTypeRegistry - Adding type registration binary -> org.hibernate.type.BinaryType@5f00df0f
17:03:35.880 [Test worker] DEBUG org.hibernate.type.BasicTypeRegistry - Adding type registration byte[] -> org.hibernate.type.BinaryType@5f00df0f
17:03:35.880 [Test worker] DEBUG org.hibernate.type.BasicTypeRegistry - Adding type registration [B -> org.hibernate.type.BinaryType@5f00df0f
17:03:35.880 [Test worker] DEBUG org.hibernate.type.BasicTypeRegistry - Adding type registration wrapper-binary -> org.hibernate.type.WrapperBinaryType@1c4b0916
17:03:35.880 [Test worker] DEBUG org.hibernate.type.BasicTypeRegistry - Adding type registration Byte[] -> org.hibernate.type.WrapperBinaryType@1c4b0916
17:03:35.880 [Test worker] DEBUG org.hibernate.type.BasicTypeRegistry - Adding type registration [Ljava.lang.Byte; -> org.hibernate.type.WrapperBinaryType@1c4b0916
17:03:35.880 [Test worker] DEBUG org.hibernate.type.BasicTypeRegistry - Adding type registration row_version -> org.hibernate.type.RowVersionType@5a9358d7
17:03:35.881 [Test worker] DEBUG org.hibernate.type.BasicTypeRegistry - Adding type registration image -> org.hibernate.type.ImageType@b08df66
17:03:35.881 [Test worker] DEBUG org.hibernate.type.BasicTypeRegistry - Adding type registration characters -> org.hibernate.type.CharArrayType@69a415e0
17:03:35.881 [Test worker] DEBUG org.hibernate.type.BasicTypeRegistry - Adding type registration char[] -> org.hibernate.type.CharArrayType@69a415e0
17:03:35.881 [Test worker] DEBUG org.hibernate.type.BasicTypeRegistry - Adding type registration [C -> org.hibernate.type.CharArrayType@69a415e0
17:03:35.881 [Test worker] DEBUG org.hibernate.type.BasicTypeRegistry - Adding type registration wrapper-characters -> org.hibernate.type.CharacterArrayType@2e189552
17:03:35.881 [Test worker] DEBUG org.hibernate.type.BasicTypeRegistry - Adding type registration [Ljava.lang.Character; -> org.hibernate.type.CharacterArrayType@2e189552
17:03:35.881 [Test worker] DEBUG org.hibernate.type.BasicTypeRegistry - Adding type registration Character[] -> org.hibernate.type.CharacterArrayType@2e189552
17:03:35.881 [Test worker] DEBUG org.hibernate.type.BasicTypeRegistry - Adding type registration text -> org.hibernate.type.TextType@3bb4f48d
17:03:35.881 [Test worker] DEBUG org.hibernate.type.BasicTypeRegistry - Adding type registration ntext -> org.hibernate.type.NTextType@7fc44815
17:03:35.881 [Test worker] DEBUG org.hibernate.type.BasicTypeRegistry - Adding type registration blob -> org.hibernate.type.BlobType@70984021
17:03:35.881 [Test worker] DEBUG org.hibernate.type.BasicTypeRegistry - Adding type registration java.sql.Blob -> org.hibernate.type.BlobType@70984021
17:03:35.881 [Test worker] DEBUG org.hibernate.type.BasicTypeRegistry - Adding type registration materialized_blob -> org.hibernate.type.MaterializedBlobType@7b392ea8
17:03:35.881 [Test worker] DEBUG org.hibernate.type.BasicTypeRegistry - Adding type registration clob -> org.hibernate.type.ClobType@249973df
17:03:35.881 [Test worker] DEBUG org.hibernate.type.BasicTypeRegistry - Adding type registration java.sql.Clob -> org.hibernate.type.ClobType@249973df
17:03:35.881 [Test worker] DEBUG org.hibernate.type.BasicTypeRegistry - Adding type registration nclob -> org.hibernate.type.NClobType@993bb9e
17:03:35.881 [Test worker] DEBUG org.hibernate.type.BasicTypeRegistry - Adding type registration java.sql.NClob -> org.hibernate.type.NClobType@993bb9e
17:03:35.881 [Test worker] DEBUG org.hibernate.type.BasicTypeRegistry - Adding type registration materialized_clob -> org.hibernate.type.MaterializedClobType@5eddde51
17:03:35.881 [Test worker] DEBUG org.hibernate.type.BasicTypeRegistry - Adding type registration materialized_nclob -> org.hibernate.type.MaterializedNClobType@20503ff1
17:03:35.881 [Test worker] DEBUG org.hibernate.type.BasicTypeRegistry - Adding type registration serializable -> org.hibernate.type.SerializableType@11fb506a
17:03:35.881 [Test worker] DEBUG org.hibernate.type.BasicTypeRegistry - Adding type registration object -> org.hibernate.type.ObjectType@40b10f8c
17:03:35.881 [Test worker] DEBUG org.hibernate.type.BasicTypeRegistry - Adding type registration java.lang.Object -> org.hibernate.type.ObjectType@40b10f8c
17:03:35.881 [Test worker] DEBUG org.hibernate.type.BasicTypeRegistry - Adding type registration imm_date -> org.hibernate.type.AdaptedImmutableType@5aad5592
17:03:35.881 [Test worker] DEBUG org.hibernate.type.BasicTypeRegistry - Adding type registration imm_time -> org.hibernate.type.AdaptedImmutableType@e56a867
17:03:35.881 [Test worker] DEBUG org.hibernate.type.BasicTypeRegistry - Adding type registration imm_timestamp -> org.hibernate.type.AdaptedImmutableType@744b56c2
17:03:35.881 [Test worker] DEBUG org.hibernate.type.BasicTypeRegistry - Adding type registration imm_dbtimestamp -> org.hibernate.type.AdaptedImmutableType@6cee7d7d
17:03:35.881 [Test worker] DEBUG org.hibernate.type.BasicTypeRegistry - Adding type registration imm_calendar -> org.hibernate.type.AdaptedImmutableType@5c5fa4b7
17:03:35.881 [Test worker] DEBUG org.hibernate.type.BasicTypeRegistry - Adding type registration imm_calendar_date -> org.hibernate.type.AdaptedImmutableType@67712acb
17:03:35.881 [Test worker] DEBUG org.hibernate.type.BasicTypeRegistry - Adding type registration imm_binary -> org.hibernate.type.AdaptedImmutableType@49a29da1
17:03:35.881 [Test worker] DEBUG org.hibernate.type.BasicTypeRegistry - Adding type registration imm_serializable -> org.hibernate.type.AdaptedImmutableType@5638047d
17:03:35.882 [Test worker] DEBUG org.hibernate.boot.internal.BootstrapContextImpl - Injecting JPA temp ClassLoader [org.springframework.instrument.classloading.SimpleThrowawayClassLoader@192a2354] into BootstrapContext; was [null]
17:03:35.882 [Test worker] DEBUG org.hibernate.boot.internal.ClassLoaderAccessImpl - ClassLoaderAccessImpl#injectTempClassLoader(org.springframework.instrument.classloading.SimpleThrowawayClassLoader@192a2354) [was null]
17:03:35.882 [Test worker] DEBUG org.hibernate.boot.internal.BootstrapContextImpl - Injecting ScanEnvironment [org.hibernate.jpa.boot.internal.StandardJpaScanEnvironmentImpl@4438ea45] into BootstrapContext; was [null]
17:03:35.882 [Test worker] DEBUG org.hibernate.boot.internal.BootstrapContextImpl - Injecting ScanOptions [org.hibernate.boot.archive.scan.internal.StandardScanOptions@52350553] into BootstrapContext; was [org.hibernate.boot.archive.scan.internal.StandardScanOptions@3e7accf4]
17:03:35.884 [Test worker] DEBUG org.hibernate.boot.internal.BootstrapContextImpl - Injecting JPA temp ClassLoader [null] into BootstrapContext; was [org.springframework.instrument.classloading.SimpleThrowawayClassLoader@192a2354]
17:03:35.884 [Test worker] DEBUG org.hibernate.boot.internal.ClassLoaderAccessImpl - ClassLoaderAccessImpl#injectTempClassLoader(null) [was org.springframework.instrument.classloading.SimpleThrowawayClassLoader@192a2354]
17:03:35.884 [Test worker] DEBUG org.hibernate.id.factory.internal.DefaultIdentifierGeneratorFactory - Registering IdentifierGenerator strategy [uuid2] -> [org.hibernate.id.UUIDGenerator]
17:03:35.884 [Test worker] DEBUG org.hibernate.id.factory.internal.DefaultIdentifierGeneratorFactory - Registering IdentifierGenerator strategy [guid] -> [org.hibernate.id.GUIDGenerator]
17:03:35.884 [Test worker] DEBUG org.hibernate.id.factory.internal.DefaultIdentifierGeneratorFactory - Registering IdentifierGenerator strategy [uuid] -> [org.hibernate.id.UUIDHexGenerator]
17:03:35.884 [Test worker] DEBUG org.hibernate.id.factory.internal.DefaultIdentifierGeneratorFactory - Registering IdentifierGenerator strategy [uuid.hex] -> [org.hibernate.id.UUIDHexGenerator]
17:03:35.884 [Test worker] DEBUG org.hibernate.id.factory.internal.DefaultIdentifierGeneratorFactory - Registering IdentifierGenerator strategy [assigned] -> [org.hibernate.id.Assigned]
17:03:35.884 [Test worker] DEBUG org.hibernate.id.factory.internal.DefaultIdentifierGeneratorFactory - Registering IdentifierGenerator strategy [identity] -> [org.hibernate.id.IdentityGenerator]
17:03:35.884 [Test worker] DEBUG org.hibernate.id.factory.internal.DefaultIdentifierGeneratorFactory - Registering IdentifierGenerator strategy [select] -> [org.hibernate.id.SelectGenerator]
17:03:35.884 [Test worker] DEBUG org.hibernate.id.factory.internal.DefaultIdentifierGeneratorFactory - Registering IdentifierGenerator strategy [sequence] -> [org.hibernate.id.enhanced.SequenceStyleGenerator]
17:03:35.884 [Test worker] DEBUG org.hibernate.id.factory.internal.DefaultIdentifierGeneratorFactory - Registering IdentifierGenerator strategy [seqhilo] -> [org.hibernate.id.SequenceHiLoGenerator]
17:03:35.884 [Test worker] DEBUG org.hibernate.id.factory.internal.DefaultIdentifierGeneratorFactory - Registering IdentifierGenerator strategy [increment] -> [org.hibernate.id.IncrementGenerator]
17:03:35.884 [Test worker] DEBUG org.hibernate.id.factory.internal.DefaultIdentifierGeneratorFactory - Registering IdentifierGenerator strategy [foreign] -> [org.hibernate.id.ForeignGenerator]
17:03:35.884 [Test worker] DEBUG org.hibernate.id.factory.internal.DefaultIdentifierGeneratorFactory - Registering IdentifierGenerator strategy [sequence-identity] -> [org.hibernate.id.SequenceIdentityGenerator]
17:03:35.884 [Test worker] DEBUG org.hibernate.id.factory.internal.DefaultIdentifierGeneratorFactory - Registering IdentifierGenerator strategy [enhanced-sequence] -> [org.hibernate.id.enhanced.SequenceStyleGenerator]
17:03:35.884 [Test worker] DEBUG org.hibernate.id.factory.internal.DefaultIdentifierGeneratorFactory - Registering IdentifierGenerator strategy [enhanced-table] -> [org.hibernate.id.enhanced.TableGenerator]
17:03:35.884 [Test worker] DEBUG org.hibernate.engine.jdbc.env.internal.JdbcEnvironmentInitiator - Database ->
       name : H2
    version : 1.4.197 (2018-03-18)
      major : 1
      minor : 4
17:03:35.884 [Test worker] DEBUG org.hibernate.engine.jdbc.env.internal.JdbcEnvironmentInitiator - Driver ->
       name : H2 JDBC Driver
    version : 1.4.197 (2018-03-18)
      major : 1
      minor : 4
17:03:35.884 [Test worker] DEBUG org.hibernate.engine.jdbc.env.internal.JdbcEnvironmentInitiator - JDBC version : 4.0
17:03:35.884 [Test worker] INFO org.hibernate.dialect.Dialect - HHH000400: Using dialect: org.hibernate.dialect.H2Dialect
17:03:35.886 [Test worker] DEBUG org.hibernate.boot.model.relational.Namespace - Created database namespace [logicalName=Name{catalog=null, schema=null}, physicalName=Name{catalog=null, schema=null}]
17:03:35.887 [Test worker] DEBUG org.hibernate.type.spi.TypeConfiguration$Scope - Scoping TypeConfiguration [org.hibernate.type.spi.TypeConfiguration@7bbc3684] to MetadataBuildingContext [org.hibernate.boot.internal.MetadataBuildingContextRootImpl@768776ea]
17:03:35.887 [Test worker] DEBUG org.hibernate.cfg.AnnotationBinder - Binding entity from annotated class: com.epam.esm.entity.Entity
17:03:35.887 [Test worker] DEBUG org.hibernate.cfg.Ejb3Column - Binding column: Ejb3DiscriminatorColumn{logicalColumnName'DTYPE', discriminatorTypeName='string'}
17:03:35.887 [Test worker] DEBUG org.hibernate.cfg.annotations.EntityBinder - Import with entity name Entity
17:03:35.888 [Test worker] DEBUG org.hibernate.cfg.annotations.EntityBinder - Bind entity com.epam.esm.entity.Entity on table entity
17:03:35.888 [Test worker] DEBUG org.hibernate.cfg.Ejb3Column - Binding column: Ejb3Column{table=org.hibernate.mapping.Table(entity), mappingColumn=id, insertable=true, updatable=true, unique=false}
17:03:35.888 [Test worker] DEBUG org.hibernate.cfg.annotations.PropertyBinder - MetadataSourceProcessor property id with lazy=false
17:03:35.888 [Test worker] DEBUG org.hibernate.cfg.AbstractPropertyHolder - Attempting to locate auto-apply AttributeConverter for property [com.epam.esm.entity.Entity:id]
17:03:35.888 [Test worker] DEBUG org.hibernate.cfg.annotations.SimpleValueBinder - building SimpleValue for id
17:03:35.888 [Test worker] DEBUG org.hibernate.cfg.annotations.PropertyBinder - Building property id
17:03:35.888 [Test worker] DEBUG org.hibernate.cfg.BinderHelper - #makeIdGenerator(org.hibernate.mapping.SimpleValue([org.hibernate.mapping.Column(id)]), id, identity, , ...)
17:03:35.888 [Test worker] DEBUG org.hibernate.cfg.AnnotationBinder - Binding entity from annotated class: com.epam.esm.entity.GiftCertificate
17:03:35.888 [Test worker] DEBUG org.hibernate.cfg.Ejb3Column - Binding column: Ejb3DiscriminatorColumn{logicalColumnName'DTYPE', discriminatorTypeName='string'}
17:03:35.888 [Test worker] DEBUG org.hibernate.cfg.annotations.EntityBinder - Import with entity name GiftCertificate
17:03:35.888 [Test worker] DEBUG org.hibernate.cfg.annotations.EntityBinder - Bind entity com.epam.esm.entity.GiftCertificate on table certificate
17:03:35.889 [Test worker] DEBUG org.hibernate.cfg.Ejb3Column - Binding column: Ejb3Column{table=org.hibernate.mapping.Table(certificate), mappingColumn=id, insertable=true, updatable=true, unique=false}
17:03:35.889 [Test worker] DEBUG org.hibernate.cfg.annotations.PropertyBinder - MetadataSourceProcessor property id with lazy=false
17:03:35.889 [Test worker] DEBUG org.hibernate.cfg.AbstractPropertyHolder - Attempting to locate auto-apply AttributeConverter for property [com.epam.esm.entity.GiftCertificate:id]
17:03:35.889 [Test worker] DEBUG org.hibernate.cfg.annotations.SimpleValueBinder - building SimpleValue for id
17:03:35.889 [Test worker] DEBUG org.hibernate.cfg.annotations.PropertyBinder - Building property id
17:03:35.889 [Test worker] DEBUG org.hibernate.cfg.BinderHelper - #makeIdGenerator(org.hibernate.mapping.SimpleValue([org.hibernate.mapping.Column(id)]), id, identity, , ...)
17:03:35.889 [Test worker] DEBUG org.hibernate.cfg.Ejb3Column - Binding column: Ejb3Column{table=org.hibernate.mapping.Table(certificate), mappingColumn=active_status, insertable=true, updatable=true, unique=false}
17:03:35.889 [Test worker] DEBUG org.hibernate.cfg.annotations.PropertyBinder - MetadataSourceProcessor property activeStatus with lazy=false
17:03:35.889 [Test worker] DEBUG org.hibernate.cfg.AbstractPropertyHolder - Attempting to locate auto-apply AttributeConverter for property [com.epam.esm.entity.GiftCertificate:activeStatus]
17:03:35.889 [Test worker] DEBUG org.hibernate.cfg.annotations.SimpleValueBinder - building SimpleValue for activeStatus
17:03:35.889 [Test worker] DEBUG org.hibernate.cfg.annotations.PropertyBinder - Building property activeStatus
17:03:35.889 [Test worker] DEBUG org.hibernate.cfg.Ejb3Column - Binding column: Ejb3Column{table=org.hibernate.mapping.Table(certificate), mappingColumn=creation_date, insertable=true, updatable=true, unique=false}
17:03:35.889 [Test worker] DEBUG org.hibernate.cfg.annotations.PropertyBinder - MetadataSourceProcessor property creationDate with lazy=false
17:03:35.889 [Test worker] DEBUG org.hibernate.cfg.AbstractPropertyHolder - Attempting to locate auto-apply AttributeConverter for property [com.epam.esm.entity.GiftCertificate:creationDate]
17:03:35.889 [Test worker] DEBUG org.hibernate.cfg.annotations.SimpleValueBinder - building SimpleValue for creationDate
17:03:35.890 [Test worker] DEBUG org.hibernate.cfg.annotations.PropertyBinder - Building property creationDate
17:03:35.890 [Test worker] DEBUG org.hibernate.cfg.Ejb3Column - Binding column: Ejb3Column{table=org.hibernate.mapping.Table(certificate), mappingColumn=description, insertable=true, updatable=true, unique=false}
17:03:35.890 [Test worker] DEBUG org.hibernate.cfg.annotations.PropertyBinder - MetadataSourceProcessor property description with lazy=false
17:03:35.890 [Test worker] DEBUG org.hibernate.cfg.AbstractPropertyHolder - Attempting to locate auto-apply AttributeConverter for property [com.epam.esm.entity.GiftCertificate:description]
17:03:35.890 [Test worker] DEBUG org.hibernate.cfg.annotations.SimpleValueBinder - building SimpleValue for description
17:03:35.890 [Test worker] DEBUG org.hibernate.cfg.annotations.PropertyBinder - Building property description
17:03:35.890 [Test worker] DEBUG org.hibernate.cfg.Ejb3Column - Binding column: Ejb3Column{table=org.hibernate.mapping.Table(certificate), mappingColumn=expiration_date, insertable=true, updatable=true, unique=false}
17:03:35.890 [Test worker] DEBUG org.hibernate.cfg.annotations.PropertyBinder - MetadataSourceProcessor property expirationDate with lazy=false
17:03:35.890 [Test worker] DEBUG org.hibernate.cfg.AbstractPropertyHolder - Attempting to locate auto-apply AttributeConverter for property [com.epam.esm.entity.GiftCertificate:expirationDate]
17:03:35.890 [Test worker] DEBUG org.hibernate.cfg.annotations.SimpleValueBinder - building SimpleValue for expirationDate
17:03:35.890 [Test worker] DEBUG org.hibernate.cfg.annotations.PropertyBinder - Building property expirationDate
17:03:35.890 [Test worker] DEBUG org.hibernate.cfg.Ejb3Column - Binding column: Ejb3Column{table=org.hibernate.mapping.Table(certificate), mappingColumn=modification_date, insertable=true, updatable=true, unique=false}
17:03:35.890 [Test worker] DEBUG org.hibernate.cfg.annotations.PropertyBinder - MetadataSourceProcessor property modificationDate with lazy=false
17:03:35.890 [Test worker] DEBUG org.hibernate.cfg.AbstractPropertyHolder - Attempting to locate auto-apply AttributeConverter for property [com.epam.esm.entity.GiftCertificate:modificationDate]
17:03:35.890 [Test worker] DEBUG org.hibernate.cfg.annotations.SimpleValueBinder - building SimpleValue for modificationDate
17:03:35.890 [Test worker] DEBUG org.hibernate.cfg.annotations.PropertyBinder - Building property modificationDate
17:03:35.890 [Test worker] DEBUG org.hibernate.cfg.Ejb3Column - Binding column: Ejb3Column{table=org.hibernate.mapping.Table(certificate), mappingColumn=name, insertable=true, updatable=true, unique=false}
17:03:35.891 [Test worker] DEBUG org.hibernate.cfg.annotations.PropertyBinder - MetadataSourceProcessor property name with lazy=false
17:03:35.891 [Test worker] DEBUG org.hibernate.cfg.AbstractPropertyHolder - Attempting to locate auto-apply AttributeConverter for property [com.epam.esm.entity.GiftCertificate:name]
17:03:35.891 [Test worker] DEBUG org.hibernate.cfg.annotations.SimpleValueBinder - building SimpleValue for name
17:03:35.891 [Test worker] DEBUG org.hibernate.cfg.annotations.PropertyBinder - Building property name
17:03:35.891 [Test worker] DEBUG org.hibernate.cfg.Ejb3Column - Binding column: Ejb3JoinColumn{logicalColumnName='null', referencedColumn='null', mappedBy='certificate'}
17:03:35.891 [Test worker] DEBUG org.hibernate.cfg.Ejb3Column - Binding column: Ejb3Column{table=org.hibernate.mapping.Table(certificate), mappingColumn=order_certificates, insertable=true, updatable=true, unique=false}
17:03:35.891 [Test worker] DEBUG org.hibernate.cfg.Ejb3Column - Binding column: Ejb3Column{table=org.hibernate.mapping.Table(certificate), mappingColumn=null, insertable=true, updatable=true, unique=false}
17:03:35.891 [Test worker] DEBUG org.hibernate.cfg.Ejb3Column - Binding column: Ejb3Column{table=org.hibernate.mapping.Table(certificate), mappingColumn=element, insertable=true, updatable=true, unique=false}
17:03:35.891 [Test worker] DEBUG org.hibernate.cfg.Ejb3Column - Binding column: Ejb3Column{table=org.hibernate.mapping.Table(certificate), mappingColumn=order_certificates_key, insertable=true, updatable=true, unique=false}
17:03:35.891 [Test worker] DEBUG org.hibernate.cfg.Ejb3Column - Binding column: Ejb3JoinColumn{logicalColumnName='orderCertificates_KEY', referencedColumn='null', mappedBy='null'}
17:03:35.891 [Test worker] DEBUG org.hibernate.cfg.Ejb3Column - Binding column: Ejb3JoinColumn{logicalColumnName='null', referencedColumn='null', mappedBy='certificate'}
17:03:35.891 [Test worker] DEBUG org.hibernate.cfg.Ejb3Column - Binding column: Ejb3JoinColumn{logicalColumnName='null', referencedColumn='null', mappedBy='certificate'}
17:03:35.891 [Test worker] DEBUG org.hibernate.cfg.annotations.CollectionBinder - Collection role: com.epam.esm.entity.GiftCertificate.orderCertificates
17:03:35.891 [Test worker] DEBUG org.hibernate.cfg.annotations.PropertyBinder - Building property orderCertificates
17:03:35.892 [Test worker] DEBUG org.hibernate.cfg.Ejb3Column - Binding column: Ejb3Column{table=org.hibernate.mapping.Table(certificate), mappingColumn=price, insertable=true, updatable=true, unique=false}
17:03:35.892 [Test worker] DEBUG org.hibernate.cfg.annotations.PropertyBinder - MetadataSourceProcessor property price with lazy=false
17:03:35.892 [Test worker] DEBUG org.hibernate.cfg.AbstractPropertyHolder - Attempting to locate auto-apply AttributeConverter for property [com.epam.esm.entity.GiftCertificate:price]
17:03:35.892 [Test worker] DEBUG org.hibernate.cfg.annotations.SimpleValueBinder - building SimpleValue for price
17:03:35.892 [Test worker] DEBUG org.hibernate.cfg.annotations.PropertyBinder - Building property price
17:03:35.892 [Test worker] DEBUG org.hibernate.cfg.Ejb3Column - Binding column: Ejb3Column{table=org.hibernate.mapping.Table(certificate), mappingColumn=null, insertable=true, updatable=true, unique=false}
17:03:35.892 [Test worker] DEBUG org.hibernate.cfg.Ejb3Column - Binding column: Ejb3Column{table=org.hibernate.mapping.Table(certificate), mappingColumn=element, insertable=true, updatable=true, unique=false}
17:03:35.892 [Test worker] DEBUG org.hibernate.cfg.Ejb3Column - Binding column: Ejb3Column{table=org.hibernate.mapping.Table(certificate), mappingColumn=tags_key, insertable=true, updatable=true, unique=false}
17:03:35.892 [Test worker] DEBUG org.hibernate.cfg.Ejb3Column - Binding column: Ejb3JoinColumn{logicalColumnName='tags_KEY', referencedColumn='null', mappedBy='null'}
17:03:35.892 [Test worker] DEBUG org.hibernate.cfg.Ejb3Column - Binding column: Ejb3JoinColumn{logicalColumnName='certificate_id', referencedColumn='', mappedBy=''}
17:03:35.892 [Test worker] DEBUG org.hibernate.cfg.Ejb3Column - Binding column: Ejb3JoinColumn{logicalColumnName='tag_id', referencedColumn='', mappedBy=''}
17:03:35.892 [Test worker] DEBUG org.hibernate.cfg.annotations.CollectionBinder - Collection role: com.epam.esm.entity.GiftCertificate.tags
17:03:35.892 [Test worker] DEBUG org.hibernate.cfg.annotations.PropertyBinder - Building property tags
17:03:35.892 [Test worker] DEBUG org.hibernate.cfg.AnnotationBinder - Binding entity from annotated class: com.epam.esm.entity.Order
17:03:35.892 [Test worker] DEBUG org.hibernate.cfg.Ejb3Column - Binding column: Ejb3DiscriminatorColumn{logicalColumnName'DTYPE', discriminatorTypeName='string'}
17:03:35.893 [Test worker] DEBUG org.hibernate.cfg.annotations.EntityBinder - Import with entity name Order
17:03:35.893 [Test worker] DEBUG org.hibernate.cfg.annotations.EntityBinder - Bind entity com.epam.esm.entity.Order on table application_order
17:03:35.893 [Test worker] DEBUG org.hibernate.cfg.Ejb3Column - Binding column: Ejb3Column{table=org.hibernate.mapping.Table(application_order), mappingColumn=id, insertable=true, updatable=true, unique=false}
17:03:35.893 [Test worker] DEBUG org.hibernate.cfg.annotations.PropertyBinder - MetadataSourceProcessor property id with lazy=false
17:03:35.893 [Test worker] DEBUG org.hibernate.cfg.AbstractPropertyHolder - Attempting to locate auto-apply AttributeConverter for property [com.epam.esm.entity.Order:id]
17:03:35.893 [Test worker] DEBUG org.hibernate.cfg.annotations.SimpleValueBinder - building SimpleValue for id
17:03:35.893 [Test worker] DEBUG org.hibernate.cfg.annotations.PropertyBinder - Building property id
17:03:35.893 [Test worker] DEBUG org.hibernate.cfg.BinderHelper - #makeIdGenerator(org.hibernate.mapping.SimpleValue([org.hibernate.mapping.Column(id)]), id, identity, , ...)
17:03:35.893 [Test worker] DEBUG org.hibernate.cfg.Ejb3Column - Binding column: Ejb3Column{table=org.hibernate.mapping.Table(application_order), mappingColumn=active_status, insertable=true, updatable=true, unique=false}
17:03:35.893 [Test worker] DEBUG org.hibernate.cfg.annotations.PropertyBinder - MetadataSourceProcessor property activeStatus with lazy=false
17:03:35.893 [Test worker] DEBUG org.hibernate.cfg.AbstractPropertyHolder - Attempting to locate auto-apply AttributeConverter for property [com.epam.esm.entity.Order:activeStatus]
17:03:35.893 [Test worker] DEBUG org.hibernate.cfg.annotations.SimpleValueBinder - building SimpleValue for activeStatus
17:03:35.893 [Test worker] DEBUG org.hibernate.cfg.annotations.PropertyBinder - Building property activeStatus
17:03:35.894 [Test worker] DEBUG org.hibernate.cfg.Ejb3Column - Binding column: Ejb3Column{table=org.hibernate.mapping.Table(application_order), mappingColumn=created_at, insertable=true, updatable=true, unique=false}
17:03:35.894 [Test worker] DEBUG org.hibernate.cfg.annotations.PropertyBinder - MetadataSourceProcessor property createdAt with lazy=false
17:03:35.894 [Test worker] DEBUG org.hibernate.cfg.AbstractPropertyHolder - Attempting to locate auto-apply AttributeConverter for property [com.epam.esm.entity.Order:createdAt]
17:03:35.894 [Test worker] DEBUG org.hibernate.cfg.annotations.SimpleValueBinder - building SimpleValue for createdAt
17:03:35.894 [Test worker] DEBUG org.hibernate.cfg.annotations.PropertyBinder - Building property createdAt
17:03:35.894 [Test worker] DEBUG org.hibernate.cfg.Ejb3Column - Binding column: Ejb3JoinColumn{logicalColumnName='null', referencedColumn='null', mappedBy='order'}
17:03:35.894 [Test worker] DEBUG org.hibernate.cfg.Ejb3Column - Binding column: Ejb3Column{table=org.hibernate.mapping.Table(application_order), mappingColumn=order_certificates, insertable=true, updatable=true, unique=false}
17:03:35.894 [Test worker] DEBUG org.hibernate.cfg.Ejb3Column - Binding column: Ejb3Column{table=org.hibernate.mapping.Table(application_order), mappingColumn=null, insertable=true, updatable=true, unique=false}
17:03:35.894 [Test worker] DEBUG org.hibernate.cfg.Ejb3Column - Binding column: Ejb3Column{table=org.hibernate.mapping.Table(application_order), mappingColumn=element, insertable=true, updatable=true, unique=false}
17:03:35.894 [Test worker] DEBUG org.hibernate.cfg.Ejb3Column - Binding column: Ejb3Column{table=org.hibernate.mapping.Table(application_order), mappingColumn=order_certificates_key, insertable=true, updatable=true, unique=false}
17:03:35.894 [Test worker] DEBUG org.hibernate.cfg.Ejb3Column - Binding column: Ejb3JoinColumn{logicalColumnName='orderCertificates_KEY', referencedColumn='null', mappedBy='null'}
17:03:35.894 [Test worker] DEBUG org.hibernate.cfg.Ejb3Column - Binding column: Ejb3JoinColumn{logicalColumnName='null', referencedColumn='null', mappedBy='order'}
17:03:35.894 [Test worker] DEBUG org.hibernate.cfg.Ejb3Column - Binding column: Ejb3JoinColumn{logicalColumnName='null', referencedColumn='null', mappedBy='order'}
17:03:35.894 [Test worker] DEBUG org.hibernate.cfg.annotations.CollectionBinder - Collection role: com.epam.esm.entity.Order.orderCertificates
17:03:35.894 [Test worker] DEBUG org.hibernate.cfg.annotations.PropertyBinder - Building property orderCertificates
17:03:35.895 [Test worker] DEBUG org.hibernate.cfg.Ejb3Column - Binding column: Ejb3JoinColumn{logicalColumnName='user_id', referencedColumn='', mappedBy=''}
17:03:35.895 [Test worker] DEBUG org.hibernate.cfg.Ejb3Column - Binding column: Ejb3Column{table=org.hibernate.mapping.Table(application_order), mappingColumn=user, insertable=true, updatable=true, unique=false}
17:03:35.895 [Test worker] DEBUG org.hibernate.cfg.annotations.PropertyBinder - Building property user
17:03:35.895 [Test worker] DEBUG org.hibernate.cfg.AnnotationBinder - Binding entity from annotated class: com.epam.esm.entity.OrderCertificate
17:03:35.895 [Test worker] DEBUG org.hibernate.cfg.Ejb3Column - Binding column: Ejb3DiscriminatorColumn{logicalColumnName'DTYPE', discriminatorTypeName='string'}
17:03:35.895 [Test worker] DEBUG org.hibernate.cfg.annotations.EntityBinder - Import with entity name OrderCertificate
17:03:35.895 [Test worker] DEBUG org.hibernate.cfg.annotations.EntityBinder - Bind entity com.epam.esm.entity.OrderCertificate on table order_certificate
17:03:35.895 [Test worker] DEBUG org.hibernate.cfg.Ejb3Column - Binding column: Ejb3Column{table=org.hibernate.mapping.Table(order_certificate), mappingColumn=id, insertable=true, updatable=true, unique=false}
17:03:35.895 [Test worker] DEBUG org.hibernate.cfg.annotations.PropertyBinder - MetadataSourceProcessor property id with lazy=false
17:03:35.895 [Test worker] DEBUG org.hibernate.cfg.AbstractPropertyHolder - Attempting to locate auto-apply AttributeConverter for property [com.epam.esm.entity.OrderCertificate:id]
17:03:35.895 [Test worker] DEBUG org.hibernate.cfg.annotations.SimpleValueBinder - building SimpleValue for id
17:03:35.896 [Test worker] DEBUG org.hibernate.cfg.annotations.PropertyBinder - Building property id
17:03:35.896 [Test worker] DEBUG org.hibernate.cfg.BinderHelper - #makeIdGenerator(org.hibernate.mapping.SimpleValue([org.hibernate.mapping.Column(id)]), id, identity, , ...)
17:03:35.896 [Test worker] DEBUG org.hibernate.cfg.Ejb3Column - Binding column: Ejb3JoinColumn{logicalColumnName='null', referencedColumn='', mappedBy=''}
17:03:35.896 [Test worker] DEBUG org.hibernate.cfg.Ejb3Column - Binding column: Ejb3Column{table=org.hibernate.mapping.Table(order_certificate), mappingColumn=certificate, insertable=true, updatable=true, unique=false}
17:03:35.896 [Test worker] DEBUG org.hibernate.cfg.annotations.PropertyBinder - Building property certificate
17:03:35.896 [Test worker] DEBUG org.hibernate.cfg.Ejb3Column - Binding column: Ejb3Column{table=org.hibernate.mapping.Table(order_certificate), mappingColumn=expiration_date, insertable=true, updatable=true, unique=false}
17:03:35.896 [Test worker] DEBUG org.hibernate.cfg.annotations.PropertyBinder - MetadataSourceProcessor property expirationDate with lazy=false
17:03:35.896 [Test worker] DEBUG org.hibernate.cfg.AbstractPropertyHolder - Attempting to locate auto-apply AttributeConverter for property [com.epam.esm.entity.OrderCertificate:expirationDate]
17:03:35.896 [Test worker] DEBUG org.hibernate.cfg.annotations.SimpleValueBinder - building SimpleValue for expirationDate
17:03:35.896 [Test worker] DEBUG org.hibernate.cfg.annotations.PropertyBinder - Building property expirationDate
17:03:35.896 [Test worker] DEBUG org.hibernate.cfg.Ejb3Column - Binding column: Ejb3Column{table=org.hibernate.mapping.Table(order_certificate), mappingColumn=fixed_price, insertable=true, updatable=true, unique=false}
17:03:35.896 [Test worker] DEBUG org.hibernate.cfg.annotations.PropertyBinder - MetadataSourceProcessor property fixedPrice with lazy=false
17:03:35.896 [Test worker] DEBUG org.hibernate.cfg.AbstractPropertyHolder - Attempting to locate auto-apply AttributeConverter for property [com.epam.esm.entity.OrderCertificate:fixedPrice]
17:03:35.896 [Test worker] DEBUG org.hibernate.cfg.annotations.SimpleValueBinder - building SimpleValue for fixedPrice
17:03:35.896 [Test worker] DEBUG org.hibernate.cfg.annotations.PropertyBinder - Building property fixedPrice
17:03:35.896 [Test worker] DEBUG org.hibernate.cfg.Ejb3Column - Binding column: Ejb3JoinColumn{logicalColumnName='null', referencedColumn='', mappedBy=''}
17:03:35.896 [Test worker] DEBUG org.hibernate.cfg.Ejb3Column - Binding column: Ejb3Column{table=org.hibernate.mapping.Table(order_certificate), mappingColumn=order, insertable=true, updatable=true, unique=false}
17:03:35.897 [Test worker] DEBUG org.hibernate.cfg.annotations.PropertyBinder - Building property order
17:03:35.897 [Test worker] DEBUG org.hibernate.cfg.AnnotationBinder - Binding entity from annotated class: com.epam.esm.entity.Role
17:03:35.897 [Test worker] DEBUG org.hibernate.cfg.Ejb3Column - Binding column: Ejb3DiscriminatorColumn{logicalColumnName'DTYPE', discriminatorTypeName='string'}
17:03:35.897 [Test worker] DEBUG org.hibernate.cfg.annotations.EntityBinder - Import with entity name Role
17:03:35.897 [Test worker] DEBUG org.hibernate.cfg.annotations.EntityBinder - Bind entity com.epam.esm.entity.Role on table application_role
17:03:35.897 [Test worker] DEBUG org.hibernate.cfg.Ejb3Column - Binding column: Ejb3Column{table=org.hibernate.mapping.Table(application_role), mappingColumn=id, insertable=true, updatable=true, unique=false}
17:03:35.897 [Test worker] DEBUG org.hibernate.cfg.annotations.PropertyBinder - MetadataSourceProcessor property id with lazy=false
17:03:35.897 [Test worker] DEBUG org.hibernate.cfg.AbstractPropertyHolder - Attempting to locate auto-apply AttributeConverter for property [com.epam.esm.entity.Role:id]
17:03:35.897 [Test worker] DEBUG org.hibernate.cfg.annotations.SimpleValueBinder - building SimpleValue for id
17:03:35.897 [Test worker] DEBUG org.hibernate.cfg.annotations.PropertyBinder - Building property id
17:03:35.897 [Test worker] DEBUG org.hibernate.cfg.BinderHelper - #makeIdGenerator(org.hibernate.mapping.SimpleValue([org.hibernate.mapping.Column(id)]), id, identity, , ...)
17:03:35.897 [Test worker] DEBUG org.hibernate.cfg.Ejb3Column - Binding column: Ejb3Column{table=org.hibernate.mapping.Table(application_role), mappingColumn=value, insertable=true, updatable=true, unique=false}
17:03:35.897 [Test worker] DEBUG org.hibernate.cfg.annotations.PropertyBinder - MetadataSourceProcessor property value with lazy=false
17:03:35.897 [Test worker] DEBUG org.hibernate.cfg.AbstractPropertyHolder - Attempting to locate auto-apply AttributeConverter for property [com.epam.esm.entity.Role:value]
17:03:35.897 [Test worker] DEBUG org.hibernate.cfg.annotations.SimpleValueBinder - building SimpleValue for value
17:03:35.897 [Test worker] DEBUG org.hibernate.cfg.annotations.PropertyBinder - Building property value
17:03:35.898 [Test worker] DEBUG org.hibernate.cfg.AnnotationBinder - Binding entity from annotated class: com.epam.esm.entity.Tag
17:03:35.898 [Test worker] DEBUG org.hibernate.cfg.Ejb3Column - Binding column: Ejb3DiscriminatorColumn{logicalColumnName'DTYPE', discriminatorTypeName='string'}
17:03:35.898 [Test worker] DEBUG org.hibernate.cfg.annotations.EntityBinder - Import with entity name Tag
17:03:35.898 [Test worker] DEBUG org.hibernate.cfg.annotations.EntityBinder - Bind entity com.epam.esm.entity.Tag on table tag
17:03:35.898 [Test worker] DEBUG org.hibernate.cfg.Ejb3Column - Binding column: Ejb3Column{table=org.hibernate.mapping.Table(tag), mappingColumn=id, insertable=true, updatable=true, unique=false}
17:03:35.898 [Test worker] DEBUG org.hibernate.cfg.annotations.PropertyBinder - MetadataSourceProcessor property id with lazy=false
17:03:35.898 [Test worker] DEBUG org.hibernate.cfg.AbstractPropertyHolder - Attempting to locate auto-apply AttributeConverter for property [com.epam.esm.entity.Tag:id]
17:03:35.898 [Test worker] DEBUG org.hibernate.cfg.annotations.SimpleValueBinder - building SimpleValue for id
17:03:35.898 [Test worker] DEBUG org.hibernate.cfg.annotations.PropertyBinder - Building property id
17:03:35.898 [Test worker] DEBUG org.hibernate.cfg.BinderHelper - #makeIdGenerator(org.hibernate.mapping.SimpleValue([org.hibernate.mapping.Column(id)]), id, identity, , ...)
17:03:35.898 [Test worker] DEBUG org.hibernate.cfg.Ejb3Column - Binding column: Ejb3Column{table=org.hibernate.mapping.Table(tag), mappingColumn=title, insertable=true, updatable=false, unique=true}
17:03:35.898 [Test worker] DEBUG org.hibernate.cfg.annotations.PropertyBinder - MetadataSourceProcessor property title with lazy=false
17:03:35.898 [Test worker] DEBUG org.hibernate.cfg.AbstractPropertyHolder - Attempting to locate auto-apply AttributeConverter for property [com.epam.esm.entity.Tag:title]
17:03:35.898 [Test worker] DEBUG org.hibernate.cfg.annotations.SimpleValueBinder - building SimpleValue for title
17:03:35.898 [Test worker] DEBUG org.hibernate.cfg.annotations.PropertyBinder - Building property title
17:03:35.898 [Test worker] DEBUG org.hibernate.cfg.AnnotationBinder - Binding entity from annotated class: com.epam.esm.entity.User
17:03:35.899 [Test worker] DEBUG org.hibernate.cfg.Ejb3Column - Binding column: Ejb3DiscriminatorColumn{logicalColumnName'DTYPE', discriminatorTypeName='string'}
17:03:35.899 [Test worker] DEBUG org.hibernate.cfg.annotations.EntityBinder - Import with entity name User
17:03:35.899 [Test worker] DEBUG org.hibernate.cfg.annotations.EntityBinder - Bind entity com.epam.esm.entity.User on table application_user
17:03:35.899 [Test worker] DEBUG org.hibernate.cfg.Ejb3Column - Binding column: Ejb3Column{table=org.hibernate.mapping.Table(application_user), mappingColumn=id, insertable=true, updatable=true, unique=false}
17:03:35.899 [Test worker] DEBUG org.hibernate.cfg.annotations.PropertyBinder - MetadataSourceProcessor property id with lazy=false
17:03:35.899 [Test worker] DEBUG org.hibernate.cfg.AbstractPropertyHolder - Attempting to locate auto-apply AttributeConverter for property [com.epam.esm.entity.User:id]
17:03:35.899 [Test worker] DEBUG org.hibernate.cfg.annotations.SimpleValueBinder - building SimpleValue for id
17:03:35.899 [Test worker] DEBUG org.hibernate.cfg.annotations.PropertyBinder - Building property id
17:03:35.899 [Test worker] DEBUG org.hibernate.cfg.BinderHelper - #makeIdGenerator(org.hibernate.mapping.SimpleValue([org.hibernate.mapping.Column(id)]), id, identity, , ...)
17:03:35.899 [Test worker] DEBUG org.hibernate.cfg.Ejb3Column - Binding column: Ejb3Column{table=org.hibernate.mapping.Table(application_user), mappingColumn=email, insertable=true, updatable=true, unique=false}
17:03:35.899 [Test worker] DEBUG org.hibernate.cfg.annotations.PropertyBinder - MetadataSourceProcessor property email with lazy=false
17:03:35.899 [Test worker] DEBUG org.hibernate.cfg.AbstractPropertyHolder - Attempting to locate auto-apply AttributeConverter for property [com.epam.esm.entity.User:email]
17:03:35.899 [Test worker] DEBUG org.hibernate.cfg.annotations.SimpleValueBinder - building SimpleValue for email
17:03:35.899 [Test worker] DEBUG org.hibernate.cfg.annotations.PropertyBinder - Building property email
17:03:35.899 [Test worker] DEBUG org.hibernate.cfg.Ejb3Column - Binding column: Ejb3JoinColumn{logicalColumnName='null', referencedColumn='null', mappedBy='user'}
17:03:35.900 [Test worker] DEBUG org.hibernate.cfg.Ejb3Column - Binding column: Ejb3Column{table=org.hibernate.mapping.Table(application_user), mappingColumn=orders, insertable=true, updatable=true, unique=false}
17:03:35.900 [Test worker] DEBUG org.hibernate.cfg.Ejb3Column - Binding column: Ejb3Column{table=org.hibernate.mapping.Table(application_user), mappingColumn=null, insertable=true, updatable=true, unique=false}
17:03:35.900 [Test worker] DEBUG org.hibernate.cfg.Ejb3Column - Binding column: Ejb3Column{table=org.hibernate.mapping.Table(application_user), mappingColumn=element, insertable=true, updatable=true, unique=false}
17:03:35.900 [Test worker] DEBUG org.hibernate.cfg.Ejb3Column - Binding column: Ejb3Column{table=org.hibernate.mapping.Table(application_user), mappingColumn=orders_key, insertable=true, updatable=true, unique=false}
17:03:35.900 [Test worker] DEBUG org.hibernate.cfg.Ejb3Column - Binding column: Ejb3JoinColumn{logicalColumnName='orders_KEY', referencedColumn='null', mappedBy='null'}
17:03:35.900 [Test worker] DEBUG org.hibernate.cfg.Ejb3Column - Binding column: Ejb3JoinColumn{logicalColumnName='null', referencedColumn='null', mappedBy='user'}
17:03:35.900 [Test worker] DEBUG org.hibernate.cfg.Ejb3Column - Binding column: Ejb3JoinColumn{logicalColumnName='null', referencedColumn='null', mappedBy='user'}
17:03:35.900 [Test worker] DEBUG org.hibernate.cfg.annotations.CollectionBinder - Collection role: com.epam.esm.entity.User.orders
17:03:35.900 [Test worker] DEBUG org.hibernate.cfg.annotations.PropertyBinder - Building property orders
17:03:35.900 [Test worker] DEBUG org.hibernate.cfg.Ejb3Column - Binding column: Ejb3Column{table=org.hibernate.mapping.Table(application_user), mappingColumn=password, insertable=true, updatable=true, unique=false}
17:03:35.900 [Test worker] DEBUG org.hibernate.cfg.annotations.PropertyBinder - MetadataSourceProcessor property password with lazy=false
17:03:35.900 [Test worker] DEBUG org.hibernate.cfg.AbstractPropertyHolder - Attempting to locate auto-apply AttributeConverter for property [com.epam.esm.entity.User:password]
17:03:35.900 [Test worker] DEBUG org.hibernate.cfg.annotations.SimpleValueBinder - building SimpleValue for password
17:03:35.900 [Test worker] DEBUG org.hibernate.cfg.annotations.PropertyBinder - Building property password
17:03:35.900 [Test worker] DEBUG org.hibernate.cfg.Ejb3Column - Binding column: Ejb3Column{table=org.hibernate.mapping.Table(application_user), mappingColumn=refresh_token, insertable=true, updatable=true, unique=false}
17:03:35.901 [Test worker] DEBUG org.hibernate.cfg.annotations.PropertyBinder - MetadataSourceProcessor property refreshToken with lazy=false
17:03:35.901 [Test worker] DEBUG org.hibernate.cfg.AbstractPropertyHolder - Attempting to locate auto-apply AttributeConverter for property [com.epam.esm.entity.User:refreshToken]
17:03:35.901 [Test worker] DEBUG org.hibernate.cfg.annotations.SimpleValueBinder - building SimpleValue for refreshToken
17:03:35.901 [Test worker] DEBUG org.hibernate.cfg.annotations.PropertyBinder - Building property refreshToken
17:03:35.901 [Test worker] DEBUG org.hibernate.cfg.Ejb3Column - Binding column: Ejb3JoinColumn{logicalColumnName='role_id', referencedColumn='', mappedBy=''}
17:03:35.901 [Test worker] DEBUG org.hibernate.cfg.Ejb3Column - Binding column: Ejb3Column{table=org.hibernate.mapping.Table(application_user), mappingColumn=role, insertable=true, updatable=true, unique=false}
17:03:35.901 [Test worker] DEBUG org.hibernate.cfg.annotations.PropertyBinder - Building property role
17:03:35.901 [Test worker] DEBUG org.hibernate.cfg.annotations.SimpleValueBinder - Starting fillSimpleValue for id
17:03:35.901 [Test worker] DEBUG org.hibernate.cfg.annotations.SimpleValueBinder - Starting fillSimpleValue for id
17:03:35.901 [Test worker] DEBUG org.hibernate.cfg.annotations.SimpleValueBinder - Starting fillSimpleValue for activeStatus
17:03:35.901 [Test worker] DEBUG org.hibernate.cfg.annotations.SimpleValueBinder - Starting fillSimpleValue for creationDate
17:03:35.901 [Test worker] DEBUG org.hibernate.cfg.annotations.SimpleValueBinder - Starting fillSimpleValue for description
17:03:35.901 [Test worker] DEBUG org.hibernate.cfg.annotations.SimpleValueBinder - Starting fillSimpleValue for expirationDate
17:03:35.901 [Test worker] DEBUG org.hibernate.cfg.annotations.SimpleValueBinder - Starting fillSimpleValue for modificationDate
17:03:35.901 [Test worker] DEBUG org.hibernate.cfg.annotations.SimpleValueBinder - Starting fillSimpleValue for name
17:03:35.901 [Test worker] DEBUG org.hibernate.cfg.annotations.SimpleValueBinder - Starting fillSimpleValue for price
17:03:35.901 [Test worker] DEBUG org.hibernate.cfg.annotations.SimpleValueBinder - Starting fillSimpleValue for id
17:03:35.901 [Test worker] DEBUG org.hibernate.cfg.annotations.SimpleValueBinder - Starting fillSimpleValue for activeStatus
17:03:35.901 [Test worker] DEBUG org.hibernate.cfg.annotations.SimpleValueBinder - Starting fillSimpleValue for createdAt
17:03:35.901 [Test worker] DEBUG org.hibernate.cfg.annotations.SimpleValueBinder - Starting fillSimpleValue for id
17:03:35.901 [Test worker] DEBUG org.hibernate.cfg.annotations.SimpleValueBinder - Starting fillSimpleValue for expirationDate
17:03:35.901 [Test worker] DEBUG org.hibernate.cfg.annotations.SimpleValueBinder - Starting fillSimpleValue for fixedPrice
17:03:35.901 [Test worker] DEBUG org.hibernate.cfg.annotations.SimpleValueBinder - Starting fillSimpleValue for id
17:03:35.901 [Test worker] DEBUG org.hibernate.cfg.annotations.SimpleValueBinder - Starting fillSimpleValue for value
17:03:35.901 [Test worker] DEBUG org.hibernate.cfg.annotations.SimpleValueBinder - Starting fillSimpleValue for id
17:03:35.901 [Test worker] DEBUG org.hibernate.cfg.annotations.SimpleValueBinder - Starting fillSimpleValue for title
17:03:35.901 [Test worker] DEBUG org.hibernate.cfg.annotations.SimpleValueBinder - Starting fillSimpleValue for id
17:03:35.901 [Test worker] DEBUG org.hibernate.cfg.annotations.SimpleValueBinder - Starting fillSimpleValue for email
17:03:35.901 [Test worker] DEBUG org.hibernate.cfg.annotations.SimpleValueBinder - Starting fillSimpleValue for password
17:03:35.901 [Test worker] DEBUG org.hibernate.cfg.annotations.SimpleValueBinder - Starting fillSimpleValue for refreshToken
17:03:35.902 [Test worker] DEBUG org.hibernate.mapping.PrimaryKey - Forcing column [id] to be non-null as it is part of the primary key for table [entity]
17:03:35.902 [Test worker] DEBUG org.hibernate.mapping.PrimaryKey - Forcing column [id] to be non-null as it is part of the primary key for table [certificate]
17:03:35.902 [Test worker] DEBUG org.hibernate.mapping.PrimaryKey - Forcing column [id] to be non-null as it is part of the primary key for table [application_order]
17:03:35.902 [Test worker] DEBUG org.hibernate.mapping.PrimaryKey - Forcing column [id] to be non-null as it is part of the primary key for table [order_certificate]
17:03:35.902 [Test worker] DEBUG org.hibernate.mapping.PrimaryKey - Forcing column [id] to be non-null as it is part of the primary key for table [application_role]
17:03:35.902 [Test worker] DEBUG org.hibernate.mapping.PrimaryKey - Forcing column [id] to be non-null as it is part of the primary key for table [tag]
17:03:35.902 [Test worker] DEBUG org.hibernate.mapping.PrimaryKey - Forcing column [id] to be non-null as it is part of the primary key for table [application_user]
17:03:35.902 [Test worker] DEBUG org.hibernate.cfg.CollectionSecondPass - Second pass for collection: com.epam.esm.entity.GiftCertificate.tags
17:03:35.902 [Test worker] DEBUG org.hibernate.cfg.annotations.CollectionBinder - Binding as ManyToMany: com.epam.esm.entity.GiftCertificate.tags
17:03:35.902 [Test worker] DEBUG org.hibernate.mapping.PrimaryKey - Forcing column [certificate_id] to be non-null as it is part of the primary key for table [certificate_tag]
17:03:35.902 [Test worker] DEBUG org.hibernate.mapping.PrimaryKey - Forcing column [tag_id] to be non-null as it is part of the primary key for table [certificate_tag]
17:03:35.902 [Test worker] DEBUG org.hibernate.cfg.CollectionSecondPass - Mapped collection key: certificate_id, element: tag_id
17:03:35.902 [Test worker] DEBUG org.hibernate.cfg.CollectionSecondPass - Second pass for collection: com.epam.esm.entity.GiftCertificate.orderCertificates
17:03:35.903 [Test worker] DEBUG org.hibernate.cfg.annotations.CollectionBinder - Binding a OneToMany: com.epam.esm.entity.GiftCertificate.orderCertificates through a foreign key
17:03:35.903 [Test worker] DEBUG org.hibernate.cfg.annotations.CollectionBinder - Mapping collection: com.epam.esm.entity.GiftCertificate.orderCertificates -> order_certificate
17:03:35.903 [Test worker] DEBUG org.hibernate.cfg.annotations.TableBinder - Retrieving property com.epam.esm.entity.OrderCertificate.certificate
17:03:35.903 [Test worker] DEBUG org.hibernate.cfg.CollectionSecondPass - Mapped collection key: certificate_id, one-to-many: com.epam.esm.entity.OrderCertificate
17:03:35.903 [Test worker] DEBUG org.hibernate.cfg.CollectionSecondPass - Second pass for collection: com.epam.esm.entity.Order.orderCertificates
17:03:35.903 [Test worker] DEBUG org.hibernate.cfg.annotations.CollectionBinder - Binding a OneToMany: com.epam.esm.entity.Order.orderCertificates through a foreign key
17:03:35.903 [Test worker] DEBUG org.hibernate.cfg.annotations.CollectionBinder - Mapping collection: com.epam.esm.entity.Order.orderCertificates -> order_certificate
17:03:35.903 [Test worker] DEBUG org.hibernate.cfg.annotations.TableBinder - Retrieving property com.epam.esm.entity.OrderCertificate.order
17:03:35.903 [Test worker] DEBUG org.hibernate.cfg.CollectionSecondPass - Mapped collection key: order_id, one-to-many: com.epam.esm.entity.OrderCertificate
17:03:35.903 [Test worker] DEBUG org.hibernate.cfg.CollectionSecondPass - Second pass for collection: com.epam.esm.entity.User.orders
17:03:35.903 [Test worker] DEBUG org.hibernate.cfg.annotations.CollectionBinder - Binding a OneToMany: com.epam.esm.entity.User.orders through a foreign key
17:03:35.903 [Test worker] DEBUG org.hibernate.cfg.annotations.CollectionBinder - Mapping collection: com.epam.esm.entity.User.orders -> application_order
17:03:35.903 [Test worker] DEBUG org.hibernate.cfg.annotations.TableBinder - Retrieving property com.epam.esm.entity.Order.user
17:03:35.903 [Test worker] DEBUG org.hibernate.cfg.CollectionSecondPass - Mapped collection key: user_id, one-to-many: com.epam.esm.entity.Order
17:03:35.903 [Test worker] DEBUG org.hibernate.boot.internal.InFlightMetadataCollectorImpl - Resolving reference to class: com.epam.esm.entity.User
17:03:35.903 [Test worker] DEBUG org.hibernate.boot.internal.InFlightMetadataCollectorImpl - Resolving reference to class: com.epam.esm.entity.Role
17:03:35.904 [Test worker] DEBUG org.hibernate.boot.internal.InFlightMetadataCollectorImpl - Resolving reference to class: com.epam.esm.entity.Tag
17:03:35.904 [Test worker] DEBUG org.hibernate.boot.internal.InFlightMetadataCollectorImpl - Resolving reference to class: com.epam.esm.entity.GiftCertificate
17:03:35.904 [Test worker] DEBUG org.hibernate.boot.internal.InFlightMetadataCollectorImpl - Resolving reference to class: com.epam.esm.entity.GiftCertificate
17:03:35.904 [Test worker] DEBUG org.hibernate.boot.internal.InFlightMetadataCollectorImpl - Resolving reference to class: com.epam.esm.entity.Order
17:03:35.905 [Test worker] DEBUG org.hibernate.boot.internal.InFlightMetadataCollectorImpl - Resolving reference to class: com.epam.esm.entity.User
17:03:35.905 [Test worker] DEBUG org.hibernate.boot.internal.InFlightMetadataCollectorImpl - Resolving reference to class: com.epam.esm.entity.Role
17:03:35.905 [Test worker] DEBUG org.hibernate.boot.internal.InFlightMetadataCollectorImpl - Resolving reference to class: com.epam.esm.entity.Tag
17:03:35.905 [Test worker] DEBUG org.hibernate.boot.internal.InFlightMetadataCollectorImpl - Resolving reference to class: com.epam.esm.entity.GiftCertificate
17:03:35.905 [Test worker] DEBUG org.hibernate.boot.internal.InFlightMetadataCollectorImpl - Resolving reference to class: com.epam.esm.entity.GiftCertificate
17:03:35.905 [Test worker] DEBUG org.hibernate.boot.internal.InFlightMetadataCollectorImpl - Resolving reference to class: com.epam.esm.entity.Order
17:03:35.906 [Test worker] DEBUG org.hibernate.internal.SessionFactoryImpl - Building session factory
17:03:35.906 [Test worker] DEBUG org.hibernate.cfg.Settings - SessionFactory name : null
17:03:35.906 [Test worker] DEBUG org.hibernate.cfg.Settings - Automatic flush during beforeCompletion(): enabled
17:03:35.906 [Test worker] DEBUG org.hibernate.cfg.Settings - Automatic session close at end of transaction: disabled
17:03:35.906 [Test worker] DEBUG org.hibernate.cfg.Settings - Statistics: disabled
17:03:35.906 [Test worker] DEBUG org.hibernate.cfg.Settings - Deleted entity synthetic identifier rollback: disabled
17:03:35.906 [Test worker] DEBUG org.hibernate.cfg.Settings - Default entity-mode: pojo
17:03:35.906 [Test worker] DEBUG org.hibernate.cfg.Settings - Check Nullability in Core (should be disabled when Bean Validation is on): enabled
17:03:35.906 [Test worker] DEBUG org.hibernate.cfg.Settings - Allow initialization of lazy state outside session : disabled
17:03:35.906 [Test worker] DEBUG org.hibernate.cfg.Settings - Using BatchFetchStyle : LEGACY
17:03:35.906 [Test worker] DEBUG org.hibernate.cfg.Settings - Default batch fetch size: -1
17:03:35.906 [Test worker] DEBUG org.hibernate.cfg.Settings - Maximum outer join fetch depth: null
17:03:35.906 [Test worker] DEBUG org.hibernate.cfg.Settings - Default null ordering: NONE
17:03:35.906 [Test worker] DEBUG org.hibernate.cfg.Settings - Order SQL updates by primary key: disabled
17:03:35.906 [Test worker] DEBUG org.hibernate.cfg.Settings - Order SQL inserts for batching: disabled
17:03:35.906 [Test worker] DEBUG org.hibernate.cfg.Settings - multi-tenancy strategy : NONE
17:03:35.906 [Test worker] DEBUG org.hibernate.cfg.Settings - JTA Track by Thread: enabled
17:03:35.906 [Test worker] DEBUG org.hibernate.cfg.Settings - Query language substitutions: {}
17:03:35.906 [Test worker] DEBUG org.hibernate.cfg.Settings - Named query checking : enabled
17:03:35.906 [Test worker] DEBUG org.hibernate.cfg.Settings - Second-level cache: disabled
17:03:35.906 [Test worker] DEBUG org.hibernate.cfg.Settings - Second-level query cache: disabled
17:03:35.906 [Test worker] DEBUG org.hibernate.cfg.Settings - Second-level query cache factory: null
17:03:35.906 [Test worker] DEBUG org.hibernate.cfg.Settings - Second-level cache region prefix: null
17:03:35.906 [Test worker] DEBUG org.hibernate.cfg.Settings - Optimize second-level cache for minimal puts: disabled
17:03:35.906 [Test worker] DEBUG org.hibernate.cfg.Settings - Structured second-level cache entries: disabled
17:03:35.906 [Test worker] DEBUG org.hibernate.cfg.Settings - Second-level cache direct-reference entries: disabled
17:03:35.906 [Test worker] DEBUG org.hibernate.cfg.Settings - Automatic eviction of collection cache: disabled
17:03:35.906 [Test worker] DEBUG org.hibernate.cfg.Settings - JDBC batch size: 15
17:03:35.906 [Test worker] DEBUG org.hibernate.cfg.Settings - JDBC batch updates for versioned data: enabled
17:03:35.906 [Test worker] DEBUG org.hibernate.cfg.Settings - Scrollable result sets: enabled
17:03:35.907 [Test worker] DEBUG org.hibernate.cfg.Settings - Wrap result sets: disabled
17:03:35.907 [Test worker] DEBUG org.hibernate.cfg.Settings - JDBC3 getGeneratedKeys(): enabled
17:03:35.907 [Test worker] DEBUG org.hibernate.cfg.Settings - JDBC result set fetch size: null
17:03:35.907 [Test worker] DEBUG org.hibernate.cfg.Settings - Connection release mode: ON_CLOSE
17:03:35.907 [Test worker] DEBUG org.hibernate.cfg.Settings - Generate SQL with comments: disabled
17:03:35.907 [Test worker] DEBUG org.hibernate.cfg.Settings - JPA compliance - query : 
17:03:35.907 [Test worker] DEBUG org.hibernate.cfg.Settings - JPA compliance - closed-handling : 
17:03:35.907 [Test worker] DEBUG org.hibernate.cfg.Settings - JPA compliance - lists : 
17:03:35.907 [Test worker] DEBUG org.hibernate.cfg.Settings - JPA compliance - transactions : 
17:03:35.907 [Test worker] DEBUG org.hibernate.jpa.event.internal.CallbackBuilderLegacyImpl - Adding onPrePersist as PrePersist callback for entity com.epam.esm.entity.Order
17:03:35.908 [Test worker] DEBUG org.hibernate.internal.SessionFactoryImpl - Session factory constructed with filter configurations : {}
17:03:35.908 [Test worker] DEBUG org.hibernate.internal.SessionFactoryImpl - Instantiating session factory with properties: {gopherProxySet=false, awt.toolkit=sun.lwawt.macosx.LWCToolkit, hibernate.id.new_generator_mappings=true, java.specification.version=11, sun.cpu.isalist=, hibernate.resource.beans.container=org.springframework.orm.hibernate5.SpringBeanContainer@38b6504c, hibernate.connection.handling_mode=DELAYED_ACQUISITION_AND_HOLD, sun.jnu.encoding=UTF-8, hibernate.dialect=org.hibernate.dialect.H2Dialect, org.gradle.test.worker=3, hibernate.implicit_naming_strategy=org.springframework.boot.orm.jpa.hibernate.SpringImplicitNamingStrategy, java.class.path=/Users/dzmitryplatonov/.gradle/caches/5.6.2/workerMain/gradle-worker.jar:/Users/dzmitryplatonov/Desktop/workdir/giftcertificates/datasource/build/classes/java/test:/Users/dzmitryplatonov/Desktop/workdir/giftcertificates/datasource/build/resources/test:/Users/dzmitryplatonov/Desktop/workdir/giftcertificates/datasource/build/classes/java/main:/Users/dzmitryplatonov/Desktop/workdir/giftcertificates/datasource/build/resources/main:/Users/dzmitryplatonov/.m2/repository/org/apache/logging/log4j/log4j-web/2.11.2/log4j-web-2.11.2.jar:/Users/dzmitryplatonov/.m2/repository/org/apache/logging/log4j/log4j-core/2.11.2/log4j-core-2.11.2.jar:/Users/dzmitryplatonov/.gradle/caches/modules-2/files-2.1/org.springframework.boot/spring-boot-starter-web/2.1.9.RELEASE/2063870234eebbda3c09dddf9853477fe9e4a719/spring-boot-starter-web-2.1.9.RELEASE.jar:/Users/dzmitryplatonov/.gradle/caches/modules-2/files-2.1/org.springframework.boot/spring-boot-starter-security/2.1.9.RELEASE/bde048665003362d9e16aa75a8804f90dce1d31e/spring-boot-starter-security-2.1.9.RELEASE.jar:/Users/dzmitryplatonov/.gradle/caches/modules-2/files-2.1/org.springframework.boot/spring-boot-starter-data-jpa/2.1.9.RELEASE/784d6d5c525c2dd9fac31031ee6ca2ec8b067af5/spring-boot-starter-data-jpa-2.1.9.RELEASE.jar:/Users/dzmitryplatonov/.gradle/caches/modules-2/files-2.1/org.springframework.boot/spring-boot-starter-aop/2.1.9.RELEASE/74226b26cf15952f639deca38fe919701755c97b/spring-boot-starter-aop-2.1.9.RELEASE.jar:/Users/dzmitryplatonov/.gradle/caches/modules-2/files-2.1/org.springframework.boot/spring-boot-starter-jdbc/2.1.9.RELEASE/3f7d1d67669dfa0ea4ff9216afbeef5bc6a58ecb/spring-boot-starter-jdbc-2.1.9.RELEASE.jar:/Users/dzmitryplatonov/.gradle/caches/modules-2/files-2.1/org.springframework.boot/spring-boot-starter-json/2.1.9.RELEASE/53bdf52bc28b7e753874e0136fb33c9eab184276/spring-boot-starter-json-2.1.9.RELEASE.jar:/Users/dzmitryplatonov/.gradle/caches/modules-2/files-2.1/org.springframework.boot/spring-boot-starter/2.1.9.RELEASE/45d7afa2d9aab4b2984f2c330f507797fbcf501f/spring-boot-starter-2.1.9.RELEASE.jar:/Users/dzmitryplatonov/.gradle/caches/modules-2/files-2.1/org.springframework.boot/spring-boot-starter-logging/2.1.9.RELEASE/802b562b0c602ae9242b659a28b9bf89ca689b2d/spring-boot-starter-logging-2.1.9.RELEASE.jar:/Users/dzmitryplatonov/.m2/repository/org/apache/logging/log4j/log4j-to-slf4j/2.11.2/log4j-to-slf4j-2.11.2.jar:/Users/dzmitryplatonov/.m2/repository/org/apache/logging/log4j/log4j-api/2.11.2/log4j-api-2.11.2.jar:/Users/dzmitryplatonov/.m2/repository/org/hibernate/validator/hibernate-validator/6.0.17.Final/hibernate-validator-6.0.17.Final.jar:/Users/dzmitryplatonov/.m2/repository/javax/validation/validation-api/2.0.1.Final/validation-api-2.0.1.Final.jar:/Users/dzmitryplatonov/.gradle/caches/modules-2/files-2.1/org.springframework.security.oauth.boot/spring-security-oauth2-autoconfigure/2.1.9.RELEASE/abbbf98ebc0454774162add4b412a7ee5da66877/spring-security-oauth2-autoconfigure-2.1.9.RELEASE.jar:/Users/dzmitryplatonov/.gradle/caches/modules-2/files-2.1/com.auth0/jwks-rsa/0.9.0/6e3a813bce7eb07327f2a5384fb178eb21469338/jwks-rsa-0.9.0.jar:/Users/dzmitryplatonov/.gradle/caches/modules-2/files-2.1/io.jsonwebtoken/jjwt/0.9.1/54d2abfc3e63a28824d35bf600d6a5d627da681a/jjwt-0.9.1.jar:/Users/dzmitryplatonov/.gradle/caches/modules-2/files-2.1/io.jsonwebtoken/jjwt-jackson/0.10.7/52b5a612da95a0c0edc867ccac65bb0f6762ed7b/jjwt-jackson-0.10.7.jar:/Users/dzmitryplatonov/.m2/repository/com/fasterxml/jackson/datatype/jackson-datatype-jsr310/2.9.9/jackson-datatype-jsr310-2.9.9.jar:/Users/dzmitryplatonov/.m2/repository/com/fasterxml/jackson/datatype/jackson-datatype-jdk8/2.9.9/jackson-datatype-jdk8-2.9.9.jar:/Users/dzmitryplatonov/.m2/repository/com/fasterxml/jackson/module/jackson-module-parameter-names/2.9.9/jackson-module-parameter-names-2.9.9.jar:/Users/dzmitryplatonov/.gradle/caches/modules-2/files-2.1/com.fasterxml.jackson.core/jackson-databind/2.10.0.pr3/4e17238b159dcd1167b095024fe07f41da1e37ac/jackson-databind-2.10.0.pr3.jar:/Users/dzmitryplatonov/.gradle/caches/modules-2/files-2.1/com.fasterxml.jackson.core/jackson-annotations/2.10.0.pr3/6c99a6d972b8bdd92192bef4b0ff5df164e9cafc/jackson-annotations-2.10.0.pr3.jar:/Users/dzmitryplatonov/.m2/repository/org/springframework/hateoas/spring-hateoas/0.25.1.RELEASE/spring-hateoas-0.25.1.RELEASE.jar:/Users/dzmitryplatonov/.m2/repository/org/springframework/plugin/spring-plugin-core/1.2.0.RELEASE/spring-plugin-core-1.2.0.RELEASE.jar:/Users/dzmitryplatonov/.gradle/caches/modules-2/files-2.1/org.springframework.security/spring-security-oauth2-client/5.1.6.RELEASE/8a77b659f7f6616ca5970796c04106595819f4eb/spring-security-oauth2-client-5.1.6.RELEASE.jar:/Users/dzmitryplatonov/.gradle/caches/modules-2/files-2.1/org.springframework.security/spring-security-oauth2-jose/5.1.6.RELEASE/78f947f9b1ee235f7efbb697e15acd05e16d009a/spring-security-oauth2-jose-5.1.6.RELEASE.jar:/Users/dzmitryplatonov/.gradle/caches/modules-2/files-2.1/org.springframework.security/spring-security-openid/5.2.0.RELEASE/e67725a379bcc03c3edd571d6fec4800b2313a00/spring-security-openid-5.2.0.RELEASE.jar:/Users/dzmitryplatonov/.gradle/caches/modules-2/files-2.1/org.springframework.data/spring-data-jpa/2.1.11.RELEASE/b774364187f5e68379b8c3121232a04686a0325c/spring-data-jpa-2.1.11.RELEASE.jar:/Users/dzmitryplatonov/.gradle/caches/modules-2/files-2.1/org.springframework/spring-orm/5.1.10.RELEASE/ce92238d65405408387b1ae7a5dd5a280f7ea29f/spring-orm-5.1.10.RELEASE.jar:/Users/dzmitryplatonov/.gradle/caches/modules-2/files-2.1/org.springframework/spring-jdbc/5.1.10.RELEASE/48957bfad9656fdba9263539e2fa8f3034939ba8/spring-jdbc-5.1.10.RELEASE.jar:/Users/dzmitryplatonov/.m2/repository/org/postgresql/postgresql/42.2.8/postgresql-42.2.8.jar:/Users/dzmitryplatonov/.gradle/caches/modules-2/files-2.1/org.springframework.boot/spring-boot-starter-tomcat/2.1.9.RELEASE/99bef08a0b7fd10ff9827f0f8e6f49b97cbabf7f/spring-boot-starter-tomcat-2.1.9.RELEASE.jar:/Users/dzmitryplatonov/.m2/repository/javax/annotation/javax.annotation-api/1.3.2/javax.annotation-api-1.3.2.jar:/Users/dzmitryplatonov/.gradle/caches/modules-2/files-2.1/io.jsonwebtoken/jjwt-impl/0.10.7/49cf3b0b6f10eb024104ae39c111c1fd0cd3be64/jjwt-impl-0.10.7.jar:/Users/dzmitryplatonov/.gradle/caches/modules-2/files-2.1/org.junit.jupiter/junit-jupiter-params/5.2.0/d70083080bf3400c181562919cb03bf7588104e1/junit-jupiter-params-5.2.0.jar:/Users/dzmitryplatonov/.gradle/caches/modules-2/files-2.1/org.mockito/mockito-junit-jupiter/2.18.3/827104c6aed482c68159faf320f44f5eb5b03bd/mockito-junit-jupiter-2.18.3.jar:/Users/dzmitryplatonov/.m2/repository/org/mockito/mockito-core/2.28.2/mockito-core-2.28.2.jar:/Users/dzmitryplatonov/.m2/repository/com/h2database/h2/1.4.197/h2-1.4.197.jar:/Users/dzmitryplatonov/.gradle/caches/modules-2/files-2.1/org.springframework/spring-test/5.0.1.RELEASE/47dee3bebbcbcaff1be786b6c0db654ba7376eb9/spring-test-5.0.1.RELEASE.jar:/Users/dzmitryplatonov/.gradle/caches/modules-2/files-2.1/org.junit.jupiter/junit-jupiter-engine/5.3.1/e2676b1786c57a80eb98f5bebd51a3d05e228c40/junit-jupiter-engine-5.3.1.jar:/Users/dzmitryplatonov/.gradle/caches/modules-2/files-2.1/org.junit.jupiter/junit-jupiter-api/5.3.1/a7e97eac2784395cb991403f9641b042ad972941/junit-jupiter-api-5.3.1.jar:/Users/dzmitryplatonov/.gradle/caches/modules-2/files-2.1/org.hibernate/hibernate-core/5.3.12.Final/e1929362fe24a9f62142d18f1ac5b0d7f278ef22/hibernate-core-5.3.12.Final.jar:/Users/dzmitryplatonov/.m2/repository/org/hibernate/common/hibernate-commons-annotations/5.0.4.Final/hibernate-commons-annotations-5.0.4.Final.jar:/Users/dzmitryplatonov/.m2/repository/org/jboss/logging/jboss-logging/3.3.2.Final/jboss-logging-3.3.2.Final.jar:/Users/dzmitryplatonov/.m2/repository/com/fasterxml/classmate/1.3.4/classmate-1.3.4.jar:/Users/dzmitryplatonov/.gradle/caches/modules-2/files-2.1/com.fasterxml.jackson.core/jackson-core/2.10.0.pr3/1d2f9b816bcd00130ddc9dae6c99f7b533afcc73/jackson-core-2.10.0.pr3.jar:/Users/dzmitryplatonov/.gradle/caches/modules-2/files-2.1/org.springframework.security.oauth/spring-security-oauth2/2.3.5.RELEASE/7969f5363398d6d3788bef1740b2ab9509043d51/spring-security-oauth2-2.3.5.RELEASE.jar:/Users/dzmitryplatonov/.gradle/caches/modules-2/files-2.1/org.springframework/spring-webmvc/5.1.10.RELEASE/67b6da7852e89bc0df6ce36a263ac4377fe48e27/spring-webmvc-5.1.10.RELEASE.jar:/Users/dzmitryplatonov/.m2/repository/org/springframework/security/spring-security-config/5.1.6.RELEASE/spring-security-config-5.1.6.RELEASE.jar:/Users/dzmitryplatonov/.gradle/caches/modules-2/files-2.1/org.springframework.security/spring-security-oauth2-core/5.1.6.RELEASE/f3b2623760154aac86d32427696842c7c3d85326/spring-security-oauth2-core-5.1.6.RELEASE.jar:/Users/dzmitryplatonov/.gradle/caches/modules-2/files-2.1/org.springframework.security/spring-security-web/5.2.0.RELEASE/a9ff06ad3fd66cd08545e1a601c66d2256c86e0f/spring-security-web-5.2.0.RELEASE.jar:/Users/dzmitryplatonov/.gradle/caches/modules-2/files-2.1/org.springframework.security/spring-security-core/5.2.0.RELEASE/1c8f36e316a74c245073ce2a70bdf198a58424f6/spring-security-core-5.2.0.RELEASE.jar:/Users/dzmitryplatonov/.gradle/caches/modules-2/files-2.1/org.springframework.boot/spring-boot-autoconfigure/2.1.9.RELEASE/aa6d5e0fef585bec64543b9b8f944a94060e710a/spring-boot-autoconfigure-2.1.9.RELEASE.jar:/Users/dzmitryplatonov/.gradle/caches/modules-2/files-2.1/org.springframework.boot/spring-boot/2.1.9.RELEASE/b18e7287a82ee06c6bb4e79423c25c05b8303dc1/spring-boot-2.1.9.RELEASE.jar:/Users/dzmitryplatonov/.gradle/caches/modules-2/files-2.1/org.springframework/spring-context/5.2.0.RELEASE/a2638a8295f13ed8511c98a2379507677e1d16fa/spring-context-5.2.0.RELEASE.jar:/Users/dzmitryplatonov/.gradle/caches/modules-2/files-2.1/org.springframework/spring-aop/5.2.0.RELEASE/7031d44f063ea68e49b881a985967e7f2c144f3b/spring-aop-5.2.0.RELEASE.jar:/Users/dzmitryplatonov/.gradle/caches/modules-2/files-2.1/org.springframework/spring-web/5.2.0.RELEASE/d5b064196dc014519e751df549b4cc6a753fb191/spring-web-5.2.0.RELEASE.jar:/Users/dzmitryplatonov/.gradle/caches/modules-2/files-2.1/org.springframework.data/spring-data-commons/2.1.11.RELEASE/dace2a47d274ac5f0ac3ff2f47cb0b936bef5b46/spring-data-commons-2.1.11.RELEASE.jar:/Users/dzmitryplatonov/.gradle/caches/modules-2/files-2.1/org.springframework/spring-tx/5.1.10.RELEASE/c32ebb7fb1be3b733304b7873c31817dd434479a/spring-tx-5.1.10.RELEASE.jar:/Users/dzmitryplatonov/.gradle/caches/modules-2/files-2.1/org.springframework/spring-beans/5.2.0.RELEASE/3ae97694618c59e6af695a15e54fabb7e319776/spring-beans-5.2.0.RELEASE.jar:/Users/dzmitryplatonov/.gradle/caches/modules-2/files-2.1/org.springframework/spring-expression/5.2.0.RELEASE/ac6a616451129e717979f18d2bff40528698a46e/spring-expression-5.2.0.RELEASE.jar:/Users/dzmitryplatonov/.gradle/caches/modules-2/files-2.1/org.springframework/spring-core/5.2.0.RELEASE/e0e1b3c304f70ed19d7905975f6f990916ada219/spring-core-5.2.0.RELEASE.jar:/Users/dzmitryplatonov/.m2/repository/com/zaxxer/HikariCP/3.2.0/HikariCP-3.2.0.jar:/Users/dzmitryplatonov/.m2/repository/ch/qos/logback/logback-classic/1.2.3/logback-classic-1.2.3.jar:/Users/dzmitryplatonov/.m2/repository/org/slf4j/jul-to-slf4j/1.7.28/jul-to-slf4j-1.7.28.jar:/Users/dzmitryplatonov/.m2/repository/org/slf4j/slf4j-api/1.7.28/slf4j-api-1.7.28.jar:/Users/dzmitryplatonov/.m2/repository/javax/transaction/javax.transaction-api/1.3/javax.transaction-api-1.3.jar:/Users/dzmitryplatonov/.gradle/caches/modules-2/files-2.1/org.glassfish.jaxb/jaxb-runtime/2.3.1/dd6dda9da676a54c5b36ca2806ff95ee017d8738/jaxb-runtime-2.3.1.jar:/Users/dzmitryplatonov/.m2/repository/javax/xml/bind/jaxb-api/2.3.1/jaxb-api-2.3.1.jar:/Users/dzmitryplatonov/.gradle/caches/modules-2/files-2.1/org.springframework/spring-aspects/5.1.10.RELEASE/b0364caabcde96dc6385480d0f9270613ab04511/spring-aspects-5.1.10.RELEASE.jar:/Users/dzmitryplatonov/.gradle/caches/modules-2/files-2.1/org.springframework.security/spring-security-jwt/1.0.10.RELEASE/19a1ca7a83e9d263a31af5f529da460f8f863451/spring-security-jwt-1.0.10.RELEASE.jar:/Users/dzmitryplatonov/.gradle/caches/modules-2/files-2.1/com.nimbusds/oauth2-oidc-sdk/6.0/e731f0b62727a46ae6d6fded62b5678d28273c3c/oauth2-oidc-sdk-6.0.jar:/Users/dzmitryplatonov/.gradle/caches/modules-2/files-2.1/com.nimbusds/nimbus-jose-jwt/6.0.2/81605278e5df1cf4c3774851649b85cade077fa5/nimbus-jose-jwt-6.0.2.jar:/Users/dzmitryplatonov/.gradle/caches/modules-2/files-2.1/com.google.inject/guice/3.0/9d84f15fe35e2c716a02979fb62f50a29f38aefa/guice-3.0.jar:/Users/dzmitryplatonov/.gradle/caches/modules-2/files-2.1/org.openid4java/openid4java-nodeps/0.9.6/52ca394f5f6d38b78e35a5a6a0a341dc5b3aaf34/openid4java-nodeps-0.9.6.jar:/Users/dzmitryplatonov/.gradle/caches/modules-2/files-2.1/net.sourceforge.nekohtml/nekohtml/1.9.22/4f54af68ecb345f2453fb6884672ad08414154e3/nekohtml-1.9.22.jar:/Users/dzmitryplatonov/.gradle/caches/modules-2/files-2.1/org.apache.httpcomponents/httpclient/4.5.10/7ca2e4276f4ef95e4db725a8cd4a1d1e7585b9e5/httpclient-4.5.10.jar:/Users/dzmitryplatonov/.gradle/caches/modules-2/files-2.1/commons-codec/commons-codec/1.13/3f18e1aa31031d89db6f01ba05d501258ce69d2c/commons-codec-1.13.jar:/Users/dzmitryplatonov/.m2/repository/commons-io/commons-io/2.6/commons-io-2.6.jar:/Users/dzmitryplatonov/.gradle/caches/modules-2/files-2.1/com.google.guava/guava/27.1-jre/e47b59c893079b87743cdcfb6f17ca95c08c592c/guava-27.1-jre.jar:/Users/dzmitryplatonov/.gradle/caches/modules-2/files-2.1/io.jsonwebtoken/jjwt-api/0.10.7/52e888d8424d3c788e23fedfbfc65ce36830ab1a/jjwt-api-0.10.7.jar:/Users/dzmitryplatonov/.m2/repository/org/junit/platform/junit-platform-engine/1.3.1/junit-platform-engine-1.3.1.jar:/Users/dzmitryplatonov/.m2/repository/org/junit/platform/junit-platform-commons/1.3.1/junit-platform-commons-1.3.1.jar:/Users/dzmitryplatonov/.m2/repository/org/apiguardian/apiguardian-api/1.0.0/apiguardian-api-1.0.0.jar:/Users/dzmitryplatonov/.gradle/caches/modules-2/files-2.1/net.bytebuddy/byte-buddy/1.9.11/985bbce599f92d6440582a7d1a5231bfaae9970f/byte-buddy-1.9.11.jar:/Users/dzmitryplatonov/.m2/repository/net/bytebuddy/byte-buddy-agent/1.9.10/byte-buddy-agent-1.9.10.jar:/Users/dzmitryplatonov/.m2/repository/org/objenesis/objenesis/2.6/objenesis-2.6.jar:/Users/dzmitryplatonov/.m2/repository/org/opentest4j/opentest4j/1.1.1/opentest4j-1.1.1.jar:/Users/dzmitryplatonov/.m2/repository/org/aspectj/aspectjweaver/1.9.4/aspectjweaver-1.9.4.jar:/Users/dzmitryplatonov/.m2/repository/javax/activation/javax.activation-api/1.2.0/javax.activation-api-1.2.0.jar:/Users/dzmitryplatonov/.m2/repository/javax/persistence/javax.persistence-api/2.2/javax.persistence-api-2.2.jar:/Users/dzmitryplatonov/.m2/repository/org/javassist/javassist/3.23.2-GA/javassist-3.23.2-GA.jar:/Users/dzmitryplatonov/.m2/repository/antlr/antlr/2.7.7/antlr-2.7.7.jar:/Users/dzmitryplatonov/.m2/repository/org/jboss/jandex/2.0.5.Final/jandex-2.0.5.Final.jar:/Users/dzmitryplatonov/.m2/repository/org/dom4j/dom4j/2.1.1/dom4j-2.1.1.jar:/Users/dzmitryplatonov/.m2/repository/org/yaml/snakeyaml/1.23/snakeyaml-1.23.jar:/Users/dzmitryplatonov/.gradle/caches/modules-2/files-2.1/org.apache.tomcat.embed/tomcat-embed-websocket/9.0.26/8991b1bd82c5745e95a9161472a92dc1e5c7148e/tomcat-embed-websocket-9.0.26.jar:/Users/dzmitryplatonov/.gradle/caches/modules-2/files-2.1/org.apache.tomcat.embed/tomcat-embed-core/9.0.26/6312ba542bc58fa9ee789a43516ce4d862548a6b/tomcat-embed-core-9.0.26.jar:/Users/dzmitryplatonov/.gradle/caches/modules-2/files-2.1/org.apache.tomcat.embed/tomcat-embed-el/9.0.26/a551f05d3ecf5434eaadd75e0b51519447df124/tomcat-embed-el-9.0.26.jar:/Users/dzmitryplatonov/.gradle/caches/modules-2/files-2.1/org.codehaus.jackson/jackson-mapper-asl/1.9.13/1ee2f2bed0e5dd29d1cb155a166e6f8d50bbddb7/jackson-mapper-asl-1.9.13.jar:/Users/dzmitryplatonov/.gradle/caches/modules-2/files-2.1/org.bouncycastle/bcpkix-jdk15on/1.60/d0c46320fbc07be3a24eb13a56cee4e3d38e0c75/bcpkix-jdk15on-1.60.jar:/Users/dzmitryplatonov/.gradle/caches/modules-2/files-2.1/org.glassfish.jaxb/txw2/2.3.1/a09d2c48d3285f206fafbffe0e50619284e92126/txw2-2.3.1.jar:/Users/dzmitryplatonov/.gradle/caches/modules-2/files-2.1/com.sun.istack/istack-commons-runtime/3.0.7/c197c86ceec7318b1284bffb49b54226ca774003/istack-commons-runtime-3.0.7.jar:/Users/dzmitryplatonov/.gradle/caches/modules-2/files-2.1/org.jvnet.staxex/stax-ex/1.8/8cc35f73da321c29973191f2cf143d29d26a1df7/stax-ex-1.8.jar:/Users/dzmitryplatonov/.gradle/caches/modules-2/files-2.1/com.sun.xml.fastinfoset/FastInfoset/1.2.15/bb7b7ec0379982b97c62cd17465cb6d9155f68e8/FastInfoset-1.2.15.jar:/Users/dzmitryplatonov/.gradle/caches/modules-2/files-2.1/com.sun.mail/javax.mail/1.6.1/757ba4630692bb2a1ec2d9d57a616b63f15e947e/javax.mail-1.6.1.jar:/Users/dzmitryplatonov/.gradle/caches/modules-2/files-2.1/com.github.stephenc.jcip/jcip-annotations/1.0-1/ef31541dd28ae2cefdd17c7ebf352d93e9058c63/jcip-annotations-1.0-1.jar:/Users/dzmitryplatonov/.m2/repository/net/minidev/json-smart/2.3/json-smart-2.3.jar:/Users/dzmitryplatonov/.gradle/caches/modules-2/files-2.1/com.nimbusds/lang-tag/1.4.4/1db9a709239ae473a69b5424c7e78d0b7108229d/lang-tag-1.4.4.jar:/Users/dzmitryplatonov/.gradle/caches/modules-2/files-2.1/org.springframework/spring-jcl/5.2.0.RELEASE/59b53ab6f01dd3ba85875b61a284c161584c18a3/spring-jcl-5.2.0.RELEASE.jar:/Users/dzmitryplatonov/.m2/repository/javax/inject/javax.inject/1/javax.inject-1.jar:/Users/dzmitryplatonov/.gradle/caches/modules-2/files-2.1/org.sonatype.sisu.inject/cglib/2.2.1-v20090111/7ce5e983fd0e6c78346f4c9cbfa39d83049dda2/cglib-2.2.1-v20090111.jar:/Users/dzmitryplatonov/.m2/repository/commons-logging/commons-logging/1.2/commons-logging-1.2.jar:/Users/dzmitryplatonov/.m2/repository/net/jcip/jcip-annotations/1.0/jcip-annotations-1.0.jar:/Users/dzmitryplatonov/.m2/repository/xerces/xercesImpl/2.11.0/xercesImpl-2.11.0.jar:/Users/dzmitryplatonov/.gradle/caches/modules-2/files-2.1/org.apache.httpcomponents/httpcore/4.4.12/21ebaf6d532bc350ba95bd81938fa5f0e511c132/httpcore-4.4.12.jar:/Users/dzmitryplatonov/.gradle/caches/modules-2/files-2.1/com.google.guava/failureaccess/1.0.1/1dcf1de382a0bf95a3d8b0849546c88bac1292c9/failureaccess-1.0.1.jar:/Users/dzmitryplatonov/.gradle/caches/modules-2/files-2.1/com.google.guava/listenablefuture/9999.0-empty-to-avoid-conflict-with-guava/b421526c5f297295adef1c886e5246c39d4ac629/listenablefuture-9999.0-empty-to-avoid-conflict-with-guava.jar:/Users/dzmitryplatonov/.m2/repository/com/google/code/findbugs/jsr305/3.0.2/jsr305-3.0.2.jar:/Users/dzmitryplatonov/.gradle/caches/modules-2/files-2.1/org.checkerframework/checker-qual/2.5.2/cea74543d5904a30861a61b4643a5f2bb372efc4/checker-qual-2.5.2.jar:/Users/dzmitryplatonov/.gradle/caches/modules-2/files-2.1/com.google.errorprone/error_prone_annotations/2.2.0/88e3c593e9b3586e1c6177f89267da6fc6986f0c/error_prone_annotations-2.2.0.jar:/Users/dzmitryplatonov/.gradle/caches/modules-2/files-2.1/com.google.j2objc/j2objc-annotations/1.1/ed28ded51a8b1c6b112568def5f4b455e6809019/j2objc-annotations-1.1.jar:/Users/dzmitryplatonov/.gradle/caches/modules-2/files-2.1/org.codehaus.mojo/animal-sniffer-annotations/1.17/f97ce6decaea32b36101e37979f8b647f00681fb/animal-sniffer-annotations-1.17.jar:/Users/dzmitryplatonov/.gradle/caches/modules-2/files-2.1/org.codehaus.jackson/jackson-core-asl/1.9.13/3c304d70f42f832e0a86d45bd437f692129299a4/jackson-core-asl-1.9.13.jar:/Users/dzmitryplatonov/.gradle/caches/modules-2/files-2.1/org.bouncycastle/bcprov-jdk15on/1.60/bd47ad3bd14b8e82595c7adaa143501e60842a84/bcprov-jdk15on-1.60.jar:/Users/dzmitryplatonov/.m2/repository/javax/activation/activation/1.1/activation-1.1.jar:/Users/dzmitryplatonov/.m2/repository/net/minidev/accessors-smart/1.2/accessors-smart-1.2.jar:/Users/dzmitryplatonov/.gradle/caches/modules-2/files-2.1/asm/asm/3.1/c157def142714c544bdea2e6144645702adf7097/asm-3.1.jar:/Users/dzmitryplatonov/.m2/repository/xml-apis/xml-apis/1.4.01/xml-apis-1.4.01.jar:/Users/dzmitryplatonov/.m2/repository/ch/qos/logback/logback-core/1.2.3/logback-core-1.2.3.jar:/Users/dzmitryplatonov/.gradle/caches/modules-2/files-2.1/org.apache.tomcat/tomcat-annotations-api/9.0.26/bb4574456c5db64acfcd2aa6f426d87e6c05a772/tomcat-annotations-api-9.0.26.jar:/Users/dzmitryplatonov/.m2/repository/org/ow2/asm/asm/5.0.4/asm-5.0.4.jar, java.vm.vendor=Oracle Corporation, sun.arch.data.model=64, user.variant=, java.vendor.url=http://java.oracle.com/, user.timezone=Europe/Minsk, os.name=Mac OS X, java.vm.specification.version=11, javax.persistence.validation.mode=AUTO, user.country=BY, sun.java.launcher=SUN_STANDARD, sun.boot.library.path=/Library/Java/JavaVirtualMachines/jdk-11.0.4.jdk/Contents/Home/lib, sun.java.command=worker.org.gradle.process.internal.worker.GradleWorkerMain 'Gradle Test Executor 3', hibernate.transaction.jta.platform=org.hibernate.engine.transaction.jta.platform.internal.NoJtaPlatform@4ea7460e, http.nonProxyHosts=local|*.local|169.254/16|*.169.254/16, javax.persistence.sharedCache.mode=UNSPECIFIED, jdk.debug=release, sun.cpu.endian=little, user.home=/Users/dzmitryplatonov, user.language=ru, java.specification.vendor=Oracle Corporation, org.gradle.native=false, java.version.date=2019-07-16, java.home=/Library/Java/JavaVirtualMachines/jdk-11.0.4.jdk/Contents/Home, file.separator=/, java.vm.compressedOopsMode=Zero based, line.separator=
, java.specification.name=Java Platform API Specification, java.vm.specification.vendor=Oracle Corporation, hibernate.transaction.coordinator_class=class org.hibernate.resource.transaction.backend.jdbc.internal.JdbcResourceLocalTransactionCoordinatorBuilderImpl, java.awt.graphicsenv=sun.awt.CGraphicsEnvironment, hibernate.hbm2ddl.auto=create-drop, sun.management.compiler=HotSpot 64-Bit Tiered Compilers, ftp.nonProxyHosts=local|*.local|169.254/16|*.169.254/16, java.runtime.version=11.0.4+10-LTS, user.name=dzmitryplatonov, path.separator=:, os.version=10.14.6, java.runtime.name=Java(TM) SE Runtime Environment, file.encoding=UTF-8, hibernate.ejb.persistenceUnitName=default, java.vm.name=Java HotSpot(TM) 64-Bit Server VM, java.vendor.version=18.9, java.vendor.url.bug=http://bugreport.java.com/bugreport/, java.io.tmpdir=/var/folders/nm/5f650mms7n577yq7w4kkdfl80000gn/T/, com.zaxxer.hikari.pool_number=1, java.version=11.0.4, hibernate.physical_naming_strategy=org.springframework.boot.orm.jpa.hibernate.SpringPhysicalNamingStrategy, user.dir=/Users/dzmitryplatonov/Desktop/workdir/giftcertificates/datasource, os.arch=x86_64, java.vm.specification.name=Java Virtual Machine Specification, java.awt.printerjob=sun.lwawt.macosx.CPrinterJob, sun.os.patch.level=unknown, hibernate.boot.CfgXmlAccessService.key=org.hibernate.boot.cfgxml.spi.LoadedConfig@2ea5cb20, java.library.path=/Users/dzmitryplatonov/Library/Java/Extensions:/Library/Java/Extensions:/Network/Library/Java/Extensions:/System/Library/Java/Extensions:/usr/lib/java:., java.vendor=Oracle Corporation, java.vm.info=mixed mode, java.vm.version=11.0.4+10-LTS, hibernate.bytecode.use_reflection_optimizer=false, sun.io.unicode.encoding=UnicodeBig, hibernate.connection.datasource=HikariDataSource (HikariPool-18), socksNonProxyHosts=local|*.local|169.254/16|*.169.254/16, java.class.version=55.0}
17:03:35.909 [Test worker] DEBUG org.hibernate.validator.internal.engine.resolver.TraversableResolvers - Found javax.persistence.Persistence on classpath containing 'getPersistenceUtil'. Assuming JPA 2 environment. Trying to instantiate JPA aware TraversableResolver
17:03:35.909 [Test worker] DEBUG org.hibernate.validator.internal.engine.resolver.TraversableResolvers - Instantiated JPA aware TraversableResolver of type org.hibernate.validator.internal.engine.resolver.JPATraversableResolver.
17:03:35.909 [Test worker] DEBUG org.hibernate.validator.internal.xml.config.ValidationXmlParser - Trying to load META-INF/validation.xml for XML based Validator configuration.
17:03:35.909 [Test worker] DEBUG org.hibernate.validator.internal.xml.config.ResourceLoaderHelper - Trying to load META-INF/validation.xml via TCCL
17:03:35.909 [Test worker] DEBUG org.hibernate.validator.internal.xml.config.ResourceLoaderHelper - Trying to load META-INF/validation.xml via Hibernate Validator's class loader
17:03:35.909 [Test worker] DEBUG org.hibernate.validator.internal.xml.config.ValidationXmlParser - No META-INF/validation.xml found. Using annotation based configuration only.
17:03:35.914 [Test worker] DEBUG org.hibernate.validator.messageinterpolation.ResourceBundleMessageInterpolator - Loaded expression factory via original TCCL
17:03:35.914 [Test worker] DEBUG org.hibernate.validator.internal.engine.ValidatorFactoryImpl - HV000234: Using org.hibernate.validator.messageinterpolation.ResourceBundleMessageInterpolator as ValidatorFactory-scoped message interpolator.
17:03:35.914 [Test worker] DEBUG org.hibernate.validator.internal.engine.ValidatorFactoryImpl - HV000234: Using org.hibernate.validator.internal.engine.resolver.JPATraversableResolver as ValidatorFactory-scoped traversable resolver.
17:03:35.914 [Test worker] DEBUG org.hibernate.validator.internal.engine.ValidatorFactoryImpl - HV000234: Using org.hibernate.validator.internal.util.ExecutableParameterNameProvider as ValidatorFactory-scoped parameter name provider.
17:03:35.914 [Test worker] DEBUG org.hibernate.validator.internal.engine.ValidatorFactoryImpl - HV000234: Using org.hibernate.validator.internal.engine.DefaultClockProvider as ValidatorFactory-scoped clock provider.
17:03:35.914 [Test worker] DEBUG org.hibernate.validator.internal.engine.ValidatorFactoryImpl - HV000234: Using org.hibernate.validator.internal.engine.scripting.DefaultScriptEvaluatorFactory as ValidatorFactory-scoped script evaluator factory.
17:03:35.914 [Test worker] DEBUG org.hibernate.boot.internal.ClassLoaderAccessImpl - Not known whether passed class name [com.epam.esm.entity.Order] is safe
17:03:35.914 [Test worker] DEBUG org.hibernate.boot.internal.ClassLoaderAccessImpl - No temp ClassLoader provided; using live ClassLoader for loading potentially unsafe class : com.epam.esm.entity.Order
17:03:35.916 [Test worker] DEBUG org.hibernate.boot.internal.ClassLoaderAccessImpl - Not known whether passed class name [com.epam.esm.entity.GiftCertificate] is safe
17:03:35.916 [Test worker] DEBUG org.hibernate.boot.internal.ClassLoaderAccessImpl - No temp ClassLoader provided; using live ClassLoader for loading potentially unsafe class : com.epam.esm.entity.GiftCertificate
17:03:35.918 [Test worker] DEBUG org.hibernate.boot.internal.ClassLoaderAccessImpl - Not known whether passed class name [com.epam.esm.entity.User] is safe
17:03:35.918 [Test worker] DEBUG org.hibernate.boot.internal.ClassLoaderAccessImpl - No temp ClassLoader provided; using live ClassLoader for loading potentially unsafe class : com.epam.esm.entity.User
17:03:35.920 [Test worker] DEBUG org.hibernate.boot.internal.ClassLoaderAccessImpl - Not known whether passed class name [com.epam.esm.entity.Entity] is safe
17:03:35.920 [Test worker] DEBUG org.hibernate.boot.internal.ClassLoaderAccessImpl - No temp ClassLoader provided; using live ClassLoader for loading potentially unsafe class : com.epam.esm.entity.Entity
17:03:35.920 [Test worker] DEBUG org.hibernate.boot.internal.ClassLoaderAccessImpl - Not known whether passed class name [com.epam.esm.entity.Tag] is safe
17:03:35.920 [Test worker] DEBUG org.hibernate.boot.internal.ClassLoaderAccessImpl - No temp ClassLoader provided; using live ClassLoader for loading potentially unsafe class : com.epam.esm.entity.Tag
17:03:35.921 [Test worker] DEBUG org.hibernate.boot.internal.ClassLoaderAccessImpl - Not known whether passed class name [com.epam.esm.entity.OrderCertificate] is safe
17:03:35.921 [Test worker] DEBUG org.hibernate.boot.internal.ClassLoaderAccessImpl - No temp ClassLoader provided; using live ClassLoader for loading potentially unsafe class : com.epam.esm.entity.OrderCertificate
17:03:35.922 [Test worker] DEBUG org.hibernate.boot.internal.ClassLoaderAccessImpl - Not known whether passed class name [com.epam.esm.entity.Role] is safe
17:03:35.922 [Test worker] DEBUG org.hibernate.boot.internal.ClassLoaderAccessImpl - No temp ClassLoader provided; using live ClassLoader for loading potentially unsafe class : com.epam.esm.entity.Role
17:03:35.923 [Test worker] DEBUG org.hibernate.secure.spi.JaccIntegrator - Skipping JACC integration as it was not enabled
17:03:35.923 [Test worker] DEBUG org.hibernate.internal.SessionFactoryImpl - Instantiated session factory
17:03:35.923 [Test worker] DEBUG org.hibernate.type.spi.TypeConfiguration$Scope - Scoping TypeConfiguration [org.hibernate.type.spi.TypeConfiguration@7bbc3684] to SessionFactoryImpl [org.hibernate.internal.SessionFactoryImpl@37f360c5]
17:03:35.923 [Test worker] DEBUG org.hibernate.boot.internal.ClassLoaderAccessImpl - Not known whether passed class name [com.epam.esm.entity.Order] is safe
17:03:35.923 [Test worker] DEBUG org.hibernate.boot.internal.ClassLoaderAccessImpl - No temp ClassLoader provided; using live ClassLoader for loading potentially unsafe class : com.epam.esm.entity.Order
17:03:35.923 [Test worker] DEBUG org.hibernate.boot.internal.ClassLoaderAccessImpl - Not known whether passed class name [com.epam.esm.entity.Order] is safe
17:03:35.923 [Test worker] DEBUG org.hibernate.boot.internal.ClassLoaderAccessImpl - No temp ClassLoader provided; using live ClassLoader for loading potentially unsafe class : com.epam.esm.entity.Order
17:03:35.929 [Test worker] DEBUG org.hibernate.boot.internal.ClassLoaderAccessImpl - Not known whether passed class name [com.epam.esm.entity.GiftCertificate] is safe
17:03:35.930 [Test worker] DEBUG org.hibernate.boot.internal.ClassLoaderAccessImpl - No temp ClassLoader provided; using live ClassLoader for loading potentially unsafe class : com.epam.esm.entity.GiftCertificate
17:03:35.930 [Test worker] DEBUG org.hibernate.boot.internal.ClassLoaderAccessImpl - Not known whether passed class name [com.epam.esm.entity.GiftCertificate] is safe
17:03:35.930 [Test worker] DEBUG org.hibernate.boot.internal.ClassLoaderAccessImpl - No temp ClassLoader provided; using live ClassLoader for loading potentially unsafe class : com.epam.esm.entity.GiftCertificate
17:03:35.937 [Test worker] DEBUG org.hibernate.boot.internal.ClassLoaderAccessImpl - Not known whether passed class name [com.epam.esm.entity.User] is safe
17:03:35.937 [Test worker] DEBUG org.hibernate.boot.internal.ClassLoaderAccessImpl - No temp ClassLoader provided; using live ClassLoader for loading potentially unsafe class : com.epam.esm.entity.User
17:03:35.937 [Test worker] DEBUG org.hibernate.boot.internal.ClassLoaderAccessImpl - Not known whether passed class name [com.epam.esm.entity.User] is safe
17:03:35.937 [Test worker] DEBUG org.hibernate.boot.internal.ClassLoaderAccessImpl - No temp ClassLoader provided; using live ClassLoader for loading potentially unsafe class : com.epam.esm.entity.User
17:03:35.946 [Test worker] DEBUG org.hibernate.boot.internal.ClassLoaderAccessImpl - Not known whether passed class name [com.epam.esm.entity.Entity] is safe
17:03:35.946 [Test worker] DEBUG org.hibernate.boot.internal.ClassLoaderAccessImpl - No temp ClassLoader provided; using live ClassLoader for loading potentially unsafe class : com.epam.esm.entity.Entity
17:03:35.946 [Test worker] DEBUG org.hibernate.boot.internal.ClassLoaderAccessImpl - Not known whether passed class name [com.epam.esm.entity.Entity] is safe
17:03:35.946 [Test worker] DEBUG org.hibernate.boot.internal.ClassLoaderAccessImpl - No temp ClassLoader provided; using live ClassLoader for loading potentially unsafe class : com.epam.esm.entity.Entity
17:03:35.951 [Test worker] DEBUG org.hibernate.boot.internal.ClassLoaderAccessImpl - Not known whether passed class name [com.epam.esm.entity.Tag] is safe
17:03:35.951 [Test worker] DEBUG org.hibernate.boot.internal.ClassLoaderAccessImpl - No temp ClassLoader provided; using live ClassLoader for loading potentially unsafe class : com.epam.esm.entity.Tag
17:03:35.951 [Test worker] DEBUG org.hibernate.boot.internal.ClassLoaderAccessImpl - Not known whether passed class name [com.epam.esm.entity.Tag] is safe
17:03:35.951 [Test worker] DEBUG org.hibernate.boot.internal.ClassLoaderAccessImpl - No temp ClassLoader provided; using live ClassLoader for loading potentially unsafe class : com.epam.esm.entity.Tag
17:03:35.960 [Test worker] DEBUG org.hibernate.boot.internal.ClassLoaderAccessImpl - Not known whether passed class name [com.epam.esm.entity.OrderCertificate] is safe
17:03:35.960 [Test worker] DEBUG org.hibernate.boot.internal.ClassLoaderAccessImpl - No temp ClassLoader provided; using live ClassLoader for loading potentially unsafe class : com.epam.esm.entity.OrderCertificate
17:03:35.960 [Test worker] DEBUG org.hibernate.boot.internal.ClassLoaderAccessImpl - Not known whether passed class name [com.epam.esm.entity.OrderCertificate] is safe
17:03:35.960 [Test worker] DEBUG org.hibernate.boot.internal.ClassLoaderAccessImpl - No temp ClassLoader provided; using live ClassLoader for loading potentially unsafe class : com.epam.esm.entity.OrderCertificate
17:03:35.967 [Test worker] DEBUG org.hibernate.boot.internal.ClassLoaderAccessImpl - Not known whether passed class name [com.epam.esm.entity.Role] is safe
17:03:35.967 [Test worker] DEBUG org.hibernate.boot.internal.ClassLoaderAccessImpl - No temp ClassLoader provided; using live ClassLoader for loading potentially unsafe class : com.epam.esm.entity.Role
17:03:35.967 [Test worker] DEBUG org.hibernate.boot.internal.ClassLoaderAccessImpl - Not known whether passed class name [com.epam.esm.entity.Role] is safe
17:03:35.967 [Test worker] DEBUG org.hibernate.boot.internal.ClassLoaderAccessImpl - No temp ClassLoader provided; using live ClassLoader for loading potentially unsafe class : com.epam.esm.entity.Role
17:03:35.972 [Test worker] DEBUG org.hibernate.persister.collection.AbstractCollectionPersister - Static SQL for collection: com.epam.esm.entity.GiftCertificate.tags
17:03:35.972 [Test worker] DEBUG org.hibernate.persister.collection.AbstractCollectionPersister -  Row insert: insert into certificate_tag (certificate_id, tag_id) values (?, ?)
17:03:35.972 [Test worker] DEBUG org.hibernate.persister.collection.AbstractCollectionPersister -  Row update: update certificate_tag set tag_id=? where certificate_id=? and tag_id=?
17:03:35.972 [Test worker] DEBUG org.hibernate.persister.collection.AbstractCollectionPersister -  Row delete: delete from certificate_tag where certificate_id=? and tag_id=?
17:03:35.972 [Test worker] DEBUG org.hibernate.persister.collection.AbstractCollectionPersister -  One-shot delete: delete from certificate_tag where certificate_id=?
17:03:35.972 [Test worker] DEBUG org.hibernate.persister.collection.AbstractCollectionPersister - Static SQL for collection: com.epam.esm.entity.Order.orderCertificates
17:03:35.973 [Test worker] DEBUG org.hibernate.persister.collection.AbstractCollectionPersister -  Row insert: update order_certificate set order_id=? where id=?
17:03:35.973 [Test worker] DEBUG org.hibernate.persister.collection.AbstractCollectionPersister -  Row update: update order_certificate set  where id=?
17:03:35.973 [Test worker] DEBUG org.hibernate.persister.collection.AbstractCollectionPersister -  Row delete: update order_certificate set order_id=null where order_id=? and id=?
17:03:35.973 [Test worker] DEBUG org.hibernate.persister.collection.AbstractCollectionPersister -  One-shot delete: update order_certificate set order_id=null where order_id=?
17:03:35.973 [Test worker] DEBUG org.hibernate.persister.collection.AbstractCollectionPersister - Static SQL for collection: com.epam.esm.entity.GiftCertificate.orderCertificates
17:03:35.973 [Test worker] DEBUG org.hibernate.persister.collection.AbstractCollectionPersister -  Row insert: update order_certificate set certificate_id=? where id=?
17:03:35.973 [Test worker] DEBUG org.hibernate.persister.collection.AbstractCollectionPersister -  Row update: update order_certificate set  where id=?
17:03:35.973 [Test worker] DEBUG org.hibernate.persister.collection.AbstractCollectionPersister -  Row delete: update order_certificate set certificate_id=null where certificate_id=? and id=?
17:03:35.973 [Test worker] DEBUG org.hibernate.persister.collection.AbstractCollectionPersister -  One-shot delete: update order_certificate set certificate_id=null where certificate_id=?
17:03:35.973 [HikariPool-18 housekeeper] DEBUG com.zaxxer.hikari.pool.HikariPool - HikariPool-18 - Pool stats (total=1, active=0, idle=1, waiting=0)
17:03:35.973 [Test worker] DEBUG org.hibernate.persister.collection.AbstractCollectionPersister - Static SQL for collection: com.epam.esm.entity.User.orders
17:03:35.973 [Test worker] DEBUG org.hibernate.persister.collection.AbstractCollectionPersister -  Row insert: update application_order set user_id=? where id=?
17:03:35.973 [Test worker] DEBUG org.hibernate.persister.collection.AbstractCollectionPersister -  Row update: update application_order set  where id=?
17:03:35.973 [Test worker] DEBUG org.hibernate.persister.collection.AbstractCollectionPersister -  Row delete: update application_order set user_id=null where user_id=? and id=?
17:03:35.973 [Test worker] DEBUG org.hibernate.persister.collection.AbstractCollectionPersister -  One-shot delete: update application_order set user_id=null where user_id=?
17:03:35.974 [Test worker] DEBUG org.hibernate.persister.entity.AbstractEntityPersister - Static SQL for entity: com.epam.esm.entity.Order
17:03:35.974 [Test worker] DEBUG org.hibernate.persister.entity.AbstractEntityPersister -  Version select: select id from application_order where id =?
17:03:35.974 [Test worker] DEBUG org.hibernate.persister.entity.AbstractEntityPersister -  Snapshot select: select order_.id, order_.active_status as active_s2_0_, order_.created_at as created_3_0_, order_.user_id as user_id4_0_ from application_order order_ where order_.id=?
17:03:35.974 [Test worker] DEBUG org.hibernate.persister.entity.AbstractEntityPersister -  Insert 0: insert into application_order (active_status, created_at, user_id, id) values (?, ?, ?, ?)
17:03:35.974 [Test worker] DEBUG org.hibernate.persister.entity.AbstractEntityPersister -  Update 0: update application_order set active_status=?, created_at=?, user_id=? where id=?
17:03:35.974 [Test worker] DEBUG org.hibernate.persister.entity.AbstractEntityPersister -  Delete 0: delete from application_order where id=?
17:03:35.974 [Test worker] DEBUG org.hibernate.persister.entity.AbstractEntityPersister -  Identity insert: insert into application_order (id, active_status, created_at, user_id) values (null, ?, ?, ?)
17:03:35.974 [Test worker] DEBUG org.hibernate.loader.plan.build.internal.spaces.QuerySpacesImpl - Adding QuerySpace : uid = <gen:0> -> org.hibernate.loader.plan.build.internal.spaces.EntityQuerySpaceImpl@2e28728b]
17:03:35.974 [Test worker] DEBUG org.hibernate.persister.walking.spi.MetamodelGraphWalker - Visiting attribute path : activeStatus
17:03:35.974 [Test worker] DEBUG org.hibernate.persister.walking.spi.MetamodelGraphWalker - Visiting attribute path : createdAt
17:03:35.974 [Test worker] DEBUG org.hibernate.persister.walking.spi.MetamodelGraphWalker - Visiting attribute path : orderCertificates
17:03:35.974 [HikariPool-18 connection adder] DEBUG com.zaxxer.hikari.pool.HikariPool - HikariPool-18 - Added connection conn171: url=jdbc:h2:mem:testdb user=SA
17:03:35.974 [Test worker] DEBUG org.hibernate.loader.plan.build.internal.spaces.QuerySpacesImpl - Adding QuerySpace : uid = <gen:1> -> org.hibernate.loader.plan.build.internal.spaces.CollectionQuerySpaceImpl@798ec690]
17:03:35.974 [Test worker] DEBUG org.hibernate.loader.plan.build.internal.spaces.QuerySpacesImpl - Adding QuerySpace : uid = <gen:2> -> org.hibernate.loader.plan.build.internal.spaces.EntityQuerySpaceImpl@7e7ae82a]
17:03:35.974 [Test worker] DEBUG org.hibernate.persister.walking.spi.MetamodelGraphWalker - Visiting attribute path : user
17:03:35.974 [Test worker] DEBUG org.hibernate.loader.plan.build.internal.spaces.QuerySpacesImpl - Adding QuerySpace : uid = <gen:3> -> org.hibernate.loader.plan.build.internal.spaces.EntityQuerySpaceImpl@132b7144]
17:03:35.974 [Test worker] DEBUG org.hibernate.persister.walking.spi.MetamodelGraphWalker - Visiting attribute path : user.email
17:03:35.974 [Test worker] DEBUG org.hibernate.persister.walking.spi.MetamodelGraphWalker - Visiting attribute path : user.orders
17:03:35.974 [Test worker] DEBUG org.hibernate.persister.walking.spi.MetamodelGraphWalker - Property path deemed to be circular : user.orders
17:03:35.975 [Test worker] DEBUG org.hibernate.persister.walking.spi.MetamodelGraphWalker - Visiting attribute path : user.password
17:03:35.975 [HikariPool-18 connection adder] DEBUG com.zaxxer.hikari.pool.HikariPool - HikariPool-18 - Added connection conn172: url=jdbc:h2:mem:testdb user=SA
17:03:35.975 [Test worker] DEBUG org.hibernate.persister.walking.spi.MetamodelGraphWalker - Visiting attribute path : user.refreshToken
17:03:35.975 [Test worker] DEBUG org.hibernate.persister.walking.spi.MetamodelGraphWalker - Visiting attribute path : user.role
17:03:35.975 [Test worker] DEBUG org.hibernate.loader.plan.build.internal.spaces.QuerySpacesImpl - Adding QuerySpace : uid = <gen:4> -> org.hibernate.loader.plan.build.internal.spaces.EntityQuerySpaceImpl@5827758e]
17:03:35.975 [Test worker] DEBUG org.hibernate.persister.walking.spi.MetamodelGraphWalker - Visiting attribute path : user.role.value
17:03:35.975 [Test worker] DEBUG org.hibernate.loader.plan.build.internal.FetchStyleLoadPlanBuildingAssociationVisitationStrategy - Building LoadPlan...
17:03:35.975 [Test worker] DEBUG org.hibernate.loader.plan.exec.internal.LoadQueryJoinAndFetchProcessor - processing queryspace <gen:0>
17:03:35.975 [HikariPool-18 connection adder] DEBUG com.zaxxer.hikari.pool.HikariPool - HikariPool-18 - Added connection conn173: url=jdbc:h2:mem:testdb user=SA
17:03:35.975 [Test worker] DEBUG org.hibernate.loader.plan.build.spi.LoadPlanTreePrinter - LoadPlan(entity=com.epam.esm.entity.Order)
    - Returns
       - EntityReturnImpl(entity=com.epam.esm.entity.Order, querySpaceUid=<gen:0>, path=com.epam.esm.entity.Order)
          - CollectionAttributeFetchImpl(collection=com.epam.esm.entity.Order.orderCertificates, querySpaceUid=<gen:1>, path=com.epam.esm.entity.Order.orderCertificates)
             - (collection element) CollectionFetchableElementEntityGraph(entity=com.epam.esm.entity.OrderCertificate, querySpaceUid=<gen:2>, path=com.epam.esm.entity.Order.orderCertificates.<elements>)
          - EntityAttributeFetchImpl(entity=com.epam.esm.entity.User, querySpaceUid=<gen:3>, path=com.epam.esm.entity.Order.user)
             - EntityAttributeFetchImpl(entity=com.epam.esm.entity.Role, querySpaceUid=<gen:4>, path=com.epam.esm.entity.Order.user.role)
    - QuerySpaces
       - EntityQuerySpaceImpl(uid=<gen:0>, entity=com.epam.esm.entity.Order)
          - SQL table alias mapping - order0_
          - alias suffix - 0_
          - suffixed key columns - {id1_0_0_}
          - JOIN (JoinDefinedByMetadata(user)) : <gen:0> -> <gen:3>
             - EntityQuerySpaceImpl(uid=<gen:3>, entity=com.epam.esm.entity.User)
                - SQL table alias mapping - user1_
                - alias suffix - 1_
                - suffixed key columns - {id1_2_1_}
                - JOIN (JoinDefinedByMetadata(role)) : <gen:3> -> <gen:4>
                   - EntityQuerySpaceImpl(uid=<gen:4>, entity=com.epam.esm.entity.Role)
                      - SQL table alias mapping - role2_
                      - alias suffix - 2_
                      - suffixed key columns - {id1_1_2_}

17:03:35.975 [HikariPool-18 connection adder] DEBUG com.zaxxer.hikari.pool.HikariPool - HikariPool-18 - Added connection conn174: url=jdbc:h2:mem:testdb user=SA
17:03:35.975 [Test worker] DEBUG org.hibernate.loader.entity.plan.EntityLoader - Static select for entity com.epam.esm.entity.Order [NONE]: select order0_.id as id1_0_0_, order0_.active_status as active_s2_0_0_, order0_.created_at as created_3_0_0_, order0_.user_id as user_id4_0_0_, user1_.id as id1_2_1_, user1_.email as email2_2_1_, user1_.password as password3_2_1_, user1_.refresh_token as refresh_4_2_1_, user1_.role_id as role_id5_2_1_, role2_.id as id1_1_2_, role2_.value as value2_1_2_ from application_order order0_ left outer join application_user user1_ on order0_.user_id=user1_.id left outer join application_role role2_ on user1_.role_id=role2_.id where order0_.id=?
17:03:35.976 [Test worker] DEBUG org.hibernate.loader.plan.build.internal.spaces.QuerySpacesImpl - Adding QuerySpace : uid = <gen:0> -> org.hibernate.loader.plan.build.internal.spaces.EntityQuerySpaceImpl@39dc133b]
17:03:35.976 [Test worker] DEBUG org.hibernate.persister.walking.spi.MetamodelGraphWalker - Visiting attribute path : activeStatus
17:03:35.976 [Test worker] DEBUG org.hibernate.persister.walking.spi.MetamodelGraphWalker - Visiting attribute path : createdAt
17:03:35.976 [Test worker] DEBUG org.hibernate.persister.walking.spi.MetamodelGraphWalker - Visiting attribute path : orderCertificates
17:03:35.976 [Test worker] DEBUG org.hibernate.loader.plan.build.internal.spaces.QuerySpacesImpl - Adding QuerySpace : uid = <gen:1> -> org.hibernate.loader.plan.build.internal.spaces.CollectionQuerySpaceImpl@1978d920]
17:03:35.976 [Test worker] DEBUG org.hibernate.loader.plan.build.internal.spaces.QuerySpacesImpl - Adding QuerySpace : uid = <gen:2> -> org.hibernate.loader.plan.build.internal.spaces.EntityQuerySpaceImpl@477b3a3a]
17:03:35.976 [Test worker] DEBUG org.hibernate.persister.walking.spi.MetamodelGraphWalker - Visiting attribute path : user
17:03:35.976 [Test worker] DEBUG org.hibernate.loader.plan.build.internal.spaces.QuerySpacesImpl - Adding QuerySpace : uid = <gen:3> -> org.hibernate.loader.plan.build.internal.spaces.EntityQuerySpaceImpl@1e67bc25]
17:03:35.976 [Test worker] DEBUG org.hibernate.persister.walking.spi.MetamodelGraphWalker - Visiting attribute path : user.email
17:03:35.976 [Test worker] DEBUG org.hibernate.persister.walking.spi.MetamodelGraphWalker - Visiting attribute path : user.orders
17:03:35.976 [HikariPool-18 connection adder] DEBUG com.zaxxer.hikari.pool.HikariPool - HikariPool-18 - Added connection conn175: url=jdbc:h2:mem:testdb user=SA
17:03:35.976 [Test worker] DEBUG org.hibernate.persister.walking.spi.MetamodelGraphWalker - Property path deemed to be circular : user.orders
17:03:35.976 [Test worker] DEBUG org.hibernate.persister.walking.spi.MetamodelGraphWalker - Visiting attribute path : user.password
17:03:35.976 [Test worker] DEBUG org.hibernate.persister.walking.spi.MetamodelGraphWalker - Visiting attribute path : user.refreshToken
17:03:35.976 [Test worker] DEBUG org.hibernate.persister.walking.spi.MetamodelGraphWalker - Visiting attribute path : user.role
17:03:35.976 [Test worker] DEBUG org.hibernate.loader.plan.build.internal.spaces.QuerySpacesImpl - Adding QuerySpace : uid = <gen:4> -> org.hibernate.loader.plan.build.internal.spaces.EntityQuerySpaceImpl@39a60c20]
17:03:35.976 [Test worker] DEBUG org.hibernate.persister.walking.spi.MetamodelGraphWalker - Visiting attribute path : user.role.value
17:03:35.976 [Test worker] DEBUG org.hibernate.loader.plan.build.internal.FetchStyleLoadPlanBuildingAssociationVisitationStrategy - Building LoadPlan...
17:03:35.976 [HikariPool-18 connection adder] DEBUG com.zaxxer.hikari.pool.HikariPool - HikariPool-18 - Added connection conn176: url=jdbc:h2:mem:testdb user=SA
17:03:35.976 [Test worker] DEBUG org.hibernate.loader.plan.exec.internal.LoadQueryJoinAndFetchProcessor - processing queryspace <gen:0>
17:03:35.977 [HikariPool-18 connection adder] DEBUG com.zaxxer.hikari.pool.HikariPool - HikariPool-18 - Added connection conn177: url=jdbc:h2:mem:testdb user=SA
17:03:35.977 [Test worker] DEBUG org.hibernate.loader.plan.build.spi.LoadPlanTreePrinter - LoadPlan(entity=com.epam.esm.entity.Order)
    - Returns
       - EntityReturnImpl(entity=com.epam.esm.entity.Order, querySpaceUid=<gen:0>, path=com.epam.esm.entity.Order)
          - CollectionAttributeFetchImpl(collection=com.epam.esm.entity.Order.orderCertificates, querySpaceUid=<gen:1>, path=com.epam.esm.entity.Order.orderCertificates)
             - (collection element) CollectionFetchableElementEntityGraph(entity=com.epam.esm.entity.OrderCertificate, querySpaceUid=<gen:2>, path=com.epam.esm.entity.Order.orderCertificates.<elements>)
          - EntityAttributeFetchImpl(entity=com.epam.esm.entity.User, querySpaceUid=<gen:3>, path=com.epam.esm.entity.Order.user)
             - EntityAttributeFetchImpl(entity=com.epam.esm.entity.Role, querySpaceUid=<gen:4>, path=com.epam.esm.entity.Order.user.role)
    - QuerySpaces
       - EntityQuerySpaceImpl(uid=<gen:0>, entity=com.epam.esm.entity.Order)
          - SQL table alias mapping - order0_
          - alias suffix - 0_
          - suffixed key columns - {id1_0_0_}
          - JOIN (JoinDefinedByMetadata(user)) : <gen:0> -> <gen:3>
             - EntityQuerySpaceImpl(uid=<gen:3>, entity=com.epam.esm.entity.User)
                - SQL table alias mapping - user1_
                - alias suffix - 1_
                - suffixed key columns - {id1_2_1_}
                - JOIN (JoinDefinedByMetadata(role)) : <gen:3> -> <gen:4>
                   - EntityQuerySpaceImpl(uid=<gen:4>, entity=com.epam.esm.entity.Role)
                      - SQL table alias mapping - role2_
                      - alias suffix - 2_
                      - suffixed key columns - {id1_1_2_}

17:03:35.977 [HikariPool-18 connection adder] DEBUG com.zaxxer.hikari.pool.HikariPool - HikariPool-18 - Added connection conn178: url=jdbc:h2:mem:testdb user=SA
17:03:35.977 [Test worker] DEBUG org.hibernate.loader.entity.plan.EntityLoader - Static select for entity com.epam.esm.entity.Order [READ]: select order0_.id as id1_0_0_, order0_.active_status as active_s2_0_0_, order0_.created_at as created_3_0_0_, order0_.user_id as user_id4_0_0_, user1_.id as id1_2_1_, user1_.email as email2_2_1_, user1_.password as password3_2_1_, user1_.refresh_token as refresh_4_2_1_, user1_.role_id as role_id5_2_1_, role2_.id as id1_1_2_, role2_.value as value2_1_2_ from application_order order0_ left outer join application_user user1_ on order0_.user_id=user1_.id left outer join application_role role2_ on user1_.role_id=role2_.id where order0_.id=?
17:03:35.977 [HikariPool-18 connection adder] DEBUG com.zaxxer.hikari.pool.HikariPool - HikariPool-18 - Added connection conn179: url=jdbc:h2:mem:testdb user=SA
17:03:35.977 [Test worker] DEBUG org.hibernate.loader.Loader - Static select for action ACTION_MERGE on entity com.epam.esm.entity.Order: select order0_.id as id1_0_0_, order0_.active_status as active_s2_0_0_, order0_.created_at as created_3_0_0_, order0_.user_id as user_id4_0_0_ from application_order order0_ where order0_.id=?
17:03:35.977 [HikariPool-18 connection adder] DEBUG com.zaxxer.hikari.pool.HikariPool - HikariPool-18 - After adding stats (total=10, active=0, idle=10, waiting=0)
17:03:35.977 [Test worker] DEBUG org.hibernate.loader.Loader - Static select for action ACTION_REFRESH on entity com.epam.esm.entity.Order: select order0_.id as id1_0_0_, order0_.active_status as active_s2_0_0_, order0_.created_at as created_3_0_0_, order0_.user_id as user_id4_0_0_ from application_order order0_ where order0_.id=?
17:03:35.978 [Test worker] DEBUG org.hibernate.persister.entity.AbstractEntityPersister - Static SQL for entity: com.epam.esm.entity.GiftCertificate
17:03:35.978 [Test worker] DEBUG org.hibernate.persister.entity.AbstractEntityPersister -  Version select: select id from certificate where id =?
17:03:35.978 [Test worker] DEBUG org.hibernate.persister.entity.AbstractEntityPersister -  Snapshot select: select giftcertif_.id, giftcertif_.active_status as active_s2_3_, giftcertif_.creation_date as creation3_3_, giftcertif_.description as descript4_3_, giftcertif_.expiration_date as expirati5_3_, giftcertif_.modification_date as modifica6_3_, giftcertif_.name as name7_3_, giftcertif_.price as price8_3_ from certificate giftcertif_ where giftcertif_.id=?
17:03:35.978 [Test worker] DEBUG org.hibernate.persister.entity.AbstractEntityPersister -  Insert 0: insert into certificate (active_status, creation_date, description, expiration_date, modification_date, name, price, id) values (?, ?, ?, ?, ?, ?, ?, ?)
17:03:35.978 [Test worker] DEBUG org.hibernate.persister.entity.AbstractEntityPersister -  Update 0: update certificate set active_status=?, creation_date=?, description=?, expiration_date=?, modification_date=?, name=?, price=? where id=?
17:03:35.978 [Test worker] DEBUG org.hibernate.persister.entity.AbstractEntityPersister -  Delete 0: delete from certificate where id=?
17:03:35.978 [Test worker] DEBUG org.hibernate.persister.entity.AbstractEntityPersister -  Identity insert: insert into certificate (id, active_status, creation_date, description, expiration_date, modification_date, name, price) values (null, ?, ?, ?, ?, ?, ?, ?)
17:03:35.978 [Test worker] DEBUG org.hibernate.loader.plan.build.internal.spaces.QuerySpacesImpl - Adding QuerySpace : uid = <gen:0> -> org.hibernate.loader.plan.build.internal.spaces.EntityQuerySpaceImpl@4374d87]
17:03:35.978 [Test worker] DEBUG org.hibernate.persister.walking.spi.MetamodelGraphWalker - Visiting attribute path : activeStatus
17:03:35.978 [Test worker] DEBUG org.hibernate.persister.walking.spi.MetamodelGraphWalker - Visiting attribute path : creationDate
17:03:35.978 [Test worker] DEBUG org.hibernate.persister.walking.spi.MetamodelGraphWalker - Visiting attribute path : description
17:03:35.978 [Test worker] DEBUG org.hibernate.persister.walking.spi.MetamodelGraphWalker - Visiting attribute path : expirationDate
17:03:35.978 [Test worker] DEBUG org.hibernate.persister.walking.spi.MetamodelGraphWalker - Visiting attribute path : modificationDate
17:03:35.978 [Test worker] DEBUG org.hibernate.persister.walking.spi.MetamodelGraphWalker - Visiting attribute path : name
17:03:35.978 [Test worker] DEBUG org.hibernate.persister.walking.spi.MetamodelGraphWalker - Visiting attribute path : orderCertificates
17:03:35.978 [Test worker] DEBUG org.hibernate.loader.plan.build.internal.spaces.QuerySpacesImpl - Adding QuerySpace : uid = <gen:1> -> org.hibernate.loader.plan.build.internal.spaces.CollectionQuerySpaceImpl@2854e2e6]
17:03:35.978 [Test worker] DEBUG org.hibernate.loader.plan.build.internal.spaces.QuerySpacesImpl - Adding QuerySpace : uid = <gen:2> -> org.hibernate.loader.plan.build.internal.spaces.EntityQuerySpaceImpl@1dadd053]
17:03:35.978 [Test worker] DEBUG org.hibernate.persister.walking.spi.MetamodelGraphWalker - Visiting attribute path : price
17:03:35.978 [Test worker] DEBUG org.hibernate.persister.walking.spi.MetamodelGraphWalker - Visiting attribute path : tags
17:03:35.978 [Test worker] DEBUG org.hibernate.loader.plan.build.internal.spaces.QuerySpacesImpl - Adding QuerySpace : uid = <gen:3> -> org.hibernate.loader.plan.build.internal.spaces.CollectionQuerySpaceImpl@2348ed14]
17:03:35.978 [Test worker] DEBUG org.hibernate.loader.plan.build.internal.spaces.QuerySpacesImpl - Adding QuerySpace : uid = <gen:4> -> org.hibernate.loader.plan.build.internal.spaces.EntityQuerySpaceImpl@53cd69e1]
17:03:35.978 [Test worker] DEBUG org.hibernate.loader.plan.build.internal.FetchStyleLoadPlanBuildingAssociationVisitationStrategy - Building LoadPlan...
17:03:35.979 [Test worker] DEBUG org.hibernate.loader.plan.exec.internal.LoadQueryJoinAndFetchProcessor - processing queryspace <gen:0>
17:03:35.979 [Test worker] DEBUG org.hibernate.loader.plan.build.spi.LoadPlanTreePrinter - LoadPlan(entity=com.epam.esm.entity.GiftCertificate)
    - Returns
       - EntityReturnImpl(entity=com.epam.esm.entity.GiftCertificate, querySpaceUid=<gen:0>, path=com.epam.esm.entity.GiftCertificate)
          - CollectionAttributeFetchImpl(collection=com.epam.esm.entity.GiftCertificate.orderCertificates, querySpaceUid=<gen:1>, path=com.epam.esm.entity.GiftCertificate.orderCertificates)
             - (collection element) CollectionFetchableElementEntityGraph(entity=com.epam.esm.entity.OrderCertificate, querySpaceUid=<gen:2>, path=com.epam.esm.entity.GiftCertificate.orderCertificates.<elements>)
          - CollectionAttributeFetchImpl(collection=com.epam.esm.entity.GiftCertificate.tags, querySpaceUid=<gen:3>, path=com.epam.esm.entity.GiftCertificate.tags)
             - (collection element) CollectionFetchableElementEntityGraph(entity=com.epam.esm.entity.Tag, querySpaceUid=<gen:4>, path=com.epam.esm.entity.GiftCertificate.tags.<elements>)
    - QuerySpaces
       - EntityQuerySpaceImpl(uid=<gen:0>, entity=com.epam.esm.entity.GiftCertificate)
          - SQL table alias mapping - giftcertif0_
          - alias suffix - 0_
          - suffixed key columns - {id1_3_0_}

17:03:35.979 [Test worker] DEBUG org.hibernate.loader.entity.plan.EntityLoader - Static select for entity com.epam.esm.entity.GiftCertificate [NONE]: select giftcertif0_.id as id1_3_0_, giftcertif0_.active_status as active_s2_3_0_, giftcertif0_.creation_date as creation3_3_0_, giftcertif0_.description as descript4_3_0_, giftcertif0_.expiration_date as expirati5_3_0_, giftcertif0_.modification_date as modifica6_3_0_, giftcertif0_.name as name7_3_0_, giftcertif0_.price as price8_3_0_ from certificate giftcertif0_ where giftcertif0_.id=?
17:03:35.979 [Test worker] DEBUG org.hibernate.loader.plan.build.internal.spaces.QuerySpacesImpl - Adding QuerySpace : uid = <gen:0> -> org.hibernate.loader.plan.build.internal.spaces.EntityQuerySpaceImpl@5c01f2ac]
17:03:35.979 [Test worker] DEBUG org.hibernate.persister.walking.spi.MetamodelGraphWalker - Visiting attribute path : activeStatus
17:03:35.979 [Test worker] DEBUG org.hibernate.persister.walking.spi.MetamodelGraphWalker - Visiting attribute path : creationDate
17:03:35.979 [Test worker] DEBUG org.hibernate.persister.walking.spi.MetamodelGraphWalker - Visiting attribute path : description
17:03:35.979 [Test worker] DEBUG org.hibernate.persister.walking.spi.MetamodelGraphWalker - Visiting attribute path : expirationDate
17:03:35.979 [Test worker] DEBUG org.hibernate.persister.walking.spi.MetamodelGraphWalker - Visiting attribute path : modificationDate
17:03:35.979 [Test worker] DEBUG org.hibernate.persister.walking.spi.MetamodelGraphWalker - Visiting attribute path : name
17:03:35.979 [Test worker] DEBUG org.hibernate.persister.walking.spi.MetamodelGraphWalker - Visiting attribute path : orderCertificates
17:03:35.979 [Test worker] DEBUG org.hibernate.loader.plan.build.internal.spaces.QuerySpacesImpl - Adding QuerySpace : uid = <gen:1> -> org.hibernate.loader.plan.build.internal.spaces.CollectionQuerySpaceImpl@4b99e695]
17:03:35.979 [Test worker] DEBUG org.hibernate.loader.plan.build.internal.spaces.QuerySpacesImpl - Adding QuerySpace : uid = <gen:2> -> org.hibernate.loader.plan.build.internal.spaces.EntityQuerySpaceImpl@73230c66]
17:03:35.979 [Test worker] DEBUG org.hibernate.persister.walking.spi.MetamodelGraphWalker - Visiting attribute path : price
17:03:35.979 [Test worker] DEBUG org.hibernate.persister.walking.spi.MetamodelGraphWalker - Visiting attribute path : tags
17:03:35.979 [Test worker] DEBUG org.hibernate.loader.plan.build.internal.spaces.QuerySpacesImpl - Adding QuerySpace : uid = <gen:3> -> org.hibernate.loader.plan.build.internal.spaces.CollectionQuerySpaceImpl@2064043c]
17:03:35.979 [Test worker] DEBUG org.hibernate.loader.plan.build.internal.spaces.QuerySpacesImpl - Adding QuerySpace : uid = <gen:4> -> org.hibernate.loader.plan.build.internal.spaces.EntityQuerySpaceImpl@630b8a31]
17:03:35.979 [Test worker] DEBUG org.hibernate.loader.plan.build.internal.FetchStyleLoadPlanBuildingAssociationVisitationStrategy - Building LoadPlan...
17:03:35.980 [Test worker] DEBUG org.hibernate.loader.plan.exec.internal.LoadQueryJoinAndFetchProcessor - processing queryspace <gen:0>
17:03:35.980 [Test worker] DEBUG org.hibernate.loader.plan.build.spi.LoadPlanTreePrinter - LoadPlan(entity=com.epam.esm.entity.GiftCertificate)
    - Returns
       - EntityReturnImpl(entity=com.epam.esm.entity.GiftCertificate, querySpaceUid=<gen:0>, path=com.epam.esm.entity.GiftCertificate)
          - CollectionAttributeFetchImpl(collection=com.epam.esm.entity.GiftCertificate.orderCertificates, querySpaceUid=<gen:1>, path=com.epam.esm.entity.GiftCertificate.orderCertificates)
             - (collection element) CollectionFetchableElementEntityGraph(entity=com.epam.esm.entity.OrderCertificate, querySpaceUid=<gen:2>, path=com.epam.esm.entity.GiftCertificate.orderCertificates.<elements>)
          - CollectionAttributeFetchImpl(collection=com.epam.esm.entity.GiftCertificate.tags, querySpaceUid=<gen:3>, path=com.epam.esm.entity.GiftCertificate.tags)
             - (collection element) CollectionFetchableElementEntityGraph(entity=com.epam.esm.entity.Tag, querySpaceUid=<gen:4>, path=com.epam.esm.entity.GiftCertificate.tags.<elements>)
    - QuerySpaces
       - EntityQuerySpaceImpl(uid=<gen:0>, entity=com.epam.esm.entity.GiftCertificate)
          - SQL table alias mapping - giftcertif0_
          - alias suffix - 0_
          - suffixed key columns - {id1_3_0_}

17:03:35.980 [Test worker] DEBUG org.hibernate.loader.entity.plan.EntityLoader - Static select for entity com.epam.esm.entity.GiftCertificate [READ]: select giftcertif0_.id as id1_3_0_, giftcertif0_.active_status as active_s2_3_0_, giftcertif0_.creation_date as creation3_3_0_, giftcertif0_.description as descript4_3_0_, giftcertif0_.expiration_date as expirati5_3_0_, giftcertif0_.modification_date as modifica6_3_0_, giftcertif0_.name as name7_3_0_, giftcertif0_.price as price8_3_0_ from certificate giftcertif0_ where giftcertif0_.id=?
17:03:35.980 [Test worker] DEBUG org.hibernate.loader.Loader - Static select for action ACTION_MERGE on entity com.epam.esm.entity.GiftCertificate: select giftcertif0_.id as id1_3_2_, giftcertif0_.active_status as active_s2_3_2_, giftcertif0_.creation_date as creation3_3_2_, giftcertif0_.description as descript4_3_2_, giftcertif0_.expiration_date as expirati5_3_2_, giftcertif0_.modification_date as modifica6_3_2_, giftcertif0_.name as name7_3_2_, giftcertif0_.price as price8_3_2_, ordercerti1_.certificate_id as certific4_6_4_, ordercerti1_.id as id1_6_4_, ordercerti1_.id as id1_6_0_, ordercerti1_.certificate_id as certific4_6_0_, ordercerti1_.expiration_date as expirati2_6_0_, ordercerti1_.fixed_price as fixed_pr3_6_0_, ordercerti1_.order_id as order_id5_6_0_, order2_.id as id1_0_1_, order2_.active_status as active_s2_0_1_, order2_.created_at as created_3_0_1_, order2_.user_id as user_id4_0_1_ from certificate giftcertif0_ left outer join order_certificate ordercerti1_ on giftcertif0_.id=ordercerti1_.certificate_id left outer join application_order order2_ on ordercerti1_.order_id=order2_.id where giftcertif0_.id=?
17:03:35.981 [Test worker] DEBUG org.hibernate.loader.Loader - Static select for action ACTION_REFRESH on entity com.epam.esm.entity.GiftCertificate: select giftcertif0_.id as id1_3_2_, giftcertif0_.active_status as active_s2_3_2_, giftcertif0_.creation_date as creation3_3_2_, giftcertif0_.description as descript4_3_2_, giftcertif0_.expiration_date as expirati5_3_2_, giftcertif0_.modification_date as modifica6_3_2_, giftcertif0_.name as name7_3_2_, giftcertif0_.price as price8_3_2_, ordercerti1_.certificate_id as certific4_6_4_, ordercerti1_.id as id1_6_4_, ordercerti1_.id as id1_6_0_, ordercerti1_.certificate_id as certific4_6_0_, ordercerti1_.expiration_date as expirati2_6_0_, ordercerti1_.fixed_price as fixed_pr3_6_0_, ordercerti1_.order_id as order_id5_6_0_, order2_.id as id1_0_1_, order2_.active_status as active_s2_0_1_, order2_.created_at as created_3_0_1_, order2_.user_id as user_id4_0_1_ from certificate giftcertif0_ left outer join order_certificate ordercerti1_ on giftcertif0_.id=ordercerti1_.certificate_id left outer join application_order order2_ on ordercerti1_.order_id=order2_.id where giftcertif0_.id=?
17:03:35.981 [Test worker] DEBUG org.hibernate.persister.entity.AbstractEntityPersister - Static SQL for entity: com.epam.esm.entity.User
17:03:35.981 [Test worker] DEBUG org.hibernate.persister.entity.AbstractEntityPersister -  Version select: select id from application_user where id =?
17:03:35.981 [Test worker] DEBUG org.hibernate.persister.entity.AbstractEntityPersister -  Snapshot select: select user_.id, user_.email as email2_2_, user_.password as password3_2_, user_.refresh_token as refresh_4_2_, user_.role_id as role_id5_2_ from application_user user_ where user_.id=?
17:03:35.981 [Test worker] DEBUG org.hibernate.persister.entity.AbstractEntityPersister -  Insert 0: insert into application_user (email, password, refresh_token, role_id, id) values (?, ?, ?, ?, ?)
17:03:35.981 [Test worker] DEBUG org.hibernate.persister.entity.AbstractEntityPersister -  Update 0: update application_user set email=?, password=?, refresh_token=?, role_id=? where id=?
17:03:35.981 [Test worker] DEBUG org.hibernate.persister.entity.AbstractEntityPersister -  Delete 0: delete from application_user where id=?
17:03:35.981 [Test worker] DEBUG org.hibernate.persister.entity.AbstractEntityPersister -  Identity insert: insert into application_user (id, email, password, refresh_token, role_id) values (null, ?, ?, ?, ?)
17:03:35.981 [Test worker] DEBUG org.hibernate.loader.plan.build.internal.spaces.QuerySpacesImpl - Adding QuerySpace : uid = <gen:0> -> org.hibernate.loader.plan.build.internal.spaces.EntityQuerySpaceImpl@6722658b]
17:03:35.981 [Test worker] DEBUG org.hibernate.persister.walking.spi.MetamodelGraphWalker - Visiting attribute path : email
17:03:35.981 [Test worker] DEBUG org.hibernate.persister.walking.spi.MetamodelGraphWalker - Visiting attribute path : orders
17:03:35.981 [Test worker] DEBUG org.hibernate.loader.plan.build.internal.spaces.QuerySpacesImpl - Adding QuerySpace : uid = <gen:1> -> org.hibernate.loader.plan.build.internal.spaces.CollectionQuerySpaceImpl@cccb56c]
17:03:35.981 [Test worker] DEBUG org.hibernate.loader.plan.build.internal.spaces.QuerySpacesImpl - Adding QuerySpace : uid = <gen:2> -> org.hibernate.loader.plan.build.internal.spaces.EntityQuerySpaceImpl@33a9ecc6]
17:03:35.981 [Test worker] DEBUG org.hibernate.persister.walking.spi.MetamodelGraphWalker - Visiting attribute path : password
17:03:35.981 [Test worker] DEBUG org.hibernate.persister.walking.spi.MetamodelGraphWalker - Visiting attribute path : refreshToken
17:03:35.981 [Test worker] DEBUG org.hibernate.persister.walking.spi.MetamodelGraphWalker - Visiting attribute path : role
17:03:35.981 [Test worker] DEBUG org.hibernate.loader.plan.build.internal.spaces.QuerySpacesImpl - Adding QuerySpace : uid = <gen:3> -> org.hibernate.loader.plan.build.internal.spaces.EntityQuerySpaceImpl@4753d905]
17:03:35.981 [Test worker] DEBUG org.hibernate.persister.walking.spi.MetamodelGraphWalker - Visiting attribute path : role.value
17:03:35.981 [Test worker] DEBUG org.hibernate.loader.plan.build.internal.FetchStyleLoadPlanBuildingAssociationVisitationStrategy - Building LoadPlan...
17:03:35.981 [Test worker] DEBUG org.hibernate.loader.plan.exec.internal.LoadQueryJoinAndFetchProcessor - processing queryspace <gen:0>
17:03:35.982 [Test worker] DEBUG org.hibernate.loader.plan.build.spi.LoadPlanTreePrinter - LoadPlan(entity=com.epam.esm.entity.User)
    - Returns
       - EntityReturnImpl(entity=com.epam.esm.entity.User, querySpaceUid=<gen:0>, path=com.epam.esm.entity.User)
          - CollectionAttributeFetchImpl(collection=com.epam.esm.entity.User.orders, querySpaceUid=<gen:1>, path=com.epam.esm.entity.User.orders)
             - (collection element) CollectionFetchableElementEntityGraph(entity=com.epam.esm.entity.Order, querySpaceUid=<gen:2>, path=com.epam.esm.entity.User.orders.<elements>)
          - EntityAttributeFetchImpl(entity=com.epam.esm.entity.Role, querySpaceUid=<gen:3>, path=com.epam.esm.entity.User.role)
    - QuerySpaces
       - EntityQuerySpaceImpl(uid=<gen:0>, entity=com.epam.esm.entity.User)
          - SQL table alias mapping - user0_
          - alias suffix - 0_
          - suffixed key columns - {id1_2_0_}
          - JOIN (JoinDefinedByMetadata(role)) : <gen:0> -> <gen:3>
             - EntityQuerySpaceImpl(uid=<gen:3>, entity=com.epam.esm.entity.Role)
                - SQL table alias mapping - role1_
                - alias suffix - 1_
                - suffixed key columns - {id1_1_1_}

17:03:35.982 [Test worker] DEBUG org.hibernate.loader.entity.plan.EntityLoader - Static select for entity com.epam.esm.entity.User [NONE]: select user0_.id as id1_2_0_, user0_.email as email2_2_0_, user0_.password as password3_2_0_, user0_.refresh_token as refresh_4_2_0_, user0_.role_id as role_id5_2_0_, role1_.id as id1_1_1_, role1_.value as value2_1_1_ from application_user user0_ left outer join application_role role1_ on user0_.role_id=role1_.id where user0_.id=?
17:03:35.982 [Test worker] DEBUG org.hibernate.loader.plan.build.internal.spaces.QuerySpacesImpl - Adding QuerySpace : uid = <gen:0> -> org.hibernate.loader.plan.build.internal.spaces.EntityQuerySpaceImpl@6ab9feb8]
17:03:35.982 [Test worker] DEBUG org.hibernate.persister.walking.spi.MetamodelGraphWalker - Visiting attribute path : email
17:03:35.982 [Test worker] DEBUG org.hibernate.persister.walking.spi.MetamodelGraphWalker - Visiting attribute path : orders
17:03:35.982 [Test worker] DEBUG org.hibernate.loader.plan.build.internal.spaces.QuerySpacesImpl - Adding QuerySpace : uid = <gen:1> -> org.hibernate.loader.plan.build.internal.spaces.CollectionQuerySpaceImpl@4fc888c0]
17:03:35.982 [Test worker] DEBUG org.hibernate.loader.plan.build.internal.spaces.QuerySpacesImpl - Adding QuerySpace : uid = <gen:2> -> org.hibernate.loader.plan.build.internal.spaces.EntityQuerySpaceImpl@76a5a1ba]
17:03:35.982 [Test worker] DEBUG org.hibernate.persister.walking.spi.MetamodelGraphWalker - Visiting attribute path : password
17:03:35.982 [Test worker] DEBUG org.hibernate.persister.walking.spi.MetamodelGraphWalker - Visiting attribute path : refreshToken
17:03:35.982 [Test worker] DEBUG org.hibernate.persister.walking.spi.MetamodelGraphWalker - Visiting attribute path : role
17:03:35.982 [Test worker] DEBUG org.hibernate.loader.plan.build.internal.spaces.QuerySpacesImpl - Adding QuerySpace : uid = <gen:3> -> org.hibernate.loader.plan.build.internal.spaces.EntityQuerySpaceImpl@534ccde8]
17:03:35.982 [Test worker] DEBUG org.hibernate.persister.walking.spi.MetamodelGraphWalker - Visiting attribute path : role.value
17:03:35.982 [Test worker] DEBUG org.hibernate.loader.plan.build.internal.FetchStyleLoadPlanBuildingAssociationVisitationStrategy - Building LoadPlan...
17:03:35.982 [Test worker] DEBUG org.hibernate.loader.plan.exec.internal.LoadQueryJoinAndFetchProcessor - processing queryspace <gen:0>
17:03:35.983 [Test worker] DEBUG org.hibernate.loader.plan.build.spi.LoadPlanTreePrinter - LoadPlan(entity=com.epam.esm.entity.User)
    - Returns
       - EntityReturnImpl(entity=com.epam.esm.entity.User, querySpaceUid=<gen:0>, path=com.epam.esm.entity.User)
          - CollectionAttributeFetchImpl(collection=com.epam.esm.entity.User.orders, querySpaceUid=<gen:1>, path=com.epam.esm.entity.User.orders)
             - (collection element) CollectionFetchableElementEntityGraph(entity=com.epam.esm.entity.Order, querySpaceUid=<gen:2>, path=com.epam.esm.entity.User.orders.<elements>)
          - EntityAttributeFetchImpl(entity=com.epam.esm.entity.Role, querySpaceUid=<gen:3>, path=com.epam.esm.entity.User.role)
    - QuerySpaces
       - EntityQuerySpaceImpl(uid=<gen:0>, entity=com.epam.esm.entity.User)
          - SQL table alias mapping - user0_
          - alias suffix - 0_
          - suffixed key columns - {id1_2_0_}
          - JOIN (JoinDefinedByMetadata(role)) : <gen:0> -> <gen:3>
             - EntityQuerySpaceImpl(uid=<gen:3>, entity=com.epam.esm.entity.Role)
                - SQL table alias mapping - role1_
                - alias suffix - 1_
                - suffixed key columns - {id1_1_1_}

17:03:35.983 [Test worker] DEBUG org.hibernate.loader.entity.plan.EntityLoader - Static select for entity com.epam.esm.entity.User [READ]: select user0_.id as id1_2_0_, user0_.email as email2_2_0_, user0_.password as password3_2_0_, user0_.refresh_token as refresh_4_2_0_, user0_.role_id as role_id5_2_0_, role1_.id as id1_1_1_, role1_.value as value2_1_1_ from application_user user0_ left outer join application_role role1_ on user0_.role_id=role1_.id where user0_.id=?
17:03:35.983 [Test worker] DEBUG org.hibernate.loader.Loader - Static select for action ACTION_MERGE on entity com.epam.esm.entity.User: select user0_.id as id1_2_0_, user0_.email as email2_2_0_, user0_.password as password3_2_0_, user0_.refresh_token as refresh_4_2_0_, user0_.role_id as role_id5_2_0_ from application_user user0_ where user0_.id=?
17:03:35.983 [Test worker] DEBUG org.hibernate.loader.Loader - Static select for action ACTION_REFRESH on entity com.epam.esm.entity.User: select user0_.id as id1_2_0_, user0_.email as email2_2_0_, user0_.password as password3_2_0_, user0_.refresh_token as refresh_4_2_0_, user0_.role_id as role_id5_2_0_ from application_user user0_ where user0_.id=?
17:03:35.983 [Test worker] DEBUG org.hibernate.persister.entity.AbstractEntityPersister - Static SQL for entity: com.epam.esm.entity.Entity
17:03:35.983 [Test worker] DEBUG org.hibernate.persister.entity.AbstractEntityPersister -  Version select: select id from entity where id =?
17:03:35.983 [Test worker] DEBUG org.hibernate.persister.entity.AbstractEntityPersister -  Snapshot select: select entity_.id from entity entity_ where entity_.id=?
17:03:35.983 [Test worker] DEBUG org.hibernate.persister.entity.AbstractEntityPersister -  Insert 0: insert into entity (id) values (?)
17:03:35.983 [Test worker] DEBUG org.hibernate.persister.entity.AbstractEntityPersister -  Update 0: null
17:03:35.983 [Test worker] DEBUG org.hibernate.persister.entity.AbstractEntityPersister -  Delete 0: delete from entity where id=?
17:03:35.983 [Test worker] DEBUG org.hibernate.persister.entity.AbstractEntityPersister -  Identity insert: insert into entity (id) values (null)
17:03:35.983 [Test worker] DEBUG org.hibernate.loader.plan.build.internal.spaces.QuerySpacesImpl - Adding QuerySpace : uid = <gen:0> -> org.hibernate.loader.plan.build.internal.spaces.EntityQuerySpaceImpl@19858634]
17:03:35.984 [Test worker] DEBUG org.hibernate.loader.plan.build.internal.FetchStyleLoadPlanBuildingAssociationVisitationStrategy - Building LoadPlan...
17:03:35.984 [Test worker] DEBUG org.hibernate.loader.plan.exec.internal.LoadQueryJoinAndFetchProcessor - processing queryspace <gen:0>
17:03:35.984 [Test worker] DEBUG org.hibernate.loader.plan.build.spi.LoadPlanTreePrinter - LoadPlan(entity=com.epam.esm.entity.Entity)
    - Returns
       - EntityReturnImpl(entity=com.epam.esm.entity.Entity, querySpaceUid=<gen:0>, path=com.epam.esm.entity.Entity)
    - QuerySpaces
       - EntityQuerySpaceImpl(uid=<gen:0>, entity=com.epam.esm.entity.Entity)
          - SQL table alias mapping - entity0_
          - alias suffix - 0_
          - suffixed key columns - {id1_5_0_}

17:03:35.984 [Test worker] DEBUG org.hibernate.loader.entity.plan.EntityLoader - Static select for entity com.epam.esm.entity.Entity [NONE]: select entity0_.id as id1_5_0_ from entity entity0_ where entity0_.id=?
17:03:35.984 [Test worker] DEBUG org.hibernate.loader.plan.build.internal.spaces.QuerySpacesImpl - Adding QuerySpace : uid = <gen:0> -> org.hibernate.loader.plan.build.internal.spaces.EntityQuerySpaceImpl@77e0eaf4]
17:03:35.984 [Test worker] DEBUG org.hibernate.loader.plan.build.internal.FetchStyleLoadPlanBuildingAssociationVisitationStrategy - Building LoadPlan...
17:03:35.984 [Test worker] DEBUG org.hibernate.loader.plan.exec.internal.LoadQueryJoinAndFetchProcessor - processing queryspace <gen:0>
17:03:35.984 [Test worker] DEBUG org.hibernate.loader.plan.build.spi.LoadPlanTreePrinter - LoadPlan(entity=com.epam.esm.entity.Entity)
    - Returns
       - EntityReturnImpl(entity=com.epam.esm.entity.Entity, querySpaceUid=<gen:0>, path=com.epam.esm.entity.Entity)
    - QuerySpaces
       - EntityQuerySpaceImpl(uid=<gen:0>, entity=com.epam.esm.entity.Entity)
          - SQL table alias mapping - entity0_
          - alias suffix - 0_
          - suffixed key columns - {id1_5_0_}

17:03:35.984 [Test worker] DEBUG org.hibernate.loader.entity.plan.EntityLoader - Static select for entity com.epam.esm.entity.Entity [READ]: select entity0_.id as id1_5_0_ from entity entity0_ where entity0_.id=?
17:03:35.984 [Test worker] DEBUG org.hibernate.loader.Loader - Static select for action ACTION_MERGE on entity com.epam.esm.entity.Entity: select entity0_.id as id1_5_0_ from entity entity0_ where entity0_.id=?
17:03:35.984 [Test worker] DEBUG org.hibernate.loader.Loader - Static select for action ACTION_REFRESH on entity com.epam.esm.entity.Entity: select entity0_.id as id1_5_0_ from entity entity0_ where entity0_.id=?
17:03:35.985 [Test worker] DEBUG org.hibernate.persister.entity.AbstractEntityPersister - Static SQL for entity: com.epam.esm.entity.Tag
17:03:35.985 [Test worker] DEBUG org.hibernate.persister.entity.AbstractEntityPersister -  Version select: select id from tag where id =?
17:03:35.985 [Test worker] DEBUG org.hibernate.persister.entity.AbstractEntityPersister -  Snapshot select: select tag_.id from tag tag_ where tag_.id=?
17:03:35.985 [Test worker] DEBUG org.hibernate.persister.entity.AbstractEntityPersister -  Insert 0: insert into tag (title, id) values (?, ?)
17:03:35.985 [Test worker] DEBUG org.hibernate.persister.entity.AbstractEntityPersister -  Update 0: null
17:03:35.985 [Test worker] DEBUG org.hibernate.persister.entity.AbstractEntityPersister -  Delete 0: delete from tag where id=?
17:03:35.985 [Test worker] DEBUG org.hibernate.persister.entity.AbstractEntityPersister -  Identity insert: insert into tag (id, title) values (null, ?)
17:03:35.985 [Test worker] DEBUG org.hibernate.loader.plan.build.internal.spaces.QuerySpacesImpl - Adding QuerySpace : uid = <gen:0> -> org.hibernate.loader.plan.build.internal.spaces.EntityQuerySpaceImpl@54660978]
17:03:35.985 [Test worker] DEBUG org.hibernate.persister.walking.spi.MetamodelGraphWalker - Visiting attribute path : title
17:03:35.985 [Test worker] DEBUG org.hibernate.loader.plan.build.internal.FetchStyleLoadPlanBuildingAssociationVisitationStrategy - Building LoadPlan...
17:03:35.985 [Test worker] DEBUG org.hibernate.loader.plan.exec.internal.LoadQueryJoinAndFetchProcessor - processing queryspace <gen:0>
17:03:35.985 [Test worker] DEBUG org.hibernate.loader.plan.build.spi.LoadPlanTreePrinter - LoadPlan(entity=com.epam.esm.entity.Tag)
    - Returns
       - EntityReturnImpl(entity=com.epam.esm.entity.Tag, querySpaceUid=<gen:0>, path=com.epam.esm.entity.Tag)
    - QuerySpaces
       - EntityQuerySpaceImpl(uid=<gen:0>, entity=com.epam.esm.entity.Tag)
          - SQL table alias mapping - tag0_
          - alias suffix - 0_
          - suffixed key columns - {id1_7_0_}

17:03:35.985 [Test worker] DEBUG org.hibernate.loader.entity.plan.EntityLoader - Static select for entity com.epam.esm.entity.Tag [NONE]: select tag0_.id as id1_7_0_, tag0_.title as title2_7_0_ from tag tag0_ where tag0_.id=?
17:03:35.985 [Test worker] DEBUG org.hibernate.loader.plan.build.internal.spaces.QuerySpacesImpl - Adding QuerySpace : uid = <gen:0> -> org.hibernate.loader.plan.build.internal.spaces.EntityQuerySpaceImpl@5441ce21]
17:03:35.985 [Test worker] DEBUG org.hibernate.persister.walking.spi.MetamodelGraphWalker - Visiting attribute path : title
17:03:35.985 [Test worker] DEBUG org.hibernate.loader.plan.build.internal.FetchStyleLoadPlanBuildingAssociationVisitationStrategy - Building LoadPlan...
17:03:35.985 [Test worker] DEBUG org.hibernate.loader.plan.exec.internal.LoadQueryJoinAndFetchProcessor - processing queryspace <gen:0>
17:03:35.986 [Test worker] DEBUG org.hibernate.loader.plan.build.spi.LoadPlanTreePrinter - LoadPlan(entity=com.epam.esm.entity.Tag)
    - Returns
       - EntityReturnImpl(entity=com.epam.esm.entity.Tag, querySpaceUid=<gen:0>, path=com.epam.esm.entity.Tag)
    - QuerySpaces
       - EntityQuerySpaceImpl(uid=<gen:0>, entity=com.epam.esm.entity.Tag)
          - SQL table alias mapping - tag0_
          - alias suffix - 0_
          - suffixed key columns - {id1_7_0_}

17:03:35.986 [Test worker] DEBUG org.hibernate.loader.entity.plan.EntityLoader - Static select for entity com.epam.esm.entity.Tag [READ]: select tag0_.id as id1_7_0_, tag0_.title as title2_7_0_ from tag tag0_ where tag0_.id=?
17:03:35.986 [Test worker] DEBUG org.hibernate.loader.Loader - Static select for action ACTION_MERGE on entity com.epam.esm.entity.Tag: select tag0_.id as id1_7_0_, tag0_.title as title2_7_0_ from tag tag0_ where tag0_.id=?
17:03:35.986 [Test worker] DEBUG org.hibernate.loader.Loader - Static select for action ACTION_REFRESH on entity com.epam.esm.entity.Tag: select tag0_.id as id1_7_0_, tag0_.title as title2_7_0_ from tag tag0_ where tag0_.id=?
17:03:35.986 [Test worker] DEBUG org.hibernate.persister.entity.AbstractEntityPersister - Static SQL for entity: com.epam.esm.entity.OrderCertificate
17:03:35.986 [Test worker] DEBUG org.hibernate.persister.entity.AbstractEntityPersister -  Version select: select id from order_certificate where id =?
17:03:35.986 [Test worker] DEBUG org.hibernate.persister.entity.AbstractEntityPersister -  Snapshot select: select ordercerti_.id, ordercerti_.certificate_id as certific4_6_, ordercerti_.expiration_date as expirati2_6_, ordercerti_.fixed_price as fixed_pr3_6_, ordercerti_.order_id as order_id5_6_ from order_certificate ordercerti_ where ordercerti_.id=?
17:03:35.986 [Test worker] DEBUG org.hibernate.persister.entity.AbstractEntityPersister -  Insert 0: insert into order_certificate (certificate_id, expiration_date, fixed_price, order_id, id) values (?, ?, ?, ?, ?)
17:03:35.986 [Test worker] DEBUG org.hibernate.persister.entity.AbstractEntityPersister -  Update 0: update order_certificate set certificate_id=?, expiration_date=?, fixed_price=?, order_id=? where id=?
17:03:35.986 [Test worker] DEBUG org.hibernate.persister.entity.AbstractEntityPersister -  Delete 0: delete from order_certificate where id=?
17:03:35.986 [Test worker] DEBUG org.hibernate.persister.entity.AbstractEntityPersister -  Identity insert: insert into order_certificate (id, certificate_id, expiration_date, fixed_price, order_id) values (null, ?, ?, ?, ?)
17:03:35.986 [Test worker] DEBUG org.hibernate.loader.plan.build.internal.spaces.QuerySpacesImpl - Adding QuerySpace : uid = <gen:0> -> org.hibernate.loader.plan.build.internal.spaces.EntityQuerySpaceImpl@6d88db51]
17:03:35.986 [Test worker] DEBUG org.hibernate.persister.walking.spi.MetamodelGraphWalker - Visiting attribute path : certificate
17:03:35.986 [Test worker] DEBUG org.hibernate.loader.plan.build.internal.spaces.QuerySpacesImpl - Adding QuerySpace : uid = <gen:1> -> org.hibernate.loader.plan.build.internal.spaces.EntityQuerySpaceImpl@2249dec3]
17:03:35.986 [Test worker] DEBUG org.hibernate.persister.walking.spi.MetamodelGraphWalker - Visiting attribute path : expirationDate
17:03:35.986 [Test worker] DEBUG org.hibernate.persister.walking.spi.MetamodelGraphWalker - Visiting attribute path : fixedPrice
17:03:35.986 [Test worker] DEBUG org.hibernate.persister.walking.spi.MetamodelGraphWalker - Visiting attribute path : order
17:03:35.986 [Test worker] DEBUG org.hibernate.loader.plan.build.internal.spaces.QuerySpacesImpl - Adding QuerySpace : uid = <gen:2> -> org.hibernate.loader.plan.build.internal.spaces.EntityQuerySpaceImpl@22fe932c]
17:03:35.987 [Test worker] DEBUG org.hibernate.persister.walking.spi.MetamodelGraphWalker - Visiting attribute path : order.activeStatus
17:03:35.987 [Test worker] DEBUG org.hibernate.persister.walking.spi.MetamodelGraphWalker - Visiting attribute path : order.createdAt
17:03:35.987 [Test worker] DEBUG org.hibernate.persister.walking.spi.MetamodelGraphWalker - Visiting attribute path : order.orderCertificates
17:03:35.987 [Test worker] DEBUG org.hibernate.persister.walking.spi.MetamodelGraphWalker - Property path deemed to be circular : order.orderCertificates
17:03:35.987 [Test worker] DEBUG org.hibernate.persister.walking.spi.MetamodelGraphWalker - Visiting attribute path : order.user
17:03:35.987 [Test worker] DEBUG org.hibernate.loader.plan.build.internal.spaces.QuerySpacesImpl - Adding QuerySpace : uid = <gen:3> -> org.hibernate.loader.plan.build.internal.spaces.EntityQuerySpaceImpl@68fc3a56]
17:03:35.987 [Test worker] DEBUG org.hibernate.persister.walking.spi.MetamodelGraphWalker - Visiting attribute path : order.user.email
17:03:35.987 [Test worker] DEBUG org.hibernate.persister.walking.spi.MetamodelGraphWalker - Visiting attribute path : order.user.orders
17:03:35.987 [Test worker] DEBUG org.hibernate.persister.walking.spi.MetamodelGraphWalker - Property path deemed to be circular : order.user.orders
17:03:35.987 [Test worker] DEBUG org.hibernate.persister.walking.spi.MetamodelGraphWalker - Visiting attribute path : order.user.password
17:03:35.987 [Test worker] DEBUG org.hibernate.persister.walking.spi.MetamodelGraphWalker - Visiting attribute path : order.user.refreshToken
17:03:35.987 [Test worker] DEBUG org.hibernate.persister.walking.spi.MetamodelGraphWalker - Visiting attribute path : order.user.role
17:03:35.987 [Test worker] DEBUG org.hibernate.loader.plan.build.internal.spaces.QuerySpacesImpl - Adding QuerySpace : uid = <gen:4> -> org.hibernate.loader.plan.build.internal.spaces.EntityQuerySpaceImpl@521eca06]
17:03:35.987 [Test worker] DEBUG org.hibernate.persister.walking.spi.MetamodelGraphWalker - Visiting attribute path : order.user.role.value
17:03:35.987 [Test worker] DEBUG org.hibernate.loader.plan.build.internal.FetchStyleLoadPlanBuildingAssociationVisitationStrategy - Building LoadPlan...
17:03:35.987 [Test worker] DEBUG org.hibernate.loader.plan.exec.internal.LoadQueryJoinAndFetchProcessor - processing queryspace <gen:0>
17:03:35.988 [Test worker] DEBUG org.hibernate.loader.plan.build.spi.LoadPlanTreePrinter - LoadPlan(entity=com.epam.esm.entity.OrderCertificate)
    - Returns
       - EntityReturnImpl(entity=com.epam.esm.entity.OrderCertificate, querySpaceUid=<gen:0>, path=com.epam.esm.entity.OrderCertificate)
          - EntityAttributeFetchImpl(entity=com.epam.esm.entity.GiftCertificate, querySpaceUid=<gen:1>, path=com.epam.esm.entity.OrderCertificate.certificate)
          - EntityAttributeFetchImpl(entity=com.epam.esm.entity.Order, querySpaceUid=<gen:2>, path=com.epam.esm.entity.OrderCertificate.order)
             - EntityAttributeFetchImpl(entity=com.epam.esm.entity.User, querySpaceUid=<gen:3>, path=com.epam.esm.entity.OrderCertificate.order.user)
                - EntityAttributeFetchImpl(entity=com.epam.esm.entity.Role, querySpaceUid=<gen:4>, path=com.epam.esm.entity.OrderCertificate.order.user.role)
    - QuerySpaces
       - EntityQuerySpaceImpl(uid=<gen:0>, entity=com.epam.esm.entity.OrderCertificate)
          - SQL table alias mapping - ordercerti0_
          - alias suffix - 0_
          - suffixed key columns - {id1_6_0_}
          - JOIN (JoinDefinedByMetadata(order)) : <gen:0> -> <gen:2>
             - EntityQuerySpaceImpl(uid=<gen:2>, entity=com.epam.esm.entity.Order)
                - SQL table alias mapping - order1_
                - alias suffix - 1_
                - suffixed key columns - {id1_0_1_}
                - JOIN (JoinDefinedByMetadata(user)) : <gen:2> -> <gen:3>
                   - EntityQuerySpaceImpl(uid=<gen:3>, entity=com.epam.esm.entity.User)
                      - SQL table alias mapping - user2_
                      - alias suffix - 2_
                      - suffixed key columns - {id1_2_2_}
                      - JOIN (JoinDefinedByMetadata(role)) : <gen:3> -> <gen:4>
                         - EntityQuerySpaceImpl(uid=<gen:4>, entity=com.epam.esm.entity.Role)
                            - SQL table alias mapping - role3_
                            - alias suffix - 3_
                            - suffixed key columns - {id1_1_3_}

17:03:35.988 [Test worker] DEBUG org.hibernate.loader.entity.plan.EntityLoader - Static select for entity com.epam.esm.entity.OrderCertificate [NONE]: select ordercerti0_.id as id1_6_0_, ordercerti0_.certificate_id as certific4_6_0_, ordercerti0_.expiration_date as expirati2_6_0_, ordercerti0_.fixed_price as fixed_pr3_6_0_, ordercerti0_.order_id as order_id5_6_0_, order1_.id as id1_0_1_, order1_.active_status as active_s2_0_1_, order1_.created_at as created_3_0_1_, order1_.user_id as user_id4_0_1_, user2_.id as id1_2_2_, user2_.email as email2_2_2_, user2_.password as password3_2_2_, user2_.refresh_token as refresh_4_2_2_, user2_.role_id as role_id5_2_2_, role3_.id as id1_1_3_, role3_.value as value2_1_3_ from order_certificate ordercerti0_ left outer join application_order order1_ on ordercerti0_.order_id=order1_.id left outer join application_user user2_ on order1_.user_id=user2_.id left outer join application_role role3_ on user2_.role_id=role3_.id where ordercerti0_.id=?
17:03:35.988 [Test worker] DEBUG org.hibernate.loader.plan.build.internal.spaces.QuerySpacesImpl - Adding QuerySpace : uid = <gen:0> -> org.hibernate.loader.plan.build.internal.spaces.EntityQuerySpaceImpl@6e384215]
17:03:35.988 [Test worker] DEBUG org.hibernate.persister.walking.spi.MetamodelGraphWalker - Visiting attribute path : certificate
17:03:35.988 [Test worker] DEBUG org.hibernate.loader.plan.build.internal.spaces.QuerySpacesImpl - Adding QuerySpace : uid = <gen:1> -> org.hibernate.loader.plan.build.internal.spaces.EntityQuerySpaceImpl@34719a5f]
17:03:35.988 [Test worker] DEBUG org.hibernate.persister.walking.spi.MetamodelGraphWalker - Visiting attribute path : expirationDate
17:03:35.988 [Test worker] DEBUG org.hibernate.persister.walking.spi.MetamodelGraphWalker - Visiting attribute path : fixedPrice
17:03:35.988 [Test worker] DEBUG org.hibernate.persister.walking.spi.MetamodelGraphWalker - Visiting attribute path : order
17:03:35.988 [Test worker] DEBUG org.hibernate.loader.plan.build.internal.spaces.QuerySpacesImpl - Adding QuerySpace : uid = <gen:2> -> org.hibernate.loader.plan.build.internal.spaces.EntityQuerySpaceImpl@2ca7e851]
17:03:35.988 [Test worker] DEBUG org.hibernate.persister.walking.spi.MetamodelGraphWalker - Visiting attribute path : order.activeStatus
17:03:35.988 [Test worker] DEBUG org.hibernate.persister.walking.spi.MetamodelGraphWalker - Visiting attribute path : order.createdAt
17:03:35.988 [Test worker] DEBUG org.hibernate.persister.walking.spi.MetamodelGraphWalker - Visiting attribute path : order.orderCertificates
17:03:35.988 [Test worker] DEBUG org.hibernate.persister.walking.spi.MetamodelGraphWalker - Property path deemed to be circular : order.orderCertificates
17:03:35.988 [Test worker] DEBUG org.hibernate.persister.walking.spi.MetamodelGraphWalker - Visiting attribute path : order.user
17:03:35.988 [Test worker] DEBUG org.hibernate.loader.plan.build.internal.spaces.QuerySpacesImpl - Adding QuerySpace : uid = <gen:3> -> org.hibernate.loader.plan.build.internal.spaces.EntityQuerySpaceImpl@4914edb2]
17:03:35.988 [Test worker] DEBUG org.hibernate.persister.walking.spi.MetamodelGraphWalker - Visiting attribute path : order.user.email
17:03:35.988 [Test worker] DEBUG org.hibernate.persister.walking.spi.MetamodelGraphWalker - Visiting attribute path : order.user.orders
17:03:35.988 [Test worker] DEBUG org.hibernate.persister.walking.spi.MetamodelGraphWalker - Property path deemed to be circular : order.user.orders
17:03:35.989 [Test worker] DEBUG org.hibernate.persister.walking.spi.MetamodelGraphWalker - Visiting attribute path : order.user.password
17:03:35.989 [Test worker] DEBUG org.hibernate.persister.walking.spi.MetamodelGraphWalker - Visiting attribute path : order.user.refreshToken
17:03:35.989 [Test worker] DEBUG org.hibernate.persister.walking.spi.MetamodelGraphWalker - Visiting attribute path : order.user.role
17:03:35.989 [Test worker] DEBUG org.hibernate.loader.plan.build.internal.spaces.QuerySpacesImpl - Adding QuerySpace : uid = <gen:4> -> org.hibernate.loader.plan.build.internal.spaces.EntityQuerySpaceImpl@62f9aead]
17:03:35.989 [Test worker] DEBUG org.hibernate.persister.walking.spi.MetamodelGraphWalker - Visiting attribute path : order.user.role.value
17:03:35.989 [Test worker] DEBUG org.hibernate.loader.plan.build.internal.FetchStyleLoadPlanBuildingAssociationVisitationStrategy - Building LoadPlan...
17:03:35.989 [Test worker] DEBUG org.hibernate.loader.plan.exec.internal.LoadQueryJoinAndFetchProcessor - processing queryspace <gen:0>
17:03:35.989 [Test worker] DEBUG org.hibernate.loader.plan.build.spi.LoadPlanTreePrinter - LoadPlan(entity=com.epam.esm.entity.OrderCertificate)
    - Returns
       - EntityReturnImpl(entity=com.epam.esm.entity.OrderCertificate, querySpaceUid=<gen:0>, path=com.epam.esm.entity.OrderCertificate)
          - EntityAttributeFetchImpl(entity=com.epam.esm.entity.GiftCertificate, querySpaceUid=<gen:1>, path=com.epam.esm.entity.OrderCertificate.certificate)
          - EntityAttributeFetchImpl(entity=com.epam.esm.entity.Order, querySpaceUid=<gen:2>, path=com.epam.esm.entity.OrderCertificate.order)
             - EntityAttributeFetchImpl(entity=com.epam.esm.entity.User, querySpaceUid=<gen:3>, path=com.epam.esm.entity.OrderCertificate.order.user)
                - EntityAttributeFetchImpl(entity=com.epam.esm.entity.Role, querySpaceUid=<gen:4>, path=com.epam.esm.entity.OrderCertificate.order.user.role)
    - QuerySpaces
       - EntityQuerySpaceImpl(uid=<gen:0>, entity=com.epam.esm.entity.OrderCertificate)
          - SQL table alias mapping - ordercerti0_
          - alias suffix - 0_
          - suffixed key columns - {id1_6_0_}
          - JOIN (JoinDefinedByMetadata(order)) : <gen:0> -> <gen:2>
             - EntityQuerySpaceImpl(uid=<gen:2>, entity=com.epam.esm.entity.Order)
                - SQL table alias mapping - order1_
                - alias suffix - 1_
                - suffixed key columns - {id1_0_1_}
                - JOIN (JoinDefinedByMetadata(user)) : <gen:2> -> <gen:3>
                   - EntityQuerySpaceImpl(uid=<gen:3>, entity=com.epam.esm.entity.User)
                      - SQL table alias mapping - user2_
                      - alias suffix - 2_
                      - suffixed key columns - {id1_2_2_}
                      - JOIN (JoinDefinedByMetadata(role)) : <gen:3> -> <gen:4>
                         - EntityQuerySpaceImpl(uid=<gen:4>, entity=com.epam.esm.entity.Role)
                            - SQL table alias mapping - role3_
                            - alias suffix - 3_
                            - suffixed key columns - {id1_1_3_}

17:03:35.989 [Test worker] DEBUG org.hibernate.loader.entity.plan.EntityLoader - Static select for entity com.epam.esm.entity.OrderCertificate [READ]: select ordercerti0_.id as id1_6_0_, ordercerti0_.certificate_id as certific4_6_0_, ordercerti0_.expiration_date as expirati2_6_0_, ordercerti0_.fixed_price as fixed_pr3_6_0_, ordercerti0_.order_id as order_id5_6_0_, order1_.id as id1_0_1_, order1_.active_status as active_s2_0_1_, order1_.created_at as created_3_0_1_, order1_.user_id as user_id4_0_1_, user2_.id as id1_2_2_, user2_.email as email2_2_2_, user2_.password as password3_2_2_, user2_.refresh_token as refresh_4_2_2_, user2_.role_id as role_id5_2_2_, role3_.id as id1_1_3_, role3_.value as value2_1_3_ from order_certificate ordercerti0_ left outer join application_order order1_ on ordercerti0_.order_id=order1_.id left outer join application_user user2_ on order1_.user_id=user2_.id left outer join application_role role3_ on user2_.role_id=role3_.id where ordercerti0_.id=?
17:03:35.990 [Test worker] DEBUG org.hibernate.loader.Loader - Static select for action ACTION_MERGE on entity com.epam.esm.entity.OrderCertificate: select ordercerti0_.id as id1_6_3_, ordercerti0_.certificate_id as certific4_6_3_, ordercerti0_.expiration_date as expirati2_6_3_, ordercerti0_.fixed_price as fixed_pr3_6_3_, ordercerti0_.order_id as order_id5_6_3_, giftcertif1_.id as id1_3_0_, giftcertif1_.active_status as active_s2_3_0_, giftcertif1_.creation_date as creation3_3_0_, giftcertif1_.description as descript4_3_0_, giftcertif1_.expiration_date as expirati5_3_0_, giftcertif1_.modification_date as modifica6_3_0_, giftcertif1_.name as name7_3_0_, giftcertif1_.price as price8_3_0_, tags2_.certificate_id as certific1_4_5_, tag3_.id as tag_id2_4_5_, tag3_.id as id1_7_1_, tag3_.title as title2_7_1_, order4_.id as id1_0_2_, order4_.active_status as active_s2_0_2_, order4_.created_at as created_3_0_2_, order4_.user_id as user_id4_0_2_ from order_certificate ordercerti0_ left outer join certificate giftcertif1_ on ordercerti0_.certificate_id=giftcertif1_.id left outer join certificate_tag tags2_ on giftcertif1_.id=tags2_.certificate_id left outer join tag tag3_ on tags2_.tag_id=tag3_.id left outer join application_order order4_ on ordercerti0_.order_id=order4_.id where ordercerti0_.id=?
17:03:35.990 [Test worker] DEBUG org.hibernate.loader.Loader - Static select for action ACTION_REFRESH on entity com.epam.esm.entity.OrderCertificate: select ordercerti0_.id as id1_6_2_, ordercerti0_.certificate_id as certific4_6_2_, ordercerti0_.expiration_date as expirati2_6_2_, ordercerti0_.fixed_price as fixed_pr3_6_2_, ordercerti0_.order_id as order_id5_6_2_, giftcertif1_.id as id1_3_0_, giftcertif1_.active_status as active_s2_3_0_, giftcertif1_.creation_date as creation3_3_0_, giftcertif1_.description as descript4_3_0_, giftcertif1_.expiration_date as expirati5_3_0_, giftcertif1_.modification_date as modifica6_3_0_, giftcertif1_.name as name7_3_0_, giftcertif1_.price as price8_3_0_, order2_.id as id1_0_1_, order2_.active_status as active_s2_0_1_, order2_.created_at as created_3_0_1_, order2_.user_id as user_id4_0_1_ from order_certificate ordercerti0_ left outer join certificate giftcertif1_ on ordercerti0_.certificate_id=giftcertif1_.id left outer join application_order order2_ on ordercerti0_.order_id=order2_.id where ordercerti0_.id=?
17:03:35.990 [Test worker] DEBUG org.hibernate.persister.entity.AbstractEntityPersister - Static SQL for entity: com.epam.esm.entity.Role
17:03:35.990 [Test worker] DEBUG org.hibernate.persister.entity.AbstractEntityPersister -  Version select: select id from application_role where id =?
17:03:35.990 [Test worker] DEBUG org.hibernate.persister.entity.AbstractEntityPersister -  Snapshot select: select role_.id, role_.value as value2_1_ from application_role role_ where role_.id=?
17:03:35.990 [Test worker] DEBUG org.hibernate.persister.entity.AbstractEntityPersister -  Insert 0: insert into application_role (value, id) values (?, ?)
17:03:35.991 [Test worker] DEBUG org.hibernate.persister.entity.AbstractEntityPersister -  Update 0: update application_role set value=? where id=?
17:03:35.991 [Test worker] DEBUG org.hibernate.persister.entity.AbstractEntityPersister -  Delete 0: delete from application_role where id=?
17:03:35.991 [Test worker] DEBUG org.hibernate.persister.entity.AbstractEntityPersister -  Identity insert: insert into application_role (id, value) values (null, ?)
17:03:35.991 [Test worker] DEBUG org.hibernate.loader.plan.build.internal.spaces.QuerySpacesImpl - Adding QuerySpace : uid = <gen:0> -> org.hibernate.loader.plan.build.internal.spaces.EntityQuerySpaceImpl@152d0c8f]
17:03:35.991 [Test worker] DEBUG org.hibernate.persister.walking.spi.MetamodelGraphWalker - Visiting attribute path : value
17:03:35.991 [Test worker] DEBUG org.hibernate.loader.plan.build.internal.FetchStyleLoadPlanBuildingAssociationVisitationStrategy - Building LoadPlan...
17:03:35.991 [Test worker] DEBUG org.hibernate.loader.plan.exec.internal.LoadQueryJoinAndFetchProcessor - processing queryspace <gen:0>
17:03:35.991 [Test worker] DEBUG org.hibernate.loader.plan.build.spi.LoadPlanTreePrinter - LoadPlan(entity=com.epam.esm.entity.Role)
    - Returns
       - EntityReturnImpl(entity=com.epam.esm.entity.Role, querySpaceUid=<gen:0>, path=com.epam.esm.entity.Role)
    - QuerySpaces
       - EntityQuerySpaceImpl(uid=<gen:0>, entity=com.epam.esm.entity.Role)
          - SQL table alias mapping - role0_
          - alias suffix - 0_
          - suffixed key columns - {id1_1_0_}

17:03:35.991 [Test worker] DEBUG org.hibernate.loader.entity.plan.EntityLoader - Static select for entity com.epam.esm.entity.Role [NONE]: select role0_.id as id1_1_0_, role0_.value as value2_1_0_ from application_role role0_ where role0_.id=?
17:03:35.991 [Test worker] DEBUG org.hibernate.loader.plan.build.internal.spaces.QuerySpacesImpl - Adding QuerySpace : uid = <gen:0> -> org.hibernate.loader.plan.build.internal.spaces.EntityQuerySpaceImpl@32a42801]
17:03:35.991 [Test worker] DEBUG org.hibernate.persister.walking.spi.MetamodelGraphWalker - Visiting attribute path : value
17:03:35.991 [Test worker] DEBUG org.hibernate.loader.plan.build.internal.FetchStyleLoadPlanBuildingAssociationVisitationStrategy - Building LoadPlan...
17:03:35.991 [Test worker] DEBUG org.hibernate.loader.plan.exec.internal.LoadQueryJoinAndFetchProcessor - processing queryspace <gen:0>
17:03:35.991 [Test worker] DEBUG org.hibernate.loader.plan.build.spi.LoadPlanTreePrinter - LoadPlan(entity=com.epam.esm.entity.Role)
    - Returns
       - EntityReturnImpl(entity=com.epam.esm.entity.Role, querySpaceUid=<gen:0>, path=com.epam.esm.entity.Role)
    - QuerySpaces
       - EntityQuerySpaceImpl(uid=<gen:0>, entity=com.epam.esm.entity.Role)
          - SQL table alias mapping - role0_
          - alias suffix - 0_
          - suffixed key columns - {id1_1_0_}

17:03:35.991 [Test worker] DEBUG org.hibernate.loader.entity.plan.EntityLoader - Static select for entity com.epam.esm.entity.Role [READ]: select role0_.id as id1_1_0_, role0_.value as value2_1_0_ from application_role role0_ where role0_.id=?
17:03:35.992 [Test worker] DEBUG org.hibernate.loader.Loader - Static select for action ACTION_MERGE on entity com.epam.esm.entity.Role: select role0_.id as id1_1_0_, role0_.value as value2_1_0_ from application_role role0_ where role0_.id=?
17:03:35.992 [Test worker] DEBUG org.hibernate.loader.Loader - Static select for action ACTION_REFRESH on entity com.epam.esm.entity.Role: select role0_.id as id1_1_0_, role0_.value as value2_1_0_ from application_role role0_ where role0_.id=?
17:03:35.992 [Test worker] DEBUG org.hibernate.loader.plan.build.internal.spaces.QuerySpacesImpl - Adding QuerySpace : uid = <gen:0> -> org.hibernate.loader.plan.build.internal.spaces.CollectionQuerySpaceImpl@64b8bc87]
17:03:35.992 [Test worker] DEBUG org.hibernate.loader.plan.build.internal.spaces.QuerySpacesImpl - Adding QuerySpace : uid = <gen:1> -> org.hibernate.loader.plan.build.internal.spaces.EntityQuerySpaceImpl@4217887b]
17:03:35.992 [Test worker] DEBUG org.hibernate.persister.walking.spi.MetamodelGraphWalker - Visiting attribute path : title
17:03:35.992 [Test worker] DEBUG org.hibernate.loader.plan.build.internal.FetchStyleLoadPlanBuildingAssociationVisitationStrategy - Building LoadPlan...
17:03:35.992 [Test worker] DEBUG org.hibernate.loader.plan.exec.internal.LoadQueryJoinAndFetchProcessor - processing queryspace <gen:0>
17:03:35.992 [Test worker] DEBUG org.hibernate.loader.plan.build.spi.LoadPlanTreePrinter - LoadPlan(collection=com.epam.esm.entity.GiftCertificate.tags)
    - Returns
       - CollectionReturnImpl(collection=com.epam.esm.entity.GiftCertificate.tags, querySpaceUid=<gen:0>, path=[com.epam.esm.entity.GiftCertificate.tags])
          - (collection element) CollectionFetchableElementEntityGraph(entity=com.epam.esm.entity.Tag, querySpaceUid=<gen:1>, path=[com.epam.esm.entity.GiftCertificate.tags].<elements>)
    - QuerySpaces
       - CollectionQuerySpaceImpl(uid=<gen:0>, collection=com.epam.esm.entity.GiftCertificate.tags)
          - SQL table alias mapping - tags0_
          - alias suffix - 0_
          - suffixed key columns - {certific1_4_0_}
          - entity-element alias suffix - 1_
          - 1_entity-element suffixed key columns - id1_7_1_
          - JOIN (JoinDefinedByMetadata(elements)) : <gen:0> -> <gen:1>
             - EntityQuerySpaceImpl(uid=<gen:1>, entity=com.epam.esm.entity.Tag)
                - SQL table alias mapping - tag1_
                - alias suffix - 1_
                - suffixed key columns - {id1_7_1_}

17:03:35.992 [Test worker] DEBUG org.hibernate.loader.collection.plan.CollectionLoader - Static select for collection com.epam.esm.entity.GiftCertificate.tags: select tags0_.certificate_id as certific1_4_0_, tags0_.tag_id as tag_id2_4_0_, tag1_.id as id1_7_1_, tag1_.title as title2_7_1_ from certificate_tag tags0_ inner join tag tag1_ on tags0_.tag_id=tag1_.id where tags0_.certificate_id=?
17:03:35.993 [Test worker] DEBUG org.hibernate.loader.plan.build.internal.spaces.QuerySpacesImpl - Adding QuerySpace : uid = <gen:0> -> org.hibernate.loader.plan.build.internal.spaces.CollectionQuerySpaceImpl@dfe6790]
17:03:35.993 [Test worker] DEBUG org.hibernate.loader.plan.build.internal.spaces.QuerySpacesImpl - Adding QuerySpace : uid = <gen:1> -> org.hibernate.loader.plan.build.internal.spaces.EntityQuerySpaceImpl@73547204]
17:03:35.993 [Test worker] DEBUG org.hibernate.persister.walking.spi.MetamodelGraphWalker - Visiting attribute path : certificate
17:03:35.993 [Test worker] DEBUG org.hibernate.loader.plan.build.internal.spaces.QuerySpacesImpl - Adding QuerySpace : uid = <gen:2> -> org.hibernate.loader.plan.build.internal.spaces.EntityQuerySpaceImpl@6f996a88]
17:03:35.993 [Test worker] DEBUG org.hibernate.persister.walking.spi.MetamodelGraphWalker - Visiting attribute path : expirationDate
17:03:35.993 [Test worker] DEBUG org.hibernate.persister.walking.spi.MetamodelGraphWalker - Visiting attribute path : fixedPrice
17:03:35.993 [Test worker] DEBUG org.hibernate.persister.walking.spi.MetamodelGraphWalker - Visiting attribute path : order
17:03:35.993 [Test worker] DEBUG org.hibernate.persister.walking.spi.MetamodelGraphWalker - Property path deemed to be circular : order
17:03:35.993 [Test worker] DEBUG org.hibernate.loader.plan.build.internal.FetchStyleLoadPlanBuildingAssociationVisitationStrategy - Building LoadPlan...
17:03:35.993 [Test worker] DEBUG org.hibernate.loader.plan.exec.internal.LoadQueryJoinAndFetchProcessor - processing queryspace <gen:0>
17:03:35.993 [Test worker] DEBUG org.hibernate.loader.plan.build.spi.LoadPlanTreePrinter - LoadPlan(collection=com.epam.esm.entity.Order.orderCertificates)
    - Returns
       - CollectionReturnImpl(collection=com.epam.esm.entity.Order.orderCertificates, querySpaceUid=<gen:0>, path=[com.epam.esm.entity.Order.orderCertificates])
          - (collection element) CollectionFetchableElementEntityGraph(entity=com.epam.esm.entity.OrderCertificate, querySpaceUid=<gen:1>, path=[com.epam.esm.entity.Order.orderCertificates].<elements>)
             - EntityAttributeFetchImpl(entity=com.epam.esm.entity.GiftCertificate, querySpaceUid=<gen:2>, path=[com.epam.esm.entity.Order.orderCertificates].<elements>.certificate)
    - QuerySpaces
       - CollectionQuerySpaceImpl(uid=<gen:0>, collection=com.epam.esm.entity.Order.orderCertificates)
          - SQL table alias mapping - ordercerti0_
          - alias suffix - 0_
          - suffixed key columns - {order_id5_6_0_}
          - entity-element alias suffix - 1_
          - 1_entity-element suffixed key columns - id1_6_1_
          - JOIN (JoinDefinedByMetadata(elements)) : <gen:0> -> <gen:1>
             - EntityQuerySpaceImpl(uid=<gen:1>, entity=com.epam.esm.entity.OrderCertificate)
                - SQL table alias mapping - ordercerti0_
                - alias suffix - 1_
                - suffixed key columns - {id1_6_1_}

17:03:35.993 [Test worker] DEBUG org.hibernate.loader.collection.plan.CollectionLoader - Static select for collection com.epam.esm.entity.Order.orderCertificates: select ordercerti0_.order_id as order_id5_6_0_, ordercerti0_.id as id1_6_0_, ordercerti0_.id as id1_6_1_, ordercerti0_.certificate_id as certific4_6_1_, ordercerti0_.expiration_date as expirati2_6_1_, ordercerti0_.fixed_price as fixed_pr3_6_1_, ordercerti0_.order_id as order_id5_6_1_ from order_certificate ordercerti0_ where ordercerti0_.order_id=?
17:03:35.993 [Test worker] DEBUG org.hibernate.loader.plan.build.internal.spaces.QuerySpacesImpl - Adding QuerySpace : uid = <gen:0> -> org.hibernate.loader.plan.build.internal.spaces.CollectionQuerySpaceImpl@3f8de12d]
17:03:35.993 [Test worker] DEBUG org.hibernate.loader.plan.build.internal.spaces.QuerySpacesImpl - Adding QuerySpace : uid = <gen:1> -> org.hibernate.loader.plan.build.internal.spaces.EntityQuerySpaceImpl@2210ce06]
17:03:35.993 [Test worker] DEBUG org.hibernate.persister.walking.spi.MetamodelGraphWalker - Visiting attribute path : certificate
17:03:35.993 [Test worker] DEBUG org.hibernate.persister.walking.spi.MetamodelGraphWalker - Property path deemed to be circular : certificate
17:03:35.994 [Test worker] DEBUG org.hibernate.persister.walking.spi.MetamodelGraphWalker - Visiting attribute path : expirationDate
17:03:35.994 [Test worker] DEBUG org.hibernate.persister.walking.spi.MetamodelGraphWalker - Visiting attribute path : fixedPrice
17:03:35.994 [Test worker] DEBUG org.hibernate.persister.walking.spi.MetamodelGraphWalker - Visiting attribute path : order
17:03:35.994 [Test worker] DEBUG org.hibernate.loader.plan.build.internal.spaces.QuerySpacesImpl - Adding QuerySpace : uid = <gen:2> -> org.hibernate.loader.plan.build.internal.spaces.EntityQuerySpaceImpl@6d5d7a81]
17:03:35.994 [Test worker] DEBUG org.hibernate.persister.walking.spi.MetamodelGraphWalker - Visiting attribute path : order.activeStatus
17:03:35.994 [Test worker] DEBUG org.hibernate.persister.walking.spi.MetamodelGraphWalker - Visiting attribute path : order.createdAt
17:03:35.994 [Test worker] DEBUG org.hibernate.persister.walking.spi.MetamodelGraphWalker - Visiting attribute path : order.orderCertificates
17:03:35.994 [Test worker] DEBUG org.hibernate.persister.walking.spi.MetamodelGraphWalker - Property path deemed to be circular : order.orderCertificates
17:03:35.994 [Test worker] DEBUG org.hibernate.persister.walking.spi.MetamodelGraphWalker - Visiting attribute path : order.user
17:03:35.994 [Test worker] DEBUG org.hibernate.loader.plan.build.internal.spaces.QuerySpacesImpl - Adding QuerySpace : uid = <gen:3> -> org.hibernate.loader.plan.build.internal.spaces.EntityQuerySpaceImpl@54c464af]
17:03:35.994 [Test worker] DEBUG org.hibernate.persister.walking.spi.MetamodelGraphWalker - Visiting attribute path : order.user.email
17:03:35.994 [Test worker] DEBUG org.hibernate.persister.walking.spi.MetamodelGraphWalker - Visiting attribute path : order.user.orders
17:03:35.994 [Test worker] DEBUG org.hibernate.persister.walking.spi.MetamodelGraphWalker - Property path deemed to be circular : order.user.orders
17:03:35.994 [Test worker] DEBUG org.hibernate.persister.walking.spi.MetamodelGraphWalker - Visiting attribute path : order.user.password
17:03:35.994 [Test worker] DEBUG org.hibernate.persister.walking.spi.MetamodelGraphWalker - Visiting attribute path : order.user.refreshToken
17:03:35.994 [Test worker] DEBUG org.hibernate.persister.walking.spi.MetamodelGraphWalker - Visiting attribute path : order.user.role
17:03:35.994 [Test worker] DEBUG org.hibernate.loader.plan.build.internal.spaces.QuerySpacesImpl - Adding QuerySpace : uid = <gen:4> -> org.hibernate.loader.plan.build.internal.spaces.EntityQuerySpaceImpl@24b04cd7]
17:03:35.994 [Test worker] DEBUG org.hibernate.persister.walking.spi.MetamodelGraphWalker - Visiting attribute path : order.user.role.value
17:03:35.994 [Test worker] DEBUG org.hibernate.loader.plan.build.internal.FetchStyleLoadPlanBuildingAssociationVisitationStrategy - Building LoadPlan...
17:03:35.994 [Test worker] DEBUG org.hibernate.loader.plan.exec.internal.LoadQueryJoinAndFetchProcessor - processing queryspace <gen:0>
17:03:35.995 [Test worker] DEBUG org.hibernate.loader.plan.build.spi.LoadPlanTreePrinter - LoadPlan(collection=com.epam.esm.entity.GiftCertificate.orderCertificates)
    - Returns
       - CollectionReturnImpl(collection=com.epam.esm.entity.GiftCertificate.orderCertificates, querySpaceUid=<gen:0>, path=[com.epam.esm.entity.GiftCertificate.orderCertificates])
          - (collection element) CollectionFetchableElementEntityGraph(entity=com.epam.esm.entity.OrderCertificate, querySpaceUid=<gen:1>, path=[com.epam.esm.entity.GiftCertificate.orderCertificates].<elements>)
             - EntityAttributeFetchImpl(entity=com.epam.esm.entity.Order, querySpaceUid=<gen:2>, path=[com.epam.esm.entity.GiftCertificate.orderCertificates].<elements>.order)
                - EntityAttributeFetchImpl(entity=com.epam.esm.entity.User, querySpaceUid=<gen:3>, path=[com.epam.esm.entity.GiftCertificate.orderCertificates].<elements>.order.user)
                   - EntityAttributeFetchImpl(entity=com.epam.esm.entity.Role, querySpaceUid=<gen:4>, path=[com.epam.esm.entity.GiftCertificate.orderCertificates].<elements>.order.user.role)
    - QuerySpaces
       - CollectionQuerySpaceImpl(uid=<gen:0>, collection=com.epam.esm.entity.GiftCertificate.orderCertificates)
          - SQL table alias mapping - ordercerti0_
          - alias suffix - 0_
          - suffixed key columns - {certific4_6_0_}
          - entity-element alias suffix - 1_
          - 1_entity-element suffixed key columns - id1_6_1_
          - JOIN (JoinDefinedByMetadata(elements)) : <gen:0> -> <gen:1>
             - EntityQuerySpaceImpl(uid=<gen:1>, entity=com.epam.esm.entity.OrderCertificate)
                - SQL table alias mapping - ordercerti0_
                - alias suffix - 1_
                - suffixed key columns - {id1_6_1_}
                - JOIN (JoinDefinedByMetadata(order)) : <gen:1> -> <gen:2>
                   - EntityQuerySpaceImpl(uid=<gen:2>, entity=com.epam.esm.entity.Order)
                      - SQL table alias mapping - order1_
                      - alias suffix - 2_
                      - suffixed key columns - {id1_0_2_}
                      - JOIN (JoinDefinedByMetadata(user)) : <gen:2> -> <gen:3>
                         - EntityQuerySpaceImpl(uid=<gen:3>, entity=com.epam.esm.entity.User)
                            - SQL table alias mapping - user2_
                            - alias suffix - 3_
                            - suffixed key columns - {id1_2_3_}
                            - JOIN (JoinDefinedByMetadata(role)) : <gen:3> -> <gen:4>
                               - EntityQuerySpaceImpl(uid=<gen:4>, entity=com.epam.esm.entity.Role)
                                  - SQL table alias mapping - role3_
                                  - alias suffix - 4_
                                  - suffixed key columns - {id1_1_4_}

17:03:35.995 [Test worker] DEBUG org.hibernate.loader.collection.plan.CollectionLoader - Static select for collection com.epam.esm.entity.GiftCertificate.orderCertificates: select ordercerti0_.certificate_id as certific4_6_0_, ordercerti0_.id as id1_6_0_, ordercerti0_.id as id1_6_1_, ordercerti0_.certificate_id as certific4_6_1_, ordercerti0_.expiration_date as expirati2_6_1_, ordercerti0_.fixed_price as fixed_pr3_6_1_, ordercerti0_.order_id as order_id5_6_1_, order1_.id as id1_0_2_, order1_.active_status as active_s2_0_2_, order1_.created_at as created_3_0_2_, order1_.user_id as user_id4_0_2_, user2_.id as id1_2_3_, user2_.email as email2_2_3_, user2_.password as password3_2_3_, user2_.refresh_token as refresh_4_2_3_, user2_.role_id as role_id5_2_3_, role3_.id as id1_1_4_, role3_.value as value2_1_4_ from order_certificate ordercerti0_ left outer join application_order order1_ on ordercerti0_.order_id=order1_.id left outer join application_user user2_ on order1_.user_id=user2_.id left outer join application_role role3_ on user2_.role_id=role3_.id where ordercerti0_.certificate_id=?
17:03:35.995 [Test worker] DEBUG org.hibernate.loader.plan.build.internal.spaces.QuerySpacesImpl - Adding QuerySpace : uid = <gen:0> -> org.hibernate.loader.plan.build.internal.spaces.CollectionQuerySpaceImpl@55f78f15]
17:03:35.995 [Test worker] DEBUG org.hibernate.loader.plan.build.internal.spaces.QuerySpacesImpl - Adding QuerySpace : uid = <gen:1> -> org.hibernate.loader.plan.build.internal.spaces.EntityQuerySpaceImpl@a0c8af3]
17:03:35.995 [Test worker] DEBUG org.hibernate.persister.walking.spi.MetamodelGraphWalker - Visiting attribute path : activeStatus
17:03:35.995 [Test worker] DEBUG org.hibernate.persister.walking.spi.MetamodelGraphWalker - Visiting attribute path : createdAt
17:03:35.995 [Test worker] DEBUG org.hibernate.persister.walking.spi.MetamodelGraphWalker - Visiting attribute path : orderCertificates
17:03:35.995 [Test worker] DEBUG org.hibernate.loader.plan.build.internal.spaces.QuerySpacesImpl - Adding QuerySpace : uid = <gen:2> -> org.hibernate.loader.plan.build.internal.spaces.CollectionQuerySpaceImpl@6c65e450]
17:03:35.995 [Test worker] DEBUG org.hibernate.loader.plan.build.internal.spaces.QuerySpacesImpl - Adding QuerySpace : uid = <gen:3> -> org.hibernate.loader.plan.build.internal.spaces.EntityQuerySpaceImpl@2d0a03d]
17:03:35.995 [Test worker] DEBUG org.hibernate.persister.walking.spi.MetamodelGraphWalker - Visiting attribute path : user
17:03:35.995 [Test worker] DEBUG org.hibernate.persister.walking.spi.MetamodelGraphWalker - Property path deemed to be circular : user
17:03:35.995 [Test worker] DEBUG org.hibernate.loader.plan.build.internal.FetchStyleLoadPlanBuildingAssociationVisitationStrategy - Building LoadPlan...
17:03:35.995 [Test worker] DEBUG org.hibernate.loader.plan.exec.internal.LoadQueryJoinAndFetchProcessor - processing queryspace <gen:0>
17:03:35.996 [Test worker] DEBUG org.hibernate.loader.plan.build.spi.LoadPlanTreePrinter - LoadPlan(collection=com.epam.esm.entity.User.orders)
    - Returns
       - CollectionReturnImpl(collection=com.epam.esm.entity.User.orders, querySpaceUid=<gen:0>, path=[com.epam.esm.entity.User.orders])
          - (collection element) CollectionFetchableElementEntityGraph(entity=com.epam.esm.entity.Order, querySpaceUid=<gen:1>, path=[com.epam.esm.entity.User.orders].<elements>)
             - CollectionAttributeFetchImpl(collection=com.epam.esm.entity.Order.orderCertificates, querySpaceUid=<gen:2>, path=[com.epam.esm.entity.User.orders].<elements>.orderCertificates)
                - (collection element) CollectionFetchableElementEntityGraph(entity=com.epam.esm.entity.OrderCertificate, querySpaceUid=<gen:3>, path=[com.epam.esm.entity.User.orders].<elements>.orderCertificates.<elements>)
    - QuerySpaces
       - CollectionQuerySpaceImpl(uid=<gen:0>, collection=com.epam.esm.entity.User.orders)
          - SQL table alias mapping - orders0_
          - alias suffix - 0_
          - suffixed key columns - {user_id4_0_0_}
          - entity-element alias suffix - 1_
          - 1_entity-element suffixed key columns - id1_0_1_
          - JOIN (JoinDefinedByMetadata(elements)) : <gen:0> -> <gen:1>
             - EntityQuerySpaceImpl(uid=<gen:1>, entity=com.epam.esm.entity.Order)
                - SQL table alias mapping - orders0_
                - alias suffix - 1_
                - suffixed key columns - {id1_0_1_}

17:03:35.996 [Test worker] DEBUG org.hibernate.loader.collection.plan.CollectionLoader - Static select for collection com.epam.esm.entity.User.orders: select orders0_.user_id as user_id4_0_0_, orders0_.id as id1_0_0_, orders0_.id as id1_0_1_, orders0_.active_status as active_s2_0_1_, orders0_.created_at as created_3_0_1_, orders0_.user_id as user_id4_0_1_ from application_order orders0_ where orders0_.user_id=?
17:03:35.999 [Test worker] DEBUG org.hibernate.SQL - drop table application_order if exists
17:03:35.999 [Test worker] DEBUG org.hibernate.SQL - drop table application_role if exists
17:03:35.999 [Test worker] DEBUG org.hibernate.SQL - drop table application_user if exists
17:03:35.999 [Test worker] DEBUG org.hibernate.SQL - drop table certificate if exists
17:03:35.999 [Test worker] DEBUG org.hibernate.SQL - drop table certificate_tag if exists
17:03:35.999 [Test worker] DEBUG org.hibernate.SQL - drop table entity if exists
17:03:35.999 [Test worker] DEBUG org.hibernate.SQL - drop table order_certificate if exists
17:03:35.999 [Test worker] DEBUG org.hibernate.SQL - drop table tag if exists
17:03:35.999 [Test worker] DEBUG org.hibernate.SQL - create table application_order (id bigint generated by default as identity, active_status boolean, created_at timestamp, user_id bigint, primary key (id))
17:03:36.000 [Test worker] DEBUG org.hibernate.SQL - create table application_role (id bigint generated by default as identity, value varchar(255), primary key (id))
17:03:36.001 [Test worker] DEBUG org.hibernate.SQL - create table application_user (id bigint generated by default as identity, email varchar(255), password varchar(255), refresh_token varchar(255), role_id bigint, primary key (id))
17:03:36.002 [Test worker] DEBUG org.hibernate.SQL - create table certificate (id bigint generated by default as identity, active_status boolean, creation_date date, description varchar(255), expiration_date date, modification_date date, name varchar(255), price decimal(19,2), primary key (id))
17:03:36.003 [Test worker] DEBUG org.hibernate.SQL - create table certificate_tag (certificate_id bigint not null, tag_id bigint not null, primary key (certificate_id, tag_id))
17:03:36.003 [Test worker] DEBUG org.hibernate.SQL - create table entity (id bigint generated by default as identity, primary key (id))
17:03:36.004 [Test worker] DEBUG org.hibernate.SQL - create table order_certificate (id bigint generated by default as identity, expiration_date date, fixed_price decimal(19,2), certificate_id bigint, order_id bigint, primary key (id))
17:03:36.004 [Test worker] DEBUG org.hibernate.SQL - create table tag (id bigint generated by default as identity, title varchar(255), primary key (id))
17:03:36.005 [Test worker] DEBUG org.hibernate.SQL - alter table tag add constraint UK_k5g3urrxw2ym0ls8vo6xfgs65 unique (title)
17:03:36.005 [Test worker] DEBUG org.hibernate.SQL - alter table application_order add constraint FKp4m4jwa9ds4e3gmsdtsvjcty3 foreign key (user_id) references application_user
17:03:36.006 [Test worker] DEBUG org.hibernate.SQL - alter table application_user add constraint FKkb3re6enordhsw7vy7ftgtna4 foreign key (role_id) references application_role
17:03:36.008 [Test worker] DEBUG org.hibernate.SQL - alter table certificate_tag add constraint FKk65jck3ppxm1p372l03sxdtcc foreign key (tag_id) references tag
17:03:36.009 [Test worker] DEBUG org.hibernate.SQL - alter table certificate_tag add constraint FKlrytco6nyamwxl72nog54iymx foreign key (certificate_id) references certificate
17:03:36.010 [Test worker] DEBUG org.hibernate.SQL - alter table order_certificate add constraint FKans0qrkplnas0le7if4ph8n2w foreign key (certificate_id) references certificate
17:03:36.010 [Test worker] DEBUG org.hibernate.SQL - alter table order_certificate add constraint FKlylopteltw5t82w63stck3tb8 foreign key (order_id) references application_order
17:03:36.012 [Test worker] INFO org.hibernate.tool.schema.internal.SchemaCreatorImpl - HHH000476: Executing import script 'org.hibernate.tool.schema.internal.exec.ScriptSourceInputNonExistentImpl@3bb5d12c'
17:03:36.012 [Test worker] DEBUG org.hibernate.query.spi.NamedQueryRepository - Checking 0 named HQL queries
17:03:36.012 [Test worker] DEBUG org.hibernate.query.spi.NamedQueryRepository - Checking 0 named SQL queries
17:03:36.012 [Test worker] DEBUG org.hibernate.internal.SessionFactoryRegistry - Registering SessionFactory: 120d5136-a2c1-4096-9fc2-610b3dee9962 (<unnamed>)
17:03:36.012 [Test worker] DEBUG org.hibernate.internal.SessionFactoryRegistry - Not binding SessionFactory to JNDI, no JNDI name configured
17:03:36.012 [Test worker] INFO org.springframework.orm.jpa.LocalContainerEntityManagerFactoryBean - Initialized JPA EntityManagerFactory for persistence unit 'default'
17:03:36.012 [Test worker] DEBUG org.springframework.jdbc.datasource.DataSourceUtils - Fetching JDBC Connection from DataSource
17:03:36.013 [Test worker] DEBUG org.springframework.beans.factory.support.DefaultListableBeanFactory - Creating shared instance of singleton bean 'testConfig'
17:03:36.013 [Test worker] DEBUG org.springframework.beans.factory.support.DefaultListableBeanFactory - Creating shared instance of singleton bean 'certificateRepository'
17:03:36.014 [Test worker] DEBUG org.springframework.beans.factory.support.DefaultListableBeanFactory - Creating shared instance of singleton bean 'org.springframework.orm.jpa.SharedEntityManagerCreator#0'
17:03:36.016 [Test worker] DEBUG org.springframework.beans.factory.support.DefaultListableBeanFactory - Creating shared instance of singleton bean 'criteriaBuilderHelper'
17:03:36.016 [Test worker] DEBUG org.springframework.beans.factory.support.DefaultListableBeanFactory - Autowiring by type from bean name 'certificateRepository' via constructor to bean named 'org.springframework.orm.jpa.SharedEntityManagerCreator#0'
17:03:36.016 [Test worker] DEBUG org.springframework.beans.factory.support.DefaultListableBeanFactory - Autowiring by type from bean name 'certificateRepository' via constructor to bean named 'criteriaBuilderHelper'
17:03:36.017 [Test worker] DEBUG org.springframework.beans.factory.support.DefaultListableBeanFactory - Creating shared instance of singleton bean 'orderCertificateRepository'
17:03:36.017 [Test worker] DEBUG org.springframework.beans.factory.support.DefaultListableBeanFactory - Autowiring by type from bean name 'orderCertificateRepository' via constructor to bean named 'org.springframework.orm.jpa.SharedEntityManagerCreator#0'
17:03:36.017 [Test worker] DEBUG org.springframework.beans.factory.support.DefaultListableBeanFactory - Creating shared instance of singleton bean 'orderRepository'
17:03:36.018 [Test worker] DEBUG org.springframework.beans.factory.support.DefaultListableBeanFactory - Autowiring by type from bean name 'orderRepository' via constructor to bean named 'org.springframework.orm.jpa.SharedEntityManagerCreator#0'
17:03:36.018 [Test worker] DEBUG org.springframework.beans.factory.support.DefaultListableBeanFactory - Creating shared instance of singleton bean 'tagRepository'
17:03:36.019 [Test worker] DEBUG org.springframework.beans.factory.support.DefaultListableBeanFactory - Autowiring by type from bean name 'tagRepository' via constructor to bean named 'org.springframework.orm.jpa.SharedEntityManagerCreator#0'
17:03:36.019 [Test worker] DEBUG org.springframework.beans.factory.support.DefaultListableBeanFactory - Creating shared instance of singleton bean 'userRepository'
17:03:36.020 [Test worker] DEBUG org.springframework.beans.factory.support.DefaultListableBeanFactory - Autowiring by type from bean name 'userRepository' via constructor to bean named 'org.springframework.orm.jpa.SharedEntityManagerCreator#0'
17:03:36.020 [Test worker] DEBUG org.springframework.beans.factory.support.DefaultListableBeanFactory - Creating shared instance of singleton bean 'org.springframework.boot.autoconfigure.context.PropertyPlaceholderAutoConfiguration'
17:03:36.029 [Test worker] DEBUG org.springframework.beans.factory.support.DefaultListableBeanFactory - Creating shared instance of singleton bean 'org.springframework.boot.autoconfigure.task.TaskExecutionAutoConfiguration'
17:03:36.029 [Test worker] DEBUG org.springframework.core.LocalVariableTableParameterNameDiscoverer - Cannot find '.class' file for class [class org.springframework.boot.autoconfigure.task.TaskExecutionAutoConfiguration$$EnhancerBySpringCGLIB$$30b471bb] - unable to determine constructor/method parameter names
17:03:36.029 [Test worker] DEBUG org.springframework.beans.factory.support.DefaultListableBeanFactory - Creating shared instance of singleton bean 'spring.task.execution-org.springframework.boot.autoconfigure.task.TaskExecutionProperties'
17:03:36.030 [Test worker] DEBUG org.springframework.beans.factory.support.DefaultListableBeanFactory - Autowiring by type from bean name 'org.springframework.boot.autoconfigure.task.TaskExecutionAutoConfiguration' via constructor to bean named 'spring.task.execution-org.springframework.boot.autoconfigure.task.TaskExecutionProperties'
17:03:36.030 [Test worker] DEBUG org.springframework.beans.factory.support.DefaultListableBeanFactory - Creating shared instance of singleton bean 'taskExecutorBuilder'
17:03:36.031 [Test worker] DEBUG org.springframework.beans.factory.support.DefaultListableBeanFactory - Creating shared instance of singleton bean 'org.springframework.boot.autoconfigure.validation.ValidationAutoConfiguration'
17:03:36.031 [Test worker] DEBUG org.springframework.beans.factory.support.DefaultListableBeanFactory - Creating shared instance of singleton bean 'defaultValidator'
17:03:36.031 [Test worker] DEBUG org.hibernate.validator.internal.engine.resolver.TraversableResolvers - Found javax.persistence.Persistence on classpath containing 'getPersistenceUtil'. Assuming JPA 2 environment. Trying to instantiate JPA aware TraversableResolver
17:03:36.031 [Test worker] DEBUG org.hibernate.validator.internal.engine.resolver.TraversableResolvers - Instantiated JPA aware TraversableResolver of type org.hibernate.validator.internal.engine.resolver.JPATraversableResolver.
17:03:36.032 [Test worker] DEBUG org.hibernate.validator.messageinterpolation.ResourceBundleMessageInterpolator - Loaded expression factory via original TCCL
17:03:36.032 [Test worker] DEBUG org.hibernate.validator.internal.engine.resolver.TraversableResolvers - Found javax.persistence.Persistence on classpath containing 'getPersistenceUtil'. Assuming JPA 2 environment. Trying to instantiate JPA aware TraversableResolver
17:03:36.032 [Test worker] DEBUG org.hibernate.validator.internal.engine.resolver.TraversableResolvers - Instantiated JPA aware TraversableResolver of type org.hibernate.validator.internal.engine.resolver.JPATraversableResolver.
17:03:36.032 [Test worker] DEBUG org.hibernate.validator.internal.engine.ConfigurationImpl - Setting custom MessageInterpolator of type org.springframework.validation.beanvalidation.LocaleContextMessageInterpolator
17:03:36.032 [Test worker] DEBUG org.hibernate.validator.internal.engine.ConfigurationImpl - Setting custom ConstraintValidatorFactory of type org.springframework.validation.beanvalidation.SpringConstraintValidatorFactory
17:03:36.032 [Test worker] DEBUG org.hibernate.validator.internal.engine.ConfigurationImpl - Setting custom ParameterNameProvider of type org.springframework.validation.beanvalidation.LocalValidatorFactoryBean$1
17:03:36.032 [Test worker] DEBUG org.hibernate.validator.internal.xml.config.ValidationXmlParser - Trying to load META-INF/validation.xml for XML based Validator configuration.
17:03:36.032 [Test worker] DEBUG org.hibernate.validator.internal.xml.config.ResourceLoaderHelper - Trying to load META-INF/validation.xml via user class loader
17:03:36.033 [Test worker] DEBUG org.hibernate.validator.internal.xml.config.ResourceLoaderHelper - Trying to load META-INF/validation.xml via TCCL
17:03:36.033 [Test worker] DEBUG org.hibernate.validator.internal.xml.config.ResourceLoaderHelper - Trying to load META-INF/validation.xml via Hibernate Validator's class loader
17:03:36.033 [Test worker] DEBUG org.hibernate.validator.internal.xml.config.ValidationXmlParser - No META-INF/validation.xml found. Using annotation based configuration only.
17:03:36.038 [Test worker] DEBUG org.hibernate.validator.internal.engine.ValidatorFactoryImpl - HV000234: Using org.springframework.validation.beanvalidation.LocaleContextMessageInterpolator as ValidatorFactory-scoped message interpolator.
17:03:36.038 [Test worker] DEBUG org.hibernate.validator.internal.engine.ValidatorFactoryImpl - HV000234: Using org.hibernate.validator.internal.engine.resolver.JPATraversableResolver as ValidatorFactory-scoped traversable resolver.
17:03:36.038 [Test worker] DEBUG org.hibernate.validator.internal.engine.ValidatorFactoryImpl - HV000234: Using org.hibernate.validator.internal.util.ExecutableParameterNameProvider as ValidatorFactory-scoped parameter name provider.
17:03:36.038 [Test worker] DEBUG org.hibernate.validator.internal.engine.ValidatorFactoryImpl - HV000234: Using org.hibernate.validator.internal.engine.DefaultClockProvider as ValidatorFactory-scoped clock provider.
17:03:36.038 [Test worker] DEBUG org.hibernate.validator.internal.engine.ValidatorFactoryImpl - HV000234: Using org.hibernate.validator.internal.engine.scripting.DefaultScriptEvaluatorFactory as ValidatorFactory-scoped script evaluator factory.
17:03:36.039 [Test worker] DEBUG org.springframework.beans.factory.support.DefaultListableBeanFactory - Creating shared instance of singleton bean 'org.springframework.boot.autoconfigure.security.oauth2.client.OAuth2RestOperationsConfiguration$SingletonScopedConfiguration'
17:03:36.039 [Test worker] DEBUG org.springframework.beans.factory.support.DefaultListableBeanFactory - Creating shared instance of singleton bean 'oauth2RemoteResource'
17:03:36.040 [Test worker] DEBUG org.springframework.beans.factory.support.DefaultListableBeanFactory - Creating shared instance of singleton bean 'oauth2ClientContext'
17:03:36.040 [Test worker] DEBUG org.springframework.beans.factory.support.DefaultListableBeanFactory - Creating shared instance of singleton bean 'org.springframework.boot.autoconfigure.security.oauth2.client.OAuth2RestOperationsConfiguration'
17:03:36.040 [Test worker] DEBUG org.springframework.beans.factory.support.DefaultListableBeanFactory - Creating shared instance of singleton bean 'org.springframework.boot.autoconfigure.security.oauth2.OAuth2AutoConfiguration'
17:03:36.040 [Test worker] DEBUG org.springframework.core.LocalVariableTableParameterNameDiscoverer - Cannot find '.class' file for class [class org.springframework.boot.autoconfigure.security.oauth2.OAuth2AutoConfiguration$$EnhancerBySpringCGLIB$$5c5e94e5] - unable to determine constructor/method parameter names
17:03:36.040 [Test worker] DEBUG org.springframework.beans.factory.support.DefaultListableBeanFactory - Creating shared instance of singleton bean 'security.oauth2.client-org.springframework.boot.autoconfigure.security.oauth2.OAuth2ClientProperties'
17:03:36.041 [Test worker] DEBUG org.springframework.beans.factory.support.DefaultListableBeanFactory - Autowiring by type from bean name 'org.springframework.boot.autoconfigure.security.oauth2.OAuth2AutoConfiguration' via constructor to bean named 'security.oauth2.client-org.springframework.boot.autoconfigure.security.oauth2.OAuth2ClientProperties'
17:03:36.041 [Test worker] DEBUG org.springframework.beans.factory.support.DefaultListableBeanFactory - Creating shared instance of singleton bean 'resourceServerProperties'
17:03:36.042 [Test worker] DEBUG org.springframework.beans.factory.support.DefaultListableBeanFactory - Creating shared instance of singleton bean 'org.springframework.boot.autoconfigure.jmx.JmxAutoConfiguration'
17:03:36.042 [Test worker] DEBUG org.springframework.beans.factory.support.DefaultListableBeanFactory - Creating shared instance of singleton bean 'mbeanExporter'
17:03:36.043 [Test worker] DEBUG org.springframework.beans.factory.support.DefaultListableBeanFactory - Creating shared instance of singleton bean 'objectNamingStrategy'
17:03:36.043 [Test worker] DEBUG org.springframework.beans.factory.support.DefaultListableBeanFactory - Autowiring by type from bean name 'mbeanExporter' via factory method to bean named 'objectNamingStrategy'
17:03:36.043 [Test worker] DEBUG org.springframework.beans.factory.support.DefaultListableBeanFactory - Creating shared instance of singleton bean 'mbeanServer'
17:03:36.044 [Test worker] DEBUG org.springframework.jmx.support.JmxUtils - Found MBeanServer: com.sun.jmx.mbeanserver.JmxMBeanServer@bc10b92
17:03:36.045 [Test worker] DEBUG org.springframework.beans.factory.support.DefaultListableBeanFactory - Creating shared instance of singleton bean 'org.springframework.boot.autoconfigure.aop.AopAutoConfiguration$CglibAutoProxyConfiguration'
17:03:36.045 [Test worker] DEBUG org.springframework.beans.factory.support.DefaultListableBeanFactory - Creating shared instance of singleton bean 'org.springframework.boot.autoconfigure.aop.AopAutoConfiguration'
17:03:36.045 [Test worker] DEBUG org.springframework.beans.factory.support.DefaultListableBeanFactory - Creating shared instance of singleton bean 'org.springframework.boot.autoconfigure.transaction.jta.JtaAutoConfiguration'
17:03:36.046 [Test worker] DEBUG org.springframework.beans.factory.support.DefaultListableBeanFactory - Creating shared instance of singleton bean 'org.springframework.boot.autoconfigure.jdbc.DataSourceJmxConfiguration$Hikari'
17:03:36.046 [Test worker] DEBUG org.springframework.core.LocalVariableTableParameterNameDiscoverer - Cannot find '.class' file for class [class org.springframework.boot.autoconfigure.jdbc.DataSourceJmxConfiguration$Hikari$$EnhancerBySpringCGLIB$$8eb93a4f] - unable to determine constructor/method parameter names
17:03:36.046 [Test worker] DEBUG org.springframework.beans.factory.support.DefaultListableBeanFactory - Autowiring by type from bean name 'org.springframework.boot.autoconfigure.jdbc.DataSourceJmxConfiguration$Hikari' via constructor to bean named 'dataSource'
17:03:36.046 [Test worker] DEBUG org.springframework.beans.factory.support.DefaultListableBeanFactory - Creating shared instance of singleton bean 'org.springframework.boot.autoconfigure.jdbc.DataSourceJmxConfiguration'
17:03:36.047 [Test worker] DEBUG org.springframework.beans.factory.support.DefaultListableBeanFactory - Creating shared instance of singleton bean 'org.springframework.boot.autoconfigure.jdbc.DataSourceAutoConfiguration$PooledDataSourceConfiguration'
17:03:36.047 [Test worker] DEBUG org.springframework.beans.factory.support.DefaultListableBeanFactory - Creating shared instance of singleton bean 'org.springframework.boot.autoconfigure.jdbc.metadata.DataSourcePoolMetadataProvidersConfiguration'
17:03:36.047 [Test worker] DEBUG org.springframework.beans.factory.support.DefaultListableBeanFactory - Creating shared instance of singleton bean 'org.springframework.boot.autoconfigure.jdbc.DataSourceInitializationConfiguration'
17:03:36.047 [Test worker] DEBUG org.springframework.beans.factory.support.DefaultListableBeanFactory - Creating shared instance of singleton bean 'org.springframework.boot.autoconfigure.jdbc.DataSourceAutoConfiguration'
17:03:36.047 [Test worker] DEBUG org.springframework.beans.factory.support.DefaultListableBeanFactory - Creating shared instance of singleton bean 'transactionManager'
17:03:36.048 [Test worker] DEBUG org.springframework.beans.factory.support.DefaultListableBeanFactory - Creating shared instance of singleton bean 'org.springframework.boot.autoconfigure.orm.jpa.HibernateJpaAutoConfiguration'
17:03:36.048 [Test worker] DEBUG org.springframework.beans.factory.support.DefaultListableBeanFactory - Creating shared instance of singleton bean 'org.springframework.boot.autoconfigure.context.ConfigurationPropertiesAutoConfiguration'
17:03:36.048 [Test worker] DEBUG org.springframework.beans.factory.support.DefaultListableBeanFactory - Creating shared instance of singleton bean 'org.springframework.boot.autoconfigure.dao.PersistenceExceptionTranslationAutoConfiguration'
17:03:36.048 [Test worker] DEBUG org.springframework.beans.factory.support.DefaultListableBeanFactory - Creating shared instance of singleton bean 'org.springframework.boot.autoconfigure.data.jpa.JpaRepositoriesAutoConfiguration'
17:03:36.049 [Test worker] DEBUG org.springframework.beans.factory.support.DefaultListableBeanFactory - Creating shared instance of singleton bean 'org.springframework.data.jpa.util.JpaMetamodelCacheCleanup'
17:03:36.049 [Test worker] DEBUG org.springframework.beans.factory.support.DefaultListableBeanFactory - Creating shared instance of singleton bean 'org.springframework.data.jpa.repository.support.JpaEvaluationContextExtension'
17:03:36.050 [Test worker] DEBUG org.springframework.beans.factory.support.DefaultListableBeanFactory - Creating shared instance of singleton bean 'org.springframework.boot.autoconfigure.jackson.JacksonAutoConfiguration$Jackson2ObjectMapperBuilderCustomizerConfiguration'
17:03:36.050 [Test worker] DEBUG org.springframework.beans.factory.support.DefaultListableBeanFactory - Creating shared instance of singleton bean 'standardJacksonObjectMapperBuilderCustomizer'
17:03:36.050 [Test worker] DEBUG org.springframework.beans.factory.support.DefaultListableBeanFactory - Creating shared instance of singleton bean 'spring.jackson-org.springframework.boot.autoconfigure.jackson.JacksonProperties'
17:03:36.051 [Test worker] DEBUG org.springframework.beans.factory.support.DefaultListableBeanFactory - Autowiring by type from bean name 'standardJacksonObjectMapperBuilderCustomizer' via factory method to bean named 'org.springframework.context.support.GenericApplicationContext@2744a468'
17:03:36.051 [Test worker] DEBUG org.springframework.beans.factory.support.DefaultListableBeanFactory - Autowiring by type from bean name 'standardJacksonObjectMapperBuilderCustomizer' via factory method to bean named 'spring.jackson-org.springframework.boot.autoconfigure.jackson.JacksonProperties'
17:03:36.051 [Test worker] DEBUG org.springframework.beans.factory.support.DefaultListableBeanFactory - Creating shared instance of singleton bean 'org.springframework.boot.autoconfigure.jackson.JacksonAutoConfiguration$JacksonObjectMapperBuilderConfiguration'
17:03:36.051 [Test worker] DEBUG org.springframework.core.LocalVariableTableParameterNameDiscoverer - Cannot find '.class' file for class [class org.springframework.boot.autoconfigure.jackson.JacksonAutoConfiguration$JacksonObjectMapperBuilderConfiguration$$EnhancerBySpringCGLIB$$b2f51a8f] - unable to determine constructor/method parameter names
17:03:36.051 [Test worker] DEBUG org.springframework.beans.factory.support.DefaultListableBeanFactory - Autowiring by type from bean name 'org.springframework.boot.autoconfigure.jackson.JacksonAutoConfiguration$JacksonObjectMapperBuilderConfiguration' via constructor to bean named 'org.springframework.context.support.GenericApplicationContext@2744a468'
17:03:36.052 [Test worker] DEBUG org.springframework.beans.factory.support.DefaultListableBeanFactory - Creating shared instance of singleton bean 'jacksonObjectMapperBuilder'
17:03:36.052 [Test worker] DEBUG org.springframework.beans.factory.support.DefaultListableBeanFactory - Autowiring by type from bean name 'jacksonObjectMapperBuilder' via factory method to bean named 'standardJacksonObjectMapperBuilderCustomizer'
17:03:36.052 [Test worker] DEBUG org.springframework.beans.factory.support.DefaultListableBeanFactory - Creating shared instance of singleton bean 'parameterNamesModule'
17:03:36.052 [Test worker] DEBUG org.springframework.beans.factory.support.DefaultListableBeanFactory - Creating shared instance of singleton bean 'org.springframework.boot.autoconfigure.jackson.JacksonAutoConfiguration$ParameterNamesModuleConfiguration'
17:03:36.053 [Test worker] DEBUG org.springframework.beans.factory.support.DefaultListableBeanFactory - Creating shared instance of singleton bean 'jsonComponentModule'
17:03:36.053 [Test worker] DEBUG org.springframework.beans.factory.support.DefaultListableBeanFactory - Creating shared instance of singleton bean 'org.springframework.boot.autoconfigure.jackson.JacksonAutoConfiguration'
17:03:36.055 [Test worker] DEBUG org.springframework.beans.factory.support.DefaultListableBeanFactory - Creating shared instance of singleton bean 'org.springframework.boot.autoconfigure.jackson.JacksonAutoConfiguration$JacksonObjectMapperConfiguration'
17:03:36.056 [Test worker] DEBUG org.springframework.beans.factory.support.DefaultListableBeanFactory - Creating shared instance of singleton bean 'jacksonObjectMapper'
17:03:36.056 [Test worker] DEBUG org.springframework.beans.factory.support.DefaultListableBeanFactory - Autowiring by type from bean name 'jacksonObjectMapper' via factory method to bean named 'jacksonObjectMapperBuilder'
17:03:36.059 [Test worker] DEBUG org.springframework.beans.factory.support.DefaultListableBeanFactory - Creating shared instance of singleton bean 'org.springframework.boot.autoconfigure.http.HttpMessageConvertersAutoConfiguration$StringHttpMessageConverterConfiguration'
17:03:36.059 [Test worker] DEBUG org.springframework.core.LocalVariableTableParameterNameDiscoverer - Cannot find '.class' file for class [class org.springframework.boot.autoconfigure.http.HttpMessageConvertersAutoConfiguration$StringHttpMessageConverterConfiguration$$EnhancerBySpringCGLIB$$f2566b19] - unable to determine constructor/method parameter names
17:03:36.059 [Test worker] DEBUG org.springframework.beans.factory.support.DefaultListableBeanFactory - Creating shared instance of singleton bean 'spring.http-org.springframework.boot.autoconfigure.http.HttpProperties'
17:03:36.059 [Test worker] DEBUG org.springframework.beans.factory.support.DefaultListableBeanFactory - Autowiring by type from bean name 'org.springframework.boot.autoconfigure.http.HttpMessageConvertersAutoConfiguration$StringHttpMessageConverterConfiguration' via constructor to bean named 'spring.http-org.springframework.boot.autoconfigure.http.HttpProperties'
17:03:36.060 [Test worker] DEBUG org.springframework.beans.factory.support.DefaultListableBeanFactory - Creating shared instance of singleton bean 'stringHttpMessageConverter'
17:03:36.060 [Test worker] DEBUG org.springframework.beans.factory.support.DefaultListableBeanFactory - Creating shared instance of singleton bean 'org.springframework.boot.autoconfigure.http.JacksonHttpMessageConvertersConfiguration$MappingJackson2HttpMessageConverterConfiguration'
17:03:36.061 [Test worker] DEBUG org.springframework.beans.factory.support.DefaultListableBeanFactory - Creating shared instance of singleton bean 'mappingJackson2HttpMessageConverter'
17:03:36.061 [Test worker] DEBUG org.springframework.beans.factory.support.DefaultListableBeanFactory - Autowiring by type from bean name 'mappingJackson2HttpMessageConverter' via factory method to bean named 'jacksonObjectMapper'
17:03:36.061 [Test worker] DEBUG org.springframework.beans.factory.support.DefaultListableBeanFactory - Creating shared instance of singleton bean 'org.springframework.boot.autoconfigure.http.JacksonHttpMessageConvertersConfiguration'
17:03:36.062 [Test worker] DEBUG org.springframework.beans.factory.support.DefaultListableBeanFactory - Creating shared instance of singleton bean 'org.springframework.boot.autoconfigure.http.HttpMessageConvertersAutoConfiguration'
17:03:36.062 [Test worker] DEBUG org.springframework.core.LocalVariableTableParameterNameDiscoverer - Cannot find '.class' file for class [class org.springframework.boot.autoconfigure.http.HttpMessageConvertersAutoConfiguration$$EnhancerBySpringCGLIB$$bf48a479] - unable to determine constructor/method parameter names
17:03:36.063 [Test worker] DEBUG org.springframework.beans.factory.support.DefaultListableBeanFactory - Creating shared instance of singleton bean 'messageConverters'
17:03:36.065 [Test worker] DEBUG org.springframework.beans.factory.support.DefaultListableBeanFactory - Creating shared instance of singleton bean 'org.springframework.boot.autoconfigure.http.codec.CodecsAutoConfiguration$LoggingCodecConfiguration'
17:03:36.065 [Test worker] DEBUG org.springframework.beans.factory.support.DefaultListableBeanFactory - Creating shared instance of singleton bean 'loggingCodecCustomizer'
17:03:36.065 [Test worker] DEBUG org.springframework.beans.factory.support.DefaultListableBeanFactory - Autowiring by type from bean name 'loggingCodecCustomizer' via factory method to bean named 'spring.http-org.springframework.boot.autoconfigure.http.HttpProperties'
17:03:36.066 [Test worker] DEBUG org.springframework.beans.factory.support.DefaultListableBeanFactory - Creating shared instance of singleton bean 'org.springframework.boot.autoconfigure.http.codec.CodecsAutoConfiguration$JacksonCodecConfiguration'
17:03:36.066 [Test worker] DEBUG org.springframework.beans.factory.support.DefaultListableBeanFactory - Creating shared instance of singleton bean 'jacksonCodecCustomizer'
17:03:36.066 [Test worker] DEBUG org.springframework.beans.factory.support.DefaultListableBeanFactory - Autowiring by type from bean name 'jacksonCodecCustomizer' via factory method to bean named 'jacksonObjectMapper'
17:03:36.066 [Test worker] DEBUG org.springframework.beans.factory.support.DefaultListableBeanFactory - Creating shared instance of singleton bean 'org.springframework.boot.autoconfigure.http.codec.CodecsAutoConfiguration'
17:03:36.067 [Test worker] DEBUG org.springframework.beans.factory.support.DefaultListableBeanFactory - Creating shared instance of singleton bean 'org.springframework.boot.autoconfigure.info.ProjectInfoAutoConfiguration'
17:03:36.067 [Test worker] DEBUG org.springframework.core.LocalVariableTableParameterNameDiscoverer - Cannot find '.class' file for class [class org.springframework.boot.autoconfigure.info.ProjectInfoAutoConfiguration$$EnhancerBySpringCGLIB$$e10ee5fe] - unable to determine constructor/method parameter names
17:03:36.067 [Test worker] DEBUG org.springframework.beans.factory.support.DefaultListableBeanFactory - Creating shared instance of singleton bean 'spring.info-org.springframework.boot.autoconfigure.info.ProjectInfoProperties'
17:03:36.067 [Test worker] DEBUG org.springframework.beans.factory.support.DefaultListableBeanFactory - Autowiring by type from bean name 'org.springframework.boot.autoconfigure.info.ProjectInfoAutoConfiguration' via constructor to bean named 'spring.info-org.springframework.boot.autoconfigure.info.ProjectInfoProperties'
17:03:36.068 [Test worker] DEBUG org.springframework.beans.factory.support.DefaultListableBeanFactory - Creating shared instance of singleton bean 'org.springframework.boot.autoconfigure.jdbc.JdbcTemplateAutoConfiguration$JdbcTemplateConfiguration'
17:03:36.068 [Test worker] DEBUG org.springframework.core.LocalVariableTableParameterNameDiscoverer - Cannot find '.class' file for class [class org.springframework.boot.autoconfigure.jdbc.JdbcTemplateAutoConfiguration$JdbcTemplateConfiguration$$EnhancerBySpringCGLIB$$bda00752] - unable to determine constructor/method parameter names
17:03:36.068 [Test worker] DEBUG org.springframework.beans.factory.support.DefaultListableBeanFactory - Creating shared instance of singleton bean 'spring.jdbc-org.springframework.boot.autoconfigure.jdbc.JdbcProperties'
17:03:36.069 [Test worker] DEBUG org.springframework.beans.factory.support.DefaultListableBeanFactory - Autowiring by type from bean name 'org.springframework.boot.autoconfigure.jdbc.JdbcTemplateAutoConfiguration$JdbcTemplateConfiguration' via constructor to bean named 'dataSource'
17:03:36.069 [Test worker] DEBUG org.springframework.beans.factory.support.DefaultListableBeanFactory - Autowiring by type from bean name 'org.springframework.boot.autoconfigure.jdbc.JdbcTemplateAutoConfiguration$JdbcTemplateConfiguration' via constructor to bean named 'spring.jdbc-org.springframework.boot.autoconfigure.jdbc.JdbcProperties'
17:03:36.069 [Test worker] DEBUG org.springframework.beans.factory.support.DefaultListableBeanFactory - Creating shared instance of singleton bean 'jdbcTemplate'
17:03:36.070 [Test worker] DEBUG org.springframework.beans.factory.support.DefaultListableBeanFactory - Creating shared instance of singleton bean 'org.springframework.boot.autoconfigure.jdbc.JdbcTemplateAutoConfiguration$NamedParameterJdbcTemplateConfiguration'
17:03:36.071 [Test worker] DEBUG org.springframework.beans.factory.support.DefaultListableBeanFactory - Creating shared instance of singleton bean 'namedParameterJdbcTemplate'
17:03:36.071 [Test worker] DEBUG org.springframework.beans.factory.support.DefaultListableBeanFactory - Autowiring by type from bean name 'namedParameterJdbcTemplate' via factory method to bean named 'jdbcTemplate'
17:03:36.071 [Test worker] DEBUG org.springframework.beans.factory.support.DefaultListableBeanFactory - Creating shared instance of singleton bean 'org.springframework.boot.autoconfigure.jdbc.JdbcTemplateAutoConfiguration'
17:03:36.072 [Test worker] DEBUG org.springframework.beans.factory.support.DefaultListableBeanFactory - Creating shared instance of singleton bean 'org.springframework.boot.autoconfigure.security.servlet.SecurityAutoConfiguration'
17:03:36.072 [Test worker] DEBUG org.springframework.beans.factory.support.DefaultListableBeanFactory - Creating shared instance of singleton bean 'authenticationEventPublisher'
17:03:36.072 [Test worker] DEBUG org.springframework.beans.factory.support.DefaultListableBeanFactory - Autowiring by type from bean name 'authenticationEventPublisher' via factory method to bean named 'org.springframework.context.support.GenericApplicationContext@2744a468'
17:03:36.072 [Test worker] DEBUG org.springframework.beans.factory.support.DefaultListableBeanFactory - Creating shared instance of singleton bean 'spring.security-org.springframework.boot.autoconfigure.security.SecurityProperties'
17:03:36.073 [Test worker] DEBUG org.springframework.beans.factory.support.DefaultListableBeanFactory - Creating shared instance of singleton bean 'org.springframework.boot.autoconfigure.task.TaskSchedulingAutoConfiguration'
17:03:36.073 [Test worker] DEBUG org.springframework.beans.factory.support.DefaultListableBeanFactory - Creating shared instance of singleton bean 'taskSchedulerBuilder'
17:03:36.073 [Test worker] DEBUG org.springframework.beans.factory.support.DefaultListableBeanFactory - Creating shared instance of singleton bean 'spring.task.scheduling-org.springframework.boot.autoconfigure.task.TaskSchedulingProperties'
17:03:36.074 [Test worker] DEBUG org.springframework.beans.factory.support.DefaultListableBeanFactory - Autowiring by type from bean name 'taskSchedulerBuilder' via factory method to bean named 'spring.task.scheduling-org.springframework.boot.autoconfigure.task.TaskSchedulingProperties'
17:03:36.074 [Test worker] DEBUG org.springframework.beans.factory.support.DefaultListableBeanFactory - Creating shared instance of singleton bean 'org.springframework.boot.autoconfigure.jdbc.DataSourceTransactionManagerAutoConfiguration$DataSourceTransactionManagerConfiguration'
17:03:36.074 [Test worker] DEBUG org.springframework.core.LocalVariableTableParameterNameDiscoverer - Cannot find '.class' file for class [class org.springframework.boot.autoconfigure.jdbc.DataSourceTransactionManagerAutoConfiguration$DataSourceTransactionManagerConfiguration$$EnhancerBySpringCGLIB$$52157154] - unable to determine constructor/method parameter names
17:03:36.074 [Test worker] DEBUG org.springframework.beans.factory.support.DefaultListableBeanFactory - Autowiring by type from bean name 'org.springframework.boot.autoconfigure.jdbc.DataSourceTransactionManagerAutoConfiguration$DataSourceTransactionManagerConfiguration' via constructor to bean named 'dataSource'
17:03:36.075 [Test worker] DEBUG org.springframework.beans.factory.support.DefaultListableBeanFactory - Creating shared instance of singleton bean 'org.springframework.boot.autoconfigure.jdbc.DataSourceTransactionManagerAutoConfiguration'
17:03:36.075 [Test worker] DEBUG org.springframework.beans.factory.support.DefaultListableBeanFactory - Creating shared instance of singleton bean 'org.springframework.boot.autoconfigure.transaction.TransactionAutoConfiguration$EnableTransactionManagementConfiguration$CglibAutoProxyConfiguration'
17:03:36.075 [Test worker] DEBUG org.springframework.beans.factory.support.DefaultListableBeanFactory - Creating shared instance of singleton bean 'org.springframework.boot.autoconfigure.transaction.TransactionAutoConfiguration$EnableTransactionManagementConfiguration'
17:03:36.075 [Test worker] DEBUG org.springframework.beans.factory.support.DefaultListableBeanFactory - Creating shared instance of singleton bean 'org.springframework.boot.autoconfigure.transaction.TransactionAutoConfiguration$TransactionTemplateConfiguration'
17:03:36.076 [Test worker] DEBUG org.springframework.core.LocalVariableTableParameterNameDiscoverer - Cannot find '.class' file for class [class org.springframework.boot.autoconfigure.transaction.TransactionAutoConfiguration$TransactionTemplateConfiguration$$EnhancerBySpringCGLIB$$a39f3627] - unable to determine constructor/method parameter names
17:03:36.076 [Test worker] DEBUG org.springframework.beans.factory.support.DefaultListableBeanFactory - Autowiring by type from bean name 'org.springframework.boot.autoconfigure.transaction.TransactionAutoConfiguration$TransactionTemplateConfiguration' via constructor to bean named 'transactionManager'
17:03:36.076 [Test worker] DEBUG org.springframework.beans.factory.support.DefaultListableBeanFactory - Creating shared instance of singleton bean 'transactionTemplate'
17:03:36.076 [Test worker] DEBUG org.springframework.beans.factory.support.DefaultListableBeanFactory - Creating shared instance of singleton bean 'org.springframework.boot.autoconfigure.web.client.RestTemplateAutoConfiguration'
17:03:36.077 [Test worker] DEBUG org.springframework.core.LocalVariableTableParameterNameDiscoverer - Cannot find '.class' file for class [class org.springframework.boot.autoconfigure.web.client.RestTemplateAutoConfiguration$$EnhancerBySpringCGLIB$$402ad266] - unable to determine constructor/method parameter names
17:03:36.077 [Test worker] DEBUG org.springframework.beans.factory.support.DefaultListableBeanFactory - Creating shared instance of singleton bean 'restTemplateBuilder'
17:03:36.080 [Test worker] DEBUG org.springframework.jmx.export.annotation.AnnotationMBeanExporter - Registering beans for JMX exposure on startup
17:03:36.080 [Test worker] DEBUG org.springframework.jmx.export.annotation.AnnotationMBeanExporter - Autodetecting user-defined JMX MBeans
17:03:36.080 [Test worker] DEBUG org.springframework.jmx.export.annotation.AnnotationMBeanExporter - Bean with name 'dataSource' has been autodetected for JMX exposure
17:03:36.081 [Test worker] DEBUG org.springframework.jmx.export.annotation.AnnotationMBeanExporter - Located MBean 'dataSource': registering with JMX server as MBean [com.zaxxer.hikari:name=dataSource,type=HikariDataSource]
17:03:36.082 [Test worker] DEBUG org.springframework.test.context.cache.DefaultCacheAwareContextLoaderDelegate - Storing ApplicationContext in cache under key [[MergedContextConfiguration@32c2b767 testClass = UserRepositoryTest, locations = '{}', classes = '{class com.epam.esm.TestConfig}', contextInitializerClasses = '[]', activeProfiles = '{}', propertySourceLocations = '{}', propertySourceProperties = '{}', contextCustomizers = set[[empty]], contextLoader = 'org.springframework.test.context.support.DelegatingSmartContextLoader', parent = [null]]]
17:03:36.082 [Test worker] DEBUG org.springframework.test.context.cache - Spring test ApplicationContext cache statistics: [DefaultContextCache@2bed31e4 size = 1, maxSize = 32, parentContextCount = 0, hitCount = 43, missCount = 18]
17:03:36.083 [Test worker] DEBUG org.springframework.test.context.support.AbstractDirtiesContextTestExecutionListener - Before test method: context [DefaultTestContext@76bf0ea0 testClass = UserRepositoryTest, testInstance = com.epam.esm.repository.UserRepositoryTest@7c8a1b11, testMethod = findByEmail@UserRepositoryTest, testException = [null], mergedContextConfiguration = [MergedContextConfiguration@32c2b767 testClass = UserRepositoryTest, locations = '{}', classes = '{class com.epam.esm.TestConfig}', contextInitializerClasses = '[]', activeProfiles = '{}', propertySourceLocations = '{}', propertySourceProperties = '{}', contextCustomizers = set[[empty]], contextLoader = 'org.springframework.test.context.support.DelegatingSmartContextLoader', parent = [null]], attributes = map[[empty]]], class annotated with @DirtiesContext [true] with mode [AFTER_EACH_TEST_METHOD], method annotated with @DirtiesContext [false] with mode [null].
17:03:36.084 [Test worker] DEBUG org.springframework.test.context.transaction.TransactionalTestExecutionListener - Explicit transaction definition [PROPAGATION_REQUIRED,ISOLATION_DEFAULT] found for test context [DefaultTestContext@76bf0ea0 testClass = UserRepositoryTest, testInstance = com.epam.esm.repository.UserRepositoryTest@7c8a1b11, testMethod = findByEmail@UserRepositoryTest, testException = [null], mergedContextConfiguration = [MergedContextConfiguration@32c2b767 testClass = UserRepositoryTest, locations = '{}', classes = '{class com.epam.esm.TestConfig}', contextInitializerClasses = '[]', activeProfiles = '{}', propertySourceLocations = '{}', propertySourceProperties = '{}', contextCustomizers = set[[empty]], contextLoader = 'org.springframework.test.context.support.DelegatingSmartContextLoader', parent = [null]], attributes = map[[empty]]]
17:03:36.084 [Test worker] DEBUG org.springframework.test.context.cache.DefaultCacheAwareContextLoaderDelegate - Retrieved ApplicationContext from cache with key [[MergedContextConfiguration@32c2b767 testClass = UserRepositoryTest, locations = '{}', classes = '{class com.epam.esm.TestConfig}', contextInitializerClasses = '[]', activeProfiles = '{}', propertySourceLocations = '{}', propertySourceProperties = '{}', contextCustomizers = set[[empty]], contextLoader = 'org.springframework.test.context.support.DelegatingSmartContextLoader', parent = [null]]]
17:03:36.084 [Test worker] DEBUG org.springframework.test.context.cache - Spring test ApplicationContext cache statistics: [DefaultContextCache@2bed31e4 size = 1, maxSize = 32, parentContextCount = 0, hitCount = 44, missCount = 18]
17:03:36.084 [Test worker] DEBUG org.springframework.test.context.transaction.TransactionalTestExecutionListener - No method-level @Rollback override: using default rollback [true] for test context [DefaultTestContext@76bf0ea0 testClass = UserRepositoryTest, testInstance = com.epam.esm.repository.UserRepositoryTest@7c8a1b11, testMethod = findByEmail@UserRepositoryTest, testException = [null], mergedContextConfiguration = [MergedContextConfiguration@32c2b767 testClass = UserRepositoryTest, locations = '{}', classes = '{class com.epam.esm.TestConfig}', contextInitializerClasses = '[]', activeProfiles = '{}', propertySourceLocations = '{}', propertySourceProperties = '{}', contextCustomizers = set[[empty]], contextLoader = 'org.springframework.test.context.support.DelegatingSmartContextLoader', parent = [null]], attributes = map[[empty]]].
17:03:36.084 [Test worker] DEBUG org.springframework.orm.jpa.JpaTransactionManager - Creating new transaction with name [com.epam.esm.repository.UserRepositoryTest.findByEmail]: PROPAGATION_REQUIRED,ISOLATION_DEFAULT
17:03:36.084 [Test worker] DEBUG org.hibernate.stat.internal.StatisticsInitiator - Statistics initialized [enabled=false]
17:03:36.085 [Test worker] DEBUG org.springframework.orm.jpa.JpaTransactionManager - Opened new EntityManager [SessionImpl(1944503369<open>)] for JPA transaction
17:03:36.085 [Test worker] DEBUG org.hibernate.engine.transaction.internal.TransactionImpl - On TransactionImpl creation, JpaCompliance#isJpaTransactionComplianceEnabled == false
17:03:36.085 [Test worker] DEBUG org.hibernate.engine.transaction.internal.TransactionImpl - begin
17:03:36.085 [Test worker] DEBUG org.springframework.orm.jpa.JpaTransactionManager - Exposing JPA transaction as JDBC [org.springframework.orm.jpa.vendor.HibernateJpaDialect$HibernateConnectionHandle@58d14563]
17:03:36.085 [Test worker] INFO org.springframework.test.context.transaction.TransactionContext - Began transaction (1) for test context [DefaultTestContext@76bf0ea0 testClass = UserRepositoryTest, testInstance = com.epam.esm.repository.UserRepositoryTest@7c8a1b11, testMethod = findByEmail@UserRepositoryTest, testException = [null], mergedContextConfiguration = [MergedContextConfiguration@32c2b767 testClass = UserRepositoryTest, locations = '{}', classes = '{class com.epam.esm.TestConfig}', contextInitializerClasses = '[]', activeProfiles = '{}', propertySourceLocations = '{}', propertySourceProperties = '{}', contextCustomizers = set[[empty]], contextLoader = 'org.springframework.test.context.support.DelegatingSmartContextLoader', parent = [null]], attributes = map[[empty]]]; transaction manager [org.springframework.orm.jpa.JpaTransactionManager@7eab254b]; rollback [true]
17:03:36.085 [Test worker] DEBUG org.springframework.test.context.jdbc.SqlScriptsTestExecutionListener - Processing [MergedSqlConfig@7504189e dataSource = '', transactionManager = '', transactionMode = INFERRED, encoding = '', separator = ';', commentPrefix = '--', blockCommentStartDelimiter = '/*', blockCommentEndDelimiter = '*/', errorMode = FAIL_ON_ERROR] for execution phase [BEFORE_TEST_METHOD] and test context [DefaultTestContext@76bf0ea0 testClass = UserRepositoryTest, testInstance = com.epam.esm.repository.UserRepositoryTest@7c8a1b11, testMethod = findByEmail@UserRepositoryTest, testException = [null], mergedContextConfiguration = [MergedContextConfiguration@32c2b767 testClass = UserRepositoryTest, locations = '{}', classes = '{class com.epam.esm.TestConfig}', contextInitializerClasses = '[]', activeProfiles = '{}', propertySourceLocations = '{}', propertySourceProperties = '{}', contextCustomizers = set[[empty]], contextLoader = 'org.springframework.test.context.support.DelegatingSmartContextLoader', parent = [null]], attributes = map[[empty]]].
17:03:36.085 [Test worker] DEBUG org.springframework.test.context.cache.DefaultCacheAwareContextLoaderDelegate - Retrieved ApplicationContext from cache with key [[MergedContextConfiguration@32c2b767 testClass = UserRepositoryTest, locations = '{}', classes = '{class com.epam.esm.TestConfig}', contextInitializerClasses = '[]', activeProfiles = '{}', propertySourceLocations = '{}', propertySourceProperties = '{}', contextCustomizers = set[[empty]], contextLoader = 'org.springframework.test.context.support.DelegatingSmartContextLoader', parent = [null]]]
17:03:36.085 [Test worker] DEBUG org.springframework.test.context.cache - Spring test ApplicationContext cache statistics: [DefaultContextCache@2bed31e4 size = 1, maxSize = 32, parentContextCount = 0, hitCount = 45, missCount = 18]
17:03:36.085 [Test worker] DEBUG org.springframework.test.context.jdbc.SqlScriptsTestExecutionListener - Executing SQL scripts: [Byte array resource [from inlined SQL statement: insert into application_role (value) values ('admin'), ('user'), ('guest');INSERT INTO application_user(email, password, role_id) VALUES ('pldi@gmail.com', 'Qwertyui1!', 1);]]
17:03:36.085 [Test worker] DEBUG org.springframework.test.context.cache.DefaultCacheAwareContextLoaderDelegate - Retrieved ApplicationContext from cache with key [[MergedContextConfiguration@32c2b767 testClass = UserRepositoryTest, locations = '{}', classes = '{class com.epam.esm.TestConfig}', contextInitializerClasses = '[]', activeProfiles = '{}', propertySourceLocations = '{}', propertySourceProperties = '{}', contextCustomizers = set[[empty]], contextLoader = 'org.springframework.test.context.support.DelegatingSmartContextLoader', parent = [null]]]
17:03:36.085 [Test worker] DEBUG org.springframework.test.context.cache - Spring test ApplicationContext cache statistics: [DefaultContextCache@2bed31e4 size = 1, maxSize = 32, parentContextCount = 0, hitCount = 46, missCount = 18]
17:03:36.086 [Test worker] DEBUG org.springframework.test.context.cache.DefaultCacheAwareContextLoaderDelegate - Retrieved ApplicationContext from cache with key [[MergedContextConfiguration@32c2b767 testClass = UserRepositoryTest, locations = '{}', classes = '{class com.epam.esm.TestConfig}', contextInitializerClasses = '[]', activeProfiles = '{}', propertySourceLocations = '{}', propertySourceProperties = '{}', contextCustomizers = set[[empty]], contextLoader = 'org.springframework.test.context.support.DelegatingSmartContextLoader', parent = [null]]]
17:03:36.086 [Test worker] DEBUG org.springframework.test.context.cache - Spring test ApplicationContext cache statistics: [DefaultContextCache@2bed31e4 size = 1, maxSize = 32, parentContextCount = 0, hitCount = 47, missCount = 18]
17:03:36.086 [Test worker] DEBUG org.springframework.orm.jpa.JpaTransactionManager - Found thread-bound EntityManager [SessionImpl(1944503369<open>)] for JPA transaction
17:03:36.086 [Test worker] DEBUG org.springframework.orm.jpa.JpaTransactionManager - Participating in existing transaction
17:03:36.086 [Test worker] DEBUG org.springframework.jdbc.datasource.init.ScriptUtils - Executing SQL script from Byte array resource [from inlined SQL statement: insert into application_role (value) values ('admin'), ('user'), ('guest');INSERT INTO application_user(email, password, role_id) VALUES ('pldi@gmail.com', 'Qwertyui1!', 1);]
17:03:36.086 [Test worker] DEBUG org.springframework.jdbc.datasource.init.ScriptUtils - 3 returned as update count for SQL: insert into application_role (value) values ('admin'), ('user'), ('guest')
17:03:36.087 [Test worker] DEBUG org.springframework.jdbc.datasource.init.ScriptUtils - 1 returned as update count for SQL: INSERT INTO application_user(email, password, role_id) VALUES ('pldi@gmail.com', 'Qwertyui1!', 1)
17:03:36.087 [Test worker] DEBUG org.springframework.jdbc.datasource.init.ScriptUtils - Executed SQL script from Byte array resource [from inlined SQL statement: insert into application_role (value) values ('admin'), ('user'), ('guest');INSERT INTO application_user(email, password, role_id) VALUES ('pldi@gmail.com', 'Qwertyui1!', 1);] in 1 ms.
17:03:36.096 [Test worker] DEBUG org.hibernate.query.criteria.internal.CriteriaQueryImpl - Rendered criteria query -> select generatedAlias0 from User as generatedAlias0 where generatedAlias0.email=:param0
17:03:36.097 [Test worker] DEBUG org.hibernate.hql.internal.QueryTranslatorFactoryInitiator - QueryTranslatorFactory : org.hibernate.hql.internal.ast.ASTQueryTranslatorFactory@77f7ec72
17:03:36.097 [Test worker] INFO org.hibernate.hql.internal.QueryTranslatorFactoryInitiator - HHH000397: Using ASTQueryTranslatorFactory
17:03:36.097 [Test worker] DEBUG org.hibernate.hql.internal.ast.QueryTranslatorImpl - parse() - HQL: select generatedAlias0 from com.epam.esm.entity.User as generatedAlias0 where generatedAlias0.email=:param0
17:03:36.098 [Test worker] DEBUG org.hibernate.hql.internal.ast.ErrorTracker - throwQueryException() : no errors
17:03:36.099 [Test worker] DEBUG org.hibernate.hql.internal.ast.QueryTranslatorImpl - --- HQL AST ---
 \-[QUERY] Node: 'query'
    +-[SELECT_FROM] Node: 'SELECT_FROM'
    |  +-[FROM] Node: 'from'
    |  |  \-[RANGE] Node: 'RANGE'
    |  |     +-[DOT] Node: '.'
    |  |     |  +-[DOT] Node: '.'
    |  |     |  |  +-[DOT] Node: '.'
    |  |     |  |  |  +-[DOT] Node: '.'
    |  |     |  |  |  |  +-[IDENT] Node: 'com'
    |  |     |  |  |  |  \-[IDENT] Node: 'epam'
    |  |     |  |  |  \-[IDENT] Node: 'esm'
    |  |     |  |  \-[IDENT] Node: 'entity'
    |  |     |  \-[IDENT] Node: 'User'
    |  |     \-[ALIAS] Node: 'generatedAlias0'
    |  \-[SELECT] Node: 'select'
    |     \-[IDENT] Node: 'generatedAlias0'
    \-[WHERE] Node: 'where'
       \-[EQ] Node: '='
          +-[DOT] Node: '.'
          |  +-[IDENT] Node: 'generatedAlias0'
          |  \-[IDENT] Node: 'email'
          \-[COLON] Node: ':'
             \-[IDENT] Node: 'param0'

17:03:36.099 [Test worker] DEBUG org.hibernate.hql.internal.antlr.HqlSqlBaseWalker - select << begin [level=1, statement=select]
17:03:36.099 [Test worker] DEBUG org.hibernate.hql.internal.ast.tree.FromElement - FromClause{level=1} : com.epam.esm.entity.User (generatedAlias0) -> user0_
17:03:36.100 [Test worker] DEBUG org.hibernate.hql.internal.ast.tree.FromReferenceNode - Resolved : generatedAlias0 -> user0_.id
17:03:36.102 [Test worker] DEBUG org.hibernate.hql.internal.ast.tree.FromReferenceNode - Resolved : generatedAlias0 -> user0_.id
17:03:36.102 [Test worker] DEBUG org.hibernate.hql.internal.ast.tree.DotNode - getDataType() : email -> org.hibernate.type.StringType@7b9aad94
17:03:36.102 [Test worker] DEBUG org.hibernate.hql.internal.ast.tree.FromReferenceNode - Resolved : generatedAlias0.email -> user0_.email
17:03:36.104 [Test worker] DEBUG org.hibernate.hql.internal.antlr.HqlSqlBaseWalker - select : finishing up [level=1, statement=select]
17:03:36.104 [Test worker] DEBUG org.hibernate.hql.internal.ast.HqlSqlWalker - processQuery() :  ( SELECT ( {select clause} user0_.id ) ( FromClause{level=1} application_user user0_ ) ( where ( = ( user0_.email user0_.id email ) ? ) ) )
17:03:36.104 [Test worker] DEBUG org.hibernate.hql.internal.ast.util.JoinProcessor - Using FROM fragment [application_user user0_]
17:03:36.104 [Test worker] DEBUG org.hibernate.hql.internal.antlr.HqlSqlBaseWalker - select >> end [level=1, statement=select]
17:03:36.104 [Test worker] DEBUG org.hibernate.hql.internal.ast.QueryTranslatorImpl - --- SQL AST ---
 \-[SELECT] QueryNode: 'SELECT'  querySpaces (application_user)
    +-[SELECT_CLAUSE] SelectClause: '{select clause}'
    |  +-[ALIAS_REF] IdentNode: 'user0_.id as id1_2_' {alias=generatedAlias0, className=com.epam.esm.entity.User, tableAlias=user0_}
    |  \-[SQL_TOKEN] SqlFragment: 'user0_.email as email2_2_, user0_.password as password3_2_, user0_.refresh_token as refresh_4_2_, user0_.role_id as role_id5_2_'
    +-[FROM] FromClause: 'from' FromClause{level=1, fromElementCounter=1, fromElements=1, fromElementByClassAlias=[generatedAlias0], fromElementByTableAlias=[user0_], fromElementsByPath=[], collectionJoinFromElementsByPath=[], impliedElements=[]}
    |  \-[FROM_FRAGMENT] FromElement: 'application_user user0_' FromElement{explicit,not a collection join,not a fetch join,fetch non-lazy properties,classAlias=generatedAlias0,role=null,tableName=application_user,tableAlias=user0_,origin=null,columns={,className=com.epam.esm.entity.User}}
    \-[WHERE] SqlNode: 'where'
       \-[EQ] BinaryLogicOperatorNode: '='
          +-[DOT] DotNode: 'user0_.email' {propertyName=email,dereferenceType=PRIMITIVE,getPropertyPath=email,path=generatedAlias0.email,tableAlias=user0_,className=com.epam.esm.entity.User,classAlias=generatedAlias0}
          |  +-[ALIAS_REF] IdentNode: 'user0_.id' {alias=generatedAlias0, className=com.epam.esm.entity.User, tableAlias=user0_}
          |  \-[IDENT] IdentNode: 'email' {originalText=email}
          \-[NAMED_PARAM] ParameterNode: '?' {name=param0, expectedType=org.hibernate.type.StringType@7b9aad94}

17:03:36.104 [Test worker] DEBUG org.hibernate.hql.internal.ast.ErrorTracker - throwQueryException() : no errors
17:03:36.104 [Test worker] DEBUG org.hibernate.hql.internal.ast.QueryTranslatorImpl - HQL: select generatedAlias0 from com.epam.esm.entity.User as generatedAlias0 where generatedAlias0.email=:param0
17:03:36.104 [Test worker] DEBUG org.hibernate.hql.internal.ast.QueryTranslatorImpl - SQL: select user0_.id as id1_2_, user0_.email as email2_2_, user0_.password as password3_2_, user0_.refresh_token as refresh_4_2_, user0_.role_id as role_id5_2_ from application_user user0_ where user0_.email=?
17:03:36.104 [Test worker] DEBUG org.hibernate.hql.internal.ast.ErrorTracker - throwQueryException() : no errors
17:03:36.110 [Test worker] DEBUG org.hibernate.SQL - select user0_.id as id1_2_, user0_.email as email2_2_, user0_.password as password3_2_, user0_.refresh_token as refresh_4_2_, user0_.role_id as role_id5_2_ from application_user user0_ where user0_.email=?
17:03:36.111 [Test worker] DEBUG org.hibernate.loader.Loader - Result set row: 0
17:03:36.111 [Test worker] DEBUG org.hibernate.loader.Loader - Result row: EntityKey[com.epam.esm.entity.User#1]
17:03:36.111 [Test worker] DEBUG org.hibernate.engine.internal.TwoPhaseLoad - Resolving associations for [com.epam.esm.entity.User#1]
17:03:36.111 [Test worker] DEBUG org.hibernate.SQL - select role0_.id as id1_1_0_, role0_.value as value2_1_0_ from application_role role0_ where role0_.id=?
17:03:36.112 [Test worker] DEBUG org.hibernate.loader.plan.exec.process.internal.ResultSetProcessorImpl - Starting ResultSet row #0
17:03:36.112 [Test worker] DEBUG org.hibernate.loader.plan.exec.process.internal.EntityReferenceInitializerImpl - On call to EntityIdentifierReaderImpl#resolve, EntityKey was already known; should only happen on root returns with an optional identifier specified
17:03:36.112 [Test worker] DEBUG org.hibernate.engine.internal.TwoPhaseLoad - Resolving associations for [com.epam.esm.entity.Role#1]
17:03:36.112 [Test worker] DEBUG org.hibernate.engine.internal.TwoPhaseLoad - Done materializing entity [com.epam.esm.entity.Role#1]
17:03:36.113 [Test worker] DEBUG org.hibernate.loader.entity.plan.AbstractLoadPlanBasedEntityLoader - Done entity load : com.epam.esm.entity.Role#1
17:03:36.113 [Test worker] DEBUG org.hibernate.engine.internal.TwoPhaseLoad - Done materializing entity [com.epam.esm.entity.User#1]
17:03:36.113 [Test worker] DEBUG org.hibernate.query.criteria.internal.CriteriaQueryImpl - Rendered criteria query -> select generatedAlias0 from User as generatedAlias0 where generatedAlias0.email=:param0
17:03:36.114 [Test worker] DEBUG org.hibernate.event.internal.AbstractFlushingEventListener - Processing flush-time cascades
17:03:36.114 [Test worker] DEBUG org.hibernate.event.internal.AbstractFlushingEventListener - Dirty checking collections
17:03:36.117 [Test worker] DEBUG org.hibernate.engine.internal.Collections - Collection found: [com.epam.esm.entity.User.orders#1], was: [com.epam.esm.entity.User.orders#1] (uninitialized)
17:03:36.118 [Test worker] DEBUG org.hibernate.event.internal.AbstractFlushingEventListener - Flushed: 0 insertions, 0 updates, 0 deletions to 2 objects
17:03:36.118 [Test worker] DEBUG org.hibernate.event.internal.AbstractFlushingEventListener - Flushed: 0 (re)creations, 0 updates, 0 removals to 1 collections
17:03:36.119 [Test worker] DEBUG org.hibernate.internal.util.EntityPrinter - Listing entities:
17:03:36.119 [Test worker] DEBUG org.hibernate.internal.util.EntityPrinter - com.epam.esm.entity.User{password=Qwertyui1!, role=com.epam.esm.entity.Role#1, orders=<uninitialized>, id=1, email=pldi@gmail.com, refreshToken=null}
17:03:36.119 [Test worker] DEBUG org.hibernate.internal.util.EntityPrinter - com.epam.esm.entity.Role{id=1, value=admin}
17:03:36.119 [Test worker] DEBUG org.hibernate.SQL - select user0_.id as id1_2_, user0_.email as email2_2_, user0_.password as password3_2_, user0_.refresh_token as refresh_4_2_, user0_.role_id as role_id5_2_ from application_user user0_ where user0_.email=?
17:03:36.120 [Test worker] DEBUG org.hibernate.loader.Loader - Result set row: 0
17:03:36.120 [Test worker] DEBUG org.hibernate.loader.Loader - Result row: EntityKey[com.epam.esm.entity.User#1]
17:03:36.120 [Test worker] DEBUG org.hibernate.loader.collection.plan.AbstractLoadPlanBasedCollectionInitializer - Loading collection: [com.epam.esm.entity.User.orders#1]
17:03:36.120 [Test worker] DEBUG org.hibernate.SQL - select orders0_.user_id as user_id4_0_0_, orders0_.id as id1_0_0_, orders0_.id as id1_0_1_, orders0_.active_status as active_s2_0_1_, orders0_.created_at as created_3_0_1_, orders0_.user_id as user_id4_0_1_ from application_order orders0_ where orders0_.user_id=?
17:03:36.120 [Test worker] DEBUG org.hibernate.loader.plan.exec.process.internal.ResultSetProcessorImpl - Preparing collection intializer : [com.epam.esm.entity.User.orders#1]
17:03:36.121 [Test worker] DEBUG org.hibernate.engine.loading.internal.CollectionLoadContext - 1 collections were found in result set for role: com.epam.esm.entity.User.orders
17:03:36.121 [Test worker] DEBUG org.hibernate.engine.loading.internal.CollectionLoadContext - Collection fully initialized: [com.epam.esm.entity.User.orders#1]
17:03:36.121 [Test worker] DEBUG org.hibernate.engine.loading.internal.CollectionLoadContext - 1 collections initialized for role: com.epam.esm.entity.User.orders
17:03:36.121 [Test worker] DEBUG org.hibernate.loader.collection.plan.AbstractLoadPlanBasedCollectionInitializer - Done loading collection
17:03:36.121 [Test worker] DEBUG org.springframework.orm.jpa.JpaTransactionManager - Initiating transaction rollback
17:03:36.121 [Test worker] DEBUG org.springframework.orm.jpa.JpaTransactionManager - Rolling back JPA transaction on EntityManager [SessionImpl(1944503369<open>)]
17:03:36.121 [Test worker] DEBUG org.hibernate.engine.transaction.internal.TransactionImpl - rolling back
17:03:36.122 [Test worker] DEBUG org.springframework.orm.jpa.JpaTransactionManager - Closing JPA EntityManager [SessionImpl(1944503369<open>)] after transaction
17:03:36.122 [Test worker] INFO org.springframework.test.context.transaction.TransactionContext - Rolled back transaction for test context [DefaultTestContext@76bf0ea0 testClass = UserRepositoryTest, testInstance = com.epam.esm.repository.UserRepositoryTest@7c8a1b11, testMethod = findByEmail@UserRepositoryTest, testException = [null], mergedContextConfiguration = [MergedContextConfiguration@32c2b767 testClass = UserRepositoryTest, locations = '{}', classes = '{class com.epam.esm.TestConfig}', contextInitializerClasses = '[]', activeProfiles = '{}', propertySourceLocations = '{}', propertySourceProperties = '{}', contextCustomizers = set[[empty]], contextLoader = 'org.springframework.test.context.support.DelegatingSmartContextLoader', parent = [null]], attributes = map[[empty]]].
17:03:36.122 [Test worker] DEBUG org.springframework.test.context.support.AbstractDirtiesContextTestExecutionListener - After test method: context [DefaultTestContext@76bf0ea0 testClass = UserRepositoryTest, testInstance = com.epam.esm.repository.UserRepositoryTest@7c8a1b11, testMethod = findByEmail@UserRepositoryTest, testException = [null], mergedContextConfiguration = [MergedContextConfiguration@32c2b767 testClass = UserRepositoryTest, locations = '{}', classes = '{class com.epam.esm.TestConfig}', contextInitializerClasses = '[]', activeProfiles = '{}', propertySourceLocations = '{}', propertySourceProperties = '{}', contextCustomizers = set[[empty]], contextLoader = 'org.springframework.test.context.support.DelegatingSmartContextLoader', parent = [null]], attributes = map[[empty]]], class annotated with @DirtiesContext [true] with mode [AFTER_EACH_TEST_METHOD], method annotated with @DirtiesContext [false] with mode [null].
17:03:36.122 [Test worker] DEBUG org.springframework.context.support.GenericApplicationContext - Closing org.springframework.context.support.GenericApplicationContext@2744a468, started on Wed Oct 23 17:03:35 MSK 2019
17:03:36.122 [Test worker] DEBUG org.springframework.jmx.export.annotation.AnnotationMBeanExporter - Unregistering JMX-exposed beans on shutdown
17:03:36.122 [Test worker] DEBUG org.springframework.jmx.export.annotation.AnnotationMBeanExporter - Unregistering JMX-exposed beans
17:03:36.122 [Test worker] INFO org.springframework.orm.jpa.LocalContainerEntityManagerFactoryBean - Closing JPA EntityManagerFactory for persistence unit 'default'
17:03:36.123 [Test worker] DEBUG org.hibernate.internal.SessionFactoryImpl - HHH000031: Closing
17:03:36.123 [Test worker] INFO org.hibernate.tool.schema.internal.SchemaDropperImpl$DelayedDropActionImpl - HHH000477: Starting delayed evictData of schema as part of SessionFactory shut-down'
17:03:36.123 [Test worker] DEBUG org.hibernate.SQL - drop table application_order if exists
17:03:36.123 [Test worker] DEBUG org.hibernate.SQL - drop table application_role if exists
17:03:36.124 [Test worker] DEBUG org.hibernate.SQL - drop table application_user if exists
17:03:36.124 [Test worker] DEBUG org.hibernate.SQL - drop table certificate if exists
17:03:36.125 [Test worker] DEBUG org.hibernate.SQL - drop table certificate_tag if exists
17:03:36.126 [Test worker] DEBUG org.hibernate.SQL - drop table entity if exists
17:03:36.126 [Test worker] DEBUG org.hibernate.SQL - drop table order_certificate if exists
17:03:36.126 [Test worker] DEBUG org.hibernate.SQL - drop table tag if exists
17:03:36.127 [Test worker] DEBUG org.hibernate.type.spi.TypeConfiguration$Scope - Un-scoping TypeConfiguration [org.hibernate.type.spi.TypeConfiguration$Scope@15d05e77] from SessionFactory [org.hibernate.internal.SessionFactoryImpl@37f360c5]
17:03:36.127 [Test worker] DEBUG org.hibernate.service.internal.AbstractServiceRegistryImpl - Implicitly destroying ServiceRegistry on de-registration of all child ServiceRegistries
17:03:36.127 [Test worker] DEBUG org.hibernate.boot.registry.internal.BootstrapServiceRegistryImpl - Implicitly destroying Boot-strap registry on de-registration of all child ServiceRegistries
17:03:36.127 [Test worker] INFO com.zaxxer.hikari.HikariDataSource - HikariPool-18 - Shutdown initiated...
17:03:36.127 [Test worker] DEBUG com.zaxxer.hikari.pool.HikariPool - HikariPool-18 - Before shutdown stats (total=10, active=0, idle=10, waiting=0)
17:03:36.127 [HikariPool-18 connection closer] DEBUG com.zaxxer.hikari.pool.PoolBase - HikariPool-18 - Closing connection conn170: url=jdbc:h2:mem:testdb user=SA: (connection evicted)
17:03:36.128 [HikariPool-18 connection closer] DEBUG com.zaxxer.hikari.pool.PoolBase - HikariPool-18 - Closing connection conn171: url=jdbc:h2:mem:testdb user=SA: (connection evicted)
17:03:36.128 [HikariPool-18 connection closer] DEBUG com.zaxxer.hikari.pool.PoolBase - HikariPool-18 - Closing connection conn172: url=jdbc:h2:mem:testdb user=SA: (connection evicted)
17:03:36.128 [HikariPool-18 connection closer] DEBUG com.zaxxer.hikari.pool.PoolBase - HikariPool-18 - Closing connection conn173: url=jdbc:h2:mem:testdb user=SA: (connection evicted)
17:03:36.128 [HikariPool-18 connection closer] DEBUG com.zaxxer.hikari.pool.PoolBase - HikariPool-18 - Closing connection conn174: url=jdbc:h2:mem:testdb user=SA: (connection evicted)
17:03:36.128 [HikariPool-18 connection closer] DEBUG com.zaxxer.hikari.pool.PoolBase - HikariPool-18 - Closing connection conn175: url=jdbc:h2:mem:testdb user=SA: (connection evicted)
17:03:36.128 [HikariPool-18 connection closer] DEBUG com.zaxxer.hikari.pool.PoolBase - HikariPool-18 - Closing connection conn176: url=jdbc:h2:mem:testdb user=SA: (connection evicted)
17:03:36.128 [HikariPool-18 connection closer] DEBUG com.zaxxer.hikari.pool.PoolBase - HikariPool-18 - Closing connection conn177: url=jdbc:h2:mem:testdb user=SA: (connection evicted)
17:03:36.128 [HikariPool-18 connection closer] DEBUG com.zaxxer.hikari.pool.PoolBase - HikariPool-18 - Closing connection conn178: url=jdbc:h2:mem:testdb user=SA: (connection evicted)
17:03:36.128 [HikariPool-18 connection closer] DEBUG com.zaxxer.hikari.pool.PoolBase - HikariPool-18 - Closing connection conn179: url=jdbc:h2:mem:testdb user=SA: (connection evicted)
17:03:36.128 [Test worker] DEBUG com.zaxxer.hikari.pool.HikariPool - HikariPool-18 - After shutdown stats (total=0, active=0, idle=0, waiting=0)
17:03:36.128 [Test worker] INFO com.zaxxer.hikari.HikariDataSource - HikariPool-18 - Shutdown completed.
17:03:36.128 [Test worker] DEBUG org.springframework.test.context.support.DependencyInjectionTestExecutionListener - Performing dependency injection for test context [[DefaultTestContext@76bf0ea0 testClass = UserRepositoryTest, testInstance = com.epam.esm.repository.UserRepositoryTest@25e001db, testMethod = [null], testException = [null], mergedContextConfiguration = [MergedContextConfiguration@32c2b767 testClass = UserRepositoryTest, locations = '{}', classes = '{class com.epam.esm.TestConfig}', contextInitializerClasses = '[]', activeProfiles = '{}', propertySourceLocations = '{}', propertySourceProperties = '{}', contextCustomizers = set[[empty]], contextLoader = 'org.springframework.test.context.support.DelegatingSmartContextLoader', parent = [null]], attributes = map['org.springframework.test.context.support.DependencyInjectionTestExecutionListener.reinjectDependencies' -> true]]].
17:03:36.129 [Test worker] DEBUG org.springframework.test.context.support.AbstractDelegatingSmartContextLoader - Delegating to AnnotationConfigContextLoader to load context from [MergedContextConfiguration@32c2b767 testClass = UserRepositoryTest, locations = '{}', classes = '{class com.epam.esm.TestConfig}', contextInitializerClasses = '[]', activeProfiles = '{}', propertySourceLocations = '{}', propertySourceProperties = '{}', contextCustomizers = set[[empty]], contextLoader = 'org.springframework.test.context.support.DelegatingSmartContextLoader', parent = [null]].
17:03:36.129 [Test worker] DEBUG org.springframework.test.context.support.AbstractGenericContextLoader - Loading ApplicationContext for merged context configuration [[MergedContextConfiguration@32c2b767 testClass = UserRepositoryTest, locations = '{}', classes = '{class com.epam.esm.TestConfig}', contextInitializerClasses = '[]', activeProfiles = '{}', propertySourceLocations = '{}', propertySourceProperties = '{}', contextCustomizers = set[[empty]], contextLoader = 'org.springframework.test.context.support.DelegatingSmartContextLoader', parent = [null]]].
17:03:36.129 [Test worker] DEBUG org.springframework.core.env.StandardEnvironment - Activating profiles []
17:03:36.129 [Test worker] DEBUG org.springframework.test.context.support.AnnotationConfigContextLoader - Registering annotated classes: {class com.epam.esm.TestConfig}
17:03:36.129 [Test worker] DEBUG org.springframework.context.support.GenericApplicationContext - Refreshing org.springframework.context.support.GenericApplicationContext@46d50e61
17:03:36.130 [Test worker] DEBUG org.springframework.beans.factory.support.DefaultListableBeanFactory - Creating shared instance of singleton bean 'org.springframework.context.annotation.internalConfigurationAnnotationProcessor'
17:03:36.138 [Test worker] DEBUG org.springframework.context.annotation.ClassPathBeanDefinitionScanner - Identified candidate component class: file [/Users/dzmitryplatonov/Desktop/workdir/giftcertificates/datasource/build/classes/java/main/com/epam/esm/repository/CertificateRepository.class]
17:03:36.139 [Test worker] DEBUG org.springframework.context.annotation.ClassPathBeanDefinitionScanner - Identified candidate component class: file [/Users/dzmitryplatonov/Desktop/workdir/giftcertificates/datasource/build/classes/java/main/com/epam/esm/repository/OrderCertificateRepository.class]
17:03:36.139 [Test worker] DEBUG org.springframework.context.annotation.ClassPathBeanDefinitionScanner - Identified candidate component class: file [/Users/dzmitryplatonov/Desktop/workdir/giftcertificates/datasource/build/classes/java/main/com/epam/esm/repository/OrderRepository.class]
17:03:36.139 [Test worker] DEBUG org.springframework.context.annotation.ClassPathBeanDefinitionScanner - Identified candidate component class: file [/Users/dzmitryplatonov/Desktop/workdir/giftcertificates/datasource/build/classes/java/main/com/epam/esm/repository/TagRepository.class]
17:03:36.139 [Test worker] DEBUG org.springframework.context.annotation.ClassPathBeanDefinitionScanner - Identified candidate component class: file [/Users/dzmitryplatonov/Desktop/workdir/giftcertificates/datasource/build/classes/java/main/com/epam/esm/repository/UserRepository.class]
17:03:36.140 [Test worker] DEBUG org.springframework.context.annotation.ClassPathBeanDefinitionScanner - Identified candidate component class: file [/Users/dzmitryplatonov/Desktop/workdir/giftcertificates/datasource/build/classes/java/main/com/epam/esm/repository/predicate/CriteriaBuilderHelper.class]
17:03:36.198 [Test worker] DEBUG org.springframework.beans.factory.support.DefaultListableBeanFactory - Creating shared instance of singleton bean 'org.springframework.boot.autoconfigure.condition.BeanTypeRegistry'
17:03:36.206 [Test worker] INFO org.springframework.data.repository.config.RepositoryConfigurationDelegate - Bootstrapping Spring Data repositories in DEFAULT mode.
17:03:36.206 [Test worker] DEBUG org.springframework.beans.factory.support.DefaultListableBeanFactory - Creating shared instance of singleton bean 'org.springframework.boot.autoconfigure.AutoConfigurationPackages'
17:03:36.206 [Test worker] DEBUG org.springframework.boot.autoconfigure.AutoConfigurationPackages - @EnableAutoConfiguration was declared on a class in the package 'com.epam.esm'. Automatic @Repository and @Entity scanning is enabled.
17:03:36.206 [Test worker] DEBUG org.springframework.data.repository.config.RepositoryConfigurationDelegate - Scanning for repositories in packages com.epam.esm.
17:03:36.210 [Test worker] INFO org.springframework.data.repository.config.RepositoryConfigurationDelegate - Finished Spring Data repository scanning in 4ms. Found 0 repository interfaces.
17:03:36.220 [Test worker] DEBUG org.springframework.beans.factory.support.DefaultListableBeanFactory - Creating shared instance of singleton bean 'propertySourcesPlaceholderConfigurer'
17:03:36.221 [Test worker] DEBUG org.springframework.beans.factory.support.DefaultListableBeanFactory - Creating shared instance of singleton bean 'emBeanDefinitionRegistrarPostProcessor'
17:03:36.221 [Test worker] DEBUG org.springframework.beans.factory.support.DefaultListableBeanFactory - Creating shared instance of singleton bean 'org.springframework.context.event.internalEventListenerProcessor'
17:03:36.222 [Test worker] DEBUG org.springframework.beans.factory.support.DefaultListableBeanFactory - Creating shared instance of singleton bean 'org.springframework.boot.context.properties.ConfigurationBeanFactoryMetadata'
17:03:36.222 [Test worker] DEBUG org.springframework.beans.factory.support.DefaultListableBeanFactory - Creating shared instance of singleton bean 'org.springframework.context.event.internalEventListenerFactory'
17:03:36.222 [Test worker] DEBUG org.springframework.beans.factory.support.DefaultListableBeanFactory - Creating shared instance of singleton bean 'org.springframework.transaction.config.internalTransactionalEventListenerFactory'
17:03:36.222 [Test worker] DEBUG org.springframework.beans.factory.support.DefaultListableBeanFactory - Creating shared instance of singleton bean 'org.springframework.context.annotation.internalAutowiredAnnotationProcessor'
17:03:36.223 [Test worker] DEBUG org.springframework.beans.factory.support.DefaultListableBeanFactory - Creating shared instance of singleton bean 'org.springframework.context.annotation.internalCommonAnnotationProcessor'
17:03:36.223 [Test worker] DEBUG org.springframework.beans.factory.support.DefaultListableBeanFactory - Creating shared instance of singleton bean 'org.springframework.context.annotation.internalPersistenceAnnotationProcessor'
17:03:36.223 [Test worker] DEBUG org.springframework.beans.factory.support.DefaultListableBeanFactory - Creating shared instance of singleton bean 'org.springframework.boot.context.properties.ConfigurationPropertiesBindingPostProcessor'
17:03:36.223 [Test worker] DEBUG org.springframework.beans.factory.support.DefaultListableBeanFactory - Creating shared instance of singleton bean 'methodValidationPostProcessor'
17:03:36.223 [Test worker] DEBUG org.springframework.beans.factory.support.DefaultListableBeanFactory - Autowiring by type from bean name 'methodValidationPostProcessor' via factory method to bean named 'environment'
17:03:36.224 [Test worker] DEBUG org.springframework.beans.factory.support.DefaultListableBeanFactory - Creating shared instance of singleton bean 'org.springframework.aop.config.internalAutoProxyCreator'
17:03:36.225 [Test worker] DEBUG org.springframework.beans.factory.support.DefaultListableBeanFactory - Creating shared instance of singleton bean 'dataSourceInitializerPostProcessor'
17:03:36.225 [Test worker] DEBUG org.springframework.beans.factory.support.DefaultListableBeanFactory - Creating shared instance of singleton bean 'persistenceExceptionTranslationPostProcessor'
17:03:36.225 [Test worker] DEBUG org.springframework.beans.factory.support.DefaultListableBeanFactory - Autowiring by type from bean name 'persistenceExceptionTranslationPostProcessor' via factory method to bean named 'environment'
17:03:36.226 [Test worker] DEBUG org.springframework.beans.factory.support.DefaultListableBeanFactory - Creating shared instance of singleton bean 'dataSourceInitializedPublisher'
17:03:36.226 [Test worker] DEBUG org.springframework.beans.factory.support.DefaultListableBeanFactory - Creating shared instance of singleton bean 'entityManagerFactory'
17:03:36.227 [Test worker] DEBUG org.springframework.beans.factory.support.DefaultListableBeanFactory - Creating shared instance of singleton bean 'org.springframework.transaction.config.internalTransactionAdvisor'
17:03:36.227 [Test worker] DEBUG org.springframework.beans.factory.support.DefaultListableBeanFactory - Creating shared instance of singleton bean 'org.springframework.transaction.annotation.ProxyTransactionManagementConfiguration'
17:03:36.229 [Test worker] DEBUG org.springframework.beans.factory.support.DefaultListableBeanFactory - Creating shared instance of singleton bean 'transactionAttributeSource'
17:03:36.229 [Test worker] DEBUG org.springframework.beans.factory.support.DefaultListableBeanFactory - Creating shared instance of singleton bean 'transactionInterceptor'
17:03:36.230 [Test worker] DEBUG org.springframework.beans.factory.support.DefaultListableBeanFactory - Creating shared instance of singleton bean 'org.springframework.boot.autoconfigure.orm.jpa.HibernateJpaConfiguration'
17:03:36.230 [Test worker] DEBUG org.springframework.core.LocalVariableTableParameterNameDiscoverer - Cannot find '.class' file for class [class org.springframework.boot.autoconfigure.orm.jpa.HibernateJpaConfiguration$$EnhancerBySpringCGLIB$$c3eb9b54] - unable to determine constructor/method parameter names
17:03:36.230 [Test worker] DEBUG org.springframework.beans.factory.support.DefaultListableBeanFactory - Creating shared instance of singleton bean 'dataSource'
17:03:36.230 [Test worker] DEBUG org.springframework.beans.factory.support.DefaultListableBeanFactory - Creating shared instance of singleton bean 'org.springframework.boot.autoconfigure.jdbc.DataSourceConfiguration$Hikari'
17:03:36.231 [Test worker] DEBUG org.springframework.beans.factory.support.DefaultListableBeanFactory - Creating shared instance of singleton bean 'spring.datasource-org.springframework.boot.autoconfigure.jdbc.DataSourceProperties'
17:03:36.232 [Test worker] DEBUG org.springframework.beans.factory.support.DefaultListableBeanFactory - Autowiring by type from bean name 'dataSource' via factory method to bean named 'spring.datasource-org.springframework.boot.autoconfigure.jdbc.DataSourceProperties'
17:03:36.234 [Test worker] DEBUG com.zaxxer.hikari.HikariConfig - Driver class org.h2.Driver found in Thread context class loader jdk.internal.loader.ClassLoaders$AppClassLoader@2c13da15
17:03:36.238 [Test worker] DEBUG org.springframework.beans.factory.support.DefaultListableBeanFactory - Creating shared instance of singleton bean 'org.springframework.boot.autoconfigure.jdbc.DataSourceInitializerInvoker'
17:03:36.238 [Test worker] DEBUG org.springframework.beans.factory.support.DefaultListableBeanFactory - Autowiring by type from bean name 'org.springframework.boot.autoconfigure.jdbc.DataSourceInitializerInvoker' via constructor to bean named 'spring.datasource-org.springframework.boot.autoconfigure.jdbc.DataSourceProperties'
17:03:36.238 [Test worker] DEBUG org.springframework.beans.factory.support.DefaultListableBeanFactory - Autowiring by type from bean name 'org.springframework.boot.autoconfigure.jdbc.DataSourceInitializerInvoker' via constructor to bean named 'org.springframework.context.support.GenericApplicationContext@46d50e61'
17:03:36.239 [Test worker] DEBUG org.springframework.beans.factory.support.DefaultListableBeanFactory - Creating shared instance of singleton bean 'spring.jpa-org.springframework.boot.autoconfigure.orm.jpa.JpaProperties'
17:03:36.240 [Test worker] DEBUG org.springframework.beans.factory.support.DefaultListableBeanFactory - Creating shared instance of singleton bean 'spring.jpa.hibernate-org.springframework.boot.autoconfigure.orm.jpa.HibernateProperties'
17:03:36.241 [Test worker] DEBUG org.springframework.beans.factory.support.DefaultListableBeanFactory - Autowiring by type from bean name 'org.springframework.boot.autoconfigure.orm.jpa.HibernateJpaConfiguration' via constructor to bean named 'dataSource'
17:03:36.241 [Test worker] DEBUG org.springframework.beans.factory.support.DefaultListableBeanFactory - Autowiring by type from bean name 'org.springframework.boot.autoconfigure.orm.jpa.HibernateJpaConfiguration' via constructor to bean named 'spring.jpa-org.springframework.boot.autoconfigure.orm.jpa.JpaProperties'
17:03:36.241 [Test worker] DEBUG org.springframework.beans.factory.support.DefaultListableBeanFactory - Autowiring by type from bean name 'org.springframework.boot.autoconfigure.orm.jpa.HibernateJpaConfiguration' via constructor to bean named 'org.springframework.beans.factory.support.DefaultListableBeanFactory@5ce4da9a'
17:03:36.241 [Test worker] DEBUG org.springframework.beans.factory.support.DefaultListableBeanFactory - Autowiring by type from bean name 'org.springframework.boot.autoconfigure.orm.jpa.HibernateJpaConfiguration' via constructor to bean named 'spring.jpa.hibernate-org.springframework.boot.autoconfigure.orm.jpa.HibernateProperties'
17:03:36.241 [Test worker] DEBUG org.springframework.beans.factory.support.DefaultListableBeanFactory - Creating shared instance of singleton bean 'platformTransactionManagerCustomizers'
17:03:36.241 [Test worker] DEBUG org.springframework.beans.factory.support.DefaultListableBeanFactory - Creating shared instance of singleton bean 'org.springframework.boot.autoconfigure.transaction.TransactionAutoConfiguration'
17:03:36.242 [Test worker] DEBUG org.springframework.beans.factory.support.DefaultListableBeanFactory - Creating shared instance of singleton bean 'spring.transaction-org.springframework.boot.autoconfigure.transaction.TransactionProperties'
17:03:36.243 [Test worker] DEBUG org.springframework.beans.factory.support.DefaultListableBeanFactory - Creating shared instance of singleton bean 'hikariPoolDataSourceMetadataProvider'
17:03:36.243 [Test worker] DEBUG org.springframework.beans.factory.support.DefaultListableBeanFactory - Creating shared instance of singleton bean 'org.springframework.boot.autoconfigure.jdbc.metadata.DataSourcePoolMetadataProvidersConfiguration$HikariPoolDataSourceMetadataProviderConfiguration'
17:03:36.245 [Test worker] DEBUG org.springframework.beans.factory.support.DefaultListableBeanFactory - Creating shared instance of singleton bean 'entityManagerFactoryBuilder'
17:03:36.245 [Test worker] DEBUG org.springframework.beans.factory.support.DefaultListableBeanFactory - Creating shared instance of singleton bean 'jpaVendorAdapter'
17:03:36.245 [Test worker] DEBUG org.springframework.jdbc.datasource.DataSourceUtils - Fetching JDBC Connection from DataSource
17:03:36.245 [Test worker] DEBUG com.zaxxer.hikari.HikariConfig - HikariPool-19 - configuration:
17:03:36.245 [Test worker] DEBUG com.zaxxer.hikari.HikariConfig - allowPoolSuspension.............false
17:03:36.245 [Test worker] DEBUG com.zaxxer.hikari.HikariConfig - autoCommit......................true
17:03:36.245 [Test worker] DEBUG com.zaxxer.hikari.HikariConfig - catalog.........................none
17:03:36.245 [Test worker] DEBUG com.zaxxer.hikari.HikariConfig - connectionInitSql...............none
17:03:36.245 [Test worker] DEBUG com.zaxxer.hikari.HikariConfig - connectionTestQuery.............none
17:03:36.246 [Test worker] DEBUG com.zaxxer.hikari.HikariConfig - connectionTimeout...............30000
17:03:36.246 [Test worker] DEBUG com.zaxxer.hikari.HikariConfig - dataSource......................none
17:03:36.246 [Test worker] DEBUG com.zaxxer.hikari.HikariConfig - dataSourceClassName.............none
17:03:36.246 [Test worker] DEBUG com.zaxxer.hikari.HikariConfig - dataSourceJNDI..................none
17:03:36.246 [Test worker] DEBUG com.zaxxer.hikari.HikariConfig - dataSourceProperties............{password=<masked>}
17:03:36.246 [Test worker] DEBUG com.zaxxer.hikari.HikariConfig - driverClassName................."org.h2.Driver"
17:03:36.246 [Test worker] DEBUG com.zaxxer.hikari.HikariConfig - healthCheckProperties...........{}
17:03:36.246 [Test worker] DEBUG com.zaxxer.hikari.HikariConfig - healthCheckRegistry.............none
17:03:36.246 [Test worker] DEBUG com.zaxxer.hikari.HikariConfig - idleTimeout.....................600000
17:03:36.246 [Test worker] DEBUG com.zaxxer.hikari.HikariConfig - initializationFailTimeout.......1
17:03:36.246 [Test worker] DEBUG com.zaxxer.hikari.HikariConfig - isolateInternalQueries..........false
17:03:36.246 [Test worker] DEBUG com.zaxxer.hikari.HikariConfig - jdbcUrl.........................jdbc:h2:mem:testdb;DB_CLOSE_DELAY=-1;DB_CLOSE_ON_EXIT=FALSE
17:03:36.246 [Test worker] DEBUG com.zaxxer.hikari.HikariConfig - leakDetectionThreshold..........0
17:03:36.246 [Test worker] DEBUG com.zaxxer.hikari.HikariConfig - maxLifetime.....................1800000
17:03:36.246 [Test worker] DEBUG com.zaxxer.hikari.HikariConfig - maximumPoolSize.................10
17:03:36.246 [Test worker] DEBUG com.zaxxer.hikari.HikariConfig - metricRegistry..................none
17:03:36.246 [Test worker] DEBUG com.zaxxer.hikari.HikariConfig - metricsTrackerFactory...........none
17:03:36.246 [Test worker] DEBUG com.zaxxer.hikari.HikariConfig - minimumIdle.....................10
17:03:36.246 [Test worker] DEBUG com.zaxxer.hikari.HikariConfig - password........................<masked>
17:03:36.246 [Test worker] DEBUG com.zaxxer.hikari.HikariConfig - poolName........................"HikariPool-19"
17:03:36.246 [Test worker] DEBUG com.zaxxer.hikari.HikariConfig - readOnly........................false
17:03:36.246 [Test worker] DEBUG com.zaxxer.hikari.HikariConfig - registerMbeans..................false
17:03:36.246 [Test worker] DEBUG com.zaxxer.hikari.HikariConfig - scheduledExecutor...............none
17:03:36.246 [Test worker] DEBUG com.zaxxer.hikari.HikariConfig - schema..........................none
17:03:36.246 [Test worker] DEBUG com.zaxxer.hikari.HikariConfig - threadFactory...................internal
17:03:36.246 [Test worker] DEBUG com.zaxxer.hikari.HikariConfig - transactionIsolation............default
17:03:36.246 [Test worker] DEBUG com.zaxxer.hikari.HikariConfig - username........................"sa"
17:03:36.246 [Test worker] DEBUG com.zaxxer.hikari.HikariConfig - validationTimeout...............5000
17:03:36.246 [Test worker] INFO com.zaxxer.hikari.HikariDataSource - HikariPool-19 - Starting...
17:03:36.247 [Test worker] DEBUG com.zaxxer.hikari.pool.HikariPool - HikariPool-19 - Added connection conn180: url=jdbc:h2:mem:testdb user=SA
17:03:36.247 [Test worker] INFO com.zaxxer.hikari.HikariDataSource - HikariPool-19 - Start completed.
17:03:36.248 [Test worker] DEBUG org.springframework.beans.factory.support.DefaultListableBeanFactory - Autowiring by type from bean name 'entityManagerFactoryBuilder' via factory method to bean named 'jpaVendorAdapter'
17:03:36.249 [Test worker] DEBUG org.springframework.beans.factory.support.DefaultListableBeanFactory - Autowiring by type from bean name 'entityManagerFactory' via factory method to bean named 'entityManagerFactoryBuilder'
17:03:36.249 [Test worker] DEBUG org.springframework.jdbc.datasource.DataSourceUtils - Fetching JDBC Connection from DataSource
17:03:36.253 [Test worker] DEBUG org.springframework.orm.jpa.LocalContainerEntityManagerFactoryBean - Building JPA container EntityManagerFactory for persistence unit 'default'
17:03:36.253 [Test worker] DEBUG org.hibernate.jpa.internal.util.LogHelper - PersistenceUnitInfo [
	name: default
	persistence provider classname: null
	classloader: jdk.internal.loader.ClassLoaders$AppClassLoader@2c13da15
	excludeUnlistedClasses: true
	JTA datasource: null
	Non JTA datasource: HikariDataSource (HikariPool-19)
	Transaction type: RESOURCE_LOCAL
	PU root URL: file:/Users/dzmitryplatonov/Desktop/workdir/giftcertificates/datasource/build/classes/java/test/
	Shared Cache Mode: UNSPECIFIED
	Validation Mode: AUTO
	Jar files URLs []
	Managed classes names [
		com.epam.esm.entity.Entity
		com.epam.esm.entity.GiftCertificate
		com.epam.esm.entity.Order
		com.epam.esm.entity.OrderCertificate
		com.epam.esm.entity.Role
		com.epam.esm.entity.Tag
		com.epam.esm.entity.User]
	Mapping files names []
	Properties []
17:03:36.253 [Test worker] DEBUG org.hibernate.integrator.internal.IntegratorServiceImpl - Adding Integrator [org.hibernate.cfg.beanvalidation.BeanValidationIntegrator].
17:03:36.253 [Test worker] DEBUG org.hibernate.integrator.internal.IntegratorServiceImpl - Adding Integrator [org.hibernate.secure.spi.JaccIntegrator].
17:03:36.253 [Test worker] DEBUG org.hibernate.integrator.internal.IntegratorServiceImpl - Adding Integrator [org.hibernate.cache.internal.CollectionCacheInvalidator].
17:03:36.254 [Test worker] DEBUG org.hibernate.service.spi.ServiceBinding - Overriding existing service binding [org.hibernate.secure.spi.JaccService]
17:03:36.254 [Test worker] DEBUG org.hibernate.cache.internal.RegionFactoryInitiator - Cannot default RegionFactory based on registered strategies as `[]` RegionFactory strategies were registered
17:03:36.254 [Test worker] DEBUG org.hibernate.cache.internal.RegionFactoryInitiator - Cache region factory : org.hibernate.cache.internal.NoCachingRegionFactory
17:03:36.255 [Test worker] DEBUG org.hibernate.type.BasicTypeRegistry - Adding type registration boolean -> org.hibernate.type.BooleanType@7a361749
17:03:36.255 [Test worker] DEBUG org.hibernate.type.BasicTypeRegistry - Adding type registration boolean -> org.hibernate.type.BooleanType@7a361749
17:03:36.255 [Test worker] DEBUG org.hibernate.type.BasicTypeRegistry - Adding type registration java.lang.Boolean -> org.hibernate.type.BooleanType@7a361749
17:03:36.255 [Test worker] DEBUG org.hibernate.type.BasicTypeRegistry - Adding type registration numeric_boolean -> org.hibernate.type.NumericBooleanType@35b10044
17:03:36.255 [Test worker] DEBUG org.hibernate.type.BasicTypeRegistry - Adding type registration true_false -> org.hibernate.type.TrueFalseType@1b7f764d
17:03:36.255 [Test worker] DEBUG org.hibernate.type.BasicTypeRegistry - Adding type registration yes_no -> org.hibernate.type.YesNoType@726eb0b7
17:03:36.255 [Test worker] DEBUG org.hibernate.type.BasicTypeRegistry - Adding type registration byte -> org.hibernate.type.ByteType@17cb58e9
17:03:36.255 [Test worker] DEBUG org.hibernate.type.BasicTypeRegistry - Adding type registration byte -> org.hibernate.type.ByteType@17cb58e9
17:03:36.255 [Test worker] DEBUG org.hibernate.type.BasicTypeRegistry - Adding type registration java.lang.Byte -> org.hibernate.type.ByteType@17cb58e9
17:03:36.255 [Test worker] DEBUG org.hibernate.type.BasicTypeRegistry - Adding type registration character -> org.hibernate.type.CharacterType@30f0ba0d
17:03:36.255 [Test worker] DEBUG org.hibernate.type.BasicTypeRegistry - Adding type registration char -> org.hibernate.type.CharacterType@30f0ba0d
17:03:36.255 [Test worker] DEBUG org.hibernate.type.BasicTypeRegistry - Adding type registration java.lang.Character -> org.hibernate.type.CharacterType@30f0ba0d
17:03:36.255 [Test worker] DEBUG org.hibernate.type.BasicTypeRegistry - Adding type registration short -> org.hibernate.type.ShortType@27eea72e
17:03:36.255 [Test worker] DEBUG org.hibernate.type.BasicTypeRegistry - Adding type registration short -> org.hibernate.type.ShortType@27eea72e
17:03:36.255 [Test worker] DEBUG org.hibernate.type.BasicTypeRegistry - Adding type registration java.lang.Short -> org.hibernate.type.ShortType@27eea72e
17:03:36.255 [Test worker] DEBUG org.hibernate.type.BasicTypeRegistry - Adding type registration integer -> org.hibernate.type.IntegerType@3e734867
17:03:36.255 [Test worker] DEBUG org.hibernate.type.BasicTypeRegistry - Adding type registration int -> org.hibernate.type.IntegerType@3e734867
17:03:36.255 [Test worker] DEBUG org.hibernate.type.BasicTypeRegistry - Adding type registration java.lang.Integer -> org.hibernate.type.IntegerType@3e734867
17:03:36.255 [Test worker] DEBUG org.hibernate.type.BasicTypeRegistry - Adding type registration long -> org.hibernate.type.LongType@10654366
17:03:36.255 [Test worker] DEBUG org.hibernate.type.BasicTypeRegistry - Adding type registration long -> org.hibernate.type.LongType@10654366
17:03:36.255 [Test worker] DEBUG org.hibernate.type.BasicTypeRegistry - Adding type registration java.lang.Long -> org.hibernate.type.LongType@10654366
17:03:36.255 [Test worker] DEBUG org.hibernate.type.BasicTypeRegistry - Adding type registration float -> org.hibernate.type.FloatType@1072c4c1
17:03:36.255 [Test worker] DEBUG org.hibernate.type.BasicTypeRegistry - Adding type registration float -> org.hibernate.type.FloatType@1072c4c1
17:03:36.255 [Test worker] DEBUG org.hibernate.type.BasicTypeRegistry - Adding type registration java.lang.Float -> org.hibernate.type.FloatType@1072c4c1
17:03:36.255 [Test worker] DEBUG org.hibernate.type.BasicTypeRegistry - Adding type registration double -> org.hibernate.type.DoubleType@383d90d3
17:03:36.255 [Test worker] DEBUG org.hibernate.type.BasicTypeRegistry - Adding type registration double -> org.hibernate.type.DoubleType@383d90d3
17:03:36.255 [Test worker] DEBUG org.hibernate.type.BasicTypeRegistry - Adding type registration java.lang.Double -> org.hibernate.type.DoubleType@383d90d3
17:03:36.255 [Test worker] DEBUG org.hibernate.type.BasicTypeRegistry - Adding type registration big_decimal -> org.hibernate.type.BigDecimalType@322ff0c5
17:03:36.256 [Test worker] DEBUG org.hibernate.type.BasicTypeRegistry - Adding type registration java.math.BigDecimal -> org.hibernate.type.BigDecimalType@322ff0c5
17:03:36.256 [Test worker] DEBUG org.hibernate.type.BasicTypeRegistry - Adding type registration big_integer -> org.hibernate.type.BigIntegerType@219d1f47
17:03:36.256 [Test worker] DEBUG org.hibernate.type.BasicTypeRegistry - Adding type registration java.math.BigInteger -> org.hibernate.type.BigIntegerType@219d1f47
17:03:36.256 [Test worker] DEBUG org.hibernate.type.BasicTypeRegistry - Adding type registration string -> org.hibernate.type.StringType@7b9aad94
17:03:36.256 [Test worker] DEBUG org.hibernate.type.BasicTypeRegistry - Adding type registration java.lang.String -> org.hibernate.type.StringType@7b9aad94
17:03:36.256 [Test worker] DEBUG org.hibernate.type.BasicTypeRegistry - Adding type registration nstring -> org.hibernate.type.StringNVarcharType@39251dc7
17:03:36.256 [Test worker] DEBUG org.hibernate.type.BasicTypeRegistry - Adding type registration ncharacter -> org.hibernate.type.CharacterNCharType@284c8f8b
17:03:36.256 [Test worker] DEBUG org.hibernate.type.BasicTypeRegistry - Adding type registration url -> org.hibernate.type.UrlType@7c5e8cdb
17:03:36.256 [Test worker] DEBUG org.hibernate.type.BasicTypeRegistry - Adding type registration java.net.URL -> org.hibernate.type.UrlType@7c5e8cdb
17:03:36.256 [Test worker] DEBUG org.hibernate.type.BasicTypeRegistry - Adding type registration Duration -> org.hibernate.type.DurationType@5502b9d6
17:03:36.256 [Test worker] DEBUG org.hibernate.type.BasicTypeRegistry - Adding type registration java.time.Duration -> org.hibernate.type.DurationType@5502b9d6
17:03:36.256 [Test worker] DEBUG org.hibernate.type.BasicTypeRegistry - Adding type registration Instant -> org.hibernate.type.InstantType@52dea51b
17:03:36.256 [Test worker] DEBUG org.hibernate.type.BasicTypeRegistry - Adding type registration java.time.Instant -> org.hibernate.type.InstantType@52dea51b
17:03:36.256 [Test worker] DEBUG org.hibernate.type.BasicTypeRegistry - Adding type registration LocalDateTime -> org.hibernate.type.LocalDateTimeType@65741b68
17:03:36.256 [Test worker] DEBUG org.hibernate.type.BasicTypeRegistry - Adding type registration java.time.LocalDateTime -> org.hibernate.type.LocalDateTimeType@65741b68
17:03:36.256 [Test worker] DEBUG org.hibernate.type.BasicTypeRegistry - Adding type registration LocalDate -> org.hibernate.type.LocalDateType@33f0f7f9
17:03:36.256 [Test worker] DEBUG org.hibernate.type.BasicTypeRegistry - Adding type registration java.time.LocalDate -> org.hibernate.type.LocalDateType@33f0f7f9
17:03:36.256 [Test worker] DEBUG org.hibernate.type.BasicTypeRegistry - Adding type registration LocalTime -> org.hibernate.type.LocalTimeType@5e875231
17:03:36.256 [Test worker] DEBUG org.hibernate.type.BasicTypeRegistry - Adding type registration java.time.LocalTime -> org.hibernate.type.LocalTimeType@5e875231
17:03:36.256 [Test worker] DEBUG org.hibernate.type.BasicTypeRegistry - Adding type registration OffsetDateTime -> org.hibernate.type.OffsetDateTimeType@e161f10
17:03:36.256 [Test worker] DEBUG org.hibernate.type.BasicTypeRegistry - Adding type registration java.time.OffsetDateTime -> org.hibernate.type.OffsetDateTimeType@e161f10
17:03:36.256 [Test worker] DEBUG org.hibernate.type.BasicTypeRegistry - Adding type registration OffsetTime -> org.hibernate.type.OffsetTimeType@1ed4e4a1
17:03:36.256 [Test worker] DEBUG org.hibernate.type.BasicTypeRegistry - Adding type registration java.time.OffsetTime -> org.hibernate.type.OffsetTimeType@1ed4e4a1
17:03:36.256 [Test worker] DEBUG org.hibernate.type.BasicTypeRegistry - Adding type registration ZonedDateTime -> org.hibernate.type.ZonedDateTimeType@1f7b3ac5
17:03:36.256 [Test worker] DEBUG org.hibernate.type.BasicTypeRegistry - Adding type registration java.time.ZonedDateTime -> org.hibernate.type.ZonedDateTimeType@1f7b3ac5
17:03:36.256 [Test worker] DEBUG org.hibernate.type.BasicTypeRegistry - Adding type registration date -> org.hibernate.type.DateType@47db9e78
17:03:36.256 [Test worker] DEBUG org.hibernate.type.BasicTypeRegistry - Adding type registration java.sql.Date -> org.hibernate.type.DateType@47db9e78
17:03:36.256 [Test worker] DEBUG org.hibernate.type.BasicTypeRegistry - Adding type registration time -> org.hibernate.type.TimeType@19cf2a46
17:03:36.256 [Test worker] DEBUG org.hibernate.type.BasicTypeRegistry - Adding type registration java.sql.Time -> org.hibernate.type.TimeType@19cf2a46
17:03:36.256 [Test worker] DEBUG org.hibernate.type.BasicTypeRegistry - Adding type registration timestamp -> org.hibernate.type.TimestampType@33cc8709
17:03:36.256 [Test worker] DEBUG org.hibernate.type.BasicTypeRegistry - Adding type registration java.sql.Timestamp -> org.hibernate.type.TimestampType@33cc8709
17:03:36.256 [Test worker] DEBUG org.hibernate.type.BasicTypeRegistry - Adding type registration java.util.Date -> org.hibernate.type.TimestampType@33cc8709
17:03:36.256 [Test worker] DEBUG org.hibernate.type.BasicTypeRegistry - Adding type registration dbtimestamp -> org.hibernate.type.DbTimestampType@4bb8bc35
17:03:36.256 [Test worker] DEBUG org.hibernate.type.BasicTypeRegistry - Adding type registration calendar -> org.hibernate.type.CalendarType@6cda5f3e
17:03:36.256 [Test worker] DEBUG org.hibernate.type.BasicTypeRegistry - Adding type registration java.util.Calendar -> org.hibernate.type.CalendarType@6cda5f3e
17:03:36.256 [Test worker] DEBUG org.hibernate.type.BasicTypeRegistry - Adding type registration java.util.GregorianCalendar -> org.hibernate.type.CalendarType@6cda5f3e
17:03:36.256 [Test worker] DEBUG org.hibernate.type.BasicTypeRegistry - Adding type registration calendar_date -> org.hibernate.type.CalendarDateType@2cf12338
17:03:36.256 [Test worker] DEBUG org.hibernate.type.BasicTypeRegistry - Adding type registration locale -> org.hibernate.type.LocaleType@5fa83fc7
17:03:36.256 [Test worker] DEBUG org.hibernate.type.BasicTypeRegistry - Adding type registration java.util.Locale -> org.hibernate.type.LocaleType@5fa83fc7
17:03:36.256 [Test worker] DEBUG org.hibernate.type.BasicTypeRegistry - Adding type registration currency -> org.hibernate.type.CurrencyType@7198d6af
17:03:36.257 [Test worker] DEBUG org.hibernate.type.BasicTypeRegistry - Adding type registration java.util.Currency -> org.hibernate.type.CurrencyType@7198d6af
17:03:36.257 [Test worker] DEBUG org.hibernate.type.BasicTypeRegistry - Adding type registration timezone -> org.hibernate.type.TimeZoneType@5db6acf5
17:03:36.257 [Test worker] DEBUG org.hibernate.type.BasicTypeRegistry - Adding type registration java.util.TimeZone -> org.hibernate.type.TimeZoneType@5db6acf5
17:03:36.257 [Test worker] DEBUG org.hibernate.type.BasicTypeRegistry - Adding type registration class -> org.hibernate.type.ClassType@11e7b123
17:03:36.257 [Test worker] DEBUG org.hibernate.type.BasicTypeRegistry - Adding type registration java.lang.Class -> org.hibernate.type.ClassType@11e7b123
17:03:36.257 [Test worker] DEBUG org.hibernate.type.BasicTypeRegistry - Adding type registration uuid-binary -> org.hibernate.type.UUIDBinaryType@515d21bc
17:03:36.257 [Test worker] DEBUG org.hibernate.type.BasicTypeRegistry - Adding type registration java.util.UUID -> org.hibernate.type.UUIDBinaryType@515d21bc
17:03:36.257 [Test worker] DEBUG org.hibernate.type.BasicTypeRegistry - Adding type registration uuid-char -> org.hibernate.type.UUIDCharType@774ef163
17:03:36.257 [Test worker] DEBUG org.hibernate.type.BasicTypeRegistry - Adding type registration binary -> org.hibernate.type.BinaryType@5f00df0f
17:03:36.257 [Test worker] DEBUG org.hibernate.type.BasicTypeRegistry - Adding type registration byte[] -> org.hibernate.type.BinaryType@5f00df0f
17:03:36.257 [Test worker] DEBUG org.hibernate.type.BasicTypeRegistry - Adding type registration [B -> org.hibernate.type.BinaryType@5f00df0f
17:03:36.257 [Test worker] DEBUG org.hibernate.type.BasicTypeRegistry - Adding type registration wrapper-binary -> org.hibernate.type.WrapperBinaryType@1c4b0916
17:03:36.257 [Test worker] DEBUG org.hibernate.type.BasicTypeRegistry - Adding type registration Byte[] -> org.hibernate.type.WrapperBinaryType@1c4b0916
17:03:36.257 [Test worker] DEBUG org.hibernate.type.BasicTypeRegistry - Adding type registration [Ljava.lang.Byte; -> org.hibernate.type.WrapperBinaryType@1c4b0916
17:03:36.257 [Test worker] DEBUG org.hibernate.type.BasicTypeRegistry - Adding type registration row_version -> org.hibernate.type.RowVersionType@5a9358d7
17:03:36.257 [Test worker] DEBUG org.hibernate.type.BasicTypeRegistry - Adding type registration image -> org.hibernate.type.ImageType@b08df66
17:03:36.257 [Test worker] DEBUG org.hibernate.type.BasicTypeRegistry - Adding type registration characters -> org.hibernate.type.CharArrayType@69a415e0
17:03:36.257 [Test worker] DEBUG org.hibernate.type.BasicTypeRegistry - Adding type registration char[] -> org.hibernate.type.CharArrayType@69a415e0
17:03:36.257 [Test worker] DEBUG org.hibernate.type.BasicTypeRegistry - Adding type registration [C -> org.hibernate.type.CharArrayType@69a415e0
17:03:36.257 [Test worker] DEBUG org.hibernate.type.BasicTypeRegistry - Adding type registration wrapper-characters -> org.hibernate.type.CharacterArrayType@2e189552
17:03:36.257 [Test worker] DEBUG org.hibernate.type.BasicTypeRegistry - Adding type registration [Ljava.lang.Character; -> org.hibernate.type.CharacterArrayType@2e189552
17:03:36.257 [Test worker] DEBUG org.hibernate.type.BasicTypeRegistry - Adding type registration Character[] -> org.hibernate.type.CharacterArrayType@2e189552
17:03:36.257 [Test worker] DEBUG org.hibernate.type.BasicTypeRegistry - Adding type registration text -> org.hibernate.type.TextType@3bb4f48d
17:03:36.257 [Test worker] DEBUG org.hibernate.type.BasicTypeRegistry - Adding type registration ntext -> org.hibernate.type.NTextType@7fc44815
17:03:36.257 [Test worker] DEBUG org.hibernate.type.BasicTypeRegistry - Adding type registration blob -> org.hibernate.type.BlobType@70984021
17:03:36.257 [Test worker] DEBUG org.hibernate.type.BasicTypeRegistry - Adding type registration java.sql.Blob -> org.hibernate.type.BlobType@70984021
17:03:36.257 [Test worker] DEBUG org.hibernate.type.BasicTypeRegistry - Adding type registration materialized_blob -> org.hibernate.type.MaterializedBlobType@7b392ea8
17:03:36.257 [Test worker] DEBUG org.hibernate.type.BasicTypeRegistry - Adding type registration clob -> org.hibernate.type.ClobType@249973df
17:03:36.257 [Test worker] DEBUG org.hibernate.type.BasicTypeRegistry - Adding type registration java.sql.Clob -> org.hibernate.type.ClobType@249973df
17:03:36.257 [Test worker] DEBUG org.hibernate.type.BasicTypeRegistry - Adding type registration nclob -> org.hibernate.type.NClobType@993bb9e
17:03:36.257 [Test worker] DEBUG org.hibernate.type.BasicTypeRegistry - Adding type registration java.sql.NClob -> org.hibernate.type.NClobType@993bb9e
17:03:36.257 [Test worker] DEBUG org.hibernate.type.BasicTypeRegistry - Adding type registration materialized_clob -> org.hibernate.type.MaterializedClobType@5eddde51
17:03:36.257 [Test worker] DEBUG org.hibernate.type.BasicTypeRegistry - Adding type registration materialized_nclob -> org.hibernate.type.MaterializedNClobType@20503ff1
17:03:36.257 [Test worker] DEBUG org.hibernate.type.BasicTypeRegistry - Adding type registration serializable -> org.hibernate.type.SerializableType@11fb506a
17:03:36.257 [Test worker] DEBUG org.hibernate.type.BasicTypeRegistry - Adding type registration object -> org.hibernate.type.ObjectType@40b10f8c
17:03:36.257 [Test worker] DEBUG org.hibernate.type.BasicTypeRegistry - Adding type registration java.lang.Object -> org.hibernate.type.ObjectType@40b10f8c
17:03:36.257 [Test worker] DEBUG org.hibernate.type.BasicTypeRegistry - Adding type registration imm_date -> org.hibernate.type.AdaptedImmutableType@4a8cdbdc
17:03:36.257 [Test worker] DEBUG org.hibernate.type.BasicTypeRegistry - Adding type registration imm_time -> org.hibernate.type.AdaptedImmutableType@66f964d3
17:03:36.257 [Test worker] DEBUG org.hibernate.type.BasicTypeRegistry - Adding type registration imm_timestamp -> org.hibernate.type.AdaptedImmutableType@71b22cd2
17:03:36.257 [Test worker] DEBUG org.hibernate.type.BasicTypeRegistry - Adding type registration imm_dbtimestamp -> org.hibernate.type.AdaptedImmutableType@6c741b95
17:03:36.258 [Test worker] DEBUG org.hibernate.type.BasicTypeRegistry - Adding type registration imm_calendar -> org.hibernate.type.AdaptedImmutableType@408a6ffc
17:03:36.258 [Test worker] DEBUG org.hibernate.type.BasicTypeRegistry - Adding type registration imm_calendar_date -> org.hibernate.type.AdaptedImmutableType@6d7844c2
17:03:36.258 [Test worker] DEBUG org.hibernate.type.BasicTypeRegistry - Adding type registration imm_binary -> org.hibernate.type.AdaptedImmutableType@d4c2103
17:03:36.258 [Test worker] DEBUG org.hibernate.type.BasicTypeRegistry - Adding type registration imm_serializable -> org.hibernate.type.AdaptedImmutableType@41a82b8c
17:03:36.259 [Test worker] DEBUG org.hibernate.boot.internal.BootstrapContextImpl - Injecting JPA temp ClassLoader [org.springframework.instrument.classloading.SimpleThrowawayClassLoader@7dbf5915] into BootstrapContext; was [null]
17:03:36.259 [Test worker] DEBUG org.hibernate.boot.internal.ClassLoaderAccessImpl - ClassLoaderAccessImpl#injectTempClassLoader(org.springframework.instrument.classloading.SimpleThrowawayClassLoader@7dbf5915) [was null]
17:03:36.259 [Test worker] DEBUG org.hibernate.boot.internal.BootstrapContextImpl - Injecting ScanEnvironment [org.hibernate.jpa.boot.internal.StandardJpaScanEnvironmentImpl@11172b98] into BootstrapContext; was [null]
17:03:36.259 [Test worker] DEBUG org.hibernate.boot.internal.BootstrapContextImpl - Injecting ScanOptions [org.hibernate.boot.archive.scan.internal.StandardScanOptions@1163867d] into BootstrapContext; was [org.hibernate.boot.archive.scan.internal.StandardScanOptions@31c39d82]
17:03:36.261 [Test worker] DEBUG org.hibernate.boot.internal.BootstrapContextImpl - Injecting JPA temp ClassLoader [null] into BootstrapContext; was [org.springframework.instrument.classloading.SimpleThrowawayClassLoader@7dbf5915]
17:03:36.261 [Test worker] DEBUG org.hibernate.boot.internal.ClassLoaderAccessImpl - ClassLoaderAccessImpl#injectTempClassLoader(null) [was org.springframework.instrument.classloading.SimpleThrowawayClassLoader@7dbf5915]
17:03:36.261 [Test worker] DEBUG org.hibernate.id.factory.internal.DefaultIdentifierGeneratorFactory - Registering IdentifierGenerator strategy [uuid2] -> [org.hibernate.id.UUIDGenerator]
17:03:36.261 [Test worker] DEBUG org.hibernate.id.factory.internal.DefaultIdentifierGeneratorFactory - Registering IdentifierGenerator strategy [guid] -> [org.hibernate.id.GUIDGenerator]
17:03:36.261 [Test worker] DEBUG org.hibernate.id.factory.internal.DefaultIdentifierGeneratorFactory - Registering IdentifierGenerator strategy [uuid] -> [org.hibernate.id.UUIDHexGenerator]
17:03:36.261 [Test worker] DEBUG org.hibernate.id.factory.internal.DefaultIdentifierGeneratorFactory - Registering IdentifierGenerator strategy [uuid.hex] -> [org.hibernate.id.UUIDHexGenerator]
17:03:36.261 [Test worker] DEBUG org.hibernate.id.factory.internal.DefaultIdentifierGeneratorFactory - Registering IdentifierGenerator strategy [assigned] -> [org.hibernate.id.Assigned]
17:03:36.261 [Test worker] DEBUG org.hibernate.id.factory.internal.DefaultIdentifierGeneratorFactory - Registering IdentifierGenerator strategy [identity] -> [org.hibernate.id.IdentityGenerator]
17:03:36.261 [Test worker] DEBUG org.hibernate.id.factory.internal.DefaultIdentifierGeneratorFactory - Registering IdentifierGenerator strategy [select] -> [org.hibernate.id.SelectGenerator]
17:03:36.262 [Test worker] DEBUG org.hibernate.id.factory.internal.DefaultIdentifierGeneratorFactory - Registering IdentifierGenerator strategy [sequence] -> [org.hibernate.id.enhanced.SequenceStyleGenerator]
17:03:36.262 [Test worker] DEBUG org.hibernate.id.factory.internal.DefaultIdentifierGeneratorFactory - Registering IdentifierGenerator strategy [seqhilo] -> [org.hibernate.id.SequenceHiLoGenerator]
17:03:36.262 [Test worker] DEBUG org.hibernate.id.factory.internal.DefaultIdentifierGeneratorFactory - Registering IdentifierGenerator strategy [increment] -> [org.hibernate.id.IncrementGenerator]
17:03:36.262 [Test worker] DEBUG org.hibernate.id.factory.internal.DefaultIdentifierGeneratorFactory - Registering IdentifierGenerator strategy [foreign] -> [org.hibernate.id.ForeignGenerator]
17:03:36.262 [Test worker] DEBUG org.hibernate.id.factory.internal.DefaultIdentifierGeneratorFactory - Registering IdentifierGenerator strategy [sequence-identity] -> [org.hibernate.id.SequenceIdentityGenerator]
17:03:36.262 [Test worker] DEBUG org.hibernate.id.factory.internal.DefaultIdentifierGeneratorFactory - Registering IdentifierGenerator strategy [enhanced-sequence] -> [org.hibernate.id.enhanced.SequenceStyleGenerator]
17:03:36.262 [Test worker] DEBUG org.hibernate.id.factory.internal.DefaultIdentifierGeneratorFactory - Registering IdentifierGenerator strategy [enhanced-table] -> [org.hibernate.id.enhanced.TableGenerator]
17:03:36.262 [Test worker] DEBUG org.hibernate.engine.jdbc.env.internal.JdbcEnvironmentInitiator - Database ->
       name : H2
    version : 1.4.197 (2018-03-18)
      major : 1
      minor : 4
17:03:36.262 [Test worker] DEBUG org.hibernate.engine.jdbc.env.internal.JdbcEnvironmentInitiator - Driver ->
       name : H2 JDBC Driver
    version : 1.4.197 (2018-03-18)
      major : 1
      minor : 4
17:03:36.262 [Test worker] DEBUG org.hibernate.engine.jdbc.env.internal.JdbcEnvironmentInitiator - JDBC version : 4.0
17:03:36.262 [Test worker] INFO org.hibernate.dialect.Dialect - HHH000400: Using dialect: org.hibernate.dialect.H2Dialect
17:03:36.265 [Test worker] DEBUG org.hibernate.boot.model.relational.Namespace - Created database namespace [logicalName=Name{catalog=null, schema=null}, physicalName=Name{catalog=null, schema=null}]
17:03:36.265 [Test worker] DEBUG org.hibernate.type.spi.TypeConfiguration$Scope - Scoping TypeConfiguration [org.hibernate.type.spi.TypeConfiguration@47f87b45] to MetadataBuildingContext [org.hibernate.boot.internal.MetadataBuildingContextRootImpl@733d05b8]
17:03:36.266 [Test worker] DEBUG org.hibernate.cfg.AnnotationBinder - Binding entity from annotated class: com.epam.esm.entity.Entity
17:03:36.266 [Test worker] DEBUG org.hibernate.cfg.Ejb3Column - Binding column: Ejb3DiscriminatorColumn{logicalColumnName'DTYPE', discriminatorTypeName='string'}
17:03:36.266 [Test worker] DEBUG org.hibernate.cfg.annotations.EntityBinder - Import with entity name Entity
17:03:36.266 [Test worker] DEBUG org.hibernate.cfg.annotations.EntityBinder - Bind entity com.epam.esm.entity.Entity on table entity
17:03:36.266 [Test worker] DEBUG org.hibernate.cfg.Ejb3Column - Binding column: Ejb3Column{table=org.hibernate.mapping.Table(entity), mappingColumn=id, insertable=true, updatable=true, unique=false}
17:03:36.266 [Test worker] DEBUG org.hibernate.cfg.annotations.PropertyBinder - MetadataSourceProcessor property id with lazy=false
17:03:36.266 [Test worker] DEBUG org.hibernate.cfg.AbstractPropertyHolder - Attempting to locate auto-apply AttributeConverter for property [com.epam.esm.entity.Entity:id]
17:03:36.266 [Test worker] DEBUG org.hibernate.cfg.annotations.SimpleValueBinder - building SimpleValue for id
17:03:36.267 [Test worker] DEBUG org.hibernate.cfg.annotations.PropertyBinder - Building property id
17:03:36.267 [Test worker] DEBUG org.hibernate.cfg.BinderHelper - #makeIdGenerator(org.hibernate.mapping.SimpleValue([org.hibernate.mapping.Column(id)]), id, identity, , ...)
17:03:36.267 [Test worker] DEBUG org.hibernate.cfg.AnnotationBinder - Binding entity from annotated class: com.epam.esm.entity.GiftCertificate
17:03:36.267 [Test worker] DEBUG org.hibernate.cfg.Ejb3Column - Binding column: Ejb3DiscriminatorColumn{logicalColumnName'DTYPE', discriminatorTypeName='string'}
17:03:36.267 [Test worker] DEBUG org.hibernate.cfg.annotations.EntityBinder - Import with entity name GiftCertificate
17:03:36.267 [Test worker] DEBUG org.hibernate.cfg.annotations.EntityBinder - Bind entity com.epam.esm.entity.GiftCertificate on table certificate
17:03:36.268 [Test worker] DEBUG org.hibernate.cfg.Ejb3Column - Binding column: Ejb3Column{table=org.hibernate.mapping.Table(certificate), mappingColumn=id, insertable=true, updatable=true, unique=false}
17:03:36.268 [Test worker] DEBUG org.hibernate.cfg.annotations.PropertyBinder - MetadataSourceProcessor property id with lazy=false
17:03:36.268 [Test worker] DEBUG org.hibernate.cfg.AbstractPropertyHolder - Attempting to locate auto-apply AttributeConverter for property [com.epam.esm.entity.GiftCertificate:id]
17:03:36.268 [Test worker] DEBUG org.hibernate.cfg.annotations.SimpleValueBinder - building SimpleValue for id
17:03:36.268 [Test worker] DEBUG org.hibernate.cfg.annotations.PropertyBinder - Building property id
17:03:36.268 [Test worker] DEBUG org.hibernate.cfg.BinderHelper - #makeIdGenerator(org.hibernate.mapping.SimpleValue([org.hibernate.mapping.Column(id)]), id, identity, , ...)
17:03:36.268 [Test worker] DEBUG org.hibernate.cfg.Ejb3Column - Binding column: Ejb3Column{table=org.hibernate.mapping.Table(certificate), mappingColumn=active_status, insertable=true, updatable=true, unique=false}
17:03:36.268 [Test worker] DEBUG org.hibernate.cfg.annotations.PropertyBinder - MetadataSourceProcessor property activeStatus with lazy=false
17:03:36.268 [Test worker] DEBUG org.hibernate.cfg.AbstractPropertyHolder - Attempting to locate auto-apply AttributeConverter for property [com.epam.esm.entity.GiftCertificate:activeStatus]
17:03:36.268 [Test worker] DEBUG org.hibernate.cfg.annotations.SimpleValueBinder - building SimpleValue for activeStatus
17:03:36.268 [Test worker] DEBUG org.hibernate.cfg.annotations.PropertyBinder - Building property activeStatus
17:03:36.269 [Test worker] DEBUG org.hibernate.cfg.Ejb3Column - Binding column: Ejb3Column{table=org.hibernate.mapping.Table(certificate), mappingColumn=creation_date, insertable=true, updatable=true, unique=false}
17:03:36.269 [Test worker] DEBUG org.hibernate.cfg.annotations.PropertyBinder - MetadataSourceProcessor property creationDate with lazy=false
17:03:36.269 [Test worker] DEBUG org.hibernate.cfg.AbstractPropertyHolder - Attempting to locate auto-apply AttributeConverter for property [com.epam.esm.entity.GiftCertificate:creationDate]
17:03:36.269 [Test worker] DEBUG org.hibernate.cfg.annotations.SimpleValueBinder - building SimpleValue for creationDate
17:03:36.269 [Test worker] DEBUG org.hibernate.cfg.annotations.PropertyBinder - Building property creationDate
17:03:36.269 [Test worker] DEBUG org.hibernate.cfg.Ejb3Column - Binding column: Ejb3Column{table=org.hibernate.mapping.Table(certificate), mappingColumn=description, insertable=true, updatable=true, unique=false}
17:03:36.269 [Test worker] DEBUG org.hibernate.cfg.annotations.PropertyBinder - MetadataSourceProcessor property description with lazy=false
17:03:36.269 [Test worker] DEBUG org.hibernate.cfg.AbstractPropertyHolder - Attempting to locate auto-apply AttributeConverter for property [com.epam.esm.entity.GiftCertificate:description]
17:03:36.269 [Test worker] DEBUG org.hibernate.cfg.annotations.SimpleValueBinder - building SimpleValue for description
17:03:36.269 [Test worker] DEBUG org.hibernate.cfg.annotations.PropertyBinder - Building property description
17:03:36.269 [Test worker] DEBUG org.hibernate.cfg.Ejb3Column - Binding column: Ejb3Column{table=org.hibernate.mapping.Table(certificate), mappingColumn=expiration_date, insertable=true, updatable=true, unique=false}
17:03:36.269 [Test worker] DEBUG org.hibernate.cfg.annotations.PropertyBinder - MetadataSourceProcessor property expirationDate with lazy=false
17:03:36.269 [Test worker] DEBUG org.hibernate.cfg.AbstractPropertyHolder - Attempting to locate auto-apply AttributeConverter for property [com.epam.esm.entity.GiftCertificate:expirationDate]
17:03:36.269 [Test worker] DEBUG org.hibernate.cfg.annotations.SimpleValueBinder - building SimpleValue for expirationDate
17:03:36.269 [Test worker] DEBUG org.hibernate.cfg.annotations.PropertyBinder - Building property expirationDate
17:03:36.269 [Test worker] DEBUG org.hibernate.cfg.Ejb3Column - Binding column: Ejb3Column{table=org.hibernate.mapping.Table(certificate), mappingColumn=modification_date, insertable=true, updatable=true, unique=false}
17:03:36.269 [Test worker] DEBUG org.hibernate.cfg.annotations.PropertyBinder - MetadataSourceProcessor property modificationDate with lazy=false
17:03:36.269 [Test worker] DEBUG org.hibernate.cfg.AbstractPropertyHolder - Attempting to locate auto-apply AttributeConverter for property [com.epam.esm.entity.GiftCertificate:modificationDate]
17:03:36.269 [Test worker] DEBUG org.hibernate.cfg.annotations.SimpleValueBinder - building SimpleValue for modificationDate
17:03:36.269 [Test worker] DEBUG org.hibernate.cfg.annotations.PropertyBinder - Building property modificationDate
17:03:36.270 [Test worker] DEBUG org.hibernate.cfg.Ejb3Column - Binding column: Ejb3Column{table=org.hibernate.mapping.Table(certificate), mappingColumn=name, insertable=true, updatable=true, unique=false}
17:03:36.270 [Test worker] DEBUG org.hibernate.cfg.annotations.PropertyBinder - MetadataSourceProcessor property name with lazy=false
17:03:36.270 [Test worker] DEBUG org.hibernate.cfg.AbstractPropertyHolder - Attempting to locate auto-apply AttributeConverter for property [com.epam.esm.entity.GiftCertificate:name]
17:03:36.270 [Test worker] DEBUG org.hibernate.cfg.annotations.SimpleValueBinder - building SimpleValue for name
17:03:36.270 [Test worker] DEBUG org.hibernate.cfg.annotations.PropertyBinder - Building property name
17:03:36.270 [Test worker] DEBUG org.hibernate.cfg.Ejb3Column - Binding column: Ejb3JoinColumn{logicalColumnName='null', referencedColumn='null', mappedBy='certificate'}
17:03:36.270 [Test worker] DEBUG org.hibernate.cfg.Ejb3Column - Binding column: Ejb3Column{table=org.hibernate.mapping.Table(certificate), mappingColumn=order_certificates, insertable=true, updatable=true, unique=false}
17:03:36.270 [Test worker] DEBUG org.hibernate.cfg.Ejb3Column - Binding column: Ejb3Column{table=org.hibernate.mapping.Table(certificate), mappingColumn=null, insertable=true, updatable=true, unique=false}
17:03:36.270 [Test worker] DEBUG org.hibernate.cfg.Ejb3Column - Binding column: Ejb3Column{table=org.hibernate.mapping.Table(certificate), mappingColumn=element, insertable=true, updatable=true, unique=false}
17:03:36.270 [Test worker] DEBUG org.hibernate.cfg.Ejb3Column - Binding column: Ejb3Column{table=org.hibernate.mapping.Table(certificate), mappingColumn=order_certificates_key, insertable=true, updatable=true, unique=false}
17:03:36.270 [Test worker] DEBUG org.hibernate.cfg.Ejb3Column - Binding column: Ejb3JoinColumn{logicalColumnName='orderCertificates_KEY', referencedColumn='null', mappedBy='null'}
17:03:36.270 [Test worker] DEBUG org.hibernate.cfg.Ejb3Column - Binding column: Ejb3JoinColumn{logicalColumnName='null', referencedColumn='null', mappedBy='certificate'}
17:03:36.270 [Test worker] DEBUG org.hibernate.cfg.Ejb3Column - Binding column: Ejb3JoinColumn{logicalColumnName='null', referencedColumn='null', mappedBy='certificate'}
17:03:36.270 [Test worker] DEBUG org.hibernate.cfg.annotations.CollectionBinder - Collection role: com.epam.esm.entity.GiftCertificate.orderCertificates
17:03:36.270 [Test worker] DEBUG org.hibernate.cfg.annotations.PropertyBinder - Building property orderCertificates
17:03:36.270 [Test worker] DEBUG org.hibernate.cfg.Ejb3Column - Binding column: Ejb3Column{table=org.hibernate.mapping.Table(certificate), mappingColumn=price, insertable=true, updatable=true, unique=false}
17:03:36.270 [Test worker] DEBUG org.hibernate.cfg.annotations.PropertyBinder - MetadataSourceProcessor property price with lazy=false
17:03:36.270 [Test worker] DEBUG org.hibernate.cfg.AbstractPropertyHolder - Attempting to locate auto-apply AttributeConverter for property [com.epam.esm.entity.GiftCertificate:price]
17:03:36.271 [Test worker] DEBUG org.hibernate.cfg.annotations.SimpleValueBinder - building SimpleValue for price
17:03:36.271 [Test worker] DEBUG org.hibernate.cfg.annotations.PropertyBinder - Building property price
17:03:36.271 [Test worker] DEBUG org.hibernate.cfg.Ejb3Column - Binding column: Ejb3Column{table=org.hibernate.mapping.Table(certificate), mappingColumn=null, insertable=true, updatable=true, unique=false}
17:03:36.271 [Test worker] DEBUG org.hibernate.cfg.Ejb3Column - Binding column: Ejb3Column{table=org.hibernate.mapping.Table(certificate), mappingColumn=element, insertable=true, updatable=true, unique=false}
17:03:36.271 [Test worker] DEBUG org.hibernate.cfg.Ejb3Column - Binding column: Ejb3Column{table=org.hibernate.mapping.Table(certificate), mappingColumn=tags_key, insertable=true, updatable=true, unique=false}
17:03:36.271 [Test worker] DEBUG org.hibernate.cfg.Ejb3Column - Binding column: Ejb3JoinColumn{logicalColumnName='tags_KEY', referencedColumn='null', mappedBy='null'}
17:03:36.271 [Test worker] DEBUG org.hibernate.cfg.Ejb3Column - Binding column: Ejb3JoinColumn{logicalColumnName='certificate_id', referencedColumn='', mappedBy=''}
17:03:36.271 [Test worker] DEBUG org.hibernate.cfg.Ejb3Column - Binding column: Ejb3JoinColumn{logicalColumnName='tag_id', referencedColumn='', mappedBy=''}
17:03:36.271 [Test worker] DEBUG org.hibernate.cfg.annotations.CollectionBinder - Collection role: com.epam.esm.entity.GiftCertificate.tags
17:03:36.271 [Test worker] DEBUG org.hibernate.cfg.annotations.PropertyBinder - Building property tags
17:03:36.271 [Test worker] DEBUG org.hibernate.cfg.AnnotationBinder - Binding entity from annotated class: com.epam.esm.entity.Order
17:03:36.271 [Test worker] DEBUG org.hibernate.cfg.Ejb3Column - Binding column: Ejb3DiscriminatorColumn{logicalColumnName'DTYPE', discriminatorTypeName='string'}
17:03:36.271 [Test worker] DEBUG org.hibernate.cfg.annotations.EntityBinder - Import with entity name Order
17:03:36.271 [Test worker] DEBUG org.hibernate.cfg.annotations.EntityBinder - Bind entity com.epam.esm.entity.Order on table application_order
17:03:36.272 [Test worker] DEBUG org.hibernate.cfg.Ejb3Column - Binding column: Ejb3Column{table=org.hibernate.mapping.Table(application_order), mappingColumn=id, insertable=true, updatable=true, unique=false}
17:03:36.272 [Test worker] DEBUG org.hibernate.cfg.annotations.PropertyBinder - MetadataSourceProcessor property id with lazy=false
17:03:36.272 [Test worker] DEBUG org.hibernate.cfg.AbstractPropertyHolder - Attempting to locate auto-apply AttributeConverter for property [com.epam.esm.entity.Order:id]
17:03:36.272 [Test worker] DEBUG org.hibernate.cfg.annotations.SimpleValueBinder - building SimpleValue for id
17:03:36.272 [Test worker] DEBUG org.hibernate.cfg.annotations.PropertyBinder - Building property id
17:03:36.272 [Test worker] DEBUG org.hibernate.cfg.BinderHelper - #makeIdGenerator(org.hibernate.mapping.SimpleValue([org.hibernate.mapping.Column(id)]), id, identity, , ...)
17:03:36.272 [Test worker] DEBUG org.hibernate.cfg.Ejb3Column - Binding column: Ejb3Column{table=org.hibernate.mapping.Table(application_order), mappingColumn=active_status, insertable=true, updatable=true, unique=false}
17:03:36.272 [Test worker] DEBUG org.hibernate.cfg.annotations.PropertyBinder - MetadataSourceProcessor property activeStatus with lazy=false
17:03:36.272 [Test worker] DEBUG org.hibernate.cfg.AbstractPropertyHolder - Attempting to locate auto-apply AttributeConverter for property [com.epam.esm.entity.Order:activeStatus]
17:03:36.272 [Test worker] DEBUG org.hibernate.cfg.annotations.SimpleValueBinder - building SimpleValue for activeStatus
17:03:36.272 [Test worker] DEBUG org.hibernate.cfg.annotations.PropertyBinder - Building property activeStatus
17:03:36.272 [Test worker] DEBUG org.hibernate.cfg.Ejb3Column - Binding column: Ejb3Column{table=org.hibernate.mapping.Table(application_order), mappingColumn=created_at, insertable=true, updatable=true, unique=false}
17:03:36.272 [Test worker] DEBUG org.hibernate.cfg.annotations.PropertyBinder - MetadataSourceProcessor property createdAt with lazy=false
17:03:36.272 [Test worker] DEBUG org.hibernate.cfg.AbstractPropertyHolder - Attempting to locate auto-apply AttributeConverter for property [com.epam.esm.entity.Order:createdAt]
17:03:36.272 [Test worker] DEBUG org.hibernate.cfg.annotations.SimpleValueBinder - building SimpleValue for createdAt
17:03:36.272 [Test worker] DEBUG org.hibernate.cfg.annotations.PropertyBinder - Building property createdAt
17:03:36.272 [Test worker] DEBUG org.hibernate.cfg.Ejb3Column - Binding column: Ejb3JoinColumn{logicalColumnName='null', referencedColumn='null', mappedBy='order'}
17:03:36.273 [Test worker] DEBUG org.hibernate.cfg.Ejb3Column - Binding column: Ejb3Column{table=org.hibernate.mapping.Table(application_order), mappingColumn=order_certificates, insertable=true, updatable=true, unique=false}
17:03:36.273 [Test worker] DEBUG org.hibernate.cfg.Ejb3Column - Binding column: Ejb3Column{table=org.hibernate.mapping.Table(application_order), mappingColumn=null, insertable=true, updatable=true, unique=false}
17:03:36.273 [Test worker] DEBUG org.hibernate.cfg.Ejb3Column - Binding column: Ejb3Column{table=org.hibernate.mapping.Table(application_order), mappingColumn=element, insertable=true, updatable=true, unique=false}
17:03:36.273 [Test worker] DEBUG org.hibernate.cfg.Ejb3Column - Binding column: Ejb3Column{table=org.hibernate.mapping.Table(application_order), mappingColumn=order_certificates_key, insertable=true, updatable=true, unique=false}
17:03:36.273 [Test worker] DEBUG org.hibernate.cfg.Ejb3Column - Binding column: Ejb3JoinColumn{logicalColumnName='orderCertificates_KEY', referencedColumn='null', mappedBy='null'}
17:03:36.273 [Test worker] DEBUG org.hibernate.cfg.Ejb3Column - Binding column: Ejb3JoinColumn{logicalColumnName='null', referencedColumn='null', mappedBy='order'}
17:03:36.273 [Test worker] DEBUG org.hibernate.cfg.Ejb3Column - Binding column: Ejb3JoinColumn{logicalColumnName='null', referencedColumn='null', mappedBy='order'}
17:03:36.273 [Test worker] DEBUG org.hibernate.cfg.annotations.CollectionBinder - Collection role: com.epam.esm.entity.Order.orderCertificates
17:03:36.273 [Test worker] DEBUG org.hibernate.cfg.annotations.PropertyBinder - Building property orderCertificates
17:03:36.273 [Test worker] DEBUG org.hibernate.cfg.Ejb3Column - Binding column: Ejb3JoinColumn{logicalColumnName='user_id', referencedColumn='', mappedBy=''}
17:03:36.273 [Test worker] DEBUG org.hibernate.cfg.Ejb3Column - Binding column: Ejb3Column{table=org.hibernate.mapping.Table(application_order), mappingColumn=user, insertable=true, updatable=true, unique=false}
17:03:36.273 [Test worker] DEBUG org.hibernate.cfg.annotations.PropertyBinder - Building property user
17:03:36.273 [Test worker] DEBUG org.hibernate.cfg.AnnotationBinder - Binding entity from annotated class: com.epam.esm.entity.OrderCertificate
17:03:36.273 [Test worker] DEBUG org.hibernate.cfg.Ejb3Column - Binding column: Ejb3DiscriminatorColumn{logicalColumnName'DTYPE', discriminatorTypeName='string'}
17:03:36.273 [Test worker] DEBUG org.hibernate.cfg.annotations.EntityBinder - Import with entity name OrderCertificate
17:03:36.274 [Test worker] DEBUG org.hibernate.cfg.annotations.EntityBinder - Bind entity com.epam.esm.entity.OrderCertificate on table order_certificate
17:03:36.274 [Test worker] DEBUG org.hibernate.cfg.Ejb3Column - Binding column: Ejb3Column{table=org.hibernate.mapping.Table(order_certificate), mappingColumn=id, insertable=true, updatable=true, unique=false}
17:03:36.274 [Test worker] DEBUG org.hibernate.cfg.annotations.PropertyBinder - MetadataSourceProcessor property id with lazy=false
17:03:36.274 [Test worker] DEBUG org.hibernate.cfg.AbstractPropertyHolder - Attempting to locate auto-apply AttributeConverter for property [com.epam.esm.entity.OrderCertificate:id]
17:03:36.274 [Test worker] DEBUG org.hibernate.cfg.annotations.SimpleValueBinder - building SimpleValue for id
17:03:36.274 [Test worker] DEBUG org.hibernate.cfg.annotations.PropertyBinder - Building property id
17:03:36.274 [Test worker] DEBUG org.hibernate.cfg.BinderHelper - #makeIdGenerator(org.hibernate.mapping.SimpleValue([org.hibernate.mapping.Column(id)]), id, identity, , ...)
17:03:36.274 [Test worker] DEBUG org.hibernate.cfg.Ejb3Column - Binding column: Ejb3JoinColumn{logicalColumnName='null', referencedColumn='', mappedBy=''}
17:03:36.274 [Test worker] DEBUG org.hibernate.cfg.Ejb3Column - Binding column: Ejb3Column{table=org.hibernate.mapping.Table(order_certificate), mappingColumn=certificate, insertable=true, updatable=true, unique=false}
17:03:36.274 [Test worker] DEBUG org.hibernate.cfg.annotations.PropertyBinder - Building property certificate
17:03:36.274 [Test worker] DEBUG org.hibernate.cfg.Ejb3Column - Binding column: Ejb3Column{table=org.hibernate.mapping.Table(order_certificate), mappingColumn=expiration_date, insertable=true, updatable=true, unique=false}
17:03:36.274 [Test worker] DEBUG org.hibernate.cfg.annotations.PropertyBinder - MetadataSourceProcessor property expirationDate with lazy=false
17:03:36.274 [Test worker] DEBUG org.hibernate.cfg.AbstractPropertyHolder - Attempting to locate auto-apply AttributeConverter for property [com.epam.esm.entity.OrderCertificate:expirationDate]
17:03:36.275 [Test worker] DEBUG org.hibernate.cfg.annotations.SimpleValueBinder - building SimpleValue for expirationDate
17:03:36.275 [Test worker] DEBUG org.hibernate.cfg.annotations.PropertyBinder - Building property expirationDate
17:03:36.275 [Test worker] DEBUG org.hibernate.cfg.Ejb3Column - Binding column: Ejb3Column{table=org.hibernate.mapping.Table(order_certificate), mappingColumn=fixed_price, insertable=true, updatable=true, unique=false}
17:03:36.275 [Test worker] DEBUG org.hibernate.cfg.annotations.PropertyBinder - MetadataSourceProcessor property fixedPrice with lazy=false
17:03:36.275 [Test worker] DEBUG org.hibernate.cfg.AbstractPropertyHolder - Attempting to locate auto-apply AttributeConverter for property [com.epam.esm.entity.OrderCertificate:fixedPrice]
17:03:36.275 [Test worker] DEBUG org.hibernate.cfg.annotations.SimpleValueBinder - building SimpleValue for fixedPrice
17:03:36.275 [Test worker] DEBUG org.hibernate.cfg.annotations.PropertyBinder - Building property fixedPrice
17:03:36.275 [Test worker] DEBUG org.hibernate.cfg.Ejb3Column - Binding column: Ejb3JoinColumn{logicalColumnName='null', referencedColumn='', mappedBy=''}
17:03:36.275 [Test worker] DEBUG org.hibernate.cfg.Ejb3Column - Binding column: Ejb3Column{table=org.hibernate.mapping.Table(order_certificate), mappingColumn=order, insertable=true, updatable=true, unique=false}
17:03:36.275 [Test worker] DEBUG org.hibernate.cfg.annotations.PropertyBinder - Building property order
17:03:36.275 [Test worker] DEBUG org.hibernate.cfg.AnnotationBinder - Binding entity from annotated class: com.epam.esm.entity.Role
17:03:36.275 [Test worker] DEBUG org.hibernate.cfg.Ejb3Column - Binding column: Ejb3DiscriminatorColumn{logicalColumnName'DTYPE', discriminatorTypeName='string'}
17:03:36.275 [Test worker] DEBUG org.hibernate.cfg.annotations.EntityBinder - Import with entity name Role
17:03:36.275 [Test worker] DEBUG org.hibernate.cfg.annotations.EntityBinder - Bind entity com.epam.esm.entity.Role on table application_role
17:03:36.276 [Test worker] DEBUG org.hibernate.cfg.Ejb3Column - Binding column: Ejb3Column{table=org.hibernate.mapping.Table(application_role), mappingColumn=id, insertable=true, updatable=true, unique=false}
17:03:36.276 [Test worker] DEBUG org.hibernate.cfg.annotations.PropertyBinder - MetadataSourceProcessor property id with lazy=false
17:03:36.276 [Test worker] DEBUG org.hibernate.cfg.AbstractPropertyHolder - Attempting to locate auto-apply AttributeConverter for property [com.epam.esm.entity.Role:id]
17:03:36.276 [Test worker] DEBUG org.hibernate.cfg.annotations.SimpleValueBinder - building SimpleValue for id
17:03:36.276 [Test worker] DEBUG org.hibernate.cfg.annotations.PropertyBinder - Building property id
17:03:36.276 [Test worker] DEBUG org.hibernate.cfg.BinderHelper - #makeIdGenerator(org.hibernate.mapping.SimpleValue([org.hibernate.mapping.Column(id)]), id, identity, , ...)
17:03:36.276 [Test worker] DEBUG org.hibernate.cfg.Ejb3Column - Binding column: Ejb3Column{table=org.hibernate.mapping.Table(application_role), mappingColumn=value, insertable=true, updatable=true, unique=false}
17:03:36.276 [Test worker] DEBUG org.hibernate.cfg.annotations.PropertyBinder - MetadataSourceProcessor property value with lazy=false
17:03:36.276 [Test worker] DEBUG org.hibernate.cfg.AbstractPropertyHolder - Attempting to locate auto-apply AttributeConverter for property [com.epam.esm.entity.Role:value]
17:03:36.276 [Test worker] DEBUG org.hibernate.cfg.annotations.SimpleValueBinder - building SimpleValue for value
17:03:36.276 [Test worker] DEBUG org.hibernate.cfg.annotations.PropertyBinder - Building property value
17:03:36.276 [Test worker] DEBUG org.hibernate.cfg.AnnotationBinder - Binding entity from annotated class: com.epam.esm.entity.Tag
17:03:36.276 [Test worker] DEBUG org.hibernate.cfg.Ejb3Column - Binding column: Ejb3DiscriminatorColumn{logicalColumnName'DTYPE', discriminatorTypeName='string'}
17:03:36.276 [Test worker] DEBUG org.hibernate.cfg.annotations.EntityBinder - Import with entity name Tag
17:03:36.276 [Test worker] DEBUG org.hibernate.cfg.annotations.EntityBinder - Bind entity com.epam.esm.entity.Tag on table tag
17:03:36.277 [Test worker] DEBUG org.hibernate.cfg.Ejb3Column - Binding column: Ejb3Column{table=org.hibernate.mapping.Table(tag), mappingColumn=id, insertable=true, updatable=true, unique=false}
17:03:36.277 [Test worker] DEBUG org.hibernate.cfg.annotations.PropertyBinder - MetadataSourceProcessor property id with lazy=false
17:03:36.277 [Test worker] DEBUG org.hibernate.cfg.AbstractPropertyHolder - Attempting to locate auto-apply AttributeConverter for property [com.epam.esm.entity.Tag:id]
17:03:36.277 [Test worker] DEBUG org.hibernate.cfg.annotations.SimpleValueBinder - building SimpleValue for id
17:03:36.277 [Test worker] DEBUG org.hibernate.cfg.annotations.PropertyBinder - Building property id
17:03:36.277 [Test worker] DEBUG org.hibernate.cfg.BinderHelper - #makeIdGenerator(org.hibernate.mapping.SimpleValue([org.hibernate.mapping.Column(id)]), id, identity, , ...)
17:03:36.277 [Test worker] DEBUG org.hibernate.cfg.Ejb3Column - Binding column: Ejb3Column{table=org.hibernate.mapping.Table(tag), mappingColumn=title, insertable=true, updatable=false, unique=true}
17:03:36.277 [Test worker] DEBUG org.hibernate.cfg.annotations.PropertyBinder - MetadataSourceProcessor property title with lazy=false
17:03:36.277 [Test worker] DEBUG org.hibernate.cfg.AbstractPropertyHolder - Attempting to locate auto-apply AttributeConverter for property [com.epam.esm.entity.Tag:title]
17:03:36.277 [Test worker] DEBUG org.hibernate.cfg.annotations.SimpleValueBinder - building SimpleValue for title
17:03:36.277 [Test worker] DEBUG org.hibernate.cfg.annotations.PropertyBinder - Building property title
17:03:36.277 [Test worker] DEBUG org.hibernate.cfg.AnnotationBinder - Binding entity from annotated class: com.epam.esm.entity.User
17:03:36.277 [Test worker] DEBUG org.hibernate.cfg.Ejb3Column - Binding column: Ejb3DiscriminatorColumn{logicalColumnName'DTYPE', discriminatorTypeName='string'}
17:03:36.277 [Test worker] DEBUG org.hibernate.cfg.annotations.EntityBinder - Import with entity name User
17:03:36.277 [Test worker] DEBUG org.hibernate.cfg.annotations.EntityBinder - Bind entity com.epam.esm.entity.User on table application_user
17:03:36.278 [Test worker] DEBUG org.hibernate.cfg.Ejb3Column - Binding column: Ejb3Column{table=org.hibernate.mapping.Table(application_user), mappingColumn=id, insertable=true, updatable=true, unique=false}
17:03:36.278 [Test worker] DEBUG org.hibernate.cfg.annotations.PropertyBinder - MetadataSourceProcessor property id with lazy=false
17:03:36.278 [Test worker] DEBUG org.hibernate.cfg.AbstractPropertyHolder - Attempting to locate auto-apply AttributeConverter for property [com.epam.esm.entity.User:id]
17:03:36.278 [Test worker] DEBUG org.hibernate.cfg.annotations.SimpleValueBinder - building SimpleValue for id
17:03:36.278 [Test worker] DEBUG org.hibernate.cfg.annotations.PropertyBinder - Building property id
17:03:36.278 [Test worker] DEBUG org.hibernate.cfg.BinderHelper - #makeIdGenerator(org.hibernate.mapping.SimpleValue([org.hibernate.mapping.Column(id)]), id, identity, , ...)
17:03:36.278 [Test worker] DEBUG org.hibernate.cfg.Ejb3Column - Binding column: Ejb3Column{table=org.hibernate.mapping.Table(application_user), mappingColumn=email, insertable=true, updatable=true, unique=false}
17:03:36.278 [Test worker] DEBUG org.hibernate.cfg.annotations.PropertyBinder - MetadataSourceProcessor property email with lazy=false
17:03:36.278 [Test worker] DEBUG org.hibernate.cfg.AbstractPropertyHolder - Attempting to locate auto-apply AttributeConverter for property [com.epam.esm.entity.User:email]
17:03:36.278 [Test worker] DEBUG org.hibernate.cfg.annotations.SimpleValueBinder - building SimpleValue for email
17:03:36.278 [Test worker] DEBUG org.hibernate.cfg.annotations.PropertyBinder - Building property email
17:03:36.278 [Test worker] DEBUG org.hibernate.cfg.Ejb3Column - Binding column: Ejb3JoinColumn{logicalColumnName='null', referencedColumn='null', mappedBy='user'}
17:03:36.278 [Test worker] DEBUG org.hibernate.cfg.Ejb3Column - Binding column: Ejb3Column{table=org.hibernate.mapping.Table(application_user), mappingColumn=orders, insertable=true, updatable=true, unique=false}
17:03:36.278 [Test worker] DEBUG org.hibernate.cfg.Ejb3Column - Binding column: Ejb3Column{table=org.hibernate.mapping.Table(application_user), mappingColumn=null, insertable=true, updatable=true, unique=false}
17:03:36.278 [Test worker] DEBUG org.hibernate.cfg.Ejb3Column - Binding column: Ejb3Column{table=org.hibernate.mapping.Table(application_user), mappingColumn=element, insertable=true, updatable=true, unique=false}
17:03:36.278 [Test worker] DEBUG org.hibernate.cfg.Ejb3Column - Binding column: Ejb3Column{table=org.hibernate.mapping.Table(application_user), mappingColumn=orders_key, insertable=true, updatable=true, unique=false}
17:03:36.278 [Test worker] DEBUG org.hibernate.cfg.Ejb3Column - Binding column: Ejb3JoinColumn{logicalColumnName='orders_KEY', referencedColumn='null', mappedBy='null'}
17:03:36.279 [Test worker] DEBUG org.hibernate.cfg.Ejb3Column - Binding column: Ejb3JoinColumn{logicalColumnName='null', referencedColumn='null', mappedBy='user'}
17:03:36.279 [Test worker] DEBUG org.hibernate.cfg.Ejb3Column - Binding column: Ejb3JoinColumn{logicalColumnName='null', referencedColumn='null', mappedBy='user'}
17:03:36.279 [Test worker] DEBUG org.hibernate.cfg.annotations.CollectionBinder - Collection role: com.epam.esm.entity.User.orders
17:03:36.279 [Test worker] DEBUG org.hibernate.cfg.annotations.PropertyBinder - Building property orders
17:03:36.279 [Test worker] DEBUG org.hibernate.cfg.Ejb3Column - Binding column: Ejb3Column{table=org.hibernate.mapping.Table(application_user), mappingColumn=password, insertable=true, updatable=true, unique=false}
17:03:36.279 [Test worker] DEBUG org.hibernate.cfg.annotations.PropertyBinder - MetadataSourceProcessor property password with lazy=false
17:03:36.279 [Test worker] DEBUG org.hibernate.cfg.AbstractPropertyHolder - Attempting to locate auto-apply AttributeConverter for property [com.epam.esm.entity.User:password]
17:03:36.279 [Test worker] DEBUG org.hibernate.cfg.annotations.SimpleValueBinder - building SimpleValue for password
17:03:36.279 [Test worker] DEBUG org.hibernate.cfg.annotations.PropertyBinder - Building property password
17:03:36.279 [Test worker] DEBUG org.hibernate.cfg.Ejb3Column - Binding column: Ejb3Column{table=org.hibernate.mapping.Table(application_user), mappingColumn=refresh_token, insertable=true, updatable=true, unique=false}
17:03:36.279 [Test worker] DEBUG org.hibernate.cfg.annotations.PropertyBinder - MetadataSourceProcessor property refreshToken with lazy=false
17:03:36.279 [Test worker] DEBUG org.hibernate.cfg.AbstractPropertyHolder - Attempting to locate auto-apply AttributeConverter for property [com.epam.esm.entity.User:refreshToken]
17:03:36.279 [Test worker] DEBUG org.hibernate.cfg.annotations.SimpleValueBinder - building SimpleValue for refreshToken
17:03:36.279 [Test worker] DEBUG org.hibernate.cfg.annotations.PropertyBinder - Building property refreshToken
17:03:36.279 [Test worker] DEBUG org.hibernate.cfg.Ejb3Column - Binding column: Ejb3JoinColumn{logicalColumnName='role_id', referencedColumn='', mappedBy=''}
17:03:36.279 [Test worker] DEBUG org.hibernate.cfg.Ejb3Column - Binding column: Ejb3Column{table=org.hibernate.mapping.Table(application_user), mappingColumn=role, insertable=true, updatable=true, unique=false}
17:03:36.279 [Test worker] DEBUG org.hibernate.cfg.annotations.PropertyBinder - Building property role
17:03:36.280 [Test worker] DEBUG org.hibernate.cfg.annotations.SimpleValueBinder - Starting fillSimpleValue for id
17:03:36.280 [Test worker] DEBUG org.hibernate.cfg.annotations.SimpleValueBinder - Starting fillSimpleValue for id
17:03:36.280 [Test worker] DEBUG org.hibernate.cfg.annotations.SimpleValueBinder - Starting fillSimpleValue for activeStatus
17:03:36.280 [Test worker] DEBUG org.hibernate.cfg.annotations.SimpleValueBinder - Starting fillSimpleValue for creationDate
17:03:36.280 [Test worker] DEBUG org.hibernate.cfg.annotations.SimpleValueBinder - Starting fillSimpleValue for description
17:03:36.280 [Test worker] DEBUG org.hibernate.cfg.annotations.SimpleValueBinder - Starting fillSimpleValue for expirationDate
17:03:36.280 [Test worker] DEBUG org.hibernate.cfg.annotations.SimpleValueBinder - Starting fillSimpleValue for modificationDate
17:03:36.280 [Test worker] DEBUG org.hibernate.cfg.annotations.SimpleValueBinder - Starting fillSimpleValue for name
17:03:36.280 [Test worker] DEBUG org.hibernate.cfg.annotations.SimpleValueBinder - Starting fillSimpleValue for price
17:03:36.280 [Test worker] DEBUG org.hibernate.cfg.annotations.SimpleValueBinder - Starting fillSimpleValue for id
17:03:36.280 [Test worker] DEBUG org.hibernate.cfg.annotations.SimpleValueBinder - Starting fillSimpleValue for activeStatus
17:03:36.280 [Test worker] DEBUG org.hibernate.cfg.annotations.SimpleValueBinder - Starting fillSimpleValue for createdAt
17:03:36.280 [Test worker] DEBUG org.hibernate.cfg.annotations.SimpleValueBinder - Starting fillSimpleValue for id
17:03:36.280 [Test worker] DEBUG org.hibernate.cfg.annotations.SimpleValueBinder - Starting fillSimpleValue for expirationDate
17:03:36.280 [Test worker] DEBUG org.hibernate.cfg.annotations.SimpleValueBinder - Starting fillSimpleValue for fixedPrice
17:03:36.280 [Test worker] DEBUG org.hibernate.cfg.annotations.SimpleValueBinder - Starting fillSimpleValue for id
17:03:36.280 [Test worker] DEBUG org.hibernate.cfg.annotations.SimpleValueBinder - Starting fillSimpleValue for value
17:03:36.280 [Test worker] DEBUG org.hibernate.cfg.annotations.SimpleValueBinder - Starting fillSimpleValue for id
17:03:36.280 [Test worker] DEBUG org.hibernate.cfg.annotations.SimpleValueBinder - Starting fillSimpleValue for title
17:03:36.280 [Test worker] DEBUG org.hibernate.cfg.annotations.SimpleValueBinder - Starting fillSimpleValue for id
17:03:36.280 [Test worker] DEBUG org.hibernate.cfg.annotations.SimpleValueBinder - Starting fillSimpleValue for email
17:03:36.280 [Test worker] DEBUG org.hibernate.cfg.annotations.SimpleValueBinder - Starting fillSimpleValue for password
17:03:36.280 [Test worker] DEBUG org.hibernate.cfg.annotations.SimpleValueBinder - Starting fillSimpleValue for refreshToken
17:03:36.281 [Test worker] DEBUG org.hibernate.mapping.PrimaryKey - Forcing column [id] to be non-null as it is part of the primary key for table [entity]
17:03:36.281 [Test worker] DEBUG org.hibernate.mapping.PrimaryKey - Forcing column [id] to be non-null as it is part of the primary key for table [certificate]
17:03:36.281 [Test worker] DEBUG org.hibernate.mapping.PrimaryKey - Forcing column [id] to be non-null as it is part of the primary key for table [application_order]
17:03:36.281 [Test worker] DEBUG org.hibernate.mapping.PrimaryKey - Forcing column [id] to be non-null as it is part of the primary key for table [order_certificate]
17:03:36.281 [Test worker] DEBUG org.hibernate.mapping.PrimaryKey - Forcing column [id] to be non-null as it is part of the primary key for table [application_role]
17:03:36.281 [Test worker] DEBUG org.hibernate.mapping.PrimaryKey - Forcing column [id] to be non-null as it is part of the primary key for table [tag]
17:03:36.281 [Test worker] DEBUG org.hibernate.mapping.PrimaryKey - Forcing column [id] to be non-null as it is part of the primary key for table [application_user]
17:03:36.281 [Test worker] DEBUG org.hibernate.cfg.CollectionSecondPass - Second pass for collection: com.epam.esm.entity.GiftCertificate.tags
17:03:36.281 [Test worker] DEBUG org.hibernate.cfg.annotations.CollectionBinder - Binding as ManyToMany: com.epam.esm.entity.GiftCertificate.tags
17:03:36.281 [Test worker] DEBUG org.hibernate.mapping.PrimaryKey - Forcing column [certificate_id] to be non-null as it is part of the primary key for table [certificate_tag]
17:03:36.281 [Test worker] DEBUG org.hibernate.mapping.PrimaryKey - Forcing column [tag_id] to be non-null as it is part of the primary key for table [certificate_tag]
17:03:36.281 [Test worker] DEBUG org.hibernate.cfg.CollectionSecondPass - Mapped collection key: certificate_id, element: tag_id
17:03:36.281 [Test worker] DEBUG org.hibernate.cfg.CollectionSecondPass - Second pass for collection: com.epam.esm.entity.GiftCertificate.orderCertificates
17:03:36.281 [Test worker] DEBUG org.hibernate.cfg.annotations.CollectionBinder - Binding a OneToMany: com.epam.esm.entity.GiftCertificate.orderCertificates through a foreign key
17:03:36.281 [Test worker] DEBUG org.hibernate.cfg.annotations.CollectionBinder - Mapping collection: com.epam.esm.entity.GiftCertificate.orderCertificates -> order_certificate
17:03:36.281 [Test worker] DEBUG org.hibernate.cfg.annotations.TableBinder - Retrieving property com.epam.esm.entity.OrderCertificate.certificate
17:03:36.281 [Test worker] DEBUG org.hibernate.cfg.CollectionSecondPass - Mapped collection key: certificate_id, one-to-many: com.epam.esm.entity.OrderCertificate
17:03:36.281 [Test worker] DEBUG org.hibernate.cfg.CollectionSecondPass - Second pass for collection: com.epam.esm.entity.Order.orderCertificates
17:03:36.282 [Test worker] DEBUG org.hibernate.cfg.annotations.CollectionBinder - Binding a OneToMany: com.epam.esm.entity.Order.orderCertificates through a foreign key
17:03:36.282 [Test worker] DEBUG org.hibernate.cfg.annotations.CollectionBinder - Mapping collection: com.epam.esm.entity.Order.orderCertificates -> order_certificate
17:03:36.282 [Test worker] DEBUG org.hibernate.cfg.annotations.TableBinder - Retrieving property com.epam.esm.entity.OrderCertificate.order
17:03:36.282 [Test worker] DEBUG org.hibernate.cfg.CollectionSecondPass - Mapped collection key: order_id, one-to-many: com.epam.esm.entity.OrderCertificate
17:03:36.282 [Test worker] DEBUG org.hibernate.cfg.CollectionSecondPass - Second pass for collection: com.epam.esm.entity.User.orders
17:03:36.282 [Test worker] DEBUG org.hibernate.cfg.annotations.CollectionBinder - Binding a OneToMany: com.epam.esm.entity.User.orders through a foreign key
17:03:36.282 [Test worker] DEBUG org.hibernate.cfg.annotations.CollectionBinder - Mapping collection: com.epam.esm.entity.User.orders -> application_order
17:03:36.282 [Test worker] DEBUG org.hibernate.cfg.annotations.TableBinder - Retrieving property com.epam.esm.entity.Order.user
17:03:36.282 [Test worker] DEBUG org.hibernate.cfg.CollectionSecondPass - Mapped collection key: user_id, one-to-many: com.epam.esm.entity.Order
17:03:36.282 [Test worker] DEBUG org.hibernate.boot.internal.InFlightMetadataCollectorImpl - Resolving reference to class: com.epam.esm.entity.User
17:03:36.282 [Test worker] DEBUG org.hibernate.boot.internal.InFlightMetadataCollectorImpl - Resolving reference to class: com.epam.esm.entity.Role
17:03:36.282 [Test worker] DEBUG org.hibernate.boot.internal.InFlightMetadataCollectorImpl - Resolving reference to class: com.epam.esm.entity.Tag
17:03:36.283 [Test worker] DEBUG org.hibernate.boot.internal.InFlightMetadataCollectorImpl - Resolving reference to class: com.epam.esm.entity.GiftCertificate
17:03:36.283 [Test worker] DEBUG org.hibernate.boot.internal.InFlightMetadataCollectorImpl - Resolving reference to class: com.epam.esm.entity.GiftCertificate
17:03:36.283 [Test worker] DEBUG org.hibernate.boot.internal.InFlightMetadataCollectorImpl - Resolving reference to class: com.epam.esm.entity.Order
17:03:36.284 [Test worker] DEBUG org.hibernate.boot.internal.InFlightMetadataCollectorImpl - Resolving reference to class: com.epam.esm.entity.User
17:03:36.284 [Test worker] DEBUG org.hibernate.boot.internal.InFlightMetadataCollectorImpl - Resolving reference to class: com.epam.esm.entity.Role
17:03:36.284 [Test worker] DEBUG org.hibernate.boot.internal.InFlightMetadataCollectorImpl - Resolving reference to class: com.epam.esm.entity.Tag
17:03:36.284 [Test worker] DEBUG org.hibernate.boot.internal.InFlightMetadataCollectorImpl - Resolving reference to class: com.epam.esm.entity.GiftCertificate
17:03:36.284 [Test worker] DEBUG org.hibernate.boot.internal.InFlightMetadataCollectorImpl - Resolving reference to class: com.epam.esm.entity.GiftCertificate
17:03:36.284 [Test worker] DEBUG org.hibernate.boot.internal.InFlightMetadataCollectorImpl - Resolving reference to class: com.epam.esm.entity.Order
17:03:36.285 [Test worker] DEBUG org.hibernate.internal.SessionFactoryImpl - Building session factory
17:03:36.285 [Test worker] DEBUG org.hibernate.cfg.Settings - SessionFactory name : null
17:03:36.285 [Test worker] DEBUG org.hibernate.cfg.Settings - Automatic flush during beforeCompletion(): enabled
17:03:36.285 [Test worker] DEBUG org.hibernate.cfg.Settings - Automatic session close at end of transaction: disabled
17:03:36.285 [Test worker] DEBUG org.hibernate.cfg.Settings - Statistics: disabled
17:03:36.285 [Test worker] DEBUG org.hibernate.cfg.Settings - Deleted entity synthetic identifier rollback: disabled
17:03:36.285 [Test worker] DEBUG org.hibernate.cfg.Settings - Default entity-mode: pojo
17:03:36.285 [Test worker] DEBUG org.hibernate.cfg.Settings - Check Nullability in Core (should be disabled when Bean Validation is on): enabled
17:03:36.285 [Test worker] DEBUG org.hibernate.cfg.Settings - Allow initialization of lazy state outside session : disabled
17:03:36.285 [Test worker] DEBUG org.hibernate.cfg.Settings - Using BatchFetchStyle : LEGACY
17:03:36.285 [Test worker] DEBUG org.hibernate.cfg.Settings - Default batch fetch size: -1
17:03:36.285 [Test worker] DEBUG org.hibernate.cfg.Settings - Maximum outer join fetch depth: null
17:03:36.285 [Test worker] DEBUG org.hibernate.cfg.Settings - Default null ordering: NONE
17:03:36.285 [Test worker] DEBUG org.hibernate.cfg.Settings - Order SQL updates by primary key: disabled
17:03:36.285 [Test worker] DEBUG org.hibernate.cfg.Settings - Order SQL inserts for batching: disabled
17:03:36.285 [Test worker] DEBUG org.hibernate.cfg.Settings - multi-tenancy strategy : NONE
17:03:36.285 [Test worker] DEBUG org.hibernate.cfg.Settings - JTA Track by Thread: enabled
17:03:36.285 [Test worker] DEBUG org.hibernate.cfg.Settings - Query language substitutions: {}
17:03:36.285 [Test worker] DEBUG org.hibernate.cfg.Settings - Named query checking : enabled
17:03:36.285 [Test worker] DEBUG org.hibernate.cfg.Settings - Second-level cache: disabled
17:03:36.285 [Test worker] DEBUG org.hibernate.cfg.Settings - Second-level query cache: disabled
17:03:36.285 [Test worker] DEBUG org.hibernate.cfg.Settings - Second-level query cache factory: null
17:03:36.285 [Test worker] DEBUG org.hibernate.cfg.Settings - Second-level cache region prefix: null
17:03:36.285 [Test worker] DEBUG org.hibernate.cfg.Settings - Optimize second-level cache for minimal puts: disabled
17:03:36.285 [Test worker] DEBUG org.hibernate.cfg.Settings - Structured second-level cache entries: disabled
17:03:36.285 [Test worker] DEBUG org.hibernate.cfg.Settings - Second-level cache direct-reference entries: disabled
17:03:36.285 [Test worker] DEBUG org.hibernate.cfg.Settings - Automatic eviction of collection cache: disabled
17:03:36.285 [Test worker] DEBUG org.hibernate.cfg.Settings - JDBC batch size: 15
17:03:36.285 [Test worker] DEBUG org.hibernate.cfg.Settings - JDBC batch updates for versioned data: enabled
17:03:36.285 [Test worker] DEBUG org.hibernate.cfg.Settings - Scrollable result sets: enabled
17:03:36.285 [Test worker] DEBUG org.hibernate.cfg.Settings - Wrap result sets: disabled
17:03:36.285 [Test worker] DEBUG org.hibernate.cfg.Settings - JDBC3 getGeneratedKeys(): enabled
17:03:36.285 [Test worker] DEBUG org.hibernate.cfg.Settings - JDBC result set fetch size: null
17:03:36.285 [Test worker] DEBUG org.hibernate.cfg.Settings - Connection release mode: ON_CLOSE
17:03:36.285 [Test worker] DEBUG org.hibernate.cfg.Settings - Generate SQL with comments: disabled
17:03:36.285 [Test worker] DEBUG org.hibernate.cfg.Settings - JPA compliance - query : 
17:03:36.285 [Test worker] DEBUG org.hibernate.cfg.Settings - JPA compliance - closed-handling : 
17:03:36.285 [Test worker] DEBUG org.hibernate.cfg.Settings - JPA compliance - lists : 
17:03:36.285 [Test worker] DEBUG org.hibernate.cfg.Settings - JPA compliance - transactions : 
17:03:36.286 [Test worker] DEBUG org.hibernate.jpa.event.internal.CallbackBuilderLegacyImpl - Adding onPrePersist as PrePersist callback for entity com.epam.esm.entity.Order
17:03:36.287 [Test worker] DEBUG org.hibernate.internal.SessionFactoryImpl - Session factory constructed with filter configurations : {}
17:03:36.287 [Test worker] DEBUG org.hibernate.internal.SessionFactoryImpl - Instantiating session factory with properties: {gopherProxySet=false, awt.toolkit=sun.lwawt.macosx.LWCToolkit, hibernate.id.new_generator_mappings=true, java.specification.version=11, sun.cpu.isalist=, hibernate.resource.beans.container=org.springframework.orm.hibernate5.SpringBeanContainer@25fe459, hibernate.connection.handling_mode=DELAYED_ACQUISITION_AND_HOLD, sun.jnu.encoding=UTF-8, hibernate.dialect=org.hibernate.dialect.H2Dialect, org.gradle.test.worker=3, hibernate.implicit_naming_strategy=org.springframework.boot.orm.jpa.hibernate.SpringImplicitNamingStrategy, java.class.path=/Users/dzmitryplatonov/.gradle/caches/5.6.2/workerMain/gradle-worker.jar:/Users/dzmitryplatonov/Desktop/workdir/giftcertificates/datasource/build/classes/java/test:/Users/dzmitryplatonov/Desktop/workdir/giftcertificates/datasource/build/resources/test:/Users/dzmitryplatonov/Desktop/workdir/giftcertificates/datasource/build/classes/java/main:/Users/dzmitryplatonov/Desktop/workdir/giftcertificates/datasource/build/resources/main:/Users/dzmitryplatonov/.m2/repository/org/apache/logging/log4j/log4j-web/2.11.2/log4j-web-2.11.2.jar:/Users/dzmitryplatonov/.m2/repository/org/apache/logging/log4j/log4j-core/2.11.2/log4j-core-2.11.2.jar:/Users/dzmitryplatonov/.gradle/caches/modules-2/files-2.1/org.springframework.boot/spring-boot-starter-web/2.1.9.RELEASE/2063870234eebbda3c09dddf9853477fe9e4a719/spring-boot-starter-web-2.1.9.RELEASE.jar:/Users/dzmitryplatonov/.gradle/caches/modules-2/files-2.1/org.springframework.boot/spring-boot-starter-security/2.1.9.RELEASE/bde048665003362d9e16aa75a8804f90dce1d31e/spring-boot-starter-security-2.1.9.RELEASE.jar:/Users/dzmitryplatonov/.gradle/caches/modules-2/files-2.1/org.springframework.boot/spring-boot-starter-data-jpa/2.1.9.RELEASE/784d6d5c525c2dd9fac31031ee6ca2ec8b067af5/spring-boot-starter-data-jpa-2.1.9.RELEASE.jar:/Users/dzmitryplatonov/.gradle/caches/modules-2/files-2.1/org.springframework.boot/spring-boot-starter-aop/2.1.9.RELEASE/74226b26cf15952f639deca38fe919701755c97b/spring-boot-starter-aop-2.1.9.RELEASE.jar:/Users/dzmitryplatonov/.gradle/caches/modules-2/files-2.1/org.springframework.boot/spring-boot-starter-jdbc/2.1.9.RELEASE/3f7d1d67669dfa0ea4ff9216afbeef5bc6a58ecb/spring-boot-starter-jdbc-2.1.9.RELEASE.jar:/Users/dzmitryplatonov/.gradle/caches/modules-2/files-2.1/org.springframework.boot/spring-boot-starter-json/2.1.9.RELEASE/53bdf52bc28b7e753874e0136fb33c9eab184276/spring-boot-starter-json-2.1.9.RELEASE.jar:/Users/dzmitryplatonov/.gradle/caches/modules-2/files-2.1/org.springframework.boot/spring-boot-starter/2.1.9.RELEASE/45d7afa2d9aab4b2984f2c330f507797fbcf501f/spring-boot-starter-2.1.9.RELEASE.jar:/Users/dzmitryplatonov/.gradle/caches/modules-2/files-2.1/org.springframework.boot/spring-boot-starter-logging/2.1.9.RELEASE/802b562b0c602ae9242b659a28b9bf89ca689b2d/spring-boot-starter-logging-2.1.9.RELEASE.jar:/Users/dzmitryplatonov/.m2/repository/org/apache/logging/log4j/log4j-to-slf4j/2.11.2/log4j-to-slf4j-2.11.2.jar:/Users/dzmitryplatonov/.m2/repository/org/apache/logging/log4j/log4j-api/2.11.2/log4j-api-2.11.2.jar:/Users/dzmitryplatonov/.m2/repository/org/hibernate/validator/hibernate-validator/6.0.17.Final/hibernate-validator-6.0.17.Final.jar:/Users/dzmitryplatonov/.m2/repository/javax/validation/validation-api/2.0.1.Final/validation-api-2.0.1.Final.jar:/Users/dzmitryplatonov/.gradle/caches/modules-2/files-2.1/org.springframework.security.oauth.boot/spring-security-oauth2-autoconfigure/2.1.9.RELEASE/abbbf98ebc0454774162add4b412a7ee5da66877/spring-security-oauth2-autoconfigure-2.1.9.RELEASE.jar:/Users/dzmitryplatonov/.gradle/caches/modules-2/files-2.1/com.auth0/jwks-rsa/0.9.0/6e3a813bce7eb07327f2a5384fb178eb21469338/jwks-rsa-0.9.0.jar:/Users/dzmitryplatonov/.gradle/caches/modules-2/files-2.1/io.jsonwebtoken/jjwt/0.9.1/54d2abfc3e63a28824d35bf600d6a5d627da681a/jjwt-0.9.1.jar:/Users/dzmitryplatonov/.gradle/caches/modules-2/files-2.1/io.jsonwebtoken/jjwt-jackson/0.10.7/52b5a612da95a0c0edc867ccac65bb0f6762ed7b/jjwt-jackson-0.10.7.jar:/Users/dzmitryplatonov/.m2/repository/com/fasterxml/jackson/datatype/jackson-datatype-jsr310/2.9.9/jackson-datatype-jsr310-2.9.9.jar:/Users/dzmitryplatonov/.m2/repository/com/fasterxml/jackson/datatype/jackson-datatype-jdk8/2.9.9/jackson-datatype-jdk8-2.9.9.jar:/Users/dzmitryplatonov/.m2/repository/com/fasterxml/jackson/module/jackson-module-parameter-names/2.9.9/jackson-module-parameter-names-2.9.9.jar:/Users/dzmitryplatonov/.gradle/caches/modules-2/files-2.1/com.fasterxml.jackson.core/jackson-databind/2.10.0.pr3/4e17238b159dcd1167b095024fe07f41da1e37ac/jackson-databind-2.10.0.pr3.jar:/Users/dzmitryplatonov/.gradle/caches/modules-2/files-2.1/com.fasterxml.jackson.core/jackson-annotations/2.10.0.pr3/6c99a6d972b8bdd92192bef4b0ff5df164e9cafc/jackson-annotations-2.10.0.pr3.jar:/Users/dzmitryplatonov/.m2/repository/org/springframework/hateoas/spring-hateoas/0.25.1.RELEASE/spring-hateoas-0.25.1.RELEASE.jar:/Users/dzmitryplatonov/.m2/repository/org/springframework/plugin/spring-plugin-core/1.2.0.RELEASE/spring-plugin-core-1.2.0.RELEASE.jar:/Users/dzmitryplatonov/.gradle/caches/modules-2/files-2.1/org.springframework.security/spring-security-oauth2-client/5.1.6.RELEASE/8a77b659f7f6616ca5970796c04106595819f4eb/spring-security-oauth2-client-5.1.6.RELEASE.jar:/Users/dzmitryplatonov/.gradle/caches/modules-2/files-2.1/org.springframework.security/spring-security-oauth2-jose/5.1.6.RELEASE/78f947f9b1ee235f7efbb697e15acd05e16d009a/spring-security-oauth2-jose-5.1.6.RELEASE.jar:/Users/dzmitryplatonov/.gradle/caches/modules-2/files-2.1/org.springframework.security/spring-security-openid/5.2.0.RELEASE/e67725a379bcc03c3edd571d6fec4800b2313a00/spring-security-openid-5.2.0.RELEASE.jar:/Users/dzmitryplatonov/.gradle/caches/modules-2/files-2.1/org.springframework.data/spring-data-jpa/2.1.11.RELEASE/b774364187f5e68379b8c3121232a04686a0325c/spring-data-jpa-2.1.11.RELEASE.jar:/Users/dzmitryplatonov/.gradle/caches/modules-2/files-2.1/org.springframework/spring-orm/5.1.10.RELEASE/ce92238d65405408387b1ae7a5dd5a280f7ea29f/spring-orm-5.1.10.RELEASE.jar:/Users/dzmitryplatonov/.gradle/caches/modules-2/files-2.1/org.springframework/spring-jdbc/5.1.10.RELEASE/48957bfad9656fdba9263539e2fa8f3034939ba8/spring-jdbc-5.1.10.RELEASE.jar:/Users/dzmitryplatonov/.m2/repository/org/postgresql/postgresql/42.2.8/postgresql-42.2.8.jar:/Users/dzmitryplatonov/.gradle/caches/modules-2/files-2.1/org.springframework.boot/spring-boot-starter-tomcat/2.1.9.RELEASE/99bef08a0b7fd10ff9827f0f8e6f49b97cbabf7f/spring-boot-starter-tomcat-2.1.9.RELEASE.jar:/Users/dzmitryplatonov/.m2/repository/javax/annotation/javax.annotation-api/1.3.2/javax.annotation-api-1.3.2.jar:/Users/dzmitryplatonov/.gradle/caches/modules-2/files-2.1/io.jsonwebtoken/jjwt-impl/0.10.7/49cf3b0b6f10eb024104ae39c111c1fd0cd3be64/jjwt-impl-0.10.7.jar:/Users/dzmitryplatonov/.gradle/caches/modules-2/files-2.1/org.junit.jupiter/junit-jupiter-params/5.2.0/d70083080bf3400c181562919cb03bf7588104e1/junit-jupiter-params-5.2.0.jar:/Users/dzmitryplatonov/.gradle/caches/modules-2/files-2.1/org.mockito/mockito-junit-jupiter/2.18.3/827104c6aed482c68159faf320f44f5eb5b03bd/mockito-junit-jupiter-2.18.3.jar:/Users/dzmitryplatonov/.m2/repository/org/mockito/mockito-core/2.28.2/mockito-core-2.28.2.jar:/Users/dzmitryplatonov/.m2/repository/com/h2database/h2/1.4.197/h2-1.4.197.jar:/Users/dzmitryplatonov/.gradle/caches/modules-2/files-2.1/org.springframework/spring-test/5.0.1.RELEASE/47dee3bebbcbcaff1be786b6c0db654ba7376eb9/spring-test-5.0.1.RELEASE.jar:/Users/dzmitryplatonov/.gradle/caches/modules-2/files-2.1/org.junit.jupiter/junit-jupiter-engine/5.3.1/e2676b1786c57a80eb98f5bebd51a3d05e228c40/junit-jupiter-engine-5.3.1.jar:/Users/dzmitryplatonov/.gradle/caches/modules-2/files-2.1/org.junit.jupiter/junit-jupiter-api/5.3.1/a7e97eac2784395cb991403f9641b042ad972941/junit-jupiter-api-5.3.1.jar:/Users/dzmitryplatonov/.gradle/caches/modules-2/files-2.1/org.hibernate/hibernate-core/5.3.12.Final/e1929362fe24a9f62142d18f1ac5b0d7f278ef22/hibernate-core-5.3.12.Final.jar:/Users/dzmitryplatonov/.m2/repository/org/hibernate/common/hibernate-commons-annotations/5.0.4.Final/hibernate-commons-annotations-5.0.4.Final.jar:/Users/dzmitryplatonov/.m2/repository/org/jboss/logging/jboss-logging/3.3.2.Final/jboss-logging-3.3.2.Final.jar:/Users/dzmitryplatonov/.m2/repository/com/fasterxml/classmate/1.3.4/classmate-1.3.4.jar:/Users/dzmitryplatonov/.gradle/caches/modules-2/files-2.1/com.fasterxml.jackson.core/jackson-core/2.10.0.pr3/1d2f9b816bcd00130ddc9dae6c99f7b533afcc73/jackson-core-2.10.0.pr3.jar:/Users/dzmitryplatonov/.gradle/caches/modules-2/files-2.1/org.springframework.security.oauth/spring-security-oauth2/2.3.5.RELEASE/7969f5363398d6d3788bef1740b2ab9509043d51/spring-security-oauth2-2.3.5.RELEASE.jar:/Users/dzmitryplatonov/.gradle/caches/modules-2/files-2.1/org.springframework/spring-webmvc/5.1.10.RELEASE/67b6da7852e89bc0df6ce36a263ac4377fe48e27/spring-webmvc-5.1.10.RELEASE.jar:/Users/dzmitryplatonov/.m2/repository/org/springframework/security/spring-security-config/5.1.6.RELEASE/spring-security-config-5.1.6.RELEASE.jar:/Users/dzmitryplatonov/.gradle/caches/modules-2/files-2.1/org.springframework.security/spring-security-oauth2-core/5.1.6.RELEASE/f3b2623760154aac86d32427696842c7c3d85326/spring-security-oauth2-core-5.1.6.RELEASE.jar:/Users/dzmitryplatonov/.gradle/caches/modules-2/files-2.1/org.springframework.security/spring-security-web/5.2.0.RELEASE/a9ff06ad3fd66cd08545e1a601c66d2256c86e0f/spring-security-web-5.2.0.RELEASE.jar:/Users/dzmitryplatonov/.gradle/caches/modules-2/files-2.1/org.springframework.security/spring-security-core/5.2.0.RELEASE/1c8f36e316a74c245073ce2a70bdf198a58424f6/spring-security-core-5.2.0.RELEASE.jar:/Users/dzmitryplatonov/.gradle/caches/modules-2/files-2.1/org.springframework.boot/spring-boot-autoconfigure/2.1.9.RELEASE/aa6d5e0fef585bec64543b9b8f944a94060e710a/spring-boot-autoconfigure-2.1.9.RELEASE.jar:/Users/dzmitryplatonov/.gradle/caches/modules-2/files-2.1/org.springframework.boot/spring-boot/2.1.9.RELEASE/b18e7287a82ee06c6bb4e79423c25c05b8303dc1/spring-boot-2.1.9.RELEASE.jar:/Users/dzmitryplatonov/.gradle/caches/modules-2/files-2.1/org.springframework/spring-context/5.2.0.RELEASE/a2638a8295f13ed8511c98a2379507677e1d16fa/spring-context-5.2.0.RELEASE.jar:/Users/dzmitryplatonov/.gradle/caches/modules-2/files-2.1/org.springframework/spring-aop/5.2.0.RELEASE/7031d44f063ea68e49b881a985967e7f2c144f3b/spring-aop-5.2.0.RELEASE.jar:/Users/dzmitryplatonov/.gradle/caches/modules-2/files-2.1/org.springframework/spring-web/5.2.0.RELEASE/d5b064196dc014519e751df549b4cc6a753fb191/spring-web-5.2.0.RELEASE.jar:/Users/dzmitryplatonov/.gradle/caches/modules-2/files-2.1/org.springframework.data/spring-data-commons/2.1.11.RELEASE/dace2a47d274ac5f0ac3ff2f47cb0b936bef5b46/spring-data-commons-2.1.11.RELEASE.jar:/Users/dzmitryplatonov/.gradle/caches/modules-2/files-2.1/org.springframework/spring-tx/5.1.10.RELEASE/c32ebb7fb1be3b733304b7873c31817dd434479a/spring-tx-5.1.10.RELEASE.jar:/Users/dzmitryplatonov/.gradle/caches/modules-2/files-2.1/org.springframework/spring-beans/5.2.0.RELEASE/3ae97694618c59e6af695a15e54fabb7e319776/spring-beans-5.2.0.RELEASE.jar:/Users/dzmitryplatonov/.gradle/caches/modules-2/files-2.1/org.springframework/spring-expression/5.2.0.RELEASE/ac6a616451129e717979f18d2bff40528698a46e/spring-expression-5.2.0.RELEASE.jar:/Users/dzmitryplatonov/.gradle/caches/modules-2/files-2.1/org.springframework/spring-core/5.2.0.RELEASE/e0e1b3c304f70ed19d7905975f6f990916ada219/spring-core-5.2.0.RELEASE.jar:/Users/dzmitryplatonov/.m2/repository/com/zaxxer/HikariCP/3.2.0/HikariCP-3.2.0.jar:/Users/dzmitryplatonov/.m2/repository/ch/qos/logback/logback-classic/1.2.3/logback-classic-1.2.3.jar:/Users/dzmitryplatonov/.m2/repository/org/slf4j/jul-to-slf4j/1.7.28/jul-to-slf4j-1.7.28.jar:/Users/dzmitryplatonov/.m2/repository/org/slf4j/slf4j-api/1.7.28/slf4j-api-1.7.28.jar:/Users/dzmitryplatonov/.m2/repository/javax/transaction/javax.transaction-api/1.3/javax.transaction-api-1.3.jar:/Users/dzmitryplatonov/.gradle/caches/modules-2/files-2.1/org.glassfish.jaxb/jaxb-runtime/2.3.1/dd6dda9da676a54c5b36ca2806ff95ee017d8738/jaxb-runtime-2.3.1.jar:/Users/dzmitryplatonov/.m2/repository/javax/xml/bind/jaxb-api/2.3.1/jaxb-api-2.3.1.jar:/Users/dzmitryplatonov/.gradle/caches/modules-2/files-2.1/org.springframework/spring-aspects/5.1.10.RELEASE/b0364caabcde96dc6385480d0f9270613ab04511/spring-aspects-5.1.10.RELEASE.jar:/Users/dzmitryplatonov/.gradle/caches/modules-2/files-2.1/org.springframework.security/spring-security-jwt/1.0.10.RELEASE/19a1ca7a83e9d263a31af5f529da460f8f863451/spring-security-jwt-1.0.10.RELEASE.jar:/Users/dzmitryplatonov/.gradle/caches/modules-2/files-2.1/com.nimbusds/oauth2-oidc-sdk/6.0/e731f0b62727a46ae6d6fded62b5678d28273c3c/oauth2-oidc-sdk-6.0.jar:/Users/dzmitryplatonov/.gradle/caches/modules-2/files-2.1/com.nimbusds/nimbus-jose-jwt/6.0.2/81605278e5df1cf4c3774851649b85cade077fa5/nimbus-jose-jwt-6.0.2.jar:/Users/dzmitryplatonov/.gradle/caches/modules-2/files-2.1/com.google.inject/guice/3.0/9d84f15fe35e2c716a02979fb62f50a29f38aefa/guice-3.0.jar:/Users/dzmitryplatonov/.gradle/caches/modules-2/files-2.1/org.openid4java/openid4java-nodeps/0.9.6/52ca394f5f6d38b78e35a5a6a0a341dc5b3aaf34/openid4java-nodeps-0.9.6.jar:/Users/dzmitryplatonov/.gradle/caches/modules-2/files-2.1/net.sourceforge.nekohtml/nekohtml/1.9.22/4f54af68ecb345f2453fb6884672ad08414154e3/nekohtml-1.9.22.jar:/Users/dzmitryplatonov/.gradle/caches/modules-2/files-2.1/org.apache.httpcomponents/httpclient/4.5.10/7ca2e4276f4ef95e4db725a8cd4a1d1e7585b9e5/httpclient-4.5.10.jar:/Users/dzmitryplatonov/.gradle/caches/modules-2/files-2.1/commons-codec/commons-codec/1.13/3f18e1aa31031d89db6f01ba05d501258ce69d2c/commons-codec-1.13.jar:/Users/dzmitryplatonov/.m2/repository/commons-io/commons-io/2.6/commons-io-2.6.jar:/Users/dzmitryplatonov/.gradle/caches/modules-2/files-2.1/com.google.guava/guava/27.1-jre/e47b59c893079b87743cdcfb6f17ca95c08c592c/guava-27.1-jre.jar:/Users/dzmitryplatonov/.gradle/caches/modules-2/files-2.1/io.jsonwebtoken/jjwt-api/0.10.7/52e888d8424d3c788e23fedfbfc65ce36830ab1a/jjwt-api-0.10.7.jar:/Users/dzmitryplatonov/.m2/repository/org/junit/platform/junit-platform-engine/1.3.1/junit-platform-engine-1.3.1.jar:/Users/dzmitryplatonov/.m2/repository/org/junit/platform/junit-platform-commons/1.3.1/junit-platform-commons-1.3.1.jar:/Users/dzmitryplatonov/.m2/repository/org/apiguardian/apiguardian-api/1.0.0/apiguardian-api-1.0.0.jar:/Users/dzmitryplatonov/.gradle/caches/modules-2/files-2.1/net.bytebuddy/byte-buddy/1.9.11/985bbce599f92d6440582a7d1a5231bfaae9970f/byte-buddy-1.9.11.jar:/Users/dzmitryplatonov/.m2/repository/net/bytebuddy/byte-buddy-agent/1.9.10/byte-buddy-agent-1.9.10.jar:/Users/dzmitryplatonov/.m2/repository/org/objenesis/objenesis/2.6/objenesis-2.6.jar:/Users/dzmitryplatonov/.m2/repository/org/opentest4j/opentest4j/1.1.1/opentest4j-1.1.1.jar:/Users/dzmitryplatonov/.m2/repository/org/aspectj/aspectjweaver/1.9.4/aspectjweaver-1.9.4.jar:/Users/dzmitryplatonov/.m2/repository/javax/activation/javax.activation-api/1.2.0/javax.activation-api-1.2.0.jar:/Users/dzmitryplatonov/.m2/repository/javax/persistence/javax.persistence-api/2.2/javax.persistence-api-2.2.jar:/Users/dzmitryplatonov/.m2/repository/org/javassist/javassist/3.23.2-GA/javassist-3.23.2-GA.jar:/Users/dzmitryplatonov/.m2/repository/antlr/antlr/2.7.7/antlr-2.7.7.jar:/Users/dzmitryplatonov/.m2/repository/org/jboss/jandex/2.0.5.Final/jandex-2.0.5.Final.jar:/Users/dzmitryplatonov/.m2/repository/org/dom4j/dom4j/2.1.1/dom4j-2.1.1.jar:/Users/dzmitryplatonov/.m2/repository/org/yaml/snakeyaml/1.23/snakeyaml-1.23.jar:/Users/dzmitryplatonov/.gradle/caches/modules-2/files-2.1/org.apache.tomcat.embed/tomcat-embed-websocket/9.0.26/8991b1bd82c5745e95a9161472a92dc1e5c7148e/tomcat-embed-websocket-9.0.26.jar:/Users/dzmitryplatonov/.gradle/caches/modules-2/files-2.1/org.apache.tomcat.embed/tomcat-embed-core/9.0.26/6312ba542bc58fa9ee789a43516ce4d862548a6b/tomcat-embed-core-9.0.26.jar:/Users/dzmitryplatonov/.gradle/caches/modules-2/files-2.1/org.apache.tomcat.embed/tomcat-embed-el/9.0.26/a551f05d3ecf5434eaadd75e0b51519447df124/tomcat-embed-el-9.0.26.jar:/Users/dzmitryplatonov/.gradle/caches/modules-2/files-2.1/org.codehaus.jackson/jackson-mapper-asl/1.9.13/1ee2f2bed0e5dd29d1cb155a166e6f8d50bbddb7/jackson-mapper-asl-1.9.13.jar:/Users/dzmitryplatonov/.gradle/caches/modules-2/files-2.1/org.bouncycastle/bcpkix-jdk15on/1.60/d0c46320fbc07be3a24eb13a56cee4e3d38e0c75/bcpkix-jdk15on-1.60.jar:/Users/dzmitryplatonov/.gradle/caches/modules-2/files-2.1/org.glassfish.jaxb/txw2/2.3.1/a09d2c48d3285f206fafbffe0e50619284e92126/txw2-2.3.1.jar:/Users/dzmitryplatonov/.gradle/caches/modules-2/files-2.1/com.sun.istack/istack-commons-runtime/3.0.7/c197c86ceec7318b1284bffb49b54226ca774003/istack-commons-runtime-3.0.7.jar:/Users/dzmitryplatonov/.gradle/caches/modules-2/files-2.1/org.jvnet.staxex/stax-ex/1.8/8cc35f73da321c29973191f2cf143d29d26a1df7/stax-ex-1.8.jar:/Users/dzmitryplatonov/.gradle/caches/modules-2/files-2.1/com.sun.xml.fastinfoset/FastInfoset/1.2.15/bb7b7ec0379982b97c62cd17465cb6d9155f68e8/FastInfoset-1.2.15.jar:/Users/dzmitryplatonov/.gradle/caches/modules-2/files-2.1/com.sun.mail/javax.mail/1.6.1/757ba4630692bb2a1ec2d9d57a616b63f15e947e/javax.mail-1.6.1.jar:/Users/dzmitryplatonov/.gradle/caches/modules-2/files-2.1/com.github.stephenc.jcip/jcip-annotations/1.0-1/ef31541dd28ae2cefdd17c7ebf352d93e9058c63/jcip-annotations-1.0-1.jar:/Users/dzmitryplatonov/.m2/repository/net/minidev/json-smart/2.3/json-smart-2.3.jar:/Users/dzmitryplatonov/.gradle/caches/modules-2/files-2.1/com.nimbusds/lang-tag/1.4.4/1db9a709239ae473a69b5424c7e78d0b7108229d/lang-tag-1.4.4.jar:/Users/dzmitryplatonov/.gradle/caches/modules-2/files-2.1/org.springframework/spring-jcl/5.2.0.RELEASE/59b53ab6f01dd3ba85875b61a284c161584c18a3/spring-jcl-5.2.0.RELEASE.jar:/Users/dzmitryplatonov/.m2/repository/javax/inject/javax.inject/1/javax.inject-1.jar:/Users/dzmitryplatonov/.gradle/caches/modules-2/files-2.1/org.sonatype.sisu.inject/cglib/2.2.1-v20090111/7ce5e983fd0e6c78346f4c9cbfa39d83049dda2/cglib-2.2.1-v20090111.jar:/Users/dzmitryplatonov/.m2/repository/commons-logging/commons-logging/1.2/commons-logging-1.2.jar:/Users/dzmitryplatonov/.m2/repository/net/jcip/jcip-annotations/1.0/jcip-annotations-1.0.jar:/Users/dzmitryplatonov/.m2/repository/xerces/xercesImpl/2.11.0/xercesImpl-2.11.0.jar:/Users/dzmitryplatonov/.gradle/caches/modules-2/files-2.1/org.apache.httpcomponents/httpcore/4.4.12/21ebaf6d532bc350ba95bd81938fa5f0e511c132/httpcore-4.4.12.jar:/Users/dzmitryplatonov/.gradle/caches/modules-2/files-2.1/com.google.guava/failureaccess/1.0.1/1dcf1de382a0bf95a3d8b0849546c88bac1292c9/failureaccess-1.0.1.jar:/Users/dzmitryplatonov/.gradle/caches/modules-2/files-2.1/com.google.guava/listenablefuture/9999.0-empty-to-avoid-conflict-with-guava/b421526c5f297295adef1c886e5246c39d4ac629/listenablefuture-9999.0-empty-to-avoid-conflict-with-guava.jar:/Users/dzmitryplatonov/.m2/repository/com/google/code/findbugs/jsr305/3.0.2/jsr305-3.0.2.jar:/Users/dzmitryplatonov/.gradle/caches/modules-2/files-2.1/org.checkerframework/checker-qual/2.5.2/cea74543d5904a30861a61b4643a5f2bb372efc4/checker-qual-2.5.2.jar:/Users/dzmitryplatonov/.gradle/caches/modules-2/files-2.1/com.google.errorprone/error_prone_annotations/2.2.0/88e3c593e9b3586e1c6177f89267da6fc6986f0c/error_prone_annotations-2.2.0.jar:/Users/dzmitryplatonov/.gradle/caches/modules-2/files-2.1/com.google.j2objc/j2objc-annotations/1.1/ed28ded51a8b1c6b112568def5f4b455e6809019/j2objc-annotations-1.1.jar:/Users/dzmitryplatonov/.gradle/caches/modules-2/files-2.1/org.codehaus.mojo/animal-sniffer-annotations/1.17/f97ce6decaea32b36101e37979f8b647f00681fb/animal-sniffer-annotations-1.17.jar:/Users/dzmitryplatonov/.gradle/caches/modules-2/files-2.1/org.codehaus.jackson/jackson-core-asl/1.9.13/3c304d70f42f832e0a86d45bd437f692129299a4/jackson-core-asl-1.9.13.jar:/Users/dzmitryplatonov/.gradle/caches/modules-2/files-2.1/org.bouncycastle/bcprov-jdk15on/1.60/bd47ad3bd14b8e82595c7adaa143501e60842a84/bcprov-jdk15on-1.60.jar:/Users/dzmitryplatonov/.m2/repository/javax/activation/activation/1.1/activation-1.1.jar:/Users/dzmitryplatonov/.m2/repository/net/minidev/accessors-smart/1.2/accessors-smart-1.2.jar:/Users/dzmitryplatonov/.gradle/caches/modules-2/files-2.1/asm/asm/3.1/c157def142714c544bdea2e6144645702adf7097/asm-3.1.jar:/Users/dzmitryplatonov/.m2/repository/xml-apis/xml-apis/1.4.01/xml-apis-1.4.01.jar:/Users/dzmitryplatonov/.m2/repository/ch/qos/logback/logback-core/1.2.3/logback-core-1.2.3.jar:/Users/dzmitryplatonov/.gradle/caches/modules-2/files-2.1/org.apache.tomcat/tomcat-annotations-api/9.0.26/bb4574456c5db64acfcd2aa6f426d87e6c05a772/tomcat-annotations-api-9.0.26.jar:/Users/dzmitryplatonov/.m2/repository/org/ow2/asm/asm/5.0.4/asm-5.0.4.jar, java.vm.vendor=Oracle Corporation, sun.arch.data.model=64, user.variant=, java.vendor.url=http://java.oracle.com/, user.timezone=Europe/Minsk, os.name=Mac OS X, java.vm.specification.version=11, javax.persistence.validation.mode=AUTO, user.country=BY, sun.java.launcher=SUN_STANDARD, sun.boot.library.path=/Library/Java/JavaVirtualMachines/jdk-11.0.4.jdk/Contents/Home/lib, sun.java.command=worker.org.gradle.process.internal.worker.GradleWorkerMain 'Gradle Test Executor 3', hibernate.transaction.jta.platform=org.hibernate.engine.transaction.jta.platform.internal.NoJtaPlatform@6153be81, http.nonProxyHosts=local|*.local|169.254/16|*.169.254/16, javax.persistence.sharedCache.mode=UNSPECIFIED, jdk.debug=release, sun.cpu.endian=little, user.home=/Users/dzmitryplatonov, user.language=ru, java.specification.vendor=Oracle Corporation, org.gradle.native=false, java.version.date=2019-07-16, java.home=/Library/Java/JavaVirtualMachines/jdk-11.0.4.jdk/Contents/Home, file.separator=/, java.vm.compressedOopsMode=Zero based, line.separator=
, java.specification.name=Java Platform API Specification, java.vm.specification.vendor=Oracle Corporation, hibernate.transaction.coordinator_class=class org.hibernate.resource.transaction.backend.jdbc.internal.JdbcResourceLocalTransactionCoordinatorBuilderImpl, java.awt.graphicsenv=sun.awt.CGraphicsEnvironment, hibernate.hbm2ddl.auto=create-drop, sun.management.compiler=HotSpot 64-Bit Tiered Compilers, ftp.nonProxyHosts=local|*.local|169.254/16|*.169.254/16, java.runtime.version=11.0.4+10-LTS, user.name=dzmitryplatonov, path.separator=:, os.version=10.14.6, java.runtime.name=Java(TM) SE Runtime Environment, file.encoding=UTF-8, hibernate.ejb.persistenceUnitName=default, java.vm.name=Java HotSpot(TM) 64-Bit Server VM, java.vendor.version=18.9, java.vendor.url.bug=http://bugreport.java.com/bugreport/, java.io.tmpdir=/var/folders/nm/5f650mms7n577yq7w4kkdfl80000gn/T/, com.zaxxer.hikari.pool_number=1, java.version=11.0.4, hibernate.physical_naming_strategy=org.springframework.boot.orm.jpa.hibernate.SpringPhysicalNamingStrategy, user.dir=/Users/dzmitryplatonov/Desktop/workdir/giftcertificates/datasource, os.arch=x86_64, java.vm.specification.name=Java Virtual Machine Specification, java.awt.printerjob=sun.lwawt.macosx.CPrinterJob, sun.os.patch.level=unknown, hibernate.boot.CfgXmlAccessService.key=org.hibernate.boot.cfgxml.spi.LoadedConfig@7ef14e2e, java.library.path=/Users/dzmitryplatonov/Library/Java/Extensions:/Library/Java/Extensions:/Network/Library/Java/Extensions:/System/Library/Java/Extensions:/usr/lib/java:., java.vendor=Oracle Corporation, java.vm.info=mixed mode, java.vm.version=11.0.4+10-LTS, hibernate.bytecode.use_reflection_optimizer=false, sun.io.unicode.encoding=UnicodeBig, hibernate.connection.datasource=HikariDataSource (HikariPool-19), socksNonProxyHosts=local|*.local|169.254/16|*.169.254/16, java.class.version=55.0}
17:03:36.288 [Test worker] DEBUG org.hibernate.validator.internal.engine.resolver.TraversableResolvers - Found javax.persistence.Persistence on classpath containing 'getPersistenceUtil'. Assuming JPA 2 environment. Trying to instantiate JPA aware TraversableResolver
17:03:36.288 [Test worker] DEBUG org.hibernate.validator.internal.engine.resolver.TraversableResolvers - Instantiated JPA aware TraversableResolver of type org.hibernate.validator.internal.engine.resolver.JPATraversableResolver.
17:03:36.288 [Test worker] DEBUG org.hibernate.validator.internal.xml.config.ValidationXmlParser - Trying to load META-INF/validation.xml for XML based Validator configuration.
17:03:36.288 [Test worker] DEBUG org.hibernate.validator.internal.xml.config.ResourceLoaderHelper - Trying to load META-INF/validation.xml via TCCL
17:03:36.288 [Test worker] DEBUG org.hibernate.validator.internal.xml.config.ResourceLoaderHelper - Trying to load META-INF/validation.xml via Hibernate Validator's class loader
17:03:36.288 [Test worker] DEBUG org.hibernate.validator.internal.xml.config.ValidationXmlParser - No META-INF/validation.xml found. Using annotation based configuration only.
17:03:36.293 [Test worker] DEBUG org.hibernate.validator.messageinterpolation.ResourceBundleMessageInterpolator - Loaded expression factory via original TCCL
17:03:36.293 [Test worker] DEBUG org.hibernate.validator.internal.engine.ValidatorFactoryImpl - HV000234: Using org.hibernate.validator.messageinterpolation.ResourceBundleMessageInterpolator as ValidatorFactory-scoped message interpolator.
17:03:36.293 [Test worker] DEBUG org.hibernate.validator.internal.engine.ValidatorFactoryImpl - HV000234: Using org.hibernate.validator.internal.engine.resolver.JPATraversableResolver as ValidatorFactory-scoped traversable resolver.
17:03:36.293 [Test worker] DEBUG org.hibernate.validator.internal.engine.ValidatorFactoryImpl - HV000234: Using org.hibernate.validator.internal.util.ExecutableParameterNameProvider as ValidatorFactory-scoped parameter name provider.
17:03:36.293 [Test worker] DEBUG org.hibernate.validator.internal.engine.ValidatorFactoryImpl - HV000234: Using org.hibernate.validator.internal.engine.DefaultClockProvider as ValidatorFactory-scoped clock provider.
17:03:36.293 [Test worker] DEBUG org.hibernate.validator.internal.engine.ValidatorFactoryImpl - HV000234: Using org.hibernate.validator.internal.engine.scripting.DefaultScriptEvaluatorFactory as ValidatorFactory-scoped script evaluator factory.
17:03:36.293 [Test worker] DEBUG org.hibernate.boot.internal.ClassLoaderAccessImpl - Not known whether passed class name [com.epam.esm.entity.Order] is safe
17:03:36.293 [Test worker] DEBUG org.hibernate.boot.internal.ClassLoaderAccessImpl - No temp ClassLoader provided; using live ClassLoader for loading potentially unsafe class : com.epam.esm.entity.Order
17:03:36.294 [Test worker] DEBUG org.hibernate.boot.internal.ClassLoaderAccessImpl - Not known whether passed class name [com.epam.esm.entity.GiftCertificate] is safe
17:03:36.294 [Test worker] DEBUG org.hibernate.boot.internal.ClassLoaderAccessImpl - No temp ClassLoader provided; using live ClassLoader for loading potentially unsafe class : com.epam.esm.entity.GiftCertificate
17:03:36.296 [Test worker] DEBUG org.hibernate.boot.internal.ClassLoaderAccessImpl - Not known whether passed class name [com.epam.esm.entity.User] is safe
17:03:36.296 [Test worker] DEBUG org.hibernate.boot.internal.ClassLoaderAccessImpl - No temp ClassLoader provided; using live ClassLoader for loading potentially unsafe class : com.epam.esm.entity.User
17:03:36.297 [Test worker] DEBUG org.hibernate.boot.internal.ClassLoaderAccessImpl - Not known whether passed class name [com.epam.esm.entity.Entity] is safe
17:03:36.297 [Test worker] DEBUG org.hibernate.boot.internal.ClassLoaderAccessImpl - No temp ClassLoader provided; using live ClassLoader for loading potentially unsafe class : com.epam.esm.entity.Entity
17:03:36.298 [Test worker] DEBUG org.hibernate.boot.internal.ClassLoaderAccessImpl - Not known whether passed class name [com.epam.esm.entity.Tag] is safe
17:03:36.298 [Test worker] DEBUG org.hibernate.boot.internal.ClassLoaderAccessImpl - No temp ClassLoader provided; using live ClassLoader for loading potentially unsafe class : com.epam.esm.entity.Tag
17:03:36.298 [Test worker] DEBUG org.hibernate.boot.internal.ClassLoaderAccessImpl - Not known whether passed class name [com.epam.esm.entity.OrderCertificate] is safe
17:03:36.298 [Test worker] DEBUG org.hibernate.boot.internal.ClassLoaderAccessImpl - No temp ClassLoader provided; using live ClassLoader for loading potentially unsafe class : com.epam.esm.entity.OrderCertificate
17:03:36.299 [Test worker] DEBUG org.hibernate.boot.internal.ClassLoaderAccessImpl - Not known whether passed class name [com.epam.esm.entity.Role] is safe
17:03:36.299 [Test worker] DEBUG org.hibernate.boot.internal.ClassLoaderAccessImpl - No temp ClassLoader provided; using live ClassLoader for loading potentially unsafe class : com.epam.esm.entity.Role
17:03:36.300 [Test worker] DEBUG org.hibernate.secure.spi.JaccIntegrator - Skipping JACC integration as it was not enabled
17:03:36.300 [Test worker] DEBUG org.hibernate.internal.SessionFactoryImpl - Instantiated session factory
17:03:36.300 [Test worker] DEBUG org.hibernate.type.spi.TypeConfiguration$Scope - Scoping TypeConfiguration [org.hibernate.type.spi.TypeConfiguration@47f87b45] to SessionFactoryImpl [org.hibernate.internal.SessionFactoryImpl@4f812a94]
17:03:36.301 [Test worker] DEBUG org.hibernate.boot.internal.ClassLoaderAccessImpl - Not known whether passed class name [com.epam.esm.entity.Order] is safe
17:03:36.301 [Test worker] DEBUG org.hibernate.boot.internal.ClassLoaderAccessImpl - No temp ClassLoader provided; using live ClassLoader for loading potentially unsafe class : com.epam.esm.entity.Order
17:03:36.301 [Test worker] DEBUG org.hibernate.boot.internal.ClassLoaderAccessImpl - Not known whether passed class name [com.epam.esm.entity.Order] is safe
17:03:36.301 [Test worker] DEBUG org.hibernate.boot.internal.ClassLoaderAccessImpl - No temp ClassLoader provided; using live ClassLoader for loading potentially unsafe class : com.epam.esm.entity.Order
17:03:36.308 [Test worker] DEBUG org.hibernate.boot.internal.ClassLoaderAccessImpl - Not known whether passed class name [com.epam.esm.entity.GiftCertificate] is safe
17:03:36.308 [Test worker] DEBUG org.hibernate.boot.internal.ClassLoaderAccessImpl - No temp ClassLoader provided; using live ClassLoader for loading potentially unsafe class : com.epam.esm.entity.GiftCertificate
17:03:36.308 [Test worker] DEBUG org.hibernate.boot.internal.ClassLoaderAccessImpl - Not known whether passed class name [com.epam.esm.entity.GiftCertificate] is safe
17:03:36.308 [Test worker] DEBUG org.hibernate.boot.internal.ClassLoaderAccessImpl - No temp ClassLoader provided; using live ClassLoader for loading potentially unsafe class : com.epam.esm.entity.GiftCertificate
17:03:36.318 [Test worker] DEBUG org.hibernate.boot.internal.ClassLoaderAccessImpl - Not known whether passed class name [com.epam.esm.entity.User] is safe
17:03:36.318 [Test worker] DEBUG org.hibernate.boot.internal.ClassLoaderAccessImpl - No temp ClassLoader provided; using live ClassLoader for loading potentially unsafe class : com.epam.esm.entity.User
17:03:36.319 [Test worker] DEBUG org.hibernate.boot.internal.ClassLoaderAccessImpl - Not known whether passed class name [com.epam.esm.entity.User] is safe
17:03:36.319 [Test worker] DEBUG org.hibernate.boot.internal.ClassLoaderAccessImpl - No temp ClassLoader provided; using live ClassLoader for loading potentially unsafe class : com.epam.esm.entity.User
17:03:36.325 [Test worker] DEBUG org.hibernate.boot.internal.ClassLoaderAccessImpl - Not known whether passed class name [com.epam.esm.entity.Entity] is safe
17:03:36.325 [Test worker] DEBUG org.hibernate.boot.internal.ClassLoaderAccessImpl - No temp ClassLoader provided; using live ClassLoader for loading potentially unsafe class : com.epam.esm.entity.Entity
17:03:36.325 [Test worker] DEBUG org.hibernate.boot.internal.ClassLoaderAccessImpl - Not known whether passed class name [com.epam.esm.entity.Entity] is safe
17:03:36.325 [Test worker] DEBUG org.hibernate.boot.internal.ClassLoaderAccessImpl - No temp ClassLoader provided; using live ClassLoader for loading potentially unsafe class : com.epam.esm.entity.Entity
17:03:36.328 [Test worker] DEBUG org.hibernate.boot.internal.ClassLoaderAccessImpl - Not known whether passed class name [com.epam.esm.entity.Tag] is safe
17:03:36.328 [Test worker] DEBUG org.hibernate.boot.internal.ClassLoaderAccessImpl - No temp ClassLoader provided; using live ClassLoader for loading potentially unsafe class : com.epam.esm.entity.Tag
17:03:36.328 [Test worker] DEBUG org.hibernate.boot.internal.ClassLoaderAccessImpl - Not known whether passed class name [com.epam.esm.entity.Tag] is safe
17:03:36.328 [Test worker] DEBUG org.hibernate.boot.internal.ClassLoaderAccessImpl - No temp ClassLoader provided; using live ClassLoader for loading potentially unsafe class : com.epam.esm.entity.Tag
17:03:36.331 [Test worker] DEBUG org.hibernate.boot.internal.ClassLoaderAccessImpl - Not known whether passed class name [com.epam.esm.entity.OrderCertificate] is safe
17:03:36.331 [Test worker] DEBUG org.hibernate.boot.internal.ClassLoaderAccessImpl - No temp ClassLoader provided; using live ClassLoader for loading potentially unsafe class : com.epam.esm.entity.OrderCertificate
17:03:36.332 [Test worker] DEBUG org.hibernate.boot.internal.ClassLoaderAccessImpl - Not known whether passed class name [com.epam.esm.entity.OrderCertificate] is safe
17:03:36.332 [Test worker] DEBUG org.hibernate.boot.internal.ClassLoaderAccessImpl - No temp ClassLoader provided; using live ClassLoader for loading potentially unsafe class : com.epam.esm.entity.OrderCertificate
17:03:36.336 [Test worker] DEBUG org.hibernate.boot.internal.ClassLoaderAccessImpl - Not known whether passed class name [com.epam.esm.entity.Role] is safe
17:03:36.336 [Test worker] DEBUG org.hibernate.boot.internal.ClassLoaderAccessImpl - No temp ClassLoader provided; using live ClassLoader for loading potentially unsafe class : com.epam.esm.entity.Role
17:03:36.336 [Test worker] DEBUG org.hibernate.boot.internal.ClassLoaderAccessImpl - Not known whether passed class name [com.epam.esm.entity.Role] is safe
17:03:36.336 [Test worker] DEBUG org.hibernate.boot.internal.ClassLoaderAccessImpl - No temp ClassLoader provided; using live ClassLoader for loading potentially unsafe class : com.epam.esm.entity.Role
17:03:36.340 [Test worker] DEBUG org.hibernate.persister.collection.AbstractCollectionPersister - Static SQL for collection: com.epam.esm.entity.GiftCertificate.tags
17:03:36.340 [Test worker] DEBUG org.hibernate.persister.collection.AbstractCollectionPersister -  Row insert: insert into certificate_tag (certificate_id, tag_id) values (?, ?)
17:03:36.340 [Test worker] DEBUG org.hibernate.persister.collection.AbstractCollectionPersister -  Row update: update certificate_tag set tag_id=? where certificate_id=? and tag_id=?
17:03:36.340 [Test worker] DEBUG org.hibernate.persister.collection.AbstractCollectionPersister -  Row delete: delete from certificate_tag where certificate_id=? and tag_id=?
17:03:36.340 [Test worker] DEBUG org.hibernate.persister.collection.AbstractCollectionPersister -  One-shot delete: delete from certificate_tag where certificate_id=?
17:03:36.340 [Test worker] DEBUG org.hibernate.persister.collection.AbstractCollectionPersister - Static SQL for collection: com.epam.esm.entity.Order.orderCertificates
17:03:36.340 [Test worker] DEBUG org.hibernate.persister.collection.AbstractCollectionPersister -  Row insert: update order_certificate set order_id=? where id=?
17:03:36.340 [Test worker] DEBUG org.hibernate.persister.collection.AbstractCollectionPersister -  Row update: update order_certificate set  where id=?
17:03:36.340 [Test worker] DEBUG org.hibernate.persister.collection.AbstractCollectionPersister -  Row delete: update order_certificate set order_id=null where order_id=? and id=?
17:03:36.340 [Test worker] DEBUG org.hibernate.persister.collection.AbstractCollectionPersister -  One-shot delete: update order_certificate set order_id=null where order_id=?
17:03:36.340 [Test worker] DEBUG org.hibernate.persister.collection.AbstractCollectionPersister - Static SQL for collection: com.epam.esm.entity.GiftCertificate.orderCertificates
17:03:36.340 [Test worker] DEBUG org.hibernate.persister.collection.AbstractCollectionPersister -  Row insert: update order_certificate set certificate_id=? where id=?
17:03:36.341 [Test worker] DEBUG org.hibernate.persister.collection.AbstractCollectionPersister -  Row update: update order_certificate set  where id=?
17:03:36.341 [Test worker] DEBUG org.hibernate.persister.collection.AbstractCollectionPersister -  Row delete: update order_certificate set certificate_id=null where certificate_id=? and id=?
17:03:36.341 [Test worker] DEBUG org.hibernate.persister.collection.AbstractCollectionPersister -  One-shot delete: update order_certificate set certificate_id=null where certificate_id=?
17:03:36.341 [Test worker] DEBUG org.hibernate.persister.collection.AbstractCollectionPersister - Static SQL for collection: com.epam.esm.entity.User.orders
17:03:36.341 [Test worker] DEBUG org.hibernate.persister.collection.AbstractCollectionPersister -  Row insert: update application_order set user_id=? where id=?
17:03:36.341 [Test worker] DEBUG org.hibernate.persister.collection.AbstractCollectionPersister -  Row update: update application_order set  where id=?
17:03:36.341 [Test worker] DEBUG org.hibernate.persister.collection.AbstractCollectionPersister -  Row delete: update application_order set user_id=null where user_id=? and id=?
17:03:36.341 [Test worker] DEBUG org.hibernate.persister.collection.AbstractCollectionPersister -  One-shot delete: update application_order set user_id=null where user_id=?
17:03:36.341 [Test worker] DEBUG org.hibernate.persister.entity.AbstractEntityPersister - Static SQL for entity: com.epam.esm.entity.Order
17:03:36.341 [Test worker] DEBUG org.hibernate.persister.entity.AbstractEntityPersister -  Version select: select id from application_order where id =?
17:03:36.341 [Test worker] DEBUG org.hibernate.persister.entity.AbstractEntityPersister -  Snapshot select: select order_.id, order_.active_status as active_s2_0_, order_.created_at as created_3_0_, order_.user_id as user_id4_0_ from application_order order_ where order_.id=?
17:03:36.341 [Test worker] DEBUG org.hibernate.persister.entity.AbstractEntityPersister -  Insert 0: insert into application_order (active_status, created_at, user_id, id) values (?, ?, ?, ?)
17:03:36.341 [Test worker] DEBUG org.hibernate.persister.entity.AbstractEntityPersister -  Update 0: update application_order set active_status=?, created_at=?, user_id=? where id=?
17:03:36.341 [Test worker] DEBUG org.hibernate.persister.entity.AbstractEntityPersister -  Delete 0: delete from application_order where id=?
17:03:36.341 [Test worker] DEBUG org.hibernate.persister.entity.AbstractEntityPersister -  Identity insert: insert into application_order (id, active_status, created_at, user_id) values (null, ?, ?, ?)
17:03:36.341 [Test worker] DEBUG org.hibernate.loader.plan.build.internal.spaces.QuerySpacesImpl - Adding QuerySpace : uid = <gen:0> -> org.hibernate.loader.plan.build.internal.spaces.EntityQuerySpaceImpl@571dc784]
17:03:36.341 [Test worker] DEBUG org.hibernate.persister.walking.spi.MetamodelGraphWalker - Visiting attribute path : activeStatus
17:03:36.341 [Test worker] DEBUG org.hibernate.persister.walking.spi.MetamodelGraphWalker - Visiting attribute path : createdAt
17:03:36.341 [Test worker] DEBUG org.hibernate.persister.walking.spi.MetamodelGraphWalker - Visiting attribute path : orderCertificates
17:03:36.341 [Test worker] DEBUG org.hibernate.loader.plan.build.internal.spaces.QuerySpacesImpl - Adding QuerySpace : uid = <gen:1> -> org.hibernate.loader.plan.build.internal.spaces.CollectionQuerySpaceImpl@e8bd8e4]
17:03:36.341 [Test worker] DEBUG org.hibernate.loader.plan.build.internal.spaces.QuerySpacesImpl - Adding QuerySpace : uid = <gen:2> -> org.hibernate.loader.plan.build.internal.spaces.EntityQuerySpaceImpl@4c819f48]
17:03:36.341 [Test worker] DEBUG org.hibernate.persister.walking.spi.MetamodelGraphWalker - Visiting attribute path : user
17:03:36.341 [Test worker] DEBUG org.hibernate.loader.plan.build.internal.spaces.QuerySpacesImpl - Adding QuerySpace : uid = <gen:3> -> org.hibernate.loader.plan.build.internal.spaces.EntityQuerySpaceImpl@751950bb]
17:03:36.342 [Test worker] DEBUG org.hibernate.persister.walking.spi.MetamodelGraphWalker - Visiting attribute path : user.email
17:03:36.342 [Test worker] DEBUG org.hibernate.persister.walking.spi.MetamodelGraphWalker - Visiting attribute path : user.orders
17:03:36.342 [Test worker] DEBUG org.hibernate.persister.walking.spi.MetamodelGraphWalker - Property path deemed to be circular : user.orders
17:03:36.342 [Test worker] DEBUG org.hibernate.persister.walking.spi.MetamodelGraphWalker - Visiting attribute path : user.password
17:03:36.342 [Test worker] DEBUG org.hibernate.persister.walking.spi.MetamodelGraphWalker - Visiting attribute path : user.refreshToken
17:03:36.342 [Test worker] DEBUG org.hibernate.persister.walking.spi.MetamodelGraphWalker - Visiting attribute path : user.role
17:03:36.342 [Test worker] DEBUG org.hibernate.loader.plan.build.internal.spaces.QuerySpacesImpl - Adding QuerySpace : uid = <gen:4> -> org.hibernate.loader.plan.build.internal.spaces.EntityQuerySpaceImpl@16817a2f]
17:03:36.342 [Test worker] DEBUG org.hibernate.persister.walking.spi.MetamodelGraphWalker - Visiting attribute path : user.role.value
17:03:36.342 [Test worker] DEBUG org.hibernate.loader.plan.build.internal.FetchStyleLoadPlanBuildingAssociationVisitationStrategy - Building LoadPlan...
17:03:36.342 [Test worker] DEBUG org.hibernate.loader.plan.exec.internal.LoadQueryJoinAndFetchProcessor - processing queryspace <gen:0>
17:03:36.342 [Test worker] DEBUG org.hibernate.loader.plan.build.spi.LoadPlanTreePrinter - LoadPlan(entity=com.epam.esm.entity.Order)
    - Returns
       - EntityReturnImpl(entity=com.epam.esm.entity.Order, querySpaceUid=<gen:0>, path=com.epam.esm.entity.Order)
          - CollectionAttributeFetchImpl(collection=com.epam.esm.entity.Order.orderCertificates, querySpaceUid=<gen:1>, path=com.epam.esm.entity.Order.orderCertificates)
             - (collection element) CollectionFetchableElementEntityGraph(entity=com.epam.esm.entity.OrderCertificate, querySpaceUid=<gen:2>, path=com.epam.esm.entity.Order.orderCertificates.<elements>)
          - EntityAttributeFetchImpl(entity=com.epam.esm.entity.User, querySpaceUid=<gen:3>, path=com.epam.esm.entity.Order.user)
             - EntityAttributeFetchImpl(entity=com.epam.esm.entity.Role, querySpaceUid=<gen:4>, path=com.epam.esm.entity.Order.user.role)
    - QuerySpaces
       - EntityQuerySpaceImpl(uid=<gen:0>, entity=com.epam.esm.entity.Order)
          - SQL table alias mapping - order0_
          - alias suffix - 0_
          - suffixed key columns - {id1_0_0_}
          - JOIN (JoinDefinedByMetadata(user)) : <gen:0> -> <gen:3>
             - EntityQuerySpaceImpl(uid=<gen:3>, entity=com.epam.esm.entity.User)
                - SQL table alias mapping - user1_
                - alias suffix - 1_
                - suffixed key columns - {id1_2_1_}
                - JOIN (JoinDefinedByMetadata(role)) : <gen:3> -> <gen:4>
                   - EntityQuerySpaceImpl(uid=<gen:4>, entity=com.epam.esm.entity.Role)
                      - SQL table alias mapping - role2_
                      - alias suffix - 2_
                      - suffixed key columns - {id1_1_2_}

17:03:36.342 [Test worker] DEBUG org.hibernate.loader.entity.plan.EntityLoader - Static select for entity com.epam.esm.entity.Order [NONE]: select order0_.id as id1_0_0_, order0_.active_status as active_s2_0_0_, order0_.created_at as created_3_0_0_, order0_.user_id as user_id4_0_0_, user1_.id as id1_2_1_, user1_.email as email2_2_1_, user1_.password as password3_2_1_, user1_.refresh_token as refresh_4_2_1_, user1_.role_id as role_id5_2_1_, role2_.id as id1_1_2_, role2_.value as value2_1_2_ from application_order order0_ left outer join application_user user1_ on order0_.user_id=user1_.id left outer join application_role role2_ on user1_.role_id=role2_.id where order0_.id=?
17:03:36.342 [Test worker] DEBUG org.hibernate.loader.plan.build.internal.spaces.QuerySpacesImpl - Adding QuerySpace : uid = <gen:0> -> org.hibernate.loader.plan.build.internal.spaces.EntityQuerySpaceImpl@6919c28c]
17:03:36.342 [Test worker] DEBUG org.hibernate.persister.walking.spi.MetamodelGraphWalker - Visiting attribute path : activeStatus
17:03:36.342 [Test worker] DEBUG org.hibernate.persister.walking.spi.MetamodelGraphWalker - Visiting attribute path : createdAt
17:03:36.342 [Test worker] DEBUG org.hibernate.persister.walking.spi.MetamodelGraphWalker - Visiting attribute path : orderCertificates
17:03:36.342 [Test worker] DEBUG org.hibernate.loader.plan.build.internal.spaces.QuerySpacesImpl - Adding QuerySpace : uid = <gen:1> -> org.hibernate.loader.plan.build.internal.spaces.CollectionQuerySpaceImpl@5cd66997]
17:03:36.342 [Test worker] DEBUG org.hibernate.loader.plan.build.internal.spaces.QuerySpacesImpl - Adding QuerySpace : uid = <gen:2> -> org.hibernate.loader.plan.build.internal.spaces.EntityQuerySpaceImpl@5c0f37e9]
17:03:36.343 [Test worker] DEBUG org.hibernate.persister.walking.spi.MetamodelGraphWalker - Visiting attribute path : user
17:03:36.343 [Test worker] DEBUG org.hibernate.loader.plan.build.internal.spaces.QuerySpacesImpl - Adding QuerySpace : uid = <gen:3> -> org.hibernate.loader.plan.build.internal.spaces.EntityQuerySpaceImpl@7b259346]
17:03:36.343 [Test worker] DEBUG org.hibernate.persister.walking.spi.MetamodelGraphWalker - Visiting attribute path : user.email
17:03:36.343 [Test worker] DEBUG org.hibernate.persister.walking.spi.MetamodelGraphWalker - Visiting attribute path : user.orders
17:03:36.343 [Test worker] DEBUG org.hibernate.persister.walking.spi.MetamodelGraphWalker - Property path deemed to be circular : user.orders
17:03:36.343 [Test worker] DEBUG org.hibernate.persister.walking.spi.MetamodelGraphWalker - Visiting attribute path : user.password
17:03:36.343 [Test worker] DEBUG org.hibernate.persister.walking.spi.MetamodelGraphWalker - Visiting attribute path : user.refreshToken
17:03:36.343 [Test worker] DEBUG org.hibernate.persister.walking.spi.MetamodelGraphWalker - Visiting attribute path : user.role
17:03:36.343 [Test worker] DEBUG org.hibernate.loader.plan.build.internal.spaces.QuerySpacesImpl - Adding QuerySpace : uid = <gen:4> -> org.hibernate.loader.plan.build.internal.spaces.EntityQuerySpaceImpl@c4f3771]
17:03:36.343 [Test worker] DEBUG org.hibernate.persister.walking.spi.MetamodelGraphWalker - Visiting attribute path : user.role.value
17:03:36.343 [Test worker] DEBUG org.hibernate.loader.plan.build.internal.FetchStyleLoadPlanBuildingAssociationVisitationStrategy - Building LoadPlan...
17:03:36.343 [Test worker] DEBUG org.hibernate.loader.plan.exec.internal.LoadQueryJoinAndFetchProcessor - processing queryspace <gen:0>
17:03:36.343 [Test worker] DEBUG org.hibernate.loader.plan.build.spi.LoadPlanTreePrinter - LoadPlan(entity=com.epam.esm.entity.Order)
    - Returns
       - EntityReturnImpl(entity=com.epam.esm.entity.Order, querySpaceUid=<gen:0>, path=com.epam.esm.entity.Order)
          - CollectionAttributeFetchImpl(collection=com.epam.esm.entity.Order.orderCertificates, querySpaceUid=<gen:1>, path=com.epam.esm.entity.Order.orderCertificates)
             - (collection element) CollectionFetchableElementEntityGraph(entity=com.epam.esm.entity.OrderCertificate, querySpaceUid=<gen:2>, path=com.epam.esm.entity.Order.orderCertificates.<elements>)
          - EntityAttributeFetchImpl(entity=com.epam.esm.entity.User, querySpaceUid=<gen:3>, path=com.epam.esm.entity.Order.user)
             - EntityAttributeFetchImpl(entity=com.epam.esm.entity.Role, querySpaceUid=<gen:4>, path=com.epam.esm.entity.Order.user.role)
    - QuerySpaces
       - EntityQuerySpaceImpl(uid=<gen:0>, entity=com.epam.esm.entity.Order)
          - SQL table alias mapping - order0_
          - alias suffix - 0_
          - suffixed key columns - {id1_0_0_}
          - JOIN (JoinDefinedByMetadata(user)) : <gen:0> -> <gen:3>
             - EntityQuerySpaceImpl(uid=<gen:3>, entity=com.epam.esm.entity.User)
                - SQL table alias mapping - user1_
                - alias suffix - 1_
                - suffixed key columns - {id1_2_1_}
                - JOIN (JoinDefinedByMetadata(role)) : <gen:3> -> <gen:4>
                   - EntityQuerySpaceImpl(uid=<gen:4>, entity=com.epam.esm.entity.Role)
                      - SQL table alias mapping - role2_
                      - alias suffix - 2_
                      - suffixed key columns - {id1_1_2_}

17:03:36.343 [Test worker] DEBUG org.hibernate.loader.entity.plan.EntityLoader - Static select for entity com.epam.esm.entity.Order [READ]: select order0_.id as id1_0_0_, order0_.active_status as active_s2_0_0_, order0_.created_at as created_3_0_0_, order0_.user_id as user_id4_0_0_, user1_.id as id1_2_1_, user1_.email as email2_2_1_, user1_.password as password3_2_1_, user1_.refresh_token as refresh_4_2_1_, user1_.role_id as role_id5_2_1_, role2_.id as id1_1_2_, role2_.value as value2_1_2_ from application_order order0_ left outer join application_user user1_ on order0_.user_id=user1_.id left outer join application_role role2_ on user1_.role_id=role2_.id where order0_.id=?
17:03:36.343 [Test worker] DEBUG org.hibernate.loader.Loader - Static select for action ACTION_MERGE on entity com.epam.esm.entity.Order: select order0_.id as id1_0_0_, order0_.active_status as active_s2_0_0_, order0_.created_at as created_3_0_0_, order0_.user_id as user_id4_0_0_ from application_order order0_ where order0_.id=?
17:03:36.344 [Test worker] DEBUG org.hibernate.loader.Loader - Static select for action ACTION_REFRESH on entity com.epam.esm.entity.Order: select order0_.id as id1_0_0_, order0_.active_status as active_s2_0_0_, order0_.created_at as created_3_0_0_, order0_.user_id as user_id4_0_0_ from application_order order0_ where order0_.id=?
17:03:36.344 [Test worker] DEBUG org.hibernate.persister.entity.AbstractEntityPersister - Static SQL for entity: com.epam.esm.entity.GiftCertificate
17:03:36.344 [Test worker] DEBUG org.hibernate.persister.entity.AbstractEntityPersister -  Version select: select id from certificate where id =?
17:03:36.344 [Test worker] DEBUG org.hibernate.persister.entity.AbstractEntityPersister -  Snapshot select: select giftcertif_.id, giftcertif_.active_status as active_s2_3_, giftcertif_.creation_date as creation3_3_, giftcertif_.description as descript4_3_, giftcertif_.expiration_date as expirati5_3_, giftcertif_.modification_date as modifica6_3_, giftcertif_.name as name7_3_, giftcertif_.price as price8_3_ from certificate giftcertif_ where giftcertif_.id=?
17:03:36.344 [Test worker] DEBUG org.hibernate.persister.entity.AbstractEntityPersister -  Insert 0: insert into certificate (active_status, creation_date, description, expiration_date, modification_date, name, price, id) values (?, ?, ?, ?, ?, ?, ?, ?)
17:03:36.344 [Test worker] DEBUG org.hibernate.persister.entity.AbstractEntityPersister -  Update 0: update certificate set active_status=?, creation_date=?, description=?, expiration_date=?, modification_date=?, name=?, price=? where id=?
17:03:36.344 [Test worker] DEBUG org.hibernate.persister.entity.AbstractEntityPersister -  Delete 0: delete from certificate where id=?
17:03:36.344 [Test worker] DEBUG org.hibernate.persister.entity.AbstractEntityPersister -  Identity insert: insert into certificate (id, active_status, creation_date, description, expiration_date, modification_date, name, price) values (null, ?, ?, ?, ?, ?, ?, ?)
17:03:36.344 [Test worker] DEBUG org.hibernate.loader.plan.build.internal.spaces.QuerySpacesImpl - Adding QuerySpace : uid = <gen:0> -> org.hibernate.loader.plan.build.internal.spaces.EntityQuerySpaceImpl@7e32e0b0]
17:03:36.344 [Test worker] DEBUG org.hibernate.persister.walking.spi.MetamodelGraphWalker - Visiting attribute path : activeStatus
17:03:36.344 [Test worker] DEBUG org.hibernate.persister.walking.spi.MetamodelGraphWalker - Visiting attribute path : creationDate
17:03:36.344 [Test worker] DEBUG org.hibernate.persister.walking.spi.MetamodelGraphWalker - Visiting attribute path : description
17:03:36.344 [Test worker] DEBUG org.hibernate.persister.walking.spi.MetamodelGraphWalker - Visiting attribute path : expirationDate
17:03:36.344 [Test worker] DEBUG org.hibernate.persister.walking.spi.MetamodelGraphWalker - Visiting attribute path : modificationDate
17:03:36.344 [Test worker] DEBUG org.hibernate.persister.walking.spi.MetamodelGraphWalker - Visiting attribute path : name
17:03:36.344 [Test worker] DEBUG org.hibernate.persister.walking.spi.MetamodelGraphWalker - Visiting attribute path : orderCertificates
17:03:36.344 [Test worker] DEBUG org.hibernate.loader.plan.build.internal.spaces.QuerySpacesImpl - Adding QuerySpace : uid = <gen:1> -> org.hibernate.loader.plan.build.internal.spaces.CollectionQuerySpaceImpl@3b3bf5df]
17:03:36.344 [Test worker] DEBUG org.hibernate.loader.plan.build.internal.spaces.QuerySpacesImpl - Adding QuerySpace : uid = <gen:2> -> org.hibernate.loader.plan.build.internal.spaces.EntityQuerySpaceImpl@45d4ea4f]
17:03:36.344 [Test worker] DEBUG org.hibernate.persister.walking.spi.MetamodelGraphWalker - Visiting attribute path : price
17:03:36.344 [Test worker] DEBUG org.hibernate.persister.walking.spi.MetamodelGraphWalker - Visiting attribute path : tags
17:03:36.344 [Test worker] DEBUG org.hibernate.loader.plan.build.internal.spaces.QuerySpacesImpl - Adding QuerySpace : uid = <gen:3> -> org.hibernate.loader.plan.build.internal.spaces.CollectionQuerySpaceImpl@2c8aa525]
17:03:36.344 [Test worker] DEBUG org.hibernate.loader.plan.build.internal.spaces.QuerySpacesImpl - Adding QuerySpace : uid = <gen:4> -> org.hibernate.loader.plan.build.internal.spaces.EntityQuerySpaceImpl@37953365]
17:03:36.345 [Test worker] DEBUG org.hibernate.loader.plan.build.internal.FetchStyleLoadPlanBuildingAssociationVisitationStrategy - Building LoadPlan...
17:03:36.345 [Test worker] DEBUG org.hibernate.loader.plan.exec.internal.LoadQueryJoinAndFetchProcessor - processing queryspace <gen:0>
17:03:36.345 [Test worker] DEBUG org.hibernate.loader.plan.build.spi.LoadPlanTreePrinter - LoadPlan(entity=com.epam.esm.entity.GiftCertificate)
    - Returns
       - EntityReturnImpl(entity=com.epam.esm.entity.GiftCertificate, querySpaceUid=<gen:0>, path=com.epam.esm.entity.GiftCertificate)
          - CollectionAttributeFetchImpl(collection=com.epam.esm.entity.GiftCertificate.orderCertificates, querySpaceUid=<gen:1>, path=com.epam.esm.entity.GiftCertificate.orderCertificates)
             - (collection element) CollectionFetchableElementEntityGraph(entity=com.epam.esm.entity.OrderCertificate, querySpaceUid=<gen:2>, path=com.epam.esm.entity.GiftCertificate.orderCertificates.<elements>)
          - CollectionAttributeFetchImpl(collection=com.epam.esm.entity.GiftCertificate.tags, querySpaceUid=<gen:3>, path=com.epam.esm.entity.GiftCertificate.tags)
             - (collection element) CollectionFetchableElementEntityGraph(entity=com.epam.esm.entity.Tag, querySpaceUid=<gen:4>, path=com.epam.esm.entity.GiftCertificate.tags.<elements>)
    - QuerySpaces
       - EntityQuerySpaceImpl(uid=<gen:0>, entity=com.epam.esm.entity.GiftCertificate)
          - SQL table alias mapping - giftcertif0_
          - alias suffix - 0_
          - suffixed key columns - {id1_3_0_}

17:03:36.345 [Test worker] DEBUG org.hibernate.loader.entity.plan.EntityLoader - Static select for entity com.epam.esm.entity.GiftCertificate [NONE]: select giftcertif0_.id as id1_3_0_, giftcertif0_.active_status as active_s2_3_0_, giftcertif0_.creation_date as creation3_3_0_, giftcertif0_.description as descript4_3_0_, giftcertif0_.expiration_date as expirati5_3_0_, giftcertif0_.modification_date as modifica6_3_0_, giftcertif0_.name as name7_3_0_, giftcertif0_.price as price8_3_0_ from certificate giftcertif0_ where giftcertif0_.id=?
17:03:36.345 [Test worker] DEBUG org.hibernate.loader.plan.build.internal.spaces.QuerySpacesImpl - Adding QuerySpace : uid = <gen:0> -> org.hibernate.loader.plan.build.internal.spaces.EntityQuerySpaceImpl@5364ad45]
17:03:36.345 [Test worker] DEBUG org.hibernate.persister.walking.spi.MetamodelGraphWalker - Visiting attribute path : activeStatus
17:03:36.345 [Test worker] DEBUG org.hibernate.persister.walking.spi.MetamodelGraphWalker - Visiting attribute path : creationDate
17:03:36.345 [Test worker] DEBUG org.hibernate.persister.walking.spi.MetamodelGraphWalker - Visiting attribute path : description
17:03:36.345 [Test worker] DEBUG org.hibernate.persister.walking.spi.MetamodelGraphWalker - Visiting attribute path : expirationDate
17:03:36.345 [Test worker] DEBUG org.hibernate.persister.walking.spi.MetamodelGraphWalker - Visiting attribute path : modificationDate
17:03:36.345 [Test worker] DEBUG org.hibernate.persister.walking.spi.MetamodelGraphWalker - Visiting attribute path : name
17:03:36.345 [Test worker] DEBUG org.hibernate.persister.walking.spi.MetamodelGraphWalker - Visiting attribute path : orderCertificates
17:03:36.345 [Test worker] DEBUG org.hibernate.loader.plan.build.internal.spaces.QuerySpacesImpl - Adding QuerySpace : uid = <gen:1> -> org.hibernate.loader.plan.build.internal.spaces.CollectionQuerySpaceImpl@48da9b6c]
17:03:36.345 [Test worker] DEBUG org.hibernate.loader.plan.build.internal.spaces.QuerySpacesImpl - Adding QuerySpace : uid = <gen:2> -> org.hibernate.loader.plan.build.internal.spaces.EntityQuerySpaceImpl@564a9709]
17:03:36.345 [Test worker] DEBUG org.hibernate.persister.walking.spi.MetamodelGraphWalker - Visiting attribute path : price
17:03:36.345 [Test worker] DEBUG org.hibernate.persister.walking.spi.MetamodelGraphWalker - Visiting attribute path : tags
17:03:36.345 [Test worker] DEBUG org.hibernate.loader.plan.build.internal.spaces.QuerySpacesImpl - Adding QuerySpace : uid = <gen:3> -> org.hibernate.loader.plan.build.internal.spaces.CollectionQuerySpaceImpl@20321600]
17:03:36.345 [Test worker] DEBUG org.hibernate.loader.plan.build.internal.spaces.QuerySpacesImpl - Adding QuerySpace : uid = <gen:4> -> org.hibernate.loader.plan.build.internal.spaces.EntityQuerySpaceImpl@14191ee1]
17:03:36.345 [Test worker] DEBUG org.hibernate.loader.plan.build.internal.FetchStyleLoadPlanBuildingAssociationVisitationStrategy - Building LoadPlan...
17:03:36.345 [Test worker] DEBUG org.hibernate.loader.plan.exec.internal.LoadQueryJoinAndFetchProcessor - processing queryspace <gen:0>
17:03:36.346 [Test worker] DEBUG org.hibernate.loader.plan.build.spi.LoadPlanTreePrinter - LoadPlan(entity=com.epam.esm.entity.GiftCertificate)
    - Returns
       - EntityReturnImpl(entity=com.epam.esm.entity.GiftCertificate, querySpaceUid=<gen:0>, path=com.epam.esm.entity.GiftCertificate)
          - CollectionAttributeFetchImpl(collection=com.epam.esm.entity.GiftCertificate.orderCertificates, querySpaceUid=<gen:1>, path=com.epam.esm.entity.GiftCertificate.orderCertificates)
             - (collection element) CollectionFetchableElementEntityGraph(entity=com.epam.esm.entity.OrderCertificate, querySpaceUid=<gen:2>, path=com.epam.esm.entity.GiftCertificate.orderCertificates.<elements>)
          - CollectionAttributeFetchImpl(collection=com.epam.esm.entity.GiftCertificate.tags, querySpaceUid=<gen:3>, path=com.epam.esm.entity.GiftCertificate.tags)
             - (collection element) CollectionFetchableElementEntityGraph(entity=com.epam.esm.entity.Tag, querySpaceUid=<gen:4>, path=com.epam.esm.entity.GiftCertificate.tags.<elements>)
    - QuerySpaces
       - EntityQuerySpaceImpl(uid=<gen:0>, entity=com.epam.esm.entity.GiftCertificate)
          - SQL table alias mapping - giftcertif0_
          - alias suffix - 0_
          - suffixed key columns - {id1_3_0_}

17:03:36.346 [Test worker] DEBUG org.hibernate.loader.entity.plan.EntityLoader - Static select for entity com.epam.esm.entity.GiftCertificate [READ]: select giftcertif0_.id as id1_3_0_, giftcertif0_.active_status as active_s2_3_0_, giftcertif0_.creation_date as creation3_3_0_, giftcertif0_.description as descript4_3_0_, giftcertif0_.expiration_date as expirati5_3_0_, giftcertif0_.modification_date as modifica6_3_0_, giftcertif0_.name as name7_3_0_, giftcertif0_.price as price8_3_0_ from certificate giftcertif0_ where giftcertif0_.id=?
17:03:36.346 [Test worker] DEBUG org.hibernate.loader.Loader - Static select for action ACTION_MERGE on entity com.epam.esm.entity.GiftCertificate: select giftcertif0_.id as id1_3_2_, giftcertif0_.active_status as active_s2_3_2_, giftcertif0_.creation_date as creation3_3_2_, giftcertif0_.description as descript4_3_2_, giftcertif0_.expiration_date as expirati5_3_2_, giftcertif0_.modification_date as modifica6_3_2_, giftcertif0_.name as name7_3_2_, giftcertif0_.price as price8_3_2_, ordercerti1_.certificate_id as certific4_6_4_, ordercerti1_.id as id1_6_4_, ordercerti1_.id as id1_6_0_, ordercerti1_.certificate_id as certific4_6_0_, ordercerti1_.expiration_date as expirati2_6_0_, ordercerti1_.fixed_price as fixed_pr3_6_0_, ordercerti1_.order_id as order_id5_6_0_, order2_.id as id1_0_1_, order2_.active_status as active_s2_0_1_, order2_.created_at as created_3_0_1_, order2_.user_id as user_id4_0_1_ from certificate giftcertif0_ left outer join order_certificate ordercerti1_ on giftcertif0_.id=ordercerti1_.certificate_id left outer join application_order order2_ on ordercerti1_.order_id=order2_.id where giftcertif0_.id=?
17:03:36.346 [Test worker] DEBUG org.hibernate.loader.Loader - Static select for action ACTION_REFRESH on entity com.epam.esm.entity.GiftCertificate: select giftcertif0_.id as id1_3_2_, giftcertif0_.active_status as active_s2_3_2_, giftcertif0_.creation_date as creation3_3_2_, giftcertif0_.description as descript4_3_2_, giftcertif0_.expiration_date as expirati5_3_2_, giftcertif0_.modification_date as modifica6_3_2_, giftcertif0_.name as name7_3_2_, giftcertif0_.price as price8_3_2_, ordercerti1_.certificate_id as certific4_6_4_, ordercerti1_.id as id1_6_4_, ordercerti1_.id as id1_6_0_, ordercerti1_.certificate_id as certific4_6_0_, ordercerti1_.expiration_date as expirati2_6_0_, ordercerti1_.fixed_price as fixed_pr3_6_0_, ordercerti1_.order_id as order_id5_6_0_, order2_.id as id1_0_1_, order2_.active_status as active_s2_0_1_, order2_.created_at as created_3_0_1_, order2_.user_id as user_id4_0_1_ from certificate giftcertif0_ left outer join order_certificate ordercerti1_ on giftcertif0_.id=ordercerti1_.certificate_id left outer join application_order order2_ on ordercerti1_.order_id=order2_.id where giftcertif0_.id=?
17:03:36.347 [Test worker] DEBUG org.hibernate.persister.entity.AbstractEntityPersister - Static SQL for entity: com.epam.esm.entity.User
17:03:36.347 [Test worker] DEBUG org.hibernate.persister.entity.AbstractEntityPersister -  Version select: select id from application_user where id =?
17:03:36.347 [Test worker] DEBUG org.hibernate.persister.entity.AbstractEntityPersister -  Snapshot select: select user_.id, user_.email as email2_2_, user_.password as password3_2_, user_.refresh_token as refresh_4_2_, user_.role_id as role_id5_2_ from application_user user_ where user_.id=?
17:03:36.347 [Test worker] DEBUG org.hibernate.persister.entity.AbstractEntityPersister -  Insert 0: insert into application_user (email, password, refresh_token, role_id, id) values (?, ?, ?, ?, ?)
17:03:36.347 [Test worker] DEBUG org.hibernate.persister.entity.AbstractEntityPersister -  Update 0: update application_user set email=?, password=?, refresh_token=?, role_id=? where id=?
17:03:36.347 [Test worker] DEBUG org.hibernate.persister.entity.AbstractEntityPersister -  Delete 0: delete from application_user where id=?
17:03:36.347 [Test worker] DEBUG org.hibernate.persister.entity.AbstractEntityPersister -  Identity insert: insert into application_user (id, email, password, refresh_token, role_id) values (null, ?, ?, ?, ?)
17:03:36.347 [Test worker] DEBUG org.hibernate.loader.plan.build.internal.spaces.QuerySpacesImpl - Adding QuerySpace : uid = <gen:0> -> org.hibernate.loader.plan.build.internal.spaces.EntityQuerySpaceImpl@804e6f5]
17:03:36.347 [Test worker] DEBUG org.hibernate.persister.walking.spi.MetamodelGraphWalker - Visiting attribute path : email
17:03:36.347 [Test worker] DEBUG org.hibernate.persister.walking.spi.MetamodelGraphWalker - Visiting attribute path : orders
17:03:36.347 [Test worker] DEBUG org.hibernate.loader.plan.build.internal.spaces.QuerySpacesImpl - Adding QuerySpace : uid = <gen:1> -> org.hibernate.loader.plan.build.internal.spaces.CollectionQuerySpaceImpl@3ac65f6b]
17:03:36.347 [Test worker] DEBUG org.hibernate.loader.plan.build.internal.spaces.QuerySpacesImpl - Adding QuerySpace : uid = <gen:2> -> org.hibernate.loader.plan.build.internal.spaces.EntityQuerySpaceImpl@66f4b0c4]
17:03:36.347 [Test worker] DEBUG org.hibernate.persister.walking.spi.MetamodelGraphWalker - Visiting attribute path : password
17:03:36.347 [Test worker] DEBUG org.hibernate.persister.walking.spi.MetamodelGraphWalker - Visiting attribute path : refreshToken
17:03:36.347 [Test worker] DEBUG org.hibernate.persister.walking.spi.MetamodelGraphWalker - Visiting attribute path : role
17:03:36.347 [Test worker] DEBUG org.hibernate.loader.plan.build.internal.spaces.QuerySpacesImpl - Adding QuerySpace : uid = <gen:3> -> org.hibernate.loader.plan.build.internal.spaces.EntityQuerySpaceImpl@49e8c1a1]
17:03:36.347 [Test worker] DEBUG org.hibernate.persister.walking.spi.MetamodelGraphWalker - Visiting attribute path : role.value
17:03:36.347 [Test worker] DEBUG org.hibernate.loader.plan.build.internal.FetchStyleLoadPlanBuildingAssociationVisitationStrategy - Building LoadPlan...
17:03:36.347 [Test worker] DEBUG org.hibernate.loader.plan.exec.internal.LoadQueryJoinAndFetchProcessor - processing queryspace <gen:0>
17:03:36.347 [Test worker] DEBUG org.hibernate.loader.plan.build.spi.LoadPlanTreePrinter - LoadPlan(entity=com.epam.esm.entity.User)
    - Returns
       - EntityReturnImpl(entity=com.epam.esm.entity.User, querySpaceUid=<gen:0>, path=com.epam.esm.entity.User)
          - CollectionAttributeFetchImpl(collection=com.epam.esm.entity.User.orders, querySpaceUid=<gen:1>, path=com.epam.esm.entity.User.orders)
             - (collection element) CollectionFetchableElementEntityGraph(entity=com.epam.esm.entity.Order, querySpaceUid=<gen:2>, path=com.epam.esm.entity.User.orders.<elements>)
          - EntityAttributeFetchImpl(entity=com.epam.esm.entity.Role, querySpaceUid=<gen:3>, path=com.epam.esm.entity.User.role)
    - QuerySpaces
       - EntityQuerySpaceImpl(uid=<gen:0>, entity=com.epam.esm.entity.User)
          - SQL table alias mapping - user0_
          - alias suffix - 0_
          - suffixed key columns - {id1_2_0_}
          - JOIN (JoinDefinedByMetadata(role)) : <gen:0> -> <gen:3>
             - EntityQuerySpaceImpl(uid=<gen:3>, entity=com.epam.esm.entity.Role)
                - SQL table alias mapping - role1_
                - alias suffix - 1_
                - suffixed key columns - {id1_1_1_}

17:03:36.347 [Test worker] DEBUG org.hibernate.loader.entity.plan.EntityLoader - Static select for entity com.epam.esm.entity.User [NONE]: select user0_.id as id1_2_0_, user0_.email as email2_2_0_, user0_.password as password3_2_0_, user0_.refresh_token as refresh_4_2_0_, user0_.role_id as role_id5_2_0_, role1_.id as id1_1_1_, role1_.value as value2_1_1_ from application_user user0_ left outer join application_role role1_ on user0_.role_id=role1_.id where user0_.id=?
17:03:36.348 [Test worker] DEBUG org.hibernate.loader.plan.build.internal.spaces.QuerySpacesImpl - Adding QuerySpace : uid = <gen:0> -> org.hibernate.loader.plan.build.internal.spaces.EntityQuerySpaceImpl@6d5499bd]
17:03:36.348 [Test worker] DEBUG org.hibernate.persister.walking.spi.MetamodelGraphWalker - Visiting attribute path : email
17:03:36.348 [Test worker] DEBUG org.hibernate.persister.walking.spi.MetamodelGraphWalker - Visiting attribute path : orders
17:03:36.348 [Test worker] DEBUG org.hibernate.loader.plan.build.internal.spaces.QuerySpacesImpl - Adding QuerySpace : uid = <gen:1> -> org.hibernate.loader.plan.build.internal.spaces.CollectionQuerySpaceImpl@210f4ff7]
17:03:36.348 [Test worker] DEBUG org.hibernate.loader.plan.build.internal.spaces.QuerySpacesImpl - Adding QuerySpace : uid = <gen:2> -> org.hibernate.loader.plan.build.internal.spaces.EntityQuerySpaceImpl@49fd966c]
17:03:36.348 [HikariPool-19 housekeeper] DEBUG com.zaxxer.hikari.pool.HikariPool - HikariPool-19 - Pool stats (total=1, active=0, idle=1, waiting=0)
17:03:36.348 [Test worker] DEBUG org.hibernate.persister.walking.spi.MetamodelGraphWalker - Visiting attribute path : password
17:03:36.348 [Test worker] DEBUG org.hibernate.persister.walking.spi.MetamodelGraphWalker - Visiting attribute path : refreshToken
17:03:36.348 [Test worker] DEBUG org.hibernate.persister.walking.spi.MetamodelGraphWalker - Visiting attribute path : role
17:03:36.348 [Test worker] DEBUG org.hibernate.loader.plan.build.internal.spaces.QuerySpacesImpl - Adding QuerySpace : uid = <gen:3> -> org.hibernate.loader.plan.build.internal.spaces.EntityQuerySpaceImpl@ad779f]
17:03:36.348 [Test worker] DEBUG org.hibernate.persister.walking.spi.MetamodelGraphWalker - Visiting attribute path : role.value
17:03:36.348 [Test worker] DEBUG org.hibernate.loader.plan.build.internal.FetchStyleLoadPlanBuildingAssociationVisitationStrategy - Building LoadPlan...
17:03:36.348 [Test worker] DEBUG org.hibernate.loader.plan.exec.internal.LoadQueryJoinAndFetchProcessor - processing queryspace <gen:0>
17:03:36.349 [Test worker] DEBUG org.hibernate.loader.plan.build.spi.LoadPlanTreePrinter - LoadPlan(entity=com.epam.esm.entity.User)
    - Returns
       - EntityReturnImpl(entity=com.epam.esm.entity.User, querySpaceUid=<gen:0>, path=com.epam.esm.entity.User)
          - CollectionAttributeFetchImpl(collection=com.epam.esm.entity.User.orders, querySpaceUid=<gen:1>, path=com.epam.esm.entity.User.orders)
             - (collection element) CollectionFetchableElementEntityGraph(entity=com.epam.esm.entity.Order, querySpaceUid=<gen:2>, path=com.epam.esm.entity.User.orders.<elements>)
          - EntityAttributeFetchImpl(entity=com.epam.esm.entity.Role, querySpaceUid=<gen:3>, path=com.epam.esm.entity.User.role)
    - QuerySpaces
       - EntityQuerySpaceImpl(uid=<gen:0>, entity=com.epam.esm.entity.User)
          - SQL table alias mapping - user0_
          - alias suffix - 0_
          - suffixed key columns - {id1_2_0_}
          - JOIN (JoinDefinedByMetadata(role)) : <gen:0> -> <gen:3>
             - EntityQuerySpaceImpl(uid=<gen:3>, entity=com.epam.esm.entity.Role)
                - SQL table alias mapping - role1_
                - alias suffix - 1_
                - suffixed key columns - {id1_1_1_}

17:03:36.349 [Test worker] DEBUG org.hibernate.loader.entity.plan.EntityLoader - Static select for entity com.epam.esm.entity.User [READ]: select user0_.id as id1_2_0_, user0_.email as email2_2_0_, user0_.password as password3_2_0_, user0_.refresh_token as refresh_4_2_0_, user0_.role_id as role_id5_2_0_, role1_.id as id1_1_1_, role1_.value as value2_1_1_ from application_user user0_ left outer join application_role role1_ on user0_.role_id=role1_.id where user0_.id=?
17:03:36.349 [HikariPool-19 connection adder] DEBUG com.zaxxer.hikari.pool.HikariPool - HikariPool-19 - Added connection conn181: url=jdbc:h2:mem:testdb user=SA
17:03:36.349 [Test worker] DEBUG org.hibernate.loader.Loader - Static select for action ACTION_MERGE on entity com.epam.esm.entity.User: select user0_.id as id1_2_0_, user0_.email as email2_2_0_, user0_.password as password3_2_0_, user0_.refresh_token as refresh_4_2_0_, user0_.role_id as role_id5_2_0_ from application_user user0_ where user0_.id=?
17:03:36.349 [Test worker] DEBUG org.hibernate.loader.Loader - Static select for action ACTION_REFRESH on entity com.epam.esm.entity.User: select user0_.id as id1_2_0_, user0_.email as email2_2_0_, user0_.password as password3_2_0_, user0_.refresh_token as refresh_4_2_0_, user0_.role_id as role_id5_2_0_ from application_user user0_ where user0_.id=?
17:03:36.349 [Test worker] DEBUG org.hibernate.persister.entity.AbstractEntityPersister - Static SQL for entity: com.epam.esm.entity.Entity
17:03:36.349 [Test worker] DEBUG org.hibernate.persister.entity.AbstractEntityPersister -  Version select: select id from entity where id =?
17:03:36.349 [Test worker] DEBUG org.hibernate.persister.entity.AbstractEntityPersister -  Snapshot select: select entity_.id from entity entity_ where entity_.id=?
17:03:36.349 [Test worker] DEBUG org.hibernate.persister.entity.AbstractEntityPersister -  Insert 0: insert into entity (id) values (?)
17:03:36.349 [Test worker] DEBUG org.hibernate.persister.entity.AbstractEntityPersister -  Update 0: null
17:03:36.349 [Test worker] DEBUG org.hibernate.persister.entity.AbstractEntityPersister -  Delete 0: delete from entity where id=?
17:03:36.349 [Test worker] DEBUG org.hibernate.persister.entity.AbstractEntityPersister -  Identity insert: insert into entity (id) values (null)
17:03:36.349 [HikariPool-19 connection adder] DEBUG com.zaxxer.hikari.pool.HikariPool - HikariPool-19 - Added connection conn182: url=jdbc:h2:mem:testdb user=SA
17:03:36.349 [Test worker] DEBUG org.hibernate.loader.plan.build.internal.spaces.QuerySpacesImpl - Adding QuerySpace : uid = <gen:0> -> org.hibernate.loader.plan.build.internal.spaces.EntityQuerySpaceImpl@5ed4d908]
17:03:36.349 [Test worker] DEBUG org.hibernate.loader.plan.build.internal.FetchStyleLoadPlanBuildingAssociationVisitationStrategy - Building LoadPlan...
17:03:36.350 [Test worker] DEBUG org.hibernate.loader.plan.exec.internal.LoadQueryJoinAndFetchProcessor - processing queryspace <gen:0>
17:03:36.350 [Test worker] DEBUG org.hibernate.loader.plan.build.spi.LoadPlanTreePrinter - LoadPlan(entity=com.epam.esm.entity.Entity)
    - Returns
       - EntityReturnImpl(entity=com.epam.esm.entity.Entity, querySpaceUid=<gen:0>, path=com.epam.esm.entity.Entity)
    - QuerySpaces
       - EntityQuerySpaceImpl(uid=<gen:0>, entity=com.epam.esm.entity.Entity)
          - SQL table alias mapping - entity0_
          - alias suffix - 0_
          - suffixed key columns - {id1_5_0_}

17:03:36.350 [HikariPool-19 connection adder] DEBUG com.zaxxer.hikari.pool.HikariPool - HikariPool-19 - Added connection conn183: url=jdbc:h2:mem:testdb user=SA
17:03:36.350 [Test worker] DEBUG org.hibernate.loader.entity.plan.EntityLoader - Static select for entity com.epam.esm.entity.Entity [NONE]: select entity0_.id as id1_5_0_ from entity entity0_ where entity0_.id=?
17:03:36.350 [Test worker] DEBUG org.hibernate.loader.plan.build.internal.spaces.QuerySpacesImpl - Adding QuerySpace : uid = <gen:0> -> org.hibernate.loader.plan.build.internal.spaces.EntityQuerySpaceImpl@10c5eb3f]
17:03:36.350 [Test worker] DEBUG org.hibernate.loader.plan.build.internal.FetchStyleLoadPlanBuildingAssociationVisitationStrategy - Building LoadPlan...
17:03:36.350 [Test worker] DEBUG org.hibernate.loader.plan.exec.internal.LoadQueryJoinAndFetchProcessor - processing queryspace <gen:0>
17:03:36.350 [Test worker] DEBUG org.hibernate.loader.plan.build.spi.LoadPlanTreePrinter - LoadPlan(entity=com.epam.esm.entity.Entity)
    - Returns
       - EntityReturnImpl(entity=com.epam.esm.entity.Entity, querySpaceUid=<gen:0>, path=com.epam.esm.entity.Entity)
    - QuerySpaces
       - EntityQuerySpaceImpl(uid=<gen:0>, entity=com.epam.esm.entity.Entity)
          - SQL table alias mapping - entity0_
          - alias suffix - 0_
          - suffixed key columns - {id1_5_0_}

17:03:36.350 [Test worker] DEBUG org.hibernate.loader.entity.plan.EntityLoader - Static select for entity com.epam.esm.entity.Entity [READ]: select entity0_.id as id1_5_0_ from entity entity0_ where entity0_.id=?
17:03:36.350 [HikariPool-19 connection adder] DEBUG com.zaxxer.hikari.pool.HikariPool - HikariPool-19 - Added connection conn184: url=jdbc:h2:mem:testdb user=SA
17:03:36.350 [Test worker] DEBUG org.hibernate.loader.Loader - Static select for action ACTION_MERGE on entity com.epam.esm.entity.Entity: select entity0_.id as id1_5_0_ from entity entity0_ where entity0_.id=?
17:03:36.350 [Test worker] DEBUG org.hibernate.loader.Loader - Static select for action ACTION_REFRESH on entity com.epam.esm.entity.Entity: select entity0_.id as id1_5_0_ from entity entity0_ where entity0_.id=?
17:03:36.351 [HikariPool-19 connection adder] DEBUG com.zaxxer.hikari.pool.HikariPool - HikariPool-19 - Added connection conn185: url=jdbc:h2:mem:testdb user=SA
17:03:36.351 [Test worker] DEBUG org.hibernate.persister.entity.AbstractEntityPersister - Static SQL for entity: com.epam.esm.entity.Tag
17:03:36.351 [Test worker] DEBUG org.hibernate.persister.entity.AbstractEntityPersister -  Version select: select id from tag where id =?
17:03:36.351 [Test worker] DEBUG org.hibernate.persister.entity.AbstractEntityPersister -  Snapshot select: select tag_.id from tag tag_ where tag_.id=?
17:03:36.351 [Test worker] DEBUG org.hibernate.persister.entity.AbstractEntityPersister -  Insert 0: insert into tag (title, id) values (?, ?)
17:03:36.351 [Test worker] DEBUG org.hibernate.persister.entity.AbstractEntityPersister -  Update 0: null
17:03:36.351 [Test worker] DEBUG org.hibernate.persister.entity.AbstractEntityPersister -  Delete 0: delete from tag where id=?
17:03:36.351 [Test worker] DEBUG org.hibernate.persister.entity.AbstractEntityPersister -  Identity insert: insert into tag (id, title) values (null, ?)
17:03:36.351 [Test worker] DEBUG org.hibernate.loader.plan.build.internal.spaces.QuerySpacesImpl - Adding QuerySpace : uid = <gen:0> -> org.hibernate.loader.plan.build.internal.spaces.EntityQuerySpaceImpl@17d49d81]
17:03:36.351 [Test worker] DEBUG org.hibernate.persister.walking.spi.MetamodelGraphWalker - Visiting attribute path : title
17:03:36.351 [HikariPool-19 connection adder] DEBUG com.zaxxer.hikari.pool.HikariPool - HikariPool-19 - Added connection conn186: url=jdbc:h2:mem:testdb user=SA
17:03:36.351 [Test worker] DEBUG org.hibernate.loader.plan.build.internal.FetchStyleLoadPlanBuildingAssociationVisitationStrategy - Building LoadPlan...
17:03:36.351 [Test worker] DEBUG org.hibernate.loader.plan.exec.internal.LoadQueryJoinAndFetchProcessor - processing queryspace <gen:0>
17:03:36.351 [Test worker] DEBUG org.hibernate.loader.plan.build.spi.LoadPlanTreePrinter - LoadPlan(entity=com.epam.esm.entity.Tag)
    - Returns
       - EntityReturnImpl(entity=com.epam.esm.entity.Tag, querySpaceUid=<gen:0>, path=com.epam.esm.entity.Tag)
    - QuerySpaces
       - EntityQuerySpaceImpl(uid=<gen:0>, entity=com.epam.esm.entity.Tag)
          - SQL table alias mapping - tag0_
          - alias suffix - 0_
          - suffixed key columns - {id1_7_0_}

17:03:36.351 [Test worker] DEBUG org.hibernate.loader.entity.plan.EntityLoader - Static select for entity com.epam.esm.entity.Tag [NONE]: select tag0_.id as id1_7_0_, tag0_.title as title2_7_0_ from tag tag0_ where tag0_.id=?
17:03:36.351 [HikariPool-19 connection adder] DEBUG com.zaxxer.hikari.pool.HikariPool - HikariPool-19 - Added connection conn187: url=jdbc:h2:mem:testdb user=SA
17:03:36.351 [Test worker] DEBUG org.hibernate.loader.plan.build.internal.spaces.QuerySpacesImpl - Adding QuerySpace : uid = <gen:0> -> org.hibernate.loader.plan.build.internal.spaces.EntityQuerySpaceImpl@289ad5d2]
17:03:36.351 [Test worker] DEBUG org.hibernate.persister.walking.spi.MetamodelGraphWalker - Visiting attribute path : title
17:03:36.351 [Test worker] DEBUG org.hibernate.loader.plan.build.internal.FetchStyleLoadPlanBuildingAssociationVisitationStrategy - Building LoadPlan...
17:03:36.351 [Test worker] DEBUG org.hibernate.loader.plan.exec.internal.LoadQueryJoinAndFetchProcessor - processing queryspace <gen:0>
17:03:36.352 [Test worker] DEBUG org.hibernate.loader.plan.build.spi.LoadPlanTreePrinter - LoadPlan(entity=com.epam.esm.entity.Tag)
    - Returns
       - EntityReturnImpl(entity=com.epam.esm.entity.Tag, querySpaceUid=<gen:0>, path=com.epam.esm.entity.Tag)
    - QuerySpaces
       - EntityQuerySpaceImpl(uid=<gen:0>, entity=com.epam.esm.entity.Tag)
          - SQL table alias mapping - tag0_
          - alias suffix - 0_
          - suffixed key columns - {id1_7_0_}

17:03:36.352 [HikariPool-19 connection adder] DEBUG com.zaxxer.hikari.pool.HikariPool - HikariPool-19 - Added connection conn188: url=jdbc:h2:mem:testdb user=SA
17:03:36.352 [Test worker] DEBUG org.hibernate.loader.entity.plan.EntityLoader - Static select for entity com.epam.esm.entity.Tag [READ]: select tag0_.id as id1_7_0_, tag0_.title as title2_7_0_ from tag tag0_ where tag0_.id=?
17:03:36.352 [Test worker] DEBUG org.hibernate.loader.Loader - Static select for action ACTION_MERGE on entity com.epam.esm.entity.Tag: select tag0_.id as id1_7_0_, tag0_.title as title2_7_0_ from tag tag0_ where tag0_.id=?
17:03:36.352 [Test worker] DEBUG org.hibernate.loader.Loader - Static select for action ACTION_REFRESH on entity com.epam.esm.entity.Tag: select tag0_.id as id1_7_0_, tag0_.title as title2_7_0_ from tag tag0_ where tag0_.id=?
17:03:36.352 [HikariPool-19 connection adder] DEBUG com.zaxxer.hikari.pool.HikariPool - HikariPool-19 - Added connection conn189: url=jdbc:h2:mem:testdb user=SA
17:03:36.352 [HikariPool-19 connection adder] DEBUG com.zaxxer.hikari.pool.HikariPool - HikariPool-19 - After adding stats (total=10, active=0, idle=10, waiting=0)
17:03:36.352 [Test worker] DEBUG org.hibernate.persister.entity.AbstractEntityPersister - Static SQL for entity: com.epam.esm.entity.OrderCertificate
17:03:36.352 [Test worker] DEBUG org.hibernate.persister.entity.AbstractEntityPersister -  Version select: select id from order_certificate where id =?
17:03:36.352 [Test worker] DEBUG org.hibernate.persister.entity.AbstractEntityPersister -  Snapshot select: select ordercerti_.id, ordercerti_.certificate_id as certific4_6_, ordercerti_.expiration_date as expirati2_6_, ordercerti_.fixed_price as fixed_pr3_6_, ordercerti_.order_id as order_id5_6_ from order_certificate ordercerti_ where ordercerti_.id=?
17:03:36.352 [Test worker] DEBUG org.hibernate.persister.entity.AbstractEntityPersister -  Insert 0: insert into order_certificate (certificate_id, expiration_date, fixed_price, order_id, id) values (?, ?, ?, ?, ?)
17:03:36.352 [Test worker] DEBUG org.hibernate.persister.entity.AbstractEntityPersister -  Update 0: update order_certificate set certificate_id=?, expiration_date=?, fixed_price=?, order_id=? where id=?
17:03:36.352 [Test worker] DEBUG org.hibernate.persister.entity.AbstractEntityPersister -  Delete 0: delete from order_certificate where id=?
17:03:36.352 [Test worker] DEBUG org.hibernate.persister.entity.AbstractEntityPersister -  Identity insert: insert into order_certificate (id, certificate_id, expiration_date, fixed_price, order_id) values (null, ?, ?, ?, ?)
17:03:36.352 [Test worker] DEBUG org.hibernate.loader.plan.build.internal.spaces.QuerySpacesImpl - Adding QuerySpace : uid = <gen:0> -> org.hibernate.loader.plan.build.internal.spaces.EntityQuerySpaceImpl@74e15ffb]
17:03:36.352 [Test worker] DEBUG org.hibernate.persister.walking.spi.MetamodelGraphWalker - Visiting attribute path : certificate
17:03:36.352 [Test worker] DEBUG org.hibernate.loader.plan.build.internal.spaces.QuerySpacesImpl - Adding QuerySpace : uid = <gen:1> -> org.hibernate.loader.plan.build.internal.spaces.EntityQuerySpaceImpl@578fdcd1]
17:03:36.352 [Test worker] DEBUG org.hibernate.persister.walking.spi.MetamodelGraphWalker - Visiting attribute path : expirationDate
17:03:36.352 [Test worker] DEBUG org.hibernate.persister.walking.spi.MetamodelGraphWalker - Visiting attribute path : fixedPrice
17:03:36.352 [Test worker] DEBUG org.hibernate.persister.walking.spi.MetamodelGraphWalker - Visiting attribute path : order
17:03:36.353 [Test worker] DEBUG org.hibernate.loader.plan.build.internal.spaces.QuerySpacesImpl - Adding QuerySpace : uid = <gen:2> -> org.hibernate.loader.plan.build.internal.spaces.EntityQuerySpaceImpl@472506d8]
17:03:36.353 [Test worker] DEBUG org.hibernate.persister.walking.spi.MetamodelGraphWalker - Visiting attribute path : order.activeStatus
17:03:36.353 [Test worker] DEBUG org.hibernate.persister.walking.spi.MetamodelGraphWalker - Visiting attribute path : order.createdAt
17:03:36.353 [Test worker] DEBUG org.hibernate.persister.walking.spi.MetamodelGraphWalker - Visiting attribute path : order.orderCertificates
17:03:36.353 [Test worker] DEBUG org.hibernate.persister.walking.spi.MetamodelGraphWalker - Property path deemed to be circular : order.orderCertificates
17:03:36.353 [Test worker] DEBUG org.hibernate.persister.walking.spi.MetamodelGraphWalker - Visiting attribute path : order.user
17:03:36.353 [Test worker] DEBUG org.hibernate.loader.plan.build.internal.spaces.QuerySpacesImpl - Adding QuerySpace : uid = <gen:3> -> org.hibernate.loader.plan.build.internal.spaces.EntityQuerySpaceImpl@3d474ede]
17:03:36.353 [Test worker] DEBUG org.hibernate.persister.walking.spi.MetamodelGraphWalker - Visiting attribute path : order.user.email
17:03:36.353 [Test worker] DEBUG org.hibernate.persister.walking.spi.MetamodelGraphWalker - Visiting attribute path : order.user.orders
17:03:36.353 [Test worker] DEBUG org.hibernate.persister.walking.spi.MetamodelGraphWalker - Property path deemed to be circular : order.user.orders
17:03:36.353 [Test worker] DEBUG org.hibernate.persister.walking.spi.MetamodelGraphWalker - Visiting attribute path : order.user.password
17:03:36.353 [Test worker] DEBUG org.hibernate.persister.walking.spi.MetamodelGraphWalker - Visiting attribute path : order.user.refreshToken
17:03:36.353 [Test worker] DEBUG org.hibernate.persister.walking.spi.MetamodelGraphWalker - Visiting attribute path : order.user.role
17:03:36.353 [Test worker] DEBUG org.hibernate.loader.plan.build.internal.spaces.QuerySpacesImpl - Adding QuerySpace : uid = <gen:4> -> org.hibernate.loader.plan.build.internal.spaces.EntityQuerySpaceImpl@7bfbb37d]
17:03:36.353 [Test worker] DEBUG org.hibernate.persister.walking.spi.MetamodelGraphWalker - Visiting attribute path : order.user.role.value
17:03:36.353 [Test worker] DEBUG org.hibernate.loader.plan.build.internal.FetchStyleLoadPlanBuildingAssociationVisitationStrategy - Building LoadPlan...
17:03:36.353 [Test worker] DEBUG org.hibernate.loader.plan.exec.internal.LoadQueryJoinAndFetchProcessor - processing queryspace <gen:0>
17:03:36.353 [Test worker] DEBUG org.hibernate.loader.plan.build.spi.LoadPlanTreePrinter - LoadPlan(entity=com.epam.esm.entity.OrderCertificate)
    - Returns
       - EntityReturnImpl(entity=com.epam.esm.entity.OrderCertificate, querySpaceUid=<gen:0>, path=com.epam.esm.entity.OrderCertificate)
          - EntityAttributeFetchImpl(entity=com.epam.esm.entity.GiftCertificate, querySpaceUid=<gen:1>, path=com.epam.esm.entity.OrderCertificate.certificate)
          - EntityAttributeFetchImpl(entity=com.epam.esm.entity.Order, querySpaceUid=<gen:2>, path=com.epam.esm.entity.OrderCertificate.order)
             - EntityAttributeFetchImpl(entity=com.epam.esm.entity.User, querySpaceUid=<gen:3>, path=com.epam.esm.entity.OrderCertificate.order.user)
                - EntityAttributeFetchImpl(entity=com.epam.esm.entity.Role, querySpaceUid=<gen:4>, path=com.epam.esm.entity.OrderCertificate.order.user.role)
    - QuerySpaces
       - EntityQuerySpaceImpl(uid=<gen:0>, entity=com.epam.esm.entity.OrderCertificate)
          - SQL table alias mapping - ordercerti0_
          - alias suffix - 0_
          - suffixed key columns - {id1_6_0_}
          - JOIN (JoinDefinedByMetadata(order)) : <gen:0> -> <gen:2>
             - EntityQuerySpaceImpl(uid=<gen:2>, entity=com.epam.esm.entity.Order)
                - SQL table alias mapping - order1_
                - alias suffix - 1_
                - suffixed key columns - {id1_0_1_}
                - JOIN (JoinDefinedByMetadata(user)) : <gen:2> -> <gen:3>
                   - EntityQuerySpaceImpl(uid=<gen:3>, entity=com.epam.esm.entity.User)
                      - SQL table alias mapping - user2_
                      - alias suffix - 2_
                      - suffixed key columns - {id1_2_2_}
                      - JOIN (JoinDefinedByMetadata(role)) : <gen:3> -> <gen:4>
                         - EntityQuerySpaceImpl(uid=<gen:4>, entity=com.epam.esm.entity.Role)
                            - SQL table alias mapping - role3_
                            - alias suffix - 3_
                            - suffixed key columns - {id1_1_3_}

17:03:36.354 [Test worker] DEBUG org.hibernate.loader.entity.plan.EntityLoader - Static select for entity com.epam.esm.entity.OrderCertificate [NONE]: select ordercerti0_.id as id1_6_0_, ordercerti0_.certificate_id as certific4_6_0_, ordercerti0_.expiration_date as expirati2_6_0_, ordercerti0_.fixed_price as fixed_pr3_6_0_, ordercerti0_.order_id as order_id5_6_0_, order1_.id as id1_0_1_, order1_.active_status as active_s2_0_1_, order1_.created_at as created_3_0_1_, order1_.user_id as user_id4_0_1_, user2_.id as id1_2_2_, user2_.email as email2_2_2_, user2_.password as password3_2_2_, user2_.refresh_token as refresh_4_2_2_, user2_.role_id as role_id5_2_2_, role3_.id as id1_1_3_, role3_.value as value2_1_3_ from order_certificate ordercerti0_ left outer join application_order order1_ on ordercerti0_.order_id=order1_.id left outer join application_user user2_ on order1_.user_id=user2_.id left outer join application_role role3_ on user2_.role_id=role3_.id where ordercerti0_.id=?
17:03:36.354 [Test worker] DEBUG org.hibernate.loader.plan.build.internal.spaces.QuerySpacesImpl - Adding QuerySpace : uid = <gen:0> -> org.hibernate.loader.plan.build.internal.spaces.EntityQuerySpaceImpl@69275677]
17:03:36.354 [Test worker] DEBUG org.hibernate.persister.walking.spi.MetamodelGraphWalker - Visiting attribute path : certificate
17:03:36.354 [Test worker] DEBUG org.hibernate.loader.plan.build.internal.spaces.QuerySpacesImpl - Adding QuerySpace : uid = <gen:1> -> org.hibernate.loader.plan.build.internal.spaces.EntityQuerySpaceImpl@60eeb4bf]
17:03:36.354 [Test worker] DEBUG org.hibernate.persister.walking.spi.MetamodelGraphWalker - Visiting attribute path : expirationDate
17:03:36.354 [Test worker] DEBUG org.hibernate.persister.walking.spi.MetamodelGraphWalker - Visiting attribute path : fixedPrice
17:03:36.354 [Test worker] DEBUG org.hibernate.persister.walking.spi.MetamodelGraphWalker - Visiting attribute path : order
17:03:36.354 [Test worker] DEBUG org.hibernate.loader.plan.build.internal.spaces.QuerySpacesImpl - Adding QuerySpace : uid = <gen:2> -> org.hibernate.loader.plan.build.internal.spaces.EntityQuerySpaceImpl@b9e31b]
17:03:36.354 [Test worker] DEBUG org.hibernate.persister.walking.spi.MetamodelGraphWalker - Visiting attribute path : order.activeStatus
17:03:36.354 [Test worker] DEBUG org.hibernate.persister.walking.spi.MetamodelGraphWalker - Visiting attribute path : order.createdAt
17:03:36.354 [Test worker] DEBUG org.hibernate.persister.walking.spi.MetamodelGraphWalker - Visiting attribute path : order.orderCertificates
17:03:36.354 [Test worker] DEBUG org.hibernate.persister.walking.spi.MetamodelGraphWalker - Property path deemed to be circular : order.orderCertificates
17:03:36.354 [Test worker] DEBUG org.hibernate.persister.walking.spi.MetamodelGraphWalker - Visiting attribute path : order.user
17:03:36.354 [Test worker] DEBUG org.hibernate.loader.plan.build.internal.spaces.QuerySpacesImpl - Adding QuerySpace : uid = <gen:3> -> org.hibernate.loader.plan.build.internal.spaces.EntityQuerySpaceImpl@516ef641]
17:03:36.354 [Test worker] DEBUG org.hibernate.persister.walking.spi.MetamodelGraphWalker - Visiting attribute path : order.user.email
17:03:36.354 [Test worker] DEBUG org.hibernate.persister.walking.spi.MetamodelGraphWalker - Visiting attribute path : order.user.orders
17:03:36.354 [Test worker] DEBUG org.hibernate.persister.walking.spi.MetamodelGraphWalker - Property path deemed to be circular : order.user.orders
17:03:36.354 [Test worker] DEBUG org.hibernate.persister.walking.spi.MetamodelGraphWalker - Visiting attribute path : order.user.password
17:03:36.354 [Test worker] DEBUG org.hibernate.persister.walking.spi.MetamodelGraphWalker - Visiting attribute path : order.user.refreshToken
17:03:36.354 [Test worker] DEBUG org.hibernate.persister.walking.spi.MetamodelGraphWalker - Visiting attribute path : order.user.role
17:03:36.354 [Test worker] DEBUG org.hibernate.loader.plan.build.internal.spaces.QuerySpacesImpl - Adding QuerySpace : uid = <gen:4> -> org.hibernate.loader.plan.build.internal.spaces.EntityQuerySpaceImpl@b5e6939]
17:03:36.354 [Test worker] DEBUG org.hibernate.persister.walking.spi.MetamodelGraphWalker - Visiting attribute path : order.user.role.value
17:03:36.354 [Test worker] DEBUG org.hibernate.loader.plan.build.internal.FetchStyleLoadPlanBuildingAssociationVisitationStrategy - Building LoadPlan...
17:03:36.354 [Test worker] DEBUG org.hibernate.loader.plan.exec.internal.LoadQueryJoinAndFetchProcessor - processing queryspace <gen:0>
17:03:36.355 [Test worker] DEBUG org.hibernate.loader.plan.build.spi.LoadPlanTreePrinter - LoadPlan(entity=com.epam.esm.entity.OrderCertificate)
    - Returns
       - EntityReturnImpl(entity=com.epam.esm.entity.OrderCertificate, querySpaceUid=<gen:0>, path=com.epam.esm.entity.OrderCertificate)
          - EntityAttributeFetchImpl(entity=com.epam.esm.entity.GiftCertificate, querySpaceUid=<gen:1>, path=com.epam.esm.entity.OrderCertificate.certificate)
          - EntityAttributeFetchImpl(entity=com.epam.esm.entity.Order, querySpaceUid=<gen:2>, path=com.epam.esm.entity.OrderCertificate.order)
             - EntityAttributeFetchImpl(entity=com.epam.esm.entity.User, querySpaceUid=<gen:3>, path=com.epam.esm.entity.OrderCertificate.order.user)
                - EntityAttributeFetchImpl(entity=com.epam.esm.entity.Role, querySpaceUid=<gen:4>, path=com.epam.esm.entity.OrderCertificate.order.user.role)
    - QuerySpaces
       - EntityQuerySpaceImpl(uid=<gen:0>, entity=com.epam.esm.entity.OrderCertificate)
          - SQL table alias mapping - ordercerti0_
          - alias suffix - 0_
          - suffixed key columns - {id1_6_0_}
          - JOIN (JoinDefinedByMetadata(order)) : <gen:0> -> <gen:2>
             - EntityQuerySpaceImpl(uid=<gen:2>, entity=com.epam.esm.entity.Order)
                - SQL table alias mapping - order1_
                - alias suffix - 1_
                - suffixed key columns - {id1_0_1_}
                - JOIN (JoinDefinedByMetadata(user)) : <gen:2> -> <gen:3>
                   - EntityQuerySpaceImpl(uid=<gen:3>, entity=com.epam.esm.entity.User)
                      - SQL table alias mapping - user2_
                      - alias suffix - 2_
                      - suffixed key columns - {id1_2_2_}
                      - JOIN (JoinDefinedByMetadata(role)) : <gen:3> -> <gen:4>
                         - EntityQuerySpaceImpl(uid=<gen:4>, entity=com.epam.esm.entity.Role)
                            - SQL table alias mapping - role3_
                            - alias suffix - 3_
                            - suffixed key columns - {id1_1_3_}

17:03:36.355 [Test worker] DEBUG org.hibernate.loader.entity.plan.EntityLoader - Static select for entity com.epam.esm.entity.OrderCertificate [READ]: select ordercerti0_.id as id1_6_0_, ordercerti0_.certificate_id as certific4_6_0_, ordercerti0_.expiration_date as expirati2_6_0_, ordercerti0_.fixed_price as fixed_pr3_6_0_, ordercerti0_.order_id as order_id5_6_0_, order1_.id as id1_0_1_, order1_.active_status as active_s2_0_1_, order1_.created_at as created_3_0_1_, order1_.user_id as user_id4_0_1_, user2_.id as id1_2_2_, user2_.email as email2_2_2_, user2_.password as password3_2_2_, user2_.refresh_token as refresh_4_2_2_, user2_.role_id as role_id5_2_2_, role3_.id as id1_1_3_, role3_.value as value2_1_3_ from order_certificate ordercerti0_ left outer join application_order order1_ on ordercerti0_.order_id=order1_.id left outer join application_user user2_ on order1_.user_id=user2_.id left outer join application_role role3_ on user2_.role_id=role3_.id where ordercerti0_.id=?
17:03:36.355 [Test worker] DEBUG org.hibernate.loader.Loader - Static select for action ACTION_MERGE on entity com.epam.esm.entity.OrderCertificate: select ordercerti0_.id as id1_6_3_, ordercerti0_.certificate_id as certific4_6_3_, ordercerti0_.expiration_date as expirati2_6_3_, ordercerti0_.fixed_price as fixed_pr3_6_3_, ordercerti0_.order_id as order_id5_6_3_, giftcertif1_.id as id1_3_0_, giftcertif1_.active_status as active_s2_3_0_, giftcertif1_.creation_date as creation3_3_0_, giftcertif1_.description as descript4_3_0_, giftcertif1_.expiration_date as expirati5_3_0_, giftcertif1_.modification_date as modifica6_3_0_, giftcertif1_.name as name7_3_0_, giftcertif1_.price as price8_3_0_, tags2_.certificate_id as certific1_4_5_, tag3_.id as tag_id2_4_5_, tag3_.id as id1_7_1_, tag3_.title as title2_7_1_, order4_.id as id1_0_2_, order4_.active_status as active_s2_0_2_, order4_.created_at as created_3_0_2_, order4_.user_id as user_id4_0_2_ from order_certificate ordercerti0_ left outer join certificate giftcertif1_ on ordercerti0_.certificate_id=giftcertif1_.id left outer join certificate_tag tags2_ on giftcertif1_.id=tags2_.certificate_id left outer join tag tag3_ on tags2_.tag_id=tag3_.id left outer join application_order order4_ on ordercerti0_.order_id=order4_.id where ordercerti0_.id=?
17:03:36.356 [Test worker] DEBUG org.hibernate.loader.Loader - Static select for action ACTION_REFRESH on entity com.epam.esm.entity.OrderCertificate: select ordercerti0_.id as id1_6_2_, ordercerti0_.certificate_id as certific4_6_2_, ordercerti0_.expiration_date as expirati2_6_2_, ordercerti0_.fixed_price as fixed_pr3_6_2_, ordercerti0_.order_id as order_id5_6_2_, giftcertif1_.id as id1_3_0_, giftcertif1_.active_status as active_s2_3_0_, giftcertif1_.creation_date as creation3_3_0_, giftcertif1_.description as descript4_3_0_, giftcertif1_.expiration_date as expirati5_3_0_, giftcertif1_.modification_date as modifica6_3_0_, giftcertif1_.name as name7_3_0_, giftcertif1_.price as price8_3_0_, order2_.id as id1_0_1_, order2_.active_status as active_s2_0_1_, order2_.created_at as created_3_0_1_, order2_.user_id as user_id4_0_1_ from order_certificate ordercerti0_ left outer join certificate giftcertif1_ on ordercerti0_.certificate_id=giftcertif1_.id left outer join application_order order2_ on ordercerti0_.order_id=order2_.id where ordercerti0_.id=?
17:03:36.356 [Test worker] DEBUG org.hibernate.persister.entity.AbstractEntityPersister - Static SQL for entity: com.epam.esm.entity.Role
17:03:36.356 [Test worker] DEBUG org.hibernate.persister.entity.AbstractEntityPersister -  Version select: select id from application_role where id =?
17:03:36.356 [Test worker] DEBUG org.hibernate.persister.entity.AbstractEntityPersister -  Snapshot select: select role_.id, role_.value as value2_1_ from application_role role_ where role_.id=?
17:03:36.356 [Test worker] DEBUG org.hibernate.persister.entity.AbstractEntityPersister -  Insert 0: insert into application_role (value, id) values (?, ?)
17:03:36.356 [Test worker] DEBUG org.hibernate.persister.entity.AbstractEntityPersister -  Update 0: update application_role set value=? where id=?
17:03:36.356 [Test worker] DEBUG org.hibernate.persister.entity.AbstractEntityPersister -  Delete 0: delete from application_role where id=?
17:03:36.356 [Test worker] DEBUG org.hibernate.persister.entity.AbstractEntityPersister -  Identity insert: insert into application_role (id, value) values (null, ?)
17:03:36.356 [Test worker] DEBUG org.hibernate.loader.plan.build.internal.spaces.QuerySpacesImpl - Adding QuerySpace : uid = <gen:0> -> org.hibernate.loader.plan.build.internal.spaces.EntityQuerySpaceImpl@a314cc0]
17:03:36.356 [Test worker] DEBUG org.hibernate.persister.walking.spi.MetamodelGraphWalker - Visiting attribute path : value
17:03:36.356 [Test worker] DEBUG org.hibernate.loader.plan.build.internal.FetchStyleLoadPlanBuildingAssociationVisitationStrategy - Building LoadPlan...
17:03:36.356 [Test worker] DEBUG org.hibernate.loader.plan.exec.internal.LoadQueryJoinAndFetchProcessor - processing queryspace <gen:0>
17:03:36.356 [Test worker] DEBUG org.hibernate.loader.plan.build.spi.LoadPlanTreePrinter - LoadPlan(entity=com.epam.esm.entity.Role)
    - Returns
       - EntityReturnImpl(entity=com.epam.esm.entity.Role, querySpaceUid=<gen:0>, path=com.epam.esm.entity.Role)
    - QuerySpaces
       - EntityQuerySpaceImpl(uid=<gen:0>, entity=com.epam.esm.entity.Role)
          - SQL table alias mapping - role0_
          - alias suffix - 0_
          - suffixed key columns - {id1_1_0_}

17:03:36.356 [Test worker] DEBUG org.hibernate.loader.entity.plan.EntityLoader - Static select for entity com.epam.esm.entity.Role [NONE]: select role0_.id as id1_1_0_, role0_.value as value2_1_0_ from application_role role0_ where role0_.id=?
17:03:36.356 [Test worker] DEBUG org.hibernate.loader.plan.build.internal.spaces.QuerySpacesImpl - Adding QuerySpace : uid = <gen:0> -> org.hibernate.loader.plan.build.internal.spaces.EntityQuerySpaceImpl@31f18db1]
17:03:36.356 [Test worker] DEBUG org.hibernate.persister.walking.spi.MetamodelGraphWalker - Visiting attribute path : value
17:03:36.356 [Test worker] DEBUG org.hibernate.loader.plan.build.internal.FetchStyleLoadPlanBuildingAssociationVisitationStrategy - Building LoadPlan...
17:03:36.357 [Test worker] DEBUG org.hibernate.loader.plan.exec.internal.LoadQueryJoinAndFetchProcessor - processing queryspace <gen:0>
17:03:36.357 [Test worker] DEBUG org.hibernate.loader.plan.build.spi.LoadPlanTreePrinter - LoadPlan(entity=com.epam.esm.entity.Role)
    - Returns
       - EntityReturnImpl(entity=com.epam.esm.entity.Role, querySpaceUid=<gen:0>, path=com.epam.esm.entity.Role)
    - QuerySpaces
       - EntityQuerySpaceImpl(uid=<gen:0>, entity=com.epam.esm.entity.Role)
          - SQL table alias mapping - role0_
          - alias suffix - 0_
          - suffixed key columns - {id1_1_0_}

17:03:36.357 [Test worker] DEBUG org.hibernate.loader.entity.plan.EntityLoader - Static select for entity com.epam.esm.entity.Role [READ]: select role0_.id as id1_1_0_, role0_.value as value2_1_0_ from application_role role0_ where role0_.id=?
17:03:36.357 [Test worker] DEBUG org.hibernate.loader.Loader - Static select for action ACTION_MERGE on entity com.epam.esm.entity.Role: select role0_.id as id1_1_0_, role0_.value as value2_1_0_ from application_role role0_ where role0_.id=?
17:03:36.357 [Test worker] DEBUG org.hibernate.loader.Loader - Static select for action ACTION_REFRESH on entity com.epam.esm.entity.Role: select role0_.id as id1_1_0_, role0_.value as value2_1_0_ from application_role role0_ where role0_.id=?
17:03:36.357 [Test worker] DEBUG org.hibernate.loader.plan.build.internal.spaces.QuerySpacesImpl - Adding QuerySpace : uid = <gen:0> -> org.hibernate.loader.plan.build.internal.spaces.CollectionQuerySpaceImpl@46c557fc]
17:03:36.357 [Test worker] DEBUG org.hibernate.loader.plan.build.internal.spaces.QuerySpacesImpl - Adding QuerySpace : uid = <gen:1> -> org.hibernate.loader.plan.build.internal.spaces.EntityQuerySpaceImpl@7ef3235c]
17:03:36.357 [Test worker] DEBUG org.hibernate.persister.walking.spi.MetamodelGraphWalker - Visiting attribute path : title
17:03:36.357 [Test worker] DEBUG org.hibernate.loader.plan.build.internal.FetchStyleLoadPlanBuildingAssociationVisitationStrategy - Building LoadPlan...
17:03:36.357 [Test worker] DEBUG org.hibernate.loader.plan.exec.internal.LoadQueryJoinAndFetchProcessor - processing queryspace <gen:0>
17:03:36.358 [Test worker] DEBUG org.hibernate.loader.plan.build.spi.LoadPlanTreePrinter - LoadPlan(collection=com.epam.esm.entity.GiftCertificate.tags)
    - Returns
       - CollectionReturnImpl(collection=com.epam.esm.entity.GiftCertificate.tags, querySpaceUid=<gen:0>, path=[com.epam.esm.entity.GiftCertificate.tags])
          - (collection element) CollectionFetchableElementEntityGraph(entity=com.epam.esm.entity.Tag, querySpaceUid=<gen:1>, path=[com.epam.esm.entity.GiftCertificate.tags].<elements>)
    - QuerySpaces
       - CollectionQuerySpaceImpl(uid=<gen:0>, collection=com.epam.esm.entity.GiftCertificate.tags)
          - SQL table alias mapping - tags0_
          - alias suffix - 0_
          - suffixed key columns - {certific1_4_0_}
          - entity-element alias suffix - 1_
          - 1_entity-element suffixed key columns - id1_7_1_
          - JOIN (JoinDefinedByMetadata(elements)) : <gen:0> -> <gen:1>
             - EntityQuerySpaceImpl(uid=<gen:1>, entity=com.epam.esm.entity.Tag)
                - SQL table alias mapping - tag1_
                - alias suffix - 1_
                - suffixed key columns - {id1_7_1_}

17:03:36.358 [Test worker] DEBUG org.hibernate.loader.collection.plan.CollectionLoader - Static select for collection com.epam.esm.entity.GiftCertificate.tags: select tags0_.certificate_id as certific1_4_0_, tags0_.tag_id as tag_id2_4_0_, tag1_.id as id1_7_1_, tag1_.title as title2_7_1_ from certificate_tag tags0_ inner join tag tag1_ on tags0_.tag_id=tag1_.id where tags0_.certificate_id=?
17:03:36.358 [Test worker] DEBUG org.hibernate.loader.plan.build.internal.spaces.QuerySpacesImpl - Adding QuerySpace : uid = <gen:0> -> org.hibernate.loader.plan.build.internal.spaces.CollectionQuerySpaceImpl@7ba78107]
17:03:36.358 [Test worker] DEBUG org.hibernate.loader.plan.build.internal.spaces.QuerySpacesImpl - Adding QuerySpace : uid = <gen:1> -> org.hibernate.loader.plan.build.internal.spaces.EntityQuerySpaceImpl@1ca9a4ec]
17:03:36.358 [Test worker] DEBUG org.hibernate.persister.walking.spi.MetamodelGraphWalker - Visiting attribute path : certificate
17:03:36.358 [Test worker] DEBUG org.hibernate.loader.plan.build.internal.spaces.QuerySpacesImpl - Adding QuerySpace : uid = <gen:2> -> org.hibernate.loader.plan.build.internal.spaces.EntityQuerySpaceImpl@1035967b]
17:03:36.358 [Test worker] DEBUG org.hibernate.persister.walking.spi.MetamodelGraphWalker - Visiting attribute path : expirationDate
17:03:36.358 [Test worker] DEBUG org.hibernate.persister.walking.spi.MetamodelGraphWalker - Visiting attribute path : fixedPrice
17:03:36.358 [Test worker] DEBUG org.hibernate.persister.walking.spi.MetamodelGraphWalker - Visiting attribute path : order
17:03:36.358 [Test worker] DEBUG org.hibernate.persister.walking.spi.MetamodelGraphWalker - Property path deemed to be circular : order
17:03:36.358 [Test worker] DEBUG org.hibernate.loader.plan.build.internal.FetchStyleLoadPlanBuildingAssociationVisitationStrategy - Building LoadPlan...
17:03:36.358 [Test worker] DEBUG org.hibernate.loader.plan.exec.internal.LoadQueryJoinAndFetchProcessor - processing queryspace <gen:0>
17:03:36.359 [Test worker] DEBUG org.hibernate.loader.plan.build.spi.LoadPlanTreePrinter - LoadPlan(collection=com.epam.esm.entity.Order.orderCertificates)
    - Returns
       - CollectionReturnImpl(collection=com.epam.esm.entity.Order.orderCertificates, querySpaceUid=<gen:0>, path=[com.epam.esm.entity.Order.orderCertificates])
          - (collection element) CollectionFetchableElementEntityGraph(entity=com.epam.esm.entity.OrderCertificate, querySpaceUid=<gen:1>, path=[com.epam.esm.entity.Order.orderCertificates].<elements>)
             - EntityAttributeFetchImpl(entity=com.epam.esm.entity.GiftCertificate, querySpaceUid=<gen:2>, path=[com.epam.esm.entity.Order.orderCertificates].<elements>.certificate)
    - QuerySpaces
       - CollectionQuerySpaceImpl(uid=<gen:0>, collection=com.epam.esm.entity.Order.orderCertificates)
          - SQL table alias mapping - ordercerti0_
          - alias suffix - 0_
          - suffixed key columns - {order_id5_6_0_}
          - entity-element alias suffix - 1_
          - 1_entity-element suffixed key columns - id1_6_1_
          - JOIN (JoinDefinedByMetadata(elements)) : <gen:0> -> <gen:1>
             - EntityQuerySpaceImpl(uid=<gen:1>, entity=com.epam.esm.entity.OrderCertificate)
                - SQL table alias mapping - ordercerti0_
                - alias suffix - 1_
                - suffixed key columns - {id1_6_1_}

17:03:36.359 [Test worker] DEBUG org.hibernate.loader.collection.plan.CollectionLoader - Static select for collection com.epam.esm.entity.Order.orderCertificates: select ordercerti0_.order_id as order_id5_6_0_, ordercerti0_.id as id1_6_0_, ordercerti0_.id as id1_6_1_, ordercerti0_.certificate_id as certific4_6_1_, ordercerti0_.expiration_date as expirati2_6_1_, ordercerti0_.fixed_price as fixed_pr3_6_1_, ordercerti0_.order_id as order_id5_6_1_ from order_certificate ordercerti0_ where ordercerti0_.order_id=?
17:03:36.359 [Test worker] DEBUG org.hibernate.loader.plan.build.internal.spaces.QuerySpacesImpl - Adding QuerySpace : uid = <gen:0> -> org.hibernate.loader.plan.build.internal.spaces.CollectionQuerySpaceImpl@416ade55]
17:03:36.359 [Test worker] DEBUG org.hibernate.loader.plan.build.internal.spaces.QuerySpacesImpl - Adding QuerySpace : uid = <gen:1> -> org.hibernate.loader.plan.build.internal.spaces.EntityQuerySpaceImpl@2d4891ab]
17:03:36.359 [Test worker] DEBUG org.hibernate.persister.walking.spi.MetamodelGraphWalker - Visiting attribute path : certificate
17:03:36.359 [Test worker] DEBUG org.hibernate.persister.walking.spi.MetamodelGraphWalker - Property path deemed to be circular : certificate
17:03:36.359 [Test worker] DEBUG org.hibernate.persister.walking.spi.MetamodelGraphWalker - Visiting attribute path : expirationDate
17:03:36.359 [Test worker] DEBUG org.hibernate.persister.walking.spi.MetamodelGraphWalker - Visiting attribute path : fixedPrice
17:03:36.359 [Test worker] DEBUG org.hibernate.persister.walking.spi.MetamodelGraphWalker - Visiting attribute path : order
17:03:36.359 [Test worker] DEBUG org.hibernate.loader.plan.build.internal.spaces.QuerySpacesImpl - Adding QuerySpace : uid = <gen:2> -> org.hibernate.loader.plan.build.internal.spaces.EntityQuerySpaceImpl@3d4a53d7]
17:03:36.359 [Test worker] DEBUG org.hibernate.persister.walking.spi.MetamodelGraphWalker - Visiting attribute path : order.activeStatus
17:03:36.359 [Test worker] DEBUG org.hibernate.persister.walking.spi.MetamodelGraphWalker - Visiting attribute path : order.createdAt
17:03:36.359 [Test worker] DEBUG org.hibernate.persister.walking.spi.MetamodelGraphWalker - Visiting attribute path : order.orderCertificates
17:03:36.359 [Test worker] DEBUG org.hibernate.persister.walking.spi.MetamodelGraphWalker - Property path deemed to be circular : order.orderCertificates
17:03:36.359 [Test worker] DEBUG org.hibernate.persister.walking.spi.MetamodelGraphWalker - Visiting attribute path : order.user
17:03:36.359 [Test worker] DEBUG org.hibernate.loader.plan.build.internal.spaces.QuerySpacesImpl - Adding QuerySpace : uid = <gen:3> -> org.hibernate.loader.plan.build.internal.spaces.EntityQuerySpaceImpl@39e66d94]
17:03:36.360 [Test worker] DEBUG org.hibernate.persister.walking.spi.MetamodelGraphWalker - Visiting attribute path : order.user.email
17:03:36.360 [Test worker] DEBUG org.hibernate.persister.walking.spi.MetamodelGraphWalker - Visiting attribute path : order.user.orders
17:03:36.360 [Test worker] DEBUG org.hibernate.persister.walking.spi.MetamodelGraphWalker - Property path deemed to be circular : order.user.orders
17:03:36.360 [Test worker] DEBUG org.hibernate.persister.walking.spi.MetamodelGraphWalker - Visiting attribute path : order.user.password
17:03:36.360 [Test worker] DEBUG org.hibernate.persister.walking.spi.MetamodelGraphWalker - Visiting attribute path : order.user.refreshToken
17:03:36.360 [Test worker] DEBUG org.hibernate.persister.walking.spi.MetamodelGraphWalker - Visiting attribute path : order.user.role
17:03:36.360 [Test worker] DEBUG org.hibernate.loader.plan.build.internal.spaces.QuerySpacesImpl - Adding QuerySpace : uid = <gen:4> -> org.hibernate.loader.plan.build.internal.spaces.EntityQuerySpaceImpl@515a8abc]
17:03:36.360 [Test worker] DEBUG org.hibernate.persister.walking.spi.MetamodelGraphWalker - Visiting attribute path : order.user.role.value
17:03:36.360 [Test worker] DEBUG org.hibernate.loader.plan.build.internal.FetchStyleLoadPlanBuildingAssociationVisitationStrategy - Building LoadPlan...
17:03:36.360 [Test worker] DEBUG org.hibernate.loader.plan.exec.internal.LoadQueryJoinAndFetchProcessor - processing queryspace <gen:0>
17:03:36.360 [Test worker] DEBUG org.hibernate.loader.plan.build.spi.LoadPlanTreePrinter - LoadPlan(collection=com.epam.esm.entity.GiftCertificate.orderCertificates)
    - Returns
       - CollectionReturnImpl(collection=com.epam.esm.entity.GiftCertificate.orderCertificates, querySpaceUid=<gen:0>, path=[com.epam.esm.entity.GiftCertificate.orderCertificates])
          - (collection element) CollectionFetchableElementEntityGraph(entity=com.epam.esm.entity.OrderCertificate, querySpaceUid=<gen:1>, path=[com.epam.esm.entity.GiftCertificate.orderCertificates].<elements>)
             - EntityAttributeFetchImpl(entity=com.epam.esm.entity.Order, querySpaceUid=<gen:2>, path=[com.epam.esm.entity.GiftCertificate.orderCertificates].<elements>.order)
                - EntityAttributeFetchImpl(entity=com.epam.esm.entity.User, querySpaceUid=<gen:3>, path=[com.epam.esm.entity.GiftCertificate.orderCertificates].<elements>.order.user)
                   - EntityAttributeFetchImpl(entity=com.epam.esm.entity.Role, querySpaceUid=<gen:4>, path=[com.epam.esm.entity.GiftCertificate.orderCertificates].<elements>.order.user.role)
    - QuerySpaces
       - CollectionQuerySpaceImpl(uid=<gen:0>, collection=com.epam.esm.entity.GiftCertificate.orderCertificates)
          - SQL table alias mapping - ordercerti0_
          - alias suffix - 0_
          - suffixed key columns - {certific4_6_0_}
          - entity-element alias suffix - 1_
          - 1_entity-element suffixed key columns - id1_6_1_
          - JOIN (JoinDefinedByMetadata(elements)) : <gen:0> -> <gen:1>
             - EntityQuerySpaceImpl(uid=<gen:1>, entity=com.epam.esm.entity.OrderCertificate)
                - SQL table alias mapping - ordercerti0_
                - alias suffix - 1_
                - suffixed key columns - {id1_6_1_}
                - JOIN (JoinDefinedByMetadata(order)) : <gen:1> -> <gen:2>
                   - EntityQuerySpaceImpl(uid=<gen:2>, entity=com.epam.esm.entity.Order)
                      - SQL table alias mapping - order1_
                      - alias suffix - 2_
                      - suffixed key columns - {id1_0_2_}
                      - JOIN (JoinDefinedByMetadata(user)) : <gen:2> -> <gen:3>
                         - EntityQuerySpaceImpl(uid=<gen:3>, entity=com.epam.esm.entity.User)
                            - SQL table alias mapping - user2_
                            - alias suffix - 3_
                            - suffixed key columns - {id1_2_3_}
                            - JOIN (JoinDefinedByMetadata(role)) : <gen:3> -> <gen:4>
                               - EntityQuerySpaceImpl(uid=<gen:4>, entity=com.epam.esm.entity.Role)
                                  - SQL table alias mapping - role3_
                                  - alias suffix - 4_
                                  - suffixed key columns - {id1_1_4_}

17:03:36.361 [Test worker] DEBUG org.hibernate.loader.collection.plan.CollectionLoader - Static select for collection com.epam.esm.entity.GiftCertificate.orderCertificates: select ordercerti0_.certificate_id as certific4_6_0_, ordercerti0_.id as id1_6_0_, ordercerti0_.id as id1_6_1_, ordercerti0_.certificate_id as certific4_6_1_, ordercerti0_.expiration_date as expirati2_6_1_, ordercerti0_.fixed_price as fixed_pr3_6_1_, ordercerti0_.order_id as order_id5_6_1_, order1_.id as id1_0_2_, order1_.active_status as active_s2_0_2_, order1_.created_at as created_3_0_2_, order1_.user_id as user_id4_0_2_, user2_.id as id1_2_3_, user2_.email as email2_2_3_, user2_.password as password3_2_3_, user2_.refresh_token as refresh_4_2_3_, user2_.role_id as role_id5_2_3_, role3_.id as id1_1_4_, role3_.value as value2_1_4_ from order_certificate ordercerti0_ left outer join application_order order1_ on ordercerti0_.order_id=order1_.id left outer join application_user user2_ on order1_.user_id=user2_.id left outer join application_role role3_ on user2_.role_id=role3_.id where ordercerti0_.certificate_id=?
17:03:36.361 [Test worker] DEBUG org.hibernate.loader.plan.build.internal.spaces.QuerySpacesImpl - Adding QuerySpace : uid = <gen:0> -> org.hibernate.loader.plan.build.internal.spaces.CollectionQuerySpaceImpl@3d1adf99]
17:03:36.361 [Test worker] DEBUG org.hibernate.loader.plan.build.internal.spaces.QuerySpacesImpl - Adding QuerySpace : uid = <gen:1> -> org.hibernate.loader.plan.build.internal.spaces.EntityQuerySpaceImpl@eda69b4]
17:03:36.361 [Test worker] DEBUG org.hibernate.persister.walking.spi.MetamodelGraphWalker - Visiting attribute path : activeStatus
17:03:36.361 [Test worker] DEBUG org.hibernate.persister.walking.spi.MetamodelGraphWalker - Visiting attribute path : createdAt
17:03:36.361 [Test worker] DEBUG org.hibernate.persister.walking.spi.MetamodelGraphWalker - Visiting attribute path : orderCertificates
17:03:36.361 [Test worker] DEBUG org.hibernate.loader.plan.build.internal.spaces.QuerySpacesImpl - Adding QuerySpace : uid = <gen:2> -> org.hibernate.loader.plan.build.internal.spaces.CollectionQuerySpaceImpl@3551de3]
17:03:36.361 [Test worker] DEBUG org.hibernate.loader.plan.build.internal.spaces.QuerySpacesImpl - Adding QuerySpace : uid = <gen:3> -> org.hibernate.loader.plan.build.internal.spaces.EntityQuerySpaceImpl@5e9f53f4]
17:03:36.361 [Test worker] DEBUG org.hibernate.persister.walking.spi.MetamodelGraphWalker - Visiting attribute path : user
17:03:36.361 [Test worker] DEBUG org.hibernate.persister.walking.spi.MetamodelGraphWalker - Property path deemed to be circular : user
17:03:36.361 [Test worker] DEBUG org.hibernate.loader.plan.build.internal.FetchStyleLoadPlanBuildingAssociationVisitationStrategy - Building LoadPlan...
17:03:36.361 [Test worker] DEBUG org.hibernate.loader.plan.exec.internal.LoadQueryJoinAndFetchProcessor - processing queryspace <gen:0>
17:03:36.361 [Test worker] DEBUG org.hibernate.loader.plan.build.spi.LoadPlanTreePrinter - LoadPlan(collection=com.epam.esm.entity.User.orders)
    - Returns
       - CollectionReturnImpl(collection=com.epam.esm.entity.User.orders, querySpaceUid=<gen:0>, path=[com.epam.esm.entity.User.orders])
          - (collection element) CollectionFetchableElementEntityGraph(entity=com.epam.esm.entity.Order, querySpaceUid=<gen:1>, path=[com.epam.esm.entity.User.orders].<elements>)
             - CollectionAttributeFetchImpl(collection=com.epam.esm.entity.Order.orderCertificates, querySpaceUid=<gen:2>, path=[com.epam.esm.entity.User.orders].<elements>.orderCertificates)
                - (collection element) CollectionFetchableElementEntityGraph(entity=com.epam.esm.entity.OrderCertificate, querySpaceUid=<gen:3>, path=[com.epam.esm.entity.User.orders].<elements>.orderCertificates.<elements>)
    - QuerySpaces
       - CollectionQuerySpaceImpl(uid=<gen:0>, collection=com.epam.esm.entity.User.orders)
          - SQL table alias mapping - orders0_
          - alias suffix - 0_
          - suffixed key columns - {user_id4_0_0_}
          - entity-element alias suffix - 1_
          - 1_entity-element suffixed key columns - id1_0_1_
          - JOIN (JoinDefinedByMetadata(elements)) : <gen:0> -> <gen:1>
             - EntityQuerySpaceImpl(uid=<gen:1>, entity=com.epam.esm.entity.Order)
                - SQL table alias mapping - orders0_
                - alias suffix - 1_
                - suffixed key columns - {id1_0_1_}

17:03:36.361 [Test worker] DEBUG org.hibernate.loader.collection.plan.CollectionLoader - Static select for collection com.epam.esm.entity.User.orders: select orders0_.user_id as user_id4_0_0_, orders0_.id as id1_0_0_, orders0_.id as id1_0_1_, orders0_.active_status as active_s2_0_1_, orders0_.created_at as created_3_0_1_, orders0_.user_id as user_id4_0_1_ from application_order orders0_ where orders0_.user_id=?
17:03:36.363 [Test worker] DEBUG org.hibernate.SQL - drop table application_order if exists
17:03:36.364 [Test worker] DEBUG org.hibernate.SQL - drop table application_role if exists
17:03:36.364 [Test worker] DEBUG org.hibernate.SQL - drop table application_user if exists
17:03:36.364 [Test worker] DEBUG org.hibernate.SQL - drop table certificate if exists
17:03:36.364 [Test worker] DEBUG org.hibernate.SQL - drop table certificate_tag if exists
17:03:36.364 [Test worker] DEBUG org.hibernate.SQL - drop table entity if exists
17:03:36.364 [Test worker] DEBUG org.hibernate.SQL - drop table order_certificate if exists
17:03:36.364 [Test worker] DEBUG org.hibernate.SQL - drop table tag if exists
17:03:36.364 [Test worker] DEBUG org.hibernate.SQL - create table application_order (id bigint generated by default as identity, active_status boolean, created_at timestamp, user_id bigint, primary key (id))
17:03:36.365 [Test worker] DEBUG org.hibernate.SQL - create table application_role (id bigint generated by default as identity, value varchar(255), primary key (id))
17:03:36.366 [Test worker] DEBUG org.hibernate.SQL - create table application_user (id bigint generated by default as identity, email varchar(255), password varchar(255), refresh_token varchar(255), role_id bigint, primary key (id))
17:03:36.367 [Test worker] DEBUG org.hibernate.SQL - create table certificate (id bigint generated by default as identity, active_status boolean, creation_date date, description varchar(255), expiration_date date, modification_date date, name varchar(255), price decimal(19,2), primary key (id))
17:03:36.367 [Test worker] DEBUG org.hibernate.SQL - create table certificate_tag (certificate_id bigint not null, tag_id bigint not null, primary key (certificate_id, tag_id))
17:03:36.367 [Test worker] DEBUG org.hibernate.SQL - create table entity (id bigint generated by default as identity, primary key (id))
17:03:36.368 [Test worker] DEBUG org.hibernate.SQL - create table order_certificate (id bigint generated by default as identity, expiration_date date, fixed_price decimal(19,2), certificate_id bigint, order_id bigint, primary key (id))
17:03:36.368 [Test worker] DEBUG org.hibernate.SQL - create table tag (id bigint generated by default as identity, title varchar(255), primary key (id))
17:03:36.369 [Test worker] DEBUG org.hibernate.SQL - alter table tag add constraint UK_k5g3urrxw2ym0ls8vo6xfgs65 unique (title)
17:03:36.369 [Test worker] DEBUG org.hibernate.SQL - alter table application_order add constraint FKp4m4jwa9ds4e3gmsdtsvjcty3 foreign key (user_id) references application_user
17:03:36.371 [Test worker] DEBUG org.hibernate.SQL - alter table application_user add constraint FKkb3re6enordhsw7vy7ftgtna4 foreign key (role_id) references application_role
17:03:36.371 [Test worker] DEBUG org.hibernate.SQL - alter table certificate_tag add constraint FKk65jck3ppxm1p372l03sxdtcc foreign key (tag_id) references tag
17:03:36.372 [Test worker] DEBUG org.hibernate.SQL - alter table certificate_tag add constraint FKlrytco6nyamwxl72nog54iymx foreign key (certificate_id) references certificate
17:03:36.373 [Test worker] DEBUG org.hibernate.SQL - alter table order_certificate add constraint FKans0qrkplnas0le7if4ph8n2w foreign key (certificate_id) references certificate
17:03:36.374 [Test worker] DEBUG org.hibernate.SQL - alter table order_certificate add constraint FKlylopteltw5t82w63stck3tb8 foreign key (order_id) references application_order
17:03:36.377 [Test worker] INFO org.hibernate.tool.schema.internal.SchemaCreatorImpl - HHH000476: Executing import script 'org.hibernate.tool.schema.internal.exec.ScriptSourceInputNonExistentImpl@3bb5d12c'
17:03:36.377 [Test worker] DEBUG org.hibernate.query.spi.NamedQueryRepository - Checking 0 named HQL queries
17:03:36.377 [Test worker] DEBUG org.hibernate.query.spi.NamedQueryRepository - Checking 0 named SQL queries
17:03:36.377 [Test worker] DEBUG org.hibernate.internal.SessionFactoryRegistry - Registering SessionFactory: 71c3c1ee-daf9-4584-8daf-1c45977cb336 (<unnamed>)
17:03:36.377 [Test worker] DEBUG org.hibernate.internal.SessionFactoryRegistry - Not binding SessionFactory to JNDI, no JNDI name configured
17:03:36.377 [Test worker] INFO org.springframework.orm.jpa.LocalContainerEntityManagerFactoryBean - Initialized JPA EntityManagerFactory for persistence unit 'default'
17:03:36.377 [Test worker] DEBUG org.springframework.jdbc.datasource.DataSourceUtils - Fetching JDBC Connection from DataSource
17:03:36.378 [Test worker] DEBUG org.springframework.beans.factory.support.DefaultListableBeanFactory - Creating shared instance of singleton bean 'testConfig'
17:03:36.378 [Test worker] DEBUG org.springframework.beans.factory.support.DefaultListableBeanFactory - Creating shared instance of singleton bean 'certificateRepository'
17:03:36.379 [Test worker] DEBUG org.springframework.beans.factory.support.DefaultListableBeanFactory - Creating shared instance of singleton bean 'org.springframework.orm.jpa.SharedEntityManagerCreator#0'
17:03:36.382 [Test worker] DEBUG org.springframework.beans.factory.support.DefaultListableBeanFactory - Creating shared instance of singleton bean 'criteriaBuilderHelper'
17:03:36.382 [Test worker] DEBUG org.springframework.beans.factory.support.DefaultListableBeanFactory - Autowiring by type from bean name 'certificateRepository' via constructor to bean named 'org.springframework.orm.jpa.SharedEntityManagerCreator#0'
17:03:36.382 [Test worker] DEBUG org.springframework.beans.factory.support.DefaultListableBeanFactory - Autowiring by type from bean name 'certificateRepository' via constructor to bean named 'criteriaBuilderHelper'
17:03:36.382 [Test worker] DEBUG org.springframework.beans.factory.support.DefaultListableBeanFactory - Creating shared instance of singleton bean 'orderCertificateRepository'
17:03:36.382 [Test worker] DEBUG org.springframework.beans.factory.support.DefaultListableBeanFactory - Autowiring by type from bean name 'orderCertificateRepository' via constructor to bean named 'org.springframework.orm.jpa.SharedEntityManagerCreator#0'
17:03:36.383 [Test worker] DEBUG org.springframework.beans.factory.support.DefaultListableBeanFactory - Creating shared instance of singleton bean 'orderRepository'
17:03:36.383 [Test worker] DEBUG org.springframework.beans.factory.support.DefaultListableBeanFactory - Autowiring by type from bean name 'orderRepository' via constructor to bean named 'org.springframework.orm.jpa.SharedEntityManagerCreator#0'
17:03:36.384 [Test worker] DEBUG org.springframework.beans.factory.support.DefaultListableBeanFactory - Creating shared instance of singleton bean 'tagRepository'
17:03:36.384 [Test worker] DEBUG org.springframework.beans.factory.support.DefaultListableBeanFactory - Autowiring by type from bean name 'tagRepository' via constructor to bean named 'org.springframework.orm.jpa.SharedEntityManagerCreator#0'
17:03:36.385 [Test worker] DEBUG org.springframework.beans.factory.support.DefaultListableBeanFactory - Creating shared instance of singleton bean 'userRepository'
17:03:36.385 [Test worker] DEBUG org.springframework.beans.factory.support.DefaultListableBeanFactory - Autowiring by type from bean name 'userRepository' via constructor to bean named 'org.springframework.orm.jpa.SharedEntityManagerCreator#0'
17:03:36.386 [Test worker] DEBUG org.springframework.beans.factory.support.DefaultListableBeanFactory - Creating shared instance of singleton bean 'org.springframework.boot.autoconfigure.context.PropertyPlaceholderAutoConfiguration'
17:03:36.386 [Test worker] DEBUG org.springframework.beans.factory.support.DefaultListableBeanFactory - Creating shared instance of singleton bean 'org.springframework.boot.autoconfigure.task.TaskExecutionAutoConfiguration'
17:03:36.386 [Test worker] DEBUG org.springframework.core.LocalVariableTableParameterNameDiscoverer - Cannot find '.class' file for class [class org.springframework.boot.autoconfigure.task.TaskExecutionAutoConfiguration$$EnhancerBySpringCGLIB$$30b471bb] - unable to determine constructor/method parameter names
17:03:36.386 [Test worker] DEBUG org.springframework.beans.factory.support.DefaultListableBeanFactory - Creating shared instance of singleton bean 'spring.task.execution-org.springframework.boot.autoconfigure.task.TaskExecutionProperties'
17:03:36.387 [Test worker] DEBUG org.springframework.beans.factory.support.DefaultListableBeanFactory - Autowiring by type from bean name 'org.springframework.boot.autoconfigure.task.TaskExecutionAutoConfiguration' via constructor to bean named 'spring.task.execution-org.springframework.boot.autoconfigure.task.TaskExecutionProperties'
17:03:36.387 [Test worker] DEBUG org.springframework.beans.factory.support.DefaultListableBeanFactory - Creating shared instance of singleton bean 'taskExecutorBuilder'
17:03:36.388 [Test worker] DEBUG org.springframework.beans.factory.support.DefaultListableBeanFactory - Creating shared instance of singleton bean 'org.springframework.boot.autoconfigure.validation.ValidationAutoConfiguration'
17:03:36.388 [Test worker] DEBUG org.springframework.beans.factory.support.DefaultListableBeanFactory - Creating shared instance of singleton bean 'defaultValidator'
17:03:36.389 [Test worker] DEBUG org.hibernate.validator.internal.engine.resolver.TraversableResolvers - Found javax.persistence.Persistence on classpath containing 'getPersistenceUtil'. Assuming JPA 2 environment. Trying to instantiate JPA aware TraversableResolver
17:03:36.389 [Test worker] DEBUG org.hibernate.validator.internal.engine.resolver.TraversableResolvers - Instantiated JPA aware TraversableResolver of type org.hibernate.validator.internal.engine.resolver.JPATraversableResolver.
17:03:36.389 [Test worker] DEBUG org.hibernate.validator.messageinterpolation.ResourceBundleMessageInterpolator - Loaded expression factory via original TCCL
17:03:36.389 [Test worker] DEBUG org.hibernate.validator.internal.engine.resolver.TraversableResolvers - Found javax.persistence.Persistence on classpath containing 'getPersistenceUtil'. Assuming JPA 2 environment. Trying to instantiate JPA aware TraversableResolver
17:03:36.389 [Test worker] DEBUG org.hibernate.validator.internal.engine.resolver.TraversableResolvers - Instantiated JPA aware TraversableResolver of type org.hibernate.validator.internal.engine.resolver.JPATraversableResolver.
17:03:36.389 [Test worker] DEBUG org.hibernate.validator.internal.engine.ConfigurationImpl - Setting custom MessageInterpolator of type org.springframework.validation.beanvalidation.LocaleContextMessageInterpolator
17:03:36.389 [Test worker] DEBUG org.hibernate.validator.internal.engine.ConfigurationImpl - Setting custom ConstraintValidatorFactory of type org.springframework.validation.beanvalidation.SpringConstraintValidatorFactory
17:03:36.389 [Test worker] DEBUG org.hibernate.validator.internal.engine.ConfigurationImpl - Setting custom ParameterNameProvider of type org.springframework.validation.beanvalidation.LocalValidatorFactoryBean$1
17:03:36.389 [Test worker] DEBUG org.hibernate.validator.internal.xml.config.ValidationXmlParser - Trying to load META-INF/validation.xml for XML based Validator configuration.
17:03:36.389 [Test worker] DEBUG org.hibernate.validator.internal.xml.config.ResourceLoaderHelper - Trying to load META-INF/validation.xml via user class loader
17:03:36.389 [Test worker] DEBUG org.hibernate.validator.internal.xml.config.ResourceLoaderHelper - Trying to load META-INF/validation.xml via TCCL
17:03:36.389 [Test worker] DEBUG org.hibernate.validator.internal.xml.config.ResourceLoaderHelper - Trying to load META-INF/validation.xml via Hibernate Validator's class loader
17:03:36.390 [Test worker] DEBUG org.hibernate.validator.internal.xml.config.ValidationXmlParser - No META-INF/validation.xml found. Using annotation based configuration only.
17:03:36.394 [Test worker] DEBUG org.hibernate.validator.internal.engine.ValidatorFactoryImpl - HV000234: Using org.springframework.validation.beanvalidation.LocaleContextMessageInterpolator as ValidatorFactory-scoped message interpolator.
17:03:36.394 [Test worker] DEBUG org.hibernate.validator.internal.engine.ValidatorFactoryImpl - HV000234: Using org.hibernate.validator.internal.engine.resolver.JPATraversableResolver as ValidatorFactory-scoped traversable resolver.
17:03:36.394 [Test worker] DEBUG org.hibernate.validator.internal.engine.ValidatorFactoryImpl - HV000234: Using org.hibernate.validator.internal.util.ExecutableParameterNameProvider as ValidatorFactory-scoped parameter name provider.
17:03:36.394 [Test worker] DEBUG org.hibernate.validator.internal.engine.ValidatorFactoryImpl - HV000234: Using org.hibernate.validator.internal.engine.DefaultClockProvider as ValidatorFactory-scoped clock provider.
17:03:36.394 [Test worker] DEBUG org.hibernate.validator.internal.engine.ValidatorFactoryImpl - HV000234: Using org.hibernate.validator.internal.engine.scripting.DefaultScriptEvaluatorFactory as ValidatorFactory-scoped script evaluator factory.
17:03:36.395 [Test worker] DEBUG org.springframework.beans.factory.support.DefaultListableBeanFactory - Creating shared instance of singleton bean 'org.springframework.boot.autoconfigure.security.oauth2.client.OAuth2RestOperationsConfiguration$SingletonScopedConfiguration'
17:03:36.395 [Test worker] DEBUG org.springframework.beans.factory.support.DefaultListableBeanFactory - Creating shared instance of singleton bean 'oauth2RemoteResource'
17:03:36.396 [Test worker] DEBUG org.springframework.beans.factory.support.DefaultListableBeanFactory - Creating shared instance of singleton bean 'oauth2ClientContext'
17:03:36.396 [Test worker] DEBUG org.springframework.beans.factory.support.DefaultListableBeanFactory - Creating shared instance of singleton bean 'org.springframework.boot.autoconfigure.security.oauth2.client.OAuth2RestOperationsConfiguration'
17:03:36.396 [Test worker] DEBUG org.springframework.beans.factory.support.DefaultListableBeanFactory - Creating shared instance of singleton bean 'org.springframework.boot.autoconfigure.security.oauth2.OAuth2AutoConfiguration'
17:03:36.396 [Test worker] DEBUG org.springframework.core.LocalVariableTableParameterNameDiscoverer - Cannot find '.class' file for class [class org.springframework.boot.autoconfigure.security.oauth2.OAuth2AutoConfiguration$$EnhancerBySpringCGLIB$$5c5e94e5] - unable to determine constructor/method parameter names
17:03:36.397 [Test worker] DEBUG org.springframework.beans.factory.support.DefaultListableBeanFactory - Creating shared instance of singleton bean 'security.oauth2.client-org.springframework.boot.autoconfigure.security.oauth2.OAuth2ClientProperties'
17:03:36.397 [Test worker] DEBUG org.springframework.beans.factory.support.DefaultListableBeanFactory - Autowiring by type from bean name 'org.springframework.boot.autoconfigure.security.oauth2.OAuth2AutoConfiguration' via constructor to bean named 'security.oauth2.client-org.springframework.boot.autoconfigure.security.oauth2.OAuth2ClientProperties'
17:03:36.397 [Test worker] DEBUG org.springframework.beans.factory.support.DefaultListableBeanFactory - Creating shared instance of singleton bean 'resourceServerProperties'
17:03:36.398 [Test worker] DEBUG org.springframework.beans.factory.support.DefaultListableBeanFactory - Creating shared instance of singleton bean 'org.springframework.boot.autoconfigure.jmx.JmxAutoConfiguration'
17:03:36.398 [Test worker] DEBUG org.springframework.beans.factory.support.DefaultListableBeanFactory - Creating shared instance of singleton bean 'mbeanExporter'
17:03:36.399 [Test worker] DEBUG org.springframework.beans.factory.support.DefaultListableBeanFactory - Creating shared instance of singleton bean 'objectNamingStrategy'
17:03:36.399 [Test worker] DEBUG org.springframework.beans.factory.support.DefaultListableBeanFactory - Autowiring by type from bean name 'mbeanExporter' via factory method to bean named 'objectNamingStrategy'
17:03:36.399 [Test worker] DEBUG org.springframework.beans.factory.support.DefaultListableBeanFactory - Creating shared instance of singleton bean 'mbeanServer'
17:03:36.400 [Test worker] DEBUG org.springframework.jmx.support.JmxUtils - Found MBeanServer: com.sun.jmx.mbeanserver.JmxMBeanServer@bc10b92
17:03:36.401 [Test worker] DEBUG org.springframework.beans.factory.support.DefaultListableBeanFactory - Creating shared instance of singleton bean 'org.springframework.boot.autoconfigure.aop.AopAutoConfiguration$CglibAutoProxyConfiguration'
17:03:36.402 [Test worker] DEBUG org.springframework.beans.factory.support.DefaultListableBeanFactory - Creating shared instance of singleton bean 'org.springframework.boot.autoconfigure.aop.AopAutoConfiguration'
17:03:36.402 [Test worker] DEBUG org.springframework.beans.factory.support.DefaultListableBeanFactory - Creating shared instance of singleton bean 'org.springframework.boot.autoconfigure.transaction.jta.JtaAutoConfiguration'
17:03:36.402 [Test worker] DEBUG org.springframework.beans.factory.support.DefaultListableBeanFactory - Creating shared instance of singleton bean 'org.springframework.boot.autoconfigure.jdbc.DataSourceJmxConfiguration$Hikari'
17:03:36.402 [Test worker] DEBUG org.springframework.core.LocalVariableTableParameterNameDiscoverer - Cannot find '.class' file for class [class org.springframework.boot.autoconfigure.jdbc.DataSourceJmxConfiguration$Hikari$$EnhancerBySpringCGLIB$$8eb93a4f] - unable to determine constructor/method parameter names
17:03:36.403 [Test worker] DEBUG org.springframework.beans.factory.support.DefaultListableBeanFactory - Autowiring by type from bean name 'org.springframework.boot.autoconfigure.jdbc.DataSourceJmxConfiguration$Hikari' via constructor to bean named 'dataSource'
17:03:36.403 [Test worker] DEBUG org.springframework.beans.factory.support.DefaultListableBeanFactory - Creating shared instance of singleton bean 'org.springframework.boot.autoconfigure.jdbc.DataSourceJmxConfiguration'
17:03:36.403 [Test worker] DEBUG org.springframework.beans.factory.support.DefaultListableBeanFactory - Creating shared instance of singleton bean 'org.springframework.boot.autoconfigure.jdbc.DataSourceAutoConfiguration$PooledDataSourceConfiguration'
17:03:36.403 [Test worker] DEBUG org.springframework.beans.factory.support.DefaultListableBeanFactory - Creating shared instance of singleton bean 'org.springframework.boot.autoconfigure.jdbc.metadata.DataSourcePoolMetadataProvidersConfiguration'
17:03:36.404 [Test worker] DEBUG org.springframework.beans.factory.support.DefaultListableBeanFactory - Creating shared instance of singleton bean 'org.springframework.boot.autoconfigure.jdbc.DataSourceInitializationConfiguration'
17:03:36.404 [Test worker] DEBUG org.springframework.beans.factory.support.DefaultListableBeanFactory - Creating shared instance of singleton bean 'org.springframework.boot.autoconfigure.jdbc.DataSourceAutoConfiguration'
17:03:36.404 [Test worker] DEBUG org.springframework.beans.factory.support.DefaultListableBeanFactory - Creating shared instance of singleton bean 'transactionManager'
17:03:36.405 [Test worker] DEBUG org.springframework.beans.factory.support.DefaultListableBeanFactory - Creating shared instance of singleton bean 'org.springframework.boot.autoconfigure.orm.jpa.HibernateJpaAutoConfiguration'
17:03:36.405 [Test worker] DEBUG org.springframework.beans.factory.support.DefaultListableBeanFactory - Creating shared instance of singleton bean 'org.springframework.boot.autoconfigure.context.ConfigurationPropertiesAutoConfiguration'
17:03:36.405 [Test worker] DEBUG org.springframework.beans.factory.support.DefaultListableBeanFactory - Creating shared instance of singleton bean 'org.springframework.boot.autoconfigure.dao.PersistenceExceptionTranslationAutoConfiguration'
17:03:36.405 [Test worker] DEBUG org.springframework.beans.factory.support.DefaultListableBeanFactory - Creating shared instance of singleton bean 'org.springframework.boot.autoconfigure.data.jpa.JpaRepositoriesAutoConfiguration'
17:03:36.406 [Test worker] DEBUG org.springframework.beans.factory.support.DefaultListableBeanFactory - Creating shared instance of singleton bean 'org.springframework.data.jpa.util.JpaMetamodelCacheCleanup'
17:03:36.406 [Test worker] DEBUG org.springframework.beans.factory.support.DefaultListableBeanFactory - Creating shared instance of singleton bean 'org.springframework.data.jpa.repository.support.JpaEvaluationContextExtension'
17:03:36.406 [Test worker] DEBUG org.springframework.beans.factory.support.DefaultListableBeanFactory - Creating shared instance of singleton bean 'org.springframework.boot.autoconfigure.jackson.JacksonAutoConfiguration$Jackson2ObjectMapperBuilderCustomizerConfiguration'
17:03:36.407 [Test worker] DEBUG org.springframework.beans.factory.support.DefaultListableBeanFactory - Creating shared instance of singleton bean 'standardJacksonObjectMapperBuilderCustomizer'
17:03:36.407 [Test worker] DEBUG org.springframework.beans.factory.support.DefaultListableBeanFactory - Creating shared instance of singleton bean 'spring.jackson-org.springframework.boot.autoconfigure.jackson.JacksonProperties'
17:03:36.407 [Test worker] DEBUG org.springframework.beans.factory.support.DefaultListableBeanFactory - Autowiring by type from bean name 'standardJacksonObjectMapperBuilderCustomizer' via factory method to bean named 'org.springframework.context.support.GenericApplicationContext@46d50e61'
17:03:36.407 [Test worker] DEBUG org.springframework.beans.factory.support.DefaultListableBeanFactory - Autowiring by type from bean name 'standardJacksonObjectMapperBuilderCustomizer' via factory method to bean named 'spring.jackson-org.springframework.boot.autoconfigure.jackson.JacksonProperties'
17:03:36.408 [Test worker] DEBUG org.springframework.beans.factory.support.DefaultListableBeanFactory - Creating shared instance of singleton bean 'org.springframework.boot.autoconfigure.jackson.JacksonAutoConfiguration$JacksonObjectMapperBuilderConfiguration'
17:03:36.408 [Test worker] DEBUG org.springframework.core.LocalVariableTableParameterNameDiscoverer - Cannot find '.class' file for class [class org.springframework.boot.autoconfigure.jackson.JacksonAutoConfiguration$JacksonObjectMapperBuilderConfiguration$$EnhancerBySpringCGLIB$$b2f51a8f] - unable to determine constructor/method parameter names
17:03:36.408 [Test worker] DEBUG org.springframework.beans.factory.support.DefaultListableBeanFactory - Autowiring by type from bean name 'org.springframework.boot.autoconfigure.jackson.JacksonAutoConfiguration$JacksonObjectMapperBuilderConfiguration' via constructor to bean named 'org.springframework.context.support.GenericApplicationContext@46d50e61'
17:03:36.408 [Test worker] DEBUG org.springframework.beans.factory.support.DefaultListableBeanFactory - Creating shared instance of singleton bean 'jacksonObjectMapperBuilder'
17:03:36.409 [Test worker] DEBUG org.springframework.beans.factory.support.DefaultListableBeanFactory - Autowiring by type from bean name 'jacksonObjectMapperBuilder' via factory method to bean named 'standardJacksonObjectMapperBuilderCustomizer'
17:03:36.409 [Test worker] DEBUG org.springframework.beans.factory.support.DefaultListableBeanFactory - Creating shared instance of singleton bean 'parameterNamesModule'
17:03:36.409 [Test worker] DEBUG org.springframework.beans.factory.support.DefaultListableBeanFactory - Creating shared instance of singleton bean 'org.springframework.boot.autoconfigure.jackson.JacksonAutoConfiguration$ParameterNamesModuleConfiguration'
17:03:36.410 [Test worker] DEBUG org.springframework.beans.factory.support.DefaultListableBeanFactory - Creating shared instance of singleton bean 'jsonComponentModule'
17:03:36.410 [Test worker] DEBUG org.springframework.beans.factory.support.DefaultListableBeanFactory - Creating shared instance of singleton bean 'org.springframework.boot.autoconfigure.jackson.JacksonAutoConfiguration'
17:03:36.412 [Test worker] DEBUG org.springframework.beans.factory.support.DefaultListableBeanFactory - Creating shared instance of singleton bean 'org.springframework.boot.autoconfigure.jackson.JacksonAutoConfiguration$JacksonObjectMapperConfiguration'
17:03:36.412 [Test worker] DEBUG org.springframework.beans.factory.support.DefaultListableBeanFactory - Creating shared instance of singleton bean 'jacksonObjectMapper'
17:03:36.412 [Test worker] DEBUG org.springframework.beans.factory.support.DefaultListableBeanFactory - Autowiring by type from bean name 'jacksonObjectMapper' via factory method to bean named 'jacksonObjectMapperBuilder'
17:03:36.415 [Test worker] DEBUG org.springframework.beans.factory.support.DefaultListableBeanFactory - Creating shared instance of singleton bean 'org.springframework.boot.autoconfigure.http.HttpMessageConvertersAutoConfiguration$StringHttpMessageConverterConfiguration'
17:03:36.415 [Test worker] DEBUG org.springframework.core.LocalVariableTableParameterNameDiscoverer - Cannot find '.class' file for class [class org.springframework.boot.autoconfigure.http.HttpMessageConvertersAutoConfiguration$StringHttpMessageConverterConfiguration$$EnhancerBySpringCGLIB$$f2566b19] - unable to determine constructor/method parameter names
17:03:36.416 [Test worker] DEBUG org.springframework.beans.factory.support.DefaultListableBeanFactory - Creating shared instance of singleton bean 'spring.http-org.springframework.boot.autoconfigure.http.HttpProperties'
17:03:36.416 [Test worker] DEBUG org.springframework.beans.factory.support.DefaultListableBeanFactory - Autowiring by type from bean name 'org.springframework.boot.autoconfigure.http.HttpMessageConvertersAutoConfiguration$StringHttpMessageConverterConfiguration' via constructor to bean named 'spring.http-org.springframework.boot.autoconfigure.http.HttpProperties'
17:03:36.416 [Test worker] DEBUG org.springframework.beans.factory.support.DefaultListableBeanFactory - Creating shared instance of singleton bean 'stringHttpMessageConverter'
17:03:36.417 [Test worker] DEBUG org.springframework.beans.factory.support.DefaultListableBeanFactory - Creating shared instance of singleton bean 'org.springframework.boot.autoconfigure.http.JacksonHttpMessageConvertersConfiguration$MappingJackson2HttpMessageConverterConfiguration'
17:03:36.417 [Test worker] DEBUG org.springframework.beans.factory.support.DefaultListableBeanFactory - Creating shared instance of singleton bean 'mappingJackson2HttpMessageConverter'
17:03:36.417 [Test worker] DEBUG org.springframework.beans.factory.support.DefaultListableBeanFactory - Autowiring by type from bean name 'mappingJackson2HttpMessageConverter' via factory method to bean named 'jacksonObjectMapper'
17:03:36.418 [Test worker] DEBUG org.springframework.beans.factory.support.DefaultListableBeanFactory - Creating shared instance of singleton bean 'org.springframework.boot.autoconfigure.http.JacksonHttpMessageConvertersConfiguration'
17:03:36.418 [Test worker] DEBUG org.springframework.beans.factory.support.DefaultListableBeanFactory - Creating shared instance of singleton bean 'org.springframework.boot.autoconfigure.http.HttpMessageConvertersAutoConfiguration'
17:03:36.418 [Test worker] DEBUG org.springframework.core.LocalVariableTableParameterNameDiscoverer - Cannot find '.class' file for class [class org.springframework.boot.autoconfigure.http.HttpMessageConvertersAutoConfiguration$$EnhancerBySpringCGLIB$$bf48a479] - unable to determine constructor/method parameter names
17:03:36.419 [Test worker] DEBUG org.springframework.beans.factory.support.DefaultListableBeanFactory - Creating shared instance of singleton bean 'messageConverters'
17:03:36.422 [Test worker] DEBUG org.springframework.beans.factory.support.DefaultListableBeanFactory - Creating shared instance of singleton bean 'org.springframework.boot.autoconfigure.http.codec.CodecsAutoConfiguration$LoggingCodecConfiguration'
17:03:36.422 [Test worker] DEBUG org.springframework.beans.factory.support.DefaultListableBeanFactory - Creating shared instance of singleton bean 'loggingCodecCustomizer'
17:03:36.422 [Test worker] DEBUG org.springframework.beans.factory.support.DefaultListableBeanFactory - Autowiring by type from bean name 'loggingCodecCustomizer' via factory method to bean named 'spring.http-org.springframework.boot.autoconfigure.http.HttpProperties'
17:03:36.422 [Test worker] DEBUG org.springframework.beans.factory.support.DefaultListableBeanFactory - Creating shared instance of singleton bean 'org.springframework.boot.autoconfigure.http.codec.CodecsAutoConfiguration$JacksonCodecConfiguration'
17:03:36.422 [Test worker] DEBUG org.springframework.beans.factory.support.DefaultListableBeanFactory - Creating shared instance of singleton bean 'jacksonCodecCustomizer'
17:03:36.423 [Test worker] DEBUG org.springframework.beans.factory.support.DefaultListableBeanFactory - Autowiring by type from bean name 'jacksonCodecCustomizer' via factory method to bean named 'jacksonObjectMapper'
17:03:36.423 [Test worker] DEBUG org.springframework.beans.factory.support.DefaultListableBeanFactory - Creating shared instance of singleton bean 'org.springframework.boot.autoconfigure.http.codec.CodecsAutoConfiguration'
17:03:36.423 [Test worker] DEBUG org.springframework.beans.factory.support.DefaultListableBeanFactory - Creating shared instance of singleton bean 'org.springframework.boot.autoconfigure.info.ProjectInfoAutoConfiguration'
17:03:36.423 [Test worker] DEBUG org.springframework.core.LocalVariableTableParameterNameDiscoverer - Cannot find '.class' file for class [class org.springframework.boot.autoconfigure.info.ProjectInfoAutoConfiguration$$EnhancerBySpringCGLIB$$e10ee5fe] - unable to determine constructor/method parameter names
17:03:36.423 [Test worker] DEBUG org.springframework.beans.factory.support.DefaultListableBeanFactory - Creating shared instance of singleton bean 'spring.info-org.springframework.boot.autoconfigure.info.ProjectInfoProperties'
17:03:36.424 [Test worker] DEBUG org.springframework.beans.factory.support.DefaultListableBeanFactory - Autowiring by type from bean name 'org.springframework.boot.autoconfigure.info.ProjectInfoAutoConfiguration' via constructor to bean named 'spring.info-org.springframework.boot.autoconfigure.info.ProjectInfoProperties'
17:03:36.424 [Test worker] DEBUG org.springframework.beans.factory.support.DefaultListableBeanFactory - Creating shared instance of singleton bean 'org.springframework.boot.autoconfigure.jdbc.JdbcTemplateAutoConfiguration$JdbcTemplateConfiguration'
17:03:36.424 [Test worker] DEBUG org.springframework.core.LocalVariableTableParameterNameDiscoverer - Cannot find '.class' file for class [class org.springframework.boot.autoconfigure.jdbc.JdbcTemplateAutoConfiguration$JdbcTemplateConfiguration$$EnhancerBySpringCGLIB$$bda00752] - unable to determine constructor/method parameter names
17:03:36.425 [Test worker] DEBUG org.springframework.beans.factory.support.DefaultListableBeanFactory - Creating shared instance of singleton bean 'spring.jdbc-org.springframework.boot.autoconfigure.jdbc.JdbcProperties'
17:03:36.425 [Test worker] DEBUG org.springframework.beans.factory.support.DefaultListableBeanFactory - Autowiring by type from bean name 'org.springframework.boot.autoconfigure.jdbc.JdbcTemplateAutoConfiguration$JdbcTemplateConfiguration' via constructor to bean named 'dataSource'
17:03:36.425 [Test worker] DEBUG org.springframework.beans.factory.support.DefaultListableBeanFactory - Autowiring by type from bean name 'org.springframework.boot.autoconfigure.jdbc.JdbcTemplateAutoConfiguration$JdbcTemplateConfiguration' via constructor to bean named 'spring.jdbc-org.springframework.boot.autoconfigure.jdbc.JdbcProperties'
17:03:36.425 [Test worker] DEBUG org.springframework.beans.factory.support.DefaultListableBeanFactory - Creating shared instance of singleton bean 'jdbcTemplate'
17:03:36.427 [Test worker] DEBUG org.springframework.beans.factory.support.DefaultListableBeanFactory - Creating shared instance of singleton bean 'org.springframework.boot.autoconfigure.jdbc.JdbcTemplateAutoConfiguration$NamedParameterJdbcTemplateConfiguration'
17:03:36.427 [Test worker] DEBUG org.springframework.beans.factory.support.DefaultListableBeanFactory - Creating shared instance of singleton bean 'namedParameterJdbcTemplate'
17:03:36.427 [Test worker] DEBUG org.springframework.beans.factory.support.DefaultListableBeanFactory - Autowiring by type from bean name 'namedParameterJdbcTemplate' via factory method to bean named 'jdbcTemplate'
17:03:36.428 [Test worker] DEBUG org.springframework.beans.factory.support.DefaultListableBeanFactory - Creating shared instance of singleton bean 'org.springframework.boot.autoconfigure.jdbc.JdbcTemplateAutoConfiguration'
17:03:36.428 [Test worker] DEBUG org.springframework.beans.factory.support.DefaultListableBeanFactory - Creating shared instance of singleton bean 'org.springframework.boot.autoconfigure.security.servlet.SecurityAutoConfiguration'
17:03:36.429 [Test worker] DEBUG org.springframework.beans.factory.support.DefaultListableBeanFactory - Creating shared instance of singleton bean 'authenticationEventPublisher'
17:03:36.429 [Test worker] DEBUG org.springframework.beans.factory.support.DefaultListableBeanFactory - Autowiring by type from bean name 'authenticationEventPublisher' via factory method to bean named 'org.springframework.context.support.GenericApplicationContext@46d50e61'
17:03:36.429 [Test worker] DEBUG org.springframework.beans.factory.support.DefaultListableBeanFactory - Creating shared instance of singleton bean 'spring.security-org.springframework.boot.autoconfigure.security.SecurityProperties'
17:03:36.429 [Test worker] DEBUG org.springframework.beans.factory.support.DefaultListableBeanFactory - Creating shared instance of singleton bean 'org.springframework.boot.autoconfigure.task.TaskSchedulingAutoConfiguration'
17:03:36.430 [Test worker] DEBUG org.springframework.beans.factory.support.DefaultListableBeanFactory - Creating shared instance of singleton bean 'taskSchedulerBuilder'
17:03:36.430 [Test worker] DEBUG org.springframework.beans.factory.support.DefaultListableBeanFactory - Creating shared instance of singleton bean 'spring.task.scheduling-org.springframework.boot.autoconfigure.task.TaskSchedulingProperties'
17:03:36.430 [Test worker] DEBUG org.springframework.beans.factory.support.DefaultListableBeanFactory - Autowiring by type from bean name 'taskSchedulerBuilder' via factory method to bean named 'spring.task.scheduling-org.springframework.boot.autoconfigure.task.TaskSchedulingProperties'
17:03:36.431 [Test worker] DEBUG org.springframework.beans.factory.support.DefaultListableBeanFactory - Creating shared instance of singleton bean 'org.springframework.boot.autoconfigure.jdbc.DataSourceTransactionManagerAutoConfiguration$DataSourceTransactionManagerConfiguration'
17:03:36.431 [Test worker] DEBUG org.springframework.core.LocalVariableTableParameterNameDiscoverer - Cannot find '.class' file for class [class org.springframework.boot.autoconfigure.jdbc.DataSourceTransactionManagerAutoConfiguration$DataSourceTransactionManagerConfiguration$$EnhancerBySpringCGLIB$$52157154] - unable to determine constructor/method parameter names
17:03:36.431 [Test worker] DEBUG org.springframework.beans.factory.support.DefaultListableBeanFactory - Autowiring by type from bean name 'org.springframework.boot.autoconfigure.jdbc.DataSourceTransactionManagerAutoConfiguration$DataSourceTransactionManagerConfiguration' via constructor to bean named 'dataSource'
17:03:36.431 [Test worker] DEBUG org.springframework.beans.factory.support.DefaultListableBeanFactory - Creating shared instance of singleton bean 'org.springframework.boot.autoconfigure.jdbc.DataSourceTransactionManagerAutoConfiguration'
17:03:36.432 [Test worker] DEBUG org.springframework.beans.factory.support.DefaultListableBeanFactory - Creating shared instance of singleton bean 'org.springframework.boot.autoconfigure.transaction.TransactionAutoConfiguration$EnableTransactionManagementConfiguration$CglibAutoProxyConfiguration'
17:03:36.432 [Test worker] DEBUG org.springframework.beans.factory.support.DefaultListableBeanFactory - Creating shared instance of singleton bean 'org.springframework.boot.autoconfigure.transaction.TransactionAutoConfiguration$EnableTransactionManagementConfiguration'
17:03:36.432 [Test worker] DEBUG org.springframework.beans.factory.support.DefaultListableBeanFactory - Creating shared instance of singleton bean 'org.springframework.boot.autoconfigure.transaction.TransactionAutoConfiguration$TransactionTemplateConfiguration'
17:03:36.433 [Test worker] DEBUG org.springframework.core.LocalVariableTableParameterNameDiscoverer - Cannot find '.class' file for class [class org.springframework.boot.autoconfigure.transaction.TransactionAutoConfiguration$TransactionTemplateConfiguration$$EnhancerBySpringCGLIB$$a39f3627] - unable to determine constructor/method parameter names
17:03:36.433 [Test worker] DEBUG org.springframework.beans.factory.support.DefaultListableBeanFactory - Autowiring by type from bean name 'org.springframework.boot.autoconfigure.transaction.TransactionAutoConfiguration$TransactionTemplateConfiguration' via constructor to bean named 'transactionManager'
17:03:36.433 [Test worker] DEBUG org.springframework.beans.factory.support.DefaultListableBeanFactory - Creating shared instance of singleton bean 'transactionTemplate'
17:03:36.433 [Test worker] DEBUG org.springframework.beans.factory.support.DefaultListableBeanFactory - Creating shared instance of singleton bean 'org.springframework.boot.autoconfigure.web.client.RestTemplateAutoConfiguration'
17:03:36.434 [Test worker] DEBUG org.springframework.core.LocalVariableTableParameterNameDiscoverer - Cannot find '.class' file for class [class org.springframework.boot.autoconfigure.web.client.RestTemplateAutoConfiguration$$EnhancerBySpringCGLIB$$402ad266] - unable to determine constructor/method parameter names
17:03:36.434 [Test worker] DEBUG org.springframework.beans.factory.support.DefaultListableBeanFactory - Creating shared instance of singleton bean 'restTemplateBuilder'
17:03:36.437 [Test worker] DEBUG org.springframework.jmx.export.annotation.AnnotationMBeanExporter - Registering beans for JMX exposure on startup
17:03:36.437 [Test worker] DEBUG org.springframework.jmx.export.annotation.AnnotationMBeanExporter - Autodetecting user-defined JMX MBeans
17:03:36.437 [Test worker] DEBUG org.springframework.jmx.export.annotation.AnnotationMBeanExporter - Bean with name 'dataSource' has been autodetected for JMX exposure
17:03:36.438 [Test worker] DEBUG org.springframework.jmx.export.annotation.AnnotationMBeanExporter - Located MBean 'dataSource': registering with JMX server as MBean [com.zaxxer.hikari:name=dataSource,type=HikariDataSource]
17:03:36.439 [Test worker] DEBUG org.springframework.test.context.cache.DefaultCacheAwareContextLoaderDelegate - Storing ApplicationContext in cache under key [[MergedContextConfiguration@32c2b767 testClass = UserRepositoryTest, locations = '{}', classes = '{class com.epam.esm.TestConfig}', contextInitializerClasses = '[]', activeProfiles = '{}', propertySourceLocations = '{}', propertySourceProperties = '{}', contextCustomizers = set[[empty]], contextLoader = 'org.springframework.test.context.support.DelegatingSmartContextLoader', parent = [null]]]
17:03:36.439 [Test worker] DEBUG org.springframework.test.context.cache - Spring test ApplicationContext cache statistics: [DefaultContextCache@2bed31e4 size = 1, maxSize = 32, parentContextCount = 0, hitCount = 47, missCount = 19]
17:03:36.442 [Test worker] DEBUG org.springframework.test.context.support.AbstractDirtiesContextTestExecutionListener - Before test method: context [DefaultTestContext@76bf0ea0 testClass = UserRepositoryTest, testInstance = com.epam.esm.repository.UserRepositoryTest@25e001db, testMethod = testDelete@UserRepositoryTest, testException = [null], mergedContextConfiguration = [MergedContextConfiguration@32c2b767 testClass = UserRepositoryTest, locations = '{}', classes = '{class com.epam.esm.TestConfig}', contextInitializerClasses = '[]', activeProfiles = '{}', propertySourceLocations = '{}', propertySourceProperties = '{}', contextCustomizers = set[[empty]], contextLoader = 'org.springframework.test.context.support.DelegatingSmartContextLoader', parent = [null]], attributes = map[[empty]]], class annotated with @DirtiesContext [true] with mode [AFTER_EACH_TEST_METHOD], method annotated with @DirtiesContext [false] with mode [null].
17:03:36.443 [Test worker] DEBUG org.springframework.test.context.transaction.TransactionalTestExecutionListener - Explicit transaction definition [PROPAGATION_REQUIRED,ISOLATION_DEFAULT] found for test context [DefaultTestContext@76bf0ea0 testClass = UserRepositoryTest, testInstance = com.epam.esm.repository.UserRepositoryTest@25e001db, testMethod = testDelete@UserRepositoryTest, testException = [null], mergedContextConfiguration = [MergedContextConfiguration@32c2b767 testClass = UserRepositoryTest, locations = '{}', classes = '{class com.epam.esm.TestConfig}', contextInitializerClasses = '[]', activeProfiles = '{}', propertySourceLocations = '{}', propertySourceProperties = '{}', contextCustomizers = set[[empty]], contextLoader = 'org.springframework.test.context.support.DelegatingSmartContextLoader', parent = [null]], attributes = map[[empty]]]
17:03:36.443 [Test worker] DEBUG org.springframework.test.context.cache.DefaultCacheAwareContextLoaderDelegate - Retrieved ApplicationContext from cache with key [[MergedContextConfiguration@32c2b767 testClass = UserRepositoryTest, locations = '{}', classes = '{class com.epam.esm.TestConfig}', contextInitializerClasses = '[]', activeProfiles = '{}', propertySourceLocations = '{}', propertySourceProperties = '{}', contextCustomizers = set[[empty]], contextLoader = 'org.springframework.test.context.support.DelegatingSmartContextLoader', parent = [null]]]
17:03:36.443 [Test worker] DEBUG org.springframework.test.context.cache - Spring test ApplicationContext cache statistics: [DefaultContextCache@2bed31e4 size = 1, maxSize = 32, parentContextCount = 0, hitCount = 48, missCount = 19]
17:03:36.443 [Test worker] DEBUG org.springframework.test.context.transaction.TransactionalTestExecutionListener - No method-level @Rollback override: using default rollback [true] for test context [DefaultTestContext@76bf0ea0 testClass = UserRepositoryTest, testInstance = com.epam.esm.repository.UserRepositoryTest@25e001db, testMethod = testDelete@UserRepositoryTest, testException = [null], mergedContextConfiguration = [MergedContextConfiguration@32c2b767 testClass = UserRepositoryTest, locations = '{}', classes = '{class com.epam.esm.TestConfig}', contextInitializerClasses = '[]', activeProfiles = '{}', propertySourceLocations = '{}', propertySourceProperties = '{}', contextCustomizers = set[[empty]], contextLoader = 'org.springframework.test.context.support.DelegatingSmartContextLoader', parent = [null]], attributes = map[[empty]]].
17:03:36.443 [Test worker] DEBUG org.springframework.orm.jpa.JpaTransactionManager - Creating new transaction with name [com.epam.esm.repository.UserRepositoryTest.testDelete]: PROPAGATION_REQUIRED,ISOLATION_DEFAULT
17:03:36.444 [Test worker] DEBUG org.hibernate.stat.internal.StatisticsInitiator - Statistics initialized [enabled=false]
17:03:36.444 [Test worker] DEBUG org.springframework.orm.jpa.JpaTransactionManager - Opened new EntityManager [SessionImpl(252555647<open>)] for JPA transaction
17:03:36.444 [Test worker] DEBUG org.hibernate.engine.transaction.internal.TransactionImpl - On TransactionImpl creation, JpaCompliance#isJpaTransactionComplianceEnabled == false
17:03:36.444 [Test worker] DEBUG org.hibernate.engine.transaction.internal.TransactionImpl - begin
17:03:36.444 [Test worker] DEBUG org.springframework.orm.jpa.JpaTransactionManager - Exposing JPA transaction as JDBC [org.springframework.orm.jpa.vendor.HibernateJpaDialect$HibernateConnectionHandle@60610c34]
17:03:36.444 [Test worker] INFO org.springframework.test.context.transaction.TransactionContext - Began transaction (1) for test context [DefaultTestContext@76bf0ea0 testClass = UserRepositoryTest, testInstance = com.epam.esm.repository.UserRepositoryTest@25e001db, testMethod = testDelete@UserRepositoryTest, testException = [null], mergedContextConfiguration = [MergedContextConfiguration@32c2b767 testClass = UserRepositoryTest, locations = '{}', classes = '{class com.epam.esm.TestConfig}', contextInitializerClasses = '[]', activeProfiles = '{}', propertySourceLocations = '{}', propertySourceProperties = '{}', contextCustomizers = set[[empty]], contextLoader = 'org.springframework.test.context.support.DelegatingSmartContextLoader', parent = [null]], attributes = map[[empty]]]; transaction manager [org.springframework.orm.jpa.JpaTransactionManager@78b3ee1b]; rollback [true]
17:03:36.444 [Test worker] DEBUG org.springframework.test.context.jdbc.SqlScriptsTestExecutionListener - Processing [MergedSqlConfig@68384813 dataSource = '', transactionManager = '', transactionMode = INFERRED, encoding = '', separator = ';', commentPrefix = '--', blockCommentStartDelimiter = '/*', blockCommentEndDelimiter = '*/', errorMode = FAIL_ON_ERROR] for execution phase [BEFORE_TEST_METHOD] and test context [DefaultTestContext@76bf0ea0 testClass = UserRepositoryTest, testInstance = com.epam.esm.repository.UserRepositoryTest@25e001db, testMethod = testDelete@UserRepositoryTest, testException = [null], mergedContextConfiguration = [MergedContextConfiguration@32c2b767 testClass = UserRepositoryTest, locations = '{}', classes = '{class com.epam.esm.TestConfig}', contextInitializerClasses = '[]', activeProfiles = '{}', propertySourceLocations = '{}', propertySourceProperties = '{}', contextCustomizers = set[[empty]], contextLoader = 'org.springframework.test.context.support.DelegatingSmartContextLoader', parent = [null]], attributes = map[[empty]]].
17:03:36.444 [Test worker] DEBUG org.springframework.test.context.cache.DefaultCacheAwareContextLoaderDelegate - Retrieved ApplicationContext from cache with key [[MergedContextConfiguration@32c2b767 testClass = UserRepositoryTest, locations = '{}', classes = '{class com.epam.esm.TestConfig}', contextInitializerClasses = '[]', activeProfiles = '{}', propertySourceLocations = '{}', propertySourceProperties = '{}', contextCustomizers = set[[empty]], contextLoader = 'org.springframework.test.context.support.DelegatingSmartContextLoader', parent = [null]]]
17:03:36.444 [Test worker] DEBUG org.springframework.test.context.cache - Spring test ApplicationContext cache statistics: [DefaultContextCache@2bed31e4 size = 1, maxSize = 32, parentContextCount = 0, hitCount = 49, missCount = 19]
17:03:36.444 [Test worker] DEBUG org.springframework.test.context.jdbc.SqlScriptsTestExecutionListener - Executing SQL scripts: [Byte array resource [from inlined SQL statement: insert into application_role (value) values ('admin'), ('user'), ('guest');], Byte array resource [from inlined SQL statement: INSERT INTO application_user(email, password, role_id) VALUES ('pldi@mail.ru', 'Qwertyui1!', 3);]]
17:03:36.445 [Test worker] DEBUG org.springframework.test.context.cache.DefaultCacheAwareContextLoaderDelegate - Retrieved ApplicationContext from cache with key [[MergedContextConfiguration@32c2b767 testClass = UserRepositoryTest, locations = '{}', classes = '{class com.epam.esm.TestConfig}', contextInitializerClasses = '[]', activeProfiles = '{}', propertySourceLocations = '{}', propertySourceProperties = '{}', contextCustomizers = set[[empty]], contextLoader = 'org.springframework.test.context.support.DelegatingSmartContextLoader', parent = [null]]]
17:03:36.445 [Test worker] DEBUG org.springframework.test.context.cache - Spring test ApplicationContext cache statistics: [DefaultContextCache@2bed31e4 size = 1, maxSize = 32, parentContextCount = 0, hitCount = 50, missCount = 19]
17:03:36.445 [Test worker] DEBUG org.springframework.test.context.cache.DefaultCacheAwareContextLoaderDelegate - Retrieved ApplicationContext from cache with key [[MergedContextConfiguration@32c2b767 testClass = UserRepositoryTest, locations = '{}', classes = '{class com.epam.esm.TestConfig}', contextInitializerClasses = '[]', activeProfiles = '{}', propertySourceLocations = '{}', propertySourceProperties = '{}', contextCustomizers = set[[empty]], contextLoader = 'org.springframework.test.context.support.DelegatingSmartContextLoader', parent = [null]]]
17:03:36.445 [Test worker] DEBUG org.springframework.test.context.cache - Spring test ApplicationContext cache statistics: [DefaultContextCache@2bed31e4 size = 1, maxSize = 32, parentContextCount = 0, hitCount = 51, missCount = 19]
17:03:36.445 [Test worker] DEBUG org.springframework.orm.jpa.JpaTransactionManager - Found thread-bound EntityManager [SessionImpl(252555647<open>)] for JPA transaction
17:03:36.445 [Test worker] DEBUG org.springframework.orm.jpa.JpaTransactionManager - Participating in existing transaction
17:03:36.445 [Test worker] DEBUG org.springframework.jdbc.datasource.init.ScriptUtils - Executing SQL script from Byte array resource [from inlined SQL statement: insert into application_role (value) values ('admin'), ('user'), ('guest');]
17:03:36.445 [Test worker] DEBUG org.springframework.jdbc.datasource.init.ScriptUtils - 3 returned as update count for SQL: insert into application_role (value) values ('admin'), ('user'), ('guest')
17:03:36.445 [Test worker] DEBUG org.springframework.jdbc.datasource.init.ScriptUtils - Executed SQL script from Byte array resource [from inlined SQL statement: insert into application_role (value) values ('admin'), ('user'), ('guest');] in 0 ms.
17:03:36.445 [Test worker] DEBUG org.springframework.jdbc.datasource.init.ScriptUtils - Executing SQL script from Byte array resource [from inlined SQL statement: INSERT INTO application_user(email, password, role_id) VALUES ('pldi@mail.ru', 'Qwertyui1!', 3);]
17:03:36.446 [Test worker] DEBUG org.springframework.jdbc.datasource.init.ScriptUtils - 1 returned as update count for SQL: INSERT INTO application_user(email, password, role_id) VALUES ('pldi@mail.ru', 'Qwertyui1!', 3)
17:03:36.446 [Test worker] DEBUG org.springframework.jdbc.datasource.init.ScriptUtils - Executed SQL script from Byte array resource [from inlined SQL statement: INSERT INTO application_user(email, password, role_id) VALUES ('pldi@mail.ru', 'Qwertyui1!', 3);] in 1 ms.
17:03:36.446 [Test worker] DEBUG org.hibernate.SQL - select user0_.id as id1_2_0_, user0_.email as email2_2_0_, user0_.password as password3_2_0_, user0_.refresh_token as refresh_4_2_0_, user0_.role_id as role_id5_2_0_, role1_.id as id1_1_1_, role1_.value as value2_1_1_ from application_user user0_ left outer join application_role role1_ on user0_.role_id=role1_.id where user0_.id=?
17:03:36.447 [Test worker] DEBUG org.hibernate.loader.plan.exec.process.internal.ResultSetProcessorImpl - Starting ResultSet row #0
17:03:36.447 [Test worker] DEBUG org.hibernate.loader.plan.exec.process.internal.EntityReferenceInitializerImpl - On call to EntityIdentifierReaderImpl#resolve, EntityKey was already known; should only happen on root returns with an optional identifier specified
17:03:36.447 [Test worker] DEBUG org.hibernate.engine.internal.TwoPhaseLoad - Resolving associations for [com.epam.esm.entity.User#1]
17:03:36.447 [Test worker] DEBUG org.hibernate.engine.internal.TwoPhaseLoad - Done materializing entity [com.epam.esm.entity.User#1]
17:03:36.447 [Test worker] DEBUG org.hibernate.engine.internal.TwoPhaseLoad - Resolving associations for [com.epam.esm.entity.Role#3]
17:03:36.448 [Test worker] DEBUG org.hibernate.engine.internal.TwoPhaseLoad - Done materializing entity [com.epam.esm.entity.Role#3]
17:03:36.448 [Test worker] DEBUG org.hibernate.loader.entity.plan.AbstractLoadPlanBasedEntityLoader - Done entity load : com.epam.esm.entity.User#1
17:03:36.448 [Test worker] DEBUG org.hibernate.event.internal.DefaultLoadEventListener - Load request found matching entity in context, but it is scheduled for removal; returning null
17:03:36.449 [Test worker] DEBUG org.springframework.orm.jpa.JpaTransactionManager - Initiating transaction rollback
17:03:36.449 [Test worker] DEBUG org.springframework.orm.jpa.JpaTransactionManager - Rolling back JPA transaction on EntityManager [SessionImpl(252555647<open>)]
17:03:36.449 [Test worker] DEBUG org.hibernate.engine.transaction.internal.TransactionImpl - rolling back
17:03:36.449 [Test worker] DEBUG org.springframework.orm.jpa.JpaTransactionManager - Closing JPA EntityManager [SessionImpl(252555647<open>)] after transaction
17:03:36.449 [Test worker] INFO org.springframework.test.context.transaction.TransactionContext - Rolled back transaction for test context [DefaultTestContext@76bf0ea0 testClass = UserRepositoryTest, testInstance = com.epam.esm.repository.UserRepositoryTest@25e001db, testMethod = testDelete@UserRepositoryTest, testException = [null], mergedContextConfiguration = [MergedContextConfiguration@32c2b767 testClass = UserRepositoryTest, locations = '{}', classes = '{class com.epam.esm.TestConfig}', contextInitializerClasses = '[]', activeProfiles = '{}', propertySourceLocations = '{}', propertySourceProperties = '{}', contextCustomizers = set[[empty]], contextLoader = 'org.springframework.test.context.support.DelegatingSmartContextLoader', parent = [null]], attributes = map[[empty]]].
17:03:36.449 [Test worker] DEBUG org.springframework.test.context.support.AbstractDirtiesContextTestExecutionListener - After test method: context [DefaultTestContext@76bf0ea0 testClass = UserRepositoryTest, testInstance = com.epam.esm.repository.UserRepositoryTest@25e001db, testMethod = testDelete@UserRepositoryTest, testException = [null], mergedContextConfiguration = [MergedContextConfiguration@32c2b767 testClass = UserRepositoryTest, locations = '{}', classes = '{class com.epam.esm.TestConfig}', contextInitializerClasses = '[]', activeProfiles = '{}', propertySourceLocations = '{}', propertySourceProperties = '{}', contextCustomizers = set[[empty]], contextLoader = 'org.springframework.test.context.support.DelegatingSmartContextLoader', parent = [null]], attributes = map[[empty]]], class annotated with @DirtiesContext [true] with mode [AFTER_EACH_TEST_METHOD], method annotated with @DirtiesContext [false] with mode [null].
17:03:36.450 [Test worker] DEBUG org.springframework.context.support.GenericApplicationContext - Closing org.springframework.context.support.GenericApplicationContext@46d50e61, started on Wed Oct 23 17:03:36 MSK 2019
17:03:36.450 [Test worker] DEBUG org.springframework.jmx.export.annotation.AnnotationMBeanExporter - Unregistering JMX-exposed beans on shutdown
17:03:36.450 [Test worker] DEBUG org.springframework.jmx.export.annotation.AnnotationMBeanExporter - Unregistering JMX-exposed beans
17:03:36.450 [Test worker] INFO org.springframework.orm.jpa.LocalContainerEntityManagerFactoryBean - Closing JPA EntityManagerFactory for persistence unit 'default'
17:03:36.450 [Test worker] DEBUG org.hibernate.internal.SessionFactoryImpl - HHH000031: Closing
17:03:36.450 [Test worker] INFO org.hibernate.tool.schema.internal.SchemaDropperImpl$DelayedDropActionImpl - HHH000477: Starting delayed evictData of schema as part of SessionFactory shut-down'
17:03:36.450 [Test worker] DEBUG org.hibernate.SQL - drop table application_order if exists
17:03:36.451 [Test worker] DEBUG org.hibernate.SQL - drop table application_role if exists
17:03:36.451 [Test worker] DEBUG org.hibernate.SQL - drop table application_user if exists
17:03:36.451 [Test worker] DEBUG org.hibernate.SQL - drop table certificate if exists
17:03:36.452 [Test worker] DEBUG org.hibernate.SQL - drop table certificate_tag if exists
17:03:36.452 [Test worker] DEBUG org.hibernate.SQL - drop table entity if exists
17:03:36.453 [Test worker] DEBUG org.hibernate.SQL - drop table order_certificate if exists
17:03:36.453 [Test worker] DEBUG org.hibernate.SQL - drop table tag if exists
17:03:36.454 [Test worker] DEBUG org.hibernate.type.spi.TypeConfiguration$Scope - Un-scoping TypeConfiguration [org.hibernate.type.spi.TypeConfiguration$Scope@107773b2] from SessionFactory [org.hibernate.internal.SessionFactoryImpl@4f812a94]
17:03:36.454 [Test worker] DEBUG org.hibernate.service.internal.AbstractServiceRegistryImpl - Implicitly destroying ServiceRegistry on de-registration of all child ServiceRegistries
17:03:36.454 [Test worker] DEBUG org.hibernate.boot.registry.internal.BootstrapServiceRegistryImpl - Implicitly destroying Boot-strap registry on de-registration of all child ServiceRegistries
17:03:36.454 [Test worker] INFO com.zaxxer.hikari.HikariDataSource - HikariPool-19 - Shutdown initiated...
17:03:36.455 [Test worker] DEBUG com.zaxxer.hikari.pool.HikariPool - HikariPool-19 - Before shutdown stats (total=10, active=0, idle=10, waiting=0)
17:03:36.455 [HikariPool-19 connection closer] DEBUG com.zaxxer.hikari.pool.PoolBase - HikariPool-19 - Closing connection conn180: url=jdbc:h2:mem:testdb user=SA: (connection evicted)
17:03:36.456 [HikariPool-19 connection closer] DEBUG com.zaxxer.hikari.pool.PoolBase - HikariPool-19 - Closing connection conn181: url=jdbc:h2:mem:testdb user=SA: (connection evicted)
17:03:36.456 [HikariPool-19 connection closer] DEBUG com.zaxxer.hikari.pool.PoolBase - HikariPool-19 - Closing connection conn182: url=jdbc:h2:mem:testdb user=SA: (connection evicted)
17:03:36.456 [HikariPool-19 connection closer] DEBUG com.zaxxer.hikari.pool.PoolBase - HikariPool-19 - Closing connection conn183: url=jdbc:h2:mem:testdb user=SA: (connection evicted)
17:03:36.456 [HikariPool-19 connection closer] DEBUG com.zaxxer.hikari.pool.PoolBase - HikariPool-19 - Closing connection conn184: url=jdbc:h2:mem:testdb user=SA: (connection evicted)
17:03:36.456 [HikariPool-19 connection closer] DEBUG com.zaxxer.hikari.pool.PoolBase - HikariPool-19 - Closing connection conn185: url=jdbc:h2:mem:testdb user=SA: (connection evicted)
17:03:36.456 [HikariPool-19 connection closer] DEBUG com.zaxxer.hikari.pool.PoolBase - HikariPool-19 - Closing connection conn186: url=jdbc:h2:mem:testdb user=SA: (connection evicted)
17:03:36.456 [HikariPool-19 connection closer] DEBUG com.zaxxer.hikari.pool.PoolBase - HikariPool-19 - Closing connection conn187: url=jdbc:h2:mem:testdb user=SA: (connection evicted)
17:03:36.456 [HikariPool-19 connection closer] DEBUG com.zaxxer.hikari.pool.PoolBase - HikariPool-19 - Closing connection conn188: url=jdbc:h2:mem:testdb user=SA: (connection evicted)
17:03:36.456 [HikariPool-19 connection closer] DEBUG com.zaxxer.hikari.pool.PoolBase - HikariPool-19 - Closing connection conn189: url=jdbc:h2:mem:testdb user=SA: (connection evicted)
17:03:36.456 [Test worker] DEBUG com.zaxxer.hikari.pool.HikariPool - HikariPool-19 - After shutdown stats (total=0, active=0, idle=0, waiting=0)
17:03:36.457 [Test worker] INFO com.zaxxer.hikari.HikariDataSource - HikariPool-19 - Shutdown completed.
17:03:36.457 [Test worker] DEBUG org.springframework.test.context.support.AbstractDirtiesContextTestExecutionListener - After test class: context [DefaultTestContext@76bf0ea0 testClass = UserRepositoryTest, testInstance = [null], testMethod = [null], testException = [null], mergedContextConfiguration = [MergedContextConfiguration@32c2b767 testClass = UserRepositoryTest, locations = '{}', classes = '{class com.epam.esm.TestConfig}', contextInitializerClasses = '[]', activeProfiles = '{}', propertySourceLocations = '{}', propertySourceProperties = '{}', contextCustomizers = set[[empty]], contextLoader = 'org.springframework.test.context.support.DelegatingSmartContextLoader', parent = [null]], attributes = map['org.springframework.test.context.support.DependencyInjectionTestExecutionListener.reinjectDependencies' -> true]], class annotated with @DirtiesContext [true] with mode [AFTER_EACH_TEST_METHOD].
]]></system-out>
  <system-err><![CDATA[]]></system-err>
</testsuite>
