<?xml version="1.0" encoding="UTF-8"?>
<testsuite name="com.epam.esm.repository.CertificateRepositoryTest" tests="8" skipped="0" failures="0" errors="0" timestamp="2019-10-23T14:03:28" hostname="MBP-Dzmitry.minsk.epam.com" time="3.825">
  <properties/>
  <testcase name="findAll()" classname="com.epam.esm.repository.CertificateRepositoryTest" time="0.16"/>
  <testcase name="findByCriteria()" classname="com.epam.esm.repository.CertificateRepositoryTest" time="0.023"/>
  <testcase name="findById()" classname="com.epam.esm.repository.CertificateRepositoryTest" time="0.018"/>
  <testcase name="findByName()" classname="com.epam.esm.repository.CertificateRepositoryTest" time="0.016"/>
  <testcase name="save()" classname="com.epam.esm.repository.CertificateRepositoryTest" time="0.014"/>
  <testcase name="findByOrder()" classname="com.epam.esm.repository.CertificateRepositoryTest" time="0.013"/>
  <testcase name="findByTagsId()" classname="com.epam.esm.repository.CertificateRepositoryTest" time="0.013"/>
  <testcase name="deleteById()" classname="com.epam.esm.repository.CertificateRepositoryTest" time="0.017"/>
  <system-out><![CDATA[17:03:21.815 [Test worker] DEBUG org.springframework.test.context.BootstrapUtils - Instantiating CacheAwareContextLoaderDelegate from class [org.springframework.test.context.cache.DefaultCacheAwareContextLoaderDelegate]
17:03:21.855 [Test worker] DEBUG org.springframework.test.context.BootstrapUtils - Instantiating BootstrapContext using constructor [public org.springframework.test.context.support.DefaultBootstrapContext(java.lang.Class,org.springframework.test.context.CacheAwareContextLoaderDelegate)]
17:03:21.914 [Test worker] DEBUG org.springframework.test.context.BootstrapUtils - Instantiating TestContextBootstrapper for test class [com.epam.esm.repository.CertificateRepositoryTest] from class [org.springframework.test.context.support.DefaultTestContextBootstrapper]
17:03:21.963 [Test worker] DEBUG org.springframework.test.context.support.AbstractDelegatingSmartContextLoader - Delegating to AnnotationConfigContextLoader to process context configuration [ContextConfigurationAttributes@3d175754 declaringClass = 'com.epam.esm.repository.CertificateRepositoryTest', classes = '{class com.epam.esm.TestConfig}', locations = '{}', inheritLocations = true, initializers = '{}', inheritInitializers = true, name = [null], contextLoaderClass = 'org.springframework.test.context.ContextLoader'].
17:03:21.996 [Test worker] DEBUG org.springframework.test.context.support.ActiveProfilesUtils - Could not find an 'annotation declaring class' for annotation type [org.springframework.test.context.ActiveProfiles] and class [com.epam.esm.repository.CertificateRepositoryTest]
17:03:21.997 [Test worker] DEBUG org.springframework.test.context.support.DefaultTestContextBootstrapper - @TestExecutionListeners is not present for class [com.epam.esm.repository.CertificateRepositoryTest]: using defaults.
17:03:21.998 [Test worker] INFO org.springframework.test.context.support.DefaultTestContextBootstrapper - Loaded default TestExecutionListener class names from location [META-INF/spring.factories]: [org.springframework.test.context.web.ServletTestExecutionListener, org.springframework.test.context.support.DirtiesContextBeforeModesTestExecutionListener, org.springframework.test.context.support.DependencyInjectionTestExecutionListener, org.springframework.test.context.support.DirtiesContextTestExecutionListener, org.springframework.test.context.transaction.TransactionalTestExecutionListener, org.springframework.test.context.jdbc.SqlScriptsTestExecutionListener]
17:03:22.023 [Test worker] INFO org.springframework.test.context.support.DefaultTestContextBootstrapper - Using TestExecutionListeners: [org.springframework.test.context.web.ServletTestExecutionListener@1f86c7e1, org.springframework.test.context.support.DirtiesContextBeforeModesTestExecutionListener@65028f11, org.springframework.test.context.support.DependencyInjectionTestExecutionListener@76b47542, org.springframework.test.context.support.DirtiesContextTestExecutionListener@49164534, org.springframework.test.context.transaction.TransactionalTestExecutionListener@60863a38, org.springframework.test.context.jdbc.SqlScriptsTestExecutionListener@110d4b3e]
17:03:22.025 [Test worker] DEBUG org.springframework.test.context.support.AbstractDirtiesContextTestExecutionListener - Before test class: context [DefaultTestContext@6e844a53 testClass = CertificateRepositoryTest, testInstance = [null], testMethod = [null], testException = [null], mergedContextConfiguration = [MergedContextConfiguration@152ba806 testClass = CertificateRepositoryTest, locations = '{}', classes = '{class com.epam.esm.TestConfig}', contextInitializerClasses = '[]', activeProfiles = '{}', propertySourceLocations = '{}', propertySourceProperties = '{}', contextCustomizers = set[[empty]], contextLoader = 'org.springframework.test.context.support.DelegatingSmartContextLoader', parent = [null]], attributes = map[[empty]]], class annotated with @DirtiesContext [true] with mode [AFTER_EACH_TEST_METHOD].
17:03:22.029 [Test worker] DEBUG org.springframework.test.context.support.DependencyInjectionTestExecutionListener - Performing dependency injection for test context [[DefaultTestContext@6e844a53 testClass = CertificateRepositoryTest, testInstance = com.epam.esm.repository.CertificateRepositoryTest@20b56fb2, testMethod = [null], testException = [null], mergedContextConfiguration = [MergedContextConfiguration@152ba806 testClass = CertificateRepositoryTest, locations = '{}', classes = '{class com.epam.esm.TestConfig}', contextInitializerClasses = '[]', activeProfiles = '{}', propertySourceLocations = '{}', propertySourceProperties = '{}', contextCustomizers = set[[empty]], contextLoader = 'org.springframework.test.context.support.DelegatingSmartContextLoader', parent = [null]], attributes = map[[empty]]]].
17:03:22.030 [Test worker] DEBUG org.springframework.test.context.support.AbstractDelegatingSmartContextLoader - Delegating to AnnotationConfigContextLoader to load context from [MergedContextConfiguration@152ba806 testClass = CertificateRepositoryTest, locations = '{}', classes = '{class com.epam.esm.TestConfig}', contextInitializerClasses = '[]', activeProfiles = '{}', propertySourceLocations = '{}', propertySourceProperties = '{}', contextCustomizers = set[[empty]], contextLoader = 'org.springframework.test.context.support.DelegatingSmartContextLoader', parent = [null]].
17:03:22.031 [Test worker] DEBUG org.springframework.test.context.support.AbstractGenericContextLoader - Loading ApplicationContext for merged context configuration [[MergedContextConfiguration@152ba806 testClass = CertificateRepositoryTest, locations = '{}', classes = '{class com.epam.esm.TestConfig}', contextInitializerClasses = '[]', activeProfiles = '{}', propertySourceLocations = '{}', propertySourceProperties = '{}', contextCustomizers = set[[empty]], contextLoader = 'org.springframework.test.context.support.DelegatingSmartContextLoader', parent = [null]]].
17:03:22.121 [Test worker] DEBUG org.springframework.core.env.StandardEnvironment - Activating profiles []
17:03:22.121 [Test worker] DEBUG org.springframework.test.context.support.AnnotationConfigContextLoader - Registering annotated classes: {class com.epam.esm.TestConfig}
17:03:22.167 [Test worker] DEBUG org.springframework.context.support.GenericApplicationContext - Refreshing org.springframework.context.support.GenericApplicationContext@7fb9647c
17:03:22.192 [Test worker] DEBUG org.springframework.beans.factory.support.DefaultListableBeanFactory - Creating shared instance of singleton bean 'org.springframework.context.annotation.internalConfigurationAnnotationProcessor'
17:03:22.359 [Test worker] DEBUG org.springframework.context.annotation.ClassPathBeanDefinitionScanner - Identified candidate component class: file [/Users/dzmitryplatonov/Desktop/workdir/giftcertificates/datasource/build/classes/java/main/com/epam/esm/repository/CertificateRepository.class]
17:03:22.361 [Test worker] DEBUG org.springframework.context.annotation.ClassPathBeanDefinitionScanner - Identified candidate component class: file [/Users/dzmitryplatonov/Desktop/workdir/giftcertificates/datasource/build/classes/java/main/com/epam/esm/repository/OrderCertificateRepository.class]
17:03:22.362 [Test worker] DEBUG org.springframework.context.annotation.ClassPathBeanDefinitionScanner - Identified candidate component class: file [/Users/dzmitryplatonov/Desktop/workdir/giftcertificates/datasource/build/classes/java/main/com/epam/esm/repository/OrderRepository.class]
17:03:22.364 [Test worker] DEBUG org.springframework.context.annotation.ClassPathBeanDefinitionScanner - Identified candidate component class: file [/Users/dzmitryplatonov/Desktop/workdir/giftcertificates/datasource/build/classes/java/main/com/epam/esm/repository/TagRepository.class]
17:03:22.364 [Test worker] DEBUG org.springframework.context.annotation.ClassPathBeanDefinitionScanner - Identified candidate component class: file [/Users/dzmitryplatonov/Desktop/workdir/giftcertificates/datasource/build/classes/java/main/com/epam/esm/repository/UserRepository.class]
17:03:22.367 [Test worker] DEBUG org.springframework.context.annotation.ClassPathBeanDefinitionScanner - Identified candidate component class: file [/Users/dzmitryplatonov/Desktop/workdir/giftcertificates/datasource/build/classes/java/main/com/epam/esm/repository/predicate/CriteriaBuilderHelper.class]
17:03:23.012 [Test worker] DEBUG org.springframework.beans.factory.support.DefaultListableBeanFactory - Creating shared instance of singleton bean 'org.springframework.boot.autoconfigure.condition.BeanTypeRegistry'
17:03:23.164 [Test worker] INFO org.springframework.data.repository.config.RepositoryConfigurationDelegate - Bootstrapping Spring Data repositories in DEFAULT mode.
17:03:23.179 [Test worker] DEBUG org.springframework.beans.factory.support.DefaultListableBeanFactory - Creating shared instance of singleton bean 'org.springframework.boot.autoconfigure.AutoConfigurationPackages'
17:03:23.198 [Test worker] DEBUG org.springframework.boot.autoconfigure.AutoConfigurationPackages - @EnableAutoConfiguration was declared on a class in the package 'com.epam.esm'. Automatic @Repository and @Entity scanning is enabled.
17:03:23.200 [Test worker] DEBUG org.springframework.data.repository.config.RepositoryConfigurationDelegate - Scanning for repositories in packages com.epam.esm.
17:03:23.214 [Test worker] INFO org.springframework.data.repository.config.RepositoryConfigurationDelegate - Finished Spring Data repository scanning in 13ms. Found 0 repository interfaces.
17:03:23.577 [Test worker] DEBUG org.springframework.beans.factory.support.DefaultListableBeanFactory - Creating shared instance of singleton bean 'propertySourcesPlaceholderConfigurer'
17:03:23.584 [Test worker] DEBUG org.springframework.beans.factory.support.DefaultListableBeanFactory - Creating shared instance of singleton bean 'emBeanDefinitionRegistrarPostProcessor'
17:03:23.590 [Test worker] DEBUG org.springframework.beans.factory.support.DefaultListableBeanFactory - Creating shared instance of singleton bean 'org.springframework.context.event.internalEventListenerProcessor'
17:03:23.592 [Test worker] DEBUG org.springframework.beans.factory.support.DefaultListableBeanFactory - Creating shared instance of singleton bean 'org.springframework.boot.context.properties.ConfigurationBeanFactoryMetadata'
17:03:23.593 [Test worker] DEBUG org.springframework.beans.factory.support.DefaultListableBeanFactory - Creating shared instance of singleton bean 'org.springframework.context.event.internalEventListenerFactory'
17:03:23.594 [Test worker] DEBUG org.springframework.beans.factory.support.DefaultListableBeanFactory - Creating shared instance of singleton bean 'org.springframework.transaction.config.internalTransactionalEventListenerFactory'
17:03:23.599 [Test worker] DEBUG org.springframework.beans.factory.support.DefaultListableBeanFactory - Creating shared instance of singleton bean 'org.springframework.context.annotation.internalAutowiredAnnotationProcessor'
17:03:23.601 [Test worker] DEBUG org.springframework.beans.factory.support.DefaultListableBeanFactory - Creating shared instance of singleton bean 'org.springframework.context.annotation.internalCommonAnnotationProcessor'
17:03:23.607 [Test worker] DEBUG org.springframework.beans.factory.support.DefaultListableBeanFactory - Creating shared instance of singleton bean 'org.springframework.context.annotation.internalPersistenceAnnotationProcessor'
17:03:23.607 [Test worker] DEBUG org.springframework.beans.factory.support.DefaultListableBeanFactory - Creating shared instance of singleton bean 'org.springframework.boot.context.properties.ConfigurationPropertiesBindingPostProcessor'
17:03:23.611 [Test worker] DEBUG org.springframework.beans.factory.support.DefaultListableBeanFactory - Creating shared instance of singleton bean 'methodValidationPostProcessor'
17:03:23.633 [Test worker] DEBUG org.springframework.beans.factory.support.DefaultListableBeanFactory - Autowiring by type from bean name 'methodValidationPostProcessor' via factory method to bean named 'environment'
17:03:23.647 [Test worker] DEBUG org.springframework.beans.factory.support.DefaultListableBeanFactory - Creating shared instance of singleton bean 'org.springframework.aop.config.internalAutoProxyCreator'
17:03:23.721 [Test worker] DEBUG org.springframework.beans.factory.support.DefaultListableBeanFactory - Creating shared instance of singleton bean 'dataSourceInitializerPostProcessor'
17:03:23.727 [Test worker] DEBUG org.springframework.beans.factory.support.DefaultListableBeanFactory - Creating shared instance of singleton bean 'persistenceExceptionTranslationPostProcessor'
17:03:23.728 [Test worker] DEBUG org.springframework.beans.factory.support.DefaultListableBeanFactory - Autowiring by type from bean name 'persistenceExceptionTranslationPostProcessor' via factory method to bean named 'environment'
17:03:23.732 [Test worker] DEBUG org.springframework.beans.factory.support.DefaultListableBeanFactory - Creating shared instance of singleton bean 'dataSourceInitializedPublisher'
17:03:23.745 [Test worker] DEBUG org.springframework.beans.factory.support.DefaultListableBeanFactory - Creating shared instance of singleton bean 'entityManagerFactory'
17:03:23.747 [Test worker] DEBUG org.springframework.beans.factory.support.DefaultListableBeanFactory - Creating shared instance of singleton bean 'org.springframework.transaction.config.internalTransactionAdvisor'
17:03:23.747 [Test worker] DEBUG org.springframework.beans.factory.support.DefaultListableBeanFactory - Creating shared instance of singleton bean 'org.springframework.transaction.annotation.ProxyTransactionManagementConfiguration'
17:03:23.801 [Test worker] DEBUG org.springframework.beans.factory.support.DefaultListableBeanFactory - Creating shared instance of singleton bean 'transactionAttributeSource'
17:03:23.805 [Test worker] DEBUG org.springframework.beans.factory.support.DefaultListableBeanFactory - Creating shared instance of singleton bean 'transactionInterceptor'
17:03:23.816 [Test worker] DEBUG org.springframework.beans.factory.support.DefaultListableBeanFactory - Creating shared instance of singleton bean 'org.springframework.boot.autoconfigure.orm.jpa.HibernateJpaConfiguration'
17:03:23.817 [Test worker] DEBUG org.springframework.core.LocalVariableTableParameterNameDiscoverer - Cannot find '.class' file for class [class org.springframework.boot.autoconfigure.orm.jpa.HibernateJpaConfiguration$$EnhancerBySpringCGLIB$$c3eb9b54] - unable to determine constructor/method parameter names
17:03:23.819 [Test worker] DEBUG org.springframework.beans.factory.support.DefaultListableBeanFactory - Creating shared instance of singleton bean 'dataSource'
17:03:23.820 [Test worker] DEBUG org.springframework.beans.factory.support.DefaultListableBeanFactory - Creating shared instance of singleton bean 'org.springframework.boot.autoconfigure.jdbc.DataSourceConfiguration$Hikari'
17:03:23.824 [Test worker] DEBUG org.springframework.beans.factory.support.DefaultListableBeanFactory - Creating shared instance of singleton bean 'spring.datasource-org.springframework.boot.autoconfigure.jdbc.DataSourceProperties'
17:03:23.843 [Test worker] DEBUG org.springframework.beans.factory.support.DefaultListableBeanFactory - Autowiring by type from bean name 'dataSource' via factory method to bean named 'spring.datasource-org.springframework.boot.autoconfigure.jdbc.DataSourceProperties'
17:03:23.890 [Test worker] DEBUG com.zaxxer.hikari.HikariConfig - Driver class org.h2.Driver found in Thread context class loader jdk.internal.loader.ClassLoaders$AppClassLoader@2c13da15
17:03:23.924 [Test worker] DEBUG org.springframework.beans.factory.support.DefaultListableBeanFactory - Creating shared instance of singleton bean 'org.springframework.boot.autoconfigure.jdbc.DataSourceInitializerInvoker'
17:03:23.931 [Test worker] DEBUG org.springframework.beans.factory.support.DefaultListableBeanFactory - Autowiring by type from bean name 'org.springframework.boot.autoconfigure.jdbc.DataSourceInitializerInvoker' via constructor to bean named 'spring.datasource-org.springframework.boot.autoconfigure.jdbc.DataSourceProperties'
17:03:23.932 [Test worker] DEBUG org.springframework.beans.factory.support.DefaultListableBeanFactory - Autowiring by type from bean name 'org.springframework.boot.autoconfigure.jdbc.DataSourceInitializerInvoker' via constructor to bean named 'org.springframework.context.support.GenericApplicationContext@7fb9647c'
17:03:23.941 [Test worker] DEBUG org.springframework.beans.factory.support.DefaultListableBeanFactory - Creating shared instance of singleton bean 'spring.jpa-org.springframework.boot.autoconfigure.orm.jpa.JpaProperties'
17:03:23.947 [Test worker] DEBUG org.springframework.beans.factory.support.DefaultListableBeanFactory - Creating shared instance of singleton bean 'spring.jpa.hibernate-org.springframework.boot.autoconfigure.orm.jpa.HibernateProperties'
17:03:23.950 [Test worker] DEBUG org.springframework.beans.factory.support.DefaultListableBeanFactory - Autowiring by type from bean name 'org.springframework.boot.autoconfigure.orm.jpa.HibernateJpaConfiguration' via constructor to bean named 'dataSource'
17:03:23.951 [Test worker] DEBUG org.springframework.beans.factory.support.DefaultListableBeanFactory - Autowiring by type from bean name 'org.springframework.boot.autoconfigure.orm.jpa.HibernateJpaConfiguration' via constructor to bean named 'spring.jpa-org.springframework.boot.autoconfigure.orm.jpa.JpaProperties'
17:03:23.951 [Test worker] DEBUG org.springframework.beans.factory.support.DefaultListableBeanFactory - Autowiring by type from bean name 'org.springframework.boot.autoconfigure.orm.jpa.HibernateJpaConfiguration' via constructor to bean named 'org.springframework.beans.factory.support.DefaultListableBeanFactory@ef51ec'
17:03:23.951 [Test worker] DEBUG org.springframework.beans.factory.support.DefaultListableBeanFactory - Autowiring by type from bean name 'org.springframework.boot.autoconfigure.orm.jpa.HibernateJpaConfiguration' via constructor to bean named 'spring.jpa.hibernate-org.springframework.boot.autoconfigure.orm.jpa.HibernateProperties'
17:03:23.953 [Test worker] DEBUG org.springframework.beans.factory.support.DefaultListableBeanFactory - Creating shared instance of singleton bean 'platformTransactionManagerCustomizers'
17:03:23.954 [Test worker] DEBUG org.springframework.beans.factory.support.DefaultListableBeanFactory - Creating shared instance of singleton bean 'org.springframework.boot.autoconfigure.transaction.TransactionAutoConfiguration'
17:03:23.965 [Test worker] DEBUG org.springframework.beans.factory.support.DefaultListableBeanFactory - Creating shared instance of singleton bean 'spring.transaction-org.springframework.boot.autoconfigure.transaction.TransactionProperties'
17:03:23.975 [Test worker] DEBUG org.springframework.beans.factory.support.DefaultListableBeanFactory - Creating shared instance of singleton bean 'hikariPoolDataSourceMetadataProvider'
17:03:23.975 [Test worker] DEBUG org.springframework.beans.factory.support.DefaultListableBeanFactory - Creating shared instance of singleton bean 'org.springframework.boot.autoconfigure.jdbc.metadata.DataSourcePoolMetadataProvidersConfiguration$HikariPoolDataSourceMetadataProviderConfiguration'
17:03:23.997 [Test worker] DEBUG org.springframework.beans.factory.support.DefaultListableBeanFactory - Creating shared instance of singleton bean 'entityManagerFactoryBuilder'
17:03:23.998 [Test worker] DEBUG org.springframework.beans.factory.support.DefaultListableBeanFactory - Creating shared instance of singleton bean 'jpaVendorAdapter'
17:03:24.101 [Test worker] DEBUG org.jboss.logging - Logging Provider: org.jboss.logging.Log4j2LoggerProvider
17:03:24.125 [Test worker] DEBUG org.springframework.jdbc.datasource.DataSourceUtils - Fetching JDBC Connection from DataSource
17:03:24.126 [Test worker] DEBUG com.zaxxer.hikari.HikariConfig - HikariPool-1 - configuration:
17:03:24.129 [Test worker] DEBUG com.zaxxer.hikari.HikariConfig - allowPoolSuspension.............false
17:03:24.129 [Test worker] DEBUG com.zaxxer.hikari.HikariConfig - autoCommit......................true
17:03:24.129 [Test worker] DEBUG com.zaxxer.hikari.HikariConfig - catalog.........................none
17:03:24.130 [Test worker] DEBUG com.zaxxer.hikari.HikariConfig - connectionInitSql...............none
17:03:24.130 [Test worker] DEBUG com.zaxxer.hikari.HikariConfig - connectionTestQuery.............none
17:03:24.130 [Test worker] DEBUG com.zaxxer.hikari.HikariConfig - connectionTimeout...............30000
17:03:24.130 [Test worker] DEBUG com.zaxxer.hikari.HikariConfig - dataSource......................none
17:03:24.130 [Test worker] DEBUG com.zaxxer.hikari.HikariConfig - dataSourceClassName.............none
17:03:24.131 [Test worker] DEBUG com.zaxxer.hikari.HikariConfig - dataSourceJNDI..................none
17:03:24.131 [Test worker] DEBUG com.zaxxer.hikari.HikariConfig - dataSourceProperties............{password=<masked>}
17:03:24.131 [Test worker] DEBUG com.zaxxer.hikari.HikariConfig - driverClassName................."org.h2.Driver"
17:03:24.131 [Test worker] DEBUG com.zaxxer.hikari.HikariConfig - healthCheckProperties...........{}
17:03:24.132 [Test worker] DEBUG com.zaxxer.hikari.HikariConfig - healthCheckRegistry.............none
17:03:24.132 [Test worker] DEBUG com.zaxxer.hikari.HikariConfig - idleTimeout.....................600000
17:03:24.132 [Test worker] DEBUG com.zaxxer.hikari.HikariConfig - initializationFailTimeout.......1
17:03:24.132 [Test worker] DEBUG com.zaxxer.hikari.HikariConfig - isolateInternalQueries..........false
17:03:24.133 [Test worker] DEBUG com.zaxxer.hikari.HikariConfig - jdbcUrl.........................jdbc:h2:mem:testdb;DB_CLOSE_DELAY=-1;DB_CLOSE_ON_EXIT=FALSE
17:03:24.133 [Test worker] DEBUG com.zaxxer.hikari.HikariConfig - leakDetectionThreshold..........0
17:03:24.133 [Test worker] DEBUG com.zaxxer.hikari.HikariConfig - maxLifetime.....................1800000
17:03:24.133 [Test worker] DEBUG com.zaxxer.hikari.HikariConfig - maximumPoolSize.................10
17:03:24.133 [Test worker] DEBUG com.zaxxer.hikari.HikariConfig - metricRegistry..................none
17:03:24.133 [Test worker] DEBUG com.zaxxer.hikari.HikariConfig - metricsTrackerFactory...........none
17:03:24.134 [Test worker] DEBUG com.zaxxer.hikari.HikariConfig - minimumIdle.....................10
17:03:24.134 [Test worker] DEBUG com.zaxxer.hikari.HikariConfig - password........................<masked>
17:03:24.134 [Test worker] DEBUG com.zaxxer.hikari.HikariConfig - poolName........................"HikariPool-1"
17:03:24.134 [Test worker] DEBUG com.zaxxer.hikari.HikariConfig - readOnly........................false
17:03:24.134 [Test worker] DEBUG com.zaxxer.hikari.HikariConfig - registerMbeans..................false
17:03:24.135 [Test worker] DEBUG com.zaxxer.hikari.HikariConfig - scheduledExecutor...............none
17:03:24.135 [Test worker] DEBUG com.zaxxer.hikari.HikariConfig - schema..........................none
17:03:24.135 [Test worker] DEBUG com.zaxxer.hikari.HikariConfig - threadFactory...................internal
17:03:24.135 [Test worker] DEBUG com.zaxxer.hikari.HikariConfig - transactionIsolation............default
17:03:24.135 [Test worker] DEBUG com.zaxxer.hikari.HikariConfig - username........................"sa"
17:03:24.136 [Test worker] DEBUG com.zaxxer.hikari.HikariConfig - validationTimeout...............5000
17:03:24.136 [Test worker] INFO com.zaxxer.hikari.HikariDataSource - HikariPool-1 - Starting...
17:03:24.578 [Test worker] DEBUG com.zaxxer.hikari.pool.HikariPool - HikariPool-1 - Added connection conn0: url=jdbc:h2:mem:testdb user=SA
17:03:24.581 [Test worker] INFO com.zaxxer.hikari.HikariDataSource - HikariPool-1 - Start completed.
17:03:24.607 [Test worker] DEBUG org.springframework.beans.factory.support.DefaultListableBeanFactory - Autowiring by type from bean name 'entityManagerFactoryBuilder' via factory method to bean named 'jpaVendorAdapter'
17:03:24.611 [Test worker] DEBUG org.springframework.beans.factory.support.DefaultListableBeanFactory - Autowiring by type from bean name 'entityManagerFactory' via factory method to bean named 'entityManagerFactoryBuilder'
17:03:24.619 [Test worker] DEBUG org.springframework.jdbc.datasource.DataSourceUtils - Fetching JDBC Connection from DataSource
17:03:24.666 [Test worker] DEBUG org.springframework.orm.jpa.LocalContainerEntityManagerFactoryBean - Building JPA container EntityManagerFactory for persistence unit 'default'
17:03:24.681 [HikariPool-1 housekeeper] DEBUG com.zaxxer.hikari.pool.HikariPool - HikariPool-1 - Pool stats (total=1, active=0, idle=1, waiting=0)
17:03:24.686 [HikariPool-1 connection adder] DEBUG com.zaxxer.hikari.pool.HikariPool - HikariPool-1 - Added connection conn1: url=jdbc:h2:mem:testdb user=SA
17:03:24.687 [HikariPool-1 connection adder] DEBUG com.zaxxer.hikari.pool.HikariPool - HikariPool-1 - Added connection conn2: url=jdbc:h2:mem:testdb user=SA
17:03:24.688 [HikariPool-1 connection adder] DEBUG com.zaxxer.hikari.pool.HikariPool - HikariPool-1 - Added connection conn3: url=jdbc:h2:mem:testdb user=SA
17:03:24.689 [HikariPool-1 connection adder] DEBUG com.zaxxer.hikari.pool.HikariPool - HikariPool-1 - Added connection conn4: url=jdbc:h2:mem:testdb user=SA
17:03:24.690 [HikariPool-1 connection adder] DEBUG com.zaxxer.hikari.pool.HikariPool - HikariPool-1 - Added connection conn5: url=jdbc:h2:mem:testdb user=SA
17:03:24.691 [HikariPool-1 connection adder] DEBUG com.zaxxer.hikari.pool.HikariPool - HikariPool-1 - Added connection conn6: url=jdbc:h2:mem:testdb user=SA
17:03:24.692 [HikariPool-1 connection adder] DEBUG com.zaxxer.hikari.pool.HikariPool - HikariPool-1 - Added connection conn7: url=jdbc:h2:mem:testdb user=SA
17:03:24.693 [HikariPool-1 connection adder] DEBUG com.zaxxer.hikari.pool.HikariPool - HikariPool-1 - Added connection conn8: url=jdbc:h2:mem:testdb user=SA
17:03:24.693 [HikariPool-1 connection adder] DEBUG com.zaxxer.hikari.pool.HikariPool - HikariPool-1 - Added connection conn9: url=jdbc:h2:mem:testdb user=SA
17:03:24.694 [HikariPool-1 connection adder] DEBUG com.zaxxer.hikari.pool.HikariPool - HikariPool-1 - After adding stats (total=10, active=0, idle=10, waiting=0)
17:03:24.712 [Test worker] DEBUG org.hibernate.jpa.internal.util.LogHelper - PersistenceUnitInfo [
	name: default
	persistence provider classname: null
	classloader: jdk.internal.loader.ClassLoaders$AppClassLoader@2c13da15
	excludeUnlistedClasses: true
	JTA datasource: null
	Non JTA datasource: HikariDataSource (HikariPool-1)
	Transaction type: RESOURCE_LOCAL
	PU root URL: file:/Users/dzmitryplatonov/Desktop/workdir/giftcertificates/datasource/build/classes/java/test/
	Shared Cache Mode: UNSPECIFIED
	Validation Mode: AUTO
	Jar files URLs []
	Managed classes names [
		com.epam.esm.entity.Entity
		com.epam.esm.entity.GiftCertificate
		com.epam.esm.entity.Order
		com.epam.esm.entity.OrderCertificate
		com.epam.esm.entity.Role
		com.epam.esm.entity.Tag
		com.epam.esm.entity.User]
	Mapping files names []
	Properties []
17:03:24.735 [Test worker] DEBUG org.hibernate.integrator.internal.IntegratorServiceImpl - Adding Integrator [org.hibernate.cfg.beanvalidation.BeanValidationIntegrator].
17:03:24.738 [Test worker] DEBUG org.hibernate.integrator.internal.IntegratorServiceImpl - Adding Integrator [org.hibernate.secure.spi.JaccIntegrator].
17:03:24.741 [Test worker] DEBUG org.hibernate.integrator.internal.IntegratorServiceImpl - Adding Integrator [org.hibernate.cache.internal.CollectionCacheInvalidator].
17:03:24.842 [Test worker] INFO org.hibernate.Version - HHH000412: Hibernate Core {5.3.12.Final}
17:03:24.844 [Test worker] INFO org.hibernate.cfg.Environment - HHH000206: hibernate.properties not found
17:03:25.056 [Test worker] DEBUG org.hibernate.service.spi.ServiceBinding - Overriding existing service binding [org.hibernate.secure.spi.JaccService]
17:03:25.102 [Test worker] DEBUG org.hibernate.cache.internal.RegionFactoryInitiator - Cannot default RegionFactory based on registered strategies as `[]` RegionFactory strategies were registered
17:03:25.103 [Test worker] DEBUG org.hibernate.cache.internal.RegionFactoryInitiator - Cache region factory : org.hibernate.cache.internal.NoCachingRegionFactory
17:03:25.131 [Test worker] INFO org.hibernate.annotations.common.Version - HCANN000001: Hibernate Commons Annotations {5.0.4.Final}
17:03:25.176 [Test worker] DEBUG org.hibernate.type.BasicTypeRegistry - Adding type registration boolean -> org.hibernate.type.BooleanType@7a361749
17:03:25.177 [Test worker] DEBUG org.hibernate.type.BasicTypeRegistry - Adding type registration boolean -> org.hibernate.type.BooleanType@7a361749
17:03:25.177 [Test worker] DEBUG org.hibernate.type.BasicTypeRegistry - Adding type registration java.lang.Boolean -> org.hibernate.type.BooleanType@7a361749
17:03:25.178 [Test worker] DEBUG org.hibernate.type.BasicTypeRegistry - Adding type registration numeric_boolean -> org.hibernate.type.NumericBooleanType@35b10044
17:03:25.179 [Test worker] DEBUG org.hibernate.type.BasicTypeRegistry - Adding type registration true_false -> org.hibernate.type.TrueFalseType@1b7f764d
17:03:25.179 [Test worker] DEBUG org.hibernate.type.BasicTypeRegistry - Adding type registration yes_no -> org.hibernate.type.YesNoType@726eb0b7
17:03:25.181 [Test worker] DEBUG org.hibernate.type.BasicTypeRegistry - Adding type registration byte -> org.hibernate.type.ByteType@17cb58e9
17:03:25.181 [Test worker] DEBUG org.hibernate.type.BasicTypeRegistry - Adding type registration byte -> org.hibernate.type.ByteType@17cb58e9
17:03:25.181 [Test worker] DEBUG org.hibernate.type.BasicTypeRegistry - Adding type registration java.lang.Byte -> org.hibernate.type.ByteType@17cb58e9
17:03:25.183 [Test worker] DEBUG org.hibernate.type.BasicTypeRegistry - Adding type registration character -> org.hibernate.type.CharacterType@30f0ba0d
17:03:25.183 [Test worker] DEBUG org.hibernate.type.BasicTypeRegistry - Adding type registration char -> org.hibernate.type.CharacterType@30f0ba0d
17:03:25.183 [Test worker] DEBUG org.hibernate.type.BasicTypeRegistry - Adding type registration java.lang.Character -> org.hibernate.type.CharacterType@30f0ba0d
17:03:25.184 [Test worker] DEBUG org.hibernate.type.BasicTypeRegistry - Adding type registration short -> org.hibernate.type.ShortType@27eea72e
17:03:25.185 [Test worker] DEBUG org.hibernate.type.BasicTypeRegistry - Adding type registration short -> org.hibernate.type.ShortType@27eea72e
17:03:25.185 [Test worker] DEBUG org.hibernate.type.BasicTypeRegistry - Adding type registration java.lang.Short -> org.hibernate.type.ShortType@27eea72e
17:03:25.187 [Test worker] DEBUG org.hibernate.type.BasicTypeRegistry - Adding type registration integer -> org.hibernate.type.IntegerType@3e734867
17:03:25.187 [Test worker] DEBUG org.hibernate.type.BasicTypeRegistry - Adding type registration int -> org.hibernate.type.IntegerType@3e734867
17:03:25.187 [Test worker] DEBUG org.hibernate.type.BasicTypeRegistry - Adding type registration java.lang.Integer -> org.hibernate.type.IntegerType@3e734867
17:03:25.189 [Test worker] DEBUG org.hibernate.type.BasicTypeRegistry - Adding type registration long -> org.hibernate.type.LongType@10654366
17:03:25.189 [Test worker] DEBUG org.hibernate.type.BasicTypeRegistry - Adding type registration long -> org.hibernate.type.LongType@10654366
17:03:25.189 [Test worker] DEBUG org.hibernate.type.BasicTypeRegistry - Adding type registration java.lang.Long -> org.hibernate.type.LongType@10654366
17:03:25.191 [Test worker] DEBUG org.hibernate.type.BasicTypeRegistry - Adding type registration float -> org.hibernate.type.FloatType@1072c4c1
17:03:25.191 [Test worker] DEBUG org.hibernate.type.BasicTypeRegistry - Adding type registration float -> org.hibernate.type.FloatType@1072c4c1
17:03:25.191 [Test worker] DEBUG org.hibernate.type.BasicTypeRegistry - Adding type registration java.lang.Float -> org.hibernate.type.FloatType@1072c4c1
17:03:25.193 [Test worker] DEBUG org.hibernate.type.BasicTypeRegistry - Adding type registration double -> org.hibernate.type.DoubleType@383d90d3
17:03:25.193 [Test worker] DEBUG org.hibernate.type.BasicTypeRegistry - Adding type registration double -> org.hibernate.type.DoubleType@383d90d3
17:03:25.193 [Test worker] DEBUG org.hibernate.type.BasicTypeRegistry - Adding type registration java.lang.Double -> org.hibernate.type.DoubleType@383d90d3
17:03:25.195 [Test worker] DEBUG org.hibernate.type.BasicTypeRegistry - Adding type registration big_decimal -> org.hibernate.type.BigDecimalType@322ff0c5
17:03:25.195 [Test worker] DEBUG org.hibernate.type.BasicTypeRegistry - Adding type registration java.math.BigDecimal -> org.hibernate.type.BigDecimalType@322ff0c5
17:03:25.196 [Test worker] DEBUG org.hibernate.type.BasicTypeRegistry - Adding type registration big_integer -> org.hibernate.type.BigIntegerType@219d1f47
17:03:25.197 [Test worker] DEBUG org.hibernate.type.BasicTypeRegistry - Adding type registration java.math.BigInteger -> org.hibernate.type.BigIntegerType@219d1f47
17:03:25.200 [Test worker] DEBUG org.hibernate.type.BasicTypeRegistry - Adding type registration string -> org.hibernate.type.StringType@7b9aad94
17:03:25.200 [Test worker] DEBUG org.hibernate.type.BasicTypeRegistry - Adding type registration java.lang.String -> org.hibernate.type.StringType@7b9aad94
17:03:25.201 [Test worker] DEBUG org.hibernate.type.BasicTypeRegistry - Adding type registration nstring -> org.hibernate.type.StringNVarcharType@39251dc7
17:03:25.202 [Test worker] DEBUG org.hibernate.type.BasicTypeRegistry - Adding type registration ncharacter -> org.hibernate.type.CharacterNCharType@284c8f8b
17:03:25.204 [Test worker] DEBUG org.hibernate.type.BasicTypeRegistry - Adding type registration url -> org.hibernate.type.UrlType@7c5e8cdb
17:03:25.204 [Test worker] DEBUG org.hibernate.type.BasicTypeRegistry - Adding type registration java.net.URL -> org.hibernate.type.UrlType@7c5e8cdb
17:03:25.206 [Test worker] DEBUG org.hibernate.type.BasicTypeRegistry - Adding type registration Duration -> org.hibernate.type.DurationType@5502b9d6
17:03:25.206 [Test worker] DEBUG org.hibernate.type.BasicTypeRegistry - Adding type registration java.time.Duration -> org.hibernate.type.DurationType@5502b9d6
17:03:25.207 [Test worker] DEBUG org.hibernate.type.BasicTypeRegistry - Adding type registration Instant -> org.hibernate.type.InstantType@52dea51b
17:03:25.208 [Test worker] DEBUG org.hibernate.type.BasicTypeRegistry - Adding type registration java.time.Instant -> org.hibernate.type.InstantType@52dea51b
17:03:25.209 [Test worker] DEBUG org.hibernate.type.BasicTypeRegistry - Adding type registration LocalDateTime -> org.hibernate.type.LocalDateTimeType@65741b68
17:03:25.210 [Test worker] DEBUG org.hibernate.type.BasicTypeRegistry - Adding type registration java.time.LocalDateTime -> org.hibernate.type.LocalDateTimeType@65741b68
17:03:25.211 [Test worker] DEBUG org.hibernate.type.BasicTypeRegistry - Adding type registration LocalDate -> org.hibernate.type.LocalDateType@33f0f7f9
17:03:25.212 [Test worker] DEBUG org.hibernate.type.BasicTypeRegistry - Adding type registration java.time.LocalDate -> org.hibernate.type.LocalDateType@33f0f7f9
17:03:25.213 [Test worker] DEBUG org.hibernate.type.BasicTypeRegistry - Adding type registration LocalTime -> org.hibernate.type.LocalTimeType@5e875231
17:03:25.214 [Test worker] DEBUG org.hibernate.type.BasicTypeRegistry - Adding type registration java.time.LocalTime -> org.hibernate.type.LocalTimeType@5e875231
17:03:25.215 [Test worker] DEBUG org.hibernate.type.BasicTypeRegistry - Adding type registration OffsetDateTime -> org.hibernate.type.OffsetDateTimeType@e161f10
17:03:25.215 [Test worker] DEBUG org.hibernate.type.BasicTypeRegistry - Adding type registration java.time.OffsetDateTime -> org.hibernate.type.OffsetDateTimeType@e161f10
17:03:25.218 [Test worker] DEBUG org.hibernate.type.BasicTypeRegistry - Adding type registration OffsetTime -> org.hibernate.type.OffsetTimeType@1ed4e4a1
17:03:25.218 [Test worker] DEBUG org.hibernate.type.BasicTypeRegistry - Adding type registration java.time.OffsetTime -> org.hibernate.type.OffsetTimeType@1ed4e4a1
17:03:25.221 [Test worker] DEBUG org.hibernate.type.BasicTypeRegistry - Adding type registration ZonedDateTime -> org.hibernate.type.ZonedDateTimeType@1f7b3ac5
17:03:25.221 [Test worker] DEBUG org.hibernate.type.BasicTypeRegistry - Adding type registration java.time.ZonedDateTime -> org.hibernate.type.ZonedDateTimeType@1f7b3ac5
17:03:25.224 [Test worker] DEBUG org.hibernate.type.BasicTypeRegistry - Adding type registration date -> org.hibernate.type.DateType@47db9e78
17:03:25.224 [Test worker] DEBUG org.hibernate.type.BasicTypeRegistry - Adding type registration java.sql.Date -> org.hibernate.type.DateType@47db9e78
17:03:25.226 [Test worker] DEBUG org.hibernate.type.BasicTypeRegistry - Adding type registration time -> org.hibernate.type.TimeType@19cf2a46
17:03:25.226 [Test worker] DEBUG org.hibernate.type.BasicTypeRegistry - Adding type registration java.sql.Time -> org.hibernate.type.TimeType@19cf2a46
17:03:25.229 [Test worker] DEBUG org.hibernate.type.BasicTypeRegistry - Adding type registration timestamp -> org.hibernate.type.TimestampType@33cc8709
17:03:25.229 [Test worker] DEBUG org.hibernate.type.BasicTypeRegistry - Adding type registration java.sql.Timestamp -> org.hibernate.type.TimestampType@33cc8709
17:03:25.229 [Test worker] DEBUG org.hibernate.type.BasicTypeRegistry - Adding type registration java.util.Date -> org.hibernate.type.TimestampType@33cc8709
17:03:25.230 [Test worker] DEBUG org.hibernate.type.BasicTypeRegistry - Adding type registration dbtimestamp -> org.hibernate.type.DbTimestampType@4bb8bc35
17:03:25.232 [Test worker] DEBUG org.hibernate.type.BasicTypeRegistry - Adding type registration calendar -> org.hibernate.type.CalendarType@6cda5f3e
17:03:25.232 [Test worker] DEBUG org.hibernate.type.BasicTypeRegistry - Adding type registration java.util.Calendar -> org.hibernate.type.CalendarType@6cda5f3e
17:03:25.232 [Test worker] DEBUG org.hibernate.type.BasicTypeRegistry - Adding type registration java.util.GregorianCalendar -> org.hibernate.type.CalendarType@6cda5f3e
17:03:25.233 [Test worker] DEBUG org.hibernate.type.BasicTypeRegistry - Adding type registration calendar_date -> org.hibernate.type.CalendarDateType@2cf12338
17:03:25.235 [Test worker] DEBUG org.hibernate.type.BasicTypeRegistry - Adding type registration locale -> org.hibernate.type.LocaleType@5fa83fc7
17:03:25.235 [Test worker] DEBUG org.hibernate.type.BasicTypeRegistry - Adding type registration java.util.Locale -> org.hibernate.type.LocaleType@5fa83fc7
17:03:25.236 [Test worker] DEBUG org.hibernate.type.BasicTypeRegistry - Adding type registration currency -> org.hibernate.type.CurrencyType@7198d6af
17:03:25.236 [Test worker] DEBUG org.hibernate.type.BasicTypeRegistry - Adding type registration java.util.Currency -> org.hibernate.type.CurrencyType@7198d6af
17:03:25.238 [Test worker] DEBUG org.hibernate.type.BasicTypeRegistry - Adding type registration timezone -> org.hibernate.type.TimeZoneType@5db6acf5
17:03:25.238 [Test worker] DEBUG org.hibernate.type.BasicTypeRegistry - Adding type registration java.util.TimeZone -> org.hibernate.type.TimeZoneType@5db6acf5
17:03:25.239 [Test worker] DEBUG org.hibernate.type.BasicTypeRegistry - Adding type registration class -> org.hibernate.type.ClassType@11e7b123
17:03:25.239 [Test worker] DEBUG org.hibernate.type.BasicTypeRegistry - Adding type registration java.lang.Class -> org.hibernate.type.ClassType@11e7b123
17:03:25.241 [Test worker] DEBUG org.hibernate.type.BasicTypeRegistry - Adding type registration uuid-binary -> org.hibernate.type.UUIDBinaryType@515d21bc
17:03:25.241 [Test worker] DEBUG org.hibernate.type.BasicTypeRegistry - Adding type registration java.util.UUID -> org.hibernate.type.UUIDBinaryType@515d21bc
17:03:25.242 [Test worker] DEBUG org.hibernate.type.BasicTypeRegistry - Adding type registration uuid-char -> org.hibernate.type.UUIDCharType@774ef163
17:03:25.243 [Test worker] DEBUG org.hibernate.type.BasicTypeRegistry - Adding type registration binary -> org.hibernate.type.BinaryType@5f00df0f
17:03:25.243 [Test worker] DEBUG org.hibernate.type.BasicTypeRegistry - Adding type registration byte[] -> org.hibernate.type.BinaryType@5f00df0f
17:03:25.244 [Test worker] DEBUG org.hibernate.type.BasicTypeRegistry - Adding type registration [B -> org.hibernate.type.BinaryType@5f00df0f
17:03:25.245 [Test worker] DEBUG org.hibernate.type.BasicTypeRegistry - Adding type registration wrapper-binary -> org.hibernate.type.WrapperBinaryType@1c4b0916
17:03:25.245 [Test worker] DEBUG org.hibernate.type.BasicTypeRegistry - Adding type registration Byte[] -> org.hibernate.type.WrapperBinaryType@1c4b0916
17:03:25.246 [Test worker] DEBUG org.hibernate.type.BasicTypeRegistry - Adding type registration [Ljava.lang.Byte; -> org.hibernate.type.WrapperBinaryType@1c4b0916
17:03:25.247 [Test worker] DEBUG org.hibernate.type.BasicTypeRegistry - Adding type registration row_version -> org.hibernate.type.RowVersionType@5a9358d7
17:03:25.248 [Test worker] DEBUG org.hibernate.type.BasicTypeRegistry - Adding type registration image -> org.hibernate.type.ImageType@b08df66
17:03:25.249 [Test worker] DEBUG org.hibernate.type.BasicTypeRegistry - Adding type registration characters -> org.hibernate.type.CharArrayType@69a415e0
17:03:25.250 [Test worker] DEBUG org.hibernate.type.BasicTypeRegistry - Adding type registration char[] -> org.hibernate.type.CharArrayType@69a415e0
17:03:25.250 [Test worker] DEBUG org.hibernate.type.BasicTypeRegistry - Adding type registration [C -> org.hibernate.type.CharArrayType@69a415e0
17:03:25.251 [Test worker] DEBUG org.hibernate.type.BasicTypeRegistry - Adding type registration wrapper-characters -> org.hibernate.type.CharacterArrayType@2e189552
17:03:25.251 [Test worker] DEBUG org.hibernate.type.BasicTypeRegistry - Adding type registration [Ljava.lang.Character; -> org.hibernate.type.CharacterArrayType@2e189552
17:03:25.251 [Test worker] DEBUG org.hibernate.type.BasicTypeRegistry - Adding type registration Character[] -> org.hibernate.type.CharacterArrayType@2e189552
17:03:25.252 [Test worker] DEBUG org.hibernate.type.BasicTypeRegistry - Adding type registration text -> org.hibernate.type.TextType@3bb4f48d
17:03:25.253 [Test worker] DEBUG org.hibernate.type.BasicTypeRegistry - Adding type registration ntext -> org.hibernate.type.NTextType@7fc44815
17:03:25.255 [Test worker] DEBUG org.hibernate.type.BasicTypeRegistry - Adding type registration blob -> org.hibernate.type.BlobType@70984021
17:03:25.255 [Test worker] DEBUG org.hibernate.type.BasicTypeRegistry - Adding type registration java.sql.Blob -> org.hibernate.type.BlobType@70984021
17:03:25.256 [Test worker] DEBUG org.hibernate.type.BasicTypeRegistry - Adding type registration materialized_blob -> org.hibernate.type.MaterializedBlobType@7b392ea8
17:03:25.258 [Test worker] DEBUG org.hibernate.type.BasicTypeRegistry - Adding type registration clob -> org.hibernate.type.ClobType@249973df
17:03:25.258 [Test worker] DEBUG org.hibernate.type.BasicTypeRegistry - Adding type registration java.sql.Clob -> org.hibernate.type.ClobType@249973df
17:03:25.260 [Test worker] DEBUG org.hibernate.type.BasicTypeRegistry - Adding type registration nclob -> org.hibernate.type.NClobType@993bb9e
17:03:25.260 [Test worker] DEBUG org.hibernate.type.BasicTypeRegistry - Adding type registration java.sql.NClob -> org.hibernate.type.NClobType@993bb9e
17:03:25.261 [Test worker] DEBUG org.hibernate.type.BasicTypeRegistry - Adding type registration materialized_clob -> org.hibernate.type.MaterializedClobType@5eddde51
17:03:25.262 [Test worker] DEBUG org.hibernate.type.BasicTypeRegistry - Adding type registration materialized_nclob -> org.hibernate.type.MaterializedNClobType@20503ff1
17:03:25.263 [Test worker] DEBUG org.hibernate.type.BasicTypeRegistry - Adding type registration serializable -> org.hibernate.type.SerializableType@11fb506a
17:03:25.268 [Test worker] DEBUG org.hibernate.type.BasicTypeRegistry - Adding type registration object -> org.hibernate.type.ObjectType@40b10f8c
17:03:25.268 [Test worker] DEBUG org.hibernate.type.BasicTypeRegistry - Adding type registration java.lang.Object -> org.hibernate.type.ObjectType@40b10f8c
17:03:25.269 [Test worker] DEBUG org.hibernate.type.BasicTypeRegistry - Adding type registration imm_date -> org.hibernate.type.AdaptedImmutableType@7dfd2d3b
17:03:25.269 [Test worker] DEBUG org.hibernate.type.BasicTypeRegistry - Adding type registration imm_time -> org.hibernate.type.AdaptedImmutableType@35bf222c
17:03:25.269 [Test worker] DEBUG org.hibernate.type.BasicTypeRegistry - Adding type registration imm_timestamp -> org.hibernate.type.AdaptedImmutableType@7c0948a5
17:03:25.269 [Test worker] DEBUG org.hibernate.type.BasicTypeRegistry - Adding type registration imm_dbtimestamp -> org.hibernate.type.AdaptedImmutableType@5012f2bc
17:03:25.270 [Test worker] DEBUG org.hibernate.type.BasicTypeRegistry - Adding type registration imm_calendar -> org.hibernate.type.AdaptedImmutableType@44928970
17:03:25.270 [Test worker] DEBUG org.hibernate.type.BasicTypeRegistry - Adding type registration imm_calendar_date -> org.hibernate.type.AdaptedImmutableType@8707d8c
17:03:25.270 [Test worker] DEBUG org.hibernate.type.BasicTypeRegistry - Adding type registration imm_binary -> org.hibernate.type.AdaptedImmutableType@3e8a4047
17:03:25.270 [Test worker] DEBUG org.hibernate.type.BasicTypeRegistry - Adding type registration imm_serializable -> org.hibernate.type.AdaptedImmutableType@794ad238
17:03:25.293 [Test worker] DEBUG org.hibernate.boot.internal.BootstrapContextImpl - Injecting JPA temp ClassLoader [org.springframework.instrument.classloading.SimpleThrowawayClassLoader@5ca78e5c] into BootstrapContext; was [null]
17:03:25.294 [Test worker] DEBUG org.hibernate.boot.internal.ClassLoaderAccessImpl - ClassLoaderAccessImpl#injectTempClassLoader(org.springframework.instrument.classloading.SimpleThrowawayClassLoader@5ca78e5c) [was null]
17:03:25.294 [Test worker] DEBUG org.hibernate.boot.internal.BootstrapContextImpl - Injecting ScanEnvironment [org.hibernate.jpa.boot.internal.StandardJpaScanEnvironmentImpl@72170e8a] into BootstrapContext; was [null]
17:03:25.295 [Test worker] DEBUG org.hibernate.boot.internal.BootstrapContextImpl - Injecting ScanOptions [org.hibernate.boot.archive.scan.internal.StandardScanOptions@2008eba] into BootstrapContext; was [org.hibernate.boot.archive.scan.internal.StandardScanOptions@108095c3]
17:03:25.361 [Test worker] DEBUG org.hibernate.boot.internal.BootstrapContextImpl - Injecting JPA temp ClassLoader [null] into BootstrapContext; was [org.springframework.instrument.classloading.SimpleThrowawayClassLoader@5ca78e5c]
17:03:25.362 [Test worker] DEBUG org.hibernate.boot.internal.ClassLoaderAccessImpl - ClassLoaderAccessImpl#injectTempClassLoader(null) [was org.springframework.instrument.classloading.SimpleThrowawayClassLoader@5ca78e5c]
17:03:25.380 [Test worker] DEBUG org.hibernate.id.factory.internal.DefaultIdentifierGeneratorFactory - Registering IdentifierGenerator strategy [uuid2] -> [org.hibernate.id.UUIDGenerator]
17:03:25.380 [Test worker] DEBUG org.hibernate.id.factory.internal.DefaultIdentifierGeneratorFactory - Registering IdentifierGenerator strategy [guid] -> [org.hibernate.id.GUIDGenerator]
17:03:25.382 [Test worker] DEBUG org.hibernate.id.factory.internal.DefaultIdentifierGeneratorFactory - Registering IdentifierGenerator strategy [uuid] -> [org.hibernate.id.UUIDHexGenerator]
17:03:25.382 [Test worker] DEBUG org.hibernate.id.factory.internal.DefaultIdentifierGeneratorFactory - Registering IdentifierGenerator strategy [uuid.hex] -> [org.hibernate.id.UUIDHexGenerator]
17:03:25.382 [Test worker] DEBUG org.hibernate.id.factory.internal.DefaultIdentifierGeneratorFactory - Registering IdentifierGenerator strategy [assigned] -> [org.hibernate.id.Assigned]
17:03:25.384 [Test worker] DEBUG org.hibernate.id.factory.internal.DefaultIdentifierGeneratorFactory - Registering IdentifierGenerator strategy [identity] -> [org.hibernate.id.IdentityGenerator]
17:03:25.384 [Test worker] DEBUG org.hibernate.id.factory.internal.DefaultIdentifierGeneratorFactory - Registering IdentifierGenerator strategy [select] -> [org.hibernate.id.SelectGenerator]
17:03:25.386 [Test worker] DEBUG org.hibernate.id.factory.internal.DefaultIdentifierGeneratorFactory - Registering IdentifierGenerator strategy [sequence] -> [org.hibernate.id.enhanced.SequenceStyleGenerator]
17:03:25.387 [Test worker] DEBUG org.hibernate.id.factory.internal.DefaultIdentifierGeneratorFactory - Registering IdentifierGenerator strategy [seqhilo] -> [org.hibernate.id.SequenceHiLoGenerator]
17:03:25.388 [Test worker] DEBUG org.hibernate.id.factory.internal.DefaultIdentifierGeneratorFactory - Registering IdentifierGenerator strategy [increment] -> [org.hibernate.id.IncrementGenerator]
17:03:25.389 [Test worker] DEBUG org.hibernate.id.factory.internal.DefaultIdentifierGeneratorFactory - Registering IdentifierGenerator strategy [foreign] -> [org.hibernate.id.ForeignGenerator]
17:03:25.389 [Test worker] DEBUG org.hibernate.id.factory.internal.DefaultIdentifierGeneratorFactory - Registering IdentifierGenerator strategy [sequence-identity] -> [org.hibernate.id.SequenceIdentityGenerator]
17:03:25.389 [Test worker] DEBUG org.hibernate.id.factory.internal.DefaultIdentifierGeneratorFactory - Registering IdentifierGenerator strategy [enhanced-sequence] -> [org.hibernate.id.enhanced.SequenceStyleGenerator]
17:03:25.391 [Test worker] DEBUG org.hibernate.id.factory.internal.DefaultIdentifierGeneratorFactory - Registering IdentifierGenerator strategy [enhanced-table] -> [org.hibernate.id.enhanced.TableGenerator]
17:03:25.400 [Test worker] DEBUG org.hibernate.engine.jdbc.env.internal.JdbcEnvironmentInitiator - Database ->
       name : H2
    version : 1.4.197 (2018-03-18)
      major : 1
      minor : 4
17:03:25.401 [Test worker] DEBUG org.hibernate.engine.jdbc.env.internal.JdbcEnvironmentInitiator - Driver ->
       name : H2 JDBC Driver
    version : 1.4.197 (2018-03-18)
      major : 1
      minor : 4
17:03:25.401 [Test worker] DEBUG org.hibernate.engine.jdbc.env.internal.JdbcEnvironmentInitiator - JDBC version : 4.0
17:03:25.428 [Test worker] INFO org.hibernate.dialect.Dialect - HHH000400: Using dialect: org.hibernate.dialect.H2Dialect
17:03:25.554 [Test worker] DEBUG org.hibernate.boot.model.relational.Namespace - Created database namespace [logicalName=Name{catalog=null, schema=null}, physicalName=Name{catalog=null, schema=null}]
17:03:25.557 [Test worker] DEBUG org.hibernate.type.spi.TypeConfiguration$Scope - Scoping TypeConfiguration [org.hibernate.type.spi.TypeConfiguration@70160b1c] to MetadataBuildingContext [org.hibernate.boot.internal.MetadataBuildingContextRootImpl@79735ad1]
17:03:25.646 [Test worker] DEBUG org.hibernate.cfg.AnnotationBinder - Binding entity from annotated class: com.epam.esm.entity.Entity
17:03:25.679 [Test worker] DEBUG org.hibernate.cfg.Ejb3Column - Binding column: Ejb3DiscriminatorColumn{logicalColumnName'DTYPE', discriminatorTypeName='string'}
17:03:25.686 [Test worker] DEBUG org.hibernate.cfg.annotations.EntityBinder - Import with entity name Entity
17:03:25.693 [Test worker] DEBUG org.hibernate.cfg.annotations.EntityBinder - Bind entity com.epam.esm.entity.Entity on table entity
17:03:25.717 [Test worker] DEBUG org.hibernate.cfg.Ejb3Column - Binding column: Ejb3Column{table=org.hibernate.mapping.Table(entity), mappingColumn=id, insertable=true, updatable=true, unique=false}
17:03:25.721 [Test worker] DEBUG org.hibernate.cfg.annotations.PropertyBinder - MetadataSourceProcessor property id with lazy=false
17:03:25.724 [Test worker] DEBUG org.hibernate.cfg.AbstractPropertyHolder - Attempting to locate auto-apply AttributeConverter for property [com.epam.esm.entity.Entity:id]
17:03:25.727 [Test worker] DEBUG org.hibernate.cfg.annotations.SimpleValueBinder - building SimpleValue for id
17:03:25.729 [Test worker] DEBUG org.hibernate.cfg.annotations.PropertyBinder - Building property id
17:03:25.732 [Test worker] DEBUG org.hibernate.cfg.BinderHelper - #makeIdGenerator(org.hibernate.mapping.SimpleValue([org.hibernate.mapping.Column(id)]), id, identity, , ...)
17:03:25.733 [Test worker] DEBUG org.hibernate.cfg.AnnotationBinder - Binding entity from annotated class: com.epam.esm.entity.GiftCertificate
17:03:25.733 [Test worker] DEBUG org.hibernate.cfg.Ejb3Column - Binding column: Ejb3DiscriminatorColumn{logicalColumnName'DTYPE', discriminatorTypeName='string'}
17:03:25.734 [Test worker] DEBUG org.hibernate.cfg.annotations.EntityBinder - Import with entity name GiftCertificate
17:03:25.734 [Test worker] DEBUG org.hibernate.cfg.annotations.EntityBinder - Bind entity com.epam.esm.entity.GiftCertificate on table certificate
17:03:25.745 [Test worker] DEBUG org.hibernate.cfg.Ejb3Column - Binding column: Ejb3Column{table=org.hibernate.mapping.Table(certificate), mappingColumn=id, insertable=true, updatable=true, unique=false}
17:03:25.745 [Test worker] DEBUG org.hibernate.cfg.annotations.PropertyBinder - MetadataSourceProcessor property id with lazy=false
17:03:25.746 [Test worker] DEBUG org.hibernate.cfg.AbstractPropertyHolder - Attempting to locate auto-apply AttributeConverter for property [com.epam.esm.entity.GiftCertificate:id]
17:03:25.746 [Test worker] DEBUG org.hibernate.cfg.annotations.SimpleValueBinder - building SimpleValue for id
17:03:25.746 [Test worker] DEBUG org.hibernate.cfg.annotations.PropertyBinder - Building property id
17:03:25.746 [Test worker] DEBUG org.hibernate.cfg.BinderHelper - #makeIdGenerator(org.hibernate.mapping.SimpleValue([org.hibernate.mapping.Column(id)]), id, identity, , ...)
17:03:25.749 [Test worker] DEBUG org.hibernate.cfg.Ejb3Column - Binding column: Ejb3Column{table=org.hibernate.mapping.Table(certificate), mappingColumn=active_status, insertable=true, updatable=true, unique=false}
17:03:25.749 [Test worker] DEBUG org.hibernate.cfg.annotations.PropertyBinder - MetadataSourceProcessor property activeStatus with lazy=false
17:03:25.749 [Test worker] DEBUG org.hibernate.cfg.AbstractPropertyHolder - Attempting to locate auto-apply AttributeConverter for property [com.epam.esm.entity.GiftCertificate:activeStatus]
17:03:25.749 [Test worker] DEBUG org.hibernate.cfg.annotations.SimpleValueBinder - building SimpleValue for activeStatus
17:03:25.750 [Test worker] DEBUG org.hibernate.cfg.annotations.PropertyBinder - Building property activeStatus
17:03:25.750 [Test worker] DEBUG org.hibernate.cfg.Ejb3Column - Binding column: Ejb3Column{table=org.hibernate.mapping.Table(certificate), mappingColumn=creation_date, insertable=true, updatable=true, unique=false}
17:03:25.751 [Test worker] DEBUG org.hibernate.cfg.annotations.PropertyBinder - MetadataSourceProcessor property creationDate with lazy=false
17:03:25.751 [Test worker] DEBUG org.hibernate.cfg.AbstractPropertyHolder - Attempting to locate auto-apply AttributeConverter for property [com.epam.esm.entity.GiftCertificate:creationDate]
17:03:25.751 [Test worker] DEBUG org.hibernate.cfg.annotations.SimpleValueBinder - building SimpleValue for creationDate
17:03:25.751 [Test worker] DEBUG org.hibernate.cfg.annotations.PropertyBinder - Building property creationDate
17:03:25.752 [Test worker] DEBUG org.hibernate.cfg.Ejb3Column - Binding column: Ejb3Column{table=org.hibernate.mapping.Table(certificate), mappingColumn=description, insertable=true, updatable=true, unique=false}
17:03:25.752 [Test worker] DEBUG org.hibernate.cfg.annotations.PropertyBinder - MetadataSourceProcessor property description with lazy=false
17:03:25.752 [Test worker] DEBUG org.hibernate.cfg.AbstractPropertyHolder - Attempting to locate auto-apply AttributeConverter for property [com.epam.esm.entity.GiftCertificate:description]
17:03:25.752 [Test worker] DEBUG org.hibernate.cfg.annotations.SimpleValueBinder - building SimpleValue for description
17:03:25.752 [Test worker] DEBUG org.hibernate.cfg.annotations.PropertyBinder - Building property description
17:03:25.753 [Test worker] DEBUG org.hibernate.cfg.Ejb3Column - Binding column: Ejb3Column{table=org.hibernate.mapping.Table(certificate), mappingColumn=expiration_date, insertable=true, updatable=true, unique=false}
17:03:25.753 [Test worker] DEBUG org.hibernate.cfg.annotations.PropertyBinder - MetadataSourceProcessor property expirationDate with lazy=false
17:03:25.753 [Test worker] DEBUG org.hibernate.cfg.AbstractPropertyHolder - Attempting to locate auto-apply AttributeConverter for property [com.epam.esm.entity.GiftCertificate:expirationDate]
17:03:25.753 [Test worker] DEBUG org.hibernate.cfg.annotations.SimpleValueBinder - building SimpleValue for expirationDate
17:03:25.753 [Test worker] DEBUG org.hibernate.cfg.annotations.PropertyBinder - Building property expirationDate
17:03:25.754 [Test worker] DEBUG org.hibernate.cfg.Ejb3Column - Binding column: Ejb3Column{table=org.hibernate.mapping.Table(certificate), mappingColumn=modification_date, insertable=true, updatable=true, unique=false}
17:03:25.754 [Test worker] DEBUG org.hibernate.cfg.annotations.PropertyBinder - MetadataSourceProcessor property modificationDate with lazy=false
17:03:25.754 [Test worker] DEBUG org.hibernate.cfg.AbstractPropertyHolder - Attempting to locate auto-apply AttributeConverter for property [com.epam.esm.entity.GiftCertificate:modificationDate]
17:03:25.754 [Test worker] DEBUG org.hibernate.cfg.annotations.SimpleValueBinder - building SimpleValue for modificationDate
17:03:25.754 [Test worker] DEBUG org.hibernate.cfg.annotations.PropertyBinder - Building property modificationDate
17:03:25.755 [Test worker] DEBUG org.hibernate.cfg.Ejb3Column - Binding column: Ejb3Column{table=org.hibernate.mapping.Table(certificate), mappingColumn=name, insertable=true, updatable=true, unique=false}
17:03:25.755 [Test worker] DEBUG org.hibernate.cfg.annotations.PropertyBinder - MetadataSourceProcessor property name with lazy=false
17:03:25.755 [Test worker] DEBUG org.hibernate.cfg.AbstractPropertyHolder - Attempting to locate auto-apply AttributeConverter for property [com.epam.esm.entity.GiftCertificate:name]
17:03:25.756 [Test worker] DEBUG org.hibernate.cfg.annotations.SimpleValueBinder - building SimpleValue for name
17:03:25.756 [Test worker] DEBUG org.hibernate.cfg.annotations.PropertyBinder - Building property name
17:03:25.757 [Test worker] DEBUG org.hibernate.cfg.Ejb3Column - Binding column: Ejb3JoinColumn{logicalColumnName='null', referencedColumn='null', mappedBy='certificate'}
17:03:25.757 [Test worker] DEBUG org.hibernate.cfg.Ejb3Column - Binding column: Ejb3Column{table=org.hibernate.mapping.Table(certificate), mappingColumn=order_certificates, insertable=true, updatable=true, unique=false}
17:03:25.760 [Test worker] DEBUG org.hibernate.cfg.Ejb3Column - Binding column: Ejb3Column{table=org.hibernate.mapping.Table(certificate), mappingColumn=null, insertable=true, updatable=true, unique=false}
17:03:25.773 [Test worker] DEBUG org.hibernate.cfg.Ejb3Column - Binding column: Ejb3Column{table=org.hibernate.mapping.Table(certificate), mappingColumn=element, insertable=true, updatable=true, unique=false}
17:03:25.773 [Test worker] DEBUG org.hibernate.cfg.Ejb3Column - Binding column: Ejb3Column{table=org.hibernate.mapping.Table(certificate), mappingColumn=order_certificates_key, insertable=true, updatable=true, unique=false}
17:03:25.774 [Test worker] DEBUG org.hibernate.cfg.Ejb3Column - Binding column: Ejb3JoinColumn{logicalColumnName='orderCertificates_KEY', referencedColumn='null', mappedBy='null'}
17:03:25.776 [Test worker] DEBUG org.hibernate.cfg.Ejb3Column - Binding column: Ejb3JoinColumn{logicalColumnName='null', referencedColumn='null', mappedBy='certificate'}
17:03:25.776 [Test worker] DEBUG org.hibernate.cfg.Ejb3Column - Binding column: Ejb3JoinColumn{logicalColumnName='null', referencedColumn='null', mappedBy='certificate'}
17:03:25.777 [Test worker] DEBUG org.hibernate.cfg.annotations.CollectionBinder - Collection role: com.epam.esm.entity.GiftCertificate.orderCertificates
17:03:25.780 [Test worker] DEBUG org.hibernate.cfg.annotations.PropertyBinder - Building property orderCertificates
17:03:25.780 [Test worker] DEBUG org.hibernate.cfg.Ejb3Column - Binding column: Ejb3Column{table=org.hibernate.mapping.Table(certificate), mappingColumn=price, insertable=true, updatable=true, unique=false}
17:03:25.781 [Test worker] DEBUG org.hibernate.cfg.annotations.PropertyBinder - MetadataSourceProcessor property price with lazy=false
17:03:25.781 [Test worker] DEBUG org.hibernate.cfg.AbstractPropertyHolder - Attempting to locate auto-apply AttributeConverter for property [com.epam.esm.entity.GiftCertificate:price]
17:03:25.781 [Test worker] DEBUG org.hibernate.cfg.annotations.SimpleValueBinder - building SimpleValue for price
17:03:25.781 [Test worker] DEBUG org.hibernate.cfg.annotations.PropertyBinder - Building property price
17:03:25.782 [Test worker] DEBUG org.hibernate.cfg.Ejb3Column - Binding column: Ejb3Column{table=org.hibernate.mapping.Table(certificate), mappingColumn=null, insertable=true, updatable=true, unique=false}
17:03:25.782 [Test worker] DEBUG org.hibernate.cfg.Ejb3Column - Binding column: Ejb3Column{table=org.hibernate.mapping.Table(certificate), mappingColumn=element, insertable=true, updatable=true, unique=false}
17:03:25.782 [Test worker] DEBUG org.hibernate.cfg.Ejb3Column - Binding column: Ejb3Column{table=org.hibernate.mapping.Table(certificate), mappingColumn=tags_key, insertable=true, updatable=true, unique=false}
17:03:25.782 [Test worker] DEBUG org.hibernate.cfg.Ejb3Column - Binding column: Ejb3JoinColumn{logicalColumnName='tags_KEY', referencedColumn='null', mappedBy='null'}
17:03:25.783 [Test worker] DEBUG org.hibernate.cfg.Ejb3Column - Binding column: Ejb3JoinColumn{logicalColumnName='certificate_id', referencedColumn='', mappedBy=''}
17:03:25.783 [Test worker] DEBUG org.hibernate.cfg.Ejb3Column - Binding column: Ejb3JoinColumn{logicalColumnName='tag_id', referencedColumn='', mappedBy=''}
17:03:25.784 [Test worker] DEBUG org.hibernate.cfg.annotations.CollectionBinder - Collection role: com.epam.esm.entity.GiftCertificate.tags
17:03:25.784 [Test worker] DEBUG org.hibernate.cfg.annotations.PropertyBinder - Building property tags
17:03:25.784 [Test worker] DEBUG org.hibernate.cfg.AnnotationBinder - Binding entity from annotated class: com.epam.esm.entity.Order
17:03:25.784 [Test worker] DEBUG org.hibernate.cfg.Ejb3Column - Binding column: Ejb3DiscriminatorColumn{logicalColumnName'DTYPE', discriminatorTypeName='string'}
17:03:25.785 [Test worker] DEBUG org.hibernate.cfg.annotations.EntityBinder - Import with entity name Order
17:03:25.785 [Test worker] DEBUG org.hibernate.cfg.annotations.EntityBinder - Bind entity com.epam.esm.entity.Order on table application_order
17:03:25.788 [Test worker] DEBUG org.hibernate.cfg.Ejb3Column - Binding column: Ejb3Column{table=org.hibernate.mapping.Table(application_order), mappingColumn=id, insertable=true, updatable=true, unique=false}
17:03:25.788 [Test worker] DEBUG org.hibernate.cfg.annotations.PropertyBinder - MetadataSourceProcessor property id with lazy=false
17:03:25.788 [Test worker] DEBUG org.hibernate.cfg.AbstractPropertyHolder - Attempting to locate auto-apply AttributeConverter for property [com.epam.esm.entity.Order:id]
17:03:25.789 [Test worker] DEBUG org.hibernate.cfg.annotations.SimpleValueBinder - building SimpleValue for id
17:03:25.789 [Test worker] DEBUG org.hibernate.cfg.annotations.PropertyBinder - Building property id
17:03:25.789 [Test worker] DEBUG org.hibernate.cfg.BinderHelper - #makeIdGenerator(org.hibernate.mapping.SimpleValue([org.hibernate.mapping.Column(id)]), id, identity, , ...)
17:03:25.789 [Test worker] DEBUG org.hibernate.cfg.Ejb3Column - Binding column: Ejb3Column{table=org.hibernate.mapping.Table(application_order), mappingColumn=active_status, insertable=true, updatable=true, unique=false}
17:03:25.789 [Test worker] DEBUG org.hibernate.cfg.annotations.PropertyBinder - MetadataSourceProcessor property activeStatus with lazy=false
17:03:25.790 [Test worker] DEBUG org.hibernate.cfg.AbstractPropertyHolder - Attempting to locate auto-apply AttributeConverter for property [com.epam.esm.entity.Order:activeStatus]
17:03:25.790 [Test worker] DEBUG org.hibernate.cfg.annotations.SimpleValueBinder - building SimpleValue for activeStatus
17:03:25.790 [Test worker] DEBUG org.hibernate.cfg.annotations.PropertyBinder - Building property activeStatus
17:03:25.790 [Test worker] DEBUG org.hibernate.cfg.Ejb3Column - Binding column: Ejb3Column{table=org.hibernate.mapping.Table(application_order), mappingColumn=created_at, insertable=true, updatable=true, unique=false}
17:03:25.790 [Test worker] DEBUG org.hibernate.cfg.annotations.PropertyBinder - MetadataSourceProcessor property createdAt with lazy=false
17:03:25.790 [Test worker] DEBUG org.hibernate.cfg.AbstractPropertyHolder - Attempting to locate auto-apply AttributeConverter for property [com.epam.esm.entity.Order:createdAt]
17:03:25.791 [Test worker] DEBUG org.hibernate.cfg.annotations.SimpleValueBinder - building SimpleValue for createdAt
17:03:25.791 [Test worker] DEBUG org.hibernate.cfg.annotations.PropertyBinder - Building property createdAt
17:03:25.791 [Test worker] DEBUG org.hibernate.cfg.Ejb3Column - Binding column: Ejb3JoinColumn{logicalColumnName='null', referencedColumn='null', mappedBy='order'}
17:03:25.791 [Test worker] DEBUG org.hibernate.cfg.Ejb3Column - Binding column: Ejb3Column{table=org.hibernate.mapping.Table(application_order), mappingColumn=order_certificates, insertable=true, updatable=true, unique=false}
17:03:25.791 [Test worker] DEBUG org.hibernate.cfg.Ejb3Column - Binding column: Ejb3Column{table=org.hibernate.mapping.Table(application_order), mappingColumn=null, insertable=true, updatable=true, unique=false}
17:03:25.792 [Test worker] DEBUG org.hibernate.cfg.Ejb3Column - Binding column: Ejb3Column{table=org.hibernate.mapping.Table(application_order), mappingColumn=element, insertable=true, updatable=true, unique=false}
17:03:25.792 [Test worker] DEBUG org.hibernate.cfg.Ejb3Column - Binding column: Ejb3Column{table=org.hibernate.mapping.Table(application_order), mappingColumn=order_certificates_key, insertable=true, updatable=true, unique=false}
17:03:25.792 [Test worker] DEBUG org.hibernate.cfg.Ejb3Column - Binding column: Ejb3JoinColumn{logicalColumnName='orderCertificates_KEY', referencedColumn='null', mappedBy='null'}
17:03:25.792 [Test worker] DEBUG org.hibernate.cfg.Ejb3Column - Binding column: Ejb3JoinColumn{logicalColumnName='null', referencedColumn='null', mappedBy='order'}
17:03:25.792 [Test worker] DEBUG org.hibernate.cfg.Ejb3Column - Binding column: Ejb3JoinColumn{logicalColumnName='null', referencedColumn='null', mappedBy='order'}
17:03:25.792 [Test worker] DEBUG org.hibernate.cfg.annotations.CollectionBinder - Collection role: com.epam.esm.entity.Order.orderCertificates
17:03:25.793 [Test worker] DEBUG org.hibernate.cfg.annotations.PropertyBinder - Building property orderCertificates
17:03:25.793 [Test worker] DEBUG org.hibernate.cfg.Ejb3Column - Binding column: Ejb3JoinColumn{logicalColumnName='user_id', referencedColumn='', mappedBy=''}
17:03:25.793 [Test worker] DEBUG org.hibernate.cfg.Ejb3Column - Binding column: Ejb3Column{table=org.hibernate.mapping.Table(application_order), mappingColumn=user, insertable=true, updatable=true, unique=false}
17:03:25.795 [Test worker] DEBUG org.hibernate.cfg.annotations.PropertyBinder - Building property user
17:03:25.796 [Test worker] DEBUG org.hibernate.cfg.AnnotationBinder - Binding entity from annotated class: com.epam.esm.entity.OrderCertificate
17:03:25.796 [Test worker] DEBUG org.hibernate.cfg.Ejb3Column - Binding column: Ejb3DiscriminatorColumn{logicalColumnName'DTYPE', discriminatorTypeName='string'}
17:03:25.796 [Test worker] DEBUG org.hibernate.cfg.annotations.EntityBinder - Import with entity name OrderCertificate
17:03:25.796 [Test worker] DEBUG org.hibernate.cfg.annotations.EntityBinder - Bind entity com.epam.esm.entity.OrderCertificate on table order_certificate
17:03:25.798 [Test worker] DEBUG org.hibernate.cfg.Ejb3Column - Binding column: Ejb3Column{table=org.hibernate.mapping.Table(order_certificate), mappingColumn=id, insertable=true, updatable=true, unique=false}
17:03:25.798 [Test worker] DEBUG org.hibernate.cfg.annotations.PropertyBinder - MetadataSourceProcessor property id with lazy=false
17:03:25.798 [Test worker] DEBUG org.hibernate.cfg.AbstractPropertyHolder - Attempting to locate auto-apply AttributeConverter for property [com.epam.esm.entity.OrderCertificate:id]
17:03:25.799 [Test worker] DEBUG org.hibernate.cfg.annotations.SimpleValueBinder - building SimpleValue for id
17:03:25.799 [Test worker] DEBUG org.hibernate.cfg.annotations.PropertyBinder - Building property id
17:03:25.799 [Test worker] DEBUG org.hibernate.cfg.BinderHelper - #makeIdGenerator(org.hibernate.mapping.SimpleValue([org.hibernate.mapping.Column(id)]), id, identity, , ...)
17:03:25.799 [Test worker] DEBUG org.hibernate.cfg.Ejb3Column - Binding column: Ejb3JoinColumn{logicalColumnName='null', referencedColumn='', mappedBy=''}
17:03:25.799 [Test worker] DEBUG org.hibernate.cfg.Ejb3Column - Binding column: Ejb3Column{table=org.hibernate.mapping.Table(order_certificate), mappingColumn=certificate, insertable=true, updatable=true, unique=false}
17:03:25.800 [Test worker] DEBUG org.hibernate.cfg.annotations.PropertyBinder - Building property certificate
17:03:25.800 [Test worker] DEBUG org.hibernate.cfg.Ejb3Column - Binding column: Ejb3Column{table=org.hibernate.mapping.Table(order_certificate), mappingColumn=expiration_date, insertable=true, updatable=true, unique=false}
17:03:25.800 [Test worker] DEBUG org.hibernate.cfg.annotations.PropertyBinder - MetadataSourceProcessor property expirationDate with lazy=false
17:03:25.800 [Test worker] DEBUG org.hibernate.cfg.AbstractPropertyHolder - Attempting to locate auto-apply AttributeConverter for property [com.epam.esm.entity.OrderCertificate:expirationDate]
17:03:25.800 [Test worker] DEBUG org.hibernate.cfg.annotations.SimpleValueBinder - building SimpleValue for expirationDate
17:03:25.801 [Test worker] DEBUG org.hibernate.cfg.annotations.PropertyBinder - Building property expirationDate
17:03:25.801 [Test worker] DEBUG org.hibernate.cfg.Ejb3Column - Binding column: Ejb3Column{table=org.hibernate.mapping.Table(order_certificate), mappingColumn=fixed_price, insertable=true, updatable=true, unique=false}
17:03:25.801 [Test worker] DEBUG org.hibernate.cfg.annotations.PropertyBinder - MetadataSourceProcessor property fixedPrice with lazy=false
17:03:25.801 [Test worker] DEBUG org.hibernate.cfg.AbstractPropertyHolder - Attempting to locate auto-apply AttributeConverter for property [com.epam.esm.entity.OrderCertificate:fixedPrice]
17:03:25.801 [Test worker] DEBUG org.hibernate.cfg.annotations.SimpleValueBinder - building SimpleValue for fixedPrice
17:03:25.801 [Test worker] DEBUG org.hibernate.cfg.annotations.PropertyBinder - Building property fixedPrice
17:03:25.802 [Test worker] DEBUG org.hibernate.cfg.Ejb3Column - Binding column: Ejb3JoinColumn{logicalColumnName='null', referencedColumn='', mappedBy=''}
17:03:25.802 [Test worker] DEBUG org.hibernate.cfg.Ejb3Column - Binding column: Ejb3Column{table=org.hibernate.mapping.Table(order_certificate), mappingColumn=order, insertable=true, updatable=true, unique=false}
17:03:25.802 [Test worker] DEBUG org.hibernate.cfg.annotations.PropertyBinder - Building property order
17:03:25.802 [Test worker] DEBUG org.hibernate.cfg.AnnotationBinder - Binding entity from annotated class: com.epam.esm.entity.Role
17:03:25.803 [Test worker] DEBUG org.hibernate.cfg.Ejb3Column - Binding column: Ejb3DiscriminatorColumn{logicalColumnName'DTYPE', discriminatorTypeName='string'}
17:03:25.803 [Test worker] DEBUG org.hibernate.cfg.annotations.EntityBinder - Import with entity name Role
17:03:25.803 [Test worker] DEBUG org.hibernate.cfg.annotations.EntityBinder - Bind entity com.epam.esm.entity.Role on table application_role
17:03:25.804 [Test worker] DEBUG org.hibernate.cfg.Ejb3Column - Binding column: Ejb3Column{table=org.hibernate.mapping.Table(application_role), mappingColumn=id, insertable=true, updatable=true, unique=false}
17:03:25.805 [Test worker] DEBUG org.hibernate.cfg.annotations.PropertyBinder - MetadataSourceProcessor property id with lazy=false
17:03:25.805 [Test worker] DEBUG org.hibernate.cfg.AbstractPropertyHolder - Attempting to locate auto-apply AttributeConverter for property [com.epam.esm.entity.Role:id]
17:03:25.805 [Test worker] DEBUG org.hibernate.cfg.annotations.SimpleValueBinder - building SimpleValue for id
17:03:25.805 [Test worker] DEBUG org.hibernate.cfg.annotations.PropertyBinder - Building property id
17:03:25.805 [Test worker] DEBUG org.hibernate.cfg.BinderHelper - #makeIdGenerator(org.hibernate.mapping.SimpleValue([org.hibernate.mapping.Column(id)]), id, identity, , ...)
17:03:25.806 [Test worker] DEBUG org.hibernate.cfg.Ejb3Column - Binding column: Ejb3Column{table=org.hibernate.mapping.Table(application_role), mappingColumn=value, insertable=true, updatable=true, unique=false}
17:03:25.806 [Test worker] DEBUG org.hibernate.cfg.annotations.PropertyBinder - MetadataSourceProcessor property value with lazy=false
17:03:25.806 [Test worker] DEBUG org.hibernate.cfg.AbstractPropertyHolder - Attempting to locate auto-apply AttributeConverter for property [com.epam.esm.entity.Role:value]
17:03:25.806 [Test worker] DEBUG org.hibernate.cfg.annotations.SimpleValueBinder - building SimpleValue for value
17:03:25.806 [Test worker] DEBUG org.hibernate.cfg.annotations.PropertyBinder - Building property value
17:03:25.806 [Test worker] DEBUG org.hibernate.cfg.AnnotationBinder - Binding entity from annotated class: com.epam.esm.entity.Tag
17:03:25.807 [Test worker] DEBUG org.hibernate.cfg.Ejb3Column - Binding column: Ejb3DiscriminatorColumn{logicalColumnName'DTYPE', discriminatorTypeName='string'}
17:03:25.807 [Test worker] DEBUG org.hibernate.cfg.annotations.EntityBinder - Import with entity name Tag
17:03:25.807 [Test worker] DEBUG org.hibernate.cfg.annotations.EntityBinder - Bind entity com.epam.esm.entity.Tag on table tag
17:03:25.808 [Test worker] DEBUG org.hibernate.cfg.Ejb3Column - Binding column: Ejb3Column{table=org.hibernate.mapping.Table(tag), mappingColumn=id, insertable=true, updatable=true, unique=false}
17:03:25.809 [Test worker] DEBUG org.hibernate.cfg.annotations.PropertyBinder - MetadataSourceProcessor property id with lazy=false
17:03:25.809 [Test worker] DEBUG org.hibernate.cfg.AbstractPropertyHolder - Attempting to locate auto-apply AttributeConverter for property [com.epam.esm.entity.Tag:id]
17:03:25.809 [Test worker] DEBUG org.hibernate.cfg.annotations.SimpleValueBinder - building SimpleValue for id
17:03:25.809 [Test worker] DEBUG org.hibernate.cfg.annotations.PropertyBinder - Building property id
17:03:25.809 [Test worker] DEBUG org.hibernate.cfg.BinderHelper - #makeIdGenerator(org.hibernate.mapping.SimpleValue([org.hibernate.mapping.Column(id)]), id, identity, , ...)
17:03:25.809 [Test worker] DEBUG org.hibernate.cfg.Ejb3Column - Binding column: Ejb3Column{table=org.hibernate.mapping.Table(tag), mappingColumn=title, insertable=true, updatable=false, unique=true}
17:03:25.809 [Test worker] DEBUG org.hibernate.cfg.annotations.PropertyBinder - MetadataSourceProcessor property title with lazy=false
17:03:25.810 [Test worker] DEBUG org.hibernate.cfg.AbstractPropertyHolder - Attempting to locate auto-apply AttributeConverter for property [com.epam.esm.entity.Tag:title]
17:03:25.810 [Test worker] DEBUG org.hibernate.cfg.annotations.SimpleValueBinder - building SimpleValue for title
17:03:25.810 [Test worker] DEBUG org.hibernate.cfg.annotations.PropertyBinder - Building property title
17:03:25.810 [Test worker] DEBUG org.hibernate.cfg.AnnotationBinder - Binding entity from annotated class: com.epam.esm.entity.User
17:03:25.810 [Test worker] DEBUG org.hibernate.cfg.Ejb3Column - Binding column: Ejb3DiscriminatorColumn{logicalColumnName'DTYPE', discriminatorTypeName='string'}
17:03:25.810 [Test worker] DEBUG org.hibernate.cfg.annotations.EntityBinder - Import with entity name User
17:03:25.811 [Test worker] DEBUG org.hibernate.cfg.annotations.EntityBinder - Bind entity com.epam.esm.entity.User on table application_user
17:03:25.813 [Test worker] DEBUG org.hibernate.cfg.Ejb3Column - Binding column: Ejb3Column{table=org.hibernate.mapping.Table(application_user), mappingColumn=id, insertable=true, updatable=true, unique=false}
17:03:25.814 [Test worker] DEBUG org.hibernate.cfg.annotations.PropertyBinder - MetadataSourceProcessor property id with lazy=false
17:03:25.814 [Test worker] DEBUG org.hibernate.cfg.AbstractPropertyHolder - Attempting to locate auto-apply AttributeConverter for property [com.epam.esm.entity.User:id]
17:03:25.814 [Test worker] DEBUG org.hibernate.cfg.annotations.SimpleValueBinder - building SimpleValue for id
17:03:25.814 [Test worker] DEBUG org.hibernate.cfg.annotations.PropertyBinder - Building property id
17:03:25.814 [Test worker] DEBUG org.hibernate.cfg.BinderHelper - #makeIdGenerator(org.hibernate.mapping.SimpleValue([org.hibernate.mapping.Column(id)]), id, identity, , ...)
17:03:25.814 [Test worker] DEBUG org.hibernate.cfg.Ejb3Column - Binding column: Ejb3Column{table=org.hibernate.mapping.Table(application_user), mappingColumn=email, insertable=true, updatable=true, unique=false}
17:03:25.814 [Test worker] DEBUG org.hibernate.cfg.annotations.PropertyBinder - MetadataSourceProcessor property email with lazy=false
17:03:25.815 [Test worker] DEBUG org.hibernate.cfg.AbstractPropertyHolder - Attempting to locate auto-apply AttributeConverter for property [com.epam.esm.entity.User:email]
17:03:25.815 [Test worker] DEBUG org.hibernate.cfg.annotations.SimpleValueBinder - building SimpleValue for email
17:03:25.815 [Test worker] DEBUG org.hibernate.cfg.annotations.PropertyBinder - Building property email
17:03:25.815 [Test worker] DEBUG org.hibernate.cfg.Ejb3Column - Binding column: Ejb3JoinColumn{logicalColumnName='null', referencedColumn='null', mappedBy='user'}
17:03:25.815 [Test worker] DEBUG org.hibernate.cfg.Ejb3Column - Binding column: Ejb3Column{table=org.hibernate.mapping.Table(application_user), mappingColumn=orders, insertable=true, updatable=true, unique=false}
17:03:25.816 [Test worker] DEBUG org.hibernate.cfg.Ejb3Column - Binding column: Ejb3Column{table=org.hibernate.mapping.Table(application_user), mappingColumn=null, insertable=true, updatable=true, unique=false}
17:03:25.816 [Test worker] DEBUG org.hibernate.cfg.Ejb3Column - Binding column: Ejb3Column{table=org.hibernate.mapping.Table(application_user), mappingColumn=element, insertable=true, updatable=true, unique=false}
17:03:25.816 [Test worker] DEBUG org.hibernate.cfg.Ejb3Column - Binding column: Ejb3Column{table=org.hibernate.mapping.Table(application_user), mappingColumn=orders_key, insertable=true, updatable=true, unique=false}
17:03:25.816 [Test worker] DEBUG org.hibernate.cfg.Ejb3Column - Binding column: Ejb3JoinColumn{logicalColumnName='orders_KEY', referencedColumn='null', mappedBy='null'}
17:03:25.816 [Test worker] DEBUG org.hibernate.cfg.Ejb3Column - Binding column: Ejb3JoinColumn{logicalColumnName='null', referencedColumn='null', mappedBy='user'}
17:03:25.817 [Test worker] DEBUG org.hibernate.cfg.Ejb3Column - Binding column: Ejb3JoinColumn{logicalColumnName='null', referencedColumn='null', mappedBy='user'}
17:03:25.817 [Test worker] DEBUG org.hibernate.cfg.annotations.CollectionBinder - Collection role: com.epam.esm.entity.User.orders
17:03:25.817 [Test worker] DEBUG org.hibernate.cfg.annotations.PropertyBinder - Building property orders
17:03:25.817 [Test worker] DEBUG org.hibernate.cfg.Ejb3Column - Binding column: Ejb3Column{table=org.hibernate.mapping.Table(application_user), mappingColumn=password, insertable=true, updatable=true, unique=false}
17:03:25.817 [Test worker] DEBUG org.hibernate.cfg.annotations.PropertyBinder - MetadataSourceProcessor property password with lazy=false
17:03:25.817 [Test worker] DEBUG org.hibernate.cfg.AbstractPropertyHolder - Attempting to locate auto-apply AttributeConverter for property [com.epam.esm.entity.User:password]
17:03:25.818 [Test worker] DEBUG org.hibernate.cfg.annotations.SimpleValueBinder - building SimpleValue for password
17:03:25.818 [Test worker] DEBUG org.hibernate.cfg.annotations.PropertyBinder - Building property password
17:03:25.818 [Test worker] DEBUG org.hibernate.cfg.Ejb3Column - Binding column: Ejb3Column{table=org.hibernate.mapping.Table(application_user), mappingColumn=refresh_token, insertable=true, updatable=true, unique=false}
17:03:25.818 [Test worker] DEBUG org.hibernate.cfg.annotations.PropertyBinder - MetadataSourceProcessor property refreshToken with lazy=false
17:03:25.818 [Test worker] DEBUG org.hibernate.cfg.AbstractPropertyHolder - Attempting to locate auto-apply AttributeConverter for property [com.epam.esm.entity.User:refreshToken]
17:03:25.818 [Test worker] DEBUG org.hibernate.cfg.annotations.SimpleValueBinder - building SimpleValue for refreshToken
17:03:25.819 [Test worker] DEBUG org.hibernate.cfg.annotations.PropertyBinder - Building property refreshToken
17:03:25.819 [Test worker] DEBUG org.hibernate.cfg.Ejb3Column - Binding column: Ejb3JoinColumn{logicalColumnName='role_id', referencedColumn='', mappedBy=''}
17:03:25.819 [Test worker] DEBUG org.hibernate.cfg.Ejb3Column - Binding column: Ejb3Column{table=org.hibernate.mapping.Table(application_user), mappingColumn=role, insertable=true, updatable=true, unique=false}
17:03:25.820 [Test worker] DEBUG org.hibernate.cfg.annotations.PropertyBinder - Building property role
17:03:25.822 [Test worker] DEBUG org.hibernate.cfg.annotations.SimpleValueBinder - Starting fillSimpleValue for id
17:03:25.822 [Test worker] DEBUG org.hibernate.cfg.annotations.SimpleValueBinder - Starting fillSimpleValue for id
17:03:25.822 [Test worker] DEBUG org.hibernate.cfg.annotations.SimpleValueBinder - Starting fillSimpleValue for activeStatus
17:03:25.822 [Test worker] DEBUG org.hibernate.cfg.annotations.SimpleValueBinder - Starting fillSimpleValue for creationDate
17:03:25.822 [Test worker] DEBUG org.hibernate.cfg.annotations.SimpleValueBinder - Starting fillSimpleValue for description
17:03:25.823 [Test worker] DEBUG org.hibernate.cfg.annotations.SimpleValueBinder - Starting fillSimpleValue for expirationDate
17:03:25.823 [Test worker] DEBUG org.hibernate.cfg.annotations.SimpleValueBinder - Starting fillSimpleValue for modificationDate
17:03:25.823 [Test worker] DEBUG org.hibernate.cfg.annotations.SimpleValueBinder - Starting fillSimpleValue for name
17:03:25.823 [Test worker] DEBUG org.hibernate.cfg.annotations.SimpleValueBinder - Starting fillSimpleValue for price
17:03:25.823 [Test worker] DEBUG org.hibernate.cfg.annotations.SimpleValueBinder - Starting fillSimpleValue for id
17:03:25.823 [Test worker] DEBUG org.hibernate.cfg.annotations.SimpleValueBinder - Starting fillSimpleValue for activeStatus
17:03:25.823 [Test worker] DEBUG org.hibernate.cfg.annotations.SimpleValueBinder - Starting fillSimpleValue for createdAt
17:03:25.823 [Test worker] DEBUG org.hibernate.cfg.annotations.SimpleValueBinder - Starting fillSimpleValue for id
17:03:25.824 [Test worker] DEBUG org.hibernate.cfg.annotations.SimpleValueBinder - Starting fillSimpleValue for expirationDate
17:03:25.824 [Test worker] DEBUG org.hibernate.cfg.annotations.SimpleValueBinder - Starting fillSimpleValue for fixedPrice
17:03:25.824 [Test worker] DEBUG org.hibernate.cfg.annotations.SimpleValueBinder - Starting fillSimpleValue for id
17:03:25.824 [Test worker] DEBUG org.hibernate.cfg.annotations.SimpleValueBinder - Starting fillSimpleValue for value
17:03:25.824 [Test worker] DEBUG org.hibernate.cfg.annotations.SimpleValueBinder - Starting fillSimpleValue for id
17:03:25.824 [Test worker] DEBUG org.hibernate.cfg.annotations.SimpleValueBinder - Starting fillSimpleValue for title
17:03:25.824 [Test worker] DEBUG org.hibernate.cfg.annotations.SimpleValueBinder - Starting fillSimpleValue for id
17:03:25.824 [Test worker] DEBUG org.hibernate.cfg.annotations.SimpleValueBinder - Starting fillSimpleValue for email
17:03:25.824 [Test worker] DEBUG org.hibernate.cfg.annotations.SimpleValueBinder - Starting fillSimpleValue for password
17:03:25.824 [Test worker] DEBUG org.hibernate.cfg.annotations.SimpleValueBinder - Starting fillSimpleValue for refreshToken
17:03:25.831 [Test worker] DEBUG org.hibernate.mapping.PrimaryKey - Forcing column [id] to be non-null as it is part of the primary key for table [entity]
17:03:25.831 [Test worker] DEBUG org.hibernate.mapping.PrimaryKey - Forcing column [id] to be non-null as it is part of the primary key for table [certificate]
17:03:25.831 [Test worker] DEBUG org.hibernate.mapping.PrimaryKey - Forcing column [id] to be non-null as it is part of the primary key for table [application_order]
17:03:25.831 [Test worker] DEBUG org.hibernate.mapping.PrimaryKey - Forcing column [id] to be non-null as it is part of the primary key for table [order_certificate]
17:03:25.831 [Test worker] DEBUG org.hibernate.mapping.PrimaryKey - Forcing column [id] to be non-null as it is part of the primary key for table [application_role]
17:03:25.831 [Test worker] DEBUG org.hibernate.mapping.PrimaryKey - Forcing column [id] to be non-null as it is part of the primary key for table [tag]
17:03:25.832 [Test worker] DEBUG org.hibernate.mapping.PrimaryKey - Forcing column [id] to be non-null as it is part of the primary key for table [application_user]
17:03:25.832 [Test worker] DEBUG org.hibernate.cfg.CollectionSecondPass - Second pass for collection: com.epam.esm.entity.GiftCertificate.tags
17:03:25.832 [Test worker] DEBUG org.hibernate.cfg.annotations.CollectionBinder - Binding as ManyToMany: com.epam.esm.entity.GiftCertificate.tags
17:03:25.835 [Test worker] DEBUG org.hibernate.mapping.PrimaryKey - Forcing column [certificate_id] to be non-null as it is part of the primary key for table [certificate_tag]
17:03:25.836 [Test worker] DEBUG org.hibernate.mapping.PrimaryKey - Forcing column [tag_id] to be non-null as it is part of the primary key for table [certificate_tag]
17:03:25.836 [Test worker] DEBUG org.hibernate.cfg.CollectionSecondPass - Mapped collection key: certificate_id, element: tag_id
17:03:25.836 [Test worker] DEBUG org.hibernate.cfg.CollectionSecondPass - Second pass for collection: com.epam.esm.entity.GiftCertificate.orderCertificates
17:03:25.837 [Test worker] DEBUG org.hibernate.cfg.annotations.CollectionBinder - Binding a OneToMany: com.epam.esm.entity.GiftCertificate.orderCertificates through a foreign key
17:03:25.837 [Test worker] DEBUG org.hibernate.cfg.annotations.CollectionBinder - Mapping collection: com.epam.esm.entity.GiftCertificate.orderCertificates -> order_certificate
17:03:25.838 [Test worker] DEBUG org.hibernate.cfg.annotations.TableBinder - Retrieving property com.epam.esm.entity.OrderCertificate.certificate
17:03:25.838 [Test worker] DEBUG org.hibernate.cfg.CollectionSecondPass - Mapped collection key: certificate_id, one-to-many: com.epam.esm.entity.OrderCertificate
17:03:25.838 [Test worker] DEBUG org.hibernate.cfg.CollectionSecondPass - Second pass for collection: com.epam.esm.entity.Order.orderCertificates
17:03:25.838 [Test worker] DEBUG org.hibernate.cfg.annotations.CollectionBinder - Binding a OneToMany: com.epam.esm.entity.Order.orderCertificates through a foreign key
17:03:25.838 [Test worker] DEBUG org.hibernate.cfg.annotations.CollectionBinder - Mapping collection: com.epam.esm.entity.Order.orderCertificates -> order_certificate
17:03:25.838 [Test worker] DEBUG org.hibernate.cfg.annotations.TableBinder - Retrieving property com.epam.esm.entity.OrderCertificate.order
17:03:25.838 [Test worker] DEBUG org.hibernate.cfg.CollectionSecondPass - Mapped collection key: order_id, one-to-many: com.epam.esm.entity.OrderCertificate
17:03:25.839 [Test worker] DEBUG org.hibernate.cfg.CollectionSecondPass - Second pass for collection: com.epam.esm.entity.User.orders
17:03:25.839 [Test worker] DEBUG org.hibernate.cfg.annotations.CollectionBinder - Binding a OneToMany: com.epam.esm.entity.User.orders through a foreign key
17:03:25.839 [Test worker] DEBUG org.hibernate.cfg.annotations.CollectionBinder - Mapping collection: com.epam.esm.entity.User.orders -> application_order
17:03:25.839 [Test worker] DEBUG org.hibernate.cfg.annotations.TableBinder - Retrieving property com.epam.esm.entity.Order.user
17:03:25.839 [Test worker] DEBUG org.hibernate.cfg.CollectionSecondPass - Mapped collection key: user_id, one-to-many: com.epam.esm.entity.Order
17:03:25.839 [Test worker] DEBUG org.hibernate.boot.internal.InFlightMetadataCollectorImpl - Resolving reference to class: com.epam.esm.entity.User
17:03:25.842 [Test worker] DEBUG org.hibernate.boot.internal.InFlightMetadataCollectorImpl - Resolving reference to class: com.epam.esm.entity.Role
17:03:25.842 [Test worker] DEBUG org.hibernate.boot.internal.InFlightMetadataCollectorImpl - Resolving reference to class: com.epam.esm.entity.Tag
17:03:25.843 [Test worker] DEBUG org.hibernate.boot.internal.InFlightMetadataCollectorImpl - Resolving reference to class: com.epam.esm.entity.GiftCertificate
17:03:25.843 [Test worker] DEBUG org.hibernate.boot.internal.InFlightMetadataCollectorImpl - Resolving reference to class: com.epam.esm.entity.GiftCertificate
17:03:25.843 [Test worker] DEBUG org.hibernate.boot.internal.InFlightMetadataCollectorImpl - Resolving reference to class: com.epam.esm.entity.Order
17:03:25.845 [Test worker] DEBUG org.hibernate.boot.internal.InFlightMetadataCollectorImpl - Resolving reference to class: com.epam.esm.entity.User
17:03:25.845 [Test worker] DEBUG org.hibernate.boot.internal.InFlightMetadataCollectorImpl - Resolving reference to class: com.epam.esm.entity.Role
17:03:25.845 [Test worker] DEBUG org.hibernate.boot.internal.InFlightMetadataCollectorImpl - Resolving reference to class: com.epam.esm.entity.Tag
17:03:25.845 [Test worker] DEBUG org.hibernate.boot.internal.InFlightMetadataCollectorImpl - Resolving reference to class: com.epam.esm.entity.GiftCertificate
17:03:25.845 [Test worker] DEBUG org.hibernate.boot.internal.InFlightMetadataCollectorImpl - Resolving reference to class: com.epam.esm.entity.GiftCertificate
17:03:25.846 [Test worker] DEBUG org.hibernate.boot.internal.InFlightMetadataCollectorImpl - Resolving reference to class: com.epam.esm.entity.Order
17:03:25.882 [Test worker] DEBUG org.hibernate.internal.SessionFactoryImpl - Building session factory
17:03:25.884 [Test worker] DEBUG org.hibernate.cfg.Settings - SessionFactory name : null
17:03:25.884 [Test worker] DEBUG org.hibernate.cfg.Settings - Automatic flush during beforeCompletion(): enabled
17:03:25.884 [Test worker] DEBUG org.hibernate.cfg.Settings - Automatic session close at end of transaction: disabled
17:03:25.884 [Test worker] DEBUG org.hibernate.cfg.Settings - Statistics: disabled
17:03:25.884 [Test worker] DEBUG org.hibernate.cfg.Settings - Deleted entity synthetic identifier rollback: disabled
17:03:25.884 [Test worker] DEBUG org.hibernate.cfg.Settings - Default entity-mode: pojo
17:03:25.884 [Test worker] DEBUG org.hibernate.cfg.Settings - Check Nullability in Core (should be disabled when Bean Validation is on): enabled
17:03:25.885 [Test worker] DEBUG org.hibernate.cfg.Settings - Allow initialization of lazy state outside session : disabled
17:03:25.885 [Test worker] DEBUG org.hibernate.cfg.Settings - Using BatchFetchStyle : LEGACY
17:03:25.885 [Test worker] DEBUG org.hibernate.cfg.Settings - Default batch fetch size: -1
17:03:25.885 [Test worker] DEBUG org.hibernate.cfg.Settings - Maximum outer join fetch depth: null
17:03:25.885 [Test worker] DEBUG org.hibernate.cfg.Settings - Default null ordering: NONE
17:03:25.885 [Test worker] DEBUG org.hibernate.cfg.Settings - Order SQL updates by primary key: disabled
17:03:25.885 [Test worker] DEBUG org.hibernate.cfg.Settings - Order SQL inserts for batching: disabled
17:03:25.885 [Test worker] DEBUG org.hibernate.cfg.Settings - multi-tenancy strategy : NONE
17:03:25.886 [Test worker] DEBUG org.hibernate.cfg.Settings - JTA Track by Thread: enabled
17:03:25.886 [Test worker] DEBUG org.hibernate.cfg.Settings - Query language substitutions: {}
17:03:25.886 [Test worker] DEBUG org.hibernate.cfg.Settings - Named query checking : enabled
17:03:25.886 [Test worker] DEBUG org.hibernate.cfg.Settings - Second-level cache: disabled
17:03:25.886 [Test worker] DEBUG org.hibernate.cfg.Settings - Second-level query cache: disabled
17:03:25.886 [Test worker] DEBUG org.hibernate.cfg.Settings - Second-level query cache factory: null
17:03:25.886 [Test worker] DEBUG org.hibernate.cfg.Settings - Second-level cache region prefix: null
17:03:25.886 [Test worker] DEBUG org.hibernate.cfg.Settings - Optimize second-level cache for minimal puts: disabled
17:03:25.887 [Test worker] DEBUG org.hibernate.cfg.Settings - Structured second-level cache entries: disabled
17:03:25.887 [Test worker] DEBUG org.hibernate.cfg.Settings - Second-level cache direct-reference entries: disabled
17:03:25.887 [Test worker] DEBUG org.hibernate.cfg.Settings - Automatic eviction of collection cache: disabled
17:03:25.887 [Test worker] DEBUG org.hibernate.cfg.Settings - JDBC batch size: 15
17:03:25.887 [Test worker] DEBUG org.hibernate.cfg.Settings - JDBC batch updates for versioned data: enabled
17:03:25.887 [Test worker] DEBUG org.hibernate.cfg.Settings - Scrollable result sets: enabled
17:03:25.887 [Test worker] DEBUG org.hibernate.cfg.Settings - Wrap result sets: disabled
17:03:25.887 [Test worker] DEBUG org.hibernate.cfg.Settings - JDBC3 getGeneratedKeys(): enabled
17:03:25.888 [Test worker] DEBUG org.hibernate.cfg.Settings - JDBC result set fetch size: null
17:03:25.888 [Test worker] DEBUG org.hibernate.cfg.Settings - Connection release mode: ON_CLOSE
17:03:25.888 [Test worker] DEBUG org.hibernate.cfg.Settings - Generate SQL with comments: disabled
17:03:25.888 [Test worker] DEBUG org.hibernate.cfg.Settings - JPA compliance - query : 
17:03:25.888 [Test worker] DEBUG org.hibernate.cfg.Settings - JPA compliance - closed-handling : 
17:03:25.888 [Test worker] DEBUG org.hibernate.cfg.Settings - JPA compliance - lists : 
17:03:25.888 [Test worker] DEBUG org.hibernate.cfg.Settings - JPA compliance - transactions : 
17:03:25.960 [Test worker] DEBUG org.hibernate.jpa.event.internal.CallbackBuilderLegacyImpl - Adding onPrePersist as PrePersist callback for entity com.epam.esm.entity.Order
17:03:25.979 [Test worker] DEBUG org.hibernate.internal.SessionFactoryImpl - Session factory constructed with filter configurations : {}
17:03:25.979 [Test worker] DEBUG org.hibernate.internal.SessionFactoryImpl - Instantiating session factory with properties: {gopherProxySet=false, awt.toolkit=sun.lwawt.macosx.LWCToolkit, hibernate.id.new_generator_mappings=true, java.specification.version=11, sun.cpu.isalist=, hibernate.resource.beans.container=org.springframework.orm.hibernate5.SpringBeanContainer@2c4450f0, hibernate.connection.handling_mode=DELAYED_ACQUISITION_AND_HOLD, sun.jnu.encoding=UTF-8, hibernate.dialect=org.hibernate.dialect.H2Dialect, org.gradle.test.worker=3, hibernate.implicit_naming_strategy=org.springframework.boot.orm.jpa.hibernate.SpringImplicitNamingStrategy, java.class.path=/Users/dzmitryplatonov/.gradle/caches/5.6.2/workerMain/gradle-worker.jar:/Users/dzmitryplatonov/Desktop/workdir/giftcertificates/datasource/build/classes/java/test:/Users/dzmitryplatonov/Desktop/workdir/giftcertificates/datasource/build/resources/test:/Users/dzmitryplatonov/Desktop/workdir/giftcertificates/datasource/build/classes/java/main:/Users/dzmitryplatonov/Desktop/workdir/giftcertificates/datasource/build/resources/main:/Users/dzmitryplatonov/.m2/repository/org/apache/logging/log4j/log4j-web/2.11.2/log4j-web-2.11.2.jar:/Users/dzmitryplatonov/.m2/repository/org/apache/logging/log4j/log4j-core/2.11.2/log4j-core-2.11.2.jar:/Users/dzmitryplatonov/.gradle/caches/modules-2/files-2.1/org.springframework.boot/spring-boot-starter-web/2.1.9.RELEASE/2063870234eebbda3c09dddf9853477fe9e4a719/spring-boot-starter-web-2.1.9.RELEASE.jar:/Users/dzmitryplatonov/.gradle/caches/modules-2/files-2.1/org.springframework.boot/spring-boot-starter-security/2.1.9.RELEASE/bde048665003362d9e16aa75a8804f90dce1d31e/spring-boot-starter-security-2.1.9.RELEASE.jar:/Users/dzmitryplatonov/.gradle/caches/modules-2/files-2.1/org.springframework.boot/spring-boot-starter-data-jpa/2.1.9.RELEASE/784d6d5c525c2dd9fac31031ee6ca2ec8b067af5/spring-boot-starter-data-jpa-2.1.9.RELEASE.jar:/Users/dzmitryplatonov/.gradle/caches/modules-2/files-2.1/org.springframework.boot/spring-boot-starter-aop/2.1.9.RELEASE/74226b26cf15952f639deca38fe919701755c97b/spring-boot-starter-aop-2.1.9.RELEASE.jar:/Users/dzmitryplatonov/.gradle/caches/modules-2/files-2.1/org.springframework.boot/spring-boot-starter-jdbc/2.1.9.RELEASE/3f7d1d67669dfa0ea4ff9216afbeef5bc6a58ecb/spring-boot-starter-jdbc-2.1.9.RELEASE.jar:/Users/dzmitryplatonov/.gradle/caches/modules-2/files-2.1/org.springframework.boot/spring-boot-starter-json/2.1.9.RELEASE/53bdf52bc28b7e753874e0136fb33c9eab184276/spring-boot-starter-json-2.1.9.RELEASE.jar:/Users/dzmitryplatonov/.gradle/caches/modules-2/files-2.1/org.springframework.boot/spring-boot-starter/2.1.9.RELEASE/45d7afa2d9aab4b2984f2c330f507797fbcf501f/spring-boot-starter-2.1.9.RELEASE.jar:/Users/dzmitryplatonov/.gradle/caches/modules-2/files-2.1/org.springframework.boot/spring-boot-starter-logging/2.1.9.RELEASE/802b562b0c602ae9242b659a28b9bf89ca689b2d/spring-boot-starter-logging-2.1.9.RELEASE.jar:/Users/dzmitryplatonov/.m2/repository/org/apache/logging/log4j/log4j-to-slf4j/2.11.2/log4j-to-slf4j-2.11.2.jar:/Users/dzmitryplatonov/.m2/repository/org/apache/logging/log4j/log4j-api/2.11.2/log4j-api-2.11.2.jar:/Users/dzmitryplatonov/.m2/repository/org/hibernate/validator/hibernate-validator/6.0.17.Final/hibernate-validator-6.0.17.Final.jar:/Users/dzmitryplatonov/.m2/repository/javax/validation/validation-api/2.0.1.Final/validation-api-2.0.1.Final.jar:/Users/dzmitryplatonov/.gradle/caches/modules-2/files-2.1/org.springframework.security.oauth.boot/spring-security-oauth2-autoconfigure/2.1.9.RELEASE/abbbf98ebc0454774162add4b412a7ee5da66877/spring-security-oauth2-autoconfigure-2.1.9.RELEASE.jar:/Users/dzmitryplatonov/.gradle/caches/modules-2/files-2.1/com.auth0/jwks-rsa/0.9.0/6e3a813bce7eb07327f2a5384fb178eb21469338/jwks-rsa-0.9.0.jar:/Users/dzmitryplatonov/.gradle/caches/modules-2/files-2.1/io.jsonwebtoken/jjwt/0.9.1/54d2abfc3e63a28824d35bf600d6a5d627da681a/jjwt-0.9.1.jar:/Users/dzmitryplatonov/.gradle/caches/modules-2/files-2.1/io.jsonwebtoken/jjwt-jackson/0.10.7/52b5a612da95a0c0edc867ccac65bb0f6762ed7b/jjwt-jackson-0.10.7.jar:/Users/dzmitryplatonov/.m2/repository/com/fasterxml/jackson/datatype/jackson-datatype-jsr310/2.9.9/jackson-datatype-jsr310-2.9.9.jar:/Users/dzmitryplatonov/.m2/repository/com/fasterxml/jackson/datatype/jackson-datatype-jdk8/2.9.9/jackson-datatype-jdk8-2.9.9.jar:/Users/dzmitryplatonov/.m2/repository/com/fasterxml/jackson/module/jackson-module-parameter-names/2.9.9/jackson-module-parameter-names-2.9.9.jar:/Users/dzmitryplatonov/.gradle/caches/modules-2/files-2.1/com.fasterxml.jackson.core/jackson-databind/2.10.0.pr3/4e17238b159dcd1167b095024fe07f41da1e37ac/jackson-databind-2.10.0.pr3.jar:/Users/dzmitryplatonov/.gradle/caches/modules-2/files-2.1/com.fasterxml.jackson.core/jackson-annotations/2.10.0.pr3/6c99a6d972b8bdd92192bef4b0ff5df164e9cafc/jackson-annotations-2.10.0.pr3.jar:/Users/dzmitryplatonov/.m2/repository/org/springframework/hateoas/spring-hateoas/0.25.1.RELEASE/spring-hateoas-0.25.1.RELEASE.jar:/Users/dzmitryplatonov/.m2/repository/org/springframework/plugin/spring-plugin-core/1.2.0.RELEASE/spring-plugin-core-1.2.0.RELEASE.jar:/Users/dzmitryplatonov/.gradle/caches/modules-2/files-2.1/org.springframework.security/spring-security-oauth2-client/5.1.6.RELEASE/8a77b659f7f6616ca5970796c04106595819f4eb/spring-security-oauth2-client-5.1.6.RELEASE.jar:/Users/dzmitryplatonov/.gradle/caches/modules-2/files-2.1/org.springframework.security/spring-security-oauth2-jose/5.1.6.RELEASE/78f947f9b1ee235f7efbb697e15acd05e16d009a/spring-security-oauth2-jose-5.1.6.RELEASE.jar:/Users/dzmitryplatonov/.gradle/caches/modules-2/files-2.1/org.springframework.security/spring-security-openid/5.2.0.RELEASE/e67725a379bcc03c3edd571d6fec4800b2313a00/spring-security-openid-5.2.0.RELEASE.jar:/Users/dzmitryplatonov/.gradle/caches/modules-2/files-2.1/org.springframework.data/spring-data-jpa/2.1.11.RELEASE/b774364187f5e68379b8c3121232a04686a0325c/spring-data-jpa-2.1.11.RELEASE.jar:/Users/dzmitryplatonov/.gradle/caches/modules-2/files-2.1/org.springframework/spring-orm/5.1.10.RELEASE/ce92238d65405408387b1ae7a5dd5a280f7ea29f/spring-orm-5.1.10.RELEASE.jar:/Users/dzmitryplatonov/.gradle/caches/modules-2/files-2.1/org.springframework/spring-jdbc/5.1.10.RELEASE/48957bfad9656fdba9263539e2fa8f3034939ba8/spring-jdbc-5.1.10.RELEASE.jar:/Users/dzmitryplatonov/.m2/repository/org/postgresql/postgresql/42.2.8/postgresql-42.2.8.jar:/Users/dzmitryplatonov/.gradle/caches/modules-2/files-2.1/org.springframework.boot/spring-boot-starter-tomcat/2.1.9.RELEASE/99bef08a0b7fd10ff9827f0f8e6f49b97cbabf7f/spring-boot-starter-tomcat-2.1.9.RELEASE.jar:/Users/dzmitryplatonov/.m2/repository/javax/annotation/javax.annotation-api/1.3.2/javax.annotation-api-1.3.2.jar:/Users/dzmitryplatonov/.gradle/caches/modules-2/files-2.1/io.jsonwebtoken/jjwt-impl/0.10.7/49cf3b0b6f10eb024104ae39c111c1fd0cd3be64/jjwt-impl-0.10.7.jar:/Users/dzmitryplatonov/.gradle/caches/modules-2/files-2.1/org.junit.jupiter/junit-jupiter-params/5.2.0/d70083080bf3400c181562919cb03bf7588104e1/junit-jupiter-params-5.2.0.jar:/Users/dzmitryplatonov/.gradle/caches/modules-2/files-2.1/org.mockito/mockito-junit-jupiter/2.18.3/827104c6aed482c68159faf320f44f5eb5b03bd/mockito-junit-jupiter-2.18.3.jar:/Users/dzmitryplatonov/.m2/repository/org/mockito/mockito-core/2.28.2/mockito-core-2.28.2.jar:/Users/dzmitryplatonov/.m2/repository/com/h2database/h2/1.4.197/h2-1.4.197.jar:/Users/dzmitryplatonov/.gradle/caches/modules-2/files-2.1/org.springframework/spring-test/5.0.1.RELEASE/47dee3bebbcbcaff1be786b6c0db654ba7376eb9/spring-test-5.0.1.RELEASE.jar:/Users/dzmitryplatonov/.gradle/caches/modules-2/files-2.1/org.junit.jupiter/junit-jupiter-engine/5.3.1/e2676b1786c57a80eb98f5bebd51a3d05e228c40/junit-jupiter-engine-5.3.1.jar:/Users/dzmitryplatonov/.gradle/caches/modules-2/files-2.1/org.junit.jupiter/junit-jupiter-api/5.3.1/a7e97eac2784395cb991403f9641b042ad972941/junit-jupiter-api-5.3.1.jar:/Users/dzmitryplatonov/.gradle/caches/modules-2/files-2.1/org.hibernate/hibernate-core/5.3.12.Final/e1929362fe24a9f62142d18f1ac5b0d7f278ef22/hibernate-core-5.3.12.Final.jar:/Users/dzmitryplatonov/.m2/repository/org/hibernate/common/hibernate-commons-annotations/5.0.4.Final/hibernate-commons-annotations-5.0.4.Final.jar:/Users/dzmitryplatonov/.m2/repository/org/jboss/logging/jboss-logging/3.3.2.Final/jboss-logging-3.3.2.Final.jar:/Users/dzmitryplatonov/.m2/repository/com/fasterxml/classmate/1.3.4/classmate-1.3.4.jar:/Users/dzmitryplatonov/.gradle/caches/modules-2/files-2.1/com.fasterxml.jackson.core/jackson-core/2.10.0.pr3/1d2f9b816bcd00130ddc9dae6c99f7b533afcc73/jackson-core-2.10.0.pr3.jar:/Users/dzmitryplatonov/.gradle/caches/modules-2/files-2.1/org.springframework.security.oauth/spring-security-oauth2/2.3.5.RELEASE/7969f5363398d6d3788bef1740b2ab9509043d51/spring-security-oauth2-2.3.5.RELEASE.jar:/Users/dzmitryplatonov/.gradle/caches/modules-2/files-2.1/org.springframework/spring-webmvc/5.1.10.RELEASE/67b6da7852e89bc0df6ce36a263ac4377fe48e27/spring-webmvc-5.1.10.RELEASE.jar:/Users/dzmitryplatonov/.m2/repository/org/springframework/security/spring-security-config/5.1.6.RELEASE/spring-security-config-5.1.6.RELEASE.jar:/Users/dzmitryplatonov/.gradle/caches/modules-2/files-2.1/org.springframework.security/spring-security-oauth2-core/5.1.6.RELEASE/f3b2623760154aac86d32427696842c7c3d85326/spring-security-oauth2-core-5.1.6.RELEASE.jar:/Users/dzmitryplatonov/.gradle/caches/modules-2/files-2.1/org.springframework.security/spring-security-web/5.2.0.RELEASE/a9ff06ad3fd66cd08545e1a601c66d2256c86e0f/spring-security-web-5.2.0.RELEASE.jar:/Users/dzmitryplatonov/.gradle/caches/modules-2/files-2.1/org.springframework.security/spring-security-core/5.2.0.RELEASE/1c8f36e316a74c245073ce2a70bdf198a58424f6/spring-security-core-5.2.0.RELEASE.jar:/Users/dzmitryplatonov/.gradle/caches/modules-2/files-2.1/org.springframework.boot/spring-boot-autoconfigure/2.1.9.RELEASE/aa6d5e0fef585bec64543b9b8f944a94060e710a/spring-boot-autoconfigure-2.1.9.RELEASE.jar:/Users/dzmitryplatonov/.gradle/caches/modules-2/files-2.1/org.springframework.boot/spring-boot/2.1.9.RELEASE/b18e7287a82ee06c6bb4e79423c25c05b8303dc1/spring-boot-2.1.9.RELEASE.jar:/Users/dzmitryplatonov/.gradle/caches/modules-2/files-2.1/org.springframework/spring-context/5.2.0.RELEASE/a2638a8295f13ed8511c98a2379507677e1d16fa/spring-context-5.2.0.RELEASE.jar:/Users/dzmitryplatonov/.gradle/caches/modules-2/files-2.1/org.springframework/spring-aop/5.2.0.RELEASE/7031d44f063ea68e49b881a985967e7f2c144f3b/spring-aop-5.2.0.RELEASE.jar:/Users/dzmitryplatonov/.gradle/caches/modules-2/files-2.1/org.springframework/spring-web/5.2.0.RELEASE/d5b064196dc014519e751df549b4cc6a753fb191/spring-web-5.2.0.RELEASE.jar:/Users/dzmitryplatonov/.gradle/caches/modules-2/files-2.1/org.springframework.data/spring-data-commons/2.1.11.RELEASE/dace2a47d274ac5f0ac3ff2f47cb0b936bef5b46/spring-data-commons-2.1.11.RELEASE.jar:/Users/dzmitryplatonov/.gradle/caches/modules-2/files-2.1/org.springframework/spring-tx/5.1.10.RELEASE/c32ebb7fb1be3b733304b7873c31817dd434479a/spring-tx-5.1.10.RELEASE.jar:/Users/dzmitryplatonov/.gradle/caches/modules-2/files-2.1/org.springframework/spring-beans/5.2.0.RELEASE/3ae97694618c59e6af695a15e54fabb7e319776/spring-beans-5.2.0.RELEASE.jar:/Users/dzmitryplatonov/.gradle/caches/modules-2/files-2.1/org.springframework/spring-expression/5.2.0.RELEASE/ac6a616451129e717979f18d2bff40528698a46e/spring-expression-5.2.0.RELEASE.jar:/Users/dzmitryplatonov/.gradle/caches/modules-2/files-2.1/org.springframework/spring-core/5.2.0.RELEASE/e0e1b3c304f70ed19d7905975f6f990916ada219/spring-core-5.2.0.RELEASE.jar:/Users/dzmitryplatonov/.m2/repository/com/zaxxer/HikariCP/3.2.0/HikariCP-3.2.0.jar:/Users/dzmitryplatonov/.m2/repository/ch/qos/logback/logback-classic/1.2.3/logback-classic-1.2.3.jar:/Users/dzmitryplatonov/.m2/repository/org/slf4j/jul-to-slf4j/1.7.28/jul-to-slf4j-1.7.28.jar:/Users/dzmitryplatonov/.m2/repository/org/slf4j/slf4j-api/1.7.28/slf4j-api-1.7.28.jar:/Users/dzmitryplatonov/.m2/repository/javax/transaction/javax.transaction-api/1.3/javax.transaction-api-1.3.jar:/Users/dzmitryplatonov/.gradle/caches/modules-2/files-2.1/org.glassfish.jaxb/jaxb-runtime/2.3.1/dd6dda9da676a54c5b36ca2806ff95ee017d8738/jaxb-runtime-2.3.1.jar:/Users/dzmitryplatonov/.m2/repository/javax/xml/bind/jaxb-api/2.3.1/jaxb-api-2.3.1.jar:/Users/dzmitryplatonov/.gradle/caches/modules-2/files-2.1/org.springframework/spring-aspects/5.1.10.RELEASE/b0364caabcde96dc6385480d0f9270613ab04511/spring-aspects-5.1.10.RELEASE.jar:/Users/dzmitryplatonov/.gradle/caches/modules-2/files-2.1/org.springframework.security/spring-security-jwt/1.0.10.RELEASE/19a1ca7a83e9d263a31af5f529da460f8f863451/spring-security-jwt-1.0.10.RELEASE.jar:/Users/dzmitryplatonov/.gradle/caches/modules-2/files-2.1/com.nimbusds/oauth2-oidc-sdk/6.0/e731f0b62727a46ae6d6fded62b5678d28273c3c/oauth2-oidc-sdk-6.0.jar:/Users/dzmitryplatonov/.gradle/caches/modules-2/files-2.1/com.nimbusds/nimbus-jose-jwt/6.0.2/81605278e5df1cf4c3774851649b85cade077fa5/nimbus-jose-jwt-6.0.2.jar:/Users/dzmitryplatonov/.gradle/caches/modules-2/files-2.1/com.google.inject/guice/3.0/9d84f15fe35e2c716a02979fb62f50a29f38aefa/guice-3.0.jar:/Users/dzmitryplatonov/.gradle/caches/modules-2/files-2.1/org.openid4java/openid4java-nodeps/0.9.6/52ca394f5f6d38b78e35a5a6a0a341dc5b3aaf34/openid4java-nodeps-0.9.6.jar:/Users/dzmitryplatonov/.gradle/caches/modules-2/files-2.1/net.sourceforge.nekohtml/nekohtml/1.9.22/4f54af68ecb345f2453fb6884672ad08414154e3/nekohtml-1.9.22.jar:/Users/dzmitryplatonov/.gradle/caches/modules-2/files-2.1/org.apache.httpcomponents/httpclient/4.5.10/7ca2e4276f4ef95e4db725a8cd4a1d1e7585b9e5/httpclient-4.5.10.jar:/Users/dzmitryplatonov/.gradle/caches/modules-2/files-2.1/commons-codec/commons-codec/1.13/3f18e1aa31031d89db6f01ba05d501258ce69d2c/commons-codec-1.13.jar:/Users/dzmitryplatonov/.m2/repository/commons-io/commons-io/2.6/commons-io-2.6.jar:/Users/dzmitryplatonov/.gradle/caches/modules-2/files-2.1/com.google.guava/guava/27.1-jre/e47b59c893079b87743cdcfb6f17ca95c08c592c/guava-27.1-jre.jar:/Users/dzmitryplatonov/.gradle/caches/modules-2/files-2.1/io.jsonwebtoken/jjwt-api/0.10.7/52e888d8424d3c788e23fedfbfc65ce36830ab1a/jjwt-api-0.10.7.jar:/Users/dzmitryplatonov/.m2/repository/org/junit/platform/junit-platform-engine/1.3.1/junit-platform-engine-1.3.1.jar:/Users/dzmitryplatonov/.m2/repository/org/junit/platform/junit-platform-commons/1.3.1/junit-platform-commons-1.3.1.jar:/Users/dzmitryplatonov/.m2/repository/org/apiguardian/apiguardian-api/1.0.0/apiguardian-api-1.0.0.jar:/Users/dzmitryplatonov/.gradle/caches/modules-2/files-2.1/net.bytebuddy/byte-buddy/1.9.11/985bbce599f92d6440582a7d1a5231bfaae9970f/byte-buddy-1.9.11.jar:/Users/dzmitryplatonov/.m2/repository/net/bytebuddy/byte-buddy-agent/1.9.10/byte-buddy-agent-1.9.10.jar:/Users/dzmitryplatonov/.m2/repository/org/objenesis/objenesis/2.6/objenesis-2.6.jar:/Users/dzmitryplatonov/.m2/repository/org/opentest4j/opentest4j/1.1.1/opentest4j-1.1.1.jar:/Users/dzmitryplatonov/.m2/repository/org/aspectj/aspectjweaver/1.9.4/aspectjweaver-1.9.4.jar:/Users/dzmitryplatonov/.m2/repository/javax/activation/javax.activation-api/1.2.0/javax.activation-api-1.2.0.jar:/Users/dzmitryplatonov/.m2/repository/javax/persistence/javax.persistence-api/2.2/javax.persistence-api-2.2.jar:/Users/dzmitryplatonov/.m2/repository/org/javassist/javassist/3.23.2-GA/javassist-3.23.2-GA.jar:/Users/dzmitryplatonov/.m2/repository/antlr/antlr/2.7.7/antlr-2.7.7.jar:/Users/dzmitryplatonov/.m2/repository/org/jboss/jandex/2.0.5.Final/jandex-2.0.5.Final.jar:/Users/dzmitryplatonov/.m2/repository/org/dom4j/dom4j/2.1.1/dom4j-2.1.1.jar:/Users/dzmitryplatonov/.m2/repository/org/yaml/snakeyaml/1.23/snakeyaml-1.23.jar:/Users/dzmitryplatonov/.gradle/caches/modules-2/files-2.1/org.apache.tomcat.embed/tomcat-embed-websocket/9.0.26/8991b1bd82c5745e95a9161472a92dc1e5c7148e/tomcat-embed-websocket-9.0.26.jar:/Users/dzmitryplatonov/.gradle/caches/modules-2/files-2.1/org.apache.tomcat.embed/tomcat-embed-core/9.0.26/6312ba542bc58fa9ee789a43516ce4d862548a6b/tomcat-embed-core-9.0.26.jar:/Users/dzmitryplatonov/.gradle/caches/modules-2/files-2.1/org.apache.tomcat.embed/tomcat-embed-el/9.0.26/a551f05d3ecf5434eaadd75e0b51519447df124/tomcat-embed-el-9.0.26.jar:/Users/dzmitryplatonov/.gradle/caches/modules-2/files-2.1/org.codehaus.jackson/jackson-mapper-asl/1.9.13/1ee2f2bed0e5dd29d1cb155a166e6f8d50bbddb7/jackson-mapper-asl-1.9.13.jar:/Users/dzmitryplatonov/.gradle/caches/modules-2/files-2.1/org.bouncycastle/bcpkix-jdk15on/1.60/d0c46320fbc07be3a24eb13a56cee4e3d38e0c75/bcpkix-jdk15on-1.60.jar:/Users/dzmitryplatonov/.gradle/caches/modules-2/files-2.1/org.glassfish.jaxb/txw2/2.3.1/a09d2c48d3285f206fafbffe0e50619284e92126/txw2-2.3.1.jar:/Users/dzmitryplatonov/.gradle/caches/modules-2/files-2.1/com.sun.istack/istack-commons-runtime/3.0.7/c197c86ceec7318b1284bffb49b54226ca774003/istack-commons-runtime-3.0.7.jar:/Users/dzmitryplatonov/.gradle/caches/modules-2/files-2.1/org.jvnet.staxex/stax-ex/1.8/8cc35f73da321c29973191f2cf143d29d26a1df7/stax-ex-1.8.jar:/Users/dzmitryplatonov/.gradle/caches/modules-2/files-2.1/com.sun.xml.fastinfoset/FastInfoset/1.2.15/bb7b7ec0379982b97c62cd17465cb6d9155f68e8/FastInfoset-1.2.15.jar:/Users/dzmitryplatonov/.gradle/caches/modules-2/files-2.1/com.sun.mail/javax.mail/1.6.1/757ba4630692bb2a1ec2d9d57a616b63f15e947e/javax.mail-1.6.1.jar:/Users/dzmitryplatonov/.gradle/caches/modules-2/files-2.1/com.github.stephenc.jcip/jcip-annotations/1.0-1/ef31541dd28ae2cefdd17c7ebf352d93e9058c63/jcip-annotations-1.0-1.jar:/Users/dzmitryplatonov/.m2/repository/net/minidev/json-smart/2.3/json-smart-2.3.jar:/Users/dzmitryplatonov/.gradle/caches/modules-2/files-2.1/com.nimbusds/lang-tag/1.4.4/1db9a709239ae473a69b5424c7e78d0b7108229d/lang-tag-1.4.4.jar:/Users/dzmitryplatonov/.gradle/caches/modules-2/files-2.1/org.springframework/spring-jcl/5.2.0.RELEASE/59b53ab6f01dd3ba85875b61a284c161584c18a3/spring-jcl-5.2.0.RELEASE.jar:/Users/dzmitryplatonov/.m2/repository/javax/inject/javax.inject/1/javax.inject-1.jar:/Users/dzmitryplatonov/.gradle/caches/modules-2/files-2.1/org.sonatype.sisu.inject/cglib/2.2.1-v20090111/7ce5e983fd0e6c78346f4c9cbfa39d83049dda2/cglib-2.2.1-v20090111.jar:/Users/dzmitryplatonov/.m2/repository/commons-logging/commons-logging/1.2/commons-logging-1.2.jar:/Users/dzmitryplatonov/.m2/repository/net/jcip/jcip-annotations/1.0/jcip-annotations-1.0.jar:/Users/dzmitryplatonov/.m2/repository/xerces/xercesImpl/2.11.0/xercesImpl-2.11.0.jar:/Users/dzmitryplatonov/.gradle/caches/modules-2/files-2.1/org.apache.httpcomponents/httpcore/4.4.12/21ebaf6d532bc350ba95bd81938fa5f0e511c132/httpcore-4.4.12.jar:/Users/dzmitryplatonov/.gradle/caches/modules-2/files-2.1/com.google.guava/failureaccess/1.0.1/1dcf1de382a0bf95a3d8b0849546c88bac1292c9/failureaccess-1.0.1.jar:/Users/dzmitryplatonov/.gradle/caches/modules-2/files-2.1/com.google.guava/listenablefuture/9999.0-empty-to-avoid-conflict-with-guava/b421526c5f297295adef1c886e5246c39d4ac629/listenablefuture-9999.0-empty-to-avoid-conflict-with-guava.jar:/Users/dzmitryplatonov/.m2/repository/com/google/code/findbugs/jsr305/3.0.2/jsr305-3.0.2.jar:/Users/dzmitryplatonov/.gradle/caches/modules-2/files-2.1/org.checkerframework/checker-qual/2.5.2/cea74543d5904a30861a61b4643a5f2bb372efc4/checker-qual-2.5.2.jar:/Users/dzmitryplatonov/.gradle/caches/modules-2/files-2.1/com.google.errorprone/error_prone_annotations/2.2.0/88e3c593e9b3586e1c6177f89267da6fc6986f0c/error_prone_annotations-2.2.0.jar:/Users/dzmitryplatonov/.gradle/caches/modules-2/files-2.1/com.google.j2objc/j2objc-annotations/1.1/ed28ded51a8b1c6b112568def5f4b455e6809019/j2objc-annotations-1.1.jar:/Users/dzmitryplatonov/.gradle/caches/modules-2/files-2.1/org.codehaus.mojo/animal-sniffer-annotations/1.17/f97ce6decaea32b36101e37979f8b647f00681fb/animal-sniffer-annotations-1.17.jar:/Users/dzmitryplatonov/.gradle/caches/modules-2/files-2.1/org.codehaus.jackson/jackson-core-asl/1.9.13/3c304d70f42f832e0a86d45bd437f692129299a4/jackson-core-asl-1.9.13.jar:/Users/dzmitryplatonov/.gradle/caches/modules-2/files-2.1/org.bouncycastle/bcprov-jdk15on/1.60/bd47ad3bd14b8e82595c7adaa143501e60842a84/bcprov-jdk15on-1.60.jar:/Users/dzmitryplatonov/.m2/repository/javax/activation/activation/1.1/activation-1.1.jar:/Users/dzmitryplatonov/.m2/repository/net/minidev/accessors-smart/1.2/accessors-smart-1.2.jar:/Users/dzmitryplatonov/.gradle/caches/modules-2/files-2.1/asm/asm/3.1/c157def142714c544bdea2e6144645702adf7097/asm-3.1.jar:/Users/dzmitryplatonov/.m2/repository/xml-apis/xml-apis/1.4.01/xml-apis-1.4.01.jar:/Users/dzmitryplatonov/.m2/repository/ch/qos/logback/logback-core/1.2.3/logback-core-1.2.3.jar:/Users/dzmitryplatonov/.gradle/caches/modules-2/files-2.1/org.apache.tomcat/tomcat-annotations-api/9.0.26/bb4574456c5db64acfcd2aa6f426d87e6c05a772/tomcat-annotations-api-9.0.26.jar:/Users/dzmitryplatonov/.m2/repository/org/ow2/asm/asm/5.0.4/asm-5.0.4.jar, java.vm.vendor=Oracle Corporation, sun.arch.data.model=64, user.variant=, java.vendor.url=http://java.oracle.com/, user.timezone=Europe/Minsk, os.name=Mac OS X, java.vm.specification.version=11, javax.persistence.validation.mode=AUTO, user.country=BY, sun.java.launcher=SUN_STANDARD, sun.boot.library.path=/Library/Java/JavaVirtualMachines/jdk-11.0.4.jdk/Contents/Home/lib, sun.java.command=worker.org.gradle.process.internal.worker.GradleWorkerMain 'Gradle Test Executor 3', hibernate.transaction.jta.platform=org.hibernate.engine.transaction.jta.platform.internal.NoJtaPlatform@49975967, http.nonProxyHosts=local|*.local|169.254/16|*.169.254/16, javax.persistence.sharedCache.mode=UNSPECIFIED, jdk.debug=release, sun.cpu.endian=little, user.home=/Users/dzmitryplatonov, user.language=ru, java.specification.vendor=Oracle Corporation, org.gradle.native=false, java.version.date=2019-07-16, java.home=/Library/Java/JavaVirtualMachines/jdk-11.0.4.jdk/Contents/Home, file.separator=/, java.vm.compressedOopsMode=Zero based, line.separator=
, java.specification.name=Java Platform API Specification, java.vm.specification.vendor=Oracle Corporation, hibernate.transaction.coordinator_class=class org.hibernate.resource.transaction.backend.jdbc.internal.JdbcResourceLocalTransactionCoordinatorBuilderImpl, java.awt.graphicsenv=sun.awt.CGraphicsEnvironment, hibernate.hbm2ddl.auto=create-drop, sun.management.compiler=HotSpot 64-Bit Tiered Compilers, ftp.nonProxyHosts=local|*.local|169.254/16|*.169.254/16, java.runtime.version=11.0.4+10-LTS, user.name=dzmitryplatonov, path.separator=:, os.version=10.14.6, java.runtime.name=Java(TM) SE Runtime Environment, file.encoding=UTF-8, hibernate.ejb.persistenceUnitName=default, java.vm.name=Java HotSpot(TM) 64-Bit Server VM, java.vendor.version=18.9, java.vendor.url.bug=http://bugreport.java.com/bugreport/, java.io.tmpdir=/var/folders/nm/5f650mms7n577yq7w4kkdfl80000gn/T/, com.zaxxer.hikari.pool_number=1, java.version=11.0.4, hibernate.physical_naming_strategy=org.springframework.boot.orm.jpa.hibernate.SpringPhysicalNamingStrategy, user.dir=/Users/dzmitryplatonov/Desktop/workdir/giftcertificates/datasource, os.arch=x86_64, java.vm.specification.name=Java Virtual Machine Specification, java.awt.printerjob=sun.lwawt.macosx.CPrinterJob, sun.os.patch.level=unknown, hibernate.boot.CfgXmlAccessService.key=org.hibernate.boot.cfgxml.spi.LoadedConfig@238e09f7, java.library.path=/Users/dzmitryplatonov/Library/Java/Extensions:/Library/Java/Extensions:/Network/Library/Java/Extensions:/System/Library/Java/Extensions:/usr/lib/java:., java.vendor=Oracle Corporation, java.vm.info=mixed mode, java.vm.version=11.0.4+10-LTS, hibernate.bytecode.use_reflection_optimizer=false, sun.io.unicode.encoding=UnicodeBig, hibernate.connection.datasource=HikariDataSource (HikariPool-1), socksNonProxyHosts=local|*.local|169.254/16|*.169.254/16, java.class.version=55.0}
17:03:26.033 [Test worker] INFO org.hibernate.validator.internal.util.Version - HV000001: Hibernate Validator 6.0.17.Final
17:03:26.045 [Test worker] DEBUG org.hibernate.validator.internal.engine.resolver.TraversableResolvers - Found javax.persistence.Persistence on classpath containing 'getPersistenceUtil'. Assuming JPA 2 environment. Trying to instantiate JPA aware TraversableResolver
17:03:26.046 [Test worker] DEBUG org.hibernate.validator.internal.engine.resolver.TraversableResolvers - Instantiated JPA aware TraversableResolver of type org.hibernate.validator.internal.engine.resolver.JPATraversableResolver.
17:03:26.050 [Test worker] DEBUG org.hibernate.validator.internal.xml.config.ValidationXmlParser - Trying to load META-INF/validation.xml for XML based Validator configuration.
17:03:26.051 [Test worker] DEBUG org.hibernate.validator.internal.xml.config.ResourceLoaderHelper - Trying to load META-INF/validation.xml via TCCL
17:03:26.052 [Test worker] DEBUG org.hibernate.validator.internal.xml.config.ResourceLoaderHelper - Trying to load META-INF/validation.xml via Hibernate Validator's class loader
17:03:26.052 [Test worker] DEBUG org.hibernate.validator.internal.xml.config.ValidationXmlParser - No META-INF/validation.xml found. Using annotation based configuration only.
17:03:26.197 [Test worker] DEBUG org.hibernate.validator.messageinterpolation.ResourceBundleMessageInterpolator - Loaded expression factory via original TCCL
17:03:26.205 [Test worker] DEBUG org.hibernate.validator.internal.engine.ValidatorFactoryImpl - HV000234: Using org.hibernate.validator.messageinterpolation.ResourceBundleMessageInterpolator as ValidatorFactory-scoped message interpolator.
17:03:26.205 [Test worker] DEBUG org.hibernate.validator.internal.engine.ValidatorFactoryImpl - HV000234: Using org.hibernate.validator.internal.engine.resolver.JPATraversableResolver as ValidatorFactory-scoped traversable resolver.
17:03:26.205 [Test worker] DEBUG org.hibernate.validator.internal.engine.ValidatorFactoryImpl - HV000234: Using org.hibernate.validator.internal.util.ExecutableParameterNameProvider as ValidatorFactory-scoped parameter name provider.
17:03:26.205 [Test worker] DEBUG org.hibernate.validator.internal.engine.ValidatorFactoryImpl - HV000234: Using org.hibernate.validator.internal.engine.DefaultClockProvider as ValidatorFactory-scoped clock provider.
17:03:26.206 [Test worker] DEBUG org.hibernate.validator.internal.engine.ValidatorFactoryImpl - HV000234: Using org.hibernate.validator.internal.engine.scripting.DefaultScriptEvaluatorFactory as ValidatorFactory-scoped script evaluator factory.
17:03:26.207 [Test worker] DEBUG org.hibernate.boot.internal.ClassLoaderAccessImpl - Not known whether passed class name [com.epam.esm.entity.Order] is safe
17:03:26.207 [Test worker] DEBUG org.hibernate.boot.internal.ClassLoaderAccessImpl - No temp ClassLoader provided; using live ClassLoader for loading potentially unsafe class : com.epam.esm.entity.Order
17:03:26.288 [Test worker] DEBUG org.hibernate.boot.internal.ClassLoaderAccessImpl - Not known whether passed class name [com.epam.esm.entity.GiftCertificate] is safe
17:03:26.288 [Test worker] DEBUG org.hibernate.boot.internal.ClassLoaderAccessImpl - No temp ClassLoader provided; using live ClassLoader for loading potentially unsafe class : com.epam.esm.entity.GiftCertificate
17:03:26.295 [Test worker] DEBUG org.hibernate.boot.internal.ClassLoaderAccessImpl - Not known whether passed class name [com.epam.esm.entity.User] is safe
17:03:26.295 [Test worker] DEBUG org.hibernate.boot.internal.ClassLoaderAccessImpl - No temp ClassLoader provided; using live ClassLoader for loading potentially unsafe class : com.epam.esm.entity.User
17:03:26.301 [Test worker] DEBUG org.hibernate.boot.internal.ClassLoaderAccessImpl - Not known whether passed class name [com.epam.esm.entity.Entity] is safe
17:03:26.301 [Test worker] DEBUG org.hibernate.boot.internal.ClassLoaderAccessImpl - No temp ClassLoader provided; using live ClassLoader for loading potentially unsafe class : com.epam.esm.entity.Entity
17:03:26.304 [Test worker] DEBUG org.hibernate.boot.internal.ClassLoaderAccessImpl - Not known whether passed class name [com.epam.esm.entity.Tag] is safe
17:03:26.304 [Test worker] DEBUG org.hibernate.boot.internal.ClassLoaderAccessImpl - No temp ClassLoader provided; using live ClassLoader for loading potentially unsafe class : com.epam.esm.entity.Tag
17:03:26.306 [Test worker] DEBUG org.hibernate.boot.internal.ClassLoaderAccessImpl - Not known whether passed class name [com.epam.esm.entity.OrderCertificate] is safe
17:03:26.307 [Test worker] DEBUG org.hibernate.boot.internal.ClassLoaderAccessImpl - No temp ClassLoader provided; using live ClassLoader for loading potentially unsafe class : com.epam.esm.entity.OrderCertificate
17:03:26.310 [Test worker] DEBUG org.hibernate.boot.internal.ClassLoaderAccessImpl - Not known whether passed class name [com.epam.esm.entity.Role] is safe
17:03:26.310 [Test worker] DEBUG org.hibernate.boot.internal.ClassLoaderAccessImpl - No temp ClassLoader provided; using live ClassLoader for loading potentially unsafe class : com.epam.esm.entity.Role
17:03:26.316 [Test worker] DEBUG org.hibernate.secure.spi.JaccIntegrator - Skipping JACC integration as it was not enabled
17:03:26.317 [Test worker] DEBUG org.hibernate.internal.SessionFactoryImpl - Instantiated session factory
17:03:26.317 [Test worker] DEBUG org.hibernate.type.spi.TypeConfiguration$Scope - Scoping TypeConfiguration [org.hibernate.type.spi.TypeConfiguration@70160b1c] to SessionFactoryImpl [org.hibernate.internal.SessionFactoryImpl@6d9f0ebb]
17:03:26.382 [Test worker] DEBUG org.hibernate.boot.internal.ClassLoaderAccessImpl - Not known whether passed class name [com.epam.esm.entity.Order] is safe
17:03:26.382 [Test worker] DEBUG org.hibernate.boot.internal.ClassLoaderAccessImpl - No temp ClassLoader provided; using live ClassLoader for loading potentially unsafe class : com.epam.esm.entity.Order
17:03:26.401 [Test worker] DEBUG org.hibernate.boot.internal.ClassLoaderAccessImpl - Not known whether passed class name [com.epam.esm.entity.Order] is safe
17:03:26.402 [Test worker] DEBUG org.hibernate.boot.internal.ClassLoaderAccessImpl - No temp ClassLoader provided; using live ClassLoader for loading potentially unsafe class : com.epam.esm.entity.Order
17:03:26.706 [Test worker] DEBUG org.hibernate.boot.internal.ClassLoaderAccessImpl - Not known whether passed class name [com.epam.esm.entity.GiftCertificate] is safe
17:03:26.706 [Test worker] DEBUG org.hibernate.boot.internal.ClassLoaderAccessImpl - No temp ClassLoader provided; using live ClassLoader for loading potentially unsafe class : com.epam.esm.entity.GiftCertificate
17:03:26.707 [Test worker] DEBUG org.hibernate.boot.internal.ClassLoaderAccessImpl - Not known whether passed class name [com.epam.esm.entity.GiftCertificate] is safe
17:03:26.707 [Test worker] DEBUG org.hibernate.boot.internal.ClassLoaderAccessImpl - No temp ClassLoader provided; using live ClassLoader for loading potentially unsafe class : com.epam.esm.entity.GiftCertificate
17:03:26.748 [Test worker] DEBUG org.hibernate.boot.internal.ClassLoaderAccessImpl - Not known whether passed class name [com.epam.esm.entity.User] is safe
17:03:26.748 [Test worker] DEBUG org.hibernate.boot.internal.ClassLoaderAccessImpl - No temp ClassLoader provided; using live ClassLoader for loading potentially unsafe class : com.epam.esm.entity.User
17:03:26.748 [Test worker] DEBUG org.hibernate.boot.internal.ClassLoaderAccessImpl - Not known whether passed class name [com.epam.esm.entity.User] is safe
17:03:26.749 [Test worker] DEBUG org.hibernate.boot.internal.ClassLoaderAccessImpl - No temp ClassLoader provided; using live ClassLoader for loading potentially unsafe class : com.epam.esm.entity.User
17:03:26.778 [Test worker] DEBUG org.hibernate.boot.internal.ClassLoaderAccessImpl - Not known whether passed class name [com.epam.esm.entity.Entity] is safe
17:03:26.778 [Test worker] DEBUG org.hibernate.boot.internal.ClassLoaderAccessImpl - No temp ClassLoader provided; using live ClassLoader for loading potentially unsafe class : com.epam.esm.entity.Entity
17:03:26.778 [Test worker] DEBUG org.hibernate.boot.internal.ClassLoaderAccessImpl - Not known whether passed class name [com.epam.esm.entity.Entity] is safe
17:03:26.778 [Test worker] DEBUG org.hibernate.boot.internal.ClassLoaderAccessImpl - No temp ClassLoader provided; using live ClassLoader for loading potentially unsafe class : com.epam.esm.entity.Entity
17:03:26.790 [Test worker] DEBUG org.hibernate.boot.internal.ClassLoaderAccessImpl - Not known whether passed class name [com.epam.esm.entity.Tag] is safe
17:03:26.790 [Test worker] DEBUG org.hibernate.boot.internal.ClassLoaderAccessImpl - No temp ClassLoader provided; using live ClassLoader for loading potentially unsafe class : com.epam.esm.entity.Tag
17:03:26.791 [Test worker] DEBUG org.hibernate.boot.internal.ClassLoaderAccessImpl - Not known whether passed class name [com.epam.esm.entity.Tag] is safe
17:03:26.791 [Test worker] DEBUG org.hibernate.boot.internal.ClassLoaderAccessImpl - No temp ClassLoader provided; using live ClassLoader for loading potentially unsafe class : com.epam.esm.entity.Tag
17:03:26.803 [Test worker] DEBUG org.hibernate.boot.internal.ClassLoaderAccessImpl - Not known whether passed class name [com.epam.esm.entity.OrderCertificate] is safe
17:03:26.803 [Test worker] DEBUG org.hibernate.boot.internal.ClassLoaderAccessImpl - No temp ClassLoader provided; using live ClassLoader for loading potentially unsafe class : com.epam.esm.entity.OrderCertificate
17:03:26.804 [Test worker] DEBUG org.hibernate.boot.internal.ClassLoaderAccessImpl - Not known whether passed class name [com.epam.esm.entity.OrderCertificate] is safe
17:03:26.804 [Test worker] DEBUG org.hibernate.boot.internal.ClassLoaderAccessImpl - No temp ClassLoader provided; using live ClassLoader for loading potentially unsafe class : com.epam.esm.entity.OrderCertificate
17:03:26.823 [Test worker] DEBUG org.hibernate.boot.internal.ClassLoaderAccessImpl - Not known whether passed class name [com.epam.esm.entity.Role] is safe
17:03:26.823 [Test worker] DEBUG org.hibernate.boot.internal.ClassLoaderAccessImpl - No temp ClassLoader provided; using live ClassLoader for loading potentially unsafe class : com.epam.esm.entity.Role
17:03:26.824 [Test worker] DEBUG org.hibernate.boot.internal.ClassLoaderAccessImpl - Not known whether passed class name [com.epam.esm.entity.Role] is safe
17:03:26.824 [Test worker] DEBUG org.hibernate.boot.internal.ClassLoaderAccessImpl - No temp ClassLoader provided; using live ClassLoader for loading potentially unsafe class : com.epam.esm.entity.Role
17:03:26.851 [Test worker] DEBUG org.hibernate.persister.collection.AbstractCollectionPersister - Static SQL for collection: com.epam.esm.entity.GiftCertificate.tags
17:03:26.851 [Test worker] DEBUG org.hibernate.persister.collection.AbstractCollectionPersister -  Row insert: insert into certificate_tag (certificate_id, tag_id) values (?, ?)
17:03:26.851 [Test worker] DEBUG org.hibernate.persister.collection.AbstractCollectionPersister -  Row update: update certificate_tag set tag_id=? where certificate_id=? and tag_id=?
17:03:26.851 [Test worker] DEBUG org.hibernate.persister.collection.AbstractCollectionPersister -  Row delete: delete from certificate_tag where certificate_id=? and tag_id=?
17:03:26.851 [Test worker] DEBUG org.hibernate.persister.collection.AbstractCollectionPersister -  One-shot delete: delete from certificate_tag where certificate_id=?
17:03:26.854 [Test worker] DEBUG org.hibernate.persister.collection.AbstractCollectionPersister - Static SQL for collection: com.epam.esm.entity.Order.orderCertificates
17:03:26.854 [Test worker] DEBUG org.hibernate.persister.collection.AbstractCollectionPersister -  Row insert: update order_certificate set order_id=? where id=?
17:03:26.854 [Test worker] DEBUG org.hibernate.persister.collection.AbstractCollectionPersister -  Row update: update order_certificate set  where id=?
17:03:26.854 [Test worker] DEBUG org.hibernate.persister.collection.AbstractCollectionPersister -  Row delete: update order_certificate set order_id=null where order_id=? and id=?
17:03:26.854 [Test worker] DEBUG org.hibernate.persister.collection.AbstractCollectionPersister -  One-shot delete: update order_certificate set order_id=null where order_id=?
17:03:26.855 [Test worker] DEBUG org.hibernate.persister.collection.AbstractCollectionPersister - Static SQL for collection: com.epam.esm.entity.GiftCertificate.orderCertificates
17:03:26.855 [Test worker] DEBUG org.hibernate.persister.collection.AbstractCollectionPersister -  Row insert: update order_certificate set certificate_id=? where id=?
17:03:26.855 [Test worker] DEBUG org.hibernate.persister.collection.AbstractCollectionPersister -  Row update: update order_certificate set  where id=?
17:03:26.855 [Test worker] DEBUG org.hibernate.persister.collection.AbstractCollectionPersister -  Row delete: update order_certificate set certificate_id=null where certificate_id=? and id=?
17:03:26.855 [Test worker] DEBUG org.hibernate.persister.collection.AbstractCollectionPersister -  One-shot delete: update order_certificate set certificate_id=null where certificate_id=?
17:03:26.855 [Test worker] DEBUG org.hibernate.persister.collection.AbstractCollectionPersister - Static SQL for collection: com.epam.esm.entity.User.orders
17:03:26.855 [Test worker] DEBUG org.hibernate.persister.collection.AbstractCollectionPersister -  Row insert: update application_order set user_id=? where id=?
17:03:26.855 [Test worker] DEBUG org.hibernate.persister.collection.AbstractCollectionPersister -  Row update: update application_order set  where id=?
17:03:26.855 [Test worker] DEBUG org.hibernate.persister.collection.AbstractCollectionPersister -  Row delete: update application_order set user_id=null where user_id=? and id=?
17:03:26.855 [Test worker] DEBUG org.hibernate.persister.collection.AbstractCollectionPersister -  One-shot delete: update application_order set user_id=null where user_id=?
17:03:26.859 [Test worker] DEBUG org.hibernate.persister.entity.AbstractEntityPersister - Static SQL for entity: com.epam.esm.entity.Order
17:03:26.859 [Test worker] DEBUG org.hibernate.persister.entity.AbstractEntityPersister -  Version select: select id from application_order where id =?
17:03:26.859 [Test worker] DEBUG org.hibernate.persister.entity.AbstractEntityPersister -  Snapshot select: select order_.id, order_.active_status as active_s2_0_, order_.created_at as created_3_0_, order_.user_id as user_id4_0_ from application_order order_ where order_.id=?
17:03:26.860 [Test worker] DEBUG org.hibernate.persister.entity.AbstractEntityPersister -  Insert 0: insert into application_order (active_status, created_at, user_id, id) values (?, ?, ?, ?)
17:03:26.860 [Test worker] DEBUG org.hibernate.persister.entity.AbstractEntityPersister -  Update 0: update application_order set active_status=?, created_at=?, user_id=? where id=?
17:03:26.860 [Test worker] DEBUG org.hibernate.persister.entity.AbstractEntityPersister -  Delete 0: delete from application_order where id=?
17:03:26.860 [Test worker] DEBUG org.hibernate.persister.entity.AbstractEntityPersister -  Identity insert: insert into application_order (id, active_status, created_at, user_id) values (null, ?, ?, ?)
17:03:26.901 [Test worker] DEBUG org.hibernate.loader.plan.build.internal.spaces.QuerySpacesImpl - Adding QuerySpace : uid = <gen:0> -> org.hibernate.loader.plan.build.internal.spaces.EntityQuerySpaceImpl@7fecef94]
17:03:26.902 [Test worker] DEBUG org.hibernate.persister.walking.spi.MetamodelGraphWalker - Visiting attribute path : activeStatus
17:03:26.903 [Test worker] DEBUG org.hibernate.persister.walking.spi.MetamodelGraphWalker - Visiting attribute path : createdAt
17:03:26.903 [Test worker] DEBUG org.hibernate.persister.walking.spi.MetamodelGraphWalker - Visiting attribute path : orderCertificates
17:03:26.908 [Test worker] DEBUG org.hibernate.loader.plan.build.internal.spaces.QuerySpacesImpl - Adding QuerySpace : uid = <gen:1> -> org.hibernate.loader.plan.build.internal.spaces.CollectionQuerySpaceImpl@3eab69ed]
17:03:26.909 [Test worker] DEBUG org.hibernate.loader.plan.build.internal.spaces.QuerySpacesImpl - Adding QuerySpace : uid = <gen:2> -> org.hibernate.loader.plan.build.internal.spaces.EntityQuerySpaceImpl@31b9cdff]
17:03:26.910 [Test worker] DEBUG org.hibernate.persister.walking.spi.MetamodelGraphWalker - Visiting attribute path : user
17:03:26.911 [Test worker] DEBUG org.hibernate.loader.plan.build.internal.spaces.QuerySpacesImpl - Adding QuerySpace : uid = <gen:3> -> org.hibernate.loader.plan.build.internal.spaces.EntityQuerySpaceImpl@29cd67b1]
17:03:26.912 [Test worker] DEBUG org.hibernate.persister.walking.spi.MetamodelGraphWalker - Visiting attribute path : user.email
17:03:26.912 [Test worker] DEBUG org.hibernate.persister.walking.spi.MetamodelGraphWalker - Visiting attribute path : user.orders
17:03:26.912 [Test worker] DEBUG org.hibernate.persister.walking.spi.MetamodelGraphWalker - Property path deemed to be circular : user.orders
17:03:26.913 [Test worker] DEBUG org.hibernate.persister.walking.spi.MetamodelGraphWalker - Visiting attribute path : user.password
17:03:26.913 [Test worker] DEBUG org.hibernate.persister.walking.spi.MetamodelGraphWalker - Visiting attribute path : user.refreshToken
17:03:26.913 [Test worker] DEBUG org.hibernate.persister.walking.spi.MetamodelGraphWalker - Visiting attribute path : user.role
17:03:26.913 [Test worker] DEBUG org.hibernate.loader.plan.build.internal.spaces.QuerySpacesImpl - Adding QuerySpace : uid = <gen:4> -> org.hibernate.loader.plan.build.internal.spaces.EntityQuerySpaceImpl@4670eed]
17:03:26.913 [Test worker] DEBUG org.hibernate.persister.walking.spi.MetamodelGraphWalker - Visiting attribute path : user.role.value
17:03:26.913 [Test worker] DEBUG org.hibernate.loader.plan.build.internal.FetchStyleLoadPlanBuildingAssociationVisitationStrategy - Building LoadPlan...
17:03:26.930 [Test worker] DEBUG org.hibernate.loader.plan.exec.internal.LoadQueryJoinAndFetchProcessor - processing queryspace <gen:0>
17:03:26.938 [Test worker] DEBUG org.hibernate.loader.plan.build.spi.LoadPlanTreePrinter - LoadPlan(entity=com.epam.esm.entity.Order)
    - Returns
       - EntityReturnImpl(entity=com.epam.esm.entity.Order, querySpaceUid=<gen:0>, path=com.epam.esm.entity.Order)
          - CollectionAttributeFetchImpl(collection=com.epam.esm.entity.Order.orderCertificates, querySpaceUid=<gen:1>, path=com.epam.esm.entity.Order.orderCertificates)
             - (collection element) CollectionFetchableElementEntityGraph(entity=com.epam.esm.entity.OrderCertificate, querySpaceUid=<gen:2>, path=com.epam.esm.entity.Order.orderCertificates.<elements>)
          - EntityAttributeFetchImpl(entity=com.epam.esm.entity.User, querySpaceUid=<gen:3>, path=com.epam.esm.entity.Order.user)
             - EntityAttributeFetchImpl(entity=com.epam.esm.entity.Role, querySpaceUid=<gen:4>, path=com.epam.esm.entity.Order.user.role)
    - QuerySpaces
       - EntityQuerySpaceImpl(uid=<gen:0>, entity=com.epam.esm.entity.Order)
          - SQL table alias mapping - order0_
          - alias suffix - 0_
          - suffixed key columns - {id1_0_0_}
          - JOIN (JoinDefinedByMetadata(user)) : <gen:0> -> <gen:3>
             - EntityQuerySpaceImpl(uid=<gen:3>, entity=com.epam.esm.entity.User)
                - SQL table alias mapping - user1_
                - alias suffix - 1_
                - suffixed key columns - {id1_2_1_}
                - JOIN (JoinDefinedByMetadata(role)) : <gen:3> -> <gen:4>
                   - EntityQuerySpaceImpl(uid=<gen:4>, entity=com.epam.esm.entity.Role)
                      - SQL table alias mapping - role2_
                      - alias suffix - 2_
                      - suffixed key columns - {id1_1_2_}

17:03:26.941 [Test worker] DEBUG org.hibernate.loader.entity.plan.EntityLoader - Static select for entity com.epam.esm.entity.Order [NONE]: select order0_.id as id1_0_0_, order0_.active_status as active_s2_0_0_, order0_.created_at as created_3_0_0_, order0_.user_id as user_id4_0_0_, user1_.id as id1_2_1_, user1_.email as email2_2_1_, user1_.password as password3_2_1_, user1_.refresh_token as refresh_4_2_1_, user1_.role_id as role_id5_2_1_, role2_.id as id1_1_2_, role2_.value as value2_1_2_ from application_order order0_ left outer join application_user user1_ on order0_.user_id=user1_.id left outer join application_role role2_ on user1_.role_id=role2_.id where order0_.id=?
17:03:26.941 [Test worker] DEBUG org.hibernate.loader.plan.build.internal.spaces.QuerySpacesImpl - Adding QuerySpace : uid = <gen:0> -> org.hibernate.loader.plan.build.internal.spaces.EntityQuerySpaceImpl@6d2d68c1]
17:03:26.941 [Test worker] DEBUG org.hibernate.persister.walking.spi.MetamodelGraphWalker - Visiting attribute path : activeStatus
17:03:26.941 [Test worker] DEBUG org.hibernate.persister.walking.spi.MetamodelGraphWalker - Visiting attribute path : createdAt
17:03:26.941 [Test worker] DEBUG org.hibernate.persister.walking.spi.MetamodelGraphWalker - Visiting attribute path : orderCertificates
17:03:26.941 [Test worker] DEBUG org.hibernate.loader.plan.build.internal.spaces.QuerySpacesImpl - Adding QuerySpace : uid = <gen:1> -> org.hibernate.loader.plan.build.internal.spaces.CollectionQuerySpaceImpl@ece3dee]
17:03:26.941 [Test worker] DEBUG org.hibernate.loader.plan.build.internal.spaces.QuerySpacesImpl - Adding QuerySpace : uid = <gen:2> -> org.hibernate.loader.plan.build.internal.spaces.EntityQuerySpaceImpl@36d37be1]
17:03:26.942 [Test worker] DEBUG org.hibernate.persister.walking.spi.MetamodelGraphWalker - Visiting attribute path : user
17:03:26.942 [Test worker] DEBUG org.hibernate.loader.plan.build.internal.spaces.QuerySpacesImpl - Adding QuerySpace : uid = <gen:3> -> org.hibernate.loader.plan.build.internal.spaces.EntityQuerySpaceImpl@303e769a]
17:03:26.942 [Test worker] DEBUG org.hibernate.persister.walking.spi.MetamodelGraphWalker - Visiting attribute path : user.email
17:03:26.942 [Test worker] DEBUG org.hibernate.persister.walking.spi.MetamodelGraphWalker - Visiting attribute path : user.orders
17:03:26.942 [Test worker] DEBUG org.hibernate.persister.walking.spi.MetamodelGraphWalker - Property path deemed to be circular : user.orders
17:03:26.942 [Test worker] DEBUG org.hibernate.persister.walking.spi.MetamodelGraphWalker - Visiting attribute path : user.password
17:03:26.942 [Test worker] DEBUG org.hibernate.persister.walking.spi.MetamodelGraphWalker - Visiting attribute path : user.refreshToken
17:03:26.942 [Test worker] DEBUG org.hibernate.persister.walking.spi.MetamodelGraphWalker - Visiting attribute path : user.role
17:03:26.942 [Test worker] DEBUG org.hibernate.loader.plan.build.internal.spaces.QuerySpacesImpl - Adding QuerySpace : uid = <gen:4> -> org.hibernate.loader.plan.build.internal.spaces.EntityQuerySpaceImpl@1f8652e4]
17:03:26.942 [Test worker] DEBUG org.hibernate.persister.walking.spi.MetamodelGraphWalker - Visiting attribute path : user.role.value
17:03:26.942 [Test worker] DEBUG org.hibernate.loader.plan.build.internal.FetchStyleLoadPlanBuildingAssociationVisitationStrategy - Building LoadPlan...
17:03:26.943 [Test worker] DEBUG org.hibernate.loader.plan.exec.internal.LoadQueryJoinAndFetchProcessor - processing queryspace <gen:0>
17:03:26.943 [Test worker] DEBUG org.hibernate.loader.plan.build.spi.LoadPlanTreePrinter - LoadPlan(entity=com.epam.esm.entity.Order)
    - Returns
       - EntityReturnImpl(entity=com.epam.esm.entity.Order, querySpaceUid=<gen:0>, path=com.epam.esm.entity.Order)
          - CollectionAttributeFetchImpl(collection=com.epam.esm.entity.Order.orderCertificates, querySpaceUid=<gen:1>, path=com.epam.esm.entity.Order.orderCertificates)
             - (collection element) CollectionFetchableElementEntityGraph(entity=com.epam.esm.entity.OrderCertificate, querySpaceUid=<gen:2>, path=com.epam.esm.entity.Order.orderCertificates.<elements>)
          - EntityAttributeFetchImpl(entity=com.epam.esm.entity.User, querySpaceUid=<gen:3>, path=com.epam.esm.entity.Order.user)
             - EntityAttributeFetchImpl(entity=com.epam.esm.entity.Role, querySpaceUid=<gen:4>, path=com.epam.esm.entity.Order.user.role)
    - QuerySpaces
       - EntityQuerySpaceImpl(uid=<gen:0>, entity=com.epam.esm.entity.Order)
          - SQL table alias mapping - order0_
          - alias suffix - 0_
          - suffixed key columns - {id1_0_0_}
          - JOIN (JoinDefinedByMetadata(user)) : <gen:0> -> <gen:3>
             - EntityQuerySpaceImpl(uid=<gen:3>, entity=com.epam.esm.entity.User)
                - SQL table alias mapping - user1_
                - alias suffix - 1_
                - suffixed key columns - {id1_2_1_}
                - JOIN (JoinDefinedByMetadata(role)) : <gen:3> -> <gen:4>
                   - EntityQuerySpaceImpl(uid=<gen:4>, entity=com.epam.esm.entity.Role)
                      - SQL table alias mapping - role2_
                      - alias suffix - 2_
                      - suffixed key columns - {id1_1_2_}

17:03:26.944 [Test worker] DEBUG org.hibernate.loader.entity.plan.EntityLoader - Static select for entity com.epam.esm.entity.Order [READ]: select order0_.id as id1_0_0_, order0_.active_status as active_s2_0_0_, order0_.created_at as created_3_0_0_, order0_.user_id as user_id4_0_0_, user1_.id as id1_2_1_, user1_.email as email2_2_1_, user1_.password as password3_2_1_, user1_.refresh_token as refresh_4_2_1_, user1_.role_id as role_id5_2_1_, role2_.id as id1_1_2_, role2_.value as value2_1_2_ from application_order order0_ left outer join application_user user1_ on order0_.user_id=user1_.id left outer join application_role role2_ on user1_.role_id=role2_.id where order0_.id=?
17:03:26.961 [Test worker] DEBUG org.hibernate.loader.Loader - Static select for action ACTION_MERGE on entity com.epam.esm.entity.Order: select order0_.id as id1_0_0_, order0_.active_status as active_s2_0_0_, order0_.created_at as created_3_0_0_, order0_.user_id as user_id4_0_0_ from application_order order0_ where order0_.id=?
17:03:26.961 [Test worker] DEBUG org.hibernate.loader.Loader - Static select for action ACTION_REFRESH on entity com.epam.esm.entity.Order: select order0_.id as id1_0_0_, order0_.active_status as active_s2_0_0_, order0_.created_at as created_3_0_0_, order0_.user_id as user_id4_0_0_ from application_order order0_ where order0_.id=?
17:03:26.961 [Test worker] DEBUG org.hibernate.persister.entity.AbstractEntityPersister - Static SQL for entity: com.epam.esm.entity.GiftCertificate
17:03:26.961 [Test worker] DEBUG org.hibernate.persister.entity.AbstractEntityPersister -  Version select: select id from certificate where id =?
17:03:26.962 [Test worker] DEBUG org.hibernate.persister.entity.AbstractEntityPersister -  Snapshot select: select giftcertif_.id, giftcertif_.active_status as active_s2_3_, giftcertif_.creation_date as creation3_3_, giftcertif_.description as descript4_3_, giftcertif_.expiration_date as expirati5_3_, giftcertif_.modification_date as modifica6_3_, giftcertif_.name as name7_3_, giftcertif_.price as price8_3_ from certificate giftcertif_ where giftcertif_.id=?
17:03:26.962 [Test worker] DEBUG org.hibernate.persister.entity.AbstractEntityPersister -  Insert 0: insert into certificate (active_status, creation_date, description, expiration_date, modification_date, name, price, id) values (?, ?, ?, ?, ?, ?, ?, ?)
17:03:26.962 [Test worker] DEBUG org.hibernate.persister.entity.AbstractEntityPersister -  Update 0: update certificate set active_status=?, creation_date=?, description=?, expiration_date=?, modification_date=?, name=?, price=? where id=?
17:03:26.962 [Test worker] DEBUG org.hibernate.persister.entity.AbstractEntityPersister -  Delete 0: delete from certificate where id=?
17:03:26.962 [Test worker] DEBUG org.hibernate.persister.entity.AbstractEntityPersister -  Identity insert: insert into certificate (id, active_status, creation_date, description, expiration_date, modification_date, name, price) values (null, ?, ?, ?, ?, ?, ?, ?)
17:03:26.962 [Test worker] DEBUG org.hibernate.loader.plan.build.internal.spaces.QuerySpacesImpl - Adding QuerySpace : uid = <gen:0> -> org.hibernate.loader.plan.build.internal.spaces.EntityQuerySpaceImpl@7274be14]
17:03:26.962 [Test worker] DEBUG org.hibernate.persister.walking.spi.MetamodelGraphWalker - Visiting attribute path : activeStatus
17:03:26.962 [Test worker] DEBUG org.hibernate.persister.walking.spi.MetamodelGraphWalker - Visiting attribute path : creationDate
17:03:26.962 [Test worker] DEBUG org.hibernate.persister.walking.spi.MetamodelGraphWalker - Visiting attribute path : description
17:03:26.962 [Test worker] DEBUG org.hibernate.persister.walking.spi.MetamodelGraphWalker - Visiting attribute path : expirationDate
17:03:26.962 [Test worker] DEBUG org.hibernate.persister.walking.spi.MetamodelGraphWalker - Visiting attribute path : modificationDate
17:03:26.963 [Test worker] DEBUG org.hibernate.persister.walking.spi.MetamodelGraphWalker - Visiting attribute path : name
17:03:26.963 [Test worker] DEBUG org.hibernate.persister.walking.spi.MetamodelGraphWalker - Visiting attribute path : orderCertificates
17:03:26.963 [Test worker] DEBUG org.hibernate.loader.plan.build.internal.spaces.QuerySpacesImpl - Adding QuerySpace : uid = <gen:1> -> org.hibernate.loader.plan.build.internal.spaces.CollectionQuerySpaceImpl@be14c34]
17:03:26.963 [Test worker] DEBUG org.hibernate.loader.plan.build.internal.spaces.QuerySpacesImpl - Adding QuerySpace : uid = <gen:2> -> org.hibernate.loader.plan.build.internal.spaces.EntityQuerySpaceImpl@5f3047cf]
17:03:26.963 [Test worker] DEBUG org.hibernate.persister.walking.spi.MetamodelGraphWalker - Visiting attribute path : price
17:03:26.963 [Test worker] DEBUG org.hibernate.persister.walking.spi.MetamodelGraphWalker - Visiting attribute path : tags
17:03:26.963 [Test worker] DEBUG org.hibernate.loader.plan.build.internal.spaces.QuerySpacesImpl - Adding QuerySpace : uid = <gen:3> -> org.hibernate.loader.plan.build.internal.spaces.CollectionQuerySpaceImpl@863c623]
17:03:26.963 [Test worker] DEBUG org.hibernate.loader.plan.build.internal.spaces.QuerySpacesImpl - Adding QuerySpace : uid = <gen:4> -> org.hibernate.loader.plan.build.internal.spaces.EntityQuerySpaceImpl@3bd3ed18]
17:03:26.963 [Test worker] DEBUG org.hibernate.loader.plan.build.internal.FetchStyleLoadPlanBuildingAssociationVisitationStrategy - Building LoadPlan...
17:03:26.963 [Test worker] DEBUG org.hibernate.loader.plan.exec.internal.LoadQueryJoinAndFetchProcessor - processing queryspace <gen:0>
17:03:26.964 [Test worker] DEBUG org.hibernate.loader.plan.build.spi.LoadPlanTreePrinter - LoadPlan(entity=com.epam.esm.entity.GiftCertificate)
    - Returns
       - EntityReturnImpl(entity=com.epam.esm.entity.GiftCertificate, querySpaceUid=<gen:0>, path=com.epam.esm.entity.GiftCertificate)
          - CollectionAttributeFetchImpl(collection=com.epam.esm.entity.GiftCertificate.orderCertificates, querySpaceUid=<gen:1>, path=com.epam.esm.entity.GiftCertificate.orderCertificates)
             - (collection element) CollectionFetchableElementEntityGraph(entity=com.epam.esm.entity.OrderCertificate, querySpaceUid=<gen:2>, path=com.epam.esm.entity.GiftCertificate.orderCertificates.<elements>)
          - CollectionAttributeFetchImpl(collection=com.epam.esm.entity.GiftCertificate.tags, querySpaceUid=<gen:3>, path=com.epam.esm.entity.GiftCertificate.tags)
             - (collection element) CollectionFetchableElementEntityGraph(entity=com.epam.esm.entity.Tag, querySpaceUid=<gen:4>, path=com.epam.esm.entity.GiftCertificate.tags.<elements>)
    - QuerySpaces
       - EntityQuerySpaceImpl(uid=<gen:0>, entity=com.epam.esm.entity.GiftCertificate)
          - SQL table alias mapping - giftcertif0_
          - alias suffix - 0_
          - suffixed key columns - {id1_3_0_}

17:03:26.964 [Test worker] DEBUG org.hibernate.loader.entity.plan.EntityLoader - Static select for entity com.epam.esm.entity.GiftCertificate [NONE]: select giftcertif0_.id as id1_3_0_, giftcertif0_.active_status as active_s2_3_0_, giftcertif0_.creation_date as creation3_3_0_, giftcertif0_.description as descript4_3_0_, giftcertif0_.expiration_date as expirati5_3_0_, giftcertif0_.modification_date as modifica6_3_0_, giftcertif0_.name as name7_3_0_, giftcertif0_.price as price8_3_0_ from certificate giftcertif0_ where giftcertif0_.id=?
17:03:26.964 [Test worker] DEBUG org.hibernate.loader.plan.build.internal.spaces.QuerySpacesImpl - Adding QuerySpace : uid = <gen:0> -> org.hibernate.loader.plan.build.internal.spaces.EntityQuerySpaceImpl@3a5286ba]
17:03:26.964 [Test worker] DEBUG org.hibernate.persister.walking.spi.MetamodelGraphWalker - Visiting attribute path : activeStatus
17:03:26.964 [Test worker] DEBUG org.hibernate.persister.walking.spi.MetamodelGraphWalker - Visiting attribute path : creationDate
17:03:26.964 [Test worker] DEBUG org.hibernate.persister.walking.spi.MetamodelGraphWalker - Visiting attribute path : description
17:03:26.964 [Test worker] DEBUG org.hibernate.persister.walking.spi.MetamodelGraphWalker - Visiting attribute path : expirationDate
17:03:26.964 [Test worker] DEBUG org.hibernate.persister.walking.spi.MetamodelGraphWalker - Visiting attribute path : modificationDate
17:03:26.964 [Test worker] DEBUG org.hibernate.persister.walking.spi.MetamodelGraphWalker - Visiting attribute path : name
17:03:26.964 [Test worker] DEBUG org.hibernate.persister.walking.spi.MetamodelGraphWalker - Visiting attribute path : orderCertificates
17:03:26.964 [Test worker] DEBUG org.hibernate.loader.plan.build.internal.spaces.QuerySpacesImpl - Adding QuerySpace : uid = <gen:1> -> org.hibernate.loader.plan.build.internal.spaces.CollectionQuerySpaceImpl@7145301d]
17:03:26.964 [Test worker] DEBUG org.hibernate.loader.plan.build.internal.spaces.QuerySpacesImpl - Adding QuerySpace : uid = <gen:2> -> org.hibernate.loader.plan.build.internal.spaces.EntityQuerySpaceImpl@555aa800]
17:03:26.964 [Test worker] DEBUG org.hibernate.persister.walking.spi.MetamodelGraphWalker - Visiting attribute path : price
17:03:26.965 [Test worker] DEBUG org.hibernate.persister.walking.spi.MetamodelGraphWalker - Visiting attribute path : tags
17:03:26.965 [Test worker] DEBUG org.hibernate.loader.plan.build.internal.spaces.QuerySpacesImpl - Adding QuerySpace : uid = <gen:3> -> org.hibernate.loader.plan.build.internal.spaces.CollectionQuerySpaceImpl@7b938347]
17:03:26.965 [Test worker] DEBUG org.hibernate.loader.plan.build.internal.spaces.QuerySpacesImpl - Adding QuerySpace : uid = <gen:4> -> org.hibernate.loader.plan.build.internal.spaces.EntityQuerySpaceImpl@1178bd85]
17:03:26.965 [Test worker] DEBUG org.hibernate.loader.plan.build.internal.FetchStyleLoadPlanBuildingAssociationVisitationStrategy - Building LoadPlan...
17:03:26.965 [Test worker] DEBUG org.hibernate.loader.plan.exec.internal.LoadQueryJoinAndFetchProcessor - processing queryspace <gen:0>
17:03:26.965 [Test worker] DEBUG org.hibernate.loader.plan.build.spi.LoadPlanTreePrinter - LoadPlan(entity=com.epam.esm.entity.GiftCertificate)
    - Returns
       - EntityReturnImpl(entity=com.epam.esm.entity.GiftCertificate, querySpaceUid=<gen:0>, path=com.epam.esm.entity.GiftCertificate)
          - CollectionAttributeFetchImpl(collection=com.epam.esm.entity.GiftCertificate.orderCertificates, querySpaceUid=<gen:1>, path=com.epam.esm.entity.GiftCertificate.orderCertificates)
             - (collection element) CollectionFetchableElementEntityGraph(entity=com.epam.esm.entity.OrderCertificate, querySpaceUid=<gen:2>, path=com.epam.esm.entity.GiftCertificate.orderCertificates.<elements>)
          - CollectionAttributeFetchImpl(collection=com.epam.esm.entity.GiftCertificate.tags, querySpaceUid=<gen:3>, path=com.epam.esm.entity.GiftCertificate.tags)
             - (collection element) CollectionFetchableElementEntityGraph(entity=com.epam.esm.entity.Tag, querySpaceUid=<gen:4>, path=com.epam.esm.entity.GiftCertificate.tags.<elements>)
    - QuerySpaces
       - EntityQuerySpaceImpl(uid=<gen:0>, entity=com.epam.esm.entity.GiftCertificate)
          - SQL table alias mapping - giftcertif0_
          - alias suffix - 0_
          - suffixed key columns - {id1_3_0_}

17:03:26.965 [Test worker] DEBUG org.hibernate.loader.entity.plan.EntityLoader - Static select for entity com.epam.esm.entity.GiftCertificate [READ]: select giftcertif0_.id as id1_3_0_, giftcertif0_.active_status as active_s2_3_0_, giftcertif0_.creation_date as creation3_3_0_, giftcertif0_.description as descript4_3_0_, giftcertif0_.expiration_date as expirati5_3_0_, giftcertif0_.modification_date as modifica6_3_0_, giftcertif0_.name as name7_3_0_, giftcertif0_.price as price8_3_0_ from certificate giftcertif0_ where giftcertif0_.id=?
17:03:26.967 [Test worker] DEBUG org.hibernate.loader.Loader - Static select for action ACTION_MERGE on entity com.epam.esm.entity.GiftCertificate: select giftcertif0_.id as id1_3_2_, giftcertif0_.active_status as active_s2_3_2_, giftcertif0_.creation_date as creation3_3_2_, giftcertif0_.description as descript4_3_2_, giftcertif0_.expiration_date as expirati5_3_2_, giftcertif0_.modification_date as modifica6_3_2_, giftcertif0_.name as name7_3_2_, giftcertif0_.price as price8_3_2_, ordercerti1_.certificate_id as certific4_6_4_, ordercerti1_.id as id1_6_4_, ordercerti1_.id as id1_6_0_, ordercerti1_.certificate_id as certific4_6_0_, ordercerti1_.expiration_date as expirati2_6_0_, ordercerti1_.fixed_price as fixed_pr3_6_0_, ordercerti1_.order_id as order_id5_6_0_, order2_.id as id1_0_1_, order2_.active_status as active_s2_0_1_, order2_.created_at as created_3_0_1_, order2_.user_id as user_id4_0_1_ from certificate giftcertif0_ left outer join order_certificate ordercerti1_ on giftcertif0_.id=ordercerti1_.certificate_id left outer join application_order order2_ on ordercerti1_.order_id=order2_.id where giftcertif0_.id=?
17:03:26.968 [Test worker] DEBUG org.hibernate.loader.Loader - Static select for action ACTION_REFRESH on entity com.epam.esm.entity.GiftCertificate: select giftcertif0_.id as id1_3_2_, giftcertif0_.active_status as active_s2_3_2_, giftcertif0_.creation_date as creation3_3_2_, giftcertif0_.description as descript4_3_2_, giftcertif0_.expiration_date as expirati5_3_2_, giftcertif0_.modification_date as modifica6_3_2_, giftcertif0_.name as name7_3_2_, giftcertif0_.price as price8_3_2_, ordercerti1_.certificate_id as certific4_6_4_, ordercerti1_.id as id1_6_4_, ordercerti1_.id as id1_6_0_, ordercerti1_.certificate_id as certific4_6_0_, ordercerti1_.expiration_date as expirati2_6_0_, ordercerti1_.fixed_price as fixed_pr3_6_0_, ordercerti1_.order_id as order_id5_6_0_, order2_.id as id1_0_1_, order2_.active_status as active_s2_0_1_, order2_.created_at as created_3_0_1_, order2_.user_id as user_id4_0_1_ from certificate giftcertif0_ left outer join order_certificate ordercerti1_ on giftcertif0_.id=ordercerti1_.certificate_id left outer join application_order order2_ on ordercerti1_.order_id=order2_.id where giftcertif0_.id=?
17:03:26.968 [Test worker] DEBUG org.hibernate.persister.entity.AbstractEntityPersister - Static SQL for entity: com.epam.esm.entity.User
17:03:26.968 [Test worker] DEBUG org.hibernate.persister.entity.AbstractEntityPersister -  Version select: select id from application_user where id =?
17:03:26.968 [Test worker] DEBUG org.hibernate.persister.entity.AbstractEntityPersister -  Snapshot select: select user_.id, user_.email as email2_2_, user_.password as password3_2_, user_.refresh_token as refresh_4_2_, user_.role_id as role_id5_2_ from application_user user_ where user_.id=?
17:03:26.968 [Test worker] DEBUG org.hibernate.persister.entity.AbstractEntityPersister -  Insert 0: insert into application_user (email, password, refresh_token, role_id, id) values (?, ?, ?, ?, ?)
17:03:26.968 [Test worker] DEBUG org.hibernate.persister.entity.AbstractEntityPersister -  Update 0: update application_user set email=?, password=?, refresh_token=?, role_id=? where id=?
17:03:26.968 [Test worker] DEBUG org.hibernate.persister.entity.AbstractEntityPersister -  Delete 0: delete from application_user where id=?
17:03:26.968 [Test worker] DEBUG org.hibernate.persister.entity.AbstractEntityPersister -  Identity insert: insert into application_user (id, email, password, refresh_token, role_id) values (null, ?, ?, ?, ?)
17:03:26.969 [Test worker] DEBUG org.hibernate.loader.plan.build.internal.spaces.QuerySpacesImpl - Adding QuerySpace : uid = <gen:0> -> org.hibernate.loader.plan.build.internal.spaces.EntityQuerySpaceImpl@40cb8b54]
17:03:26.969 [Test worker] DEBUG org.hibernate.persister.walking.spi.MetamodelGraphWalker - Visiting attribute path : email
17:03:26.969 [Test worker] DEBUG org.hibernate.persister.walking.spi.MetamodelGraphWalker - Visiting attribute path : orders
17:03:26.969 [Test worker] DEBUG org.hibernate.loader.plan.build.internal.spaces.QuerySpacesImpl - Adding QuerySpace : uid = <gen:1> -> org.hibernate.loader.plan.build.internal.spaces.CollectionQuerySpaceImpl@67e6c54b]
17:03:26.969 [Test worker] DEBUG org.hibernate.loader.plan.build.internal.spaces.QuerySpacesImpl - Adding QuerySpace : uid = <gen:2> -> org.hibernate.loader.plan.build.internal.spaces.EntityQuerySpaceImpl@25fbc978]
17:03:26.969 [Test worker] DEBUG org.hibernate.persister.walking.spi.MetamodelGraphWalker - Visiting attribute path : password
17:03:26.969 [Test worker] DEBUG org.hibernate.persister.walking.spi.MetamodelGraphWalker - Visiting attribute path : refreshToken
17:03:26.969 [Test worker] DEBUG org.hibernate.persister.walking.spi.MetamodelGraphWalker - Visiting attribute path : role
17:03:26.969 [Test worker] DEBUG org.hibernate.loader.plan.build.internal.spaces.QuerySpacesImpl - Adding QuerySpace : uid = <gen:3> -> org.hibernate.loader.plan.build.internal.spaces.EntityQuerySpaceImpl@39f677b8]
17:03:26.969 [Test worker] DEBUG org.hibernate.persister.walking.spi.MetamodelGraphWalker - Visiting attribute path : role.value
17:03:26.970 [Test worker] DEBUG org.hibernate.loader.plan.build.internal.FetchStyleLoadPlanBuildingAssociationVisitationStrategy - Building LoadPlan...
17:03:26.970 [Test worker] DEBUG org.hibernate.loader.plan.exec.internal.LoadQueryJoinAndFetchProcessor - processing queryspace <gen:0>
17:03:26.970 [Test worker] DEBUG org.hibernate.loader.plan.build.spi.LoadPlanTreePrinter - LoadPlan(entity=com.epam.esm.entity.User)
    - Returns
       - EntityReturnImpl(entity=com.epam.esm.entity.User, querySpaceUid=<gen:0>, path=com.epam.esm.entity.User)
          - CollectionAttributeFetchImpl(collection=com.epam.esm.entity.User.orders, querySpaceUid=<gen:1>, path=com.epam.esm.entity.User.orders)
             - (collection element) CollectionFetchableElementEntityGraph(entity=com.epam.esm.entity.Order, querySpaceUid=<gen:2>, path=com.epam.esm.entity.User.orders.<elements>)
          - EntityAttributeFetchImpl(entity=com.epam.esm.entity.Role, querySpaceUid=<gen:3>, path=com.epam.esm.entity.User.role)
    - QuerySpaces
       - EntityQuerySpaceImpl(uid=<gen:0>, entity=com.epam.esm.entity.User)
          - SQL table alias mapping - user0_
          - alias suffix - 0_
          - suffixed key columns - {id1_2_0_}
          - JOIN (JoinDefinedByMetadata(role)) : <gen:0> -> <gen:3>
             - EntityQuerySpaceImpl(uid=<gen:3>, entity=com.epam.esm.entity.Role)
                - SQL table alias mapping - role1_
                - alias suffix - 1_
                - suffixed key columns - {id1_1_1_}

17:03:26.971 [Test worker] DEBUG org.hibernate.loader.entity.plan.EntityLoader - Static select for entity com.epam.esm.entity.User [NONE]: select user0_.id as id1_2_0_, user0_.email as email2_2_0_, user0_.password as password3_2_0_, user0_.refresh_token as refresh_4_2_0_, user0_.role_id as role_id5_2_0_, role1_.id as id1_1_1_, role1_.value as value2_1_1_ from application_user user0_ left outer join application_role role1_ on user0_.role_id=role1_.id where user0_.id=?
17:03:26.971 [Test worker] DEBUG org.hibernate.loader.plan.build.internal.spaces.QuerySpacesImpl - Adding QuerySpace : uid = <gen:0> -> org.hibernate.loader.plan.build.internal.spaces.EntityQuerySpaceImpl@348694c4]
17:03:26.971 [Test worker] DEBUG org.hibernate.persister.walking.spi.MetamodelGraphWalker - Visiting attribute path : email
17:03:26.971 [Test worker] DEBUG org.hibernate.persister.walking.spi.MetamodelGraphWalker - Visiting attribute path : orders
17:03:26.971 [Test worker] DEBUG org.hibernate.loader.plan.build.internal.spaces.QuerySpacesImpl - Adding QuerySpace : uid = <gen:1> -> org.hibernate.loader.plan.build.internal.spaces.CollectionQuerySpaceImpl@458cced3]
17:03:26.971 [Test worker] DEBUG org.hibernate.loader.plan.build.internal.spaces.QuerySpacesImpl - Adding QuerySpace : uid = <gen:2> -> org.hibernate.loader.plan.build.internal.spaces.EntityQuerySpaceImpl@7ee1d102]
17:03:26.971 [Test worker] DEBUG org.hibernate.persister.walking.spi.MetamodelGraphWalker - Visiting attribute path : password
17:03:26.971 [Test worker] DEBUG org.hibernate.persister.walking.spi.MetamodelGraphWalker - Visiting attribute path : refreshToken
17:03:26.971 [Test worker] DEBUG org.hibernate.persister.walking.spi.MetamodelGraphWalker - Visiting attribute path : role
17:03:26.971 [Test worker] DEBUG org.hibernate.loader.plan.build.internal.spaces.QuerySpacesImpl - Adding QuerySpace : uid = <gen:3> -> org.hibernate.loader.plan.build.internal.spaces.EntityQuerySpaceImpl@7e415aae]
17:03:26.972 [Test worker] DEBUG org.hibernate.persister.walking.spi.MetamodelGraphWalker - Visiting attribute path : role.value
17:03:26.972 [Test worker] DEBUG org.hibernate.loader.plan.build.internal.FetchStyleLoadPlanBuildingAssociationVisitationStrategy - Building LoadPlan...
17:03:26.972 [Test worker] DEBUG org.hibernate.loader.plan.exec.internal.LoadQueryJoinAndFetchProcessor - processing queryspace <gen:0>
17:03:26.972 [Test worker] DEBUG org.hibernate.loader.plan.build.spi.LoadPlanTreePrinter - LoadPlan(entity=com.epam.esm.entity.User)
    - Returns
       - EntityReturnImpl(entity=com.epam.esm.entity.User, querySpaceUid=<gen:0>, path=com.epam.esm.entity.User)
          - CollectionAttributeFetchImpl(collection=com.epam.esm.entity.User.orders, querySpaceUid=<gen:1>, path=com.epam.esm.entity.User.orders)
             - (collection element) CollectionFetchableElementEntityGraph(entity=com.epam.esm.entity.Order, querySpaceUid=<gen:2>, path=com.epam.esm.entity.User.orders.<elements>)
          - EntityAttributeFetchImpl(entity=com.epam.esm.entity.Role, querySpaceUid=<gen:3>, path=com.epam.esm.entity.User.role)
    - QuerySpaces
       - EntityQuerySpaceImpl(uid=<gen:0>, entity=com.epam.esm.entity.User)
          - SQL table alias mapping - user0_
          - alias suffix - 0_
          - suffixed key columns - {id1_2_0_}
          - JOIN (JoinDefinedByMetadata(role)) : <gen:0> -> <gen:3>
             - EntityQuerySpaceImpl(uid=<gen:3>, entity=com.epam.esm.entity.Role)
                - SQL table alias mapping - role1_
                - alias suffix - 1_
                - suffixed key columns - {id1_1_1_}

17:03:26.973 [Test worker] DEBUG org.hibernate.loader.entity.plan.EntityLoader - Static select for entity com.epam.esm.entity.User [READ]: select user0_.id as id1_2_0_, user0_.email as email2_2_0_, user0_.password as password3_2_0_, user0_.refresh_token as refresh_4_2_0_, user0_.role_id as role_id5_2_0_, role1_.id as id1_1_1_, role1_.value as value2_1_1_ from application_user user0_ left outer join application_role role1_ on user0_.role_id=role1_.id where user0_.id=?
17:03:26.973 [Test worker] DEBUG org.hibernate.loader.Loader - Static select for action ACTION_MERGE on entity com.epam.esm.entity.User: select user0_.id as id1_2_0_, user0_.email as email2_2_0_, user0_.password as password3_2_0_, user0_.refresh_token as refresh_4_2_0_, user0_.role_id as role_id5_2_0_ from application_user user0_ where user0_.id=?
17:03:26.973 [Test worker] DEBUG org.hibernate.loader.Loader - Static select for action ACTION_REFRESH on entity com.epam.esm.entity.User: select user0_.id as id1_2_0_, user0_.email as email2_2_0_, user0_.password as password3_2_0_, user0_.refresh_token as refresh_4_2_0_, user0_.role_id as role_id5_2_0_ from application_user user0_ where user0_.id=?
17:03:26.973 [Test worker] DEBUG org.hibernate.persister.entity.AbstractEntityPersister - Static SQL for entity: com.epam.esm.entity.Entity
17:03:26.974 [Test worker] DEBUG org.hibernate.persister.entity.AbstractEntityPersister -  Version select: select id from entity where id =?
17:03:26.974 [Test worker] DEBUG org.hibernate.persister.entity.AbstractEntityPersister -  Snapshot select: select entity_.id from entity entity_ where entity_.id=?
17:03:26.974 [Test worker] DEBUG org.hibernate.persister.entity.AbstractEntityPersister -  Insert 0: insert into entity (id) values (?)
17:03:26.974 [Test worker] DEBUG org.hibernate.persister.entity.AbstractEntityPersister -  Update 0: null
17:03:26.974 [Test worker] DEBUG org.hibernate.persister.entity.AbstractEntityPersister -  Delete 0: delete from entity where id=?
17:03:26.974 [Test worker] DEBUG org.hibernate.persister.entity.AbstractEntityPersister -  Identity insert: insert into entity (id) values (null)
17:03:26.974 [Test worker] DEBUG org.hibernate.loader.plan.build.internal.spaces.QuerySpacesImpl - Adding QuerySpace : uid = <gen:0> -> org.hibernate.loader.plan.build.internal.spaces.EntityQuerySpaceImpl@7baaf5db]
17:03:26.974 [Test worker] DEBUG org.hibernate.loader.plan.build.internal.FetchStyleLoadPlanBuildingAssociationVisitationStrategy - Building LoadPlan...
17:03:26.974 [Test worker] DEBUG org.hibernate.loader.plan.exec.internal.LoadQueryJoinAndFetchProcessor - processing queryspace <gen:0>
17:03:26.975 [Test worker] DEBUG org.hibernate.loader.plan.build.spi.LoadPlanTreePrinter - LoadPlan(entity=com.epam.esm.entity.Entity)
    - Returns
       - EntityReturnImpl(entity=com.epam.esm.entity.Entity, querySpaceUid=<gen:0>, path=com.epam.esm.entity.Entity)
    - QuerySpaces
       - EntityQuerySpaceImpl(uid=<gen:0>, entity=com.epam.esm.entity.Entity)
          - SQL table alias mapping - entity0_
          - alias suffix - 0_
          - suffixed key columns - {id1_5_0_}

17:03:26.975 [Test worker] DEBUG org.hibernate.loader.entity.plan.EntityLoader - Static select for entity com.epam.esm.entity.Entity [NONE]: select entity0_.id as id1_5_0_ from entity entity0_ where entity0_.id=?
17:03:26.975 [Test worker] DEBUG org.hibernate.loader.plan.build.internal.spaces.QuerySpacesImpl - Adding QuerySpace : uid = <gen:0> -> org.hibernate.loader.plan.build.internal.spaces.EntityQuerySpaceImpl@7fd3fd8f]
17:03:26.975 [Test worker] DEBUG org.hibernate.loader.plan.build.internal.FetchStyleLoadPlanBuildingAssociationVisitationStrategy - Building LoadPlan...
17:03:26.975 [Test worker] DEBUG org.hibernate.loader.plan.exec.internal.LoadQueryJoinAndFetchProcessor - processing queryspace <gen:0>
17:03:26.975 [Test worker] DEBUG org.hibernate.loader.plan.build.spi.LoadPlanTreePrinter - LoadPlan(entity=com.epam.esm.entity.Entity)
    - Returns
       - EntityReturnImpl(entity=com.epam.esm.entity.Entity, querySpaceUid=<gen:0>, path=com.epam.esm.entity.Entity)
    - QuerySpaces
       - EntityQuerySpaceImpl(uid=<gen:0>, entity=com.epam.esm.entity.Entity)
          - SQL table alias mapping - entity0_
          - alias suffix - 0_
          - suffixed key columns - {id1_5_0_}

17:03:26.975 [Test worker] DEBUG org.hibernate.loader.entity.plan.EntityLoader - Static select for entity com.epam.esm.entity.Entity [READ]: select entity0_.id as id1_5_0_ from entity entity0_ where entity0_.id=?
17:03:26.976 [Test worker] DEBUG org.hibernate.loader.Loader - Static select for action ACTION_MERGE on entity com.epam.esm.entity.Entity: select entity0_.id as id1_5_0_ from entity entity0_ where entity0_.id=?
17:03:26.976 [Test worker] DEBUG org.hibernate.loader.Loader - Static select for action ACTION_REFRESH on entity com.epam.esm.entity.Entity: select entity0_.id as id1_5_0_ from entity entity0_ where entity0_.id=?
17:03:26.976 [Test worker] DEBUG org.hibernate.persister.entity.AbstractEntityPersister - Static SQL for entity: com.epam.esm.entity.Tag
17:03:26.976 [Test worker] DEBUG org.hibernate.persister.entity.AbstractEntityPersister -  Version select: select id from tag where id =?
17:03:26.976 [Test worker] DEBUG org.hibernate.persister.entity.AbstractEntityPersister -  Snapshot select: select tag_.id from tag tag_ where tag_.id=?
17:03:26.976 [Test worker] DEBUG org.hibernate.persister.entity.AbstractEntityPersister -  Insert 0: insert into tag (title, id) values (?, ?)
17:03:26.976 [Test worker] DEBUG org.hibernate.persister.entity.AbstractEntityPersister -  Update 0: null
17:03:26.977 [Test worker] DEBUG org.hibernate.persister.entity.AbstractEntityPersister -  Delete 0: delete from tag where id=?
17:03:26.977 [Test worker] DEBUG org.hibernate.persister.entity.AbstractEntityPersister -  Identity insert: insert into tag (id, title) values (null, ?)
17:03:26.977 [Test worker] DEBUG org.hibernate.loader.plan.build.internal.spaces.QuerySpacesImpl - Adding QuerySpace : uid = <gen:0> -> org.hibernate.loader.plan.build.internal.spaces.EntityQuerySpaceImpl@11d8ffbf]
17:03:26.977 [Test worker] DEBUG org.hibernate.persister.walking.spi.MetamodelGraphWalker - Visiting attribute path : title
17:03:26.977 [Test worker] DEBUG org.hibernate.loader.plan.build.internal.FetchStyleLoadPlanBuildingAssociationVisitationStrategy - Building LoadPlan...
17:03:26.977 [Test worker] DEBUG org.hibernate.loader.plan.exec.internal.LoadQueryJoinAndFetchProcessor - processing queryspace <gen:0>
17:03:26.977 [Test worker] DEBUG org.hibernate.loader.plan.build.spi.LoadPlanTreePrinter - LoadPlan(entity=com.epam.esm.entity.Tag)
    - Returns
       - EntityReturnImpl(entity=com.epam.esm.entity.Tag, querySpaceUid=<gen:0>, path=com.epam.esm.entity.Tag)
    - QuerySpaces
       - EntityQuerySpaceImpl(uid=<gen:0>, entity=com.epam.esm.entity.Tag)
          - SQL table alias mapping - tag0_
          - alias suffix - 0_
          - suffixed key columns - {id1_7_0_}

17:03:26.977 [Test worker] DEBUG org.hibernate.loader.entity.plan.EntityLoader - Static select for entity com.epam.esm.entity.Tag [NONE]: select tag0_.id as id1_7_0_, tag0_.title as title2_7_0_ from tag tag0_ where tag0_.id=?
17:03:26.978 [Test worker] DEBUG org.hibernate.loader.plan.build.internal.spaces.QuerySpacesImpl - Adding QuerySpace : uid = <gen:0> -> org.hibernate.loader.plan.build.internal.spaces.EntityQuerySpaceImpl@6036ddd4]
17:03:26.978 [Test worker] DEBUG org.hibernate.persister.walking.spi.MetamodelGraphWalker - Visiting attribute path : title
17:03:26.978 [Test worker] DEBUG org.hibernate.loader.plan.build.internal.FetchStyleLoadPlanBuildingAssociationVisitationStrategy - Building LoadPlan...
17:03:26.978 [Test worker] DEBUG org.hibernate.loader.plan.exec.internal.LoadQueryJoinAndFetchProcessor - processing queryspace <gen:0>
17:03:26.978 [Test worker] DEBUG org.hibernate.loader.plan.build.spi.LoadPlanTreePrinter - LoadPlan(entity=com.epam.esm.entity.Tag)
    - Returns
       - EntityReturnImpl(entity=com.epam.esm.entity.Tag, querySpaceUid=<gen:0>, path=com.epam.esm.entity.Tag)
    - QuerySpaces
       - EntityQuerySpaceImpl(uid=<gen:0>, entity=com.epam.esm.entity.Tag)
          - SQL table alias mapping - tag0_
          - alias suffix - 0_
          - suffixed key columns - {id1_7_0_}

17:03:26.978 [Test worker] DEBUG org.hibernate.loader.entity.plan.EntityLoader - Static select for entity com.epam.esm.entity.Tag [READ]: select tag0_.id as id1_7_0_, tag0_.title as title2_7_0_ from tag tag0_ where tag0_.id=?
17:03:26.979 [Test worker] DEBUG org.hibernate.loader.Loader - Static select for action ACTION_MERGE on entity com.epam.esm.entity.Tag: select tag0_.id as id1_7_0_, tag0_.title as title2_7_0_ from tag tag0_ where tag0_.id=?
17:03:26.979 [Test worker] DEBUG org.hibernate.loader.Loader - Static select for action ACTION_REFRESH on entity com.epam.esm.entity.Tag: select tag0_.id as id1_7_0_, tag0_.title as title2_7_0_ from tag tag0_ where tag0_.id=?
17:03:26.979 [Test worker] DEBUG org.hibernate.persister.entity.AbstractEntityPersister - Static SQL for entity: com.epam.esm.entity.OrderCertificate
17:03:26.979 [Test worker] DEBUG org.hibernate.persister.entity.AbstractEntityPersister -  Version select: select id from order_certificate where id =?
17:03:26.979 [Test worker] DEBUG org.hibernate.persister.entity.AbstractEntityPersister -  Snapshot select: select ordercerti_.id, ordercerti_.certificate_id as certific4_6_, ordercerti_.expiration_date as expirati2_6_, ordercerti_.fixed_price as fixed_pr3_6_, ordercerti_.order_id as order_id5_6_ from order_certificate ordercerti_ where ordercerti_.id=?
17:03:26.979 [Test worker] DEBUG org.hibernate.persister.entity.AbstractEntityPersister -  Insert 0: insert into order_certificate (certificate_id, expiration_date, fixed_price, order_id, id) values (?, ?, ?, ?, ?)
17:03:26.979 [Test worker] DEBUG org.hibernate.persister.entity.AbstractEntityPersister -  Update 0: update order_certificate set certificate_id=?, expiration_date=?, fixed_price=?, order_id=? where id=?
17:03:26.979 [Test worker] DEBUG org.hibernate.persister.entity.AbstractEntityPersister -  Delete 0: delete from order_certificate where id=?
17:03:26.979 [Test worker] DEBUG org.hibernate.persister.entity.AbstractEntityPersister -  Identity insert: insert into order_certificate (id, certificate_id, expiration_date, fixed_price, order_id) values (null, ?, ?, ?, ?)
17:03:26.980 [Test worker] DEBUG org.hibernate.loader.plan.build.internal.spaces.QuerySpacesImpl - Adding QuerySpace : uid = <gen:0> -> org.hibernate.loader.plan.build.internal.spaces.EntityQuerySpaceImpl@d01fe8a]
17:03:26.980 [Test worker] DEBUG org.hibernate.persister.walking.spi.MetamodelGraphWalker - Visiting attribute path : certificate
17:03:26.980 [Test worker] DEBUG org.hibernate.loader.plan.build.internal.spaces.QuerySpacesImpl - Adding QuerySpace : uid = <gen:1> -> org.hibernate.loader.plan.build.internal.spaces.EntityQuerySpaceImpl@1013fa6c]
17:03:26.980 [Test worker] DEBUG org.hibernate.persister.walking.spi.MetamodelGraphWalker - Visiting attribute path : expirationDate
17:03:26.980 [Test worker] DEBUG org.hibernate.persister.walking.spi.MetamodelGraphWalker - Visiting attribute path : fixedPrice
17:03:26.980 [Test worker] DEBUG org.hibernate.persister.walking.spi.MetamodelGraphWalker - Visiting attribute path : order
17:03:26.980 [Test worker] DEBUG org.hibernate.loader.plan.build.internal.spaces.QuerySpacesImpl - Adding QuerySpace : uid = <gen:2> -> org.hibernate.loader.plan.build.internal.spaces.EntityQuerySpaceImpl@5d968785]
17:03:26.980 [Test worker] DEBUG org.hibernate.persister.walking.spi.MetamodelGraphWalker - Visiting attribute path : order.activeStatus
17:03:26.980 [Test worker] DEBUG org.hibernate.persister.walking.spi.MetamodelGraphWalker - Visiting attribute path : order.createdAt
17:03:26.980 [Test worker] DEBUG org.hibernate.persister.walking.spi.MetamodelGraphWalker - Visiting attribute path : order.orderCertificates
17:03:26.981 [Test worker] DEBUG org.hibernate.persister.walking.spi.MetamodelGraphWalker - Property path deemed to be circular : order.orderCertificates
17:03:26.981 [Test worker] DEBUG org.hibernate.persister.walking.spi.MetamodelGraphWalker - Visiting attribute path : order.user
17:03:26.981 [Test worker] DEBUG org.hibernate.loader.plan.build.internal.spaces.QuerySpacesImpl - Adding QuerySpace : uid = <gen:3> -> org.hibernate.loader.plan.build.internal.spaces.EntityQuerySpaceImpl@73681e9e]
17:03:26.981 [Test worker] DEBUG org.hibernate.persister.walking.spi.MetamodelGraphWalker - Visiting attribute path : order.user.email
17:03:26.981 [Test worker] DEBUG org.hibernate.persister.walking.spi.MetamodelGraphWalker - Visiting attribute path : order.user.orders
17:03:26.981 [Test worker] DEBUG org.hibernate.persister.walking.spi.MetamodelGraphWalker - Property path deemed to be circular : order.user.orders
17:03:26.981 [Test worker] DEBUG org.hibernate.persister.walking.spi.MetamodelGraphWalker - Visiting attribute path : order.user.password
17:03:26.981 [Test worker] DEBUG org.hibernate.persister.walking.spi.MetamodelGraphWalker - Visiting attribute path : order.user.refreshToken
17:03:26.981 [Test worker] DEBUG org.hibernate.persister.walking.spi.MetamodelGraphWalker - Visiting attribute path : order.user.role
17:03:26.981 [Test worker] DEBUG org.hibernate.loader.plan.build.internal.spaces.QuerySpacesImpl - Adding QuerySpace : uid = <gen:4> -> org.hibernate.loader.plan.build.internal.spaces.EntityQuerySpaceImpl@156440bb]
17:03:26.981 [Test worker] DEBUG org.hibernate.persister.walking.spi.MetamodelGraphWalker - Visiting attribute path : order.user.role.value
17:03:26.982 [Test worker] DEBUG org.hibernate.loader.plan.build.internal.FetchStyleLoadPlanBuildingAssociationVisitationStrategy - Building LoadPlan...
17:03:26.982 [Test worker] DEBUG org.hibernate.loader.plan.exec.internal.LoadQueryJoinAndFetchProcessor - processing queryspace <gen:0>
17:03:26.983 [Test worker] DEBUG org.hibernate.loader.plan.build.spi.LoadPlanTreePrinter - LoadPlan(entity=com.epam.esm.entity.OrderCertificate)
    - Returns
       - EntityReturnImpl(entity=com.epam.esm.entity.OrderCertificate, querySpaceUid=<gen:0>, path=com.epam.esm.entity.OrderCertificate)
          - EntityAttributeFetchImpl(entity=com.epam.esm.entity.GiftCertificate, querySpaceUid=<gen:1>, path=com.epam.esm.entity.OrderCertificate.certificate)
          - EntityAttributeFetchImpl(entity=com.epam.esm.entity.Order, querySpaceUid=<gen:2>, path=com.epam.esm.entity.OrderCertificate.order)
             - EntityAttributeFetchImpl(entity=com.epam.esm.entity.User, querySpaceUid=<gen:3>, path=com.epam.esm.entity.OrderCertificate.order.user)
                - EntityAttributeFetchImpl(entity=com.epam.esm.entity.Role, querySpaceUid=<gen:4>, path=com.epam.esm.entity.OrderCertificate.order.user.role)
    - QuerySpaces
       - EntityQuerySpaceImpl(uid=<gen:0>, entity=com.epam.esm.entity.OrderCertificate)
          - SQL table alias mapping - ordercerti0_
          - alias suffix - 0_
          - suffixed key columns - {id1_6_0_}
          - JOIN (JoinDefinedByMetadata(order)) : <gen:0> -> <gen:2>
             - EntityQuerySpaceImpl(uid=<gen:2>, entity=com.epam.esm.entity.Order)
                - SQL table alias mapping - order1_
                - alias suffix - 1_
                - suffixed key columns - {id1_0_1_}
                - JOIN (JoinDefinedByMetadata(user)) : <gen:2> -> <gen:3>
                   - EntityQuerySpaceImpl(uid=<gen:3>, entity=com.epam.esm.entity.User)
                      - SQL table alias mapping - user2_
                      - alias suffix - 2_
                      - suffixed key columns - {id1_2_2_}
                      - JOIN (JoinDefinedByMetadata(role)) : <gen:3> -> <gen:4>
                         - EntityQuerySpaceImpl(uid=<gen:4>, entity=com.epam.esm.entity.Role)
                            - SQL table alias mapping - role3_
                            - alias suffix - 3_
                            - suffixed key columns - {id1_1_3_}

17:03:26.983 [Test worker] DEBUG org.hibernate.loader.entity.plan.EntityLoader - Static select for entity com.epam.esm.entity.OrderCertificate [NONE]: select ordercerti0_.id as id1_6_0_, ordercerti0_.certificate_id as certific4_6_0_, ordercerti0_.expiration_date as expirati2_6_0_, ordercerti0_.fixed_price as fixed_pr3_6_0_, ordercerti0_.order_id as order_id5_6_0_, order1_.id as id1_0_1_, order1_.active_status as active_s2_0_1_, order1_.created_at as created_3_0_1_, order1_.user_id as user_id4_0_1_, user2_.id as id1_2_2_, user2_.email as email2_2_2_, user2_.password as password3_2_2_, user2_.refresh_token as refresh_4_2_2_, user2_.role_id as role_id5_2_2_, role3_.id as id1_1_3_, role3_.value as value2_1_3_ from order_certificate ordercerti0_ left outer join application_order order1_ on ordercerti0_.order_id=order1_.id left outer join application_user user2_ on order1_.user_id=user2_.id left outer join application_role role3_ on user2_.role_id=role3_.id where ordercerti0_.id=?
17:03:26.983 [Test worker] DEBUG org.hibernate.loader.plan.build.internal.spaces.QuerySpacesImpl - Adding QuerySpace : uid = <gen:0> -> org.hibernate.loader.plan.build.internal.spaces.EntityQuerySpaceImpl@77432eb6]
17:03:26.983 [Test worker] DEBUG org.hibernate.persister.walking.spi.MetamodelGraphWalker - Visiting attribute path : certificate
17:03:26.983 [Test worker] DEBUG org.hibernate.loader.plan.build.internal.spaces.QuerySpacesImpl - Adding QuerySpace : uid = <gen:1> -> org.hibernate.loader.plan.build.internal.spaces.EntityQuerySpaceImpl@6a44a24]
17:03:26.984 [Test worker] DEBUG org.hibernate.persister.walking.spi.MetamodelGraphWalker - Visiting attribute path : expirationDate
17:03:26.984 [Test worker] DEBUG org.hibernate.persister.walking.spi.MetamodelGraphWalker - Visiting attribute path : fixedPrice
17:03:26.984 [Test worker] DEBUG org.hibernate.persister.walking.spi.MetamodelGraphWalker - Visiting attribute path : order
17:03:26.984 [Test worker] DEBUG org.hibernate.loader.plan.build.internal.spaces.QuerySpacesImpl - Adding QuerySpace : uid = <gen:2> -> org.hibernate.loader.plan.build.internal.spaces.EntityQuerySpaceImpl@20cc0837]
17:03:26.984 [Test worker] DEBUG org.hibernate.persister.walking.spi.MetamodelGraphWalker - Visiting attribute path : order.activeStatus
17:03:26.984 [Test worker] DEBUG org.hibernate.persister.walking.spi.MetamodelGraphWalker - Visiting attribute path : order.createdAt
17:03:26.984 [Test worker] DEBUG org.hibernate.persister.walking.spi.MetamodelGraphWalker - Visiting attribute path : order.orderCertificates
17:03:26.984 [Test worker] DEBUG org.hibernate.persister.walking.spi.MetamodelGraphWalker - Property path deemed to be circular : order.orderCertificates
17:03:26.984 [Test worker] DEBUG org.hibernate.persister.walking.spi.MetamodelGraphWalker - Visiting attribute path : order.user
17:03:26.984 [Test worker] DEBUG org.hibernate.loader.plan.build.internal.spaces.QuerySpacesImpl - Adding QuerySpace : uid = <gen:3> -> org.hibernate.loader.plan.build.internal.spaces.EntityQuerySpaceImpl@6aeb0b90]
17:03:26.984 [Test worker] DEBUG org.hibernate.persister.walking.spi.MetamodelGraphWalker - Visiting attribute path : order.user.email
17:03:26.984 [Test worker] DEBUG org.hibernate.persister.walking.spi.MetamodelGraphWalker - Visiting attribute path : order.user.orders
17:03:26.985 [Test worker] DEBUG org.hibernate.persister.walking.spi.MetamodelGraphWalker - Property path deemed to be circular : order.user.orders
17:03:26.985 [Test worker] DEBUG org.hibernate.persister.walking.spi.MetamodelGraphWalker - Visiting attribute path : order.user.password
17:03:26.985 [Test worker] DEBUG org.hibernate.persister.walking.spi.MetamodelGraphWalker - Visiting attribute path : order.user.refreshToken
17:03:26.985 [Test worker] DEBUG org.hibernate.persister.walking.spi.MetamodelGraphWalker - Visiting attribute path : order.user.role
17:03:26.985 [Test worker] DEBUG org.hibernate.loader.plan.build.internal.spaces.QuerySpacesImpl - Adding QuerySpace : uid = <gen:4> -> org.hibernate.loader.plan.build.internal.spaces.EntityQuerySpaceImpl@e77bdd3]
17:03:26.985 [Test worker] DEBUG org.hibernate.persister.walking.spi.MetamodelGraphWalker - Visiting attribute path : order.user.role.value
17:03:26.985 [Test worker] DEBUG org.hibernate.loader.plan.build.internal.FetchStyleLoadPlanBuildingAssociationVisitationStrategy - Building LoadPlan...
17:03:26.985 [Test worker] DEBUG org.hibernate.loader.plan.exec.internal.LoadQueryJoinAndFetchProcessor - processing queryspace <gen:0>
17:03:26.986 [Test worker] DEBUG org.hibernate.loader.plan.build.spi.LoadPlanTreePrinter - LoadPlan(entity=com.epam.esm.entity.OrderCertificate)
    - Returns
       - EntityReturnImpl(entity=com.epam.esm.entity.OrderCertificate, querySpaceUid=<gen:0>, path=com.epam.esm.entity.OrderCertificate)
          - EntityAttributeFetchImpl(entity=com.epam.esm.entity.GiftCertificate, querySpaceUid=<gen:1>, path=com.epam.esm.entity.OrderCertificate.certificate)
          - EntityAttributeFetchImpl(entity=com.epam.esm.entity.Order, querySpaceUid=<gen:2>, path=com.epam.esm.entity.OrderCertificate.order)
             - EntityAttributeFetchImpl(entity=com.epam.esm.entity.User, querySpaceUid=<gen:3>, path=com.epam.esm.entity.OrderCertificate.order.user)
                - EntityAttributeFetchImpl(entity=com.epam.esm.entity.Role, querySpaceUid=<gen:4>, path=com.epam.esm.entity.OrderCertificate.order.user.role)
    - QuerySpaces
       - EntityQuerySpaceImpl(uid=<gen:0>, entity=com.epam.esm.entity.OrderCertificate)
          - SQL table alias mapping - ordercerti0_
          - alias suffix - 0_
          - suffixed key columns - {id1_6_0_}
          - JOIN (JoinDefinedByMetadata(order)) : <gen:0> -> <gen:2>
             - EntityQuerySpaceImpl(uid=<gen:2>, entity=com.epam.esm.entity.Order)
                - SQL table alias mapping - order1_
                - alias suffix - 1_
                - suffixed key columns - {id1_0_1_}
                - JOIN (JoinDefinedByMetadata(user)) : <gen:2> -> <gen:3>
                   - EntityQuerySpaceImpl(uid=<gen:3>, entity=com.epam.esm.entity.User)
                      - SQL table alias mapping - user2_
                      - alias suffix - 2_
                      - suffixed key columns - {id1_2_2_}
                      - JOIN (JoinDefinedByMetadata(role)) : <gen:3> -> <gen:4>
                         - EntityQuerySpaceImpl(uid=<gen:4>, entity=com.epam.esm.entity.Role)
                            - SQL table alias mapping - role3_
                            - alias suffix - 3_
                            - suffixed key columns - {id1_1_3_}

17:03:26.987 [Test worker] DEBUG org.hibernate.loader.entity.plan.EntityLoader - Static select for entity com.epam.esm.entity.OrderCertificate [READ]: select ordercerti0_.id as id1_6_0_, ordercerti0_.certificate_id as certific4_6_0_, ordercerti0_.expiration_date as expirati2_6_0_, ordercerti0_.fixed_price as fixed_pr3_6_0_, ordercerti0_.order_id as order_id5_6_0_, order1_.id as id1_0_1_, order1_.active_status as active_s2_0_1_, order1_.created_at as created_3_0_1_, order1_.user_id as user_id4_0_1_, user2_.id as id1_2_2_, user2_.email as email2_2_2_, user2_.password as password3_2_2_, user2_.refresh_token as refresh_4_2_2_, user2_.role_id as role_id5_2_2_, role3_.id as id1_1_3_, role3_.value as value2_1_3_ from order_certificate ordercerti0_ left outer join application_order order1_ on ordercerti0_.order_id=order1_.id left outer join application_user user2_ on order1_.user_id=user2_.id left outer join application_role role3_ on user2_.role_id=role3_.id where ordercerti0_.id=?
17:03:26.988 [Test worker] DEBUG org.hibernate.loader.Loader - Static select for action ACTION_MERGE on entity com.epam.esm.entity.OrderCertificate: select ordercerti0_.id as id1_6_3_, ordercerti0_.certificate_id as certific4_6_3_, ordercerti0_.expiration_date as expirati2_6_3_, ordercerti0_.fixed_price as fixed_pr3_6_3_, ordercerti0_.order_id as order_id5_6_3_, giftcertif1_.id as id1_3_0_, giftcertif1_.active_status as active_s2_3_0_, giftcertif1_.creation_date as creation3_3_0_, giftcertif1_.description as descript4_3_0_, giftcertif1_.expiration_date as expirati5_3_0_, giftcertif1_.modification_date as modifica6_3_0_, giftcertif1_.name as name7_3_0_, giftcertif1_.price as price8_3_0_, tags2_.certificate_id as certific1_4_5_, tag3_.id as tag_id2_4_5_, tag3_.id as id1_7_1_, tag3_.title as title2_7_1_, order4_.id as id1_0_2_, order4_.active_status as active_s2_0_2_, order4_.created_at as created_3_0_2_, order4_.user_id as user_id4_0_2_ from order_certificate ordercerti0_ left outer join certificate giftcertif1_ on ordercerti0_.certificate_id=giftcertif1_.id left outer join certificate_tag tags2_ on giftcertif1_.id=tags2_.certificate_id left outer join tag tag3_ on tags2_.tag_id=tag3_.id left outer join application_order order4_ on ordercerti0_.order_id=order4_.id where ordercerti0_.id=?
17:03:26.989 [Test worker] DEBUG org.hibernate.loader.Loader - Static select for action ACTION_REFRESH on entity com.epam.esm.entity.OrderCertificate: select ordercerti0_.id as id1_6_2_, ordercerti0_.certificate_id as certific4_6_2_, ordercerti0_.expiration_date as expirati2_6_2_, ordercerti0_.fixed_price as fixed_pr3_6_2_, ordercerti0_.order_id as order_id5_6_2_, giftcertif1_.id as id1_3_0_, giftcertif1_.active_status as active_s2_3_0_, giftcertif1_.creation_date as creation3_3_0_, giftcertif1_.description as descript4_3_0_, giftcertif1_.expiration_date as expirati5_3_0_, giftcertif1_.modification_date as modifica6_3_0_, giftcertif1_.name as name7_3_0_, giftcertif1_.price as price8_3_0_, order2_.id as id1_0_1_, order2_.active_status as active_s2_0_1_, order2_.created_at as created_3_0_1_, order2_.user_id as user_id4_0_1_ from order_certificate ordercerti0_ left outer join certificate giftcertif1_ on ordercerti0_.certificate_id=giftcertif1_.id left outer join application_order order2_ on ordercerti0_.order_id=order2_.id where ordercerti0_.id=?
17:03:26.989 [Test worker] DEBUG org.hibernate.persister.entity.AbstractEntityPersister - Static SQL for entity: com.epam.esm.entity.Role
17:03:26.989 [Test worker] DEBUG org.hibernate.persister.entity.AbstractEntityPersister -  Version select: select id from application_role where id =?
17:03:26.989 [Test worker] DEBUG org.hibernate.persister.entity.AbstractEntityPersister -  Snapshot select: select role_.id, role_.value as value2_1_ from application_role role_ where role_.id=?
17:03:26.989 [Test worker] DEBUG org.hibernate.persister.entity.AbstractEntityPersister -  Insert 0: insert into application_role (value, id) values (?, ?)
17:03:26.989 [Test worker] DEBUG org.hibernate.persister.entity.AbstractEntityPersister -  Update 0: update application_role set value=? where id=?
17:03:26.989 [Test worker] DEBUG org.hibernate.persister.entity.AbstractEntityPersister -  Delete 0: delete from application_role where id=?
17:03:26.989 [Test worker] DEBUG org.hibernate.persister.entity.AbstractEntityPersister -  Identity insert: insert into application_role (id, value) values (null, ?)
17:03:26.989 [Test worker] DEBUG org.hibernate.loader.plan.build.internal.spaces.QuerySpacesImpl - Adding QuerySpace : uid = <gen:0> -> org.hibernate.loader.plan.build.internal.spaces.EntityQuerySpaceImpl@5b8253be]
17:03:26.989 [Test worker] DEBUG org.hibernate.persister.walking.spi.MetamodelGraphWalker - Visiting attribute path : value
17:03:26.990 [Test worker] DEBUG org.hibernate.loader.plan.build.internal.FetchStyleLoadPlanBuildingAssociationVisitationStrategy - Building LoadPlan...
17:03:26.990 [Test worker] DEBUG org.hibernate.loader.plan.exec.internal.LoadQueryJoinAndFetchProcessor - processing queryspace <gen:0>
17:03:26.990 [Test worker] DEBUG org.hibernate.loader.plan.build.spi.LoadPlanTreePrinter - LoadPlan(entity=com.epam.esm.entity.Role)
    - Returns
       - EntityReturnImpl(entity=com.epam.esm.entity.Role, querySpaceUid=<gen:0>, path=com.epam.esm.entity.Role)
    - QuerySpaces
       - EntityQuerySpaceImpl(uid=<gen:0>, entity=com.epam.esm.entity.Role)
          - SQL table alias mapping - role0_
          - alias suffix - 0_
          - suffixed key columns - {id1_1_0_}

17:03:26.990 [Test worker] DEBUG org.hibernate.loader.entity.plan.EntityLoader - Static select for entity com.epam.esm.entity.Role [NONE]: select role0_.id as id1_1_0_, role0_.value as value2_1_0_ from application_role role0_ where role0_.id=?
17:03:26.990 [Test worker] DEBUG org.hibernate.loader.plan.build.internal.spaces.QuerySpacesImpl - Adding QuerySpace : uid = <gen:0> -> org.hibernate.loader.plan.build.internal.spaces.EntityQuerySpaceImpl@22f80252]
17:03:26.990 [Test worker] DEBUG org.hibernate.persister.walking.spi.MetamodelGraphWalker - Visiting attribute path : value
17:03:26.991 [Test worker] DEBUG org.hibernate.loader.plan.build.internal.FetchStyleLoadPlanBuildingAssociationVisitationStrategy - Building LoadPlan...
17:03:26.991 [Test worker] DEBUG org.hibernate.loader.plan.exec.internal.LoadQueryJoinAndFetchProcessor - processing queryspace <gen:0>
17:03:26.991 [Test worker] DEBUG org.hibernate.loader.plan.build.spi.LoadPlanTreePrinter - LoadPlan(entity=com.epam.esm.entity.Role)
    - Returns
       - EntityReturnImpl(entity=com.epam.esm.entity.Role, querySpaceUid=<gen:0>, path=com.epam.esm.entity.Role)
    - QuerySpaces
       - EntityQuerySpaceImpl(uid=<gen:0>, entity=com.epam.esm.entity.Role)
          - SQL table alias mapping - role0_
          - alias suffix - 0_
          - suffixed key columns - {id1_1_0_}

17:03:26.991 [Test worker] DEBUG org.hibernate.loader.entity.plan.EntityLoader - Static select for entity com.epam.esm.entity.Role [READ]: select role0_.id as id1_1_0_, role0_.value as value2_1_0_ from application_role role0_ where role0_.id=?
17:03:26.991 [Test worker] DEBUG org.hibernate.loader.Loader - Static select for action ACTION_MERGE on entity com.epam.esm.entity.Role: select role0_.id as id1_1_0_, role0_.value as value2_1_0_ from application_role role0_ where role0_.id=?
17:03:26.992 [Test worker] DEBUG org.hibernate.loader.Loader - Static select for action ACTION_REFRESH on entity com.epam.esm.entity.Role: select role0_.id as id1_1_0_, role0_.value as value2_1_0_ from application_role role0_ where role0_.id=?
17:03:26.999 [Test worker] DEBUG org.hibernate.loader.plan.build.internal.spaces.QuerySpacesImpl - Adding QuerySpace : uid = <gen:0> -> org.hibernate.loader.plan.build.internal.spaces.CollectionQuerySpaceImpl@3eef4de3]
17:03:26.999 [Test worker] DEBUG org.hibernate.loader.plan.build.internal.spaces.QuerySpacesImpl - Adding QuerySpace : uid = <gen:1> -> org.hibernate.loader.plan.build.internal.spaces.EntityQuerySpaceImpl@f7383bc]
17:03:27.000 [Test worker] DEBUG org.hibernate.persister.walking.spi.MetamodelGraphWalker - Visiting attribute path : title
17:03:27.000 [Test worker] DEBUG org.hibernate.loader.plan.build.internal.FetchStyleLoadPlanBuildingAssociationVisitationStrategy - Building LoadPlan...
17:03:27.004 [Test worker] DEBUG org.hibernate.loader.plan.exec.internal.LoadQueryJoinAndFetchProcessor - processing queryspace <gen:0>
17:03:27.005 [Test worker] DEBUG org.hibernate.loader.plan.build.spi.LoadPlanTreePrinter - LoadPlan(collection=com.epam.esm.entity.GiftCertificate.tags)
    - Returns
       - CollectionReturnImpl(collection=com.epam.esm.entity.GiftCertificate.tags, querySpaceUid=<gen:0>, path=[com.epam.esm.entity.GiftCertificate.tags])
          - (collection element) CollectionFetchableElementEntityGraph(entity=com.epam.esm.entity.Tag, querySpaceUid=<gen:1>, path=[com.epam.esm.entity.GiftCertificate.tags].<elements>)
    - QuerySpaces
       - CollectionQuerySpaceImpl(uid=<gen:0>, collection=com.epam.esm.entity.GiftCertificate.tags)
          - SQL table alias mapping - tags0_
          - alias suffix - 0_
          - suffixed key columns - {certific1_4_0_}
          - entity-element alias suffix - 1_
          - 1_entity-element suffixed key columns - id1_7_1_
          - JOIN (JoinDefinedByMetadata(elements)) : <gen:0> -> <gen:1>
             - EntityQuerySpaceImpl(uid=<gen:1>, entity=com.epam.esm.entity.Tag)
                - SQL table alias mapping - tag1_
                - alias suffix - 1_
                - suffixed key columns - {id1_7_1_}

17:03:27.005 [Test worker] DEBUG org.hibernate.loader.collection.plan.CollectionLoader - Static select for collection com.epam.esm.entity.GiftCertificate.tags: select tags0_.certificate_id as certific1_4_0_, tags0_.tag_id as tag_id2_4_0_, tag1_.id as id1_7_1_, tag1_.title as title2_7_1_ from certificate_tag tags0_ inner join tag tag1_ on tags0_.tag_id=tag1_.id where tags0_.certificate_id=?
17:03:27.005 [Test worker] DEBUG org.hibernate.loader.plan.build.internal.spaces.QuerySpacesImpl - Adding QuerySpace : uid = <gen:0> -> org.hibernate.loader.plan.build.internal.spaces.CollectionQuerySpaceImpl@23d98051]
17:03:27.006 [Test worker] DEBUG org.hibernate.loader.plan.build.internal.spaces.QuerySpacesImpl - Adding QuerySpace : uid = <gen:1> -> org.hibernate.loader.plan.build.internal.spaces.EntityQuerySpaceImpl@21e7edd6]
17:03:27.006 [Test worker] DEBUG org.hibernate.persister.walking.spi.MetamodelGraphWalker - Visiting attribute path : certificate
17:03:27.006 [Test worker] DEBUG org.hibernate.loader.plan.build.internal.spaces.QuerySpacesImpl - Adding QuerySpace : uid = <gen:2> -> org.hibernate.loader.plan.build.internal.spaces.EntityQuerySpaceImpl@4641cec5]
17:03:27.006 [Test worker] DEBUG org.hibernate.persister.walking.spi.MetamodelGraphWalker - Visiting attribute path : expirationDate
17:03:27.006 [Test worker] DEBUG org.hibernate.persister.walking.spi.MetamodelGraphWalker - Visiting attribute path : fixedPrice
17:03:27.006 [Test worker] DEBUG org.hibernate.persister.walking.spi.MetamodelGraphWalker - Visiting attribute path : order
17:03:27.006 [Test worker] DEBUG org.hibernate.persister.walking.spi.MetamodelGraphWalker - Property path deemed to be circular : order
17:03:27.006 [Test worker] DEBUG org.hibernate.loader.plan.build.internal.FetchStyleLoadPlanBuildingAssociationVisitationStrategy - Building LoadPlan...
17:03:27.007 [Test worker] DEBUG org.hibernate.loader.plan.exec.internal.LoadQueryJoinAndFetchProcessor - processing queryspace <gen:0>
17:03:27.008 [Test worker] DEBUG org.hibernate.loader.plan.build.spi.LoadPlanTreePrinter - LoadPlan(collection=com.epam.esm.entity.Order.orderCertificates)
    - Returns
       - CollectionReturnImpl(collection=com.epam.esm.entity.Order.orderCertificates, querySpaceUid=<gen:0>, path=[com.epam.esm.entity.Order.orderCertificates])
          - (collection element) CollectionFetchableElementEntityGraph(entity=com.epam.esm.entity.OrderCertificate, querySpaceUid=<gen:1>, path=[com.epam.esm.entity.Order.orderCertificates].<elements>)
             - EntityAttributeFetchImpl(entity=com.epam.esm.entity.GiftCertificate, querySpaceUid=<gen:2>, path=[com.epam.esm.entity.Order.orderCertificates].<elements>.certificate)
    - QuerySpaces
       - CollectionQuerySpaceImpl(uid=<gen:0>, collection=com.epam.esm.entity.Order.orderCertificates)
          - SQL table alias mapping - ordercerti0_
          - alias suffix - 0_
          - suffixed key columns - {order_id5_6_0_}
          - entity-element alias suffix - 1_
          - 1_entity-element suffixed key columns - id1_6_1_
          - JOIN (JoinDefinedByMetadata(elements)) : <gen:0> -> <gen:1>
             - EntityQuerySpaceImpl(uid=<gen:1>, entity=com.epam.esm.entity.OrderCertificate)
                - SQL table alias mapping - ordercerti0_
                - alias suffix - 1_
                - suffixed key columns - {id1_6_1_}

17:03:27.008 [Test worker] DEBUG org.hibernate.loader.collection.plan.CollectionLoader - Static select for collection com.epam.esm.entity.Order.orderCertificates: select ordercerti0_.order_id as order_id5_6_0_, ordercerti0_.id as id1_6_0_, ordercerti0_.id as id1_6_1_, ordercerti0_.certificate_id as certific4_6_1_, ordercerti0_.expiration_date as expirati2_6_1_, ordercerti0_.fixed_price as fixed_pr3_6_1_, ordercerti0_.order_id as order_id5_6_1_ from order_certificate ordercerti0_ where ordercerti0_.order_id=?
17:03:27.008 [Test worker] DEBUG org.hibernate.loader.plan.build.internal.spaces.QuerySpacesImpl - Adding QuerySpace : uid = <gen:0> -> org.hibernate.loader.plan.build.internal.spaces.CollectionQuerySpaceImpl@5338de5]
17:03:27.008 [Test worker] DEBUG org.hibernate.loader.plan.build.internal.spaces.QuerySpacesImpl - Adding QuerySpace : uid = <gen:1> -> org.hibernate.loader.plan.build.internal.spaces.EntityQuerySpaceImpl@3a45cbff]
17:03:27.008 [Test worker] DEBUG org.hibernate.persister.walking.spi.MetamodelGraphWalker - Visiting attribute path : certificate
17:03:27.008 [Test worker] DEBUG org.hibernate.persister.walking.spi.MetamodelGraphWalker - Property path deemed to be circular : certificate
17:03:27.009 [Test worker] DEBUG org.hibernate.persister.walking.spi.MetamodelGraphWalker - Visiting attribute path : expirationDate
17:03:27.009 [Test worker] DEBUG org.hibernate.persister.walking.spi.MetamodelGraphWalker - Visiting attribute path : fixedPrice
17:03:27.009 [Test worker] DEBUG org.hibernate.persister.walking.spi.MetamodelGraphWalker - Visiting attribute path : order
17:03:27.009 [Test worker] DEBUG org.hibernate.loader.plan.build.internal.spaces.QuerySpacesImpl - Adding QuerySpace : uid = <gen:2> -> org.hibernate.loader.plan.build.internal.spaces.EntityQuerySpaceImpl@193f449b]
17:03:27.009 [Test worker] DEBUG org.hibernate.persister.walking.spi.MetamodelGraphWalker - Visiting attribute path : order.activeStatus
17:03:27.009 [Test worker] DEBUG org.hibernate.persister.walking.spi.MetamodelGraphWalker - Visiting attribute path : order.createdAt
17:03:27.009 [Test worker] DEBUG org.hibernate.persister.walking.spi.MetamodelGraphWalker - Visiting attribute path : order.orderCertificates
17:03:27.009 [Test worker] DEBUG org.hibernate.persister.walking.spi.MetamodelGraphWalker - Property path deemed to be circular : order.orderCertificates
17:03:27.009 [Test worker] DEBUG org.hibernate.persister.walking.spi.MetamodelGraphWalker - Visiting attribute path : order.user
17:03:27.009 [Test worker] DEBUG org.hibernate.loader.plan.build.internal.spaces.QuerySpacesImpl - Adding QuerySpace : uid = <gen:3> -> org.hibernate.loader.plan.build.internal.spaces.EntityQuerySpaceImpl@85504ca]
17:03:27.009 [Test worker] DEBUG org.hibernate.persister.walking.spi.MetamodelGraphWalker - Visiting attribute path : order.user.email
17:03:27.009 [Test worker] DEBUG org.hibernate.persister.walking.spi.MetamodelGraphWalker - Visiting attribute path : order.user.orders
17:03:27.010 [Test worker] DEBUG org.hibernate.persister.walking.spi.MetamodelGraphWalker - Property path deemed to be circular : order.user.orders
17:03:27.010 [Test worker] DEBUG org.hibernate.persister.walking.spi.MetamodelGraphWalker - Visiting attribute path : order.user.password
17:03:27.010 [Test worker] DEBUG org.hibernate.persister.walking.spi.MetamodelGraphWalker - Visiting attribute path : order.user.refreshToken
17:03:27.010 [Test worker] DEBUG org.hibernate.persister.walking.spi.MetamodelGraphWalker - Visiting attribute path : order.user.role
17:03:27.010 [Test worker] DEBUG org.hibernate.loader.plan.build.internal.spaces.QuerySpacesImpl - Adding QuerySpace : uid = <gen:4> -> org.hibernate.loader.plan.build.internal.spaces.EntityQuerySpaceImpl@3e6c90bc]
17:03:27.010 [Test worker] DEBUG org.hibernate.persister.walking.spi.MetamodelGraphWalker - Visiting attribute path : order.user.role.value
17:03:27.010 [Test worker] DEBUG org.hibernate.loader.plan.build.internal.FetchStyleLoadPlanBuildingAssociationVisitationStrategy - Building LoadPlan...
17:03:27.011 [Test worker] DEBUG org.hibernate.loader.plan.exec.internal.LoadQueryJoinAndFetchProcessor - processing queryspace <gen:0>
17:03:27.012 [Test worker] DEBUG org.hibernate.loader.plan.build.spi.LoadPlanTreePrinter - LoadPlan(collection=com.epam.esm.entity.GiftCertificate.orderCertificates)
    - Returns
       - CollectionReturnImpl(collection=com.epam.esm.entity.GiftCertificate.orderCertificates, querySpaceUid=<gen:0>, path=[com.epam.esm.entity.GiftCertificate.orderCertificates])
          - (collection element) CollectionFetchableElementEntityGraph(entity=com.epam.esm.entity.OrderCertificate, querySpaceUid=<gen:1>, path=[com.epam.esm.entity.GiftCertificate.orderCertificates].<elements>)
             - EntityAttributeFetchImpl(entity=com.epam.esm.entity.Order, querySpaceUid=<gen:2>, path=[com.epam.esm.entity.GiftCertificate.orderCertificates].<elements>.order)
                - EntityAttributeFetchImpl(entity=com.epam.esm.entity.User, querySpaceUid=<gen:3>, path=[com.epam.esm.entity.GiftCertificate.orderCertificates].<elements>.order.user)
                   - EntityAttributeFetchImpl(entity=com.epam.esm.entity.Role, querySpaceUid=<gen:4>, path=[com.epam.esm.entity.GiftCertificate.orderCertificates].<elements>.order.user.role)
    - QuerySpaces
       - CollectionQuerySpaceImpl(uid=<gen:0>, collection=com.epam.esm.entity.GiftCertificate.orderCertificates)
          - SQL table alias mapping - ordercerti0_
          - alias suffix - 0_
          - suffixed key columns - {certific4_6_0_}
          - entity-element alias suffix - 1_
          - 1_entity-element suffixed key columns - id1_6_1_
          - JOIN (JoinDefinedByMetadata(elements)) : <gen:0> -> <gen:1>
             - EntityQuerySpaceImpl(uid=<gen:1>, entity=com.epam.esm.entity.OrderCertificate)
                - SQL table alias mapping - ordercerti0_
                - alias suffix - 1_
                - suffixed key columns - {id1_6_1_}
                - JOIN (JoinDefinedByMetadata(order)) : <gen:1> -> <gen:2>
                   - EntityQuerySpaceImpl(uid=<gen:2>, entity=com.epam.esm.entity.Order)
                      - SQL table alias mapping - order1_
                      - alias suffix - 2_
                      - suffixed key columns - {id1_0_2_}
                      - JOIN (JoinDefinedByMetadata(user)) : <gen:2> -> <gen:3>
                         - EntityQuerySpaceImpl(uid=<gen:3>, entity=com.epam.esm.entity.User)
                            - SQL table alias mapping - user2_
                            - alias suffix - 3_
                            - suffixed key columns - {id1_2_3_}
                            - JOIN (JoinDefinedByMetadata(role)) : <gen:3> -> <gen:4>
                               - EntityQuerySpaceImpl(uid=<gen:4>, entity=com.epam.esm.entity.Role)
                                  - SQL table alias mapping - role3_
                                  - alias suffix - 4_
                                  - suffixed key columns - {id1_1_4_}

17:03:27.012 [Test worker] DEBUG org.hibernate.loader.collection.plan.CollectionLoader - Static select for collection com.epam.esm.entity.GiftCertificate.orderCertificates: select ordercerti0_.certificate_id as certific4_6_0_, ordercerti0_.id as id1_6_0_, ordercerti0_.id as id1_6_1_, ordercerti0_.certificate_id as certific4_6_1_, ordercerti0_.expiration_date as expirati2_6_1_, ordercerti0_.fixed_price as fixed_pr3_6_1_, ordercerti0_.order_id as order_id5_6_1_, order1_.id as id1_0_2_, order1_.active_status as active_s2_0_2_, order1_.created_at as created_3_0_2_, order1_.user_id as user_id4_0_2_, user2_.id as id1_2_3_, user2_.email as email2_2_3_, user2_.password as password3_2_3_, user2_.refresh_token as refresh_4_2_3_, user2_.role_id as role_id5_2_3_, role3_.id as id1_1_4_, role3_.value as value2_1_4_ from order_certificate ordercerti0_ left outer join application_order order1_ on ordercerti0_.order_id=order1_.id left outer join application_user user2_ on order1_.user_id=user2_.id left outer join application_role role3_ on user2_.role_id=role3_.id where ordercerti0_.certificate_id=?
17:03:27.012 [Test worker] DEBUG org.hibernate.loader.plan.build.internal.spaces.QuerySpacesImpl - Adding QuerySpace : uid = <gen:0> -> org.hibernate.loader.plan.build.internal.spaces.CollectionQuerySpaceImpl@187b1b74]
17:03:27.012 [Test worker] DEBUG org.hibernate.loader.plan.build.internal.spaces.QuerySpacesImpl - Adding QuerySpace : uid = <gen:1> -> org.hibernate.loader.plan.build.internal.spaces.EntityQuerySpaceImpl@657238b6]
17:03:27.012 [Test worker] DEBUG org.hibernate.persister.walking.spi.MetamodelGraphWalker - Visiting attribute path : activeStatus
17:03:27.013 [Test worker] DEBUG org.hibernate.persister.walking.spi.MetamodelGraphWalker - Visiting attribute path : createdAt
17:03:27.013 [Test worker] DEBUG org.hibernate.persister.walking.spi.MetamodelGraphWalker - Visiting attribute path : orderCertificates
17:03:27.013 [Test worker] DEBUG org.hibernate.loader.plan.build.internal.spaces.QuerySpacesImpl - Adding QuerySpace : uid = <gen:2> -> org.hibernate.loader.plan.build.internal.spaces.CollectionQuerySpaceImpl@6af9d16]
17:03:27.013 [Test worker] DEBUG org.hibernate.loader.plan.build.internal.spaces.QuerySpacesImpl - Adding QuerySpace : uid = <gen:3> -> org.hibernate.loader.plan.build.internal.spaces.EntityQuerySpaceImpl@726cb2fd]
17:03:27.013 [Test worker] DEBUG org.hibernate.persister.walking.spi.MetamodelGraphWalker - Visiting attribute path : user
17:03:27.013 [Test worker] DEBUG org.hibernate.persister.walking.spi.MetamodelGraphWalker - Property path deemed to be circular : user
17:03:27.013 [Test worker] DEBUG org.hibernate.loader.plan.build.internal.FetchStyleLoadPlanBuildingAssociationVisitationStrategy - Building LoadPlan...
17:03:27.013 [Test worker] DEBUG org.hibernate.loader.plan.exec.internal.LoadQueryJoinAndFetchProcessor - processing queryspace <gen:0>
17:03:27.014 [Test worker] DEBUG org.hibernate.loader.plan.build.spi.LoadPlanTreePrinter - LoadPlan(collection=com.epam.esm.entity.User.orders)
    - Returns
       - CollectionReturnImpl(collection=com.epam.esm.entity.User.orders, querySpaceUid=<gen:0>, path=[com.epam.esm.entity.User.orders])
          - (collection element) CollectionFetchableElementEntityGraph(entity=com.epam.esm.entity.Order, querySpaceUid=<gen:1>, path=[com.epam.esm.entity.User.orders].<elements>)
             - CollectionAttributeFetchImpl(collection=com.epam.esm.entity.Order.orderCertificates, querySpaceUid=<gen:2>, path=[com.epam.esm.entity.User.orders].<elements>.orderCertificates)
                - (collection element) CollectionFetchableElementEntityGraph(entity=com.epam.esm.entity.OrderCertificate, querySpaceUid=<gen:3>, path=[com.epam.esm.entity.User.orders].<elements>.orderCertificates.<elements>)
    - QuerySpaces
       - CollectionQuerySpaceImpl(uid=<gen:0>, collection=com.epam.esm.entity.User.orders)
          - SQL table alias mapping - orders0_
          - alias suffix - 0_
          - suffixed key columns - {user_id4_0_0_}
          - entity-element alias suffix - 1_
          - 1_entity-element suffixed key columns - id1_0_1_
          - JOIN (JoinDefinedByMetadata(elements)) : <gen:0> -> <gen:1>
             - EntityQuerySpaceImpl(uid=<gen:1>, entity=com.epam.esm.entity.Order)
                - SQL table alias mapping - orders0_
                - alias suffix - 1_
                - suffixed key columns - {id1_0_1_}

17:03:27.014 [Test worker] DEBUG org.hibernate.loader.collection.plan.CollectionLoader - Static select for collection com.epam.esm.entity.User.orders: select orders0_.user_id as user_id4_0_0_, orders0_.id as id1_0_0_, orders0_.id as id1_0_1_, orders0_.active_status as active_s2_0_1_, orders0_.created_at as created_3_0_1_, orders0_.user_id as user_id4_0_1_ from application_order orders0_ where orders0_.user_id=?
17:03:27.064 [Test worker] DEBUG org.hibernate.SQL - drop table application_order if exists
17:03:27.068 [Test worker] DEBUG org.hibernate.SQL - drop table application_role if exists
17:03:27.068 [Test worker] DEBUG org.hibernate.SQL - drop table application_user if exists
17:03:27.068 [Test worker] DEBUG org.hibernate.SQL - drop table certificate if exists
17:03:27.068 [Test worker] DEBUG org.hibernate.SQL - drop table certificate_tag if exists
17:03:27.069 [Test worker] DEBUG org.hibernate.SQL - drop table entity if exists
17:03:27.069 [Test worker] DEBUG org.hibernate.SQL - drop table order_certificate if exists
17:03:27.069 [Test worker] DEBUG org.hibernate.SQL - drop table tag if exists
17:03:27.073 [Test worker] DEBUG org.hibernate.SQL - create table application_order (id bigint generated by default as identity, active_status boolean, created_at timestamp, user_id bigint, primary key (id))
17:03:27.084 [Test worker] DEBUG org.hibernate.SQL - create table application_role (id bigint generated by default as identity, value varchar(255), primary key (id))
17:03:27.086 [Test worker] DEBUG org.hibernate.SQL - create table application_user (id bigint generated by default as identity, email varchar(255), password varchar(255), refresh_token varchar(255), role_id bigint, primary key (id))
17:03:27.088 [Test worker] DEBUG org.hibernate.SQL - create table certificate (id bigint generated by default as identity, active_status boolean, creation_date date, description varchar(255), expiration_date date, modification_date date, name varchar(255), price decimal(19,2), primary key (id))
17:03:27.090 [Test worker] DEBUG org.hibernate.SQL - create table certificate_tag (certificate_id bigint not null, tag_id bigint not null, primary key (certificate_id, tag_id))
17:03:27.095 [Test worker] DEBUG org.hibernate.SQL - create table entity (id bigint generated by default as identity, primary key (id))
17:03:27.096 [Test worker] DEBUG org.hibernate.SQL - create table order_certificate (id bigint generated by default as identity, expiration_date date, fixed_price decimal(19,2), certificate_id bigint, order_id bigint, primary key (id))
17:03:27.099 [Test worker] DEBUG org.hibernate.SQL - create table tag (id bigint generated by default as identity, title varchar(255), primary key (id))
17:03:27.100 [Test worker] DEBUG org.hibernate.SQL - alter table tag add constraint UK_k5g3urrxw2ym0ls8vo6xfgs65 unique (title)
17:03:27.101 [Test worker] DEBUG org.hibernate.SQL - alter table application_order add constraint FKp4m4jwa9ds4e3gmsdtsvjcty3 foreign key (user_id) references application_user
17:03:27.110 [Test worker] DEBUG org.hibernate.SQL - alter table application_user add constraint FKkb3re6enordhsw7vy7ftgtna4 foreign key (role_id) references application_role
17:03:27.112 [Test worker] DEBUG org.hibernate.SQL - alter table certificate_tag add constraint FKk65jck3ppxm1p372l03sxdtcc foreign key (tag_id) references tag
17:03:27.114 [Test worker] DEBUG org.hibernate.SQL - alter table certificate_tag add constraint FKlrytco6nyamwxl72nog54iymx foreign key (certificate_id) references certificate
17:03:27.117 [Test worker] DEBUG org.hibernate.SQL - alter table order_certificate add constraint FKans0qrkplnas0le7if4ph8n2w foreign key (certificate_id) references certificate
17:03:27.119 [Test worker] DEBUG org.hibernate.SQL - alter table order_certificate add constraint FKlylopteltw5t82w63stck3tb8 foreign key (order_id) references application_order
17:03:27.122 [Test worker] INFO org.hibernate.tool.schema.internal.SchemaCreatorImpl - HHH000476: Executing import script 'org.hibernate.tool.schema.internal.exec.ScriptSourceInputNonExistentImpl@3bb5d12c'
17:03:27.125 [Test worker] DEBUG org.hibernate.query.spi.NamedQueryRepository - Checking 0 named HQL queries
17:03:27.125 [Test worker] DEBUG org.hibernate.query.spi.NamedQueryRepository - Checking 0 named SQL queries
17:03:27.127 [Test worker] DEBUG org.hibernate.internal.SessionFactoryRegistry - Initializing SessionFactoryRegistry : org.hibernate.internal.SessionFactoryRegistry@16ea867a
17:03:27.127 [Test worker] DEBUG org.hibernate.internal.SessionFactoryRegistry - Registering SessionFactory: c09ba8bc-5187-42d1-9ed6-a0053c47d323 (<unnamed>)
17:03:27.127 [Test worker] DEBUG org.hibernate.internal.SessionFactoryRegistry - Not binding SessionFactory to JNDI, no JNDI name configured
17:03:27.127 [Test worker] INFO org.springframework.orm.jpa.LocalContainerEntityManagerFactoryBean - Initialized JPA EntityManagerFactory for persistence unit 'default'
17:03:27.132 [Test worker] DEBUG org.springframework.jdbc.datasource.DataSourceUtils - Fetching JDBC Connection from DataSource
17:03:27.135 [Test worker] DEBUG org.springframework.beans.factory.support.DefaultListableBeanFactory - Creating shared instance of singleton bean 'testConfig'
17:03:27.136 [Test worker] DEBUG org.springframework.beans.factory.support.DefaultListableBeanFactory - Creating shared instance of singleton bean 'certificateRepository'
17:03:27.141 [Test worker] DEBUG org.springframework.beans.factory.support.DefaultListableBeanFactory - Creating shared instance of singleton bean 'org.springframework.orm.jpa.SharedEntityManagerCreator#0'
17:03:27.163 [Test worker] DEBUG org.springframework.beans.factory.support.DefaultListableBeanFactory - Creating shared instance of singleton bean 'criteriaBuilderHelper'
17:03:27.164 [Test worker] DEBUG org.springframework.beans.factory.support.DefaultListableBeanFactory - Autowiring by type from bean name 'certificateRepository' via constructor to bean named 'org.springframework.orm.jpa.SharedEntityManagerCreator#0'
17:03:27.164 [Test worker] DEBUG org.springframework.beans.factory.support.DefaultListableBeanFactory - Autowiring by type from bean name 'certificateRepository' via constructor to bean named 'criteriaBuilderHelper'
17:03:27.185 [Test worker] DEBUG org.springframework.beans.factory.support.DefaultListableBeanFactory - Creating shared instance of singleton bean 'orderCertificateRepository'
17:03:27.186 [Test worker] DEBUG org.springframework.beans.factory.support.DefaultListableBeanFactory - Autowiring by type from bean name 'orderCertificateRepository' via constructor to bean named 'org.springframework.orm.jpa.SharedEntityManagerCreator#0'
17:03:27.193 [Test worker] DEBUG org.springframework.beans.factory.support.DefaultListableBeanFactory - Creating shared instance of singleton bean 'orderRepository'
17:03:27.195 [Test worker] DEBUG org.springframework.beans.factory.support.DefaultListableBeanFactory - Autowiring by type from bean name 'orderRepository' via constructor to bean named 'org.springframework.orm.jpa.SharedEntityManagerCreator#0'
17:03:27.203 [Test worker] DEBUG org.springframework.beans.factory.support.DefaultListableBeanFactory - Creating shared instance of singleton bean 'tagRepository'
17:03:27.205 [Test worker] DEBUG org.springframework.beans.factory.support.DefaultListableBeanFactory - Autowiring by type from bean name 'tagRepository' via constructor to bean named 'org.springframework.orm.jpa.SharedEntityManagerCreator#0'
17:03:27.216 [Test worker] DEBUG org.springframework.beans.factory.support.DefaultListableBeanFactory - Creating shared instance of singleton bean 'userRepository'
17:03:27.217 [Test worker] DEBUG org.springframework.beans.factory.support.DefaultListableBeanFactory - Autowiring by type from bean name 'userRepository' via constructor to bean named 'org.springframework.orm.jpa.SharedEntityManagerCreator#0'
17:03:27.224 [Test worker] DEBUG org.springframework.beans.factory.support.DefaultListableBeanFactory - Creating shared instance of singleton bean 'org.springframework.boot.autoconfigure.context.PropertyPlaceholderAutoConfiguration'
17:03:27.225 [Test worker] DEBUG org.springframework.beans.factory.support.DefaultListableBeanFactory - Creating shared instance of singleton bean 'org.springframework.boot.autoconfigure.task.TaskExecutionAutoConfiguration'
17:03:27.226 [Test worker] DEBUG org.springframework.core.LocalVariableTableParameterNameDiscoverer - Cannot find '.class' file for class [class org.springframework.boot.autoconfigure.task.TaskExecutionAutoConfiguration$$EnhancerBySpringCGLIB$$30b471bb] - unable to determine constructor/method parameter names
17:03:27.227 [Test worker] DEBUG org.springframework.beans.factory.support.DefaultListableBeanFactory - Creating shared instance of singleton bean 'spring.task.execution-org.springframework.boot.autoconfigure.task.TaskExecutionProperties'
17:03:27.231 [Test worker] DEBUG org.springframework.beans.factory.support.DefaultListableBeanFactory - Autowiring by type from bean name 'org.springframework.boot.autoconfigure.task.TaskExecutionAutoConfiguration' via constructor to bean named 'spring.task.execution-org.springframework.boot.autoconfigure.task.TaskExecutionProperties'
17:03:27.232 [Test worker] DEBUG org.springframework.beans.factory.support.DefaultListableBeanFactory - Creating shared instance of singleton bean 'taskExecutorBuilder'
17:03:27.239 [Test worker] DEBUG org.springframework.beans.factory.support.DefaultListableBeanFactory - Creating shared instance of singleton bean 'org.springframework.boot.autoconfigure.validation.ValidationAutoConfiguration'
17:03:27.241 [Test worker] DEBUG org.springframework.beans.factory.support.DefaultListableBeanFactory - Creating shared instance of singleton bean 'defaultValidator'
17:03:27.245 [Test worker] DEBUG org.hibernate.validator.internal.engine.resolver.TraversableResolvers - Found javax.persistence.Persistence on classpath containing 'getPersistenceUtil'. Assuming JPA 2 environment. Trying to instantiate JPA aware TraversableResolver
17:03:27.245 [Test worker] DEBUG org.hibernate.validator.internal.engine.resolver.TraversableResolvers - Instantiated JPA aware TraversableResolver of type org.hibernate.validator.internal.engine.resolver.JPATraversableResolver.
17:03:27.245 [Test worker] DEBUG org.hibernate.validator.messageinterpolation.ResourceBundleMessageInterpolator - Loaded expression factory via original TCCL
17:03:27.248 [Test worker] DEBUG org.hibernate.validator.internal.engine.resolver.TraversableResolvers - Found javax.persistence.Persistence on classpath containing 'getPersistenceUtil'. Assuming JPA 2 environment. Trying to instantiate JPA aware TraversableResolver
17:03:27.248 [Test worker] DEBUG org.hibernate.validator.internal.engine.resolver.TraversableResolvers - Instantiated JPA aware TraversableResolver of type org.hibernate.validator.internal.engine.resolver.JPATraversableResolver.
17:03:27.249 [Test worker] DEBUG org.hibernate.validator.internal.engine.ConfigurationImpl - Setting custom MessageInterpolator of type org.springframework.validation.beanvalidation.LocaleContextMessageInterpolator
17:03:27.250 [Test worker] DEBUG org.hibernate.validator.internal.engine.ConfigurationImpl - Setting custom ConstraintValidatorFactory of type org.springframework.validation.beanvalidation.SpringConstraintValidatorFactory
17:03:27.250 [Test worker] DEBUG org.hibernate.validator.internal.engine.ConfigurationImpl - Setting custom ParameterNameProvider of type org.springframework.validation.beanvalidation.LocalValidatorFactoryBean$1
17:03:27.252 [Test worker] DEBUG org.hibernate.validator.internal.xml.config.ValidationXmlParser - Trying to load META-INF/validation.xml for XML based Validator configuration.
17:03:27.252 [Test worker] DEBUG org.hibernate.validator.internal.xml.config.ResourceLoaderHelper - Trying to load META-INF/validation.xml via user class loader
17:03:27.252 [Test worker] DEBUG org.hibernate.validator.internal.xml.config.ResourceLoaderHelper - Trying to load META-INF/validation.xml via TCCL
17:03:27.252 [Test worker] DEBUG org.hibernate.validator.internal.xml.config.ResourceLoaderHelper - Trying to load META-INF/validation.xml via Hibernate Validator's class loader
17:03:27.252 [Test worker] DEBUG org.hibernate.validator.internal.xml.config.ValidationXmlParser - No META-INF/validation.xml found. Using annotation based configuration only.
17:03:27.260 [Test worker] DEBUG org.hibernate.validator.internal.engine.ValidatorFactoryImpl - HV000234: Using org.springframework.validation.beanvalidation.LocaleContextMessageInterpolator as ValidatorFactory-scoped message interpolator.
17:03:27.260 [Test worker] DEBUG org.hibernate.validator.internal.engine.ValidatorFactoryImpl - HV000234: Using org.hibernate.validator.internal.engine.resolver.JPATraversableResolver as ValidatorFactory-scoped traversable resolver.
17:03:27.260 [Test worker] DEBUG org.hibernate.validator.internal.engine.ValidatorFactoryImpl - HV000234: Using org.hibernate.validator.internal.util.ExecutableParameterNameProvider as ValidatorFactory-scoped parameter name provider.
17:03:27.260 [Test worker] DEBUG org.hibernate.validator.internal.engine.ValidatorFactoryImpl - HV000234: Using org.hibernate.validator.internal.engine.DefaultClockProvider as ValidatorFactory-scoped clock provider.
17:03:27.260 [Test worker] DEBUG org.hibernate.validator.internal.engine.ValidatorFactoryImpl - HV000234: Using org.hibernate.validator.internal.engine.scripting.DefaultScriptEvaluatorFactory as ValidatorFactory-scoped script evaluator factory.
17:03:27.264 [Test worker] DEBUG org.springframework.beans.factory.support.DefaultListableBeanFactory - Creating shared instance of singleton bean 'org.springframework.boot.autoconfigure.security.oauth2.client.OAuth2RestOperationsConfiguration$SingletonScopedConfiguration'
17:03:27.265 [Test worker] DEBUG org.springframework.beans.factory.support.DefaultListableBeanFactory - Creating shared instance of singleton bean 'oauth2RemoteResource'
17:03:27.273 [Test worker] DEBUG org.springframework.beans.factory.support.DefaultListableBeanFactory - Creating shared instance of singleton bean 'oauth2ClientContext'
17:03:27.275 [Test worker] DEBUG org.springframework.beans.factory.support.DefaultListableBeanFactory - Creating shared instance of singleton bean 'org.springframework.boot.autoconfigure.security.oauth2.client.OAuth2RestOperationsConfiguration'
17:03:27.276 [Test worker] DEBUG org.springframework.beans.factory.support.DefaultListableBeanFactory - Creating shared instance of singleton bean 'org.springframework.boot.autoconfigure.security.oauth2.OAuth2AutoConfiguration'
17:03:27.277 [Test worker] DEBUG org.springframework.core.LocalVariableTableParameterNameDiscoverer - Cannot find '.class' file for class [class org.springframework.boot.autoconfigure.security.oauth2.OAuth2AutoConfiguration$$EnhancerBySpringCGLIB$$5c5e94e5] - unable to determine constructor/method parameter names
17:03:27.277 [Test worker] DEBUG org.springframework.beans.factory.support.DefaultListableBeanFactory - Creating shared instance of singleton bean 'security.oauth2.client-org.springframework.boot.autoconfigure.security.oauth2.OAuth2ClientProperties'
17:03:27.279 [Test worker] DEBUG org.springframework.beans.factory.support.DefaultListableBeanFactory - Autowiring by type from bean name 'org.springframework.boot.autoconfigure.security.oauth2.OAuth2AutoConfiguration' via constructor to bean named 'security.oauth2.client-org.springframework.boot.autoconfigure.security.oauth2.OAuth2ClientProperties'
17:03:27.280 [Test worker] DEBUG org.springframework.beans.factory.support.DefaultListableBeanFactory - Creating shared instance of singleton bean 'resourceServerProperties'
17:03:27.291 [Test worker] DEBUG org.springframework.beans.factory.support.DefaultListableBeanFactory - Creating shared instance of singleton bean 'org.springframework.boot.autoconfigure.jmx.JmxAutoConfiguration'
17:03:27.297 [Test worker] DEBUG org.springframework.beans.factory.support.DefaultListableBeanFactory - Creating shared instance of singleton bean 'mbeanExporter'
17:03:27.298 [Test worker] DEBUG org.springframework.beans.factory.support.DefaultListableBeanFactory - Creating shared instance of singleton bean 'objectNamingStrategy'
17:03:27.302 [Test worker] DEBUG org.springframework.beans.factory.support.DefaultListableBeanFactory - Autowiring by type from bean name 'mbeanExporter' via factory method to bean named 'objectNamingStrategy'
17:03:27.312 [Test worker] DEBUG org.springframework.beans.factory.support.DefaultListableBeanFactory - Creating shared instance of singleton bean 'mbeanServer'
17:03:27.411 [Test worker] DEBUG org.springframework.jmx.support.JmxUtils - Found MBeanServer: com.sun.jmx.mbeanserver.JmxMBeanServer@bc10b92
17:03:27.433 [Test worker] DEBUG org.springframework.beans.factory.support.DefaultListableBeanFactory - Creating shared instance of singleton bean 'org.springframework.boot.autoconfigure.aop.AopAutoConfiguration$CglibAutoProxyConfiguration'
17:03:27.434 [Test worker] DEBUG org.springframework.beans.factory.support.DefaultListableBeanFactory - Creating shared instance of singleton bean 'org.springframework.boot.autoconfigure.aop.AopAutoConfiguration'
17:03:27.435 [Test worker] DEBUG org.springframework.beans.factory.support.DefaultListableBeanFactory - Creating shared instance of singleton bean 'org.springframework.boot.autoconfigure.transaction.jta.JtaAutoConfiguration'
17:03:27.437 [Test worker] DEBUG org.springframework.beans.factory.support.DefaultListableBeanFactory - Creating shared instance of singleton bean 'org.springframework.boot.autoconfigure.jdbc.DataSourceJmxConfiguration$Hikari'
17:03:27.439 [Test worker] DEBUG org.springframework.core.LocalVariableTableParameterNameDiscoverer - Cannot find '.class' file for class [class org.springframework.boot.autoconfigure.jdbc.DataSourceJmxConfiguration$Hikari$$EnhancerBySpringCGLIB$$8eb93a4f] - unable to determine constructor/method parameter names
17:03:27.440 [Test worker] DEBUG org.springframework.beans.factory.support.DefaultListableBeanFactory - Autowiring by type from bean name 'org.springframework.boot.autoconfigure.jdbc.DataSourceJmxConfiguration$Hikari' via constructor to bean named 'dataSource'
17:03:27.442 [Test worker] DEBUG org.springframework.beans.factory.support.DefaultListableBeanFactory - Creating shared instance of singleton bean 'org.springframework.boot.autoconfigure.jdbc.DataSourceJmxConfiguration'
17:03:27.443 [Test worker] DEBUG org.springframework.beans.factory.support.DefaultListableBeanFactory - Creating shared instance of singleton bean 'org.springframework.boot.autoconfigure.jdbc.DataSourceAutoConfiguration$PooledDataSourceConfiguration'
17:03:27.444 [Test worker] DEBUG org.springframework.beans.factory.support.DefaultListableBeanFactory - Creating shared instance of singleton bean 'org.springframework.boot.autoconfigure.jdbc.metadata.DataSourcePoolMetadataProvidersConfiguration'
17:03:27.445 [Test worker] DEBUG org.springframework.beans.factory.support.DefaultListableBeanFactory - Creating shared instance of singleton bean 'org.springframework.boot.autoconfigure.jdbc.DataSourceInitializationConfiguration'
17:03:27.446 [Test worker] DEBUG org.springframework.beans.factory.support.DefaultListableBeanFactory - Creating shared instance of singleton bean 'org.springframework.boot.autoconfigure.jdbc.DataSourceAutoConfiguration'
17:03:27.447 [Test worker] DEBUG org.springframework.beans.factory.support.DefaultListableBeanFactory - Creating shared instance of singleton bean 'transactionManager'
17:03:27.463 [Test worker] DEBUG org.springframework.beans.factory.support.DefaultListableBeanFactory - Creating shared instance of singleton bean 'org.springframework.boot.autoconfigure.orm.jpa.HibernateJpaAutoConfiguration'
17:03:27.463 [Test worker] DEBUG org.springframework.beans.factory.support.DefaultListableBeanFactory - Creating shared instance of singleton bean 'org.springframework.boot.autoconfigure.context.ConfigurationPropertiesAutoConfiguration'
17:03:27.464 [Test worker] DEBUG org.springframework.beans.factory.support.DefaultListableBeanFactory - Creating shared instance of singleton bean 'org.springframework.boot.autoconfigure.dao.PersistenceExceptionTranslationAutoConfiguration'
17:03:27.465 [Test worker] DEBUG org.springframework.beans.factory.support.DefaultListableBeanFactory - Creating shared instance of singleton bean 'org.springframework.boot.autoconfigure.data.jpa.JpaRepositoriesAutoConfiguration'
17:03:27.466 [Test worker] DEBUG org.springframework.beans.factory.support.DefaultListableBeanFactory - Creating shared instance of singleton bean 'org.springframework.data.jpa.util.JpaMetamodelCacheCleanup'
17:03:27.467 [Test worker] DEBUG org.springframework.beans.factory.support.DefaultListableBeanFactory - Creating shared instance of singleton bean 'org.springframework.data.jpa.repository.support.JpaEvaluationContextExtension'
17:03:27.470 [Test worker] DEBUG org.springframework.beans.factory.support.DefaultListableBeanFactory - Creating shared instance of singleton bean 'org.springframework.boot.autoconfigure.jackson.JacksonAutoConfiguration$Jackson2ObjectMapperBuilderCustomizerConfiguration'
17:03:27.471 [Test worker] DEBUG org.springframework.beans.factory.support.DefaultListableBeanFactory - Creating shared instance of singleton bean 'standardJacksonObjectMapperBuilderCustomizer'
17:03:27.473 [Test worker] DEBUG org.springframework.beans.factory.support.DefaultListableBeanFactory - Creating shared instance of singleton bean 'spring.jackson-org.springframework.boot.autoconfigure.jackson.JacksonProperties'
17:03:27.479 [Test worker] DEBUG org.springframework.beans.factory.support.DefaultListableBeanFactory - Autowiring by type from bean name 'standardJacksonObjectMapperBuilderCustomizer' via factory method to bean named 'org.springframework.context.support.GenericApplicationContext@7fb9647c'
17:03:27.479 [Test worker] DEBUG org.springframework.beans.factory.support.DefaultListableBeanFactory - Autowiring by type from bean name 'standardJacksonObjectMapperBuilderCustomizer' via factory method to bean named 'spring.jackson-org.springframework.boot.autoconfigure.jackson.JacksonProperties'
17:03:27.484 [Test worker] DEBUG org.springframework.beans.factory.support.DefaultListableBeanFactory - Creating shared instance of singleton bean 'org.springframework.boot.autoconfigure.jackson.JacksonAutoConfiguration$JacksonObjectMapperBuilderConfiguration'
17:03:27.484 [Test worker] DEBUG org.springframework.core.LocalVariableTableParameterNameDiscoverer - Cannot find '.class' file for class [class org.springframework.boot.autoconfigure.jackson.JacksonAutoConfiguration$JacksonObjectMapperBuilderConfiguration$$EnhancerBySpringCGLIB$$b2f51a8f] - unable to determine constructor/method parameter names
17:03:27.484 [Test worker] DEBUG org.springframework.beans.factory.support.DefaultListableBeanFactory - Autowiring by type from bean name 'org.springframework.boot.autoconfigure.jackson.JacksonAutoConfiguration$JacksonObjectMapperBuilderConfiguration' via constructor to bean named 'org.springframework.context.support.GenericApplicationContext@7fb9647c'
17:03:27.485 [Test worker] DEBUG org.springframework.beans.factory.support.DefaultListableBeanFactory - Creating shared instance of singleton bean 'jacksonObjectMapperBuilder'
17:03:27.487 [Test worker] DEBUG org.springframework.beans.factory.support.DefaultListableBeanFactory - Autowiring by type from bean name 'jacksonObjectMapperBuilder' via factory method to bean named 'standardJacksonObjectMapperBuilderCustomizer'
17:03:27.501 [Test worker] DEBUG org.springframework.beans.factory.support.DefaultListableBeanFactory - Creating shared instance of singleton bean 'parameterNamesModule'
17:03:27.502 [Test worker] DEBUG org.springframework.beans.factory.support.DefaultListableBeanFactory - Creating shared instance of singleton bean 'org.springframework.boot.autoconfigure.jackson.JacksonAutoConfiguration$ParameterNamesModuleConfiguration'
17:03:27.526 [Test worker] DEBUG org.springframework.beans.factory.support.DefaultListableBeanFactory - Creating shared instance of singleton bean 'jsonComponentModule'
17:03:27.526 [Test worker] DEBUG org.springframework.beans.factory.support.DefaultListableBeanFactory - Creating shared instance of singleton bean 'org.springframework.boot.autoconfigure.jackson.JacksonAutoConfiguration'
17:03:27.542 [Test worker] DEBUG org.springframework.beans.factory.support.DefaultListableBeanFactory - Creating shared instance of singleton bean 'org.springframework.boot.autoconfigure.jackson.JacksonAutoConfiguration$JacksonObjectMapperConfiguration'
17:03:27.543 [Test worker] DEBUG org.springframework.beans.factory.support.DefaultListableBeanFactory - Creating shared instance of singleton bean 'jacksonObjectMapper'
17:03:27.544 [Test worker] DEBUG org.springframework.beans.factory.support.DefaultListableBeanFactory - Autowiring by type from bean name 'jacksonObjectMapper' via factory method to bean named 'jacksonObjectMapperBuilder'
17:03:27.898 [Test worker] DEBUG org.springframework.beans.factory.support.DefaultListableBeanFactory - Creating shared instance of singleton bean 'org.springframework.boot.autoconfigure.http.HttpMessageConvertersAutoConfiguration$StringHttpMessageConverterConfiguration'
17:03:27.898 [Test worker] DEBUG org.springframework.core.LocalVariableTableParameterNameDiscoverer - Cannot find '.class' file for class [class org.springframework.boot.autoconfigure.http.HttpMessageConvertersAutoConfiguration$StringHttpMessageConverterConfiguration$$EnhancerBySpringCGLIB$$f2566b19] - unable to determine constructor/method parameter names
17:03:27.899 [Test worker] DEBUG org.springframework.beans.factory.support.DefaultListableBeanFactory - Creating shared instance of singleton bean 'spring.http-org.springframework.boot.autoconfigure.http.HttpProperties'
17:03:27.901 [Test worker] DEBUG org.springframework.beans.factory.support.DefaultListableBeanFactory - Autowiring by type from bean name 'org.springframework.boot.autoconfigure.http.HttpMessageConvertersAutoConfiguration$StringHttpMessageConverterConfiguration' via constructor to bean named 'spring.http-org.springframework.boot.autoconfigure.http.HttpProperties'
17:03:27.902 [Test worker] DEBUG org.springframework.beans.factory.support.DefaultListableBeanFactory - Creating shared instance of singleton bean 'stringHttpMessageConverter'
17:03:27.924 [Test worker] DEBUG org.springframework.beans.factory.support.DefaultListableBeanFactory - Creating shared instance of singleton bean 'org.springframework.boot.autoconfigure.http.JacksonHttpMessageConvertersConfiguration$MappingJackson2HttpMessageConverterConfiguration'
17:03:27.926 [Test worker] DEBUG org.springframework.beans.factory.support.DefaultListableBeanFactory - Creating shared instance of singleton bean 'mappingJackson2HttpMessageConverter'
17:03:27.927 [Test worker] DEBUG org.springframework.beans.factory.support.DefaultListableBeanFactory - Autowiring by type from bean name 'mappingJackson2HttpMessageConverter' via factory method to bean named 'jacksonObjectMapper'
17:03:27.934 [Test worker] DEBUG org.springframework.beans.factory.support.DefaultListableBeanFactory - Creating shared instance of singleton bean 'org.springframework.boot.autoconfigure.http.JacksonHttpMessageConvertersConfiguration'
17:03:27.935 [Test worker] DEBUG org.springframework.beans.factory.support.DefaultListableBeanFactory - Creating shared instance of singleton bean 'org.springframework.boot.autoconfigure.http.HttpMessageConvertersAutoConfiguration'
17:03:27.936 [Test worker] DEBUG org.springframework.core.LocalVariableTableParameterNameDiscoverer - Cannot find '.class' file for class [class org.springframework.boot.autoconfigure.http.HttpMessageConvertersAutoConfiguration$$EnhancerBySpringCGLIB$$bf48a479] - unable to determine constructor/method parameter names
17:03:27.940 [Test worker] DEBUG org.springframework.beans.factory.support.DefaultListableBeanFactory - Creating shared instance of singleton bean 'messageConverters'
17:03:27.983 [Test worker] DEBUG org.springframework.beans.factory.support.DefaultListableBeanFactory - Creating shared instance of singleton bean 'org.springframework.boot.autoconfigure.http.codec.CodecsAutoConfiguration$LoggingCodecConfiguration'
17:03:27.984 [Test worker] DEBUG org.springframework.beans.factory.support.DefaultListableBeanFactory - Creating shared instance of singleton bean 'loggingCodecCustomizer'
17:03:27.984 [Test worker] DEBUG org.springframework.beans.factory.support.DefaultListableBeanFactory - Autowiring by type from bean name 'loggingCodecCustomizer' via factory method to bean named 'spring.http-org.springframework.boot.autoconfigure.http.HttpProperties'
17:03:27.989 [Test worker] DEBUG org.springframework.beans.factory.support.DefaultListableBeanFactory - Creating shared instance of singleton bean 'org.springframework.boot.autoconfigure.http.codec.CodecsAutoConfiguration$JacksonCodecConfiguration'
17:03:27.991 [Test worker] DEBUG org.springframework.beans.factory.support.DefaultListableBeanFactory - Creating shared instance of singleton bean 'jacksonCodecCustomizer'
17:03:27.991 [Test worker] DEBUG org.springframework.beans.factory.support.DefaultListableBeanFactory - Autowiring by type from bean name 'jacksonCodecCustomizer' via factory method to bean named 'jacksonObjectMapper'
17:03:27.997 [Test worker] DEBUG org.springframework.beans.factory.support.DefaultListableBeanFactory - Creating shared instance of singleton bean 'org.springframework.boot.autoconfigure.http.codec.CodecsAutoConfiguration'
17:03:27.997 [Test worker] DEBUG org.springframework.beans.factory.support.DefaultListableBeanFactory - Creating shared instance of singleton bean 'org.springframework.boot.autoconfigure.info.ProjectInfoAutoConfiguration'
17:03:27.998 [Test worker] DEBUG org.springframework.core.LocalVariableTableParameterNameDiscoverer - Cannot find '.class' file for class [class org.springframework.boot.autoconfigure.info.ProjectInfoAutoConfiguration$$EnhancerBySpringCGLIB$$e10ee5fe] - unable to determine constructor/method parameter names
17:03:27.998 [Test worker] DEBUG org.springframework.beans.factory.support.DefaultListableBeanFactory - Creating shared instance of singleton bean 'spring.info-org.springframework.boot.autoconfigure.info.ProjectInfoProperties'
17:03:28.000 [Test worker] DEBUG org.springframework.beans.factory.support.DefaultListableBeanFactory - Autowiring by type from bean name 'org.springframework.boot.autoconfigure.info.ProjectInfoAutoConfiguration' via constructor to bean named 'spring.info-org.springframework.boot.autoconfigure.info.ProjectInfoProperties'
17:03:28.001 [Test worker] DEBUG org.springframework.beans.factory.support.DefaultListableBeanFactory - Creating shared instance of singleton bean 'org.springframework.boot.autoconfigure.jdbc.JdbcTemplateAutoConfiguration$JdbcTemplateConfiguration'
17:03:28.001 [Test worker] DEBUG org.springframework.core.LocalVariableTableParameterNameDiscoverer - Cannot find '.class' file for class [class org.springframework.boot.autoconfigure.jdbc.JdbcTemplateAutoConfiguration$JdbcTemplateConfiguration$$EnhancerBySpringCGLIB$$bda00752] - unable to determine constructor/method parameter names
17:03:28.002 [Test worker] DEBUG org.springframework.beans.factory.support.DefaultListableBeanFactory - Creating shared instance of singleton bean 'spring.jdbc-org.springframework.boot.autoconfigure.jdbc.JdbcProperties'
17:03:28.003 [Test worker] DEBUG org.springframework.beans.factory.support.DefaultListableBeanFactory - Autowiring by type from bean name 'org.springframework.boot.autoconfigure.jdbc.JdbcTemplateAutoConfiguration$JdbcTemplateConfiguration' via constructor to bean named 'dataSource'
17:03:28.003 [Test worker] DEBUG org.springframework.beans.factory.support.DefaultListableBeanFactory - Autowiring by type from bean name 'org.springframework.boot.autoconfigure.jdbc.JdbcTemplateAutoConfiguration$JdbcTemplateConfiguration' via constructor to bean named 'spring.jdbc-org.springframework.boot.autoconfigure.jdbc.JdbcProperties'
17:03:28.004 [Test worker] DEBUG org.springframework.beans.factory.support.DefaultListableBeanFactory - Creating shared instance of singleton bean 'jdbcTemplate'
17:03:28.013 [Test worker] DEBUG org.springframework.beans.factory.support.DefaultListableBeanFactory - Creating shared instance of singleton bean 'org.springframework.boot.autoconfigure.jdbc.JdbcTemplateAutoConfiguration$NamedParameterJdbcTemplateConfiguration'
17:03:28.014 [Test worker] DEBUG org.springframework.beans.factory.support.DefaultListableBeanFactory - Creating shared instance of singleton bean 'namedParameterJdbcTemplate'
17:03:28.015 [Test worker] DEBUG org.springframework.beans.factory.support.DefaultListableBeanFactory - Autowiring by type from bean name 'namedParameterJdbcTemplate' via factory method to bean named 'jdbcTemplate'
17:03:28.024 [Test worker] DEBUG org.springframework.beans.factory.support.DefaultListableBeanFactory - Creating shared instance of singleton bean 'org.springframework.boot.autoconfigure.jdbc.JdbcTemplateAutoConfiguration'
17:03:28.025 [Test worker] DEBUG org.springframework.beans.factory.support.DefaultListableBeanFactory - Creating shared instance of singleton bean 'org.springframework.boot.autoconfigure.security.servlet.SecurityAutoConfiguration'
17:03:28.025 [Test worker] DEBUG org.springframework.beans.factory.support.DefaultListableBeanFactory - Creating shared instance of singleton bean 'authenticationEventPublisher'
17:03:28.026 [Test worker] DEBUG org.springframework.beans.factory.support.DefaultListableBeanFactory - Autowiring by type from bean name 'authenticationEventPublisher' via factory method to bean named 'org.springframework.context.support.GenericApplicationContext@7fb9647c'
17:03:28.035 [Test worker] DEBUG org.springframework.beans.factory.support.DefaultListableBeanFactory - Creating shared instance of singleton bean 'spring.security-org.springframework.boot.autoconfigure.security.SecurityProperties'
17:03:28.037 [Test worker] DEBUG org.springframework.beans.factory.support.DefaultListableBeanFactory - Creating shared instance of singleton bean 'org.springframework.boot.autoconfigure.task.TaskSchedulingAutoConfiguration'
17:03:28.038 [Test worker] DEBUG org.springframework.beans.factory.support.DefaultListableBeanFactory - Creating shared instance of singleton bean 'taskSchedulerBuilder'
17:03:28.039 [Test worker] DEBUG org.springframework.beans.factory.support.DefaultListableBeanFactory - Creating shared instance of singleton bean 'spring.task.scheduling-org.springframework.boot.autoconfigure.task.TaskSchedulingProperties'
17:03:28.041 [Test worker] DEBUG org.springframework.beans.factory.support.DefaultListableBeanFactory - Autowiring by type from bean name 'taskSchedulerBuilder' via factory method to bean named 'spring.task.scheduling-org.springframework.boot.autoconfigure.task.TaskSchedulingProperties'
17:03:28.046 [Test worker] DEBUG org.springframework.beans.factory.support.DefaultListableBeanFactory - Creating shared instance of singleton bean 'org.springframework.boot.autoconfigure.jdbc.DataSourceTransactionManagerAutoConfiguration$DataSourceTransactionManagerConfiguration'
17:03:28.047 [Test worker] DEBUG org.springframework.core.LocalVariableTableParameterNameDiscoverer - Cannot find '.class' file for class [class org.springframework.boot.autoconfigure.jdbc.DataSourceTransactionManagerAutoConfiguration$DataSourceTransactionManagerConfiguration$$EnhancerBySpringCGLIB$$52157154] - unable to determine constructor/method parameter names
17:03:28.047 [Test worker] DEBUG org.springframework.beans.factory.support.DefaultListableBeanFactory - Autowiring by type from bean name 'org.springframework.boot.autoconfigure.jdbc.DataSourceTransactionManagerAutoConfiguration$DataSourceTransactionManagerConfiguration' via constructor to bean named 'dataSource'
17:03:28.049 [Test worker] DEBUG org.springframework.beans.factory.support.DefaultListableBeanFactory - Creating shared instance of singleton bean 'org.springframework.boot.autoconfigure.jdbc.DataSourceTransactionManagerAutoConfiguration'
17:03:28.049 [Test worker] DEBUG org.springframework.beans.factory.support.DefaultListableBeanFactory - Creating shared instance of singleton bean 'org.springframework.boot.autoconfigure.transaction.TransactionAutoConfiguration$EnableTransactionManagementConfiguration$CglibAutoProxyConfiguration'
17:03:28.050 [Test worker] DEBUG org.springframework.beans.factory.support.DefaultListableBeanFactory - Creating shared instance of singleton bean 'org.springframework.boot.autoconfigure.transaction.TransactionAutoConfiguration$EnableTransactionManagementConfiguration'
17:03:28.052 [Test worker] DEBUG org.springframework.beans.factory.support.DefaultListableBeanFactory - Creating shared instance of singleton bean 'org.springframework.boot.autoconfigure.transaction.TransactionAutoConfiguration$TransactionTemplateConfiguration'
17:03:28.052 [Test worker] DEBUG org.springframework.core.LocalVariableTableParameterNameDiscoverer - Cannot find '.class' file for class [class org.springframework.boot.autoconfigure.transaction.TransactionAutoConfiguration$TransactionTemplateConfiguration$$EnhancerBySpringCGLIB$$a39f3627] - unable to determine constructor/method parameter names
17:03:28.053 [Test worker] DEBUG org.springframework.beans.factory.support.DefaultListableBeanFactory - Autowiring by type from bean name 'org.springframework.boot.autoconfigure.transaction.TransactionAutoConfiguration$TransactionTemplateConfiguration' via constructor to bean named 'transactionManager'
17:03:28.054 [Test worker] DEBUG org.springframework.beans.factory.support.DefaultListableBeanFactory - Creating shared instance of singleton bean 'transactionTemplate'
17:03:28.060 [Test worker] DEBUG org.springframework.beans.factory.support.DefaultListableBeanFactory - Creating shared instance of singleton bean 'org.springframework.boot.autoconfigure.web.client.RestTemplateAutoConfiguration'
17:03:28.061 [Test worker] DEBUG org.springframework.core.LocalVariableTableParameterNameDiscoverer - Cannot find '.class' file for class [class org.springframework.boot.autoconfigure.web.client.RestTemplateAutoConfiguration$$EnhancerBySpringCGLIB$$402ad266] - unable to determine constructor/method parameter names
17:03:28.062 [Test worker] DEBUG org.springframework.beans.factory.support.DefaultListableBeanFactory - Creating shared instance of singleton bean 'restTemplateBuilder'
17:03:28.094 [Test worker] DEBUG org.springframework.jmx.export.annotation.AnnotationMBeanExporter - Registering beans for JMX exposure on startup
17:03:28.094 [Test worker] DEBUG org.springframework.jmx.export.annotation.AnnotationMBeanExporter - Autodetecting user-defined JMX MBeans
17:03:28.095 [Test worker] DEBUG org.springframework.jmx.export.annotation.AnnotationMBeanExporter - Bean with name 'dataSource' has been autodetected for JMX exposure
17:03:28.102 [Test worker] DEBUG org.springframework.jmx.export.annotation.AnnotationMBeanExporter - Located MBean 'dataSource': registering with JMX server as MBean [com.zaxxer.hikari:name=dataSource,type=HikariDataSource]
17:03:28.112 [Test worker] DEBUG org.springframework.test.context.cache.DefaultCacheAwareContextLoaderDelegate - Storing ApplicationContext in cache under key [[MergedContextConfiguration@152ba806 testClass = CertificateRepositoryTest, locations = '{}', classes = '{class com.epam.esm.TestConfig}', contextInitializerClasses = '[]', activeProfiles = '{}', propertySourceLocations = '{}', propertySourceProperties = '{}', contextCustomizers = set[[empty]], contextLoader = 'org.springframework.test.context.support.DelegatingSmartContextLoader', parent = [null]]]
17:03:28.112 [Test worker] DEBUG org.springframework.test.context.cache - Spring test ApplicationContext cache statistics: [DefaultContextCache@2bed31e4 size = 1, maxSize = 32, parentContextCount = 0, hitCount = 0, missCount = 1]
17:03:28.120 [Test worker] DEBUG org.springframework.test.context.support.AbstractDirtiesContextTestExecutionListener - Before test method: context [DefaultTestContext@6e844a53 testClass = CertificateRepositoryTest, testInstance = com.epam.esm.repository.CertificateRepositoryTest@20b56fb2, testMethod = findAll@CertificateRepositoryTest, testException = [null], mergedContextConfiguration = [MergedContextConfiguration@152ba806 testClass = CertificateRepositoryTest, locations = '{}', classes = '{class com.epam.esm.TestConfig}', contextInitializerClasses = '[]', activeProfiles = '{}', propertySourceLocations = '{}', propertySourceProperties = '{}', contextCustomizers = set[[empty]], contextLoader = 'org.springframework.test.context.support.DelegatingSmartContextLoader', parent = [null]], attributes = map[[empty]]], class annotated with @DirtiesContext [true] with mode [AFTER_EACH_TEST_METHOD], method annotated with @DirtiesContext [false] with mode [null].
17:03:28.124 [Test worker] DEBUG org.springframework.test.context.transaction.TransactionalTestExecutionListener - Explicit transaction definition [PROPAGATION_REQUIRED,ISOLATION_DEFAULT] found for test context [DefaultTestContext@6e844a53 testClass = CertificateRepositoryTest, testInstance = com.epam.esm.repository.CertificateRepositoryTest@20b56fb2, testMethod = findAll@CertificateRepositoryTest, testException = [null], mergedContextConfiguration = [MergedContextConfiguration@152ba806 testClass = CertificateRepositoryTest, locations = '{}', classes = '{class com.epam.esm.TestConfig}', contextInitializerClasses = '[]', activeProfiles = '{}', propertySourceLocations = '{}', propertySourceProperties = '{}', contextCustomizers = set[[empty]], contextLoader = 'org.springframework.test.context.support.DelegatingSmartContextLoader', parent = [null]], attributes = map[[empty]]]
17:03:28.125 [Test worker] DEBUG org.springframework.test.context.cache.DefaultCacheAwareContextLoaderDelegate - Retrieved ApplicationContext from cache with key [[MergedContextConfiguration@152ba806 testClass = CertificateRepositoryTest, locations = '{}', classes = '{class com.epam.esm.TestConfig}', contextInitializerClasses = '[]', activeProfiles = '{}', propertySourceLocations = '{}', propertySourceProperties = '{}', contextCustomizers = set[[empty]], contextLoader = 'org.springframework.test.context.support.DelegatingSmartContextLoader', parent = [null]]]
17:03:28.125 [Test worker] DEBUG org.springframework.test.context.cache - Spring test ApplicationContext cache statistics: [DefaultContextCache@2bed31e4 size = 1, maxSize = 32, parentContextCount = 0, hitCount = 1, missCount = 1]
17:03:28.127 [Test worker] DEBUG org.springframework.test.context.transaction.TransactionalTestExecutionListener - No method-level @Rollback override: using default rollback [true] for test context [DefaultTestContext@6e844a53 testClass = CertificateRepositoryTest, testInstance = com.epam.esm.repository.CertificateRepositoryTest@20b56fb2, testMethod = findAll@CertificateRepositoryTest, testException = [null], mergedContextConfiguration = [MergedContextConfiguration@152ba806 testClass = CertificateRepositoryTest, locations = '{}', classes = '{class com.epam.esm.TestConfig}', contextInitializerClasses = '[]', activeProfiles = '{}', propertySourceLocations = '{}', propertySourceProperties = '{}', contextCustomizers = set[[empty]], contextLoader = 'org.springframework.test.context.support.DelegatingSmartContextLoader', parent = [null]], attributes = map[[empty]]].
17:03:28.128 [Test worker] DEBUG org.springframework.orm.jpa.JpaTransactionManager - Creating new transaction with name [com.epam.esm.repository.CertificateRepositoryTest.findAll]: PROPAGATION_REQUIRED,ISOLATION_DEFAULT
17:03:28.219 [Test worker] DEBUG org.hibernate.stat.internal.StatisticsInitiator - Statistics initialized [enabled=false]
17:03:28.226 [Test worker] DEBUG org.springframework.orm.jpa.JpaTransactionManager - Opened new EntityManager [SessionImpl(1188609502<open>)] for JPA transaction
17:03:28.231 [Test worker] DEBUG org.hibernate.engine.transaction.internal.TransactionImpl - On TransactionImpl creation, JpaCompliance#isJpaTransactionComplianceEnabled == false
17:03:28.231 [Test worker] DEBUG org.hibernate.engine.transaction.internal.TransactionImpl - begin
17:03:28.233 [Test worker] DEBUG org.springframework.orm.jpa.JpaTransactionManager - Exposing JPA transaction as JDBC [org.springframework.orm.jpa.vendor.HibernateJpaDialect$HibernateConnectionHandle@7d6e5489]
17:03:28.233 [Test worker] INFO org.springframework.test.context.transaction.TransactionContext - Began transaction (1) for test context [DefaultTestContext@6e844a53 testClass = CertificateRepositoryTest, testInstance = com.epam.esm.repository.CertificateRepositoryTest@20b56fb2, testMethod = findAll@CertificateRepositoryTest, testException = [null], mergedContextConfiguration = [MergedContextConfiguration@152ba806 testClass = CertificateRepositoryTest, locations = '{}', classes = '{class com.epam.esm.TestConfig}', contextInitializerClasses = '[]', activeProfiles = '{}', propertySourceLocations = '{}', propertySourceProperties = '{}', contextCustomizers = set[[empty]], contextLoader = 'org.springframework.test.context.support.DelegatingSmartContextLoader', parent = [null]], attributes = map[[empty]]]; transaction manager [org.springframework.orm.jpa.JpaTransactionManager@68c5dcf6]; rollback [true]
17:03:28.237 [Test worker] DEBUG org.springframework.orm.jpa.JpaTransactionManager - Initiating transaction rollback
17:03:28.237 [Test worker] DEBUG org.springframework.orm.jpa.JpaTransactionManager - Rolling back JPA transaction on EntityManager [SessionImpl(1188609502<open>)]
17:03:28.237 [Test worker] DEBUG org.hibernate.engine.transaction.internal.TransactionImpl - rolling back
17:03:28.241 [Test worker] DEBUG org.springframework.orm.jpa.JpaTransactionManager - Closing JPA EntityManager [SessionImpl(1188609502<open>)] after transaction
17:03:28.242 [Test worker] INFO org.springframework.test.context.transaction.TransactionContext - Rolled back transaction for test context [DefaultTestContext@6e844a53 testClass = CertificateRepositoryTest, testInstance = com.epam.esm.repository.CertificateRepositoryTest@20b56fb2, testMethod = findAll@CertificateRepositoryTest, testException = [null], mergedContextConfiguration = [MergedContextConfiguration@152ba806 testClass = CertificateRepositoryTest, locations = '{}', classes = '{class com.epam.esm.TestConfig}', contextInitializerClasses = '[]', activeProfiles = '{}', propertySourceLocations = '{}', propertySourceProperties = '{}', contextCustomizers = set[[empty]], contextLoader = 'org.springframework.test.context.support.DelegatingSmartContextLoader', parent = [null]], attributes = map[[empty]]].
17:03:28.242 [Test worker] DEBUG org.springframework.test.context.support.AbstractDirtiesContextTestExecutionListener - After test method: context [DefaultTestContext@6e844a53 testClass = CertificateRepositoryTest, testInstance = com.epam.esm.repository.CertificateRepositoryTest@20b56fb2, testMethod = findAll@CertificateRepositoryTest, testException = [null], mergedContextConfiguration = [MergedContextConfiguration@152ba806 testClass = CertificateRepositoryTest, locations = '{}', classes = '{class com.epam.esm.TestConfig}', contextInitializerClasses = '[]', activeProfiles = '{}', propertySourceLocations = '{}', propertySourceProperties = '{}', contextCustomizers = set[[empty]], contextLoader = 'org.springframework.test.context.support.DelegatingSmartContextLoader', parent = [null]], attributes = map[[empty]]], class annotated with @DirtiesContext [true] with mode [AFTER_EACH_TEST_METHOD], method annotated with @DirtiesContext [false] with mode [null].
17:03:28.250 [Test worker] DEBUG org.springframework.context.support.GenericApplicationContext - Closing org.springframework.context.support.GenericApplicationContext@7fb9647c, started on Wed Oct 23 17:03:22 MSK 2019
17:03:28.252 [Test worker] DEBUG org.springframework.jmx.export.annotation.AnnotationMBeanExporter - Unregistering JMX-exposed beans on shutdown
17:03:28.252 [Test worker] DEBUG org.springframework.jmx.export.annotation.AnnotationMBeanExporter - Unregistering JMX-exposed beans
17:03:28.253 [Test worker] INFO org.springframework.orm.jpa.LocalContainerEntityManagerFactoryBean - Closing JPA EntityManagerFactory for persistence unit 'default'
17:03:28.253 [Test worker] DEBUG org.hibernate.internal.SessionFactoryImpl - HHH000031: Closing
17:03:28.253 [Test worker] INFO org.hibernate.tool.schema.internal.SchemaDropperImpl$DelayedDropActionImpl - HHH000477: Starting delayed evictData of schema as part of SessionFactory shut-down'
17:03:28.254 [Test worker] DEBUG org.hibernate.SQL - drop table application_order if exists
17:03:28.258 [Test worker] DEBUG org.hibernate.SQL - drop table application_role if exists
17:03:28.260 [Test worker] DEBUG org.hibernate.SQL - drop table application_user if exists
17:03:28.262 [Test worker] DEBUG org.hibernate.SQL - drop table certificate if exists
17:03:28.264 [Test worker] DEBUG org.hibernate.SQL - drop table certificate_tag if exists
17:03:28.265 [Test worker] DEBUG org.hibernate.SQL - drop table entity if exists
17:03:28.267 [Test worker] DEBUG org.hibernate.SQL - drop table order_certificate if exists
17:03:28.268 [Test worker] DEBUG org.hibernate.SQL - drop table tag if exists
17:03:28.269 [Test worker] DEBUG org.hibernate.type.spi.TypeConfiguration$Scope - Un-scoping TypeConfiguration [org.hibernate.type.spi.TypeConfiguration$Scope@3ea5e11c] from SessionFactory [org.hibernate.internal.SessionFactoryImpl@6d9f0ebb]
17:03:28.270 [Test worker] DEBUG org.hibernate.service.internal.AbstractServiceRegistryImpl - Implicitly destroying ServiceRegistry on de-registration of all child ServiceRegistries
17:03:28.270 [Test worker] DEBUG org.hibernate.boot.registry.internal.BootstrapServiceRegistryImpl - Implicitly destroying Boot-strap registry on de-registration of all child ServiceRegistries
17:03:28.271 [Test worker] INFO com.zaxxer.hikari.HikariDataSource - HikariPool-1 - Shutdown initiated...
17:03:28.271 [Test worker] DEBUG com.zaxxer.hikari.pool.HikariPool - HikariPool-1 - Before shutdown stats (total=10, active=0, idle=10, waiting=0)
17:03:28.272 [HikariPool-1 connection closer] DEBUG com.zaxxer.hikari.pool.PoolBase - HikariPool-1 - Closing connection conn0: url=jdbc:h2:mem:testdb user=SA: (connection evicted)
17:03:28.273 [HikariPool-1 connection closer] DEBUG com.zaxxer.hikari.pool.PoolBase - HikariPool-1 - Closing connection conn1: url=jdbc:h2:mem:testdb user=SA: (connection evicted)
17:03:28.274 [HikariPool-1 connection closer] DEBUG com.zaxxer.hikari.pool.PoolBase - HikariPool-1 - Closing connection conn2: url=jdbc:h2:mem:testdb user=SA: (connection evicted)
17:03:28.274 [HikariPool-1 connection closer] DEBUG com.zaxxer.hikari.pool.PoolBase - HikariPool-1 - Closing connection conn3: url=jdbc:h2:mem:testdb user=SA: (connection evicted)
17:03:28.274 [HikariPool-1 connection closer] DEBUG com.zaxxer.hikari.pool.PoolBase - HikariPool-1 - Closing connection conn4: url=jdbc:h2:mem:testdb user=SA: (connection evicted)
17:03:28.274 [HikariPool-1 connection closer] DEBUG com.zaxxer.hikari.pool.PoolBase - HikariPool-1 - Closing connection conn5: url=jdbc:h2:mem:testdb user=SA: (connection evicted)
17:03:28.274 [HikariPool-1 connection closer] DEBUG com.zaxxer.hikari.pool.PoolBase - HikariPool-1 - Closing connection conn6: url=jdbc:h2:mem:testdb user=SA: (connection evicted)
17:03:28.275 [HikariPool-1 connection closer] DEBUG com.zaxxer.hikari.pool.PoolBase - HikariPool-1 - Closing connection conn7: url=jdbc:h2:mem:testdb user=SA: (connection evicted)
17:03:28.275 [HikariPool-1 connection closer] DEBUG com.zaxxer.hikari.pool.PoolBase - HikariPool-1 - Closing connection conn8: url=jdbc:h2:mem:testdb user=SA: (connection evicted)
17:03:28.275 [HikariPool-1 connection closer] DEBUG com.zaxxer.hikari.pool.PoolBase - HikariPool-1 - Closing connection conn9: url=jdbc:h2:mem:testdb user=SA: (connection evicted)
17:03:28.275 [Test worker] DEBUG com.zaxxer.hikari.pool.HikariPool - HikariPool-1 - After shutdown stats (total=0, active=0, idle=0, waiting=0)
17:03:28.275 [Test worker] INFO com.zaxxer.hikari.HikariDataSource - HikariPool-1 - Shutdown completed.
17:03:28.279 [Test worker] DEBUG org.springframework.test.context.support.DependencyInjectionTestExecutionListener - Performing dependency injection for test context [[DefaultTestContext@6e844a53 testClass = CertificateRepositoryTest, testInstance = com.epam.esm.repository.CertificateRepositoryTest@5e7f4753, testMethod = [null], testException = [null], mergedContextConfiguration = [MergedContextConfiguration@152ba806 testClass = CertificateRepositoryTest, locations = '{}', classes = '{class com.epam.esm.TestConfig}', contextInitializerClasses = '[]', activeProfiles = '{}', propertySourceLocations = '{}', propertySourceProperties = '{}', contextCustomizers = set[[empty]], contextLoader = 'org.springframework.test.context.support.DelegatingSmartContextLoader', parent = [null]], attributes = map['org.springframework.test.context.support.DependencyInjectionTestExecutionListener.reinjectDependencies' -> true]]].
17:03:28.279 [Test worker] DEBUG org.springframework.test.context.support.AbstractDelegatingSmartContextLoader - Delegating to AnnotationConfigContextLoader to load context from [MergedContextConfiguration@152ba806 testClass = CertificateRepositoryTest, locations = '{}', classes = '{class com.epam.esm.TestConfig}', contextInitializerClasses = '[]', activeProfiles = '{}', propertySourceLocations = '{}', propertySourceProperties = '{}', contextCustomizers = set[[empty]], contextLoader = 'org.springframework.test.context.support.DelegatingSmartContextLoader', parent = [null]].
17:03:28.279 [Test worker] DEBUG org.springframework.test.context.support.AbstractGenericContextLoader - Loading ApplicationContext for merged context configuration [[MergedContextConfiguration@152ba806 testClass = CertificateRepositoryTest, locations = '{}', classes = '{class com.epam.esm.TestConfig}', contextInitializerClasses = '[]', activeProfiles = '{}', propertySourceLocations = '{}', propertySourceProperties = '{}', contextCustomizers = set[[empty]], contextLoader = 'org.springframework.test.context.support.DelegatingSmartContextLoader', parent = [null]]].
17:03:28.280 [Test worker] DEBUG org.springframework.core.env.StandardEnvironment - Activating profiles []
17:03:28.280 [Test worker] DEBUG org.springframework.test.context.support.AnnotationConfigContextLoader - Registering annotated classes: {class com.epam.esm.TestConfig}
17:03:28.285 [Test worker] DEBUG org.springframework.context.support.GenericApplicationContext - Refreshing org.springframework.context.support.GenericApplicationContext@2e56f097
17:03:28.286 [Test worker] DEBUG org.springframework.beans.factory.support.DefaultListableBeanFactory - Creating shared instance of singleton bean 'org.springframework.context.annotation.internalConfigurationAnnotationProcessor'
17:03:28.310 [Test worker] DEBUG org.springframework.context.annotation.ClassPathBeanDefinitionScanner - Identified candidate component class: file [/Users/dzmitryplatonov/Desktop/workdir/giftcertificates/datasource/build/classes/java/main/com/epam/esm/repository/CertificateRepository.class]
17:03:28.311 [Test worker] DEBUG org.springframework.context.annotation.ClassPathBeanDefinitionScanner - Identified candidate component class: file [/Users/dzmitryplatonov/Desktop/workdir/giftcertificates/datasource/build/classes/java/main/com/epam/esm/repository/OrderCertificateRepository.class]
17:03:28.312 [Test worker] DEBUG org.springframework.context.annotation.ClassPathBeanDefinitionScanner - Identified candidate component class: file [/Users/dzmitryplatonov/Desktop/workdir/giftcertificates/datasource/build/classes/java/main/com/epam/esm/repository/OrderRepository.class]
17:03:28.313 [Test worker] DEBUG org.springframework.context.annotation.ClassPathBeanDefinitionScanner - Identified candidate component class: file [/Users/dzmitryplatonov/Desktop/workdir/giftcertificates/datasource/build/classes/java/main/com/epam/esm/repository/TagRepository.class]
17:03:28.313 [Test worker] DEBUG org.springframework.context.annotation.ClassPathBeanDefinitionScanner - Identified candidate component class: file [/Users/dzmitryplatonov/Desktop/workdir/giftcertificates/datasource/build/classes/java/main/com/epam/esm/repository/UserRepository.class]
17:03:28.315 [Test worker] DEBUG org.springframework.context.annotation.ClassPathBeanDefinitionScanner - Identified candidate component class: file [/Users/dzmitryplatonov/Desktop/workdir/giftcertificates/datasource/build/classes/java/main/com/epam/esm/repository/predicate/CriteriaBuilderHelper.class]
17:03:28.439 [Test worker] DEBUG org.springframework.beans.factory.support.DefaultListableBeanFactory - Creating shared instance of singleton bean 'org.springframework.boot.autoconfigure.condition.BeanTypeRegistry'
17:03:28.460 [Test worker] INFO org.springframework.data.repository.config.RepositoryConfigurationDelegate - Bootstrapping Spring Data repositories in DEFAULT mode.
17:03:28.460 [Test worker] DEBUG org.springframework.beans.factory.support.DefaultListableBeanFactory - Creating shared instance of singleton bean 'org.springframework.boot.autoconfigure.AutoConfigurationPackages'
17:03:28.461 [Test worker] DEBUG org.springframework.boot.autoconfigure.AutoConfigurationPackages - @EnableAutoConfiguration was declared on a class in the package 'com.epam.esm'. Automatic @Repository and @Entity scanning is enabled.
17:03:28.461 [Test worker] DEBUG org.springframework.data.repository.config.RepositoryConfigurationDelegate - Scanning for repositories in packages com.epam.esm.
17:03:28.468 [Test worker] INFO org.springframework.data.repository.config.RepositoryConfigurationDelegate - Finished Spring Data repository scanning in 6ms. Found 0 repository interfaces.
17:03:28.495 [Test worker] DEBUG org.springframework.beans.factory.support.DefaultListableBeanFactory - Creating shared instance of singleton bean 'propertySourcesPlaceholderConfigurer'
17:03:28.497 [Test worker] DEBUG org.springframework.beans.factory.support.DefaultListableBeanFactory - Creating shared instance of singleton bean 'emBeanDefinitionRegistrarPostProcessor'
17:03:28.498 [Test worker] DEBUG org.springframework.beans.factory.support.DefaultListableBeanFactory - Creating shared instance of singleton bean 'org.springframework.context.event.internalEventListenerProcessor'
17:03:28.498 [Test worker] DEBUG org.springframework.beans.factory.support.DefaultListableBeanFactory - Creating shared instance of singleton bean 'org.springframework.boot.context.properties.ConfigurationBeanFactoryMetadata'
17:03:28.499 [Test worker] DEBUG org.springframework.beans.factory.support.DefaultListableBeanFactory - Creating shared instance of singleton bean 'org.springframework.context.event.internalEventListenerFactory'
17:03:28.499 [Test worker] DEBUG org.springframework.beans.factory.support.DefaultListableBeanFactory - Creating shared instance of singleton bean 'org.springframework.transaction.config.internalTransactionalEventListenerFactory'
17:03:28.501 [Test worker] DEBUG org.springframework.beans.factory.support.DefaultListableBeanFactory - Creating shared instance of singleton bean 'org.springframework.context.annotation.internalAutowiredAnnotationProcessor'
17:03:28.501 [Test worker] DEBUG org.springframework.beans.factory.support.DefaultListableBeanFactory - Creating shared instance of singleton bean 'org.springframework.context.annotation.internalCommonAnnotationProcessor'
17:03:28.501 [Test worker] DEBUG org.springframework.beans.factory.support.DefaultListableBeanFactory - Creating shared instance of singleton bean 'org.springframework.context.annotation.internalPersistenceAnnotationProcessor'
17:03:28.501 [Test worker] DEBUG org.springframework.beans.factory.support.DefaultListableBeanFactory - Creating shared instance of singleton bean 'org.springframework.boot.context.properties.ConfigurationPropertiesBindingPostProcessor'
17:03:28.502 [Test worker] DEBUG org.springframework.beans.factory.support.DefaultListableBeanFactory - Creating shared instance of singleton bean 'methodValidationPostProcessor'
17:03:28.503 [Test worker] DEBUG org.springframework.beans.factory.support.DefaultListableBeanFactory - Autowiring by type from bean name 'methodValidationPostProcessor' via factory method to bean named 'environment'
17:03:28.505 [Test worker] DEBUG org.springframework.beans.factory.support.DefaultListableBeanFactory - Creating shared instance of singleton bean 'org.springframework.aop.config.internalAutoProxyCreator'
17:03:28.507 [Test worker] DEBUG org.springframework.beans.factory.support.DefaultListableBeanFactory - Creating shared instance of singleton bean 'dataSourceInitializerPostProcessor'
17:03:28.508 [Test worker] DEBUG org.springframework.beans.factory.support.DefaultListableBeanFactory - Creating shared instance of singleton bean 'persistenceExceptionTranslationPostProcessor'
17:03:28.509 [Test worker] DEBUG org.springframework.beans.factory.support.DefaultListableBeanFactory - Autowiring by type from bean name 'persistenceExceptionTranslationPostProcessor' via factory method to bean named 'environment'
17:03:28.510 [Test worker] DEBUG org.springframework.beans.factory.support.DefaultListableBeanFactory - Creating shared instance of singleton bean 'dataSourceInitializedPublisher'
17:03:28.512 [Test worker] DEBUG org.springframework.beans.factory.support.DefaultListableBeanFactory - Creating shared instance of singleton bean 'entityManagerFactory'
17:03:28.513 [Test worker] DEBUG org.springframework.beans.factory.support.DefaultListableBeanFactory - Creating shared instance of singleton bean 'org.springframework.transaction.config.internalTransactionAdvisor'
17:03:28.513 [Test worker] DEBUG org.springframework.beans.factory.support.DefaultListableBeanFactory - Creating shared instance of singleton bean 'org.springframework.transaction.annotation.ProxyTransactionManagementConfiguration'
17:03:28.518 [Test worker] DEBUG org.springframework.beans.factory.support.DefaultListableBeanFactory - Creating shared instance of singleton bean 'transactionAttributeSource'
17:03:28.519 [Test worker] DEBUG org.springframework.beans.factory.support.DefaultListableBeanFactory - Creating shared instance of singleton bean 'transactionInterceptor'
17:03:28.521 [Test worker] DEBUG org.springframework.beans.factory.support.DefaultListableBeanFactory - Creating shared instance of singleton bean 'org.springframework.boot.autoconfigure.orm.jpa.HibernateJpaConfiguration'
17:03:28.521 [Test worker] DEBUG org.springframework.core.LocalVariableTableParameterNameDiscoverer - Cannot find '.class' file for class [class org.springframework.boot.autoconfigure.orm.jpa.HibernateJpaConfiguration$$EnhancerBySpringCGLIB$$c3eb9b54] - unable to determine constructor/method parameter names
17:03:28.522 [Test worker] DEBUG org.springframework.beans.factory.support.DefaultListableBeanFactory - Creating shared instance of singleton bean 'dataSource'
17:03:28.523 [Test worker] DEBUG org.springframework.beans.factory.support.DefaultListableBeanFactory - Creating shared instance of singleton bean 'org.springframework.boot.autoconfigure.jdbc.DataSourceConfiguration$Hikari'
17:03:28.524 [Test worker] DEBUG org.springframework.beans.factory.support.DefaultListableBeanFactory - Creating shared instance of singleton bean 'spring.datasource-org.springframework.boot.autoconfigure.jdbc.DataSourceProperties'
17:03:28.529 [Test worker] DEBUG org.springframework.beans.factory.support.DefaultListableBeanFactory - Autowiring by type from bean name 'dataSource' via factory method to bean named 'spring.datasource-org.springframework.boot.autoconfigure.jdbc.DataSourceProperties'
17:03:28.533 [Test worker] DEBUG com.zaxxer.hikari.HikariConfig - Driver class org.h2.Driver found in Thread context class loader jdk.internal.loader.ClassLoaders$AppClassLoader@2c13da15
17:03:28.543 [Test worker] DEBUG org.springframework.beans.factory.support.DefaultListableBeanFactory - Creating shared instance of singleton bean 'org.springframework.boot.autoconfigure.jdbc.DataSourceInitializerInvoker'
17:03:28.544 [Test worker] DEBUG org.springframework.beans.factory.support.DefaultListableBeanFactory - Autowiring by type from bean name 'org.springframework.boot.autoconfigure.jdbc.DataSourceInitializerInvoker' via constructor to bean named 'spring.datasource-org.springframework.boot.autoconfigure.jdbc.DataSourceProperties'
17:03:28.545 [Test worker] DEBUG org.springframework.beans.factory.support.DefaultListableBeanFactory - Autowiring by type from bean name 'org.springframework.boot.autoconfigure.jdbc.DataSourceInitializerInvoker' via constructor to bean named 'org.springframework.context.support.GenericApplicationContext@2e56f097'
17:03:28.546 [Test worker] DEBUG org.springframework.beans.factory.support.DefaultListableBeanFactory - Creating shared instance of singleton bean 'spring.jpa-org.springframework.boot.autoconfigure.orm.jpa.JpaProperties'
17:03:28.548 [Test worker] DEBUG org.springframework.beans.factory.support.DefaultListableBeanFactory - Creating shared instance of singleton bean 'spring.jpa.hibernate-org.springframework.boot.autoconfigure.orm.jpa.HibernateProperties'
17:03:28.550 [Test worker] DEBUG org.springframework.beans.factory.support.DefaultListableBeanFactory - Autowiring by type from bean name 'org.springframework.boot.autoconfigure.orm.jpa.HibernateJpaConfiguration' via constructor to bean named 'dataSource'
17:03:28.550 [Test worker] DEBUG org.springframework.beans.factory.support.DefaultListableBeanFactory - Autowiring by type from bean name 'org.springframework.boot.autoconfigure.orm.jpa.HibernateJpaConfiguration' via constructor to bean named 'spring.jpa-org.springframework.boot.autoconfigure.orm.jpa.JpaProperties'
17:03:28.550 [Test worker] DEBUG org.springframework.beans.factory.support.DefaultListableBeanFactory - Autowiring by type from bean name 'org.springframework.boot.autoconfigure.orm.jpa.HibernateJpaConfiguration' via constructor to bean named 'org.springframework.beans.factory.support.DefaultListableBeanFactory@3fd872d5'
17:03:28.550 [Test worker] DEBUG org.springframework.beans.factory.support.DefaultListableBeanFactory - Autowiring by type from bean name 'org.springframework.boot.autoconfigure.orm.jpa.HibernateJpaConfiguration' via constructor to bean named 'spring.jpa.hibernate-org.springframework.boot.autoconfigure.orm.jpa.HibernateProperties'
17:03:28.551 [Test worker] DEBUG org.springframework.beans.factory.support.DefaultListableBeanFactory - Creating shared instance of singleton bean 'platformTransactionManagerCustomizers'
17:03:28.551 [Test worker] DEBUG org.springframework.beans.factory.support.DefaultListableBeanFactory - Creating shared instance of singleton bean 'org.springframework.boot.autoconfigure.transaction.TransactionAutoConfiguration'
17:03:28.552 [Test worker] DEBUG org.springframework.beans.factory.support.DefaultListableBeanFactory - Creating shared instance of singleton bean 'spring.transaction-org.springframework.boot.autoconfigure.transaction.TransactionProperties'
17:03:28.554 [Test worker] DEBUG org.springframework.beans.factory.support.DefaultListableBeanFactory - Creating shared instance of singleton bean 'hikariPoolDataSourceMetadataProvider'
17:03:28.555 [Test worker] DEBUG org.springframework.beans.factory.support.DefaultListableBeanFactory - Creating shared instance of singleton bean 'org.springframework.boot.autoconfigure.jdbc.metadata.DataSourcePoolMetadataProvidersConfiguration$HikariPoolDataSourceMetadataProviderConfiguration'
17:03:28.558 [Test worker] DEBUG org.springframework.beans.factory.support.DefaultListableBeanFactory - Creating shared instance of singleton bean 'entityManagerFactoryBuilder'
17:03:28.559 [Test worker] DEBUG org.springframework.beans.factory.support.DefaultListableBeanFactory - Creating shared instance of singleton bean 'jpaVendorAdapter'
17:03:28.559 [Test worker] DEBUG org.springframework.jdbc.datasource.DataSourceUtils - Fetching JDBC Connection from DataSource
17:03:28.559 [Test worker] DEBUG com.zaxxer.hikari.HikariConfig - HikariPool-2 - configuration:
17:03:28.560 [Test worker] DEBUG com.zaxxer.hikari.HikariConfig - allowPoolSuspension.............false
17:03:28.560 [Test worker] DEBUG com.zaxxer.hikari.HikariConfig - autoCommit......................true
17:03:28.560 [Test worker] DEBUG com.zaxxer.hikari.HikariConfig - catalog.........................none
17:03:28.560 [Test worker] DEBUG com.zaxxer.hikari.HikariConfig - connectionInitSql...............none
17:03:28.560 [Test worker] DEBUG com.zaxxer.hikari.HikariConfig - connectionTestQuery.............none
17:03:28.560 [Test worker] DEBUG com.zaxxer.hikari.HikariConfig - connectionTimeout...............30000
17:03:28.561 [Test worker] DEBUG com.zaxxer.hikari.HikariConfig - dataSource......................none
17:03:28.561 [Test worker] DEBUG com.zaxxer.hikari.HikariConfig - dataSourceClassName.............none
17:03:28.561 [Test worker] DEBUG com.zaxxer.hikari.HikariConfig - dataSourceJNDI..................none
17:03:28.561 [Test worker] DEBUG com.zaxxer.hikari.HikariConfig - dataSourceProperties............{password=<masked>}
17:03:28.561 [Test worker] DEBUG com.zaxxer.hikari.HikariConfig - driverClassName................."org.h2.Driver"
17:03:28.561 [Test worker] DEBUG com.zaxxer.hikari.HikariConfig - healthCheckProperties...........{}
17:03:28.561 [Test worker] DEBUG com.zaxxer.hikari.HikariConfig - healthCheckRegistry.............none
17:03:28.561 [Test worker] DEBUG com.zaxxer.hikari.HikariConfig - idleTimeout.....................600000
17:03:28.561 [Test worker] DEBUG com.zaxxer.hikari.HikariConfig - initializationFailTimeout.......1
17:03:28.561 [Test worker] DEBUG com.zaxxer.hikari.HikariConfig - isolateInternalQueries..........false
17:03:28.561 [Test worker] DEBUG com.zaxxer.hikari.HikariConfig - jdbcUrl.........................jdbc:h2:mem:testdb;DB_CLOSE_DELAY=-1;DB_CLOSE_ON_EXIT=FALSE
17:03:28.561 [Test worker] DEBUG com.zaxxer.hikari.HikariConfig - leakDetectionThreshold..........0
17:03:28.561 [Test worker] DEBUG com.zaxxer.hikari.HikariConfig - maxLifetime.....................1800000
17:03:28.562 [Test worker] DEBUG com.zaxxer.hikari.HikariConfig - maximumPoolSize.................10
17:03:28.562 [Test worker] DEBUG com.zaxxer.hikari.HikariConfig - metricRegistry..................none
17:03:28.562 [Test worker] DEBUG com.zaxxer.hikari.HikariConfig - metricsTrackerFactory...........none
17:03:28.562 [Test worker] DEBUG com.zaxxer.hikari.HikariConfig - minimumIdle.....................10
17:03:28.562 [Test worker] DEBUG com.zaxxer.hikari.HikariConfig - password........................<masked>
17:03:28.562 [Test worker] DEBUG com.zaxxer.hikari.HikariConfig - poolName........................"HikariPool-2"
17:03:28.562 [Test worker] DEBUG com.zaxxer.hikari.HikariConfig - readOnly........................false
17:03:28.562 [Test worker] DEBUG com.zaxxer.hikari.HikariConfig - registerMbeans..................false
17:03:28.562 [Test worker] DEBUG com.zaxxer.hikari.HikariConfig - scheduledExecutor...............none
17:03:28.562 [Test worker] DEBUG com.zaxxer.hikari.HikariConfig - schema..........................none
17:03:28.562 [Test worker] DEBUG com.zaxxer.hikari.HikariConfig - threadFactory...................internal
17:03:28.562 [Test worker] DEBUG com.zaxxer.hikari.HikariConfig - transactionIsolation............default
17:03:28.562 [Test worker] DEBUG com.zaxxer.hikari.HikariConfig - username........................"sa"
17:03:28.562 [Test worker] DEBUG com.zaxxer.hikari.HikariConfig - validationTimeout...............5000
17:03:28.562 [Test worker] INFO com.zaxxer.hikari.HikariDataSource - HikariPool-2 - Starting...
17:03:28.563 [Test worker] DEBUG com.zaxxer.hikari.pool.HikariPool - HikariPool-2 - Added connection conn10: url=jdbc:h2:mem:testdb user=SA
17:03:28.564 [Test worker] INFO com.zaxxer.hikari.HikariDataSource - HikariPool-2 - Start completed.
17:03:28.565 [Test worker] DEBUG org.springframework.beans.factory.support.DefaultListableBeanFactory - Autowiring by type from bean name 'entityManagerFactoryBuilder' via factory method to bean named 'jpaVendorAdapter'
17:03:28.566 [Test worker] DEBUG org.springframework.beans.factory.support.DefaultListableBeanFactory - Autowiring by type from bean name 'entityManagerFactory' via factory method to bean named 'entityManagerFactoryBuilder'
17:03:28.566 [Test worker] DEBUG org.springframework.jdbc.datasource.DataSourceUtils - Fetching JDBC Connection from DataSource
17:03:28.573 [Test worker] DEBUG org.springframework.orm.jpa.LocalContainerEntityManagerFactoryBean - Building JPA container EntityManagerFactory for persistence unit 'default'
17:03:28.573 [Test worker] DEBUG org.hibernate.jpa.internal.util.LogHelper - PersistenceUnitInfo [
	name: default
	persistence provider classname: null
	classloader: jdk.internal.loader.ClassLoaders$AppClassLoader@2c13da15
	excludeUnlistedClasses: true
	JTA datasource: null
	Non JTA datasource: HikariDataSource (HikariPool-2)
	Transaction type: RESOURCE_LOCAL
	PU root URL: file:/Users/dzmitryplatonov/Desktop/workdir/giftcertificates/datasource/build/classes/java/test/
	Shared Cache Mode: UNSPECIFIED
	Validation Mode: AUTO
	Jar files URLs []
	Managed classes names [
		com.epam.esm.entity.Entity
		com.epam.esm.entity.GiftCertificate
		com.epam.esm.entity.Order
		com.epam.esm.entity.OrderCertificate
		com.epam.esm.entity.Role
		com.epam.esm.entity.Tag
		com.epam.esm.entity.User]
	Mapping files names []
	Properties []
17:03:28.573 [Test worker] DEBUG org.hibernate.integrator.internal.IntegratorServiceImpl - Adding Integrator [org.hibernate.cfg.beanvalidation.BeanValidationIntegrator].
17:03:28.573 [Test worker] DEBUG org.hibernate.integrator.internal.IntegratorServiceImpl - Adding Integrator [org.hibernate.secure.spi.JaccIntegrator].
17:03:28.574 [Test worker] DEBUG org.hibernate.integrator.internal.IntegratorServiceImpl - Adding Integrator [org.hibernate.cache.internal.CollectionCacheInvalidator].
17:03:28.575 [Test worker] DEBUG org.hibernate.service.spi.ServiceBinding - Overriding existing service binding [org.hibernate.secure.spi.JaccService]
17:03:28.576 [Test worker] DEBUG org.hibernate.cache.internal.RegionFactoryInitiator - Cannot default RegionFactory based on registered strategies as `[]` RegionFactory strategies were registered
17:03:28.576 [Test worker] DEBUG org.hibernate.cache.internal.RegionFactoryInitiator - Cache region factory : org.hibernate.cache.internal.NoCachingRegionFactory
17:03:28.577 [Test worker] DEBUG org.hibernate.type.BasicTypeRegistry - Adding type registration boolean -> org.hibernate.type.BooleanType@7a361749
17:03:28.577 [Test worker] DEBUG org.hibernate.type.BasicTypeRegistry - Adding type registration boolean -> org.hibernate.type.BooleanType@7a361749
17:03:28.577 [Test worker] DEBUG org.hibernate.type.BasicTypeRegistry - Adding type registration java.lang.Boolean -> org.hibernate.type.BooleanType@7a361749
17:03:28.577 [Test worker] DEBUG org.hibernate.type.BasicTypeRegistry - Adding type registration numeric_boolean -> org.hibernate.type.NumericBooleanType@35b10044
17:03:28.577 [Test worker] DEBUG org.hibernate.type.BasicTypeRegistry - Adding type registration true_false -> org.hibernate.type.TrueFalseType@1b7f764d
17:03:28.577 [Test worker] DEBUG org.hibernate.type.BasicTypeRegistry - Adding type registration yes_no -> org.hibernate.type.YesNoType@726eb0b7
17:03:28.577 [Test worker] DEBUG org.hibernate.type.BasicTypeRegistry - Adding type registration byte -> org.hibernate.type.ByteType@17cb58e9
17:03:28.577 [Test worker] DEBUG org.hibernate.type.BasicTypeRegistry - Adding type registration byte -> org.hibernate.type.ByteType@17cb58e9
17:03:28.577 [Test worker] DEBUG org.hibernate.type.BasicTypeRegistry - Adding type registration java.lang.Byte -> org.hibernate.type.ByteType@17cb58e9
17:03:28.577 [Test worker] DEBUG org.hibernate.type.BasicTypeRegistry - Adding type registration character -> org.hibernate.type.CharacterType@30f0ba0d
17:03:28.577 [Test worker] DEBUG org.hibernate.type.BasicTypeRegistry - Adding type registration char -> org.hibernate.type.CharacterType@30f0ba0d
17:03:28.577 [Test worker] DEBUG org.hibernate.type.BasicTypeRegistry - Adding type registration java.lang.Character -> org.hibernate.type.CharacterType@30f0ba0d
17:03:28.577 [Test worker] DEBUG org.hibernate.type.BasicTypeRegistry - Adding type registration short -> org.hibernate.type.ShortType@27eea72e
17:03:28.577 [Test worker] DEBUG org.hibernate.type.BasicTypeRegistry - Adding type registration short -> org.hibernate.type.ShortType@27eea72e
17:03:28.577 [Test worker] DEBUG org.hibernate.type.BasicTypeRegistry - Adding type registration java.lang.Short -> org.hibernate.type.ShortType@27eea72e
17:03:28.577 [Test worker] DEBUG org.hibernate.type.BasicTypeRegistry - Adding type registration integer -> org.hibernate.type.IntegerType@3e734867
17:03:28.578 [Test worker] DEBUG org.hibernate.type.BasicTypeRegistry - Adding type registration int -> org.hibernate.type.IntegerType@3e734867
17:03:28.578 [Test worker] DEBUG org.hibernate.type.BasicTypeRegistry - Adding type registration java.lang.Integer -> org.hibernate.type.IntegerType@3e734867
17:03:28.578 [Test worker] DEBUG org.hibernate.type.BasicTypeRegistry - Adding type registration long -> org.hibernate.type.LongType@10654366
17:03:28.578 [Test worker] DEBUG org.hibernate.type.BasicTypeRegistry - Adding type registration long -> org.hibernate.type.LongType@10654366
17:03:28.578 [Test worker] DEBUG org.hibernate.type.BasicTypeRegistry - Adding type registration java.lang.Long -> org.hibernate.type.LongType@10654366
17:03:28.578 [Test worker] DEBUG org.hibernate.type.BasicTypeRegistry - Adding type registration float -> org.hibernate.type.FloatType@1072c4c1
17:03:28.578 [Test worker] DEBUG org.hibernate.type.BasicTypeRegistry - Adding type registration float -> org.hibernate.type.FloatType@1072c4c1
17:03:28.578 [Test worker] DEBUG org.hibernate.type.BasicTypeRegistry - Adding type registration java.lang.Float -> org.hibernate.type.FloatType@1072c4c1
17:03:28.578 [Test worker] DEBUG org.hibernate.type.BasicTypeRegistry - Adding type registration double -> org.hibernate.type.DoubleType@383d90d3
17:03:28.578 [Test worker] DEBUG org.hibernate.type.BasicTypeRegistry - Adding type registration double -> org.hibernate.type.DoubleType@383d90d3
17:03:28.578 [Test worker] DEBUG org.hibernate.type.BasicTypeRegistry - Adding type registration java.lang.Double -> org.hibernate.type.DoubleType@383d90d3
17:03:28.578 [Test worker] DEBUG org.hibernate.type.BasicTypeRegistry - Adding type registration big_decimal -> org.hibernate.type.BigDecimalType@322ff0c5
17:03:28.578 [Test worker] DEBUG org.hibernate.type.BasicTypeRegistry - Adding type registration java.math.BigDecimal -> org.hibernate.type.BigDecimalType@322ff0c5
17:03:28.578 [Test worker] DEBUG org.hibernate.type.BasicTypeRegistry - Adding type registration big_integer -> org.hibernate.type.BigIntegerType@219d1f47
17:03:28.578 [Test worker] DEBUG org.hibernate.type.BasicTypeRegistry - Adding type registration java.math.BigInteger -> org.hibernate.type.BigIntegerType@219d1f47
17:03:28.578 [Test worker] DEBUG org.hibernate.type.BasicTypeRegistry - Adding type registration string -> org.hibernate.type.StringType@7b9aad94
17:03:28.578 [Test worker] DEBUG org.hibernate.type.BasicTypeRegistry - Adding type registration java.lang.String -> org.hibernate.type.StringType@7b9aad94
17:03:28.578 [Test worker] DEBUG org.hibernate.type.BasicTypeRegistry - Adding type registration nstring -> org.hibernate.type.StringNVarcharType@39251dc7
17:03:28.578 [Test worker] DEBUG org.hibernate.type.BasicTypeRegistry - Adding type registration ncharacter -> org.hibernate.type.CharacterNCharType@284c8f8b
17:03:28.578 [Test worker] DEBUG org.hibernate.type.BasicTypeRegistry - Adding type registration url -> org.hibernate.type.UrlType@7c5e8cdb
17:03:28.579 [Test worker] DEBUG org.hibernate.type.BasicTypeRegistry - Adding type registration java.net.URL -> org.hibernate.type.UrlType@7c5e8cdb
17:03:28.579 [Test worker] DEBUG org.hibernate.type.BasicTypeRegistry - Adding type registration Duration -> org.hibernate.type.DurationType@5502b9d6
17:03:28.579 [Test worker] DEBUG org.hibernate.type.BasicTypeRegistry - Adding type registration java.time.Duration -> org.hibernate.type.DurationType@5502b9d6
17:03:28.579 [Test worker] DEBUG org.hibernate.type.BasicTypeRegistry - Adding type registration Instant -> org.hibernate.type.InstantType@52dea51b
17:03:28.579 [Test worker] DEBUG org.hibernate.type.BasicTypeRegistry - Adding type registration java.time.Instant -> org.hibernate.type.InstantType@52dea51b
17:03:28.579 [Test worker] DEBUG org.hibernate.type.BasicTypeRegistry - Adding type registration LocalDateTime -> org.hibernate.type.LocalDateTimeType@65741b68
17:03:28.579 [Test worker] DEBUG org.hibernate.type.BasicTypeRegistry - Adding type registration java.time.LocalDateTime -> org.hibernate.type.LocalDateTimeType@65741b68
17:03:28.579 [Test worker] DEBUG org.hibernate.type.BasicTypeRegistry - Adding type registration LocalDate -> org.hibernate.type.LocalDateType@33f0f7f9
17:03:28.579 [Test worker] DEBUG org.hibernate.type.BasicTypeRegistry - Adding type registration java.time.LocalDate -> org.hibernate.type.LocalDateType@33f0f7f9
17:03:28.579 [Test worker] DEBUG org.hibernate.type.BasicTypeRegistry - Adding type registration LocalTime -> org.hibernate.type.LocalTimeType@5e875231
17:03:28.579 [Test worker] DEBUG org.hibernate.type.BasicTypeRegistry - Adding type registration java.time.LocalTime -> org.hibernate.type.LocalTimeType@5e875231
17:03:28.579 [Test worker] DEBUG org.hibernate.type.BasicTypeRegistry - Adding type registration OffsetDateTime -> org.hibernate.type.OffsetDateTimeType@e161f10
17:03:28.579 [Test worker] DEBUG org.hibernate.type.BasicTypeRegistry - Adding type registration java.time.OffsetDateTime -> org.hibernate.type.OffsetDateTimeType@e161f10
17:03:28.579 [Test worker] DEBUG org.hibernate.type.BasicTypeRegistry - Adding type registration OffsetTime -> org.hibernate.type.OffsetTimeType@1ed4e4a1
17:03:28.579 [Test worker] DEBUG org.hibernate.type.BasicTypeRegistry - Adding type registration java.time.OffsetTime -> org.hibernate.type.OffsetTimeType@1ed4e4a1
17:03:28.579 [Test worker] DEBUG org.hibernate.type.BasicTypeRegistry - Adding type registration ZonedDateTime -> org.hibernate.type.ZonedDateTimeType@1f7b3ac5
17:03:28.579 [Test worker] DEBUG org.hibernate.type.BasicTypeRegistry - Adding type registration java.time.ZonedDateTime -> org.hibernate.type.ZonedDateTimeType@1f7b3ac5
17:03:28.580 [Test worker] DEBUG org.hibernate.type.BasicTypeRegistry - Adding type registration date -> org.hibernate.type.DateType@47db9e78
17:03:28.580 [Test worker] DEBUG org.hibernate.type.BasicTypeRegistry - Adding type registration java.sql.Date -> org.hibernate.type.DateType@47db9e78
17:03:28.580 [Test worker] DEBUG org.hibernate.type.BasicTypeRegistry - Adding type registration time -> org.hibernate.type.TimeType@19cf2a46
17:03:28.580 [Test worker] DEBUG org.hibernate.type.BasicTypeRegistry - Adding type registration java.sql.Time -> org.hibernate.type.TimeType@19cf2a46
17:03:28.580 [Test worker] DEBUG org.hibernate.type.BasicTypeRegistry - Adding type registration timestamp -> org.hibernate.type.TimestampType@33cc8709
17:03:28.580 [Test worker] DEBUG org.hibernate.type.BasicTypeRegistry - Adding type registration java.sql.Timestamp -> org.hibernate.type.TimestampType@33cc8709
17:03:28.580 [Test worker] DEBUG org.hibernate.type.BasicTypeRegistry - Adding type registration java.util.Date -> org.hibernate.type.TimestampType@33cc8709
17:03:28.580 [Test worker] DEBUG org.hibernate.type.BasicTypeRegistry - Adding type registration dbtimestamp -> org.hibernate.type.DbTimestampType@4bb8bc35
17:03:28.580 [Test worker] DEBUG org.hibernate.type.BasicTypeRegistry - Adding type registration calendar -> org.hibernate.type.CalendarType@6cda5f3e
17:03:28.580 [Test worker] DEBUG org.hibernate.type.BasicTypeRegistry - Adding type registration java.util.Calendar -> org.hibernate.type.CalendarType@6cda5f3e
17:03:28.580 [Test worker] DEBUG org.hibernate.type.BasicTypeRegistry - Adding type registration java.util.GregorianCalendar -> org.hibernate.type.CalendarType@6cda5f3e
17:03:28.580 [Test worker] DEBUG org.hibernate.type.BasicTypeRegistry - Adding type registration calendar_date -> org.hibernate.type.CalendarDateType@2cf12338
17:03:28.580 [Test worker] DEBUG org.hibernate.type.BasicTypeRegistry - Adding type registration locale -> org.hibernate.type.LocaleType@5fa83fc7
17:03:28.580 [Test worker] DEBUG org.hibernate.type.BasicTypeRegistry - Adding type registration java.util.Locale -> org.hibernate.type.LocaleType@5fa83fc7
17:03:28.580 [Test worker] DEBUG org.hibernate.type.BasicTypeRegistry - Adding type registration currency -> org.hibernate.type.CurrencyType@7198d6af
17:03:28.580 [Test worker] DEBUG org.hibernate.type.BasicTypeRegistry - Adding type registration java.util.Currency -> org.hibernate.type.CurrencyType@7198d6af
17:03:28.581 [Test worker] DEBUG org.hibernate.type.BasicTypeRegistry - Adding type registration timezone -> org.hibernate.type.TimeZoneType@5db6acf5
17:03:28.581 [Test worker] DEBUG org.hibernate.type.BasicTypeRegistry - Adding type registration java.util.TimeZone -> org.hibernate.type.TimeZoneType@5db6acf5
17:03:28.581 [Test worker] DEBUG org.hibernate.type.BasicTypeRegistry - Adding type registration class -> org.hibernate.type.ClassType@11e7b123
17:03:28.581 [Test worker] DEBUG org.hibernate.type.BasicTypeRegistry - Adding type registration java.lang.Class -> org.hibernate.type.ClassType@11e7b123
17:03:28.581 [Test worker] DEBUG org.hibernate.type.BasicTypeRegistry - Adding type registration uuid-binary -> org.hibernate.type.UUIDBinaryType@515d21bc
17:03:28.581 [Test worker] DEBUG org.hibernate.type.BasicTypeRegistry - Adding type registration java.util.UUID -> org.hibernate.type.UUIDBinaryType@515d21bc
17:03:28.581 [Test worker] DEBUG org.hibernate.type.BasicTypeRegistry - Adding type registration uuid-char -> org.hibernate.type.UUIDCharType@774ef163
17:03:28.581 [Test worker] DEBUG org.hibernate.type.BasicTypeRegistry - Adding type registration binary -> org.hibernate.type.BinaryType@5f00df0f
17:03:28.581 [Test worker] DEBUG org.hibernate.type.BasicTypeRegistry - Adding type registration byte[] -> org.hibernate.type.BinaryType@5f00df0f
17:03:28.581 [Test worker] DEBUG org.hibernate.type.BasicTypeRegistry - Adding type registration [B -> org.hibernate.type.BinaryType@5f00df0f
17:03:28.581 [Test worker] DEBUG org.hibernate.type.BasicTypeRegistry - Adding type registration wrapper-binary -> org.hibernate.type.WrapperBinaryType@1c4b0916
17:03:28.581 [Test worker] DEBUG org.hibernate.type.BasicTypeRegistry - Adding type registration Byte[] -> org.hibernate.type.WrapperBinaryType@1c4b0916
17:03:28.581 [Test worker] DEBUG org.hibernate.type.BasicTypeRegistry - Adding type registration [Ljava.lang.Byte; -> org.hibernate.type.WrapperBinaryType@1c4b0916
17:03:28.581 [Test worker] DEBUG org.hibernate.type.BasicTypeRegistry - Adding type registration row_version -> org.hibernate.type.RowVersionType@5a9358d7
17:03:28.581 [Test worker] DEBUG org.hibernate.type.BasicTypeRegistry - Adding type registration image -> org.hibernate.type.ImageType@b08df66
17:03:28.581 [Test worker] DEBUG org.hibernate.type.BasicTypeRegistry - Adding type registration characters -> org.hibernate.type.CharArrayType@69a415e0
17:03:28.581 [Test worker] DEBUG org.hibernate.type.BasicTypeRegistry - Adding type registration char[] -> org.hibernate.type.CharArrayType@69a415e0
17:03:28.582 [Test worker] DEBUG org.hibernate.type.BasicTypeRegistry - Adding type registration [C -> org.hibernate.type.CharArrayType@69a415e0
17:03:28.582 [Test worker] DEBUG org.hibernate.type.BasicTypeRegistry - Adding type registration wrapper-characters -> org.hibernate.type.CharacterArrayType@2e189552
17:03:28.582 [Test worker] DEBUG org.hibernate.type.BasicTypeRegistry - Adding type registration [Ljava.lang.Character; -> org.hibernate.type.CharacterArrayType@2e189552
17:03:28.582 [Test worker] DEBUG org.hibernate.type.BasicTypeRegistry - Adding type registration Character[] -> org.hibernate.type.CharacterArrayType@2e189552
17:03:28.582 [Test worker] DEBUG org.hibernate.type.BasicTypeRegistry - Adding type registration text -> org.hibernate.type.TextType@3bb4f48d
17:03:28.582 [Test worker] DEBUG org.hibernate.type.BasicTypeRegistry - Adding type registration ntext -> org.hibernate.type.NTextType@7fc44815
17:03:28.582 [Test worker] DEBUG org.hibernate.type.BasicTypeRegistry - Adding type registration blob -> org.hibernate.type.BlobType@70984021
17:03:28.582 [Test worker] DEBUG org.hibernate.type.BasicTypeRegistry - Adding type registration java.sql.Blob -> org.hibernate.type.BlobType@70984021
17:03:28.582 [Test worker] DEBUG org.hibernate.type.BasicTypeRegistry - Adding type registration materialized_blob -> org.hibernate.type.MaterializedBlobType@7b392ea8
17:03:28.582 [Test worker] DEBUG org.hibernate.type.BasicTypeRegistry - Adding type registration clob -> org.hibernate.type.ClobType@249973df
17:03:28.582 [Test worker] DEBUG org.hibernate.type.BasicTypeRegistry - Adding type registration java.sql.Clob -> org.hibernate.type.ClobType@249973df
17:03:28.582 [Test worker] DEBUG org.hibernate.type.BasicTypeRegistry - Adding type registration nclob -> org.hibernate.type.NClobType@993bb9e
17:03:28.582 [Test worker] DEBUG org.hibernate.type.BasicTypeRegistry - Adding type registration java.sql.NClob -> org.hibernate.type.NClobType@993bb9e
17:03:28.582 [Test worker] DEBUG org.hibernate.type.BasicTypeRegistry - Adding type registration materialized_clob -> org.hibernate.type.MaterializedClobType@5eddde51
17:03:28.582 [Test worker] DEBUG org.hibernate.type.BasicTypeRegistry - Adding type registration materialized_nclob -> org.hibernate.type.MaterializedNClobType@20503ff1
17:03:28.582 [Test worker] DEBUG org.hibernate.type.BasicTypeRegistry - Adding type registration serializable -> org.hibernate.type.SerializableType@11fb506a
17:03:28.582 [Test worker] DEBUG org.hibernate.type.BasicTypeRegistry - Adding type registration object -> org.hibernate.type.ObjectType@40b10f8c
17:03:28.583 [Test worker] DEBUG org.hibernate.type.BasicTypeRegistry - Adding type registration java.lang.Object -> org.hibernate.type.ObjectType@40b10f8c
17:03:28.583 [Test worker] DEBUG org.hibernate.type.BasicTypeRegistry - Adding type registration imm_date -> org.hibernate.type.AdaptedImmutableType@1a56cefd
17:03:28.583 [Test worker] DEBUG org.hibernate.type.BasicTypeRegistry - Adding type registration imm_time -> org.hibernate.type.AdaptedImmutableType@5b18e92c
17:03:28.583 [Test worker] DEBUG org.hibernate.type.BasicTypeRegistry - Adding type registration imm_timestamp -> org.hibernate.type.AdaptedImmutableType@415acf5c
17:03:28.583 [Test worker] DEBUG org.hibernate.type.BasicTypeRegistry - Adding type registration imm_dbtimestamp -> org.hibernate.type.AdaptedImmutableType@47b8edd2
17:03:28.583 [Test worker] DEBUG org.hibernate.type.BasicTypeRegistry - Adding type registration imm_calendar -> org.hibernate.type.AdaptedImmutableType@6bb5f2fe
17:03:28.583 [Test worker] DEBUG org.hibernate.type.BasicTypeRegistry - Adding type registration imm_calendar_date -> org.hibernate.type.AdaptedImmutableType@7778372d
17:03:28.583 [Test worker] DEBUG org.hibernate.type.BasicTypeRegistry - Adding type registration imm_binary -> org.hibernate.type.AdaptedImmutableType@604f36b1
17:03:28.583 [Test worker] DEBUG org.hibernate.type.BasicTypeRegistry - Adding type registration imm_serializable -> org.hibernate.type.AdaptedImmutableType@60999117
17:03:28.584 [Test worker] DEBUG org.hibernate.boot.internal.BootstrapContextImpl - Injecting JPA temp ClassLoader [org.springframework.instrument.classloading.SimpleThrowawayClassLoader@12882715] into BootstrapContext; was [null]
17:03:28.584 [Test worker] DEBUG org.hibernate.boot.internal.ClassLoaderAccessImpl - ClassLoaderAccessImpl#injectTempClassLoader(org.springframework.instrument.classloading.SimpleThrowawayClassLoader@12882715) [was null]
17:03:28.584 [Test worker] DEBUG org.hibernate.boot.internal.BootstrapContextImpl - Injecting ScanEnvironment [org.hibernate.jpa.boot.internal.StandardJpaScanEnvironmentImpl@b6b714b] into BootstrapContext; was [null]
17:03:28.584 [Test worker] DEBUG org.hibernate.boot.internal.BootstrapContextImpl - Injecting ScanOptions [org.hibernate.boot.archive.scan.internal.StandardScanOptions@27d65818] into BootstrapContext; was [org.hibernate.boot.archive.scan.internal.StandardScanOptions@7e1f3167]
17:03:28.587 [Test worker] DEBUG org.hibernate.boot.internal.BootstrapContextImpl - Injecting JPA temp ClassLoader [null] into BootstrapContext; was [org.springframework.instrument.classloading.SimpleThrowawayClassLoader@12882715]
17:03:28.587 [Test worker] DEBUG org.hibernate.boot.internal.ClassLoaderAccessImpl - ClassLoaderAccessImpl#injectTempClassLoader(null) [was org.springframework.instrument.classloading.SimpleThrowawayClassLoader@12882715]
17:03:28.587 [Test worker] DEBUG org.hibernate.id.factory.internal.DefaultIdentifierGeneratorFactory - Registering IdentifierGenerator strategy [uuid2] -> [org.hibernate.id.UUIDGenerator]
17:03:28.588 [Test worker] DEBUG org.hibernate.id.factory.internal.DefaultIdentifierGeneratorFactory - Registering IdentifierGenerator strategy [guid] -> [org.hibernate.id.GUIDGenerator]
17:03:28.588 [Test worker] DEBUG org.hibernate.id.factory.internal.DefaultIdentifierGeneratorFactory - Registering IdentifierGenerator strategy [uuid] -> [org.hibernate.id.UUIDHexGenerator]
17:03:28.588 [Test worker] DEBUG org.hibernate.id.factory.internal.DefaultIdentifierGeneratorFactory - Registering IdentifierGenerator strategy [uuid.hex] -> [org.hibernate.id.UUIDHexGenerator]
17:03:28.588 [Test worker] DEBUG org.hibernate.id.factory.internal.DefaultIdentifierGeneratorFactory - Registering IdentifierGenerator strategy [assigned] -> [org.hibernate.id.Assigned]
17:03:28.588 [Test worker] DEBUG org.hibernate.id.factory.internal.DefaultIdentifierGeneratorFactory - Registering IdentifierGenerator strategy [identity] -> [org.hibernate.id.IdentityGenerator]
17:03:28.588 [Test worker] DEBUG org.hibernate.id.factory.internal.DefaultIdentifierGeneratorFactory - Registering IdentifierGenerator strategy [select] -> [org.hibernate.id.SelectGenerator]
17:03:28.588 [Test worker] DEBUG org.hibernate.id.factory.internal.DefaultIdentifierGeneratorFactory - Registering IdentifierGenerator strategy [sequence] -> [org.hibernate.id.enhanced.SequenceStyleGenerator]
17:03:28.588 [Test worker] DEBUG org.hibernate.id.factory.internal.DefaultIdentifierGeneratorFactory - Registering IdentifierGenerator strategy [seqhilo] -> [org.hibernate.id.SequenceHiLoGenerator]
17:03:28.588 [Test worker] DEBUG org.hibernate.id.factory.internal.DefaultIdentifierGeneratorFactory - Registering IdentifierGenerator strategy [increment] -> [org.hibernate.id.IncrementGenerator]
17:03:28.588 [Test worker] DEBUG org.hibernate.id.factory.internal.DefaultIdentifierGeneratorFactory - Registering IdentifierGenerator strategy [foreign] -> [org.hibernate.id.ForeignGenerator]
17:03:28.588 [Test worker] DEBUG org.hibernate.id.factory.internal.DefaultIdentifierGeneratorFactory - Registering IdentifierGenerator strategy [sequence-identity] -> [org.hibernate.id.SequenceIdentityGenerator]
17:03:28.588 [Test worker] DEBUG org.hibernate.id.factory.internal.DefaultIdentifierGeneratorFactory - Registering IdentifierGenerator strategy [enhanced-sequence] -> [org.hibernate.id.enhanced.SequenceStyleGenerator]
17:03:28.588 [Test worker] DEBUG org.hibernate.id.factory.internal.DefaultIdentifierGeneratorFactory - Registering IdentifierGenerator strategy [enhanced-table] -> [org.hibernate.id.enhanced.TableGenerator]
17:03:28.589 [Test worker] DEBUG org.hibernate.engine.jdbc.env.internal.JdbcEnvironmentInitiator - Database ->
       name : H2
    version : 1.4.197 (2018-03-18)
      major : 1
      minor : 4
17:03:28.589 [Test worker] DEBUG org.hibernate.engine.jdbc.env.internal.JdbcEnvironmentInitiator - Driver ->
       name : H2 JDBC Driver
    version : 1.4.197 (2018-03-18)
      major : 1
      minor : 4
17:03:28.589 [Test worker] DEBUG org.hibernate.engine.jdbc.env.internal.JdbcEnvironmentInitiator - JDBC version : 4.0
17:03:28.589 [Test worker] INFO org.hibernate.dialect.Dialect - HHH000400: Using dialect: org.hibernate.dialect.H2Dialect
17:03:28.595 [Test worker] DEBUG org.hibernate.boot.model.relational.Namespace - Created database namespace [logicalName=Name{catalog=null, schema=null}, physicalName=Name{catalog=null, schema=null}]
17:03:28.596 [Test worker] DEBUG org.hibernate.type.spi.TypeConfiguration$Scope - Scoping TypeConfiguration [org.hibernate.type.spi.TypeConfiguration@2531714d] to MetadataBuildingContext [org.hibernate.boot.internal.MetadataBuildingContextRootImpl@296990d6]
17:03:28.597 [Test worker] DEBUG org.hibernate.cfg.AnnotationBinder - Binding entity from annotated class: com.epam.esm.entity.Entity
17:03:28.597 [Test worker] DEBUG org.hibernate.cfg.Ejb3Column - Binding column: Ejb3DiscriminatorColumn{logicalColumnName'DTYPE', discriminatorTypeName='string'}
17:03:28.597 [Test worker] DEBUG org.hibernate.cfg.annotations.EntityBinder - Import with entity name Entity
17:03:28.597 [Test worker] DEBUG org.hibernate.cfg.annotations.EntityBinder - Bind entity com.epam.esm.entity.Entity on table entity
17:03:28.598 [Test worker] DEBUG org.hibernate.cfg.Ejb3Column - Binding column: Ejb3Column{table=org.hibernate.mapping.Table(entity), mappingColumn=id, insertable=true, updatable=true, unique=false}
17:03:28.598 [Test worker] DEBUG org.hibernate.cfg.annotations.PropertyBinder - MetadataSourceProcessor property id with lazy=false
17:03:28.598 [Test worker] DEBUG org.hibernate.cfg.AbstractPropertyHolder - Attempting to locate auto-apply AttributeConverter for property [com.epam.esm.entity.Entity:id]
17:03:28.598 [Test worker] DEBUG org.hibernate.cfg.annotations.SimpleValueBinder - building SimpleValue for id
17:03:28.598 [Test worker] DEBUG org.hibernate.cfg.annotations.PropertyBinder - Building property id
17:03:28.598 [Test worker] DEBUG org.hibernate.cfg.BinderHelper - #makeIdGenerator(org.hibernate.mapping.SimpleValue([org.hibernate.mapping.Column(id)]), id, identity, , ...)
17:03:28.599 [Test worker] DEBUG org.hibernate.cfg.AnnotationBinder - Binding entity from annotated class: com.epam.esm.entity.GiftCertificate
17:03:28.599 [Test worker] DEBUG org.hibernate.cfg.Ejb3Column - Binding column: Ejb3DiscriminatorColumn{logicalColumnName'DTYPE', discriminatorTypeName='string'}
17:03:28.599 [Test worker] DEBUG org.hibernate.cfg.annotations.EntityBinder - Import with entity name GiftCertificate
17:03:28.599 [Test worker] DEBUG org.hibernate.cfg.annotations.EntityBinder - Bind entity com.epam.esm.entity.GiftCertificate on table certificate
17:03:28.601 [Test worker] DEBUG org.hibernate.cfg.Ejb3Column - Binding column: Ejb3Column{table=org.hibernate.mapping.Table(certificate), mappingColumn=id, insertable=true, updatable=true, unique=false}
17:03:28.601 [Test worker] DEBUG org.hibernate.cfg.annotations.PropertyBinder - MetadataSourceProcessor property id with lazy=false
17:03:28.601 [Test worker] DEBUG org.hibernate.cfg.AbstractPropertyHolder - Attempting to locate auto-apply AttributeConverter for property [com.epam.esm.entity.GiftCertificate:id]
17:03:28.601 [Test worker] DEBUG org.hibernate.cfg.annotations.SimpleValueBinder - building SimpleValue for id
17:03:28.601 [Test worker] DEBUG org.hibernate.cfg.annotations.PropertyBinder - Building property id
17:03:28.601 [Test worker] DEBUG org.hibernate.cfg.BinderHelper - #makeIdGenerator(org.hibernate.mapping.SimpleValue([org.hibernate.mapping.Column(id)]), id, identity, , ...)
17:03:28.601 [Test worker] DEBUG org.hibernate.cfg.Ejb3Column - Binding column: Ejb3Column{table=org.hibernate.mapping.Table(certificate), mappingColumn=active_status, insertable=true, updatable=true, unique=false}
17:03:28.602 [Test worker] DEBUG org.hibernate.cfg.annotations.PropertyBinder - MetadataSourceProcessor property activeStatus with lazy=false
17:03:28.602 [Test worker] DEBUG org.hibernate.cfg.AbstractPropertyHolder - Attempting to locate auto-apply AttributeConverter for property [com.epam.esm.entity.GiftCertificate:activeStatus]
17:03:28.602 [Test worker] DEBUG org.hibernate.cfg.annotations.SimpleValueBinder - building SimpleValue for activeStatus
17:03:28.602 [Test worker] DEBUG org.hibernate.cfg.annotations.PropertyBinder - Building property activeStatus
17:03:28.602 [Test worker] DEBUG org.hibernate.cfg.Ejb3Column - Binding column: Ejb3Column{table=org.hibernate.mapping.Table(certificate), mappingColumn=creation_date, insertable=true, updatable=true, unique=false}
17:03:28.602 [Test worker] DEBUG org.hibernate.cfg.annotations.PropertyBinder - MetadataSourceProcessor property creationDate with lazy=false
17:03:28.602 [Test worker] DEBUG org.hibernate.cfg.AbstractPropertyHolder - Attempting to locate auto-apply AttributeConverter for property [com.epam.esm.entity.GiftCertificate:creationDate]
17:03:28.602 [Test worker] DEBUG org.hibernate.cfg.annotations.SimpleValueBinder - building SimpleValue for creationDate
17:03:28.603 [Test worker] DEBUG org.hibernate.cfg.annotations.PropertyBinder - Building property creationDate
17:03:28.603 [Test worker] DEBUG org.hibernate.cfg.Ejb3Column - Binding column: Ejb3Column{table=org.hibernate.mapping.Table(certificate), mappingColumn=description, insertable=true, updatable=true, unique=false}
17:03:28.603 [Test worker] DEBUG org.hibernate.cfg.annotations.PropertyBinder - MetadataSourceProcessor property description with lazy=false
17:03:28.603 [Test worker] DEBUG org.hibernate.cfg.AbstractPropertyHolder - Attempting to locate auto-apply AttributeConverter for property [com.epam.esm.entity.GiftCertificate:description]
17:03:28.603 [Test worker] DEBUG org.hibernate.cfg.annotations.SimpleValueBinder - building SimpleValue for description
17:03:28.603 [Test worker] DEBUG org.hibernate.cfg.annotations.PropertyBinder - Building property description
17:03:28.603 [Test worker] DEBUG org.hibernate.cfg.Ejb3Column - Binding column: Ejb3Column{table=org.hibernate.mapping.Table(certificate), mappingColumn=expiration_date, insertable=true, updatable=true, unique=false}
17:03:28.603 [Test worker] DEBUG org.hibernate.cfg.annotations.PropertyBinder - MetadataSourceProcessor property expirationDate with lazy=false
17:03:28.604 [Test worker] DEBUG org.hibernate.cfg.AbstractPropertyHolder - Attempting to locate auto-apply AttributeConverter for property [com.epam.esm.entity.GiftCertificate:expirationDate]
17:03:28.604 [Test worker] DEBUG org.hibernate.cfg.annotations.SimpleValueBinder - building SimpleValue for expirationDate
17:03:28.604 [Test worker] DEBUG org.hibernate.cfg.annotations.PropertyBinder - Building property expirationDate
17:03:28.604 [Test worker] DEBUG org.hibernate.cfg.Ejb3Column - Binding column: Ejb3Column{table=org.hibernate.mapping.Table(certificate), mappingColumn=modification_date, insertable=true, updatable=true, unique=false}
17:03:28.604 [Test worker] DEBUG org.hibernate.cfg.annotations.PropertyBinder - MetadataSourceProcessor property modificationDate with lazy=false
17:03:28.604 [Test worker] DEBUG org.hibernate.cfg.AbstractPropertyHolder - Attempting to locate auto-apply AttributeConverter for property [com.epam.esm.entity.GiftCertificate:modificationDate]
17:03:28.604 [Test worker] DEBUG org.hibernate.cfg.annotations.SimpleValueBinder - building SimpleValue for modificationDate
17:03:28.604 [Test worker] DEBUG org.hibernate.cfg.annotations.PropertyBinder - Building property modificationDate
17:03:28.604 [Test worker] DEBUG org.hibernate.cfg.Ejb3Column - Binding column: Ejb3Column{table=org.hibernate.mapping.Table(certificate), mappingColumn=name, insertable=true, updatable=true, unique=false}
17:03:28.605 [Test worker] DEBUG org.hibernate.cfg.annotations.PropertyBinder - MetadataSourceProcessor property name with lazy=false
17:03:28.605 [Test worker] DEBUG org.hibernate.cfg.AbstractPropertyHolder - Attempting to locate auto-apply AttributeConverter for property [com.epam.esm.entity.GiftCertificate:name]
17:03:28.605 [Test worker] DEBUG org.hibernate.cfg.annotations.SimpleValueBinder - building SimpleValue for name
17:03:28.605 [Test worker] DEBUG org.hibernate.cfg.annotations.PropertyBinder - Building property name
17:03:28.605 [Test worker] DEBUG org.hibernate.cfg.Ejb3Column - Binding column: Ejb3JoinColumn{logicalColumnName='null', referencedColumn='null', mappedBy='certificate'}
17:03:28.605 [Test worker] DEBUG org.hibernate.cfg.Ejb3Column - Binding column: Ejb3Column{table=org.hibernate.mapping.Table(certificate), mappingColumn=order_certificates, insertable=true, updatable=true, unique=false}
17:03:28.605 [Test worker] DEBUG org.hibernate.cfg.Ejb3Column - Binding column: Ejb3Column{table=org.hibernate.mapping.Table(certificate), mappingColumn=null, insertable=true, updatable=true, unique=false}
17:03:28.606 [Test worker] DEBUG org.hibernate.cfg.Ejb3Column - Binding column: Ejb3Column{table=org.hibernate.mapping.Table(certificate), mappingColumn=element, insertable=true, updatable=true, unique=false}
17:03:28.606 [Test worker] DEBUG org.hibernate.cfg.Ejb3Column - Binding column: Ejb3Column{table=org.hibernate.mapping.Table(certificate), mappingColumn=order_certificates_key, insertable=true, updatable=true, unique=false}
17:03:28.606 [Test worker] DEBUG org.hibernate.cfg.Ejb3Column - Binding column: Ejb3JoinColumn{logicalColumnName='orderCertificates_KEY', referencedColumn='null', mappedBy='null'}
17:03:28.606 [Test worker] DEBUG org.hibernate.cfg.Ejb3Column - Binding column: Ejb3JoinColumn{logicalColumnName='null', referencedColumn='null', mappedBy='certificate'}
17:03:28.606 [Test worker] DEBUG org.hibernate.cfg.Ejb3Column - Binding column: Ejb3JoinColumn{logicalColumnName='null', referencedColumn='null', mappedBy='certificate'}
17:03:28.606 [Test worker] DEBUG org.hibernate.cfg.annotations.CollectionBinder - Collection role: com.epam.esm.entity.GiftCertificate.orderCertificates
17:03:28.606 [Test worker] DEBUG org.hibernate.cfg.annotations.PropertyBinder - Building property orderCertificates
17:03:28.606 [Test worker] DEBUG org.hibernate.cfg.Ejb3Column - Binding column: Ejb3Column{table=org.hibernate.mapping.Table(certificate), mappingColumn=price, insertable=true, updatable=true, unique=false}
17:03:28.606 [Test worker] DEBUG org.hibernate.cfg.annotations.PropertyBinder - MetadataSourceProcessor property price with lazy=false
17:03:28.607 [Test worker] DEBUG org.hibernate.cfg.AbstractPropertyHolder - Attempting to locate auto-apply AttributeConverter for property [com.epam.esm.entity.GiftCertificate:price]
17:03:28.607 [Test worker] DEBUG org.hibernate.cfg.annotations.SimpleValueBinder - building SimpleValue for price
17:03:28.607 [Test worker] DEBUG org.hibernate.cfg.annotations.PropertyBinder - Building property price
17:03:28.607 [Test worker] DEBUG org.hibernate.cfg.Ejb3Column - Binding column: Ejb3Column{table=org.hibernate.mapping.Table(certificate), mappingColumn=null, insertable=true, updatable=true, unique=false}
17:03:28.607 [Test worker] DEBUG org.hibernate.cfg.Ejb3Column - Binding column: Ejb3Column{table=org.hibernate.mapping.Table(certificate), mappingColumn=element, insertable=true, updatable=true, unique=false}
17:03:28.607 [Test worker] DEBUG org.hibernate.cfg.Ejb3Column - Binding column: Ejb3Column{table=org.hibernate.mapping.Table(certificate), mappingColumn=tags_key, insertable=true, updatable=true, unique=false}
17:03:28.607 [Test worker] DEBUG org.hibernate.cfg.Ejb3Column - Binding column: Ejb3JoinColumn{logicalColumnName='tags_KEY', referencedColumn='null', mappedBy='null'}
17:03:28.608 [Test worker] DEBUG org.hibernate.cfg.Ejb3Column - Binding column: Ejb3JoinColumn{logicalColumnName='certificate_id', referencedColumn='', mappedBy=''}
17:03:28.608 [Test worker] DEBUG org.hibernate.cfg.Ejb3Column - Binding column: Ejb3JoinColumn{logicalColumnName='tag_id', referencedColumn='', mappedBy=''}
17:03:28.608 [Test worker] DEBUG org.hibernate.cfg.annotations.CollectionBinder - Collection role: com.epam.esm.entity.GiftCertificate.tags
17:03:28.608 [Test worker] DEBUG org.hibernate.cfg.annotations.PropertyBinder - Building property tags
17:03:28.608 [Test worker] DEBUG org.hibernate.cfg.AnnotationBinder - Binding entity from annotated class: com.epam.esm.entity.Order
17:03:28.608 [Test worker] DEBUG org.hibernate.cfg.Ejb3Column - Binding column: Ejb3DiscriminatorColumn{logicalColumnName'DTYPE', discriminatorTypeName='string'}
17:03:28.608 [Test worker] DEBUG org.hibernate.cfg.annotations.EntityBinder - Import with entity name Order
17:03:28.608 [Test worker] DEBUG org.hibernate.cfg.annotations.EntityBinder - Bind entity com.epam.esm.entity.Order on table application_order
17:03:28.609 [Test worker] DEBUG org.hibernate.cfg.Ejb3Column - Binding column: Ejb3Column{table=org.hibernate.mapping.Table(application_order), mappingColumn=id, insertable=true, updatable=true, unique=false}
17:03:28.610 [Test worker] DEBUG org.hibernate.cfg.annotations.PropertyBinder - MetadataSourceProcessor property id with lazy=false
17:03:28.610 [Test worker] DEBUG org.hibernate.cfg.AbstractPropertyHolder - Attempting to locate auto-apply AttributeConverter for property [com.epam.esm.entity.Order:id]
17:03:28.610 [Test worker] DEBUG org.hibernate.cfg.annotations.SimpleValueBinder - building SimpleValue for id
17:03:28.610 [Test worker] DEBUG org.hibernate.cfg.annotations.PropertyBinder - Building property id
17:03:28.610 [Test worker] DEBUG org.hibernate.cfg.BinderHelper - #makeIdGenerator(org.hibernate.mapping.SimpleValue([org.hibernate.mapping.Column(id)]), id, identity, , ...)
17:03:28.610 [Test worker] DEBUG org.hibernate.cfg.Ejb3Column - Binding column: Ejb3Column{table=org.hibernate.mapping.Table(application_order), mappingColumn=active_status, insertable=true, updatable=true, unique=false}
17:03:28.610 [Test worker] DEBUG org.hibernate.cfg.annotations.PropertyBinder - MetadataSourceProcessor property activeStatus with lazy=false
17:03:28.610 [Test worker] DEBUG org.hibernate.cfg.AbstractPropertyHolder - Attempting to locate auto-apply AttributeConverter for property [com.epam.esm.entity.Order:activeStatus]
17:03:28.610 [Test worker] DEBUG org.hibernate.cfg.annotations.SimpleValueBinder - building SimpleValue for activeStatus
17:03:28.611 [Test worker] DEBUG org.hibernate.cfg.annotations.PropertyBinder - Building property activeStatus
17:03:28.611 [Test worker] DEBUG org.hibernate.cfg.Ejb3Column - Binding column: Ejb3Column{table=org.hibernate.mapping.Table(application_order), mappingColumn=created_at, insertable=true, updatable=true, unique=false}
17:03:28.611 [Test worker] DEBUG org.hibernate.cfg.annotations.PropertyBinder - MetadataSourceProcessor property createdAt with lazy=false
17:03:28.611 [Test worker] DEBUG org.hibernate.cfg.AbstractPropertyHolder - Attempting to locate auto-apply AttributeConverter for property [com.epam.esm.entity.Order:createdAt]
17:03:28.611 [Test worker] DEBUG org.hibernate.cfg.annotations.SimpleValueBinder - building SimpleValue for createdAt
17:03:28.611 [Test worker] DEBUG org.hibernate.cfg.annotations.PropertyBinder - Building property createdAt
17:03:28.611 [Test worker] DEBUG org.hibernate.cfg.Ejb3Column - Binding column: Ejb3JoinColumn{logicalColumnName='null', referencedColumn='null', mappedBy='order'}
17:03:28.612 [Test worker] DEBUG org.hibernate.cfg.Ejb3Column - Binding column: Ejb3Column{table=org.hibernate.mapping.Table(application_order), mappingColumn=order_certificates, insertable=true, updatable=true, unique=false}
17:03:28.612 [Test worker] DEBUG org.hibernate.cfg.Ejb3Column - Binding column: Ejb3Column{table=org.hibernate.mapping.Table(application_order), mappingColumn=null, insertable=true, updatable=true, unique=false}
17:03:28.612 [Test worker] DEBUG org.hibernate.cfg.Ejb3Column - Binding column: Ejb3Column{table=org.hibernate.mapping.Table(application_order), mappingColumn=element, insertable=true, updatable=true, unique=false}
17:03:28.612 [Test worker] DEBUG org.hibernate.cfg.Ejb3Column - Binding column: Ejb3Column{table=org.hibernate.mapping.Table(application_order), mappingColumn=order_certificates_key, insertable=true, updatable=true, unique=false}
17:03:28.612 [Test worker] DEBUG org.hibernate.cfg.Ejb3Column - Binding column: Ejb3JoinColumn{logicalColumnName='orderCertificates_KEY', referencedColumn='null', mappedBy='null'}
17:03:28.612 [Test worker] DEBUG org.hibernate.cfg.Ejb3Column - Binding column: Ejb3JoinColumn{logicalColumnName='null', referencedColumn='null', mappedBy='order'}
17:03:28.612 [Test worker] DEBUG org.hibernate.cfg.Ejb3Column - Binding column: Ejb3JoinColumn{logicalColumnName='null', referencedColumn='null', mappedBy='order'}
17:03:28.612 [Test worker] DEBUG org.hibernate.cfg.annotations.CollectionBinder - Collection role: com.epam.esm.entity.Order.orderCertificates
17:03:28.613 [Test worker] DEBUG org.hibernate.cfg.annotations.PropertyBinder - Building property orderCertificates
17:03:28.613 [Test worker] DEBUG org.hibernate.cfg.Ejb3Column - Binding column: Ejb3JoinColumn{logicalColumnName='user_id', referencedColumn='', mappedBy=''}
17:03:28.613 [Test worker] DEBUG org.hibernate.cfg.Ejb3Column - Binding column: Ejb3Column{table=org.hibernate.mapping.Table(application_order), mappingColumn=user, insertable=true, updatable=true, unique=false}
17:03:28.613 [Test worker] DEBUG org.hibernate.cfg.annotations.PropertyBinder - Building property user
17:03:28.613 [Test worker] DEBUG org.hibernate.cfg.AnnotationBinder - Binding entity from annotated class: com.epam.esm.entity.OrderCertificate
17:03:28.613 [Test worker] DEBUG org.hibernate.cfg.Ejb3Column - Binding column: Ejb3DiscriminatorColumn{logicalColumnName'DTYPE', discriminatorTypeName='string'}
17:03:28.614 [Test worker] DEBUG org.hibernate.cfg.annotations.EntityBinder - Import with entity name OrderCertificate
17:03:28.614 [Test worker] DEBUG org.hibernate.cfg.annotations.EntityBinder - Bind entity com.epam.esm.entity.OrderCertificate on table order_certificate
17:03:28.615 [Test worker] DEBUG org.hibernate.cfg.Ejb3Column - Binding column: Ejb3Column{table=org.hibernate.mapping.Table(order_certificate), mappingColumn=id, insertable=true, updatable=true, unique=false}
17:03:28.615 [Test worker] DEBUG org.hibernate.cfg.annotations.PropertyBinder - MetadataSourceProcessor property id with lazy=false
17:03:28.615 [Test worker] DEBUG org.hibernate.cfg.AbstractPropertyHolder - Attempting to locate auto-apply AttributeConverter for property [com.epam.esm.entity.OrderCertificate:id]
17:03:28.615 [Test worker] DEBUG org.hibernate.cfg.annotations.SimpleValueBinder - building SimpleValue for id
17:03:28.615 [Test worker] DEBUG org.hibernate.cfg.annotations.PropertyBinder - Building property id
17:03:28.615 [Test worker] DEBUG org.hibernate.cfg.BinderHelper - #makeIdGenerator(org.hibernate.mapping.SimpleValue([org.hibernate.mapping.Column(id)]), id, identity, , ...)
17:03:28.615 [Test worker] DEBUG org.hibernate.cfg.Ejb3Column - Binding column: Ejb3JoinColumn{logicalColumnName='null', referencedColumn='', mappedBy=''}
17:03:28.615 [Test worker] DEBUG org.hibernate.cfg.Ejb3Column - Binding column: Ejb3Column{table=org.hibernate.mapping.Table(order_certificate), mappingColumn=certificate, insertable=true, updatable=true, unique=false}
17:03:28.616 [Test worker] DEBUG org.hibernate.cfg.annotations.PropertyBinder - Building property certificate
17:03:28.616 [Test worker] DEBUG org.hibernate.cfg.Ejb3Column - Binding column: Ejb3Column{table=org.hibernate.mapping.Table(order_certificate), mappingColumn=expiration_date, insertable=true, updatable=true, unique=false}
17:03:28.616 [Test worker] DEBUG org.hibernate.cfg.annotations.PropertyBinder - MetadataSourceProcessor property expirationDate with lazy=false
17:03:28.616 [Test worker] DEBUG org.hibernate.cfg.AbstractPropertyHolder - Attempting to locate auto-apply AttributeConverter for property [com.epam.esm.entity.OrderCertificate:expirationDate]
17:03:28.616 [Test worker] DEBUG org.hibernate.cfg.annotations.SimpleValueBinder - building SimpleValue for expirationDate
17:03:28.616 [Test worker] DEBUG org.hibernate.cfg.annotations.PropertyBinder - Building property expirationDate
17:03:28.616 [Test worker] DEBUG org.hibernate.cfg.Ejb3Column - Binding column: Ejb3Column{table=org.hibernate.mapping.Table(order_certificate), mappingColumn=fixed_price, insertable=true, updatable=true, unique=false}
17:03:28.616 [Test worker] DEBUG org.hibernate.cfg.annotations.PropertyBinder - MetadataSourceProcessor property fixedPrice with lazy=false
17:03:28.616 [Test worker] DEBUG org.hibernate.cfg.AbstractPropertyHolder - Attempting to locate auto-apply AttributeConverter for property [com.epam.esm.entity.OrderCertificate:fixedPrice]
17:03:28.617 [Test worker] DEBUG org.hibernate.cfg.annotations.SimpleValueBinder - building SimpleValue for fixedPrice
17:03:28.617 [Test worker] DEBUG org.hibernate.cfg.annotations.PropertyBinder - Building property fixedPrice
17:03:28.617 [Test worker] DEBUG org.hibernate.cfg.Ejb3Column - Binding column: Ejb3JoinColumn{logicalColumnName='null', referencedColumn='', mappedBy=''}
17:03:28.617 [Test worker] DEBUG org.hibernate.cfg.Ejb3Column - Binding column: Ejb3Column{table=org.hibernate.mapping.Table(order_certificate), mappingColumn=order, insertable=true, updatable=true, unique=false}
17:03:28.617 [Test worker] DEBUG org.hibernate.cfg.annotations.PropertyBinder - Building property order
17:03:28.617 [Test worker] DEBUG org.hibernate.cfg.AnnotationBinder - Binding entity from annotated class: com.epam.esm.entity.Role
17:03:28.618 [Test worker] DEBUG org.hibernate.cfg.Ejb3Column - Binding column: Ejb3DiscriminatorColumn{logicalColumnName'DTYPE', discriminatorTypeName='string'}
17:03:28.618 [Test worker] DEBUG org.hibernate.cfg.annotations.EntityBinder - Import with entity name Role
17:03:28.618 [Test worker] DEBUG org.hibernate.cfg.annotations.EntityBinder - Bind entity com.epam.esm.entity.Role on table application_role
17:03:28.618 [Test worker] DEBUG org.hibernate.cfg.Ejb3Column - Binding column: Ejb3Column{table=org.hibernate.mapping.Table(application_role), mappingColumn=id, insertable=true, updatable=true, unique=false}
17:03:28.618 [Test worker] DEBUG org.hibernate.cfg.annotations.PropertyBinder - MetadataSourceProcessor property id with lazy=false
17:03:28.619 [Test worker] DEBUG org.hibernate.cfg.AbstractPropertyHolder - Attempting to locate auto-apply AttributeConverter for property [com.epam.esm.entity.Role:id]
17:03:28.619 [Test worker] DEBUG org.hibernate.cfg.annotations.SimpleValueBinder - building SimpleValue for id
17:03:28.619 [Test worker] DEBUG org.hibernate.cfg.annotations.PropertyBinder - Building property id
17:03:28.619 [Test worker] DEBUG org.hibernate.cfg.BinderHelper - #makeIdGenerator(org.hibernate.mapping.SimpleValue([org.hibernate.mapping.Column(id)]), id, identity, , ...)
17:03:28.619 [Test worker] DEBUG org.hibernate.cfg.Ejb3Column - Binding column: Ejb3Column{table=org.hibernate.mapping.Table(application_role), mappingColumn=value, insertable=true, updatable=true, unique=false}
17:03:28.619 [Test worker] DEBUG org.hibernate.cfg.annotations.PropertyBinder - MetadataSourceProcessor property value with lazy=false
17:03:28.619 [Test worker] DEBUG org.hibernate.cfg.AbstractPropertyHolder - Attempting to locate auto-apply AttributeConverter for property [com.epam.esm.entity.Role:value]
17:03:28.619 [Test worker] DEBUG org.hibernate.cfg.annotations.SimpleValueBinder - building SimpleValue for value
17:03:28.619 [Test worker] DEBUG org.hibernate.cfg.annotations.PropertyBinder - Building property value
17:03:28.620 [Test worker] DEBUG org.hibernate.cfg.AnnotationBinder - Binding entity from annotated class: com.epam.esm.entity.Tag
17:03:28.620 [Test worker] DEBUG org.hibernate.cfg.Ejb3Column - Binding column: Ejb3DiscriminatorColumn{logicalColumnName'DTYPE', discriminatorTypeName='string'}
17:03:28.620 [Test worker] DEBUG org.hibernate.cfg.annotations.EntityBinder - Import with entity name Tag
17:03:28.620 [Test worker] DEBUG org.hibernate.cfg.annotations.EntityBinder - Bind entity com.epam.esm.entity.Tag on table tag
17:03:28.621 [Test worker] DEBUG org.hibernate.cfg.Ejb3Column - Binding column: Ejb3Column{table=org.hibernate.mapping.Table(tag), mappingColumn=id, insertable=true, updatable=true, unique=false}
17:03:28.621 [Test worker] DEBUG org.hibernate.cfg.annotations.PropertyBinder - MetadataSourceProcessor property id with lazy=false
17:03:28.621 [Test worker] DEBUG org.hibernate.cfg.AbstractPropertyHolder - Attempting to locate auto-apply AttributeConverter for property [com.epam.esm.entity.Tag:id]
17:03:28.621 [Test worker] DEBUG org.hibernate.cfg.annotations.SimpleValueBinder - building SimpleValue for id
17:03:28.621 [Test worker] DEBUG org.hibernate.cfg.annotations.PropertyBinder - Building property id
17:03:28.621 [Test worker] DEBUG org.hibernate.cfg.BinderHelper - #makeIdGenerator(org.hibernate.mapping.SimpleValue([org.hibernate.mapping.Column(id)]), id, identity, , ...)
17:03:28.621 [Test worker] DEBUG org.hibernate.cfg.Ejb3Column - Binding column: Ejb3Column{table=org.hibernate.mapping.Table(tag), mappingColumn=title, insertable=true, updatable=false, unique=true}
17:03:28.621 [Test worker] DEBUG org.hibernate.cfg.annotations.PropertyBinder - MetadataSourceProcessor property title with lazy=false
17:03:28.621 [Test worker] DEBUG org.hibernate.cfg.AbstractPropertyHolder - Attempting to locate auto-apply AttributeConverter for property [com.epam.esm.entity.Tag:title]
17:03:28.622 [Test worker] DEBUG org.hibernate.cfg.annotations.SimpleValueBinder - building SimpleValue for title
17:03:28.622 [Test worker] DEBUG org.hibernate.cfg.annotations.PropertyBinder - Building property title
17:03:28.622 [Test worker] DEBUG org.hibernate.cfg.AnnotationBinder - Binding entity from annotated class: com.epam.esm.entity.User
17:03:28.622 [Test worker] DEBUG org.hibernate.cfg.Ejb3Column - Binding column: Ejb3DiscriminatorColumn{logicalColumnName'DTYPE', discriminatorTypeName='string'}
17:03:28.622 [Test worker] DEBUG org.hibernate.cfg.annotations.EntityBinder - Import with entity name User
17:03:28.622 [Test worker] DEBUG org.hibernate.cfg.annotations.EntityBinder - Bind entity com.epam.esm.entity.User on table application_user
17:03:28.623 [Test worker] DEBUG org.hibernate.cfg.Ejb3Column - Binding column: Ejb3Column{table=org.hibernate.mapping.Table(application_user), mappingColumn=id, insertable=true, updatable=true, unique=false}
17:03:28.623 [Test worker] DEBUG org.hibernate.cfg.annotations.PropertyBinder - MetadataSourceProcessor property id with lazy=false
17:03:28.623 [Test worker] DEBUG org.hibernate.cfg.AbstractPropertyHolder - Attempting to locate auto-apply AttributeConverter for property [com.epam.esm.entity.User:id]
17:03:28.623 [Test worker] DEBUG org.hibernate.cfg.annotations.SimpleValueBinder - building SimpleValue for id
17:03:28.624 [Test worker] DEBUG org.hibernate.cfg.annotations.PropertyBinder - Building property id
17:03:28.624 [Test worker] DEBUG org.hibernate.cfg.BinderHelper - #makeIdGenerator(org.hibernate.mapping.SimpleValue([org.hibernate.mapping.Column(id)]), id, identity, , ...)
17:03:28.624 [Test worker] DEBUG org.hibernate.cfg.Ejb3Column - Binding column: Ejb3Column{table=org.hibernate.mapping.Table(application_user), mappingColumn=email, insertable=true, updatable=true, unique=false}
17:03:28.624 [Test worker] DEBUG org.hibernate.cfg.annotations.PropertyBinder - MetadataSourceProcessor property email with lazy=false
17:03:28.624 [Test worker] DEBUG org.hibernate.cfg.AbstractPropertyHolder - Attempting to locate auto-apply AttributeConverter for property [com.epam.esm.entity.User:email]
17:03:28.624 [Test worker] DEBUG org.hibernate.cfg.annotations.SimpleValueBinder - building SimpleValue for email
17:03:28.624 [Test worker] DEBUG org.hibernate.cfg.annotations.PropertyBinder - Building property email
17:03:28.624 [Test worker] DEBUG org.hibernate.cfg.Ejb3Column - Binding column: Ejb3JoinColumn{logicalColumnName='null', referencedColumn='null', mappedBy='user'}
17:03:28.625 [Test worker] DEBUG org.hibernate.cfg.Ejb3Column - Binding column: Ejb3Column{table=org.hibernate.mapping.Table(application_user), mappingColumn=orders, insertable=true, updatable=true, unique=false}
17:03:28.625 [Test worker] DEBUG org.hibernate.cfg.Ejb3Column - Binding column: Ejb3Column{table=org.hibernate.mapping.Table(application_user), mappingColumn=null, insertable=true, updatable=true, unique=false}
17:03:28.625 [Test worker] DEBUG org.hibernate.cfg.Ejb3Column - Binding column: Ejb3Column{table=org.hibernate.mapping.Table(application_user), mappingColumn=element, insertable=true, updatable=true, unique=false}
17:03:28.625 [Test worker] DEBUG org.hibernate.cfg.Ejb3Column - Binding column: Ejb3Column{table=org.hibernate.mapping.Table(application_user), mappingColumn=orders_key, insertable=true, updatable=true, unique=false}
17:03:28.625 [Test worker] DEBUG org.hibernate.cfg.Ejb3Column - Binding column: Ejb3JoinColumn{logicalColumnName='orders_KEY', referencedColumn='null', mappedBy='null'}
17:03:28.625 [Test worker] DEBUG org.hibernate.cfg.Ejb3Column - Binding column: Ejb3JoinColumn{logicalColumnName='null', referencedColumn='null', mappedBy='user'}
17:03:28.625 [Test worker] DEBUG org.hibernate.cfg.Ejb3Column - Binding column: Ejb3JoinColumn{logicalColumnName='null', referencedColumn='null', mappedBy='user'}
17:03:28.626 [Test worker] DEBUG org.hibernate.cfg.annotations.CollectionBinder - Collection role: com.epam.esm.entity.User.orders
17:03:28.626 [Test worker] DEBUG org.hibernate.cfg.annotations.PropertyBinder - Building property orders
17:03:28.626 [Test worker] DEBUG org.hibernate.cfg.Ejb3Column - Binding column: Ejb3Column{table=org.hibernate.mapping.Table(application_user), mappingColumn=password, insertable=true, updatable=true, unique=false}
17:03:28.626 [Test worker] DEBUG org.hibernate.cfg.annotations.PropertyBinder - MetadataSourceProcessor property password with lazy=false
17:03:28.626 [Test worker] DEBUG org.hibernate.cfg.AbstractPropertyHolder - Attempting to locate auto-apply AttributeConverter for property [com.epam.esm.entity.User:password]
17:03:28.626 [Test worker] DEBUG org.hibernate.cfg.annotations.SimpleValueBinder - building SimpleValue for password
17:03:28.626 [Test worker] DEBUG org.hibernate.cfg.annotations.PropertyBinder - Building property password
17:03:28.626 [Test worker] DEBUG org.hibernate.cfg.Ejb3Column - Binding column: Ejb3Column{table=org.hibernate.mapping.Table(application_user), mappingColumn=refresh_token, insertable=true, updatable=true, unique=false}
17:03:28.627 [Test worker] DEBUG org.hibernate.cfg.annotations.PropertyBinder - MetadataSourceProcessor property refreshToken with lazy=false
17:03:28.627 [Test worker] DEBUG org.hibernate.cfg.AbstractPropertyHolder - Attempting to locate auto-apply AttributeConverter for property [com.epam.esm.entity.User:refreshToken]
17:03:28.627 [Test worker] DEBUG org.hibernate.cfg.annotations.SimpleValueBinder - building SimpleValue for refreshToken
17:03:28.627 [Test worker] DEBUG org.hibernate.cfg.annotations.PropertyBinder - Building property refreshToken
17:03:28.627 [Test worker] DEBUG org.hibernate.cfg.Ejb3Column - Binding column: Ejb3JoinColumn{logicalColumnName='role_id', referencedColumn='', mappedBy=''}
17:03:28.627 [Test worker] DEBUG org.hibernate.cfg.Ejb3Column - Binding column: Ejb3Column{table=org.hibernate.mapping.Table(application_user), mappingColumn=role, insertable=true, updatable=true, unique=false}
17:03:28.627 [Test worker] DEBUG org.hibernate.cfg.annotations.PropertyBinder - Building property role
17:03:28.628 [Test worker] DEBUG org.hibernate.cfg.annotations.SimpleValueBinder - Starting fillSimpleValue for id
17:03:28.628 [Test worker] DEBUG org.hibernate.cfg.annotations.SimpleValueBinder - Starting fillSimpleValue for id
17:03:28.628 [Test worker] DEBUG org.hibernate.cfg.annotations.SimpleValueBinder - Starting fillSimpleValue for activeStatus
17:03:28.628 [Test worker] DEBUG org.hibernate.cfg.annotations.SimpleValueBinder - Starting fillSimpleValue for creationDate
17:03:28.628 [Test worker] DEBUG org.hibernate.cfg.annotations.SimpleValueBinder - Starting fillSimpleValue for description
17:03:28.628 [Test worker] DEBUG org.hibernate.cfg.annotations.SimpleValueBinder - Starting fillSimpleValue for expirationDate
17:03:28.628 [Test worker] DEBUG org.hibernate.cfg.annotations.SimpleValueBinder - Starting fillSimpleValue for modificationDate
17:03:28.628 [Test worker] DEBUG org.hibernate.cfg.annotations.SimpleValueBinder - Starting fillSimpleValue for name
17:03:28.628 [Test worker] DEBUG org.hibernate.cfg.annotations.SimpleValueBinder - Starting fillSimpleValue for price
17:03:28.628 [Test worker] DEBUG org.hibernate.cfg.annotations.SimpleValueBinder - Starting fillSimpleValue for id
17:03:28.628 [Test worker] DEBUG org.hibernate.cfg.annotations.SimpleValueBinder - Starting fillSimpleValue for activeStatus
17:03:28.629 [Test worker] DEBUG org.hibernate.cfg.annotations.SimpleValueBinder - Starting fillSimpleValue for createdAt
17:03:28.629 [Test worker] DEBUG org.hibernate.cfg.annotations.SimpleValueBinder - Starting fillSimpleValue for id
17:03:28.629 [Test worker] DEBUG org.hibernate.cfg.annotations.SimpleValueBinder - Starting fillSimpleValue for expirationDate
17:03:28.629 [Test worker] DEBUG org.hibernate.cfg.annotations.SimpleValueBinder - Starting fillSimpleValue for fixedPrice
17:03:28.629 [Test worker] DEBUG org.hibernate.cfg.annotations.SimpleValueBinder - Starting fillSimpleValue for id
17:03:28.629 [Test worker] DEBUG org.hibernate.cfg.annotations.SimpleValueBinder - Starting fillSimpleValue for value
17:03:28.629 [Test worker] DEBUG org.hibernate.cfg.annotations.SimpleValueBinder - Starting fillSimpleValue for id
17:03:28.629 [Test worker] DEBUG org.hibernate.cfg.annotations.SimpleValueBinder - Starting fillSimpleValue for title
17:03:28.629 [Test worker] DEBUG org.hibernate.cfg.annotations.SimpleValueBinder - Starting fillSimpleValue for id
17:03:28.629 [Test worker] DEBUG org.hibernate.cfg.annotations.SimpleValueBinder - Starting fillSimpleValue for email
17:03:28.629 [Test worker] DEBUG org.hibernate.cfg.annotations.SimpleValueBinder - Starting fillSimpleValue for password
17:03:28.629 [Test worker] DEBUG org.hibernate.cfg.annotations.SimpleValueBinder - Starting fillSimpleValue for refreshToken
17:03:28.630 [Test worker] DEBUG org.hibernate.mapping.PrimaryKey - Forcing column [id] to be non-null as it is part of the primary key for table [entity]
17:03:28.630 [Test worker] DEBUG org.hibernate.mapping.PrimaryKey - Forcing column [id] to be non-null as it is part of the primary key for table [certificate]
17:03:28.630 [Test worker] DEBUG org.hibernate.mapping.PrimaryKey - Forcing column [id] to be non-null as it is part of the primary key for table [application_order]
17:03:28.630 [Test worker] DEBUG org.hibernate.mapping.PrimaryKey - Forcing column [id] to be non-null as it is part of the primary key for table [order_certificate]
17:03:28.630 [Test worker] DEBUG org.hibernate.mapping.PrimaryKey - Forcing column [id] to be non-null as it is part of the primary key for table [application_role]
17:03:28.630 [Test worker] DEBUG org.hibernate.mapping.PrimaryKey - Forcing column [id] to be non-null as it is part of the primary key for table [tag]
17:03:28.630 [Test worker] DEBUG org.hibernate.mapping.PrimaryKey - Forcing column [id] to be non-null as it is part of the primary key for table [application_user]
17:03:28.630 [Test worker] DEBUG org.hibernate.cfg.CollectionSecondPass - Second pass for collection: com.epam.esm.entity.GiftCertificate.tags
17:03:28.631 [Test worker] DEBUG org.hibernate.cfg.annotations.CollectionBinder - Binding as ManyToMany: com.epam.esm.entity.GiftCertificate.tags
17:03:28.631 [Test worker] DEBUG org.hibernate.mapping.PrimaryKey - Forcing column [certificate_id] to be non-null as it is part of the primary key for table [certificate_tag]
17:03:28.631 [Test worker] DEBUG org.hibernate.mapping.PrimaryKey - Forcing column [tag_id] to be non-null as it is part of the primary key for table [certificate_tag]
17:03:28.631 [Test worker] DEBUG org.hibernate.cfg.CollectionSecondPass - Mapped collection key: certificate_id, element: tag_id
17:03:28.631 [Test worker] DEBUG org.hibernate.cfg.CollectionSecondPass - Second pass for collection: com.epam.esm.entity.GiftCertificate.orderCertificates
17:03:28.631 [Test worker] DEBUG org.hibernate.cfg.annotations.CollectionBinder - Binding a OneToMany: com.epam.esm.entity.GiftCertificate.orderCertificates through a foreign key
17:03:28.631 [Test worker] DEBUG org.hibernate.cfg.annotations.CollectionBinder - Mapping collection: com.epam.esm.entity.GiftCertificate.orderCertificates -> order_certificate
17:03:28.632 [Test worker] DEBUG org.hibernate.cfg.annotations.TableBinder - Retrieving property com.epam.esm.entity.OrderCertificate.certificate
17:03:28.632 [Test worker] DEBUG org.hibernate.cfg.CollectionSecondPass - Mapped collection key: certificate_id, one-to-many: com.epam.esm.entity.OrderCertificate
17:03:28.632 [Test worker] DEBUG org.hibernate.cfg.CollectionSecondPass - Second pass for collection: com.epam.esm.entity.Order.orderCertificates
17:03:28.632 [Test worker] DEBUG org.hibernate.cfg.annotations.CollectionBinder - Binding a OneToMany: com.epam.esm.entity.Order.orderCertificates through a foreign key
17:03:28.632 [Test worker] DEBUG org.hibernate.cfg.annotations.CollectionBinder - Mapping collection: com.epam.esm.entity.Order.orderCertificates -> order_certificate
17:03:28.632 [Test worker] DEBUG org.hibernate.cfg.annotations.TableBinder - Retrieving property com.epam.esm.entity.OrderCertificate.order
17:03:28.632 [Test worker] DEBUG org.hibernate.cfg.CollectionSecondPass - Mapped collection key: order_id, one-to-many: com.epam.esm.entity.OrderCertificate
17:03:28.632 [Test worker] DEBUG org.hibernate.cfg.CollectionSecondPass - Second pass for collection: com.epam.esm.entity.User.orders
17:03:28.632 [Test worker] DEBUG org.hibernate.cfg.annotations.CollectionBinder - Binding a OneToMany: com.epam.esm.entity.User.orders through a foreign key
17:03:28.632 [Test worker] DEBUG org.hibernate.cfg.annotations.CollectionBinder - Mapping collection: com.epam.esm.entity.User.orders -> application_order
17:03:28.633 [Test worker] DEBUG org.hibernate.cfg.annotations.TableBinder - Retrieving property com.epam.esm.entity.Order.user
17:03:28.633 [Test worker] DEBUG org.hibernate.cfg.CollectionSecondPass - Mapped collection key: user_id, one-to-many: com.epam.esm.entity.Order
17:03:28.633 [Test worker] DEBUG org.hibernate.boot.internal.InFlightMetadataCollectorImpl - Resolving reference to class: com.epam.esm.entity.User
17:03:28.633 [Test worker] DEBUG org.hibernate.boot.internal.InFlightMetadataCollectorImpl - Resolving reference to class: com.epam.esm.entity.Role
17:03:28.633 [Test worker] DEBUG org.hibernate.boot.internal.InFlightMetadataCollectorImpl - Resolving reference to class: com.epam.esm.entity.Tag
17:03:28.634 [Test worker] DEBUG org.hibernate.boot.internal.InFlightMetadataCollectorImpl - Resolving reference to class: com.epam.esm.entity.GiftCertificate
17:03:28.634 [Test worker] DEBUG org.hibernate.boot.internal.InFlightMetadataCollectorImpl - Resolving reference to class: com.epam.esm.entity.GiftCertificate
17:03:28.634 [Test worker] DEBUG org.hibernate.boot.internal.InFlightMetadataCollectorImpl - Resolving reference to class: com.epam.esm.entity.Order
17:03:28.635 [Test worker] DEBUG org.hibernate.boot.internal.InFlightMetadataCollectorImpl - Resolving reference to class: com.epam.esm.entity.User
17:03:28.636 [Test worker] DEBUG org.hibernate.boot.internal.InFlightMetadataCollectorImpl - Resolving reference to class: com.epam.esm.entity.Role
17:03:28.636 [Test worker] DEBUG org.hibernate.boot.internal.InFlightMetadataCollectorImpl - Resolving reference to class: com.epam.esm.entity.Tag
17:03:28.636 [Test worker] DEBUG org.hibernate.boot.internal.InFlightMetadataCollectorImpl - Resolving reference to class: com.epam.esm.entity.GiftCertificate
17:03:28.636 [Test worker] DEBUG org.hibernate.boot.internal.InFlightMetadataCollectorImpl - Resolving reference to class: com.epam.esm.entity.GiftCertificate
17:03:28.636 [Test worker] DEBUG org.hibernate.boot.internal.InFlightMetadataCollectorImpl - Resolving reference to class: com.epam.esm.entity.Order
17:03:28.637 [Test worker] DEBUG org.hibernate.internal.SessionFactoryImpl - Building session factory
17:03:28.638 [Test worker] DEBUG org.hibernate.cfg.Settings - SessionFactory name : null
17:03:28.638 [Test worker] DEBUG org.hibernate.cfg.Settings - Automatic flush during beforeCompletion(): enabled
17:03:28.638 [Test worker] DEBUG org.hibernate.cfg.Settings - Automatic session close at end of transaction: disabled
17:03:28.638 [Test worker] DEBUG org.hibernate.cfg.Settings - Statistics: disabled
17:03:28.638 [Test worker] DEBUG org.hibernate.cfg.Settings - Deleted entity synthetic identifier rollback: disabled
17:03:28.638 [Test worker] DEBUG org.hibernate.cfg.Settings - Default entity-mode: pojo
17:03:28.638 [Test worker] DEBUG org.hibernate.cfg.Settings - Check Nullability in Core (should be disabled when Bean Validation is on): enabled
17:03:28.638 [Test worker] DEBUG org.hibernate.cfg.Settings - Allow initialization of lazy state outside session : disabled
17:03:28.638 [Test worker] DEBUG org.hibernate.cfg.Settings - Using BatchFetchStyle : LEGACY
17:03:28.638 [Test worker] DEBUG org.hibernate.cfg.Settings - Default batch fetch size: -1
17:03:28.638 [Test worker] DEBUG org.hibernate.cfg.Settings - Maximum outer join fetch depth: null
17:03:28.638 [Test worker] DEBUG org.hibernate.cfg.Settings - Default null ordering: NONE
17:03:28.638 [Test worker] DEBUG org.hibernate.cfg.Settings - Order SQL updates by primary key: disabled
17:03:28.638 [Test worker] DEBUG org.hibernate.cfg.Settings - Order SQL inserts for batching: disabled
17:03:28.638 [Test worker] DEBUG org.hibernate.cfg.Settings - multi-tenancy strategy : NONE
17:03:28.638 [Test worker] DEBUG org.hibernate.cfg.Settings - JTA Track by Thread: enabled
17:03:28.638 [Test worker] DEBUG org.hibernate.cfg.Settings - Query language substitutions: {}
17:03:28.638 [Test worker] DEBUG org.hibernate.cfg.Settings - Named query checking : enabled
17:03:28.638 [Test worker] DEBUG org.hibernate.cfg.Settings - Second-level cache: disabled
17:03:28.638 [Test worker] DEBUG org.hibernate.cfg.Settings - Second-level query cache: disabled
17:03:28.639 [Test worker] DEBUG org.hibernate.cfg.Settings - Second-level query cache factory: null
17:03:28.639 [Test worker] DEBUG org.hibernate.cfg.Settings - Second-level cache region prefix: null
17:03:28.639 [Test worker] DEBUG org.hibernate.cfg.Settings - Optimize second-level cache for minimal puts: disabled
17:03:28.639 [Test worker] DEBUG org.hibernate.cfg.Settings - Structured second-level cache entries: disabled
17:03:28.639 [Test worker] DEBUG org.hibernate.cfg.Settings - Second-level cache direct-reference entries: disabled
17:03:28.639 [Test worker] DEBUG org.hibernate.cfg.Settings - Automatic eviction of collection cache: disabled
17:03:28.639 [Test worker] DEBUG org.hibernate.cfg.Settings - JDBC batch size: 15
17:03:28.639 [Test worker] DEBUG org.hibernate.cfg.Settings - JDBC batch updates for versioned data: enabled
17:03:28.639 [Test worker] DEBUG org.hibernate.cfg.Settings - Scrollable result sets: enabled
17:03:28.639 [Test worker] DEBUG org.hibernate.cfg.Settings - Wrap result sets: disabled
17:03:28.639 [Test worker] DEBUG org.hibernate.cfg.Settings - JDBC3 getGeneratedKeys(): enabled
17:03:28.639 [Test worker] DEBUG org.hibernate.cfg.Settings - JDBC result set fetch size: null
17:03:28.639 [Test worker] DEBUG org.hibernate.cfg.Settings - Connection release mode: ON_CLOSE
17:03:28.639 [Test worker] DEBUG org.hibernate.cfg.Settings - Generate SQL with comments: disabled
17:03:28.639 [Test worker] DEBUG org.hibernate.cfg.Settings - JPA compliance - query : 
17:03:28.639 [Test worker] DEBUG org.hibernate.cfg.Settings - JPA compliance - closed-handling : 
17:03:28.639 [Test worker] DEBUG org.hibernate.cfg.Settings - JPA compliance - lists : 
17:03:28.639 [Test worker] DEBUG org.hibernate.cfg.Settings - JPA compliance - transactions : 
17:03:28.640 [Test worker] DEBUG org.hibernate.jpa.event.internal.CallbackBuilderLegacyImpl - Adding onPrePersist as PrePersist callback for entity com.epam.esm.entity.Order
17:03:28.644 [Test worker] DEBUG org.hibernate.internal.SessionFactoryImpl - Session factory constructed with filter configurations : {}
17:03:28.644 [Test worker] DEBUG org.hibernate.internal.SessionFactoryImpl - Instantiating session factory with properties: {gopherProxySet=false, awt.toolkit=sun.lwawt.macosx.LWCToolkit, hibernate.id.new_generator_mappings=true, java.specification.version=11, sun.cpu.isalist=, hibernate.resource.beans.container=org.springframework.orm.hibernate5.SpringBeanContainer@2fc40057, hibernate.connection.handling_mode=DELAYED_ACQUISITION_AND_HOLD, sun.jnu.encoding=UTF-8, hibernate.dialect=org.hibernate.dialect.H2Dialect, org.gradle.test.worker=3, hibernate.implicit_naming_strategy=org.springframework.boot.orm.jpa.hibernate.SpringImplicitNamingStrategy, java.class.path=/Users/dzmitryplatonov/.gradle/caches/5.6.2/workerMain/gradle-worker.jar:/Users/dzmitryplatonov/Desktop/workdir/giftcertificates/datasource/build/classes/java/test:/Users/dzmitryplatonov/Desktop/workdir/giftcertificates/datasource/build/resources/test:/Users/dzmitryplatonov/Desktop/workdir/giftcertificates/datasource/build/classes/java/main:/Users/dzmitryplatonov/Desktop/workdir/giftcertificates/datasource/build/resources/main:/Users/dzmitryplatonov/.m2/repository/org/apache/logging/log4j/log4j-web/2.11.2/log4j-web-2.11.2.jar:/Users/dzmitryplatonov/.m2/repository/org/apache/logging/log4j/log4j-core/2.11.2/log4j-core-2.11.2.jar:/Users/dzmitryplatonov/.gradle/caches/modules-2/files-2.1/org.springframework.boot/spring-boot-starter-web/2.1.9.RELEASE/2063870234eebbda3c09dddf9853477fe9e4a719/spring-boot-starter-web-2.1.9.RELEASE.jar:/Users/dzmitryplatonov/.gradle/caches/modules-2/files-2.1/org.springframework.boot/spring-boot-starter-security/2.1.9.RELEASE/bde048665003362d9e16aa75a8804f90dce1d31e/spring-boot-starter-security-2.1.9.RELEASE.jar:/Users/dzmitryplatonov/.gradle/caches/modules-2/files-2.1/org.springframework.boot/spring-boot-starter-data-jpa/2.1.9.RELEASE/784d6d5c525c2dd9fac31031ee6ca2ec8b067af5/spring-boot-starter-data-jpa-2.1.9.RELEASE.jar:/Users/dzmitryplatonov/.gradle/caches/modules-2/files-2.1/org.springframework.boot/spring-boot-starter-aop/2.1.9.RELEASE/74226b26cf15952f639deca38fe919701755c97b/spring-boot-starter-aop-2.1.9.RELEASE.jar:/Users/dzmitryplatonov/.gradle/caches/modules-2/files-2.1/org.springframework.boot/spring-boot-starter-jdbc/2.1.9.RELEASE/3f7d1d67669dfa0ea4ff9216afbeef5bc6a58ecb/spring-boot-starter-jdbc-2.1.9.RELEASE.jar:/Users/dzmitryplatonov/.gradle/caches/modules-2/files-2.1/org.springframework.boot/spring-boot-starter-json/2.1.9.RELEASE/53bdf52bc28b7e753874e0136fb33c9eab184276/spring-boot-starter-json-2.1.9.RELEASE.jar:/Users/dzmitryplatonov/.gradle/caches/modules-2/files-2.1/org.springframework.boot/spring-boot-starter/2.1.9.RELEASE/45d7afa2d9aab4b2984f2c330f507797fbcf501f/spring-boot-starter-2.1.9.RELEASE.jar:/Users/dzmitryplatonov/.gradle/caches/modules-2/files-2.1/org.springframework.boot/spring-boot-starter-logging/2.1.9.RELEASE/802b562b0c602ae9242b659a28b9bf89ca689b2d/spring-boot-starter-logging-2.1.9.RELEASE.jar:/Users/dzmitryplatonov/.m2/repository/org/apache/logging/log4j/log4j-to-slf4j/2.11.2/log4j-to-slf4j-2.11.2.jar:/Users/dzmitryplatonov/.m2/repository/org/apache/logging/log4j/log4j-api/2.11.2/log4j-api-2.11.2.jar:/Users/dzmitryplatonov/.m2/repository/org/hibernate/validator/hibernate-validator/6.0.17.Final/hibernate-validator-6.0.17.Final.jar:/Users/dzmitryplatonov/.m2/repository/javax/validation/validation-api/2.0.1.Final/validation-api-2.0.1.Final.jar:/Users/dzmitryplatonov/.gradle/caches/modules-2/files-2.1/org.springframework.security.oauth.boot/spring-security-oauth2-autoconfigure/2.1.9.RELEASE/abbbf98ebc0454774162add4b412a7ee5da66877/spring-security-oauth2-autoconfigure-2.1.9.RELEASE.jar:/Users/dzmitryplatonov/.gradle/caches/modules-2/files-2.1/com.auth0/jwks-rsa/0.9.0/6e3a813bce7eb07327f2a5384fb178eb21469338/jwks-rsa-0.9.0.jar:/Users/dzmitryplatonov/.gradle/caches/modules-2/files-2.1/io.jsonwebtoken/jjwt/0.9.1/54d2abfc3e63a28824d35bf600d6a5d627da681a/jjwt-0.9.1.jar:/Users/dzmitryplatonov/.gradle/caches/modules-2/files-2.1/io.jsonwebtoken/jjwt-jackson/0.10.7/52b5a612da95a0c0edc867ccac65bb0f6762ed7b/jjwt-jackson-0.10.7.jar:/Users/dzmitryplatonov/.m2/repository/com/fasterxml/jackson/datatype/jackson-datatype-jsr310/2.9.9/jackson-datatype-jsr310-2.9.9.jar:/Users/dzmitryplatonov/.m2/repository/com/fasterxml/jackson/datatype/jackson-datatype-jdk8/2.9.9/jackson-datatype-jdk8-2.9.9.jar:/Users/dzmitryplatonov/.m2/repository/com/fasterxml/jackson/module/jackson-module-parameter-names/2.9.9/jackson-module-parameter-names-2.9.9.jar:/Users/dzmitryplatonov/.gradle/caches/modules-2/files-2.1/com.fasterxml.jackson.core/jackson-databind/2.10.0.pr3/4e17238b159dcd1167b095024fe07f41da1e37ac/jackson-databind-2.10.0.pr3.jar:/Users/dzmitryplatonov/.gradle/caches/modules-2/files-2.1/com.fasterxml.jackson.core/jackson-annotations/2.10.0.pr3/6c99a6d972b8bdd92192bef4b0ff5df164e9cafc/jackson-annotations-2.10.0.pr3.jar:/Users/dzmitryplatonov/.m2/repository/org/springframework/hateoas/spring-hateoas/0.25.1.RELEASE/spring-hateoas-0.25.1.RELEASE.jar:/Users/dzmitryplatonov/.m2/repository/org/springframework/plugin/spring-plugin-core/1.2.0.RELEASE/spring-plugin-core-1.2.0.RELEASE.jar:/Users/dzmitryplatonov/.gradle/caches/modules-2/files-2.1/org.springframework.security/spring-security-oauth2-client/5.1.6.RELEASE/8a77b659f7f6616ca5970796c04106595819f4eb/spring-security-oauth2-client-5.1.6.RELEASE.jar:/Users/dzmitryplatonov/.gradle/caches/modules-2/files-2.1/org.springframework.security/spring-security-oauth2-jose/5.1.6.RELEASE/78f947f9b1ee235f7efbb697e15acd05e16d009a/spring-security-oauth2-jose-5.1.6.RELEASE.jar:/Users/dzmitryplatonov/.gradle/caches/modules-2/files-2.1/org.springframework.security/spring-security-openid/5.2.0.RELEASE/e67725a379bcc03c3edd571d6fec4800b2313a00/spring-security-openid-5.2.0.RELEASE.jar:/Users/dzmitryplatonov/.gradle/caches/modules-2/files-2.1/org.springframework.data/spring-data-jpa/2.1.11.RELEASE/b774364187f5e68379b8c3121232a04686a0325c/spring-data-jpa-2.1.11.RELEASE.jar:/Users/dzmitryplatonov/.gradle/caches/modules-2/files-2.1/org.springframework/spring-orm/5.1.10.RELEASE/ce92238d65405408387b1ae7a5dd5a280f7ea29f/spring-orm-5.1.10.RELEASE.jar:/Users/dzmitryplatonov/.gradle/caches/modules-2/files-2.1/org.springframework/spring-jdbc/5.1.10.RELEASE/48957bfad9656fdba9263539e2fa8f3034939ba8/spring-jdbc-5.1.10.RELEASE.jar:/Users/dzmitryplatonov/.m2/repository/org/postgresql/postgresql/42.2.8/postgresql-42.2.8.jar:/Users/dzmitryplatonov/.gradle/caches/modules-2/files-2.1/org.springframework.boot/spring-boot-starter-tomcat/2.1.9.RELEASE/99bef08a0b7fd10ff9827f0f8e6f49b97cbabf7f/spring-boot-starter-tomcat-2.1.9.RELEASE.jar:/Users/dzmitryplatonov/.m2/repository/javax/annotation/javax.annotation-api/1.3.2/javax.annotation-api-1.3.2.jar:/Users/dzmitryplatonov/.gradle/caches/modules-2/files-2.1/io.jsonwebtoken/jjwt-impl/0.10.7/49cf3b0b6f10eb024104ae39c111c1fd0cd3be64/jjwt-impl-0.10.7.jar:/Users/dzmitryplatonov/.gradle/caches/modules-2/files-2.1/org.junit.jupiter/junit-jupiter-params/5.2.0/d70083080bf3400c181562919cb03bf7588104e1/junit-jupiter-params-5.2.0.jar:/Users/dzmitryplatonov/.gradle/caches/modules-2/files-2.1/org.mockito/mockito-junit-jupiter/2.18.3/827104c6aed482c68159faf320f44f5eb5b03bd/mockito-junit-jupiter-2.18.3.jar:/Users/dzmitryplatonov/.m2/repository/org/mockito/mockito-core/2.28.2/mockito-core-2.28.2.jar:/Users/dzmitryplatonov/.m2/repository/com/h2database/h2/1.4.197/h2-1.4.197.jar:/Users/dzmitryplatonov/.gradle/caches/modules-2/files-2.1/org.springframework/spring-test/5.0.1.RELEASE/47dee3bebbcbcaff1be786b6c0db654ba7376eb9/spring-test-5.0.1.RELEASE.jar:/Users/dzmitryplatonov/.gradle/caches/modules-2/files-2.1/org.junit.jupiter/junit-jupiter-engine/5.3.1/e2676b1786c57a80eb98f5bebd51a3d05e228c40/junit-jupiter-engine-5.3.1.jar:/Users/dzmitryplatonov/.gradle/caches/modules-2/files-2.1/org.junit.jupiter/junit-jupiter-api/5.3.1/a7e97eac2784395cb991403f9641b042ad972941/junit-jupiter-api-5.3.1.jar:/Users/dzmitryplatonov/.gradle/caches/modules-2/files-2.1/org.hibernate/hibernate-core/5.3.12.Final/e1929362fe24a9f62142d18f1ac5b0d7f278ef22/hibernate-core-5.3.12.Final.jar:/Users/dzmitryplatonov/.m2/repository/org/hibernate/common/hibernate-commons-annotations/5.0.4.Final/hibernate-commons-annotations-5.0.4.Final.jar:/Users/dzmitryplatonov/.m2/repository/org/jboss/logging/jboss-logging/3.3.2.Final/jboss-logging-3.3.2.Final.jar:/Users/dzmitryplatonov/.m2/repository/com/fasterxml/classmate/1.3.4/classmate-1.3.4.jar:/Users/dzmitryplatonov/.gradle/caches/modules-2/files-2.1/com.fasterxml.jackson.core/jackson-core/2.10.0.pr3/1d2f9b816bcd00130ddc9dae6c99f7b533afcc73/jackson-core-2.10.0.pr3.jar:/Users/dzmitryplatonov/.gradle/caches/modules-2/files-2.1/org.springframework.security.oauth/spring-security-oauth2/2.3.5.RELEASE/7969f5363398d6d3788bef1740b2ab9509043d51/spring-security-oauth2-2.3.5.RELEASE.jar:/Users/dzmitryplatonov/.gradle/caches/modules-2/files-2.1/org.springframework/spring-webmvc/5.1.10.RELEASE/67b6da7852e89bc0df6ce36a263ac4377fe48e27/spring-webmvc-5.1.10.RELEASE.jar:/Users/dzmitryplatonov/.m2/repository/org/springframework/security/spring-security-config/5.1.6.RELEASE/spring-security-config-5.1.6.RELEASE.jar:/Users/dzmitryplatonov/.gradle/caches/modules-2/files-2.1/org.springframework.security/spring-security-oauth2-core/5.1.6.RELEASE/f3b2623760154aac86d32427696842c7c3d85326/spring-security-oauth2-core-5.1.6.RELEASE.jar:/Users/dzmitryplatonov/.gradle/caches/modules-2/files-2.1/org.springframework.security/spring-security-web/5.2.0.RELEASE/a9ff06ad3fd66cd08545e1a601c66d2256c86e0f/spring-security-web-5.2.0.RELEASE.jar:/Users/dzmitryplatonov/.gradle/caches/modules-2/files-2.1/org.springframework.security/spring-security-core/5.2.0.RELEASE/1c8f36e316a74c245073ce2a70bdf198a58424f6/spring-security-core-5.2.0.RELEASE.jar:/Users/dzmitryplatonov/.gradle/caches/modules-2/files-2.1/org.springframework.boot/spring-boot-autoconfigure/2.1.9.RELEASE/aa6d5e0fef585bec64543b9b8f944a94060e710a/spring-boot-autoconfigure-2.1.9.RELEASE.jar:/Users/dzmitryplatonov/.gradle/caches/modules-2/files-2.1/org.springframework.boot/spring-boot/2.1.9.RELEASE/b18e7287a82ee06c6bb4e79423c25c05b8303dc1/spring-boot-2.1.9.RELEASE.jar:/Users/dzmitryplatonov/.gradle/caches/modules-2/files-2.1/org.springframework/spring-context/5.2.0.RELEASE/a2638a8295f13ed8511c98a2379507677e1d16fa/spring-context-5.2.0.RELEASE.jar:/Users/dzmitryplatonov/.gradle/caches/modules-2/files-2.1/org.springframework/spring-aop/5.2.0.RELEASE/7031d44f063ea68e49b881a985967e7f2c144f3b/spring-aop-5.2.0.RELEASE.jar:/Users/dzmitryplatonov/.gradle/caches/modules-2/files-2.1/org.springframework/spring-web/5.2.0.RELEASE/d5b064196dc014519e751df549b4cc6a753fb191/spring-web-5.2.0.RELEASE.jar:/Users/dzmitryplatonov/.gradle/caches/modules-2/files-2.1/org.springframework.data/spring-data-commons/2.1.11.RELEASE/dace2a47d274ac5f0ac3ff2f47cb0b936bef5b46/spring-data-commons-2.1.11.RELEASE.jar:/Users/dzmitryplatonov/.gradle/caches/modules-2/files-2.1/org.springframework/spring-tx/5.1.10.RELEASE/c32ebb7fb1be3b733304b7873c31817dd434479a/spring-tx-5.1.10.RELEASE.jar:/Users/dzmitryplatonov/.gradle/caches/modules-2/files-2.1/org.springframework/spring-beans/5.2.0.RELEASE/3ae97694618c59e6af695a15e54fabb7e319776/spring-beans-5.2.0.RELEASE.jar:/Users/dzmitryplatonov/.gradle/caches/modules-2/files-2.1/org.springframework/spring-expression/5.2.0.RELEASE/ac6a616451129e717979f18d2bff40528698a46e/spring-expression-5.2.0.RELEASE.jar:/Users/dzmitryplatonov/.gradle/caches/modules-2/files-2.1/org.springframework/spring-core/5.2.0.RELEASE/e0e1b3c304f70ed19d7905975f6f990916ada219/spring-core-5.2.0.RELEASE.jar:/Users/dzmitryplatonov/.m2/repository/com/zaxxer/HikariCP/3.2.0/HikariCP-3.2.0.jar:/Users/dzmitryplatonov/.m2/repository/ch/qos/logback/logback-classic/1.2.3/logback-classic-1.2.3.jar:/Users/dzmitryplatonov/.m2/repository/org/slf4j/jul-to-slf4j/1.7.28/jul-to-slf4j-1.7.28.jar:/Users/dzmitryplatonov/.m2/repository/org/slf4j/slf4j-api/1.7.28/slf4j-api-1.7.28.jar:/Users/dzmitryplatonov/.m2/repository/javax/transaction/javax.transaction-api/1.3/javax.transaction-api-1.3.jar:/Users/dzmitryplatonov/.gradle/caches/modules-2/files-2.1/org.glassfish.jaxb/jaxb-runtime/2.3.1/dd6dda9da676a54c5b36ca2806ff95ee017d8738/jaxb-runtime-2.3.1.jar:/Users/dzmitryplatonov/.m2/repository/javax/xml/bind/jaxb-api/2.3.1/jaxb-api-2.3.1.jar:/Users/dzmitryplatonov/.gradle/caches/modules-2/files-2.1/org.springframework/spring-aspects/5.1.10.RELEASE/b0364caabcde96dc6385480d0f9270613ab04511/spring-aspects-5.1.10.RELEASE.jar:/Users/dzmitryplatonov/.gradle/caches/modules-2/files-2.1/org.springframework.security/spring-security-jwt/1.0.10.RELEASE/19a1ca7a83e9d263a31af5f529da460f8f863451/spring-security-jwt-1.0.10.RELEASE.jar:/Users/dzmitryplatonov/.gradle/caches/modules-2/files-2.1/com.nimbusds/oauth2-oidc-sdk/6.0/e731f0b62727a46ae6d6fded62b5678d28273c3c/oauth2-oidc-sdk-6.0.jar:/Users/dzmitryplatonov/.gradle/caches/modules-2/files-2.1/com.nimbusds/nimbus-jose-jwt/6.0.2/81605278e5df1cf4c3774851649b85cade077fa5/nimbus-jose-jwt-6.0.2.jar:/Users/dzmitryplatonov/.gradle/caches/modules-2/files-2.1/com.google.inject/guice/3.0/9d84f15fe35e2c716a02979fb62f50a29f38aefa/guice-3.0.jar:/Users/dzmitryplatonov/.gradle/caches/modules-2/files-2.1/org.openid4java/openid4java-nodeps/0.9.6/52ca394f5f6d38b78e35a5a6a0a341dc5b3aaf34/openid4java-nodeps-0.9.6.jar:/Users/dzmitryplatonov/.gradle/caches/modules-2/files-2.1/net.sourceforge.nekohtml/nekohtml/1.9.22/4f54af68ecb345f2453fb6884672ad08414154e3/nekohtml-1.9.22.jar:/Users/dzmitryplatonov/.gradle/caches/modules-2/files-2.1/org.apache.httpcomponents/httpclient/4.5.10/7ca2e4276f4ef95e4db725a8cd4a1d1e7585b9e5/httpclient-4.5.10.jar:/Users/dzmitryplatonov/.gradle/caches/modules-2/files-2.1/commons-codec/commons-codec/1.13/3f18e1aa31031d89db6f01ba05d501258ce69d2c/commons-codec-1.13.jar:/Users/dzmitryplatonov/.m2/repository/commons-io/commons-io/2.6/commons-io-2.6.jar:/Users/dzmitryplatonov/.gradle/caches/modules-2/files-2.1/com.google.guava/guava/27.1-jre/e47b59c893079b87743cdcfb6f17ca95c08c592c/guava-27.1-jre.jar:/Users/dzmitryplatonov/.gradle/caches/modules-2/files-2.1/io.jsonwebtoken/jjwt-api/0.10.7/52e888d8424d3c788e23fedfbfc65ce36830ab1a/jjwt-api-0.10.7.jar:/Users/dzmitryplatonov/.m2/repository/org/junit/platform/junit-platform-engine/1.3.1/junit-platform-engine-1.3.1.jar:/Users/dzmitryplatonov/.m2/repository/org/junit/platform/junit-platform-commons/1.3.1/junit-platform-commons-1.3.1.jar:/Users/dzmitryplatonov/.m2/repository/org/apiguardian/apiguardian-api/1.0.0/apiguardian-api-1.0.0.jar:/Users/dzmitryplatonov/.gradle/caches/modules-2/files-2.1/net.bytebuddy/byte-buddy/1.9.11/985bbce599f92d6440582a7d1a5231bfaae9970f/byte-buddy-1.9.11.jar:/Users/dzmitryplatonov/.m2/repository/net/bytebuddy/byte-buddy-agent/1.9.10/byte-buddy-agent-1.9.10.jar:/Users/dzmitryplatonov/.m2/repository/org/objenesis/objenesis/2.6/objenesis-2.6.jar:/Users/dzmitryplatonov/.m2/repository/org/opentest4j/opentest4j/1.1.1/opentest4j-1.1.1.jar:/Users/dzmitryplatonov/.m2/repository/org/aspectj/aspectjweaver/1.9.4/aspectjweaver-1.9.4.jar:/Users/dzmitryplatonov/.m2/repository/javax/activation/javax.activation-api/1.2.0/javax.activation-api-1.2.0.jar:/Users/dzmitryplatonov/.m2/repository/javax/persistence/javax.persistence-api/2.2/javax.persistence-api-2.2.jar:/Users/dzmitryplatonov/.m2/repository/org/javassist/javassist/3.23.2-GA/javassist-3.23.2-GA.jar:/Users/dzmitryplatonov/.m2/repository/antlr/antlr/2.7.7/antlr-2.7.7.jar:/Users/dzmitryplatonov/.m2/repository/org/jboss/jandex/2.0.5.Final/jandex-2.0.5.Final.jar:/Users/dzmitryplatonov/.m2/repository/org/dom4j/dom4j/2.1.1/dom4j-2.1.1.jar:/Users/dzmitryplatonov/.m2/repository/org/yaml/snakeyaml/1.23/snakeyaml-1.23.jar:/Users/dzmitryplatonov/.gradle/caches/modules-2/files-2.1/org.apache.tomcat.embed/tomcat-embed-websocket/9.0.26/8991b1bd82c5745e95a9161472a92dc1e5c7148e/tomcat-embed-websocket-9.0.26.jar:/Users/dzmitryplatonov/.gradle/caches/modules-2/files-2.1/org.apache.tomcat.embed/tomcat-embed-core/9.0.26/6312ba542bc58fa9ee789a43516ce4d862548a6b/tomcat-embed-core-9.0.26.jar:/Users/dzmitryplatonov/.gradle/caches/modules-2/files-2.1/org.apache.tomcat.embed/tomcat-embed-el/9.0.26/a551f05d3ecf5434eaadd75e0b51519447df124/tomcat-embed-el-9.0.26.jar:/Users/dzmitryplatonov/.gradle/caches/modules-2/files-2.1/org.codehaus.jackson/jackson-mapper-asl/1.9.13/1ee2f2bed0e5dd29d1cb155a166e6f8d50bbddb7/jackson-mapper-asl-1.9.13.jar:/Users/dzmitryplatonov/.gradle/caches/modules-2/files-2.1/org.bouncycastle/bcpkix-jdk15on/1.60/d0c46320fbc07be3a24eb13a56cee4e3d38e0c75/bcpkix-jdk15on-1.60.jar:/Users/dzmitryplatonov/.gradle/caches/modules-2/files-2.1/org.glassfish.jaxb/txw2/2.3.1/a09d2c48d3285f206fafbffe0e50619284e92126/txw2-2.3.1.jar:/Users/dzmitryplatonov/.gradle/caches/modules-2/files-2.1/com.sun.istack/istack-commons-runtime/3.0.7/c197c86ceec7318b1284bffb49b54226ca774003/istack-commons-runtime-3.0.7.jar:/Users/dzmitryplatonov/.gradle/caches/modules-2/files-2.1/org.jvnet.staxex/stax-ex/1.8/8cc35f73da321c29973191f2cf143d29d26a1df7/stax-ex-1.8.jar:/Users/dzmitryplatonov/.gradle/caches/modules-2/files-2.1/com.sun.xml.fastinfoset/FastInfoset/1.2.15/bb7b7ec0379982b97c62cd17465cb6d9155f68e8/FastInfoset-1.2.15.jar:/Users/dzmitryplatonov/.gradle/caches/modules-2/files-2.1/com.sun.mail/javax.mail/1.6.1/757ba4630692bb2a1ec2d9d57a616b63f15e947e/javax.mail-1.6.1.jar:/Users/dzmitryplatonov/.gradle/caches/modules-2/files-2.1/com.github.stephenc.jcip/jcip-annotations/1.0-1/ef31541dd28ae2cefdd17c7ebf352d93e9058c63/jcip-annotations-1.0-1.jar:/Users/dzmitryplatonov/.m2/repository/net/minidev/json-smart/2.3/json-smart-2.3.jar:/Users/dzmitryplatonov/.gradle/caches/modules-2/files-2.1/com.nimbusds/lang-tag/1.4.4/1db9a709239ae473a69b5424c7e78d0b7108229d/lang-tag-1.4.4.jar:/Users/dzmitryplatonov/.gradle/caches/modules-2/files-2.1/org.springframework/spring-jcl/5.2.0.RELEASE/59b53ab6f01dd3ba85875b61a284c161584c18a3/spring-jcl-5.2.0.RELEASE.jar:/Users/dzmitryplatonov/.m2/repository/javax/inject/javax.inject/1/javax.inject-1.jar:/Users/dzmitryplatonov/.gradle/caches/modules-2/files-2.1/org.sonatype.sisu.inject/cglib/2.2.1-v20090111/7ce5e983fd0e6c78346f4c9cbfa39d83049dda2/cglib-2.2.1-v20090111.jar:/Users/dzmitryplatonov/.m2/repository/commons-logging/commons-logging/1.2/commons-logging-1.2.jar:/Users/dzmitryplatonov/.m2/repository/net/jcip/jcip-annotations/1.0/jcip-annotations-1.0.jar:/Users/dzmitryplatonov/.m2/repository/xerces/xercesImpl/2.11.0/xercesImpl-2.11.0.jar:/Users/dzmitryplatonov/.gradle/caches/modules-2/files-2.1/org.apache.httpcomponents/httpcore/4.4.12/21ebaf6d532bc350ba95bd81938fa5f0e511c132/httpcore-4.4.12.jar:/Users/dzmitryplatonov/.gradle/caches/modules-2/files-2.1/com.google.guava/failureaccess/1.0.1/1dcf1de382a0bf95a3d8b0849546c88bac1292c9/failureaccess-1.0.1.jar:/Users/dzmitryplatonov/.gradle/caches/modules-2/files-2.1/com.google.guava/listenablefuture/9999.0-empty-to-avoid-conflict-with-guava/b421526c5f297295adef1c886e5246c39d4ac629/listenablefuture-9999.0-empty-to-avoid-conflict-with-guava.jar:/Users/dzmitryplatonov/.m2/repository/com/google/code/findbugs/jsr305/3.0.2/jsr305-3.0.2.jar:/Users/dzmitryplatonov/.gradle/caches/modules-2/files-2.1/org.checkerframework/checker-qual/2.5.2/cea74543d5904a30861a61b4643a5f2bb372efc4/checker-qual-2.5.2.jar:/Users/dzmitryplatonov/.gradle/caches/modules-2/files-2.1/com.google.errorprone/error_prone_annotations/2.2.0/88e3c593e9b3586e1c6177f89267da6fc6986f0c/error_prone_annotations-2.2.0.jar:/Users/dzmitryplatonov/.gradle/caches/modules-2/files-2.1/com.google.j2objc/j2objc-annotations/1.1/ed28ded51a8b1c6b112568def5f4b455e6809019/j2objc-annotations-1.1.jar:/Users/dzmitryplatonov/.gradle/caches/modules-2/files-2.1/org.codehaus.mojo/animal-sniffer-annotations/1.17/f97ce6decaea32b36101e37979f8b647f00681fb/animal-sniffer-annotations-1.17.jar:/Users/dzmitryplatonov/.gradle/caches/modules-2/files-2.1/org.codehaus.jackson/jackson-core-asl/1.9.13/3c304d70f42f832e0a86d45bd437f692129299a4/jackson-core-asl-1.9.13.jar:/Users/dzmitryplatonov/.gradle/caches/modules-2/files-2.1/org.bouncycastle/bcprov-jdk15on/1.60/bd47ad3bd14b8e82595c7adaa143501e60842a84/bcprov-jdk15on-1.60.jar:/Users/dzmitryplatonov/.m2/repository/javax/activation/activation/1.1/activation-1.1.jar:/Users/dzmitryplatonov/.m2/repository/net/minidev/accessors-smart/1.2/accessors-smart-1.2.jar:/Users/dzmitryplatonov/.gradle/caches/modules-2/files-2.1/asm/asm/3.1/c157def142714c544bdea2e6144645702adf7097/asm-3.1.jar:/Users/dzmitryplatonov/.m2/repository/xml-apis/xml-apis/1.4.01/xml-apis-1.4.01.jar:/Users/dzmitryplatonov/.m2/repository/ch/qos/logback/logback-core/1.2.3/logback-core-1.2.3.jar:/Users/dzmitryplatonov/.gradle/caches/modules-2/files-2.1/org.apache.tomcat/tomcat-annotations-api/9.0.26/bb4574456c5db64acfcd2aa6f426d87e6c05a772/tomcat-annotations-api-9.0.26.jar:/Users/dzmitryplatonov/.m2/repository/org/ow2/asm/asm/5.0.4/asm-5.0.4.jar, java.vm.vendor=Oracle Corporation, sun.arch.data.model=64, user.variant=, java.vendor.url=http://java.oracle.com/, user.timezone=Europe/Minsk, os.name=Mac OS X, java.vm.specification.version=11, javax.persistence.validation.mode=AUTO, user.country=BY, sun.java.launcher=SUN_STANDARD, sun.boot.library.path=/Library/Java/JavaVirtualMachines/jdk-11.0.4.jdk/Contents/Home/lib, sun.java.command=worker.org.gradle.process.internal.worker.GradleWorkerMain 'Gradle Test Executor 3', hibernate.transaction.jta.platform=org.hibernate.engine.transaction.jta.platform.internal.NoJtaPlatform@14f23ab0, http.nonProxyHosts=local|*.local|169.254/16|*.169.254/16, javax.persistence.sharedCache.mode=UNSPECIFIED, jdk.debug=release, sun.cpu.endian=little, user.home=/Users/dzmitryplatonov, user.language=ru, java.specification.vendor=Oracle Corporation, org.gradle.native=false, java.version.date=2019-07-16, java.home=/Library/Java/JavaVirtualMachines/jdk-11.0.4.jdk/Contents/Home, file.separator=/, java.vm.compressedOopsMode=Zero based, line.separator=
, java.specification.name=Java Platform API Specification, java.vm.specification.vendor=Oracle Corporation, hibernate.transaction.coordinator_class=class org.hibernate.resource.transaction.backend.jdbc.internal.JdbcResourceLocalTransactionCoordinatorBuilderImpl, java.awt.graphicsenv=sun.awt.CGraphicsEnvironment, hibernate.hbm2ddl.auto=create-drop, sun.management.compiler=HotSpot 64-Bit Tiered Compilers, ftp.nonProxyHosts=local|*.local|169.254/16|*.169.254/16, java.runtime.version=11.0.4+10-LTS, user.name=dzmitryplatonov, path.separator=:, os.version=10.14.6, java.runtime.name=Java(TM) SE Runtime Environment, file.encoding=UTF-8, hibernate.ejb.persistenceUnitName=default, java.vm.name=Java HotSpot(TM) 64-Bit Server VM, java.vendor.version=18.9, java.vendor.url.bug=http://bugreport.java.com/bugreport/, java.io.tmpdir=/var/folders/nm/5f650mms7n577yq7w4kkdfl80000gn/T/, com.zaxxer.hikari.pool_number=1, java.version=11.0.4, hibernate.physical_naming_strategy=org.springframework.boot.orm.jpa.hibernate.SpringPhysicalNamingStrategy, user.dir=/Users/dzmitryplatonov/Desktop/workdir/giftcertificates/datasource, os.arch=x86_64, java.vm.specification.name=Java Virtual Machine Specification, java.awt.printerjob=sun.lwawt.macosx.CPrinterJob, sun.os.patch.level=unknown, hibernate.boot.CfgXmlAccessService.key=org.hibernate.boot.cfgxml.spi.LoadedConfig@45029bba, java.library.path=/Users/dzmitryplatonov/Library/Java/Extensions:/Library/Java/Extensions:/Network/Library/Java/Extensions:/System/Library/Java/Extensions:/usr/lib/java:., java.vendor=Oracle Corporation, java.vm.info=mixed mode, java.vm.version=11.0.4+10-LTS, hibernate.bytecode.use_reflection_optimizer=false, sun.io.unicode.encoding=UnicodeBig, hibernate.connection.datasource=HikariDataSource (HikariPool-2), socksNonProxyHosts=local|*.local|169.254/16|*.169.254/16, java.class.version=55.0}
17:03:28.645 [Test worker] DEBUG org.hibernate.validator.internal.engine.resolver.TraversableResolvers - Found javax.persistence.Persistence on classpath containing 'getPersistenceUtil'. Assuming JPA 2 environment. Trying to instantiate JPA aware TraversableResolver
17:03:28.645 [Test worker] DEBUG org.hibernate.validator.internal.engine.resolver.TraversableResolvers - Instantiated JPA aware TraversableResolver of type org.hibernate.validator.internal.engine.resolver.JPATraversableResolver.
17:03:28.645 [Test worker] DEBUG org.hibernate.validator.internal.xml.config.ValidationXmlParser - Trying to load META-INF/validation.xml for XML based Validator configuration.
17:03:28.646 [Test worker] DEBUG org.hibernate.validator.internal.xml.config.ResourceLoaderHelper - Trying to load META-INF/validation.xml via TCCL
17:03:28.646 [Test worker] DEBUG org.hibernate.validator.internal.xml.config.ResourceLoaderHelper - Trying to load META-INF/validation.xml via Hibernate Validator's class loader
17:03:28.646 [Test worker] DEBUG org.hibernate.validator.internal.xml.config.ValidationXmlParser - No META-INF/validation.xml found. Using annotation based configuration only.
17:03:28.656 [Test worker] DEBUG org.hibernate.validator.messageinterpolation.ResourceBundleMessageInterpolator - Loaded expression factory via original TCCL
17:03:28.656 [Test worker] DEBUG org.hibernate.validator.internal.engine.ValidatorFactoryImpl - HV000234: Using org.hibernate.validator.messageinterpolation.ResourceBundleMessageInterpolator as ValidatorFactory-scoped message interpolator.
17:03:28.656 [Test worker] DEBUG org.hibernate.validator.internal.engine.ValidatorFactoryImpl - HV000234: Using org.hibernate.validator.internal.engine.resolver.JPATraversableResolver as ValidatorFactory-scoped traversable resolver.
17:03:28.656 [Test worker] DEBUG org.hibernate.validator.internal.engine.ValidatorFactoryImpl - HV000234: Using org.hibernate.validator.internal.util.ExecutableParameterNameProvider as ValidatorFactory-scoped parameter name provider.
17:03:28.656 [Test worker] DEBUG org.hibernate.validator.internal.engine.ValidatorFactoryImpl - HV000234: Using org.hibernate.validator.internal.engine.DefaultClockProvider as ValidatorFactory-scoped clock provider.
17:03:28.656 [Test worker] DEBUG org.hibernate.validator.internal.engine.ValidatorFactoryImpl - HV000234: Using org.hibernate.validator.internal.engine.scripting.DefaultScriptEvaluatorFactory as ValidatorFactory-scoped script evaluator factory.
17:03:28.656 [Test worker] DEBUG org.hibernate.boot.internal.ClassLoaderAccessImpl - Not known whether passed class name [com.epam.esm.entity.Order] is safe
17:03:28.656 [Test worker] DEBUG org.hibernate.boot.internal.ClassLoaderAccessImpl - No temp ClassLoader provided; using live ClassLoader for loading potentially unsafe class : com.epam.esm.entity.Order
17:03:28.664 [Test worker] DEBUG org.hibernate.boot.internal.ClassLoaderAccessImpl - Not known whether passed class name [com.epam.esm.entity.GiftCertificate] is safe
17:03:28.664 [Test worker] DEBUG org.hibernate.boot.internal.ClassLoaderAccessImpl - No temp ClassLoader provided; using live ClassLoader for loading potentially unsafe class : com.epam.esm.entity.GiftCertificate
17:03:28.665 [HikariPool-2 housekeeper] DEBUG com.zaxxer.hikari.pool.HikariPool - HikariPool-2 - Pool stats (total=1, active=0, idle=1, waiting=0)
17:03:28.666 [HikariPool-2 connection adder] DEBUG com.zaxxer.hikari.pool.HikariPool - HikariPool-2 - Added connection conn11: url=jdbc:h2:mem:testdb user=SA
17:03:28.667 [HikariPool-2 connection adder] DEBUG com.zaxxer.hikari.pool.HikariPool - HikariPool-2 - Added connection conn12: url=jdbc:h2:mem:testdb user=SA
17:03:28.668 [HikariPool-2 connection adder] DEBUG com.zaxxer.hikari.pool.HikariPool - HikariPool-2 - Added connection conn13: url=jdbc:h2:mem:testdb user=SA
17:03:28.669 [HikariPool-2 connection adder] DEBUG com.zaxxer.hikari.pool.HikariPool - HikariPool-2 - Added connection conn14: url=jdbc:h2:mem:testdb user=SA
17:03:28.669 [HikariPool-2 connection adder] DEBUG com.zaxxer.hikari.pool.HikariPool - HikariPool-2 - Added connection conn15: url=jdbc:h2:mem:testdb user=SA
17:03:28.670 [HikariPool-2 connection adder] DEBUG com.zaxxer.hikari.pool.HikariPool - HikariPool-2 - Added connection conn16: url=jdbc:h2:mem:testdb user=SA
17:03:28.671 [HikariPool-2 connection adder] DEBUG com.zaxxer.hikari.pool.HikariPool - HikariPool-2 - Added connection conn17: url=jdbc:h2:mem:testdb user=SA
17:03:28.671 [HikariPool-2 connection adder] DEBUG com.zaxxer.hikari.pool.HikariPool - HikariPool-2 - Added connection conn18: url=jdbc:h2:mem:testdb user=SA
17:03:28.672 [HikariPool-2 connection adder] DEBUG com.zaxxer.hikari.pool.HikariPool - HikariPool-2 - Added connection conn19: url=jdbc:h2:mem:testdb user=SA
17:03:28.672 [HikariPool-2 connection adder] DEBUG com.zaxxer.hikari.pool.HikariPool - HikariPool-2 - After adding stats (total=10, active=0, idle=10, waiting=0)
17:03:28.673 [Test worker] DEBUG org.hibernate.boot.internal.ClassLoaderAccessImpl - Not known whether passed class name [com.epam.esm.entity.User] is safe
17:03:28.673 [Test worker] DEBUG org.hibernate.boot.internal.ClassLoaderAccessImpl - No temp ClassLoader provided; using live ClassLoader for loading potentially unsafe class : com.epam.esm.entity.User
17:03:28.679 [Test worker] DEBUG org.hibernate.boot.internal.ClassLoaderAccessImpl - Not known whether passed class name [com.epam.esm.entity.Entity] is safe
17:03:28.679 [Test worker] DEBUG org.hibernate.boot.internal.ClassLoaderAccessImpl - No temp ClassLoader provided; using live ClassLoader for loading potentially unsafe class : com.epam.esm.entity.Entity
17:03:28.681 [Test worker] DEBUG org.hibernate.boot.internal.ClassLoaderAccessImpl - Not known whether passed class name [com.epam.esm.entity.Tag] is safe
17:03:28.681 [Test worker] DEBUG org.hibernate.boot.internal.ClassLoaderAccessImpl - No temp ClassLoader provided; using live ClassLoader for loading potentially unsafe class : com.epam.esm.entity.Tag
17:03:28.684 [Test worker] DEBUG org.hibernate.boot.internal.ClassLoaderAccessImpl - Not known whether passed class name [com.epam.esm.entity.OrderCertificate] is safe
17:03:28.684 [Test worker] DEBUG org.hibernate.boot.internal.ClassLoaderAccessImpl - No temp ClassLoader provided; using live ClassLoader for loading potentially unsafe class : com.epam.esm.entity.OrderCertificate
17:03:28.688 [Test worker] DEBUG org.hibernate.boot.internal.ClassLoaderAccessImpl - Not known whether passed class name [com.epam.esm.entity.Role] is safe
17:03:28.688 [Test worker] DEBUG org.hibernate.boot.internal.ClassLoaderAccessImpl - No temp ClassLoader provided; using live ClassLoader for loading potentially unsafe class : com.epam.esm.entity.Role
17:03:28.691 [Test worker] DEBUG org.hibernate.secure.spi.JaccIntegrator - Skipping JACC integration as it was not enabled
17:03:28.691 [Test worker] DEBUG org.hibernate.internal.SessionFactoryImpl - Instantiated session factory
17:03:28.691 [Test worker] DEBUG org.hibernate.type.spi.TypeConfiguration$Scope - Scoping TypeConfiguration [org.hibernate.type.spi.TypeConfiguration@2531714d] to SessionFactoryImpl [org.hibernate.internal.SessionFactoryImpl@d0ef5d0]
17:03:28.691 [Test worker] DEBUG org.hibernate.boot.internal.ClassLoaderAccessImpl - Not known whether passed class name [com.epam.esm.entity.Order] is safe
17:03:28.691 [Test worker] DEBUG org.hibernate.boot.internal.ClassLoaderAccessImpl - No temp ClassLoader provided; using live ClassLoader for loading potentially unsafe class : com.epam.esm.entity.Order
17:03:28.692 [Test worker] DEBUG org.hibernate.boot.internal.ClassLoaderAccessImpl - Not known whether passed class name [com.epam.esm.entity.Order] is safe
17:03:28.692 [Test worker] DEBUG org.hibernate.boot.internal.ClassLoaderAccessImpl - No temp ClassLoader provided; using live ClassLoader for loading potentially unsafe class : com.epam.esm.entity.Order
17:03:28.722 [Test worker] DEBUG org.hibernate.boot.internal.ClassLoaderAccessImpl - Not known whether passed class name [com.epam.esm.entity.GiftCertificate] is safe
17:03:28.722 [Test worker] DEBUG org.hibernate.boot.internal.ClassLoaderAccessImpl - No temp ClassLoader provided; using live ClassLoader for loading potentially unsafe class : com.epam.esm.entity.GiftCertificate
17:03:28.723 [Test worker] DEBUG org.hibernate.boot.internal.ClassLoaderAccessImpl - Not known whether passed class name [com.epam.esm.entity.GiftCertificate] is safe
17:03:28.723 [Test worker] DEBUG org.hibernate.boot.internal.ClassLoaderAccessImpl - No temp ClassLoader provided; using live ClassLoader for loading potentially unsafe class : com.epam.esm.entity.GiftCertificate
17:03:28.749 [Test worker] DEBUG org.hibernate.boot.internal.ClassLoaderAccessImpl - Not known whether passed class name [com.epam.esm.entity.User] is safe
17:03:28.749 [Test worker] DEBUG org.hibernate.boot.internal.ClassLoaderAccessImpl - No temp ClassLoader provided; using live ClassLoader for loading potentially unsafe class : com.epam.esm.entity.User
17:03:28.750 [Test worker] DEBUG org.hibernate.boot.internal.ClassLoaderAccessImpl - Not known whether passed class name [com.epam.esm.entity.User] is safe
17:03:28.750 [Test worker] DEBUG org.hibernate.boot.internal.ClassLoaderAccessImpl - No temp ClassLoader provided; using live ClassLoader for loading potentially unsafe class : com.epam.esm.entity.User
17:03:28.770 [Test worker] DEBUG org.hibernate.boot.internal.ClassLoaderAccessImpl - Not known whether passed class name [com.epam.esm.entity.Entity] is safe
17:03:28.770 [Test worker] DEBUG org.hibernate.boot.internal.ClassLoaderAccessImpl - No temp ClassLoader provided; using live ClassLoader for loading potentially unsafe class : com.epam.esm.entity.Entity
17:03:28.770 [Test worker] DEBUG org.hibernate.boot.internal.ClassLoaderAccessImpl - Not known whether passed class name [com.epam.esm.entity.Entity] is safe
17:03:28.770 [Test worker] DEBUG org.hibernate.boot.internal.ClassLoaderAccessImpl - No temp ClassLoader provided; using live ClassLoader for loading potentially unsafe class : com.epam.esm.entity.Entity
17:03:28.777 [Test worker] DEBUG org.hibernate.boot.internal.ClassLoaderAccessImpl - Not known whether passed class name [com.epam.esm.entity.Tag] is safe
17:03:28.777 [Test worker] DEBUG org.hibernate.boot.internal.ClassLoaderAccessImpl - No temp ClassLoader provided; using live ClassLoader for loading potentially unsafe class : com.epam.esm.entity.Tag
17:03:28.778 [Test worker] DEBUG org.hibernate.boot.internal.ClassLoaderAccessImpl - Not known whether passed class name [com.epam.esm.entity.Tag] is safe
17:03:28.778 [Test worker] DEBUG org.hibernate.boot.internal.ClassLoaderAccessImpl - No temp ClassLoader provided; using live ClassLoader for loading potentially unsafe class : com.epam.esm.entity.Tag
17:03:28.789 [Test worker] DEBUG org.hibernate.boot.internal.ClassLoaderAccessImpl - Not known whether passed class name [com.epam.esm.entity.OrderCertificate] is safe
17:03:28.789 [Test worker] DEBUG org.hibernate.boot.internal.ClassLoaderAccessImpl - No temp ClassLoader provided; using live ClassLoader for loading potentially unsafe class : com.epam.esm.entity.OrderCertificate
17:03:28.789 [Test worker] DEBUG org.hibernate.boot.internal.ClassLoaderAccessImpl - Not known whether passed class name [com.epam.esm.entity.OrderCertificate] is safe
17:03:28.789 [Test worker] DEBUG org.hibernate.boot.internal.ClassLoaderAccessImpl - No temp ClassLoader provided; using live ClassLoader for loading potentially unsafe class : com.epam.esm.entity.OrderCertificate
17:03:28.801 [Test worker] DEBUG org.hibernate.boot.internal.ClassLoaderAccessImpl - Not known whether passed class name [com.epam.esm.entity.Role] is safe
17:03:28.801 [Test worker] DEBUG org.hibernate.boot.internal.ClassLoaderAccessImpl - No temp ClassLoader provided; using live ClassLoader for loading potentially unsafe class : com.epam.esm.entity.Role
17:03:28.801 [Test worker] DEBUG org.hibernate.boot.internal.ClassLoaderAccessImpl - Not known whether passed class name [com.epam.esm.entity.Role] is safe
17:03:28.802 [Test worker] DEBUG org.hibernate.boot.internal.ClassLoaderAccessImpl - No temp ClassLoader provided; using live ClassLoader for loading potentially unsafe class : com.epam.esm.entity.Role
17:03:28.809 [Test worker] DEBUG org.hibernate.persister.collection.AbstractCollectionPersister - Static SQL for collection: com.epam.esm.entity.GiftCertificate.tags
17:03:28.809 [Test worker] DEBUG org.hibernate.persister.collection.AbstractCollectionPersister -  Row insert: insert into certificate_tag (certificate_id, tag_id) values (?, ?)
17:03:28.809 [Test worker] DEBUG org.hibernate.persister.collection.AbstractCollectionPersister -  Row update: update certificate_tag set tag_id=? where certificate_id=? and tag_id=?
17:03:28.809 [Test worker] DEBUG org.hibernate.persister.collection.AbstractCollectionPersister -  Row delete: delete from certificate_tag where certificate_id=? and tag_id=?
17:03:28.809 [Test worker] DEBUG org.hibernate.persister.collection.AbstractCollectionPersister -  One-shot delete: delete from certificate_tag where certificate_id=?
17:03:28.810 [Test worker] DEBUG org.hibernate.persister.collection.AbstractCollectionPersister - Static SQL for collection: com.epam.esm.entity.Order.orderCertificates
17:03:28.810 [Test worker] DEBUG org.hibernate.persister.collection.AbstractCollectionPersister -  Row insert: update order_certificate set order_id=? where id=?
17:03:28.810 [Test worker] DEBUG org.hibernate.persister.collection.AbstractCollectionPersister -  Row update: update order_certificate set  where id=?
17:03:28.810 [Test worker] DEBUG org.hibernate.persister.collection.AbstractCollectionPersister -  Row delete: update order_certificate set order_id=null where order_id=? and id=?
17:03:28.810 [Test worker] DEBUG org.hibernate.persister.collection.AbstractCollectionPersister -  One-shot delete: update order_certificate set order_id=null where order_id=?
17:03:28.810 [Test worker] DEBUG org.hibernate.persister.collection.AbstractCollectionPersister - Static SQL for collection: com.epam.esm.entity.GiftCertificate.orderCertificates
17:03:28.810 [Test worker] DEBUG org.hibernate.persister.collection.AbstractCollectionPersister -  Row insert: update order_certificate set certificate_id=? where id=?
17:03:28.810 [Test worker] DEBUG org.hibernate.persister.collection.AbstractCollectionPersister -  Row update: update order_certificate set  where id=?
17:03:28.810 [Test worker] DEBUG org.hibernate.persister.collection.AbstractCollectionPersister -  Row delete: update order_certificate set certificate_id=null where certificate_id=? and id=?
17:03:28.810 [Test worker] DEBUG org.hibernate.persister.collection.AbstractCollectionPersister -  One-shot delete: update order_certificate set certificate_id=null where certificate_id=?
17:03:28.810 [Test worker] DEBUG org.hibernate.persister.collection.AbstractCollectionPersister - Static SQL for collection: com.epam.esm.entity.User.orders
17:03:28.810 [Test worker] DEBUG org.hibernate.persister.collection.AbstractCollectionPersister -  Row insert: update application_order set user_id=? where id=?
17:03:28.811 [Test worker] DEBUG org.hibernate.persister.collection.AbstractCollectionPersister -  Row update: update application_order set  where id=?
17:03:28.811 [Test worker] DEBUG org.hibernate.persister.collection.AbstractCollectionPersister -  Row delete: update application_order set user_id=null where user_id=? and id=?
17:03:28.811 [Test worker] DEBUG org.hibernate.persister.collection.AbstractCollectionPersister -  One-shot delete: update application_order set user_id=null where user_id=?
17:03:28.811 [Test worker] DEBUG org.hibernate.persister.entity.AbstractEntityPersister - Static SQL for entity: com.epam.esm.entity.Order
17:03:28.811 [Test worker] DEBUG org.hibernate.persister.entity.AbstractEntityPersister -  Version select: select id from application_order where id =?
17:03:28.811 [Test worker] DEBUG org.hibernate.persister.entity.AbstractEntityPersister -  Snapshot select: select order_.id, order_.active_status as active_s2_0_, order_.created_at as created_3_0_, order_.user_id as user_id4_0_ from application_order order_ where order_.id=?
17:03:28.811 [Test worker] DEBUG org.hibernate.persister.entity.AbstractEntityPersister -  Insert 0: insert into application_order (active_status, created_at, user_id, id) values (?, ?, ?, ?)
17:03:28.811 [Test worker] DEBUG org.hibernate.persister.entity.AbstractEntityPersister -  Update 0: update application_order set active_status=?, created_at=?, user_id=? where id=?
17:03:28.811 [Test worker] DEBUG org.hibernate.persister.entity.AbstractEntityPersister -  Delete 0: delete from application_order where id=?
17:03:28.811 [Test worker] DEBUG org.hibernate.persister.entity.AbstractEntityPersister -  Identity insert: insert into application_order (id, active_status, created_at, user_id) values (null, ?, ?, ?)
17:03:28.811 [Test worker] DEBUG org.hibernate.loader.plan.build.internal.spaces.QuerySpacesImpl - Adding QuerySpace : uid = <gen:0> -> org.hibernate.loader.plan.build.internal.spaces.EntityQuerySpaceImpl@1fdaf1d1]
17:03:28.812 [Test worker] DEBUG org.hibernate.persister.walking.spi.MetamodelGraphWalker - Visiting attribute path : activeStatus
17:03:28.812 [Test worker] DEBUG org.hibernate.persister.walking.spi.MetamodelGraphWalker - Visiting attribute path : createdAt
17:03:28.812 [Test worker] DEBUG org.hibernate.persister.walking.spi.MetamodelGraphWalker - Visiting attribute path : orderCertificates
17:03:28.812 [Test worker] DEBUG org.hibernate.loader.plan.build.internal.spaces.QuerySpacesImpl - Adding QuerySpace : uid = <gen:1> -> org.hibernate.loader.plan.build.internal.spaces.CollectionQuerySpaceImpl@7ad94fc2]
17:03:28.812 [Test worker] DEBUG org.hibernate.loader.plan.build.internal.spaces.QuerySpacesImpl - Adding QuerySpace : uid = <gen:2> -> org.hibernate.loader.plan.build.internal.spaces.EntityQuerySpaceImpl@36c53712]
17:03:28.812 [Test worker] DEBUG org.hibernate.persister.walking.spi.MetamodelGraphWalker - Visiting attribute path : user
17:03:28.812 [Test worker] DEBUG org.hibernate.loader.plan.build.internal.spaces.QuerySpacesImpl - Adding QuerySpace : uid = <gen:3> -> org.hibernate.loader.plan.build.internal.spaces.EntityQuerySpaceImpl@7ed91c62]
17:03:28.812 [Test worker] DEBUG org.hibernate.persister.walking.spi.MetamodelGraphWalker - Visiting attribute path : user.email
17:03:28.812 [Test worker] DEBUG org.hibernate.persister.walking.spi.MetamodelGraphWalker - Visiting attribute path : user.orders
17:03:28.812 [Test worker] DEBUG org.hibernate.persister.walking.spi.MetamodelGraphWalker - Property path deemed to be circular : user.orders
17:03:28.812 [Test worker] DEBUG org.hibernate.persister.walking.spi.MetamodelGraphWalker - Visiting attribute path : user.password
17:03:28.812 [Test worker] DEBUG org.hibernate.persister.walking.spi.MetamodelGraphWalker - Visiting attribute path : user.refreshToken
17:03:28.812 [Test worker] DEBUG org.hibernate.persister.walking.spi.MetamodelGraphWalker - Visiting attribute path : user.role
17:03:28.812 [Test worker] DEBUG org.hibernate.loader.plan.build.internal.spaces.QuerySpacesImpl - Adding QuerySpace : uid = <gen:4> -> org.hibernate.loader.plan.build.internal.spaces.EntityQuerySpaceImpl@451dbcd7]
17:03:28.813 [Test worker] DEBUG org.hibernate.persister.walking.spi.MetamodelGraphWalker - Visiting attribute path : user.role.value
17:03:28.813 [Test worker] DEBUG org.hibernate.loader.plan.build.internal.FetchStyleLoadPlanBuildingAssociationVisitationStrategy - Building LoadPlan...
17:03:28.813 [Test worker] DEBUG org.hibernate.loader.plan.exec.internal.LoadQueryJoinAndFetchProcessor - processing queryspace <gen:0>
17:03:28.814 [Test worker] DEBUG org.hibernate.loader.plan.build.spi.LoadPlanTreePrinter - LoadPlan(entity=com.epam.esm.entity.Order)
    - Returns
       - EntityReturnImpl(entity=com.epam.esm.entity.Order, querySpaceUid=<gen:0>, path=com.epam.esm.entity.Order)
          - CollectionAttributeFetchImpl(collection=com.epam.esm.entity.Order.orderCertificates, querySpaceUid=<gen:1>, path=com.epam.esm.entity.Order.orderCertificates)
             - (collection element) CollectionFetchableElementEntityGraph(entity=com.epam.esm.entity.OrderCertificate, querySpaceUid=<gen:2>, path=com.epam.esm.entity.Order.orderCertificates.<elements>)
          - EntityAttributeFetchImpl(entity=com.epam.esm.entity.User, querySpaceUid=<gen:3>, path=com.epam.esm.entity.Order.user)
             - EntityAttributeFetchImpl(entity=com.epam.esm.entity.Role, querySpaceUid=<gen:4>, path=com.epam.esm.entity.Order.user.role)
    - QuerySpaces
       - EntityQuerySpaceImpl(uid=<gen:0>, entity=com.epam.esm.entity.Order)
          - SQL table alias mapping - order0_
          - alias suffix - 0_
          - suffixed key columns - {id1_0_0_}
          - JOIN (JoinDefinedByMetadata(user)) : <gen:0> -> <gen:3>
             - EntityQuerySpaceImpl(uid=<gen:3>, entity=com.epam.esm.entity.User)
                - SQL table alias mapping - user1_
                - alias suffix - 1_
                - suffixed key columns - {id1_2_1_}
                - JOIN (JoinDefinedByMetadata(role)) : <gen:3> -> <gen:4>
                   - EntityQuerySpaceImpl(uid=<gen:4>, entity=com.epam.esm.entity.Role)
                      - SQL table alias mapping - role2_
                      - alias suffix - 2_
                      - suffixed key columns - {id1_1_2_}

17:03:28.814 [Test worker] DEBUG org.hibernate.loader.entity.plan.EntityLoader - Static select for entity com.epam.esm.entity.Order [NONE]: select order0_.id as id1_0_0_, order0_.active_status as active_s2_0_0_, order0_.created_at as created_3_0_0_, order0_.user_id as user_id4_0_0_, user1_.id as id1_2_1_, user1_.email as email2_2_1_, user1_.password as password3_2_1_, user1_.refresh_token as refresh_4_2_1_, user1_.role_id as role_id5_2_1_, role2_.id as id1_1_2_, role2_.value as value2_1_2_ from application_order order0_ left outer join application_user user1_ on order0_.user_id=user1_.id left outer join application_role role2_ on user1_.role_id=role2_.id where order0_.id=?
17:03:28.814 [Test worker] DEBUG org.hibernate.loader.plan.build.internal.spaces.QuerySpacesImpl - Adding QuerySpace : uid = <gen:0> -> org.hibernate.loader.plan.build.internal.spaces.EntityQuerySpaceImpl@6cf353e0]
17:03:28.814 [Test worker] DEBUG org.hibernate.persister.walking.spi.MetamodelGraphWalker - Visiting attribute path : activeStatus
17:03:28.814 [Test worker] DEBUG org.hibernate.persister.walking.spi.MetamodelGraphWalker - Visiting attribute path : createdAt
17:03:28.814 [Test worker] DEBUG org.hibernate.persister.walking.spi.MetamodelGraphWalker - Visiting attribute path : orderCertificates
17:03:28.814 [Test worker] DEBUG org.hibernate.loader.plan.build.internal.spaces.QuerySpacesImpl - Adding QuerySpace : uid = <gen:1> -> org.hibernate.loader.plan.build.internal.spaces.CollectionQuerySpaceImpl@63da67b5]
17:03:28.814 [Test worker] DEBUG org.hibernate.loader.plan.build.internal.spaces.QuerySpacesImpl - Adding QuerySpace : uid = <gen:2> -> org.hibernate.loader.plan.build.internal.spaces.EntityQuerySpaceImpl@42728479]
17:03:28.815 [Test worker] DEBUG org.hibernate.persister.walking.spi.MetamodelGraphWalker - Visiting attribute path : user
17:03:28.815 [Test worker] DEBUG org.hibernate.loader.plan.build.internal.spaces.QuerySpacesImpl - Adding QuerySpace : uid = <gen:3> -> org.hibernate.loader.plan.build.internal.spaces.EntityQuerySpaceImpl@34e8a384]
17:03:28.815 [Test worker] DEBUG org.hibernate.persister.walking.spi.MetamodelGraphWalker - Visiting attribute path : user.email
17:03:28.815 [Test worker] DEBUG org.hibernate.persister.walking.spi.MetamodelGraphWalker - Visiting attribute path : user.orders
17:03:28.815 [Test worker] DEBUG org.hibernate.persister.walking.spi.MetamodelGraphWalker - Property path deemed to be circular : user.orders
17:03:28.815 [Test worker] DEBUG org.hibernate.persister.walking.spi.MetamodelGraphWalker - Visiting attribute path : user.password
17:03:28.815 [Test worker] DEBUG org.hibernate.persister.walking.spi.MetamodelGraphWalker - Visiting attribute path : user.refreshToken
17:03:28.815 [Test worker] DEBUG org.hibernate.persister.walking.spi.MetamodelGraphWalker - Visiting attribute path : user.role
17:03:28.815 [Test worker] DEBUG org.hibernate.loader.plan.build.internal.spaces.QuerySpacesImpl - Adding QuerySpace : uid = <gen:4> -> org.hibernate.loader.plan.build.internal.spaces.EntityQuerySpaceImpl@3b923b0]
17:03:28.815 [Test worker] DEBUG org.hibernate.persister.walking.spi.MetamodelGraphWalker - Visiting attribute path : user.role.value
17:03:28.816 [Test worker] DEBUG org.hibernate.loader.plan.build.internal.FetchStyleLoadPlanBuildingAssociationVisitationStrategy - Building LoadPlan...
17:03:28.816 [Test worker] DEBUG org.hibernate.loader.plan.exec.internal.LoadQueryJoinAndFetchProcessor - processing queryspace <gen:0>
17:03:28.816 [Test worker] DEBUG org.hibernate.loader.plan.build.spi.LoadPlanTreePrinter - LoadPlan(entity=com.epam.esm.entity.Order)
    - Returns
       - EntityReturnImpl(entity=com.epam.esm.entity.Order, querySpaceUid=<gen:0>, path=com.epam.esm.entity.Order)
          - CollectionAttributeFetchImpl(collection=com.epam.esm.entity.Order.orderCertificates, querySpaceUid=<gen:1>, path=com.epam.esm.entity.Order.orderCertificates)
             - (collection element) CollectionFetchableElementEntityGraph(entity=com.epam.esm.entity.OrderCertificate, querySpaceUid=<gen:2>, path=com.epam.esm.entity.Order.orderCertificates.<elements>)
          - EntityAttributeFetchImpl(entity=com.epam.esm.entity.User, querySpaceUid=<gen:3>, path=com.epam.esm.entity.Order.user)
             - EntityAttributeFetchImpl(entity=com.epam.esm.entity.Role, querySpaceUid=<gen:4>, path=com.epam.esm.entity.Order.user.role)
    - QuerySpaces
       - EntityQuerySpaceImpl(uid=<gen:0>, entity=com.epam.esm.entity.Order)
          - SQL table alias mapping - order0_
          - alias suffix - 0_
          - suffixed key columns - {id1_0_0_}
          - JOIN (JoinDefinedByMetadata(user)) : <gen:0> -> <gen:3>
             - EntityQuerySpaceImpl(uid=<gen:3>, entity=com.epam.esm.entity.User)
                - SQL table alias mapping - user1_
                - alias suffix - 1_
                - suffixed key columns - {id1_2_1_}
                - JOIN (JoinDefinedByMetadata(role)) : <gen:3> -> <gen:4>
                   - EntityQuerySpaceImpl(uid=<gen:4>, entity=com.epam.esm.entity.Role)
                      - SQL table alias mapping - role2_
                      - alias suffix - 2_
                      - suffixed key columns - {id1_1_2_}

17:03:28.817 [Test worker] DEBUG org.hibernate.loader.entity.plan.EntityLoader - Static select for entity com.epam.esm.entity.Order [READ]: select order0_.id as id1_0_0_, order0_.active_status as active_s2_0_0_, order0_.created_at as created_3_0_0_, order0_.user_id as user_id4_0_0_, user1_.id as id1_2_1_, user1_.email as email2_2_1_, user1_.password as password3_2_1_, user1_.refresh_token as refresh_4_2_1_, user1_.role_id as role_id5_2_1_, role2_.id as id1_1_2_, role2_.value as value2_1_2_ from application_order order0_ left outer join application_user user1_ on order0_.user_id=user1_.id left outer join application_role role2_ on user1_.role_id=role2_.id where order0_.id=?
17:03:28.817 [Test worker] DEBUG org.hibernate.loader.Loader - Static select for action ACTION_MERGE on entity com.epam.esm.entity.Order: select order0_.id as id1_0_0_, order0_.active_status as active_s2_0_0_, order0_.created_at as created_3_0_0_, order0_.user_id as user_id4_0_0_ from application_order order0_ where order0_.id=?
17:03:28.817 [Test worker] DEBUG org.hibernate.loader.Loader - Static select for action ACTION_REFRESH on entity com.epam.esm.entity.Order: select order0_.id as id1_0_0_, order0_.active_status as active_s2_0_0_, order0_.created_at as created_3_0_0_, order0_.user_id as user_id4_0_0_ from application_order order0_ where order0_.id=?
17:03:28.818 [Test worker] DEBUG org.hibernate.persister.entity.AbstractEntityPersister - Static SQL for entity: com.epam.esm.entity.GiftCertificate
17:03:28.818 [Test worker] DEBUG org.hibernate.persister.entity.AbstractEntityPersister -  Version select: select id from certificate where id =?
17:03:28.818 [Test worker] DEBUG org.hibernate.persister.entity.AbstractEntityPersister -  Snapshot select: select giftcertif_.id, giftcertif_.active_status as active_s2_3_, giftcertif_.creation_date as creation3_3_, giftcertif_.description as descript4_3_, giftcertif_.expiration_date as expirati5_3_, giftcertif_.modification_date as modifica6_3_, giftcertif_.name as name7_3_, giftcertif_.price as price8_3_ from certificate giftcertif_ where giftcertif_.id=?
17:03:28.818 [Test worker] DEBUG org.hibernate.persister.entity.AbstractEntityPersister -  Insert 0: insert into certificate (active_status, creation_date, description, expiration_date, modification_date, name, price, id) values (?, ?, ?, ?, ?, ?, ?, ?)
17:03:28.818 [Test worker] DEBUG org.hibernate.persister.entity.AbstractEntityPersister -  Update 0: update certificate set active_status=?, creation_date=?, description=?, expiration_date=?, modification_date=?, name=?, price=? where id=?
17:03:28.818 [Test worker] DEBUG org.hibernate.persister.entity.AbstractEntityPersister -  Delete 0: delete from certificate where id=?
17:03:28.818 [Test worker] DEBUG org.hibernate.persister.entity.AbstractEntityPersister -  Identity insert: insert into certificate (id, active_status, creation_date, description, expiration_date, modification_date, name, price) values (null, ?, ?, ?, ?, ?, ?, ?)
17:03:28.818 [Test worker] DEBUG org.hibernate.loader.plan.build.internal.spaces.QuerySpacesImpl - Adding QuerySpace : uid = <gen:0> -> org.hibernate.loader.plan.build.internal.spaces.EntityQuerySpaceImpl@243b4342]
17:03:28.818 [Test worker] DEBUG org.hibernate.persister.walking.spi.MetamodelGraphWalker - Visiting attribute path : activeStatus
17:03:28.818 [Test worker] DEBUG org.hibernate.persister.walking.spi.MetamodelGraphWalker - Visiting attribute path : creationDate
17:03:28.818 [Test worker] DEBUG org.hibernate.persister.walking.spi.MetamodelGraphWalker - Visiting attribute path : description
17:03:28.818 [Test worker] DEBUG org.hibernate.persister.walking.spi.MetamodelGraphWalker - Visiting attribute path : expirationDate
17:03:28.818 [Test worker] DEBUG org.hibernate.persister.walking.spi.MetamodelGraphWalker - Visiting attribute path : modificationDate
17:03:28.818 [Test worker] DEBUG org.hibernate.persister.walking.spi.MetamodelGraphWalker - Visiting attribute path : name
17:03:28.818 [Test worker] DEBUG org.hibernate.persister.walking.spi.MetamodelGraphWalker - Visiting attribute path : orderCertificates
17:03:28.818 [Test worker] DEBUG org.hibernate.loader.plan.build.internal.spaces.QuerySpacesImpl - Adding QuerySpace : uid = <gen:1> -> org.hibernate.loader.plan.build.internal.spaces.CollectionQuerySpaceImpl@2d95fabb]
17:03:28.818 [Test worker] DEBUG org.hibernate.loader.plan.build.internal.spaces.QuerySpacesImpl - Adding QuerySpace : uid = <gen:2> -> org.hibernate.loader.plan.build.internal.spaces.EntityQuerySpaceImpl@9788845]
17:03:28.818 [Test worker] DEBUG org.hibernate.persister.walking.spi.MetamodelGraphWalker - Visiting attribute path : price
17:03:28.818 [Test worker] DEBUG org.hibernate.persister.walking.spi.MetamodelGraphWalker - Visiting attribute path : tags
17:03:28.819 [Test worker] DEBUG org.hibernate.loader.plan.build.internal.spaces.QuerySpacesImpl - Adding QuerySpace : uid = <gen:3> -> org.hibernate.loader.plan.build.internal.spaces.CollectionQuerySpaceImpl@7727fb7b]
17:03:28.819 [Test worker] DEBUG org.hibernate.loader.plan.build.internal.spaces.QuerySpacesImpl - Adding QuerySpace : uid = <gen:4> -> org.hibernate.loader.plan.build.internal.spaces.EntityQuerySpaceImpl@4f6ecd11]
17:03:28.819 [Test worker] DEBUG org.hibernate.loader.plan.build.internal.FetchStyleLoadPlanBuildingAssociationVisitationStrategy - Building LoadPlan...
17:03:28.819 [Test worker] DEBUG org.hibernate.loader.plan.exec.internal.LoadQueryJoinAndFetchProcessor - processing queryspace <gen:0>
17:03:28.819 [Test worker] DEBUG org.hibernate.loader.plan.build.spi.LoadPlanTreePrinter - LoadPlan(entity=com.epam.esm.entity.GiftCertificate)
    - Returns
       - EntityReturnImpl(entity=com.epam.esm.entity.GiftCertificate, querySpaceUid=<gen:0>, path=com.epam.esm.entity.GiftCertificate)
          - CollectionAttributeFetchImpl(collection=com.epam.esm.entity.GiftCertificate.orderCertificates, querySpaceUid=<gen:1>, path=com.epam.esm.entity.GiftCertificate.orderCertificates)
             - (collection element) CollectionFetchableElementEntityGraph(entity=com.epam.esm.entity.OrderCertificate, querySpaceUid=<gen:2>, path=com.epam.esm.entity.GiftCertificate.orderCertificates.<elements>)
          - CollectionAttributeFetchImpl(collection=com.epam.esm.entity.GiftCertificate.tags, querySpaceUid=<gen:3>, path=com.epam.esm.entity.GiftCertificate.tags)
             - (collection element) CollectionFetchableElementEntityGraph(entity=com.epam.esm.entity.Tag, querySpaceUid=<gen:4>, path=com.epam.esm.entity.GiftCertificate.tags.<elements>)
    - QuerySpaces
       - EntityQuerySpaceImpl(uid=<gen:0>, entity=com.epam.esm.entity.GiftCertificate)
          - SQL table alias mapping - giftcertif0_
          - alias suffix - 0_
          - suffixed key columns - {id1_3_0_}

17:03:28.819 [Test worker] DEBUG org.hibernate.loader.entity.plan.EntityLoader - Static select for entity com.epam.esm.entity.GiftCertificate [NONE]: select giftcertif0_.id as id1_3_0_, giftcertif0_.active_status as active_s2_3_0_, giftcertif0_.creation_date as creation3_3_0_, giftcertif0_.description as descript4_3_0_, giftcertif0_.expiration_date as expirati5_3_0_, giftcertif0_.modification_date as modifica6_3_0_, giftcertif0_.name as name7_3_0_, giftcertif0_.price as price8_3_0_ from certificate giftcertif0_ where giftcertif0_.id=?
17:03:28.820 [Test worker] DEBUG org.hibernate.loader.plan.build.internal.spaces.QuerySpacesImpl - Adding QuerySpace : uid = <gen:0> -> org.hibernate.loader.plan.build.internal.spaces.EntityQuerySpaceImpl@4dacb665]
17:03:28.820 [Test worker] DEBUG org.hibernate.persister.walking.spi.MetamodelGraphWalker - Visiting attribute path : activeStatus
17:03:28.820 [Test worker] DEBUG org.hibernate.persister.walking.spi.MetamodelGraphWalker - Visiting attribute path : creationDate
17:03:28.820 [Test worker] DEBUG org.hibernate.persister.walking.spi.MetamodelGraphWalker - Visiting attribute path : description
17:03:28.820 [Test worker] DEBUG org.hibernate.persister.walking.spi.MetamodelGraphWalker - Visiting attribute path : expirationDate
17:03:28.820 [Test worker] DEBUG org.hibernate.persister.walking.spi.MetamodelGraphWalker - Visiting attribute path : modificationDate
17:03:28.820 [Test worker] DEBUG org.hibernate.persister.walking.spi.MetamodelGraphWalker - Visiting attribute path : name
17:03:28.820 [Test worker] DEBUG org.hibernate.persister.walking.spi.MetamodelGraphWalker - Visiting attribute path : orderCertificates
17:03:28.820 [Test worker] DEBUG org.hibernate.loader.plan.build.internal.spaces.QuerySpacesImpl - Adding QuerySpace : uid = <gen:1> -> org.hibernate.loader.plan.build.internal.spaces.CollectionQuerySpaceImpl@48efea66]
17:03:28.820 [Test worker] DEBUG org.hibernate.loader.plan.build.internal.spaces.QuerySpacesImpl - Adding QuerySpace : uid = <gen:2> -> org.hibernate.loader.plan.build.internal.spaces.EntityQuerySpaceImpl@7150b02f]
17:03:28.820 [Test worker] DEBUG org.hibernate.persister.walking.spi.MetamodelGraphWalker - Visiting attribute path : price
17:03:28.820 [Test worker] DEBUG org.hibernate.persister.walking.spi.MetamodelGraphWalker - Visiting attribute path : tags
17:03:28.820 [Test worker] DEBUG org.hibernate.loader.plan.build.internal.spaces.QuerySpacesImpl - Adding QuerySpace : uid = <gen:3> -> org.hibernate.loader.plan.build.internal.spaces.CollectionQuerySpaceImpl@59673ffe]
17:03:28.820 [Test worker] DEBUG org.hibernate.loader.plan.build.internal.spaces.QuerySpacesImpl - Adding QuerySpace : uid = <gen:4> -> org.hibernate.loader.plan.build.internal.spaces.EntityQuerySpaceImpl@4ccb6a]
17:03:28.820 [Test worker] DEBUG org.hibernate.loader.plan.build.internal.FetchStyleLoadPlanBuildingAssociationVisitationStrategy - Building LoadPlan...
17:03:28.821 [Test worker] DEBUG org.hibernate.loader.plan.exec.internal.LoadQueryJoinAndFetchProcessor - processing queryspace <gen:0>
17:03:28.821 [Test worker] DEBUG org.hibernate.loader.plan.build.spi.LoadPlanTreePrinter - LoadPlan(entity=com.epam.esm.entity.GiftCertificate)
    - Returns
       - EntityReturnImpl(entity=com.epam.esm.entity.GiftCertificate, querySpaceUid=<gen:0>, path=com.epam.esm.entity.GiftCertificate)
          - CollectionAttributeFetchImpl(collection=com.epam.esm.entity.GiftCertificate.orderCertificates, querySpaceUid=<gen:1>, path=com.epam.esm.entity.GiftCertificate.orderCertificates)
             - (collection element) CollectionFetchableElementEntityGraph(entity=com.epam.esm.entity.OrderCertificate, querySpaceUid=<gen:2>, path=com.epam.esm.entity.GiftCertificate.orderCertificates.<elements>)
          - CollectionAttributeFetchImpl(collection=com.epam.esm.entity.GiftCertificate.tags, querySpaceUid=<gen:3>, path=com.epam.esm.entity.GiftCertificate.tags)
             - (collection element) CollectionFetchableElementEntityGraph(entity=com.epam.esm.entity.Tag, querySpaceUid=<gen:4>, path=com.epam.esm.entity.GiftCertificate.tags.<elements>)
    - QuerySpaces
       - EntityQuerySpaceImpl(uid=<gen:0>, entity=com.epam.esm.entity.GiftCertificate)
          - SQL table alias mapping - giftcertif0_
          - alias suffix - 0_
          - suffixed key columns - {id1_3_0_}

17:03:28.821 [Test worker] DEBUG org.hibernate.loader.entity.plan.EntityLoader - Static select for entity com.epam.esm.entity.GiftCertificate [READ]: select giftcertif0_.id as id1_3_0_, giftcertif0_.active_status as active_s2_3_0_, giftcertif0_.creation_date as creation3_3_0_, giftcertif0_.description as descript4_3_0_, giftcertif0_.expiration_date as expirati5_3_0_, giftcertif0_.modification_date as modifica6_3_0_, giftcertif0_.name as name7_3_0_, giftcertif0_.price as price8_3_0_ from certificate giftcertif0_ where giftcertif0_.id=?
17:03:28.822 [Test worker] DEBUG org.hibernate.loader.Loader - Static select for action ACTION_MERGE on entity com.epam.esm.entity.GiftCertificate: select giftcertif0_.id as id1_3_2_, giftcertif0_.active_status as active_s2_3_2_, giftcertif0_.creation_date as creation3_3_2_, giftcertif0_.description as descript4_3_2_, giftcertif0_.expiration_date as expirati5_3_2_, giftcertif0_.modification_date as modifica6_3_2_, giftcertif0_.name as name7_3_2_, giftcertif0_.price as price8_3_2_, ordercerti1_.certificate_id as certific4_6_4_, ordercerti1_.id as id1_6_4_, ordercerti1_.id as id1_6_0_, ordercerti1_.certificate_id as certific4_6_0_, ordercerti1_.expiration_date as expirati2_6_0_, ordercerti1_.fixed_price as fixed_pr3_6_0_, ordercerti1_.order_id as order_id5_6_0_, order2_.id as id1_0_1_, order2_.active_status as active_s2_0_1_, order2_.created_at as created_3_0_1_, order2_.user_id as user_id4_0_1_ from certificate giftcertif0_ left outer join order_certificate ordercerti1_ on giftcertif0_.id=ordercerti1_.certificate_id left outer join application_order order2_ on ordercerti1_.order_id=order2_.id where giftcertif0_.id=?
17:03:28.822 [Test worker] DEBUG org.hibernate.loader.Loader - Static select for action ACTION_REFRESH on entity com.epam.esm.entity.GiftCertificate: select giftcertif0_.id as id1_3_2_, giftcertif0_.active_status as active_s2_3_2_, giftcertif0_.creation_date as creation3_3_2_, giftcertif0_.description as descript4_3_2_, giftcertif0_.expiration_date as expirati5_3_2_, giftcertif0_.modification_date as modifica6_3_2_, giftcertif0_.name as name7_3_2_, giftcertif0_.price as price8_3_2_, ordercerti1_.certificate_id as certific4_6_4_, ordercerti1_.id as id1_6_4_, ordercerti1_.id as id1_6_0_, ordercerti1_.certificate_id as certific4_6_0_, ordercerti1_.expiration_date as expirati2_6_0_, ordercerti1_.fixed_price as fixed_pr3_6_0_, ordercerti1_.order_id as order_id5_6_0_, order2_.id as id1_0_1_, order2_.active_status as active_s2_0_1_, order2_.created_at as created_3_0_1_, order2_.user_id as user_id4_0_1_ from certificate giftcertif0_ left outer join order_certificate ordercerti1_ on giftcertif0_.id=ordercerti1_.certificate_id left outer join application_order order2_ on ordercerti1_.order_id=order2_.id where giftcertif0_.id=?
17:03:28.823 [Test worker] DEBUG org.hibernate.persister.entity.AbstractEntityPersister - Static SQL for entity: com.epam.esm.entity.User
17:03:28.823 [Test worker] DEBUG org.hibernate.persister.entity.AbstractEntityPersister -  Version select: select id from application_user where id =?
17:03:28.823 [Test worker] DEBUG org.hibernate.persister.entity.AbstractEntityPersister -  Snapshot select: select user_.id, user_.email as email2_2_, user_.password as password3_2_, user_.refresh_token as refresh_4_2_, user_.role_id as role_id5_2_ from application_user user_ where user_.id=?
17:03:28.823 [Test worker] DEBUG org.hibernate.persister.entity.AbstractEntityPersister -  Insert 0: insert into application_user (email, password, refresh_token, role_id, id) values (?, ?, ?, ?, ?)
17:03:28.823 [Test worker] DEBUG org.hibernate.persister.entity.AbstractEntityPersister -  Update 0: update application_user set email=?, password=?, refresh_token=?, role_id=? where id=?
17:03:28.823 [Test worker] DEBUG org.hibernate.persister.entity.AbstractEntityPersister -  Delete 0: delete from application_user where id=?
17:03:28.823 [Test worker] DEBUG org.hibernate.persister.entity.AbstractEntityPersister -  Identity insert: insert into application_user (id, email, password, refresh_token, role_id) values (null, ?, ?, ?, ?)
17:03:28.823 [Test worker] DEBUG org.hibernate.loader.plan.build.internal.spaces.QuerySpacesImpl - Adding QuerySpace : uid = <gen:0> -> org.hibernate.loader.plan.build.internal.spaces.EntityQuerySpaceImpl@3747addf]
17:03:28.823 [Test worker] DEBUG org.hibernate.persister.walking.spi.MetamodelGraphWalker - Visiting attribute path : email
17:03:28.823 [Test worker] DEBUG org.hibernate.persister.walking.spi.MetamodelGraphWalker - Visiting attribute path : orders
17:03:28.823 [Test worker] DEBUG org.hibernate.loader.plan.build.internal.spaces.QuerySpacesImpl - Adding QuerySpace : uid = <gen:1> -> org.hibernate.loader.plan.build.internal.spaces.CollectionQuerySpaceImpl@239afd8d]
17:03:28.824 [Test worker] DEBUG org.hibernate.loader.plan.build.internal.spaces.QuerySpacesImpl - Adding QuerySpace : uid = <gen:2> -> org.hibernate.loader.plan.build.internal.spaces.EntityQuerySpaceImpl@45eb750f]
17:03:28.824 [Test worker] DEBUG org.hibernate.persister.walking.spi.MetamodelGraphWalker - Visiting attribute path : password
17:03:28.824 [Test worker] DEBUG org.hibernate.persister.walking.spi.MetamodelGraphWalker - Visiting attribute path : refreshToken
17:03:28.824 [Test worker] DEBUG org.hibernate.persister.walking.spi.MetamodelGraphWalker - Visiting attribute path : role
17:03:28.824 [Test worker] DEBUG org.hibernate.loader.plan.build.internal.spaces.QuerySpacesImpl - Adding QuerySpace : uid = <gen:3> -> org.hibernate.loader.plan.build.internal.spaces.EntityQuerySpaceImpl@4f480138]
17:03:28.824 [Test worker] DEBUG org.hibernate.persister.walking.spi.MetamodelGraphWalker - Visiting attribute path : role.value
17:03:28.824 [Test worker] DEBUG org.hibernate.loader.plan.build.internal.FetchStyleLoadPlanBuildingAssociationVisitationStrategy - Building LoadPlan...
17:03:28.824 [Test worker] DEBUG org.hibernate.loader.plan.exec.internal.LoadQueryJoinAndFetchProcessor - processing queryspace <gen:0>
17:03:28.825 [Test worker] DEBUG org.hibernate.loader.plan.build.spi.LoadPlanTreePrinter - LoadPlan(entity=com.epam.esm.entity.User)
    - Returns
       - EntityReturnImpl(entity=com.epam.esm.entity.User, querySpaceUid=<gen:0>, path=com.epam.esm.entity.User)
          - CollectionAttributeFetchImpl(collection=com.epam.esm.entity.User.orders, querySpaceUid=<gen:1>, path=com.epam.esm.entity.User.orders)
             - (collection element) CollectionFetchableElementEntityGraph(entity=com.epam.esm.entity.Order, querySpaceUid=<gen:2>, path=com.epam.esm.entity.User.orders.<elements>)
          - EntityAttributeFetchImpl(entity=com.epam.esm.entity.Role, querySpaceUid=<gen:3>, path=com.epam.esm.entity.User.role)
    - QuerySpaces
       - EntityQuerySpaceImpl(uid=<gen:0>, entity=com.epam.esm.entity.User)
          - SQL table alias mapping - user0_
          - alias suffix - 0_
          - suffixed key columns - {id1_2_0_}
          - JOIN (JoinDefinedByMetadata(role)) : <gen:0> -> <gen:3>
             - EntityQuerySpaceImpl(uid=<gen:3>, entity=com.epam.esm.entity.Role)
                - SQL table alias mapping - role1_
                - alias suffix - 1_
                - suffixed key columns - {id1_1_1_}

17:03:28.825 [Test worker] DEBUG org.hibernate.loader.entity.plan.EntityLoader - Static select for entity com.epam.esm.entity.User [NONE]: select user0_.id as id1_2_0_, user0_.email as email2_2_0_, user0_.password as password3_2_0_, user0_.refresh_token as refresh_4_2_0_, user0_.role_id as role_id5_2_0_, role1_.id as id1_1_1_, role1_.value as value2_1_1_ from application_user user0_ left outer join application_role role1_ on user0_.role_id=role1_.id where user0_.id=?
17:03:28.825 [Test worker] DEBUG org.hibernate.loader.plan.build.internal.spaces.QuerySpacesImpl - Adding QuerySpace : uid = <gen:0> -> org.hibernate.loader.plan.build.internal.spaces.EntityQuerySpaceImpl@6de8be16]
17:03:28.825 [Test worker] DEBUG org.hibernate.persister.walking.spi.MetamodelGraphWalker - Visiting attribute path : email
17:03:28.825 [Test worker] DEBUG org.hibernate.persister.walking.spi.MetamodelGraphWalker - Visiting attribute path : orders
17:03:28.825 [Test worker] DEBUG org.hibernate.loader.plan.build.internal.spaces.QuerySpacesImpl - Adding QuerySpace : uid = <gen:1> -> org.hibernate.loader.plan.build.internal.spaces.CollectionQuerySpaceImpl@7c7b7326]
17:03:28.825 [Test worker] DEBUG org.hibernate.loader.plan.build.internal.spaces.QuerySpacesImpl - Adding QuerySpace : uid = <gen:2> -> org.hibernate.loader.plan.build.internal.spaces.EntityQuerySpaceImpl@37ab21dc]
17:03:28.825 [Test worker] DEBUG org.hibernate.persister.walking.spi.MetamodelGraphWalker - Visiting attribute path : password
17:03:28.825 [Test worker] DEBUG org.hibernate.persister.walking.spi.MetamodelGraphWalker - Visiting attribute path : refreshToken
17:03:28.825 [Test worker] DEBUG org.hibernate.persister.walking.spi.MetamodelGraphWalker - Visiting attribute path : role
17:03:28.825 [Test worker] DEBUG org.hibernate.loader.plan.build.internal.spaces.QuerySpacesImpl - Adding QuerySpace : uid = <gen:3> -> org.hibernate.loader.plan.build.internal.spaces.EntityQuerySpaceImpl@1f9b3131]
17:03:28.825 [Test worker] DEBUG org.hibernate.persister.walking.spi.MetamodelGraphWalker - Visiting attribute path : role.value
17:03:28.825 [Test worker] DEBUG org.hibernate.loader.plan.build.internal.FetchStyleLoadPlanBuildingAssociationVisitationStrategy - Building LoadPlan...
17:03:28.826 [Test worker] DEBUG org.hibernate.loader.plan.exec.internal.LoadQueryJoinAndFetchProcessor - processing queryspace <gen:0>
17:03:28.826 [Test worker] DEBUG org.hibernate.loader.plan.build.spi.LoadPlanTreePrinter - LoadPlan(entity=com.epam.esm.entity.User)
    - Returns
       - EntityReturnImpl(entity=com.epam.esm.entity.User, querySpaceUid=<gen:0>, path=com.epam.esm.entity.User)
          - CollectionAttributeFetchImpl(collection=com.epam.esm.entity.User.orders, querySpaceUid=<gen:1>, path=com.epam.esm.entity.User.orders)
             - (collection element) CollectionFetchableElementEntityGraph(entity=com.epam.esm.entity.Order, querySpaceUid=<gen:2>, path=com.epam.esm.entity.User.orders.<elements>)
          - EntityAttributeFetchImpl(entity=com.epam.esm.entity.Role, querySpaceUid=<gen:3>, path=com.epam.esm.entity.User.role)
    - QuerySpaces
       - EntityQuerySpaceImpl(uid=<gen:0>, entity=com.epam.esm.entity.User)
          - SQL table alias mapping - user0_
          - alias suffix - 0_
          - suffixed key columns - {id1_2_0_}
          - JOIN (JoinDefinedByMetadata(role)) : <gen:0> -> <gen:3>
             - EntityQuerySpaceImpl(uid=<gen:3>, entity=com.epam.esm.entity.Role)
                - SQL table alias mapping - role1_
                - alias suffix - 1_
                - suffixed key columns - {id1_1_1_}

17:03:28.826 [Test worker] DEBUG org.hibernate.loader.entity.plan.EntityLoader - Static select for entity com.epam.esm.entity.User [READ]: select user0_.id as id1_2_0_, user0_.email as email2_2_0_, user0_.password as password3_2_0_, user0_.refresh_token as refresh_4_2_0_, user0_.role_id as role_id5_2_0_, role1_.id as id1_1_1_, role1_.value as value2_1_1_ from application_user user0_ left outer join application_role role1_ on user0_.role_id=role1_.id where user0_.id=?
17:03:28.826 [Test worker] DEBUG org.hibernate.loader.Loader - Static select for action ACTION_MERGE on entity com.epam.esm.entity.User: select user0_.id as id1_2_0_, user0_.email as email2_2_0_, user0_.password as password3_2_0_, user0_.refresh_token as refresh_4_2_0_, user0_.role_id as role_id5_2_0_ from application_user user0_ where user0_.id=?
17:03:28.827 [Test worker] DEBUG org.hibernate.loader.Loader - Static select for action ACTION_REFRESH on entity com.epam.esm.entity.User: select user0_.id as id1_2_0_, user0_.email as email2_2_0_, user0_.password as password3_2_0_, user0_.refresh_token as refresh_4_2_0_, user0_.role_id as role_id5_2_0_ from application_user user0_ where user0_.id=?
17:03:28.827 [Test worker] DEBUG org.hibernate.persister.entity.AbstractEntityPersister - Static SQL for entity: com.epam.esm.entity.Entity
17:03:28.827 [Test worker] DEBUG org.hibernate.persister.entity.AbstractEntityPersister -  Version select: select id from entity where id =?
17:03:28.827 [Test worker] DEBUG org.hibernate.persister.entity.AbstractEntityPersister -  Snapshot select: select entity_.id from entity entity_ where entity_.id=?
17:03:28.827 [Test worker] DEBUG org.hibernate.persister.entity.AbstractEntityPersister -  Insert 0: insert into entity (id) values (?)
17:03:28.827 [Test worker] DEBUG org.hibernate.persister.entity.AbstractEntityPersister -  Update 0: null
17:03:28.827 [Test worker] DEBUG org.hibernate.persister.entity.AbstractEntityPersister -  Delete 0: delete from entity where id=?
17:03:28.827 [Test worker] DEBUG org.hibernate.persister.entity.AbstractEntityPersister -  Identity insert: insert into entity (id) values (null)
17:03:28.827 [Test worker] DEBUG org.hibernate.loader.plan.build.internal.spaces.QuerySpacesImpl - Adding QuerySpace : uid = <gen:0> -> org.hibernate.loader.plan.build.internal.spaces.EntityQuerySpaceImpl@64da66d8]
17:03:28.827 [Test worker] DEBUG org.hibernate.loader.plan.build.internal.FetchStyleLoadPlanBuildingAssociationVisitationStrategy - Building LoadPlan...
17:03:28.827 [Test worker] DEBUG org.hibernate.loader.plan.exec.internal.LoadQueryJoinAndFetchProcessor - processing queryspace <gen:0>
17:03:28.828 [Test worker] DEBUG org.hibernate.loader.plan.build.spi.LoadPlanTreePrinter - LoadPlan(entity=com.epam.esm.entity.Entity)
    - Returns
       - EntityReturnImpl(entity=com.epam.esm.entity.Entity, querySpaceUid=<gen:0>, path=com.epam.esm.entity.Entity)
    - QuerySpaces
       - EntityQuerySpaceImpl(uid=<gen:0>, entity=com.epam.esm.entity.Entity)
          - SQL table alias mapping - entity0_
          - alias suffix - 0_
          - suffixed key columns - {id1_5_0_}

17:03:28.828 [Test worker] DEBUG org.hibernate.loader.entity.plan.EntityLoader - Static select for entity com.epam.esm.entity.Entity [NONE]: select entity0_.id as id1_5_0_ from entity entity0_ where entity0_.id=?
17:03:28.828 [Test worker] DEBUG org.hibernate.loader.plan.build.internal.spaces.QuerySpacesImpl - Adding QuerySpace : uid = <gen:0> -> org.hibernate.loader.plan.build.internal.spaces.EntityQuerySpaceImpl@4cc5a494]
17:03:28.828 [Test worker] DEBUG org.hibernate.loader.plan.build.internal.FetchStyleLoadPlanBuildingAssociationVisitationStrategy - Building LoadPlan...
17:03:28.828 [Test worker] DEBUG org.hibernate.loader.plan.exec.internal.LoadQueryJoinAndFetchProcessor - processing queryspace <gen:0>
17:03:28.828 [Test worker] DEBUG org.hibernate.loader.plan.build.spi.LoadPlanTreePrinter - LoadPlan(entity=com.epam.esm.entity.Entity)
    - Returns
       - EntityReturnImpl(entity=com.epam.esm.entity.Entity, querySpaceUid=<gen:0>, path=com.epam.esm.entity.Entity)
    - QuerySpaces
       - EntityQuerySpaceImpl(uid=<gen:0>, entity=com.epam.esm.entity.Entity)
          - SQL table alias mapping - entity0_
          - alias suffix - 0_
          - suffixed key columns - {id1_5_0_}

17:03:28.828 [Test worker] DEBUG org.hibernate.loader.entity.plan.EntityLoader - Static select for entity com.epam.esm.entity.Entity [READ]: select entity0_.id as id1_5_0_ from entity entity0_ where entity0_.id=?
17:03:28.829 [Test worker] DEBUG org.hibernate.loader.Loader - Static select for action ACTION_MERGE on entity com.epam.esm.entity.Entity: select entity0_.id as id1_5_0_ from entity entity0_ where entity0_.id=?
17:03:28.829 [Test worker] DEBUG org.hibernate.loader.Loader - Static select for action ACTION_REFRESH on entity com.epam.esm.entity.Entity: select entity0_.id as id1_5_0_ from entity entity0_ where entity0_.id=?
17:03:28.829 [Test worker] DEBUG org.hibernate.persister.entity.AbstractEntityPersister - Static SQL for entity: com.epam.esm.entity.Tag
17:03:28.829 [Test worker] DEBUG org.hibernate.persister.entity.AbstractEntityPersister -  Version select: select id from tag where id =?
17:03:28.829 [Test worker] DEBUG org.hibernate.persister.entity.AbstractEntityPersister -  Snapshot select: select tag_.id from tag tag_ where tag_.id=?
17:03:28.829 [Test worker] DEBUG org.hibernate.persister.entity.AbstractEntityPersister -  Insert 0: insert into tag (title, id) values (?, ?)
17:03:28.829 [Test worker] DEBUG org.hibernate.persister.entity.AbstractEntityPersister -  Update 0: null
17:03:28.829 [Test worker] DEBUG org.hibernate.persister.entity.AbstractEntityPersister -  Delete 0: delete from tag where id=?
17:03:28.829 [Test worker] DEBUG org.hibernate.persister.entity.AbstractEntityPersister -  Identity insert: insert into tag (id, title) values (null, ?)
17:03:28.829 [Test worker] DEBUG org.hibernate.loader.plan.build.internal.spaces.QuerySpacesImpl - Adding QuerySpace : uid = <gen:0> -> org.hibernate.loader.plan.build.internal.spaces.EntityQuerySpaceImpl@46c227a0]
17:03:28.829 [Test worker] DEBUG org.hibernate.persister.walking.spi.MetamodelGraphWalker - Visiting attribute path : title
17:03:28.829 [Test worker] DEBUG org.hibernate.loader.plan.build.internal.FetchStyleLoadPlanBuildingAssociationVisitationStrategy - Building LoadPlan...
17:03:28.830 [Test worker] DEBUG org.hibernate.loader.plan.exec.internal.LoadQueryJoinAndFetchProcessor - processing queryspace <gen:0>
17:03:28.830 [Test worker] DEBUG org.hibernate.loader.plan.build.spi.LoadPlanTreePrinter - LoadPlan(entity=com.epam.esm.entity.Tag)
    - Returns
       - EntityReturnImpl(entity=com.epam.esm.entity.Tag, querySpaceUid=<gen:0>, path=com.epam.esm.entity.Tag)
    - QuerySpaces
       - EntityQuerySpaceImpl(uid=<gen:0>, entity=com.epam.esm.entity.Tag)
          - SQL table alias mapping - tag0_
          - alias suffix - 0_
          - suffixed key columns - {id1_7_0_}

17:03:28.830 [Test worker] DEBUG org.hibernate.loader.entity.plan.EntityLoader - Static select for entity com.epam.esm.entity.Tag [NONE]: select tag0_.id as id1_7_0_, tag0_.title as title2_7_0_ from tag tag0_ where tag0_.id=?
17:03:28.830 [Test worker] DEBUG org.hibernate.loader.plan.build.internal.spaces.QuerySpacesImpl - Adding QuerySpace : uid = <gen:0> -> org.hibernate.loader.plan.build.internal.spaces.EntityQuerySpaceImpl@25a3cfdc]
17:03:28.830 [Test worker] DEBUG org.hibernate.persister.walking.spi.MetamodelGraphWalker - Visiting attribute path : title
17:03:28.830 [Test worker] DEBUG org.hibernate.loader.plan.build.internal.FetchStyleLoadPlanBuildingAssociationVisitationStrategy - Building LoadPlan...
17:03:28.830 [Test worker] DEBUG org.hibernate.loader.plan.exec.internal.LoadQueryJoinAndFetchProcessor - processing queryspace <gen:0>
17:03:28.830 [Test worker] DEBUG org.hibernate.loader.plan.build.spi.LoadPlanTreePrinter - LoadPlan(entity=com.epam.esm.entity.Tag)
    - Returns
       - EntityReturnImpl(entity=com.epam.esm.entity.Tag, querySpaceUid=<gen:0>, path=com.epam.esm.entity.Tag)
    - QuerySpaces
       - EntityQuerySpaceImpl(uid=<gen:0>, entity=com.epam.esm.entity.Tag)
          - SQL table alias mapping - tag0_
          - alias suffix - 0_
          - suffixed key columns - {id1_7_0_}

17:03:28.830 [Test worker] DEBUG org.hibernate.loader.entity.plan.EntityLoader - Static select for entity com.epam.esm.entity.Tag [READ]: select tag0_.id as id1_7_0_, tag0_.title as title2_7_0_ from tag tag0_ where tag0_.id=?
17:03:28.831 [Test worker] DEBUG org.hibernate.loader.Loader - Static select for action ACTION_MERGE on entity com.epam.esm.entity.Tag: select tag0_.id as id1_7_0_, tag0_.title as title2_7_0_ from tag tag0_ where tag0_.id=?
17:03:28.831 [Test worker] DEBUG org.hibernate.loader.Loader - Static select for action ACTION_REFRESH on entity com.epam.esm.entity.Tag: select tag0_.id as id1_7_0_, tag0_.title as title2_7_0_ from tag tag0_ where tag0_.id=?
17:03:28.831 [Test worker] DEBUG org.hibernate.persister.entity.AbstractEntityPersister - Static SQL for entity: com.epam.esm.entity.OrderCertificate
17:03:28.831 [Test worker] DEBUG org.hibernate.persister.entity.AbstractEntityPersister -  Version select: select id from order_certificate where id =?
17:03:28.831 [Test worker] DEBUG org.hibernate.persister.entity.AbstractEntityPersister -  Snapshot select: select ordercerti_.id, ordercerti_.certificate_id as certific4_6_, ordercerti_.expiration_date as expirati2_6_, ordercerti_.fixed_price as fixed_pr3_6_, ordercerti_.order_id as order_id5_6_ from order_certificate ordercerti_ where ordercerti_.id=?
17:03:28.831 [Test worker] DEBUG org.hibernate.persister.entity.AbstractEntityPersister -  Insert 0: insert into order_certificate (certificate_id, expiration_date, fixed_price, order_id, id) values (?, ?, ?, ?, ?)
17:03:28.831 [Test worker] DEBUG org.hibernate.persister.entity.AbstractEntityPersister -  Update 0: update order_certificate set certificate_id=?, expiration_date=?, fixed_price=?, order_id=? where id=?
17:03:28.831 [Test worker] DEBUG org.hibernate.persister.entity.AbstractEntityPersister -  Delete 0: delete from order_certificate where id=?
17:03:28.832 [Test worker] DEBUG org.hibernate.persister.entity.AbstractEntityPersister -  Identity insert: insert into order_certificate (id, certificate_id, expiration_date, fixed_price, order_id) values (null, ?, ?, ?, ?)
17:03:28.832 [Test worker] DEBUG org.hibernate.loader.plan.build.internal.spaces.QuerySpacesImpl - Adding QuerySpace : uid = <gen:0> -> org.hibernate.loader.plan.build.internal.spaces.EntityQuerySpaceImpl@48b78d7a]
17:03:28.832 [Test worker] DEBUG org.hibernate.persister.walking.spi.MetamodelGraphWalker - Visiting attribute path : certificate
17:03:28.832 [Test worker] DEBUG org.hibernate.loader.plan.build.internal.spaces.QuerySpacesImpl - Adding QuerySpace : uid = <gen:1> -> org.hibernate.loader.plan.build.internal.spaces.EntityQuerySpaceImpl@2e39238e]
17:03:28.832 [Test worker] DEBUG org.hibernate.persister.walking.spi.MetamodelGraphWalker - Visiting attribute path : expirationDate
17:03:28.832 [Test worker] DEBUG org.hibernate.persister.walking.spi.MetamodelGraphWalker - Visiting attribute path : fixedPrice
17:03:28.832 [Test worker] DEBUG org.hibernate.persister.walking.spi.MetamodelGraphWalker - Visiting attribute path : order
17:03:28.832 [Test worker] DEBUG org.hibernate.loader.plan.build.internal.spaces.QuerySpacesImpl - Adding QuerySpace : uid = <gen:2> -> org.hibernate.loader.plan.build.internal.spaces.EntityQuerySpaceImpl@4b73afe1]
17:03:28.832 [Test worker] DEBUG org.hibernate.persister.walking.spi.MetamodelGraphWalker - Visiting attribute path : order.activeStatus
17:03:28.832 [Test worker] DEBUG org.hibernate.persister.walking.spi.MetamodelGraphWalker - Visiting attribute path : order.createdAt
17:03:28.832 [Test worker] DEBUG org.hibernate.persister.walking.spi.MetamodelGraphWalker - Visiting attribute path : order.orderCertificates
17:03:28.833 [Test worker] DEBUG org.hibernate.persister.walking.spi.MetamodelGraphWalker - Property path deemed to be circular : order.orderCertificates
17:03:28.833 [Test worker] DEBUG org.hibernate.persister.walking.spi.MetamodelGraphWalker - Visiting attribute path : order.user
17:03:28.833 [Test worker] DEBUG org.hibernate.loader.plan.build.internal.spaces.QuerySpacesImpl - Adding QuerySpace : uid = <gen:3> -> org.hibernate.loader.plan.build.internal.spaces.EntityQuerySpaceImpl@54711266]
17:03:28.833 [Test worker] DEBUG org.hibernate.persister.walking.spi.MetamodelGraphWalker - Visiting attribute path : order.user.email
17:03:28.833 [Test worker] DEBUG org.hibernate.persister.walking.spi.MetamodelGraphWalker - Visiting attribute path : order.user.orders
17:03:28.833 [Test worker] DEBUG org.hibernate.persister.walking.spi.MetamodelGraphWalker - Property path deemed to be circular : order.user.orders
17:03:28.833 [Test worker] DEBUG org.hibernate.persister.walking.spi.MetamodelGraphWalker - Visiting attribute path : order.user.password
17:03:28.833 [Test worker] DEBUG org.hibernate.persister.walking.spi.MetamodelGraphWalker - Visiting attribute path : order.user.refreshToken
17:03:28.833 [Test worker] DEBUG org.hibernate.persister.walking.spi.MetamodelGraphWalker - Visiting attribute path : order.user.role
17:03:28.833 [Test worker] DEBUG org.hibernate.loader.plan.build.internal.spaces.QuerySpacesImpl - Adding QuerySpace : uid = <gen:4> -> org.hibernate.loader.plan.build.internal.spaces.EntityQuerySpaceImpl@6569c315]
17:03:28.833 [Test worker] DEBUG org.hibernate.persister.walking.spi.MetamodelGraphWalker - Visiting attribute path : order.user.role.value
17:03:28.833 [Test worker] DEBUG org.hibernate.loader.plan.build.internal.FetchStyleLoadPlanBuildingAssociationVisitationStrategy - Building LoadPlan...
17:03:28.833 [Test worker] DEBUG org.hibernate.loader.plan.exec.internal.LoadQueryJoinAndFetchProcessor - processing queryspace <gen:0>
17:03:28.834 [Test worker] DEBUG org.hibernate.loader.plan.build.spi.LoadPlanTreePrinter - LoadPlan(entity=com.epam.esm.entity.OrderCertificate)
    - Returns
       - EntityReturnImpl(entity=com.epam.esm.entity.OrderCertificate, querySpaceUid=<gen:0>, path=com.epam.esm.entity.OrderCertificate)
          - EntityAttributeFetchImpl(entity=com.epam.esm.entity.GiftCertificate, querySpaceUid=<gen:1>, path=com.epam.esm.entity.OrderCertificate.certificate)
          - EntityAttributeFetchImpl(entity=com.epam.esm.entity.Order, querySpaceUid=<gen:2>, path=com.epam.esm.entity.OrderCertificate.order)
             - EntityAttributeFetchImpl(entity=com.epam.esm.entity.User, querySpaceUid=<gen:3>, path=com.epam.esm.entity.OrderCertificate.order.user)
                - EntityAttributeFetchImpl(entity=com.epam.esm.entity.Role, querySpaceUid=<gen:4>, path=com.epam.esm.entity.OrderCertificate.order.user.role)
    - QuerySpaces
       - EntityQuerySpaceImpl(uid=<gen:0>, entity=com.epam.esm.entity.OrderCertificate)
          - SQL table alias mapping - ordercerti0_
          - alias suffix - 0_
          - suffixed key columns - {id1_6_0_}
          - JOIN (JoinDefinedByMetadata(order)) : <gen:0> -> <gen:2>
             - EntityQuerySpaceImpl(uid=<gen:2>, entity=com.epam.esm.entity.Order)
                - SQL table alias mapping - order1_
                - alias suffix - 1_
                - suffixed key columns - {id1_0_1_}
                - JOIN (JoinDefinedByMetadata(user)) : <gen:2> -> <gen:3>
                   - EntityQuerySpaceImpl(uid=<gen:3>, entity=com.epam.esm.entity.User)
                      - SQL table alias mapping - user2_
                      - alias suffix - 2_
                      - suffixed key columns - {id1_2_2_}
                      - JOIN (JoinDefinedByMetadata(role)) : <gen:3> -> <gen:4>
                         - EntityQuerySpaceImpl(uid=<gen:4>, entity=com.epam.esm.entity.Role)
                            - SQL table alias mapping - role3_
                            - alias suffix - 3_
                            - suffixed key columns - {id1_1_3_}

17:03:28.834 [Test worker] DEBUG org.hibernate.loader.entity.plan.EntityLoader - Static select for entity com.epam.esm.entity.OrderCertificate [NONE]: select ordercerti0_.id as id1_6_0_, ordercerti0_.certificate_id as certific4_6_0_, ordercerti0_.expiration_date as expirati2_6_0_, ordercerti0_.fixed_price as fixed_pr3_6_0_, ordercerti0_.order_id as order_id5_6_0_, order1_.id as id1_0_1_, order1_.active_status as active_s2_0_1_, order1_.created_at as created_3_0_1_, order1_.user_id as user_id4_0_1_, user2_.id as id1_2_2_, user2_.email as email2_2_2_, user2_.password as password3_2_2_, user2_.refresh_token as refresh_4_2_2_, user2_.role_id as role_id5_2_2_, role3_.id as id1_1_3_, role3_.value as value2_1_3_ from order_certificate ordercerti0_ left outer join application_order order1_ on ordercerti0_.order_id=order1_.id left outer join application_user user2_ on order1_.user_id=user2_.id left outer join application_role role3_ on user2_.role_id=role3_.id where ordercerti0_.id=?
17:03:28.834 [Test worker] DEBUG org.hibernate.loader.plan.build.internal.spaces.QuerySpacesImpl - Adding QuerySpace : uid = <gen:0> -> org.hibernate.loader.plan.build.internal.spaces.EntityQuerySpaceImpl@5fd71e4e]
17:03:28.834 [Test worker] DEBUG org.hibernate.persister.walking.spi.MetamodelGraphWalker - Visiting attribute path : certificate
17:03:28.834 [Test worker] DEBUG org.hibernate.loader.plan.build.internal.spaces.QuerySpacesImpl - Adding QuerySpace : uid = <gen:1> -> org.hibernate.loader.plan.build.internal.spaces.EntityQuerySpaceImpl@5ce715ce]
17:03:28.835 [Test worker] DEBUG org.hibernate.persister.walking.spi.MetamodelGraphWalker - Visiting attribute path : expirationDate
17:03:28.835 [Test worker] DEBUG org.hibernate.persister.walking.spi.MetamodelGraphWalker - Visiting attribute path : fixedPrice
17:03:28.835 [Test worker] DEBUG org.hibernate.persister.walking.spi.MetamodelGraphWalker - Visiting attribute path : order
17:03:28.835 [Test worker] DEBUG org.hibernate.loader.plan.build.internal.spaces.QuerySpacesImpl - Adding QuerySpace : uid = <gen:2> -> org.hibernate.loader.plan.build.internal.spaces.EntityQuerySpaceImpl@1130f2c3]
17:03:28.835 [Test worker] DEBUG org.hibernate.persister.walking.spi.MetamodelGraphWalker - Visiting attribute path : order.activeStatus
17:03:28.835 [Test worker] DEBUG org.hibernate.persister.walking.spi.MetamodelGraphWalker - Visiting attribute path : order.createdAt
17:03:28.835 [Test worker] DEBUG org.hibernate.persister.walking.spi.MetamodelGraphWalker - Visiting attribute path : order.orderCertificates
17:03:28.835 [Test worker] DEBUG org.hibernate.persister.walking.spi.MetamodelGraphWalker - Property path deemed to be circular : order.orderCertificates
17:03:28.835 [Test worker] DEBUG org.hibernate.persister.walking.spi.MetamodelGraphWalker - Visiting attribute path : order.user
17:03:28.835 [Test worker] DEBUG org.hibernate.loader.plan.build.internal.spaces.QuerySpacesImpl - Adding QuerySpace : uid = <gen:3> -> org.hibernate.loader.plan.build.internal.spaces.EntityQuerySpaceImpl@69daabf5]
17:03:28.836 [Test worker] DEBUG org.hibernate.persister.walking.spi.MetamodelGraphWalker - Visiting attribute path : order.user.email
17:03:28.836 [Test worker] DEBUG org.hibernate.persister.walking.spi.MetamodelGraphWalker - Visiting attribute path : order.user.orders
17:03:28.836 [Test worker] DEBUG org.hibernate.persister.walking.spi.MetamodelGraphWalker - Property path deemed to be circular : order.user.orders
17:03:28.836 [Test worker] DEBUG org.hibernate.persister.walking.spi.MetamodelGraphWalker - Visiting attribute path : order.user.password
17:03:28.836 [Test worker] DEBUG org.hibernate.persister.walking.spi.MetamodelGraphWalker - Visiting attribute path : order.user.refreshToken
17:03:28.836 [Test worker] DEBUG org.hibernate.persister.walking.spi.MetamodelGraphWalker - Visiting attribute path : order.user.role
17:03:28.836 [Test worker] DEBUG org.hibernate.loader.plan.build.internal.spaces.QuerySpacesImpl - Adding QuerySpace : uid = <gen:4> -> org.hibernate.loader.plan.build.internal.spaces.EntityQuerySpaceImpl@1b47c7f2]
17:03:28.836 [Test worker] DEBUG org.hibernate.persister.walking.spi.MetamodelGraphWalker - Visiting attribute path : order.user.role.value
17:03:28.836 [Test worker] DEBUG org.hibernate.loader.plan.build.internal.FetchStyleLoadPlanBuildingAssociationVisitationStrategy - Building LoadPlan...
17:03:28.837 [Test worker] DEBUG org.hibernate.loader.plan.exec.internal.LoadQueryJoinAndFetchProcessor - processing queryspace <gen:0>
17:03:28.837 [Test worker] DEBUG org.hibernate.loader.plan.build.spi.LoadPlanTreePrinter - LoadPlan(entity=com.epam.esm.entity.OrderCertificate)
    - Returns
       - EntityReturnImpl(entity=com.epam.esm.entity.OrderCertificate, querySpaceUid=<gen:0>, path=com.epam.esm.entity.OrderCertificate)
          - EntityAttributeFetchImpl(entity=com.epam.esm.entity.GiftCertificate, querySpaceUid=<gen:1>, path=com.epam.esm.entity.OrderCertificate.certificate)
          - EntityAttributeFetchImpl(entity=com.epam.esm.entity.Order, querySpaceUid=<gen:2>, path=com.epam.esm.entity.OrderCertificate.order)
             - EntityAttributeFetchImpl(entity=com.epam.esm.entity.User, querySpaceUid=<gen:3>, path=com.epam.esm.entity.OrderCertificate.order.user)
                - EntityAttributeFetchImpl(entity=com.epam.esm.entity.Role, querySpaceUid=<gen:4>, path=com.epam.esm.entity.OrderCertificate.order.user.role)
    - QuerySpaces
       - EntityQuerySpaceImpl(uid=<gen:0>, entity=com.epam.esm.entity.OrderCertificate)
          - SQL table alias mapping - ordercerti0_
          - alias suffix - 0_
          - suffixed key columns - {id1_6_0_}
          - JOIN (JoinDefinedByMetadata(order)) : <gen:0> -> <gen:2>
             - EntityQuerySpaceImpl(uid=<gen:2>, entity=com.epam.esm.entity.Order)
                - SQL table alias mapping - order1_
                - alias suffix - 1_
                - suffixed key columns - {id1_0_1_}
                - JOIN (JoinDefinedByMetadata(user)) : <gen:2> -> <gen:3>
                   - EntityQuerySpaceImpl(uid=<gen:3>, entity=com.epam.esm.entity.User)
                      - SQL table alias mapping - user2_
                      - alias suffix - 2_
                      - suffixed key columns - {id1_2_2_}
                      - JOIN (JoinDefinedByMetadata(role)) : <gen:3> -> <gen:4>
                         - EntityQuerySpaceImpl(uid=<gen:4>, entity=com.epam.esm.entity.Role)
                            - SQL table alias mapping - role3_
                            - alias suffix - 3_
                            - suffixed key columns - {id1_1_3_}

17:03:28.838 [Test worker] DEBUG org.hibernate.loader.entity.plan.EntityLoader - Static select for entity com.epam.esm.entity.OrderCertificate [READ]: select ordercerti0_.id as id1_6_0_, ordercerti0_.certificate_id as certific4_6_0_, ordercerti0_.expiration_date as expirati2_6_0_, ordercerti0_.fixed_price as fixed_pr3_6_0_, ordercerti0_.order_id as order_id5_6_0_, order1_.id as id1_0_1_, order1_.active_status as active_s2_0_1_, order1_.created_at as created_3_0_1_, order1_.user_id as user_id4_0_1_, user2_.id as id1_2_2_, user2_.email as email2_2_2_, user2_.password as password3_2_2_, user2_.refresh_token as refresh_4_2_2_, user2_.role_id as role_id5_2_2_, role3_.id as id1_1_3_, role3_.value as value2_1_3_ from order_certificate ordercerti0_ left outer join application_order order1_ on ordercerti0_.order_id=order1_.id left outer join application_user user2_ on order1_.user_id=user2_.id left outer join application_role role3_ on user2_.role_id=role3_.id where ordercerti0_.id=?
17:03:28.838 [Test worker] DEBUG org.hibernate.loader.Loader - Static select for action ACTION_MERGE on entity com.epam.esm.entity.OrderCertificate: select ordercerti0_.id as id1_6_3_, ordercerti0_.certificate_id as certific4_6_3_, ordercerti0_.expiration_date as expirati2_6_3_, ordercerti0_.fixed_price as fixed_pr3_6_3_, ordercerti0_.order_id as order_id5_6_3_, giftcertif1_.id as id1_3_0_, giftcertif1_.active_status as active_s2_3_0_, giftcertif1_.creation_date as creation3_3_0_, giftcertif1_.description as descript4_3_0_, giftcertif1_.expiration_date as expirati5_3_0_, giftcertif1_.modification_date as modifica6_3_0_, giftcertif1_.name as name7_3_0_, giftcertif1_.price as price8_3_0_, tags2_.certificate_id as certific1_4_5_, tag3_.id as tag_id2_4_5_, tag3_.id as id1_7_1_, tag3_.title as title2_7_1_, order4_.id as id1_0_2_, order4_.active_status as active_s2_0_2_, order4_.created_at as created_3_0_2_, order4_.user_id as user_id4_0_2_ from order_certificate ordercerti0_ left outer join certificate giftcertif1_ on ordercerti0_.certificate_id=giftcertif1_.id left outer join certificate_tag tags2_ on giftcertif1_.id=tags2_.certificate_id left outer join tag tag3_ on tags2_.tag_id=tag3_.id left outer join application_order order4_ on ordercerti0_.order_id=order4_.id where ordercerti0_.id=?
17:03:28.838 [Test worker] DEBUG org.hibernate.loader.Loader - Static select for action ACTION_REFRESH on entity com.epam.esm.entity.OrderCertificate: select ordercerti0_.id as id1_6_2_, ordercerti0_.certificate_id as certific4_6_2_, ordercerti0_.expiration_date as expirati2_6_2_, ordercerti0_.fixed_price as fixed_pr3_6_2_, ordercerti0_.order_id as order_id5_6_2_, giftcertif1_.id as id1_3_0_, giftcertif1_.active_status as active_s2_3_0_, giftcertif1_.creation_date as creation3_3_0_, giftcertif1_.description as descript4_3_0_, giftcertif1_.expiration_date as expirati5_3_0_, giftcertif1_.modification_date as modifica6_3_0_, giftcertif1_.name as name7_3_0_, giftcertif1_.price as price8_3_0_, order2_.id as id1_0_1_, order2_.active_status as active_s2_0_1_, order2_.created_at as created_3_0_1_, order2_.user_id as user_id4_0_1_ from order_certificate ordercerti0_ left outer join certificate giftcertif1_ on ordercerti0_.certificate_id=giftcertif1_.id left outer join application_order order2_ on ordercerti0_.order_id=order2_.id where ordercerti0_.id=?
17:03:28.839 [Test worker] DEBUG org.hibernate.persister.entity.AbstractEntityPersister - Static SQL for entity: com.epam.esm.entity.Role
17:03:28.839 [Test worker] DEBUG org.hibernate.persister.entity.AbstractEntityPersister -  Version select: select id from application_role where id =?
17:03:28.839 [Test worker] DEBUG org.hibernate.persister.entity.AbstractEntityPersister -  Snapshot select: select role_.id, role_.value as value2_1_ from application_role role_ where role_.id=?
17:03:28.839 [Test worker] DEBUG org.hibernate.persister.entity.AbstractEntityPersister -  Insert 0: insert into application_role (value, id) values (?, ?)
17:03:28.839 [Test worker] DEBUG org.hibernate.persister.entity.AbstractEntityPersister -  Update 0: update application_role set value=? where id=?
17:03:28.839 [Test worker] DEBUG org.hibernate.persister.entity.AbstractEntityPersister -  Delete 0: delete from application_role where id=?
17:03:28.839 [Test worker] DEBUG org.hibernate.persister.entity.AbstractEntityPersister -  Identity insert: insert into application_role (id, value) values (null, ?)
17:03:28.839 [Test worker] DEBUG org.hibernate.loader.plan.build.internal.spaces.QuerySpacesImpl - Adding QuerySpace : uid = <gen:0> -> org.hibernate.loader.plan.build.internal.spaces.EntityQuerySpaceImpl@44b1e22b]
17:03:28.840 [Test worker] DEBUG org.hibernate.persister.walking.spi.MetamodelGraphWalker - Visiting attribute path : value
17:03:28.840 [Test worker] DEBUG org.hibernate.loader.plan.build.internal.FetchStyleLoadPlanBuildingAssociationVisitationStrategy - Building LoadPlan...
17:03:28.840 [Test worker] DEBUG org.hibernate.loader.plan.exec.internal.LoadQueryJoinAndFetchProcessor - processing queryspace <gen:0>
17:03:28.840 [Test worker] DEBUG org.hibernate.loader.plan.build.spi.LoadPlanTreePrinter - LoadPlan(entity=com.epam.esm.entity.Role)
    - Returns
       - EntityReturnImpl(entity=com.epam.esm.entity.Role, querySpaceUid=<gen:0>, path=com.epam.esm.entity.Role)
    - QuerySpaces
       - EntityQuerySpaceImpl(uid=<gen:0>, entity=com.epam.esm.entity.Role)
          - SQL table alias mapping - role0_
          - alias suffix - 0_
          - suffixed key columns - {id1_1_0_}

17:03:28.840 [Test worker] DEBUG org.hibernate.loader.entity.plan.EntityLoader - Static select for entity com.epam.esm.entity.Role [NONE]: select role0_.id as id1_1_0_, role0_.value as value2_1_0_ from application_role role0_ where role0_.id=?
17:03:28.840 [Test worker] DEBUG org.hibernate.loader.plan.build.internal.spaces.QuerySpacesImpl - Adding QuerySpace : uid = <gen:0> -> org.hibernate.loader.plan.build.internal.spaces.EntityQuerySpaceImpl@50795d7b]
17:03:28.841 [Test worker] DEBUG org.hibernate.persister.walking.spi.MetamodelGraphWalker - Visiting attribute path : value
17:03:28.841 [Test worker] DEBUG org.hibernate.loader.plan.build.internal.FetchStyleLoadPlanBuildingAssociationVisitationStrategy - Building LoadPlan...
17:03:28.841 [Test worker] DEBUG org.hibernate.loader.plan.exec.internal.LoadQueryJoinAndFetchProcessor - processing queryspace <gen:0>
17:03:28.841 [Test worker] DEBUG org.hibernate.loader.plan.build.spi.LoadPlanTreePrinter - LoadPlan(entity=com.epam.esm.entity.Role)
    - Returns
       - EntityReturnImpl(entity=com.epam.esm.entity.Role, querySpaceUid=<gen:0>, path=com.epam.esm.entity.Role)
    - QuerySpaces
       - EntityQuerySpaceImpl(uid=<gen:0>, entity=com.epam.esm.entity.Role)
          - SQL table alias mapping - role0_
          - alias suffix - 0_
          - suffixed key columns - {id1_1_0_}

17:03:28.841 [Test worker] DEBUG org.hibernate.loader.entity.plan.EntityLoader - Static select for entity com.epam.esm.entity.Role [READ]: select role0_.id as id1_1_0_, role0_.value as value2_1_0_ from application_role role0_ where role0_.id=?
17:03:28.841 [Test worker] DEBUG org.hibernate.loader.Loader - Static select for action ACTION_MERGE on entity com.epam.esm.entity.Role: select role0_.id as id1_1_0_, role0_.value as value2_1_0_ from application_role role0_ where role0_.id=?
17:03:28.842 [Test worker] DEBUG org.hibernate.loader.Loader - Static select for action ACTION_REFRESH on entity com.epam.esm.entity.Role: select role0_.id as id1_1_0_, role0_.value as value2_1_0_ from application_role role0_ where role0_.id=?
17:03:28.842 [Test worker] DEBUG org.hibernate.loader.plan.build.internal.spaces.QuerySpacesImpl - Adding QuerySpace : uid = <gen:0> -> org.hibernate.loader.plan.build.internal.spaces.CollectionQuerySpaceImpl@20ff1dc0]
17:03:28.842 [Test worker] DEBUG org.hibernate.loader.plan.build.internal.spaces.QuerySpacesImpl - Adding QuerySpace : uid = <gen:1> -> org.hibernate.loader.plan.build.internal.spaces.EntityQuerySpaceImpl@76eef289]
17:03:28.842 [Test worker] DEBUG org.hibernate.persister.walking.spi.MetamodelGraphWalker - Visiting attribute path : title
17:03:28.842 [Test worker] DEBUG org.hibernate.loader.plan.build.internal.FetchStyleLoadPlanBuildingAssociationVisitationStrategy - Building LoadPlan...
17:03:28.842 [Test worker] DEBUG org.hibernate.loader.plan.exec.internal.LoadQueryJoinAndFetchProcessor - processing queryspace <gen:0>
17:03:28.843 [Test worker] DEBUG org.hibernate.loader.plan.build.spi.LoadPlanTreePrinter - LoadPlan(collection=com.epam.esm.entity.GiftCertificate.tags)
    - Returns
       - CollectionReturnImpl(collection=com.epam.esm.entity.GiftCertificate.tags, querySpaceUid=<gen:0>, path=[com.epam.esm.entity.GiftCertificate.tags])
          - (collection element) CollectionFetchableElementEntityGraph(entity=com.epam.esm.entity.Tag, querySpaceUid=<gen:1>, path=[com.epam.esm.entity.GiftCertificate.tags].<elements>)
    - QuerySpaces
       - CollectionQuerySpaceImpl(uid=<gen:0>, collection=com.epam.esm.entity.GiftCertificate.tags)
          - SQL table alias mapping - tags0_
          - alias suffix - 0_
          - suffixed key columns - {certific1_4_0_}
          - entity-element alias suffix - 1_
          - 1_entity-element suffixed key columns - id1_7_1_
          - JOIN (JoinDefinedByMetadata(elements)) : <gen:0> -> <gen:1>
             - EntityQuerySpaceImpl(uid=<gen:1>, entity=com.epam.esm.entity.Tag)
                - SQL table alias mapping - tag1_
                - alias suffix - 1_
                - suffixed key columns - {id1_7_1_}

17:03:28.843 [Test worker] DEBUG org.hibernate.loader.collection.plan.CollectionLoader - Static select for collection com.epam.esm.entity.GiftCertificate.tags: select tags0_.certificate_id as certific1_4_0_, tags0_.tag_id as tag_id2_4_0_, tag1_.id as id1_7_1_, tag1_.title as title2_7_1_ from certificate_tag tags0_ inner join tag tag1_ on tags0_.tag_id=tag1_.id where tags0_.certificate_id=?
17:03:28.843 [Test worker] DEBUG org.hibernate.loader.plan.build.internal.spaces.QuerySpacesImpl - Adding QuerySpace : uid = <gen:0> -> org.hibernate.loader.plan.build.internal.spaces.CollectionQuerySpaceImpl@7f21a9b7]
17:03:28.843 [Test worker] DEBUG org.hibernate.loader.plan.build.internal.spaces.QuerySpacesImpl - Adding QuerySpace : uid = <gen:1> -> org.hibernate.loader.plan.build.internal.spaces.EntityQuerySpaceImpl@7e5a7660]
17:03:28.843 [Test worker] DEBUG org.hibernate.persister.walking.spi.MetamodelGraphWalker - Visiting attribute path : certificate
17:03:28.843 [Test worker] DEBUG org.hibernate.loader.plan.build.internal.spaces.QuerySpacesImpl - Adding QuerySpace : uid = <gen:2> -> org.hibernate.loader.plan.build.internal.spaces.EntityQuerySpaceImpl@35a26552]
17:03:28.843 [Test worker] DEBUG org.hibernate.persister.walking.spi.MetamodelGraphWalker - Visiting attribute path : expirationDate
17:03:28.843 [Test worker] DEBUG org.hibernate.persister.walking.spi.MetamodelGraphWalker - Visiting attribute path : fixedPrice
17:03:28.843 [Test worker] DEBUG org.hibernate.persister.walking.spi.MetamodelGraphWalker - Visiting attribute path : order
17:03:28.844 [Test worker] DEBUG org.hibernate.persister.walking.spi.MetamodelGraphWalker - Property path deemed to be circular : order
17:03:28.844 [Test worker] DEBUG org.hibernate.loader.plan.build.internal.FetchStyleLoadPlanBuildingAssociationVisitationStrategy - Building LoadPlan...
17:03:28.844 [Test worker] DEBUG org.hibernate.loader.plan.exec.internal.LoadQueryJoinAndFetchProcessor - processing queryspace <gen:0>
17:03:28.844 [Test worker] DEBUG org.hibernate.loader.plan.build.spi.LoadPlanTreePrinter - LoadPlan(collection=com.epam.esm.entity.Order.orderCertificates)
    - Returns
       - CollectionReturnImpl(collection=com.epam.esm.entity.Order.orderCertificates, querySpaceUid=<gen:0>, path=[com.epam.esm.entity.Order.orderCertificates])
          - (collection element) CollectionFetchableElementEntityGraph(entity=com.epam.esm.entity.OrderCertificate, querySpaceUid=<gen:1>, path=[com.epam.esm.entity.Order.orderCertificates].<elements>)
             - EntityAttributeFetchImpl(entity=com.epam.esm.entity.GiftCertificate, querySpaceUid=<gen:2>, path=[com.epam.esm.entity.Order.orderCertificates].<elements>.certificate)
    - QuerySpaces
       - CollectionQuerySpaceImpl(uid=<gen:0>, collection=com.epam.esm.entity.Order.orderCertificates)
          - SQL table alias mapping - ordercerti0_
          - alias suffix - 0_
          - suffixed key columns - {order_id5_6_0_}
          - entity-element alias suffix - 1_
          - 1_entity-element suffixed key columns - id1_6_1_
          - JOIN (JoinDefinedByMetadata(elements)) : <gen:0> -> <gen:1>
             - EntityQuerySpaceImpl(uid=<gen:1>, entity=com.epam.esm.entity.OrderCertificate)
                - SQL table alias mapping - ordercerti0_
                - alias suffix - 1_
                - suffixed key columns - {id1_6_1_}

17:03:28.844 [Test worker] DEBUG org.hibernate.loader.collection.plan.CollectionLoader - Static select for collection com.epam.esm.entity.Order.orderCertificates: select ordercerti0_.order_id as order_id5_6_0_, ordercerti0_.id as id1_6_0_, ordercerti0_.id as id1_6_1_, ordercerti0_.certificate_id as certific4_6_1_, ordercerti0_.expiration_date as expirati2_6_1_, ordercerti0_.fixed_price as fixed_pr3_6_1_, ordercerti0_.order_id as order_id5_6_1_ from order_certificate ordercerti0_ where ordercerti0_.order_id=?
17:03:28.845 [Test worker] DEBUG org.hibernate.loader.plan.build.internal.spaces.QuerySpacesImpl - Adding QuerySpace : uid = <gen:0> -> org.hibernate.loader.plan.build.internal.spaces.CollectionQuerySpaceImpl@1866fcf0]
17:03:28.845 [Test worker] DEBUG org.hibernate.loader.plan.build.internal.spaces.QuerySpacesImpl - Adding QuerySpace : uid = <gen:1> -> org.hibernate.loader.plan.build.internal.spaces.EntityQuerySpaceImpl@6ee731ff]
17:03:28.845 [Test worker] DEBUG org.hibernate.persister.walking.spi.MetamodelGraphWalker - Visiting attribute path : certificate
17:03:28.845 [Test worker] DEBUG org.hibernate.persister.walking.spi.MetamodelGraphWalker - Property path deemed to be circular : certificate
17:03:28.845 [Test worker] DEBUG org.hibernate.persister.walking.spi.MetamodelGraphWalker - Visiting attribute path : expirationDate
17:03:28.845 [Test worker] DEBUG org.hibernate.persister.walking.spi.MetamodelGraphWalker - Visiting attribute path : fixedPrice
17:03:28.845 [Test worker] DEBUG org.hibernate.persister.walking.spi.MetamodelGraphWalker - Visiting attribute path : order
17:03:28.845 [Test worker] DEBUG org.hibernate.loader.plan.build.internal.spaces.QuerySpacesImpl - Adding QuerySpace : uid = <gen:2> -> org.hibernate.loader.plan.build.internal.spaces.EntityQuerySpaceImpl@40fc0c56]
17:03:28.845 [Test worker] DEBUG org.hibernate.persister.walking.spi.MetamodelGraphWalker - Visiting attribute path : order.activeStatus
17:03:28.845 [Test worker] DEBUG org.hibernate.persister.walking.spi.MetamodelGraphWalker - Visiting attribute path : order.createdAt
17:03:28.845 [Test worker] DEBUG org.hibernate.persister.walking.spi.MetamodelGraphWalker - Visiting attribute path : order.orderCertificates
17:03:28.845 [Test worker] DEBUG org.hibernate.persister.walking.spi.MetamodelGraphWalker - Property path deemed to be circular : order.orderCertificates
17:03:28.846 [Test worker] DEBUG org.hibernate.persister.walking.spi.MetamodelGraphWalker - Visiting attribute path : order.user
17:03:28.846 [Test worker] DEBUG org.hibernate.loader.plan.build.internal.spaces.QuerySpacesImpl - Adding QuerySpace : uid = <gen:3> -> org.hibernate.loader.plan.build.internal.spaces.EntityQuerySpaceImpl@3ad7c6f7]
17:03:28.846 [Test worker] DEBUG org.hibernate.persister.walking.spi.MetamodelGraphWalker - Visiting attribute path : order.user.email
17:03:28.846 [Test worker] DEBUG org.hibernate.persister.walking.spi.MetamodelGraphWalker - Visiting attribute path : order.user.orders
17:03:28.846 [Test worker] DEBUG org.hibernate.persister.walking.spi.MetamodelGraphWalker - Property path deemed to be circular : order.user.orders
17:03:28.846 [Test worker] DEBUG org.hibernate.persister.walking.spi.MetamodelGraphWalker - Visiting attribute path : order.user.password
17:03:28.846 [Test worker] DEBUG org.hibernate.persister.walking.spi.MetamodelGraphWalker - Visiting attribute path : order.user.refreshToken
17:03:28.846 [Test worker] DEBUG org.hibernate.persister.walking.spi.MetamodelGraphWalker - Visiting attribute path : order.user.role
17:03:28.846 [Test worker] DEBUG org.hibernate.loader.plan.build.internal.spaces.QuerySpacesImpl - Adding QuerySpace : uid = <gen:4> -> org.hibernate.loader.plan.build.internal.spaces.EntityQuerySpaceImpl@6222b448]
17:03:28.846 [Test worker] DEBUG org.hibernate.persister.walking.spi.MetamodelGraphWalker - Visiting attribute path : order.user.role.value
17:03:28.846 [Test worker] DEBUG org.hibernate.loader.plan.build.internal.FetchStyleLoadPlanBuildingAssociationVisitationStrategy - Building LoadPlan...
17:03:28.847 [Test worker] DEBUG org.hibernate.loader.plan.exec.internal.LoadQueryJoinAndFetchProcessor - processing queryspace <gen:0>
17:03:28.848 [Test worker] DEBUG org.hibernate.loader.plan.build.spi.LoadPlanTreePrinter - LoadPlan(collection=com.epam.esm.entity.GiftCertificate.orderCertificates)
    - Returns
       - CollectionReturnImpl(collection=com.epam.esm.entity.GiftCertificate.orderCertificates, querySpaceUid=<gen:0>, path=[com.epam.esm.entity.GiftCertificate.orderCertificates])
          - (collection element) CollectionFetchableElementEntityGraph(entity=com.epam.esm.entity.OrderCertificate, querySpaceUid=<gen:1>, path=[com.epam.esm.entity.GiftCertificate.orderCertificates].<elements>)
             - EntityAttributeFetchImpl(entity=com.epam.esm.entity.Order, querySpaceUid=<gen:2>, path=[com.epam.esm.entity.GiftCertificate.orderCertificates].<elements>.order)
                - EntityAttributeFetchImpl(entity=com.epam.esm.entity.User, querySpaceUid=<gen:3>, path=[com.epam.esm.entity.GiftCertificate.orderCertificates].<elements>.order.user)
                   - EntityAttributeFetchImpl(entity=com.epam.esm.entity.Role, querySpaceUid=<gen:4>, path=[com.epam.esm.entity.GiftCertificate.orderCertificates].<elements>.order.user.role)
    - QuerySpaces
       - CollectionQuerySpaceImpl(uid=<gen:0>, collection=com.epam.esm.entity.GiftCertificate.orderCertificates)
          - SQL table alias mapping - ordercerti0_
          - alias suffix - 0_
          - suffixed key columns - {certific4_6_0_}
          - entity-element alias suffix - 1_
          - 1_entity-element suffixed key columns - id1_6_1_
          - JOIN (JoinDefinedByMetadata(elements)) : <gen:0> -> <gen:1>
             - EntityQuerySpaceImpl(uid=<gen:1>, entity=com.epam.esm.entity.OrderCertificate)
                - SQL table alias mapping - ordercerti0_
                - alias suffix - 1_
                - suffixed key columns - {id1_6_1_}
                - JOIN (JoinDefinedByMetadata(order)) : <gen:1> -> <gen:2>
                   - EntityQuerySpaceImpl(uid=<gen:2>, entity=com.epam.esm.entity.Order)
                      - SQL table alias mapping - order1_
                      - alias suffix - 2_
                      - suffixed key columns - {id1_0_2_}
                      - JOIN (JoinDefinedByMetadata(user)) : <gen:2> -> <gen:3>
                         - EntityQuerySpaceImpl(uid=<gen:3>, entity=com.epam.esm.entity.User)
                            - SQL table alias mapping - user2_
                            - alias suffix - 3_
                            - suffixed key columns - {id1_2_3_}
                            - JOIN (JoinDefinedByMetadata(role)) : <gen:3> -> <gen:4>
                               - EntityQuerySpaceImpl(uid=<gen:4>, entity=com.epam.esm.entity.Role)
                                  - SQL table alias mapping - role3_
                                  - alias suffix - 4_
                                  - suffixed key columns - {id1_1_4_}

17:03:28.848 [Test worker] DEBUG org.hibernate.loader.collection.plan.CollectionLoader - Static select for collection com.epam.esm.entity.GiftCertificate.orderCertificates: select ordercerti0_.certificate_id as certific4_6_0_, ordercerti0_.id as id1_6_0_, ordercerti0_.id as id1_6_1_, ordercerti0_.certificate_id as certific4_6_1_, ordercerti0_.expiration_date as expirati2_6_1_, ordercerti0_.fixed_price as fixed_pr3_6_1_, ordercerti0_.order_id as order_id5_6_1_, order1_.id as id1_0_2_, order1_.active_status as active_s2_0_2_, order1_.created_at as created_3_0_2_, order1_.user_id as user_id4_0_2_, user2_.id as id1_2_3_, user2_.email as email2_2_3_, user2_.password as password3_2_3_, user2_.refresh_token as refresh_4_2_3_, user2_.role_id as role_id5_2_3_, role3_.id as id1_1_4_, role3_.value as value2_1_4_ from order_certificate ordercerti0_ left outer join application_order order1_ on ordercerti0_.order_id=order1_.id left outer join application_user user2_ on order1_.user_id=user2_.id left outer join application_role role3_ on user2_.role_id=role3_.id where ordercerti0_.certificate_id=?
17:03:28.848 [Test worker] DEBUG org.hibernate.loader.plan.build.internal.spaces.QuerySpacesImpl - Adding QuerySpace : uid = <gen:0> -> org.hibernate.loader.plan.build.internal.spaces.CollectionQuerySpaceImpl@6ca48eaf]
17:03:28.848 [Test worker] DEBUG org.hibernate.loader.plan.build.internal.spaces.QuerySpacesImpl - Adding QuerySpace : uid = <gen:1> -> org.hibernate.loader.plan.build.internal.spaces.EntityQuerySpaceImpl@4a69eedc]
17:03:28.848 [Test worker] DEBUG org.hibernate.persister.walking.spi.MetamodelGraphWalker - Visiting attribute path : activeStatus
17:03:28.848 [Test worker] DEBUG org.hibernate.persister.walking.spi.MetamodelGraphWalker - Visiting attribute path : createdAt
17:03:28.848 [Test worker] DEBUG org.hibernate.persister.walking.spi.MetamodelGraphWalker - Visiting attribute path : orderCertificates
17:03:28.849 [Test worker] DEBUG org.hibernate.loader.plan.build.internal.spaces.QuerySpacesImpl - Adding QuerySpace : uid = <gen:2> -> org.hibernate.loader.plan.build.internal.spaces.CollectionQuerySpaceImpl@1dc67daf]
17:03:28.849 [Test worker] DEBUG org.hibernate.loader.plan.build.internal.spaces.QuerySpacesImpl - Adding QuerySpace : uid = <gen:3> -> org.hibernate.loader.plan.build.internal.spaces.EntityQuerySpaceImpl@18dc7fc5]
17:03:28.849 [Test worker] DEBUG org.hibernate.persister.walking.spi.MetamodelGraphWalker - Visiting attribute path : user
17:03:28.849 [Test worker] DEBUG org.hibernate.persister.walking.spi.MetamodelGraphWalker - Property path deemed to be circular : user
17:03:28.849 [Test worker] DEBUG org.hibernate.loader.plan.build.internal.FetchStyleLoadPlanBuildingAssociationVisitationStrategy - Building LoadPlan...
17:03:28.849 [Test worker] DEBUG org.hibernate.loader.plan.exec.internal.LoadQueryJoinAndFetchProcessor - processing queryspace <gen:0>
17:03:28.849 [Test worker] DEBUG org.hibernate.loader.plan.build.spi.LoadPlanTreePrinter - LoadPlan(collection=com.epam.esm.entity.User.orders)
    - Returns
       - CollectionReturnImpl(collection=com.epam.esm.entity.User.orders, querySpaceUid=<gen:0>, path=[com.epam.esm.entity.User.orders])
          - (collection element) CollectionFetchableElementEntityGraph(entity=com.epam.esm.entity.Order, querySpaceUid=<gen:1>, path=[com.epam.esm.entity.User.orders].<elements>)
             - CollectionAttributeFetchImpl(collection=com.epam.esm.entity.Order.orderCertificates, querySpaceUid=<gen:2>, path=[com.epam.esm.entity.User.orders].<elements>.orderCertificates)
                - (collection element) CollectionFetchableElementEntityGraph(entity=com.epam.esm.entity.OrderCertificate, querySpaceUid=<gen:3>, path=[com.epam.esm.entity.User.orders].<elements>.orderCertificates.<elements>)
    - QuerySpaces
       - CollectionQuerySpaceImpl(uid=<gen:0>, collection=com.epam.esm.entity.User.orders)
          - SQL table alias mapping - orders0_
          - alias suffix - 0_
          - suffixed key columns - {user_id4_0_0_}
          - entity-element alias suffix - 1_
          - 1_entity-element suffixed key columns - id1_0_1_
          - JOIN (JoinDefinedByMetadata(elements)) : <gen:0> -> <gen:1>
             - EntityQuerySpaceImpl(uid=<gen:1>, entity=com.epam.esm.entity.Order)
                - SQL table alias mapping - orders0_
                - alias suffix - 1_
                - suffixed key columns - {id1_0_1_}

17:03:28.850 [Test worker] DEBUG org.hibernate.loader.collection.plan.CollectionLoader - Static select for collection com.epam.esm.entity.User.orders: select orders0_.user_id as user_id4_0_0_, orders0_.id as id1_0_0_, orders0_.id as id1_0_1_, orders0_.active_status as active_s2_0_1_, orders0_.created_at as created_3_0_1_, orders0_.user_id as user_id4_0_1_ from application_order orders0_ where orders0_.user_id=?
17:03:28.853 [Test worker] DEBUG org.hibernate.SQL - drop table application_order if exists
17:03:28.853 [Test worker] DEBUG org.hibernate.SQL - drop table application_role if exists
17:03:28.854 [Test worker] DEBUG org.hibernate.SQL - drop table application_user if exists
17:03:28.854 [Test worker] DEBUG org.hibernate.SQL - drop table certificate if exists
17:03:28.854 [Test worker] DEBUG org.hibernate.SQL - drop table certificate_tag if exists
17:03:28.854 [Test worker] DEBUG org.hibernate.SQL - drop table entity if exists
17:03:28.854 [Test worker] DEBUG org.hibernate.SQL - drop table order_certificate if exists
17:03:28.854 [Test worker] DEBUG org.hibernate.SQL - drop table tag if exists
17:03:28.855 [Test worker] DEBUG org.hibernate.SQL - create table application_order (id bigint generated by default as identity, active_status boolean, created_at timestamp, user_id bigint, primary key (id))
17:03:28.856 [Test worker] DEBUG org.hibernate.SQL - create table application_role (id bigint generated by default as identity, value varchar(255), primary key (id))
17:03:28.857 [Test worker] DEBUG org.hibernate.SQL - create table application_user (id bigint generated by default as identity, email varchar(255), password varchar(255), refresh_token varchar(255), role_id bigint, primary key (id))
17:03:28.858 [Test worker] DEBUG org.hibernate.SQL - create table certificate (id bigint generated by default as identity, active_status boolean, creation_date date, description varchar(255), expiration_date date, modification_date date, name varchar(255), price decimal(19,2), primary key (id))
17:03:28.859 [Test worker] DEBUG org.hibernate.SQL - create table certificate_tag (certificate_id bigint not null, tag_id bigint not null, primary key (certificate_id, tag_id))
17:03:28.860 [Test worker] DEBUG org.hibernate.SQL - create table entity (id bigint generated by default as identity, primary key (id))
17:03:28.861 [Test worker] DEBUG org.hibernate.SQL - create table order_certificate (id bigint generated by default as identity, expiration_date date, fixed_price decimal(19,2), certificate_id bigint, order_id bigint, primary key (id))
17:03:28.863 [Test worker] DEBUG org.hibernate.SQL - create table tag (id bigint generated by default as identity, title varchar(255), primary key (id))
17:03:28.864 [Test worker] DEBUG org.hibernate.SQL - alter table tag add constraint UK_k5g3urrxw2ym0ls8vo6xfgs65 unique (title)
17:03:28.865 [Test worker] DEBUG org.hibernate.SQL - alter table application_order add constraint FKp4m4jwa9ds4e3gmsdtsvjcty3 foreign key (user_id) references application_user
17:03:28.867 [Test worker] DEBUG org.hibernate.SQL - alter table application_user add constraint FKkb3re6enordhsw7vy7ftgtna4 foreign key (role_id) references application_role
17:03:28.869 [Test worker] DEBUG org.hibernate.SQL - alter table certificate_tag add constraint FKk65jck3ppxm1p372l03sxdtcc foreign key (tag_id) references tag
17:03:28.871 [Test worker] DEBUG org.hibernate.SQL - alter table certificate_tag add constraint FKlrytco6nyamwxl72nog54iymx foreign key (certificate_id) references certificate
17:03:28.873 [Test worker] DEBUG org.hibernate.SQL - alter table order_certificate add constraint FKans0qrkplnas0le7if4ph8n2w foreign key (certificate_id) references certificate
17:03:28.875 [Test worker] DEBUG org.hibernate.SQL - alter table order_certificate add constraint FKlylopteltw5t82w63stck3tb8 foreign key (order_id) references application_order
17:03:28.877 [Test worker] INFO org.hibernate.tool.schema.internal.SchemaCreatorImpl - HHH000476: Executing import script 'org.hibernate.tool.schema.internal.exec.ScriptSourceInputNonExistentImpl@3bb5d12c'
17:03:28.878 [Test worker] DEBUG org.hibernate.query.spi.NamedQueryRepository - Checking 0 named HQL queries
17:03:28.878 [Test worker] DEBUG org.hibernate.query.spi.NamedQueryRepository - Checking 0 named SQL queries
17:03:28.878 [Test worker] DEBUG org.hibernate.internal.SessionFactoryRegistry - Registering SessionFactory: 299ffe52-b00a-42dc-801f-a369ea2131c9 (<unnamed>)
17:03:28.878 [Test worker] DEBUG org.hibernate.internal.SessionFactoryRegistry - Not binding SessionFactory to JNDI, no JNDI name configured
17:03:28.878 [Test worker] INFO org.springframework.orm.jpa.LocalContainerEntityManagerFactoryBean - Initialized JPA EntityManagerFactory for persistence unit 'default'
17:03:28.878 [Test worker] DEBUG org.springframework.jdbc.datasource.DataSourceUtils - Fetching JDBC Connection from DataSource
17:03:28.879 [Test worker] DEBUG org.springframework.beans.factory.support.DefaultListableBeanFactory - Creating shared instance of singleton bean 'testConfig'
17:03:28.880 [Test worker] DEBUG org.springframework.beans.factory.support.DefaultListableBeanFactory - Creating shared instance of singleton bean 'certificateRepository'
17:03:28.881 [Test worker] DEBUG org.springframework.beans.factory.support.DefaultListableBeanFactory - Creating shared instance of singleton bean 'org.springframework.orm.jpa.SharedEntityManagerCreator#0'
17:03:28.885 [Test worker] DEBUG org.springframework.beans.factory.support.DefaultListableBeanFactory - Creating shared instance of singleton bean 'criteriaBuilderHelper'
17:03:28.886 [Test worker] DEBUG org.springframework.beans.factory.support.DefaultListableBeanFactory - Autowiring by type from bean name 'certificateRepository' via constructor to bean named 'org.springframework.orm.jpa.SharedEntityManagerCreator#0'
17:03:28.886 [Test worker] DEBUG org.springframework.beans.factory.support.DefaultListableBeanFactory - Autowiring by type from bean name 'certificateRepository' via constructor to bean named 'criteriaBuilderHelper'
17:03:28.887 [Test worker] DEBUG org.springframework.beans.factory.support.DefaultListableBeanFactory - Creating shared instance of singleton bean 'orderCertificateRepository'
17:03:28.888 [Test worker] DEBUG org.springframework.beans.factory.support.DefaultListableBeanFactory - Autowiring by type from bean name 'orderCertificateRepository' via constructor to bean named 'org.springframework.orm.jpa.SharedEntityManagerCreator#0'
17:03:28.888 [Test worker] DEBUG org.springframework.beans.factory.support.DefaultListableBeanFactory - Creating shared instance of singleton bean 'orderRepository'
17:03:28.890 [Test worker] DEBUG org.springframework.beans.factory.support.DefaultListableBeanFactory - Autowiring by type from bean name 'orderRepository' via constructor to bean named 'org.springframework.orm.jpa.SharedEntityManagerCreator#0'
17:03:28.891 [Test worker] DEBUG org.springframework.beans.factory.support.DefaultListableBeanFactory - Creating shared instance of singleton bean 'tagRepository'
17:03:28.892 [Test worker] DEBUG org.springframework.beans.factory.support.DefaultListableBeanFactory - Autowiring by type from bean name 'tagRepository' via constructor to bean named 'org.springframework.orm.jpa.SharedEntityManagerCreator#0'
17:03:28.893 [Test worker] DEBUG org.springframework.beans.factory.support.DefaultListableBeanFactory - Creating shared instance of singleton bean 'userRepository'
17:03:28.894 [Test worker] DEBUG org.springframework.beans.factory.support.DefaultListableBeanFactory - Autowiring by type from bean name 'userRepository' via constructor to bean named 'org.springframework.orm.jpa.SharedEntityManagerCreator#0'
17:03:28.895 [Test worker] DEBUG org.springframework.beans.factory.support.DefaultListableBeanFactory - Creating shared instance of singleton bean 'org.springframework.boot.autoconfigure.context.PropertyPlaceholderAutoConfiguration'
17:03:28.896 [Test worker] DEBUG org.springframework.beans.factory.support.DefaultListableBeanFactory - Creating shared instance of singleton bean 'org.springframework.boot.autoconfigure.task.TaskExecutionAutoConfiguration'
17:03:28.896 [Test worker] DEBUG org.springframework.core.LocalVariableTableParameterNameDiscoverer - Cannot find '.class' file for class [class org.springframework.boot.autoconfigure.task.TaskExecutionAutoConfiguration$$EnhancerBySpringCGLIB$$30b471bb] - unable to determine constructor/method parameter names
17:03:28.897 [Test worker] DEBUG org.springframework.beans.factory.support.DefaultListableBeanFactory - Creating shared instance of singleton bean 'spring.task.execution-org.springframework.boot.autoconfigure.task.TaskExecutionProperties'
17:03:28.898 [Test worker] DEBUG org.springframework.beans.factory.support.DefaultListableBeanFactory - Autowiring by type from bean name 'org.springframework.boot.autoconfigure.task.TaskExecutionAutoConfiguration' via constructor to bean named 'spring.task.execution-org.springframework.boot.autoconfigure.task.TaskExecutionProperties'
17:03:28.899 [Test worker] DEBUG org.springframework.beans.factory.support.DefaultListableBeanFactory - Creating shared instance of singleton bean 'taskExecutorBuilder'
17:03:28.900 [Test worker] DEBUG org.springframework.beans.factory.support.DefaultListableBeanFactory - Creating shared instance of singleton bean 'org.springframework.boot.autoconfigure.validation.ValidationAutoConfiguration'
17:03:28.900 [Test worker] DEBUG org.springframework.beans.factory.support.DefaultListableBeanFactory - Creating shared instance of singleton bean 'defaultValidator'
17:03:28.901 [Test worker] DEBUG org.hibernate.validator.internal.engine.resolver.TraversableResolvers - Found javax.persistence.Persistence on classpath containing 'getPersistenceUtil'. Assuming JPA 2 environment. Trying to instantiate JPA aware TraversableResolver
17:03:28.901 [Test worker] DEBUG org.hibernate.validator.internal.engine.resolver.TraversableResolvers - Instantiated JPA aware TraversableResolver of type org.hibernate.validator.internal.engine.resolver.JPATraversableResolver.
17:03:28.901 [Test worker] DEBUG org.hibernate.validator.messageinterpolation.ResourceBundleMessageInterpolator - Loaded expression factory via original TCCL
17:03:28.901 [Test worker] DEBUG org.hibernate.validator.internal.engine.resolver.TraversableResolvers - Found javax.persistence.Persistence on classpath containing 'getPersistenceUtil'. Assuming JPA 2 environment. Trying to instantiate JPA aware TraversableResolver
17:03:28.901 [Test worker] DEBUG org.hibernate.validator.internal.engine.resolver.TraversableResolvers - Instantiated JPA aware TraversableResolver of type org.hibernate.validator.internal.engine.resolver.JPATraversableResolver.
17:03:28.901 [Test worker] DEBUG org.hibernate.validator.internal.engine.ConfigurationImpl - Setting custom MessageInterpolator of type org.springframework.validation.beanvalidation.LocaleContextMessageInterpolator
17:03:28.902 [Test worker] DEBUG org.hibernate.validator.internal.engine.ConfigurationImpl - Setting custom ConstraintValidatorFactory of type org.springframework.validation.beanvalidation.SpringConstraintValidatorFactory
17:03:28.902 [Test worker] DEBUG org.hibernate.validator.internal.engine.ConfigurationImpl - Setting custom ParameterNameProvider of type org.springframework.validation.beanvalidation.LocalValidatorFactoryBean$1
17:03:28.902 [Test worker] DEBUG org.hibernate.validator.internal.xml.config.ValidationXmlParser - Trying to load META-INF/validation.xml for XML based Validator configuration.
17:03:28.902 [Test worker] DEBUG org.hibernate.validator.internal.xml.config.ResourceLoaderHelper - Trying to load META-INF/validation.xml via user class loader
17:03:28.902 [Test worker] DEBUG org.hibernate.validator.internal.xml.config.ResourceLoaderHelper - Trying to load META-INF/validation.xml via TCCL
17:03:28.902 [Test worker] DEBUG org.hibernate.validator.internal.xml.config.ResourceLoaderHelper - Trying to load META-INF/validation.xml via Hibernate Validator's class loader
17:03:28.902 [Test worker] DEBUG org.hibernate.validator.internal.xml.config.ValidationXmlParser - No META-INF/validation.xml found. Using annotation based configuration only.
17:03:28.908 [Test worker] DEBUG org.hibernate.validator.internal.engine.ValidatorFactoryImpl - HV000234: Using org.springframework.validation.beanvalidation.LocaleContextMessageInterpolator as ValidatorFactory-scoped message interpolator.
17:03:28.908 [Test worker] DEBUG org.hibernate.validator.internal.engine.ValidatorFactoryImpl - HV000234: Using org.hibernate.validator.internal.engine.resolver.JPATraversableResolver as ValidatorFactory-scoped traversable resolver.
17:03:28.908 [Test worker] DEBUG org.hibernate.validator.internal.engine.ValidatorFactoryImpl - HV000234: Using org.hibernate.validator.internal.util.ExecutableParameterNameProvider as ValidatorFactory-scoped parameter name provider.
17:03:28.908 [Test worker] DEBUG org.hibernate.validator.internal.engine.ValidatorFactoryImpl - HV000234: Using org.hibernate.validator.internal.engine.DefaultClockProvider as ValidatorFactory-scoped clock provider.
17:03:28.908 [Test worker] DEBUG org.hibernate.validator.internal.engine.ValidatorFactoryImpl - HV000234: Using org.hibernate.validator.internal.engine.scripting.DefaultScriptEvaluatorFactory as ValidatorFactory-scoped script evaluator factory.
17:03:28.910 [Test worker] DEBUG org.springframework.beans.factory.support.DefaultListableBeanFactory - Creating shared instance of singleton bean 'org.springframework.boot.autoconfigure.security.oauth2.client.OAuth2RestOperationsConfiguration$SingletonScopedConfiguration'
17:03:28.910 [Test worker] DEBUG org.springframework.beans.factory.support.DefaultListableBeanFactory - Creating shared instance of singleton bean 'oauth2RemoteResource'
17:03:28.912 [Test worker] DEBUG org.springframework.beans.factory.support.DefaultListableBeanFactory - Creating shared instance of singleton bean 'oauth2ClientContext'
17:03:28.912 [Test worker] DEBUG org.springframework.beans.factory.support.DefaultListableBeanFactory - Creating shared instance of singleton bean 'org.springframework.boot.autoconfigure.security.oauth2.client.OAuth2RestOperationsConfiguration'
17:03:28.913 [Test worker] DEBUG org.springframework.beans.factory.support.DefaultListableBeanFactory - Creating shared instance of singleton bean 'org.springframework.boot.autoconfigure.security.oauth2.OAuth2AutoConfiguration'
17:03:28.913 [Test worker] DEBUG org.springframework.core.LocalVariableTableParameterNameDiscoverer - Cannot find '.class' file for class [class org.springframework.boot.autoconfigure.security.oauth2.OAuth2AutoConfiguration$$EnhancerBySpringCGLIB$$5c5e94e5] - unable to determine constructor/method parameter names
17:03:28.913 [Test worker] DEBUG org.springframework.beans.factory.support.DefaultListableBeanFactory - Creating shared instance of singleton bean 'security.oauth2.client-org.springframework.boot.autoconfigure.security.oauth2.OAuth2ClientProperties'
17:03:28.914 [Test worker] DEBUG org.springframework.beans.factory.support.DefaultListableBeanFactory - Autowiring by type from bean name 'org.springframework.boot.autoconfigure.security.oauth2.OAuth2AutoConfiguration' via constructor to bean named 'security.oauth2.client-org.springframework.boot.autoconfigure.security.oauth2.OAuth2ClientProperties'
17:03:28.915 [Test worker] DEBUG org.springframework.beans.factory.support.DefaultListableBeanFactory - Creating shared instance of singleton bean 'resourceServerProperties'
17:03:28.917 [Test worker] DEBUG org.springframework.beans.factory.support.DefaultListableBeanFactory - Creating shared instance of singleton bean 'org.springframework.boot.autoconfigure.jmx.JmxAutoConfiguration'
17:03:28.917 [Test worker] DEBUG org.springframework.beans.factory.support.DefaultListableBeanFactory - Creating shared instance of singleton bean 'mbeanExporter'
17:03:28.918 [Test worker] DEBUG org.springframework.beans.factory.support.DefaultListableBeanFactory - Creating shared instance of singleton bean 'objectNamingStrategy'
17:03:28.919 [Test worker] DEBUG org.springframework.beans.factory.support.DefaultListableBeanFactory - Autowiring by type from bean name 'mbeanExporter' via factory method to bean named 'objectNamingStrategy'
17:03:28.919 [Test worker] DEBUG org.springframework.beans.factory.support.DefaultListableBeanFactory - Creating shared instance of singleton bean 'mbeanServer'
17:03:28.920 [Test worker] DEBUG org.springframework.jmx.support.JmxUtils - Found MBeanServer: com.sun.jmx.mbeanserver.JmxMBeanServer@bc10b92
17:03:28.923 [Test worker] DEBUG org.springframework.beans.factory.support.DefaultListableBeanFactory - Creating shared instance of singleton bean 'org.springframework.boot.autoconfigure.aop.AopAutoConfiguration$CglibAutoProxyConfiguration'
17:03:28.924 [Test worker] DEBUG org.springframework.beans.factory.support.DefaultListableBeanFactory - Creating shared instance of singleton bean 'org.springframework.boot.autoconfigure.aop.AopAutoConfiguration'
17:03:28.924 [Test worker] DEBUG org.springframework.beans.factory.support.DefaultListableBeanFactory - Creating shared instance of singleton bean 'org.springframework.boot.autoconfigure.transaction.jta.JtaAutoConfiguration'
17:03:28.925 [Test worker] DEBUG org.springframework.beans.factory.support.DefaultListableBeanFactory - Creating shared instance of singleton bean 'org.springframework.boot.autoconfigure.jdbc.DataSourceJmxConfiguration$Hikari'
17:03:28.925 [Test worker] DEBUG org.springframework.core.LocalVariableTableParameterNameDiscoverer - Cannot find '.class' file for class [class org.springframework.boot.autoconfigure.jdbc.DataSourceJmxConfiguration$Hikari$$EnhancerBySpringCGLIB$$8eb93a4f] - unable to determine constructor/method parameter names
17:03:28.926 [Test worker] DEBUG org.springframework.beans.factory.support.DefaultListableBeanFactory - Autowiring by type from bean name 'org.springframework.boot.autoconfigure.jdbc.DataSourceJmxConfiguration$Hikari' via constructor to bean named 'dataSource'
17:03:28.927 [Test worker] DEBUG org.springframework.beans.factory.support.DefaultListableBeanFactory - Creating shared instance of singleton bean 'org.springframework.boot.autoconfigure.jdbc.DataSourceJmxConfiguration'
17:03:28.927 [Test worker] DEBUG org.springframework.beans.factory.support.DefaultListableBeanFactory - Creating shared instance of singleton bean 'org.springframework.boot.autoconfigure.jdbc.DataSourceAutoConfiguration$PooledDataSourceConfiguration'
17:03:28.928 [Test worker] DEBUG org.springframework.beans.factory.support.DefaultListableBeanFactory - Creating shared instance of singleton bean 'org.springframework.boot.autoconfigure.jdbc.metadata.DataSourcePoolMetadataProvidersConfiguration'
17:03:28.928 [Test worker] DEBUG org.springframework.beans.factory.support.DefaultListableBeanFactory - Creating shared instance of singleton bean 'org.springframework.boot.autoconfigure.jdbc.DataSourceInitializationConfiguration'
17:03:28.929 [Test worker] DEBUG org.springframework.beans.factory.support.DefaultListableBeanFactory - Creating shared instance of singleton bean 'org.springframework.boot.autoconfigure.jdbc.DataSourceAutoConfiguration'
17:03:28.930 [Test worker] DEBUG org.springframework.beans.factory.support.DefaultListableBeanFactory - Creating shared instance of singleton bean 'transactionManager'
17:03:28.931 [Test worker] DEBUG org.springframework.beans.factory.support.DefaultListableBeanFactory - Creating shared instance of singleton bean 'org.springframework.boot.autoconfigure.orm.jpa.HibernateJpaAutoConfiguration'
17:03:28.931 [Test worker] DEBUG org.springframework.beans.factory.support.DefaultListableBeanFactory - Creating shared instance of singleton bean 'org.springframework.boot.autoconfigure.context.ConfigurationPropertiesAutoConfiguration'
17:03:28.932 [Test worker] DEBUG org.springframework.beans.factory.support.DefaultListableBeanFactory - Creating shared instance of singleton bean 'org.springframework.boot.autoconfigure.dao.PersistenceExceptionTranslationAutoConfiguration'
17:03:28.932 [Test worker] DEBUG org.springframework.beans.factory.support.DefaultListableBeanFactory - Creating shared instance of singleton bean 'org.springframework.boot.autoconfigure.data.jpa.JpaRepositoriesAutoConfiguration'
17:03:28.933 [Test worker] DEBUG org.springframework.beans.factory.support.DefaultListableBeanFactory - Creating shared instance of singleton bean 'org.springframework.data.jpa.util.JpaMetamodelCacheCleanup'
17:03:28.934 [Test worker] DEBUG org.springframework.beans.factory.support.DefaultListableBeanFactory - Creating shared instance of singleton bean 'org.springframework.data.jpa.repository.support.JpaEvaluationContextExtension'
17:03:28.935 [Test worker] DEBUG org.springframework.beans.factory.support.DefaultListableBeanFactory - Creating shared instance of singleton bean 'org.springframework.boot.autoconfigure.jackson.JacksonAutoConfiguration$Jackson2ObjectMapperBuilderCustomizerConfiguration'
17:03:28.936 [Test worker] DEBUG org.springframework.beans.factory.support.DefaultListableBeanFactory - Creating shared instance of singleton bean 'standardJacksonObjectMapperBuilderCustomizer'
17:03:28.937 [Test worker] DEBUG org.springframework.beans.factory.support.DefaultListableBeanFactory - Creating shared instance of singleton bean 'spring.jackson-org.springframework.boot.autoconfigure.jackson.JacksonProperties'
17:03:28.938 [Test worker] DEBUG org.springframework.beans.factory.support.DefaultListableBeanFactory - Autowiring by type from bean name 'standardJacksonObjectMapperBuilderCustomizer' via factory method to bean named 'org.springframework.context.support.GenericApplicationContext@2e56f097'
17:03:28.938 [Test worker] DEBUG org.springframework.beans.factory.support.DefaultListableBeanFactory - Autowiring by type from bean name 'standardJacksonObjectMapperBuilderCustomizer' via factory method to bean named 'spring.jackson-org.springframework.boot.autoconfigure.jackson.JacksonProperties'
17:03:28.939 [Test worker] DEBUG org.springframework.beans.factory.support.DefaultListableBeanFactory - Creating shared instance of singleton bean 'org.springframework.boot.autoconfigure.jackson.JacksonAutoConfiguration$JacksonObjectMapperBuilderConfiguration'
17:03:28.939 [Test worker] DEBUG org.springframework.core.LocalVariableTableParameterNameDiscoverer - Cannot find '.class' file for class [class org.springframework.boot.autoconfigure.jackson.JacksonAutoConfiguration$JacksonObjectMapperBuilderConfiguration$$EnhancerBySpringCGLIB$$b2f51a8f] - unable to determine constructor/method parameter names
17:03:28.940 [Test worker] DEBUG org.springframework.beans.factory.support.DefaultListableBeanFactory - Autowiring by type from bean name 'org.springframework.boot.autoconfigure.jackson.JacksonAutoConfiguration$JacksonObjectMapperBuilderConfiguration' via constructor to bean named 'org.springframework.context.support.GenericApplicationContext@2e56f097'
17:03:28.940 [Test worker] DEBUG org.springframework.beans.factory.support.DefaultListableBeanFactory - Creating shared instance of singleton bean 'jacksonObjectMapperBuilder'
17:03:28.941 [Test worker] DEBUG org.springframework.beans.factory.support.DefaultListableBeanFactory - Autowiring by type from bean name 'jacksonObjectMapperBuilder' via factory method to bean named 'standardJacksonObjectMapperBuilderCustomizer'
17:03:28.941 [Test worker] DEBUG org.springframework.beans.factory.support.DefaultListableBeanFactory - Creating shared instance of singleton bean 'parameterNamesModule'
17:03:28.941 [Test worker] DEBUG org.springframework.beans.factory.support.DefaultListableBeanFactory - Creating shared instance of singleton bean 'org.springframework.boot.autoconfigure.jackson.JacksonAutoConfiguration$ParameterNamesModuleConfiguration'
17:03:28.942 [Test worker] DEBUG org.springframework.beans.factory.support.DefaultListableBeanFactory - Creating shared instance of singleton bean 'jsonComponentModule'
17:03:28.943 [Test worker] DEBUG org.springframework.beans.factory.support.DefaultListableBeanFactory - Creating shared instance of singleton bean 'org.springframework.boot.autoconfigure.jackson.JacksonAutoConfiguration'
17:03:28.946 [Test worker] DEBUG org.springframework.beans.factory.support.DefaultListableBeanFactory - Creating shared instance of singleton bean 'org.springframework.boot.autoconfigure.jackson.JacksonAutoConfiguration$JacksonObjectMapperConfiguration'
17:03:28.947 [Test worker] DEBUG org.springframework.beans.factory.support.DefaultListableBeanFactory - Creating shared instance of singleton bean 'jacksonObjectMapper'
17:03:28.947 [Test worker] DEBUG org.springframework.beans.factory.support.DefaultListableBeanFactory - Autowiring by type from bean name 'jacksonObjectMapper' via factory method to bean named 'jacksonObjectMapperBuilder'
17:03:28.954 [Test worker] DEBUG org.springframework.beans.factory.support.DefaultListableBeanFactory - Creating shared instance of singleton bean 'org.springframework.boot.autoconfigure.http.HttpMessageConvertersAutoConfiguration$StringHttpMessageConverterConfiguration'
17:03:28.954 [Test worker] DEBUG org.springframework.core.LocalVariableTableParameterNameDiscoverer - Cannot find '.class' file for class [class org.springframework.boot.autoconfigure.http.HttpMessageConvertersAutoConfiguration$StringHttpMessageConverterConfiguration$$EnhancerBySpringCGLIB$$f2566b19] - unable to determine constructor/method parameter names
17:03:28.954 [Test worker] DEBUG org.springframework.beans.factory.support.DefaultListableBeanFactory - Creating shared instance of singleton bean 'spring.http-org.springframework.boot.autoconfigure.http.HttpProperties'
17:03:28.955 [Test worker] DEBUG org.springframework.beans.factory.support.DefaultListableBeanFactory - Autowiring by type from bean name 'org.springframework.boot.autoconfigure.http.HttpMessageConvertersAutoConfiguration$StringHttpMessageConverterConfiguration' via constructor to bean named 'spring.http-org.springframework.boot.autoconfigure.http.HttpProperties'
17:03:28.956 [Test worker] DEBUG org.springframework.beans.factory.support.DefaultListableBeanFactory - Creating shared instance of singleton bean 'stringHttpMessageConverter'
17:03:28.957 [Test worker] DEBUG org.springframework.beans.factory.support.DefaultListableBeanFactory - Creating shared instance of singleton bean 'org.springframework.boot.autoconfigure.http.JacksonHttpMessageConvertersConfiguration$MappingJackson2HttpMessageConverterConfiguration'
17:03:28.957 [Test worker] DEBUG org.springframework.beans.factory.support.DefaultListableBeanFactory - Creating shared instance of singleton bean 'mappingJackson2HttpMessageConverter'
17:03:28.958 [Test worker] DEBUG org.springframework.beans.factory.support.DefaultListableBeanFactory - Autowiring by type from bean name 'mappingJackson2HttpMessageConverter' via factory method to bean named 'jacksonObjectMapper'
17:03:28.959 [Test worker] DEBUG org.springframework.beans.factory.support.DefaultListableBeanFactory - Creating shared instance of singleton bean 'org.springframework.boot.autoconfigure.http.JacksonHttpMessageConvertersConfiguration'
17:03:28.960 [Test worker] DEBUG org.springframework.beans.factory.support.DefaultListableBeanFactory - Creating shared instance of singleton bean 'org.springframework.boot.autoconfigure.http.HttpMessageConvertersAutoConfiguration'
17:03:28.960 [Test worker] DEBUG org.springframework.core.LocalVariableTableParameterNameDiscoverer - Cannot find '.class' file for class [class org.springframework.boot.autoconfigure.http.HttpMessageConvertersAutoConfiguration$$EnhancerBySpringCGLIB$$bf48a479] - unable to determine constructor/method parameter names
17:03:28.962 [Test worker] DEBUG org.springframework.beans.factory.support.DefaultListableBeanFactory - Creating shared instance of singleton bean 'messageConverters'
17:03:28.966 [Test worker] DEBUG org.springframework.beans.factory.support.DefaultListableBeanFactory - Creating shared instance of singleton bean 'org.springframework.boot.autoconfigure.http.codec.CodecsAutoConfiguration$LoggingCodecConfiguration'
17:03:28.967 [Test worker] DEBUG org.springframework.beans.factory.support.DefaultListableBeanFactory - Creating shared instance of singleton bean 'loggingCodecCustomizer'
17:03:28.967 [Test worker] DEBUG org.springframework.beans.factory.support.DefaultListableBeanFactory - Autowiring by type from bean name 'loggingCodecCustomizer' via factory method to bean named 'spring.http-org.springframework.boot.autoconfigure.http.HttpProperties'
17:03:28.968 [Test worker] DEBUG org.springframework.beans.factory.support.DefaultListableBeanFactory - Creating shared instance of singleton bean 'org.springframework.boot.autoconfigure.http.codec.CodecsAutoConfiguration$JacksonCodecConfiguration'
17:03:28.969 [Test worker] DEBUG org.springframework.beans.factory.support.DefaultListableBeanFactory - Creating shared instance of singleton bean 'jacksonCodecCustomizer'
17:03:28.969 [Test worker] DEBUG org.springframework.beans.factory.support.DefaultListableBeanFactory - Autowiring by type from bean name 'jacksonCodecCustomizer' via factory method to bean named 'jacksonObjectMapper'
17:03:28.969 [Test worker] DEBUG org.springframework.beans.factory.support.DefaultListableBeanFactory - Creating shared instance of singleton bean 'org.springframework.boot.autoconfigure.http.codec.CodecsAutoConfiguration'
17:03:28.970 [Test worker] DEBUG org.springframework.beans.factory.support.DefaultListableBeanFactory - Creating shared instance of singleton bean 'org.springframework.boot.autoconfigure.info.ProjectInfoAutoConfiguration'
17:03:28.970 [Test worker] DEBUG org.springframework.core.LocalVariableTableParameterNameDiscoverer - Cannot find '.class' file for class [class org.springframework.boot.autoconfigure.info.ProjectInfoAutoConfiguration$$EnhancerBySpringCGLIB$$e10ee5fe] - unable to determine constructor/method parameter names
17:03:28.970 [Test worker] DEBUG org.springframework.beans.factory.support.DefaultListableBeanFactory - Creating shared instance of singleton bean 'spring.info-org.springframework.boot.autoconfigure.info.ProjectInfoProperties'
17:03:28.972 [Test worker] DEBUG org.springframework.beans.factory.support.DefaultListableBeanFactory - Autowiring by type from bean name 'org.springframework.boot.autoconfigure.info.ProjectInfoAutoConfiguration' via constructor to bean named 'spring.info-org.springframework.boot.autoconfigure.info.ProjectInfoProperties'
17:03:28.972 [Test worker] DEBUG org.springframework.beans.factory.support.DefaultListableBeanFactory - Creating shared instance of singleton bean 'org.springframework.boot.autoconfigure.jdbc.JdbcTemplateAutoConfiguration$JdbcTemplateConfiguration'
17:03:28.973 [Test worker] DEBUG org.springframework.core.LocalVariableTableParameterNameDiscoverer - Cannot find '.class' file for class [class org.springframework.boot.autoconfigure.jdbc.JdbcTemplateAutoConfiguration$JdbcTemplateConfiguration$$EnhancerBySpringCGLIB$$bda00752] - unable to determine constructor/method parameter names
17:03:28.973 [Test worker] DEBUG org.springframework.beans.factory.support.DefaultListableBeanFactory - Creating shared instance of singleton bean 'spring.jdbc-org.springframework.boot.autoconfigure.jdbc.JdbcProperties'
17:03:28.974 [Test worker] DEBUG org.springframework.beans.factory.support.DefaultListableBeanFactory - Autowiring by type from bean name 'org.springframework.boot.autoconfigure.jdbc.JdbcTemplateAutoConfiguration$JdbcTemplateConfiguration' via constructor to bean named 'dataSource'
17:03:28.974 [Test worker] DEBUG org.springframework.beans.factory.support.DefaultListableBeanFactory - Autowiring by type from bean name 'org.springframework.boot.autoconfigure.jdbc.JdbcTemplateAutoConfiguration$JdbcTemplateConfiguration' via constructor to bean named 'spring.jdbc-org.springframework.boot.autoconfigure.jdbc.JdbcProperties'
17:03:28.975 [Test worker] DEBUG org.springframework.beans.factory.support.DefaultListableBeanFactory - Creating shared instance of singleton bean 'jdbcTemplate'
17:03:28.978 [Test worker] DEBUG org.springframework.beans.factory.support.DefaultListableBeanFactory - Creating shared instance of singleton bean 'org.springframework.boot.autoconfigure.jdbc.JdbcTemplateAutoConfiguration$NamedParameterJdbcTemplateConfiguration'
17:03:28.979 [Test worker] DEBUG org.springframework.beans.factory.support.DefaultListableBeanFactory - Creating shared instance of singleton bean 'namedParameterJdbcTemplate'
17:03:28.980 [Test worker] DEBUG org.springframework.beans.factory.support.DefaultListableBeanFactory - Autowiring by type from bean name 'namedParameterJdbcTemplate' via factory method to bean named 'jdbcTemplate'
17:03:28.981 [Test worker] DEBUG org.springframework.beans.factory.support.DefaultListableBeanFactory - Creating shared instance of singleton bean 'org.springframework.boot.autoconfigure.jdbc.JdbcTemplateAutoConfiguration'
17:03:28.982 [Test worker] DEBUG org.springframework.beans.factory.support.DefaultListableBeanFactory - Creating shared instance of singleton bean 'org.springframework.boot.autoconfigure.security.servlet.SecurityAutoConfiguration'
17:03:28.982 [Test worker] DEBUG org.springframework.beans.factory.support.DefaultListableBeanFactory - Creating shared instance of singleton bean 'authenticationEventPublisher'
17:03:28.983 [Test worker] DEBUG org.springframework.beans.factory.support.DefaultListableBeanFactory - Autowiring by type from bean name 'authenticationEventPublisher' via factory method to bean named 'org.springframework.context.support.GenericApplicationContext@2e56f097'
17:03:28.983 [Test worker] DEBUG org.springframework.beans.factory.support.DefaultListableBeanFactory - Creating shared instance of singleton bean 'spring.security-org.springframework.boot.autoconfigure.security.SecurityProperties'
17:03:28.984 [Test worker] DEBUG org.springframework.beans.factory.support.DefaultListableBeanFactory - Creating shared instance of singleton bean 'org.springframework.boot.autoconfigure.task.TaskSchedulingAutoConfiguration'
17:03:28.985 [Test worker] DEBUG org.springframework.beans.factory.support.DefaultListableBeanFactory - Creating shared instance of singleton bean 'taskSchedulerBuilder'
17:03:28.985 [Test worker] DEBUG org.springframework.beans.factory.support.DefaultListableBeanFactory - Creating shared instance of singleton bean 'spring.task.scheduling-org.springframework.boot.autoconfigure.task.TaskSchedulingProperties'
17:03:28.986 [Test worker] DEBUG org.springframework.beans.factory.support.DefaultListableBeanFactory - Autowiring by type from bean name 'taskSchedulerBuilder' via factory method to bean named 'spring.task.scheduling-org.springframework.boot.autoconfigure.task.TaskSchedulingProperties'
17:03:28.987 [Test worker] DEBUG org.springframework.beans.factory.support.DefaultListableBeanFactory - Creating shared instance of singleton bean 'org.springframework.boot.autoconfigure.jdbc.DataSourceTransactionManagerAutoConfiguration$DataSourceTransactionManagerConfiguration'
17:03:28.988 [Test worker] DEBUG org.springframework.core.LocalVariableTableParameterNameDiscoverer - Cannot find '.class' file for class [class org.springframework.boot.autoconfigure.jdbc.DataSourceTransactionManagerAutoConfiguration$DataSourceTransactionManagerConfiguration$$EnhancerBySpringCGLIB$$52157154] - unable to determine constructor/method parameter names
17:03:28.988 [Test worker] DEBUG org.springframework.beans.factory.support.DefaultListableBeanFactory - Autowiring by type from bean name 'org.springframework.boot.autoconfigure.jdbc.DataSourceTransactionManagerAutoConfiguration$DataSourceTransactionManagerConfiguration' via constructor to bean named 'dataSource'
17:03:28.989 [Test worker] DEBUG org.springframework.beans.factory.support.DefaultListableBeanFactory - Creating shared instance of singleton bean 'org.springframework.boot.autoconfigure.jdbc.DataSourceTransactionManagerAutoConfiguration'
17:03:28.989 [Test worker] DEBUG org.springframework.beans.factory.support.DefaultListableBeanFactory - Creating shared instance of singleton bean 'org.springframework.boot.autoconfigure.transaction.TransactionAutoConfiguration$EnableTransactionManagementConfiguration$CglibAutoProxyConfiguration'
17:03:28.990 [Test worker] DEBUG org.springframework.beans.factory.support.DefaultListableBeanFactory - Creating shared instance of singleton bean 'org.springframework.boot.autoconfigure.transaction.TransactionAutoConfiguration$EnableTransactionManagementConfiguration'
17:03:28.990 [Test worker] DEBUG org.springframework.beans.factory.support.DefaultListableBeanFactory - Creating shared instance of singleton bean 'org.springframework.boot.autoconfigure.transaction.TransactionAutoConfiguration$TransactionTemplateConfiguration'
17:03:28.991 [Test worker] DEBUG org.springframework.core.LocalVariableTableParameterNameDiscoverer - Cannot find '.class' file for class [class org.springframework.boot.autoconfigure.transaction.TransactionAutoConfiguration$TransactionTemplateConfiguration$$EnhancerBySpringCGLIB$$a39f3627] - unable to determine constructor/method parameter names
17:03:28.991 [Test worker] DEBUG org.springframework.beans.factory.support.DefaultListableBeanFactory - Autowiring by type from bean name 'org.springframework.boot.autoconfigure.transaction.TransactionAutoConfiguration$TransactionTemplateConfiguration' via constructor to bean named 'transactionManager'
17:03:28.992 [Test worker] DEBUG org.springframework.beans.factory.support.DefaultListableBeanFactory - Creating shared instance of singleton bean 'transactionTemplate'
17:03:28.992 [Test worker] DEBUG org.springframework.beans.factory.support.DefaultListableBeanFactory - Creating shared instance of singleton bean 'org.springframework.boot.autoconfigure.web.client.RestTemplateAutoConfiguration'
17:03:28.993 [Test worker] DEBUG org.springframework.core.LocalVariableTableParameterNameDiscoverer - Cannot find '.class' file for class [class org.springframework.boot.autoconfigure.web.client.RestTemplateAutoConfiguration$$EnhancerBySpringCGLIB$$402ad266] - unable to determine constructor/method parameter names
17:03:28.993 [Test worker] DEBUG org.springframework.beans.factory.support.DefaultListableBeanFactory - Creating shared instance of singleton bean 'restTemplateBuilder'
17:03:28.999 [Test worker] DEBUG org.springframework.jmx.export.annotation.AnnotationMBeanExporter - Registering beans for JMX exposure on startup
17:03:28.999 [Test worker] DEBUG org.springframework.jmx.export.annotation.AnnotationMBeanExporter - Autodetecting user-defined JMX MBeans
17:03:29.000 [Test worker] DEBUG org.springframework.jmx.export.annotation.AnnotationMBeanExporter - Bean with name 'dataSource' has been autodetected for JMX exposure
17:03:29.001 [Test worker] DEBUG org.springframework.jmx.export.annotation.AnnotationMBeanExporter - Located MBean 'dataSource': registering with JMX server as MBean [com.zaxxer.hikari:name=dataSource,type=HikariDataSource]
17:03:29.003 [Test worker] DEBUG org.springframework.test.context.cache.DefaultCacheAwareContextLoaderDelegate - Storing ApplicationContext in cache under key [[MergedContextConfiguration@152ba806 testClass = CertificateRepositoryTest, locations = '{}', classes = '{class com.epam.esm.TestConfig}', contextInitializerClasses = '[]', activeProfiles = '{}', propertySourceLocations = '{}', propertySourceProperties = '{}', contextCustomizers = set[[empty]], contextLoader = 'org.springframework.test.context.support.DelegatingSmartContextLoader', parent = [null]]]
17:03:29.003 [Test worker] DEBUG org.springframework.test.context.cache - Spring test ApplicationContext cache statistics: [DefaultContextCache@2bed31e4 size = 1, maxSize = 32, parentContextCount = 0, hitCount = 1, missCount = 2]
17:03:29.006 [Test worker] DEBUG org.springframework.test.context.support.AbstractDirtiesContextTestExecutionListener - Before test method: context [DefaultTestContext@6e844a53 testClass = CertificateRepositoryTest, testInstance = com.epam.esm.repository.CertificateRepositoryTest@5e7f4753, testMethod = findByCriteria@CertificateRepositoryTest, testException = [null], mergedContextConfiguration = [MergedContextConfiguration@152ba806 testClass = CertificateRepositoryTest, locations = '{}', classes = '{class com.epam.esm.TestConfig}', contextInitializerClasses = '[]', activeProfiles = '{}', propertySourceLocations = '{}', propertySourceProperties = '{}', contextCustomizers = set[[empty]], contextLoader = 'org.springframework.test.context.support.DelegatingSmartContextLoader', parent = [null]], attributes = map[[empty]]], class annotated with @DirtiesContext [true] with mode [AFTER_EACH_TEST_METHOD], method annotated with @DirtiesContext [false] with mode [null].
17:03:29.006 [Test worker] DEBUG org.springframework.test.context.transaction.TransactionalTestExecutionListener - Explicit transaction definition [PROPAGATION_REQUIRED,ISOLATION_DEFAULT] found for test context [DefaultTestContext@6e844a53 testClass = CertificateRepositoryTest, testInstance = com.epam.esm.repository.CertificateRepositoryTest@5e7f4753, testMethod = findByCriteria@CertificateRepositoryTest, testException = [null], mergedContextConfiguration = [MergedContextConfiguration@152ba806 testClass = CertificateRepositoryTest, locations = '{}', classes = '{class com.epam.esm.TestConfig}', contextInitializerClasses = '[]', activeProfiles = '{}', propertySourceLocations = '{}', propertySourceProperties = '{}', contextCustomizers = set[[empty]], contextLoader = 'org.springframework.test.context.support.DelegatingSmartContextLoader', parent = [null]], attributes = map[[empty]]]
17:03:29.007 [Test worker] DEBUG org.springframework.test.context.cache.DefaultCacheAwareContextLoaderDelegate - Retrieved ApplicationContext from cache with key [[MergedContextConfiguration@152ba806 testClass = CertificateRepositoryTest, locations = '{}', classes = '{class com.epam.esm.TestConfig}', contextInitializerClasses = '[]', activeProfiles = '{}', propertySourceLocations = '{}', propertySourceProperties = '{}', contextCustomizers = set[[empty]], contextLoader = 'org.springframework.test.context.support.DelegatingSmartContextLoader', parent = [null]]]
17:03:29.007 [Test worker] DEBUG org.springframework.test.context.cache - Spring test ApplicationContext cache statistics: [DefaultContextCache@2bed31e4 size = 1, maxSize = 32, parentContextCount = 0, hitCount = 2, missCount = 2]
17:03:29.007 [Test worker] DEBUG org.springframework.test.context.transaction.TransactionalTestExecutionListener - No method-level @Rollback override: using default rollback [true] for test context [DefaultTestContext@6e844a53 testClass = CertificateRepositoryTest, testInstance = com.epam.esm.repository.CertificateRepositoryTest@5e7f4753, testMethod = findByCriteria@CertificateRepositoryTest, testException = [null], mergedContextConfiguration = [MergedContextConfiguration@152ba806 testClass = CertificateRepositoryTest, locations = '{}', classes = '{class com.epam.esm.TestConfig}', contextInitializerClasses = '[]', activeProfiles = '{}', propertySourceLocations = '{}', propertySourceProperties = '{}', contextCustomizers = set[[empty]], contextLoader = 'org.springframework.test.context.support.DelegatingSmartContextLoader', parent = [null]], attributes = map[[empty]]].
17:03:29.007 [Test worker] DEBUG org.springframework.orm.jpa.JpaTransactionManager - Creating new transaction with name [com.epam.esm.repository.CertificateRepositoryTest.findByCriteria]: PROPAGATION_REQUIRED,ISOLATION_DEFAULT
17:03:29.007 [Test worker] DEBUG org.hibernate.stat.internal.StatisticsInitiator - Statistics initialized [enabled=false]
17:03:29.008 [Test worker] DEBUG org.springframework.orm.jpa.JpaTransactionManager - Opened new EntityManager [SessionImpl(154859898<open>)] for JPA transaction
17:03:29.008 [Test worker] DEBUG org.hibernate.engine.transaction.internal.TransactionImpl - On TransactionImpl creation, JpaCompliance#isJpaTransactionComplianceEnabled == false
17:03:29.008 [Test worker] DEBUG org.hibernate.engine.transaction.internal.TransactionImpl - begin
17:03:29.008 [Test worker] DEBUG org.springframework.orm.jpa.JpaTransactionManager - Exposing JPA transaction as JDBC [org.springframework.orm.jpa.vendor.HibernateJpaDialect$HibernateConnectionHandle@65bde0fb]
17:03:29.008 [Test worker] INFO org.springframework.test.context.transaction.TransactionContext - Began transaction (1) for test context [DefaultTestContext@6e844a53 testClass = CertificateRepositoryTest, testInstance = com.epam.esm.repository.CertificateRepositoryTest@5e7f4753, testMethod = findByCriteria@CertificateRepositoryTest, testException = [null], mergedContextConfiguration = [MergedContextConfiguration@152ba806 testClass = CertificateRepositoryTest, locations = '{}', classes = '{class com.epam.esm.TestConfig}', contextInitializerClasses = '[]', activeProfiles = '{}', propertySourceLocations = '{}', propertySourceProperties = '{}', contextCustomizers = set[[empty]], contextLoader = 'org.springframework.test.context.support.DelegatingSmartContextLoader', parent = [null]], attributes = map[[empty]]]; transaction manager [org.springframework.orm.jpa.JpaTransactionManager@7cd710d2]; rollback [true]
17:03:29.009 [Test worker] DEBUG org.springframework.orm.jpa.JpaTransactionManager - Initiating transaction rollback
17:03:29.009 [Test worker] DEBUG org.springframework.orm.jpa.JpaTransactionManager - Rolling back JPA transaction on EntityManager [SessionImpl(154859898<open>)]
17:03:29.009 [Test worker] DEBUG org.hibernate.engine.transaction.internal.TransactionImpl - rolling back
17:03:29.009 [Test worker] DEBUG org.springframework.orm.jpa.JpaTransactionManager - Closing JPA EntityManager [SessionImpl(154859898<open>)] after transaction
17:03:29.009 [Test worker] INFO org.springframework.test.context.transaction.TransactionContext - Rolled back transaction for test context [DefaultTestContext@6e844a53 testClass = CertificateRepositoryTest, testInstance = com.epam.esm.repository.CertificateRepositoryTest@5e7f4753, testMethod = findByCriteria@CertificateRepositoryTest, testException = [null], mergedContextConfiguration = [MergedContextConfiguration@152ba806 testClass = CertificateRepositoryTest, locations = '{}', classes = '{class com.epam.esm.TestConfig}', contextInitializerClasses = '[]', activeProfiles = '{}', propertySourceLocations = '{}', propertySourceProperties = '{}', contextCustomizers = set[[empty]], contextLoader = 'org.springframework.test.context.support.DelegatingSmartContextLoader', parent = [null]], attributes = map[[empty]]].
17:03:29.010 [Test worker] DEBUG org.springframework.test.context.support.AbstractDirtiesContextTestExecutionListener - After test method: context [DefaultTestContext@6e844a53 testClass = CertificateRepositoryTest, testInstance = com.epam.esm.repository.CertificateRepositoryTest@5e7f4753, testMethod = findByCriteria@CertificateRepositoryTest, testException = [null], mergedContextConfiguration = [MergedContextConfiguration@152ba806 testClass = CertificateRepositoryTest, locations = '{}', classes = '{class com.epam.esm.TestConfig}', contextInitializerClasses = '[]', activeProfiles = '{}', propertySourceLocations = '{}', propertySourceProperties = '{}', contextCustomizers = set[[empty]], contextLoader = 'org.springframework.test.context.support.DelegatingSmartContextLoader', parent = [null]], attributes = map[[empty]]], class annotated with @DirtiesContext [true] with mode [AFTER_EACH_TEST_METHOD], method annotated with @DirtiesContext [false] with mode [null].
17:03:29.010 [Test worker] DEBUG org.springframework.context.support.GenericApplicationContext - Closing org.springframework.context.support.GenericApplicationContext@2e56f097, started on Wed Oct 23 17:03:28 MSK 2019
17:03:29.010 [Test worker] DEBUG org.springframework.jmx.export.annotation.AnnotationMBeanExporter - Unregistering JMX-exposed beans on shutdown
17:03:29.010 [Test worker] DEBUG org.springframework.jmx.export.annotation.AnnotationMBeanExporter - Unregistering JMX-exposed beans
17:03:29.011 [Test worker] INFO org.springframework.orm.jpa.LocalContainerEntityManagerFactoryBean - Closing JPA EntityManagerFactory for persistence unit 'default'
17:03:29.011 [Test worker] DEBUG org.hibernate.internal.SessionFactoryImpl - HHH000031: Closing
17:03:29.011 [Test worker] INFO org.hibernate.tool.schema.internal.SchemaDropperImpl$DelayedDropActionImpl - HHH000477: Starting delayed evictData of schema as part of SessionFactory shut-down'
17:03:29.011 [Test worker] DEBUG org.hibernate.SQL - drop table application_order if exists
17:03:29.013 [Test worker] DEBUG org.hibernate.SQL - drop table application_role if exists
17:03:29.015 [Test worker] DEBUG org.hibernate.SQL - drop table application_user if exists
17:03:29.016 [Test worker] DEBUG org.hibernate.SQL - drop table certificate if exists
17:03:29.018 [Test worker] DEBUG org.hibernate.SQL - drop table certificate_tag if exists
17:03:29.020 [Test worker] DEBUG org.hibernate.SQL - drop table entity if exists
17:03:29.021 [Test worker] DEBUG org.hibernate.SQL - drop table order_certificate if exists
17:03:29.022 [Test worker] DEBUG org.hibernate.SQL - drop table tag if exists
17:03:29.023 [Test worker] DEBUG org.hibernate.type.spi.TypeConfiguration$Scope - Un-scoping TypeConfiguration [org.hibernate.type.spi.TypeConfiguration$Scope@12489908] from SessionFactory [org.hibernate.internal.SessionFactoryImpl@d0ef5d0]
17:03:29.023 [Test worker] DEBUG org.hibernate.service.internal.AbstractServiceRegistryImpl - Implicitly destroying ServiceRegistry on de-registration of all child ServiceRegistries
17:03:29.023 [Test worker] DEBUG org.hibernate.boot.registry.internal.BootstrapServiceRegistryImpl - Implicitly destroying Boot-strap registry on de-registration of all child ServiceRegistries
17:03:29.023 [Test worker] INFO com.zaxxer.hikari.HikariDataSource - HikariPool-2 - Shutdown initiated...
17:03:29.024 [Test worker] DEBUG com.zaxxer.hikari.pool.HikariPool - HikariPool-2 - Before shutdown stats (total=10, active=0, idle=10, waiting=0)
17:03:29.024 [HikariPool-2 connection closer] DEBUG com.zaxxer.hikari.pool.PoolBase - HikariPool-2 - Closing connection conn10: url=jdbc:h2:mem:testdb user=SA: (connection evicted)
17:03:29.025 [HikariPool-2 connection closer] DEBUG com.zaxxer.hikari.pool.PoolBase - HikariPool-2 - Closing connection conn11: url=jdbc:h2:mem:testdb user=SA: (connection evicted)
17:03:29.025 [HikariPool-2 connection closer] DEBUG com.zaxxer.hikari.pool.PoolBase - HikariPool-2 - Closing connection conn12: url=jdbc:h2:mem:testdb user=SA: (connection evicted)
17:03:29.025 [HikariPool-2 connection closer] DEBUG com.zaxxer.hikari.pool.PoolBase - HikariPool-2 - Closing connection conn13: url=jdbc:h2:mem:testdb user=SA: (connection evicted)
17:03:29.026 [HikariPool-2 connection closer] DEBUG com.zaxxer.hikari.pool.PoolBase - HikariPool-2 - Closing connection conn14: url=jdbc:h2:mem:testdb user=SA: (connection evicted)
17:03:29.026 [HikariPool-2 connection closer] DEBUG com.zaxxer.hikari.pool.PoolBase - HikariPool-2 - Closing connection conn15: url=jdbc:h2:mem:testdb user=SA: (connection evicted)
17:03:29.026 [HikariPool-2 connection closer] DEBUG com.zaxxer.hikari.pool.PoolBase - HikariPool-2 - Closing connection conn16: url=jdbc:h2:mem:testdb user=SA: (connection evicted)
17:03:29.027 [HikariPool-2 connection closer] DEBUG com.zaxxer.hikari.pool.PoolBase - HikariPool-2 - Closing connection conn17: url=jdbc:h2:mem:testdb user=SA: (connection evicted)
17:03:29.027 [HikariPool-2 connection closer] DEBUG com.zaxxer.hikari.pool.PoolBase - HikariPool-2 - Closing connection conn18: url=jdbc:h2:mem:testdb user=SA: (connection evicted)
17:03:29.027 [HikariPool-2 connection closer] DEBUG com.zaxxer.hikari.pool.PoolBase - HikariPool-2 - Closing connection conn19: url=jdbc:h2:mem:testdb user=SA: (connection evicted)
17:03:29.028 [Test worker] DEBUG com.zaxxer.hikari.pool.HikariPool - HikariPool-2 - After shutdown stats (total=0, active=0, idle=0, waiting=0)
17:03:29.028 [Test worker] INFO com.zaxxer.hikari.HikariDataSource - HikariPool-2 - Shutdown completed.
17:03:29.029 [Test worker] DEBUG org.springframework.test.context.support.DependencyInjectionTestExecutionListener - Performing dependency injection for test context [[DefaultTestContext@6e844a53 testClass = CertificateRepositoryTest, testInstance = com.epam.esm.repository.CertificateRepositoryTest@46d7d85d, testMethod = [null], testException = [null], mergedContextConfiguration = [MergedContextConfiguration@152ba806 testClass = CertificateRepositoryTest, locations = '{}', classes = '{class com.epam.esm.TestConfig}', contextInitializerClasses = '[]', activeProfiles = '{}', propertySourceLocations = '{}', propertySourceProperties = '{}', contextCustomizers = set[[empty]], contextLoader = 'org.springframework.test.context.support.DelegatingSmartContextLoader', parent = [null]], attributes = map['org.springframework.test.context.support.DependencyInjectionTestExecutionListener.reinjectDependencies' -> true]]].
17:03:29.029 [Test worker] DEBUG org.springframework.test.context.support.AbstractDelegatingSmartContextLoader - Delegating to AnnotationConfigContextLoader to load context from [MergedContextConfiguration@152ba806 testClass = CertificateRepositoryTest, locations = '{}', classes = '{class com.epam.esm.TestConfig}', contextInitializerClasses = '[]', activeProfiles = '{}', propertySourceLocations = '{}', propertySourceProperties = '{}', contextCustomizers = set[[empty]], contextLoader = 'org.springframework.test.context.support.DelegatingSmartContextLoader', parent = [null]].
17:03:29.029 [Test worker] DEBUG org.springframework.test.context.support.AbstractGenericContextLoader - Loading ApplicationContext for merged context configuration [[MergedContextConfiguration@152ba806 testClass = CertificateRepositoryTest, locations = '{}', classes = '{class com.epam.esm.TestConfig}', contextInitializerClasses = '[]', activeProfiles = '{}', propertySourceLocations = '{}', propertySourceProperties = '{}', contextCustomizers = set[[empty]], contextLoader = 'org.springframework.test.context.support.DelegatingSmartContextLoader', parent = [null]]].
17:03:29.029 [Test worker] DEBUG org.springframework.core.env.StandardEnvironment - Activating profiles []
17:03:29.029 [Test worker] DEBUG org.springframework.test.context.support.AnnotationConfigContextLoader - Registering annotated classes: {class com.epam.esm.TestConfig}
17:03:29.032 [Test worker] DEBUG org.springframework.context.support.GenericApplicationContext - Refreshing org.springframework.context.support.GenericApplicationContext@6576bac
17:03:29.032 [Test worker] DEBUG org.springframework.beans.factory.support.DefaultListableBeanFactory - Creating shared instance of singleton bean 'org.springframework.context.annotation.internalConfigurationAnnotationProcessor'
17:03:29.048 [Test worker] DEBUG org.springframework.context.annotation.ClassPathBeanDefinitionScanner - Identified candidate component class: file [/Users/dzmitryplatonov/Desktop/workdir/giftcertificates/datasource/build/classes/java/main/com/epam/esm/repository/CertificateRepository.class]
17:03:29.048 [Test worker] DEBUG org.springframework.context.annotation.ClassPathBeanDefinitionScanner - Identified candidate component class: file [/Users/dzmitryplatonov/Desktop/workdir/giftcertificates/datasource/build/classes/java/main/com/epam/esm/repository/OrderCertificateRepository.class]
17:03:29.049 [Test worker] DEBUG org.springframework.context.annotation.ClassPathBeanDefinitionScanner - Identified candidate component class: file [/Users/dzmitryplatonov/Desktop/workdir/giftcertificates/datasource/build/classes/java/main/com/epam/esm/repository/OrderRepository.class]
17:03:29.049 [Test worker] DEBUG org.springframework.context.annotation.ClassPathBeanDefinitionScanner - Identified candidate component class: file [/Users/dzmitryplatonov/Desktop/workdir/giftcertificates/datasource/build/classes/java/main/com/epam/esm/repository/TagRepository.class]
17:03:29.049 [Test worker] DEBUG org.springframework.context.annotation.ClassPathBeanDefinitionScanner - Identified candidate component class: file [/Users/dzmitryplatonov/Desktop/workdir/giftcertificates/datasource/build/classes/java/main/com/epam/esm/repository/UserRepository.class]
17:03:29.050 [Test worker] DEBUG org.springframework.context.annotation.ClassPathBeanDefinitionScanner - Identified candidate component class: file [/Users/dzmitryplatonov/Desktop/workdir/giftcertificates/datasource/build/classes/java/main/com/epam/esm/repository/predicate/CriteriaBuilderHelper.class]
17:03:29.137 [Test worker] DEBUG org.springframework.beans.factory.support.DefaultListableBeanFactory - Creating shared instance of singleton bean 'org.springframework.boot.autoconfigure.condition.BeanTypeRegistry'
17:03:29.158 [Test worker] INFO org.springframework.data.repository.config.RepositoryConfigurationDelegate - Bootstrapping Spring Data repositories in DEFAULT mode.
17:03:29.158 [Test worker] DEBUG org.springframework.beans.factory.support.DefaultListableBeanFactory - Creating shared instance of singleton bean 'org.springframework.boot.autoconfigure.AutoConfigurationPackages'
17:03:29.158 [Test worker] DEBUG org.springframework.boot.autoconfigure.AutoConfigurationPackages - @EnableAutoConfiguration was declared on a class in the package 'com.epam.esm'. Automatic @Repository and @Entity scanning is enabled.
17:03:29.158 [Test worker] DEBUG org.springframework.data.repository.config.RepositoryConfigurationDelegate - Scanning for repositories in packages com.epam.esm.
17:03:29.164 [Test worker] INFO org.springframework.data.repository.config.RepositoryConfigurationDelegate - Finished Spring Data repository scanning in 6ms. Found 0 repository interfaces.
17:03:29.189 [Test worker] DEBUG org.springframework.beans.factory.support.DefaultListableBeanFactory - Creating shared instance of singleton bean 'propertySourcesPlaceholderConfigurer'
17:03:29.190 [Test worker] DEBUG org.springframework.beans.factory.support.DefaultListableBeanFactory - Creating shared instance of singleton bean 'emBeanDefinitionRegistrarPostProcessor'
17:03:29.191 [Test worker] DEBUG org.springframework.beans.factory.support.DefaultListableBeanFactory - Creating shared instance of singleton bean 'org.springframework.context.event.internalEventListenerProcessor'
17:03:29.191 [Test worker] DEBUG org.springframework.beans.factory.support.DefaultListableBeanFactory - Creating shared instance of singleton bean 'org.springframework.boot.context.properties.ConfigurationBeanFactoryMetadata'
17:03:29.192 [Test worker] DEBUG org.springframework.beans.factory.support.DefaultListableBeanFactory - Creating shared instance of singleton bean 'org.springframework.context.event.internalEventListenerFactory'
17:03:29.192 [Test worker] DEBUG org.springframework.beans.factory.support.DefaultListableBeanFactory - Creating shared instance of singleton bean 'org.springframework.transaction.config.internalTransactionalEventListenerFactory'
17:03:29.193 [Test worker] DEBUG org.springframework.beans.factory.support.DefaultListableBeanFactory - Creating shared instance of singleton bean 'org.springframework.context.annotation.internalAutowiredAnnotationProcessor'
17:03:29.193 [Test worker] DEBUG org.springframework.beans.factory.support.DefaultListableBeanFactory - Creating shared instance of singleton bean 'org.springframework.context.annotation.internalCommonAnnotationProcessor'
17:03:29.193 [Test worker] DEBUG org.springframework.beans.factory.support.DefaultListableBeanFactory - Creating shared instance of singleton bean 'org.springframework.context.annotation.internalPersistenceAnnotationProcessor'
17:03:29.193 [Test worker] DEBUG org.springframework.beans.factory.support.DefaultListableBeanFactory - Creating shared instance of singleton bean 'org.springframework.boot.context.properties.ConfigurationPropertiesBindingPostProcessor'
17:03:29.194 [Test worker] DEBUG org.springframework.beans.factory.support.DefaultListableBeanFactory - Creating shared instance of singleton bean 'methodValidationPostProcessor'
17:03:29.194 [Test worker] DEBUG org.springframework.beans.factory.support.DefaultListableBeanFactory - Autowiring by type from bean name 'methodValidationPostProcessor' via factory method to bean named 'environment'
17:03:29.195 [Test worker] DEBUG org.springframework.beans.factory.support.DefaultListableBeanFactory - Creating shared instance of singleton bean 'org.springframework.aop.config.internalAutoProxyCreator'
17:03:29.196 [Test worker] DEBUG org.springframework.beans.factory.support.DefaultListableBeanFactory - Creating shared instance of singleton bean 'dataSourceInitializerPostProcessor'
17:03:29.197 [Test worker] DEBUG org.springframework.beans.factory.support.DefaultListableBeanFactory - Creating shared instance of singleton bean 'persistenceExceptionTranslationPostProcessor'
17:03:29.197 [Test worker] DEBUG org.springframework.beans.factory.support.DefaultListableBeanFactory - Autowiring by type from bean name 'persistenceExceptionTranslationPostProcessor' via factory method to bean named 'environment'
17:03:29.198 [Test worker] DEBUG org.springframework.beans.factory.support.DefaultListableBeanFactory - Creating shared instance of singleton bean 'dataSourceInitializedPublisher'
17:03:29.199 [Test worker] DEBUG org.springframework.beans.factory.support.DefaultListableBeanFactory - Creating shared instance of singleton bean 'entityManagerFactory'
17:03:29.199 [Test worker] DEBUG org.springframework.beans.factory.support.DefaultListableBeanFactory - Creating shared instance of singleton bean 'org.springframework.transaction.config.internalTransactionAdvisor'
17:03:29.200 [Test worker] DEBUG org.springframework.beans.factory.support.DefaultListableBeanFactory - Creating shared instance of singleton bean 'org.springframework.transaction.annotation.ProxyTransactionManagementConfiguration'
17:03:29.204 [Test worker] DEBUG org.springframework.beans.factory.support.DefaultListableBeanFactory - Creating shared instance of singleton bean 'transactionAttributeSource'
17:03:29.204 [Test worker] DEBUG org.springframework.beans.factory.support.DefaultListableBeanFactory - Creating shared instance of singleton bean 'transactionInterceptor'
17:03:29.205 [Test worker] DEBUG org.springframework.beans.factory.support.DefaultListableBeanFactory - Creating shared instance of singleton bean 'org.springframework.boot.autoconfigure.orm.jpa.HibernateJpaConfiguration'
17:03:29.206 [Test worker] DEBUG org.springframework.core.LocalVariableTableParameterNameDiscoverer - Cannot find '.class' file for class [class org.springframework.boot.autoconfigure.orm.jpa.HibernateJpaConfiguration$$EnhancerBySpringCGLIB$$c3eb9b54] - unable to determine constructor/method parameter names
17:03:29.206 [Test worker] DEBUG org.springframework.beans.factory.support.DefaultListableBeanFactory - Creating shared instance of singleton bean 'dataSource'
17:03:29.207 [Test worker] DEBUG org.springframework.beans.factory.support.DefaultListableBeanFactory - Creating shared instance of singleton bean 'org.springframework.boot.autoconfigure.jdbc.DataSourceConfiguration$Hikari'
17:03:29.208 [Test worker] DEBUG org.springframework.beans.factory.support.DefaultListableBeanFactory - Creating shared instance of singleton bean 'spring.datasource-org.springframework.boot.autoconfigure.jdbc.DataSourceProperties'
17:03:29.210 [Test worker] DEBUG org.springframework.beans.factory.support.DefaultListableBeanFactory - Autowiring by type from bean name 'dataSource' via factory method to bean named 'spring.datasource-org.springframework.boot.autoconfigure.jdbc.DataSourceProperties'
17:03:29.213 [Test worker] DEBUG com.zaxxer.hikari.HikariConfig - Driver class org.h2.Driver found in Thread context class loader jdk.internal.loader.ClassLoaders$AppClassLoader@2c13da15
17:03:29.218 [Test worker] DEBUG org.springframework.beans.factory.support.DefaultListableBeanFactory - Creating shared instance of singleton bean 'org.springframework.boot.autoconfigure.jdbc.DataSourceInitializerInvoker'
17:03:29.219 [Test worker] DEBUG org.springframework.beans.factory.support.DefaultListableBeanFactory - Autowiring by type from bean name 'org.springframework.boot.autoconfigure.jdbc.DataSourceInitializerInvoker' via constructor to bean named 'spring.datasource-org.springframework.boot.autoconfigure.jdbc.DataSourceProperties'
17:03:29.219 [Test worker] DEBUG org.springframework.beans.factory.support.DefaultListableBeanFactory - Autowiring by type from bean name 'org.springframework.boot.autoconfigure.jdbc.DataSourceInitializerInvoker' via constructor to bean named 'org.springframework.context.support.GenericApplicationContext@6576bac'
17:03:29.221 [Test worker] DEBUG org.springframework.beans.factory.support.DefaultListableBeanFactory - Creating shared instance of singleton bean 'spring.jpa-org.springframework.boot.autoconfigure.orm.jpa.JpaProperties'
17:03:29.222 [Test worker] DEBUG org.springframework.beans.factory.support.DefaultListableBeanFactory - Creating shared instance of singleton bean 'spring.jpa.hibernate-org.springframework.boot.autoconfigure.orm.jpa.HibernateProperties'
17:03:29.224 [Test worker] DEBUG org.springframework.beans.factory.support.DefaultListableBeanFactory - Autowiring by type from bean name 'org.springframework.boot.autoconfigure.orm.jpa.HibernateJpaConfiguration' via constructor to bean named 'dataSource'
17:03:29.224 [Test worker] DEBUG org.springframework.beans.factory.support.DefaultListableBeanFactory - Autowiring by type from bean name 'org.springframework.boot.autoconfigure.orm.jpa.HibernateJpaConfiguration' via constructor to bean named 'spring.jpa-org.springframework.boot.autoconfigure.orm.jpa.JpaProperties'
17:03:29.224 [Test worker] DEBUG org.springframework.beans.factory.support.DefaultListableBeanFactory - Autowiring by type from bean name 'org.springframework.boot.autoconfigure.orm.jpa.HibernateJpaConfiguration' via constructor to bean named 'org.springframework.beans.factory.support.DefaultListableBeanFactory@58d6a567'
17:03:29.224 [Test worker] DEBUG org.springframework.beans.factory.support.DefaultListableBeanFactory - Autowiring by type from bean name 'org.springframework.boot.autoconfigure.orm.jpa.HibernateJpaConfiguration' via constructor to bean named 'spring.jpa.hibernate-org.springframework.boot.autoconfigure.orm.jpa.HibernateProperties'
17:03:29.224 [Test worker] DEBUG org.springframework.beans.factory.support.DefaultListableBeanFactory - Creating shared instance of singleton bean 'platformTransactionManagerCustomizers'
17:03:29.224 [Test worker] DEBUG org.springframework.beans.factory.support.DefaultListableBeanFactory - Creating shared instance of singleton bean 'org.springframework.boot.autoconfigure.transaction.TransactionAutoConfiguration'
17:03:29.226 [Test worker] DEBUG org.springframework.beans.factory.support.DefaultListableBeanFactory - Creating shared instance of singleton bean 'spring.transaction-org.springframework.boot.autoconfigure.transaction.TransactionProperties'
17:03:29.227 [Test worker] DEBUG org.springframework.beans.factory.support.DefaultListableBeanFactory - Creating shared instance of singleton bean 'hikariPoolDataSourceMetadataProvider'
17:03:29.228 [Test worker] DEBUG org.springframework.beans.factory.support.DefaultListableBeanFactory - Creating shared instance of singleton bean 'org.springframework.boot.autoconfigure.jdbc.metadata.DataSourcePoolMetadataProvidersConfiguration$HikariPoolDataSourceMetadataProviderConfiguration'
17:03:29.230 [Test worker] DEBUG org.springframework.beans.factory.support.DefaultListableBeanFactory - Creating shared instance of singleton bean 'entityManagerFactoryBuilder'
17:03:29.230 [Test worker] DEBUG org.springframework.beans.factory.support.DefaultListableBeanFactory - Creating shared instance of singleton bean 'jpaVendorAdapter'
17:03:29.230 [Test worker] DEBUG org.springframework.jdbc.datasource.DataSourceUtils - Fetching JDBC Connection from DataSource
17:03:29.231 [Test worker] DEBUG com.zaxxer.hikari.HikariConfig - HikariPool-3 - configuration:
17:03:29.231 [Test worker] DEBUG com.zaxxer.hikari.HikariConfig - allowPoolSuspension.............false
17:03:29.231 [Test worker] DEBUG com.zaxxer.hikari.HikariConfig - autoCommit......................true
17:03:29.231 [Test worker] DEBUG com.zaxxer.hikari.HikariConfig - catalog.........................none
17:03:29.231 [Test worker] DEBUG com.zaxxer.hikari.HikariConfig - connectionInitSql...............none
17:03:29.231 [Test worker] DEBUG com.zaxxer.hikari.HikariConfig - connectionTestQuery.............none
17:03:29.231 [Test worker] DEBUG com.zaxxer.hikari.HikariConfig - connectionTimeout...............30000
17:03:29.232 [Test worker] DEBUG com.zaxxer.hikari.HikariConfig - dataSource......................none
17:03:29.232 [Test worker] DEBUG com.zaxxer.hikari.HikariConfig - dataSourceClassName.............none
17:03:29.232 [Test worker] DEBUG com.zaxxer.hikari.HikariConfig - dataSourceJNDI..................none
17:03:29.232 [Test worker] DEBUG com.zaxxer.hikari.HikariConfig - dataSourceProperties............{password=<masked>}
17:03:29.232 [Test worker] DEBUG com.zaxxer.hikari.HikariConfig - driverClassName................."org.h2.Driver"
17:03:29.232 [Test worker] DEBUG com.zaxxer.hikari.HikariConfig - healthCheckProperties...........{}
17:03:29.232 [Test worker] DEBUG com.zaxxer.hikari.HikariConfig - healthCheckRegistry.............none
17:03:29.232 [Test worker] DEBUG com.zaxxer.hikari.HikariConfig - idleTimeout.....................600000
17:03:29.232 [Test worker] DEBUG com.zaxxer.hikari.HikariConfig - initializationFailTimeout.......1
17:03:29.232 [Test worker] DEBUG com.zaxxer.hikari.HikariConfig - isolateInternalQueries..........false
17:03:29.232 [Test worker] DEBUG com.zaxxer.hikari.HikariConfig - jdbcUrl.........................jdbc:h2:mem:testdb;DB_CLOSE_DELAY=-1;DB_CLOSE_ON_EXIT=FALSE
17:03:29.232 [Test worker] DEBUG com.zaxxer.hikari.HikariConfig - leakDetectionThreshold..........0
17:03:29.232 [Test worker] DEBUG com.zaxxer.hikari.HikariConfig - maxLifetime.....................1800000
17:03:29.232 [Test worker] DEBUG com.zaxxer.hikari.HikariConfig - maximumPoolSize.................10
17:03:29.232 [Test worker] DEBUG com.zaxxer.hikari.HikariConfig - metricRegistry..................none
17:03:29.233 [Test worker] DEBUG com.zaxxer.hikari.HikariConfig - metricsTrackerFactory...........none
17:03:29.233 [Test worker] DEBUG com.zaxxer.hikari.HikariConfig - minimumIdle.....................10
17:03:29.233 [Test worker] DEBUG com.zaxxer.hikari.HikariConfig - password........................<masked>
17:03:29.233 [Test worker] DEBUG com.zaxxer.hikari.HikariConfig - poolName........................"HikariPool-3"
17:03:29.233 [Test worker] DEBUG com.zaxxer.hikari.HikariConfig - readOnly........................false
17:03:29.233 [Test worker] DEBUG com.zaxxer.hikari.HikariConfig - registerMbeans..................false
17:03:29.233 [Test worker] DEBUG com.zaxxer.hikari.HikariConfig - scheduledExecutor...............none
17:03:29.233 [Test worker] DEBUG com.zaxxer.hikari.HikariConfig - schema..........................none
17:03:29.233 [Test worker] DEBUG com.zaxxer.hikari.HikariConfig - threadFactory...................internal
17:03:29.233 [Test worker] DEBUG com.zaxxer.hikari.HikariConfig - transactionIsolation............default
17:03:29.233 [Test worker] DEBUG com.zaxxer.hikari.HikariConfig - username........................"sa"
17:03:29.233 [Test worker] DEBUG com.zaxxer.hikari.HikariConfig - validationTimeout...............5000
17:03:29.233 [Test worker] INFO com.zaxxer.hikari.HikariDataSource - HikariPool-3 - Starting...
17:03:29.234 [Test worker] DEBUG com.zaxxer.hikari.pool.HikariPool - HikariPool-3 - Added connection conn20: url=jdbc:h2:mem:testdb user=SA
17:03:29.234 [Test worker] INFO com.zaxxer.hikari.HikariDataSource - HikariPool-3 - Start completed.
17:03:29.235 [Test worker] DEBUG org.springframework.beans.factory.support.DefaultListableBeanFactory - Autowiring by type from bean name 'entityManagerFactoryBuilder' via factory method to bean named 'jpaVendorAdapter'
17:03:29.237 [Test worker] DEBUG org.springframework.beans.factory.support.DefaultListableBeanFactory - Autowiring by type from bean name 'entityManagerFactory' via factory method to bean named 'entityManagerFactoryBuilder'
17:03:29.237 [Test worker] DEBUG org.springframework.jdbc.datasource.DataSourceUtils - Fetching JDBC Connection from DataSource
17:03:29.242 [Test worker] DEBUG org.springframework.orm.jpa.LocalContainerEntityManagerFactoryBean - Building JPA container EntityManagerFactory for persistence unit 'default'
17:03:29.242 [Test worker] DEBUG org.hibernate.jpa.internal.util.LogHelper - PersistenceUnitInfo [
	name: default
	persistence provider classname: null
	classloader: jdk.internal.loader.ClassLoaders$AppClassLoader@2c13da15
	excludeUnlistedClasses: true
	JTA datasource: null
	Non JTA datasource: HikariDataSource (HikariPool-3)
	Transaction type: RESOURCE_LOCAL
	PU root URL: file:/Users/dzmitryplatonov/Desktop/workdir/giftcertificates/datasource/build/classes/java/test/
	Shared Cache Mode: UNSPECIFIED
	Validation Mode: AUTO
	Jar files URLs []
	Managed classes names [
		com.epam.esm.entity.Entity
		com.epam.esm.entity.GiftCertificate
		com.epam.esm.entity.Order
		com.epam.esm.entity.OrderCertificate
		com.epam.esm.entity.Role
		com.epam.esm.entity.Tag
		com.epam.esm.entity.User]
	Mapping files names []
	Properties []
17:03:29.243 [Test worker] DEBUG org.hibernate.integrator.internal.IntegratorServiceImpl - Adding Integrator [org.hibernate.cfg.beanvalidation.BeanValidationIntegrator].
17:03:29.243 [Test worker] DEBUG org.hibernate.integrator.internal.IntegratorServiceImpl - Adding Integrator [org.hibernate.secure.spi.JaccIntegrator].
17:03:29.243 [Test worker] DEBUG org.hibernate.integrator.internal.IntegratorServiceImpl - Adding Integrator [org.hibernate.cache.internal.CollectionCacheInvalidator].
17:03:29.244 [Test worker] DEBUG org.hibernate.service.spi.ServiceBinding - Overriding existing service binding [org.hibernate.secure.spi.JaccService]
17:03:29.245 [Test worker] DEBUG org.hibernate.cache.internal.RegionFactoryInitiator - Cannot default RegionFactory based on registered strategies as `[]` RegionFactory strategies were registered
17:03:29.245 [Test worker] DEBUG org.hibernate.cache.internal.RegionFactoryInitiator - Cache region factory : org.hibernate.cache.internal.NoCachingRegionFactory
17:03:29.245 [Test worker] DEBUG org.hibernate.type.BasicTypeRegistry - Adding type registration boolean -> org.hibernate.type.BooleanType@7a361749
17:03:29.245 [Test worker] DEBUG org.hibernate.type.BasicTypeRegistry - Adding type registration boolean -> org.hibernate.type.BooleanType@7a361749
17:03:29.245 [Test worker] DEBUG org.hibernate.type.BasicTypeRegistry - Adding type registration java.lang.Boolean -> org.hibernate.type.BooleanType@7a361749
17:03:29.245 [Test worker] DEBUG org.hibernate.type.BasicTypeRegistry - Adding type registration numeric_boolean -> org.hibernate.type.NumericBooleanType@35b10044
17:03:29.245 [Test worker] DEBUG org.hibernate.type.BasicTypeRegistry - Adding type registration true_false -> org.hibernate.type.TrueFalseType@1b7f764d
17:03:29.245 [Test worker] DEBUG org.hibernate.type.BasicTypeRegistry - Adding type registration yes_no -> org.hibernate.type.YesNoType@726eb0b7
17:03:29.245 [Test worker] DEBUG org.hibernate.type.BasicTypeRegistry - Adding type registration byte -> org.hibernate.type.ByteType@17cb58e9
17:03:29.245 [Test worker] DEBUG org.hibernate.type.BasicTypeRegistry - Adding type registration byte -> org.hibernate.type.ByteType@17cb58e9
17:03:29.246 [Test worker] DEBUG org.hibernate.type.BasicTypeRegistry - Adding type registration java.lang.Byte -> org.hibernate.type.ByteType@17cb58e9
17:03:29.246 [Test worker] DEBUG org.hibernate.type.BasicTypeRegistry - Adding type registration character -> org.hibernate.type.CharacterType@30f0ba0d
17:03:29.246 [Test worker] DEBUG org.hibernate.type.BasicTypeRegistry - Adding type registration char -> org.hibernate.type.CharacterType@30f0ba0d
17:03:29.246 [Test worker] DEBUG org.hibernate.type.BasicTypeRegistry - Adding type registration java.lang.Character -> org.hibernate.type.CharacterType@30f0ba0d
17:03:29.246 [Test worker] DEBUG org.hibernate.type.BasicTypeRegistry - Adding type registration short -> org.hibernate.type.ShortType@27eea72e
17:03:29.246 [Test worker] DEBUG org.hibernate.type.BasicTypeRegistry - Adding type registration short -> org.hibernate.type.ShortType@27eea72e
17:03:29.246 [Test worker] DEBUG org.hibernate.type.BasicTypeRegistry - Adding type registration java.lang.Short -> org.hibernate.type.ShortType@27eea72e
17:03:29.246 [Test worker] DEBUG org.hibernate.type.BasicTypeRegistry - Adding type registration integer -> org.hibernate.type.IntegerType@3e734867
17:03:29.246 [Test worker] DEBUG org.hibernate.type.BasicTypeRegistry - Adding type registration int -> org.hibernate.type.IntegerType@3e734867
17:03:29.246 [Test worker] DEBUG org.hibernate.type.BasicTypeRegistry - Adding type registration java.lang.Integer -> org.hibernate.type.IntegerType@3e734867
17:03:29.246 [Test worker] DEBUG org.hibernate.type.BasicTypeRegistry - Adding type registration long -> org.hibernate.type.LongType@10654366
17:03:29.246 [Test worker] DEBUG org.hibernate.type.BasicTypeRegistry - Adding type registration long -> org.hibernate.type.LongType@10654366
17:03:29.246 [Test worker] DEBUG org.hibernate.type.BasicTypeRegistry - Adding type registration java.lang.Long -> org.hibernate.type.LongType@10654366
17:03:29.246 [Test worker] DEBUG org.hibernate.type.BasicTypeRegistry - Adding type registration float -> org.hibernate.type.FloatType@1072c4c1
17:03:29.246 [Test worker] DEBUG org.hibernate.type.BasicTypeRegistry - Adding type registration float -> org.hibernate.type.FloatType@1072c4c1
17:03:29.246 [Test worker] DEBUG org.hibernate.type.BasicTypeRegistry - Adding type registration java.lang.Float -> org.hibernate.type.FloatType@1072c4c1
17:03:29.246 [Test worker] DEBUG org.hibernate.type.BasicTypeRegistry - Adding type registration double -> org.hibernate.type.DoubleType@383d90d3
17:03:29.246 [Test worker] DEBUG org.hibernate.type.BasicTypeRegistry - Adding type registration double -> org.hibernate.type.DoubleType@383d90d3
17:03:29.246 [Test worker] DEBUG org.hibernate.type.BasicTypeRegistry - Adding type registration java.lang.Double -> org.hibernate.type.DoubleType@383d90d3
17:03:29.246 [Test worker] DEBUG org.hibernate.type.BasicTypeRegistry - Adding type registration big_decimal -> org.hibernate.type.BigDecimalType@322ff0c5
17:03:29.246 [Test worker] DEBUG org.hibernate.type.BasicTypeRegistry - Adding type registration java.math.BigDecimal -> org.hibernate.type.BigDecimalType@322ff0c5
17:03:29.246 [Test worker] DEBUG org.hibernate.type.BasicTypeRegistry - Adding type registration big_integer -> org.hibernate.type.BigIntegerType@219d1f47
17:03:29.246 [Test worker] DEBUG org.hibernate.type.BasicTypeRegistry - Adding type registration java.math.BigInteger -> org.hibernate.type.BigIntegerType@219d1f47
17:03:29.247 [Test worker] DEBUG org.hibernate.type.BasicTypeRegistry - Adding type registration string -> org.hibernate.type.StringType@7b9aad94
17:03:29.247 [Test worker] DEBUG org.hibernate.type.BasicTypeRegistry - Adding type registration java.lang.String -> org.hibernate.type.StringType@7b9aad94
17:03:29.247 [Test worker] DEBUG org.hibernate.type.BasicTypeRegistry - Adding type registration nstring -> org.hibernate.type.StringNVarcharType@39251dc7
17:03:29.247 [Test worker] DEBUG org.hibernate.type.BasicTypeRegistry - Adding type registration ncharacter -> org.hibernate.type.CharacterNCharType@284c8f8b
17:03:29.247 [Test worker] DEBUG org.hibernate.type.BasicTypeRegistry - Adding type registration url -> org.hibernate.type.UrlType@7c5e8cdb
17:03:29.247 [Test worker] DEBUG org.hibernate.type.BasicTypeRegistry - Adding type registration java.net.URL -> org.hibernate.type.UrlType@7c5e8cdb
17:03:29.247 [Test worker] DEBUG org.hibernate.type.BasicTypeRegistry - Adding type registration Duration -> org.hibernate.type.DurationType@5502b9d6
17:03:29.247 [Test worker] DEBUG org.hibernate.type.BasicTypeRegistry - Adding type registration java.time.Duration -> org.hibernate.type.DurationType@5502b9d6
17:03:29.247 [Test worker] DEBUG org.hibernate.type.BasicTypeRegistry - Adding type registration Instant -> org.hibernate.type.InstantType@52dea51b
17:03:29.247 [Test worker] DEBUG org.hibernate.type.BasicTypeRegistry - Adding type registration java.time.Instant -> org.hibernate.type.InstantType@52dea51b
17:03:29.247 [Test worker] DEBUG org.hibernate.type.BasicTypeRegistry - Adding type registration LocalDateTime -> org.hibernate.type.LocalDateTimeType@65741b68
17:03:29.247 [Test worker] DEBUG org.hibernate.type.BasicTypeRegistry - Adding type registration java.time.LocalDateTime -> org.hibernate.type.LocalDateTimeType@65741b68
17:03:29.247 [Test worker] DEBUG org.hibernate.type.BasicTypeRegistry - Adding type registration LocalDate -> org.hibernate.type.LocalDateType@33f0f7f9
17:03:29.247 [Test worker] DEBUG org.hibernate.type.BasicTypeRegistry - Adding type registration java.time.LocalDate -> org.hibernate.type.LocalDateType@33f0f7f9
17:03:29.247 [Test worker] DEBUG org.hibernate.type.BasicTypeRegistry - Adding type registration LocalTime -> org.hibernate.type.LocalTimeType@5e875231
17:03:29.247 [Test worker] DEBUG org.hibernate.type.BasicTypeRegistry - Adding type registration java.time.LocalTime -> org.hibernate.type.LocalTimeType@5e875231
17:03:29.247 [Test worker] DEBUG org.hibernate.type.BasicTypeRegistry - Adding type registration OffsetDateTime -> org.hibernate.type.OffsetDateTimeType@e161f10
17:03:29.247 [Test worker] DEBUG org.hibernate.type.BasicTypeRegistry - Adding type registration java.time.OffsetDateTime -> org.hibernate.type.OffsetDateTimeType@e161f10
17:03:29.247 [Test worker] DEBUG org.hibernate.type.BasicTypeRegistry - Adding type registration OffsetTime -> org.hibernate.type.OffsetTimeType@1ed4e4a1
17:03:29.247 [Test worker] DEBUG org.hibernate.type.BasicTypeRegistry - Adding type registration java.time.OffsetTime -> org.hibernate.type.OffsetTimeType@1ed4e4a1
17:03:29.247 [Test worker] DEBUG org.hibernate.type.BasicTypeRegistry - Adding type registration ZonedDateTime -> org.hibernate.type.ZonedDateTimeType@1f7b3ac5
17:03:29.247 [Test worker] DEBUG org.hibernate.type.BasicTypeRegistry - Adding type registration java.time.ZonedDateTime -> org.hibernate.type.ZonedDateTimeType@1f7b3ac5
17:03:29.248 [Test worker] DEBUG org.hibernate.type.BasicTypeRegistry - Adding type registration date -> org.hibernate.type.DateType@47db9e78
17:03:29.248 [Test worker] DEBUG org.hibernate.type.BasicTypeRegistry - Adding type registration java.sql.Date -> org.hibernate.type.DateType@47db9e78
17:03:29.248 [Test worker] DEBUG org.hibernate.type.BasicTypeRegistry - Adding type registration time -> org.hibernate.type.TimeType@19cf2a46
17:03:29.248 [Test worker] DEBUG org.hibernate.type.BasicTypeRegistry - Adding type registration java.sql.Time -> org.hibernate.type.TimeType@19cf2a46
17:03:29.248 [Test worker] DEBUG org.hibernate.type.BasicTypeRegistry - Adding type registration timestamp -> org.hibernate.type.TimestampType@33cc8709
17:03:29.248 [Test worker] DEBUG org.hibernate.type.BasicTypeRegistry - Adding type registration java.sql.Timestamp -> org.hibernate.type.TimestampType@33cc8709
17:03:29.248 [Test worker] DEBUG org.hibernate.type.BasicTypeRegistry - Adding type registration java.util.Date -> org.hibernate.type.TimestampType@33cc8709
17:03:29.248 [Test worker] DEBUG org.hibernate.type.BasicTypeRegistry - Adding type registration dbtimestamp -> org.hibernate.type.DbTimestampType@4bb8bc35
17:03:29.248 [Test worker] DEBUG org.hibernate.type.BasicTypeRegistry - Adding type registration calendar -> org.hibernate.type.CalendarType@6cda5f3e
17:03:29.248 [Test worker] DEBUG org.hibernate.type.BasicTypeRegistry - Adding type registration java.util.Calendar -> org.hibernate.type.CalendarType@6cda5f3e
17:03:29.248 [Test worker] DEBUG org.hibernate.type.BasicTypeRegistry - Adding type registration java.util.GregorianCalendar -> org.hibernate.type.CalendarType@6cda5f3e
17:03:29.248 [Test worker] DEBUG org.hibernate.type.BasicTypeRegistry - Adding type registration calendar_date -> org.hibernate.type.CalendarDateType@2cf12338
17:03:29.248 [Test worker] DEBUG org.hibernate.type.BasicTypeRegistry - Adding type registration locale -> org.hibernate.type.LocaleType@5fa83fc7
17:03:29.248 [Test worker] DEBUG org.hibernate.type.BasicTypeRegistry - Adding type registration java.util.Locale -> org.hibernate.type.LocaleType@5fa83fc7
17:03:29.248 [Test worker] DEBUG org.hibernate.type.BasicTypeRegistry - Adding type registration currency -> org.hibernate.type.CurrencyType@7198d6af
17:03:29.248 [Test worker] DEBUG org.hibernate.type.BasicTypeRegistry - Adding type registration java.util.Currency -> org.hibernate.type.CurrencyType@7198d6af
17:03:29.248 [Test worker] DEBUG org.hibernate.type.BasicTypeRegistry - Adding type registration timezone -> org.hibernate.type.TimeZoneType@5db6acf5
17:03:29.248 [Test worker] DEBUG org.hibernate.type.BasicTypeRegistry - Adding type registration java.util.TimeZone -> org.hibernate.type.TimeZoneType@5db6acf5
17:03:29.248 [Test worker] DEBUG org.hibernate.type.BasicTypeRegistry - Adding type registration class -> org.hibernate.type.ClassType@11e7b123
17:03:29.248 [Test worker] DEBUG org.hibernate.type.BasicTypeRegistry - Adding type registration java.lang.Class -> org.hibernate.type.ClassType@11e7b123
17:03:29.248 [Test worker] DEBUG org.hibernate.type.BasicTypeRegistry - Adding type registration uuid-binary -> org.hibernate.type.UUIDBinaryType@515d21bc
17:03:29.248 [Test worker] DEBUG org.hibernate.type.BasicTypeRegistry - Adding type registration java.util.UUID -> org.hibernate.type.UUIDBinaryType@515d21bc
17:03:29.248 [Test worker] DEBUG org.hibernate.type.BasicTypeRegistry - Adding type registration uuid-char -> org.hibernate.type.UUIDCharType@774ef163
17:03:29.248 [Test worker] DEBUG org.hibernate.type.BasicTypeRegistry - Adding type registration binary -> org.hibernate.type.BinaryType@5f00df0f
17:03:29.248 [Test worker] DEBUG org.hibernate.type.BasicTypeRegistry - Adding type registration byte[] -> org.hibernate.type.BinaryType@5f00df0f
17:03:29.248 [Test worker] DEBUG org.hibernate.type.BasicTypeRegistry - Adding type registration [B -> org.hibernate.type.BinaryType@5f00df0f
17:03:29.248 [Test worker] DEBUG org.hibernate.type.BasicTypeRegistry - Adding type registration wrapper-binary -> org.hibernate.type.WrapperBinaryType@1c4b0916
17:03:29.248 [Test worker] DEBUG org.hibernate.type.BasicTypeRegistry - Adding type registration Byte[] -> org.hibernate.type.WrapperBinaryType@1c4b0916
17:03:29.248 [Test worker] DEBUG org.hibernate.type.BasicTypeRegistry - Adding type registration [Ljava.lang.Byte; -> org.hibernate.type.WrapperBinaryType@1c4b0916
17:03:29.249 [Test worker] DEBUG org.hibernate.type.BasicTypeRegistry - Adding type registration row_version -> org.hibernate.type.RowVersionType@5a9358d7
17:03:29.249 [Test worker] DEBUG org.hibernate.type.BasicTypeRegistry - Adding type registration image -> org.hibernate.type.ImageType@b08df66
17:03:29.249 [Test worker] DEBUG org.hibernate.type.BasicTypeRegistry - Adding type registration characters -> org.hibernate.type.CharArrayType@69a415e0
17:03:29.249 [Test worker] DEBUG org.hibernate.type.BasicTypeRegistry - Adding type registration char[] -> org.hibernate.type.CharArrayType@69a415e0
17:03:29.249 [Test worker] DEBUG org.hibernate.type.BasicTypeRegistry - Adding type registration [C -> org.hibernate.type.CharArrayType@69a415e0
17:03:29.249 [Test worker] DEBUG org.hibernate.type.BasicTypeRegistry - Adding type registration wrapper-characters -> org.hibernate.type.CharacterArrayType@2e189552
17:03:29.249 [Test worker] DEBUG org.hibernate.type.BasicTypeRegistry - Adding type registration [Ljava.lang.Character; -> org.hibernate.type.CharacterArrayType@2e189552
17:03:29.249 [Test worker] DEBUG org.hibernate.type.BasicTypeRegistry - Adding type registration Character[] -> org.hibernate.type.CharacterArrayType@2e189552
17:03:29.249 [Test worker] DEBUG org.hibernate.type.BasicTypeRegistry - Adding type registration text -> org.hibernate.type.TextType@3bb4f48d
17:03:29.249 [Test worker] DEBUG org.hibernate.type.BasicTypeRegistry - Adding type registration ntext -> org.hibernate.type.NTextType@7fc44815
17:03:29.249 [Test worker] DEBUG org.hibernate.type.BasicTypeRegistry - Adding type registration blob -> org.hibernate.type.BlobType@70984021
17:03:29.249 [Test worker] DEBUG org.hibernate.type.BasicTypeRegistry - Adding type registration java.sql.Blob -> org.hibernate.type.BlobType@70984021
17:03:29.249 [Test worker] DEBUG org.hibernate.type.BasicTypeRegistry - Adding type registration materialized_blob -> org.hibernate.type.MaterializedBlobType@7b392ea8
17:03:29.249 [Test worker] DEBUG org.hibernate.type.BasicTypeRegistry - Adding type registration clob -> org.hibernate.type.ClobType@249973df
17:03:29.249 [Test worker] DEBUG org.hibernate.type.BasicTypeRegistry - Adding type registration java.sql.Clob -> org.hibernate.type.ClobType@249973df
17:03:29.249 [Test worker] DEBUG org.hibernate.type.BasicTypeRegistry - Adding type registration nclob -> org.hibernate.type.NClobType@993bb9e
17:03:29.249 [Test worker] DEBUG org.hibernate.type.BasicTypeRegistry - Adding type registration java.sql.NClob -> org.hibernate.type.NClobType@993bb9e
17:03:29.249 [Test worker] DEBUG org.hibernate.type.BasicTypeRegistry - Adding type registration materialized_clob -> org.hibernate.type.MaterializedClobType@5eddde51
17:03:29.249 [Test worker] DEBUG org.hibernate.type.BasicTypeRegistry - Adding type registration materialized_nclob -> org.hibernate.type.MaterializedNClobType@20503ff1
17:03:29.249 [Test worker] DEBUG org.hibernate.type.BasicTypeRegistry - Adding type registration serializable -> org.hibernate.type.SerializableType@11fb506a
17:03:29.249 [Test worker] DEBUG org.hibernate.type.BasicTypeRegistry - Adding type registration object -> org.hibernate.type.ObjectType@40b10f8c
17:03:29.249 [Test worker] DEBUG org.hibernate.type.BasicTypeRegistry - Adding type registration java.lang.Object -> org.hibernate.type.ObjectType@40b10f8c
17:03:29.249 [Test worker] DEBUG org.hibernate.type.BasicTypeRegistry - Adding type registration imm_date -> org.hibernate.type.AdaptedImmutableType@499a9816
17:03:29.249 [Test worker] DEBUG org.hibernate.type.BasicTypeRegistry - Adding type registration imm_time -> org.hibernate.type.AdaptedImmutableType@5b593d05
17:03:29.249 [Test worker] DEBUG org.hibernate.type.BasicTypeRegistry - Adding type registration imm_timestamp -> org.hibernate.type.AdaptedImmutableType@150b76a5
17:03:29.249 [Test worker] DEBUG org.hibernate.type.BasicTypeRegistry - Adding type registration imm_dbtimestamp -> org.hibernate.type.AdaptedImmutableType@25305a6b
17:03:29.249 [Test worker] DEBUG org.hibernate.type.BasicTypeRegistry - Adding type registration imm_calendar -> org.hibernate.type.AdaptedImmutableType@38773cf3
17:03:29.249 [Test worker] DEBUG org.hibernate.type.BasicTypeRegistry - Adding type registration imm_calendar_date -> org.hibernate.type.AdaptedImmutableType@2a548fed
17:03:29.250 [Test worker] DEBUG org.hibernate.type.BasicTypeRegistry - Adding type registration imm_binary -> org.hibernate.type.AdaptedImmutableType@64a46a5c
17:03:29.250 [Test worker] DEBUG org.hibernate.type.BasicTypeRegistry - Adding type registration imm_serializable -> org.hibernate.type.AdaptedImmutableType@436087a1
17:03:29.251 [Test worker] DEBUG org.hibernate.boot.internal.BootstrapContextImpl - Injecting JPA temp ClassLoader [org.springframework.instrument.classloading.SimpleThrowawayClassLoader@4c547fce] into BootstrapContext; was [null]
17:03:29.251 [Test worker] DEBUG org.hibernate.boot.internal.ClassLoaderAccessImpl - ClassLoaderAccessImpl#injectTempClassLoader(org.springframework.instrument.classloading.SimpleThrowawayClassLoader@4c547fce) [was null]
17:03:29.251 [Test worker] DEBUG org.hibernate.boot.internal.BootstrapContextImpl - Injecting ScanEnvironment [org.hibernate.jpa.boot.internal.StandardJpaScanEnvironmentImpl@be51a92] into BootstrapContext; was [null]
17:03:29.251 [Test worker] DEBUG org.hibernate.boot.internal.BootstrapContextImpl - Injecting ScanOptions [org.hibernate.boot.archive.scan.internal.StandardScanOptions@4cffd9c0] into BootstrapContext; was [org.hibernate.boot.archive.scan.internal.StandardScanOptions@31d86ae]
17:03:29.253 [Test worker] DEBUG org.hibernate.boot.internal.BootstrapContextImpl - Injecting JPA temp ClassLoader [null] into BootstrapContext; was [org.springframework.instrument.classloading.SimpleThrowawayClassLoader@4c547fce]
17:03:29.253 [Test worker] DEBUG org.hibernate.boot.internal.ClassLoaderAccessImpl - ClassLoaderAccessImpl#injectTempClassLoader(null) [was org.springframework.instrument.classloading.SimpleThrowawayClassLoader@4c547fce]
17:03:29.253 [Test worker] DEBUG org.hibernate.id.factory.internal.DefaultIdentifierGeneratorFactory - Registering IdentifierGenerator strategy [uuid2] -> [org.hibernate.id.UUIDGenerator]
17:03:29.253 [Test worker] DEBUG org.hibernate.id.factory.internal.DefaultIdentifierGeneratorFactory - Registering IdentifierGenerator strategy [guid] -> [org.hibernate.id.GUIDGenerator]
17:03:29.253 [Test worker] DEBUG org.hibernate.id.factory.internal.DefaultIdentifierGeneratorFactory - Registering IdentifierGenerator strategy [uuid] -> [org.hibernate.id.UUIDHexGenerator]
17:03:29.253 [Test worker] DEBUG org.hibernate.id.factory.internal.DefaultIdentifierGeneratorFactory - Registering IdentifierGenerator strategy [uuid.hex] -> [org.hibernate.id.UUIDHexGenerator]
17:03:29.253 [Test worker] DEBUG org.hibernate.id.factory.internal.DefaultIdentifierGeneratorFactory - Registering IdentifierGenerator strategy [assigned] -> [org.hibernate.id.Assigned]
17:03:29.253 [Test worker] DEBUG org.hibernate.id.factory.internal.DefaultIdentifierGeneratorFactory - Registering IdentifierGenerator strategy [identity] -> [org.hibernate.id.IdentityGenerator]
17:03:29.253 [Test worker] DEBUG org.hibernate.id.factory.internal.DefaultIdentifierGeneratorFactory - Registering IdentifierGenerator strategy [select] -> [org.hibernate.id.SelectGenerator]
17:03:29.253 [Test worker] DEBUG org.hibernate.id.factory.internal.DefaultIdentifierGeneratorFactory - Registering IdentifierGenerator strategy [sequence] -> [org.hibernate.id.enhanced.SequenceStyleGenerator]
17:03:29.253 [Test worker] DEBUG org.hibernate.id.factory.internal.DefaultIdentifierGeneratorFactory - Registering IdentifierGenerator strategy [seqhilo] -> [org.hibernate.id.SequenceHiLoGenerator]
17:03:29.254 [Test worker] DEBUG org.hibernate.id.factory.internal.DefaultIdentifierGeneratorFactory - Registering IdentifierGenerator strategy [increment] -> [org.hibernate.id.IncrementGenerator]
17:03:29.254 [Test worker] DEBUG org.hibernate.id.factory.internal.DefaultIdentifierGeneratorFactory - Registering IdentifierGenerator strategy [foreign] -> [org.hibernate.id.ForeignGenerator]
17:03:29.254 [Test worker] DEBUG org.hibernate.id.factory.internal.DefaultIdentifierGeneratorFactory - Registering IdentifierGenerator strategy [sequence-identity] -> [org.hibernate.id.SequenceIdentityGenerator]
17:03:29.254 [Test worker] DEBUG org.hibernate.id.factory.internal.DefaultIdentifierGeneratorFactory - Registering IdentifierGenerator strategy [enhanced-sequence] -> [org.hibernate.id.enhanced.SequenceStyleGenerator]
17:03:29.254 [Test worker] DEBUG org.hibernate.id.factory.internal.DefaultIdentifierGeneratorFactory - Registering IdentifierGenerator strategy [enhanced-table] -> [org.hibernate.id.enhanced.TableGenerator]
17:03:29.254 [Test worker] DEBUG org.hibernate.engine.jdbc.env.internal.JdbcEnvironmentInitiator - Database ->
       name : H2
    version : 1.4.197 (2018-03-18)
      major : 1
      minor : 4
17:03:29.254 [Test worker] DEBUG org.hibernate.engine.jdbc.env.internal.JdbcEnvironmentInitiator - Driver ->
       name : H2 JDBC Driver
    version : 1.4.197 (2018-03-18)
      major : 1
      minor : 4
17:03:29.254 [Test worker] DEBUG org.hibernate.engine.jdbc.env.internal.JdbcEnvironmentInitiator - JDBC version : 4.0
17:03:29.254 [Test worker] INFO org.hibernate.dialect.Dialect - HHH000400: Using dialect: org.hibernate.dialect.H2Dialect
17:03:29.261 [Test worker] DEBUG org.hibernate.boot.model.relational.Namespace - Created database namespace [logicalName=Name{catalog=null, schema=null}, physicalName=Name{catalog=null, schema=null}]
17:03:29.262 [Test worker] DEBUG org.hibernate.type.spi.TypeConfiguration$Scope - Scoping TypeConfiguration [org.hibernate.type.spi.TypeConfiguration@56435309] to MetadataBuildingContext [org.hibernate.boot.internal.MetadataBuildingContextRootImpl@7b4c103f]
17:03:29.262 [Test worker] DEBUG org.hibernate.cfg.AnnotationBinder - Binding entity from annotated class: com.epam.esm.entity.Entity
17:03:29.263 [Test worker] DEBUG org.hibernate.cfg.Ejb3Column - Binding column: Ejb3DiscriminatorColumn{logicalColumnName'DTYPE', discriminatorTypeName='string'}
17:03:29.263 [Test worker] DEBUG org.hibernate.cfg.annotations.EntityBinder - Import with entity name Entity
17:03:29.263 [Test worker] DEBUG org.hibernate.cfg.annotations.EntityBinder - Bind entity com.epam.esm.entity.Entity on table entity
17:03:29.263 [Test worker] DEBUG org.hibernate.cfg.Ejb3Column - Binding column: Ejb3Column{table=org.hibernate.mapping.Table(entity), mappingColumn=id, insertable=true, updatable=true, unique=false}
17:03:29.263 [Test worker] DEBUG org.hibernate.cfg.annotations.PropertyBinder - MetadataSourceProcessor property id with lazy=false
17:03:29.263 [Test worker] DEBUG org.hibernate.cfg.AbstractPropertyHolder - Attempting to locate auto-apply AttributeConverter for property [com.epam.esm.entity.Entity:id]
17:03:29.264 [Test worker] DEBUG org.hibernate.cfg.annotations.SimpleValueBinder - building SimpleValue for id
17:03:29.264 [Test worker] DEBUG org.hibernate.cfg.annotations.PropertyBinder - Building property id
17:03:29.264 [Test worker] DEBUG org.hibernate.cfg.BinderHelper - #makeIdGenerator(org.hibernate.mapping.SimpleValue([org.hibernate.mapping.Column(id)]), id, identity, , ...)
17:03:29.264 [Test worker] DEBUG org.hibernate.cfg.AnnotationBinder - Binding entity from annotated class: com.epam.esm.entity.GiftCertificate
17:03:29.264 [Test worker] DEBUG org.hibernate.cfg.Ejb3Column - Binding column: Ejb3DiscriminatorColumn{logicalColumnName'DTYPE', discriminatorTypeName='string'}
17:03:29.264 [Test worker] DEBUG org.hibernate.cfg.annotations.EntityBinder - Import with entity name GiftCertificate
17:03:29.264 [Test worker] DEBUG org.hibernate.cfg.annotations.EntityBinder - Bind entity com.epam.esm.entity.GiftCertificate on table certificate
17:03:29.265 [Test worker] DEBUG org.hibernate.cfg.Ejb3Column - Binding column: Ejb3Column{table=org.hibernate.mapping.Table(certificate), mappingColumn=id, insertable=true, updatable=true, unique=false}
17:03:29.265 [Test worker] DEBUG org.hibernate.cfg.annotations.PropertyBinder - MetadataSourceProcessor property id with lazy=false
17:03:29.265 [Test worker] DEBUG org.hibernate.cfg.AbstractPropertyHolder - Attempting to locate auto-apply AttributeConverter for property [com.epam.esm.entity.GiftCertificate:id]
17:03:29.265 [Test worker] DEBUG org.hibernate.cfg.annotations.SimpleValueBinder - building SimpleValue for id
17:03:29.265 [Test worker] DEBUG org.hibernate.cfg.annotations.PropertyBinder - Building property id
17:03:29.265 [Test worker] DEBUG org.hibernate.cfg.BinderHelper - #makeIdGenerator(org.hibernate.mapping.SimpleValue([org.hibernate.mapping.Column(id)]), id, identity, , ...)
17:03:29.266 [Test worker] DEBUG org.hibernate.cfg.Ejb3Column - Binding column: Ejb3Column{table=org.hibernate.mapping.Table(certificate), mappingColumn=active_status, insertable=true, updatable=true, unique=false}
17:03:29.266 [Test worker] DEBUG org.hibernate.cfg.annotations.PropertyBinder - MetadataSourceProcessor property activeStatus with lazy=false
17:03:29.266 [Test worker] DEBUG org.hibernate.cfg.AbstractPropertyHolder - Attempting to locate auto-apply AttributeConverter for property [com.epam.esm.entity.GiftCertificate:activeStatus]
17:03:29.266 [Test worker] DEBUG org.hibernate.cfg.annotations.SimpleValueBinder - building SimpleValue for activeStatus
17:03:29.266 [Test worker] DEBUG org.hibernate.cfg.annotations.PropertyBinder - Building property activeStatus
17:03:29.266 [Test worker] DEBUG org.hibernate.cfg.Ejb3Column - Binding column: Ejb3Column{table=org.hibernate.mapping.Table(certificate), mappingColumn=creation_date, insertable=true, updatable=true, unique=false}
17:03:29.266 [Test worker] DEBUG org.hibernate.cfg.annotations.PropertyBinder - MetadataSourceProcessor property creationDate with lazy=false
17:03:29.266 [Test worker] DEBUG org.hibernate.cfg.AbstractPropertyHolder - Attempting to locate auto-apply AttributeConverter for property [com.epam.esm.entity.GiftCertificate:creationDate]
17:03:29.266 [Test worker] DEBUG org.hibernate.cfg.annotations.SimpleValueBinder - building SimpleValue for creationDate
17:03:29.267 [Test worker] DEBUG org.hibernate.cfg.annotations.PropertyBinder - Building property creationDate
17:03:29.267 [Test worker] DEBUG org.hibernate.cfg.Ejb3Column - Binding column: Ejb3Column{table=org.hibernate.mapping.Table(certificate), mappingColumn=description, insertable=true, updatable=true, unique=false}
17:03:29.267 [Test worker] DEBUG org.hibernate.cfg.annotations.PropertyBinder - MetadataSourceProcessor property description with lazy=false
17:03:29.267 [Test worker] DEBUG org.hibernate.cfg.AbstractPropertyHolder - Attempting to locate auto-apply AttributeConverter for property [com.epam.esm.entity.GiftCertificate:description]
17:03:29.267 [Test worker] DEBUG org.hibernate.cfg.annotations.SimpleValueBinder - building SimpleValue for description
17:03:29.267 [Test worker] DEBUG org.hibernate.cfg.annotations.PropertyBinder - Building property description
17:03:29.267 [Test worker] DEBUG org.hibernate.cfg.Ejb3Column - Binding column: Ejb3Column{table=org.hibernate.mapping.Table(certificate), mappingColumn=expiration_date, insertable=true, updatable=true, unique=false}
17:03:29.267 [Test worker] DEBUG org.hibernate.cfg.annotations.PropertyBinder - MetadataSourceProcessor property expirationDate with lazy=false
17:03:29.267 [Test worker] DEBUG org.hibernate.cfg.AbstractPropertyHolder - Attempting to locate auto-apply AttributeConverter for property [com.epam.esm.entity.GiftCertificate:expirationDate]
17:03:29.267 [Test worker] DEBUG org.hibernate.cfg.annotations.SimpleValueBinder - building SimpleValue for expirationDate
17:03:29.267 [Test worker] DEBUG org.hibernate.cfg.annotations.PropertyBinder - Building property expirationDate
17:03:29.268 [Test worker] DEBUG org.hibernate.cfg.Ejb3Column - Binding column: Ejb3Column{table=org.hibernate.mapping.Table(certificate), mappingColumn=modification_date, insertable=true, updatable=true, unique=false}
17:03:29.268 [Test worker] DEBUG org.hibernate.cfg.annotations.PropertyBinder - MetadataSourceProcessor property modificationDate with lazy=false
17:03:29.268 [Test worker] DEBUG org.hibernate.cfg.AbstractPropertyHolder - Attempting to locate auto-apply AttributeConverter for property [com.epam.esm.entity.GiftCertificate:modificationDate]
17:03:29.268 [Test worker] DEBUG org.hibernate.cfg.annotations.SimpleValueBinder - building SimpleValue for modificationDate
17:03:29.268 [Test worker] DEBUG org.hibernate.cfg.annotations.PropertyBinder - Building property modificationDate
17:03:29.268 [Test worker] DEBUG org.hibernate.cfg.Ejb3Column - Binding column: Ejb3Column{table=org.hibernate.mapping.Table(certificate), mappingColumn=name, insertable=true, updatable=true, unique=false}
17:03:29.268 [Test worker] DEBUG org.hibernate.cfg.annotations.PropertyBinder - MetadataSourceProcessor property name with lazy=false
17:03:29.268 [Test worker] DEBUG org.hibernate.cfg.AbstractPropertyHolder - Attempting to locate auto-apply AttributeConverter for property [com.epam.esm.entity.GiftCertificate:name]
17:03:29.268 [Test worker] DEBUG org.hibernate.cfg.annotations.SimpleValueBinder - building SimpleValue for name
17:03:29.268 [Test worker] DEBUG org.hibernate.cfg.annotations.PropertyBinder - Building property name
17:03:29.268 [Test worker] DEBUG org.hibernate.cfg.Ejb3Column - Binding column: Ejb3JoinColumn{logicalColumnName='null', referencedColumn='null', mappedBy='certificate'}
17:03:29.269 [Test worker] DEBUG org.hibernate.cfg.Ejb3Column - Binding column: Ejb3Column{table=org.hibernate.mapping.Table(certificate), mappingColumn=order_certificates, insertable=true, updatable=true, unique=false}
17:03:29.269 [Test worker] DEBUG org.hibernate.cfg.Ejb3Column - Binding column: Ejb3Column{table=org.hibernate.mapping.Table(certificate), mappingColumn=null, insertable=true, updatable=true, unique=false}
17:03:29.269 [Test worker] DEBUG org.hibernate.cfg.Ejb3Column - Binding column: Ejb3Column{table=org.hibernate.mapping.Table(certificate), mappingColumn=element, insertable=true, updatable=true, unique=false}
17:03:29.269 [Test worker] DEBUG org.hibernate.cfg.Ejb3Column - Binding column: Ejb3Column{table=org.hibernate.mapping.Table(certificate), mappingColumn=order_certificates_key, insertable=true, updatable=true, unique=false}
17:03:29.269 [Test worker] DEBUG org.hibernate.cfg.Ejb3Column - Binding column: Ejb3JoinColumn{logicalColumnName='orderCertificates_KEY', referencedColumn='null', mappedBy='null'}
17:03:29.269 [Test worker] DEBUG org.hibernate.cfg.Ejb3Column - Binding column: Ejb3JoinColumn{logicalColumnName='null', referencedColumn='null', mappedBy='certificate'}
17:03:29.269 [Test worker] DEBUG org.hibernate.cfg.Ejb3Column - Binding column: Ejb3JoinColumn{logicalColumnName='null', referencedColumn='null', mappedBy='certificate'}
17:03:29.269 [Test worker] DEBUG org.hibernate.cfg.annotations.CollectionBinder - Collection role: com.epam.esm.entity.GiftCertificate.orderCertificates
17:03:29.269 [Test worker] DEBUG org.hibernate.cfg.annotations.PropertyBinder - Building property orderCertificates
17:03:29.270 [Test worker] DEBUG org.hibernate.cfg.Ejb3Column - Binding column: Ejb3Column{table=org.hibernate.mapping.Table(certificate), mappingColumn=price, insertable=true, updatable=true, unique=false}
17:03:29.270 [Test worker] DEBUG org.hibernate.cfg.annotations.PropertyBinder - MetadataSourceProcessor property price with lazy=false
17:03:29.270 [Test worker] DEBUG org.hibernate.cfg.AbstractPropertyHolder - Attempting to locate auto-apply AttributeConverter for property [com.epam.esm.entity.GiftCertificate:price]
17:03:29.270 [Test worker] DEBUG org.hibernate.cfg.annotations.SimpleValueBinder - building SimpleValue for price
17:03:29.270 [Test worker] DEBUG org.hibernate.cfg.annotations.PropertyBinder - Building property price
17:03:29.270 [Test worker] DEBUG org.hibernate.cfg.Ejb3Column - Binding column: Ejb3Column{table=org.hibernate.mapping.Table(certificate), mappingColumn=null, insertable=true, updatable=true, unique=false}
17:03:29.270 [Test worker] DEBUG org.hibernate.cfg.Ejb3Column - Binding column: Ejb3Column{table=org.hibernate.mapping.Table(certificate), mappingColumn=element, insertable=true, updatable=true, unique=false}
17:03:29.271 [Test worker] DEBUG org.hibernate.cfg.Ejb3Column - Binding column: Ejb3Column{table=org.hibernate.mapping.Table(certificate), mappingColumn=tags_key, insertable=true, updatable=true, unique=false}
17:03:29.271 [Test worker] DEBUG org.hibernate.cfg.Ejb3Column - Binding column: Ejb3JoinColumn{logicalColumnName='tags_KEY', referencedColumn='null', mappedBy='null'}
17:03:29.271 [Test worker] DEBUG org.hibernate.cfg.Ejb3Column - Binding column: Ejb3JoinColumn{logicalColumnName='certificate_id', referencedColumn='', mappedBy=''}
17:03:29.271 [Test worker] DEBUG org.hibernate.cfg.Ejb3Column - Binding column: Ejb3JoinColumn{logicalColumnName='tag_id', referencedColumn='', mappedBy=''}
17:03:29.271 [Test worker] DEBUG org.hibernate.cfg.annotations.CollectionBinder - Collection role: com.epam.esm.entity.GiftCertificate.tags
17:03:29.271 [Test worker] DEBUG org.hibernate.cfg.annotations.PropertyBinder - Building property tags
17:03:29.271 [Test worker] DEBUG org.hibernate.cfg.AnnotationBinder - Binding entity from annotated class: com.epam.esm.entity.Order
17:03:29.271 [Test worker] DEBUG org.hibernate.cfg.Ejb3Column - Binding column: Ejb3DiscriminatorColumn{logicalColumnName'DTYPE', discriminatorTypeName='string'}
17:03:29.271 [Test worker] DEBUG org.hibernate.cfg.annotations.EntityBinder - Import with entity name Order
17:03:29.271 [Test worker] DEBUG org.hibernate.cfg.annotations.EntityBinder - Bind entity com.epam.esm.entity.Order on table application_order
17:03:29.272 [Test worker] DEBUG org.hibernate.cfg.Ejb3Column - Binding column: Ejb3Column{table=org.hibernate.mapping.Table(application_order), mappingColumn=id, insertable=true, updatable=true, unique=false}
17:03:29.272 [Test worker] DEBUG org.hibernate.cfg.annotations.PropertyBinder - MetadataSourceProcessor property id with lazy=false
17:03:29.272 [Test worker] DEBUG org.hibernate.cfg.AbstractPropertyHolder - Attempting to locate auto-apply AttributeConverter for property [com.epam.esm.entity.Order:id]
17:03:29.272 [Test worker] DEBUG org.hibernate.cfg.annotations.SimpleValueBinder - building SimpleValue for id
17:03:29.272 [Test worker] DEBUG org.hibernate.cfg.annotations.PropertyBinder - Building property id
17:03:29.273 [Test worker] DEBUG org.hibernate.cfg.BinderHelper - #makeIdGenerator(org.hibernate.mapping.SimpleValue([org.hibernate.mapping.Column(id)]), id, identity, , ...)
17:03:29.273 [Test worker] DEBUG org.hibernate.cfg.Ejb3Column - Binding column: Ejb3Column{table=org.hibernate.mapping.Table(application_order), mappingColumn=active_status, insertable=true, updatable=true, unique=false}
17:03:29.273 [Test worker] DEBUG org.hibernate.cfg.annotations.PropertyBinder - MetadataSourceProcessor property activeStatus with lazy=false
17:03:29.273 [Test worker] DEBUG org.hibernate.cfg.AbstractPropertyHolder - Attempting to locate auto-apply AttributeConverter for property [com.epam.esm.entity.Order:activeStatus]
17:03:29.273 [Test worker] DEBUG org.hibernate.cfg.annotations.SimpleValueBinder - building SimpleValue for activeStatus
17:03:29.273 [Test worker] DEBUG org.hibernate.cfg.annotations.PropertyBinder - Building property activeStatus
17:03:29.273 [Test worker] DEBUG org.hibernate.cfg.Ejb3Column - Binding column: Ejb3Column{table=org.hibernate.mapping.Table(application_order), mappingColumn=created_at, insertable=true, updatable=true, unique=false}
17:03:29.273 [Test worker] DEBUG org.hibernate.cfg.annotations.PropertyBinder - MetadataSourceProcessor property createdAt with lazy=false
17:03:29.273 [Test worker] DEBUG org.hibernate.cfg.AbstractPropertyHolder - Attempting to locate auto-apply AttributeConverter for property [com.epam.esm.entity.Order:createdAt]
17:03:29.273 [Test worker] DEBUG org.hibernate.cfg.annotations.SimpleValueBinder - building SimpleValue for createdAt
17:03:29.274 [Test worker] DEBUG org.hibernate.cfg.annotations.PropertyBinder - Building property createdAt
17:03:29.274 [Test worker] DEBUG org.hibernate.cfg.Ejb3Column - Binding column: Ejb3JoinColumn{logicalColumnName='null', referencedColumn='null', mappedBy='order'}
17:03:29.274 [Test worker] DEBUG org.hibernate.cfg.Ejb3Column - Binding column: Ejb3Column{table=org.hibernate.mapping.Table(application_order), mappingColumn=order_certificates, insertable=true, updatable=true, unique=false}
17:03:29.274 [Test worker] DEBUG org.hibernate.cfg.Ejb3Column - Binding column: Ejb3Column{table=org.hibernate.mapping.Table(application_order), mappingColumn=null, insertable=true, updatable=true, unique=false}
17:03:29.274 [Test worker] DEBUG org.hibernate.cfg.Ejb3Column - Binding column: Ejb3Column{table=org.hibernate.mapping.Table(application_order), mappingColumn=element, insertable=true, updatable=true, unique=false}
17:03:29.274 [Test worker] DEBUG org.hibernate.cfg.Ejb3Column - Binding column: Ejb3Column{table=org.hibernate.mapping.Table(application_order), mappingColumn=order_certificates_key, insertable=true, updatable=true, unique=false}
17:03:29.274 [Test worker] DEBUG org.hibernate.cfg.Ejb3Column - Binding column: Ejb3JoinColumn{logicalColumnName='orderCertificates_KEY', referencedColumn='null', mappedBy='null'}
17:03:29.274 [Test worker] DEBUG org.hibernate.cfg.Ejb3Column - Binding column: Ejb3JoinColumn{logicalColumnName='null', referencedColumn='null', mappedBy='order'}
17:03:29.274 [Test worker] DEBUG org.hibernate.cfg.Ejb3Column - Binding column: Ejb3JoinColumn{logicalColumnName='null', referencedColumn='null', mappedBy='order'}
17:03:29.274 [Test worker] DEBUG org.hibernate.cfg.annotations.CollectionBinder - Collection role: com.epam.esm.entity.Order.orderCertificates
17:03:29.275 [Test worker] DEBUG org.hibernate.cfg.annotations.PropertyBinder - Building property orderCertificates
17:03:29.275 [Test worker] DEBUG org.hibernate.cfg.Ejb3Column - Binding column: Ejb3JoinColumn{logicalColumnName='user_id', referencedColumn='', mappedBy=''}
17:03:29.275 [Test worker] DEBUG org.hibernate.cfg.Ejb3Column - Binding column: Ejb3Column{table=org.hibernate.mapping.Table(application_order), mappingColumn=user, insertable=true, updatable=true, unique=false}
17:03:29.275 [Test worker] DEBUG org.hibernate.cfg.annotations.PropertyBinder - Building property user
17:03:29.275 [Test worker] DEBUG org.hibernate.cfg.AnnotationBinder - Binding entity from annotated class: com.epam.esm.entity.OrderCertificate
17:03:29.275 [Test worker] DEBUG org.hibernate.cfg.Ejb3Column - Binding column: Ejb3DiscriminatorColumn{logicalColumnName'DTYPE', discriminatorTypeName='string'}
17:03:29.275 [Test worker] DEBUG org.hibernate.cfg.annotations.EntityBinder - Import with entity name OrderCertificate
17:03:29.275 [Test worker] DEBUG org.hibernate.cfg.annotations.EntityBinder - Bind entity com.epam.esm.entity.OrderCertificate on table order_certificate
17:03:29.276 [Test worker] DEBUG org.hibernate.cfg.Ejb3Column - Binding column: Ejb3Column{table=org.hibernate.mapping.Table(order_certificate), mappingColumn=id, insertable=true, updatable=true, unique=false}
17:03:29.276 [Test worker] DEBUG org.hibernate.cfg.annotations.PropertyBinder - MetadataSourceProcessor property id with lazy=false
17:03:29.276 [Test worker] DEBUG org.hibernate.cfg.AbstractPropertyHolder - Attempting to locate auto-apply AttributeConverter for property [com.epam.esm.entity.OrderCertificate:id]
17:03:29.276 [Test worker] DEBUG org.hibernate.cfg.annotations.SimpleValueBinder - building SimpleValue for id
17:03:29.276 [Test worker] DEBUG org.hibernate.cfg.annotations.PropertyBinder - Building property id
17:03:29.277 [Test worker] DEBUG org.hibernate.cfg.BinderHelper - #makeIdGenerator(org.hibernate.mapping.SimpleValue([org.hibernate.mapping.Column(id)]), id, identity, , ...)
17:03:29.277 [Test worker] DEBUG org.hibernate.cfg.Ejb3Column - Binding column: Ejb3JoinColumn{logicalColumnName='null', referencedColumn='', mappedBy=''}
17:03:29.277 [Test worker] DEBUG org.hibernate.cfg.Ejb3Column - Binding column: Ejb3Column{table=org.hibernate.mapping.Table(order_certificate), mappingColumn=certificate, insertable=true, updatable=true, unique=false}
17:03:29.277 [Test worker] DEBUG org.hibernate.cfg.annotations.PropertyBinder - Building property certificate
17:03:29.277 [Test worker] DEBUG org.hibernate.cfg.Ejb3Column - Binding column: Ejb3Column{table=org.hibernate.mapping.Table(order_certificate), mappingColumn=expiration_date, insertable=true, updatable=true, unique=false}
17:03:29.277 [Test worker] DEBUG org.hibernate.cfg.annotations.PropertyBinder - MetadataSourceProcessor property expirationDate with lazy=false
17:03:29.277 [Test worker] DEBUG org.hibernate.cfg.AbstractPropertyHolder - Attempting to locate auto-apply AttributeConverter for property [com.epam.esm.entity.OrderCertificate:expirationDate]
17:03:29.277 [Test worker] DEBUG org.hibernate.cfg.annotations.SimpleValueBinder - building SimpleValue for expirationDate
17:03:29.277 [Test worker] DEBUG org.hibernate.cfg.annotations.PropertyBinder - Building property expirationDate
17:03:29.277 [Test worker] DEBUG org.hibernate.cfg.Ejb3Column - Binding column: Ejb3Column{table=org.hibernate.mapping.Table(order_certificate), mappingColumn=fixed_price, insertable=true, updatable=true, unique=false}
17:03:29.278 [Test worker] DEBUG org.hibernate.cfg.annotations.PropertyBinder - MetadataSourceProcessor property fixedPrice with lazy=false
17:03:29.278 [Test worker] DEBUG org.hibernate.cfg.AbstractPropertyHolder - Attempting to locate auto-apply AttributeConverter for property [com.epam.esm.entity.OrderCertificate:fixedPrice]
17:03:29.278 [Test worker] DEBUG org.hibernate.cfg.annotations.SimpleValueBinder - building SimpleValue for fixedPrice
17:03:29.278 [Test worker] DEBUG org.hibernate.cfg.annotations.PropertyBinder - Building property fixedPrice
17:03:29.278 [Test worker] DEBUG org.hibernate.cfg.Ejb3Column - Binding column: Ejb3JoinColumn{logicalColumnName='null', referencedColumn='', mappedBy=''}
17:03:29.278 [Test worker] DEBUG org.hibernate.cfg.Ejb3Column - Binding column: Ejb3Column{table=org.hibernate.mapping.Table(order_certificate), mappingColumn=order, insertable=true, updatable=true, unique=false}
17:03:29.278 [Test worker] DEBUG org.hibernate.cfg.annotations.PropertyBinder - Building property order
17:03:29.278 [Test worker] DEBUG org.hibernate.cfg.AnnotationBinder - Binding entity from annotated class: com.epam.esm.entity.Role
17:03:29.278 [Test worker] DEBUG org.hibernate.cfg.Ejb3Column - Binding column: Ejb3DiscriminatorColumn{logicalColumnName'DTYPE', discriminatorTypeName='string'}
17:03:29.278 [Test worker] DEBUG org.hibernate.cfg.annotations.EntityBinder - Import with entity name Role
17:03:29.279 [Test worker] DEBUG org.hibernate.cfg.annotations.EntityBinder - Bind entity com.epam.esm.entity.Role on table application_role
17:03:29.279 [Test worker] DEBUG org.hibernate.cfg.Ejb3Column - Binding column: Ejb3Column{table=org.hibernate.mapping.Table(application_role), mappingColumn=id, insertable=true, updatable=true, unique=false}
17:03:29.279 [Test worker] DEBUG org.hibernate.cfg.annotations.PropertyBinder - MetadataSourceProcessor property id with lazy=false
17:03:29.279 [Test worker] DEBUG org.hibernate.cfg.AbstractPropertyHolder - Attempting to locate auto-apply AttributeConverter for property [com.epam.esm.entity.Role:id]
17:03:29.279 [Test worker] DEBUG org.hibernate.cfg.annotations.SimpleValueBinder - building SimpleValue for id
17:03:29.279 [Test worker] DEBUG org.hibernate.cfg.annotations.PropertyBinder - Building property id
17:03:29.279 [Test worker] DEBUG org.hibernate.cfg.BinderHelper - #makeIdGenerator(org.hibernate.mapping.SimpleValue([org.hibernate.mapping.Column(id)]), id, identity, , ...)
17:03:29.279 [Test worker] DEBUG org.hibernate.cfg.Ejb3Column - Binding column: Ejb3Column{table=org.hibernate.mapping.Table(application_role), mappingColumn=value, insertable=true, updatable=true, unique=false}
17:03:29.279 [Test worker] DEBUG org.hibernate.cfg.annotations.PropertyBinder - MetadataSourceProcessor property value with lazy=false
17:03:29.280 [Test worker] DEBUG org.hibernate.cfg.AbstractPropertyHolder - Attempting to locate auto-apply AttributeConverter for property [com.epam.esm.entity.Role:value]
17:03:29.280 [Test worker] DEBUG org.hibernate.cfg.annotations.SimpleValueBinder - building SimpleValue for value
17:03:29.280 [Test worker] DEBUG org.hibernate.cfg.annotations.PropertyBinder - Building property value
17:03:29.280 [Test worker] DEBUG org.hibernate.cfg.AnnotationBinder - Binding entity from annotated class: com.epam.esm.entity.Tag
17:03:29.280 [Test worker] DEBUG org.hibernate.cfg.Ejb3Column - Binding column: Ejb3DiscriminatorColumn{logicalColumnName'DTYPE', discriminatorTypeName='string'}
17:03:29.280 [Test worker] DEBUG org.hibernate.cfg.annotations.EntityBinder - Import with entity name Tag
17:03:29.280 [Test worker] DEBUG org.hibernate.cfg.annotations.EntityBinder - Bind entity com.epam.esm.entity.Tag on table tag
17:03:29.281 [Test worker] DEBUG org.hibernate.cfg.Ejb3Column - Binding column: Ejb3Column{table=org.hibernate.mapping.Table(tag), mappingColumn=id, insertable=true, updatable=true, unique=false}
17:03:29.281 [Test worker] DEBUG org.hibernate.cfg.annotations.PropertyBinder - MetadataSourceProcessor property id with lazy=false
17:03:29.281 [Test worker] DEBUG org.hibernate.cfg.AbstractPropertyHolder - Attempting to locate auto-apply AttributeConverter for property [com.epam.esm.entity.Tag:id]
17:03:29.281 [Test worker] DEBUG org.hibernate.cfg.annotations.SimpleValueBinder - building SimpleValue for id
17:03:29.281 [Test worker] DEBUG org.hibernate.cfg.annotations.PropertyBinder - Building property id
17:03:29.281 [Test worker] DEBUG org.hibernate.cfg.BinderHelper - #makeIdGenerator(org.hibernate.mapping.SimpleValue([org.hibernate.mapping.Column(id)]), id, identity, , ...)
17:03:29.281 [Test worker] DEBUG org.hibernate.cfg.Ejb3Column - Binding column: Ejb3Column{table=org.hibernate.mapping.Table(tag), mappingColumn=title, insertable=true, updatable=false, unique=true}
17:03:29.281 [Test worker] DEBUG org.hibernate.cfg.annotations.PropertyBinder - MetadataSourceProcessor property title with lazy=false
17:03:29.281 [Test worker] DEBUG org.hibernate.cfg.AbstractPropertyHolder - Attempting to locate auto-apply AttributeConverter for property [com.epam.esm.entity.Tag:title]
17:03:29.281 [Test worker] DEBUG org.hibernate.cfg.annotations.SimpleValueBinder - building SimpleValue for title
17:03:29.281 [Test worker] DEBUG org.hibernate.cfg.annotations.PropertyBinder - Building property title
17:03:29.282 [Test worker] DEBUG org.hibernate.cfg.AnnotationBinder - Binding entity from annotated class: com.epam.esm.entity.User
17:03:29.282 [Test worker] DEBUG org.hibernate.cfg.Ejb3Column - Binding column: Ejb3DiscriminatorColumn{logicalColumnName'DTYPE', discriminatorTypeName='string'}
17:03:29.282 [Test worker] DEBUG org.hibernate.cfg.annotations.EntityBinder - Import with entity name User
17:03:29.282 [Test worker] DEBUG org.hibernate.cfg.annotations.EntityBinder - Bind entity com.epam.esm.entity.User on table application_user
17:03:29.283 [Test worker] DEBUG org.hibernate.cfg.Ejb3Column - Binding column: Ejb3Column{table=org.hibernate.mapping.Table(application_user), mappingColumn=id, insertable=true, updatable=true, unique=false}
17:03:29.283 [Test worker] DEBUG org.hibernate.cfg.annotations.PropertyBinder - MetadataSourceProcessor property id with lazy=false
17:03:29.283 [Test worker] DEBUG org.hibernate.cfg.AbstractPropertyHolder - Attempting to locate auto-apply AttributeConverter for property [com.epam.esm.entity.User:id]
17:03:29.283 [Test worker] DEBUG org.hibernate.cfg.annotations.SimpleValueBinder - building SimpleValue for id
17:03:29.283 [Test worker] DEBUG org.hibernate.cfg.annotations.PropertyBinder - Building property id
17:03:29.283 [Test worker] DEBUG org.hibernate.cfg.BinderHelper - #makeIdGenerator(org.hibernate.mapping.SimpleValue([org.hibernate.mapping.Column(id)]), id, identity, , ...)
17:03:29.283 [Test worker] DEBUG org.hibernate.cfg.Ejb3Column - Binding column: Ejb3Column{table=org.hibernate.mapping.Table(application_user), mappingColumn=email, insertable=true, updatable=true, unique=false}
17:03:29.283 [Test worker] DEBUG org.hibernate.cfg.annotations.PropertyBinder - MetadataSourceProcessor property email with lazy=false
17:03:29.283 [Test worker] DEBUG org.hibernate.cfg.AbstractPropertyHolder - Attempting to locate auto-apply AttributeConverter for property [com.epam.esm.entity.User:email]
17:03:29.283 [Test worker] DEBUG org.hibernate.cfg.annotations.SimpleValueBinder - building SimpleValue for email
17:03:29.283 [Test worker] DEBUG org.hibernate.cfg.annotations.PropertyBinder - Building property email
17:03:29.284 [Test worker] DEBUG org.hibernate.cfg.Ejb3Column - Binding column: Ejb3JoinColumn{logicalColumnName='null', referencedColumn='null', mappedBy='user'}
17:03:29.284 [Test worker] DEBUG org.hibernate.cfg.Ejb3Column - Binding column: Ejb3Column{table=org.hibernate.mapping.Table(application_user), mappingColumn=orders, insertable=true, updatable=true, unique=false}
17:03:29.284 [Test worker] DEBUG org.hibernate.cfg.Ejb3Column - Binding column: Ejb3Column{table=org.hibernate.mapping.Table(application_user), mappingColumn=null, insertable=true, updatable=true, unique=false}
17:03:29.284 [Test worker] DEBUG org.hibernate.cfg.Ejb3Column - Binding column: Ejb3Column{table=org.hibernate.mapping.Table(application_user), mappingColumn=element, insertable=true, updatable=true, unique=false}
17:03:29.284 [Test worker] DEBUG org.hibernate.cfg.Ejb3Column - Binding column: Ejb3Column{table=org.hibernate.mapping.Table(application_user), mappingColumn=orders_key, insertable=true, updatable=true, unique=false}
17:03:29.284 [Test worker] DEBUG org.hibernate.cfg.Ejb3Column - Binding column: Ejb3JoinColumn{logicalColumnName='orders_KEY', referencedColumn='null', mappedBy='null'}
17:03:29.284 [Test worker] DEBUG org.hibernate.cfg.Ejb3Column - Binding column: Ejb3JoinColumn{logicalColumnName='null', referencedColumn='null', mappedBy='user'}
17:03:29.284 [Test worker] DEBUG org.hibernate.cfg.Ejb3Column - Binding column: Ejb3JoinColumn{logicalColumnName='null', referencedColumn='null', mappedBy='user'}
17:03:29.285 [Test worker] DEBUG org.hibernate.cfg.annotations.CollectionBinder - Collection role: com.epam.esm.entity.User.orders
17:03:29.285 [Test worker] DEBUG org.hibernate.cfg.annotations.PropertyBinder - Building property orders
17:03:29.285 [Test worker] DEBUG org.hibernate.cfg.Ejb3Column - Binding column: Ejb3Column{table=org.hibernate.mapping.Table(application_user), mappingColumn=password, insertable=true, updatable=true, unique=false}
17:03:29.285 [Test worker] DEBUG org.hibernate.cfg.annotations.PropertyBinder - MetadataSourceProcessor property password with lazy=false
17:03:29.285 [Test worker] DEBUG org.hibernate.cfg.AbstractPropertyHolder - Attempting to locate auto-apply AttributeConverter for property [com.epam.esm.entity.User:password]
17:03:29.285 [Test worker] DEBUG org.hibernate.cfg.annotations.SimpleValueBinder - building SimpleValue for password
17:03:29.285 [Test worker] DEBUG org.hibernate.cfg.annotations.PropertyBinder - Building property password
17:03:29.285 [Test worker] DEBUG org.hibernate.cfg.Ejb3Column - Binding column: Ejb3Column{table=org.hibernate.mapping.Table(application_user), mappingColumn=refresh_token, insertable=true, updatable=true, unique=false}
17:03:29.285 [Test worker] DEBUG org.hibernate.cfg.annotations.PropertyBinder - MetadataSourceProcessor property refreshToken with lazy=false
17:03:29.285 [Test worker] DEBUG org.hibernate.cfg.AbstractPropertyHolder - Attempting to locate auto-apply AttributeConverter for property [com.epam.esm.entity.User:refreshToken]
17:03:29.285 [Test worker] DEBUG org.hibernate.cfg.annotations.SimpleValueBinder - building SimpleValue for refreshToken
17:03:29.285 [Test worker] DEBUG org.hibernate.cfg.annotations.PropertyBinder - Building property refreshToken
17:03:29.286 [Test worker] DEBUG org.hibernate.cfg.Ejb3Column - Binding column: Ejb3JoinColumn{logicalColumnName='role_id', referencedColumn='', mappedBy=''}
17:03:29.286 [Test worker] DEBUG org.hibernate.cfg.Ejb3Column - Binding column: Ejb3Column{table=org.hibernate.mapping.Table(application_user), mappingColumn=role, insertable=true, updatable=true, unique=false}
17:03:29.286 [Test worker] DEBUG org.hibernate.cfg.annotations.PropertyBinder - Building property role
17:03:29.286 [Test worker] DEBUG org.hibernate.cfg.annotations.SimpleValueBinder - Starting fillSimpleValue for id
17:03:29.286 [Test worker] DEBUG org.hibernate.cfg.annotations.SimpleValueBinder - Starting fillSimpleValue for id
17:03:29.286 [Test worker] DEBUG org.hibernate.cfg.annotations.SimpleValueBinder - Starting fillSimpleValue for activeStatus
17:03:29.287 [Test worker] DEBUG org.hibernate.cfg.annotations.SimpleValueBinder - Starting fillSimpleValue for creationDate
17:03:29.287 [Test worker] DEBUG org.hibernate.cfg.annotations.SimpleValueBinder - Starting fillSimpleValue for description
17:03:29.287 [Test worker] DEBUG org.hibernate.cfg.annotations.SimpleValueBinder - Starting fillSimpleValue for expirationDate
17:03:29.287 [Test worker] DEBUG org.hibernate.cfg.annotations.SimpleValueBinder - Starting fillSimpleValue for modificationDate
17:03:29.287 [Test worker] DEBUG org.hibernate.cfg.annotations.SimpleValueBinder - Starting fillSimpleValue for name
17:03:29.287 [Test worker] DEBUG org.hibernate.cfg.annotations.SimpleValueBinder - Starting fillSimpleValue for price
17:03:29.287 [Test worker] DEBUG org.hibernate.cfg.annotations.SimpleValueBinder - Starting fillSimpleValue for id
17:03:29.287 [Test worker] DEBUG org.hibernate.cfg.annotations.SimpleValueBinder - Starting fillSimpleValue for activeStatus
17:03:29.287 [Test worker] DEBUG org.hibernate.cfg.annotations.SimpleValueBinder - Starting fillSimpleValue for createdAt
17:03:29.287 [Test worker] DEBUG org.hibernate.cfg.annotations.SimpleValueBinder - Starting fillSimpleValue for id
17:03:29.287 [Test worker] DEBUG org.hibernate.cfg.annotations.SimpleValueBinder - Starting fillSimpleValue for expirationDate
17:03:29.287 [Test worker] DEBUG org.hibernate.cfg.annotations.SimpleValueBinder - Starting fillSimpleValue for fixedPrice
17:03:29.287 [Test worker] DEBUG org.hibernate.cfg.annotations.SimpleValueBinder - Starting fillSimpleValue for id
17:03:29.287 [Test worker] DEBUG org.hibernate.cfg.annotations.SimpleValueBinder - Starting fillSimpleValue for value
17:03:29.287 [Test worker] DEBUG org.hibernate.cfg.annotations.SimpleValueBinder - Starting fillSimpleValue for id
17:03:29.287 [Test worker] DEBUG org.hibernate.cfg.annotations.SimpleValueBinder - Starting fillSimpleValue for title
17:03:29.287 [Test worker] DEBUG org.hibernate.cfg.annotations.SimpleValueBinder - Starting fillSimpleValue for id
17:03:29.287 [Test worker] DEBUG org.hibernate.cfg.annotations.SimpleValueBinder - Starting fillSimpleValue for email
17:03:29.287 [Test worker] DEBUG org.hibernate.cfg.annotations.SimpleValueBinder - Starting fillSimpleValue for password
17:03:29.287 [Test worker] DEBUG org.hibernate.cfg.annotations.SimpleValueBinder - Starting fillSimpleValue for refreshToken
17:03:29.288 [Test worker] DEBUG org.hibernate.mapping.PrimaryKey - Forcing column [id] to be non-null as it is part of the primary key for table [entity]
17:03:29.288 [Test worker] DEBUG org.hibernate.mapping.PrimaryKey - Forcing column [id] to be non-null as it is part of the primary key for table [certificate]
17:03:29.288 [Test worker] DEBUG org.hibernate.mapping.PrimaryKey - Forcing column [id] to be non-null as it is part of the primary key for table [application_order]
17:03:29.288 [Test worker] DEBUG org.hibernate.mapping.PrimaryKey - Forcing column [id] to be non-null as it is part of the primary key for table [order_certificate]
17:03:29.288 [Test worker] DEBUG org.hibernate.mapping.PrimaryKey - Forcing column [id] to be non-null as it is part of the primary key for table [application_role]
17:03:29.288 [Test worker] DEBUG org.hibernate.mapping.PrimaryKey - Forcing column [id] to be non-null as it is part of the primary key for table [tag]
17:03:29.288 [Test worker] DEBUG org.hibernate.mapping.PrimaryKey - Forcing column [id] to be non-null as it is part of the primary key for table [application_user]
17:03:29.288 [Test worker] DEBUG org.hibernate.cfg.CollectionSecondPass - Second pass for collection: com.epam.esm.entity.GiftCertificate.tags
17:03:29.288 [Test worker] DEBUG org.hibernate.cfg.annotations.CollectionBinder - Binding as ManyToMany: com.epam.esm.entity.GiftCertificate.tags
17:03:29.289 [Test worker] DEBUG org.hibernate.mapping.PrimaryKey - Forcing column [certificate_id] to be non-null as it is part of the primary key for table [certificate_tag]
17:03:29.289 [Test worker] DEBUG org.hibernate.mapping.PrimaryKey - Forcing column [tag_id] to be non-null as it is part of the primary key for table [certificate_tag]
17:03:29.289 [Test worker] DEBUG org.hibernate.cfg.CollectionSecondPass - Mapped collection key: certificate_id, element: tag_id
17:03:29.289 [Test worker] DEBUG org.hibernate.cfg.CollectionSecondPass - Second pass for collection: com.epam.esm.entity.GiftCertificate.orderCertificates
17:03:29.289 [Test worker] DEBUG org.hibernate.cfg.annotations.CollectionBinder - Binding a OneToMany: com.epam.esm.entity.GiftCertificate.orderCertificates through a foreign key
17:03:29.289 [Test worker] DEBUG org.hibernate.cfg.annotations.CollectionBinder - Mapping collection: com.epam.esm.entity.GiftCertificate.orderCertificates -> order_certificate
17:03:29.290 [Test worker] DEBUG org.hibernate.cfg.annotations.TableBinder - Retrieving property com.epam.esm.entity.OrderCertificate.certificate
17:03:29.290 [Test worker] DEBUG org.hibernate.cfg.CollectionSecondPass - Mapped collection key: certificate_id, one-to-many: com.epam.esm.entity.OrderCertificate
17:03:29.290 [Test worker] DEBUG org.hibernate.cfg.CollectionSecondPass - Second pass for collection: com.epam.esm.entity.Order.orderCertificates
17:03:29.290 [Test worker] DEBUG org.hibernate.cfg.annotations.CollectionBinder - Binding a OneToMany: com.epam.esm.entity.Order.orderCertificates through a foreign key
17:03:29.290 [Test worker] DEBUG org.hibernate.cfg.annotations.CollectionBinder - Mapping collection: com.epam.esm.entity.Order.orderCertificates -> order_certificate
17:03:29.290 [Test worker] DEBUG org.hibernate.cfg.annotations.TableBinder - Retrieving property com.epam.esm.entity.OrderCertificate.order
17:03:29.290 [Test worker] DEBUG org.hibernate.cfg.CollectionSecondPass - Mapped collection key: order_id, one-to-many: com.epam.esm.entity.OrderCertificate
17:03:29.290 [Test worker] DEBUG org.hibernate.cfg.CollectionSecondPass - Second pass for collection: com.epam.esm.entity.User.orders
17:03:29.291 [Test worker] DEBUG org.hibernate.cfg.annotations.CollectionBinder - Binding a OneToMany: com.epam.esm.entity.User.orders through a foreign key
17:03:29.291 [Test worker] DEBUG org.hibernate.cfg.annotations.CollectionBinder - Mapping collection: com.epam.esm.entity.User.orders -> application_order
17:03:29.291 [Test worker] DEBUG org.hibernate.cfg.annotations.TableBinder - Retrieving property com.epam.esm.entity.Order.user
17:03:29.291 [Test worker] DEBUG org.hibernate.cfg.CollectionSecondPass - Mapped collection key: user_id, one-to-many: com.epam.esm.entity.Order
17:03:29.291 [Test worker] DEBUG org.hibernate.boot.internal.InFlightMetadataCollectorImpl - Resolving reference to class: com.epam.esm.entity.User
17:03:29.291 [Test worker] DEBUG org.hibernate.boot.internal.InFlightMetadataCollectorImpl - Resolving reference to class: com.epam.esm.entity.Role
17:03:29.292 [Test worker] DEBUG org.hibernate.boot.internal.InFlightMetadataCollectorImpl - Resolving reference to class: com.epam.esm.entity.Tag
17:03:29.292 [Test worker] DEBUG org.hibernate.boot.internal.InFlightMetadataCollectorImpl - Resolving reference to class: com.epam.esm.entity.GiftCertificate
17:03:29.292 [Test worker] DEBUG org.hibernate.boot.internal.InFlightMetadataCollectorImpl - Resolving reference to class: com.epam.esm.entity.GiftCertificate
17:03:29.292 [Test worker] DEBUG org.hibernate.boot.internal.InFlightMetadataCollectorImpl - Resolving reference to class: com.epam.esm.entity.Order
17:03:29.293 [Test worker] DEBUG org.hibernate.boot.internal.InFlightMetadataCollectorImpl - Resolving reference to class: com.epam.esm.entity.User
17:03:29.293 [Test worker] DEBUG org.hibernate.boot.internal.InFlightMetadataCollectorImpl - Resolving reference to class: com.epam.esm.entity.Role
17:03:29.294 [Test worker] DEBUG org.hibernate.boot.internal.InFlightMetadataCollectorImpl - Resolving reference to class: com.epam.esm.entity.Tag
17:03:29.294 [Test worker] DEBUG org.hibernate.boot.internal.InFlightMetadataCollectorImpl - Resolving reference to class: com.epam.esm.entity.GiftCertificate
17:03:29.294 [Test worker] DEBUG org.hibernate.boot.internal.InFlightMetadataCollectorImpl - Resolving reference to class: com.epam.esm.entity.GiftCertificate
17:03:29.294 [Test worker] DEBUG org.hibernate.boot.internal.InFlightMetadataCollectorImpl - Resolving reference to class: com.epam.esm.entity.Order
17:03:29.295 [Test worker] DEBUG org.hibernate.internal.SessionFactoryImpl - Building session factory
17:03:29.295 [Test worker] DEBUG org.hibernate.cfg.Settings - SessionFactory name : null
17:03:29.295 [Test worker] DEBUG org.hibernate.cfg.Settings - Automatic flush during beforeCompletion(): enabled
17:03:29.295 [Test worker] DEBUG org.hibernate.cfg.Settings - Automatic session close at end of transaction: disabled
17:03:29.295 [Test worker] DEBUG org.hibernate.cfg.Settings - Statistics: disabled
17:03:29.295 [Test worker] DEBUG org.hibernate.cfg.Settings - Deleted entity synthetic identifier rollback: disabled
17:03:29.295 [Test worker] DEBUG org.hibernate.cfg.Settings - Default entity-mode: pojo
17:03:29.295 [Test worker] DEBUG org.hibernate.cfg.Settings - Check Nullability in Core (should be disabled when Bean Validation is on): enabled
17:03:29.296 [Test worker] DEBUG org.hibernate.cfg.Settings - Allow initialization of lazy state outside session : disabled
17:03:29.296 [Test worker] DEBUG org.hibernate.cfg.Settings - Using BatchFetchStyle : LEGACY
17:03:29.296 [Test worker] DEBUG org.hibernate.cfg.Settings - Default batch fetch size: -1
17:03:29.296 [Test worker] DEBUG org.hibernate.cfg.Settings - Maximum outer join fetch depth: null
17:03:29.296 [Test worker] DEBUG org.hibernate.cfg.Settings - Default null ordering: NONE
17:03:29.296 [Test worker] DEBUG org.hibernate.cfg.Settings - Order SQL updates by primary key: disabled
17:03:29.296 [Test worker] DEBUG org.hibernate.cfg.Settings - Order SQL inserts for batching: disabled
17:03:29.296 [Test worker] DEBUG org.hibernate.cfg.Settings - multi-tenancy strategy : NONE
17:03:29.296 [Test worker] DEBUG org.hibernate.cfg.Settings - JTA Track by Thread: enabled
17:03:29.296 [Test worker] DEBUG org.hibernate.cfg.Settings - Query language substitutions: {}
17:03:29.296 [Test worker] DEBUG org.hibernate.cfg.Settings - Named query checking : enabled
17:03:29.296 [Test worker] DEBUG org.hibernate.cfg.Settings - Second-level cache: disabled
17:03:29.296 [Test worker] DEBUG org.hibernate.cfg.Settings - Second-level query cache: disabled
17:03:29.296 [Test worker] DEBUG org.hibernate.cfg.Settings - Second-level query cache factory: null
17:03:29.296 [Test worker] DEBUG org.hibernate.cfg.Settings - Second-level cache region prefix: null
17:03:29.296 [Test worker] DEBUG org.hibernate.cfg.Settings - Optimize second-level cache for minimal puts: disabled
17:03:29.296 [Test worker] DEBUG org.hibernate.cfg.Settings - Structured second-level cache entries: disabled
17:03:29.296 [Test worker] DEBUG org.hibernate.cfg.Settings - Second-level cache direct-reference entries: disabled
17:03:29.296 [Test worker] DEBUG org.hibernate.cfg.Settings - Automatic eviction of collection cache: disabled
17:03:29.296 [Test worker] DEBUG org.hibernate.cfg.Settings - JDBC batch size: 15
17:03:29.296 [Test worker] DEBUG org.hibernate.cfg.Settings - JDBC batch updates for versioned data: enabled
17:03:29.296 [Test worker] DEBUG org.hibernate.cfg.Settings - Scrollable result sets: enabled
17:03:29.296 [Test worker] DEBUG org.hibernate.cfg.Settings - Wrap result sets: disabled
17:03:29.297 [Test worker] DEBUG org.hibernate.cfg.Settings - JDBC3 getGeneratedKeys(): enabled
17:03:29.297 [Test worker] DEBUG org.hibernate.cfg.Settings - JDBC result set fetch size: null
17:03:29.297 [Test worker] DEBUG org.hibernate.cfg.Settings - Connection release mode: ON_CLOSE
17:03:29.297 [Test worker] DEBUG org.hibernate.cfg.Settings - Generate SQL with comments: disabled
17:03:29.297 [Test worker] DEBUG org.hibernate.cfg.Settings - JPA compliance - query : 
17:03:29.297 [Test worker] DEBUG org.hibernate.cfg.Settings - JPA compliance - closed-handling : 
17:03:29.297 [Test worker] DEBUG org.hibernate.cfg.Settings - JPA compliance - lists : 
17:03:29.297 [Test worker] DEBUG org.hibernate.cfg.Settings - JPA compliance - transactions : 
17:03:29.298 [Test worker] DEBUG org.hibernate.jpa.event.internal.CallbackBuilderLegacyImpl - Adding onPrePersist as PrePersist callback for entity com.epam.esm.entity.Order
17:03:29.301 [Test worker] DEBUG org.hibernate.internal.SessionFactoryImpl - Session factory constructed with filter configurations : {}
17:03:29.301 [Test worker] DEBUG org.hibernate.internal.SessionFactoryImpl - Instantiating session factory with properties: {gopherProxySet=false, awt.toolkit=sun.lwawt.macosx.LWCToolkit, hibernate.id.new_generator_mappings=true, java.specification.version=11, sun.cpu.isalist=, hibernate.resource.beans.container=org.springframework.orm.hibernate5.SpringBeanContainer@28f1bc12, hibernate.connection.handling_mode=DELAYED_ACQUISITION_AND_HOLD, sun.jnu.encoding=UTF-8, hibernate.dialect=org.hibernate.dialect.H2Dialect, org.gradle.test.worker=3, hibernate.implicit_naming_strategy=org.springframework.boot.orm.jpa.hibernate.SpringImplicitNamingStrategy, java.class.path=/Users/dzmitryplatonov/.gradle/caches/5.6.2/workerMain/gradle-worker.jar:/Users/dzmitryplatonov/Desktop/workdir/giftcertificates/datasource/build/classes/java/test:/Users/dzmitryplatonov/Desktop/workdir/giftcertificates/datasource/build/resources/test:/Users/dzmitryplatonov/Desktop/workdir/giftcertificates/datasource/build/classes/java/main:/Users/dzmitryplatonov/Desktop/workdir/giftcertificates/datasource/build/resources/main:/Users/dzmitryplatonov/.m2/repository/org/apache/logging/log4j/log4j-web/2.11.2/log4j-web-2.11.2.jar:/Users/dzmitryplatonov/.m2/repository/org/apache/logging/log4j/log4j-core/2.11.2/log4j-core-2.11.2.jar:/Users/dzmitryplatonov/.gradle/caches/modules-2/files-2.1/org.springframework.boot/spring-boot-starter-web/2.1.9.RELEASE/2063870234eebbda3c09dddf9853477fe9e4a719/spring-boot-starter-web-2.1.9.RELEASE.jar:/Users/dzmitryplatonov/.gradle/caches/modules-2/files-2.1/org.springframework.boot/spring-boot-starter-security/2.1.9.RELEASE/bde048665003362d9e16aa75a8804f90dce1d31e/spring-boot-starter-security-2.1.9.RELEASE.jar:/Users/dzmitryplatonov/.gradle/caches/modules-2/files-2.1/org.springframework.boot/spring-boot-starter-data-jpa/2.1.9.RELEASE/784d6d5c525c2dd9fac31031ee6ca2ec8b067af5/spring-boot-starter-data-jpa-2.1.9.RELEASE.jar:/Users/dzmitryplatonov/.gradle/caches/modules-2/files-2.1/org.springframework.boot/spring-boot-starter-aop/2.1.9.RELEASE/74226b26cf15952f639deca38fe919701755c97b/spring-boot-starter-aop-2.1.9.RELEASE.jar:/Users/dzmitryplatonov/.gradle/caches/modules-2/files-2.1/org.springframework.boot/spring-boot-starter-jdbc/2.1.9.RELEASE/3f7d1d67669dfa0ea4ff9216afbeef5bc6a58ecb/spring-boot-starter-jdbc-2.1.9.RELEASE.jar:/Users/dzmitryplatonov/.gradle/caches/modules-2/files-2.1/org.springframework.boot/spring-boot-starter-json/2.1.9.RELEASE/53bdf52bc28b7e753874e0136fb33c9eab184276/spring-boot-starter-json-2.1.9.RELEASE.jar:/Users/dzmitryplatonov/.gradle/caches/modules-2/files-2.1/org.springframework.boot/spring-boot-starter/2.1.9.RELEASE/45d7afa2d9aab4b2984f2c330f507797fbcf501f/spring-boot-starter-2.1.9.RELEASE.jar:/Users/dzmitryplatonov/.gradle/caches/modules-2/files-2.1/org.springframework.boot/spring-boot-starter-logging/2.1.9.RELEASE/802b562b0c602ae9242b659a28b9bf89ca689b2d/spring-boot-starter-logging-2.1.9.RELEASE.jar:/Users/dzmitryplatonov/.m2/repository/org/apache/logging/log4j/log4j-to-slf4j/2.11.2/log4j-to-slf4j-2.11.2.jar:/Users/dzmitryplatonov/.m2/repository/org/apache/logging/log4j/log4j-api/2.11.2/log4j-api-2.11.2.jar:/Users/dzmitryplatonov/.m2/repository/org/hibernate/validator/hibernate-validator/6.0.17.Final/hibernate-validator-6.0.17.Final.jar:/Users/dzmitryplatonov/.m2/repository/javax/validation/validation-api/2.0.1.Final/validation-api-2.0.1.Final.jar:/Users/dzmitryplatonov/.gradle/caches/modules-2/files-2.1/org.springframework.security.oauth.boot/spring-security-oauth2-autoconfigure/2.1.9.RELEASE/abbbf98ebc0454774162add4b412a7ee5da66877/spring-security-oauth2-autoconfigure-2.1.9.RELEASE.jar:/Users/dzmitryplatonov/.gradle/caches/modules-2/files-2.1/com.auth0/jwks-rsa/0.9.0/6e3a813bce7eb07327f2a5384fb178eb21469338/jwks-rsa-0.9.0.jar:/Users/dzmitryplatonov/.gradle/caches/modules-2/files-2.1/io.jsonwebtoken/jjwt/0.9.1/54d2abfc3e63a28824d35bf600d6a5d627da681a/jjwt-0.9.1.jar:/Users/dzmitryplatonov/.gradle/caches/modules-2/files-2.1/io.jsonwebtoken/jjwt-jackson/0.10.7/52b5a612da95a0c0edc867ccac65bb0f6762ed7b/jjwt-jackson-0.10.7.jar:/Users/dzmitryplatonov/.m2/repository/com/fasterxml/jackson/datatype/jackson-datatype-jsr310/2.9.9/jackson-datatype-jsr310-2.9.9.jar:/Users/dzmitryplatonov/.m2/repository/com/fasterxml/jackson/datatype/jackson-datatype-jdk8/2.9.9/jackson-datatype-jdk8-2.9.9.jar:/Users/dzmitryplatonov/.m2/repository/com/fasterxml/jackson/module/jackson-module-parameter-names/2.9.9/jackson-module-parameter-names-2.9.9.jar:/Users/dzmitryplatonov/.gradle/caches/modules-2/files-2.1/com.fasterxml.jackson.core/jackson-databind/2.10.0.pr3/4e17238b159dcd1167b095024fe07f41da1e37ac/jackson-databind-2.10.0.pr3.jar:/Users/dzmitryplatonov/.gradle/caches/modules-2/files-2.1/com.fasterxml.jackson.core/jackson-annotations/2.10.0.pr3/6c99a6d972b8bdd92192bef4b0ff5df164e9cafc/jackson-annotations-2.10.0.pr3.jar:/Users/dzmitryplatonov/.m2/repository/org/springframework/hateoas/spring-hateoas/0.25.1.RELEASE/spring-hateoas-0.25.1.RELEASE.jar:/Users/dzmitryplatonov/.m2/repository/org/springframework/plugin/spring-plugin-core/1.2.0.RELEASE/spring-plugin-core-1.2.0.RELEASE.jar:/Users/dzmitryplatonov/.gradle/caches/modules-2/files-2.1/org.springframework.security/spring-security-oauth2-client/5.1.6.RELEASE/8a77b659f7f6616ca5970796c04106595819f4eb/spring-security-oauth2-client-5.1.6.RELEASE.jar:/Users/dzmitryplatonov/.gradle/caches/modules-2/files-2.1/org.springframework.security/spring-security-oauth2-jose/5.1.6.RELEASE/78f947f9b1ee235f7efbb697e15acd05e16d009a/spring-security-oauth2-jose-5.1.6.RELEASE.jar:/Users/dzmitryplatonov/.gradle/caches/modules-2/files-2.1/org.springframework.security/spring-security-openid/5.2.0.RELEASE/e67725a379bcc03c3edd571d6fec4800b2313a00/spring-security-openid-5.2.0.RELEASE.jar:/Users/dzmitryplatonov/.gradle/caches/modules-2/files-2.1/org.springframework.data/spring-data-jpa/2.1.11.RELEASE/b774364187f5e68379b8c3121232a04686a0325c/spring-data-jpa-2.1.11.RELEASE.jar:/Users/dzmitryplatonov/.gradle/caches/modules-2/files-2.1/org.springframework/spring-orm/5.1.10.RELEASE/ce92238d65405408387b1ae7a5dd5a280f7ea29f/spring-orm-5.1.10.RELEASE.jar:/Users/dzmitryplatonov/.gradle/caches/modules-2/files-2.1/org.springframework/spring-jdbc/5.1.10.RELEASE/48957bfad9656fdba9263539e2fa8f3034939ba8/spring-jdbc-5.1.10.RELEASE.jar:/Users/dzmitryplatonov/.m2/repository/org/postgresql/postgresql/42.2.8/postgresql-42.2.8.jar:/Users/dzmitryplatonov/.gradle/caches/modules-2/files-2.1/org.springframework.boot/spring-boot-starter-tomcat/2.1.9.RELEASE/99bef08a0b7fd10ff9827f0f8e6f49b97cbabf7f/spring-boot-starter-tomcat-2.1.9.RELEASE.jar:/Users/dzmitryplatonov/.m2/repository/javax/annotation/javax.annotation-api/1.3.2/javax.annotation-api-1.3.2.jar:/Users/dzmitryplatonov/.gradle/caches/modules-2/files-2.1/io.jsonwebtoken/jjwt-impl/0.10.7/49cf3b0b6f10eb024104ae39c111c1fd0cd3be64/jjwt-impl-0.10.7.jar:/Users/dzmitryplatonov/.gradle/caches/modules-2/files-2.1/org.junit.jupiter/junit-jupiter-params/5.2.0/d70083080bf3400c181562919cb03bf7588104e1/junit-jupiter-params-5.2.0.jar:/Users/dzmitryplatonov/.gradle/caches/modules-2/files-2.1/org.mockito/mockito-junit-jupiter/2.18.3/827104c6aed482c68159faf320f44f5eb5b03bd/mockito-junit-jupiter-2.18.3.jar:/Users/dzmitryplatonov/.m2/repository/org/mockito/mockito-core/2.28.2/mockito-core-2.28.2.jar:/Users/dzmitryplatonov/.m2/repository/com/h2database/h2/1.4.197/h2-1.4.197.jar:/Users/dzmitryplatonov/.gradle/caches/modules-2/files-2.1/org.springframework/spring-test/5.0.1.RELEASE/47dee3bebbcbcaff1be786b6c0db654ba7376eb9/spring-test-5.0.1.RELEASE.jar:/Users/dzmitryplatonov/.gradle/caches/modules-2/files-2.1/org.junit.jupiter/junit-jupiter-engine/5.3.1/e2676b1786c57a80eb98f5bebd51a3d05e228c40/junit-jupiter-engine-5.3.1.jar:/Users/dzmitryplatonov/.gradle/caches/modules-2/files-2.1/org.junit.jupiter/junit-jupiter-api/5.3.1/a7e97eac2784395cb991403f9641b042ad972941/junit-jupiter-api-5.3.1.jar:/Users/dzmitryplatonov/.gradle/caches/modules-2/files-2.1/org.hibernate/hibernate-core/5.3.12.Final/e1929362fe24a9f62142d18f1ac5b0d7f278ef22/hibernate-core-5.3.12.Final.jar:/Users/dzmitryplatonov/.m2/repository/org/hibernate/common/hibernate-commons-annotations/5.0.4.Final/hibernate-commons-annotations-5.0.4.Final.jar:/Users/dzmitryplatonov/.m2/repository/org/jboss/logging/jboss-logging/3.3.2.Final/jboss-logging-3.3.2.Final.jar:/Users/dzmitryplatonov/.m2/repository/com/fasterxml/classmate/1.3.4/classmate-1.3.4.jar:/Users/dzmitryplatonov/.gradle/caches/modules-2/files-2.1/com.fasterxml.jackson.core/jackson-core/2.10.0.pr3/1d2f9b816bcd00130ddc9dae6c99f7b533afcc73/jackson-core-2.10.0.pr3.jar:/Users/dzmitryplatonov/.gradle/caches/modules-2/files-2.1/org.springframework.security.oauth/spring-security-oauth2/2.3.5.RELEASE/7969f5363398d6d3788bef1740b2ab9509043d51/spring-security-oauth2-2.3.5.RELEASE.jar:/Users/dzmitryplatonov/.gradle/caches/modules-2/files-2.1/org.springframework/spring-webmvc/5.1.10.RELEASE/67b6da7852e89bc0df6ce36a263ac4377fe48e27/spring-webmvc-5.1.10.RELEASE.jar:/Users/dzmitryplatonov/.m2/repository/org/springframework/security/spring-security-config/5.1.6.RELEASE/spring-security-config-5.1.6.RELEASE.jar:/Users/dzmitryplatonov/.gradle/caches/modules-2/files-2.1/org.springframework.security/spring-security-oauth2-core/5.1.6.RELEASE/f3b2623760154aac86d32427696842c7c3d85326/spring-security-oauth2-core-5.1.6.RELEASE.jar:/Users/dzmitryplatonov/.gradle/caches/modules-2/files-2.1/org.springframework.security/spring-security-web/5.2.0.RELEASE/a9ff06ad3fd66cd08545e1a601c66d2256c86e0f/spring-security-web-5.2.0.RELEASE.jar:/Users/dzmitryplatonov/.gradle/caches/modules-2/files-2.1/org.springframework.security/spring-security-core/5.2.0.RELEASE/1c8f36e316a74c245073ce2a70bdf198a58424f6/spring-security-core-5.2.0.RELEASE.jar:/Users/dzmitryplatonov/.gradle/caches/modules-2/files-2.1/org.springframework.boot/spring-boot-autoconfigure/2.1.9.RELEASE/aa6d5e0fef585bec64543b9b8f944a94060e710a/spring-boot-autoconfigure-2.1.9.RELEASE.jar:/Users/dzmitryplatonov/.gradle/caches/modules-2/files-2.1/org.springframework.boot/spring-boot/2.1.9.RELEASE/b18e7287a82ee06c6bb4e79423c25c05b8303dc1/spring-boot-2.1.9.RELEASE.jar:/Users/dzmitryplatonov/.gradle/caches/modules-2/files-2.1/org.springframework/spring-context/5.2.0.RELEASE/a2638a8295f13ed8511c98a2379507677e1d16fa/spring-context-5.2.0.RELEASE.jar:/Users/dzmitryplatonov/.gradle/caches/modules-2/files-2.1/org.springframework/spring-aop/5.2.0.RELEASE/7031d44f063ea68e49b881a985967e7f2c144f3b/spring-aop-5.2.0.RELEASE.jar:/Users/dzmitryplatonov/.gradle/caches/modules-2/files-2.1/org.springframework/spring-web/5.2.0.RELEASE/d5b064196dc014519e751df549b4cc6a753fb191/spring-web-5.2.0.RELEASE.jar:/Users/dzmitryplatonov/.gradle/caches/modules-2/files-2.1/org.springframework.data/spring-data-commons/2.1.11.RELEASE/dace2a47d274ac5f0ac3ff2f47cb0b936bef5b46/spring-data-commons-2.1.11.RELEASE.jar:/Users/dzmitryplatonov/.gradle/caches/modules-2/files-2.1/org.springframework/spring-tx/5.1.10.RELEASE/c32ebb7fb1be3b733304b7873c31817dd434479a/spring-tx-5.1.10.RELEASE.jar:/Users/dzmitryplatonov/.gradle/caches/modules-2/files-2.1/org.springframework/spring-beans/5.2.0.RELEASE/3ae97694618c59e6af695a15e54fabb7e319776/spring-beans-5.2.0.RELEASE.jar:/Users/dzmitryplatonov/.gradle/caches/modules-2/files-2.1/org.springframework/spring-expression/5.2.0.RELEASE/ac6a616451129e717979f18d2bff40528698a46e/spring-expression-5.2.0.RELEASE.jar:/Users/dzmitryplatonov/.gradle/caches/modules-2/files-2.1/org.springframework/spring-core/5.2.0.RELEASE/e0e1b3c304f70ed19d7905975f6f990916ada219/spring-core-5.2.0.RELEASE.jar:/Users/dzmitryplatonov/.m2/repository/com/zaxxer/HikariCP/3.2.0/HikariCP-3.2.0.jar:/Users/dzmitryplatonov/.m2/repository/ch/qos/logback/logback-classic/1.2.3/logback-classic-1.2.3.jar:/Users/dzmitryplatonov/.m2/repository/org/slf4j/jul-to-slf4j/1.7.28/jul-to-slf4j-1.7.28.jar:/Users/dzmitryplatonov/.m2/repository/org/slf4j/slf4j-api/1.7.28/slf4j-api-1.7.28.jar:/Users/dzmitryplatonov/.m2/repository/javax/transaction/javax.transaction-api/1.3/javax.transaction-api-1.3.jar:/Users/dzmitryplatonov/.gradle/caches/modules-2/files-2.1/org.glassfish.jaxb/jaxb-runtime/2.3.1/dd6dda9da676a54c5b36ca2806ff95ee017d8738/jaxb-runtime-2.3.1.jar:/Users/dzmitryplatonov/.m2/repository/javax/xml/bind/jaxb-api/2.3.1/jaxb-api-2.3.1.jar:/Users/dzmitryplatonov/.gradle/caches/modules-2/files-2.1/org.springframework/spring-aspects/5.1.10.RELEASE/b0364caabcde96dc6385480d0f9270613ab04511/spring-aspects-5.1.10.RELEASE.jar:/Users/dzmitryplatonov/.gradle/caches/modules-2/files-2.1/org.springframework.security/spring-security-jwt/1.0.10.RELEASE/19a1ca7a83e9d263a31af5f529da460f8f863451/spring-security-jwt-1.0.10.RELEASE.jar:/Users/dzmitryplatonov/.gradle/caches/modules-2/files-2.1/com.nimbusds/oauth2-oidc-sdk/6.0/e731f0b62727a46ae6d6fded62b5678d28273c3c/oauth2-oidc-sdk-6.0.jar:/Users/dzmitryplatonov/.gradle/caches/modules-2/files-2.1/com.nimbusds/nimbus-jose-jwt/6.0.2/81605278e5df1cf4c3774851649b85cade077fa5/nimbus-jose-jwt-6.0.2.jar:/Users/dzmitryplatonov/.gradle/caches/modules-2/files-2.1/com.google.inject/guice/3.0/9d84f15fe35e2c716a02979fb62f50a29f38aefa/guice-3.0.jar:/Users/dzmitryplatonov/.gradle/caches/modules-2/files-2.1/org.openid4java/openid4java-nodeps/0.9.6/52ca394f5f6d38b78e35a5a6a0a341dc5b3aaf34/openid4java-nodeps-0.9.6.jar:/Users/dzmitryplatonov/.gradle/caches/modules-2/files-2.1/net.sourceforge.nekohtml/nekohtml/1.9.22/4f54af68ecb345f2453fb6884672ad08414154e3/nekohtml-1.9.22.jar:/Users/dzmitryplatonov/.gradle/caches/modules-2/files-2.1/org.apache.httpcomponents/httpclient/4.5.10/7ca2e4276f4ef95e4db725a8cd4a1d1e7585b9e5/httpclient-4.5.10.jar:/Users/dzmitryplatonov/.gradle/caches/modules-2/files-2.1/commons-codec/commons-codec/1.13/3f18e1aa31031d89db6f01ba05d501258ce69d2c/commons-codec-1.13.jar:/Users/dzmitryplatonov/.m2/repository/commons-io/commons-io/2.6/commons-io-2.6.jar:/Users/dzmitryplatonov/.gradle/caches/modules-2/files-2.1/com.google.guava/guava/27.1-jre/e47b59c893079b87743cdcfb6f17ca95c08c592c/guava-27.1-jre.jar:/Users/dzmitryplatonov/.gradle/caches/modules-2/files-2.1/io.jsonwebtoken/jjwt-api/0.10.7/52e888d8424d3c788e23fedfbfc65ce36830ab1a/jjwt-api-0.10.7.jar:/Users/dzmitryplatonov/.m2/repository/org/junit/platform/junit-platform-engine/1.3.1/junit-platform-engine-1.3.1.jar:/Users/dzmitryplatonov/.m2/repository/org/junit/platform/junit-platform-commons/1.3.1/junit-platform-commons-1.3.1.jar:/Users/dzmitryplatonov/.m2/repository/org/apiguardian/apiguardian-api/1.0.0/apiguardian-api-1.0.0.jar:/Users/dzmitryplatonov/.gradle/caches/modules-2/files-2.1/net.bytebuddy/byte-buddy/1.9.11/985bbce599f92d6440582a7d1a5231bfaae9970f/byte-buddy-1.9.11.jar:/Users/dzmitryplatonov/.m2/repository/net/bytebuddy/byte-buddy-agent/1.9.10/byte-buddy-agent-1.9.10.jar:/Users/dzmitryplatonov/.m2/repository/org/objenesis/objenesis/2.6/objenesis-2.6.jar:/Users/dzmitryplatonov/.m2/repository/org/opentest4j/opentest4j/1.1.1/opentest4j-1.1.1.jar:/Users/dzmitryplatonov/.m2/repository/org/aspectj/aspectjweaver/1.9.4/aspectjweaver-1.9.4.jar:/Users/dzmitryplatonov/.m2/repository/javax/activation/javax.activation-api/1.2.0/javax.activation-api-1.2.0.jar:/Users/dzmitryplatonov/.m2/repository/javax/persistence/javax.persistence-api/2.2/javax.persistence-api-2.2.jar:/Users/dzmitryplatonov/.m2/repository/org/javassist/javassist/3.23.2-GA/javassist-3.23.2-GA.jar:/Users/dzmitryplatonov/.m2/repository/antlr/antlr/2.7.7/antlr-2.7.7.jar:/Users/dzmitryplatonov/.m2/repository/org/jboss/jandex/2.0.5.Final/jandex-2.0.5.Final.jar:/Users/dzmitryplatonov/.m2/repository/org/dom4j/dom4j/2.1.1/dom4j-2.1.1.jar:/Users/dzmitryplatonov/.m2/repository/org/yaml/snakeyaml/1.23/snakeyaml-1.23.jar:/Users/dzmitryplatonov/.gradle/caches/modules-2/files-2.1/org.apache.tomcat.embed/tomcat-embed-websocket/9.0.26/8991b1bd82c5745e95a9161472a92dc1e5c7148e/tomcat-embed-websocket-9.0.26.jar:/Users/dzmitryplatonov/.gradle/caches/modules-2/files-2.1/org.apache.tomcat.embed/tomcat-embed-core/9.0.26/6312ba542bc58fa9ee789a43516ce4d862548a6b/tomcat-embed-core-9.0.26.jar:/Users/dzmitryplatonov/.gradle/caches/modules-2/files-2.1/org.apache.tomcat.embed/tomcat-embed-el/9.0.26/a551f05d3ecf5434eaadd75e0b51519447df124/tomcat-embed-el-9.0.26.jar:/Users/dzmitryplatonov/.gradle/caches/modules-2/files-2.1/org.codehaus.jackson/jackson-mapper-asl/1.9.13/1ee2f2bed0e5dd29d1cb155a166e6f8d50bbddb7/jackson-mapper-asl-1.9.13.jar:/Users/dzmitryplatonov/.gradle/caches/modules-2/files-2.1/org.bouncycastle/bcpkix-jdk15on/1.60/d0c46320fbc07be3a24eb13a56cee4e3d38e0c75/bcpkix-jdk15on-1.60.jar:/Users/dzmitryplatonov/.gradle/caches/modules-2/files-2.1/org.glassfish.jaxb/txw2/2.3.1/a09d2c48d3285f206fafbffe0e50619284e92126/txw2-2.3.1.jar:/Users/dzmitryplatonov/.gradle/caches/modules-2/files-2.1/com.sun.istack/istack-commons-runtime/3.0.7/c197c86ceec7318b1284bffb49b54226ca774003/istack-commons-runtime-3.0.7.jar:/Users/dzmitryplatonov/.gradle/caches/modules-2/files-2.1/org.jvnet.staxex/stax-ex/1.8/8cc35f73da321c29973191f2cf143d29d26a1df7/stax-ex-1.8.jar:/Users/dzmitryplatonov/.gradle/caches/modules-2/files-2.1/com.sun.xml.fastinfoset/FastInfoset/1.2.15/bb7b7ec0379982b97c62cd17465cb6d9155f68e8/FastInfoset-1.2.15.jar:/Users/dzmitryplatonov/.gradle/caches/modules-2/files-2.1/com.sun.mail/javax.mail/1.6.1/757ba4630692bb2a1ec2d9d57a616b63f15e947e/javax.mail-1.6.1.jar:/Users/dzmitryplatonov/.gradle/caches/modules-2/files-2.1/com.github.stephenc.jcip/jcip-annotations/1.0-1/ef31541dd28ae2cefdd17c7ebf352d93e9058c63/jcip-annotations-1.0-1.jar:/Users/dzmitryplatonov/.m2/repository/net/minidev/json-smart/2.3/json-smart-2.3.jar:/Users/dzmitryplatonov/.gradle/caches/modules-2/files-2.1/com.nimbusds/lang-tag/1.4.4/1db9a709239ae473a69b5424c7e78d0b7108229d/lang-tag-1.4.4.jar:/Users/dzmitryplatonov/.gradle/caches/modules-2/files-2.1/org.springframework/spring-jcl/5.2.0.RELEASE/59b53ab6f01dd3ba85875b61a284c161584c18a3/spring-jcl-5.2.0.RELEASE.jar:/Users/dzmitryplatonov/.m2/repository/javax/inject/javax.inject/1/javax.inject-1.jar:/Users/dzmitryplatonov/.gradle/caches/modules-2/files-2.1/org.sonatype.sisu.inject/cglib/2.2.1-v20090111/7ce5e983fd0e6c78346f4c9cbfa39d83049dda2/cglib-2.2.1-v20090111.jar:/Users/dzmitryplatonov/.m2/repository/commons-logging/commons-logging/1.2/commons-logging-1.2.jar:/Users/dzmitryplatonov/.m2/repository/net/jcip/jcip-annotations/1.0/jcip-annotations-1.0.jar:/Users/dzmitryplatonov/.m2/repository/xerces/xercesImpl/2.11.0/xercesImpl-2.11.0.jar:/Users/dzmitryplatonov/.gradle/caches/modules-2/files-2.1/org.apache.httpcomponents/httpcore/4.4.12/21ebaf6d532bc350ba95bd81938fa5f0e511c132/httpcore-4.4.12.jar:/Users/dzmitryplatonov/.gradle/caches/modules-2/files-2.1/com.google.guava/failureaccess/1.0.1/1dcf1de382a0bf95a3d8b0849546c88bac1292c9/failureaccess-1.0.1.jar:/Users/dzmitryplatonov/.gradle/caches/modules-2/files-2.1/com.google.guava/listenablefuture/9999.0-empty-to-avoid-conflict-with-guava/b421526c5f297295adef1c886e5246c39d4ac629/listenablefuture-9999.0-empty-to-avoid-conflict-with-guava.jar:/Users/dzmitryplatonov/.m2/repository/com/google/code/findbugs/jsr305/3.0.2/jsr305-3.0.2.jar:/Users/dzmitryplatonov/.gradle/caches/modules-2/files-2.1/org.checkerframework/checker-qual/2.5.2/cea74543d5904a30861a61b4643a5f2bb372efc4/checker-qual-2.5.2.jar:/Users/dzmitryplatonov/.gradle/caches/modules-2/files-2.1/com.google.errorprone/error_prone_annotations/2.2.0/88e3c593e9b3586e1c6177f89267da6fc6986f0c/error_prone_annotations-2.2.0.jar:/Users/dzmitryplatonov/.gradle/caches/modules-2/files-2.1/com.google.j2objc/j2objc-annotations/1.1/ed28ded51a8b1c6b112568def5f4b455e6809019/j2objc-annotations-1.1.jar:/Users/dzmitryplatonov/.gradle/caches/modules-2/files-2.1/org.codehaus.mojo/animal-sniffer-annotations/1.17/f97ce6decaea32b36101e37979f8b647f00681fb/animal-sniffer-annotations-1.17.jar:/Users/dzmitryplatonov/.gradle/caches/modules-2/files-2.1/org.codehaus.jackson/jackson-core-asl/1.9.13/3c304d70f42f832e0a86d45bd437f692129299a4/jackson-core-asl-1.9.13.jar:/Users/dzmitryplatonov/.gradle/caches/modules-2/files-2.1/org.bouncycastle/bcprov-jdk15on/1.60/bd47ad3bd14b8e82595c7adaa143501e60842a84/bcprov-jdk15on-1.60.jar:/Users/dzmitryplatonov/.m2/repository/javax/activation/activation/1.1/activation-1.1.jar:/Users/dzmitryplatonov/.m2/repository/net/minidev/accessors-smart/1.2/accessors-smart-1.2.jar:/Users/dzmitryplatonov/.gradle/caches/modules-2/files-2.1/asm/asm/3.1/c157def142714c544bdea2e6144645702adf7097/asm-3.1.jar:/Users/dzmitryplatonov/.m2/repository/xml-apis/xml-apis/1.4.01/xml-apis-1.4.01.jar:/Users/dzmitryplatonov/.m2/repository/ch/qos/logback/logback-core/1.2.3/logback-core-1.2.3.jar:/Users/dzmitryplatonov/.gradle/caches/modules-2/files-2.1/org.apache.tomcat/tomcat-annotations-api/9.0.26/bb4574456c5db64acfcd2aa6f426d87e6c05a772/tomcat-annotations-api-9.0.26.jar:/Users/dzmitryplatonov/.m2/repository/org/ow2/asm/asm/5.0.4/asm-5.0.4.jar, java.vm.vendor=Oracle Corporation, sun.arch.data.model=64, user.variant=, java.vendor.url=http://java.oracle.com/, user.timezone=Europe/Minsk, os.name=Mac OS X, java.vm.specification.version=11, javax.persistence.validation.mode=AUTO, user.country=BY, sun.java.launcher=SUN_STANDARD, sun.boot.library.path=/Library/Java/JavaVirtualMachines/jdk-11.0.4.jdk/Contents/Home/lib, sun.java.command=worker.org.gradle.process.internal.worker.GradleWorkerMain 'Gradle Test Executor 3', hibernate.transaction.jta.platform=org.hibernate.engine.transaction.jta.platform.internal.NoJtaPlatform@5d204bad, http.nonProxyHosts=local|*.local|169.254/16|*.169.254/16, javax.persistence.sharedCache.mode=UNSPECIFIED, jdk.debug=release, sun.cpu.endian=little, user.home=/Users/dzmitryplatonov, user.language=ru, java.specification.vendor=Oracle Corporation, org.gradle.native=false, java.version.date=2019-07-16, java.home=/Library/Java/JavaVirtualMachines/jdk-11.0.4.jdk/Contents/Home, file.separator=/, java.vm.compressedOopsMode=Zero based, line.separator=
, java.specification.name=Java Platform API Specification, java.vm.specification.vendor=Oracle Corporation, hibernate.transaction.coordinator_class=class org.hibernate.resource.transaction.backend.jdbc.internal.JdbcResourceLocalTransactionCoordinatorBuilderImpl, java.awt.graphicsenv=sun.awt.CGraphicsEnvironment, hibernate.hbm2ddl.auto=create-drop, sun.management.compiler=HotSpot 64-Bit Tiered Compilers, ftp.nonProxyHosts=local|*.local|169.254/16|*.169.254/16, java.runtime.version=11.0.4+10-LTS, user.name=dzmitryplatonov, path.separator=:, os.version=10.14.6, java.runtime.name=Java(TM) SE Runtime Environment, file.encoding=UTF-8, hibernate.ejb.persistenceUnitName=default, java.vm.name=Java HotSpot(TM) 64-Bit Server VM, java.vendor.version=18.9, java.vendor.url.bug=http://bugreport.java.com/bugreport/, java.io.tmpdir=/var/folders/nm/5f650mms7n577yq7w4kkdfl80000gn/T/, com.zaxxer.hikari.pool_number=1, java.version=11.0.4, hibernate.physical_naming_strategy=org.springframework.boot.orm.jpa.hibernate.SpringPhysicalNamingStrategy, user.dir=/Users/dzmitryplatonov/Desktop/workdir/giftcertificates/datasource, os.arch=x86_64, java.vm.specification.name=Java Virtual Machine Specification, java.awt.printerjob=sun.lwawt.macosx.CPrinterJob, sun.os.patch.level=unknown, hibernate.boot.CfgXmlAccessService.key=org.hibernate.boot.cfgxml.spi.LoadedConfig@4d737cae, java.library.path=/Users/dzmitryplatonov/Library/Java/Extensions:/Library/Java/Extensions:/Network/Library/Java/Extensions:/System/Library/Java/Extensions:/usr/lib/java:., java.vendor=Oracle Corporation, java.vm.info=mixed mode, java.vm.version=11.0.4+10-LTS, hibernate.bytecode.use_reflection_optimizer=false, sun.io.unicode.encoding=UnicodeBig, hibernate.connection.datasource=HikariDataSource (HikariPool-3), socksNonProxyHosts=local|*.local|169.254/16|*.169.254/16, java.class.version=55.0}
17:03:29.302 [Test worker] DEBUG org.hibernate.validator.internal.engine.resolver.TraversableResolvers - Found javax.persistence.Persistence on classpath containing 'getPersistenceUtil'. Assuming JPA 2 environment. Trying to instantiate JPA aware TraversableResolver
17:03:29.302 [Test worker] DEBUG org.hibernate.validator.internal.engine.resolver.TraversableResolvers - Instantiated JPA aware TraversableResolver of type org.hibernate.validator.internal.engine.resolver.JPATraversableResolver.
17:03:29.302 [Test worker] DEBUG org.hibernate.validator.internal.xml.config.ValidationXmlParser - Trying to load META-INF/validation.xml for XML based Validator configuration.
17:03:29.302 [Test worker] DEBUG org.hibernate.validator.internal.xml.config.ResourceLoaderHelper - Trying to load META-INF/validation.xml via TCCL
17:03:29.302 [Test worker] DEBUG org.hibernate.validator.internal.xml.config.ResourceLoaderHelper - Trying to load META-INF/validation.xml via Hibernate Validator's class loader
17:03:29.303 [Test worker] DEBUG org.hibernate.validator.internal.xml.config.ValidationXmlParser - No META-INF/validation.xml found. Using annotation based configuration only.
17:03:29.310 [Test worker] DEBUG org.hibernate.validator.messageinterpolation.ResourceBundleMessageInterpolator - Loaded expression factory via original TCCL
17:03:29.310 [Test worker] DEBUG org.hibernate.validator.internal.engine.ValidatorFactoryImpl - HV000234: Using org.hibernate.validator.messageinterpolation.ResourceBundleMessageInterpolator as ValidatorFactory-scoped message interpolator.
17:03:29.310 [Test worker] DEBUG org.hibernate.validator.internal.engine.ValidatorFactoryImpl - HV000234: Using org.hibernate.validator.internal.engine.resolver.JPATraversableResolver as ValidatorFactory-scoped traversable resolver.
17:03:29.310 [Test worker] DEBUG org.hibernate.validator.internal.engine.ValidatorFactoryImpl - HV000234: Using org.hibernate.validator.internal.util.ExecutableParameterNameProvider as ValidatorFactory-scoped parameter name provider.
17:03:29.310 [Test worker] DEBUG org.hibernate.validator.internal.engine.ValidatorFactoryImpl - HV000234: Using org.hibernate.validator.internal.engine.DefaultClockProvider as ValidatorFactory-scoped clock provider.
17:03:29.310 [Test worker] DEBUG org.hibernate.validator.internal.engine.ValidatorFactoryImpl - HV000234: Using org.hibernate.validator.internal.engine.scripting.DefaultScriptEvaluatorFactory as ValidatorFactory-scoped script evaluator factory.
17:03:29.310 [Test worker] DEBUG org.hibernate.boot.internal.ClassLoaderAccessImpl - Not known whether passed class name [com.epam.esm.entity.Order] is safe
17:03:29.310 [Test worker] DEBUG org.hibernate.boot.internal.ClassLoaderAccessImpl - No temp ClassLoader provided; using live ClassLoader for loading potentially unsafe class : com.epam.esm.entity.Order
17:03:29.315 [Test worker] DEBUG org.hibernate.boot.internal.ClassLoaderAccessImpl - Not known whether passed class name [com.epam.esm.entity.GiftCertificate] is safe
17:03:29.315 [Test worker] DEBUG org.hibernate.boot.internal.ClassLoaderAccessImpl - No temp ClassLoader provided; using live ClassLoader for loading potentially unsafe class : com.epam.esm.entity.GiftCertificate
17:03:29.319 [Test worker] DEBUG org.hibernate.boot.internal.ClassLoaderAccessImpl - Not known whether passed class name [com.epam.esm.entity.User] is safe
17:03:29.319 [Test worker] DEBUG org.hibernate.boot.internal.ClassLoaderAccessImpl - No temp ClassLoader provided; using live ClassLoader for loading potentially unsafe class : com.epam.esm.entity.User
17:03:29.323 [Test worker] DEBUG org.hibernate.boot.internal.ClassLoaderAccessImpl - Not known whether passed class name [com.epam.esm.entity.Entity] is safe
17:03:29.323 [Test worker] DEBUG org.hibernate.boot.internal.ClassLoaderAccessImpl - No temp ClassLoader provided; using live ClassLoader for loading potentially unsafe class : com.epam.esm.entity.Entity
17:03:29.324 [Test worker] DEBUG org.hibernate.boot.internal.ClassLoaderAccessImpl - Not known whether passed class name [com.epam.esm.entity.Tag] is safe
17:03:29.324 [Test worker] DEBUG org.hibernate.boot.internal.ClassLoaderAccessImpl - No temp ClassLoader provided; using live ClassLoader for loading potentially unsafe class : com.epam.esm.entity.Tag
17:03:29.326 [Test worker] DEBUG org.hibernate.boot.internal.ClassLoaderAccessImpl - Not known whether passed class name [com.epam.esm.entity.OrderCertificate] is safe
17:03:29.326 [Test worker] DEBUG org.hibernate.boot.internal.ClassLoaderAccessImpl - No temp ClassLoader provided; using live ClassLoader for loading potentially unsafe class : com.epam.esm.entity.OrderCertificate
17:03:29.328 [Test worker] DEBUG org.hibernate.boot.internal.ClassLoaderAccessImpl - Not known whether passed class name [com.epam.esm.entity.Role] is safe
17:03:29.328 [Test worker] DEBUG org.hibernate.boot.internal.ClassLoaderAccessImpl - No temp ClassLoader provided; using live ClassLoader for loading potentially unsafe class : com.epam.esm.entity.Role
17:03:29.331 [Test worker] DEBUG org.hibernate.secure.spi.JaccIntegrator - Skipping JACC integration as it was not enabled
17:03:29.331 [Test worker] DEBUG org.hibernate.internal.SessionFactoryImpl - Instantiated session factory
17:03:29.331 [Test worker] DEBUG org.hibernate.type.spi.TypeConfiguration$Scope - Scoping TypeConfiguration [org.hibernate.type.spi.TypeConfiguration@56435309] to SessionFactoryImpl [org.hibernate.internal.SessionFactoryImpl@62e6a84b]
17:03:29.331 [Test worker] DEBUG org.hibernate.boot.internal.ClassLoaderAccessImpl - Not known whether passed class name [com.epam.esm.entity.Order] is safe
17:03:29.331 [Test worker] DEBUG org.hibernate.boot.internal.ClassLoaderAccessImpl - No temp ClassLoader provided; using live ClassLoader for loading potentially unsafe class : com.epam.esm.entity.Order
17:03:29.331 [Test worker] DEBUG org.hibernate.boot.internal.ClassLoaderAccessImpl - Not known whether passed class name [com.epam.esm.entity.Order] is safe
17:03:29.331 [Test worker] DEBUG org.hibernate.boot.internal.ClassLoaderAccessImpl - No temp ClassLoader provided; using live ClassLoader for loading potentially unsafe class : com.epam.esm.entity.Order
17:03:29.336 [HikariPool-3 housekeeper] DEBUG com.zaxxer.hikari.pool.HikariPool - HikariPool-3 - Pool stats (total=1, active=0, idle=1, waiting=0)
17:03:29.338 [HikariPool-3 connection adder] DEBUG com.zaxxer.hikari.pool.HikariPool - HikariPool-3 - Added connection conn21: url=jdbc:h2:mem:testdb user=SA
17:03:29.339 [HikariPool-3 connection adder] DEBUG com.zaxxer.hikari.pool.HikariPool - HikariPool-3 - Added connection conn22: url=jdbc:h2:mem:testdb user=SA
17:03:29.339 [HikariPool-3 connection adder] DEBUG com.zaxxer.hikari.pool.HikariPool - HikariPool-3 - Added connection conn23: url=jdbc:h2:mem:testdb user=SA
17:03:29.340 [HikariPool-3 connection adder] DEBUG com.zaxxer.hikari.pool.HikariPool - HikariPool-3 - Added connection conn24: url=jdbc:h2:mem:testdb user=SA
17:03:29.341 [HikariPool-3 connection adder] DEBUG com.zaxxer.hikari.pool.HikariPool - HikariPool-3 - Added connection conn25: url=jdbc:h2:mem:testdb user=SA
17:03:29.341 [HikariPool-3 connection adder] DEBUG com.zaxxer.hikari.pool.HikariPool - HikariPool-3 - Added connection conn26: url=jdbc:h2:mem:testdb user=SA
17:03:29.342 [HikariPool-3 connection adder] DEBUG com.zaxxer.hikari.pool.HikariPool - HikariPool-3 - Added connection conn27: url=jdbc:h2:mem:testdb user=SA
17:03:29.342 [HikariPool-3 connection adder] DEBUG com.zaxxer.hikari.pool.HikariPool - HikariPool-3 - Added connection conn28: url=jdbc:h2:mem:testdb user=SA
17:03:29.343 [HikariPool-3 connection adder] DEBUG com.zaxxer.hikari.pool.HikariPool - HikariPool-3 - Added connection conn29: url=jdbc:h2:mem:testdb user=SA
17:03:29.343 [HikariPool-3 connection adder] DEBUG com.zaxxer.hikari.pool.HikariPool - HikariPool-3 - After adding stats (total=10, active=0, idle=10, waiting=0)
17:03:29.347 [Test worker] DEBUG org.hibernate.boot.internal.ClassLoaderAccessImpl - Not known whether passed class name [com.epam.esm.entity.GiftCertificate] is safe
17:03:29.347 [Test worker] DEBUG org.hibernate.boot.internal.ClassLoaderAccessImpl - No temp ClassLoader provided; using live ClassLoader for loading potentially unsafe class : com.epam.esm.entity.GiftCertificate
17:03:29.347 [Test worker] DEBUG org.hibernate.boot.internal.ClassLoaderAccessImpl - Not known whether passed class name [com.epam.esm.entity.GiftCertificate] is safe
17:03:29.347 [Test worker] DEBUG org.hibernate.boot.internal.ClassLoaderAccessImpl - No temp ClassLoader provided; using live ClassLoader for loading potentially unsafe class : com.epam.esm.entity.GiftCertificate
17:03:29.368 [Test worker] DEBUG org.hibernate.boot.internal.ClassLoaderAccessImpl - Not known whether passed class name [com.epam.esm.entity.User] is safe
17:03:29.368 [Test worker] DEBUG org.hibernate.boot.internal.ClassLoaderAccessImpl - No temp ClassLoader provided; using live ClassLoader for loading potentially unsafe class : com.epam.esm.entity.User
17:03:29.368 [Test worker] DEBUG org.hibernate.boot.internal.ClassLoaderAccessImpl - Not known whether passed class name [com.epam.esm.entity.User] is safe
17:03:29.368 [Test worker] DEBUG org.hibernate.boot.internal.ClassLoaderAccessImpl - No temp ClassLoader provided; using live ClassLoader for loading potentially unsafe class : com.epam.esm.entity.User
17:03:29.381 [Test worker] DEBUG org.hibernate.boot.internal.ClassLoaderAccessImpl - Not known whether passed class name [com.epam.esm.entity.Entity] is safe
17:03:29.381 [Test worker] DEBUG org.hibernate.boot.internal.ClassLoaderAccessImpl - No temp ClassLoader provided; using live ClassLoader for loading potentially unsafe class : com.epam.esm.entity.Entity
17:03:29.381 [Test worker] DEBUG org.hibernate.boot.internal.ClassLoaderAccessImpl - Not known whether passed class name [com.epam.esm.entity.Entity] is safe
17:03:29.381 [Test worker] DEBUG org.hibernate.boot.internal.ClassLoaderAccessImpl - No temp ClassLoader provided; using live ClassLoader for loading potentially unsafe class : com.epam.esm.entity.Entity
17:03:29.388 [Test worker] DEBUG org.hibernate.boot.internal.ClassLoaderAccessImpl - Not known whether passed class name [com.epam.esm.entity.Tag] is safe
17:03:29.388 [Test worker] DEBUG org.hibernate.boot.internal.ClassLoaderAccessImpl - No temp ClassLoader provided; using live ClassLoader for loading potentially unsafe class : com.epam.esm.entity.Tag
17:03:29.388 [Test worker] DEBUG org.hibernate.boot.internal.ClassLoaderAccessImpl - Not known whether passed class name [com.epam.esm.entity.Tag] is safe
17:03:29.388 [Test worker] DEBUG org.hibernate.boot.internal.ClassLoaderAccessImpl - No temp ClassLoader provided; using live ClassLoader for loading potentially unsafe class : com.epam.esm.entity.Tag
17:03:29.396 [Test worker] DEBUG org.hibernate.boot.internal.ClassLoaderAccessImpl - Not known whether passed class name [com.epam.esm.entity.OrderCertificate] is safe
17:03:29.396 [Test worker] DEBUG org.hibernate.boot.internal.ClassLoaderAccessImpl - No temp ClassLoader provided; using live ClassLoader for loading potentially unsafe class : com.epam.esm.entity.OrderCertificate
17:03:29.396 [Test worker] DEBUG org.hibernate.boot.internal.ClassLoaderAccessImpl - Not known whether passed class name [com.epam.esm.entity.OrderCertificate] is safe
17:03:29.396 [Test worker] DEBUG org.hibernate.boot.internal.ClassLoaderAccessImpl - No temp ClassLoader provided; using live ClassLoader for loading potentially unsafe class : com.epam.esm.entity.OrderCertificate
17:03:29.405 [Test worker] DEBUG org.hibernate.boot.internal.ClassLoaderAccessImpl - Not known whether passed class name [com.epam.esm.entity.Role] is safe
17:03:29.405 [Test worker] DEBUG org.hibernate.boot.internal.ClassLoaderAccessImpl - No temp ClassLoader provided; using live ClassLoader for loading potentially unsafe class : com.epam.esm.entity.Role
17:03:29.405 [Test worker] DEBUG org.hibernate.boot.internal.ClassLoaderAccessImpl - Not known whether passed class name [com.epam.esm.entity.Role] is safe
17:03:29.405 [Test worker] DEBUG org.hibernate.boot.internal.ClassLoaderAccessImpl - No temp ClassLoader provided; using live ClassLoader for loading potentially unsafe class : com.epam.esm.entity.Role
17:03:29.412 [Test worker] DEBUG org.hibernate.persister.collection.AbstractCollectionPersister - Static SQL for collection: com.epam.esm.entity.GiftCertificate.tags
17:03:29.412 [Test worker] DEBUG org.hibernate.persister.collection.AbstractCollectionPersister -  Row insert: insert into certificate_tag (certificate_id, tag_id) values (?, ?)
17:03:29.412 [Test worker] DEBUG org.hibernate.persister.collection.AbstractCollectionPersister -  Row update: update certificate_tag set tag_id=? where certificate_id=? and tag_id=?
17:03:29.412 [Test worker] DEBUG org.hibernate.persister.collection.AbstractCollectionPersister -  Row delete: delete from certificate_tag where certificate_id=? and tag_id=?
17:03:29.412 [Test worker] DEBUG org.hibernate.persister.collection.AbstractCollectionPersister -  One-shot delete: delete from certificate_tag where certificate_id=?
17:03:29.413 [Test worker] DEBUG org.hibernate.persister.collection.AbstractCollectionPersister - Static SQL for collection: com.epam.esm.entity.Order.orderCertificates
17:03:29.413 [Test worker] DEBUG org.hibernate.persister.collection.AbstractCollectionPersister -  Row insert: update order_certificate set order_id=? where id=?
17:03:29.413 [Test worker] DEBUG org.hibernate.persister.collection.AbstractCollectionPersister -  Row update: update order_certificate set  where id=?
17:03:29.413 [Test worker] DEBUG org.hibernate.persister.collection.AbstractCollectionPersister -  Row delete: update order_certificate set order_id=null where order_id=? and id=?
17:03:29.413 [Test worker] DEBUG org.hibernate.persister.collection.AbstractCollectionPersister -  One-shot delete: update order_certificate set order_id=null where order_id=?
17:03:29.413 [Test worker] DEBUG org.hibernate.persister.collection.AbstractCollectionPersister - Static SQL for collection: com.epam.esm.entity.GiftCertificate.orderCertificates
17:03:29.413 [Test worker] DEBUG org.hibernate.persister.collection.AbstractCollectionPersister -  Row insert: update order_certificate set certificate_id=? where id=?
17:03:29.413 [Test worker] DEBUG org.hibernate.persister.collection.AbstractCollectionPersister -  Row update: update order_certificate set  where id=?
17:03:29.413 [Test worker] DEBUG org.hibernate.persister.collection.AbstractCollectionPersister -  Row delete: update order_certificate set certificate_id=null where certificate_id=? and id=?
17:03:29.413 [Test worker] DEBUG org.hibernate.persister.collection.AbstractCollectionPersister -  One-shot delete: update order_certificate set certificate_id=null where certificate_id=?
17:03:29.413 [Test worker] DEBUG org.hibernate.persister.collection.AbstractCollectionPersister - Static SQL for collection: com.epam.esm.entity.User.orders
17:03:29.413 [Test worker] DEBUG org.hibernate.persister.collection.AbstractCollectionPersister -  Row insert: update application_order set user_id=? where id=?
17:03:29.413 [Test worker] DEBUG org.hibernate.persister.collection.AbstractCollectionPersister -  Row update: update application_order set  where id=?
17:03:29.413 [Test worker] DEBUG org.hibernate.persister.collection.AbstractCollectionPersister -  Row delete: update application_order set user_id=null where user_id=? and id=?
17:03:29.413 [Test worker] DEBUG org.hibernate.persister.collection.AbstractCollectionPersister -  One-shot delete: update application_order set user_id=null where user_id=?
17:03:29.414 [Test worker] DEBUG org.hibernate.persister.entity.AbstractEntityPersister - Static SQL for entity: com.epam.esm.entity.Order
17:03:29.414 [Test worker] DEBUG org.hibernate.persister.entity.AbstractEntityPersister -  Version select: select id from application_order where id =?
17:03:29.414 [Test worker] DEBUG org.hibernate.persister.entity.AbstractEntityPersister -  Snapshot select: select order_.id, order_.active_status as active_s2_0_, order_.created_at as created_3_0_, order_.user_id as user_id4_0_ from application_order order_ where order_.id=?
17:03:29.414 [Test worker] DEBUG org.hibernate.persister.entity.AbstractEntityPersister -  Insert 0: insert into application_order (active_status, created_at, user_id, id) values (?, ?, ?, ?)
17:03:29.414 [Test worker] DEBUG org.hibernate.persister.entity.AbstractEntityPersister -  Update 0: update application_order set active_status=?, created_at=?, user_id=? where id=?
17:03:29.414 [Test worker] DEBUG org.hibernate.persister.entity.AbstractEntityPersister -  Delete 0: delete from application_order where id=?
17:03:29.414 [Test worker] DEBUG org.hibernate.persister.entity.AbstractEntityPersister -  Identity insert: insert into application_order (id, active_status, created_at, user_id) values (null, ?, ?, ?)
17:03:29.414 [Test worker] DEBUG org.hibernate.loader.plan.build.internal.spaces.QuerySpacesImpl - Adding QuerySpace : uid = <gen:0> -> org.hibernate.loader.plan.build.internal.spaces.EntityQuerySpaceImpl@f9abe47]
17:03:29.414 [Test worker] DEBUG org.hibernate.persister.walking.spi.MetamodelGraphWalker - Visiting attribute path : activeStatus
17:03:29.414 [Test worker] DEBUG org.hibernate.persister.walking.spi.MetamodelGraphWalker - Visiting attribute path : createdAt
17:03:29.414 [Test worker] DEBUG org.hibernate.persister.walking.spi.MetamodelGraphWalker - Visiting attribute path : orderCertificates
17:03:29.414 [Test worker] DEBUG org.hibernate.loader.plan.build.internal.spaces.QuerySpacesImpl - Adding QuerySpace : uid = <gen:1> -> org.hibernate.loader.plan.build.internal.spaces.CollectionQuerySpaceImpl@40bcb852]
17:03:29.414 [Test worker] DEBUG org.hibernate.loader.plan.build.internal.spaces.QuerySpacesImpl - Adding QuerySpace : uid = <gen:2> -> org.hibernate.loader.plan.build.internal.spaces.EntityQuerySpaceImpl@51442d8f]
17:03:29.414 [Test worker] DEBUG org.hibernate.persister.walking.spi.MetamodelGraphWalker - Visiting attribute path : user
17:03:29.415 [Test worker] DEBUG org.hibernate.loader.plan.build.internal.spaces.QuerySpacesImpl - Adding QuerySpace : uid = <gen:3> -> org.hibernate.loader.plan.build.internal.spaces.EntityQuerySpaceImpl@b76c966]
17:03:29.415 [Test worker] DEBUG org.hibernate.persister.walking.spi.MetamodelGraphWalker - Visiting attribute path : user.email
17:03:29.415 [Test worker] DEBUG org.hibernate.persister.walking.spi.MetamodelGraphWalker - Visiting attribute path : user.orders
17:03:29.415 [Test worker] DEBUG org.hibernate.persister.walking.spi.MetamodelGraphWalker - Property path deemed to be circular : user.orders
17:03:29.415 [Test worker] DEBUG org.hibernate.persister.walking.spi.MetamodelGraphWalker - Visiting attribute path : user.password
17:03:29.415 [Test worker] DEBUG org.hibernate.persister.walking.spi.MetamodelGraphWalker - Visiting attribute path : user.refreshToken
17:03:29.415 [Test worker] DEBUG org.hibernate.persister.walking.spi.MetamodelGraphWalker - Visiting attribute path : user.role
17:03:29.415 [Test worker] DEBUG org.hibernate.loader.plan.build.internal.spaces.QuerySpacesImpl - Adding QuerySpace : uid = <gen:4> -> org.hibernate.loader.plan.build.internal.spaces.EntityQuerySpaceImpl@edf187]
17:03:29.415 [Test worker] DEBUG org.hibernate.persister.walking.spi.MetamodelGraphWalker - Visiting attribute path : user.role.value
17:03:29.415 [Test worker] DEBUG org.hibernate.loader.plan.build.internal.FetchStyleLoadPlanBuildingAssociationVisitationStrategy - Building LoadPlan...
17:03:29.415 [Test worker] DEBUG org.hibernate.loader.plan.exec.internal.LoadQueryJoinAndFetchProcessor - processing queryspace <gen:0>
17:03:29.416 [Test worker] DEBUG org.hibernate.loader.plan.build.spi.LoadPlanTreePrinter - LoadPlan(entity=com.epam.esm.entity.Order)
    - Returns
       - EntityReturnImpl(entity=com.epam.esm.entity.Order, querySpaceUid=<gen:0>, path=com.epam.esm.entity.Order)
          - CollectionAttributeFetchImpl(collection=com.epam.esm.entity.Order.orderCertificates, querySpaceUid=<gen:1>, path=com.epam.esm.entity.Order.orderCertificates)
             - (collection element) CollectionFetchableElementEntityGraph(entity=com.epam.esm.entity.OrderCertificate, querySpaceUid=<gen:2>, path=com.epam.esm.entity.Order.orderCertificates.<elements>)
          - EntityAttributeFetchImpl(entity=com.epam.esm.entity.User, querySpaceUid=<gen:3>, path=com.epam.esm.entity.Order.user)
             - EntityAttributeFetchImpl(entity=com.epam.esm.entity.Role, querySpaceUid=<gen:4>, path=com.epam.esm.entity.Order.user.role)
    - QuerySpaces
       - EntityQuerySpaceImpl(uid=<gen:0>, entity=com.epam.esm.entity.Order)
          - SQL table alias mapping - order0_
          - alias suffix - 0_
          - suffixed key columns - {id1_0_0_}
          - JOIN (JoinDefinedByMetadata(user)) : <gen:0> -> <gen:3>
             - EntityQuerySpaceImpl(uid=<gen:3>, entity=com.epam.esm.entity.User)
                - SQL table alias mapping - user1_
                - alias suffix - 1_
                - suffixed key columns - {id1_2_1_}
                - JOIN (JoinDefinedByMetadata(role)) : <gen:3> -> <gen:4>
                   - EntityQuerySpaceImpl(uid=<gen:4>, entity=com.epam.esm.entity.Role)
                      - SQL table alias mapping - role2_
                      - alias suffix - 2_
                      - suffixed key columns - {id1_1_2_}

17:03:29.416 [Test worker] DEBUG org.hibernate.loader.entity.plan.EntityLoader - Static select for entity com.epam.esm.entity.Order [NONE]: select order0_.id as id1_0_0_, order0_.active_status as active_s2_0_0_, order0_.created_at as created_3_0_0_, order0_.user_id as user_id4_0_0_, user1_.id as id1_2_1_, user1_.email as email2_2_1_, user1_.password as password3_2_1_, user1_.refresh_token as refresh_4_2_1_, user1_.role_id as role_id5_2_1_, role2_.id as id1_1_2_, role2_.value as value2_1_2_ from application_order order0_ left outer join application_user user1_ on order0_.user_id=user1_.id left outer join application_role role2_ on user1_.role_id=role2_.id where order0_.id=?
17:03:29.416 [Test worker] DEBUG org.hibernate.loader.plan.build.internal.spaces.QuerySpacesImpl - Adding QuerySpace : uid = <gen:0> -> org.hibernate.loader.plan.build.internal.spaces.EntityQuerySpaceImpl@4d3546c9]
17:03:29.417 [Test worker] DEBUG org.hibernate.persister.walking.spi.MetamodelGraphWalker - Visiting attribute path : activeStatus
17:03:29.417 [Test worker] DEBUG org.hibernate.persister.walking.spi.MetamodelGraphWalker - Visiting attribute path : createdAt
17:03:29.417 [Test worker] DEBUG org.hibernate.persister.walking.spi.MetamodelGraphWalker - Visiting attribute path : orderCertificates
17:03:29.417 [Test worker] DEBUG org.hibernate.loader.plan.build.internal.spaces.QuerySpacesImpl - Adding QuerySpace : uid = <gen:1> -> org.hibernate.loader.plan.build.internal.spaces.CollectionQuerySpaceImpl@32872b20]
17:03:29.417 [Test worker] DEBUG org.hibernate.loader.plan.build.internal.spaces.QuerySpacesImpl - Adding QuerySpace : uid = <gen:2> -> org.hibernate.loader.plan.build.internal.spaces.EntityQuerySpaceImpl@6e8cf6ac]
17:03:29.417 [Test worker] DEBUG org.hibernate.persister.walking.spi.MetamodelGraphWalker - Visiting attribute path : user
17:03:29.417 [Test worker] DEBUG org.hibernate.loader.plan.build.internal.spaces.QuerySpacesImpl - Adding QuerySpace : uid = <gen:3> -> org.hibernate.loader.plan.build.internal.spaces.EntityQuerySpaceImpl@968e6ba]
17:03:29.417 [Test worker] DEBUG org.hibernate.persister.walking.spi.MetamodelGraphWalker - Visiting attribute path : user.email
17:03:29.417 [Test worker] DEBUG org.hibernate.persister.walking.spi.MetamodelGraphWalker - Visiting attribute path : user.orders
17:03:29.417 [Test worker] DEBUG org.hibernate.persister.walking.spi.MetamodelGraphWalker - Property path deemed to be circular : user.orders
17:03:29.417 [Test worker] DEBUG org.hibernate.persister.walking.spi.MetamodelGraphWalker - Visiting attribute path : user.password
17:03:29.417 [Test worker] DEBUG org.hibernate.persister.walking.spi.MetamodelGraphWalker - Visiting attribute path : user.refreshToken
17:03:29.417 [Test worker] DEBUG org.hibernate.persister.walking.spi.MetamodelGraphWalker - Visiting attribute path : user.role
17:03:29.417 [Test worker] DEBUG org.hibernate.loader.plan.build.internal.spaces.QuerySpacesImpl - Adding QuerySpace : uid = <gen:4> -> org.hibernate.loader.plan.build.internal.spaces.EntityQuerySpaceImpl@1363aea5]
17:03:29.417 [Test worker] DEBUG org.hibernate.persister.walking.spi.MetamodelGraphWalker - Visiting attribute path : user.role.value
17:03:29.418 [Test worker] DEBUG org.hibernate.loader.plan.build.internal.FetchStyleLoadPlanBuildingAssociationVisitationStrategy - Building LoadPlan...
17:03:29.418 [Test worker] DEBUG org.hibernate.loader.plan.exec.internal.LoadQueryJoinAndFetchProcessor - processing queryspace <gen:0>
17:03:29.418 [Test worker] DEBUG org.hibernate.loader.plan.build.spi.LoadPlanTreePrinter - LoadPlan(entity=com.epam.esm.entity.Order)
    - Returns
       - EntityReturnImpl(entity=com.epam.esm.entity.Order, querySpaceUid=<gen:0>, path=com.epam.esm.entity.Order)
          - CollectionAttributeFetchImpl(collection=com.epam.esm.entity.Order.orderCertificates, querySpaceUid=<gen:1>, path=com.epam.esm.entity.Order.orderCertificates)
             - (collection element) CollectionFetchableElementEntityGraph(entity=com.epam.esm.entity.OrderCertificate, querySpaceUid=<gen:2>, path=com.epam.esm.entity.Order.orderCertificates.<elements>)
          - EntityAttributeFetchImpl(entity=com.epam.esm.entity.User, querySpaceUid=<gen:3>, path=com.epam.esm.entity.Order.user)
             - EntityAttributeFetchImpl(entity=com.epam.esm.entity.Role, querySpaceUid=<gen:4>, path=com.epam.esm.entity.Order.user.role)
    - QuerySpaces
       - EntityQuerySpaceImpl(uid=<gen:0>, entity=com.epam.esm.entity.Order)
          - SQL table alias mapping - order0_
          - alias suffix - 0_
          - suffixed key columns - {id1_0_0_}
          - JOIN (JoinDefinedByMetadata(user)) : <gen:0> -> <gen:3>
             - EntityQuerySpaceImpl(uid=<gen:3>, entity=com.epam.esm.entity.User)
                - SQL table alias mapping - user1_
                - alias suffix - 1_
                - suffixed key columns - {id1_2_1_}
                - JOIN (JoinDefinedByMetadata(role)) : <gen:3> -> <gen:4>
                   - EntityQuerySpaceImpl(uid=<gen:4>, entity=com.epam.esm.entity.Role)
                      - SQL table alias mapping - role2_
                      - alias suffix - 2_
                      - suffixed key columns - {id1_1_2_}

17:03:29.419 [Test worker] DEBUG org.hibernate.loader.entity.plan.EntityLoader - Static select for entity com.epam.esm.entity.Order [READ]: select order0_.id as id1_0_0_, order0_.active_status as active_s2_0_0_, order0_.created_at as created_3_0_0_, order0_.user_id as user_id4_0_0_, user1_.id as id1_2_1_, user1_.email as email2_2_1_, user1_.password as password3_2_1_, user1_.refresh_token as refresh_4_2_1_, user1_.role_id as role_id5_2_1_, role2_.id as id1_1_2_, role2_.value as value2_1_2_ from application_order order0_ left outer join application_user user1_ on order0_.user_id=user1_.id left outer join application_role role2_ on user1_.role_id=role2_.id where order0_.id=?
17:03:29.419 [Test worker] DEBUG org.hibernate.loader.Loader - Static select for action ACTION_MERGE on entity com.epam.esm.entity.Order: select order0_.id as id1_0_0_, order0_.active_status as active_s2_0_0_, order0_.created_at as created_3_0_0_, order0_.user_id as user_id4_0_0_ from application_order order0_ where order0_.id=?
17:03:29.419 [Test worker] DEBUG org.hibernate.loader.Loader - Static select for action ACTION_REFRESH on entity com.epam.esm.entity.Order: select order0_.id as id1_0_0_, order0_.active_status as active_s2_0_0_, order0_.created_at as created_3_0_0_, order0_.user_id as user_id4_0_0_ from application_order order0_ where order0_.id=?
17:03:29.419 [Test worker] DEBUG org.hibernate.persister.entity.AbstractEntityPersister - Static SQL for entity: com.epam.esm.entity.GiftCertificate
17:03:29.419 [Test worker] DEBUG org.hibernate.persister.entity.AbstractEntityPersister -  Version select: select id from certificate where id =?
17:03:29.420 [Test worker] DEBUG org.hibernate.persister.entity.AbstractEntityPersister -  Snapshot select: select giftcertif_.id, giftcertif_.active_status as active_s2_3_, giftcertif_.creation_date as creation3_3_, giftcertif_.description as descript4_3_, giftcertif_.expiration_date as expirati5_3_, giftcertif_.modification_date as modifica6_3_, giftcertif_.name as name7_3_, giftcertif_.price as price8_3_ from certificate giftcertif_ where giftcertif_.id=?
17:03:29.420 [Test worker] DEBUG org.hibernate.persister.entity.AbstractEntityPersister -  Insert 0: insert into certificate (active_status, creation_date, description, expiration_date, modification_date, name, price, id) values (?, ?, ?, ?, ?, ?, ?, ?)
17:03:29.420 [Test worker] DEBUG org.hibernate.persister.entity.AbstractEntityPersister -  Update 0: update certificate set active_status=?, creation_date=?, description=?, expiration_date=?, modification_date=?, name=?, price=? where id=?
17:03:29.420 [Test worker] DEBUG org.hibernate.persister.entity.AbstractEntityPersister -  Delete 0: delete from certificate where id=?
17:03:29.420 [Test worker] DEBUG org.hibernate.persister.entity.AbstractEntityPersister -  Identity insert: insert into certificate (id, active_status, creation_date, description, expiration_date, modification_date, name, price) values (null, ?, ?, ?, ?, ?, ?, ?)
17:03:29.420 [Test worker] DEBUG org.hibernate.loader.plan.build.internal.spaces.QuerySpacesImpl - Adding QuerySpace : uid = <gen:0> -> org.hibernate.loader.plan.build.internal.spaces.EntityQuerySpaceImpl@54c07b25]
17:03:29.420 [Test worker] DEBUG org.hibernate.persister.walking.spi.MetamodelGraphWalker - Visiting attribute path : activeStatus
17:03:29.420 [Test worker] DEBUG org.hibernate.persister.walking.spi.MetamodelGraphWalker - Visiting attribute path : creationDate
17:03:29.420 [Test worker] DEBUG org.hibernate.persister.walking.spi.MetamodelGraphWalker - Visiting attribute path : description
17:03:29.420 [Test worker] DEBUG org.hibernate.persister.walking.spi.MetamodelGraphWalker - Visiting attribute path : expirationDate
17:03:29.420 [Test worker] DEBUG org.hibernate.persister.walking.spi.MetamodelGraphWalker - Visiting attribute path : modificationDate
17:03:29.420 [Test worker] DEBUG org.hibernate.persister.walking.spi.MetamodelGraphWalker - Visiting attribute path : name
17:03:29.420 [Test worker] DEBUG org.hibernate.persister.walking.spi.MetamodelGraphWalker - Visiting attribute path : orderCertificates
17:03:29.420 [Test worker] DEBUG org.hibernate.loader.plan.build.internal.spaces.QuerySpacesImpl - Adding QuerySpace : uid = <gen:1> -> org.hibernate.loader.plan.build.internal.spaces.CollectionQuerySpaceImpl@700115fd]
17:03:29.420 [Test worker] DEBUG org.hibernate.loader.plan.build.internal.spaces.QuerySpacesImpl - Adding QuerySpace : uid = <gen:2> -> org.hibernate.loader.plan.build.internal.spaces.EntityQuerySpaceImpl@72cfdc85]
17:03:29.420 [Test worker] DEBUG org.hibernate.persister.walking.spi.MetamodelGraphWalker - Visiting attribute path : price
17:03:29.420 [Test worker] DEBUG org.hibernate.persister.walking.spi.MetamodelGraphWalker - Visiting attribute path : tags
17:03:29.420 [Test worker] DEBUG org.hibernate.loader.plan.build.internal.spaces.QuerySpacesImpl - Adding QuerySpace : uid = <gen:3> -> org.hibernate.loader.plan.build.internal.spaces.CollectionQuerySpaceImpl@258188aa]
17:03:29.421 [Test worker] DEBUG org.hibernate.loader.plan.build.internal.spaces.QuerySpacesImpl - Adding QuerySpace : uid = <gen:4> -> org.hibernate.loader.plan.build.internal.spaces.EntityQuerySpaceImpl@17fa27e5]
17:03:29.421 [Test worker] DEBUG org.hibernate.loader.plan.build.internal.FetchStyleLoadPlanBuildingAssociationVisitationStrategy - Building LoadPlan...
17:03:29.421 [Test worker] DEBUG org.hibernate.loader.plan.exec.internal.LoadQueryJoinAndFetchProcessor - processing queryspace <gen:0>
17:03:29.421 [Test worker] DEBUG org.hibernate.loader.plan.build.spi.LoadPlanTreePrinter - LoadPlan(entity=com.epam.esm.entity.GiftCertificate)
    - Returns
       - EntityReturnImpl(entity=com.epam.esm.entity.GiftCertificate, querySpaceUid=<gen:0>, path=com.epam.esm.entity.GiftCertificate)
          - CollectionAttributeFetchImpl(collection=com.epam.esm.entity.GiftCertificate.orderCertificates, querySpaceUid=<gen:1>, path=com.epam.esm.entity.GiftCertificate.orderCertificates)
             - (collection element) CollectionFetchableElementEntityGraph(entity=com.epam.esm.entity.OrderCertificate, querySpaceUid=<gen:2>, path=com.epam.esm.entity.GiftCertificate.orderCertificates.<elements>)
          - CollectionAttributeFetchImpl(collection=com.epam.esm.entity.GiftCertificate.tags, querySpaceUid=<gen:3>, path=com.epam.esm.entity.GiftCertificate.tags)
             - (collection element) CollectionFetchableElementEntityGraph(entity=com.epam.esm.entity.Tag, querySpaceUid=<gen:4>, path=com.epam.esm.entity.GiftCertificate.tags.<elements>)
    - QuerySpaces
       - EntityQuerySpaceImpl(uid=<gen:0>, entity=com.epam.esm.entity.GiftCertificate)
          - SQL table alias mapping - giftcertif0_
          - alias suffix - 0_
          - suffixed key columns - {id1_3_0_}

17:03:29.421 [Test worker] DEBUG org.hibernate.loader.entity.plan.EntityLoader - Static select for entity com.epam.esm.entity.GiftCertificate [NONE]: select giftcertif0_.id as id1_3_0_, giftcertif0_.active_status as active_s2_3_0_, giftcertif0_.creation_date as creation3_3_0_, giftcertif0_.description as descript4_3_0_, giftcertif0_.expiration_date as expirati5_3_0_, giftcertif0_.modification_date as modifica6_3_0_, giftcertif0_.name as name7_3_0_, giftcertif0_.price as price8_3_0_ from certificate giftcertif0_ where giftcertif0_.id=?
17:03:29.421 [Test worker] DEBUG org.hibernate.loader.plan.build.internal.spaces.QuerySpacesImpl - Adding QuerySpace : uid = <gen:0> -> org.hibernate.loader.plan.build.internal.spaces.EntityQuerySpaceImpl@6f2c661a]
17:03:29.421 [Test worker] DEBUG org.hibernate.persister.walking.spi.MetamodelGraphWalker - Visiting attribute path : activeStatus
17:03:29.422 [Test worker] DEBUG org.hibernate.persister.walking.spi.MetamodelGraphWalker - Visiting attribute path : creationDate
17:03:29.422 [Test worker] DEBUG org.hibernate.persister.walking.spi.MetamodelGraphWalker - Visiting attribute path : description
17:03:29.422 [Test worker] DEBUG org.hibernate.persister.walking.spi.MetamodelGraphWalker - Visiting attribute path : expirationDate
17:03:29.422 [Test worker] DEBUG org.hibernate.persister.walking.spi.MetamodelGraphWalker - Visiting attribute path : modificationDate
17:03:29.422 [Test worker] DEBUG org.hibernate.persister.walking.spi.MetamodelGraphWalker - Visiting attribute path : name
17:03:29.422 [Test worker] DEBUG org.hibernate.persister.walking.spi.MetamodelGraphWalker - Visiting attribute path : orderCertificates
17:03:29.422 [Test worker] DEBUG org.hibernate.loader.plan.build.internal.spaces.QuerySpacesImpl - Adding QuerySpace : uid = <gen:1> -> org.hibernate.loader.plan.build.internal.spaces.CollectionQuerySpaceImpl@4ae6b48d]
17:03:29.422 [Test worker] DEBUG org.hibernate.loader.plan.build.internal.spaces.QuerySpacesImpl - Adding QuerySpace : uid = <gen:2> -> org.hibernate.loader.plan.build.internal.spaces.EntityQuerySpaceImpl@c65673b]
17:03:29.422 [Test worker] DEBUG org.hibernate.persister.walking.spi.MetamodelGraphWalker - Visiting attribute path : price
17:03:29.422 [Test worker] DEBUG org.hibernate.persister.walking.spi.MetamodelGraphWalker - Visiting attribute path : tags
17:03:29.422 [Test worker] DEBUG org.hibernate.loader.plan.build.internal.spaces.QuerySpacesImpl - Adding QuerySpace : uid = <gen:3> -> org.hibernate.loader.plan.build.internal.spaces.CollectionQuerySpaceImpl@f5dc1b]
17:03:29.422 [Test worker] DEBUG org.hibernate.loader.plan.build.internal.spaces.QuerySpacesImpl - Adding QuerySpace : uid = <gen:4> -> org.hibernate.loader.plan.build.internal.spaces.EntityQuerySpaceImpl@3e64a75f]
17:03:29.422 [Test worker] DEBUG org.hibernate.loader.plan.build.internal.FetchStyleLoadPlanBuildingAssociationVisitationStrategy - Building LoadPlan...
17:03:29.422 [Test worker] DEBUG org.hibernate.loader.plan.exec.internal.LoadQueryJoinAndFetchProcessor - processing queryspace <gen:0>
17:03:29.423 [Test worker] DEBUG org.hibernate.loader.plan.build.spi.LoadPlanTreePrinter - LoadPlan(entity=com.epam.esm.entity.GiftCertificate)
    - Returns
       - EntityReturnImpl(entity=com.epam.esm.entity.GiftCertificate, querySpaceUid=<gen:0>, path=com.epam.esm.entity.GiftCertificate)
          - CollectionAttributeFetchImpl(collection=com.epam.esm.entity.GiftCertificate.orderCertificates, querySpaceUid=<gen:1>, path=com.epam.esm.entity.GiftCertificate.orderCertificates)
             - (collection element) CollectionFetchableElementEntityGraph(entity=com.epam.esm.entity.OrderCertificate, querySpaceUid=<gen:2>, path=com.epam.esm.entity.GiftCertificate.orderCertificates.<elements>)
          - CollectionAttributeFetchImpl(collection=com.epam.esm.entity.GiftCertificate.tags, querySpaceUid=<gen:3>, path=com.epam.esm.entity.GiftCertificate.tags)
             - (collection element) CollectionFetchableElementEntityGraph(entity=com.epam.esm.entity.Tag, querySpaceUid=<gen:4>, path=com.epam.esm.entity.GiftCertificate.tags.<elements>)
    - QuerySpaces
       - EntityQuerySpaceImpl(uid=<gen:0>, entity=com.epam.esm.entity.GiftCertificate)
          - SQL table alias mapping - giftcertif0_
          - alias suffix - 0_
          - suffixed key columns - {id1_3_0_}

17:03:29.423 [Test worker] DEBUG org.hibernate.loader.entity.plan.EntityLoader - Static select for entity com.epam.esm.entity.GiftCertificate [READ]: select giftcertif0_.id as id1_3_0_, giftcertif0_.active_status as active_s2_3_0_, giftcertif0_.creation_date as creation3_3_0_, giftcertif0_.description as descript4_3_0_, giftcertif0_.expiration_date as expirati5_3_0_, giftcertif0_.modification_date as modifica6_3_0_, giftcertif0_.name as name7_3_0_, giftcertif0_.price as price8_3_0_ from certificate giftcertif0_ where giftcertif0_.id=?
17:03:29.423 [Test worker] DEBUG org.hibernate.loader.Loader - Static select for action ACTION_MERGE on entity com.epam.esm.entity.GiftCertificate: select giftcertif0_.id as id1_3_2_, giftcertif0_.active_status as active_s2_3_2_, giftcertif0_.creation_date as creation3_3_2_, giftcertif0_.description as descript4_3_2_, giftcertif0_.expiration_date as expirati5_3_2_, giftcertif0_.modification_date as modifica6_3_2_, giftcertif0_.name as name7_3_2_, giftcertif0_.price as price8_3_2_, ordercerti1_.certificate_id as certific4_6_4_, ordercerti1_.id as id1_6_4_, ordercerti1_.id as id1_6_0_, ordercerti1_.certificate_id as certific4_6_0_, ordercerti1_.expiration_date as expirati2_6_0_, ordercerti1_.fixed_price as fixed_pr3_6_0_, ordercerti1_.order_id as order_id5_6_0_, order2_.id as id1_0_1_, order2_.active_status as active_s2_0_1_, order2_.created_at as created_3_0_1_, order2_.user_id as user_id4_0_1_ from certificate giftcertif0_ left outer join order_certificate ordercerti1_ on giftcertif0_.id=ordercerti1_.certificate_id left outer join application_order order2_ on ordercerti1_.order_id=order2_.id where giftcertif0_.id=?
17:03:29.424 [Test worker] DEBUG org.hibernate.loader.Loader - Static select for action ACTION_REFRESH on entity com.epam.esm.entity.GiftCertificate: select giftcertif0_.id as id1_3_2_, giftcertif0_.active_status as active_s2_3_2_, giftcertif0_.creation_date as creation3_3_2_, giftcertif0_.description as descript4_3_2_, giftcertif0_.expiration_date as expirati5_3_2_, giftcertif0_.modification_date as modifica6_3_2_, giftcertif0_.name as name7_3_2_, giftcertif0_.price as price8_3_2_, ordercerti1_.certificate_id as certific4_6_4_, ordercerti1_.id as id1_6_4_, ordercerti1_.id as id1_6_0_, ordercerti1_.certificate_id as certific4_6_0_, ordercerti1_.expiration_date as expirati2_6_0_, ordercerti1_.fixed_price as fixed_pr3_6_0_, ordercerti1_.order_id as order_id5_6_0_, order2_.id as id1_0_1_, order2_.active_status as active_s2_0_1_, order2_.created_at as created_3_0_1_, order2_.user_id as user_id4_0_1_ from certificate giftcertif0_ left outer join order_certificate ordercerti1_ on giftcertif0_.id=ordercerti1_.certificate_id left outer join application_order order2_ on ordercerti1_.order_id=order2_.id where giftcertif0_.id=?
17:03:29.424 [Test worker] DEBUG org.hibernate.persister.entity.AbstractEntityPersister - Static SQL for entity: com.epam.esm.entity.User
17:03:29.424 [Test worker] DEBUG org.hibernate.persister.entity.AbstractEntityPersister -  Version select: select id from application_user where id =?
17:03:29.424 [Test worker] DEBUG org.hibernate.persister.entity.AbstractEntityPersister -  Snapshot select: select user_.id, user_.email as email2_2_, user_.password as password3_2_, user_.refresh_token as refresh_4_2_, user_.role_id as role_id5_2_ from application_user user_ where user_.id=?
17:03:29.424 [Test worker] DEBUG org.hibernate.persister.entity.AbstractEntityPersister -  Insert 0: insert into application_user (email, password, refresh_token, role_id, id) values (?, ?, ?, ?, ?)
17:03:29.424 [Test worker] DEBUG org.hibernate.persister.entity.AbstractEntityPersister -  Update 0: update application_user set email=?, password=?, refresh_token=?, role_id=? where id=?
17:03:29.425 [Test worker] DEBUG org.hibernate.persister.entity.AbstractEntityPersister -  Delete 0: delete from application_user where id=?
17:03:29.425 [Test worker] DEBUG org.hibernate.persister.entity.AbstractEntityPersister -  Identity insert: insert into application_user (id, email, password, refresh_token, role_id) values (null, ?, ?, ?, ?)
17:03:29.425 [Test worker] DEBUG org.hibernate.loader.plan.build.internal.spaces.QuerySpacesImpl - Adding QuerySpace : uid = <gen:0> -> org.hibernate.loader.plan.build.internal.spaces.EntityQuerySpaceImpl@41d93ec2]
17:03:29.425 [Test worker] DEBUG org.hibernate.persister.walking.spi.MetamodelGraphWalker - Visiting attribute path : email
17:03:29.425 [Test worker] DEBUG org.hibernate.persister.walking.spi.MetamodelGraphWalker - Visiting attribute path : orders
17:03:29.425 [Test worker] DEBUG org.hibernate.loader.plan.build.internal.spaces.QuerySpacesImpl - Adding QuerySpace : uid = <gen:1> -> org.hibernate.loader.plan.build.internal.spaces.CollectionQuerySpaceImpl@4899d8a6]
17:03:29.425 [Test worker] DEBUG org.hibernate.loader.plan.build.internal.spaces.QuerySpacesImpl - Adding QuerySpace : uid = <gen:2> -> org.hibernate.loader.plan.build.internal.spaces.EntityQuerySpaceImpl@53dcc0b5]
17:03:29.425 [Test worker] DEBUG org.hibernate.persister.walking.spi.MetamodelGraphWalker - Visiting attribute path : password
17:03:29.425 [Test worker] DEBUG org.hibernate.persister.walking.spi.MetamodelGraphWalker - Visiting attribute path : refreshToken
17:03:29.425 [Test worker] DEBUG org.hibernate.persister.walking.spi.MetamodelGraphWalker - Visiting attribute path : role
17:03:29.425 [Test worker] DEBUG org.hibernate.loader.plan.build.internal.spaces.QuerySpacesImpl - Adding QuerySpace : uid = <gen:3> -> org.hibernate.loader.plan.build.internal.spaces.EntityQuerySpaceImpl@5bfbdb22]
17:03:29.425 [Test worker] DEBUG org.hibernate.persister.walking.spi.MetamodelGraphWalker - Visiting attribute path : role.value
17:03:29.425 [Test worker] DEBUG org.hibernate.loader.plan.build.internal.FetchStyleLoadPlanBuildingAssociationVisitationStrategy - Building LoadPlan...
17:03:29.426 [Test worker] DEBUG org.hibernate.loader.plan.exec.internal.LoadQueryJoinAndFetchProcessor - processing queryspace <gen:0>
17:03:29.426 [Test worker] DEBUG org.hibernate.loader.plan.build.spi.LoadPlanTreePrinter - LoadPlan(entity=com.epam.esm.entity.User)
    - Returns
       - EntityReturnImpl(entity=com.epam.esm.entity.User, querySpaceUid=<gen:0>, path=com.epam.esm.entity.User)
          - CollectionAttributeFetchImpl(collection=com.epam.esm.entity.User.orders, querySpaceUid=<gen:1>, path=com.epam.esm.entity.User.orders)
             - (collection element) CollectionFetchableElementEntityGraph(entity=com.epam.esm.entity.Order, querySpaceUid=<gen:2>, path=com.epam.esm.entity.User.orders.<elements>)
          - EntityAttributeFetchImpl(entity=com.epam.esm.entity.Role, querySpaceUid=<gen:3>, path=com.epam.esm.entity.User.role)
    - QuerySpaces
       - EntityQuerySpaceImpl(uid=<gen:0>, entity=com.epam.esm.entity.User)
          - SQL table alias mapping - user0_
          - alias suffix - 0_
          - suffixed key columns - {id1_2_0_}
          - JOIN (JoinDefinedByMetadata(role)) : <gen:0> -> <gen:3>
             - EntityQuerySpaceImpl(uid=<gen:3>, entity=com.epam.esm.entity.Role)
                - SQL table alias mapping - role1_
                - alias suffix - 1_
                - suffixed key columns - {id1_1_1_}

17:03:29.426 [Test worker] DEBUG org.hibernate.loader.entity.plan.EntityLoader - Static select for entity com.epam.esm.entity.User [NONE]: select user0_.id as id1_2_0_, user0_.email as email2_2_0_, user0_.password as password3_2_0_, user0_.refresh_token as refresh_4_2_0_, user0_.role_id as role_id5_2_0_, role1_.id as id1_1_1_, role1_.value as value2_1_1_ from application_user user0_ left outer join application_role role1_ on user0_.role_id=role1_.id where user0_.id=?
17:03:29.426 [Test worker] DEBUG org.hibernate.loader.plan.build.internal.spaces.QuerySpacesImpl - Adding QuerySpace : uid = <gen:0> -> org.hibernate.loader.plan.build.internal.spaces.EntityQuerySpaceImpl@2dd84533]
17:03:29.426 [Test worker] DEBUG org.hibernate.persister.walking.spi.MetamodelGraphWalker - Visiting attribute path : email
17:03:29.426 [Test worker] DEBUG org.hibernate.persister.walking.spi.MetamodelGraphWalker - Visiting attribute path : orders
17:03:29.427 [Test worker] DEBUG org.hibernate.loader.plan.build.internal.spaces.QuerySpacesImpl - Adding QuerySpace : uid = <gen:1> -> org.hibernate.loader.plan.build.internal.spaces.CollectionQuerySpaceImpl@1d131bba]
17:03:29.427 [Test worker] DEBUG org.hibernate.loader.plan.build.internal.spaces.QuerySpacesImpl - Adding QuerySpace : uid = <gen:2> -> org.hibernate.loader.plan.build.internal.spaces.EntityQuerySpaceImpl@210d2699]
17:03:29.427 [Test worker] DEBUG org.hibernate.persister.walking.spi.MetamodelGraphWalker - Visiting attribute path : password
17:03:29.427 [Test worker] DEBUG org.hibernate.persister.walking.spi.MetamodelGraphWalker - Visiting attribute path : refreshToken
17:03:29.427 [Test worker] DEBUG org.hibernate.persister.walking.spi.MetamodelGraphWalker - Visiting attribute path : role
17:03:29.427 [Test worker] DEBUG org.hibernate.loader.plan.build.internal.spaces.QuerySpacesImpl - Adding QuerySpace : uid = <gen:3> -> org.hibernate.loader.plan.build.internal.spaces.EntityQuerySpaceImpl@4e930e56]
17:03:29.427 [Test worker] DEBUG org.hibernate.persister.walking.spi.MetamodelGraphWalker - Visiting attribute path : role.value
17:03:29.427 [Test worker] DEBUG org.hibernate.loader.plan.build.internal.FetchStyleLoadPlanBuildingAssociationVisitationStrategy - Building LoadPlan...
17:03:29.427 [Test worker] DEBUG org.hibernate.loader.plan.exec.internal.LoadQueryJoinAndFetchProcessor - processing queryspace <gen:0>
17:03:29.428 [Test worker] DEBUG org.hibernate.loader.plan.build.spi.LoadPlanTreePrinter - LoadPlan(entity=com.epam.esm.entity.User)
    - Returns
       - EntityReturnImpl(entity=com.epam.esm.entity.User, querySpaceUid=<gen:0>, path=com.epam.esm.entity.User)
          - CollectionAttributeFetchImpl(collection=com.epam.esm.entity.User.orders, querySpaceUid=<gen:1>, path=com.epam.esm.entity.User.orders)
             - (collection element) CollectionFetchableElementEntityGraph(entity=com.epam.esm.entity.Order, querySpaceUid=<gen:2>, path=com.epam.esm.entity.User.orders.<elements>)
          - EntityAttributeFetchImpl(entity=com.epam.esm.entity.Role, querySpaceUid=<gen:3>, path=com.epam.esm.entity.User.role)
    - QuerySpaces
       - EntityQuerySpaceImpl(uid=<gen:0>, entity=com.epam.esm.entity.User)
          - SQL table alias mapping - user0_
          - alias suffix - 0_
          - suffixed key columns - {id1_2_0_}
          - JOIN (JoinDefinedByMetadata(role)) : <gen:0> -> <gen:3>
             - EntityQuerySpaceImpl(uid=<gen:3>, entity=com.epam.esm.entity.Role)
                - SQL table alias mapping - role1_
                - alias suffix - 1_
                - suffixed key columns - {id1_1_1_}

17:03:29.428 [Test worker] DEBUG org.hibernate.loader.entity.plan.EntityLoader - Static select for entity com.epam.esm.entity.User [READ]: select user0_.id as id1_2_0_, user0_.email as email2_2_0_, user0_.password as password3_2_0_, user0_.refresh_token as refresh_4_2_0_, user0_.role_id as role_id5_2_0_, role1_.id as id1_1_1_, role1_.value as value2_1_1_ from application_user user0_ left outer join application_role role1_ on user0_.role_id=role1_.id where user0_.id=?
17:03:29.429 [Test worker] DEBUG org.hibernate.loader.Loader - Static select for action ACTION_MERGE on entity com.epam.esm.entity.User: select user0_.id as id1_2_0_, user0_.email as email2_2_0_, user0_.password as password3_2_0_, user0_.refresh_token as refresh_4_2_0_, user0_.role_id as role_id5_2_0_ from application_user user0_ where user0_.id=?
17:03:29.429 [Test worker] DEBUG org.hibernate.loader.Loader - Static select for action ACTION_REFRESH on entity com.epam.esm.entity.User: select user0_.id as id1_2_0_, user0_.email as email2_2_0_, user0_.password as password3_2_0_, user0_.refresh_token as refresh_4_2_0_, user0_.role_id as role_id5_2_0_ from application_user user0_ where user0_.id=?
17:03:29.429 [Test worker] DEBUG org.hibernate.persister.entity.AbstractEntityPersister - Static SQL for entity: com.epam.esm.entity.Entity
17:03:29.429 [Test worker] DEBUG org.hibernate.persister.entity.AbstractEntityPersister -  Version select: select id from entity where id =?
17:03:29.429 [Test worker] DEBUG org.hibernate.persister.entity.AbstractEntityPersister -  Snapshot select: select entity_.id from entity entity_ where entity_.id=?
17:03:29.429 [Test worker] DEBUG org.hibernate.persister.entity.AbstractEntityPersister -  Insert 0: insert into entity (id) values (?)
17:03:29.430 [Test worker] DEBUG org.hibernate.persister.entity.AbstractEntityPersister -  Update 0: null
17:03:29.430 [Test worker] DEBUG org.hibernate.persister.entity.AbstractEntityPersister -  Delete 0: delete from entity where id=?
17:03:29.430 [Test worker] DEBUG org.hibernate.persister.entity.AbstractEntityPersister -  Identity insert: insert into entity (id) values (null)
17:03:29.430 [Test worker] DEBUG org.hibernate.loader.plan.build.internal.spaces.QuerySpacesImpl - Adding QuerySpace : uid = <gen:0> -> org.hibernate.loader.plan.build.internal.spaces.EntityQuerySpaceImpl@74597bdb]
17:03:29.430 [Test worker] DEBUG org.hibernate.loader.plan.build.internal.FetchStyleLoadPlanBuildingAssociationVisitationStrategy - Building LoadPlan...
17:03:29.430 [Test worker] DEBUG org.hibernate.loader.plan.exec.internal.LoadQueryJoinAndFetchProcessor - processing queryspace <gen:0>
17:03:29.430 [Test worker] DEBUG org.hibernate.loader.plan.build.spi.LoadPlanTreePrinter - LoadPlan(entity=com.epam.esm.entity.Entity)
    - Returns
       - EntityReturnImpl(entity=com.epam.esm.entity.Entity, querySpaceUid=<gen:0>, path=com.epam.esm.entity.Entity)
    - QuerySpaces
       - EntityQuerySpaceImpl(uid=<gen:0>, entity=com.epam.esm.entity.Entity)
          - SQL table alias mapping - entity0_
          - alias suffix - 0_
          - suffixed key columns - {id1_5_0_}

17:03:29.431 [Test worker] DEBUG org.hibernate.loader.entity.plan.EntityLoader - Static select for entity com.epam.esm.entity.Entity [NONE]: select entity0_.id as id1_5_0_ from entity entity0_ where entity0_.id=?
17:03:29.431 [Test worker] DEBUG org.hibernate.loader.plan.build.internal.spaces.QuerySpacesImpl - Adding QuerySpace : uid = <gen:0> -> org.hibernate.loader.plan.build.internal.spaces.EntityQuerySpaceImpl@6a1ffa4a]
17:03:29.431 [Test worker] DEBUG org.hibernate.loader.plan.build.internal.FetchStyleLoadPlanBuildingAssociationVisitationStrategy - Building LoadPlan...
17:03:29.431 [Test worker] DEBUG org.hibernate.loader.plan.exec.internal.LoadQueryJoinAndFetchProcessor - processing queryspace <gen:0>
17:03:29.431 [Test worker] DEBUG org.hibernate.loader.plan.build.spi.LoadPlanTreePrinter - LoadPlan(entity=com.epam.esm.entity.Entity)
    - Returns
       - EntityReturnImpl(entity=com.epam.esm.entity.Entity, querySpaceUid=<gen:0>, path=com.epam.esm.entity.Entity)
    - QuerySpaces
       - EntityQuerySpaceImpl(uid=<gen:0>, entity=com.epam.esm.entity.Entity)
          - SQL table alias mapping - entity0_
          - alias suffix - 0_
          - suffixed key columns - {id1_5_0_}

17:03:29.431 [Test worker] DEBUG org.hibernate.loader.entity.plan.EntityLoader - Static select for entity com.epam.esm.entity.Entity [READ]: select entity0_.id as id1_5_0_ from entity entity0_ where entity0_.id=?
17:03:29.431 [Test worker] DEBUG org.hibernate.loader.Loader - Static select for action ACTION_MERGE on entity com.epam.esm.entity.Entity: select entity0_.id as id1_5_0_ from entity entity0_ where entity0_.id=?
17:03:29.431 [Test worker] DEBUG org.hibernate.loader.Loader - Static select for action ACTION_REFRESH on entity com.epam.esm.entity.Entity: select entity0_.id as id1_5_0_ from entity entity0_ where entity0_.id=?
17:03:29.432 [Test worker] DEBUG org.hibernate.persister.entity.AbstractEntityPersister - Static SQL for entity: com.epam.esm.entity.Tag
17:03:29.432 [Test worker] DEBUG org.hibernate.persister.entity.AbstractEntityPersister -  Version select: select id from tag where id =?
17:03:29.432 [Test worker] DEBUG org.hibernate.persister.entity.AbstractEntityPersister -  Snapshot select: select tag_.id from tag tag_ where tag_.id=?
17:03:29.432 [Test worker] DEBUG org.hibernate.persister.entity.AbstractEntityPersister -  Insert 0: insert into tag (title, id) values (?, ?)
17:03:29.432 [Test worker] DEBUG org.hibernate.persister.entity.AbstractEntityPersister -  Update 0: null
17:03:29.432 [Test worker] DEBUG org.hibernate.persister.entity.AbstractEntityPersister -  Delete 0: delete from tag where id=?
17:03:29.432 [Test worker] DEBUG org.hibernate.persister.entity.AbstractEntityPersister -  Identity insert: insert into tag (id, title) values (null, ?)
17:03:29.432 [Test worker] DEBUG org.hibernate.loader.plan.build.internal.spaces.QuerySpacesImpl - Adding QuerySpace : uid = <gen:0> -> org.hibernate.loader.plan.build.internal.spaces.EntityQuerySpaceImpl@37d36444]
17:03:29.432 [Test worker] DEBUG org.hibernate.persister.walking.spi.MetamodelGraphWalker - Visiting attribute path : title
17:03:29.432 [Test worker] DEBUG org.hibernate.loader.plan.build.internal.FetchStyleLoadPlanBuildingAssociationVisitationStrategy - Building LoadPlan...
17:03:29.432 [Test worker] DEBUG org.hibernate.loader.plan.exec.internal.LoadQueryJoinAndFetchProcessor - processing queryspace <gen:0>
17:03:29.433 [Test worker] DEBUG org.hibernate.loader.plan.build.spi.LoadPlanTreePrinter - LoadPlan(entity=com.epam.esm.entity.Tag)
    - Returns
       - EntityReturnImpl(entity=com.epam.esm.entity.Tag, querySpaceUid=<gen:0>, path=com.epam.esm.entity.Tag)
    - QuerySpaces
       - EntityQuerySpaceImpl(uid=<gen:0>, entity=com.epam.esm.entity.Tag)
          - SQL table alias mapping - tag0_
          - alias suffix - 0_
          - suffixed key columns - {id1_7_0_}

17:03:29.433 [Test worker] DEBUG org.hibernate.loader.entity.plan.EntityLoader - Static select for entity com.epam.esm.entity.Tag [NONE]: select tag0_.id as id1_7_0_, tag0_.title as title2_7_0_ from tag tag0_ where tag0_.id=?
17:03:29.433 [Test worker] DEBUG org.hibernate.loader.plan.build.internal.spaces.QuerySpacesImpl - Adding QuerySpace : uid = <gen:0> -> org.hibernate.loader.plan.build.internal.spaces.EntityQuerySpaceImpl@5b4baf31]
17:03:29.433 [Test worker] DEBUG org.hibernate.persister.walking.spi.MetamodelGraphWalker - Visiting attribute path : title
17:03:29.433 [Test worker] DEBUG org.hibernate.loader.plan.build.internal.FetchStyleLoadPlanBuildingAssociationVisitationStrategy - Building LoadPlan...
17:03:29.433 [Test worker] DEBUG org.hibernate.loader.plan.exec.internal.LoadQueryJoinAndFetchProcessor - processing queryspace <gen:0>
17:03:29.433 [Test worker] DEBUG org.hibernate.loader.plan.build.spi.LoadPlanTreePrinter - LoadPlan(entity=com.epam.esm.entity.Tag)
    - Returns
       - EntityReturnImpl(entity=com.epam.esm.entity.Tag, querySpaceUid=<gen:0>, path=com.epam.esm.entity.Tag)
    - QuerySpaces
       - EntityQuerySpaceImpl(uid=<gen:0>, entity=com.epam.esm.entity.Tag)
          - SQL table alias mapping - tag0_
          - alias suffix - 0_
          - suffixed key columns - {id1_7_0_}

17:03:29.433 [Test worker] DEBUG org.hibernate.loader.entity.plan.EntityLoader - Static select for entity com.epam.esm.entity.Tag [READ]: select tag0_.id as id1_7_0_, tag0_.title as title2_7_0_ from tag tag0_ where tag0_.id=?
17:03:29.434 [Test worker] DEBUG org.hibernate.loader.Loader - Static select for action ACTION_MERGE on entity com.epam.esm.entity.Tag: select tag0_.id as id1_7_0_, tag0_.title as title2_7_0_ from tag tag0_ where tag0_.id=?
17:03:29.434 [Test worker] DEBUG org.hibernate.loader.Loader - Static select for action ACTION_REFRESH on entity com.epam.esm.entity.Tag: select tag0_.id as id1_7_0_, tag0_.title as title2_7_0_ from tag tag0_ where tag0_.id=?
17:03:29.434 [Test worker] DEBUG org.hibernate.persister.entity.AbstractEntityPersister - Static SQL for entity: com.epam.esm.entity.OrderCertificate
17:03:29.434 [Test worker] DEBUG org.hibernate.persister.entity.AbstractEntityPersister -  Version select: select id from order_certificate where id =?
17:03:29.434 [Test worker] DEBUG org.hibernate.persister.entity.AbstractEntityPersister -  Snapshot select: select ordercerti_.id, ordercerti_.certificate_id as certific4_6_, ordercerti_.expiration_date as expirati2_6_, ordercerti_.fixed_price as fixed_pr3_6_, ordercerti_.order_id as order_id5_6_ from order_certificate ordercerti_ where ordercerti_.id=?
17:03:29.434 [Test worker] DEBUG org.hibernate.persister.entity.AbstractEntityPersister -  Insert 0: insert into order_certificate (certificate_id, expiration_date, fixed_price, order_id, id) values (?, ?, ?, ?, ?)
17:03:29.434 [Test worker] DEBUG org.hibernate.persister.entity.AbstractEntityPersister -  Update 0: update order_certificate set certificate_id=?, expiration_date=?, fixed_price=?, order_id=? where id=?
17:03:29.434 [Test worker] DEBUG org.hibernate.persister.entity.AbstractEntityPersister -  Delete 0: delete from order_certificate where id=?
17:03:29.434 [Test worker] DEBUG org.hibernate.persister.entity.AbstractEntityPersister -  Identity insert: insert into order_certificate (id, certificate_id, expiration_date, fixed_price, order_id) values (null, ?, ?, ?, ?)
17:03:29.435 [Test worker] DEBUG org.hibernate.loader.plan.build.internal.spaces.QuerySpacesImpl - Adding QuerySpace : uid = <gen:0> -> org.hibernate.loader.plan.build.internal.spaces.EntityQuerySpaceImpl@2526bb0f]
17:03:29.435 [Test worker] DEBUG org.hibernate.persister.walking.spi.MetamodelGraphWalker - Visiting attribute path : certificate
17:03:29.435 [Test worker] DEBUG org.hibernate.loader.plan.build.internal.spaces.QuerySpacesImpl - Adding QuerySpace : uid = <gen:1> -> org.hibernate.loader.plan.build.internal.spaces.EntityQuerySpaceImpl@73d976da]
17:03:29.435 [Test worker] DEBUG org.hibernate.persister.walking.spi.MetamodelGraphWalker - Visiting attribute path : expirationDate
17:03:29.435 [Test worker] DEBUG org.hibernate.persister.walking.spi.MetamodelGraphWalker - Visiting attribute path : fixedPrice
17:03:29.435 [Test worker] DEBUG org.hibernate.persister.walking.spi.MetamodelGraphWalker - Visiting attribute path : order
17:03:29.436 [Test worker] DEBUG org.hibernate.loader.plan.build.internal.spaces.QuerySpacesImpl - Adding QuerySpace : uid = <gen:2> -> org.hibernate.loader.plan.build.internal.spaces.EntityQuerySpaceImpl@228ae50e]
17:03:29.436 [Test worker] DEBUG org.hibernate.persister.walking.spi.MetamodelGraphWalker - Visiting attribute path : order.activeStatus
17:03:29.436 [Test worker] DEBUG org.hibernate.persister.walking.spi.MetamodelGraphWalker - Visiting attribute path : order.createdAt
17:03:29.436 [Test worker] DEBUG org.hibernate.persister.walking.spi.MetamodelGraphWalker - Visiting attribute path : order.orderCertificates
17:03:29.436 [Test worker] DEBUG org.hibernate.persister.walking.spi.MetamodelGraphWalker - Property path deemed to be circular : order.orderCertificates
17:03:29.436 [Test worker] DEBUG org.hibernate.persister.walking.spi.MetamodelGraphWalker - Visiting attribute path : order.user
17:03:29.437 [Test worker] DEBUG org.hibernate.loader.plan.build.internal.spaces.QuerySpacesImpl - Adding QuerySpace : uid = <gen:3> -> org.hibernate.loader.plan.build.internal.spaces.EntityQuerySpaceImpl@2cfc39db]
17:03:29.437 [Test worker] DEBUG org.hibernate.persister.walking.spi.MetamodelGraphWalker - Visiting attribute path : order.user.email
17:03:29.437 [Test worker] DEBUG org.hibernate.persister.walking.spi.MetamodelGraphWalker - Visiting attribute path : order.user.orders
17:03:29.437 [Test worker] DEBUG org.hibernate.persister.walking.spi.MetamodelGraphWalker - Property path deemed to be circular : order.user.orders
17:03:29.437 [Test worker] DEBUG org.hibernate.persister.walking.spi.MetamodelGraphWalker - Visiting attribute path : order.user.password
17:03:29.437 [Test worker] DEBUG org.hibernate.persister.walking.spi.MetamodelGraphWalker - Visiting attribute path : order.user.refreshToken
17:03:29.437 [Test worker] DEBUG org.hibernate.persister.walking.spi.MetamodelGraphWalker - Visiting attribute path : order.user.role
17:03:29.437 [Test worker] DEBUG org.hibernate.loader.plan.build.internal.spaces.QuerySpacesImpl - Adding QuerySpace : uid = <gen:4> -> org.hibernate.loader.plan.build.internal.spaces.EntityQuerySpaceImpl@61fcd026]
17:03:29.438 [Test worker] DEBUG org.hibernate.persister.walking.spi.MetamodelGraphWalker - Visiting attribute path : order.user.role.value
17:03:29.438 [Test worker] DEBUG org.hibernate.loader.plan.build.internal.FetchStyleLoadPlanBuildingAssociationVisitationStrategy - Building LoadPlan...
17:03:29.438 [Test worker] DEBUG org.hibernate.loader.plan.exec.internal.LoadQueryJoinAndFetchProcessor - processing queryspace <gen:0>
17:03:29.439 [Test worker] DEBUG org.hibernate.loader.plan.build.spi.LoadPlanTreePrinter - LoadPlan(entity=com.epam.esm.entity.OrderCertificate)
    - Returns
       - EntityReturnImpl(entity=com.epam.esm.entity.OrderCertificate, querySpaceUid=<gen:0>, path=com.epam.esm.entity.OrderCertificate)
          - EntityAttributeFetchImpl(entity=com.epam.esm.entity.GiftCertificate, querySpaceUid=<gen:1>, path=com.epam.esm.entity.OrderCertificate.certificate)
          - EntityAttributeFetchImpl(entity=com.epam.esm.entity.Order, querySpaceUid=<gen:2>, path=com.epam.esm.entity.OrderCertificate.order)
             - EntityAttributeFetchImpl(entity=com.epam.esm.entity.User, querySpaceUid=<gen:3>, path=com.epam.esm.entity.OrderCertificate.order.user)
                - EntityAttributeFetchImpl(entity=com.epam.esm.entity.Role, querySpaceUid=<gen:4>, path=com.epam.esm.entity.OrderCertificate.order.user.role)
    - QuerySpaces
       - EntityQuerySpaceImpl(uid=<gen:0>, entity=com.epam.esm.entity.OrderCertificate)
          - SQL table alias mapping - ordercerti0_
          - alias suffix - 0_
          - suffixed key columns - {id1_6_0_}
          - JOIN (JoinDefinedByMetadata(order)) : <gen:0> -> <gen:2>
             - EntityQuerySpaceImpl(uid=<gen:2>, entity=com.epam.esm.entity.Order)
                - SQL table alias mapping - order1_
                - alias suffix - 1_
                - suffixed key columns - {id1_0_1_}
                - JOIN (JoinDefinedByMetadata(user)) : <gen:2> -> <gen:3>
                   - EntityQuerySpaceImpl(uid=<gen:3>, entity=com.epam.esm.entity.User)
                      - SQL table alias mapping - user2_
                      - alias suffix - 2_
                      - suffixed key columns - {id1_2_2_}
                      - JOIN (JoinDefinedByMetadata(role)) : <gen:3> -> <gen:4>
                         - EntityQuerySpaceImpl(uid=<gen:4>, entity=com.epam.esm.entity.Role)
                            - SQL table alias mapping - role3_
                            - alias suffix - 3_
                            - suffixed key columns - {id1_1_3_}

17:03:29.439 [Test worker] DEBUG org.hibernate.loader.entity.plan.EntityLoader - Static select for entity com.epam.esm.entity.OrderCertificate [NONE]: select ordercerti0_.id as id1_6_0_, ordercerti0_.certificate_id as certific4_6_0_, ordercerti0_.expiration_date as expirati2_6_0_, ordercerti0_.fixed_price as fixed_pr3_6_0_, ordercerti0_.order_id as order_id5_6_0_, order1_.id as id1_0_1_, order1_.active_status as active_s2_0_1_, order1_.created_at as created_3_0_1_, order1_.user_id as user_id4_0_1_, user2_.id as id1_2_2_, user2_.email as email2_2_2_, user2_.password as password3_2_2_, user2_.refresh_token as refresh_4_2_2_, user2_.role_id as role_id5_2_2_, role3_.id as id1_1_3_, role3_.value as value2_1_3_ from order_certificate ordercerti0_ left outer join application_order order1_ on ordercerti0_.order_id=order1_.id left outer join application_user user2_ on order1_.user_id=user2_.id left outer join application_role role3_ on user2_.role_id=role3_.id where ordercerti0_.id=?
17:03:29.439 [Test worker] DEBUG org.hibernate.loader.plan.build.internal.spaces.QuerySpacesImpl - Adding QuerySpace : uid = <gen:0> -> org.hibernate.loader.plan.build.internal.spaces.EntityQuerySpaceImpl@38975559]
17:03:29.439 [Test worker] DEBUG org.hibernate.persister.walking.spi.MetamodelGraphWalker - Visiting attribute path : certificate
17:03:29.439 [Test worker] DEBUG org.hibernate.loader.plan.build.internal.spaces.QuerySpacesImpl - Adding QuerySpace : uid = <gen:1> -> org.hibernate.loader.plan.build.internal.spaces.EntityQuerySpaceImpl@74a466fb]
17:03:29.439 [Test worker] DEBUG org.hibernate.persister.walking.spi.MetamodelGraphWalker - Visiting attribute path : expirationDate
17:03:29.439 [Test worker] DEBUG org.hibernate.persister.walking.spi.MetamodelGraphWalker - Visiting attribute path : fixedPrice
17:03:29.439 [Test worker] DEBUG org.hibernate.persister.walking.spi.MetamodelGraphWalker - Visiting attribute path : order
17:03:29.440 [Test worker] DEBUG org.hibernate.loader.plan.build.internal.spaces.QuerySpacesImpl - Adding QuerySpace : uid = <gen:2> -> org.hibernate.loader.plan.build.internal.spaces.EntityQuerySpaceImpl@45bbbe59]
17:03:29.440 [Test worker] DEBUG org.hibernate.persister.walking.spi.MetamodelGraphWalker - Visiting attribute path : order.activeStatus
17:03:29.440 [Test worker] DEBUG org.hibernate.persister.walking.spi.MetamodelGraphWalker - Visiting attribute path : order.createdAt
17:03:29.440 [Test worker] DEBUG org.hibernate.persister.walking.spi.MetamodelGraphWalker - Visiting attribute path : order.orderCertificates
17:03:29.440 [Test worker] DEBUG org.hibernate.persister.walking.spi.MetamodelGraphWalker - Property path deemed to be circular : order.orderCertificates
17:03:29.440 [Test worker] DEBUG org.hibernate.persister.walking.spi.MetamodelGraphWalker - Visiting attribute path : order.user
17:03:29.440 [Test worker] DEBUG org.hibernate.loader.plan.build.internal.spaces.QuerySpacesImpl - Adding QuerySpace : uid = <gen:3> -> org.hibernate.loader.plan.build.internal.spaces.EntityQuerySpaceImpl@4374af59]
17:03:29.440 [Test worker] DEBUG org.hibernate.persister.walking.spi.MetamodelGraphWalker - Visiting attribute path : order.user.email
17:03:29.440 [Test worker] DEBUG org.hibernate.persister.walking.spi.MetamodelGraphWalker - Visiting attribute path : order.user.orders
17:03:29.440 [Test worker] DEBUG org.hibernate.persister.walking.spi.MetamodelGraphWalker - Property path deemed to be circular : order.user.orders
17:03:29.440 [Test worker] DEBUG org.hibernate.persister.walking.spi.MetamodelGraphWalker - Visiting attribute path : order.user.password
17:03:29.440 [Test worker] DEBUG org.hibernate.persister.walking.spi.MetamodelGraphWalker - Visiting attribute path : order.user.refreshToken
17:03:29.440 [Test worker] DEBUG org.hibernate.persister.walking.spi.MetamodelGraphWalker - Visiting attribute path : order.user.role
17:03:29.441 [Test worker] DEBUG org.hibernate.loader.plan.build.internal.spaces.QuerySpacesImpl - Adding QuerySpace : uid = <gen:4> -> org.hibernate.loader.plan.build.internal.spaces.EntityQuerySpaceImpl@c61b7cb]
17:03:29.441 [Test worker] DEBUG org.hibernate.persister.walking.spi.MetamodelGraphWalker - Visiting attribute path : order.user.role.value
17:03:29.441 [Test worker] DEBUG org.hibernate.loader.plan.build.internal.FetchStyleLoadPlanBuildingAssociationVisitationStrategy - Building LoadPlan...
17:03:29.441 [Test worker] DEBUG org.hibernate.loader.plan.exec.internal.LoadQueryJoinAndFetchProcessor - processing queryspace <gen:0>
17:03:29.442 [Test worker] DEBUG org.hibernate.loader.plan.build.spi.LoadPlanTreePrinter - LoadPlan(entity=com.epam.esm.entity.OrderCertificate)
    - Returns
       - EntityReturnImpl(entity=com.epam.esm.entity.OrderCertificate, querySpaceUid=<gen:0>, path=com.epam.esm.entity.OrderCertificate)
          - EntityAttributeFetchImpl(entity=com.epam.esm.entity.GiftCertificate, querySpaceUid=<gen:1>, path=com.epam.esm.entity.OrderCertificate.certificate)
          - EntityAttributeFetchImpl(entity=com.epam.esm.entity.Order, querySpaceUid=<gen:2>, path=com.epam.esm.entity.OrderCertificate.order)
             - EntityAttributeFetchImpl(entity=com.epam.esm.entity.User, querySpaceUid=<gen:3>, path=com.epam.esm.entity.OrderCertificate.order.user)
                - EntityAttributeFetchImpl(entity=com.epam.esm.entity.Role, querySpaceUid=<gen:4>, path=com.epam.esm.entity.OrderCertificate.order.user.role)
    - QuerySpaces
       - EntityQuerySpaceImpl(uid=<gen:0>, entity=com.epam.esm.entity.OrderCertificate)
          - SQL table alias mapping - ordercerti0_
          - alias suffix - 0_
          - suffixed key columns - {id1_6_0_}
          - JOIN (JoinDefinedByMetadata(order)) : <gen:0> -> <gen:2>
             - EntityQuerySpaceImpl(uid=<gen:2>, entity=com.epam.esm.entity.Order)
                - SQL table alias mapping - order1_
                - alias suffix - 1_
                - suffixed key columns - {id1_0_1_}
                - JOIN (JoinDefinedByMetadata(user)) : <gen:2> -> <gen:3>
                   - EntityQuerySpaceImpl(uid=<gen:3>, entity=com.epam.esm.entity.User)
                      - SQL table alias mapping - user2_
                      - alias suffix - 2_
                      - suffixed key columns - {id1_2_2_}
                      - JOIN (JoinDefinedByMetadata(role)) : <gen:3> -> <gen:4>
                         - EntityQuerySpaceImpl(uid=<gen:4>, entity=com.epam.esm.entity.Role)
                            - SQL table alias mapping - role3_
                            - alias suffix - 3_
                            - suffixed key columns - {id1_1_3_}

17:03:29.442 [Test worker] DEBUG org.hibernate.loader.entity.plan.EntityLoader - Static select for entity com.epam.esm.entity.OrderCertificate [READ]: select ordercerti0_.id as id1_6_0_, ordercerti0_.certificate_id as certific4_6_0_, ordercerti0_.expiration_date as expirati2_6_0_, ordercerti0_.fixed_price as fixed_pr3_6_0_, ordercerti0_.order_id as order_id5_6_0_, order1_.id as id1_0_1_, order1_.active_status as active_s2_0_1_, order1_.created_at as created_3_0_1_, order1_.user_id as user_id4_0_1_, user2_.id as id1_2_2_, user2_.email as email2_2_2_, user2_.password as password3_2_2_, user2_.refresh_token as refresh_4_2_2_, user2_.role_id as role_id5_2_2_, role3_.id as id1_1_3_, role3_.value as value2_1_3_ from order_certificate ordercerti0_ left outer join application_order order1_ on ordercerti0_.order_id=order1_.id left outer join application_user user2_ on order1_.user_id=user2_.id left outer join application_role role3_ on user2_.role_id=role3_.id where ordercerti0_.id=?
17:03:29.443 [Test worker] DEBUG org.hibernate.loader.Loader - Static select for action ACTION_MERGE on entity com.epam.esm.entity.OrderCertificate: select ordercerti0_.id as id1_6_3_, ordercerti0_.certificate_id as certific4_6_3_, ordercerti0_.expiration_date as expirati2_6_3_, ordercerti0_.fixed_price as fixed_pr3_6_3_, ordercerti0_.order_id as order_id5_6_3_, giftcertif1_.id as id1_3_0_, giftcertif1_.active_status as active_s2_3_0_, giftcertif1_.creation_date as creation3_3_0_, giftcertif1_.description as descript4_3_0_, giftcertif1_.expiration_date as expirati5_3_0_, giftcertif1_.modification_date as modifica6_3_0_, giftcertif1_.name as name7_3_0_, giftcertif1_.price as price8_3_0_, tags2_.certificate_id as certific1_4_5_, tag3_.id as tag_id2_4_5_, tag3_.id as id1_7_1_, tag3_.title as title2_7_1_, order4_.id as id1_0_2_, order4_.active_status as active_s2_0_2_, order4_.created_at as created_3_0_2_, order4_.user_id as user_id4_0_2_ from order_certificate ordercerti0_ left outer join certificate giftcertif1_ on ordercerti0_.certificate_id=giftcertif1_.id left outer join certificate_tag tags2_ on giftcertif1_.id=tags2_.certificate_id left outer join tag tag3_ on tags2_.tag_id=tag3_.id left outer join application_order order4_ on ordercerti0_.order_id=order4_.id where ordercerti0_.id=?
17:03:29.443 [Test worker] DEBUG org.hibernate.loader.Loader - Static select for action ACTION_REFRESH on entity com.epam.esm.entity.OrderCertificate: select ordercerti0_.id as id1_6_2_, ordercerti0_.certificate_id as certific4_6_2_, ordercerti0_.expiration_date as expirati2_6_2_, ordercerti0_.fixed_price as fixed_pr3_6_2_, ordercerti0_.order_id as order_id5_6_2_, giftcertif1_.id as id1_3_0_, giftcertif1_.active_status as active_s2_3_0_, giftcertif1_.creation_date as creation3_3_0_, giftcertif1_.description as descript4_3_0_, giftcertif1_.expiration_date as expirati5_3_0_, giftcertif1_.modification_date as modifica6_3_0_, giftcertif1_.name as name7_3_0_, giftcertif1_.price as price8_3_0_, order2_.id as id1_0_1_, order2_.active_status as active_s2_0_1_, order2_.created_at as created_3_0_1_, order2_.user_id as user_id4_0_1_ from order_certificate ordercerti0_ left outer join certificate giftcertif1_ on ordercerti0_.certificate_id=giftcertif1_.id left outer join application_order order2_ on ordercerti0_.order_id=order2_.id where ordercerti0_.id=?
17:03:29.443 [Test worker] DEBUG org.hibernate.persister.entity.AbstractEntityPersister - Static SQL for entity: com.epam.esm.entity.Role
17:03:29.443 [Test worker] DEBUG org.hibernate.persister.entity.AbstractEntityPersister -  Version select: select id from application_role where id =?
17:03:29.443 [Test worker] DEBUG org.hibernate.persister.entity.AbstractEntityPersister -  Snapshot select: select role_.id, role_.value as value2_1_ from application_role role_ where role_.id=?
17:03:29.443 [Test worker] DEBUG org.hibernate.persister.entity.AbstractEntityPersister -  Insert 0: insert into application_role (value, id) values (?, ?)
17:03:29.443 [Test worker] DEBUG org.hibernate.persister.entity.AbstractEntityPersister -  Update 0: update application_role set value=? where id=?
17:03:29.443 [Test worker] DEBUG org.hibernate.persister.entity.AbstractEntityPersister -  Delete 0: delete from application_role where id=?
17:03:29.443 [Test worker] DEBUG org.hibernate.persister.entity.AbstractEntityPersister -  Identity insert: insert into application_role (id, value) values (null, ?)
17:03:29.444 [Test worker] DEBUG org.hibernate.loader.plan.build.internal.spaces.QuerySpacesImpl - Adding QuerySpace : uid = <gen:0> -> org.hibernate.loader.plan.build.internal.spaces.EntityQuerySpaceImpl@d5ba173]
17:03:29.444 [Test worker] DEBUG org.hibernate.persister.walking.spi.MetamodelGraphWalker - Visiting attribute path : value
17:03:29.444 [Test worker] DEBUG org.hibernate.loader.plan.build.internal.FetchStyleLoadPlanBuildingAssociationVisitationStrategy - Building LoadPlan...
17:03:29.444 [Test worker] DEBUG org.hibernate.loader.plan.exec.internal.LoadQueryJoinAndFetchProcessor - processing queryspace <gen:0>
17:03:29.444 [Test worker] DEBUG org.hibernate.loader.plan.build.spi.LoadPlanTreePrinter - LoadPlan(entity=com.epam.esm.entity.Role)
    - Returns
       - EntityReturnImpl(entity=com.epam.esm.entity.Role, querySpaceUid=<gen:0>, path=com.epam.esm.entity.Role)
    - QuerySpaces
       - EntityQuerySpaceImpl(uid=<gen:0>, entity=com.epam.esm.entity.Role)
          - SQL table alias mapping - role0_
          - alias suffix - 0_
          - suffixed key columns - {id1_1_0_}

17:03:29.444 [Test worker] DEBUG org.hibernate.loader.entity.plan.EntityLoader - Static select for entity com.epam.esm.entity.Role [NONE]: select role0_.id as id1_1_0_, role0_.value as value2_1_0_ from application_role role0_ where role0_.id=?
17:03:29.444 [Test worker] DEBUG org.hibernate.loader.plan.build.internal.spaces.QuerySpacesImpl - Adding QuerySpace : uid = <gen:0> -> org.hibernate.loader.plan.build.internal.spaces.EntityQuerySpaceImpl@1cf6fa21]
17:03:29.445 [Test worker] DEBUG org.hibernate.persister.walking.spi.MetamodelGraphWalker - Visiting attribute path : value
17:03:29.445 [Test worker] DEBUG org.hibernate.loader.plan.build.internal.FetchStyleLoadPlanBuildingAssociationVisitationStrategy - Building LoadPlan...
17:03:29.445 [Test worker] DEBUG org.hibernate.loader.plan.exec.internal.LoadQueryJoinAndFetchProcessor - processing queryspace <gen:0>
17:03:29.445 [Test worker] DEBUG org.hibernate.loader.plan.build.spi.LoadPlanTreePrinter - LoadPlan(entity=com.epam.esm.entity.Role)
    - Returns
       - EntityReturnImpl(entity=com.epam.esm.entity.Role, querySpaceUid=<gen:0>, path=com.epam.esm.entity.Role)
    - QuerySpaces
       - EntityQuerySpaceImpl(uid=<gen:0>, entity=com.epam.esm.entity.Role)
          - SQL table alias mapping - role0_
          - alias suffix - 0_
          - suffixed key columns - {id1_1_0_}

17:03:29.445 [Test worker] DEBUG org.hibernate.loader.entity.plan.EntityLoader - Static select for entity com.epam.esm.entity.Role [READ]: select role0_.id as id1_1_0_, role0_.value as value2_1_0_ from application_role role0_ where role0_.id=?
17:03:29.445 [Test worker] DEBUG org.hibernate.loader.Loader - Static select for action ACTION_MERGE on entity com.epam.esm.entity.Role: select role0_.id as id1_1_0_, role0_.value as value2_1_0_ from application_role role0_ where role0_.id=?
17:03:29.446 [Test worker] DEBUG org.hibernate.loader.Loader - Static select for action ACTION_REFRESH on entity com.epam.esm.entity.Role: select role0_.id as id1_1_0_, role0_.value as value2_1_0_ from application_role role0_ where role0_.id=?
17:03:29.446 [Test worker] DEBUG org.hibernate.loader.plan.build.internal.spaces.QuerySpacesImpl - Adding QuerySpace : uid = <gen:0> -> org.hibernate.loader.plan.build.internal.spaces.CollectionQuerySpaceImpl@39990a60]
17:03:29.446 [Test worker] DEBUG org.hibernate.loader.plan.build.internal.spaces.QuerySpacesImpl - Adding QuerySpace : uid = <gen:1> -> org.hibernate.loader.plan.build.internal.spaces.EntityQuerySpaceImpl@62a7a13a]
17:03:29.446 [Test worker] DEBUG org.hibernate.persister.walking.spi.MetamodelGraphWalker - Visiting attribute path : title
17:03:29.446 [Test worker] DEBUG org.hibernate.loader.plan.build.internal.FetchStyleLoadPlanBuildingAssociationVisitationStrategy - Building LoadPlan...
17:03:29.446 [Test worker] DEBUG org.hibernate.loader.plan.exec.internal.LoadQueryJoinAndFetchProcessor - processing queryspace <gen:0>
17:03:29.446 [Test worker] DEBUG org.hibernate.loader.plan.build.spi.LoadPlanTreePrinter - LoadPlan(collection=com.epam.esm.entity.GiftCertificate.tags)
    - Returns
       - CollectionReturnImpl(collection=com.epam.esm.entity.GiftCertificate.tags, querySpaceUid=<gen:0>, path=[com.epam.esm.entity.GiftCertificate.tags])
          - (collection element) CollectionFetchableElementEntityGraph(entity=com.epam.esm.entity.Tag, querySpaceUid=<gen:1>, path=[com.epam.esm.entity.GiftCertificate.tags].<elements>)
    - QuerySpaces
       - CollectionQuerySpaceImpl(uid=<gen:0>, collection=com.epam.esm.entity.GiftCertificate.tags)
          - SQL table alias mapping - tags0_
          - alias suffix - 0_
          - suffixed key columns - {certific1_4_0_}
          - entity-element alias suffix - 1_
          - 1_entity-element suffixed key columns - id1_7_1_
          - JOIN (JoinDefinedByMetadata(elements)) : <gen:0> -> <gen:1>
             - EntityQuerySpaceImpl(uid=<gen:1>, entity=com.epam.esm.entity.Tag)
                - SQL table alias mapping - tag1_
                - alias suffix - 1_
                - suffixed key columns - {id1_7_1_}

17:03:29.447 [Test worker] DEBUG org.hibernate.loader.collection.plan.CollectionLoader - Static select for collection com.epam.esm.entity.GiftCertificate.tags: select tags0_.certificate_id as certific1_4_0_, tags0_.tag_id as tag_id2_4_0_, tag1_.id as id1_7_1_, tag1_.title as title2_7_1_ from certificate_tag tags0_ inner join tag tag1_ on tags0_.tag_id=tag1_.id where tags0_.certificate_id=?
17:03:29.447 [Test worker] DEBUG org.hibernate.loader.plan.build.internal.spaces.QuerySpacesImpl - Adding QuerySpace : uid = <gen:0> -> org.hibernate.loader.plan.build.internal.spaces.CollectionQuerySpaceImpl@1adb63b1]
17:03:29.447 [Test worker] DEBUG org.hibernate.loader.plan.build.internal.spaces.QuerySpacesImpl - Adding QuerySpace : uid = <gen:1> -> org.hibernate.loader.plan.build.internal.spaces.EntityQuerySpaceImpl@452abfa1]
17:03:29.447 [Test worker] DEBUG org.hibernate.persister.walking.spi.MetamodelGraphWalker - Visiting attribute path : certificate
17:03:29.447 [Test worker] DEBUG org.hibernate.loader.plan.build.internal.spaces.QuerySpacesImpl - Adding QuerySpace : uid = <gen:2> -> org.hibernate.loader.plan.build.internal.spaces.EntityQuerySpaceImpl@78aa6a8d]
17:03:29.447 [Test worker] DEBUG org.hibernate.persister.walking.spi.MetamodelGraphWalker - Visiting attribute path : expirationDate
17:03:29.447 [Test worker] DEBUG org.hibernate.persister.walking.spi.MetamodelGraphWalker - Visiting attribute path : fixedPrice
17:03:29.447 [Test worker] DEBUG org.hibernate.persister.walking.spi.MetamodelGraphWalker - Visiting attribute path : order
17:03:29.447 [Test worker] DEBUG org.hibernate.persister.walking.spi.MetamodelGraphWalker - Property path deemed to be circular : order
17:03:29.447 [Test worker] DEBUG org.hibernate.loader.plan.build.internal.FetchStyleLoadPlanBuildingAssociationVisitationStrategy - Building LoadPlan...
17:03:29.447 [Test worker] DEBUG org.hibernate.loader.plan.exec.internal.LoadQueryJoinAndFetchProcessor - processing queryspace <gen:0>
17:03:29.448 [Test worker] DEBUG org.hibernate.loader.plan.build.spi.LoadPlanTreePrinter - LoadPlan(collection=com.epam.esm.entity.Order.orderCertificates)
    - Returns
       - CollectionReturnImpl(collection=com.epam.esm.entity.Order.orderCertificates, querySpaceUid=<gen:0>, path=[com.epam.esm.entity.Order.orderCertificates])
          - (collection element) CollectionFetchableElementEntityGraph(entity=com.epam.esm.entity.OrderCertificate, querySpaceUid=<gen:1>, path=[com.epam.esm.entity.Order.orderCertificates].<elements>)
             - EntityAttributeFetchImpl(entity=com.epam.esm.entity.GiftCertificate, querySpaceUid=<gen:2>, path=[com.epam.esm.entity.Order.orderCertificates].<elements>.certificate)
    - QuerySpaces
       - CollectionQuerySpaceImpl(uid=<gen:0>, collection=com.epam.esm.entity.Order.orderCertificates)
          - SQL table alias mapping - ordercerti0_
          - alias suffix - 0_
          - suffixed key columns - {order_id5_6_0_}
          - entity-element alias suffix - 1_
          - 1_entity-element suffixed key columns - id1_6_1_
          - JOIN (JoinDefinedByMetadata(elements)) : <gen:0> -> <gen:1>
             - EntityQuerySpaceImpl(uid=<gen:1>, entity=com.epam.esm.entity.OrderCertificate)
                - SQL table alias mapping - ordercerti0_
                - alias suffix - 1_
                - suffixed key columns - {id1_6_1_}

17:03:29.448 [Test worker] DEBUG org.hibernate.loader.collection.plan.CollectionLoader - Static select for collection com.epam.esm.entity.Order.orderCertificates: select ordercerti0_.order_id as order_id5_6_0_, ordercerti0_.id as id1_6_0_, ordercerti0_.id as id1_6_1_, ordercerti0_.certificate_id as certific4_6_1_, ordercerti0_.expiration_date as expirati2_6_1_, ordercerti0_.fixed_price as fixed_pr3_6_1_, ordercerti0_.order_id as order_id5_6_1_ from order_certificate ordercerti0_ where ordercerti0_.order_id=?
17:03:29.448 [Test worker] DEBUG org.hibernate.loader.plan.build.internal.spaces.QuerySpacesImpl - Adding QuerySpace : uid = <gen:0> -> org.hibernate.loader.plan.build.internal.spaces.CollectionQuerySpaceImpl@686d158e]
17:03:29.448 [Test worker] DEBUG org.hibernate.loader.plan.build.internal.spaces.QuerySpacesImpl - Adding QuerySpace : uid = <gen:1> -> org.hibernate.loader.plan.build.internal.spaces.EntityQuerySpaceImpl@913962b]
17:03:29.448 [Test worker] DEBUG org.hibernate.persister.walking.spi.MetamodelGraphWalker - Visiting attribute path : certificate
17:03:29.448 [Test worker] DEBUG org.hibernate.persister.walking.spi.MetamodelGraphWalker - Property path deemed to be circular : certificate
17:03:29.448 [Test worker] DEBUG org.hibernate.persister.walking.spi.MetamodelGraphWalker - Visiting attribute path : expirationDate
17:03:29.448 [Test worker] DEBUG org.hibernate.persister.walking.spi.MetamodelGraphWalker - Visiting attribute path : fixedPrice
17:03:29.448 [Test worker] DEBUG org.hibernate.persister.walking.spi.MetamodelGraphWalker - Visiting attribute path : order
17:03:29.448 [Test worker] DEBUG org.hibernate.loader.plan.build.internal.spaces.QuerySpacesImpl - Adding QuerySpace : uid = <gen:2> -> org.hibernate.loader.plan.build.internal.spaces.EntityQuerySpaceImpl@71fe30b5]
17:03:29.449 [Test worker] DEBUG org.hibernate.persister.walking.spi.MetamodelGraphWalker - Visiting attribute path : order.activeStatus
17:03:29.449 [Test worker] DEBUG org.hibernate.persister.walking.spi.MetamodelGraphWalker - Visiting attribute path : order.createdAt
17:03:29.449 [Test worker] DEBUG org.hibernate.persister.walking.spi.MetamodelGraphWalker - Visiting attribute path : order.orderCertificates
17:03:29.449 [Test worker] DEBUG org.hibernate.persister.walking.spi.MetamodelGraphWalker - Property path deemed to be circular : order.orderCertificates
17:03:29.449 [Test worker] DEBUG org.hibernate.persister.walking.spi.MetamodelGraphWalker - Visiting attribute path : order.user
17:03:29.449 [Test worker] DEBUG org.hibernate.loader.plan.build.internal.spaces.QuerySpacesImpl - Adding QuerySpace : uid = <gen:3> -> org.hibernate.loader.plan.build.internal.spaces.EntityQuerySpaceImpl@6dc7fcf8]
17:03:29.449 [Test worker] DEBUG org.hibernate.persister.walking.spi.MetamodelGraphWalker - Visiting attribute path : order.user.email
17:03:29.449 [Test worker] DEBUG org.hibernate.persister.walking.spi.MetamodelGraphWalker - Visiting attribute path : order.user.orders
17:03:29.449 [Test worker] DEBUG org.hibernate.persister.walking.spi.MetamodelGraphWalker - Property path deemed to be circular : order.user.orders
17:03:29.449 [Test worker] DEBUG org.hibernate.persister.walking.spi.MetamodelGraphWalker - Visiting attribute path : order.user.password
17:03:29.449 [Test worker] DEBUG org.hibernate.persister.walking.spi.MetamodelGraphWalker - Visiting attribute path : order.user.refreshToken
17:03:29.449 [Test worker] DEBUG org.hibernate.persister.walking.spi.MetamodelGraphWalker - Visiting attribute path : order.user.role
17:03:29.449 [Test worker] DEBUG org.hibernate.loader.plan.build.internal.spaces.QuerySpacesImpl - Adding QuerySpace : uid = <gen:4> -> org.hibernate.loader.plan.build.internal.spaces.EntityQuerySpaceImpl@605db0d2]
17:03:29.449 [Test worker] DEBUG org.hibernate.persister.walking.spi.MetamodelGraphWalker - Visiting attribute path : order.user.role.value
17:03:29.449 [Test worker] DEBUG org.hibernate.loader.plan.build.internal.FetchStyleLoadPlanBuildingAssociationVisitationStrategy - Building LoadPlan...
17:03:29.450 [Test worker] DEBUG org.hibernate.loader.plan.exec.internal.LoadQueryJoinAndFetchProcessor - processing queryspace <gen:0>
17:03:29.450 [Test worker] DEBUG org.hibernate.loader.plan.build.spi.LoadPlanTreePrinter - LoadPlan(collection=com.epam.esm.entity.GiftCertificate.orderCertificates)
    - Returns
       - CollectionReturnImpl(collection=com.epam.esm.entity.GiftCertificate.orderCertificates, querySpaceUid=<gen:0>, path=[com.epam.esm.entity.GiftCertificate.orderCertificates])
          - (collection element) CollectionFetchableElementEntityGraph(entity=com.epam.esm.entity.OrderCertificate, querySpaceUid=<gen:1>, path=[com.epam.esm.entity.GiftCertificate.orderCertificates].<elements>)
             - EntityAttributeFetchImpl(entity=com.epam.esm.entity.Order, querySpaceUid=<gen:2>, path=[com.epam.esm.entity.GiftCertificate.orderCertificates].<elements>.order)
                - EntityAttributeFetchImpl(entity=com.epam.esm.entity.User, querySpaceUid=<gen:3>, path=[com.epam.esm.entity.GiftCertificate.orderCertificates].<elements>.order.user)
                   - EntityAttributeFetchImpl(entity=com.epam.esm.entity.Role, querySpaceUid=<gen:4>, path=[com.epam.esm.entity.GiftCertificate.orderCertificates].<elements>.order.user.role)
    - QuerySpaces
       - CollectionQuerySpaceImpl(uid=<gen:0>, collection=com.epam.esm.entity.GiftCertificate.orderCertificates)
          - SQL table alias mapping - ordercerti0_
          - alias suffix - 0_
          - suffixed key columns - {certific4_6_0_}
          - entity-element alias suffix - 1_
          - 1_entity-element suffixed key columns - id1_6_1_
          - JOIN (JoinDefinedByMetadata(elements)) : <gen:0> -> <gen:1>
             - EntityQuerySpaceImpl(uid=<gen:1>, entity=com.epam.esm.entity.OrderCertificate)
                - SQL table alias mapping - ordercerti0_
                - alias suffix - 1_
                - suffixed key columns - {id1_6_1_}
                - JOIN (JoinDefinedByMetadata(order)) : <gen:1> -> <gen:2>
                   - EntityQuerySpaceImpl(uid=<gen:2>, entity=com.epam.esm.entity.Order)
                      - SQL table alias mapping - order1_
                      - alias suffix - 2_
                      - suffixed key columns - {id1_0_2_}
                      - JOIN (JoinDefinedByMetadata(user)) : <gen:2> -> <gen:3>
                         - EntityQuerySpaceImpl(uid=<gen:3>, entity=com.epam.esm.entity.User)
                            - SQL table alias mapping - user2_
                            - alias suffix - 3_
                            - suffixed key columns - {id1_2_3_}
                            - JOIN (JoinDefinedByMetadata(role)) : <gen:3> -> <gen:4>
                               - EntityQuerySpaceImpl(uid=<gen:4>, entity=com.epam.esm.entity.Role)
                                  - SQL table alias mapping - role3_
                                  - alias suffix - 4_
                                  - suffixed key columns - {id1_1_4_}

17:03:29.451 [Test worker] DEBUG org.hibernate.loader.collection.plan.CollectionLoader - Static select for collection com.epam.esm.entity.GiftCertificate.orderCertificates: select ordercerti0_.certificate_id as certific4_6_0_, ordercerti0_.id as id1_6_0_, ordercerti0_.id as id1_6_1_, ordercerti0_.certificate_id as certific4_6_1_, ordercerti0_.expiration_date as expirati2_6_1_, ordercerti0_.fixed_price as fixed_pr3_6_1_, ordercerti0_.order_id as order_id5_6_1_, order1_.id as id1_0_2_, order1_.active_status as active_s2_0_2_, order1_.created_at as created_3_0_2_, order1_.user_id as user_id4_0_2_, user2_.id as id1_2_3_, user2_.email as email2_2_3_, user2_.password as password3_2_3_, user2_.refresh_token as refresh_4_2_3_, user2_.role_id as role_id5_2_3_, role3_.id as id1_1_4_, role3_.value as value2_1_4_ from order_certificate ordercerti0_ left outer join application_order order1_ on ordercerti0_.order_id=order1_.id left outer join application_user user2_ on order1_.user_id=user2_.id left outer join application_role role3_ on user2_.role_id=role3_.id where ordercerti0_.certificate_id=?
17:03:29.451 [Test worker] DEBUG org.hibernate.loader.plan.build.internal.spaces.QuerySpacesImpl - Adding QuerySpace : uid = <gen:0> -> org.hibernate.loader.plan.build.internal.spaces.CollectionQuerySpaceImpl@1cdbd99d]
17:03:29.451 [Test worker] DEBUG org.hibernate.loader.plan.build.internal.spaces.QuerySpacesImpl - Adding QuerySpace : uid = <gen:1> -> org.hibernate.loader.plan.build.internal.spaces.EntityQuerySpaceImpl@4e50146a]
17:03:29.451 [Test worker] DEBUG org.hibernate.persister.walking.spi.MetamodelGraphWalker - Visiting attribute path : activeStatus
17:03:29.451 [Test worker] DEBUG org.hibernate.persister.walking.spi.MetamodelGraphWalker - Visiting attribute path : createdAt
17:03:29.451 [Test worker] DEBUG org.hibernate.persister.walking.spi.MetamodelGraphWalker - Visiting attribute path : orderCertificates
17:03:29.451 [Test worker] DEBUG org.hibernate.loader.plan.build.internal.spaces.QuerySpacesImpl - Adding QuerySpace : uid = <gen:2> -> org.hibernate.loader.plan.build.internal.spaces.CollectionQuerySpaceImpl@19eb1c7]
17:03:29.451 [Test worker] DEBUG org.hibernate.loader.plan.build.internal.spaces.QuerySpacesImpl - Adding QuerySpace : uid = <gen:3> -> org.hibernate.loader.plan.build.internal.spaces.EntityQuerySpaceImpl@4f2306da]
17:03:29.451 [Test worker] DEBUG org.hibernate.persister.walking.spi.MetamodelGraphWalker - Visiting attribute path : user
17:03:29.451 [Test worker] DEBUG org.hibernate.persister.walking.spi.MetamodelGraphWalker - Property path deemed to be circular : user
17:03:29.451 [Test worker] DEBUG org.hibernate.loader.plan.build.internal.FetchStyleLoadPlanBuildingAssociationVisitationStrategy - Building LoadPlan...
17:03:29.452 [Test worker] DEBUG org.hibernate.loader.plan.exec.internal.LoadQueryJoinAndFetchProcessor - processing queryspace <gen:0>
17:03:29.452 [Test worker] DEBUG org.hibernate.loader.plan.build.spi.LoadPlanTreePrinter - LoadPlan(collection=com.epam.esm.entity.User.orders)
    - Returns
       - CollectionReturnImpl(collection=com.epam.esm.entity.User.orders, querySpaceUid=<gen:0>, path=[com.epam.esm.entity.User.orders])
          - (collection element) CollectionFetchableElementEntityGraph(entity=com.epam.esm.entity.Order, querySpaceUid=<gen:1>, path=[com.epam.esm.entity.User.orders].<elements>)
             - CollectionAttributeFetchImpl(collection=com.epam.esm.entity.Order.orderCertificates, querySpaceUid=<gen:2>, path=[com.epam.esm.entity.User.orders].<elements>.orderCertificates)
                - (collection element) CollectionFetchableElementEntityGraph(entity=com.epam.esm.entity.OrderCertificate, querySpaceUid=<gen:3>, path=[com.epam.esm.entity.User.orders].<elements>.orderCertificates.<elements>)
    - QuerySpaces
       - CollectionQuerySpaceImpl(uid=<gen:0>, collection=com.epam.esm.entity.User.orders)
          - SQL table alias mapping - orders0_
          - alias suffix - 0_
          - suffixed key columns - {user_id4_0_0_}
          - entity-element alias suffix - 1_
          - 1_entity-element suffixed key columns - id1_0_1_
          - JOIN (JoinDefinedByMetadata(elements)) : <gen:0> -> <gen:1>
             - EntityQuerySpaceImpl(uid=<gen:1>, entity=com.epam.esm.entity.Order)
                - SQL table alias mapping - orders0_
                - alias suffix - 1_
                - suffixed key columns - {id1_0_1_}

17:03:29.452 [Test worker] DEBUG org.hibernate.loader.collection.plan.CollectionLoader - Static select for collection com.epam.esm.entity.User.orders: select orders0_.user_id as user_id4_0_0_, orders0_.id as id1_0_0_, orders0_.id as id1_0_1_, orders0_.active_status as active_s2_0_1_, orders0_.created_at as created_3_0_1_, orders0_.user_id as user_id4_0_1_ from application_order orders0_ where orders0_.user_id=?
17:03:29.455 [Test worker] DEBUG org.hibernate.SQL - drop table application_order if exists
17:03:29.455 [Test worker] DEBUG org.hibernate.SQL - drop table application_role if exists
17:03:29.456 [Test worker] DEBUG org.hibernate.SQL - drop table application_user if exists
17:03:29.456 [Test worker] DEBUG org.hibernate.SQL - drop table certificate if exists
17:03:29.456 [Test worker] DEBUG org.hibernate.SQL - drop table certificate_tag if exists
17:03:29.456 [Test worker] DEBUG org.hibernate.SQL - drop table entity if exists
17:03:29.456 [Test worker] DEBUG org.hibernate.SQL - drop table order_certificate if exists
17:03:29.456 [Test worker] DEBUG org.hibernate.SQL - drop table tag if exists
17:03:29.457 [Test worker] DEBUG org.hibernate.SQL - create table application_order (id bigint generated by default as identity, active_status boolean, created_at timestamp, user_id bigint, primary key (id))
17:03:29.458 [Test worker] DEBUG org.hibernate.SQL - create table application_role (id bigint generated by default as identity, value varchar(255), primary key (id))
17:03:29.459 [Test worker] DEBUG org.hibernate.SQL - create table application_user (id bigint generated by default as identity, email varchar(255), password varchar(255), refresh_token varchar(255), role_id bigint, primary key (id))
17:03:29.460 [Test worker] DEBUG org.hibernate.SQL - create table certificate (id bigint generated by default as identity, active_status boolean, creation_date date, description varchar(255), expiration_date date, modification_date date, name varchar(255), price decimal(19,2), primary key (id))
17:03:29.461 [Test worker] DEBUG org.hibernate.SQL - create table certificate_tag (certificate_id bigint not null, tag_id bigint not null, primary key (certificate_id, tag_id))
17:03:29.462 [Test worker] DEBUG org.hibernate.SQL - create table entity (id bigint generated by default as identity, primary key (id))
17:03:29.463 [Test worker] DEBUG org.hibernate.SQL - create table order_certificate (id bigint generated by default as identity, expiration_date date, fixed_price decimal(19,2), certificate_id bigint, order_id bigint, primary key (id))
17:03:29.464 [Test worker] DEBUG org.hibernate.SQL - create table tag (id bigint generated by default as identity, title varchar(255), primary key (id))
17:03:29.465 [Test worker] DEBUG org.hibernate.SQL - alter table tag add constraint UK_k5g3urrxw2ym0ls8vo6xfgs65 unique (title)
17:03:29.466 [Test worker] DEBUG org.hibernate.SQL - alter table application_order add constraint FKp4m4jwa9ds4e3gmsdtsvjcty3 foreign key (user_id) references application_user
17:03:29.468 [Test worker] DEBUG org.hibernate.SQL - alter table application_user add constraint FKkb3re6enordhsw7vy7ftgtna4 foreign key (role_id) references application_role
17:03:29.470 [Test worker] DEBUG org.hibernate.SQL - alter table certificate_tag add constraint FKk65jck3ppxm1p372l03sxdtcc foreign key (tag_id) references tag
17:03:29.472 [Test worker] DEBUG org.hibernate.SQL - alter table certificate_tag add constraint FKlrytco6nyamwxl72nog54iymx foreign key (certificate_id) references certificate
17:03:29.475 [Test worker] DEBUG org.hibernate.SQL - alter table order_certificate add constraint FKans0qrkplnas0le7if4ph8n2w foreign key (certificate_id) references certificate
17:03:29.477 [Test worker] DEBUG org.hibernate.SQL - alter table order_certificate add constraint FKlylopteltw5t82w63stck3tb8 foreign key (order_id) references application_order
17:03:29.480 [Test worker] INFO org.hibernate.tool.schema.internal.SchemaCreatorImpl - HHH000476: Executing import script 'org.hibernate.tool.schema.internal.exec.ScriptSourceInputNonExistentImpl@3bb5d12c'
17:03:29.480 [Test worker] DEBUG org.hibernate.query.spi.NamedQueryRepository - Checking 0 named HQL queries
17:03:29.480 [Test worker] DEBUG org.hibernate.query.spi.NamedQueryRepository - Checking 0 named SQL queries
17:03:29.480 [Test worker] DEBUG org.hibernate.internal.SessionFactoryRegistry - Registering SessionFactory: dacada14-46c8-439a-a4a9-d8311d0db364 (<unnamed>)
17:03:29.480 [Test worker] DEBUG org.hibernate.internal.SessionFactoryRegistry - Not binding SessionFactory to JNDI, no JNDI name configured
17:03:29.480 [Test worker] INFO org.springframework.orm.jpa.LocalContainerEntityManagerFactoryBean - Initialized JPA EntityManagerFactory for persistence unit 'default'
17:03:29.481 [Test worker] DEBUG org.springframework.jdbc.datasource.DataSourceUtils - Fetching JDBC Connection from DataSource
17:03:29.481 [Test worker] DEBUG org.springframework.beans.factory.support.DefaultListableBeanFactory - Creating shared instance of singleton bean 'testConfig'
17:03:29.482 [Test worker] DEBUG org.springframework.beans.factory.support.DefaultListableBeanFactory - Creating shared instance of singleton bean 'certificateRepository'
17:03:29.484 [Test worker] DEBUG org.springframework.beans.factory.support.DefaultListableBeanFactory - Creating shared instance of singleton bean 'org.springframework.orm.jpa.SharedEntityManagerCreator#0'
17:03:29.488 [Test worker] DEBUG org.springframework.beans.factory.support.DefaultListableBeanFactory - Creating shared instance of singleton bean 'criteriaBuilderHelper'
17:03:29.488 [Test worker] DEBUG org.springframework.beans.factory.support.DefaultListableBeanFactory - Autowiring by type from bean name 'certificateRepository' via constructor to bean named 'org.springframework.orm.jpa.SharedEntityManagerCreator#0'
17:03:29.488 [Test worker] DEBUG org.springframework.beans.factory.support.DefaultListableBeanFactory - Autowiring by type from bean name 'certificateRepository' via constructor to bean named 'criteriaBuilderHelper'
17:03:29.489 [Test worker] DEBUG org.springframework.beans.factory.support.DefaultListableBeanFactory - Creating shared instance of singleton bean 'orderCertificateRepository'
17:03:29.489 [Test worker] DEBUG org.springframework.beans.factory.support.DefaultListableBeanFactory - Autowiring by type from bean name 'orderCertificateRepository' via constructor to bean named 'org.springframework.orm.jpa.SharedEntityManagerCreator#0'
17:03:29.490 [Test worker] DEBUG org.springframework.beans.factory.support.DefaultListableBeanFactory - Creating shared instance of singleton bean 'orderRepository'
17:03:29.490 [Test worker] DEBUG org.springframework.beans.factory.support.DefaultListableBeanFactory - Autowiring by type from bean name 'orderRepository' via constructor to bean named 'org.springframework.orm.jpa.SharedEntityManagerCreator#0'
17:03:29.491 [Test worker] DEBUG org.springframework.beans.factory.support.DefaultListableBeanFactory - Creating shared instance of singleton bean 'tagRepository'
17:03:29.492 [Test worker] DEBUG org.springframework.beans.factory.support.DefaultListableBeanFactory - Autowiring by type from bean name 'tagRepository' via constructor to bean named 'org.springframework.orm.jpa.SharedEntityManagerCreator#0'
17:03:29.493 [Test worker] DEBUG org.springframework.beans.factory.support.DefaultListableBeanFactory - Creating shared instance of singleton bean 'userRepository'
17:03:29.494 [Test worker] DEBUG org.springframework.beans.factory.support.DefaultListableBeanFactory - Autowiring by type from bean name 'userRepository' via constructor to bean named 'org.springframework.orm.jpa.SharedEntityManagerCreator#0'
17:03:29.494 [Test worker] DEBUG org.springframework.beans.factory.support.DefaultListableBeanFactory - Creating shared instance of singleton bean 'org.springframework.boot.autoconfigure.context.PropertyPlaceholderAutoConfiguration'
17:03:29.495 [Test worker] DEBUG org.springframework.beans.factory.support.DefaultListableBeanFactory - Creating shared instance of singleton bean 'org.springframework.boot.autoconfigure.task.TaskExecutionAutoConfiguration'
17:03:29.495 [Test worker] DEBUG org.springframework.core.LocalVariableTableParameterNameDiscoverer - Cannot find '.class' file for class [class org.springframework.boot.autoconfigure.task.TaskExecutionAutoConfiguration$$EnhancerBySpringCGLIB$$30b471bb] - unable to determine constructor/method parameter names
17:03:29.496 [Test worker] DEBUG org.springframework.beans.factory.support.DefaultListableBeanFactory - Creating shared instance of singleton bean 'spring.task.execution-org.springframework.boot.autoconfigure.task.TaskExecutionProperties'
17:03:29.497 [Test worker] DEBUG org.springframework.beans.factory.support.DefaultListableBeanFactory - Autowiring by type from bean name 'org.springframework.boot.autoconfigure.task.TaskExecutionAutoConfiguration' via constructor to bean named 'spring.task.execution-org.springframework.boot.autoconfigure.task.TaskExecutionProperties'
17:03:29.498 [Test worker] DEBUG org.springframework.beans.factory.support.DefaultListableBeanFactory - Creating shared instance of singleton bean 'taskExecutorBuilder'
17:03:29.499 [Test worker] DEBUG org.springframework.beans.factory.support.DefaultListableBeanFactory - Creating shared instance of singleton bean 'org.springframework.boot.autoconfigure.validation.ValidationAutoConfiguration'
17:03:29.499 [Test worker] DEBUG org.springframework.beans.factory.support.DefaultListableBeanFactory - Creating shared instance of singleton bean 'defaultValidator'
17:03:29.500 [Test worker] DEBUG org.hibernate.validator.internal.engine.resolver.TraversableResolvers - Found javax.persistence.Persistence on classpath containing 'getPersistenceUtil'. Assuming JPA 2 environment. Trying to instantiate JPA aware TraversableResolver
17:03:29.500 [Test worker] DEBUG org.hibernate.validator.internal.engine.resolver.TraversableResolvers - Instantiated JPA aware TraversableResolver of type org.hibernate.validator.internal.engine.resolver.JPATraversableResolver.
17:03:29.500 [Test worker] DEBUG org.hibernate.validator.messageinterpolation.ResourceBundleMessageInterpolator - Loaded expression factory via original TCCL
17:03:29.500 [Test worker] DEBUG org.hibernate.validator.internal.engine.resolver.TraversableResolvers - Found javax.persistence.Persistence on classpath containing 'getPersistenceUtil'. Assuming JPA 2 environment. Trying to instantiate JPA aware TraversableResolver
17:03:29.500 [Test worker] DEBUG org.hibernate.validator.internal.engine.resolver.TraversableResolvers - Instantiated JPA aware TraversableResolver of type org.hibernate.validator.internal.engine.resolver.JPATraversableResolver.
17:03:29.500 [Test worker] DEBUG org.hibernate.validator.internal.engine.ConfigurationImpl - Setting custom MessageInterpolator of type org.springframework.validation.beanvalidation.LocaleContextMessageInterpolator
17:03:29.500 [Test worker] DEBUG org.hibernate.validator.internal.engine.ConfigurationImpl - Setting custom ConstraintValidatorFactory of type org.springframework.validation.beanvalidation.SpringConstraintValidatorFactory
17:03:29.500 [Test worker] DEBUG org.hibernate.validator.internal.engine.ConfigurationImpl - Setting custom ParameterNameProvider of type org.springframework.validation.beanvalidation.LocalValidatorFactoryBean$1
17:03:29.501 [Test worker] DEBUG org.hibernate.validator.internal.xml.config.ValidationXmlParser - Trying to load META-INF/validation.xml for XML based Validator configuration.
17:03:29.501 [Test worker] DEBUG org.hibernate.validator.internal.xml.config.ResourceLoaderHelper - Trying to load META-INF/validation.xml via user class loader
17:03:29.507 [Test worker] DEBUG org.hibernate.validator.internal.xml.config.ResourceLoaderHelper - Trying to load META-INF/validation.xml via TCCL
17:03:29.508 [Test worker] DEBUG org.hibernate.validator.internal.xml.config.ResourceLoaderHelper - Trying to load META-INF/validation.xml via Hibernate Validator's class loader
17:03:29.508 [Test worker] DEBUG org.hibernate.validator.internal.xml.config.ValidationXmlParser - No META-INF/validation.xml found. Using annotation based configuration only.
17:03:29.517 [Test worker] DEBUG org.hibernate.validator.internal.engine.ValidatorFactoryImpl - HV000234: Using org.springframework.validation.beanvalidation.LocaleContextMessageInterpolator as ValidatorFactory-scoped message interpolator.
17:03:29.517 [Test worker] DEBUG org.hibernate.validator.internal.engine.ValidatorFactoryImpl - HV000234: Using org.hibernate.validator.internal.engine.resolver.JPATraversableResolver as ValidatorFactory-scoped traversable resolver.
17:03:29.517 [Test worker] DEBUG org.hibernate.validator.internal.engine.ValidatorFactoryImpl - HV000234: Using org.hibernate.validator.internal.util.ExecutableParameterNameProvider as ValidatorFactory-scoped parameter name provider.
17:03:29.517 [Test worker] DEBUG org.hibernate.validator.internal.engine.ValidatorFactoryImpl - HV000234: Using org.hibernate.validator.internal.engine.DefaultClockProvider as ValidatorFactory-scoped clock provider.
17:03:29.517 [Test worker] DEBUG org.hibernate.validator.internal.engine.ValidatorFactoryImpl - HV000234: Using org.hibernate.validator.internal.engine.scripting.DefaultScriptEvaluatorFactory as ValidatorFactory-scoped script evaluator factory.
17:03:29.520 [Test worker] DEBUG org.springframework.beans.factory.support.DefaultListableBeanFactory - Creating shared instance of singleton bean 'org.springframework.boot.autoconfigure.security.oauth2.client.OAuth2RestOperationsConfiguration$SingletonScopedConfiguration'
17:03:29.520 [Test worker] DEBUG org.springframework.beans.factory.support.DefaultListableBeanFactory - Creating shared instance of singleton bean 'oauth2RemoteResource'
17:03:29.522 [Test worker] DEBUG org.springframework.beans.factory.support.DefaultListableBeanFactory - Creating shared instance of singleton bean 'oauth2ClientContext'
17:03:29.523 [Test worker] DEBUG org.springframework.beans.factory.support.DefaultListableBeanFactory - Creating shared instance of singleton bean 'org.springframework.boot.autoconfigure.security.oauth2.client.OAuth2RestOperationsConfiguration'
17:03:29.523 [Test worker] DEBUG org.springframework.beans.factory.support.DefaultListableBeanFactory - Creating shared instance of singleton bean 'org.springframework.boot.autoconfigure.security.oauth2.OAuth2AutoConfiguration'
17:03:29.524 [Test worker] DEBUG org.springframework.core.LocalVariableTableParameterNameDiscoverer - Cannot find '.class' file for class [class org.springframework.boot.autoconfigure.security.oauth2.OAuth2AutoConfiguration$$EnhancerBySpringCGLIB$$5c5e94e5] - unable to determine constructor/method parameter names
17:03:29.524 [Test worker] DEBUG org.springframework.beans.factory.support.DefaultListableBeanFactory - Creating shared instance of singleton bean 'security.oauth2.client-org.springframework.boot.autoconfigure.security.oauth2.OAuth2ClientProperties'
17:03:29.525 [Test worker] DEBUG org.springframework.beans.factory.support.DefaultListableBeanFactory - Autowiring by type from bean name 'org.springframework.boot.autoconfigure.security.oauth2.OAuth2AutoConfiguration' via constructor to bean named 'security.oauth2.client-org.springframework.boot.autoconfigure.security.oauth2.OAuth2ClientProperties'
17:03:29.526 [Test worker] DEBUG org.springframework.beans.factory.support.DefaultListableBeanFactory - Creating shared instance of singleton bean 'resourceServerProperties'
17:03:29.528 [Test worker] DEBUG org.springframework.beans.factory.support.DefaultListableBeanFactory - Creating shared instance of singleton bean 'org.springframework.boot.autoconfigure.jmx.JmxAutoConfiguration'
17:03:29.529 [Test worker] DEBUG org.springframework.beans.factory.support.DefaultListableBeanFactory - Creating shared instance of singleton bean 'mbeanExporter'
17:03:29.530 [Test worker] DEBUG org.springframework.beans.factory.support.DefaultListableBeanFactory - Creating shared instance of singleton bean 'objectNamingStrategy'
17:03:29.531 [Test worker] DEBUG org.springframework.beans.factory.support.DefaultListableBeanFactory - Autowiring by type from bean name 'mbeanExporter' via factory method to bean named 'objectNamingStrategy'
17:03:29.531 [Test worker] DEBUG org.springframework.beans.factory.support.DefaultListableBeanFactory - Creating shared instance of singleton bean 'mbeanServer'
17:03:29.532 [Test worker] DEBUG org.springframework.jmx.support.JmxUtils - Found MBeanServer: com.sun.jmx.mbeanserver.JmxMBeanServer@bc10b92
17:03:29.534 [Test worker] DEBUG org.springframework.beans.factory.support.DefaultListableBeanFactory - Creating shared instance of singleton bean 'org.springframework.boot.autoconfigure.aop.AopAutoConfiguration$CglibAutoProxyConfiguration'
17:03:29.535 [Test worker] DEBUG org.springframework.beans.factory.support.DefaultListableBeanFactory - Creating shared instance of singleton bean 'org.springframework.boot.autoconfigure.aop.AopAutoConfiguration'
17:03:29.536 [Test worker] DEBUG org.springframework.beans.factory.support.DefaultListableBeanFactory - Creating shared instance of singleton bean 'org.springframework.boot.autoconfigure.transaction.jta.JtaAutoConfiguration'
17:03:29.536 [Test worker] DEBUG org.springframework.beans.factory.support.DefaultListableBeanFactory - Creating shared instance of singleton bean 'org.springframework.boot.autoconfigure.jdbc.DataSourceJmxConfiguration$Hikari'
17:03:29.536 [Test worker] DEBUG org.springframework.core.LocalVariableTableParameterNameDiscoverer - Cannot find '.class' file for class [class org.springframework.boot.autoconfigure.jdbc.DataSourceJmxConfiguration$Hikari$$EnhancerBySpringCGLIB$$8eb93a4f] - unable to determine constructor/method parameter names
17:03:29.537 [Test worker] DEBUG org.springframework.beans.factory.support.DefaultListableBeanFactory - Autowiring by type from bean name 'org.springframework.boot.autoconfigure.jdbc.DataSourceJmxConfiguration$Hikari' via constructor to bean named 'dataSource'
17:03:29.537 [Test worker] DEBUG org.springframework.beans.factory.support.DefaultListableBeanFactory - Creating shared instance of singleton bean 'org.springframework.boot.autoconfigure.jdbc.DataSourceJmxConfiguration'
17:03:29.538 [Test worker] DEBUG org.springframework.beans.factory.support.DefaultListableBeanFactory - Creating shared instance of singleton bean 'org.springframework.boot.autoconfigure.jdbc.DataSourceAutoConfiguration$PooledDataSourceConfiguration'
17:03:29.538 [Test worker] DEBUG org.springframework.beans.factory.support.DefaultListableBeanFactory - Creating shared instance of singleton bean 'org.springframework.boot.autoconfigure.jdbc.metadata.DataSourcePoolMetadataProvidersConfiguration'
17:03:29.539 [Test worker] DEBUG org.springframework.beans.factory.support.DefaultListableBeanFactory - Creating shared instance of singleton bean 'org.springframework.boot.autoconfigure.jdbc.DataSourceInitializationConfiguration'
17:03:29.539 [Test worker] DEBUG org.springframework.beans.factory.support.DefaultListableBeanFactory - Creating shared instance of singleton bean 'org.springframework.boot.autoconfigure.jdbc.DataSourceAutoConfiguration'
17:03:29.540 [Test worker] DEBUG org.springframework.beans.factory.support.DefaultListableBeanFactory - Creating shared instance of singleton bean 'transactionManager'
17:03:29.541 [Test worker] DEBUG org.springframework.beans.factory.support.DefaultListableBeanFactory - Creating shared instance of singleton bean 'org.springframework.boot.autoconfigure.orm.jpa.HibernateJpaAutoConfiguration'
17:03:29.541 [Test worker] DEBUG org.springframework.beans.factory.support.DefaultListableBeanFactory - Creating shared instance of singleton bean 'org.springframework.boot.autoconfigure.context.ConfigurationPropertiesAutoConfiguration'
17:03:29.542 [Test worker] DEBUG org.springframework.beans.factory.support.DefaultListableBeanFactory - Creating shared instance of singleton bean 'org.springframework.boot.autoconfigure.dao.PersistenceExceptionTranslationAutoConfiguration'
17:03:29.542 [Test worker] DEBUG org.springframework.beans.factory.support.DefaultListableBeanFactory - Creating shared instance of singleton bean 'org.springframework.boot.autoconfigure.data.jpa.JpaRepositoriesAutoConfiguration'
17:03:29.543 [Test worker] DEBUG org.springframework.beans.factory.support.DefaultListableBeanFactory - Creating shared instance of singleton bean 'org.springframework.data.jpa.util.JpaMetamodelCacheCleanup'
17:03:29.543 [Test worker] DEBUG org.springframework.beans.factory.support.DefaultListableBeanFactory - Creating shared instance of singleton bean 'org.springframework.data.jpa.repository.support.JpaEvaluationContextExtension'
17:03:29.545 [Test worker] DEBUG org.springframework.beans.factory.support.DefaultListableBeanFactory - Creating shared instance of singleton bean 'org.springframework.boot.autoconfigure.jackson.JacksonAutoConfiguration$Jackson2ObjectMapperBuilderCustomizerConfiguration'
17:03:29.545 [Test worker] DEBUG org.springframework.beans.factory.support.DefaultListableBeanFactory - Creating shared instance of singleton bean 'standardJacksonObjectMapperBuilderCustomizer'
17:03:29.546 [Test worker] DEBUG org.springframework.beans.factory.support.DefaultListableBeanFactory - Creating shared instance of singleton bean 'spring.jackson-org.springframework.boot.autoconfigure.jackson.JacksonProperties'
17:03:29.547 [Test worker] DEBUG org.springframework.beans.factory.support.DefaultListableBeanFactory - Autowiring by type from bean name 'standardJacksonObjectMapperBuilderCustomizer' via factory method to bean named 'org.springframework.context.support.GenericApplicationContext@6576bac'
17:03:29.547 [Test worker] DEBUG org.springframework.beans.factory.support.DefaultListableBeanFactory - Autowiring by type from bean name 'standardJacksonObjectMapperBuilderCustomizer' via factory method to bean named 'spring.jackson-org.springframework.boot.autoconfigure.jackson.JacksonProperties'
17:03:29.548 [Test worker] DEBUG org.springframework.beans.factory.support.DefaultListableBeanFactory - Creating shared instance of singleton bean 'org.springframework.boot.autoconfigure.jackson.JacksonAutoConfiguration$JacksonObjectMapperBuilderConfiguration'
17:03:29.548 [Test worker] DEBUG org.springframework.core.LocalVariableTableParameterNameDiscoverer - Cannot find '.class' file for class [class org.springframework.boot.autoconfigure.jackson.JacksonAutoConfiguration$JacksonObjectMapperBuilderConfiguration$$EnhancerBySpringCGLIB$$b2f51a8f] - unable to determine constructor/method parameter names
17:03:29.548 [Test worker] DEBUG org.springframework.beans.factory.support.DefaultListableBeanFactory - Autowiring by type from bean name 'org.springframework.boot.autoconfigure.jackson.JacksonAutoConfiguration$JacksonObjectMapperBuilderConfiguration' via constructor to bean named 'org.springframework.context.support.GenericApplicationContext@6576bac'
17:03:29.549 [Test worker] DEBUG org.springframework.beans.factory.support.DefaultListableBeanFactory - Creating shared instance of singleton bean 'jacksonObjectMapperBuilder'
17:03:29.550 [Test worker] DEBUG org.springframework.beans.factory.support.DefaultListableBeanFactory - Autowiring by type from bean name 'jacksonObjectMapperBuilder' via factory method to bean named 'standardJacksonObjectMapperBuilderCustomizer'
17:03:29.550 [Test worker] DEBUG org.springframework.beans.factory.support.DefaultListableBeanFactory - Creating shared instance of singleton bean 'parameterNamesModule'
17:03:29.550 [Test worker] DEBUG org.springframework.beans.factory.support.DefaultListableBeanFactory - Creating shared instance of singleton bean 'org.springframework.boot.autoconfigure.jackson.JacksonAutoConfiguration$ParameterNamesModuleConfiguration'
17:03:29.552 [Test worker] DEBUG org.springframework.beans.factory.support.DefaultListableBeanFactory - Creating shared instance of singleton bean 'jsonComponentModule'
17:03:29.552 [Test worker] DEBUG org.springframework.beans.factory.support.DefaultListableBeanFactory - Creating shared instance of singleton bean 'org.springframework.boot.autoconfigure.jackson.JacksonAutoConfiguration'
17:03:29.556 [Test worker] DEBUG org.springframework.beans.factory.support.DefaultListableBeanFactory - Creating shared instance of singleton bean 'org.springframework.boot.autoconfigure.jackson.JacksonAutoConfiguration$JacksonObjectMapperConfiguration'
17:03:29.556 [Test worker] DEBUG org.springframework.beans.factory.support.DefaultListableBeanFactory - Creating shared instance of singleton bean 'jacksonObjectMapper'
17:03:29.557 [Test worker] DEBUG org.springframework.beans.factory.support.DefaultListableBeanFactory - Autowiring by type from bean name 'jacksonObjectMapper' via factory method to bean named 'jacksonObjectMapperBuilder'
17:03:29.562 [Test worker] DEBUG org.springframework.beans.factory.support.DefaultListableBeanFactory - Creating shared instance of singleton bean 'org.springframework.boot.autoconfigure.http.HttpMessageConvertersAutoConfiguration$StringHttpMessageConverterConfiguration'
17:03:29.562 [Test worker] DEBUG org.springframework.core.LocalVariableTableParameterNameDiscoverer - Cannot find '.class' file for class [class org.springframework.boot.autoconfigure.http.HttpMessageConvertersAutoConfiguration$StringHttpMessageConverterConfiguration$$EnhancerBySpringCGLIB$$f2566b19] - unable to determine constructor/method parameter names
17:03:29.563 [Test worker] DEBUG org.springframework.beans.factory.support.DefaultListableBeanFactory - Creating shared instance of singleton bean 'spring.http-org.springframework.boot.autoconfigure.http.HttpProperties'
17:03:29.564 [Test worker] DEBUG org.springframework.beans.factory.support.DefaultListableBeanFactory - Autowiring by type from bean name 'org.springframework.boot.autoconfigure.http.HttpMessageConvertersAutoConfiguration$StringHttpMessageConverterConfiguration' via constructor to bean named 'spring.http-org.springframework.boot.autoconfigure.http.HttpProperties'
17:03:29.564 [Test worker] DEBUG org.springframework.beans.factory.support.DefaultListableBeanFactory - Creating shared instance of singleton bean 'stringHttpMessageConverter'
17:03:29.565 [Test worker] DEBUG org.springframework.beans.factory.support.DefaultListableBeanFactory - Creating shared instance of singleton bean 'org.springframework.boot.autoconfigure.http.JacksonHttpMessageConvertersConfiguration$MappingJackson2HttpMessageConverterConfiguration'
17:03:29.565 [Test worker] DEBUG org.springframework.beans.factory.support.DefaultListableBeanFactory - Creating shared instance of singleton bean 'mappingJackson2HttpMessageConverter'
17:03:29.565 [Test worker] DEBUG org.springframework.beans.factory.support.DefaultListableBeanFactory - Autowiring by type from bean name 'mappingJackson2HttpMessageConverter' via factory method to bean named 'jacksonObjectMapper'
17:03:29.566 [Test worker] DEBUG org.springframework.beans.factory.support.DefaultListableBeanFactory - Creating shared instance of singleton bean 'org.springframework.boot.autoconfigure.http.JacksonHttpMessageConvertersConfiguration'
17:03:29.567 [Test worker] DEBUG org.springframework.beans.factory.support.DefaultListableBeanFactory - Creating shared instance of singleton bean 'org.springframework.boot.autoconfigure.http.HttpMessageConvertersAutoConfiguration'
17:03:29.567 [Test worker] DEBUG org.springframework.core.LocalVariableTableParameterNameDiscoverer - Cannot find '.class' file for class [class org.springframework.boot.autoconfigure.http.HttpMessageConvertersAutoConfiguration$$EnhancerBySpringCGLIB$$bf48a479] - unable to determine constructor/method parameter names
17:03:29.568 [Test worker] DEBUG org.springframework.beans.factory.support.DefaultListableBeanFactory - Creating shared instance of singleton bean 'messageConverters'
17:03:29.572 [Test worker] DEBUG org.springframework.beans.factory.support.DefaultListableBeanFactory - Creating shared instance of singleton bean 'org.springframework.boot.autoconfigure.http.codec.CodecsAutoConfiguration$LoggingCodecConfiguration'
17:03:29.573 [Test worker] DEBUG org.springframework.beans.factory.support.DefaultListableBeanFactory - Creating shared instance of singleton bean 'loggingCodecCustomizer'
17:03:29.573 [Test worker] DEBUG org.springframework.beans.factory.support.DefaultListableBeanFactory - Autowiring by type from bean name 'loggingCodecCustomizer' via factory method to bean named 'spring.http-org.springframework.boot.autoconfigure.http.HttpProperties'
17:03:29.573 [Test worker] DEBUG org.springframework.beans.factory.support.DefaultListableBeanFactory - Creating shared instance of singleton bean 'org.springframework.boot.autoconfigure.http.codec.CodecsAutoConfiguration$JacksonCodecConfiguration'
17:03:29.574 [Test worker] DEBUG org.springframework.beans.factory.support.DefaultListableBeanFactory - Creating shared instance of singleton bean 'jacksonCodecCustomizer'
17:03:29.574 [Test worker] DEBUG org.springframework.beans.factory.support.DefaultListableBeanFactory - Autowiring by type from bean name 'jacksonCodecCustomizer' via factory method to bean named 'jacksonObjectMapper'
17:03:29.575 [Test worker] DEBUG org.springframework.beans.factory.support.DefaultListableBeanFactory - Creating shared instance of singleton bean 'org.springframework.boot.autoconfigure.http.codec.CodecsAutoConfiguration'
17:03:29.575 [Test worker] DEBUG org.springframework.beans.factory.support.DefaultListableBeanFactory - Creating shared instance of singleton bean 'org.springframework.boot.autoconfigure.info.ProjectInfoAutoConfiguration'
17:03:29.576 [Test worker] DEBUG org.springframework.core.LocalVariableTableParameterNameDiscoverer - Cannot find '.class' file for class [class org.springframework.boot.autoconfigure.info.ProjectInfoAutoConfiguration$$EnhancerBySpringCGLIB$$e10ee5fe] - unable to determine constructor/method parameter names
17:03:29.576 [Test worker] DEBUG org.springframework.beans.factory.support.DefaultListableBeanFactory - Creating shared instance of singleton bean 'spring.info-org.springframework.boot.autoconfigure.info.ProjectInfoProperties'
17:03:29.577 [Test worker] DEBUG org.springframework.beans.factory.support.DefaultListableBeanFactory - Autowiring by type from bean name 'org.springframework.boot.autoconfigure.info.ProjectInfoAutoConfiguration' via constructor to bean named 'spring.info-org.springframework.boot.autoconfigure.info.ProjectInfoProperties'
17:03:29.577 [Test worker] DEBUG org.springframework.beans.factory.support.DefaultListableBeanFactory - Creating shared instance of singleton bean 'org.springframework.boot.autoconfigure.jdbc.JdbcTemplateAutoConfiguration$JdbcTemplateConfiguration'
17:03:29.578 [Test worker] DEBUG org.springframework.core.LocalVariableTableParameterNameDiscoverer - Cannot find '.class' file for class [class org.springframework.boot.autoconfigure.jdbc.JdbcTemplateAutoConfiguration$JdbcTemplateConfiguration$$EnhancerBySpringCGLIB$$bda00752] - unable to determine constructor/method parameter names
17:03:29.578 [Test worker] DEBUG org.springframework.beans.factory.support.DefaultListableBeanFactory - Creating shared instance of singleton bean 'spring.jdbc-org.springframework.boot.autoconfigure.jdbc.JdbcProperties'
17:03:29.579 [Test worker] DEBUG org.springframework.beans.factory.support.DefaultListableBeanFactory - Autowiring by type from bean name 'org.springframework.boot.autoconfigure.jdbc.JdbcTemplateAutoConfiguration$JdbcTemplateConfiguration' via constructor to bean named 'dataSource'
17:03:29.579 [Test worker] DEBUG org.springframework.beans.factory.support.DefaultListableBeanFactory - Autowiring by type from bean name 'org.springframework.boot.autoconfigure.jdbc.JdbcTemplateAutoConfiguration$JdbcTemplateConfiguration' via constructor to bean named 'spring.jdbc-org.springframework.boot.autoconfigure.jdbc.JdbcProperties'
17:03:29.579 [Test worker] DEBUG org.springframework.beans.factory.support.DefaultListableBeanFactory - Creating shared instance of singleton bean 'jdbcTemplate'
17:03:29.582 [Test worker] DEBUG org.springframework.beans.factory.support.DefaultListableBeanFactory - Creating shared instance of singleton bean 'org.springframework.boot.autoconfigure.jdbc.JdbcTemplateAutoConfiguration$NamedParameterJdbcTemplateConfiguration'
17:03:29.583 [Test worker] DEBUG org.springframework.beans.factory.support.DefaultListableBeanFactory - Creating shared instance of singleton bean 'namedParameterJdbcTemplate'
17:03:29.583 [Test worker] DEBUG org.springframework.beans.factory.support.DefaultListableBeanFactory - Autowiring by type from bean name 'namedParameterJdbcTemplate' via factory method to bean named 'jdbcTemplate'
17:03:29.584 [Test worker] DEBUG org.springframework.beans.factory.support.DefaultListableBeanFactory - Creating shared instance of singleton bean 'org.springframework.boot.autoconfigure.jdbc.JdbcTemplateAutoConfiguration'
17:03:29.585 [Test worker] DEBUG org.springframework.beans.factory.support.DefaultListableBeanFactory - Creating shared instance of singleton bean 'org.springframework.boot.autoconfigure.security.servlet.SecurityAutoConfiguration'
17:03:29.585 [Test worker] DEBUG org.springframework.beans.factory.support.DefaultListableBeanFactory - Creating shared instance of singleton bean 'authenticationEventPublisher'
17:03:29.585 [Test worker] DEBUG org.springframework.beans.factory.support.DefaultListableBeanFactory - Autowiring by type from bean name 'authenticationEventPublisher' via factory method to bean named 'org.springframework.context.support.GenericApplicationContext@6576bac'
17:03:29.586 [Test worker] DEBUG org.springframework.beans.factory.support.DefaultListableBeanFactory - Creating shared instance of singleton bean 'spring.security-org.springframework.boot.autoconfigure.security.SecurityProperties'
17:03:29.587 [Test worker] DEBUG org.springframework.beans.factory.support.DefaultListableBeanFactory - Creating shared instance of singleton bean 'org.springframework.boot.autoconfigure.task.TaskSchedulingAutoConfiguration'
17:03:29.587 [Test worker] DEBUG org.springframework.beans.factory.support.DefaultListableBeanFactory - Creating shared instance of singleton bean 'taskSchedulerBuilder'
17:03:29.587 [Test worker] DEBUG org.springframework.beans.factory.support.DefaultListableBeanFactory - Creating shared instance of singleton bean 'spring.task.scheduling-org.springframework.boot.autoconfigure.task.TaskSchedulingProperties'
17:03:29.588 [Test worker] DEBUG org.springframework.beans.factory.support.DefaultListableBeanFactory - Autowiring by type from bean name 'taskSchedulerBuilder' via factory method to bean named 'spring.task.scheduling-org.springframework.boot.autoconfigure.task.TaskSchedulingProperties'
17:03:29.589 [Test worker] DEBUG org.springframework.beans.factory.support.DefaultListableBeanFactory - Creating shared instance of singleton bean 'org.springframework.boot.autoconfigure.jdbc.DataSourceTransactionManagerAutoConfiguration$DataSourceTransactionManagerConfiguration'
17:03:29.589 [Test worker] DEBUG org.springframework.core.LocalVariableTableParameterNameDiscoverer - Cannot find '.class' file for class [class org.springframework.boot.autoconfigure.jdbc.DataSourceTransactionManagerAutoConfiguration$DataSourceTransactionManagerConfiguration$$EnhancerBySpringCGLIB$$52157154] - unable to determine constructor/method parameter names
17:03:29.590 [Test worker] DEBUG org.springframework.beans.factory.support.DefaultListableBeanFactory - Autowiring by type from bean name 'org.springframework.boot.autoconfigure.jdbc.DataSourceTransactionManagerAutoConfiguration$DataSourceTransactionManagerConfiguration' via constructor to bean named 'dataSource'
17:03:29.590 [Test worker] DEBUG org.springframework.beans.factory.support.DefaultListableBeanFactory - Creating shared instance of singleton bean 'org.springframework.boot.autoconfigure.jdbc.DataSourceTransactionManagerAutoConfiguration'
17:03:29.591 [Test worker] DEBUG org.springframework.beans.factory.support.DefaultListableBeanFactory - Creating shared instance of singleton bean 'org.springframework.boot.autoconfigure.transaction.TransactionAutoConfiguration$EnableTransactionManagementConfiguration$CglibAutoProxyConfiguration'
17:03:29.591 [Test worker] DEBUG org.springframework.beans.factory.support.DefaultListableBeanFactory - Creating shared instance of singleton bean 'org.springframework.boot.autoconfigure.transaction.TransactionAutoConfiguration$EnableTransactionManagementConfiguration'
17:03:29.592 [Test worker] DEBUG org.springframework.beans.factory.support.DefaultListableBeanFactory - Creating shared instance of singleton bean 'org.springframework.boot.autoconfigure.transaction.TransactionAutoConfiguration$TransactionTemplateConfiguration'
17:03:29.592 [Test worker] DEBUG org.springframework.core.LocalVariableTableParameterNameDiscoverer - Cannot find '.class' file for class [class org.springframework.boot.autoconfigure.transaction.TransactionAutoConfiguration$TransactionTemplateConfiguration$$EnhancerBySpringCGLIB$$a39f3627] - unable to determine constructor/method parameter names
17:03:29.592 [Test worker] DEBUG org.springframework.beans.factory.support.DefaultListableBeanFactory - Autowiring by type from bean name 'org.springframework.boot.autoconfigure.transaction.TransactionAutoConfiguration$TransactionTemplateConfiguration' via constructor to bean named 'transactionManager'
17:03:29.593 [Test worker] DEBUG org.springframework.beans.factory.support.DefaultListableBeanFactory - Creating shared instance of singleton bean 'transactionTemplate'
17:03:29.593 [Test worker] DEBUG org.springframework.beans.factory.support.DefaultListableBeanFactory - Creating shared instance of singleton bean 'org.springframework.boot.autoconfigure.web.client.RestTemplateAutoConfiguration'
17:03:29.594 [Test worker] DEBUG org.springframework.core.LocalVariableTableParameterNameDiscoverer - Cannot find '.class' file for class [class org.springframework.boot.autoconfigure.web.client.RestTemplateAutoConfiguration$$EnhancerBySpringCGLIB$$402ad266] - unable to determine constructor/method parameter names
17:03:29.594 [Test worker] DEBUG org.springframework.beans.factory.support.DefaultListableBeanFactory - Creating shared instance of singleton bean 'restTemplateBuilder'
17:03:29.598 [Test worker] DEBUG org.springframework.jmx.export.annotation.AnnotationMBeanExporter - Registering beans for JMX exposure on startup
17:03:29.599 [Test worker] DEBUG org.springframework.jmx.export.annotation.AnnotationMBeanExporter - Autodetecting user-defined JMX MBeans
17:03:29.599 [Test worker] DEBUG org.springframework.jmx.export.annotation.AnnotationMBeanExporter - Bean with name 'dataSource' has been autodetected for JMX exposure
17:03:29.600 [Test worker] DEBUG org.springframework.jmx.export.annotation.AnnotationMBeanExporter - Located MBean 'dataSource': registering with JMX server as MBean [com.zaxxer.hikari:name=dataSource,type=HikariDataSource]
17:03:29.602 [Test worker] DEBUG org.springframework.test.context.cache.DefaultCacheAwareContextLoaderDelegate - Storing ApplicationContext in cache under key [[MergedContextConfiguration@152ba806 testClass = CertificateRepositoryTest, locations = '{}', classes = '{class com.epam.esm.TestConfig}', contextInitializerClasses = '[]', activeProfiles = '{}', propertySourceLocations = '{}', propertySourceProperties = '{}', contextCustomizers = set[[empty]], contextLoader = 'org.springframework.test.context.support.DelegatingSmartContextLoader', parent = [null]]]
17:03:29.602 [Test worker] DEBUG org.springframework.test.context.cache - Spring test ApplicationContext cache statistics: [DefaultContextCache@2bed31e4 size = 1, maxSize = 32, parentContextCount = 0, hitCount = 2, missCount = 3]
17:03:29.604 [Test worker] DEBUG org.springframework.test.context.support.AbstractDirtiesContextTestExecutionListener - Before test method: context [DefaultTestContext@6e844a53 testClass = CertificateRepositoryTest, testInstance = com.epam.esm.repository.CertificateRepositoryTest@46d7d85d, testMethod = findById@CertificateRepositoryTest, testException = [null], mergedContextConfiguration = [MergedContextConfiguration@152ba806 testClass = CertificateRepositoryTest, locations = '{}', classes = '{class com.epam.esm.TestConfig}', contextInitializerClasses = '[]', activeProfiles = '{}', propertySourceLocations = '{}', propertySourceProperties = '{}', contextCustomizers = set[[empty]], contextLoader = 'org.springframework.test.context.support.DelegatingSmartContextLoader', parent = [null]], attributes = map[[empty]]], class annotated with @DirtiesContext [true] with mode [AFTER_EACH_TEST_METHOD], method annotated with @DirtiesContext [false] with mode [null].
17:03:29.604 [Test worker] DEBUG org.springframework.test.context.transaction.TransactionalTestExecutionListener - Explicit transaction definition [PROPAGATION_REQUIRED,ISOLATION_DEFAULT] found for test context [DefaultTestContext@6e844a53 testClass = CertificateRepositoryTest, testInstance = com.epam.esm.repository.CertificateRepositoryTest@46d7d85d, testMethod = findById@CertificateRepositoryTest, testException = [null], mergedContextConfiguration = [MergedContextConfiguration@152ba806 testClass = CertificateRepositoryTest, locations = '{}', classes = '{class com.epam.esm.TestConfig}', contextInitializerClasses = '[]', activeProfiles = '{}', propertySourceLocations = '{}', propertySourceProperties = '{}', contextCustomizers = set[[empty]], contextLoader = 'org.springframework.test.context.support.DelegatingSmartContextLoader', parent = [null]], attributes = map[[empty]]]
17:03:29.605 [Test worker] DEBUG org.springframework.test.context.cache.DefaultCacheAwareContextLoaderDelegate - Retrieved ApplicationContext from cache with key [[MergedContextConfiguration@152ba806 testClass = CertificateRepositoryTest, locations = '{}', classes = '{class com.epam.esm.TestConfig}', contextInitializerClasses = '[]', activeProfiles = '{}', propertySourceLocations = '{}', propertySourceProperties = '{}', contextCustomizers = set[[empty]], contextLoader = 'org.springframework.test.context.support.DelegatingSmartContextLoader', parent = [null]]]
17:03:29.605 [Test worker] DEBUG org.springframework.test.context.cache - Spring test ApplicationContext cache statistics: [DefaultContextCache@2bed31e4 size = 1, maxSize = 32, parentContextCount = 0, hitCount = 3, missCount = 3]
17:03:29.605 [Test worker] DEBUG org.springframework.test.context.transaction.TransactionalTestExecutionListener - No method-level @Rollback override: using default rollback [true] for test context [DefaultTestContext@6e844a53 testClass = CertificateRepositoryTest, testInstance = com.epam.esm.repository.CertificateRepositoryTest@46d7d85d, testMethod = findById@CertificateRepositoryTest, testException = [null], mergedContextConfiguration = [MergedContextConfiguration@152ba806 testClass = CertificateRepositoryTest, locations = '{}', classes = '{class com.epam.esm.TestConfig}', contextInitializerClasses = '[]', activeProfiles = '{}', propertySourceLocations = '{}', propertySourceProperties = '{}', contextCustomizers = set[[empty]], contextLoader = 'org.springframework.test.context.support.DelegatingSmartContextLoader', parent = [null]], attributes = map[[empty]]].
17:03:29.605 [Test worker] DEBUG org.springframework.orm.jpa.JpaTransactionManager - Creating new transaction with name [com.epam.esm.repository.CertificateRepositoryTest.findById]: PROPAGATION_REQUIRED,ISOLATION_DEFAULT
17:03:29.605 [Test worker] DEBUG org.hibernate.stat.internal.StatisticsInitiator - Statistics initialized [enabled=false]
17:03:29.605 [Test worker] DEBUG org.springframework.orm.jpa.JpaTransactionManager - Opened new EntityManager [SessionImpl(1791024372<open>)] for JPA transaction
17:03:29.606 [Test worker] DEBUG org.hibernate.engine.transaction.internal.TransactionImpl - On TransactionImpl creation, JpaCompliance#isJpaTransactionComplianceEnabled == false
17:03:29.606 [Test worker] DEBUG org.hibernate.engine.transaction.internal.TransactionImpl - begin
17:03:29.606 [Test worker] DEBUG org.springframework.orm.jpa.JpaTransactionManager - Exposing JPA transaction as JDBC [org.springframework.orm.jpa.vendor.HibernateJpaDialect$HibernateConnectionHandle@1061cf9f]
17:03:29.606 [Test worker] INFO org.springframework.test.context.transaction.TransactionContext - Began transaction (1) for test context [DefaultTestContext@6e844a53 testClass = CertificateRepositoryTest, testInstance = com.epam.esm.repository.CertificateRepositoryTest@46d7d85d, testMethod = findById@CertificateRepositoryTest, testException = [null], mergedContextConfiguration = [MergedContextConfiguration@152ba806 testClass = CertificateRepositoryTest, locations = '{}', classes = '{class com.epam.esm.TestConfig}', contextInitializerClasses = '[]', activeProfiles = '{}', propertySourceLocations = '{}', propertySourceProperties = '{}', contextCustomizers = set[[empty]], contextLoader = 'org.springframework.test.context.support.DelegatingSmartContextLoader', parent = [null]], attributes = map[[empty]]]; transaction manager [org.springframework.orm.jpa.JpaTransactionManager@39fb1cdf]; rollback [true]
17:03:29.606 [Test worker] DEBUG org.springframework.orm.jpa.JpaTransactionManager - Initiating transaction rollback
17:03:29.606 [Test worker] DEBUG org.springframework.orm.jpa.JpaTransactionManager - Rolling back JPA transaction on EntityManager [SessionImpl(1791024372<open>)]
17:03:29.606 [Test worker] DEBUG org.hibernate.engine.transaction.internal.TransactionImpl - rolling back
17:03:29.607 [Test worker] DEBUG org.springframework.orm.jpa.JpaTransactionManager - Closing JPA EntityManager [SessionImpl(1791024372<open>)] after transaction
17:03:29.607 [Test worker] INFO org.springframework.test.context.transaction.TransactionContext - Rolled back transaction for test context [DefaultTestContext@6e844a53 testClass = CertificateRepositoryTest, testInstance = com.epam.esm.repository.CertificateRepositoryTest@46d7d85d, testMethod = findById@CertificateRepositoryTest, testException = [null], mergedContextConfiguration = [MergedContextConfiguration@152ba806 testClass = CertificateRepositoryTest, locations = '{}', classes = '{class com.epam.esm.TestConfig}', contextInitializerClasses = '[]', activeProfiles = '{}', propertySourceLocations = '{}', propertySourceProperties = '{}', contextCustomizers = set[[empty]], contextLoader = 'org.springframework.test.context.support.DelegatingSmartContextLoader', parent = [null]], attributes = map[[empty]]].
17:03:29.607 [Test worker] DEBUG org.springframework.test.context.support.AbstractDirtiesContextTestExecutionListener - After test method: context [DefaultTestContext@6e844a53 testClass = CertificateRepositoryTest, testInstance = com.epam.esm.repository.CertificateRepositoryTest@46d7d85d, testMethod = findById@CertificateRepositoryTest, testException = [null], mergedContextConfiguration = [MergedContextConfiguration@152ba806 testClass = CertificateRepositoryTest, locations = '{}', classes = '{class com.epam.esm.TestConfig}', contextInitializerClasses = '[]', activeProfiles = '{}', propertySourceLocations = '{}', propertySourceProperties = '{}', contextCustomizers = set[[empty]], contextLoader = 'org.springframework.test.context.support.DelegatingSmartContextLoader', parent = [null]], attributes = map[[empty]]], class annotated with @DirtiesContext [true] with mode [AFTER_EACH_TEST_METHOD], method annotated with @DirtiesContext [false] with mode [null].
17:03:29.607 [Test worker] DEBUG org.springframework.context.support.GenericApplicationContext - Closing org.springframework.context.support.GenericApplicationContext@6576bac, started on Wed Oct 23 17:03:29 MSK 2019
17:03:29.608 [Test worker] DEBUG org.springframework.jmx.export.annotation.AnnotationMBeanExporter - Unregistering JMX-exposed beans on shutdown
17:03:29.608 [Test worker] DEBUG org.springframework.jmx.export.annotation.AnnotationMBeanExporter - Unregistering JMX-exposed beans
17:03:29.608 [Test worker] INFO org.springframework.orm.jpa.LocalContainerEntityManagerFactoryBean - Closing JPA EntityManagerFactory for persistence unit 'default'
17:03:29.608 [Test worker] DEBUG org.hibernate.internal.SessionFactoryImpl - HHH000031: Closing
17:03:29.608 [Test worker] INFO org.hibernate.tool.schema.internal.SchemaDropperImpl$DelayedDropActionImpl - HHH000477: Starting delayed evictData of schema as part of SessionFactory shut-down'
17:03:29.608 [Test worker] DEBUG org.hibernate.SQL - drop table application_order if exists
17:03:29.610 [Test worker] DEBUG org.hibernate.SQL - drop table application_role if exists
17:03:29.611 [Test worker] DEBUG org.hibernate.SQL - drop table application_user if exists
17:03:29.611 [Test worker] DEBUG org.hibernate.SQL - drop table certificate if exists
17:03:29.613 [Test worker] DEBUG org.hibernate.SQL - drop table certificate_tag if exists
17:03:29.613 [Test worker] DEBUG org.hibernate.SQL - drop table entity if exists
17:03:29.614 [Test worker] DEBUG org.hibernate.SQL - drop table order_certificate if exists
17:03:29.615 [Test worker] DEBUG org.hibernate.SQL - drop table tag if exists
17:03:29.616 [Test worker] DEBUG org.hibernate.type.spi.TypeConfiguration$Scope - Un-scoping TypeConfiguration [org.hibernate.type.spi.TypeConfiguration$Scope@47bbf0e3] from SessionFactory [org.hibernate.internal.SessionFactoryImpl@62e6a84b]
17:03:29.616 [Test worker] DEBUG org.hibernate.service.internal.AbstractServiceRegistryImpl - Implicitly destroying ServiceRegistry on de-registration of all child ServiceRegistries
17:03:29.616 [Test worker] DEBUG org.hibernate.boot.registry.internal.BootstrapServiceRegistryImpl - Implicitly destroying Boot-strap registry on de-registration of all child ServiceRegistries
17:03:29.616 [Test worker] INFO com.zaxxer.hikari.HikariDataSource - HikariPool-3 - Shutdown initiated...
17:03:29.617 [Test worker] DEBUG com.zaxxer.hikari.pool.HikariPool - HikariPool-3 - Before shutdown stats (total=10, active=0, idle=10, waiting=0)
17:03:29.617 [HikariPool-3 connection closer] DEBUG com.zaxxer.hikari.pool.PoolBase - HikariPool-3 - Closing connection conn20: url=jdbc:h2:mem:testdb user=SA: (connection evicted)
17:03:29.618 [HikariPool-3 connection closer] DEBUG com.zaxxer.hikari.pool.PoolBase - HikariPool-3 - Closing connection conn21: url=jdbc:h2:mem:testdb user=SA: (connection evicted)
17:03:29.618 [HikariPool-3 connection closer] DEBUG com.zaxxer.hikari.pool.PoolBase - HikariPool-3 - Closing connection conn22: url=jdbc:h2:mem:testdb user=SA: (connection evicted)
17:03:29.619 [HikariPool-3 connection closer] DEBUG com.zaxxer.hikari.pool.PoolBase - HikariPool-3 - Closing connection conn23: url=jdbc:h2:mem:testdb user=SA: (connection evicted)
17:03:29.619 [HikariPool-3 connection closer] DEBUG com.zaxxer.hikari.pool.PoolBase - HikariPool-3 - Closing connection conn24: url=jdbc:h2:mem:testdb user=SA: (connection evicted)
17:03:29.619 [HikariPool-3 connection closer] DEBUG com.zaxxer.hikari.pool.PoolBase - HikariPool-3 - Closing connection conn25: url=jdbc:h2:mem:testdb user=SA: (connection evicted)
17:03:29.619 [HikariPool-3 connection closer] DEBUG com.zaxxer.hikari.pool.PoolBase - HikariPool-3 - Closing connection conn26: url=jdbc:h2:mem:testdb user=SA: (connection evicted)
17:03:29.620 [HikariPool-3 connection closer] DEBUG com.zaxxer.hikari.pool.PoolBase - HikariPool-3 - Closing connection conn27: url=jdbc:h2:mem:testdb user=SA: (connection evicted)
17:03:29.620 [HikariPool-3 connection closer] DEBUG com.zaxxer.hikari.pool.PoolBase - HikariPool-3 - Closing connection conn28: url=jdbc:h2:mem:testdb user=SA: (connection evicted)
17:03:29.620 [HikariPool-3 connection closer] DEBUG com.zaxxer.hikari.pool.PoolBase - HikariPool-3 - Closing connection conn29: url=jdbc:h2:mem:testdb user=SA: (connection evicted)
17:03:29.621 [Test worker] DEBUG com.zaxxer.hikari.pool.HikariPool - HikariPool-3 - After shutdown stats (total=0, active=0, idle=0, waiting=0)
17:03:29.621 [Test worker] INFO com.zaxxer.hikari.HikariDataSource - HikariPool-3 - Shutdown completed.
17:03:29.621 [Test worker] DEBUG org.springframework.test.context.support.DependencyInjectionTestExecutionListener - Performing dependency injection for test context [[DefaultTestContext@6e844a53 testClass = CertificateRepositoryTest, testInstance = com.epam.esm.repository.CertificateRepositoryTest@35f38c4a, testMethod = [null], testException = [null], mergedContextConfiguration = [MergedContextConfiguration@152ba806 testClass = CertificateRepositoryTest, locations = '{}', classes = '{class com.epam.esm.TestConfig}', contextInitializerClasses = '[]', activeProfiles = '{}', propertySourceLocations = '{}', propertySourceProperties = '{}', contextCustomizers = set[[empty]], contextLoader = 'org.springframework.test.context.support.DelegatingSmartContextLoader', parent = [null]], attributes = map['org.springframework.test.context.support.DependencyInjectionTestExecutionListener.reinjectDependencies' -> true]]].
17:03:29.622 [Test worker] DEBUG org.springframework.test.context.support.AbstractDelegatingSmartContextLoader - Delegating to AnnotationConfigContextLoader to load context from [MergedContextConfiguration@152ba806 testClass = CertificateRepositoryTest, locations = '{}', classes = '{class com.epam.esm.TestConfig}', contextInitializerClasses = '[]', activeProfiles = '{}', propertySourceLocations = '{}', propertySourceProperties = '{}', contextCustomizers = set[[empty]], contextLoader = 'org.springframework.test.context.support.DelegatingSmartContextLoader', parent = [null]].
17:03:29.622 [Test worker] DEBUG org.springframework.test.context.support.AbstractGenericContextLoader - Loading ApplicationContext for merged context configuration [[MergedContextConfiguration@152ba806 testClass = CertificateRepositoryTest, locations = '{}', classes = '{class com.epam.esm.TestConfig}', contextInitializerClasses = '[]', activeProfiles = '{}', propertySourceLocations = '{}', propertySourceProperties = '{}', contextCustomizers = set[[empty]], contextLoader = 'org.springframework.test.context.support.DelegatingSmartContextLoader', parent = [null]]].
17:03:29.622 [Test worker] DEBUG org.springframework.core.env.StandardEnvironment - Activating profiles []
17:03:29.622 [Test worker] DEBUG org.springframework.test.context.support.AnnotationConfigContextLoader - Registering annotated classes: {class com.epam.esm.TestConfig}
17:03:29.623 [Test worker] DEBUG org.springframework.context.support.GenericApplicationContext - Refreshing org.springframework.context.support.GenericApplicationContext@7cf08a6d
17:03:29.623 [Test worker] DEBUG org.springframework.beans.factory.support.DefaultListableBeanFactory - Creating shared instance of singleton bean 'org.springframework.context.annotation.internalConfigurationAnnotationProcessor'
17:03:29.635 [Test worker] DEBUG org.springframework.context.annotation.ClassPathBeanDefinitionScanner - Identified candidate component class: file [/Users/dzmitryplatonov/Desktop/workdir/giftcertificates/datasource/build/classes/java/main/com/epam/esm/repository/CertificateRepository.class]
17:03:29.635 [Test worker] DEBUG org.springframework.context.annotation.ClassPathBeanDefinitionScanner - Identified candidate component class: file [/Users/dzmitryplatonov/Desktop/workdir/giftcertificates/datasource/build/classes/java/main/com/epam/esm/repository/OrderCertificateRepository.class]
17:03:29.635 [Test worker] DEBUG org.springframework.context.annotation.ClassPathBeanDefinitionScanner - Identified candidate component class: file [/Users/dzmitryplatonov/Desktop/workdir/giftcertificates/datasource/build/classes/java/main/com/epam/esm/repository/OrderRepository.class]
17:03:29.636 [Test worker] DEBUG org.springframework.context.annotation.ClassPathBeanDefinitionScanner - Identified candidate component class: file [/Users/dzmitryplatonov/Desktop/workdir/giftcertificates/datasource/build/classes/java/main/com/epam/esm/repository/TagRepository.class]
17:03:29.636 [Test worker] DEBUG org.springframework.context.annotation.ClassPathBeanDefinitionScanner - Identified candidate component class: file [/Users/dzmitryplatonov/Desktop/workdir/giftcertificates/datasource/build/classes/java/main/com/epam/esm/repository/UserRepository.class]
17:03:29.637 [Test worker] DEBUG org.springframework.context.annotation.ClassPathBeanDefinitionScanner - Identified candidate component class: file [/Users/dzmitryplatonov/Desktop/workdir/giftcertificates/datasource/build/classes/java/main/com/epam/esm/repository/predicate/CriteriaBuilderHelper.class]
17:03:29.716 [Test worker] DEBUG org.springframework.beans.factory.support.DefaultListableBeanFactory - Creating shared instance of singleton bean 'org.springframework.boot.autoconfigure.condition.BeanTypeRegistry'
17:03:29.732 [Test worker] INFO org.springframework.data.repository.config.RepositoryConfigurationDelegate - Bootstrapping Spring Data repositories in DEFAULT mode.
17:03:29.733 [Test worker] DEBUG org.springframework.beans.factory.support.DefaultListableBeanFactory - Creating shared instance of singleton bean 'org.springframework.boot.autoconfigure.AutoConfigurationPackages'
17:03:29.733 [Test worker] DEBUG org.springframework.boot.autoconfigure.AutoConfigurationPackages - @EnableAutoConfiguration was declared on a class in the package 'com.epam.esm'. Automatic @Repository and @Entity scanning is enabled.
17:03:29.733 [Test worker] DEBUG org.springframework.data.repository.config.RepositoryConfigurationDelegate - Scanning for repositories in packages com.epam.esm.
17:03:29.738 [Test worker] INFO org.springframework.data.repository.config.RepositoryConfigurationDelegate - Finished Spring Data repository scanning in 4ms. Found 0 repository interfaces.
17:03:29.759 [Test worker] DEBUG org.springframework.beans.factory.support.DefaultListableBeanFactory - Creating shared instance of singleton bean 'propertySourcesPlaceholderConfigurer'
17:03:29.759 [Test worker] DEBUG org.springframework.beans.factory.support.DefaultListableBeanFactory - Creating shared instance of singleton bean 'emBeanDefinitionRegistrarPostProcessor'
17:03:29.760 [Test worker] DEBUG org.springframework.beans.factory.support.DefaultListableBeanFactory - Creating shared instance of singleton bean 'org.springframework.context.event.internalEventListenerProcessor'
17:03:29.760 [Test worker] DEBUG org.springframework.beans.factory.support.DefaultListableBeanFactory - Creating shared instance of singleton bean 'org.springframework.boot.context.properties.ConfigurationBeanFactoryMetadata'
17:03:29.761 [Test worker] DEBUG org.springframework.beans.factory.support.DefaultListableBeanFactory - Creating shared instance of singleton bean 'org.springframework.context.event.internalEventListenerFactory'
17:03:29.761 [Test worker] DEBUG org.springframework.beans.factory.support.DefaultListableBeanFactory - Creating shared instance of singleton bean 'org.springframework.transaction.config.internalTransactionalEventListenerFactory'
17:03:29.762 [Test worker] DEBUG org.springframework.beans.factory.support.DefaultListableBeanFactory - Creating shared instance of singleton bean 'org.springframework.context.annotation.internalAutowiredAnnotationProcessor'
17:03:29.762 [Test worker] DEBUG org.springframework.beans.factory.support.DefaultListableBeanFactory - Creating shared instance of singleton bean 'org.springframework.context.annotation.internalCommonAnnotationProcessor'
17:03:29.762 [Test worker] DEBUG org.springframework.beans.factory.support.DefaultListableBeanFactory - Creating shared instance of singleton bean 'org.springframework.context.annotation.internalPersistenceAnnotationProcessor'
17:03:29.762 [Test worker] DEBUG org.springframework.beans.factory.support.DefaultListableBeanFactory - Creating shared instance of singleton bean 'org.springframework.boot.context.properties.ConfigurationPropertiesBindingPostProcessor'
17:03:29.763 [Test worker] DEBUG org.springframework.beans.factory.support.DefaultListableBeanFactory - Creating shared instance of singleton bean 'methodValidationPostProcessor'
17:03:29.763 [Test worker] DEBUG org.springframework.beans.factory.support.DefaultListableBeanFactory - Autowiring by type from bean name 'methodValidationPostProcessor' via factory method to bean named 'environment'
17:03:29.764 [Test worker] DEBUG org.springframework.beans.factory.support.DefaultListableBeanFactory - Creating shared instance of singleton bean 'org.springframework.aop.config.internalAutoProxyCreator'
17:03:29.766 [Test worker] DEBUG org.springframework.beans.factory.support.DefaultListableBeanFactory - Creating shared instance of singleton bean 'dataSourceInitializerPostProcessor'
17:03:29.766 [Test worker] DEBUG org.springframework.beans.factory.support.DefaultListableBeanFactory - Creating shared instance of singleton bean 'persistenceExceptionTranslationPostProcessor'
17:03:29.767 [Test worker] DEBUG org.springframework.beans.factory.support.DefaultListableBeanFactory - Autowiring by type from bean name 'persistenceExceptionTranslationPostProcessor' via factory method to bean named 'environment'
17:03:29.767 [Test worker] DEBUG org.springframework.beans.factory.support.DefaultListableBeanFactory - Creating shared instance of singleton bean 'dataSourceInitializedPublisher'
17:03:29.769 [Test worker] DEBUG org.springframework.beans.factory.support.DefaultListableBeanFactory - Creating shared instance of singleton bean 'entityManagerFactory'
17:03:29.769 [Test worker] DEBUG org.springframework.beans.factory.support.DefaultListableBeanFactory - Creating shared instance of singleton bean 'org.springframework.transaction.config.internalTransactionAdvisor'
17:03:29.769 [Test worker] DEBUG org.springframework.beans.factory.support.DefaultListableBeanFactory - Creating shared instance of singleton bean 'org.springframework.transaction.annotation.ProxyTransactionManagementConfiguration'
17:03:29.773 [Test worker] DEBUG org.springframework.beans.factory.support.DefaultListableBeanFactory - Creating shared instance of singleton bean 'transactionAttributeSource'
17:03:29.774 [Test worker] DEBUG org.springframework.beans.factory.support.DefaultListableBeanFactory - Creating shared instance of singleton bean 'transactionInterceptor'
17:03:29.775 [Test worker] DEBUG org.springframework.beans.factory.support.DefaultListableBeanFactory - Creating shared instance of singleton bean 'org.springframework.boot.autoconfigure.orm.jpa.HibernateJpaConfiguration'
17:03:29.775 [Test worker] DEBUG org.springframework.core.LocalVariableTableParameterNameDiscoverer - Cannot find '.class' file for class [class org.springframework.boot.autoconfigure.orm.jpa.HibernateJpaConfiguration$$EnhancerBySpringCGLIB$$c3eb9b54] - unable to determine constructor/method parameter names
17:03:29.776 [Test worker] DEBUG org.springframework.beans.factory.support.DefaultListableBeanFactory - Creating shared instance of singleton bean 'dataSource'
17:03:29.776 [Test worker] DEBUG org.springframework.beans.factory.support.DefaultListableBeanFactory - Creating shared instance of singleton bean 'org.springframework.boot.autoconfigure.jdbc.DataSourceConfiguration$Hikari'
17:03:29.777 [Test worker] DEBUG org.springframework.beans.factory.support.DefaultListableBeanFactory - Creating shared instance of singleton bean 'spring.datasource-org.springframework.boot.autoconfigure.jdbc.DataSourceProperties'
17:03:29.779 [Test worker] DEBUG org.springframework.beans.factory.support.DefaultListableBeanFactory - Autowiring by type from bean name 'dataSource' via factory method to bean named 'spring.datasource-org.springframework.boot.autoconfigure.jdbc.DataSourceProperties'
17:03:29.783 [Test worker] DEBUG com.zaxxer.hikari.HikariConfig - Driver class org.h2.Driver found in Thread context class loader jdk.internal.loader.ClassLoaders$AppClassLoader@2c13da15
17:03:29.788 [Test worker] DEBUG org.springframework.beans.factory.support.DefaultListableBeanFactory - Creating shared instance of singleton bean 'org.springframework.boot.autoconfigure.jdbc.DataSourceInitializerInvoker'
17:03:29.789 [Test worker] DEBUG org.springframework.beans.factory.support.DefaultListableBeanFactory - Autowiring by type from bean name 'org.springframework.boot.autoconfigure.jdbc.DataSourceInitializerInvoker' via constructor to bean named 'spring.datasource-org.springframework.boot.autoconfigure.jdbc.DataSourceProperties'
17:03:29.789 [Test worker] DEBUG org.springframework.beans.factory.support.DefaultListableBeanFactory - Autowiring by type from bean name 'org.springframework.boot.autoconfigure.jdbc.DataSourceInitializerInvoker' via constructor to bean named 'org.springframework.context.support.GenericApplicationContext@7cf08a6d'
17:03:29.790 [Test worker] DEBUG org.springframework.beans.factory.support.DefaultListableBeanFactory - Creating shared instance of singleton bean 'spring.jpa-org.springframework.boot.autoconfigure.orm.jpa.JpaProperties'
17:03:29.792 [Test worker] DEBUG org.springframework.beans.factory.support.DefaultListableBeanFactory - Creating shared instance of singleton bean 'spring.jpa.hibernate-org.springframework.boot.autoconfigure.orm.jpa.HibernateProperties'
17:03:29.793 [Test worker] DEBUG org.springframework.beans.factory.support.DefaultListableBeanFactory - Autowiring by type from bean name 'org.springframework.boot.autoconfigure.orm.jpa.HibernateJpaConfiguration' via constructor to bean named 'dataSource'
17:03:29.793 [Test worker] DEBUG org.springframework.beans.factory.support.DefaultListableBeanFactory - Autowiring by type from bean name 'org.springframework.boot.autoconfigure.orm.jpa.HibernateJpaConfiguration' via constructor to bean named 'spring.jpa-org.springframework.boot.autoconfigure.orm.jpa.JpaProperties'
17:03:29.793 [Test worker] DEBUG org.springframework.beans.factory.support.DefaultListableBeanFactory - Autowiring by type from bean name 'org.springframework.boot.autoconfigure.orm.jpa.HibernateJpaConfiguration' via constructor to bean named 'org.springframework.beans.factory.support.DefaultListableBeanFactory@2016b01e'
17:03:29.793 [Test worker] DEBUG org.springframework.beans.factory.support.DefaultListableBeanFactory - Autowiring by type from bean name 'org.springframework.boot.autoconfigure.orm.jpa.HibernateJpaConfiguration' via constructor to bean named 'spring.jpa.hibernate-org.springframework.boot.autoconfigure.orm.jpa.HibernateProperties'
17:03:29.794 [Test worker] DEBUG org.springframework.beans.factory.support.DefaultListableBeanFactory - Creating shared instance of singleton bean 'platformTransactionManagerCustomizers'
17:03:29.794 [Test worker] DEBUG org.springframework.beans.factory.support.DefaultListableBeanFactory - Creating shared instance of singleton bean 'org.springframework.boot.autoconfigure.transaction.TransactionAutoConfiguration'
17:03:29.795 [Test worker] DEBUG org.springframework.beans.factory.support.DefaultListableBeanFactory - Creating shared instance of singleton bean 'spring.transaction-org.springframework.boot.autoconfigure.transaction.TransactionProperties'
17:03:29.797 [Test worker] DEBUG org.springframework.beans.factory.support.DefaultListableBeanFactory - Creating shared instance of singleton bean 'hikariPoolDataSourceMetadataProvider'
17:03:29.797 [Test worker] DEBUG org.springframework.beans.factory.support.DefaultListableBeanFactory - Creating shared instance of singleton bean 'org.springframework.boot.autoconfigure.jdbc.metadata.DataSourcePoolMetadataProvidersConfiguration$HikariPoolDataSourceMetadataProviderConfiguration'
17:03:29.799 [Test worker] DEBUG org.springframework.beans.factory.support.DefaultListableBeanFactory - Creating shared instance of singleton bean 'entityManagerFactoryBuilder'
17:03:29.800 [Test worker] DEBUG org.springframework.beans.factory.support.DefaultListableBeanFactory - Creating shared instance of singleton bean 'jpaVendorAdapter'
17:03:29.800 [Test worker] DEBUG org.springframework.jdbc.datasource.DataSourceUtils - Fetching JDBC Connection from DataSource
17:03:29.800 [Test worker] DEBUG com.zaxxer.hikari.HikariConfig - HikariPool-4 - configuration:
17:03:29.801 [Test worker] DEBUG com.zaxxer.hikari.HikariConfig - allowPoolSuspension.............false
17:03:29.801 [Test worker] DEBUG com.zaxxer.hikari.HikariConfig - autoCommit......................true
17:03:29.801 [Test worker] DEBUG com.zaxxer.hikari.HikariConfig - catalog.........................none
17:03:29.801 [Test worker] DEBUG com.zaxxer.hikari.HikariConfig - connectionInitSql...............none
17:03:29.801 [Test worker] DEBUG com.zaxxer.hikari.HikariConfig - connectionTestQuery.............none
17:03:29.801 [Test worker] DEBUG com.zaxxer.hikari.HikariConfig - connectionTimeout...............30000
17:03:29.801 [Test worker] DEBUG com.zaxxer.hikari.HikariConfig - dataSource......................none
17:03:29.801 [Test worker] DEBUG com.zaxxer.hikari.HikariConfig - dataSourceClassName.............none
17:03:29.801 [Test worker] DEBUG com.zaxxer.hikari.HikariConfig - dataSourceJNDI..................none
17:03:29.801 [Test worker] DEBUG com.zaxxer.hikari.HikariConfig - dataSourceProperties............{password=<masked>}
17:03:29.801 [Test worker] DEBUG com.zaxxer.hikari.HikariConfig - driverClassName................."org.h2.Driver"
17:03:29.801 [Test worker] DEBUG com.zaxxer.hikari.HikariConfig - healthCheckProperties...........{}
17:03:29.801 [Test worker] DEBUG com.zaxxer.hikari.HikariConfig - healthCheckRegistry.............none
17:03:29.801 [Test worker] DEBUG com.zaxxer.hikari.HikariConfig - idleTimeout.....................600000
17:03:29.801 [Test worker] DEBUG com.zaxxer.hikari.HikariConfig - initializationFailTimeout.......1
17:03:29.802 [Test worker] DEBUG com.zaxxer.hikari.HikariConfig - isolateInternalQueries..........false
17:03:29.802 [Test worker] DEBUG com.zaxxer.hikari.HikariConfig - jdbcUrl.........................jdbc:h2:mem:testdb;DB_CLOSE_DELAY=-1;DB_CLOSE_ON_EXIT=FALSE
17:03:29.802 [Test worker] DEBUG com.zaxxer.hikari.HikariConfig - leakDetectionThreshold..........0
17:03:29.802 [Test worker] DEBUG com.zaxxer.hikari.HikariConfig - maxLifetime.....................1800000
17:03:29.802 [Test worker] DEBUG com.zaxxer.hikari.HikariConfig - maximumPoolSize.................10
17:03:29.802 [Test worker] DEBUG com.zaxxer.hikari.HikariConfig - metricRegistry..................none
17:03:29.802 [Test worker] DEBUG com.zaxxer.hikari.HikariConfig - metricsTrackerFactory...........none
17:03:29.802 [Test worker] DEBUG com.zaxxer.hikari.HikariConfig - minimumIdle.....................10
17:03:29.802 [Test worker] DEBUG com.zaxxer.hikari.HikariConfig - password........................<masked>
17:03:29.802 [Test worker] DEBUG com.zaxxer.hikari.HikariConfig - poolName........................"HikariPool-4"
17:03:29.802 [Test worker] DEBUG com.zaxxer.hikari.HikariConfig - readOnly........................false
17:03:29.802 [Test worker] DEBUG com.zaxxer.hikari.HikariConfig - registerMbeans..................false
17:03:29.802 [Test worker] DEBUG com.zaxxer.hikari.HikariConfig - scheduledExecutor...............none
17:03:29.802 [Test worker] DEBUG com.zaxxer.hikari.HikariConfig - schema..........................none
17:03:29.802 [Test worker] DEBUG com.zaxxer.hikari.HikariConfig - threadFactory...................internal
17:03:29.802 [Test worker] DEBUG com.zaxxer.hikari.HikariConfig - transactionIsolation............default
17:03:29.803 [Test worker] DEBUG com.zaxxer.hikari.HikariConfig - username........................"sa"
17:03:29.803 [Test worker] DEBUG com.zaxxer.hikari.HikariConfig - validationTimeout...............5000
17:03:29.803 [Test worker] INFO com.zaxxer.hikari.HikariDataSource - HikariPool-4 - Starting...
17:03:29.804 [Test worker] DEBUG com.zaxxer.hikari.pool.HikariPool - HikariPool-4 - Added connection conn30: url=jdbc:h2:mem:testdb user=SA
17:03:29.804 [Test worker] INFO com.zaxxer.hikari.HikariDataSource - HikariPool-4 - Start completed.
17:03:29.805 [Test worker] DEBUG org.springframework.beans.factory.support.DefaultListableBeanFactory - Autowiring by type from bean name 'entityManagerFactoryBuilder' via factory method to bean named 'jpaVendorAdapter'
17:03:29.806 [Test worker] DEBUG org.springframework.beans.factory.support.DefaultListableBeanFactory - Autowiring by type from bean name 'entityManagerFactory' via factory method to bean named 'entityManagerFactoryBuilder'
17:03:29.806 [Test worker] DEBUG org.springframework.jdbc.datasource.DataSourceUtils - Fetching JDBC Connection from DataSource
17:03:29.812 [Test worker] DEBUG org.springframework.orm.jpa.LocalContainerEntityManagerFactoryBean - Building JPA container EntityManagerFactory for persistence unit 'default'
17:03:29.812 [Test worker] DEBUG org.hibernate.jpa.internal.util.LogHelper - PersistenceUnitInfo [
	name: default
	persistence provider classname: null
	classloader: jdk.internal.loader.ClassLoaders$AppClassLoader@2c13da15
	excludeUnlistedClasses: true
	JTA datasource: null
	Non JTA datasource: HikariDataSource (HikariPool-4)
	Transaction type: RESOURCE_LOCAL
	PU root URL: file:/Users/dzmitryplatonov/Desktop/workdir/giftcertificates/datasource/build/classes/java/test/
	Shared Cache Mode: UNSPECIFIED
	Validation Mode: AUTO
	Jar files URLs []
	Managed classes names [
		com.epam.esm.entity.Entity
		com.epam.esm.entity.GiftCertificate
		com.epam.esm.entity.Order
		com.epam.esm.entity.OrderCertificate
		com.epam.esm.entity.Role
		com.epam.esm.entity.Tag
		com.epam.esm.entity.User]
	Mapping files names []
	Properties []
17:03:29.812 [Test worker] DEBUG org.hibernate.integrator.internal.IntegratorServiceImpl - Adding Integrator [org.hibernate.cfg.beanvalidation.BeanValidationIntegrator].
17:03:29.812 [Test worker] DEBUG org.hibernate.integrator.internal.IntegratorServiceImpl - Adding Integrator [org.hibernate.secure.spi.JaccIntegrator].
17:03:29.813 [Test worker] DEBUG org.hibernate.integrator.internal.IntegratorServiceImpl - Adding Integrator [org.hibernate.cache.internal.CollectionCacheInvalidator].
17:03:29.814 [Test worker] DEBUG org.hibernate.service.spi.ServiceBinding - Overriding existing service binding [org.hibernate.secure.spi.JaccService]
17:03:29.815 [Test worker] DEBUG org.hibernate.cache.internal.RegionFactoryInitiator - Cannot default RegionFactory based on registered strategies as `[]` RegionFactory strategies were registered
17:03:29.815 [Test worker] DEBUG org.hibernate.cache.internal.RegionFactoryInitiator - Cache region factory : org.hibernate.cache.internal.NoCachingRegionFactory
17:03:29.815 [Test worker] DEBUG org.hibernate.type.BasicTypeRegistry - Adding type registration boolean -> org.hibernate.type.BooleanType@7a361749
17:03:29.815 [Test worker] DEBUG org.hibernate.type.BasicTypeRegistry - Adding type registration boolean -> org.hibernate.type.BooleanType@7a361749
17:03:29.815 [Test worker] DEBUG org.hibernate.type.BasicTypeRegistry - Adding type registration java.lang.Boolean -> org.hibernate.type.BooleanType@7a361749
17:03:29.815 [Test worker] DEBUG org.hibernate.type.BasicTypeRegistry - Adding type registration numeric_boolean -> org.hibernate.type.NumericBooleanType@35b10044
17:03:29.815 [Test worker] DEBUG org.hibernate.type.BasicTypeRegistry - Adding type registration true_false -> org.hibernate.type.TrueFalseType@1b7f764d
17:03:29.815 [Test worker] DEBUG org.hibernate.type.BasicTypeRegistry - Adding type registration yes_no -> org.hibernate.type.YesNoType@726eb0b7
17:03:29.815 [Test worker] DEBUG org.hibernate.type.BasicTypeRegistry - Adding type registration byte -> org.hibernate.type.ByteType@17cb58e9
17:03:29.815 [Test worker] DEBUG org.hibernate.type.BasicTypeRegistry - Adding type registration byte -> org.hibernate.type.ByteType@17cb58e9
17:03:29.815 [Test worker] DEBUG org.hibernate.type.BasicTypeRegistry - Adding type registration java.lang.Byte -> org.hibernate.type.ByteType@17cb58e9
17:03:29.816 [Test worker] DEBUG org.hibernate.type.BasicTypeRegistry - Adding type registration character -> org.hibernate.type.CharacterType@30f0ba0d
17:03:29.816 [Test worker] DEBUG org.hibernate.type.BasicTypeRegistry - Adding type registration char -> org.hibernate.type.CharacterType@30f0ba0d
17:03:29.816 [Test worker] DEBUG org.hibernate.type.BasicTypeRegistry - Adding type registration java.lang.Character -> org.hibernate.type.CharacterType@30f0ba0d
17:03:29.816 [Test worker] DEBUG org.hibernate.type.BasicTypeRegistry - Adding type registration short -> org.hibernate.type.ShortType@27eea72e
17:03:29.816 [Test worker] DEBUG org.hibernate.type.BasicTypeRegistry - Adding type registration short -> org.hibernate.type.ShortType@27eea72e
17:03:29.816 [Test worker] DEBUG org.hibernate.type.BasicTypeRegistry - Adding type registration java.lang.Short -> org.hibernate.type.ShortType@27eea72e
17:03:29.816 [Test worker] DEBUG org.hibernate.type.BasicTypeRegistry - Adding type registration integer -> org.hibernate.type.IntegerType@3e734867
17:03:29.816 [Test worker] DEBUG org.hibernate.type.BasicTypeRegistry - Adding type registration int -> org.hibernate.type.IntegerType@3e734867
17:03:29.816 [Test worker] DEBUG org.hibernate.type.BasicTypeRegistry - Adding type registration java.lang.Integer -> org.hibernate.type.IntegerType@3e734867
17:03:29.816 [Test worker] DEBUG org.hibernate.type.BasicTypeRegistry - Adding type registration long -> org.hibernate.type.LongType@10654366
17:03:29.816 [Test worker] DEBUG org.hibernate.type.BasicTypeRegistry - Adding type registration long -> org.hibernate.type.LongType@10654366
17:03:29.816 [Test worker] DEBUG org.hibernate.type.BasicTypeRegistry - Adding type registration java.lang.Long -> org.hibernate.type.LongType@10654366
17:03:29.816 [Test worker] DEBUG org.hibernate.type.BasicTypeRegistry - Adding type registration float -> org.hibernate.type.FloatType@1072c4c1
17:03:29.816 [Test worker] DEBUG org.hibernate.type.BasicTypeRegistry - Adding type registration float -> org.hibernate.type.FloatType@1072c4c1
17:03:29.816 [Test worker] DEBUG org.hibernate.type.BasicTypeRegistry - Adding type registration java.lang.Float -> org.hibernate.type.FloatType@1072c4c1
17:03:29.816 [Test worker] DEBUG org.hibernate.type.BasicTypeRegistry - Adding type registration double -> org.hibernate.type.DoubleType@383d90d3
17:03:29.816 [Test worker] DEBUG org.hibernate.type.BasicTypeRegistry - Adding type registration double -> org.hibernate.type.DoubleType@383d90d3
17:03:29.816 [Test worker] DEBUG org.hibernate.type.BasicTypeRegistry - Adding type registration java.lang.Double -> org.hibernate.type.DoubleType@383d90d3
17:03:29.816 [Test worker] DEBUG org.hibernate.type.BasicTypeRegistry - Adding type registration big_decimal -> org.hibernate.type.BigDecimalType@322ff0c5
17:03:29.816 [Test worker] DEBUG org.hibernate.type.BasicTypeRegistry - Adding type registration java.math.BigDecimal -> org.hibernate.type.BigDecimalType@322ff0c5
17:03:29.816 [Test worker] DEBUG org.hibernate.type.BasicTypeRegistry - Adding type registration big_integer -> org.hibernate.type.BigIntegerType@219d1f47
17:03:29.816 [Test worker] DEBUG org.hibernate.type.BasicTypeRegistry - Adding type registration java.math.BigInteger -> org.hibernate.type.BigIntegerType@219d1f47
17:03:29.816 [Test worker] DEBUG org.hibernate.type.BasicTypeRegistry - Adding type registration string -> org.hibernate.type.StringType@7b9aad94
17:03:29.816 [Test worker] DEBUG org.hibernate.type.BasicTypeRegistry - Adding type registration java.lang.String -> org.hibernate.type.StringType@7b9aad94
17:03:29.816 [Test worker] DEBUG org.hibernate.type.BasicTypeRegistry - Adding type registration nstring -> org.hibernate.type.StringNVarcharType@39251dc7
17:03:29.816 [Test worker] DEBUG org.hibernate.type.BasicTypeRegistry - Adding type registration ncharacter -> org.hibernate.type.CharacterNCharType@284c8f8b
17:03:29.817 [Test worker] DEBUG org.hibernate.type.BasicTypeRegistry - Adding type registration url -> org.hibernate.type.UrlType@7c5e8cdb
17:03:29.817 [Test worker] DEBUG org.hibernate.type.BasicTypeRegistry - Adding type registration java.net.URL -> org.hibernate.type.UrlType@7c5e8cdb
17:03:29.817 [Test worker] DEBUG org.hibernate.type.BasicTypeRegistry - Adding type registration Duration -> org.hibernate.type.DurationType@5502b9d6
17:03:29.817 [Test worker] DEBUG org.hibernate.type.BasicTypeRegistry - Adding type registration java.time.Duration -> org.hibernate.type.DurationType@5502b9d6
17:03:29.817 [Test worker] DEBUG org.hibernate.type.BasicTypeRegistry - Adding type registration Instant -> org.hibernate.type.InstantType@52dea51b
17:03:29.817 [Test worker] DEBUG org.hibernate.type.BasicTypeRegistry - Adding type registration java.time.Instant -> org.hibernate.type.InstantType@52dea51b
17:03:29.817 [Test worker] DEBUG org.hibernate.type.BasicTypeRegistry - Adding type registration LocalDateTime -> org.hibernate.type.LocalDateTimeType@65741b68
17:03:29.817 [Test worker] DEBUG org.hibernate.type.BasicTypeRegistry - Adding type registration java.time.LocalDateTime -> org.hibernate.type.LocalDateTimeType@65741b68
17:03:29.817 [Test worker] DEBUG org.hibernate.type.BasicTypeRegistry - Adding type registration LocalDate -> org.hibernate.type.LocalDateType@33f0f7f9
17:03:29.817 [Test worker] DEBUG org.hibernate.type.BasicTypeRegistry - Adding type registration java.time.LocalDate -> org.hibernate.type.LocalDateType@33f0f7f9
17:03:29.817 [Test worker] DEBUG org.hibernate.type.BasicTypeRegistry - Adding type registration LocalTime -> org.hibernate.type.LocalTimeType@5e875231
17:03:29.817 [Test worker] DEBUG org.hibernate.type.BasicTypeRegistry - Adding type registration java.time.LocalTime -> org.hibernate.type.LocalTimeType@5e875231
17:03:29.817 [Test worker] DEBUG org.hibernate.type.BasicTypeRegistry - Adding type registration OffsetDateTime -> org.hibernate.type.OffsetDateTimeType@e161f10
17:03:29.817 [Test worker] DEBUG org.hibernate.type.BasicTypeRegistry - Adding type registration java.time.OffsetDateTime -> org.hibernate.type.OffsetDateTimeType@e161f10
17:03:29.817 [Test worker] DEBUG org.hibernate.type.BasicTypeRegistry - Adding type registration OffsetTime -> org.hibernate.type.OffsetTimeType@1ed4e4a1
17:03:29.817 [Test worker] DEBUG org.hibernate.type.BasicTypeRegistry - Adding type registration java.time.OffsetTime -> org.hibernate.type.OffsetTimeType@1ed4e4a1
17:03:29.817 [Test worker] DEBUG org.hibernate.type.BasicTypeRegistry - Adding type registration ZonedDateTime -> org.hibernate.type.ZonedDateTimeType@1f7b3ac5
17:03:29.817 [Test worker] DEBUG org.hibernate.type.BasicTypeRegistry - Adding type registration java.time.ZonedDateTime -> org.hibernate.type.ZonedDateTimeType@1f7b3ac5
17:03:29.817 [Test worker] DEBUG org.hibernate.type.BasicTypeRegistry - Adding type registration date -> org.hibernate.type.DateType@47db9e78
17:03:29.817 [Test worker] DEBUG org.hibernate.type.BasicTypeRegistry - Adding type registration java.sql.Date -> org.hibernate.type.DateType@47db9e78
17:03:29.817 [Test worker] DEBUG org.hibernate.type.BasicTypeRegistry - Adding type registration time -> org.hibernate.type.TimeType@19cf2a46
17:03:29.817 [Test worker] DEBUG org.hibernate.type.BasicTypeRegistry - Adding type registration java.sql.Time -> org.hibernate.type.TimeType@19cf2a46
17:03:29.817 [Test worker] DEBUG org.hibernate.type.BasicTypeRegistry - Adding type registration timestamp -> org.hibernate.type.TimestampType@33cc8709
17:03:29.817 [Test worker] DEBUG org.hibernate.type.BasicTypeRegistry - Adding type registration java.sql.Timestamp -> org.hibernate.type.TimestampType@33cc8709
17:03:29.817 [Test worker] DEBUG org.hibernate.type.BasicTypeRegistry - Adding type registration java.util.Date -> org.hibernate.type.TimestampType@33cc8709
17:03:29.817 [Test worker] DEBUG org.hibernate.type.BasicTypeRegistry - Adding type registration dbtimestamp -> org.hibernate.type.DbTimestampType@4bb8bc35
17:03:29.817 [Test worker] DEBUG org.hibernate.type.BasicTypeRegistry - Adding type registration calendar -> org.hibernate.type.CalendarType@6cda5f3e
17:03:29.817 [Test worker] DEBUG org.hibernate.type.BasicTypeRegistry - Adding type registration java.util.Calendar -> org.hibernate.type.CalendarType@6cda5f3e
17:03:29.817 [Test worker] DEBUG org.hibernate.type.BasicTypeRegistry - Adding type registration java.util.GregorianCalendar -> org.hibernate.type.CalendarType@6cda5f3e
17:03:29.817 [Test worker] DEBUG org.hibernate.type.BasicTypeRegistry - Adding type registration calendar_date -> org.hibernate.type.CalendarDateType@2cf12338
17:03:29.818 [Test worker] DEBUG org.hibernate.type.BasicTypeRegistry - Adding type registration locale -> org.hibernate.type.LocaleType@5fa83fc7
17:03:29.818 [Test worker] DEBUG org.hibernate.type.BasicTypeRegistry - Adding type registration java.util.Locale -> org.hibernate.type.LocaleType@5fa83fc7
17:03:29.818 [Test worker] DEBUG org.hibernate.type.BasicTypeRegistry - Adding type registration currency -> org.hibernate.type.CurrencyType@7198d6af
17:03:29.818 [Test worker] DEBUG org.hibernate.type.BasicTypeRegistry - Adding type registration java.util.Currency -> org.hibernate.type.CurrencyType@7198d6af
17:03:29.818 [Test worker] DEBUG org.hibernate.type.BasicTypeRegistry - Adding type registration timezone -> org.hibernate.type.TimeZoneType@5db6acf5
17:03:29.818 [Test worker] DEBUG org.hibernate.type.BasicTypeRegistry - Adding type registration java.util.TimeZone -> org.hibernate.type.TimeZoneType@5db6acf5
17:03:29.818 [Test worker] DEBUG org.hibernate.type.BasicTypeRegistry - Adding type registration class -> org.hibernate.type.ClassType@11e7b123
17:03:29.818 [Test worker] DEBUG org.hibernate.type.BasicTypeRegistry - Adding type registration java.lang.Class -> org.hibernate.type.ClassType@11e7b123
17:03:29.818 [Test worker] DEBUG org.hibernate.type.BasicTypeRegistry - Adding type registration uuid-binary -> org.hibernate.type.UUIDBinaryType@515d21bc
17:03:29.818 [Test worker] DEBUG org.hibernate.type.BasicTypeRegistry - Adding type registration java.util.UUID -> org.hibernate.type.UUIDBinaryType@515d21bc
17:03:29.818 [Test worker] DEBUG org.hibernate.type.BasicTypeRegistry - Adding type registration uuid-char -> org.hibernate.type.UUIDCharType@774ef163
17:03:29.818 [Test worker] DEBUG org.hibernate.type.BasicTypeRegistry - Adding type registration binary -> org.hibernate.type.BinaryType@5f00df0f
17:03:29.818 [Test worker] DEBUG org.hibernate.type.BasicTypeRegistry - Adding type registration byte[] -> org.hibernate.type.BinaryType@5f00df0f
17:03:29.818 [Test worker] DEBUG org.hibernate.type.BasicTypeRegistry - Adding type registration [B -> org.hibernate.type.BinaryType@5f00df0f
17:03:29.818 [Test worker] DEBUG org.hibernate.type.BasicTypeRegistry - Adding type registration wrapper-binary -> org.hibernate.type.WrapperBinaryType@1c4b0916
17:03:29.818 [Test worker] DEBUG org.hibernate.type.BasicTypeRegistry - Adding type registration Byte[] -> org.hibernate.type.WrapperBinaryType@1c4b0916
17:03:29.818 [Test worker] DEBUG org.hibernate.type.BasicTypeRegistry - Adding type registration [Ljava.lang.Byte; -> org.hibernate.type.WrapperBinaryType@1c4b0916
17:03:29.818 [Test worker] DEBUG org.hibernate.type.BasicTypeRegistry - Adding type registration row_version -> org.hibernate.type.RowVersionType@5a9358d7
17:03:29.818 [Test worker] DEBUG org.hibernate.type.BasicTypeRegistry - Adding type registration image -> org.hibernate.type.ImageType@b08df66
17:03:29.818 [Test worker] DEBUG org.hibernate.type.BasicTypeRegistry - Adding type registration characters -> org.hibernate.type.CharArrayType@69a415e0
17:03:29.818 [Test worker] DEBUG org.hibernate.type.BasicTypeRegistry - Adding type registration char[] -> org.hibernate.type.CharArrayType@69a415e0
17:03:29.818 [Test worker] DEBUG org.hibernate.type.BasicTypeRegistry - Adding type registration [C -> org.hibernate.type.CharArrayType@69a415e0
17:03:29.819 [Test worker] DEBUG org.hibernate.type.BasicTypeRegistry - Adding type registration wrapper-characters -> org.hibernate.type.CharacterArrayType@2e189552
17:03:29.819 [Test worker] DEBUG org.hibernate.type.BasicTypeRegistry - Adding type registration [Ljava.lang.Character; -> org.hibernate.type.CharacterArrayType@2e189552
17:03:29.819 [Test worker] DEBUG org.hibernate.type.BasicTypeRegistry - Adding type registration Character[] -> org.hibernate.type.CharacterArrayType@2e189552
17:03:29.819 [Test worker] DEBUG org.hibernate.type.BasicTypeRegistry - Adding type registration text -> org.hibernate.type.TextType@3bb4f48d
17:03:29.819 [Test worker] DEBUG org.hibernate.type.BasicTypeRegistry - Adding type registration ntext -> org.hibernate.type.NTextType@7fc44815
17:03:29.819 [Test worker] DEBUG org.hibernate.type.BasicTypeRegistry - Adding type registration blob -> org.hibernate.type.BlobType@70984021
17:03:29.819 [Test worker] DEBUG org.hibernate.type.BasicTypeRegistry - Adding type registration java.sql.Blob -> org.hibernate.type.BlobType@70984021
17:03:29.819 [Test worker] DEBUG org.hibernate.type.BasicTypeRegistry - Adding type registration materialized_blob -> org.hibernate.type.MaterializedBlobType@7b392ea8
17:03:29.819 [Test worker] DEBUG org.hibernate.type.BasicTypeRegistry - Adding type registration clob -> org.hibernate.type.ClobType@249973df
17:03:29.819 [Test worker] DEBUG org.hibernate.type.BasicTypeRegistry - Adding type registration java.sql.Clob -> org.hibernate.type.ClobType@249973df
17:03:29.819 [Test worker] DEBUG org.hibernate.type.BasicTypeRegistry - Adding type registration nclob -> org.hibernate.type.NClobType@993bb9e
17:03:29.819 [Test worker] DEBUG org.hibernate.type.BasicTypeRegistry - Adding type registration java.sql.NClob -> org.hibernate.type.NClobType@993bb9e
17:03:29.819 [Test worker] DEBUG org.hibernate.type.BasicTypeRegistry - Adding type registration materialized_clob -> org.hibernate.type.MaterializedClobType@5eddde51
17:03:29.819 [Test worker] DEBUG org.hibernate.type.BasicTypeRegistry - Adding type registration materialized_nclob -> org.hibernate.type.MaterializedNClobType@20503ff1
17:03:29.819 [Test worker] DEBUG org.hibernate.type.BasicTypeRegistry - Adding type registration serializable -> org.hibernate.type.SerializableType@11fb506a
17:03:29.819 [Test worker] DEBUG org.hibernate.type.BasicTypeRegistry - Adding type registration object -> org.hibernate.type.ObjectType@40b10f8c
17:03:29.819 [Test worker] DEBUG org.hibernate.type.BasicTypeRegistry - Adding type registration java.lang.Object -> org.hibernate.type.ObjectType@40b10f8c
17:03:29.819 [Test worker] DEBUG org.hibernate.type.BasicTypeRegistry - Adding type registration imm_date -> org.hibernate.type.AdaptedImmutableType@62e9e158
17:03:29.819 [Test worker] DEBUG org.hibernate.type.BasicTypeRegistry - Adding type registration imm_time -> org.hibernate.type.AdaptedImmutableType@1cd93856
17:03:29.819 [Test worker] DEBUG org.hibernate.type.BasicTypeRegistry - Adding type registration imm_timestamp -> org.hibernate.type.AdaptedImmutableType@449c7035
17:03:29.819 [Test worker] DEBUG org.hibernate.type.BasicTypeRegistry - Adding type registration imm_dbtimestamp -> org.hibernate.type.AdaptedImmutableType@6abafca3
17:03:29.819 [Test worker] DEBUG org.hibernate.type.BasicTypeRegistry - Adding type registration imm_calendar -> org.hibernate.type.AdaptedImmutableType@47f4238d
17:03:29.819 [Test worker] DEBUG org.hibernate.type.BasicTypeRegistry - Adding type registration imm_calendar_date -> org.hibernate.type.AdaptedImmutableType@123ab8ad
17:03:29.819 [Test worker] DEBUG org.hibernate.type.BasicTypeRegistry - Adding type registration imm_binary -> org.hibernate.type.AdaptedImmutableType@35006f07
17:03:29.819 [Test worker] DEBUG org.hibernate.type.BasicTypeRegistry - Adding type registration imm_serializable -> org.hibernate.type.AdaptedImmutableType@862c2e0
17:03:29.820 [Test worker] DEBUG org.hibernate.boot.internal.BootstrapContextImpl - Injecting JPA temp ClassLoader [org.springframework.instrument.classloading.SimpleThrowawayClassLoader@29d4529a] into BootstrapContext; was [null]
17:03:29.820 [Test worker] DEBUG org.hibernate.boot.internal.ClassLoaderAccessImpl - ClassLoaderAccessImpl#injectTempClassLoader(org.springframework.instrument.classloading.SimpleThrowawayClassLoader@29d4529a) [was null]
17:03:29.820 [Test worker] DEBUG org.hibernate.boot.internal.BootstrapContextImpl - Injecting ScanEnvironment [org.hibernate.jpa.boot.internal.StandardJpaScanEnvironmentImpl@1f1a78f0] into BootstrapContext; was [null]
17:03:29.820 [Test worker] DEBUG org.hibernate.boot.internal.BootstrapContextImpl - Injecting ScanOptions [org.hibernate.boot.archive.scan.internal.StandardScanOptions@1f1dc31] into BootstrapContext; was [org.hibernate.boot.archive.scan.internal.StandardScanOptions@c111105]
17:03:29.823 [Test worker] DEBUG org.hibernate.boot.internal.BootstrapContextImpl - Injecting JPA temp ClassLoader [null] into BootstrapContext; was [org.springframework.instrument.classloading.SimpleThrowawayClassLoader@29d4529a]
17:03:29.823 [Test worker] DEBUG org.hibernate.boot.internal.ClassLoaderAccessImpl - ClassLoaderAccessImpl#injectTempClassLoader(null) [was org.springframework.instrument.classloading.SimpleThrowawayClassLoader@29d4529a]
17:03:29.824 [Test worker] DEBUG org.hibernate.id.factory.internal.DefaultIdentifierGeneratorFactory - Registering IdentifierGenerator strategy [uuid2] -> [org.hibernate.id.UUIDGenerator]
17:03:29.824 [Test worker] DEBUG org.hibernate.id.factory.internal.DefaultIdentifierGeneratorFactory - Registering IdentifierGenerator strategy [guid] -> [org.hibernate.id.GUIDGenerator]
17:03:29.824 [Test worker] DEBUG org.hibernate.id.factory.internal.DefaultIdentifierGeneratorFactory - Registering IdentifierGenerator strategy [uuid] -> [org.hibernate.id.UUIDHexGenerator]
17:03:29.824 [Test worker] DEBUG org.hibernate.id.factory.internal.DefaultIdentifierGeneratorFactory - Registering IdentifierGenerator strategy [uuid.hex] -> [org.hibernate.id.UUIDHexGenerator]
17:03:29.824 [Test worker] DEBUG org.hibernate.id.factory.internal.DefaultIdentifierGeneratorFactory - Registering IdentifierGenerator strategy [assigned] -> [org.hibernate.id.Assigned]
17:03:29.824 [Test worker] DEBUG org.hibernate.id.factory.internal.DefaultIdentifierGeneratorFactory - Registering IdentifierGenerator strategy [identity] -> [org.hibernate.id.IdentityGenerator]
17:03:29.824 [Test worker] DEBUG org.hibernate.id.factory.internal.DefaultIdentifierGeneratorFactory - Registering IdentifierGenerator strategy [select] -> [org.hibernate.id.SelectGenerator]
17:03:29.824 [Test worker] DEBUG org.hibernate.id.factory.internal.DefaultIdentifierGeneratorFactory - Registering IdentifierGenerator strategy [sequence] -> [org.hibernate.id.enhanced.SequenceStyleGenerator]
17:03:29.824 [Test worker] DEBUG org.hibernate.id.factory.internal.DefaultIdentifierGeneratorFactory - Registering IdentifierGenerator strategy [seqhilo] -> [org.hibernate.id.SequenceHiLoGenerator]
17:03:29.824 [Test worker] DEBUG org.hibernate.id.factory.internal.DefaultIdentifierGeneratorFactory - Registering IdentifierGenerator strategy [increment] -> [org.hibernate.id.IncrementGenerator]
17:03:29.824 [Test worker] DEBUG org.hibernate.id.factory.internal.DefaultIdentifierGeneratorFactory - Registering IdentifierGenerator strategy [foreign] -> [org.hibernate.id.ForeignGenerator]
17:03:29.824 [Test worker] DEBUG org.hibernate.id.factory.internal.DefaultIdentifierGeneratorFactory - Registering IdentifierGenerator strategy [sequence-identity] -> [org.hibernate.id.SequenceIdentityGenerator]
17:03:29.824 [Test worker] DEBUG org.hibernate.id.factory.internal.DefaultIdentifierGeneratorFactory - Registering IdentifierGenerator strategy [enhanced-sequence] -> [org.hibernate.id.enhanced.SequenceStyleGenerator]
17:03:29.824 [Test worker] DEBUG org.hibernate.id.factory.internal.DefaultIdentifierGeneratorFactory - Registering IdentifierGenerator strategy [enhanced-table] -> [org.hibernate.id.enhanced.TableGenerator]
17:03:29.824 [Test worker] DEBUG org.hibernate.engine.jdbc.env.internal.JdbcEnvironmentInitiator - Database ->
       name : H2
    version : 1.4.197 (2018-03-18)
      major : 1
      minor : 4
17:03:29.824 [Test worker] DEBUG org.hibernate.engine.jdbc.env.internal.JdbcEnvironmentInitiator - Driver ->
       name : H2 JDBC Driver
    version : 1.4.197 (2018-03-18)
      major : 1
      minor : 4
17:03:29.824 [Test worker] DEBUG org.hibernate.engine.jdbc.env.internal.JdbcEnvironmentInitiator - JDBC version : 4.0
17:03:29.824 [Test worker] INFO org.hibernate.dialect.Dialect - HHH000400: Using dialect: org.hibernate.dialect.H2Dialect
17:03:29.831 [Test worker] DEBUG org.hibernate.boot.model.relational.Namespace - Created database namespace [logicalName=Name{catalog=null, schema=null}, physicalName=Name{catalog=null, schema=null}]
17:03:29.832 [Test worker] DEBUG org.hibernate.type.spi.TypeConfiguration$Scope - Scoping TypeConfiguration [org.hibernate.type.spi.TypeConfiguration@44dda030] to MetadataBuildingContext [org.hibernate.boot.internal.MetadataBuildingContextRootImpl@7a4a30e5]
17:03:29.832 [Test worker] DEBUG org.hibernate.cfg.AnnotationBinder - Binding entity from annotated class: com.epam.esm.entity.Entity
17:03:29.832 [Test worker] DEBUG org.hibernate.cfg.Ejb3Column - Binding column: Ejb3DiscriminatorColumn{logicalColumnName'DTYPE', discriminatorTypeName='string'}
17:03:29.832 [Test worker] DEBUG org.hibernate.cfg.annotations.EntityBinder - Import with entity name Entity
17:03:29.833 [Test worker] DEBUG org.hibernate.cfg.annotations.EntityBinder - Bind entity com.epam.esm.entity.Entity on table entity
17:03:29.833 [Test worker] DEBUG org.hibernate.cfg.Ejb3Column - Binding column: Ejb3Column{table=org.hibernate.mapping.Table(entity), mappingColumn=id, insertable=true, updatable=true, unique=false}
17:03:29.833 [Test worker] DEBUG org.hibernate.cfg.annotations.PropertyBinder - MetadataSourceProcessor property id with lazy=false
17:03:29.833 [Test worker] DEBUG org.hibernate.cfg.AbstractPropertyHolder - Attempting to locate auto-apply AttributeConverter for property [com.epam.esm.entity.Entity:id]
17:03:29.833 [Test worker] DEBUG org.hibernate.cfg.annotations.SimpleValueBinder - building SimpleValue for id
17:03:29.834 [Test worker] DEBUG org.hibernate.cfg.annotations.PropertyBinder - Building property id
17:03:29.834 [Test worker] DEBUG org.hibernate.cfg.BinderHelper - #makeIdGenerator(org.hibernate.mapping.SimpleValue([org.hibernate.mapping.Column(id)]), id, identity, , ...)
17:03:29.834 [Test worker] DEBUG org.hibernate.cfg.AnnotationBinder - Binding entity from annotated class: com.epam.esm.entity.GiftCertificate
17:03:29.834 [Test worker] DEBUG org.hibernate.cfg.Ejb3Column - Binding column: Ejb3DiscriminatorColumn{logicalColumnName'DTYPE', discriminatorTypeName='string'}
17:03:29.834 [Test worker] DEBUG org.hibernate.cfg.annotations.EntityBinder - Import with entity name GiftCertificate
17:03:29.834 [Test worker] DEBUG org.hibernate.cfg.annotations.EntityBinder - Bind entity com.epam.esm.entity.GiftCertificate on table certificate
17:03:29.835 [Test worker] DEBUG org.hibernate.cfg.Ejb3Column - Binding column: Ejb3Column{table=org.hibernate.mapping.Table(certificate), mappingColumn=id, insertable=true, updatable=true, unique=false}
17:03:29.835 [Test worker] DEBUG org.hibernate.cfg.annotations.PropertyBinder - MetadataSourceProcessor property id with lazy=false
17:03:29.835 [Test worker] DEBUG org.hibernate.cfg.AbstractPropertyHolder - Attempting to locate auto-apply AttributeConverter for property [com.epam.esm.entity.GiftCertificate:id]
17:03:29.835 [Test worker] DEBUG org.hibernate.cfg.annotations.SimpleValueBinder - building SimpleValue for id
17:03:29.835 [Test worker] DEBUG org.hibernate.cfg.annotations.PropertyBinder - Building property id
17:03:29.835 [Test worker] DEBUG org.hibernate.cfg.BinderHelper - #makeIdGenerator(org.hibernate.mapping.SimpleValue([org.hibernate.mapping.Column(id)]), id, identity, , ...)
17:03:29.836 [Test worker] DEBUG org.hibernate.cfg.Ejb3Column - Binding column: Ejb3Column{table=org.hibernate.mapping.Table(certificate), mappingColumn=active_status, insertable=true, updatable=true, unique=false}
17:03:29.836 [Test worker] DEBUG org.hibernate.cfg.annotations.PropertyBinder - MetadataSourceProcessor property activeStatus with lazy=false
17:03:29.836 [Test worker] DEBUG org.hibernate.cfg.AbstractPropertyHolder - Attempting to locate auto-apply AttributeConverter for property [com.epam.esm.entity.GiftCertificate:activeStatus]
17:03:29.836 [Test worker] DEBUG org.hibernate.cfg.annotations.SimpleValueBinder - building SimpleValue for activeStatus
17:03:29.836 [Test worker] DEBUG org.hibernate.cfg.annotations.PropertyBinder - Building property activeStatus
17:03:29.836 [Test worker] DEBUG org.hibernate.cfg.Ejb3Column - Binding column: Ejb3Column{table=org.hibernate.mapping.Table(certificate), mappingColumn=creation_date, insertable=true, updatable=true, unique=false}
17:03:29.836 [Test worker] DEBUG org.hibernate.cfg.annotations.PropertyBinder - MetadataSourceProcessor property creationDate with lazy=false
17:03:29.836 [Test worker] DEBUG org.hibernate.cfg.AbstractPropertyHolder - Attempting to locate auto-apply AttributeConverter for property [com.epam.esm.entity.GiftCertificate:creationDate]
17:03:29.836 [Test worker] DEBUG org.hibernate.cfg.annotations.SimpleValueBinder - building SimpleValue for creationDate
17:03:29.836 [Test worker] DEBUG org.hibernate.cfg.annotations.PropertyBinder - Building property creationDate
17:03:29.836 [Test worker] DEBUG org.hibernate.cfg.Ejb3Column - Binding column: Ejb3Column{table=org.hibernate.mapping.Table(certificate), mappingColumn=description, insertable=true, updatable=true, unique=false}
17:03:29.837 [Test worker] DEBUG org.hibernate.cfg.annotations.PropertyBinder - MetadataSourceProcessor property description with lazy=false
17:03:29.837 [Test worker] DEBUG org.hibernate.cfg.AbstractPropertyHolder - Attempting to locate auto-apply AttributeConverter for property [com.epam.esm.entity.GiftCertificate:description]
17:03:29.837 [Test worker] DEBUG org.hibernate.cfg.annotations.SimpleValueBinder - building SimpleValue for description
17:03:29.837 [Test worker] DEBUG org.hibernate.cfg.annotations.PropertyBinder - Building property description
17:03:29.837 [Test worker] DEBUG org.hibernate.cfg.Ejb3Column - Binding column: Ejb3Column{table=org.hibernate.mapping.Table(certificate), mappingColumn=expiration_date, insertable=true, updatable=true, unique=false}
17:03:29.837 [Test worker] DEBUG org.hibernate.cfg.annotations.PropertyBinder - MetadataSourceProcessor property expirationDate with lazy=false
17:03:29.837 [Test worker] DEBUG org.hibernate.cfg.AbstractPropertyHolder - Attempting to locate auto-apply AttributeConverter for property [com.epam.esm.entity.GiftCertificate:expirationDate]
17:03:29.837 [Test worker] DEBUG org.hibernate.cfg.annotations.SimpleValueBinder - building SimpleValue for expirationDate
17:03:29.837 [Test worker] DEBUG org.hibernate.cfg.annotations.PropertyBinder - Building property expirationDate
17:03:29.837 [Test worker] DEBUG org.hibernate.cfg.Ejb3Column - Binding column: Ejb3Column{table=org.hibernate.mapping.Table(certificate), mappingColumn=modification_date, insertable=true, updatable=true, unique=false}
17:03:29.837 [Test worker] DEBUG org.hibernate.cfg.annotations.PropertyBinder - MetadataSourceProcessor property modificationDate with lazy=false
17:03:29.837 [Test worker] DEBUG org.hibernate.cfg.AbstractPropertyHolder - Attempting to locate auto-apply AttributeConverter for property [com.epam.esm.entity.GiftCertificate:modificationDate]
17:03:29.837 [Test worker] DEBUG org.hibernate.cfg.annotations.SimpleValueBinder - building SimpleValue for modificationDate
17:03:29.838 [Test worker] DEBUG org.hibernate.cfg.annotations.PropertyBinder - Building property modificationDate
17:03:29.838 [Test worker] DEBUG org.hibernate.cfg.Ejb3Column - Binding column: Ejb3Column{table=org.hibernate.mapping.Table(certificate), mappingColumn=name, insertable=true, updatable=true, unique=false}
17:03:29.838 [Test worker] DEBUG org.hibernate.cfg.annotations.PropertyBinder - MetadataSourceProcessor property name with lazy=false
17:03:29.838 [Test worker] DEBUG org.hibernate.cfg.AbstractPropertyHolder - Attempting to locate auto-apply AttributeConverter for property [com.epam.esm.entity.GiftCertificate:name]
17:03:29.838 [Test worker] DEBUG org.hibernate.cfg.annotations.SimpleValueBinder - building SimpleValue for name
17:03:29.838 [Test worker] DEBUG org.hibernate.cfg.annotations.PropertyBinder - Building property name
17:03:29.838 [Test worker] DEBUG org.hibernate.cfg.Ejb3Column - Binding column: Ejb3JoinColumn{logicalColumnName='null', referencedColumn='null', mappedBy='certificate'}
17:03:29.838 [Test worker] DEBUG org.hibernate.cfg.Ejb3Column - Binding column: Ejb3Column{table=org.hibernate.mapping.Table(certificate), mappingColumn=order_certificates, insertable=true, updatable=true, unique=false}
17:03:29.838 [Test worker] DEBUG org.hibernate.cfg.Ejb3Column - Binding column: Ejb3Column{table=org.hibernate.mapping.Table(certificate), mappingColumn=null, insertable=true, updatable=true, unique=false}
17:03:29.838 [Test worker] DEBUG org.hibernate.cfg.Ejb3Column - Binding column: Ejb3Column{table=org.hibernate.mapping.Table(certificate), mappingColumn=element, insertable=true, updatable=true, unique=false}
17:03:29.839 [Test worker] DEBUG org.hibernate.cfg.Ejb3Column - Binding column: Ejb3Column{table=org.hibernate.mapping.Table(certificate), mappingColumn=order_certificates_key, insertable=true, updatable=true, unique=false}
17:03:29.839 [Test worker] DEBUG org.hibernate.cfg.Ejb3Column - Binding column: Ejb3JoinColumn{logicalColumnName='orderCertificates_KEY', referencedColumn='null', mappedBy='null'}
17:03:29.839 [Test worker] DEBUG org.hibernate.cfg.Ejb3Column - Binding column: Ejb3JoinColumn{logicalColumnName='null', referencedColumn='null', mappedBy='certificate'}
17:03:29.839 [Test worker] DEBUG org.hibernate.cfg.Ejb3Column - Binding column: Ejb3JoinColumn{logicalColumnName='null', referencedColumn='null', mappedBy='certificate'}
17:03:29.839 [Test worker] DEBUG org.hibernate.cfg.annotations.CollectionBinder - Collection role: com.epam.esm.entity.GiftCertificate.orderCertificates
17:03:29.839 [Test worker] DEBUG org.hibernate.cfg.annotations.PropertyBinder - Building property orderCertificates
17:03:29.839 [Test worker] DEBUG org.hibernate.cfg.Ejb3Column - Binding column: Ejb3Column{table=org.hibernate.mapping.Table(certificate), mappingColumn=price, insertable=true, updatable=true, unique=false}
17:03:29.839 [Test worker] DEBUG org.hibernate.cfg.annotations.PropertyBinder - MetadataSourceProcessor property price with lazy=false
17:03:29.839 [Test worker] DEBUG org.hibernate.cfg.AbstractPropertyHolder - Attempting to locate auto-apply AttributeConverter for property [com.epam.esm.entity.GiftCertificate:price]
17:03:29.839 [Test worker] DEBUG org.hibernate.cfg.annotations.SimpleValueBinder - building SimpleValue for price
17:03:29.839 [Test worker] DEBUG org.hibernate.cfg.annotations.PropertyBinder - Building property price
17:03:29.840 [Test worker] DEBUG org.hibernate.cfg.Ejb3Column - Binding column: Ejb3Column{table=org.hibernate.mapping.Table(certificate), mappingColumn=null, insertable=true, updatable=true, unique=false}
17:03:29.840 [Test worker] DEBUG org.hibernate.cfg.Ejb3Column - Binding column: Ejb3Column{table=org.hibernate.mapping.Table(certificate), mappingColumn=element, insertable=true, updatable=true, unique=false}
17:03:29.840 [Test worker] DEBUG org.hibernate.cfg.Ejb3Column - Binding column: Ejb3Column{table=org.hibernate.mapping.Table(certificate), mappingColumn=tags_key, insertable=true, updatable=true, unique=false}
17:03:29.840 [Test worker] DEBUG org.hibernate.cfg.Ejb3Column - Binding column: Ejb3JoinColumn{logicalColumnName='tags_KEY', referencedColumn='null', mappedBy='null'}
17:03:29.840 [Test worker] DEBUG org.hibernate.cfg.Ejb3Column - Binding column: Ejb3JoinColumn{logicalColumnName='certificate_id', referencedColumn='', mappedBy=''}
17:03:29.840 [Test worker] DEBUG org.hibernate.cfg.Ejb3Column - Binding column: Ejb3JoinColumn{logicalColumnName='tag_id', referencedColumn='', mappedBy=''}
17:03:29.840 [Test worker] DEBUG org.hibernate.cfg.annotations.CollectionBinder - Collection role: com.epam.esm.entity.GiftCertificate.tags
17:03:29.840 [Test worker] DEBUG org.hibernate.cfg.annotations.PropertyBinder - Building property tags
17:03:29.840 [Test worker] DEBUG org.hibernate.cfg.AnnotationBinder - Binding entity from annotated class: com.epam.esm.entity.Order
17:03:29.841 [Test worker] DEBUG org.hibernate.cfg.Ejb3Column - Binding column: Ejb3DiscriminatorColumn{logicalColumnName'DTYPE', discriminatorTypeName='string'}
17:03:29.841 [Test worker] DEBUG org.hibernate.cfg.annotations.EntityBinder - Import with entity name Order
17:03:29.841 [Test worker] DEBUG org.hibernate.cfg.annotations.EntityBinder - Bind entity com.epam.esm.entity.Order on table application_order
17:03:29.842 [Test worker] DEBUG org.hibernate.cfg.Ejb3Column - Binding column: Ejb3Column{table=org.hibernate.mapping.Table(application_order), mappingColumn=id, insertable=true, updatable=true, unique=false}
17:03:29.842 [Test worker] DEBUG org.hibernate.cfg.annotations.PropertyBinder - MetadataSourceProcessor property id with lazy=false
17:03:29.842 [Test worker] DEBUG org.hibernate.cfg.AbstractPropertyHolder - Attempting to locate auto-apply AttributeConverter for property [com.epam.esm.entity.Order:id]
17:03:29.842 [Test worker] DEBUG org.hibernate.cfg.annotations.SimpleValueBinder - building SimpleValue for id
17:03:29.842 [Test worker] DEBUG org.hibernate.cfg.annotations.PropertyBinder - Building property id
17:03:29.842 [Test worker] DEBUG org.hibernate.cfg.BinderHelper - #makeIdGenerator(org.hibernate.mapping.SimpleValue([org.hibernate.mapping.Column(id)]), id, identity, , ...)
17:03:29.842 [Test worker] DEBUG org.hibernate.cfg.Ejb3Column - Binding column: Ejb3Column{table=org.hibernate.mapping.Table(application_order), mappingColumn=active_status, insertable=true, updatable=true, unique=false}
17:03:29.842 [Test worker] DEBUG org.hibernate.cfg.annotations.PropertyBinder - MetadataSourceProcessor property activeStatus with lazy=false
17:03:29.842 [Test worker] DEBUG org.hibernate.cfg.AbstractPropertyHolder - Attempting to locate auto-apply AttributeConverter for property [com.epam.esm.entity.Order:activeStatus]
17:03:29.842 [Test worker] DEBUG org.hibernate.cfg.annotations.SimpleValueBinder - building SimpleValue for activeStatus
17:03:29.842 [Test worker] DEBUG org.hibernate.cfg.annotations.PropertyBinder - Building property activeStatus
17:03:29.843 [Test worker] DEBUG org.hibernate.cfg.Ejb3Column - Binding column: Ejb3Column{table=org.hibernate.mapping.Table(application_order), mappingColumn=created_at, insertable=true, updatable=true, unique=false}
17:03:29.843 [Test worker] DEBUG org.hibernate.cfg.annotations.PropertyBinder - MetadataSourceProcessor property createdAt with lazy=false
17:03:29.843 [Test worker] DEBUG org.hibernate.cfg.AbstractPropertyHolder - Attempting to locate auto-apply AttributeConverter for property [com.epam.esm.entity.Order:createdAt]
17:03:29.843 [Test worker] DEBUG org.hibernate.cfg.annotations.SimpleValueBinder - building SimpleValue for createdAt
17:03:29.843 [Test worker] DEBUG org.hibernate.cfg.annotations.PropertyBinder - Building property createdAt
17:03:29.843 [Test worker] DEBUG org.hibernate.cfg.Ejb3Column - Binding column: Ejb3JoinColumn{logicalColumnName='null', referencedColumn='null', mappedBy='order'}
17:03:29.843 [Test worker] DEBUG org.hibernate.cfg.Ejb3Column - Binding column: Ejb3Column{table=org.hibernate.mapping.Table(application_order), mappingColumn=order_certificates, insertable=true, updatable=true, unique=false}
17:03:29.843 [Test worker] DEBUG org.hibernate.cfg.Ejb3Column - Binding column: Ejb3Column{table=org.hibernate.mapping.Table(application_order), mappingColumn=null, insertable=true, updatable=true, unique=false}
17:03:29.844 [Test worker] DEBUG org.hibernate.cfg.Ejb3Column - Binding column: Ejb3Column{table=org.hibernate.mapping.Table(application_order), mappingColumn=element, insertable=true, updatable=true, unique=false}
17:03:29.844 [Test worker] DEBUG org.hibernate.cfg.Ejb3Column - Binding column: Ejb3Column{table=org.hibernate.mapping.Table(application_order), mappingColumn=order_certificates_key, insertable=true, updatable=true, unique=false}
17:03:29.844 [Test worker] DEBUG org.hibernate.cfg.Ejb3Column - Binding column: Ejb3JoinColumn{logicalColumnName='orderCertificates_KEY', referencedColumn='null', mappedBy='null'}
17:03:29.844 [Test worker] DEBUG org.hibernate.cfg.Ejb3Column - Binding column: Ejb3JoinColumn{logicalColumnName='null', referencedColumn='null', mappedBy='order'}
17:03:29.844 [Test worker] DEBUG org.hibernate.cfg.Ejb3Column - Binding column: Ejb3JoinColumn{logicalColumnName='null', referencedColumn='null', mappedBy='order'}
17:03:29.844 [Test worker] DEBUG org.hibernate.cfg.annotations.CollectionBinder - Collection role: com.epam.esm.entity.Order.orderCertificates
17:03:29.844 [Test worker] DEBUG org.hibernate.cfg.annotations.PropertyBinder - Building property orderCertificates
17:03:29.844 [Test worker] DEBUG org.hibernate.cfg.Ejb3Column - Binding column: Ejb3JoinColumn{logicalColumnName='user_id', referencedColumn='', mappedBy=''}
17:03:29.844 [Test worker] DEBUG org.hibernate.cfg.Ejb3Column - Binding column: Ejb3Column{table=org.hibernate.mapping.Table(application_order), mappingColumn=user, insertable=true, updatable=true, unique=false}
17:03:29.844 [Test worker] DEBUG org.hibernate.cfg.annotations.PropertyBinder - Building property user
17:03:29.845 [Test worker] DEBUG org.hibernate.cfg.AnnotationBinder - Binding entity from annotated class: com.epam.esm.entity.OrderCertificate
17:03:29.845 [Test worker] DEBUG org.hibernate.cfg.Ejb3Column - Binding column: Ejb3DiscriminatorColumn{logicalColumnName'DTYPE', discriminatorTypeName='string'}
17:03:29.845 [Test worker] DEBUG org.hibernate.cfg.annotations.EntityBinder - Import with entity name OrderCertificate
17:03:29.845 [Test worker] DEBUG org.hibernate.cfg.annotations.EntityBinder - Bind entity com.epam.esm.entity.OrderCertificate on table order_certificate
17:03:29.845 [Test worker] DEBUG org.hibernate.cfg.Ejb3Column - Binding column: Ejb3Column{table=org.hibernate.mapping.Table(order_certificate), mappingColumn=id, insertable=true, updatable=true, unique=false}
17:03:29.845 [Test worker] DEBUG org.hibernate.cfg.annotations.PropertyBinder - MetadataSourceProcessor property id with lazy=false
17:03:29.846 [Test worker] DEBUG org.hibernate.cfg.AbstractPropertyHolder - Attempting to locate auto-apply AttributeConverter for property [com.epam.esm.entity.OrderCertificate:id]
17:03:29.846 [Test worker] DEBUG org.hibernate.cfg.annotations.SimpleValueBinder - building SimpleValue for id
17:03:29.846 [Test worker] DEBUG org.hibernate.cfg.annotations.PropertyBinder - Building property id
17:03:29.846 [Test worker] DEBUG org.hibernate.cfg.BinderHelper - #makeIdGenerator(org.hibernate.mapping.SimpleValue([org.hibernate.mapping.Column(id)]), id, identity, , ...)
17:03:29.846 [Test worker] DEBUG org.hibernate.cfg.Ejb3Column - Binding column: Ejb3JoinColumn{logicalColumnName='null', referencedColumn='', mappedBy=''}
17:03:29.846 [Test worker] DEBUG org.hibernate.cfg.Ejb3Column - Binding column: Ejb3Column{table=org.hibernate.mapping.Table(order_certificate), mappingColumn=certificate, insertable=true, updatable=true, unique=false}
17:03:29.846 [Test worker] DEBUG org.hibernate.cfg.annotations.PropertyBinder - Building property certificate
17:03:29.846 [Test worker] DEBUG org.hibernate.cfg.Ejb3Column - Binding column: Ejb3Column{table=org.hibernate.mapping.Table(order_certificate), mappingColumn=expiration_date, insertable=true, updatable=true, unique=false}
17:03:29.846 [Test worker] DEBUG org.hibernate.cfg.annotations.PropertyBinder - MetadataSourceProcessor property expirationDate with lazy=false
17:03:29.846 [Test worker] DEBUG org.hibernate.cfg.AbstractPropertyHolder - Attempting to locate auto-apply AttributeConverter for property [com.epam.esm.entity.OrderCertificate:expirationDate]
17:03:29.846 [Test worker] DEBUG org.hibernate.cfg.annotations.SimpleValueBinder - building SimpleValue for expirationDate
17:03:29.846 [Test worker] DEBUG org.hibernate.cfg.annotations.PropertyBinder - Building property expirationDate
17:03:29.847 [Test worker] DEBUG org.hibernate.cfg.Ejb3Column - Binding column: Ejb3Column{table=org.hibernate.mapping.Table(order_certificate), mappingColumn=fixed_price, insertable=true, updatable=true, unique=false}
17:03:29.847 [Test worker] DEBUG org.hibernate.cfg.annotations.PropertyBinder - MetadataSourceProcessor property fixedPrice with lazy=false
17:03:29.847 [Test worker] DEBUG org.hibernate.cfg.AbstractPropertyHolder - Attempting to locate auto-apply AttributeConverter for property [com.epam.esm.entity.OrderCertificate:fixedPrice]
17:03:29.847 [Test worker] DEBUG org.hibernate.cfg.annotations.SimpleValueBinder - building SimpleValue for fixedPrice
17:03:29.847 [Test worker] DEBUG org.hibernate.cfg.annotations.PropertyBinder - Building property fixedPrice
17:03:29.847 [Test worker] DEBUG org.hibernate.cfg.Ejb3Column - Binding column: Ejb3JoinColumn{logicalColumnName='null', referencedColumn='', mappedBy=''}
17:03:29.847 [Test worker] DEBUG org.hibernate.cfg.Ejb3Column - Binding column: Ejb3Column{table=org.hibernate.mapping.Table(order_certificate), mappingColumn=order, insertable=true, updatable=true, unique=false}
17:03:29.847 [Test worker] DEBUG org.hibernate.cfg.annotations.PropertyBinder - Building property order
17:03:29.847 [Test worker] DEBUG org.hibernate.cfg.AnnotationBinder - Binding entity from annotated class: com.epam.esm.entity.Role
17:03:29.847 [Test worker] DEBUG org.hibernate.cfg.Ejb3Column - Binding column: Ejb3DiscriminatorColumn{logicalColumnName'DTYPE', discriminatorTypeName='string'}
17:03:29.848 [Test worker] DEBUG org.hibernate.cfg.annotations.EntityBinder - Import with entity name Role
17:03:29.848 [Test worker] DEBUG org.hibernate.cfg.annotations.EntityBinder - Bind entity com.epam.esm.entity.Role on table application_role
17:03:29.848 [Test worker] DEBUG org.hibernate.cfg.Ejb3Column - Binding column: Ejb3Column{table=org.hibernate.mapping.Table(application_role), mappingColumn=id, insertable=true, updatable=true, unique=false}
17:03:29.848 [Test worker] DEBUG org.hibernate.cfg.annotations.PropertyBinder - MetadataSourceProcessor property id with lazy=false
17:03:29.848 [Test worker] DEBUG org.hibernate.cfg.AbstractPropertyHolder - Attempting to locate auto-apply AttributeConverter for property [com.epam.esm.entity.Role:id]
17:03:29.848 [Test worker] DEBUG org.hibernate.cfg.annotations.SimpleValueBinder - building SimpleValue for id
17:03:29.848 [Test worker] DEBUG org.hibernate.cfg.annotations.PropertyBinder - Building property id
17:03:29.848 [Test worker] DEBUG org.hibernate.cfg.BinderHelper - #makeIdGenerator(org.hibernate.mapping.SimpleValue([org.hibernate.mapping.Column(id)]), id, identity, , ...)
17:03:29.848 [Test worker] DEBUG org.hibernate.cfg.Ejb3Column - Binding column: Ejb3Column{table=org.hibernate.mapping.Table(application_role), mappingColumn=value, insertable=true, updatable=true, unique=false}
17:03:29.849 [Test worker] DEBUG org.hibernate.cfg.annotations.PropertyBinder - MetadataSourceProcessor property value with lazy=false
17:03:29.849 [Test worker] DEBUG org.hibernate.cfg.AbstractPropertyHolder - Attempting to locate auto-apply AttributeConverter for property [com.epam.esm.entity.Role:value]
17:03:29.849 [Test worker] DEBUG org.hibernate.cfg.annotations.SimpleValueBinder - building SimpleValue for value
17:03:29.849 [Test worker] DEBUG org.hibernate.cfg.annotations.PropertyBinder - Building property value
17:03:29.849 [Test worker] DEBUG org.hibernate.cfg.AnnotationBinder - Binding entity from annotated class: com.epam.esm.entity.Tag
17:03:29.849 [Test worker] DEBUG org.hibernate.cfg.Ejb3Column - Binding column: Ejb3DiscriminatorColumn{logicalColumnName'DTYPE', discriminatorTypeName='string'}
17:03:29.849 [Test worker] DEBUG org.hibernate.cfg.annotations.EntityBinder - Import with entity name Tag
17:03:29.849 [Test worker] DEBUG org.hibernate.cfg.annotations.EntityBinder - Bind entity com.epam.esm.entity.Tag on table tag
17:03:29.850 [Test worker] DEBUG org.hibernate.cfg.Ejb3Column - Binding column: Ejb3Column{table=org.hibernate.mapping.Table(tag), mappingColumn=id, insertable=true, updatable=true, unique=false}
17:03:29.850 [Test worker] DEBUG org.hibernate.cfg.annotations.PropertyBinder - MetadataSourceProcessor property id with lazy=false
17:03:29.850 [Test worker] DEBUG org.hibernate.cfg.AbstractPropertyHolder - Attempting to locate auto-apply AttributeConverter for property [com.epam.esm.entity.Tag:id]
17:03:29.850 [Test worker] DEBUG org.hibernate.cfg.annotations.SimpleValueBinder - building SimpleValue for id
17:03:29.850 [Test worker] DEBUG org.hibernate.cfg.annotations.PropertyBinder - Building property id
17:03:29.850 [Test worker] DEBUG org.hibernate.cfg.BinderHelper - #makeIdGenerator(org.hibernate.mapping.SimpleValue([org.hibernate.mapping.Column(id)]), id, identity, , ...)
17:03:29.850 [Test worker] DEBUG org.hibernate.cfg.Ejb3Column - Binding column: Ejb3Column{table=org.hibernate.mapping.Table(tag), mappingColumn=title, insertable=true, updatable=false, unique=true}
17:03:29.850 [Test worker] DEBUG org.hibernate.cfg.annotations.PropertyBinder - MetadataSourceProcessor property title with lazy=false
17:03:29.850 [Test worker] DEBUG org.hibernate.cfg.AbstractPropertyHolder - Attempting to locate auto-apply AttributeConverter for property [com.epam.esm.entity.Tag:title]
17:03:29.850 [Test worker] DEBUG org.hibernate.cfg.annotations.SimpleValueBinder - building SimpleValue for title
17:03:29.850 [Test worker] DEBUG org.hibernate.cfg.annotations.PropertyBinder - Building property title
17:03:29.850 [Test worker] DEBUG org.hibernate.cfg.AnnotationBinder - Binding entity from annotated class: com.epam.esm.entity.User
17:03:29.850 [Test worker] DEBUG org.hibernate.cfg.Ejb3Column - Binding column: Ejb3DiscriminatorColumn{logicalColumnName'DTYPE', discriminatorTypeName='string'}
17:03:29.851 [Test worker] DEBUG org.hibernate.cfg.annotations.EntityBinder - Import with entity name User
17:03:29.851 [Test worker] DEBUG org.hibernate.cfg.annotations.EntityBinder - Bind entity com.epam.esm.entity.User on table application_user
17:03:29.851 [Test worker] DEBUG org.hibernate.cfg.Ejb3Column - Binding column: Ejb3Column{table=org.hibernate.mapping.Table(application_user), mappingColumn=id, insertable=true, updatable=true, unique=false}
17:03:29.851 [Test worker] DEBUG org.hibernate.cfg.annotations.PropertyBinder - MetadataSourceProcessor property id with lazy=false
17:03:29.851 [Test worker] DEBUG org.hibernate.cfg.AbstractPropertyHolder - Attempting to locate auto-apply AttributeConverter for property [com.epam.esm.entity.User:id]
17:03:29.852 [Test worker] DEBUG org.hibernate.cfg.annotations.SimpleValueBinder - building SimpleValue for id
17:03:29.852 [Test worker] DEBUG org.hibernate.cfg.annotations.PropertyBinder - Building property id
17:03:29.852 [Test worker] DEBUG org.hibernate.cfg.BinderHelper - #makeIdGenerator(org.hibernate.mapping.SimpleValue([org.hibernate.mapping.Column(id)]), id, identity, , ...)
17:03:29.852 [Test worker] DEBUG org.hibernate.cfg.Ejb3Column - Binding column: Ejb3Column{table=org.hibernate.mapping.Table(application_user), mappingColumn=email, insertable=true, updatable=true, unique=false}
17:03:29.852 [Test worker] DEBUG org.hibernate.cfg.annotations.PropertyBinder - MetadataSourceProcessor property email with lazy=false
17:03:29.852 [Test worker] DEBUG org.hibernate.cfg.AbstractPropertyHolder - Attempting to locate auto-apply AttributeConverter for property [com.epam.esm.entity.User:email]
17:03:29.852 [Test worker] DEBUG org.hibernate.cfg.annotations.SimpleValueBinder - building SimpleValue for email
17:03:29.852 [Test worker] DEBUG org.hibernate.cfg.annotations.PropertyBinder - Building property email
17:03:29.852 [Test worker] DEBUG org.hibernate.cfg.Ejb3Column - Binding column: Ejb3JoinColumn{logicalColumnName='null', referencedColumn='null', mappedBy='user'}
17:03:29.852 [Test worker] DEBUG org.hibernate.cfg.Ejb3Column - Binding column: Ejb3Column{table=org.hibernate.mapping.Table(application_user), mappingColumn=orders, insertable=true, updatable=true, unique=false}
17:03:29.853 [Test worker] DEBUG org.hibernate.cfg.Ejb3Column - Binding column: Ejb3Column{table=org.hibernate.mapping.Table(application_user), mappingColumn=null, insertable=true, updatable=true, unique=false}
17:03:29.853 [Test worker] DEBUG org.hibernate.cfg.Ejb3Column - Binding column: Ejb3Column{table=org.hibernate.mapping.Table(application_user), mappingColumn=element, insertable=true, updatable=true, unique=false}
17:03:29.853 [Test worker] DEBUG org.hibernate.cfg.Ejb3Column - Binding column: Ejb3Column{table=org.hibernate.mapping.Table(application_user), mappingColumn=orders_key, insertable=true, updatable=true, unique=false}
17:03:29.853 [Test worker] DEBUG org.hibernate.cfg.Ejb3Column - Binding column: Ejb3JoinColumn{logicalColumnName='orders_KEY', referencedColumn='null', mappedBy='null'}
17:03:29.853 [Test worker] DEBUG org.hibernate.cfg.Ejb3Column - Binding column: Ejb3JoinColumn{logicalColumnName='null', referencedColumn='null', mappedBy='user'}
17:03:29.853 [Test worker] DEBUG org.hibernate.cfg.Ejb3Column - Binding column: Ejb3JoinColumn{logicalColumnName='null', referencedColumn='null', mappedBy='user'}
17:03:29.853 [Test worker] DEBUG org.hibernate.cfg.annotations.CollectionBinder - Collection role: com.epam.esm.entity.User.orders
17:03:29.853 [Test worker] DEBUG org.hibernate.cfg.annotations.PropertyBinder - Building property orders
17:03:29.853 [Test worker] DEBUG org.hibernate.cfg.Ejb3Column - Binding column: Ejb3Column{table=org.hibernate.mapping.Table(application_user), mappingColumn=password, insertable=true, updatable=true, unique=false}
17:03:29.853 [Test worker] DEBUG org.hibernate.cfg.annotations.PropertyBinder - MetadataSourceProcessor property password with lazy=false
17:03:29.853 [Test worker] DEBUG org.hibernate.cfg.AbstractPropertyHolder - Attempting to locate auto-apply AttributeConverter for property [com.epam.esm.entity.User:password]
17:03:29.854 [Test worker] DEBUG org.hibernate.cfg.annotations.SimpleValueBinder - building SimpleValue for password
17:03:29.854 [Test worker] DEBUG org.hibernate.cfg.annotations.PropertyBinder - Building property password
17:03:29.854 [Test worker] DEBUG org.hibernate.cfg.Ejb3Column - Binding column: Ejb3Column{table=org.hibernate.mapping.Table(application_user), mappingColumn=refresh_token, insertable=true, updatable=true, unique=false}
17:03:29.854 [Test worker] DEBUG org.hibernate.cfg.annotations.PropertyBinder - MetadataSourceProcessor property refreshToken with lazy=false
17:03:29.854 [Test worker] DEBUG org.hibernate.cfg.AbstractPropertyHolder - Attempting to locate auto-apply AttributeConverter for property [com.epam.esm.entity.User:refreshToken]
17:03:29.854 [Test worker] DEBUG org.hibernate.cfg.annotations.SimpleValueBinder - building SimpleValue for refreshToken
17:03:29.854 [Test worker] DEBUG org.hibernate.cfg.annotations.PropertyBinder - Building property refreshToken
17:03:29.854 [Test worker] DEBUG org.hibernate.cfg.Ejb3Column - Binding column: Ejb3JoinColumn{logicalColumnName='role_id', referencedColumn='', mappedBy=''}
17:03:29.854 [Test worker] DEBUG org.hibernate.cfg.Ejb3Column - Binding column: Ejb3Column{table=org.hibernate.mapping.Table(application_user), mappingColumn=role, insertable=true, updatable=true, unique=false}
17:03:29.854 [Test worker] DEBUG org.hibernate.cfg.annotations.PropertyBinder - Building property role
17:03:29.855 [Test worker] DEBUG org.hibernate.cfg.annotations.SimpleValueBinder - Starting fillSimpleValue for id
17:03:29.855 [Test worker] DEBUG org.hibernate.cfg.annotations.SimpleValueBinder - Starting fillSimpleValue for id
17:03:29.855 [Test worker] DEBUG org.hibernate.cfg.annotations.SimpleValueBinder - Starting fillSimpleValue for activeStatus
17:03:29.855 [Test worker] DEBUG org.hibernate.cfg.annotations.SimpleValueBinder - Starting fillSimpleValue for creationDate
17:03:29.855 [Test worker] DEBUG org.hibernate.cfg.annotations.SimpleValueBinder - Starting fillSimpleValue for description
17:03:29.855 [Test worker] DEBUG org.hibernate.cfg.annotations.SimpleValueBinder - Starting fillSimpleValue for expirationDate
17:03:29.855 [Test worker] DEBUG org.hibernate.cfg.annotations.SimpleValueBinder - Starting fillSimpleValue for modificationDate
17:03:29.855 [Test worker] DEBUG org.hibernate.cfg.annotations.SimpleValueBinder - Starting fillSimpleValue for name
17:03:29.855 [Test worker] DEBUG org.hibernate.cfg.annotations.SimpleValueBinder - Starting fillSimpleValue for price
17:03:29.855 [Test worker] DEBUG org.hibernate.cfg.annotations.SimpleValueBinder - Starting fillSimpleValue for id
17:03:29.855 [Test worker] DEBUG org.hibernate.cfg.annotations.SimpleValueBinder - Starting fillSimpleValue for activeStatus
17:03:29.855 [Test worker] DEBUG org.hibernate.cfg.annotations.SimpleValueBinder - Starting fillSimpleValue for createdAt
17:03:29.855 [Test worker] DEBUG org.hibernate.cfg.annotations.SimpleValueBinder - Starting fillSimpleValue for id
17:03:29.855 [Test worker] DEBUG org.hibernate.cfg.annotations.SimpleValueBinder - Starting fillSimpleValue for expirationDate
17:03:29.855 [Test worker] DEBUG org.hibernate.cfg.annotations.SimpleValueBinder - Starting fillSimpleValue for fixedPrice
17:03:29.855 [Test worker] DEBUG org.hibernate.cfg.annotations.SimpleValueBinder - Starting fillSimpleValue for id
17:03:29.855 [Test worker] DEBUG org.hibernate.cfg.annotations.SimpleValueBinder - Starting fillSimpleValue for value
17:03:29.855 [Test worker] DEBUG org.hibernate.cfg.annotations.SimpleValueBinder - Starting fillSimpleValue for id
17:03:29.855 [Test worker] DEBUG org.hibernate.cfg.annotations.SimpleValueBinder - Starting fillSimpleValue for title
17:03:29.855 [Test worker] DEBUG org.hibernate.cfg.annotations.SimpleValueBinder - Starting fillSimpleValue for id
17:03:29.855 [Test worker] DEBUG org.hibernate.cfg.annotations.SimpleValueBinder - Starting fillSimpleValue for email
17:03:29.855 [Test worker] DEBUG org.hibernate.cfg.annotations.SimpleValueBinder - Starting fillSimpleValue for password
17:03:29.855 [Test worker] DEBUG org.hibernate.cfg.annotations.SimpleValueBinder - Starting fillSimpleValue for refreshToken
17:03:29.856 [Test worker] DEBUG org.hibernate.mapping.PrimaryKey - Forcing column [id] to be non-null as it is part of the primary key for table [entity]
17:03:29.856 [Test worker] DEBUG org.hibernate.mapping.PrimaryKey - Forcing column [id] to be non-null as it is part of the primary key for table [certificate]
17:03:29.856 [Test worker] DEBUG org.hibernate.mapping.PrimaryKey - Forcing column [id] to be non-null as it is part of the primary key for table [application_order]
17:03:29.856 [Test worker] DEBUG org.hibernate.mapping.PrimaryKey - Forcing column [id] to be non-null as it is part of the primary key for table [order_certificate]
17:03:29.856 [Test worker] DEBUG org.hibernate.mapping.PrimaryKey - Forcing column [id] to be non-null as it is part of the primary key for table [application_role]
17:03:29.856 [Test worker] DEBUG org.hibernate.mapping.PrimaryKey - Forcing column [id] to be non-null as it is part of the primary key for table [tag]
17:03:29.856 [Test worker] DEBUG org.hibernate.mapping.PrimaryKey - Forcing column [id] to be non-null as it is part of the primary key for table [application_user]
17:03:29.856 [Test worker] DEBUG org.hibernate.cfg.CollectionSecondPass - Second pass for collection: com.epam.esm.entity.GiftCertificate.tags
17:03:29.857 [Test worker] DEBUG org.hibernate.cfg.annotations.CollectionBinder - Binding as ManyToMany: com.epam.esm.entity.GiftCertificate.tags
17:03:29.857 [Test worker] DEBUG org.hibernate.mapping.PrimaryKey - Forcing column [certificate_id] to be non-null as it is part of the primary key for table [certificate_tag]
17:03:29.857 [Test worker] DEBUG org.hibernate.mapping.PrimaryKey - Forcing column [tag_id] to be non-null as it is part of the primary key for table [certificate_tag]
17:03:29.857 [Test worker] DEBUG org.hibernate.cfg.CollectionSecondPass - Mapped collection key: certificate_id, element: tag_id
17:03:29.857 [Test worker] DEBUG org.hibernate.cfg.CollectionSecondPass - Second pass for collection: com.epam.esm.entity.GiftCertificate.orderCertificates
17:03:29.857 [Test worker] DEBUG org.hibernate.cfg.annotations.CollectionBinder - Binding a OneToMany: com.epam.esm.entity.GiftCertificate.orderCertificates through a foreign key
17:03:29.857 [Test worker] DEBUG org.hibernate.cfg.annotations.CollectionBinder - Mapping collection: com.epam.esm.entity.GiftCertificate.orderCertificates -> order_certificate
17:03:29.857 [Test worker] DEBUG org.hibernate.cfg.annotations.TableBinder - Retrieving property com.epam.esm.entity.OrderCertificate.certificate
17:03:29.857 [Test worker] DEBUG org.hibernate.cfg.CollectionSecondPass - Mapped collection key: certificate_id, one-to-many: com.epam.esm.entity.OrderCertificate
17:03:29.857 [Test worker] DEBUG org.hibernate.cfg.CollectionSecondPass - Second pass for collection: com.epam.esm.entity.Order.orderCertificates
17:03:29.857 [Test worker] DEBUG org.hibernate.cfg.annotations.CollectionBinder - Binding a OneToMany: com.epam.esm.entity.Order.orderCertificates through a foreign key
17:03:29.857 [Test worker] DEBUG org.hibernate.cfg.annotations.CollectionBinder - Mapping collection: com.epam.esm.entity.Order.orderCertificates -> order_certificate
17:03:29.857 [Test worker] DEBUG org.hibernate.cfg.annotations.TableBinder - Retrieving property com.epam.esm.entity.OrderCertificate.order
17:03:29.858 [Test worker] DEBUG org.hibernate.cfg.CollectionSecondPass - Mapped collection key: order_id, one-to-many: com.epam.esm.entity.OrderCertificate
17:03:29.858 [Test worker] DEBUG org.hibernate.cfg.CollectionSecondPass - Second pass for collection: com.epam.esm.entity.User.orders
17:03:29.858 [Test worker] DEBUG org.hibernate.cfg.annotations.CollectionBinder - Binding a OneToMany: com.epam.esm.entity.User.orders through a foreign key
17:03:29.858 [Test worker] DEBUG org.hibernate.cfg.annotations.CollectionBinder - Mapping collection: com.epam.esm.entity.User.orders -> application_order
17:03:29.858 [Test worker] DEBUG org.hibernate.cfg.annotations.TableBinder - Retrieving property com.epam.esm.entity.Order.user
17:03:29.858 [Test worker] DEBUG org.hibernate.cfg.CollectionSecondPass - Mapped collection key: user_id, one-to-many: com.epam.esm.entity.Order
17:03:29.858 [Test worker] DEBUG org.hibernate.boot.internal.InFlightMetadataCollectorImpl - Resolving reference to class: com.epam.esm.entity.User
17:03:29.858 [Test worker] DEBUG org.hibernate.boot.internal.InFlightMetadataCollectorImpl - Resolving reference to class: com.epam.esm.entity.Role
17:03:29.858 [Test worker] DEBUG org.hibernate.boot.internal.InFlightMetadataCollectorImpl - Resolving reference to class: com.epam.esm.entity.Tag
17:03:29.859 [Test worker] DEBUG org.hibernate.boot.internal.InFlightMetadataCollectorImpl - Resolving reference to class: com.epam.esm.entity.GiftCertificate
17:03:29.859 [Test worker] DEBUG org.hibernate.boot.internal.InFlightMetadataCollectorImpl - Resolving reference to class: com.epam.esm.entity.GiftCertificate
17:03:29.859 [Test worker] DEBUG org.hibernate.boot.internal.InFlightMetadataCollectorImpl - Resolving reference to class: com.epam.esm.entity.Order
17:03:29.860 [Test worker] DEBUG org.hibernate.boot.internal.InFlightMetadataCollectorImpl - Resolving reference to class: com.epam.esm.entity.User
17:03:29.860 [Test worker] DEBUG org.hibernate.boot.internal.InFlightMetadataCollectorImpl - Resolving reference to class: com.epam.esm.entity.Role
17:03:29.860 [Test worker] DEBUG org.hibernate.boot.internal.InFlightMetadataCollectorImpl - Resolving reference to class: com.epam.esm.entity.Tag
17:03:29.860 [Test worker] DEBUG org.hibernate.boot.internal.InFlightMetadataCollectorImpl - Resolving reference to class: com.epam.esm.entity.GiftCertificate
17:03:29.860 [Test worker] DEBUG org.hibernate.boot.internal.InFlightMetadataCollectorImpl - Resolving reference to class: com.epam.esm.entity.GiftCertificate
17:03:29.860 [Test worker] DEBUG org.hibernate.boot.internal.InFlightMetadataCollectorImpl - Resolving reference to class: com.epam.esm.entity.Order
17:03:29.861 [Test worker] DEBUG org.hibernate.internal.SessionFactoryImpl - Building session factory
17:03:29.861 [Test worker] DEBUG org.hibernate.cfg.Settings - SessionFactory name : null
17:03:29.861 [Test worker] DEBUG org.hibernate.cfg.Settings - Automatic flush during beforeCompletion(): enabled
17:03:29.861 [Test worker] DEBUG org.hibernate.cfg.Settings - Automatic session close at end of transaction: disabled
17:03:29.861 [Test worker] DEBUG org.hibernate.cfg.Settings - Statistics: disabled
17:03:29.861 [Test worker] DEBUG org.hibernate.cfg.Settings - Deleted entity synthetic identifier rollback: disabled
17:03:29.861 [Test worker] DEBUG org.hibernate.cfg.Settings - Default entity-mode: pojo
17:03:29.862 [Test worker] DEBUG org.hibernate.cfg.Settings - Check Nullability in Core (should be disabled when Bean Validation is on): enabled
17:03:29.862 [Test worker] DEBUG org.hibernate.cfg.Settings - Allow initialization of lazy state outside session : disabled
17:03:29.862 [Test worker] DEBUG org.hibernate.cfg.Settings - Using BatchFetchStyle : LEGACY
17:03:29.862 [Test worker] DEBUG org.hibernate.cfg.Settings - Default batch fetch size: -1
17:03:29.862 [Test worker] DEBUG org.hibernate.cfg.Settings - Maximum outer join fetch depth: null
17:03:29.862 [Test worker] DEBUG org.hibernate.cfg.Settings - Default null ordering: NONE
17:03:29.862 [Test worker] DEBUG org.hibernate.cfg.Settings - Order SQL updates by primary key: disabled
17:03:29.862 [Test worker] DEBUG org.hibernate.cfg.Settings - Order SQL inserts for batching: disabled
17:03:29.862 [Test worker] DEBUG org.hibernate.cfg.Settings - multi-tenancy strategy : NONE
17:03:29.862 [Test worker] DEBUG org.hibernate.cfg.Settings - JTA Track by Thread: enabled
17:03:29.862 [Test worker] DEBUG org.hibernate.cfg.Settings - Query language substitutions: {}
17:03:29.862 [Test worker] DEBUG org.hibernate.cfg.Settings - Named query checking : enabled
17:03:29.862 [Test worker] DEBUG org.hibernate.cfg.Settings - Second-level cache: disabled
17:03:29.862 [Test worker] DEBUG org.hibernate.cfg.Settings - Second-level query cache: disabled
17:03:29.862 [Test worker] DEBUG org.hibernate.cfg.Settings - Second-level query cache factory: null
17:03:29.862 [Test worker] DEBUG org.hibernate.cfg.Settings - Second-level cache region prefix: null
17:03:29.862 [Test worker] DEBUG org.hibernate.cfg.Settings - Optimize second-level cache for minimal puts: disabled
17:03:29.862 [Test worker] DEBUG org.hibernate.cfg.Settings - Structured second-level cache entries: disabled
17:03:29.862 [Test worker] DEBUG org.hibernate.cfg.Settings - Second-level cache direct-reference entries: disabled
17:03:29.862 [Test worker] DEBUG org.hibernate.cfg.Settings - Automatic eviction of collection cache: disabled
17:03:29.862 [Test worker] DEBUG org.hibernate.cfg.Settings - JDBC batch size: 15
17:03:29.862 [Test worker] DEBUG org.hibernate.cfg.Settings - JDBC batch updates for versioned data: enabled
17:03:29.862 [Test worker] DEBUG org.hibernate.cfg.Settings - Scrollable result sets: enabled
17:03:29.862 [Test worker] DEBUG org.hibernate.cfg.Settings - Wrap result sets: disabled
17:03:29.862 [Test worker] DEBUG org.hibernate.cfg.Settings - JDBC3 getGeneratedKeys(): enabled
17:03:29.862 [Test worker] DEBUG org.hibernate.cfg.Settings - JDBC result set fetch size: null
17:03:29.862 [Test worker] DEBUG org.hibernate.cfg.Settings - Connection release mode: ON_CLOSE
17:03:29.862 [Test worker] DEBUG org.hibernate.cfg.Settings - Generate SQL with comments: disabled
17:03:29.862 [Test worker] DEBUG org.hibernate.cfg.Settings - JPA compliance - query : 
17:03:29.862 [Test worker] DEBUG org.hibernate.cfg.Settings - JPA compliance - closed-handling : 
17:03:29.862 [Test worker] DEBUG org.hibernate.cfg.Settings - JPA compliance - lists : 
17:03:29.862 [Test worker] DEBUG org.hibernate.cfg.Settings - JPA compliance - transactions : 
17:03:29.863 [Test worker] DEBUG org.hibernate.jpa.event.internal.CallbackBuilderLegacyImpl - Adding onPrePersist as PrePersist callback for entity com.epam.esm.entity.Order
17:03:29.865 [Test worker] DEBUG org.hibernate.internal.SessionFactoryImpl - Session factory constructed with filter configurations : {}
17:03:29.865 [Test worker] DEBUG org.hibernate.internal.SessionFactoryImpl - Instantiating session factory with properties: {gopherProxySet=false, awt.toolkit=sun.lwawt.macosx.LWCToolkit, hibernate.id.new_generator_mappings=true, java.specification.version=11, sun.cpu.isalist=, hibernate.resource.beans.container=org.springframework.orm.hibernate5.SpringBeanContainer@652d6950, hibernate.connection.handling_mode=DELAYED_ACQUISITION_AND_HOLD, sun.jnu.encoding=UTF-8, hibernate.dialect=org.hibernate.dialect.H2Dialect, org.gradle.test.worker=3, hibernate.implicit_naming_strategy=org.springframework.boot.orm.jpa.hibernate.SpringImplicitNamingStrategy, java.class.path=/Users/dzmitryplatonov/.gradle/caches/5.6.2/workerMain/gradle-worker.jar:/Users/dzmitryplatonov/Desktop/workdir/giftcertificates/datasource/build/classes/java/test:/Users/dzmitryplatonov/Desktop/workdir/giftcertificates/datasource/build/resources/test:/Users/dzmitryplatonov/Desktop/workdir/giftcertificates/datasource/build/classes/java/main:/Users/dzmitryplatonov/Desktop/workdir/giftcertificates/datasource/build/resources/main:/Users/dzmitryplatonov/.m2/repository/org/apache/logging/log4j/log4j-web/2.11.2/log4j-web-2.11.2.jar:/Users/dzmitryplatonov/.m2/repository/org/apache/logging/log4j/log4j-core/2.11.2/log4j-core-2.11.2.jar:/Users/dzmitryplatonov/.gradle/caches/modules-2/files-2.1/org.springframework.boot/spring-boot-starter-web/2.1.9.RELEASE/2063870234eebbda3c09dddf9853477fe9e4a719/spring-boot-starter-web-2.1.9.RELEASE.jar:/Users/dzmitryplatonov/.gradle/caches/modules-2/files-2.1/org.springframework.boot/spring-boot-starter-security/2.1.9.RELEASE/bde048665003362d9e16aa75a8804f90dce1d31e/spring-boot-starter-security-2.1.9.RELEASE.jar:/Users/dzmitryplatonov/.gradle/caches/modules-2/files-2.1/org.springframework.boot/spring-boot-starter-data-jpa/2.1.9.RELEASE/784d6d5c525c2dd9fac31031ee6ca2ec8b067af5/spring-boot-starter-data-jpa-2.1.9.RELEASE.jar:/Users/dzmitryplatonov/.gradle/caches/modules-2/files-2.1/org.springframework.boot/spring-boot-starter-aop/2.1.9.RELEASE/74226b26cf15952f639deca38fe919701755c97b/spring-boot-starter-aop-2.1.9.RELEASE.jar:/Users/dzmitryplatonov/.gradle/caches/modules-2/files-2.1/org.springframework.boot/spring-boot-starter-jdbc/2.1.9.RELEASE/3f7d1d67669dfa0ea4ff9216afbeef5bc6a58ecb/spring-boot-starter-jdbc-2.1.9.RELEASE.jar:/Users/dzmitryplatonov/.gradle/caches/modules-2/files-2.1/org.springframework.boot/spring-boot-starter-json/2.1.9.RELEASE/53bdf52bc28b7e753874e0136fb33c9eab184276/spring-boot-starter-json-2.1.9.RELEASE.jar:/Users/dzmitryplatonov/.gradle/caches/modules-2/files-2.1/org.springframework.boot/spring-boot-starter/2.1.9.RELEASE/45d7afa2d9aab4b2984f2c330f507797fbcf501f/spring-boot-starter-2.1.9.RELEASE.jar:/Users/dzmitryplatonov/.gradle/caches/modules-2/files-2.1/org.springframework.boot/spring-boot-starter-logging/2.1.9.RELEASE/802b562b0c602ae9242b659a28b9bf89ca689b2d/spring-boot-starter-logging-2.1.9.RELEASE.jar:/Users/dzmitryplatonov/.m2/repository/org/apache/logging/log4j/log4j-to-slf4j/2.11.2/log4j-to-slf4j-2.11.2.jar:/Users/dzmitryplatonov/.m2/repository/org/apache/logging/log4j/log4j-api/2.11.2/log4j-api-2.11.2.jar:/Users/dzmitryplatonov/.m2/repository/org/hibernate/validator/hibernate-validator/6.0.17.Final/hibernate-validator-6.0.17.Final.jar:/Users/dzmitryplatonov/.m2/repository/javax/validation/validation-api/2.0.1.Final/validation-api-2.0.1.Final.jar:/Users/dzmitryplatonov/.gradle/caches/modules-2/files-2.1/org.springframework.security.oauth.boot/spring-security-oauth2-autoconfigure/2.1.9.RELEASE/abbbf98ebc0454774162add4b412a7ee5da66877/spring-security-oauth2-autoconfigure-2.1.9.RELEASE.jar:/Users/dzmitryplatonov/.gradle/caches/modules-2/files-2.1/com.auth0/jwks-rsa/0.9.0/6e3a813bce7eb07327f2a5384fb178eb21469338/jwks-rsa-0.9.0.jar:/Users/dzmitryplatonov/.gradle/caches/modules-2/files-2.1/io.jsonwebtoken/jjwt/0.9.1/54d2abfc3e63a28824d35bf600d6a5d627da681a/jjwt-0.9.1.jar:/Users/dzmitryplatonov/.gradle/caches/modules-2/files-2.1/io.jsonwebtoken/jjwt-jackson/0.10.7/52b5a612da95a0c0edc867ccac65bb0f6762ed7b/jjwt-jackson-0.10.7.jar:/Users/dzmitryplatonov/.m2/repository/com/fasterxml/jackson/datatype/jackson-datatype-jsr310/2.9.9/jackson-datatype-jsr310-2.9.9.jar:/Users/dzmitryplatonov/.m2/repository/com/fasterxml/jackson/datatype/jackson-datatype-jdk8/2.9.9/jackson-datatype-jdk8-2.9.9.jar:/Users/dzmitryplatonov/.m2/repository/com/fasterxml/jackson/module/jackson-module-parameter-names/2.9.9/jackson-module-parameter-names-2.9.9.jar:/Users/dzmitryplatonov/.gradle/caches/modules-2/files-2.1/com.fasterxml.jackson.core/jackson-databind/2.10.0.pr3/4e17238b159dcd1167b095024fe07f41da1e37ac/jackson-databind-2.10.0.pr3.jar:/Users/dzmitryplatonov/.gradle/caches/modules-2/files-2.1/com.fasterxml.jackson.core/jackson-annotations/2.10.0.pr3/6c99a6d972b8bdd92192bef4b0ff5df164e9cafc/jackson-annotations-2.10.0.pr3.jar:/Users/dzmitryplatonov/.m2/repository/org/springframework/hateoas/spring-hateoas/0.25.1.RELEASE/spring-hateoas-0.25.1.RELEASE.jar:/Users/dzmitryplatonov/.m2/repository/org/springframework/plugin/spring-plugin-core/1.2.0.RELEASE/spring-plugin-core-1.2.0.RELEASE.jar:/Users/dzmitryplatonov/.gradle/caches/modules-2/files-2.1/org.springframework.security/spring-security-oauth2-client/5.1.6.RELEASE/8a77b659f7f6616ca5970796c04106595819f4eb/spring-security-oauth2-client-5.1.6.RELEASE.jar:/Users/dzmitryplatonov/.gradle/caches/modules-2/files-2.1/org.springframework.security/spring-security-oauth2-jose/5.1.6.RELEASE/78f947f9b1ee235f7efbb697e15acd05e16d009a/spring-security-oauth2-jose-5.1.6.RELEASE.jar:/Users/dzmitryplatonov/.gradle/caches/modules-2/files-2.1/org.springframework.security/spring-security-openid/5.2.0.RELEASE/e67725a379bcc03c3edd571d6fec4800b2313a00/spring-security-openid-5.2.0.RELEASE.jar:/Users/dzmitryplatonov/.gradle/caches/modules-2/files-2.1/org.springframework.data/spring-data-jpa/2.1.11.RELEASE/b774364187f5e68379b8c3121232a04686a0325c/spring-data-jpa-2.1.11.RELEASE.jar:/Users/dzmitryplatonov/.gradle/caches/modules-2/files-2.1/org.springframework/spring-orm/5.1.10.RELEASE/ce92238d65405408387b1ae7a5dd5a280f7ea29f/spring-orm-5.1.10.RELEASE.jar:/Users/dzmitryplatonov/.gradle/caches/modules-2/files-2.1/org.springframework/spring-jdbc/5.1.10.RELEASE/48957bfad9656fdba9263539e2fa8f3034939ba8/spring-jdbc-5.1.10.RELEASE.jar:/Users/dzmitryplatonov/.m2/repository/org/postgresql/postgresql/42.2.8/postgresql-42.2.8.jar:/Users/dzmitryplatonov/.gradle/caches/modules-2/files-2.1/org.springframework.boot/spring-boot-starter-tomcat/2.1.9.RELEASE/99bef08a0b7fd10ff9827f0f8e6f49b97cbabf7f/spring-boot-starter-tomcat-2.1.9.RELEASE.jar:/Users/dzmitryplatonov/.m2/repository/javax/annotation/javax.annotation-api/1.3.2/javax.annotation-api-1.3.2.jar:/Users/dzmitryplatonov/.gradle/caches/modules-2/files-2.1/io.jsonwebtoken/jjwt-impl/0.10.7/49cf3b0b6f10eb024104ae39c111c1fd0cd3be64/jjwt-impl-0.10.7.jar:/Users/dzmitryplatonov/.gradle/caches/modules-2/files-2.1/org.junit.jupiter/junit-jupiter-params/5.2.0/d70083080bf3400c181562919cb03bf7588104e1/junit-jupiter-params-5.2.0.jar:/Users/dzmitryplatonov/.gradle/caches/modules-2/files-2.1/org.mockito/mockito-junit-jupiter/2.18.3/827104c6aed482c68159faf320f44f5eb5b03bd/mockito-junit-jupiter-2.18.3.jar:/Users/dzmitryplatonov/.m2/repository/org/mockito/mockito-core/2.28.2/mockito-core-2.28.2.jar:/Users/dzmitryplatonov/.m2/repository/com/h2database/h2/1.4.197/h2-1.4.197.jar:/Users/dzmitryplatonov/.gradle/caches/modules-2/files-2.1/org.springframework/spring-test/5.0.1.RELEASE/47dee3bebbcbcaff1be786b6c0db654ba7376eb9/spring-test-5.0.1.RELEASE.jar:/Users/dzmitryplatonov/.gradle/caches/modules-2/files-2.1/org.junit.jupiter/junit-jupiter-engine/5.3.1/e2676b1786c57a80eb98f5bebd51a3d05e228c40/junit-jupiter-engine-5.3.1.jar:/Users/dzmitryplatonov/.gradle/caches/modules-2/files-2.1/org.junit.jupiter/junit-jupiter-api/5.3.1/a7e97eac2784395cb991403f9641b042ad972941/junit-jupiter-api-5.3.1.jar:/Users/dzmitryplatonov/.gradle/caches/modules-2/files-2.1/org.hibernate/hibernate-core/5.3.12.Final/e1929362fe24a9f62142d18f1ac5b0d7f278ef22/hibernate-core-5.3.12.Final.jar:/Users/dzmitryplatonov/.m2/repository/org/hibernate/common/hibernate-commons-annotations/5.0.4.Final/hibernate-commons-annotations-5.0.4.Final.jar:/Users/dzmitryplatonov/.m2/repository/org/jboss/logging/jboss-logging/3.3.2.Final/jboss-logging-3.3.2.Final.jar:/Users/dzmitryplatonov/.m2/repository/com/fasterxml/classmate/1.3.4/classmate-1.3.4.jar:/Users/dzmitryplatonov/.gradle/caches/modules-2/files-2.1/com.fasterxml.jackson.core/jackson-core/2.10.0.pr3/1d2f9b816bcd00130ddc9dae6c99f7b533afcc73/jackson-core-2.10.0.pr3.jar:/Users/dzmitryplatonov/.gradle/caches/modules-2/files-2.1/org.springframework.security.oauth/spring-security-oauth2/2.3.5.RELEASE/7969f5363398d6d3788bef1740b2ab9509043d51/spring-security-oauth2-2.3.5.RELEASE.jar:/Users/dzmitryplatonov/.gradle/caches/modules-2/files-2.1/org.springframework/spring-webmvc/5.1.10.RELEASE/67b6da7852e89bc0df6ce36a263ac4377fe48e27/spring-webmvc-5.1.10.RELEASE.jar:/Users/dzmitryplatonov/.m2/repository/org/springframework/security/spring-security-config/5.1.6.RELEASE/spring-security-config-5.1.6.RELEASE.jar:/Users/dzmitryplatonov/.gradle/caches/modules-2/files-2.1/org.springframework.security/spring-security-oauth2-core/5.1.6.RELEASE/f3b2623760154aac86d32427696842c7c3d85326/spring-security-oauth2-core-5.1.6.RELEASE.jar:/Users/dzmitryplatonov/.gradle/caches/modules-2/files-2.1/org.springframework.security/spring-security-web/5.2.0.RELEASE/a9ff06ad3fd66cd08545e1a601c66d2256c86e0f/spring-security-web-5.2.0.RELEASE.jar:/Users/dzmitryplatonov/.gradle/caches/modules-2/files-2.1/org.springframework.security/spring-security-core/5.2.0.RELEASE/1c8f36e316a74c245073ce2a70bdf198a58424f6/spring-security-core-5.2.0.RELEASE.jar:/Users/dzmitryplatonov/.gradle/caches/modules-2/files-2.1/org.springframework.boot/spring-boot-autoconfigure/2.1.9.RELEASE/aa6d5e0fef585bec64543b9b8f944a94060e710a/spring-boot-autoconfigure-2.1.9.RELEASE.jar:/Users/dzmitryplatonov/.gradle/caches/modules-2/files-2.1/org.springframework.boot/spring-boot/2.1.9.RELEASE/b18e7287a82ee06c6bb4e79423c25c05b8303dc1/spring-boot-2.1.9.RELEASE.jar:/Users/dzmitryplatonov/.gradle/caches/modules-2/files-2.1/org.springframework/spring-context/5.2.0.RELEASE/a2638a8295f13ed8511c98a2379507677e1d16fa/spring-context-5.2.0.RELEASE.jar:/Users/dzmitryplatonov/.gradle/caches/modules-2/files-2.1/org.springframework/spring-aop/5.2.0.RELEASE/7031d44f063ea68e49b881a985967e7f2c144f3b/spring-aop-5.2.0.RELEASE.jar:/Users/dzmitryplatonov/.gradle/caches/modules-2/files-2.1/org.springframework/spring-web/5.2.0.RELEASE/d5b064196dc014519e751df549b4cc6a753fb191/spring-web-5.2.0.RELEASE.jar:/Users/dzmitryplatonov/.gradle/caches/modules-2/files-2.1/org.springframework.data/spring-data-commons/2.1.11.RELEASE/dace2a47d274ac5f0ac3ff2f47cb0b936bef5b46/spring-data-commons-2.1.11.RELEASE.jar:/Users/dzmitryplatonov/.gradle/caches/modules-2/files-2.1/org.springframework/spring-tx/5.1.10.RELEASE/c32ebb7fb1be3b733304b7873c31817dd434479a/spring-tx-5.1.10.RELEASE.jar:/Users/dzmitryplatonov/.gradle/caches/modules-2/files-2.1/org.springframework/spring-beans/5.2.0.RELEASE/3ae97694618c59e6af695a15e54fabb7e319776/spring-beans-5.2.0.RELEASE.jar:/Users/dzmitryplatonov/.gradle/caches/modules-2/files-2.1/org.springframework/spring-expression/5.2.0.RELEASE/ac6a616451129e717979f18d2bff40528698a46e/spring-expression-5.2.0.RELEASE.jar:/Users/dzmitryplatonov/.gradle/caches/modules-2/files-2.1/org.springframework/spring-core/5.2.0.RELEASE/e0e1b3c304f70ed19d7905975f6f990916ada219/spring-core-5.2.0.RELEASE.jar:/Users/dzmitryplatonov/.m2/repository/com/zaxxer/HikariCP/3.2.0/HikariCP-3.2.0.jar:/Users/dzmitryplatonov/.m2/repository/ch/qos/logback/logback-classic/1.2.3/logback-classic-1.2.3.jar:/Users/dzmitryplatonov/.m2/repository/org/slf4j/jul-to-slf4j/1.7.28/jul-to-slf4j-1.7.28.jar:/Users/dzmitryplatonov/.m2/repository/org/slf4j/slf4j-api/1.7.28/slf4j-api-1.7.28.jar:/Users/dzmitryplatonov/.m2/repository/javax/transaction/javax.transaction-api/1.3/javax.transaction-api-1.3.jar:/Users/dzmitryplatonov/.gradle/caches/modules-2/files-2.1/org.glassfish.jaxb/jaxb-runtime/2.3.1/dd6dda9da676a54c5b36ca2806ff95ee017d8738/jaxb-runtime-2.3.1.jar:/Users/dzmitryplatonov/.m2/repository/javax/xml/bind/jaxb-api/2.3.1/jaxb-api-2.3.1.jar:/Users/dzmitryplatonov/.gradle/caches/modules-2/files-2.1/org.springframework/spring-aspects/5.1.10.RELEASE/b0364caabcde96dc6385480d0f9270613ab04511/spring-aspects-5.1.10.RELEASE.jar:/Users/dzmitryplatonov/.gradle/caches/modules-2/files-2.1/org.springframework.security/spring-security-jwt/1.0.10.RELEASE/19a1ca7a83e9d263a31af5f529da460f8f863451/spring-security-jwt-1.0.10.RELEASE.jar:/Users/dzmitryplatonov/.gradle/caches/modules-2/files-2.1/com.nimbusds/oauth2-oidc-sdk/6.0/e731f0b62727a46ae6d6fded62b5678d28273c3c/oauth2-oidc-sdk-6.0.jar:/Users/dzmitryplatonov/.gradle/caches/modules-2/files-2.1/com.nimbusds/nimbus-jose-jwt/6.0.2/81605278e5df1cf4c3774851649b85cade077fa5/nimbus-jose-jwt-6.0.2.jar:/Users/dzmitryplatonov/.gradle/caches/modules-2/files-2.1/com.google.inject/guice/3.0/9d84f15fe35e2c716a02979fb62f50a29f38aefa/guice-3.0.jar:/Users/dzmitryplatonov/.gradle/caches/modules-2/files-2.1/org.openid4java/openid4java-nodeps/0.9.6/52ca394f5f6d38b78e35a5a6a0a341dc5b3aaf34/openid4java-nodeps-0.9.6.jar:/Users/dzmitryplatonov/.gradle/caches/modules-2/files-2.1/net.sourceforge.nekohtml/nekohtml/1.9.22/4f54af68ecb345f2453fb6884672ad08414154e3/nekohtml-1.9.22.jar:/Users/dzmitryplatonov/.gradle/caches/modules-2/files-2.1/org.apache.httpcomponents/httpclient/4.5.10/7ca2e4276f4ef95e4db725a8cd4a1d1e7585b9e5/httpclient-4.5.10.jar:/Users/dzmitryplatonov/.gradle/caches/modules-2/files-2.1/commons-codec/commons-codec/1.13/3f18e1aa31031d89db6f01ba05d501258ce69d2c/commons-codec-1.13.jar:/Users/dzmitryplatonov/.m2/repository/commons-io/commons-io/2.6/commons-io-2.6.jar:/Users/dzmitryplatonov/.gradle/caches/modules-2/files-2.1/com.google.guava/guava/27.1-jre/e47b59c893079b87743cdcfb6f17ca95c08c592c/guava-27.1-jre.jar:/Users/dzmitryplatonov/.gradle/caches/modules-2/files-2.1/io.jsonwebtoken/jjwt-api/0.10.7/52e888d8424d3c788e23fedfbfc65ce36830ab1a/jjwt-api-0.10.7.jar:/Users/dzmitryplatonov/.m2/repository/org/junit/platform/junit-platform-engine/1.3.1/junit-platform-engine-1.3.1.jar:/Users/dzmitryplatonov/.m2/repository/org/junit/platform/junit-platform-commons/1.3.1/junit-platform-commons-1.3.1.jar:/Users/dzmitryplatonov/.m2/repository/org/apiguardian/apiguardian-api/1.0.0/apiguardian-api-1.0.0.jar:/Users/dzmitryplatonov/.gradle/caches/modules-2/files-2.1/net.bytebuddy/byte-buddy/1.9.11/985bbce599f92d6440582a7d1a5231bfaae9970f/byte-buddy-1.9.11.jar:/Users/dzmitryplatonov/.m2/repository/net/bytebuddy/byte-buddy-agent/1.9.10/byte-buddy-agent-1.9.10.jar:/Users/dzmitryplatonov/.m2/repository/org/objenesis/objenesis/2.6/objenesis-2.6.jar:/Users/dzmitryplatonov/.m2/repository/org/opentest4j/opentest4j/1.1.1/opentest4j-1.1.1.jar:/Users/dzmitryplatonov/.m2/repository/org/aspectj/aspectjweaver/1.9.4/aspectjweaver-1.9.4.jar:/Users/dzmitryplatonov/.m2/repository/javax/activation/javax.activation-api/1.2.0/javax.activation-api-1.2.0.jar:/Users/dzmitryplatonov/.m2/repository/javax/persistence/javax.persistence-api/2.2/javax.persistence-api-2.2.jar:/Users/dzmitryplatonov/.m2/repository/org/javassist/javassist/3.23.2-GA/javassist-3.23.2-GA.jar:/Users/dzmitryplatonov/.m2/repository/antlr/antlr/2.7.7/antlr-2.7.7.jar:/Users/dzmitryplatonov/.m2/repository/org/jboss/jandex/2.0.5.Final/jandex-2.0.5.Final.jar:/Users/dzmitryplatonov/.m2/repository/org/dom4j/dom4j/2.1.1/dom4j-2.1.1.jar:/Users/dzmitryplatonov/.m2/repository/org/yaml/snakeyaml/1.23/snakeyaml-1.23.jar:/Users/dzmitryplatonov/.gradle/caches/modules-2/files-2.1/org.apache.tomcat.embed/tomcat-embed-websocket/9.0.26/8991b1bd82c5745e95a9161472a92dc1e5c7148e/tomcat-embed-websocket-9.0.26.jar:/Users/dzmitryplatonov/.gradle/caches/modules-2/files-2.1/org.apache.tomcat.embed/tomcat-embed-core/9.0.26/6312ba542bc58fa9ee789a43516ce4d862548a6b/tomcat-embed-core-9.0.26.jar:/Users/dzmitryplatonov/.gradle/caches/modules-2/files-2.1/org.apache.tomcat.embed/tomcat-embed-el/9.0.26/a551f05d3ecf5434eaadd75e0b51519447df124/tomcat-embed-el-9.0.26.jar:/Users/dzmitryplatonov/.gradle/caches/modules-2/files-2.1/org.codehaus.jackson/jackson-mapper-asl/1.9.13/1ee2f2bed0e5dd29d1cb155a166e6f8d50bbddb7/jackson-mapper-asl-1.9.13.jar:/Users/dzmitryplatonov/.gradle/caches/modules-2/files-2.1/org.bouncycastle/bcpkix-jdk15on/1.60/d0c46320fbc07be3a24eb13a56cee4e3d38e0c75/bcpkix-jdk15on-1.60.jar:/Users/dzmitryplatonov/.gradle/caches/modules-2/files-2.1/org.glassfish.jaxb/txw2/2.3.1/a09d2c48d3285f206fafbffe0e50619284e92126/txw2-2.3.1.jar:/Users/dzmitryplatonov/.gradle/caches/modules-2/files-2.1/com.sun.istack/istack-commons-runtime/3.0.7/c197c86ceec7318b1284bffb49b54226ca774003/istack-commons-runtime-3.0.7.jar:/Users/dzmitryplatonov/.gradle/caches/modules-2/files-2.1/org.jvnet.staxex/stax-ex/1.8/8cc35f73da321c29973191f2cf143d29d26a1df7/stax-ex-1.8.jar:/Users/dzmitryplatonov/.gradle/caches/modules-2/files-2.1/com.sun.xml.fastinfoset/FastInfoset/1.2.15/bb7b7ec0379982b97c62cd17465cb6d9155f68e8/FastInfoset-1.2.15.jar:/Users/dzmitryplatonov/.gradle/caches/modules-2/files-2.1/com.sun.mail/javax.mail/1.6.1/757ba4630692bb2a1ec2d9d57a616b63f15e947e/javax.mail-1.6.1.jar:/Users/dzmitryplatonov/.gradle/caches/modules-2/files-2.1/com.github.stephenc.jcip/jcip-annotations/1.0-1/ef31541dd28ae2cefdd17c7ebf352d93e9058c63/jcip-annotations-1.0-1.jar:/Users/dzmitryplatonov/.m2/repository/net/minidev/json-smart/2.3/json-smart-2.3.jar:/Users/dzmitryplatonov/.gradle/caches/modules-2/files-2.1/com.nimbusds/lang-tag/1.4.4/1db9a709239ae473a69b5424c7e78d0b7108229d/lang-tag-1.4.4.jar:/Users/dzmitryplatonov/.gradle/caches/modules-2/files-2.1/org.springframework/spring-jcl/5.2.0.RELEASE/59b53ab6f01dd3ba85875b61a284c161584c18a3/spring-jcl-5.2.0.RELEASE.jar:/Users/dzmitryplatonov/.m2/repository/javax/inject/javax.inject/1/javax.inject-1.jar:/Users/dzmitryplatonov/.gradle/caches/modules-2/files-2.1/org.sonatype.sisu.inject/cglib/2.2.1-v20090111/7ce5e983fd0e6c78346f4c9cbfa39d83049dda2/cglib-2.2.1-v20090111.jar:/Users/dzmitryplatonov/.m2/repository/commons-logging/commons-logging/1.2/commons-logging-1.2.jar:/Users/dzmitryplatonov/.m2/repository/net/jcip/jcip-annotations/1.0/jcip-annotations-1.0.jar:/Users/dzmitryplatonov/.m2/repository/xerces/xercesImpl/2.11.0/xercesImpl-2.11.0.jar:/Users/dzmitryplatonov/.gradle/caches/modules-2/files-2.1/org.apache.httpcomponents/httpcore/4.4.12/21ebaf6d532bc350ba95bd81938fa5f0e511c132/httpcore-4.4.12.jar:/Users/dzmitryplatonov/.gradle/caches/modules-2/files-2.1/com.google.guava/failureaccess/1.0.1/1dcf1de382a0bf95a3d8b0849546c88bac1292c9/failureaccess-1.0.1.jar:/Users/dzmitryplatonov/.gradle/caches/modules-2/files-2.1/com.google.guava/listenablefuture/9999.0-empty-to-avoid-conflict-with-guava/b421526c5f297295adef1c886e5246c39d4ac629/listenablefuture-9999.0-empty-to-avoid-conflict-with-guava.jar:/Users/dzmitryplatonov/.m2/repository/com/google/code/findbugs/jsr305/3.0.2/jsr305-3.0.2.jar:/Users/dzmitryplatonov/.gradle/caches/modules-2/files-2.1/org.checkerframework/checker-qual/2.5.2/cea74543d5904a30861a61b4643a5f2bb372efc4/checker-qual-2.5.2.jar:/Users/dzmitryplatonov/.gradle/caches/modules-2/files-2.1/com.google.errorprone/error_prone_annotations/2.2.0/88e3c593e9b3586e1c6177f89267da6fc6986f0c/error_prone_annotations-2.2.0.jar:/Users/dzmitryplatonov/.gradle/caches/modules-2/files-2.1/com.google.j2objc/j2objc-annotations/1.1/ed28ded51a8b1c6b112568def5f4b455e6809019/j2objc-annotations-1.1.jar:/Users/dzmitryplatonov/.gradle/caches/modules-2/files-2.1/org.codehaus.mojo/animal-sniffer-annotations/1.17/f97ce6decaea32b36101e37979f8b647f00681fb/animal-sniffer-annotations-1.17.jar:/Users/dzmitryplatonov/.gradle/caches/modules-2/files-2.1/org.codehaus.jackson/jackson-core-asl/1.9.13/3c304d70f42f832e0a86d45bd437f692129299a4/jackson-core-asl-1.9.13.jar:/Users/dzmitryplatonov/.gradle/caches/modules-2/files-2.1/org.bouncycastle/bcprov-jdk15on/1.60/bd47ad3bd14b8e82595c7adaa143501e60842a84/bcprov-jdk15on-1.60.jar:/Users/dzmitryplatonov/.m2/repository/javax/activation/activation/1.1/activation-1.1.jar:/Users/dzmitryplatonov/.m2/repository/net/minidev/accessors-smart/1.2/accessors-smart-1.2.jar:/Users/dzmitryplatonov/.gradle/caches/modules-2/files-2.1/asm/asm/3.1/c157def142714c544bdea2e6144645702adf7097/asm-3.1.jar:/Users/dzmitryplatonov/.m2/repository/xml-apis/xml-apis/1.4.01/xml-apis-1.4.01.jar:/Users/dzmitryplatonov/.m2/repository/ch/qos/logback/logback-core/1.2.3/logback-core-1.2.3.jar:/Users/dzmitryplatonov/.gradle/caches/modules-2/files-2.1/org.apache.tomcat/tomcat-annotations-api/9.0.26/bb4574456c5db64acfcd2aa6f426d87e6c05a772/tomcat-annotations-api-9.0.26.jar:/Users/dzmitryplatonov/.m2/repository/org/ow2/asm/asm/5.0.4/asm-5.0.4.jar, java.vm.vendor=Oracle Corporation, sun.arch.data.model=64, user.variant=, java.vendor.url=http://java.oracle.com/, user.timezone=Europe/Minsk, os.name=Mac OS X, java.vm.specification.version=11, javax.persistence.validation.mode=AUTO, user.country=BY, sun.java.launcher=SUN_STANDARD, sun.boot.library.path=/Library/Java/JavaVirtualMachines/jdk-11.0.4.jdk/Contents/Home/lib, sun.java.command=worker.org.gradle.process.internal.worker.GradleWorkerMain 'Gradle Test Executor 3', hibernate.transaction.jta.platform=org.hibernate.engine.transaction.jta.platform.internal.NoJtaPlatform@50d23ce6, http.nonProxyHosts=local|*.local|169.254/16|*.169.254/16, javax.persistence.sharedCache.mode=UNSPECIFIED, jdk.debug=release, sun.cpu.endian=little, user.home=/Users/dzmitryplatonov, user.language=ru, java.specification.vendor=Oracle Corporation, org.gradle.native=false, java.version.date=2019-07-16, java.home=/Library/Java/JavaVirtualMachines/jdk-11.0.4.jdk/Contents/Home, file.separator=/, java.vm.compressedOopsMode=Zero based, line.separator=
, java.specification.name=Java Platform API Specification, java.vm.specification.vendor=Oracle Corporation, hibernate.transaction.coordinator_class=class org.hibernate.resource.transaction.backend.jdbc.internal.JdbcResourceLocalTransactionCoordinatorBuilderImpl, java.awt.graphicsenv=sun.awt.CGraphicsEnvironment, hibernate.hbm2ddl.auto=create-drop, sun.management.compiler=HotSpot 64-Bit Tiered Compilers, ftp.nonProxyHosts=local|*.local|169.254/16|*.169.254/16, java.runtime.version=11.0.4+10-LTS, user.name=dzmitryplatonov, path.separator=:, os.version=10.14.6, java.runtime.name=Java(TM) SE Runtime Environment, file.encoding=UTF-8, hibernate.ejb.persistenceUnitName=default, java.vm.name=Java HotSpot(TM) 64-Bit Server VM, java.vendor.version=18.9, java.vendor.url.bug=http://bugreport.java.com/bugreport/, java.io.tmpdir=/var/folders/nm/5f650mms7n577yq7w4kkdfl80000gn/T/, com.zaxxer.hikari.pool_number=1, java.version=11.0.4, hibernate.physical_naming_strategy=org.springframework.boot.orm.jpa.hibernate.SpringPhysicalNamingStrategy, user.dir=/Users/dzmitryplatonov/Desktop/workdir/giftcertificates/datasource, os.arch=x86_64, java.vm.specification.name=Java Virtual Machine Specification, java.awt.printerjob=sun.lwawt.macosx.CPrinterJob, sun.os.patch.level=unknown, hibernate.boot.CfgXmlAccessService.key=org.hibernate.boot.cfgxml.spi.LoadedConfig@1976a097, java.library.path=/Users/dzmitryplatonov/Library/Java/Extensions:/Library/Java/Extensions:/Network/Library/Java/Extensions:/System/Library/Java/Extensions:/usr/lib/java:., java.vendor=Oracle Corporation, java.vm.info=mixed mode, java.vm.version=11.0.4+10-LTS, hibernate.bytecode.use_reflection_optimizer=false, sun.io.unicode.encoding=UnicodeBig, hibernate.connection.datasource=HikariDataSource (HikariPool-4), socksNonProxyHosts=local|*.local|169.254/16|*.169.254/16, java.class.version=55.0}
17:03:29.866 [Test worker] DEBUG org.hibernate.validator.internal.engine.resolver.TraversableResolvers - Found javax.persistence.Persistence on classpath containing 'getPersistenceUtil'. Assuming JPA 2 environment. Trying to instantiate JPA aware TraversableResolver
17:03:29.866 [Test worker] DEBUG org.hibernate.validator.internal.engine.resolver.TraversableResolvers - Instantiated JPA aware TraversableResolver of type org.hibernate.validator.internal.engine.resolver.JPATraversableResolver.
17:03:29.866 [Test worker] DEBUG org.hibernate.validator.internal.xml.config.ValidationXmlParser - Trying to load META-INF/validation.xml for XML based Validator configuration.
17:03:29.866 [Test worker] DEBUG org.hibernate.validator.internal.xml.config.ResourceLoaderHelper - Trying to load META-INF/validation.xml via TCCL
17:03:29.866 [Test worker] DEBUG org.hibernate.validator.internal.xml.config.ResourceLoaderHelper - Trying to load META-INF/validation.xml via Hibernate Validator's class loader
17:03:29.867 [Test worker] DEBUG org.hibernate.validator.internal.xml.config.ValidationXmlParser - No META-INF/validation.xml found. Using annotation based configuration only.
17:03:29.872 [Test worker] DEBUG org.hibernate.validator.messageinterpolation.ResourceBundleMessageInterpolator - Loaded expression factory via original TCCL
17:03:29.872 [Test worker] DEBUG org.hibernate.validator.internal.engine.ValidatorFactoryImpl - HV000234: Using org.hibernate.validator.messageinterpolation.ResourceBundleMessageInterpolator as ValidatorFactory-scoped message interpolator.
17:03:29.872 [Test worker] DEBUG org.hibernate.validator.internal.engine.ValidatorFactoryImpl - HV000234: Using org.hibernate.validator.internal.engine.resolver.JPATraversableResolver as ValidatorFactory-scoped traversable resolver.
17:03:29.872 [Test worker] DEBUG org.hibernate.validator.internal.engine.ValidatorFactoryImpl - HV000234: Using org.hibernate.validator.internal.util.ExecutableParameterNameProvider as ValidatorFactory-scoped parameter name provider.
17:03:29.872 [Test worker] DEBUG org.hibernate.validator.internal.engine.ValidatorFactoryImpl - HV000234: Using org.hibernate.validator.internal.engine.DefaultClockProvider as ValidatorFactory-scoped clock provider.
17:03:29.873 [Test worker] DEBUG org.hibernate.validator.internal.engine.ValidatorFactoryImpl - HV000234: Using org.hibernate.validator.internal.engine.scripting.DefaultScriptEvaluatorFactory as ValidatorFactory-scoped script evaluator factory.
17:03:29.873 [Test worker] DEBUG org.hibernate.boot.internal.ClassLoaderAccessImpl - Not known whether passed class name [com.epam.esm.entity.Order] is safe
17:03:29.873 [Test worker] DEBUG org.hibernate.boot.internal.ClassLoaderAccessImpl - No temp ClassLoader provided; using live ClassLoader for loading potentially unsafe class : com.epam.esm.entity.Order
17:03:29.876 [Test worker] DEBUG org.hibernate.boot.internal.ClassLoaderAccessImpl - Not known whether passed class name [com.epam.esm.entity.GiftCertificate] is safe
17:03:29.876 [Test worker] DEBUG org.hibernate.boot.internal.ClassLoaderAccessImpl - No temp ClassLoader provided; using live ClassLoader for loading potentially unsafe class : com.epam.esm.entity.GiftCertificate
17:03:29.879 [Test worker] DEBUG org.hibernate.boot.internal.ClassLoaderAccessImpl - Not known whether passed class name [com.epam.esm.entity.User] is safe
17:03:29.879 [Test worker] DEBUG org.hibernate.boot.internal.ClassLoaderAccessImpl - No temp ClassLoader provided; using live ClassLoader for loading potentially unsafe class : com.epam.esm.entity.User
17:03:29.882 [Test worker] DEBUG org.hibernate.boot.internal.ClassLoaderAccessImpl - Not known whether passed class name [com.epam.esm.entity.Entity] is safe
17:03:29.882 [Test worker] DEBUG org.hibernate.boot.internal.ClassLoaderAccessImpl - No temp ClassLoader provided; using live ClassLoader for loading potentially unsafe class : com.epam.esm.entity.Entity
17:03:29.884 [Test worker] DEBUG org.hibernate.boot.internal.ClassLoaderAccessImpl - Not known whether passed class name [com.epam.esm.entity.Tag] is safe
17:03:29.884 [Test worker] DEBUG org.hibernate.boot.internal.ClassLoaderAccessImpl - No temp ClassLoader provided; using live ClassLoader for loading potentially unsafe class : com.epam.esm.entity.Tag
17:03:29.886 [Test worker] DEBUG org.hibernate.boot.internal.ClassLoaderAccessImpl - Not known whether passed class name [com.epam.esm.entity.OrderCertificate] is safe
17:03:29.886 [Test worker] DEBUG org.hibernate.boot.internal.ClassLoaderAccessImpl - No temp ClassLoader provided; using live ClassLoader for loading potentially unsafe class : com.epam.esm.entity.OrderCertificate
17:03:29.888 [Test worker] DEBUG org.hibernate.boot.internal.ClassLoaderAccessImpl - Not known whether passed class name [com.epam.esm.entity.Role] is safe
17:03:29.888 [Test worker] DEBUG org.hibernate.boot.internal.ClassLoaderAccessImpl - No temp ClassLoader provided; using live ClassLoader for loading potentially unsafe class : com.epam.esm.entity.Role
17:03:29.889 [Test worker] DEBUG org.hibernate.secure.spi.JaccIntegrator - Skipping JACC integration as it was not enabled
17:03:29.890 [Test worker] DEBUG org.hibernate.internal.SessionFactoryImpl - Instantiated session factory
17:03:29.890 [Test worker] DEBUG org.hibernate.type.spi.TypeConfiguration$Scope - Scoping TypeConfiguration [org.hibernate.type.spi.TypeConfiguration@44dda030] to SessionFactoryImpl [org.hibernate.internal.SessionFactoryImpl@13165aea]
17:03:29.890 [Test worker] DEBUG org.hibernate.boot.internal.ClassLoaderAccessImpl - Not known whether passed class name [com.epam.esm.entity.Order] is safe
17:03:29.890 [Test worker] DEBUG org.hibernate.boot.internal.ClassLoaderAccessImpl - No temp ClassLoader provided; using live ClassLoader for loading potentially unsafe class : com.epam.esm.entity.Order
17:03:29.890 [Test worker] DEBUG org.hibernate.boot.internal.ClassLoaderAccessImpl - Not known whether passed class name [com.epam.esm.entity.Order] is safe
17:03:29.890 [Test worker] DEBUG org.hibernate.boot.internal.ClassLoaderAccessImpl - No temp ClassLoader provided; using live ClassLoader for loading potentially unsafe class : com.epam.esm.entity.Order
17:03:29.901 [Test worker] DEBUG org.hibernate.boot.internal.ClassLoaderAccessImpl - Not known whether passed class name [com.epam.esm.entity.GiftCertificate] is safe
17:03:29.901 [Test worker] DEBUG org.hibernate.boot.internal.ClassLoaderAccessImpl - No temp ClassLoader provided; using live ClassLoader for loading potentially unsafe class : com.epam.esm.entity.GiftCertificate
17:03:29.901 [Test worker] DEBUG org.hibernate.boot.internal.ClassLoaderAccessImpl - Not known whether passed class name [com.epam.esm.entity.GiftCertificate] is safe
17:03:29.901 [Test worker] DEBUG org.hibernate.boot.internal.ClassLoaderAccessImpl - No temp ClassLoader provided; using live ClassLoader for loading potentially unsafe class : com.epam.esm.entity.GiftCertificate
17:03:29.905 [HikariPool-4 housekeeper] DEBUG com.zaxxer.hikari.pool.HikariPool - HikariPool-4 - Pool stats (total=1, active=0, idle=1, waiting=0)
17:03:29.906 [HikariPool-4 connection adder] DEBUG com.zaxxer.hikari.pool.HikariPool - HikariPool-4 - Added connection conn31: url=jdbc:h2:mem:testdb user=SA
17:03:29.907 [HikariPool-4 connection adder] DEBUG com.zaxxer.hikari.pool.HikariPool - HikariPool-4 - Added connection conn32: url=jdbc:h2:mem:testdb user=SA
17:03:29.908 [HikariPool-4 connection adder] DEBUG com.zaxxer.hikari.pool.HikariPool - HikariPool-4 - Added connection conn33: url=jdbc:h2:mem:testdb user=SA
17:03:29.908 [HikariPool-4 connection adder] DEBUG com.zaxxer.hikari.pool.HikariPool - HikariPool-4 - Added connection conn34: url=jdbc:h2:mem:testdb user=SA
17:03:29.909 [HikariPool-4 connection adder] DEBUG com.zaxxer.hikari.pool.HikariPool - HikariPool-4 - Added connection conn35: url=jdbc:h2:mem:testdb user=SA
17:03:29.909 [HikariPool-4 connection adder] DEBUG com.zaxxer.hikari.pool.HikariPool - HikariPool-4 - Added connection conn36: url=jdbc:h2:mem:testdb user=SA
17:03:29.910 [HikariPool-4 connection adder] DEBUG com.zaxxer.hikari.pool.HikariPool - HikariPool-4 - Added connection conn37: url=jdbc:h2:mem:testdb user=SA
17:03:29.911 [HikariPool-4 connection adder] DEBUG com.zaxxer.hikari.pool.HikariPool - HikariPool-4 - Added connection conn38: url=jdbc:h2:mem:testdb user=SA
17:03:29.911 [HikariPool-4 connection adder] DEBUG com.zaxxer.hikari.pool.HikariPool - HikariPool-4 - Added connection conn39: url=jdbc:h2:mem:testdb user=SA
17:03:29.911 [HikariPool-4 connection adder] DEBUG com.zaxxer.hikari.pool.HikariPool - HikariPool-4 - After adding stats (total=10, active=0, idle=10, waiting=0)
17:03:29.918 [Test worker] DEBUG org.hibernate.boot.internal.ClassLoaderAccessImpl - Not known whether passed class name [com.epam.esm.entity.User] is safe
17:03:29.918 [Test worker] DEBUG org.hibernate.boot.internal.ClassLoaderAccessImpl - No temp ClassLoader provided; using live ClassLoader for loading potentially unsafe class : com.epam.esm.entity.User
17:03:29.919 [Test worker] DEBUG org.hibernate.boot.internal.ClassLoaderAccessImpl - Not known whether passed class name [com.epam.esm.entity.User] is safe
17:03:29.919 [Test worker] DEBUG org.hibernate.boot.internal.ClassLoaderAccessImpl - No temp ClassLoader provided; using live ClassLoader for loading potentially unsafe class : com.epam.esm.entity.User
17:03:29.934 [Test worker] DEBUG org.hibernate.boot.internal.ClassLoaderAccessImpl - Not known whether passed class name [com.epam.esm.entity.Entity] is safe
17:03:29.934 [Test worker] DEBUG org.hibernate.boot.internal.ClassLoaderAccessImpl - No temp ClassLoader provided; using live ClassLoader for loading potentially unsafe class : com.epam.esm.entity.Entity
17:03:29.934 [Test worker] DEBUG org.hibernate.boot.internal.ClassLoaderAccessImpl - Not known whether passed class name [com.epam.esm.entity.Entity] is safe
17:03:29.934 [Test worker] DEBUG org.hibernate.boot.internal.ClassLoaderAccessImpl - No temp ClassLoader provided; using live ClassLoader for loading potentially unsafe class : com.epam.esm.entity.Entity
17:03:29.943 [Test worker] DEBUG org.hibernate.boot.internal.ClassLoaderAccessImpl - Not known whether passed class name [com.epam.esm.entity.Tag] is safe
17:03:29.943 [Test worker] DEBUG org.hibernate.boot.internal.ClassLoaderAccessImpl - No temp ClassLoader provided; using live ClassLoader for loading potentially unsafe class : com.epam.esm.entity.Tag
17:03:29.944 [Test worker] DEBUG org.hibernate.boot.internal.ClassLoaderAccessImpl - Not known whether passed class name [com.epam.esm.entity.Tag] is safe
17:03:29.944 [Test worker] DEBUG org.hibernate.boot.internal.ClassLoaderAccessImpl - No temp ClassLoader provided; using live ClassLoader for loading potentially unsafe class : com.epam.esm.entity.Tag
17:03:29.951 [Test worker] DEBUG org.hibernate.boot.internal.ClassLoaderAccessImpl - Not known whether passed class name [com.epam.esm.entity.OrderCertificate] is safe
17:03:29.951 [Test worker] DEBUG org.hibernate.boot.internal.ClassLoaderAccessImpl - No temp ClassLoader provided; using live ClassLoader for loading potentially unsafe class : com.epam.esm.entity.OrderCertificate
17:03:29.951 [Test worker] DEBUG org.hibernate.boot.internal.ClassLoaderAccessImpl - Not known whether passed class name [com.epam.esm.entity.OrderCertificate] is safe
17:03:29.951 [Test worker] DEBUG org.hibernate.boot.internal.ClassLoaderAccessImpl - No temp ClassLoader provided; using live ClassLoader for loading potentially unsafe class : com.epam.esm.entity.OrderCertificate
17:03:29.960 [Test worker] DEBUG org.hibernate.boot.internal.ClassLoaderAccessImpl - Not known whether passed class name [com.epam.esm.entity.Role] is safe
17:03:29.960 [Test worker] DEBUG org.hibernate.boot.internal.ClassLoaderAccessImpl - No temp ClassLoader provided; using live ClassLoader for loading potentially unsafe class : com.epam.esm.entity.Role
17:03:29.960 [Test worker] DEBUG org.hibernate.boot.internal.ClassLoaderAccessImpl - Not known whether passed class name [com.epam.esm.entity.Role] is safe
17:03:29.960 [Test worker] DEBUG org.hibernate.boot.internal.ClassLoaderAccessImpl - No temp ClassLoader provided; using live ClassLoader for loading potentially unsafe class : com.epam.esm.entity.Role
17:03:29.969 [Test worker] DEBUG org.hibernate.persister.collection.AbstractCollectionPersister - Static SQL for collection: com.epam.esm.entity.GiftCertificate.tags
17:03:29.969 [Test worker] DEBUG org.hibernate.persister.collection.AbstractCollectionPersister -  Row insert: insert into certificate_tag (certificate_id, tag_id) values (?, ?)
17:03:29.969 [Test worker] DEBUG org.hibernate.persister.collection.AbstractCollectionPersister -  Row update: update certificate_tag set tag_id=? where certificate_id=? and tag_id=?
17:03:29.969 [Test worker] DEBUG org.hibernate.persister.collection.AbstractCollectionPersister -  Row delete: delete from certificate_tag where certificate_id=? and tag_id=?
17:03:29.969 [Test worker] DEBUG org.hibernate.persister.collection.AbstractCollectionPersister -  One-shot delete: delete from certificate_tag where certificate_id=?
17:03:29.969 [Test worker] DEBUG org.hibernate.persister.collection.AbstractCollectionPersister - Static SQL for collection: com.epam.esm.entity.Order.orderCertificates
17:03:29.969 [Test worker] DEBUG org.hibernate.persister.collection.AbstractCollectionPersister -  Row insert: update order_certificate set order_id=? where id=?
17:03:29.969 [Test worker] DEBUG org.hibernate.persister.collection.AbstractCollectionPersister -  Row update: update order_certificate set  where id=?
17:03:29.969 [Test worker] DEBUG org.hibernate.persister.collection.AbstractCollectionPersister -  Row delete: update order_certificate set order_id=null where order_id=? and id=?
17:03:29.969 [Test worker] DEBUG org.hibernate.persister.collection.AbstractCollectionPersister -  One-shot delete: update order_certificate set order_id=null where order_id=?
17:03:29.970 [Test worker] DEBUG org.hibernate.persister.collection.AbstractCollectionPersister - Static SQL for collection: com.epam.esm.entity.GiftCertificate.orderCertificates
17:03:29.970 [Test worker] DEBUG org.hibernate.persister.collection.AbstractCollectionPersister -  Row insert: update order_certificate set certificate_id=? where id=?
17:03:29.970 [Test worker] DEBUG org.hibernate.persister.collection.AbstractCollectionPersister -  Row update: update order_certificate set  where id=?
17:03:29.970 [Test worker] DEBUG org.hibernate.persister.collection.AbstractCollectionPersister -  Row delete: update order_certificate set certificate_id=null where certificate_id=? and id=?
17:03:29.970 [Test worker] DEBUG org.hibernate.persister.collection.AbstractCollectionPersister -  One-shot delete: update order_certificate set certificate_id=null where certificate_id=?
17:03:29.970 [Test worker] DEBUG org.hibernate.persister.collection.AbstractCollectionPersister - Static SQL for collection: com.epam.esm.entity.User.orders
17:03:29.970 [Test worker] DEBUG org.hibernate.persister.collection.AbstractCollectionPersister -  Row insert: update application_order set user_id=? where id=?
17:03:29.970 [Test worker] DEBUG org.hibernate.persister.collection.AbstractCollectionPersister -  Row update: update application_order set  where id=?
17:03:29.970 [Test worker] DEBUG org.hibernate.persister.collection.AbstractCollectionPersister -  Row delete: update application_order set user_id=null where user_id=? and id=?
17:03:29.970 [Test worker] DEBUG org.hibernate.persister.collection.AbstractCollectionPersister -  One-shot delete: update application_order set user_id=null where user_id=?
17:03:29.970 [Test worker] DEBUG org.hibernate.persister.entity.AbstractEntityPersister - Static SQL for entity: com.epam.esm.entity.Order
17:03:29.971 [Test worker] DEBUG org.hibernate.persister.entity.AbstractEntityPersister -  Version select: select id from application_order where id =?
17:03:29.971 [Test worker] DEBUG org.hibernate.persister.entity.AbstractEntityPersister -  Snapshot select: select order_.id, order_.active_status as active_s2_0_, order_.created_at as created_3_0_, order_.user_id as user_id4_0_ from application_order order_ where order_.id=?
17:03:29.971 [Test worker] DEBUG org.hibernate.persister.entity.AbstractEntityPersister -  Insert 0: insert into application_order (active_status, created_at, user_id, id) values (?, ?, ?, ?)
17:03:29.971 [Test worker] DEBUG org.hibernate.persister.entity.AbstractEntityPersister -  Update 0: update application_order set active_status=?, created_at=?, user_id=? where id=?
17:03:29.971 [Test worker] DEBUG org.hibernate.persister.entity.AbstractEntityPersister -  Delete 0: delete from application_order where id=?
17:03:29.971 [Test worker] DEBUG org.hibernate.persister.entity.AbstractEntityPersister -  Identity insert: insert into application_order (id, active_status, created_at, user_id) values (null, ?, ?, ?)
17:03:29.971 [Test worker] DEBUG org.hibernate.loader.plan.build.internal.spaces.QuerySpacesImpl - Adding QuerySpace : uid = <gen:0> -> org.hibernate.loader.plan.build.internal.spaces.EntityQuerySpaceImpl@1a8bb5e3]
17:03:29.971 [Test worker] DEBUG org.hibernate.persister.walking.spi.MetamodelGraphWalker - Visiting attribute path : activeStatus
17:03:29.971 [Test worker] DEBUG org.hibernate.persister.walking.spi.MetamodelGraphWalker - Visiting attribute path : createdAt
17:03:29.971 [Test worker] DEBUG org.hibernate.persister.walking.spi.MetamodelGraphWalker - Visiting attribute path : orderCertificates
17:03:29.971 [Test worker] DEBUG org.hibernate.loader.plan.build.internal.spaces.QuerySpacesImpl - Adding QuerySpace : uid = <gen:1> -> org.hibernate.loader.plan.build.internal.spaces.CollectionQuerySpaceImpl@76ab7afc]
17:03:29.971 [Test worker] DEBUG org.hibernate.loader.plan.build.internal.spaces.QuerySpacesImpl - Adding QuerySpace : uid = <gen:2> -> org.hibernate.loader.plan.build.internal.spaces.EntityQuerySpaceImpl@6de986ad]
17:03:29.971 [Test worker] DEBUG org.hibernate.persister.walking.spi.MetamodelGraphWalker - Visiting attribute path : user
17:03:29.971 [Test worker] DEBUG org.hibernate.loader.plan.build.internal.spaces.QuerySpacesImpl - Adding QuerySpace : uid = <gen:3> -> org.hibernate.loader.plan.build.internal.spaces.EntityQuerySpaceImpl@2a8a125e]
17:03:29.972 [Test worker] DEBUG org.hibernate.persister.walking.spi.MetamodelGraphWalker - Visiting attribute path : user.email
17:03:29.972 [Test worker] DEBUG org.hibernate.persister.walking.spi.MetamodelGraphWalker - Visiting attribute path : user.orders
17:03:29.972 [Test worker] DEBUG org.hibernate.persister.walking.spi.MetamodelGraphWalker - Property path deemed to be circular : user.orders
17:03:29.972 [Test worker] DEBUG org.hibernate.persister.walking.spi.MetamodelGraphWalker - Visiting attribute path : user.password
17:03:29.972 [Test worker] DEBUG org.hibernate.persister.walking.spi.MetamodelGraphWalker - Visiting attribute path : user.refreshToken
17:03:29.972 [Test worker] DEBUG org.hibernate.persister.walking.spi.MetamodelGraphWalker - Visiting attribute path : user.role
17:03:29.972 [Test worker] DEBUG org.hibernate.loader.plan.build.internal.spaces.QuerySpacesImpl - Adding QuerySpace : uid = <gen:4> -> org.hibernate.loader.plan.build.internal.spaces.EntityQuerySpaceImpl@498055ca]
17:03:29.972 [Test worker] DEBUG org.hibernate.persister.walking.spi.MetamodelGraphWalker - Visiting attribute path : user.role.value
17:03:29.972 [Test worker] DEBUG org.hibernate.loader.plan.build.internal.FetchStyleLoadPlanBuildingAssociationVisitationStrategy - Building LoadPlan...
17:03:29.972 [Test worker] DEBUG org.hibernate.loader.plan.exec.internal.LoadQueryJoinAndFetchProcessor - processing queryspace <gen:0>
17:03:29.973 [Test worker] DEBUG org.hibernate.loader.plan.build.spi.LoadPlanTreePrinter - LoadPlan(entity=com.epam.esm.entity.Order)
    - Returns
       - EntityReturnImpl(entity=com.epam.esm.entity.Order, querySpaceUid=<gen:0>, path=com.epam.esm.entity.Order)
          - CollectionAttributeFetchImpl(collection=com.epam.esm.entity.Order.orderCertificates, querySpaceUid=<gen:1>, path=com.epam.esm.entity.Order.orderCertificates)
             - (collection element) CollectionFetchableElementEntityGraph(entity=com.epam.esm.entity.OrderCertificate, querySpaceUid=<gen:2>, path=com.epam.esm.entity.Order.orderCertificates.<elements>)
          - EntityAttributeFetchImpl(entity=com.epam.esm.entity.User, querySpaceUid=<gen:3>, path=com.epam.esm.entity.Order.user)
             - EntityAttributeFetchImpl(entity=com.epam.esm.entity.Role, querySpaceUid=<gen:4>, path=com.epam.esm.entity.Order.user.role)
    - QuerySpaces
       - EntityQuerySpaceImpl(uid=<gen:0>, entity=com.epam.esm.entity.Order)
          - SQL table alias mapping - order0_
          - alias suffix - 0_
          - suffixed key columns - {id1_0_0_}
          - JOIN (JoinDefinedByMetadata(user)) : <gen:0> -> <gen:3>
             - EntityQuerySpaceImpl(uid=<gen:3>, entity=com.epam.esm.entity.User)
                - SQL table alias mapping - user1_
                - alias suffix - 1_
                - suffixed key columns - {id1_2_1_}
                - JOIN (JoinDefinedByMetadata(role)) : <gen:3> -> <gen:4>
                   - EntityQuerySpaceImpl(uid=<gen:4>, entity=com.epam.esm.entity.Role)
                      - SQL table alias mapping - role2_
                      - alias suffix - 2_
                      - suffixed key columns - {id1_1_2_}

17:03:29.973 [Test worker] DEBUG org.hibernate.loader.entity.plan.EntityLoader - Static select for entity com.epam.esm.entity.Order [NONE]: select order0_.id as id1_0_0_, order0_.active_status as active_s2_0_0_, order0_.created_at as created_3_0_0_, order0_.user_id as user_id4_0_0_, user1_.id as id1_2_1_, user1_.email as email2_2_1_, user1_.password as password3_2_1_, user1_.refresh_token as refresh_4_2_1_, user1_.role_id as role_id5_2_1_, role2_.id as id1_1_2_, role2_.value as value2_1_2_ from application_order order0_ left outer join application_user user1_ on order0_.user_id=user1_.id left outer join application_role role2_ on user1_.role_id=role2_.id where order0_.id=?
17:03:29.973 [Test worker] DEBUG org.hibernate.loader.plan.build.internal.spaces.QuerySpacesImpl - Adding QuerySpace : uid = <gen:0> -> org.hibernate.loader.plan.build.internal.spaces.EntityQuerySpaceImpl@121f891a]
17:03:29.973 [Test worker] DEBUG org.hibernate.persister.walking.spi.MetamodelGraphWalker - Visiting attribute path : activeStatus
17:03:29.973 [Test worker] DEBUG org.hibernate.persister.walking.spi.MetamodelGraphWalker - Visiting attribute path : createdAt
17:03:29.973 [Test worker] DEBUG org.hibernate.persister.walking.spi.MetamodelGraphWalker - Visiting attribute path : orderCertificates
17:03:29.973 [Test worker] DEBUG org.hibernate.loader.plan.build.internal.spaces.QuerySpacesImpl - Adding QuerySpace : uid = <gen:1> -> org.hibernate.loader.plan.build.internal.spaces.CollectionQuerySpaceImpl@303b18c4]
17:03:29.973 [Test worker] DEBUG org.hibernate.loader.plan.build.internal.spaces.QuerySpacesImpl - Adding QuerySpace : uid = <gen:2> -> org.hibernate.loader.plan.build.internal.spaces.EntityQuerySpaceImpl@33b0a0cc]
17:03:29.973 [Test worker] DEBUG org.hibernate.persister.walking.spi.MetamodelGraphWalker - Visiting attribute path : user
17:03:29.973 [Test worker] DEBUG org.hibernate.loader.plan.build.internal.spaces.QuerySpacesImpl - Adding QuerySpace : uid = <gen:3> -> org.hibernate.loader.plan.build.internal.spaces.EntityQuerySpaceImpl@5d89b8f9]
17:03:29.973 [Test worker] DEBUG org.hibernate.persister.walking.spi.MetamodelGraphWalker - Visiting attribute path : user.email
17:03:29.973 [Test worker] DEBUG org.hibernate.persister.walking.spi.MetamodelGraphWalker - Visiting attribute path : user.orders
17:03:29.973 [Test worker] DEBUG org.hibernate.persister.walking.spi.MetamodelGraphWalker - Property path deemed to be circular : user.orders
17:03:29.974 [Test worker] DEBUG org.hibernate.persister.walking.spi.MetamodelGraphWalker - Visiting attribute path : user.password
17:03:29.974 [Test worker] DEBUG org.hibernate.persister.walking.spi.MetamodelGraphWalker - Visiting attribute path : user.refreshToken
17:03:29.974 [Test worker] DEBUG org.hibernate.persister.walking.spi.MetamodelGraphWalker - Visiting attribute path : user.role
17:03:29.974 [Test worker] DEBUG org.hibernate.loader.plan.build.internal.spaces.QuerySpacesImpl - Adding QuerySpace : uid = <gen:4> -> org.hibernate.loader.plan.build.internal.spaces.EntityQuerySpaceImpl@3f2b6d8f]
17:03:29.974 [Test worker] DEBUG org.hibernate.persister.walking.spi.MetamodelGraphWalker - Visiting attribute path : user.role.value
17:03:29.974 [Test worker] DEBUG org.hibernate.loader.plan.build.internal.FetchStyleLoadPlanBuildingAssociationVisitationStrategy - Building LoadPlan...
17:03:29.974 [Test worker] DEBUG org.hibernate.loader.plan.exec.internal.LoadQueryJoinAndFetchProcessor - processing queryspace <gen:0>
17:03:29.975 [Test worker] DEBUG org.hibernate.loader.plan.build.spi.LoadPlanTreePrinter - LoadPlan(entity=com.epam.esm.entity.Order)
    - Returns
       - EntityReturnImpl(entity=com.epam.esm.entity.Order, querySpaceUid=<gen:0>, path=com.epam.esm.entity.Order)
          - CollectionAttributeFetchImpl(collection=com.epam.esm.entity.Order.orderCertificates, querySpaceUid=<gen:1>, path=com.epam.esm.entity.Order.orderCertificates)
             - (collection element) CollectionFetchableElementEntityGraph(entity=com.epam.esm.entity.OrderCertificate, querySpaceUid=<gen:2>, path=com.epam.esm.entity.Order.orderCertificates.<elements>)
          - EntityAttributeFetchImpl(entity=com.epam.esm.entity.User, querySpaceUid=<gen:3>, path=com.epam.esm.entity.Order.user)
             - EntityAttributeFetchImpl(entity=com.epam.esm.entity.Role, querySpaceUid=<gen:4>, path=com.epam.esm.entity.Order.user.role)
    - QuerySpaces
       - EntityQuerySpaceImpl(uid=<gen:0>, entity=com.epam.esm.entity.Order)
          - SQL table alias mapping - order0_
          - alias suffix - 0_
          - suffixed key columns - {id1_0_0_}
          - JOIN (JoinDefinedByMetadata(user)) : <gen:0> -> <gen:3>
             - EntityQuerySpaceImpl(uid=<gen:3>, entity=com.epam.esm.entity.User)
                - SQL table alias mapping - user1_
                - alias suffix - 1_
                - suffixed key columns - {id1_2_1_}
                - JOIN (JoinDefinedByMetadata(role)) : <gen:3> -> <gen:4>
                   - EntityQuerySpaceImpl(uid=<gen:4>, entity=com.epam.esm.entity.Role)
                      - SQL table alias mapping - role2_
                      - alias suffix - 2_
                      - suffixed key columns - {id1_1_2_}

17:03:29.975 [Test worker] DEBUG org.hibernate.loader.entity.plan.EntityLoader - Static select for entity com.epam.esm.entity.Order [READ]: select order0_.id as id1_0_0_, order0_.active_status as active_s2_0_0_, order0_.created_at as created_3_0_0_, order0_.user_id as user_id4_0_0_, user1_.id as id1_2_1_, user1_.email as email2_2_1_, user1_.password as password3_2_1_, user1_.refresh_token as refresh_4_2_1_, user1_.role_id as role_id5_2_1_, role2_.id as id1_1_2_, role2_.value as value2_1_2_ from application_order order0_ left outer join application_user user1_ on order0_.user_id=user1_.id left outer join application_role role2_ on user1_.role_id=role2_.id where order0_.id=?
17:03:29.975 [Test worker] DEBUG org.hibernate.loader.Loader - Static select for action ACTION_MERGE on entity com.epam.esm.entity.Order: select order0_.id as id1_0_0_, order0_.active_status as active_s2_0_0_, order0_.created_at as created_3_0_0_, order0_.user_id as user_id4_0_0_ from application_order order0_ where order0_.id=?
17:03:29.975 [Test worker] DEBUG org.hibernate.loader.Loader - Static select for action ACTION_REFRESH on entity com.epam.esm.entity.Order: select order0_.id as id1_0_0_, order0_.active_status as active_s2_0_0_, order0_.created_at as created_3_0_0_, order0_.user_id as user_id4_0_0_ from application_order order0_ where order0_.id=?
17:03:29.975 [Test worker] DEBUG org.hibernate.persister.entity.AbstractEntityPersister - Static SQL for entity: com.epam.esm.entity.GiftCertificate
17:03:29.975 [Test worker] DEBUG org.hibernate.persister.entity.AbstractEntityPersister -  Version select: select id from certificate where id =?
17:03:29.975 [Test worker] DEBUG org.hibernate.persister.entity.AbstractEntityPersister -  Snapshot select: select giftcertif_.id, giftcertif_.active_status as active_s2_3_, giftcertif_.creation_date as creation3_3_, giftcertif_.description as descript4_3_, giftcertif_.expiration_date as expirati5_3_, giftcertif_.modification_date as modifica6_3_, giftcertif_.name as name7_3_, giftcertif_.price as price8_3_ from certificate giftcertif_ where giftcertif_.id=?
17:03:29.976 [Test worker] DEBUG org.hibernate.persister.entity.AbstractEntityPersister -  Insert 0: insert into certificate (active_status, creation_date, description, expiration_date, modification_date, name, price, id) values (?, ?, ?, ?, ?, ?, ?, ?)
17:03:29.976 [Test worker] DEBUG org.hibernate.persister.entity.AbstractEntityPersister -  Update 0: update certificate set active_status=?, creation_date=?, description=?, expiration_date=?, modification_date=?, name=?, price=? where id=?
17:03:29.976 [Test worker] DEBUG org.hibernate.persister.entity.AbstractEntityPersister -  Delete 0: delete from certificate where id=?
17:03:29.976 [Test worker] DEBUG org.hibernate.persister.entity.AbstractEntityPersister -  Identity insert: insert into certificate (id, active_status, creation_date, description, expiration_date, modification_date, name, price) values (null, ?, ?, ?, ?, ?, ?, ?)
17:03:29.976 [Test worker] DEBUG org.hibernate.loader.plan.build.internal.spaces.QuerySpacesImpl - Adding QuerySpace : uid = <gen:0> -> org.hibernate.loader.plan.build.internal.spaces.EntityQuerySpaceImpl@197523da]
17:03:29.976 [Test worker] DEBUG org.hibernate.persister.walking.spi.MetamodelGraphWalker - Visiting attribute path : activeStatus
17:03:29.976 [Test worker] DEBUG org.hibernate.persister.walking.spi.MetamodelGraphWalker - Visiting attribute path : creationDate
17:03:29.976 [Test worker] DEBUG org.hibernate.persister.walking.spi.MetamodelGraphWalker - Visiting attribute path : description
17:03:29.976 [Test worker] DEBUG org.hibernate.persister.walking.spi.MetamodelGraphWalker - Visiting attribute path : expirationDate
17:03:29.976 [Test worker] DEBUG org.hibernate.persister.walking.spi.MetamodelGraphWalker - Visiting attribute path : modificationDate
17:03:29.976 [Test worker] DEBUG org.hibernate.persister.walking.spi.MetamodelGraphWalker - Visiting attribute path : name
17:03:29.976 [Test worker] DEBUG org.hibernate.persister.walking.spi.MetamodelGraphWalker - Visiting attribute path : orderCertificates
17:03:29.976 [Test worker] DEBUG org.hibernate.loader.plan.build.internal.spaces.QuerySpacesImpl - Adding QuerySpace : uid = <gen:1> -> org.hibernate.loader.plan.build.internal.spaces.CollectionQuerySpaceImpl@5fdecd97]
17:03:29.976 [Test worker] DEBUG org.hibernate.loader.plan.build.internal.spaces.QuerySpacesImpl - Adding QuerySpace : uid = <gen:2> -> org.hibernate.loader.plan.build.internal.spaces.EntityQuerySpaceImpl@ec7b226]
17:03:29.976 [Test worker] DEBUG org.hibernate.persister.walking.spi.MetamodelGraphWalker - Visiting attribute path : price
17:03:29.976 [Test worker] DEBUG org.hibernate.persister.walking.spi.MetamodelGraphWalker - Visiting attribute path : tags
17:03:29.976 [Test worker] DEBUG org.hibernate.loader.plan.build.internal.spaces.QuerySpacesImpl - Adding QuerySpace : uid = <gen:3> -> org.hibernate.loader.plan.build.internal.spaces.CollectionQuerySpaceImpl@3e9c3bd7]
17:03:29.976 [Test worker] DEBUG org.hibernate.loader.plan.build.internal.spaces.QuerySpacesImpl - Adding QuerySpace : uid = <gen:4> -> org.hibernate.loader.plan.build.internal.spaces.EntityQuerySpaceImpl@69758a6e]
17:03:29.976 [Test worker] DEBUG org.hibernate.loader.plan.build.internal.FetchStyleLoadPlanBuildingAssociationVisitationStrategy - Building LoadPlan...
17:03:29.977 [Test worker] DEBUG org.hibernate.loader.plan.exec.internal.LoadQueryJoinAndFetchProcessor - processing queryspace <gen:0>
17:03:29.977 [Test worker] DEBUG org.hibernate.loader.plan.build.spi.LoadPlanTreePrinter - LoadPlan(entity=com.epam.esm.entity.GiftCertificate)
    - Returns
       - EntityReturnImpl(entity=com.epam.esm.entity.GiftCertificate, querySpaceUid=<gen:0>, path=com.epam.esm.entity.GiftCertificate)
          - CollectionAttributeFetchImpl(collection=com.epam.esm.entity.GiftCertificate.orderCertificates, querySpaceUid=<gen:1>, path=com.epam.esm.entity.GiftCertificate.orderCertificates)
             - (collection element) CollectionFetchableElementEntityGraph(entity=com.epam.esm.entity.OrderCertificate, querySpaceUid=<gen:2>, path=com.epam.esm.entity.GiftCertificate.orderCertificates.<elements>)
          - CollectionAttributeFetchImpl(collection=com.epam.esm.entity.GiftCertificate.tags, querySpaceUid=<gen:3>, path=com.epam.esm.entity.GiftCertificate.tags)
             - (collection element) CollectionFetchableElementEntityGraph(entity=com.epam.esm.entity.Tag, querySpaceUid=<gen:4>, path=com.epam.esm.entity.GiftCertificate.tags.<elements>)
    - QuerySpaces
       - EntityQuerySpaceImpl(uid=<gen:0>, entity=com.epam.esm.entity.GiftCertificate)
          - SQL table alias mapping - giftcertif0_
          - alias suffix - 0_
          - suffixed key columns - {id1_3_0_}

17:03:29.977 [Test worker] DEBUG org.hibernate.loader.entity.plan.EntityLoader - Static select for entity com.epam.esm.entity.GiftCertificate [NONE]: select giftcertif0_.id as id1_3_0_, giftcertif0_.active_status as active_s2_3_0_, giftcertif0_.creation_date as creation3_3_0_, giftcertif0_.description as descript4_3_0_, giftcertif0_.expiration_date as expirati5_3_0_, giftcertif0_.modification_date as modifica6_3_0_, giftcertif0_.name as name7_3_0_, giftcertif0_.price as price8_3_0_ from certificate giftcertif0_ where giftcertif0_.id=?
17:03:29.977 [Test worker] DEBUG org.hibernate.loader.plan.build.internal.spaces.QuerySpacesImpl - Adding QuerySpace : uid = <gen:0> -> org.hibernate.loader.plan.build.internal.spaces.EntityQuerySpaceImpl@40ee50a2]
17:03:29.977 [Test worker] DEBUG org.hibernate.persister.walking.spi.MetamodelGraphWalker - Visiting attribute path : activeStatus
17:03:29.977 [Test worker] DEBUG org.hibernate.persister.walking.spi.MetamodelGraphWalker - Visiting attribute path : creationDate
17:03:29.977 [Test worker] DEBUG org.hibernate.persister.walking.spi.MetamodelGraphWalker - Visiting attribute path : description
17:03:29.977 [Test worker] DEBUG org.hibernate.persister.walking.spi.MetamodelGraphWalker - Visiting attribute path : expirationDate
17:03:29.977 [Test worker] DEBUG org.hibernate.persister.walking.spi.MetamodelGraphWalker - Visiting attribute path : modificationDate
17:03:29.977 [Test worker] DEBUG org.hibernate.persister.walking.spi.MetamodelGraphWalker - Visiting attribute path : name
17:03:29.977 [Test worker] DEBUG org.hibernate.persister.walking.spi.MetamodelGraphWalker - Visiting attribute path : orderCertificates
17:03:29.977 [Test worker] DEBUG org.hibernate.loader.plan.build.internal.spaces.QuerySpacesImpl - Adding QuerySpace : uid = <gen:1> -> org.hibernate.loader.plan.build.internal.spaces.CollectionQuerySpaceImpl@2c16532e]
17:03:29.977 [Test worker] DEBUG org.hibernate.loader.plan.build.internal.spaces.QuerySpacesImpl - Adding QuerySpace : uid = <gen:2> -> org.hibernate.loader.plan.build.internal.spaces.EntityQuerySpaceImpl@69758a38]
17:03:29.977 [Test worker] DEBUG org.hibernate.persister.walking.spi.MetamodelGraphWalker - Visiting attribute path : price
17:03:29.977 [Test worker] DEBUG org.hibernate.persister.walking.spi.MetamodelGraphWalker - Visiting attribute path : tags
17:03:29.977 [Test worker] DEBUG org.hibernate.loader.plan.build.internal.spaces.QuerySpacesImpl - Adding QuerySpace : uid = <gen:3> -> org.hibernate.loader.plan.build.internal.spaces.CollectionQuerySpaceImpl@5bacacf4]
17:03:29.978 [Test worker] DEBUG org.hibernate.loader.plan.build.internal.spaces.QuerySpacesImpl - Adding QuerySpace : uid = <gen:4> -> org.hibernate.loader.plan.build.internal.spaces.EntityQuerySpaceImpl@746818de]
17:03:29.978 [Test worker] DEBUG org.hibernate.loader.plan.build.internal.FetchStyleLoadPlanBuildingAssociationVisitationStrategy - Building LoadPlan...
17:03:29.978 [Test worker] DEBUG org.hibernate.loader.plan.exec.internal.LoadQueryJoinAndFetchProcessor - processing queryspace <gen:0>
17:03:29.978 [Test worker] DEBUG org.hibernate.loader.plan.build.spi.LoadPlanTreePrinter - LoadPlan(entity=com.epam.esm.entity.GiftCertificate)
    - Returns
       - EntityReturnImpl(entity=com.epam.esm.entity.GiftCertificate, querySpaceUid=<gen:0>, path=com.epam.esm.entity.GiftCertificate)
          - CollectionAttributeFetchImpl(collection=com.epam.esm.entity.GiftCertificate.orderCertificates, querySpaceUid=<gen:1>, path=com.epam.esm.entity.GiftCertificate.orderCertificates)
             - (collection element) CollectionFetchableElementEntityGraph(entity=com.epam.esm.entity.OrderCertificate, querySpaceUid=<gen:2>, path=com.epam.esm.entity.GiftCertificate.orderCertificates.<elements>)
          - CollectionAttributeFetchImpl(collection=com.epam.esm.entity.GiftCertificate.tags, querySpaceUid=<gen:3>, path=com.epam.esm.entity.GiftCertificate.tags)
             - (collection element) CollectionFetchableElementEntityGraph(entity=com.epam.esm.entity.Tag, querySpaceUid=<gen:4>, path=com.epam.esm.entity.GiftCertificate.tags.<elements>)
    - QuerySpaces
       - EntityQuerySpaceImpl(uid=<gen:0>, entity=com.epam.esm.entity.GiftCertificate)
          - SQL table alias mapping - giftcertif0_
          - alias suffix - 0_
          - suffixed key columns - {id1_3_0_}

17:03:29.978 [Test worker] DEBUG org.hibernate.loader.entity.plan.EntityLoader - Static select for entity com.epam.esm.entity.GiftCertificate [READ]: select giftcertif0_.id as id1_3_0_, giftcertif0_.active_status as active_s2_3_0_, giftcertif0_.creation_date as creation3_3_0_, giftcertif0_.description as descript4_3_0_, giftcertif0_.expiration_date as expirati5_3_0_, giftcertif0_.modification_date as modifica6_3_0_, giftcertif0_.name as name7_3_0_, giftcertif0_.price as price8_3_0_ from certificate giftcertif0_ where giftcertif0_.id=?
17:03:29.979 [Test worker] DEBUG org.hibernate.loader.Loader - Static select for action ACTION_MERGE on entity com.epam.esm.entity.GiftCertificate: select giftcertif0_.id as id1_3_2_, giftcertif0_.active_status as active_s2_3_2_, giftcertif0_.creation_date as creation3_3_2_, giftcertif0_.description as descript4_3_2_, giftcertif0_.expiration_date as expirati5_3_2_, giftcertif0_.modification_date as modifica6_3_2_, giftcertif0_.name as name7_3_2_, giftcertif0_.price as price8_3_2_, ordercerti1_.certificate_id as certific4_6_4_, ordercerti1_.id as id1_6_4_, ordercerti1_.id as id1_6_0_, ordercerti1_.certificate_id as certific4_6_0_, ordercerti1_.expiration_date as expirati2_6_0_, ordercerti1_.fixed_price as fixed_pr3_6_0_, ordercerti1_.order_id as order_id5_6_0_, order2_.id as id1_0_1_, order2_.active_status as active_s2_0_1_, order2_.created_at as created_3_0_1_, order2_.user_id as user_id4_0_1_ from certificate giftcertif0_ left outer join order_certificate ordercerti1_ on giftcertif0_.id=ordercerti1_.certificate_id left outer join application_order order2_ on ordercerti1_.order_id=order2_.id where giftcertif0_.id=?
17:03:29.979 [Test worker] DEBUG org.hibernate.loader.Loader - Static select for action ACTION_REFRESH on entity com.epam.esm.entity.GiftCertificate: select giftcertif0_.id as id1_3_2_, giftcertif0_.active_status as active_s2_3_2_, giftcertif0_.creation_date as creation3_3_2_, giftcertif0_.description as descript4_3_2_, giftcertif0_.expiration_date as expirati5_3_2_, giftcertif0_.modification_date as modifica6_3_2_, giftcertif0_.name as name7_3_2_, giftcertif0_.price as price8_3_2_, ordercerti1_.certificate_id as certific4_6_4_, ordercerti1_.id as id1_6_4_, ordercerti1_.id as id1_6_0_, ordercerti1_.certificate_id as certific4_6_0_, ordercerti1_.expiration_date as expirati2_6_0_, ordercerti1_.fixed_price as fixed_pr3_6_0_, ordercerti1_.order_id as order_id5_6_0_, order2_.id as id1_0_1_, order2_.active_status as active_s2_0_1_, order2_.created_at as created_3_0_1_, order2_.user_id as user_id4_0_1_ from certificate giftcertif0_ left outer join order_certificate ordercerti1_ on giftcertif0_.id=ordercerti1_.certificate_id left outer join application_order order2_ on ordercerti1_.order_id=order2_.id where giftcertif0_.id=?
17:03:29.979 [Test worker] DEBUG org.hibernate.persister.entity.AbstractEntityPersister - Static SQL for entity: com.epam.esm.entity.User
17:03:29.979 [Test worker] DEBUG org.hibernate.persister.entity.AbstractEntityPersister -  Version select: select id from application_user where id =?
17:03:29.979 [Test worker] DEBUG org.hibernate.persister.entity.AbstractEntityPersister -  Snapshot select: select user_.id, user_.email as email2_2_, user_.password as password3_2_, user_.refresh_token as refresh_4_2_, user_.role_id as role_id5_2_ from application_user user_ where user_.id=?
17:03:29.979 [Test worker] DEBUG org.hibernate.persister.entity.AbstractEntityPersister -  Insert 0: insert into application_user (email, password, refresh_token, role_id, id) values (?, ?, ?, ?, ?)
17:03:29.979 [Test worker] DEBUG org.hibernate.persister.entity.AbstractEntityPersister -  Update 0: update application_user set email=?, password=?, refresh_token=?, role_id=? where id=?
17:03:29.979 [Test worker] DEBUG org.hibernate.persister.entity.AbstractEntityPersister -  Delete 0: delete from application_user where id=?
17:03:29.979 [Test worker] DEBUG org.hibernate.persister.entity.AbstractEntityPersister -  Identity insert: insert into application_user (id, email, password, refresh_token, role_id) values (null, ?, ?, ?, ?)
17:03:29.979 [Test worker] DEBUG org.hibernate.loader.plan.build.internal.spaces.QuerySpacesImpl - Adding QuerySpace : uid = <gen:0> -> org.hibernate.loader.plan.build.internal.spaces.EntityQuerySpaceImpl@6a79aa5e]
17:03:29.980 [Test worker] DEBUG org.hibernate.persister.walking.spi.MetamodelGraphWalker - Visiting attribute path : email
17:03:29.980 [Test worker] DEBUG org.hibernate.persister.walking.spi.MetamodelGraphWalker - Visiting attribute path : orders
17:03:29.980 [Test worker] DEBUG org.hibernate.loader.plan.build.internal.spaces.QuerySpacesImpl - Adding QuerySpace : uid = <gen:1> -> org.hibernate.loader.plan.build.internal.spaces.CollectionQuerySpaceImpl@11ed1b68]
17:03:29.980 [Test worker] DEBUG org.hibernate.loader.plan.build.internal.spaces.QuerySpacesImpl - Adding QuerySpace : uid = <gen:2> -> org.hibernate.loader.plan.build.internal.spaces.EntityQuerySpaceImpl@25f75f63]
17:03:29.980 [Test worker] DEBUG org.hibernate.persister.walking.spi.MetamodelGraphWalker - Visiting attribute path : password
17:03:29.980 [Test worker] DEBUG org.hibernate.persister.walking.spi.MetamodelGraphWalker - Visiting attribute path : refreshToken
17:03:29.980 [Test worker] DEBUG org.hibernate.persister.walking.spi.MetamodelGraphWalker - Visiting attribute path : role
17:03:29.980 [Test worker] DEBUG org.hibernate.loader.plan.build.internal.spaces.QuerySpacesImpl - Adding QuerySpace : uid = <gen:3> -> org.hibernate.loader.plan.build.internal.spaces.EntityQuerySpaceImpl@27b3ad9]
17:03:29.980 [Test worker] DEBUG org.hibernate.persister.walking.spi.MetamodelGraphWalker - Visiting attribute path : role.value
17:03:29.980 [Test worker] DEBUG org.hibernate.loader.plan.build.internal.FetchStyleLoadPlanBuildingAssociationVisitationStrategy - Building LoadPlan...
17:03:29.980 [Test worker] DEBUG org.hibernate.loader.plan.exec.internal.LoadQueryJoinAndFetchProcessor - processing queryspace <gen:0>
17:03:29.981 [Test worker] DEBUG org.hibernate.loader.plan.build.spi.LoadPlanTreePrinter - LoadPlan(entity=com.epam.esm.entity.User)
    - Returns
       - EntityReturnImpl(entity=com.epam.esm.entity.User, querySpaceUid=<gen:0>, path=com.epam.esm.entity.User)
          - CollectionAttributeFetchImpl(collection=com.epam.esm.entity.User.orders, querySpaceUid=<gen:1>, path=com.epam.esm.entity.User.orders)
             - (collection element) CollectionFetchableElementEntityGraph(entity=com.epam.esm.entity.Order, querySpaceUid=<gen:2>, path=com.epam.esm.entity.User.orders.<elements>)
          - EntityAttributeFetchImpl(entity=com.epam.esm.entity.Role, querySpaceUid=<gen:3>, path=com.epam.esm.entity.User.role)
    - QuerySpaces
       - EntityQuerySpaceImpl(uid=<gen:0>, entity=com.epam.esm.entity.User)
          - SQL table alias mapping - user0_
          - alias suffix - 0_
          - suffixed key columns - {id1_2_0_}
          - JOIN (JoinDefinedByMetadata(role)) : <gen:0> -> <gen:3>
             - EntityQuerySpaceImpl(uid=<gen:3>, entity=com.epam.esm.entity.Role)
                - SQL table alias mapping - role1_
                - alias suffix - 1_
                - suffixed key columns - {id1_1_1_}

17:03:29.981 [Test worker] DEBUG org.hibernate.loader.entity.plan.EntityLoader - Static select for entity com.epam.esm.entity.User [NONE]: select user0_.id as id1_2_0_, user0_.email as email2_2_0_, user0_.password as password3_2_0_, user0_.refresh_token as refresh_4_2_0_, user0_.role_id as role_id5_2_0_, role1_.id as id1_1_1_, role1_.value as value2_1_1_ from application_user user0_ left outer join application_role role1_ on user0_.role_id=role1_.id where user0_.id=?
17:03:29.981 [Test worker] DEBUG org.hibernate.loader.plan.build.internal.spaces.QuerySpacesImpl - Adding QuerySpace : uid = <gen:0> -> org.hibernate.loader.plan.build.internal.spaces.EntityQuerySpaceImpl@128e586f]
17:03:29.981 [Test worker] DEBUG org.hibernate.persister.walking.spi.MetamodelGraphWalker - Visiting attribute path : email
17:03:29.981 [Test worker] DEBUG org.hibernate.persister.walking.spi.MetamodelGraphWalker - Visiting attribute path : orders
17:03:29.981 [Test worker] DEBUG org.hibernate.loader.plan.build.internal.spaces.QuerySpacesImpl - Adding QuerySpace : uid = <gen:1> -> org.hibernate.loader.plan.build.internal.spaces.CollectionQuerySpaceImpl@56eb4f82]
17:03:29.981 [Test worker] DEBUG org.hibernate.loader.plan.build.internal.spaces.QuerySpacesImpl - Adding QuerySpace : uid = <gen:2> -> org.hibernate.loader.plan.build.internal.spaces.EntityQuerySpaceImpl@34894d63]
17:03:29.981 [Test worker] DEBUG org.hibernate.persister.walking.spi.MetamodelGraphWalker - Visiting attribute path : password
17:03:29.981 [Test worker] DEBUG org.hibernate.persister.walking.spi.MetamodelGraphWalker - Visiting attribute path : refreshToken
17:03:29.981 [Test worker] DEBUG org.hibernate.persister.walking.spi.MetamodelGraphWalker - Visiting attribute path : role
17:03:29.981 [Test worker] DEBUG org.hibernate.loader.plan.build.internal.spaces.QuerySpacesImpl - Adding QuerySpace : uid = <gen:3> -> org.hibernate.loader.plan.build.internal.spaces.EntityQuerySpaceImpl@54a436bd]
17:03:29.981 [Test worker] DEBUG org.hibernate.persister.walking.spi.MetamodelGraphWalker - Visiting attribute path : role.value
17:03:29.982 [Test worker] DEBUG org.hibernate.loader.plan.build.internal.FetchStyleLoadPlanBuildingAssociationVisitationStrategy - Building LoadPlan...
17:03:29.982 [Test worker] DEBUG org.hibernate.loader.plan.exec.internal.LoadQueryJoinAndFetchProcessor - processing queryspace <gen:0>
17:03:29.982 [Test worker] DEBUG org.hibernate.loader.plan.build.spi.LoadPlanTreePrinter - LoadPlan(entity=com.epam.esm.entity.User)
    - Returns
       - EntityReturnImpl(entity=com.epam.esm.entity.User, querySpaceUid=<gen:0>, path=com.epam.esm.entity.User)
          - CollectionAttributeFetchImpl(collection=com.epam.esm.entity.User.orders, querySpaceUid=<gen:1>, path=com.epam.esm.entity.User.orders)
             - (collection element) CollectionFetchableElementEntityGraph(entity=com.epam.esm.entity.Order, querySpaceUid=<gen:2>, path=com.epam.esm.entity.User.orders.<elements>)
          - EntityAttributeFetchImpl(entity=com.epam.esm.entity.Role, querySpaceUid=<gen:3>, path=com.epam.esm.entity.User.role)
    - QuerySpaces
       - EntityQuerySpaceImpl(uid=<gen:0>, entity=com.epam.esm.entity.User)
          - SQL table alias mapping - user0_
          - alias suffix - 0_
          - suffixed key columns - {id1_2_0_}
          - JOIN (JoinDefinedByMetadata(role)) : <gen:0> -> <gen:3>
             - EntityQuerySpaceImpl(uid=<gen:3>, entity=com.epam.esm.entity.Role)
                - SQL table alias mapping - role1_
                - alias suffix - 1_
                - suffixed key columns - {id1_1_1_}

17:03:29.982 [Test worker] DEBUG org.hibernate.loader.entity.plan.EntityLoader - Static select for entity com.epam.esm.entity.User [READ]: select user0_.id as id1_2_0_, user0_.email as email2_2_0_, user0_.password as password3_2_0_, user0_.refresh_token as refresh_4_2_0_, user0_.role_id as role_id5_2_0_, role1_.id as id1_1_1_, role1_.value as value2_1_1_ from application_user user0_ left outer join application_role role1_ on user0_.role_id=role1_.id where user0_.id=?
17:03:29.982 [Test worker] DEBUG org.hibernate.loader.Loader - Static select for action ACTION_MERGE on entity com.epam.esm.entity.User: select user0_.id as id1_2_0_, user0_.email as email2_2_0_, user0_.password as password3_2_0_, user0_.refresh_token as refresh_4_2_0_, user0_.role_id as role_id5_2_0_ from application_user user0_ where user0_.id=?
17:03:29.983 [Test worker] DEBUG org.hibernate.loader.Loader - Static select for action ACTION_REFRESH on entity com.epam.esm.entity.User: select user0_.id as id1_2_0_, user0_.email as email2_2_0_, user0_.password as password3_2_0_, user0_.refresh_token as refresh_4_2_0_, user0_.role_id as role_id5_2_0_ from application_user user0_ where user0_.id=?
17:03:29.983 [Test worker] DEBUG org.hibernate.persister.entity.AbstractEntityPersister - Static SQL for entity: com.epam.esm.entity.Entity
17:03:29.983 [Test worker] DEBUG org.hibernate.persister.entity.AbstractEntityPersister -  Version select: select id from entity where id =?
17:03:29.983 [Test worker] DEBUG org.hibernate.persister.entity.AbstractEntityPersister -  Snapshot select: select entity_.id from entity entity_ where entity_.id=?
17:03:29.983 [Test worker] DEBUG org.hibernate.persister.entity.AbstractEntityPersister -  Insert 0: insert into entity (id) values (?)
17:03:29.983 [Test worker] DEBUG org.hibernate.persister.entity.AbstractEntityPersister -  Update 0: null
17:03:29.983 [Test worker] DEBUG org.hibernate.persister.entity.AbstractEntityPersister -  Delete 0: delete from entity where id=?
17:03:29.983 [Test worker] DEBUG org.hibernate.persister.entity.AbstractEntityPersister -  Identity insert: insert into entity (id) values (null)
17:03:29.983 [Test worker] DEBUG org.hibernate.loader.plan.build.internal.spaces.QuerySpacesImpl - Adding QuerySpace : uid = <gen:0> -> org.hibernate.loader.plan.build.internal.spaces.EntityQuerySpaceImpl@3d4f3605]
17:03:29.983 [Test worker] DEBUG org.hibernate.loader.plan.build.internal.FetchStyleLoadPlanBuildingAssociationVisitationStrategy - Building LoadPlan...
17:03:29.983 [Test worker] DEBUG org.hibernate.loader.plan.exec.internal.LoadQueryJoinAndFetchProcessor - processing queryspace <gen:0>
17:03:29.984 [Test worker] DEBUG org.hibernate.loader.plan.build.spi.LoadPlanTreePrinter - LoadPlan(entity=com.epam.esm.entity.Entity)
    - Returns
       - EntityReturnImpl(entity=com.epam.esm.entity.Entity, querySpaceUid=<gen:0>, path=com.epam.esm.entity.Entity)
    - QuerySpaces
       - EntityQuerySpaceImpl(uid=<gen:0>, entity=com.epam.esm.entity.Entity)
          - SQL table alias mapping - entity0_
          - alias suffix - 0_
          - suffixed key columns - {id1_5_0_}

17:03:29.984 [Test worker] DEBUG org.hibernate.loader.entity.plan.EntityLoader - Static select for entity com.epam.esm.entity.Entity [NONE]: select entity0_.id as id1_5_0_ from entity entity0_ where entity0_.id=?
17:03:29.984 [Test worker] DEBUG org.hibernate.loader.plan.build.internal.spaces.QuerySpacesImpl - Adding QuerySpace : uid = <gen:0> -> org.hibernate.loader.plan.build.internal.spaces.EntityQuerySpaceImpl@36b75193]
17:03:29.984 [Test worker] DEBUG org.hibernate.loader.plan.build.internal.FetchStyleLoadPlanBuildingAssociationVisitationStrategy - Building LoadPlan...
17:03:29.984 [Test worker] DEBUG org.hibernate.loader.plan.exec.internal.LoadQueryJoinAndFetchProcessor - processing queryspace <gen:0>
17:03:29.984 [Test worker] DEBUG org.hibernate.loader.plan.build.spi.LoadPlanTreePrinter - LoadPlan(entity=com.epam.esm.entity.Entity)
    - Returns
       - EntityReturnImpl(entity=com.epam.esm.entity.Entity, querySpaceUid=<gen:0>, path=com.epam.esm.entity.Entity)
    - QuerySpaces
       - EntityQuerySpaceImpl(uid=<gen:0>, entity=com.epam.esm.entity.Entity)
          - SQL table alias mapping - entity0_
          - alias suffix - 0_
          - suffixed key columns - {id1_5_0_}

17:03:29.984 [Test worker] DEBUG org.hibernate.loader.entity.plan.EntityLoader - Static select for entity com.epam.esm.entity.Entity [READ]: select entity0_.id as id1_5_0_ from entity entity0_ where entity0_.id=?
17:03:29.985 [Test worker] DEBUG org.hibernate.loader.Loader - Static select for action ACTION_MERGE on entity com.epam.esm.entity.Entity: select entity0_.id as id1_5_0_ from entity entity0_ where entity0_.id=?
17:03:29.985 [Test worker] DEBUG org.hibernate.loader.Loader - Static select for action ACTION_REFRESH on entity com.epam.esm.entity.Entity: select entity0_.id as id1_5_0_ from entity entity0_ where entity0_.id=?
17:03:29.985 [Test worker] DEBUG org.hibernate.persister.entity.AbstractEntityPersister - Static SQL for entity: com.epam.esm.entity.Tag
17:03:29.985 [Test worker] DEBUG org.hibernate.persister.entity.AbstractEntityPersister -  Version select: select id from tag where id =?
17:03:29.985 [Test worker] DEBUG org.hibernate.persister.entity.AbstractEntityPersister -  Snapshot select: select tag_.id from tag tag_ where tag_.id=?
17:03:29.985 [Test worker] DEBUG org.hibernate.persister.entity.AbstractEntityPersister -  Insert 0: insert into tag (title, id) values (?, ?)
17:03:29.985 [Test worker] DEBUG org.hibernate.persister.entity.AbstractEntityPersister -  Update 0: null
17:03:29.985 [Test worker] DEBUG org.hibernate.persister.entity.AbstractEntityPersister -  Delete 0: delete from tag where id=?
17:03:29.985 [Test worker] DEBUG org.hibernate.persister.entity.AbstractEntityPersister -  Identity insert: insert into tag (id, title) values (null, ?)
17:03:29.985 [Test worker] DEBUG org.hibernate.loader.plan.build.internal.spaces.QuerySpacesImpl - Adding QuerySpace : uid = <gen:0> -> org.hibernate.loader.plan.build.internal.spaces.EntityQuerySpaceImpl@648959d2]
17:03:29.985 [Test worker] DEBUG org.hibernate.persister.walking.spi.MetamodelGraphWalker - Visiting attribute path : title
17:03:29.985 [Test worker] DEBUG org.hibernate.loader.plan.build.internal.FetchStyleLoadPlanBuildingAssociationVisitationStrategy - Building LoadPlan...
17:03:29.986 [Test worker] DEBUG org.hibernate.loader.plan.exec.internal.LoadQueryJoinAndFetchProcessor - processing queryspace <gen:0>
17:03:29.986 [Test worker] DEBUG org.hibernate.loader.plan.build.spi.LoadPlanTreePrinter - LoadPlan(entity=com.epam.esm.entity.Tag)
    - Returns
       - EntityReturnImpl(entity=com.epam.esm.entity.Tag, querySpaceUid=<gen:0>, path=com.epam.esm.entity.Tag)
    - QuerySpaces
       - EntityQuerySpaceImpl(uid=<gen:0>, entity=com.epam.esm.entity.Tag)
          - SQL table alias mapping - tag0_
          - alias suffix - 0_
          - suffixed key columns - {id1_7_0_}

17:03:29.986 [Test worker] DEBUG org.hibernate.loader.entity.plan.EntityLoader - Static select for entity com.epam.esm.entity.Tag [NONE]: select tag0_.id as id1_7_0_, tag0_.title as title2_7_0_ from tag tag0_ where tag0_.id=?
17:03:29.986 [Test worker] DEBUG org.hibernate.loader.plan.build.internal.spaces.QuerySpacesImpl - Adding QuerySpace : uid = <gen:0> -> org.hibernate.loader.plan.build.internal.spaces.EntityQuerySpaceImpl@378611b3]
17:03:29.986 [Test worker] DEBUG org.hibernate.persister.walking.spi.MetamodelGraphWalker - Visiting attribute path : title
17:03:29.986 [Test worker] DEBUG org.hibernate.loader.plan.build.internal.FetchStyleLoadPlanBuildingAssociationVisitationStrategy - Building LoadPlan...
17:03:29.986 [Test worker] DEBUG org.hibernate.loader.plan.exec.internal.LoadQueryJoinAndFetchProcessor - processing queryspace <gen:0>
17:03:29.986 [Test worker] DEBUG org.hibernate.loader.plan.build.spi.LoadPlanTreePrinter - LoadPlan(entity=com.epam.esm.entity.Tag)
    - Returns
       - EntityReturnImpl(entity=com.epam.esm.entity.Tag, querySpaceUid=<gen:0>, path=com.epam.esm.entity.Tag)
    - QuerySpaces
       - EntityQuerySpaceImpl(uid=<gen:0>, entity=com.epam.esm.entity.Tag)
          - SQL table alias mapping - tag0_
          - alias suffix - 0_
          - suffixed key columns - {id1_7_0_}

17:03:29.987 [Test worker] DEBUG org.hibernate.loader.entity.plan.EntityLoader - Static select for entity com.epam.esm.entity.Tag [READ]: select tag0_.id as id1_7_0_, tag0_.title as title2_7_0_ from tag tag0_ where tag0_.id=?
17:03:29.987 [Test worker] DEBUG org.hibernate.loader.Loader - Static select for action ACTION_MERGE on entity com.epam.esm.entity.Tag: select tag0_.id as id1_7_0_, tag0_.title as title2_7_0_ from tag tag0_ where tag0_.id=?
17:03:29.987 [Test worker] DEBUG org.hibernate.loader.Loader - Static select for action ACTION_REFRESH on entity com.epam.esm.entity.Tag: select tag0_.id as id1_7_0_, tag0_.title as title2_7_0_ from tag tag0_ where tag0_.id=?
17:03:29.987 [Test worker] DEBUG org.hibernate.persister.entity.AbstractEntityPersister - Static SQL for entity: com.epam.esm.entity.OrderCertificate
17:03:29.987 [Test worker] DEBUG org.hibernate.persister.entity.AbstractEntityPersister -  Version select: select id from order_certificate where id =?
17:03:29.987 [Test worker] DEBUG org.hibernate.persister.entity.AbstractEntityPersister -  Snapshot select: select ordercerti_.id, ordercerti_.certificate_id as certific4_6_, ordercerti_.expiration_date as expirati2_6_, ordercerti_.fixed_price as fixed_pr3_6_, ordercerti_.order_id as order_id5_6_ from order_certificate ordercerti_ where ordercerti_.id=?
17:03:29.987 [Test worker] DEBUG org.hibernate.persister.entity.AbstractEntityPersister -  Insert 0: insert into order_certificate (certificate_id, expiration_date, fixed_price, order_id, id) values (?, ?, ?, ?, ?)
17:03:29.987 [Test worker] DEBUG org.hibernate.persister.entity.AbstractEntityPersister -  Update 0: update order_certificate set certificate_id=?, expiration_date=?, fixed_price=?, order_id=? where id=?
17:03:29.987 [Test worker] DEBUG org.hibernate.persister.entity.AbstractEntityPersister -  Delete 0: delete from order_certificate where id=?
17:03:29.987 [Test worker] DEBUG org.hibernate.persister.entity.AbstractEntityPersister -  Identity insert: insert into order_certificate (id, certificate_id, expiration_date, fixed_price, order_id) values (null, ?, ?, ?, ?)
17:03:29.988 [Test worker] DEBUG org.hibernate.loader.plan.build.internal.spaces.QuerySpacesImpl - Adding QuerySpace : uid = <gen:0> -> org.hibernate.loader.plan.build.internal.spaces.EntityQuerySpaceImpl@2c8e998f]
17:03:29.988 [Test worker] DEBUG org.hibernate.persister.walking.spi.MetamodelGraphWalker - Visiting attribute path : certificate
17:03:29.988 [Test worker] DEBUG org.hibernate.loader.plan.build.internal.spaces.QuerySpacesImpl - Adding QuerySpace : uid = <gen:1> -> org.hibernate.loader.plan.build.internal.spaces.EntityQuerySpaceImpl@1fa384b2]
17:03:29.988 [Test worker] DEBUG org.hibernate.persister.walking.spi.MetamodelGraphWalker - Visiting attribute path : expirationDate
17:03:29.988 [Test worker] DEBUG org.hibernate.persister.walking.spi.MetamodelGraphWalker - Visiting attribute path : fixedPrice
17:03:29.988 [Test worker] DEBUG org.hibernate.persister.walking.spi.MetamodelGraphWalker - Visiting attribute path : order
17:03:29.988 [Test worker] DEBUG org.hibernate.loader.plan.build.internal.spaces.QuerySpacesImpl - Adding QuerySpace : uid = <gen:2> -> org.hibernate.loader.plan.build.internal.spaces.EntityQuerySpaceImpl@25400959]
17:03:29.988 [Test worker] DEBUG org.hibernate.persister.walking.spi.MetamodelGraphWalker - Visiting attribute path : order.activeStatus
17:03:29.988 [Test worker] DEBUG org.hibernate.persister.walking.spi.MetamodelGraphWalker - Visiting attribute path : order.createdAt
17:03:29.988 [Test worker] DEBUG org.hibernate.persister.walking.spi.MetamodelGraphWalker - Visiting attribute path : order.orderCertificates
17:03:29.988 [Test worker] DEBUG org.hibernate.persister.walking.spi.MetamodelGraphWalker - Property path deemed to be circular : order.orderCertificates
17:03:29.988 [Test worker] DEBUG org.hibernate.persister.walking.spi.MetamodelGraphWalker - Visiting attribute path : order.user
17:03:29.988 [Test worker] DEBUG org.hibernate.loader.plan.build.internal.spaces.QuerySpacesImpl - Adding QuerySpace : uid = <gen:3> -> org.hibernate.loader.plan.build.internal.spaces.EntityQuerySpaceImpl@1db95f54]
17:03:29.989 [Test worker] DEBUG org.hibernate.persister.walking.spi.MetamodelGraphWalker - Visiting attribute path : order.user.email
17:03:29.989 [Test worker] DEBUG org.hibernate.persister.walking.spi.MetamodelGraphWalker - Visiting attribute path : order.user.orders
17:03:29.989 [Test worker] DEBUG org.hibernate.persister.walking.spi.MetamodelGraphWalker - Property path deemed to be circular : order.user.orders
17:03:29.989 [Test worker] DEBUG org.hibernate.persister.walking.spi.MetamodelGraphWalker - Visiting attribute path : order.user.password
17:03:29.989 [Test worker] DEBUG org.hibernate.persister.walking.spi.MetamodelGraphWalker - Visiting attribute path : order.user.refreshToken
17:03:29.989 [Test worker] DEBUG org.hibernate.persister.walking.spi.MetamodelGraphWalker - Visiting attribute path : order.user.role
17:03:29.989 [Test worker] DEBUG org.hibernate.loader.plan.build.internal.spaces.QuerySpacesImpl - Adding QuerySpace : uid = <gen:4> -> org.hibernate.loader.plan.build.internal.spaces.EntityQuerySpaceImpl@3b93160a]
17:03:29.989 [Test worker] DEBUG org.hibernate.persister.walking.spi.MetamodelGraphWalker - Visiting attribute path : order.user.role.value
17:03:29.989 [Test worker] DEBUG org.hibernate.loader.plan.build.internal.FetchStyleLoadPlanBuildingAssociationVisitationStrategy - Building LoadPlan...
17:03:29.989 [Test worker] DEBUG org.hibernate.loader.plan.exec.internal.LoadQueryJoinAndFetchProcessor - processing queryspace <gen:0>
17:03:29.990 [Test worker] DEBUG org.hibernate.loader.plan.build.spi.LoadPlanTreePrinter - LoadPlan(entity=com.epam.esm.entity.OrderCertificate)
    - Returns
       - EntityReturnImpl(entity=com.epam.esm.entity.OrderCertificate, querySpaceUid=<gen:0>, path=com.epam.esm.entity.OrderCertificate)
          - EntityAttributeFetchImpl(entity=com.epam.esm.entity.GiftCertificate, querySpaceUid=<gen:1>, path=com.epam.esm.entity.OrderCertificate.certificate)
          - EntityAttributeFetchImpl(entity=com.epam.esm.entity.Order, querySpaceUid=<gen:2>, path=com.epam.esm.entity.OrderCertificate.order)
             - EntityAttributeFetchImpl(entity=com.epam.esm.entity.User, querySpaceUid=<gen:3>, path=com.epam.esm.entity.OrderCertificate.order.user)
                - EntityAttributeFetchImpl(entity=com.epam.esm.entity.Role, querySpaceUid=<gen:4>, path=com.epam.esm.entity.OrderCertificate.order.user.role)
    - QuerySpaces
       - EntityQuerySpaceImpl(uid=<gen:0>, entity=com.epam.esm.entity.OrderCertificate)
          - SQL table alias mapping - ordercerti0_
          - alias suffix - 0_
          - suffixed key columns - {id1_6_0_}
          - JOIN (JoinDefinedByMetadata(order)) : <gen:0> -> <gen:2>
             - EntityQuerySpaceImpl(uid=<gen:2>, entity=com.epam.esm.entity.Order)
                - SQL table alias mapping - order1_
                - alias suffix - 1_
                - suffixed key columns - {id1_0_1_}
                - JOIN (JoinDefinedByMetadata(user)) : <gen:2> -> <gen:3>
                   - EntityQuerySpaceImpl(uid=<gen:3>, entity=com.epam.esm.entity.User)
                      - SQL table alias mapping - user2_
                      - alias suffix - 2_
                      - suffixed key columns - {id1_2_2_}
                      - JOIN (JoinDefinedByMetadata(role)) : <gen:3> -> <gen:4>
                         - EntityQuerySpaceImpl(uid=<gen:4>, entity=com.epam.esm.entity.Role)
                            - SQL table alias mapping - role3_
                            - alias suffix - 3_
                            - suffixed key columns - {id1_1_3_}

17:03:29.990 [Test worker] DEBUG org.hibernate.loader.entity.plan.EntityLoader - Static select for entity com.epam.esm.entity.OrderCertificate [NONE]: select ordercerti0_.id as id1_6_0_, ordercerti0_.certificate_id as certific4_6_0_, ordercerti0_.expiration_date as expirati2_6_0_, ordercerti0_.fixed_price as fixed_pr3_6_0_, ordercerti0_.order_id as order_id5_6_0_, order1_.id as id1_0_1_, order1_.active_status as active_s2_0_1_, order1_.created_at as created_3_0_1_, order1_.user_id as user_id4_0_1_, user2_.id as id1_2_2_, user2_.email as email2_2_2_, user2_.password as password3_2_2_, user2_.refresh_token as refresh_4_2_2_, user2_.role_id as role_id5_2_2_, role3_.id as id1_1_3_, role3_.value as value2_1_3_ from order_certificate ordercerti0_ left outer join application_order order1_ on ordercerti0_.order_id=order1_.id left outer join application_user user2_ on order1_.user_id=user2_.id left outer join application_role role3_ on user2_.role_id=role3_.id where ordercerti0_.id=?
17:03:29.990 [Test worker] DEBUG org.hibernate.loader.plan.build.internal.spaces.QuerySpacesImpl - Adding QuerySpace : uid = <gen:0> -> org.hibernate.loader.plan.build.internal.spaces.EntityQuerySpaceImpl@4401c778]
17:03:29.990 [Test worker] DEBUG org.hibernate.persister.walking.spi.MetamodelGraphWalker - Visiting attribute path : certificate
17:03:29.990 [Test worker] DEBUG org.hibernate.loader.plan.build.internal.spaces.QuerySpacesImpl - Adding QuerySpace : uid = <gen:1> -> org.hibernate.loader.plan.build.internal.spaces.EntityQuerySpaceImpl@1f370591]
17:03:29.990 [Test worker] DEBUG org.hibernate.persister.walking.spi.MetamodelGraphWalker - Visiting attribute path : expirationDate
17:03:29.990 [Test worker] DEBUG org.hibernate.persister.walking.spi.MetamodelGraphWalker - Visiting attribute path : fixedPrice
17:03:29.990 [Test worker] DEBUG org.hibernate.persister.walking.spi.MetamodelGraphWalker - Visiting attribute path : order
17:03:29.990 [Test worker] DEBUG org.hibernate.loader.plan.build.internal.spaces.QuerySpacesImpl - Adding QuerySpace : uid = <gen:2> -> org.hibernate.loader.plan.build.internal.spaces.EntityQuerySpaceImpl@2757af27]
17:03:29.990 [Test worker] DEBUG org.hibernate.persister.walking.spi.MetamodelGraphWalker - Visiting attribute path : order.activeStatus
17:03:29.990 [Test worker] DEBUG org.hibernate.persister.walking.spi.MetamodelGraphWalker - Visiting attribute path : order.createdAt
17:03:29.990 [Test worker] DEBUG org.hibernate.persister.walking.spi.MetamodelGraphWalker - Visiting attribute path : order.orderCertificates
17:03:29.990 [Test worker] DEBUG org.hibernate.persister.walking.spi.MetamodelGraphWalker - Property path deemed to be circular : order.orderCertificates
17:03:29.990 [Test worker] DEBUG org.hibernate.persister.walking.spi.MetamodelGraphWalker - Visiting attribute path : order.user
17:03:29.990 [Test worker] DEBUG org.hibernate.loader.plan.build.internal.spaces.QuerySpacesImpl - Adding QuerySpace : uid = <gen:3> -> org.hibernate.loader.plan.build.internal.spaces.EntityQuerySpaceImpl@6aad3972]
17:03:29.991 [Test worker] DEBUG org.hibernate.persister.walking.spi.MetamodelGraphWalker - Visiting attribute path : order.user.email
17:03:29.991 [Test worker] DEBUG org.hibernate.persister.walking.spi.MetamodelGraphWalker - Visiting attribute path : order.user.orders
17:03:29.991 [Test worker] DEBUG org.hibernate.persister.walking.spi.MetamodelGraphWalker - Property path deemed to be circular : order.user.orders
17:03:29.991 [Test worker] DEBUG org.hibernate.persister.walking.spi.MetamodelGraphWalker - Visiting attribute path : order.user.password
17:03:29.991 [Test worker] DEBUG org.hibernate.persister.walking.spi.MetamodelGraphWalker - Visiting attribute path : order.user.refreshToken
17:03:29.991 [Test worker] DEBUG org.hibernate.persister.walking.spi.MetamodelGraphWalker - Visiting attribute path : order.user.role
17:03:29.991 [Test worker] DEBUG org.hibernate.loader.plan.build.internal.spaces.QuerySpacesImpl - Adding QuerySpace : uid = <gen:4> -> org.hibernate.loader.plan.build.internal.spaces.EntityQuerySpaceImpl@57a51239]
17:03:29.991 [Test worker] DEBUG org.hibernate.persister.walking.spi.MetamodelGraphWalker - Visiting attribute path : order.user.role.value
17:03:29.991 [Test worker] DEBUG org.hibernate.loader.plan.build.internal.FetchStyleLoadPlanBuildingAssociationVisitationStrategy - Building LoadPlan...
17:03:29.991 [Test worker] DEBUG org.hibernate.loader.plan.exec.internal.LoadQueryJoinAndFetchProcessor - processing queryspace <gen:0>
17:03:29.992 [Test worker] DEBUG org.hibernate.loader.plan.build.spi.LoadPlanTreePrinter - LoadPlan(entity=com.epam.esm.entity.OrderCertificate)
    - Returns
       - EntityReturnImpl(entity=com.epam.esm.entity.OrderCertificate, querySpaceUid=<gen:0>, path=com.epam.esm.entity.OrderCertificate)
          - EntityAttributeFetchImpl(entity=com.epam.esm.entity.GiftCertificate, querySpaceUid=<gen:1>, path=com.epam.esm.entity.OrderCertificate.certificate)
          - EntityAttributeFetchImpl(entity=com.epam.esm.entity.Order, querySpaceUid=<gen:2>, path=com.epam.esm.entity.OrderCertificate.order)
             - EntityAttributeFetchImpl(entity=com.epam.esm.entity.User, querySpaceUid=<gen:3>, path=com.epam.esm.entity.OrderCertificate.order.user)
                - EntityAttributeFetchImpl(entity=com.epam.esm.entity.Role, querySpaceUid=<gen:4>, path=com.epam.esm.entity.OrderCertificate.order.user.role)
    - QuerySpaces
       - EntityQuerySpaceImpl(uid=<gen:0>, entity=com.epam.esm.entity.OrderCertificate)
          - SQL table alias mapping - ordercerti0_
          - alias suffix - 0_
          - suffixed key columns - {id1_6_0_}
          - JOIN (JoinDefinedByMetadata(order)) : <gen:0> -> <gen:2>
             - EntityQuerySpaceImpl(uid=<gen:2>, entity=com.epam.esm.entity.Order)
                - SQL table alias mapping - order1_
                - alias suffix - 1_
                - suffixed key columns - {id1_0_1_}
                - JOIN (JoinDefinedByMetadata(user)) : <gen:2> -> <gen:3>
                   - EntityQuerySpaceImpl(uid=<gen:3>, entity=com.epam.esm.entity.User)
                      - SQL table alias mapping - user2_
                      - alias suffix - 2_
                      - suffixed key columns - {id1_2_2_}
                      - JOIN (JoinDefinedByMetadata(role)) : <gen:3> -> <gen:4>
                         - EntityQuerySpaceImpl(uid=<gen:4>, entity=com.epam.esm.entity.Role)
                            - SQL table alias mapping - role3_
                            - alias suffix - 3_
                            - suffixed key columns - {id1_1_3_}

17:03:29.992 [Test worker] DEBUG org.hibernate.loader.entity.plan.EntityLoader - Static select for entity com.epam.esm.entity.OrderCertificate [READ]: select ordercerti0_.id as id1_6_0_, ordercerti0_.certificate_id as certific4_6_0_, ordercerti0_.expiration_date as expirati2_6_0_, ordercerti0_.fixed_price as fixed_pr3_6_0_, ordercerti0_.order_id as order_id5_6_0_, order1_.id as id1_0_1_, order1_.active_status as active_s2_0_1_, order1_.created_at as created_3_0_1_, order1_.user_id as user_id4_0_1_, user2_.id as id1_2_2_, user2_.email as email2_2_2_, user2_.password as password3_2_2_, user2_.refresh_token as refresh_4_2_2_, user2_.role_id as role_id5_2_2_, role3_.id as id1_1_3_, role3_.value as value2_1_3_ from order_certificate ordercerti0_ left outer join application_order order1_ on ordercerti0_.order_id=order1_.id left outer join application_user user2_ on order1_.user_id=user2_.id left outer join application_role role3_ on user2_.role_id=role3_.id where ordercerti0_.id=?
17:03:29.992 [Test worker] DEBUG org.hibernate.loader.Loader - Static select for action ACTION_MERGE on entity com.epam.esm.entity.OrderCertificate: select ordercerti0_.id as id1_6_3_, ordercerti0_.certificate_id as certific4_6_3_, ordercerti0_.expiration_date as expirati2_6_3_, ordercerti0_.fixed_price as fixed_pr3_6_3_, ordercerti0_.order_id as order_id5_6_3_, giftcertif1_.id as id1_3_0_, giftcertif1_.active_status as active_s2_3_0_, giftcertif1_.creation_date as creation3_3_0_, giftcertif1_.description as descript4_3_0_, giftcertif1_.expiration_date as expirati5_3_0_, giftcertif1_.modification_date as modifica6_3_0_, giftcertif1_.name as name7_3_0_, giftcertif1_.price as price8_3_0_, tags2_.certificate_id as certific1_4_5_, tag3_.id as tag_id2_4_5_, tag3_.id as id1_7_1_, tag3_.title as title2_7_1_, order4_.id as id1_0_2_, order4_.active_status as active_s2_0_2_, order4_.created_at as created_3_0_2_, order4_.user_id as user_id4_0_2_ from order_certificate ordercerti0_ left outer join certificate giftcertif1_ on ordercerti0_.certificate_id=giftcertif1_.id left outer join certificate_tag tags2_ on giftcertif1_.id=tags2_.certificate_id left outer join tag tag3_ on tags2_.tag_id=tag3_.id left outer join application_order order4_ on ordercerti0_.order_id=order4_.id where ordercerti0_.id=?
17:03:29.993 [Test worker] DEBUG org.hibernate.loader.Loader - Static select for action ACTION_REFRESH on entity com.epam.esm.entity.OrderCertificate: select ordercerti0_.id as id1_6_2_, ordercerti0_.certificate_id as certific4_6_2_, ordercerti0_.expiration_date as expirati2_6_2_, ordercerti0_.fixed_price as fixed_pr3_6_2_, ordercerti0_.order_id as order_id5_6_2_, giftcertif1_.id as id1_3_0_, giftcertif1_.active_status as active_s2_3_0_, giftcertif1_.creation_date as creation3_3_0_, giftcertif1_.description as descript4_3_0_, giftcertif1_.expiration_date as expirati5_3_0_, giftcertif1_.modification_date as modifica6_3_0_, giftcertif1_.name as name7_3_0_, giftcertif1_.price as price8_3_0_, order2_.id as id1_0_1_, order2_.active_status as active_s2_0_1_, order2_.created_at as created_3_0_1_, order2_.user_id as user_id4_0_1_ from order_certificate ordercerti0_ left outer join certificate giftcertif1_ on ordercerti0_.certificate_id=giftcertif1_.id left outer join application_order order2_ on ordercerti0_.order_id=order2_.id where ordercerti0_.id=?
17:03:29.993 [Test worker] DEBUG org.hibernate.persister.entity.AbstractEntityPersister - Static SQL for entity: com.epam.esm.entity.Role
17:03:29.993 [Test worker] DEBUG org.hibernate.persister.entity.AbstractEntityPersister -  Version select: select id from application_role where id =?
17:03:29.993 [Test worker] DEBUG org.hibernate.persister.entity.AbstractEntityPersister -  Snapshot select: select role_.id, role_.value as value2_1_ from application_role role_ where role_.id=?
17:03:29.993 [Test worker] DEBUG org.hibernate.persister.entity.AbstractEntityPersister -  Insert 0: insert into application_role (value, id) values (?, ?)
17:03:29.993 [Test worker] DEBUG org.hibernate.persister.entity.AbstractEntityPersister -  Update 0: update application_role set value=? where id=?
17:03:29.993 [Test worker] DEBUG org.hibernate.persister.entity.AbstractEntityPersister -  Delete 0: delete from application_role where id=?
17:03:29.993 [Test worker] DEBUG org.hibernate.persister.entity.AbstractEntityPersister -  Identity insert: insert into application_role (id, value) values (null, ?)
17:03:29.993 [Test worker] DEBUG org.hibernate.loader.plan.build.internal.spaces.QuerySpacesImpl - Adding QuerySpace : uid = <gen:0> -> org.hibernate.loader.plan.build.internal.spaces.EntityQuerySpaceImpl@583537e]
17:03:29.994 [Test worker] DEBUG org.hibernate.persister.walking.spi.MetamodelGraphWalker - Visiting attribute path : value
17:03:29.994 [Test worker] DEBUG org.hibernate.loader.plan.build.internal.FetchStyleLoadPlanBuildingAssociationVisitationStrategy - Building LoadPlan...
17:03:29.994 [Test worker] DEBUG org.hibernate.loader.plan.exec.internal.LoadQueryJoinAndFetchProcessor - processing queryspace <gen:0>
17:03:29.994 [Test worker] DEBUG org.hibernate.loader.plan.build.spi.LoadPlanTreePrinter - LoadPlan(entity=com.epam.esm.entity.Role)
    - Returns
       - EntityReturnImpl(entity=com.epam.esm.entity.Role, querySpaceUid=<gen:0>, path=com.epam.esm.entity.Role)
    - QuerySpaces
       - EntityQuerySpaceImpl(uid=<gen:0>, entity=com.epam.esm.entity.Role)
          - SQL table alias mapping - role0_
          - alias suffix - 0_
          - suffixed key columns - {id1_1_0_}

17:03:29.994 [Test worker] DEBUG org.hibernate.loader.entity.plan.EntityLoader - Static select for entity com.epam.esm.entity.Role [NONE]: select role0_.id as id1_1_0_, role0_.value as value2_1_0_ from application_role role0_ where role0_.id=?
17:03:29.994 [Test worker] DEBUG org.hibernate.loader.plan.build.internal.spaces.QuerySpacesImpl - Adding QuerySpace : uid = <gen:0> -> org.hibernate.loader.plan.build.internal.spaces.EntityQuerySpaceImpl@3a08dfc4]
17:03:29.994 [Test worker] DEBUG org.hibernate.persister.walking.spi.MetamodelGraphWalker - Visiting attribute path : value
17:03:29.994 [Test worker] DEBUG org.hibernate.loader.plan.build.internal.FetchStyleLoadPlanBuildingAssociationVisitationStrategy - Building LoadPlan...
17:03:29.995 [Test worker] DEBUG org.hibernate.loader.plan.exec.internal.LoadQueryJoinAndFetchProcessor - processing queryspace <gen:0>
17:03:29.995 [Test worker] DEBUG org.hibernate.loader.plan.build.spi.LoadPlanTreePrinter - LoadPlan(entity=com.epam.esm.entity.Role)
    - Returns
       - EntityReturnImpl(entity=com.epam.esm.entity.Role, querySpaceUid=<gen:0>, path=com.epam.esm.entity.Role)
    - QuerySpaces
       - EntityQuerySpaceImpl(uid=<gen:0>, entity=com.epam.esm.entity.Role)
          - SQL table alias mapping - role0_
          - alias suffix - 0_
          - suffixed key columns - {id1_1_0_}

17:03:29.995 [Test worker] DEBUG org.hibernate.loader.entity.plan.EntityLoader - Static select for entity com.epam.esm.entity.Role [READ]: select role0_.id as id1_1_0_, role0_.value as value2_1_0_ from application_role role0_ where role0_.id=?
17:03:29.995 [Test worker] DEBUG org.hibernate.loader.Loader - Static select for action ACTION_MERGE on entity com.epam.esm.entity.Role: select role0_.id as id1_1_0_, role0_.value as value2_1_0_ from application_role role0_ where role0_.id=?
17:03:29.995 [Test worker] DEBUG org.hibernate.loader.Loader - Static select for action ACTION_REFRESH on entity com.epam.esm.entity.Role: select role0_.id as id1_1_0_, role0_.value as value2_1_0_ from application_role role0_ where role0_.id=?
17:03:29.995 [Test worker] DEBUG org.hibernate.loader.plan.build.internal.spaces.QuerySpacesImpl - Adding QuerySpace : uid = <gen:0> -> org.hibernate.loader.plan.build.internal.spaces.CollectionQuerySpaceImpl@17b8b3e2]
17:03:29.995 [Test worker] DEBUG org.hibernate.loader.plan.build.internal.spaces.QuerySpacesImpl - Adding QuerySpace : uid = <gen:1> -> org.hibernate.loader.plan.build.internal.spaces.EntityQuerySpaceImpl@4beb7f4b]
17:03:29.996 [Test worker] DEBUG org.hibernate.persister.walking.spi.MetamodelGraphWalker - Visiting attribute path : title
17:03:29.996 [Test worker] DEBUG org.hibernate.loader.plan.build.internal.FetchStyleLoadPlanBuildingAssociationVisitationStrategy - Building LoadPlan...
17:03:29.996 [Test worker] DEBUG org.hibernate.loader.plan.exec.internal.LoadQueryJoinAndFetchProcessor - processing queryspace <gen:0>
17:03:29.996 [Test worker] DEBUG org.hibernate.loader.plan.build.spi.LoadPlanTreePrinter - LoadPlan(collection=com.epam.esm.entity.GiftCertificate.tags)
    - Returns
       - CollectionReturnImpl(collection=com.epam.esm.entity.GiftCertificate.tags, querySpaceUid=<gen:0>, path=[com.epam.esm.entity.GiftCertificate.tags])
          - (collection element) CollectionFetchableElementEntityGraph(entity=com.epam.esm.entity.Tag, querySpaceUid=<gen:1>, path=[com.epam.esm.entity.GiftCertificate.tags].<elements>)
    - QuerySpaces
       - CollectionQuerySpaceImpl(uid=<gen:0>, collection=com.epam.esm.entity.GiftCertificate.tags)
          - SQL table alias mapping - tags0_
          - alias suffix - 0_
          - suffixed key columns - {certific1_4_0_}
          - entity-element alias suffix - 1_
          - 1_entity-element suffixed key columns - id1_7_1_
          - JOIN (JoinDefinedByMetadata(elements)) : <gen:0> -> <gen:1>
             - EntityQuerySpaceImpl(uid=<gen:1>, entity=com.epam.esm.entity.Tag)
                - SQL table alias mapping - tag1_
                - alias suffix - 1_
                - suffixed key columns - {id1_7_1_}

17:03:29.996 [Test worker] DEBUG org.hibernate.loader.collection.plan.CollectionLoader - Static select for collection com.epam.esm.entity.GiftCertificate.tags: select tags0_.certificate_id as certific1_4_0_, tags0_.tag_id as tag_id2_4_0_, tag1_.id as id1_7_1_, tag1_.title as title2_7_1_ from certificate_tag tags0_ inner join tag tag1_ on tags0_.tag_id=tag1_.id where tags0_.certificate_id=?
17:03:29.996 [Test worker] DEBUG org.hibernate.loader.plan.build.internal.spaces.QuerySpacesImpl - Adding QuerySpace : uid = <gen:0> -> org.hibernate.loader.plan.build.internal.spaces.CollectionQuerySpaceImpl@15125a2d]
17:03:29.996 [Test worker] DEBUG org.hibernate.loader.plan.build.internal.spaces.QuerySpacesImpl - Adding QuerySpace : uid = <gen:1> -> org.hibernate.loader.plan.build.internal.spaces.EntityQuerySpaceImpl@5137ee3]
17:03:29.997 [Test worker] DEBUG org.hibernate.persister.walking.spi.MetamodelGraphWalker - Visiting attribute path : certificate
17:03:29.997 [Test worker] DEBUG org.hibernate.loader.plan.build.internal.spaces.QuerySpacesImpl - Adding QuerySpace : uid = <gen:2> -> org.hibernate.loader.plan.build.internal.spaces.EntityQuerySpaceImpl@47589ba7]
17:03:29.997 [Test worker] DEBUG org.hibernate.persister.walking.spi.MetamodelGraphWalker - Visiting attribute path : expirationDate
17:03:29.997 [Test worker] DEBUG org.hibernate.persister.walking.spi.MetamodelGraphWalker - Visiting attribute path : fixedPrice
17:03:29.997 [Test worker] DEBUG org.hibernate.persister.walking.spi.MetamodelGraphWalker - Visiting attribute path : order
17:03:29.997 [Test worker] DEBUG org.hibernate.persister.walking.spi.MetamodelGraphWalker - Property path deemed to be circular : order
17:03:29.997 [Test worker] DEBUG org.hibernate.loader.plan.build.internal.FetchStyleLoadPlanBuildingAssociationVisitationStrategy - Building LoadPlan...
17:03:29.997 [Test worker] DEBUG org.hibernate.loader.plan.exec.internal.LoadQueryJoinAndFetchProcessor - processing queryspace <gen:0>
17:03:29.997 [Test worker] DEBUG org.hibernate.loader.plan.build.spi.LoadPlanTreePrinter - LoadPlan(collection=com.epam.esm.entity.Order.orderCertificates)
    - Returns
       - CollectionReturnImpl(collection=com.epam.esm.entity.Order.orderCertificates, querySpaceUid=<gen:0>, path=[com.epam.esm.entity.Order.orderCertificates])
          - (collection element) CollectionFetchableElementEntityGraph(entity=com.epam.esm.entity.OrderCertificate, querySpaceUid=<gen:1>, path=[com.epam.esm.entity.Order.orderCertificates].<elements>)
             - EntityAttributeFetchImpl(entity=com.epam.esm.entity.GiftCertificate, querySpaceUid=<gen:2>, path=[com.epam.esm.entity.Order.orderCertificates].<elements>.certificate)
    - QuerySpaces
       - CollectionQuerySpaceImpl(uid=<gen:0>, collection=com.epam.esm.entity.Order.orderCertificates)
          - SQL table alias mapping - ordercerti0_
          - alias suffix - 0_
          - suffixed key columns - {order_id5_6_0_}
          - entity-element alias suffix - 1_
          - 1_entity-element suffixed key columns - id1_6_1_
          - JOIN (JoinDefinedByMetadata(elements)) : <gen:0> -> <gen:1>
             - EntityQuerySpaceImpl(uid=<gen:1>, entity=com.epam.esm.entity.OrderCertificate)
                - SQL table alias mapping - ordercerti0_
                - alias suffix - 1_
                - suffixed key columns - {id1_6_1_}

17:03:29.998 [Test worker] DEBUG org.hibernate.loader.collection.plan.CollectionLoader - Static select for collection com.epam.esm.entity.Order.orderCertificates: select ordercerti0_.order_id as order_id5_6_0_, ordercerti0_.id as id1_6_0_, ordercerti0_.id as id1_6_1_, ordercerti0_.certificate_id as certific4_6_1_, ordercerti0_.expiration_date as expirati2_6_1_, ordercerti0_.fixed_price as fixed_pr3_6_1_, ordercerti0_.order_id as order_id5_6_1_ from order_certificate ordercerti0_ where ordercerti0_.order_id=?
17:03:29.998 [Test worker] DEBUG org.hibernate.loader.plan.build.internal.spaces.QuerySpacesImpl - Adding QuerySpace : uid = <gen:0> -> org.hibernate.loader.plan.build.internal.spaces.CollectionQuerySpaceImpl@59a211c9]
17:03:29.998 [Test worker] DEBUG org.hibernate.loader.plan.build.internal.spaces.QuerySpacesImpl - Adding QuerySpace : uid = <gen:1> -> org.hibernate.loader.plan.build.internal.spaces.EntityQuerySpaceImpl@539c161e]
17:03:29.998 [Test worker] DEBUG org.hibernate.persister.walking.spi.MetamodelGraphWalker - Visiting attribute path : certificate
17:03:29.998 [Test worker] DEBUG org.hibernate.persister.walking.spi.MetamodelGraphWalker - Property path deemed to be circular : certificate
17:03:29.998 [Test worker] DEBUG org.hibernate.persister.walking.spi.MetamodelGraphWalker - Visiting attribute path : expirationDate
17:03:29.998 [Test worker] DEBUG org.hibernate.persister.walking.spi.MetamodelGraphWalker - Visiting attribute path : fixedPrice
17:03:29.998 [Test worker] DEBUG org.hibernate.persister.walking.spi.MetamodelGraphWalker - Visiting attribute path : order
17:03:29.998 [Test worker] DEBUG org.hibernate.loader.plan.build.internal.spaces.QuerySpacesImpl - Adding QuerySpace : uid = <gen:2> -> org.hibernate.loader.plan.build.internal.spaces.EntityQuerySpaceImpl@3ad5fc08]
17:03:29.998 [Test worker] DEBUG org.hibernate.persister.walking.spi.MetamodelGraphWalker - Visiting attribute path : order.activeStatus
17:03:29.998 [Test worker] DEBUG org.hibernate.persister.walking.spi.MetamodelGraphWalker - Visiting attribute path : order.createdAt
17:03:29.998 [Test worker] DEBUG org.hibernate.persister.walking.spi.MetamodelGraphWalker - Visiting attribute path : order.orderCertificates
17:03:29.998 [Test worker] DEBUG org.hibernate.persister.walking.spi.MetamodelGraphWalker - Property path deemed to be circular : order.orderCertificates
17:03:29.999 [Test worker] DEBUG org.hibernate.persister.walking.spi.MetamodelGraphWalker - Visiting attribute path : order.user
17:03:29.999 [Test worker] DEBUG org.hibernate.loader.plan.build.internal.spaces.QuerySpacesImpl - Adding QuerySpace : uid = <gen:3> -> org.hibernate.loader.plan.build.internal.spaces.EntityQuerySpaceImpl@4c462630]
17:03:29.999 [Test worker] DEBUG org.hibernate.persister.walking.spi.MetamodelGraphWalker - Visiting attribute path : order.user.email
17:03:29.999 [Test worker] DEBUG org.hibernate.persister.walking.spi.MetamodelGraphWalker - Visiting attribute path : order.user.orders
17:03:29.999 [Test worker] DEBUG org.hibernate.persister.walking.spi.MetamodelGraphWalker - Property path deemed to be circular : order.user.orders
17:03:29.999 [Test worker] DEBUG org.hibernate.persister.walking.spi.MetamodelGraphWalker - Visiting attribute path : order.user.password
17:03:29.999 [Test worker] DEBUG org.hibernate.persister.walking.spi.MetamodelGraphWalker - Visiting attribute path : order.user.refreshToken
17:03:29.999 [Test worker] DEBUG org.hibernate.persister.walking.spi.MetamodelGraphWalker - Visiting attribute path : order.user.role
17:03:29.999 [Test worker] DEBUG org.hibernate.loader.plan.build.internal.spaces.QuerySpacesImpl - Adding QuerySpace : uid = <gen:4> -> org.hibernate.loader.plan.build.internal.spaces.EntityQuerySpaceImpl@2e1e4962]
17:03:29.999 [Test worker] DEBUG org.hibernate.persister.walking.spi.MetamodelGraphWalker - Visiting attribute path : order.user.role.value
17:03:29.999 [Test worker] DEBUG org.hibernate.loader.plan.build.internal.FetchStyleLoadPlanBuildingAssociationVisitationStrategy - Building LoadPlan...
17:03:29.999 [Test worker] DEBUG org.hibernate.loader.plan.exec.internal.LoadQueryJoinAndFetchProcessor - processing queryspace <gen:0>
17:03:30.000 [Test worker] DEBUG org.hibernate.loader.plan.build.spi.LoadPlanTreePrinter - LoadPlan(collection=com.epam.esm.entity.GiftCertificate.orderCertificates)
    - Returns
       - CollectionReturnImpl(collection=com.epam.esm.entity.GiftCertificate.orderCertificates, querySpaceUid=<gen:0>, path=[com.epam.esm.entity.GiftCertificate.orderCertificates])
          - (collection element) CollectionFetchableElementEntityGraph(entity=com.epam.esm.entity.OrderCertificate, querySpaceUid=<gen:1>, path=[com.epam.esm.entity.GiftCertificate.orderCertificates].<elements>)
             - EntityAttributeFetchImpl(entity=com.epam.esm.entity.Order, querySpaceUid=<gen:2>, path=[com.epam.esm.entity.GiftCertificate.orderCertificates].<elements>.order)
                - EntityAttributeFetchImpl(entity=com.epam.esm.entity.User, querySpaceUid=<gen:3>, path=[com.epam.esm.entity.GiftCertificate.orderCertificates].<elements>.order.user)
                   - EntityAttributeFetchImpl(entity=com.epam.esm.entity.Role, querySpaceUid=<gen:4>, path=[com.epam.esm.entity.GiftCertificate.orderCertificates].<elements>.order.user.role)
    - QuerySpaces
       - CollectionQuerySpaceImpl(uid=<gen:0>, collection=com.epam.esm.entity.GiftCertificate.orderCertificates)
          - SQL table alias mapping - ordercerti0_
          - alias suffix - 0_
          - suffixed key columns - {certific4_6_0_}
          - entity-element alias suffix - 1_
          - 1_entity-element suffixed key columns - id1_6_1_
          - JOIN (JoinDefinedByMetadata(elements)) : <gen:0> -> <gen:1>
             - EntityQuerySpaceImpl(uid=<gen:1>, entity=com.epam.esm.entity.OrderCertificate)
                - SQL table alias mapping - ordercerti0_
                - alias suffix - 1_
                - suffixed key columns - {id1_6_1_}
                - JOIN (JoinDefinedByMetadata(order)) : <gen:1> -> <gen:2>
                   - EntityQuerySpaceImpl(uid=<gen:2>, entity=com.epam.esm.entity.Order)
                      - SQL table alias mapping - order1_
                      - alias suffix - 2_
                      - suffixed key columns - {id1_0_2_}
                      - JOIN (JoinDefinedByMetadata(user)) : <gen:2> -> <gen:3>
                         - EntityQuerySpaceImpl(uid=<gen:3>, entity=com.epam.esm.entity.User)
                            - SQL table alias mapping - user2_
                            - alias suffix - 3_
                            - suffixed key columns - {id1_2_3_}
                            - JOIN (JoinDefinedByMetadata(role)) : <gen:3> -> <gen:4>
                               - EntityQuerySpaceImpl(uid=<gen:4>, entity=com.epam.esm.entity.Role)
                                  - SQL table alias mapping - role3_
                                  - alias suffix - 4_
                                  - suffixed key columns - {id1_1_4_}

17:03:30.001 [Test worker] DEBUG org.hibernate.loader.collection.plan.CollectionLoader - Static select for collection com.epam.esm.entity.GiftCertificate.orderCertificates: select ordercerti0_.certificate_id as certific4_6_0_, ordercerti0_.id as id1_6_0_, ordercerti0_.id as id1_6_1_, ordercerti0_.certificate_id as certific4_6_1_, ordercerti0_.expiration_date as expirati2_6_1_, ordercerti0_.fixed_price as fixed_pr3_6_1_, ordercerti0_.order_id as order_id5_6_1_, order1_.id as id1_0_2_, order1_.active_status as active_s2_0_2_, order1_.created_at as created_3_0_2_, order1_.user_id as user_id4_0_2_, user2_.id as id1_2_3_, user2_.email as email2_2_3_, user2_.password as password3_2_3_, user2_.refresh_token as refresh_4_2_3_, user2_.role_id as role_id5_2_3_, role3_.id as id1_1_4_, role3_.value as value2_1_4_ from order_certificate ordercerti0_ left outer join application_order order1_ on ordercerti0_.order_id=order1_.id left outer join application_user user2_ on order1_.user_id=user2_.id left outer join application_role role3_ on user2_.role_id=role3_.id where ordercerti0_.certificate_id=?
17:03:30.001 [Test worker] DEBUG org.hibernate.loader.plan.build.internal.spaces.QuerySpacesImpl - Adding QuerySpace : uid = <gen:0> -> org.hibernate.loader.plan.build.internal.spaces.CollectionQuerySpaceImpl@b0b352c]
17:03:30.001 [Test worker] DEBUG org.hibernate.loader.plan.build.internal.spaces.QuerySpacesImpl - Adding QuerySpace : uid = <gen:1> -> org.hibernate.loader.plan.build.internal.spaces.EntityQuerySpaceImpl@46c568b3]
17:03:30.001 [Test worker] DEBUG org.hibernate.persister.walking.spi.MetamodelGraphWalker - Visiting attribute path : activeStatus
17:03:30.001 [Test worker] DEBUG org.hibernate.persister.walking.spi.MetamodelGraphWalker - Visiting attribute path : createdAt
17:03:30.001 [Test worker] DEBUG org.hibernate.persister.walking.spi.MetamodelGraphWalker - Visiting attribute path : orderCertificates
17:03:30.001 [Test worker] DEBUG org.hibernate.loader.plan.build.internal.spaces.QuerySpacesImpl - Adding QuerySpace : uid = <gen:2> -> org.hibernate.loader.plan.build.internal.spaces.CollectionQuerySpaceImpl@31177c5c]
17:03:30.001 [Test worker] DEBUG org.hibernate.loader.plan.build.internal.spaces.QuerySpacesImpl - Adding QuerySpace : uid = <gen:3> -> org.hibernate.loader.plan.build.internal.spaces.EntityQuerySpaceImpl@5cfa1a3d]
17:03:30.001 [Test worker] DEBUG org.hibernate.persister.walking.spi.MetamodelGraphWalker - Visiting attribute path : user
17:03:30.001 [Test worker] DEBUG org.hibernate.persister.walking.spi.MetamodelGraphWalker - Property path deemed to be circular : user
17:03:30.001 [Test worker] DEBUG org.hibernate.loader.plan.build.internal.FetchStyleLoadPlanBuildingAssociationVisitationStrategy - Building LoadPlan...
17:03:30.002 [Test worker] DEBUG org.hibernate.loader.plan.exec.internal.LoadQueryJoinAndFetchProcessor - processing queryspace <gen:0>
17:03:30.002 [Test worker] DEBUG org.hibernate.loader.plan.build.spi.LoadPlanTreePrinter - LoadPlan(collection=com.epam.esm.entity.User.orders)
    - Returns
       - CollectionReturnImpl(collection=com.epam.esm.entity.User.orders, querySpaceUid=<gen:0>, path=[com.epam.esm.entity.User.orders])
          - (collection element) CollectionFetchableElementEntityGraph(entity=com.epam.esm.entity.Order, querySpaceUid=<gen:1>, path=[com.epam.esm.entity.User.orders].<elements>)
             - CollectionAttributeFetchImpl(collection=com.epam.esm.entity.Order.orderCertificates, querySpaceUid=<gen:2>, path=[com.epam.esm.entity.User.orders].<elements>.orderCertificates)
                - (collection element) CollectionFetchableElementEntityGraph(entity=com.epam.esm.entity.OrderCertificate, querySpaceUid=<gen:3>, path=[com.epam.esm.entity.User.orders].<elements>.orderCertificates.<elements>)
    - QuerySpaces
       - CollectionQuerySpaceImpl(uid=<gen:0>, collection=com.epam.esm.entity.User.orders)
          - SQL table alias mapping - orders0_
          - alias suffix - 0_
          - suffixed key columns - {user_id4_0_0_}
          - entity-element alias suffix - 1_
          - 1_entity-element suffixed key columns - id1_0_1_
          - JOIN (JoinDefinedByMetadata(elements)) : <gen:0> -> <gen:1>
             - EntityQuerySpaceImpl(uid=<gen:1>, entity=com.epam.esm.entity.Order)
                - SQL table alias mapping - orders0_
                - alias suffix - 1_
                - suffixed key columns - {id1_0_1_}

17:03:30.002 [Test worker] DEBUG org.hibernate.loader.collection.plan.CollectionLoader - Static select for collection com.epam.esm.entity.User.orders: select orders0_.user_id as user_id4_0_0_, orders0_.id as id1_0_0_, orders0_.id as id1_0_1_, orders0_.active_status as active_s2_0_1_, orders0_.created_at as created_3_0_1_, orders0_.user_id as user_id4_0_1_ from application_order orders0_ where orders0_.user_id=?
17:03:30.005 [Test worker] DEBUG org.hibernate.SQL - drop table application_order if exists
17:03:30.005 [Test worker] DEBUG org.hibernate.SQL - drop table application_role if exists
17:03:30.005 [Test worker] DEBUG org.hibernate.SQL - drop table application_user if exists
17:03:30.005 [Test worker] DEBUG org.hibernate.SQL - drop table certificate if exists
17:03:30.005 [Test worker] DEBUG org.hibernate.SQL - drop table certificate_tag if exists
17:03:30.006 [Test worker] DEBUG org.hibernate.SQL - drop table entity if exists
17:03:30.006 [Test worker] DEBUG org.hibernate.SQL - drop table order_certificate if exists
17:03:30.006 [Test worker] DEBUG org.hibernate.SQL - drop table tag if exists
17:03:30.006 [Test worker] DEBUG org.hibernate.SQL - create table application_order (id bigint generated by default as identity, active_status boolean, created_at timestamp, user_id bigint, primary key (id))
17:03:30.007 [Test worker] DEBUG org.hibernate.SQL - create table application_role (id bigint generated by default as identity, value varchar(255), primary key (id))
17:03:30.008 [Test worker] DEBUG org.hibernate.SQL - create table application_user (id bigint generated by default as identity, email varchar(255), password varchar(255), refresh_token varchar(255), role_id bigint, primary key (id))
17:03:30.009 [Test worker] DEBUG org.hibernate.SQL - create table certificate (id bigint generated by default as identity, active_status boolean, creation_date date, description varchar(255), expiration_date date, modification_date date, name varchar(255), price decimal(19,2), primary key (id))
17:03:30.010 [Test worker] DEBUG org.hibernate.SQL - create table certificate_tag (certificate_id bigint not null, tag_id bigint not null, primary key (certificate_id, tag_id))
17:03:30.011 [Test worker] DEBUG org.hibernate.SQL - create table entity (id bigint generated by default as identity, primary key (id))
17:03:30.012 [Test worker] DEBUG org.hibernate.SQL - create table order_certificate (id bigint generated by default as identity, expiration_date date, fixed_price decimal(19,2), certificate_id bigint, order_id bigint, primary key (id))
17:03:30.013 [Test worker] DEBUG org.hibernate.SQL - create table tag (id bigint generated by default as identity, title varchar(255), primary key (id))
17:03:30.014 [Test worker] DEBUG org.hibernate.SQL - alter table tag add constraint UK_k5g3urrxw2ym0ls8vo6xfgs65 unique (title)
17:03:30.014 [Test worker] DEBUG org.hibernate.SQL - alter table application_order add constraint FKp4m4jwa9ds4e3gmsdtsvjcty3 foreign key (user_id) references application_user
17:03:30.016 [Test worker] DEBUG org.hibernate.SQL - alter table application_user add constraint FKkb3re6enordhsw7vy7ftgtna4 foreign key (role_id) references application_role
17:03:30.019 [Test worker] DEBUG org.hibernate.SQL - alter table certificate_tag add constraint FKk65jck3ppxm1p372l03sxdtcc foreign key (tag_id) references tag
17:03:30.021 [Test worker] DEBUG org.hibernate.SQL - alter table certificate_tag add constraint FKlrytco6nyamwxl72nog54iymx foreign key (certificate_id) references certificate
17:03:30.022 [Test worker] DEBUG org.hibernate.SQL - alter table order_certificate add constraint FKans0qrkplnas0le7if4ph8n2w foreign key (certificate_id) references certificate
17:03:30.024 [Test worker] DEBUG org.hibernate.SQL - alter table order_certificate add constraint FKlylopteltw5t82w63stck3tb8 foreign key (order_id) references application_order
17:03:30.027 [Test worker] INFO org.hibernate.tool.schema.internal.SchemaCreatorImpl - HHH000476: Executing import script 'org.hibernate.tool.schema.internal.exec.ScriptSourceInputNonExistentImpl@3bb5d12c'
17:03:30.027 [Test worker] DEBUG org.hibernate.query.spi.NamedQueryRepository - Checking 0 named HQL queries
17:03:30.027 [Test worker] DEBUG org.hibernate.query.spi.NamedQueryRepository - Checking 0 named SQL queries
17:03:30.027 [Test worker] DEBUG org.hibernate.internal.SessionFactoryRegistry - Registering SessionFactory: 0dfd1c8e-6db2-4309-a579-fcdb7ad7d0ac (<unnamed>)
17:03:30.027 [Test worker] DEBUG org.hibernate.internal.SessionFactoryRegistry - Not binding SessionFactory to JNDI, no JNDI name configured
17:03:30.027 [Test worker] INFO org.springframework.orm.jpa.LocalContainerEntityManagerFactoryBean - Initialized JPA EntityManagerFactory for persistence unit 'default'
17:03:30.028 [Test worker] DEBUG org.springframework.jdbc.datasource.DataSourceUtils - Fetching JDBC Connection from DataSource
17:03:30.028 [Test worker] DEBUG org.springframework.beans.factory.support.DefaultListableBeanFactory - Creating shared instance of singleton bean 'testConfig'
17:03:30.029 [Test worker] DEBUG org.springframework.beans.factory.support.DefaultListableBeanFactory - Creating shared instance of singleton bean 'certificateRepository'
17:03:30.030 [Test worker] DEBUG org.springframework.beans.factory.support.DefaultListableBeanFactory - Creating shared instance of singleton bean 'org.springframework.orm.jpa.SharedEntityManagerCreator#0'
17:03:30.033 [Test worker] DEBUG org.springframework.beans.factory.support.DefaultListableBeanFactory - Creating shared instance of singleton bean 'criteriaBuilderHelper'
17:03:30.033 [Test worker] DEBUG org.springframework.beans.factory.support.DefaultListableBeanFactory - Autowiring by type from bean name 'certificateRepository' via constructor to bean named 'org.springframework.orm.jpa.SharedEntityManagerCreator#0'
17:03:30.033 [Test worker] DEBUG org.springframework.beans.factory.support.DefaultListableBeanFactory - Autowiring by type from bean name 'certificateRepository' via constructor to bean named 'criteriaBuilderHelper'
17:03:30.034 [Test worker] DEBUG org.springframework.beans.factory.support.DefaultListableBeanFactory - Creating shared instance of singleton bean 'orderCertificateRepository'
17:03:30.035 [Test worker] DEBUG org.springframework.beans.factory.support.DefaultListableBeanFactory - Autowiring by type from bean name 'orderCertificateRepository' via constructor to bean named 'org.springframework.orm.jpa.SharedEntityManagerCreator#0'
17:03:30.035 [Test worker] DEBUG org.springframework.beans.factory.support.DefaultListableBeanFactory - Creating shared instance of singleton bean 'orderRepository'
17:03:30.036 [Test worker] DEBUG org.springframework.beans.factory.support.DefaultListableBeanFactory - Autowiring by type from bean name 'orderRepository' via constructor to bean named 'org.springframework.orm.jpa.SharedEntityManagerCreator#0'
17:03:30.037 [Test worker] DEBUG org.springframework.beans.factory.support.DefaultListableBeanFactory - Creating shared instance of singleton bean 'tagRepository'
17:03:30.037 [Test worker] DEBUG org.springframework.beans.factory.support.DefaultListableBeanFactory - Autowiring by type from bean name 'tagRepository' via constructor to bean named 'org.springframework.orm.jpa.SharedEntityManagerCreator#0'
17:03:30.038 [Test worker] DEBUG org.springframework.beans.factory.support.DefaultListableBeanFactory - Creating shared instance of singleton bean 'userRepository'
17:03:30.039 [Test worker] DEBUG org.springframework.beans.factory.support.DefaultListableBeanFactory - Autowiring by type from bean name 'userRepository' via constructor to bean named 'org.springframework.orm.jpa.SharedEntityManagerCreator#0'
17:03:30.039 [Test worker] DEBUG org.springframework.beans.factory.support.DefaultListableBeanFactory - Creating shared instance of singleton bean 'org.springframework.boot.autoconfigure.context.PropertyPlaceholderAutoConfiguration'
17:03:30.040 [Test worker] DEBUG org.springframework.beans.factory.support.DefaultListableBeanFactory - Creating shared instance of singleton bean 'org.springframework.boot.autoconfigure.task.TaskExecutionAutoConfiguration'
17:03:30.040 [Test worker] DEBUG org.springframework.core.LocalVariableTableParameterNameDiscoverer - Cannot find '.class' file for class [class org.springframework.boot.autoconfigure.task.TaskExecutionAutoConfiguration$$EnhancerBySpringCGLIB$$30b471bb] - unable to determine constructor/method parameter names
17:03:30.040 [Test worker] DEBUG org.springframework.beans.factory.support.DefaultListableBeanFactory - Creating shared instance of singleton bean 'spring.task.execution-org.springframework.boot.autoconfigure.task.TaskExecutionProperties'
17:03:30.041 [Test worker] DEBUG org.springframework.beans.factory.support.DefaultListableBeanFactory - Autowiring by type from bean name 'org.springframework.boot.autoconfigure.task.TaskExecutionAutoConfiguration' via constructor to bean named 'spring.task.execution-org.springframework.boot.autoconfigure.task.TaskExecutionProperties'
17:03:30.042 [Test worker] DEBUG org.springframework.beans.factory.support.DefaultListableBeanFactory - Creating shared instance of singleton bean 'taskExecutorBuilder'
17:03:30.043 [Test worker] DEBUG org.springframework.beans.factory.support.DefaultListableBeanFactory - Creating shared instance of singleton bean 'org.springframework.boot.autoconfigure.validation.ValidationAutoConfiguration'
17:03:30.043 [Test worker] DEBUG org.springframework.beans.factory.support.DefaultListableBeanFactory - Creating shared instance of singleton bean 'defaultValidator'
17:03:30.044 [Test worker] DEBUG org.hibernate.validator.internal.engine.resolver.TraversableResolvers - Found javax.persistence.Persistence on classpath containing 'getPersistenceUtil'. Assuming JPA 2 environment. Trying to instantiate JPA aware TraversableResolver
17:03:30.044 [Test worker] DEBUG org.hibernate.validator.internal.engine.resolver.TraversableResolvers - Instantiated JPA aware TraversableResolver of type org.hibernate.validator.internal.engine.resolver.JPATraversableResolver.
17:03:30.044 [Test worker] DEBUG org.hibernate.validator.messageinterpolation.ResourceBundleMessageInterpolator - Loaded expression factory via original TCCL
17:03:30.044 [Test worker] DEBUG org.hibernate.validator.internal.engine.resolver.TraversableResolvers - Found javax.persistence.Persistence on classpath containing 'getPersistenceUtil'. Assuming JPA 2 environment. Trying to instantiate JPA aware TraversableResolver
17:03:30.044 [Test worker] DEBUG org.hibernate.validator.internal.engine.resolver.TraversableResolvers - Instantiated JPA aware TraversableResolver of type org.hibernate.validator.internal.engine.resolver.JPATraversableResolver.
17:03:30.045 [Test worker] DEBUG org.hibernate.validator.internal.engine.ConfigurationImpl - Setting custom MessageInterpolator of type org.springframework.validation.beanvalidation.LocaleContextMessageInterpolator
17:03:30.045 [Test worker] DEBUG org.hibernate.validator.internal.engine.ConfigurationImpl - Setting custom ConstraintValidatorFactory of type org.springframework.validation.beanvalidation.SpringConstraintValidatorFactory
17:03:30.045 [Test worker] DEBUG org.hibernate.validator.internal.engine.ConfigurationImpl - Setting custom ParameterNameProvider of type org.springframework.validation.beanvalidation.LocalValidatorFactoryBean$1
17:03:30.045 [Test worker] DEBUG org.hibernate.validator.internal.xml.config.ValidationXmlParser - Trying to load META-INF/validation.xml for XML based Validator configuration.
17:03:30.045 [Test worker] DEBUG org.hibernate.validator.internal.xml.config.ResourceLoaderHelper - Trying to load META-INF/validation.xml via user class loader
17:03:30.045 [Test worker] DEBUG org.hibernate.validator.internal.xml.config.ResourceLoaderHelper - Trying to load META-INF/validation.xml via TCCL
17:03:30.045 [Test worker] DEBUG org.hibernate.validator.internal.xml.config.ResourceLoaderHelper - Trying to load META-INF/validation.xml via Hibernate Validator's class loader
17:03:30.046 [Test worker] DEBUG org.hibernate.validator.internal.xml.config.ValidationXmlParser - No META-INF/validation.xml found. Using annotation based configuration only.
17:03:30.053 [Test worker] DEBUG org.hibernate.validator.internal.engine.ValidatorFactoryImpl - HV000234: Using org.springframework.validation.beanvalidation.LocaleContextMessageInterpolator as ValidatorFactory-scoped message interpolator.
17:03:30.053 [Test worker] DEBUG org.hibernate.validator.internal.engine.ValidatorFactoryImpl - HV000234: Using org.hibernate.validator.internal.engine.resolver.JPATraversableResolver as ValidatorFactory-scoped traversable resolver.
17:03:30.053 [Test worker] DEBUG org.hibernate.validator.internal.engine.ValidatorFactoryImpl - HV000234: Using org.hibernate.validator.internal.util.ExecutableParameterNameProvider as ValidatorFactory-scoped parameter name provider.
17:03:30.053 [Test worker] DEBUG org.hibernate.validator.internal.engine.ValidatorFactoryImpl - HV000234: Using org.hibernate.validator.internal.engine.DefaultClockProvider as ValidatorFactory-scoped clock provider.
17:03:30.053 [Test worker] DEBUG org.hibernate.validator.internal.engine.ValidatorFactoryImpl - HV000234: Using org.hibernate.validator.internal.engine.scripting.DefaultScriptEvaluatorFactory as ValidatorFactory-scoped script evaluator factory.
17:03:30.055 [Test worker] DEBUG org.springframework.beans.factory.support.DefaultListableBeanFactory - Creating shared instance of singleton bean 'org.springframework.boot.autoconfigure.security.oauth2.client.OAuth2RestOperationsConfiguration$SingletonScopedConfiguration'
17:03:30.056 [Test worker] DEBUG org.springframework.beans.factory.support.DefaultListableBeanFactory - Creating shared instance of singleton bean 'oauth2RemoteResource'
17:03:30.057 [Test worker] DEBUG org.springframework.beans.factory.support.DefaultListableBeanFactory - Creating shared instance of singleton bean 'oauth2ClientContext'
17:03:30.058 [Test worker] DEBUG org.springframework.beans.factory.support.DefaultListableBeanFactory - Creating shared instance of singleton bean 'org.springframework.boot.autoconfigure.security.oauth2.client.OAuth2RestOperationsConfiguration'
17:03:30.059 [Test worker] DEBUG org.springframework.beans.factory.support.DefaultListableBeanFactory - Creating shared instance of singleton bean 'org.springframework.boot.autoconfigure.security.oauth2.OAuth2AutoConfiguration'
17:03:30.059 [Test worker] DEBUG org.springframework.core.LocalVariableTableParameterNameDiscoverer - Cannot find '.class' file for class [class org.springframework.boot.autoconfigure.security.oauth2.OAuth2AutoConfiguration$$EnhancerBySpringCGLIB$$5c5e94e5] - unable to determine constructor/method parameter names
17:03:30.059 [Test worker] DEBUG org.springframework.beans.factory.support.DefaultListableBeanFactory - Creating shared instance of singleton bean 'security.oauth2.client-org.springframework.boot.autoconfigure.security.oauth2.OAuth2ClientProperties'
17:03:30.060 [Test worker] DEBUG org.springframework.beans.factory.support.DefaultListableBeanFactory - Autowiring by type from bean name 'org.springframework.boot.autoconfigure.security.oauth2.OAuth2AutoConfiguration' via constructor to bean named 'security.oauth2.client-org.springframework.boot.autoconfigure.security.oauth2.OAuth2ClientProperties'
17:03:30.061 [Test worker] DEBUG org.springframework.beans.factory.support.DefaultListableBeanFactory - Creating shared instance of singleton bean 'resourceServerProperties'
17:03:30.062 [Test worker] DEBUG org.springframework.beans.factory.support.DefaultListableBeanFactory - Creating shared instance of singleton bean 'org.springframework.boot.autoconfigure.jmx.JmxAutoConfiguration'
17:03:30.063 [Test worker] DEBUG org.springframework.beans.factory.support.DefaultListableBeanFactory - Creating shared instance of singleton bean 'mbeanExporter'
17:03:30.063 [Test worker] DEBUG org.springframework.beans.factory.support.DefaultListableBeanFactory - Creating shared instance of singleton bean 'objectNamingStrategy'
17:03:30.064 [Test worker] DEBUG org.springframework.beans.factory.support.DefaultListableBeanFactory - Autowiring by type from bean name 'mbeanExporter' via factory method to bean named 'objectNamingStrategy'
17:03:30.064 [Test worker] DEBUG org.springframework.beans.factory.support.DefaultListableBeanFactory - Creating shared instance of singleton bean 'mbeanServer'
17:03:30.065 [Test worker] DEBUG org.springframework.jmx.support.JmxUtils - Found MBeanServer: com.sun.jmx.mbeanserver.JmxMBeanServer@bc10b92
17:03:30.067 [Test worker] DEBUG org.springframework.beans.factory.support.DefaultListableBeanFactory - Creating shared instance of singleton bean 'org.springframework.boot.autoconfigure.aop.AopAutoConfiguration$CglibAutoProxyConfiguration'
17:03:30.068 [Test worker] DEBUG org.springframework.beans.factory.support.DefaultListableBeanFactory - Creating shared instance of singleton bean 'org.springframework.boot.autoconfigure.aop.AopAutoConfiguration'
17:03:30.068 [Test worker] DEBUG org.springframework.beans.factory.support.DefaultListableBeanFactory - Creating shared instance of singleton bean 'org.springframework.boot.autoconfigure.transaction.jta.JtaAutoConfiguration'
17:03:30.069 [Test worker] DEBUG org.springframework.beans.factory.support.DefaultListableBeanFactory - Creating shared instance of singleton bean 'org.springframework.boot.autoconfigure.jdbc.DataSourceJmxConfiguration$Hikari'
17:03:30.069 [Test worker] DEBUG org.springframework.core.LocalVariableTableParameterNameDiscoverer - Cannot find '.class' file for class [class org.springframework.boot.autoconfigure.jdbc.DataSourceJmxConfiguration$Hikari$$EnhancerBySpringCGLIB$$8eb93a4f] - unable to determine constructor/method parameter names
17:03:30.070 [Test worker] DEBUG org.springframework.beans.factory.support.DefaultListableBeanFactory - Autowiring by type from bean name 'org.springframework.boot.autoconfigure.jdbc.DataSourceJmxConfiguration$Hikari' via constructor to bean named 'dataSource'
17:03:30.070 [Test worker] DEBUG org.springframework.beans.factory.support.DefaultListableBeanFactory - Creating shared instance of singleton bean 'org.springframework.boot.autoconfigure.jdbc.DataSourceJmxConfiguration'
17:03:30.071 [Test worker] DEBUG org.springframework.beans.factory.support.DefaultListableBeanFactory - Creating shared instance of singleton bean 'org.springframework.boot.autoconfigure.jdbc.DataSourceAutoConfiguration$PooledDataSourceConfiguration'
17:03:30.071 [Test worker] DEBUG org.springframework.beans.factory.support.DefaultListableBeanFactory - Creating shared instance of singleton bean 'org.springframework.boot.autoconfigure.jdbc.metadata.DataSourcePoolMetadataProvidersConfiguration'
17:03:30.072 [Test worker] DEBUG org.springframework.beans.factory.support.DefaultListableBeanFactory - Creating shared instance of singleton bean 'org.springframework.boot.autoconfigure.jdbc.DataSourceInitializationConfiguration'
17:03:30.072 [Test worker] DEBUG org.springframework.beans.factory.support.DefaultListableBeanFactory - Creating shared instance of singleton bean 'org.springframework.boot.autoconfigure.jdbc.DataSourceAutoConfiguration'
17:03:30.073 [Test worker] DEBUG org.springframework.beans.factory.support.DefaultListableBeanFactory - Creating shared instance of singleton bean 'transactionManager'
17:03:30.074 [Test worker] DEBUG org.springframework.beans.factory.support.DefaultListableBeanFactory - Creating shared instance of singleton bean 'org.springframework.boot.autoconfigure.orm.jpa.HibernateJpaAutoConfiguration'
17:03:30.074 [Test worker] DEBUG org.springframework.beans.factory.support.DefaultListableBeanFactory - Creating shared instance of singleton bean 'org.springframework.boot.autoconfigure.context.ConfigurationPropertiesAutoConfiguration'
17:03:30.075 [Test worker] DEBUG org.springframework.beans.factory.support.DefaultListableBeanFactory - Creating shared instance of singleton bean 'org.springframework.boot.autoconfigure.dao.PersistenceExceptionTranslationAutoConfiguration'
17:03:30.075 [Test worker] DEBUG org.springframework.beans.factory.support.DefaultListableBeanFactory - Creating shared instance of singleton bean 'org.springframework.boot.autoconfigure.data.jpa.JpaRepositoriesAutoConfiguration'
17:03:30.076 [Test worker] DEBUG org.springframework.beans.factory.support.DefaultListableBeanFactory - Creating shared instance of singleton bean 'org.springframework.data.jpa.util.JpaMetamodelCacheCleanup'
17:03:30.076 [Test worker] DEBUG org.springframework.beans.factory.support.DefaultListableBeanFactory - Creating shared instance of singleton bean 'org.springframework.data.jpa.repository.support.JpaEvaluationContextExtension'
17:03:30.077 [Test worker] DEBUG org.springframework.beans.factory.support.DefaultListableBeanFactory - Creating shared instance of singleton bean 'org.springframework.boot.autoconfigure.jackson.JacksonAutoConfiguration$Jackson2ObjectMapperBuilderCustomizerConfiguration'
17:03:30.078 [Test worker] DEBUG org.springframework.beans.factory.support.DefaultListableBeanFactory - Creating shared instance of singleton bean 'standardJacksonObjectMapperBuilderCustomizer'
17:03:30.078 [Test worker] DEBUG org.springframework.beans.factory.support.DefaultListableBeanFactory - Creating shared instance of singleton bean 'spring.jackson-org.springframework.boot.autoconfigure.jackson.JacksonProperties'
17:03:30.079 [Test worker] DEBUG org.springframework.beans.factory.support.DefaultListableBeanFactory - Autowiring by type from bean name 'standardJacksonObjectMapperBuilderCustomizer' via factory method to bean named 'org.springframework.context.support.GenericApplicationContext@7cf08a6d'
17:03:30.079 [Test worker] DEBUG org.springframework.beans.factory.support.DefaultListableBeanFactory - Autowiring by type from bean name 'standardJacksonObjectMapperBuilderCustomizer' via factory method to bean named 'spring.jackson-org.springframework.boot.autoconfigure.jackson.JacksonProperties'
17:03:30.080 [Test worker] DEBUG org.springframework.beans.factory.support.DefaultListableBeanFactory - Creating shared instance of singleton bean 'org.springframework.boot.autoconfigure.jackson.JacksonAutoConfiguration$JacksonObjectMapperBuilderConfiguration'
17:03:30.080 [Test worker] DEBUG org.springframework.core.LocalVariableTableParameterNameDiscoverer - Cannot find '.class' file for class [class org.springframework.boot.autoconfigure.jackson.JacksonAutoConfiguration$JacksonObjectMapperBuilderConfiguration$$EnhancerBySpringCGLIB$$b2f51a8f] - unable to determine constructor/method parameter names
17:03:30.080 [Test worker] DEBUG org.springframework.beans.factory.support.DefaultListableBeanFactory - Autowiring by type from bean name 'org.springframework.boot.autoconfigure.jackson.JacksonAutoConfiguration$JacksonObjectMapperBuilderConfiguration' via constructor to bean named 'org.springframework.context.support.GenericApplicationContext@7cf08a6d'
17:03:30.081 [Test worker] DEBUG org.springframework.beans.factory.support.DefaultListableBeanFactory - Creating shared instance of singleton bean 'jacksonObjectMapperBuilder'
17:03:30.081 [Test worker] DEBUG org.springframework.beans.factory.support.DefaultListableBeanFactory - Autowiring by type from bean name 'jacksonObjectMapperBuilder' via factory method to bean named 'standardJacksonObjectMapperBuilderCustomizer'
17:03:30.082 [Test worker] DEBUG org.springframework.beans.factory.support.DefaultListableBeanFactory - Creating shared instance of singleton bean 'parameterNamesModule'
17:03:30.082 [Test worker] DEBUG org.springframework.beans.factory.support.DefaultListableBeanFactory - Creating shared instance of singleton bean 'org.springframework.boot.autoconfigure.jackson.JacksonAutoConfiguration$ParameterNamesModuleConfiguration'
17:03:30.083 [Test worker] DEBUG org.springframework.beans.factory.support.DefaultListableBeanFactory - Creating shared instance of singleton bean 'jsonComponentModule'
17:03:30.083 [Test worker] DEBUG org.springframework.beans.factory.support.DefaultListableBeanFactory - Creating shared instance of singleton bean 'org.springframework.boot.autoconfigure.jackson.JacksonAutoConfiguration'
17:03:30.087 [Test worker] DEBUG org.springframework.beans.factory.support.DefaultListableBeanFactory - Creating shared instance of singleton bean 'org.springframework.boot.autoconfigure.jackson.JacksonAutoConfiguration$JacksonObjectMapperConfiguration'
17:03:30.088 [Test worker] DEBUG org.springframework.beans.factory.support.DefaultListableBeanFactory - Creating shared instance of singleton bean 'jacksonObjectMapper'
17:03:30.089 [Test worker] DEBUG org.springframework.beans.factory.support.DefaultListableBeanFactory - Autowiring by type from bean name 'jacksonObjectMapper' via factory method to bean named 'jacksonObjectMapperBuilder'
17:03:30.094 [Test worker] DEBUG org.springframework.beans.factory.support.DefaultListableBeanFactory - Creating shared instance of singleton bean 'org.springframework.boot.autoconfigure.http.HttpMessageConvertersAutoConfiguration$StringHttpMessageConverterConfiguration'
17:03:30.094 [Test worker] DEBUG org.springframework.core.LocalVariableTableParameterNameDiscoverer - Cannot find '.class' file for class [class org.springframework.boot.autoconfigure.http.HttpMessageConvertersAutoConfiguration$StringHttpMessageConverterConfiguration$$EnhancerBySpringCGLIB$$f2566b19] - unable to determine constructor/method parameter names
17:03:30.095 [Test worker] DEBUG org.springframework.beans.factory.support.DefaultListableBeanFactory - Creating shared instance of singleton bean 'spring.http-org.springframework.boot.autoconfigure.http.HttpProperties'
17:03:30.095 [Test worker] DEBUG org.springframework.beans.factory.support.DefaultListableBeanFactory - Autowiring by type from bean name 'org.springframework.boot.autoconfigure.http.HttpMessageConvertersAutoConfiguration$StringHttpMessageConverterConfiguration' via constructor to bean named 'spring.http-org.springframework.boot.autoconfigure.http.HttpProperties'
17:03:30.096 [Test worker] DEBUG org.springframework.beans.factory.support.DefaultListableBeanFactory - Creating shared instance of singleton bean 'stringHttpMessageConverter'
17:03:30.096 [Test worker] DEBUG org.springframework.beans.factory.support.DefaultListableBeanFactory - Creating shared instance of singleton bean 'org.springframework.boot.autoconfigure.http.JacksonHttpMessageConvertersConfiguration$MappingJackson2HttpMessageConverterConfiguration'
17:03:30.097 [Test worker] DEBUG org.springframework.beans.factory.support.DefaultListableBeanFactory - Creating shared instance of singleton bean 'mappingJackson2HttpMessageConverter'
17:03:30.097 [Test worker] DEBUG org.springframework.beans.factory.support.DefaultListableBeanFactory - Autowiring by type from bean name 'mappingJackson2HttpMessageConverter' via factory method to bean named 'jacksonObjectMapper'
17:03:30.098 [Test worker] DEBUG org.springframework.beans.factory.support.DefaultListableBeanFactory - Creating shared instance of singleton bean 'org.springframework.boot.autoconfigure.http.JacksonHttpMessageConvertersConfiguration'
17:03:30.099 [Test worker] DEBUG org.springframework.beans.factory.support.DefaultListableBeanFactory - Creating shared instance of singleton bean 'org.springframework.boot.autoconfigure.http.HttpMessageConvertersAutoConfiguration'
17:03:30.099 [Test worker] DEBUG org.springframework.core.LocalVariableTableParameterNameDiscoverer - Cannot find '.class' file for class [class org.springframework.boot.autoconfigure.http.HttpMessageConvertersAutoConfiguration$$EnhancerBySpringCGLIB$$bf48a479] - unable to determine constructor/method parameter names
17:03:30.101 [Test worker] DEBUG org.springframework.beans.factory.support.DefaultListableBeanFactory - Creating shared instance of singleton bean 'messageConverters'
17:03:30.105 [Test worker] DEBUG org.springframework.beans.factory.support.DefaultListableBeanFactory - Creating shared instance of singleton bean 'org.springframework.boot.autoconfigure.http.codec.CodecsAutoConfiguration$LoggingCodecConfiguration'
17:03:30.106 [Test worker] DEBUG org.springframework.beans.factory.support.DefaultListableBeanFactory - Creating shared instance of singleton bean 'loggingCodecCustomizer'
17:03:30.106 [Test worker] DEBUG org.springframework.beans.factory.support.DefaultListableBeanFactory - Autowiring by type from bean name 'loggingCodecCustomizer' via factory method to bean named 'spring.http-org.springframework.boot.autoconfigure.http.HttpProperties'
17:03:30.106 [Test worker] DEBUG org.springframework.beans.factory.support.DefaultListableBeanFactory - Creating shared instance of singleton bean 'org.springframework.boot.autoconfigure.http.codec.CodecsAutoConfiguration$JacksonCodecConfiguration'
17:03:30.107 [Test worker] DEBUG org.springframework.beans.factory.support.DefaultListableBeanFactory - Creating shared instance of singleton bean 'jacksonCodecCustomizer'
17:03:30.107 [Test worker] DEBUG org.springframework.beans.factory.support.DefaultListableBeanFactory - Autowiring by type from bean name 'jacksonCodecCustomizer' via factory method to bean named 'jacksonObjectMapper'
17:03:30.107 [Test worker] DEBUG org.springframework.beans.factory.support.DefaultListableBeanFactory - Creating shared instance of singleton bean 'org.springframework.boot.autoconfigure.http.codec.CodecsAutoConfiguration'
17:03:30.108 [Test worker] DEBUG org.springframework.beans.factory.support.DefaultListableBeanFactory - Creating shared instance of singleton bean 'org.springframework.boot.autoconfigure.info.ProjectInfoAutoConfiguration'
17:03:30.108 [Test worker] DEBUG org.springframework.core.LocalVariableTableParameterNameDiscoverer - Cannot find '.class' file for class [class org.springframework.boot.autoconfigure.info.ProjectInfoAutoConfiguration$$EnhancerBySpringCGLIB$$e10ee5fe] - unable to determine constructor/method parameter names
17:03:30.108 [Test worker] DEBUG org.springframework.beans.factory.support.DefaultListableBeanFactory - Creating shared instance of singleton bean 'spring.info-org.springframework.boot.autoconfigure.info.ProjectInfoProperties'
17:03:30.109 [Test worker] DEBUG org.springframework.beans.factory.support.DefaultListableBeanFactory - Autowiring by type from bean name 'org.springframework.boot.autoconfigure.info.ProjectInfoAutoConfiguration' via constructor to bean named 'spring.info-org.springframework.boot.autoconfigure.info.ProjectInfoProperties'
17:03:30.110 [Test worker] DEBUG org.springframework.beans.factory.support.DefaultListableBeanFactory - Creating shared instance of singleton bean 'org.springframework.boot.autoconfigure.jdbc.JdbcTemplateAutoConfiguration$JdbcTemplateConfiguration'
17:03:30.110 [Test worker] DEBUG org.springframework.core.LocalVariableTableParameterNameDiscoverer - Cannot find '.class' file for class [class org.springframework.boot.autoconfigure.jdbc.JdbcTemplateAutoConfiguration$JdbcTemplateConfiguration$$EnhancerBySpringCGLIB$$bda00752] - unable to determine constructor/method parameter names
17:03:30.110 [Test worker] DEBUG org.springframework.beans.factory.support.DefaultListableBeanFactory - Creating shared instance of singleton bean 'spring.jdbc-org.springframework.boot.autoconfigure.jdbc.JdbcProperties'
17:03:30.111 [Test worker] DEBUG org.springframework.beans.factory.support.DefaultListableBeanFactory - Autowiring by type from bean name 'org.springframework.boot.autoconfigure.jdbc.JdbcTemplateAutoConfiguration$JdbcTemplateConfiguration' via constructor to bean named 'dataSource'
17:03:30.111 [Test worker] DEBUG org.springframework.beans.factory.support.DefaultListableBeanFactory - Autowiring by type from bean name 'org.springframework.boot.autoconfigure.jdbc.JdbcTemplateAutoConfiguration$JdbcTemplateConfiguration' via constructor to bean named 'spring.jdbc-org.springframework.boot.autoconfigure.jdbc.JdbcProperties'
17:03:30.111 [Test worker] DEBUG org.springframework.beans.factory.support.DefaultListableBeanFactory - Creating shared instance of singleton bean 'jdbcTemplate'
17:03:30.115 [Test worker] DEBUG org.springframework.beans.factory.support.DefaultListableBeanFactory - Creating shared instance of singleton bean 'org.springframework.boot.autoconfigure.jdbc.JdbcTemplateAutoConfiguration$NamedParameterJdbcTemplateConfiguration'
17:03:30.115 [Test worker] DEBUG org.springframework.beans.factory.support.DefaultListableBeanFactory - Creating shared instance of singleton bean 'namedParameterJdbcTemplate'
17:03:30.116 [Test worker] DEBUG org.springframework.beans.factory.support.DefaultListableBeanFactory - Autowiring by type from bean name 'namedParameterJdbcTemplate' via factory method to bean named 'jdbcTemplate'
17:03:30.117 [Test worker] DEBUG org.springframework.beans.factory.support.DefaultListableBeanFactory - Creating shared instance of singleton bean 'org.springframework.boot.autoconfigure.jdbc.JdbcTemplateAutoConfiguration'
17:03:30.117 [Test worker] DEBUG org.springframework.beans.factory.support.DefaultListableBeanFactory - Creating shared instance of singleton bean 'org.springframework.boot.autoconfigure.security.servlet.SecurityAutoConfiguration'
17:03:30.118 [Test worker] DEBUG org.springframework.beans.factory.support.DefaultListableBeanFactory - Creating shared instance of singleton bean 'authenticationEventPublisher'
17:03:30.118 [Test worker] DEBUG org.springframework.beans.factory.support.DefaultListableBeanFactory - Autowiring by type from bean name 'authenticationEventPublisher' via factory method to bean named 'org.springframework.context.support.GenericApplicationContext@7cf08a6d'
17:03:30.119 [Test worker] DEBUG org.springframework.beans.factory.support.DefaultListableBeanFactory - Creating shared instance of singleton bean 'spring.security-org.springframework.boot.autoconfigure.security.SecurityProperties'
17:03:30.120 [Test worker] DEBUG org.springframework.beans.factory.support.DefaultListableBeanFactory - Creating shared instance of singleton bean 'org.springframework.boot.autoconfigure.task.TaskSchedulingAutoConfiguration'
17:03:30.120 [Test worker] DEBUG org.springframework.beans.factory.support.DefaultListableBeanFactory - Creating shared instance of singleton bean 'taskSchedulerBuilder'
17:03:30.121 [Test worker] DEBUG org.springframework.beans.factory.support.DefaultListableBeanFactory - Creating shared instance of singleton bean 'spring.task.scheduling-org.springframework.boot.autoconfigure.task.TaskSchedulingProperties'
17:03:30.122 [Test worker] DEBUG org.springframework.beans.factory.support.DefaultListableBeanFactory - Autowiring by type from bean name 'taskSchedulerBuilder' via factory method to bean named 'spring.task.scheduling-org.springframework.boot.autoconfigure.task.TaskSchedulingProperties'
17:03:30.122 [Test worker] DEBUG org.springframework.beans.factory.support.DefaultListableBeanFactory - Creating shared instance of singleton bean 'org.springframework.boot.autoconfigure.jdbc.DataSourceTransactionManagerAutoConfiguration$DataSourceTransactionManagerConfiguration'
17:03:30.123 [Test worker] DEBUG org.springframework.core.LocalVariableTableParameterNameDiscoverer - Cannot find '.class' file for class [class org.springframework.boot.autoconfigure.jdbc.DataSourceTransactionManagerAutoConfiguration$DataSourceTransactionManagerConfiguration$$EnhancerBySpringCGLIB$$52157154] - unable to determine constructor/method parameter names
17:03:30.123 [Test worker] DEBUG org.springframework.beans.factory.support.DefaultListableBeanFactory - Autowiring by type from bean name 'org.springframework.boot.autoconfigure.jdbc.DataSourceTransactionManagerAutoConfiguration$DataSourceTransactionManagerConfiguration' via constructor to bean named 'dataSource'
17:03:30.124 [Test worker] DEBUG org.springframework.beans.factory.support.DefaultListableBeanFactory - Creating shared instance of singleton bean 'org.springframework.boot.autoconfigure.jdbc.DataSourceTransactionManagerAutoConfiguration'
17:03:30.124 [Test worker] DEBUG org.springframework.beans.factory.support.DefaultListableBeanFactory - Creating shared instance of singleton bean 'org.springframework.boot.autoconfigure.transaction.TransactionAutoConfiguration$EnableTransactionManagementConfiguration$CglibAutoProxyConfiguration'
17:03:30.125 [Test worker] DEBUG org.springframework.beans.factory.support.DefaultListableBeanFactory - Creating shared instance of singleton bean 'org.springframework.boot.autoconfigure.transaction.TransactionAutoConfiguration$EnableTransactionManagementConfiguration'
17:03:30.125 [Test worker] DEBUG org.springframework.beans.factory.support.DefaultListableBeanFactory - Creating shared instance of singleton bean 'org.springframework.boot.autoconfigure.transaction.TransactionAutoConfiguration$TransactionTemplateConfiguration'
17:03:30.125 [Test worker] DEBUG org.springframework.core.LocalVariableTableParameterNameDiscoverer - Cannot find '.class' file for class [class org.springframework.boot.autoconfigure.transaction.TransactionAutoConfiguration$TransactionTemplateConfiguration$$EnhancerBySpringCGLIB$$a39f3627] - unable to determine constructor/method parameter names
17:03:30.126 [Test worker] DEBUG org.springframework.beans.factory.support.DefaultListableBeanFactory - Autowiring by type from bean name 'org.springframework.boot.autoconfigure.transaction.TransactionAutoConfiguration$TransactionTemplateConfiguration' via constructor to bean named 'transactionManager'
17:03:30.126 [Test worker] DEBUG org.springframework.beans.factory.support.DefaultListableBeanFactory - Creating shared instance of singleton bean 'transactionTemplate'
17:03:30.127 [Test worker] DEBUG org.springframework.beans.factory.support.DefaultListableBeanFactory - Creating shared instance of singleton bean 'org.springframework.boot.autoconfigure.web.client.RestTemplateAutoConfiguration'
17:03:30.127 [Test worker] DEBUG org.springframework.core.LocalVariableTableParameterNameDiscoverer - Cannot find '.class' file for class [class org.springframework.boot.autoconfigure.web.client.RestTemplateAutoConfiguration$$EnhancerBySpringCGLIB$$402ad266] - unable to determine constructor/method parameter names
17:03:30.128 [Test worker] DEBUG org.springframework.beans.factory.support.DefaultListableBeanFactory - Creating shared instance of singleton bean 'restTemplateBuilder'
17:03:30.132 [Test worker] DEBUG org.springframework.jmx.export.annotation.AnnotationMBeanExporter - Registering beans for JMX exposure on startup
17:03:30.133 [Test worker] DEBUG org.springframework.jmx.export.annotation.AnnotationMBeanExporter - Autodetecting user-defined JMX MBeans
17:03:30.133 [Test worker] DEBUG org.springframework.jmx.export.annotation.AnnotationMBeanExporter - Bean with name 'dataSource' has been autodetected for JMX exposure
17:03:30.135 [Test worker] DEBUG org.springframework.jmx.export.annotation.AnnotationMBeanExporter - Located MBean 'dataSource': registering with JMX server as MBean [com.zaxxer.hikari:name=dataSource,type=HikariDataSource]
17:03:30.135 [Test worker] DEBUG org.springframework.test.context.cache.DefaultCacheAwareContextLoaderDelegate - Storing ApplicationContext in cache under key [[MergedContextConfiguration@152ba806 testClass = CertificateRepositoryTest, locations = '{}', classes = '{class com.epam.esm.TestConfig}', contextInitializerClasses = '[]', activeProfiles = '{}', propertySourceLocations = '{}', propertySourceProperties = '{}', contextCustomizers = set[[empty]], contextLoader = 'org.springframework.test.context.support.DelegatingSmartContextLoader', parent = [null]]]
17:03:30.136 [Test worker] DEBUG org.springframework.test.context.cache - Spring test ApplicationContext cache statistics: [DefaultContextCache@2bed31e4 size = 1, maxSize = 32, parentContextCount = 0, hitCount = 3, missCount = 4]
17:03:30.138 [Test worker] DEBUG org.springframework.test.context.support.AbstractDirtiesContextTestExecutionListener - Before test method: context [DefaultTestContext@6e844a53 testClass = CertificateRepositoryTest, testInstance = com.epam.esm.repository.CertificateRepositoryTest@35f38c4a, testMethod = findByName@CertificateRepositoryTest, testException = [null], mergedContextConfiguration = [MergedContextConfiguration@152ba806 testClass = CertificateRepositoryTest, locations = '{}', classes = '{class com.epam.esm.TestConfig}', contextInitializerClasses = '[]', activeProfiles = '{}', propertySourceLocations = '{}', propertySourceProperties = '{}', contextCustomizers = set[[empty]], contextLoader = 'org.springframework.test.context.support.DelegatingSmartContextLoader', parent = [null]], attributes = map[[empty]]], class annotated with @DirtiesContext [true] with mode [AFTER_EACH_TEST_METHOD], method annotated with @DirtiesContext [false] with mode [null].
17:03:30.138 [Test worker] DEBUG org.springframework.test.context.transaction.TransactionalTestExecutionListener - Explicit transaction definition [PROPAGATION_REQUIRED,ISOLATION_DEFAULT] found for test context [DefaultTestContext@6e844a53 testClass = CertificateRepositoryTest, testInstance = com.epam.esm.repository.CertificateRepositoryTest@35f38c4a, testMethod = findByName@CertificateRepositoryTest, testException = [null], mergedContextConfiguration = [MergedContextConfiguration@152ba806 testClass = CertificateRepositoryTest, locations = '{}', classes = '{class com.epam.esm.TestConfig}', contextInitializerClasses = '[]', activeProfiles = '{}', propertySourceLocations = '{}', propertySourceProperties = '{}', contextCustomizers = set[[empty]], contextLoader = 'org.springframework.test.context.support.DelegatingSmartContextLoader', parent = [null]], attributes = map[[empty]]]
17:03:30.139 [Test worker] DEBUG org.springframework.test.context.cache.DefaultCacheAwareContextLoaderDelegate - Retrieved ApplicationContext from cache with key [[MergedContextConfiguration@152ba806 testClass = CertificateRepositoryTest, locations = '{}', classes = '{class com.epam.esm.TestConfig}', contextInitializerClasses = '[]', activeProfiles = '{}', propertySourceLocations = '{}', propertySourceProperties = '{}', contextCustomizers = set[[empty]], contextLoader = 'org.springframework.test.context.support.DelegatingSmartContextLoader', parent = [null]]]
17:03:30.139 [Test worker] DEBUG org.springframework.test.context.cache - Spring test ApplicationContext cache statistics: [DefaultContextCache@2bed31e4 size = 1, maxSize = 32, parentContextCount = 0, hitCount = 4, missCount = 4]
17:03:30.139 [Test worker] DEBUG org.springframework.test.context.transaction.TransactionalTestExecutionListener - No method-level @Rollback override: using default rollback [true] for test context [DefaultTestContext@6e844a53 testClass = CertificateRepositoryTest, testInstance = com.epam.esm.repository.CertificateRepositoryTest@35f38c4a, testMethod = findByName@CertificateRepositoryTest, testException = [null], mergedContextConfiguration = [MergedContextConfiguration@152ba806 testClass = CertificateRepositoryTest, locations = '{}', classes = '{class com.epam.esm.TestConfig}', contextInitializerClasses = '[]', activeProfiles = '{}', propertySourceLocations = '{}', propertySourceProperties = '{}', contextCustomizers = set[[empty]], contextLoader = 'org.springframework.test.context.support.DelegatingSmartContextLoader', parent = [null]], attributes = map[[empty]]].
17:03:30.139 [Test worker] DEBUG org.springframework.orm.jpa.JpaTransactionManager - Creating new transaction with name [com.epam.esm.repository.CertificateRepositoryTest.findByName]: PROPAGATION_REQUIRED,ISOLATION_DEFAULT
17:03:30.139 [Test worker] DEBUG org.hibernate.stat.internal.StatisticsInitiator - Statistics initialized [enabled=false]
17:03:30.140 [Test worker] DEBUG org.springframework.orm.jpa.JpaTransactionManager - Opened new EntityManager [SessionImpl(823548844<open>)] for JPA transaction
17:03:30.140 [Test worker] DEBUG org.hibernate.engine.transaction.internal.TransactionImpl - On TransactionImpl creation, JpaCompliance#isJpaTransactionComplianceEnabled == false
17:03:30.140 [Test worker] DEBUG org.hibernate.engine.transaction.internal.TransactionImpl - begin
17:03:30.140 [Test worker] DEBUG org.springframework.orm.jpa.JpaTransactionManager - Exposing JPA transaction as JDBC [org.springframework.orm.jpa.vendor.HibernateJpaDialect$HibernateConnectionHandle@6851bfe4]
17:03:30.140 [Test worker] INFO org.springframework.test.context.transaction.TransactionContext - Began transaction (1) for test context [DefaultTestContext@6e844a53 testClass = CertificateRepositoryTest, testInstance = com.epam.esm.repository.CertificateRepositoryTest@35f38c4a, testMethod = findByName@CertificateRepositoryTest, testException = [null], mergedContextConfiguration = [MergedContextConfiguration@152ba806 testClass = CertificateRepositoryTest, locations = '{}', classes = '{class com.epam.esm.TestConfig}', contextInitializerClasses = '[]', activeProfiles = '{}', propertySourceLocations = '{}', propertySourceProperties = '{}', contextCustomizers = set[[empty]], contextLoader = 'org.springframework.test.context.support.DelegatingSmartContextLoader', parent = [null]], attributes = map[[empty]]]; transaction manager [org.springframework.orm.jpa.JpaTransactionManager@857f344]; rollback [true]
17:03:30.141 [Test worker] DEBUG org.springframework.orm.jpa.JpaTransactionManager - Initiating transaction rollback
17:03:30.141 [Test worker] DEBUG org.springframework.orm.jpa.JpaTransactionManager - Rolling back JPA transaction on EntityManager [SessionImpl(823548844<open>)]
17:03:30.141 [Test worker] DEBUG org.hibernate.engine.transaction.internal.TransactionImpl - rolling back
17:03:30.141 [Test worker] DEBUG org.springframework.orm.jpa.JpaTransactionManager - Closing JPA EntityManager [SessionImpl(823548844<open>)] after transaction
17:03:30.141 [Test worker] INFO org.springframework.test.context.transaction.TransactionContext - Rolled back transaction for test context [DefaultTestContext@6e844a53 testClass = CertificateRepositoryTest, testInstance = com.epam.esm.repository.CertificateRepositoryTest@35f38c4a, testMethod = findByName@CertificateRepositoryTest, testException = [null], mergedContextConfiguration = [MergedContextConfiguration@152ba806 testClass = CertificateRepositoryTest, locations = '{}', classes = '{class com.epam.esm.TestConfig}', contextInitializerClasses = '[]', activeProfiles = '{}', propertySourceLocations = '{}', propertySourceProperties = '{}', contextCustomizers = set[[empty]], contextLoader = 'org.springframework.test.context.support.DelegatingSmartContextLoader', parent = [null]], attributes = map[[empty]]].
17:03:30.142 [Test worker] DEBUG org.springframework.test.context.support.AbstractDirtiesContextTestExecutionListener - After test method: context [DefaultTestContext@6e844a53 testClass = CertificateRepositoryTest, testInstance = com.epam.esm.repository.CertificateRepositoryTest@35f38c4a, testMethod = findByName@CertificateRepositoryTest, testException = [null], mergedContextConfiguration = [MergedContextConfiguration@152ba806 testClass = CertificateRepositoryTest, locations = '{}', classes = '{class com.epam.esm.TestConfig}', contextInitializerClasses = '[]', activeProfiles = '{}', propertySourceLocations = '{}', propertySourceProperties = '{}', contextCustomizers = set[[empty]], contextLoader = 'org.springframework.test.context.support.DelegatingSmartContextLoader', parent = [null]], attributes = map[[empty]]], class annotated with @DirtiesContext [true] with mode [AFTER_EACH_TEST_METHOD], method annotated with @DirtiesContext [false] with mode [null].
17:03:30.142 [Test worker] DEBUG org.springframework.context.support.GenericApplicationContext - Closing org.springframework.context.support.GenericApplicationContext@7cf08a6d, started on Wed Oct 23 17:03:29 MSK 2019
17:03:30.142 [Test worker] DEBUG org.springframework.jmx.export.annotation.AnnotationMBeanExporter - Unregistering JMX-exposed beans on shutdown
17:03:30.142 [Test worker] DEBUG org.springframework.jmx.export.annotation.AnnotationMBeanExporter - Unregistering JMX-exposed beans
17:03:30.142 [Test worker] INFO org.springframework.orm.jpa.LocalContainerEntityManagerFactoryBean - Closing JPA EntityManagerFactory for persistence unit 'default'
17:03:30.143 [Test worker] DEBUG org.hibernate.internal.SessionFactoryImpl - HHH000031: Closing
17:03:30.143 [Test worker] INFO org.hibernate.tool.schema.internal.SchemaDropperImpl$DelayedDropActionImpl - HHH000477: Starting delayed evictData of schema as part of SessionFactory shut-down'
17:03:30.143 [Test worker] DEBUG org.hibernate.SQL - drop table application_order if exists
17:03:30.144 [Test worker] DEBUG org.hibernate.SQL - drop table application_role if exists
17:03:30.145 [Test worker] DEBUG org.hibernate.SQL - drop table application_user if exists
17:03:30.145 [Test worker] DEBUG org.hibernate.SQL - drop table certificate if exists
17:03:30.146 [Test worker] DEBUG org.hibernate.SQL - drop table certificate_tag if exists
17:03:30.147 [Test worker] DEBUG org.hibernate.SQL - drop table entity if exists
17:03:30.147 [Test worker] DEBUG org.hibernate.SQL - drop table order_certificate if exists
17:03:30.148 [Test worker] DEBUG org.hibernate.SQL - drop table tag if exists
17:03:30.148 [Test worker] DEBUG org.hibernate.type.spi.TypeConfiguration$Scope - Un-scoping TypeConfiguration [org.hibernate.type.spi.TypeConfiguration$Scope@59788652] from SessionFactory [org.hibernate.internal.SessionFactoryImpl@13165aea]
17:03:30.148 [Test worker] DEBUG org.hibernate.service.internal.AbstractServiceRegistryImpl - Implicitly destroying ServiceRegistry on de-registration of all child ServiceRegistries
17:03:30.148 [Test worker] DEBUG org.hibernate.boot.registry.internal.BootstrapServiceRegistryImpl - Implicitly destroying Boot-strap registry on de-registration of all child ServiceRegistries
17:03:30.149 [Test worker] INFO com.zaxxer.hikari.HikariDataSource - HikariPool-4 - Shutdown initiated...
17:03:30.149 [Test worker] DEBUG com.zaxxer.hikari.pool.HikariPool - HikariPool-4 - Before shutdown stats (total=10, active=0, idle=10, waiting=0)
17:03:30.149 [HikariPool-4 connection closer] DEBUG com.zaxxer.hikari.pool.PoolBase - HikariPool-4 - Closing connection conn30: url=jdbc:h2:mem:testdb user=SA: (connection evicted)
17:03:30.150 [HikariPool-4 connection closer] DEBUG com.zaxxer.hikari.pool.PoolBase - HikariPool-4 - Closing connection conn31: url=jdbc:h2:mem:testdb user=SA: (connection evicted)
17:03:30.150 [HikariPool-4 connection closer] DEBUG com.zaxxer.hikari.pool.PoolBase - HikariPool-4 - Closing connection conn32: url=jdbc:h2:mem:testdb user=SA: (connection evicted)
17:03:30.150 [HikariPool-4 connection closer] DEBUG com.zaxxer.hikari.pool.PoolBase - HikariPool-4 - Closing connection conn33: url=jdbc:h2:mem:testdb user=SA: (connection evicted)
17:03:30.151 [HikariPool-4 connection closer] DEBUG com.zaxxer.hikari.pool.PoolBase - HikariPool-4 - Closing connection conn34: url=jdbc:h2:mem:testdb user=SA: (connection evicted)
17:03:30.151 [HikariPool-4 connection closer] DEBUG com.zaxxer.hikari.pool.PoolBase - HikariPool-4 - Closing connection conn35: url=jdbc:h2:mem:testdb user=SA: (connection evicted)
17:03:30.151 [HikariPool-4 connection closer] DEBUG com.zaxxer.hikari.pool.PoolBase - HikariPool-4 - Closing connection conn36: url=jdbc:h2:mem:testdb user=SA: (connection evicted)
17:03:30.152 [HikariPool-4 connection closer] DEBUG com.zaxxer.hikari.pool.PoolBase - HikariPool-4 - Closing connection conn37: url=jdbc:h2:mem:testdb user=SA: (connection evicted)
17:03:30.152 [HikariPool-4 connection closer] DEBUG com.zaxxer.hikari.pool.PoolBase - HikariPool-4 - Closing connection conn38: url=jdbc:h2:mem:testdb user=SA: (connection evicted)
17:03:30.152 [HikariPool-4 connection closer] DEBUG com.zaxxer.hikari.pool.PoolBase - HikariPool-4 - Closing connection conn39: url=jdbc:h2:mem:testdb user=SA: (connection evicted)
17:03:30.153 [Test worker] DEBUG com.zaxxer.hikari.pool.HikariPool - HikariPool-4 - After shutdown stats (total=0, active=0, idle=0, waiting=0)
17:03:30.153 [Test worker] INFO com.zaxxer.hikari.HikariDataSource - HikariPool-4 - Shutdown completed.
17:03:30.153 [Test worker] DEBUG org.springframework.test.context.support.DependencyInjectionTestExecutionListener - Performing dependency injection for test context [[DefaultTestContext@6e844a53 testClass = CertificateRepositoryTest, testInstance = com.epam.esm.repository.CertificateRepositoryTest@3f7b47c7, testMethod = [null], testException = [null], mergedContextConfiguration = [MergedContextConfiguration@152ba806 testClass = CertificateRepositoryTest, locations = '{}', classes = '{class com.epam.esm.TestConfig}', contextInitializerClasses = '[]', activeProfiles = '{}', propertySourceLocations = '{}', propertySourceProperties = '{}', contextCustomizers = set[[empty]], contextLoader = 'org.springframework.test.context.support.DelegatingSmartContextLoader', parent = [null]], attributes = map['org.springframework.test.context.support.DependencyInjectionTestExecutionListener.reinjectDependencies' -> true]]].
17:03:30.154 [Test worker] DEBUG org.springframework.test.context.support.AbstractDelegatingSmartContextLoader - Delegating to AnnotationConfigContextLoader to load context from [MergedContextConfiguration@152ba806 testClass = CertificateRepositoryTest, locations = '{}', classes = '{class com.epam.esm.TestConfig}', contextInitializerClasses = '[]', activeProfiles = '{}', propertySourceLocations = '{}', propertySourceProperties = '{}', contextCustomizers = set[[empty]], contextLoader = 'org.springframework.test.context.support.DelegatingSmartContextLoader', parent = [null]].
17:03:30.154 [Test worker] DEBUG org.springframework.test.context.support.AbstractGenericContextLoader - Loading ApplicationContext for merged context configuration [[MergedContextConfiguration@152ba806 testClass = CertificateRepositoryTest, locations = '{}', classes = '{class com.epam.esm.TestConfig}', contextInitializerClasses = '[]', activeProfiles = '{}', propertySourceLocations = '{}', propertySourceProperties = '{}', contextCustomizers = set[[empty]], contextLoader = 'org.springframework.test.context.support.DelegatingSmartContextLoader', parent = [null]]].
17:03:30.154 [Test worker] DEBUG org.springframework.core.env.StandardEnvironment - Activating profiles []
17:03:30.154 [Test worker] DEBUG org.springframework.test.context.support.AnnotationConfigContextLoader - Registering annotated classes: {class com.epam.esm.TestConfig}
17:03:30.155 [Test worker] DEBUG org.springframework.context.support.GenericApplicationContext - Refreshing org.springframework.context.support.GenericApplicationContext@3adc09cd
17:03:30.155 [Test worker] DEBUG org.springframework.beans.factory.support.DefaultListableBeanFactory - Creating shared instance of singleton bean 'org.springframework.context.annotation.internalConfigurationAnnotationProcessor'
17:03:30.165 [Test worker] DEBUG org.springframework.context.annotation.ClassPathBeanDefinitionScanner - Identified candidate component class: file [/Users/dzmitryplatonov/Desktop/workdir/giftcertificates/datasource/build/classes/java/main/com/epam/esm/repository/CertificateRepository.class]
17:03:30.165 [Test worker] DEBUG org.springframework.context.annotation.ClassPathBeanDefinitionScanner - Identified candidate component class: file [/Users/dzmitryplatonov/Desktop/workdir/giftcertificates/datasource/build/classes/java/main/com/epam/esm/repository/OrderCertificateRepository.class]
17:03:30.165 [Test worker] DEBUG org.springframework.context.annotation.ClassPathBeanDefinitionScanner - Identified candidate component class: file [/Users/dzmitryplatonov/Desktop/workdir/giftcertificates/datasource/build/classes/java/main/com/epam/esm/repository/OrderRepository.class]
17:03:30.166 [Test worker] DEBUG org.springframework.context.annotation.ClassPathBeanDefinitionScanner - Identified candidate component class: file [/Users/dzmitryplatonov/Desktop/workdir/giftcertificates/datasource/build/classes/java/main/com/epam/esm/repository/TagRepository.class]
17:03:30.166 [Test worker] DEBUG org.springframework.context.annotation.ClassPathBeanDefinitionScanner - Identified candidate component class: file [/Users/dzmitryplatonov/Desktop/workdir/giftcertificates/datasource/build/classes/java/main/com/epam/esm/repository/UserRepository.class]
17:03:30.167 [Test worker] DEBUG org.springframework.context.annotation.ClassPathBeanDefinitionScanner - Identified candidate component class: file [/Users/dzmitryplatonov/Desktop/workdir/giftcertificates/datasource/build/classes/java/main/com/epam/esm/repository/predicate/CriteriaBuilderHelper.class]
17:03:30.247 [Test worker] DEBUG org.springframework.beans.factory.support.DefaultListableBeanFactory - Creating shared instance of singleton bean 'org.springframework.boot.autoconfigure.condition.BeanTypeRegistry'
17:03:30.263 [Test worker] INFO org.springframework.data.repository.config.RepositoryConfigurationDelegate - Bootstrapping Spring Data repositories in DEFAULT mode.
17:03:30.263 [Test worker] DEBUG org.springframework.beans.factory.support.DefaultListableBeanFactory - Creating shared instance of singleton bean 'org.springframework.boot.autoconfigure.AutoConfigurationPackages'
17:03:30.263 [Test worker] DEBUG org.springframework.boot.autoconfigure.AutoConfigurationPackages - @EnableAutoConfiguration was declared on a class in the package 'com.epam.esm'. Automatic @Repository and @Entity scanning is enabled.
17:03:30.263 [Test worker] DEBUG org.springframework.data.repository.config.RepositoryConfigurationDelegate - Scanning for repositories in packages com.epam.esm.
17:03:30.268 [Test worker] INFO org.springframework.data.repository.config.RepositoryConfigurationDelegate - Finished Spring Data repository scanning in 4ms. Found 0 repository interfaces.
17:03:30.284 [Test worker] DEBUG org.springframework.beans.factory.support.DefaultListableBeanFactory - Creating shared instance of singleton bean 'propertySourcesPlaceholderConfigurer'
17:03:30.285 [Test worker] DEBUG org.springframework.beans.factory.support.DefaultListableBeanFactory - Creating shared instance of singleton bean 'emBeanDefinitionRegistrarPostProcessor'
17:03:30.285 [Test worker] DEBUG org.springframework.beans.factory.support.DefaultListableBeanFactory - Creating shared instance of singleton bean 'org.springframework.context.event.internalEventListenerProcessor'
17:03:30.285 [Test worker] DEBUG org.springframework.beans.factory.support.DefaultListableBeanFactory - Creating shared instance of singleton bean 'org.springframework.boot.context.properties.ConfigurationBeanFactoryMetadata'
17:03:30.286 [Test worker] DEBUG org.springframework.beans.factory.support.DefaultListableBeanFactory - Creating shared instance of singleton bean 'org.springframework.context.event.internalEventListenerFactory'
17:03:30.286 [Test worker] DEBUG org.springframework.beans.factory.support.DefaultListableBeanFactory - Creating shared instance of singleton bean 'org.springframework.transaction.config.internalTransactionalEventListenerFactory'
17:03:30.287 [Test worker] DEBUG org.springframework.beans.factory.support.DefaultListableBeanFactory - Creating shared instance of singleton bean 'org.springframework.context.annotation.internalAutowiredAnnotationProcessor'
17:03:30.287 [Test worker] DEBUG org.springframework.beans.factory.support.DefaultListableBeanFactory - Creating shared instance of singleton bean 'org.springframework.context.annotation.internalCommonAnnotationProcessor'
17:03:30.287 [Test worker] DEBUG org.springframework.beans.factory.support.DefaultListableBeanFactory - Creating shared instance of singleton bean 'org.springframework.context.annotation.internalPersistenceAnnotationProcessor'
17:03:30.288 [Test worker] DEBUG org.springframework.beans.factory.support.DefaultListableBeanFactory - Creating shared instance of singleton bean 'org.springframework.boot.context.properties.ConfigurationPropertiesBindingPostProcessor'
17:03:30.288 [Test worker] DEBUG org.springframework.beans.factory.support.DefaultListableBeanFactory - Creating shared instance of singleton bean 'methodValidationPostProcessor'
17:03:30.289 [Test worker] DEBUG org.springframework.beans.factory.support.DefaultListableBeanFactory - Autowiring by type from bean name 'methodValidationPostProcessor' via factory method to bean named 'environment'
17:03:30.289 [Test worker] DEBUG org.springframework.beans.factory.support.DefaultListableBeanFactory - Creating shared instance of singleton bean 'org.springframework.aop.config.internalAutoProxyCreator'
17:03:30.291 [Test worker] DEBUG org.springframework.beans.factory.support.DefaultListableBeanFactory - Creating shared instance of singleton bean 'dataSourceInitializerPostProcessor'
17:03:30.292 [Test worker] DEBUG org.springframework.beans.factory.support.DefaultListableBeanFactory - Creating shared instance of singleton bean 'persistenceExceptionTranslationPostProcessor'
17:03:30.293 [Test worker] DEBUG org.springframework.beans.factory.support.DefaultListableBeanFactory - Autowiring by type from bean name 'persistenceExceptionTranslationPostProcessor' via factory method to bean named 'environment'
17:03:30.293 [Test worker] DEBUG org.springframework.beans.factory.support.DefaultListableBeanFactory - Creating shared instance of singleton bean 'dataSourceInitializedPublisher'
17:03:30.294 [Test worker] DEBUG org.springframework.beans.factory.support.DefaultListableBeanFactory - Creating shared instance of singleton bean 'entityManagerFactory'
17:03:30.294 [Test worker] DEBUG org.springframework.beans.factory.support.DefaultListableBeanFactory - Creating shared instance of singleton bean 'org.springframework.transaction.config.internalTransactionAdvisor'
17:03:30.294 [Test worker] DEBUG org.springframework.beans.factory.support.DefaultListableBeanFactory - Creating shared instance of singleton bean 'org.springframework.transaction.annotation.ProxyTransactionManagementConfiguration'
17:03:30.297 [Test worker] DEBUG org.springframework.beans.factory.support.DefaultListableBeanFactory - Creating shared instance of singleton bean 'transactionAttributeSource'
17:03:30.298 [Test worker] DEBUG org.springframework.beans.factory.support.DefaultListableBeanFactory - Creating shared instance of singleton bean 'transactionInterceptor'
17:03:30.298 [Test worker] DEBUG org.springframework.beans.factory.support.DefaultListableBeanFactory - Creating shared instance of singleton bean 'org.springframework.boot.autoconfigure.orm.jpa.HibernateJpaConfiguration'
17:03:30.299 [Test worker] DEBUG org.springframework.core.LocalVariableTableParameterNameDiscoverer - Cannot find '.class' file for class [class org.springframework.boot.autoconfigure.orm.jpa.HibernateJpaConfiguration$$EnhancerBySpringCGLIB$$c3eb9b54] - unable to determine constructor/method parameter names
17:03:30.299 [Test worker] DEBUG org.springframework.beans.factory.support.DefaultListableBeanFactory - Creating shared instance of singleton bean 'dataSource'
17:03:30.299 [Test worker] DEBUG org.springframework.beans.factory.support.DefaultListableBeanFactory - Creating shared instance of singleton bean 'org.springframework.boot.autoconfigure.jdbc.DataSourceConfiguration$Hikari'
17:03:30.300 [Test worker] DEBUG org.springframework.beans.factory.support.DefaultListableBeanFactory - Creating shared instance of singleton bean 'spring.datasource-org.springframework.boot.autoconfigure.jdbc.DataSourceProperties'
17:03:30.303 [Test worker] DEBUG org.springframework.beans.factory.support.DefaultListableBeanFactory - Autowiring by type from bean name 'dataSource' via factory method to bean named 'spring.datasource-org.springframework.boot.autoconfigure.jdbc.DataSourceProperties'
17:03:30.306 [Test worker] DEBUG com.zaxxer.hikari.HikariConfig - Driver class org.h2.Driver found in Thread context class loader jdk.internal.loader.ClassLoaders$AppClassLoader@2c13da15
17:03:30.312 [Test worker] DEBUG org.springframework.beans.factory.support.DefaultListableBeanFactory - Creating shared instance of singleton bean 'org.springframework.boot.autoconfigure.jdbc.DataSourceInitializerInvoker'
17:03:30.313 [Test worker] DEBUG org.springframework.beans.factory.support.DefaultListableBeanFactory - Autowiring by type from bean name 'org.springframework.boot.autoconfigure.jdbc.DataSourceInitializerInvoker' via constructor to bean named 'spring.datasource-org.springframework.boot.autoconfigure.jdbc.DataSourceProperties'
17:03:30.313 [Test worker] DEBUG org.springframework.beans.factory.support.DefaultListableBeanFactory - Autowiring by type from bean name 'org.springframework.boot.autoconfigure.jdbc.DataSourceInitializerInvoker' via constructor to bean named 'org.springframework.context.support.GenericApplicationContext@3adc09cd'
17:03:30.314 [Test worker] DEBUG org.springframework.beans.factory.support.DefaultListableBeanFactory - Creating shared instance of singleton bean 'spring.jpa-org.springframework.boot.autoconfigure.orm.jpa.JpaProperties'
17:03:30.315 [Test worker] DEBUG org.springframework.beans.factory.support.DefaultListableBeanFactory - Creating shared instance of singleton bean 'spring.jpa.hibernate-org.springframework.boot.autoconfigure.orm.jpa.HibernateProperties'
17:03:30.316 [Test worker] DEBUG org.springframework.beans.factory.support.DefaultListableBeanFactory - Autowiring by type from bean name 'org.springframework.boot.autoconfigure.orm.jpa.HibernateJpaConfiguration' via constructor to bean named 'dataSource'
17:03:30.316 [Test worker] DEBUG org.springframework.beans.factory.support.DefaultListableBeanFactory - Autowiring by type from bean name 'org.springframework.boot.autoconfigure.orm.jpa.HibernateJpaConfiguration' via constructor to bean named 'spring.jpa-org.springframework.boot.autoconfigure.orm.jpa.JpaProperties'
17:03:30.316 [Test worker] DEBUG org.springframework.beans.factory.support.DefaultListableBeanFactory - Autowiring by type from bean name 'org.springframework.boot.autoconfigure.orm.jpa.HibernateJpaConfiguration' via constructor to bean named 'org.springframework.beans.factory.support.DefaultListableBeanFactory@2fbc1f18'
17:03:30.316 [Test worker] DEBUG org.springframework.beans.factory.support.DefaultListableBeanFactory - Autowiring by type from bean name 'org.springframework.boot.autoconfigure.orm.jpa.HibernateJpaConfiguration' via constructor to bean named 'spring.jpa.hibernate-org.springframework.boot.autoconfigure.orm.jpa.HibernateProperties'
17:03:30.317 [Test worker] DEBUG org.springframework.beans.factory.support.DefaultListableBeanFactory - Creating shared instance of singleton bean 'platformTransactionManagerCustomizers'
17:03:30.317 [Test worker] DEBUG org.springframework.beans.factory.support.DefaultListableBeanFactory - Creating shared instance of singleton bean 'org.springframework.boot.autoconfigure.transaction.TransactionAutoConfiguration'
17:03:30.318 [Test worker] DEBUG org.springframework.beans.factory.support.DefaultListableBeanFactory - Creating shared instance of singleton bean 'spring.transaction-org.springframework.boot.autoconfigure.transaction.TransactionProperties'
17:03:30.320 [Test worker] DEBUG org.springframework.beans.factory.support.DefaultListableBeanFactory - Creating shared instance of singleton bean 'hikariPoolDataSourceMetadataProvider'
17:03:30.320 [Test worker] DEBUG org.springframework.beans.factory.support.DefaultListableBeanFactory - Creating shared instance of singleton bean 'org.springframework.boot.autoconfigure.jdbc.metadata.DataSourcePoolMetadataProvidersConfiguration$HikariPoolDataSourceMetadataProviderConfiguration'
17:03:30.322 [Test worker] DEBUG org.springframework.beans.factory.support.DefaultListableBeanFactory - Creating shared instance of singleton bean 'entityManagerFactoryBuilder'
17:03:30.322 [Test worker] DEBUG org.springframework.beans.factory.support.DefaultListableBeanFactory - Creating shared instance of singleton bean 'jpaVendorAdapter'
17:03:30.323 [Test worker] DEBUG org.springframework.jdbc.datasource.DataSourceUtils - Fetching JDBC Connection from DataSource
17:03:30.323 [Test worker] DEBUG com.zaxxer.hikari.HikariConfig - HikariPool-5 - configuration:
17:03:30.323 [Test worker] DEBUG com.zaxxer.hikari.HikariConfig - allowPoolSuspension.............false
17:03:30.324 [Test worker] DEBUG com.zaxxer.hikari.HikariConfig - autoCommit......................true
17:03:30.324 [Test worker] DEBUG com.zaxxer.hikari.HikariConfig - catalog.........................none
17:03:30.324 [Test worker] DEBUG com.zaxxer.hikari.HikariConfig - connectionInitSql...............none
17:03:30.324 [Test worker] DEBUG com.zaxxer.hikari.HikariConfig - connectionTestQuery.............none
17:03:30.324 [Test worker] DEBUG com.zaxxer.hikari.HikariConfig - connectionTimeout...............30000
17:03:30.324 [Test worker] DEBUG com.zaxxer.hikari.HikariConfig - dataSource......................none
17:03:30.324 [Test worker] DEBUG com.zaxxer.hikari.HikariConfig - dataSourceClassName.............none
17:03:30.324 [Test worker] DEBUG com.zaxxer.hikari.HikariConfig - dataSourceJNDI..................none
17:03:30.324 [Test worker] DEBUG com.zaxxer.hikari.HikariConfig - dataSourceProperties............{password=<masked>}
17:03:30.324 [Test worker] DEBUG com.zaxxer.hikari.HikariConfig - driverClassName................."org.h2.Driver"
17:03:30.324 [Test worker] DEBUG com.zaxxer.hikari.HikariConfig - healthCheckProperties...........{}
17:03:30.324 [Test worker] DEBUG com.zaxxer.hikari.HikariConfig - healthCheckRegistry.............none
17:03:30.324 [Test worker] DEBUG com.zaxxer.hikari.HikariConfig - idleTimeout.....................600000
17:03:30.324 [Test worker] DEBUG com.zaxxer.hikari.HikariConfig - initializationFailTimeout.......1
17:03:30.324 [Test worker] DEBUG com.zaxxer.hikari.HikariConfig - isolateInternalQueries..........false
17:03:30.324 [Test worker] DEBUG com.zaxxer.hikari.HikariConfig - jdbcUrl.........................jdbc:h2:mem:testdb;DB_CLOSE_DELAY=-1;DB_CLOSE_ON_EXIT=FALSE
17:03:30.324 [Test worker] DEBUG com.zaxxer.hikari.HikariConfig - leakDetectionThreshold..........0
17:03:30.324 [Test worker] DEBUG com.zaxxer.hikari.HikariConfig - maxLifetime.....................1800000
17:03:30.325 [Test worker] DEBUG com.zaxxer.hikari.HikariConfig - maximumPoolSize.................10
17:03:30.325 [Test worker] DEBUG com.zaxxer.hikari.HikariConfig - metricRegistry..................none
17:03:30.325 [Test worker] DEBUG com.zaxxer.hikari.HikariConfig - metricsTrackerFactory...........none
17:03:30.325 [Test worker] DEBUG com.zaxxer.hikari.HikariConfig - minimumIdle.....................10
17:03:30.325 [Test worker] DEBUG com.zaxxer.hikari.HikariConfig - password........................<masked>
17:03:30.325 [Test worker] DEBUG com.zaxxer.hikari.HikariConfig - poolName........................"HikariPool-5"
17:03:30.325 [Test worker] DEBUG com.zaxxer.hikari.HikariConfig - readOnly........................false
17:03:30.325 [Test worker] DEBUG com.zaxxer.hikari.HikariConfig - registerMbeans..................false
17:03:30.325 [Test worker] DEBUG com.zaxxer.hikari.HikariConfig - scheduledExecutor...............none
17:03:30.325 [Test worker] DEBUG com.zaxxer.hikari.HikariConfig - schema..........................none
17:03:30.325 [Test worker] DEBUG com.zaxxer.hikari.HikariConfig - threadFactory...................internal
17:03:30.325 [Test worker] DEBUG com.zaxxer.hikari.HikariConfig - transactionIsolation............default
17:03:30.325 [Test worker] DEBUG com.zaxxer.hikari.HikariConfig - username........................"sa"
17:03:30.325 [Test worker] DEBUG com.zaxxer.hikari.HikariConfig - validationTimeout...............5000
17:03:30.325 [Test worker] INFO com.zaxxer.hikari.HikariDataSource - HikariPool-5 - Starting...
17:03:30.326 [Test worker] DEBUG com.zaxxer.hikari.pool.HikariPool - HikariPool-5 - Added connection conn40: url=jdbc:h2:mem:testdb user=SA
17:03:30.326 [Test worker] INFO com.zaxxer.hikari.HikariDataSource - HikariPool-5 - Start completed.
17:03:30.327 [Test worker] DEBUG org.springframework.beans.factory.support.DefaultListableBeanFactory - Autowiring by type from bean name 'entityManagerFactoryBuilder' via factory method to bean named 'jpaVendorAdapter'
17:03:30.328 [Test worker] DEBUG org.springframework.beans.factory.support.DefaultListableBeanFactory - Autowiring by type from bean name 'entityManagerFactory' via factory method to bean named 'entityManagerFactoryBuilder'
17:03:30.328 [Test worker] DEBUG org.springframework.jdbc.datasource.DataSourceUtils - Fetching JDBC Connection from DataSource
17:03:30.333 [Test worker] DEBUG org.springframework.orm.jpa.LocalContainerEntityManagerFactoryBean - Building JPA container EntityManagerFactory for persistence unit 'default'
17:03:30.333 [Test worker] DEBUG org.hibernate.jpa.internal.util.LogHelper - PersistenceUnitInfo [
	name: default
	persistence provider classname: null
	classloader: jdk.internal.loader.ClassLoaders$AppClassLoader@2c13da15
	excludeUnlistedClasses: true
	JTA datasource: null
	Non JTA datasource: HikariDataSource (HikariPool-5)
	Transaction type: RESOURCE_LOCAL
	PU root URL: file:/Users/dzmitryplatonov/Desktop/workdir/giftcertificates/datasource/build/classes/java/test/
	Shared Cache Mode: UNSPECIFIED
	Validation Mode: AUTO
	Jar files URLs []
	Managed classes names [
		com.epam.esm.entity.Entity
		com.epam.esm.entity.GiftCertificate
		com.epam.esm.entity.Order
		com.epam.esm.entity.OrderCertificate
		com.epam.esm.entity.Role
		com.epam.esm.entity.Tag
		com.epam.esm.entity.User]
	Mapping files names []
	Properties []
17:03:30.333 [Test worker] DEBUG org.hibernate.integrator.internal.IntegratorServiceImpl - Adding Integrator [org.hibernate.cfg.beanvalidation.BeanValidationIntegrator].
17:03:30.333 [Test worker] DEBUG org.hibernate.integrator.internal.IntegratorServiceImpl - Adding Integrator [org.hibernate.secure.spi.JaccIntegrator].
17:03:30.333 [Test worker] DEBUG org.hibernate.integrator.internal.IntegratorServiceImpl - Adding Integrator [org.hibernate.cache.internal.CollectionCacheInvalidator].
17:03:30.334 [Test worker] DEBUG org.hibernate.service.spi.ServiceBinding - Overriding existing service binding [org.hibernate.secure.spi.JaccService]
17:03:30.335 [Test worker] DEBUG org.hibernate.cache.internal.RegionFactoryInitiator - Cannot default RegionFactory based on registered strategies as `[]` RegionFactory strategies were registered
17:03:30.335 [Test worker] DEBUG org.hibernate.cache.internal.RegionFactoryInitiator - Cache region factory : org.hibernate.cache.internal.NoCachingRegionFactory
17:03:30.335 [Test worker] DEBUG org.hibernate.type.BasicTypeRegistry - Adding type registration boolean -> org.hibernate.type.BooleanType@7a361749
17:03:30.336 [Test worker] DEBUG org.hibernate.type.BasicTypeRegistry - Adding type registration boolean -> org.hibernate.type.BooleanType@7a361749
17:03:30.336 [Test worker] DEBUG org.hibernate.type.BasicTypeRegistry - Adding type registration java.lang.Boolean -> org.hibernate.type.BooleanType@7a361749
17:03:30.336 [Test worker] DEBUG org.hibernate.type.BasicTypeRegistry - Adding type registration numeric_boolean -> org.hibernate.type.NumericBooleanType@35b10044
17:03:30.336 [Test worker] DEBUG org.hibernate.type.BasicTypeRegistry - Adding type registration true_false -> org.hibernate.type.TrueFalseType@1b7f764d
17:03:30.336 [Test worker] DEBUG org.hibernate.type.BasicTypeRegistry - Adding type registration yes_no -> org.hibernate.type.YesNoType@726eb0b7
17:03:30.336 [Test worker] DEBUG org.hibernate.type.BasicTypeRegistry - Adding type registration byte -> org.hibernate.type.ByteType@17cb58e9
17:03:30.336 [Test worker] DEBUG org.hibernate.type.BasicTypeRegistry - Adding type registration byte -> org.hibernate.type.ByteType@17cb58e9
17:03:30.336 [Test worker] DEBUG org.hibernate.type.BasicTypeRegistry - Adding type registration java.lang.Byte -> org.hibernate.type.ByteType@17cb58e9
17:03:30.336 [Test worker] DEBUG org.hibernate.type.BasicTypeRegistry - Adding type registration character -> org.hibernate.type.CharacterType@30f0ba0d
17:03:30.336 [Test worker] DEBUG org.hibernate.type.BasicTypeRegistry - Adding type registration char -> org.hibernate.type.CharacterType@30f0ba0d
17:03:30.336 [Test worker] DEBUG org.hibernate.type.BasicTypeRegistry - Adding type registration java.lang.Character -> org.hibernate.type.CharacterType@30f0ba0d
17:03:30.336 [Test worker] DEBUG org.hibernate.type.BasicTypeRegistry - Adding type registration short -> org.hibernate.type.ShortType@27eea72e
17:03:30.336 [Test worker] DEBUG org.hibernate.type.BasicTypeRegistry - Adding type registration short -> org.hibernate.type.ShortType@27eea72e
17:03:30.336 [Test worker] DEBUG org.hibernate.type.BasicTypeRegistry - Adding type registration java.lang.Short -> org.hibernate.type.ShortType@27eea72e
17:03:30.336 [Test worker] DEBUG org.hibernate.type.BasicTypeRegistry - Adding type registration integer -> org.hibernate.type.IntegerType@3e734867
17:03:30.336 [Test worker] DEBUG org.hibernate.type.BasicTypeRegistry - Adding type registration int -> org.hibernate.type.IntegerType@3e734867
17:03:30.336 [Test worker] DEBUG org.hibernate.type.BasicTypeRegistry - Adding type registration java.lang.Integer -> org.hibernate.type.IntegerType@3e734867
17:03:30.336 [Test worker] DEBUG org.hibernate.type.BasicTypeRegistry - Adding type registration long -> org.hibernate.type.LongType@10654366
17:03:30.336 [Test worker] DEBUG org.hibernate.type.BasicTypeRegistry - Adding type registration long -> org.hibernate.type.LongType@10654366
17:03:30.336 [Test worker] DEBUG org.hibernate.type.BasicTypeRegistry - Adding type registration java.lang.Long -> org.hibernate.type.LongType@10654366
17:03:30.336 [Test worker] DEBUG org.hibernate.type.BasicTypeRegistry - Adding type registration float -> org.hibernate.type.FloatType@1072c4c1
17:03:30.336 [Test worker] DEBUG org.hibernate.type.BasicTypeRegistry - Adding type registration float -> org.hibernate.type.FloatType@1072c4c1
17:03:30.336 [Test worker] DEBUG org.hibernate.type.BasicTypeRegistry - Adding type registration java.lang.Float -> org.hibernate.type.FloatType@1072c4c1
17:03:30.336 [Test worker] DEBUG org.hibernate.type.BasicTypeRegistry - Adding type registration double -> org.hibernate.type.DoubleType@383d90d3
17:03:30.336 [Test worker] DEBUG org.hibernate.type.BasicTypeRegistry - Adding type registration double -> org.hibernate.type.DoubleType@383d90d3
17:03:30.336 [Test worker] DEBUG org.hibernate.type.BasicTypeRegistry - Adding type registration java.lang.Double -> org.hibernate.type.DoubleType@383d90d3
17:03:30.336 [Test worker] DEBUG org.hibernate.type.BasicTypeRegistry - Adding type registration big_decimal -> org.hibernate.type.BigDecimalType@322ff0c5
17:03:30.336 [Test worker] DEBUG org.hibernate.type.BasicTypeRegistry - Adding type registration java.math.BigDecimal -> org.hibernate.type.BigDecimalType@322ff0c5
17:03:30.336 [Test worker] DEBUG org.hibernate.type.BasicTypeRegistry - Adding type registration big_integer -> org.hibernate.type.BigIntegerType@219d1f47
17:03:30.336 [Test worker] DEBUG org.hibernate.type.BasicTypeRegistry - Adding type registration java.math.BigInteger -> org.hibernate.type.BigIntegerType@219d1f47
17:03:30.336 [Test worker] DEBUG org.hibernate.type.BasicTypeRegistry - Adding type registration string -> org.hibernate.type.StringType@7b9aad94
17:03:30.336 [Test worker] DEBUG org.hibernate.type.BasicTypeRegistry - Adding type registration java.lang.String -> org.hibernate.type.StringType@7b9aad94
17:03:30.336 [Test worker] DEBUG org.hibernate.type.BasicTypeRegistry - Adding type registration nstring -> org.hibernate.type.StringNVarcharType@39251dc7
17:03:30.336 [Test worker] DEBUG org.hibernate.type.BasicTypeRegistry - Adding type registration ncharacter -> org.hibernate.type.CharacterNCharType@284c8f8b
17:03:30.337 [Test worker] DEBUG org.hibernate.type.BasicTypeRegistry - Adding type registration url -> org.hibernate.type.UrlType@7c5e8cdb
17:03:30.337 [Test worker] DEBUG org.hibernate.type.BasicTypeRegistry - Adding type registration java.net.URL -> org.hibernate.type.UrlType@7c5e8cdb
17:03:30.337 [Test worker] DEBUG org.hibernate.type.BasicTypeRegistry - Adding type registration Duration -> org.hibernate.type.DurationType@5502b9d6
17:03:30.337 [Test worker] DEBUG org.hibernate.type.BasicTypeRegistry - Adding type registration java.time.Duration -> org.hibernate.type.DurationType@5502b9d6
17:03:30.337 [Test worker] DEBUG org.hibernate.type.BasicTypeRegistry - Adding type registration Instant -> org.hibernate.type.InstantType@52dea51b
17:03:30.337 [Test worker] DEBUG org.hibernate.type.BasicTypeRegistry - Adding type registration java.time.Instant -> org.hibernate.type.InstantType@52dea51b
17:03:30.337 [Test worker] DEBUG org.hibernate.type.BasicTypeRegistry - Adding type registration LocalDateTime -> org.hibernate.type.LocalDateTimeType@65741b68
17:03:30.337 [Test worker] DEBUG org.hibernate.type.BasicTypeRegistry - Adding type registration java.time.LocalDateTime -> org.hibernate.type.LocalDateTimeType@65741b68
17:03:30.337 [Test worker] DEBUG org.hibernate.type.BasicTypeRegistry - Adding type registration LocalDate -> org.hibernate.type.LocalDateType@33f0f7f9
17:03:30.337 [Test worker] DEBUG org.hibernate.type.BasicTypeRegistry - Adding type registration java.time.LocalDate -> org.hibernate.type.LocalDateType@33f0f7f9
17:03:30.337 [Test worker] DEBUG org.hibernate.type.BasicTypeRegistry - Adding type registration LocalTime -> org.hibernate.type.LocalTimeType@5e875231
17:03:30.337 [Test worker] DEBUG org.hibernate.type.BasicTypeRegistry - Adding type registration java.time.LocalTime -> org.hibernate.type.LocalTimeType@5e875231
17:03:30.337 [Test worker] DEBUG org.hibernate.type.BasicTypeRegistry - Adding type registration OffsetDateTime -> org.hibernate.type.OffsetDateTimeType@e161f10
17:03:30.337 [Test worker] DEBUG org.hibernate.type.BasicTypeRegistry - Adding type registration java.time.OffsetDateTime -> org.hibernate.type.OffsetDateTimeType@e161f10
17:03:30.337 [Test worker] DEBUG org.hibernate.type.BasicTypeRegistry - Adding type registration OffsetTime -> org.hibernate.type.OffsetTimeType@1ed4e4a1
17:03:30.337 [Test worker] DEBUG org.hibernate.type.BasicTypeRegistry - Adding type registration java.time.OffsetTime -> org.hibernate.type.OffsetTimeType@1ed4e4a1
17:03:30.337 [Test worker] DEBUG org.hibernate.type.BasicTypeRegistry - Adding type registration ZonedDateTime -> org.hibernate.type.ZonedDateTimeType@1f7b3ac5
17:03:30.337 [Test worker] DEBUG org.hibernate.type.BasicTypeRegistry - Adding type registration java.time.ZonedDateTime -> org.hibernate.type.ZonedDateTimeType@1f7b3ac5
17:03:30.337 [Test worker] DEBUG org.hibernate.type.BasicTypeRegistry - Adding type registration date -> org.hibernate.type.DateType@47db9e78
17:03:30.337 [Test worker] DEBUG org.hibernate.type.BasicTypeRegistry - Adding type registration java.sql.Date -> org.hibernate.type.DateType@47db9e78
17:03:30.338 [Test worker] DEBUG org.hibernate.type.BasicTypeRegistry - Adding type registration time -> org.hibernate.type.TimeType@19cf2a46
17:03:30.338 [Test worker] DEBUG org.hibernate.type.BasicTypeRegistry - Adding type registration java.sql.Time -> org.hibernate.type.TimeType@19cf2a46
17:03:30.338 [Test worker] DEBUG org.hibernate.type.BasicTypeRegistry - Adding type registration timestamp -> org.hibernate.type.TimestampType@33cc8709
17:03:30.338 [Test worker] DEBUG org.hibernate.type.BasicTypeRegistry - Adding type registration java.sql.Timestamp -> org.hibernate.type.TimestampType@33cc8709
17:03:30.338 [Test worker] DEBUG org.hibernate.type.BasicTypeRegistry - Adding type registration java.util.Date -> org.hibernate.type.TimestampType@33cc8709
17:03:30.338 [Test worker] DEBUG org.hibernate.type.BasicTypeRegistry - Adding type registration dbtimestamp -> org.hibernate.type.DbTimestampType@4bb8bc35
17:03:30.338 [Test worker] DEBUG org.hibernate.type.BasicTypeRegistry - Adding type registration calendar -> org.hibernate.type.CalendarType@6cda5f3e
17:03:30.338 [Test worker] DEBUG org.hibernate.type.BasicTypeRegistry - Adding type registration java.util.Calendar -> org.hibernate.type.CalendarType@6cda5f3e
17:03:30.338 [Test worker] DEBUG org.hibernate.type.BasicTypeRegistry - Adding type registration java.util.GregorianCalendar -> org.hibernate.type.CalendarType@6cda5f3e
17:03:30.338 [Test worker] DEBUG org.hibernate.type.BasicTypeRegistry - Adding type registration calendar_date -> org.hibernate.type.CalendarDateType@2cf12338
17:03:30.338 [Test worker] DEBUG org.hibernate.type.BasicTypeRegistry - Adding type registration locale -> org.hibernate.type.LocaleType@5fa83fc7
17:03:30.338 [Test worker] DEBUG org.hibernate.type.BasicTypeRegistry - Adding type registration java.util.Locale -> org.hibernate.type.LocaleType@5fa83fc7
17:03:30.338 [Test worker] DEBUG org.hibernate.type.BasicTypeRegistry - Adding type registration currency -> org.hibernate.type.CurrencyType@7198d6af
17:03:30.338 [Test worker] DEBUG org.hibernate.type.BasicTypeRegistry - Adding type registration java.util.Currency -> org.hibernate.type.CurrencyType@7198d6af
17:03:30.338 [Test worker] DEBUG org.hibernate.type.BasicTypeRegistry - Adding type registration timezone -> org.hibernate.type.TimeZoneType@5db6acf5
17:03:30.338 [Test worker] DEBUG org.hibernate.type.BasicTypeRegistry - Adding type registration java.util.TimeZone -> org.hibernate.type.TimeZoneType@5db6acf5
17:03:30.338 [Test worker] DEBUG org.hibernate.type.BasicTypeRegistry - Adding type registration class -> org.hibernate.type.ClassType@11e7b123
17:03:30.338 [Test worker] DEBUG org.hibernate.type.BasicTypeRegistry - Adding type registration java.lang.Class -> org.hibernate.type.ClassType@11e7b123
17:03:30.338 [Test worker] DEBUG org.hibernate.type.BasicTypeRegistry - Adding type registration uuid-binary -> org.hibernate.type.UUIDBinaryType@515d21bc
17:03:30.338 [Test worker] DEBUG org.hibernate.type.BasicTypeRegistry - Adding type registration java.util.UUID -> org.hibernate.type.UUIDBinaryType@515d21bc
17:03:30.338 [Test worker] DEBUG org.hibernate.type.BasicTypeRegistry - Adding type registration uuid-char -> org.hibernate.type.UUIDCharType@774ef163
17:03:30.338 [Test worker] DEBUG org.hibernate.type.BasicTypeRegistry - Adding type registration binary -> org.hibernate.type.BinaryType@5f00df0f
17:03:30.338 [Test worker] DEBUG org.hibernate.type.BasicTypeRegistry - Adding type registration byte[] -> org.hibernate.type.BinaryType@5f00df0f
17:03:30.338 [Test worker] DEBUG org.hibernate.type.BasicTypeRegistry - Adding type registration [B -> org.hibernate.type.BinaryType@5f00df0f
17:03:30.338 [Test worker] DEBUG org.hibernate.type.BasicTypeRegistry - Adding type registration wrapper-binary -> org.hibernate.type.WrapperBinaryType@1c4b0916
17:03:30.338 [Test worker] DEBUG org.hibernate.type.BasicTypeRegistry - Adding type registration Byte[] -> org.hibernate.type.WrapperBinaryType@1c4b0916
17:03:30.338 [Test worker] DEBUG org.hibernate.type.BasicTypeRegistry - Adding type registration [Ljava.lang.Byte; -> org.hibernate.type.WrapperBinaryType@1c4b0916
17:03:30.338 [Test worker] DEBUG org.hibernate.type.BasicTypeRegistry - Adding type registration row_version -> org.hibernate.type.RowVersionType@5a9358d7
17:03:30.339 [Test worker] DEBUG org.hibernate.type.BasicTypeRegistry - Adding type registration image -> org.hibernate.type.ImageType@b08df66
17:03:30.339 [Test worker] DEBUG org.hibernate.type.BasicTypeRegistry - Adding type registration characters -> org.hibernate.type.CharArrayType@69a415e0
17:03:30.339 [Test worker] DEBUG org.hibernate.type.BasicTypeRegistry - Adding type registration char[] -> org.hibernate.type.CharArrayType@69a415e0
17:03:30.339 [Test worker] DEBUG org.hibernate.type.BasicTypeRegistry - Adding type registration [C -> org.hibernate.type.CharArrayType@69a415e0
17:03:30.339 [Test worker] DEBUG org.hibernate.type.BasicTypeRegistry - Adding type registration wrapper-characters -> org.hibernate.type.CharacterArrayType@2e189552
17:03:30.339 [Test worker] DEBUG org.hibernate.type.BasicTypeRegistry - Adding type registration [Ljava.lang.Character; -> org.hibernate.type.CharacterArrayType@2e189552
17:03:30.339 [Test worker] DEBUG org.hibernate.type.BasicTypeRegistry - Adding type registration Character[] -> org.hibernate.type.CharacterArrayType@2e189552
17:03:30.339 [Test worker] DEBUG org.hibernate.type.BasicTypeRegistry - Adding type registration text -> org.hibernate.type.TextType@3bb4f48d
17:03:30.339 [Test worker] DEBUG org.hibernate.type.BasicTypeRegistry - Adding type registration ntext -> org.hibernate.type.NTextType@7fc44815
17:03:30.339 [Test worker] DEBUG org.hibernate.type.BasicTypeRegistry - Adding type registration blob -> org.hibernate.type.BlobType@70984021
17:03:30.339 [Test worker] DEBUG org.hibernate.type.BasicTypeRegistry - Adding type registration java.sql.Blob -> org.hibernate.type.BlobType@70984021
17:03:30.339 [Test worker] DEBUG org.hibernate.type.BasicTypeRegistry - Adding type registration materialized_blob -> org.hibernate.type.MaterializedBlobType@7b392ea8
17:03:30.339 [Test worker] DEBUG org.hibernate.type.BasicTypeRegistry - Adding type registration clob -> org.hibernate.type.ClobType@249973df
17:03:30.339 [Test worker] DEBUG org.hibernate.type.BasicTypeRegistry - Adding type registration java.sql.Clob -> org.hibernate.type.ClobType@249973df
17:03:30.339 [Test worker] DEBUG org.hibernate.type.BasicTypeRegistry - Adding type registration nclob -> org.hibernate.type.NClobType@993bb9e
17:03:30.339 [Test worker] DEBUG org.hibernate.type.BasicTypeRegistry - Adding type registration java.sql.NClob -> org.hibernate.type.NClobType@993bb9e
17:03:30.339 [Test worker] DEBUG org.hibernate.type.BasicTypeRegistry - Adding type registration materialized_clob -> org.hibernate.type.MaterializedClobType@5eddde51
17:03:30.339 [Test worker] DEBUG org.hibernate.type.BasicTypeRegistry - Adding type registration materialized_nclob -> org.hibernate.type.MaterializedNClobType@20503ff1
17:03:30.339 [Test worker] DEBUG org.hibernate.type.BasicTypeRegistry - Adding type registration serializable -> org.hibernate.type.SerializableType@11fb506a
17:03:30.339 [Test worker] DEBUG org.hibernate.type.BasicTypeRegistry - Adding type registration object -> org.hibernate.type.ObjectType@40b10f8c
17:03:30.340 [Test worker] DEBUG org.hibernate.type.BasicTypeRegistry - Adding type registration java.lang.Object -> org.hibernate.type.ObjectType@40b10f8c
17:03:30.340 [Test worker] DEBUG org.hibernate.type.BasicTypeRegistry - Adding type registration imm_date -> org.hibernate.type.AdaptedImmutableType@4bae34d2
17:03:30.340 [Test worker] DEBUG org.hibernate.type.BasicTypeRegistry - Adding type registration imm_time -> org.hibernate.type.AdaptedImmutableType@47d6f7ef
17:03:30.340 [Test worker] DEBUG org.hibernate.type.BasicTypeRegistry - Adding type registration imm_timestamp -> org.hibernate.type.AdaptedImmutableType@78a1bec3
17:03:30.340 [Test worker] DEBUG org.hibernate.type.BasicTypeRegistry - Adding type registration imm_dbtimestamp -> org.hibernate.type.AdaptedImmutableType@2e9c7f2a
17:03:30.340 [Test worker] DEBUG org.hibernate.type.BasicTypeRegistry - Adding type registration imm_calendar -> org.hibernate.type.AdaptedImmutableType@14aec68f
17:03:30.340 [Test worker] DEBUG org.hibernate.type.BasicTypeRegistry - Adding type registration imm_calendar_date -> org.hibernate.type.AdaptedImmutableType@6437327a
17:03:30.340 [Test worker] DEBUG org.hibernate.type.BasicTypeRegistry - Adding type registration imm_binary -> org.hibernate.type.AdaptedImmutableType@1115cf99
17:03:30.340 [Test worker] DEBUG org.hibernate.type.BasicTypeRegistry - Adding type registration imm_serializable -> org.hibernate.type.AdaptedImmutableType@5c3d87be
17:03:30.341 [Test worker] DEBUG org.hibernate.boot.internal.BootstrapContextImpl - Injecting JPA temp ClassLoader [org.springframework.instrument.classloading.SimpleThrowawayClassLoader@633cf958] into BootstrapContext; was [null]
17:03:30.341 [Test worker] DEBUG org.hibernate.boot.internal.ClassLoaderAccessImpl - ClassLoaderAccessImpl#injectTempClassLoader(org.springframework.instrument.classloading.SimpleThrowawayClassLoader@633cf958) [was null]
17:03:30.341 [Test worker] DEBUG org.hibernate.boot.internal.BootstrapContextImpl - Injecting ScanEnvironment [org.hibernate.jpa.boot.internal.StandardJpaScanEnvironmentImpl@5cea9ba1] into BootstrapContext; was [null]
17:03:30.341 [Test worker] DEBUG org.hibernate.boot.internal.BootstrapContextImpl - Injecting ScanOptions [org.hibernate.boot.archive.scan.internal.StandardScanOptions@6c5af7f5] into BootstrapContext; was [org.hibernate.boot.archive.scan.internal.StandardScanOptions@7fcc179e]
17:03:30.344 [Test worker] DEBUG org.hibernate.boot.internal.BootstrapContextImpl - Injecting JPA temp ClassLoader [null] into BootstrapContext; was [org.springframework.instrument.classloading.SimpleThrowawayClassLoader@633cf958]
17:03:30.344 [Test worker] DEBUG org.hibernate.boot.internal.ClassLoaderAccessImpl - ClassLoaderAccessImpl#injectTempClassLoader(null) [was org.springframework.instrument.classloading.SimpleThrowawayClassLoader@633cf958]
17:03:30.344 [Test worker] DEBUG org.hibernate.id.factory.internal.DefaultIdentifierGeneratorFactory - Registering IdentifierGenerator strategy [uuid2] -> [org.hibernate.id.UUIDGenerator]
17:03:30.344 [Test worker] DEBUG org.hibernate.id.factory.internal.DefaultIdentifierGeneratorFactory - Registering IdentifierGenerator strategy [guid] -> [org.hibernate.id.GUIDGenerator]
17:03:30.344 [Test worker] DEBUG org.hibernate.id.factory.internal.DefaultIdentifierGeneratorFactory - Registering IdentifierGenerator strategy [uuid] -> [org.hibernate.id.UUIDHexGenerator]
17:03:30.344 [Test worker] DEBUG org.hibernate.id.factory.internal.DefaultIdentifierGeneratorFactory - Registering IdentifierGenerator strategy [uuid.hex] -> [org.hibernate.id.UUIDHexGenerator]
17:03:30.344 [Test worker] DEBUG org.hibernate.id.factory.internal.DefaultIdentifierGeneratorFactory - Registering IdentifierGenerator strategy [assigned] -> [org.hibernate.id.Assigned]
17:03:30.344 [Test worker] DEBUG org.hibernate.id.factory.internal.DefaultIdentifierGeneratorFactory - Registering IdentifierGenerator strategy [identity] -> [org.hibernate.id.IdentityGenerator]
17:03:30.344 [Test worker] DEBUG org.hibernate.id.factory.internal.DefaultIdentifierGeneratorFactory - Registering IdentifierGenerator strategy [select] -> [org.hibernate.id.SelectGenerator]
17:03:30.344 [Test worker] DEBUG org.hibernate.id.factory.internal.DefaultIdentifierGeneratorFactory - Registering IdentifierGenerator strategy [sequence] -> [org.hibernate.id.enhanced.SequenceStyleGenerator]
17:03:30.344 [Test worker] DEBUG org.hibernate.id.factory.internal.DefaultIdentifierGeneratorFactory - Registering IdentifierGenerator strategy [seqhilo] -> [org.hibernate.id.SequenceHiLoGenerator]
17:03:30.344 [Test worker] DEBUG org.hibernate.id.factory.internal.DefaultIdentifierGeneratorFactory - Registering IdentifierGenerator strategy [increment] -> [org.hibernate.id.IncrementGenerator]
17:03:30.344 [Test worker] DEBUG org.hibernate.id.factory.internal.DefaultIdentifierGeneratorFactory - Registering IdentifierGenerator strategy [foreign] -> [org.hibernate.id.ForeignGenerator]
17:03:30.344 [Test worker] DEBUG org.hibernate.id.factory.internal.DefaultIdentifierGeneratorFactory - Registering IdentifierGenerator strategy [sequence-identity] -> [org.hibernate.id.SequenceIdentityGenerator]
17:03:30.344 [Test worker] DEBUG org.hibernate.id.factory.internal.DefaultIdentifierGeneratorFactory - Registering IdentifierGenerator strategy [enhanced-sequence] -> [org.hibernate.id.enhanced.SequenceStyleGenerator]
17:03:30.344 [Test worker] DEBUG org.hibernate.id.factory.internal.DefaultIdentifierGeneratorFactory - Registering IdentifierGenerator strategy [enhanced-table] -> [org.hibernate.id.enhanced.TableGenerator]
17:03:30.345 [Test worker] DEBUG org.hibernate.engine.jdbc.env.internal.JdbcEnvironmentInitiator - Database ->
       name : H2
    version : 1.4.197 (2018-03-18)
      major : 1
      minor : 4
17:03:30.345 [Test worker] DEBUG org.hibernate.engine.jdbc.env.internal.JdbcEnvironmentInitiator - Driver ->
       name : H2 JDBC Driver
    version : 1.4.197 (2018-03-18)
      major : 1
      minor : 4
17:03:30.345 [Test worker] DEBUG org.hibernate.engine.jdbc.env.internal.JdbcEnvironmentInitiator - JDBC version : 4.0
17:03:30.345 [Test worker] INFO org.hibernate.dialect.Dialect - HHH000400: Using dialect: org.hibernate.dialect.H2Dialect
17:03:30.349 [Test worker] DEBUG org.hibernate.boot.model.relational.Namespace - Created database namespace [logicalName=Name{catalog=null, schema=null}, physicalName=Name{catalog=null, schema=null}]
17:03:30.349 [Test worker] DEBUG org.hibernate.type.spi.TypeConfiguration$Scope - Scoping TypeConfiguration [org.hibernate.type.spi.TypeConfiguration@27a425f4] to MetadataBuildingContext [org.hibernate.boot.internal.MetadataBuildingContextRootImpl@16051080]
17:03:30.350 [Test worker] DEBUG org.hibernate.cfg.AnnotationBinder - Binding entity from annotated class: com.epam.esm.entity.Entity
17:03:30.350 [Test worker] DEBUG org.hibernate.cfg.Ejb3Column - Binding column: Ejb3DiscriminatorColumn{logicalColumnName'DTYPE', discriminatorTypeName='string'}
17:03:30.350 [Test worker] DEBUG org.hibernate.cfg.annotations.EntityBinder - Import with entity name Entity
17:03:30.350 [Test worker] DEBUG org.hibernate.cfg.annotations.EntityBinder - Bind entity com.epam.esm.entity.Entity on table entity
17:03:30.351 [Test worker] DEBUG org.hibernate.cfg.Ejb3Column - Binding column: Ejb3Column{table=org.hibernate.mapping.Table(entity), mappingColumn=id, insertable=true, updatable=true, unique=false}
17:03:30.351 [Test worker] DEBUG org.hibernate.cfg.annotations.PropertyBinder - MetadataSourceProcessor property id with lazy=false
17:03:30.351 [Test worker] DEBUG org.hibernate.cfg.AbstractPropertyHolder - Attempting to locate auto-apply AttributeConverter for property [com.epam.esm.entity.Entity:id]
17:03:30.351 [Test worker] DEBUG org.hibernate.cfg.annotations.SimpleValueBinder - building SimpleValue for id
17:03:30.351 [Test worker] DEBUG org.hibernate.cfg.annotations.PropertyBinder - Building property id
17:03:30.351 [Test worker] DEBUG org.hibernate.cfg.BinderHelper - #makeIdGenerator(org.hibernate.mapping.SimpleValue([org.hibernate.mapping.Column(id)]), id, identity, , ...)
17:03:30.351 [Test worker] DEBUG org.hibernate.cfg.AnnotationBinder - Binding entity from annotated class: com.epam.esm.entity.GiftCertificate
17:03:30.351 [Test worker] DEBUG org.hibernate.cfg.Ejb3Column - Binding column: Ejb3DiscriminatorColumn{logicalColumnName'DTYPE', discriminatorTypeName='string'}
17:03:30.352 [Test worker] DEBUG org.hibernate.cfg.annotations.EntityBinder - Import with entity name GiftCertificate
17:03:30.352 [Test worker] DEBUG org.hibernate.cfg.annotations.EntityBinder - Bind entity com.epam.esm.entity.GiftCertificate on table certificate
17:03:30.352 [Test worker] DEBUG org.hibernate.cfg.Ejb3Column - Binding column: Ejb3Column{table=org.hibernate.mapping.Table(certificate), mappingColumn=id, insertable=true, updatable=true, unique=false}
17:03:30.352 [Test worker] DEBUG org.hibernate.cfg.annotations.PropertyBinder - MetadataSourceProcessor property id with lazy=false
17:03:30.352 [Test worker] DEBUG org.hibernate.cfg.AbstractPropertyHolder - Attempting to locate auto-apply AttributeConverter for property [com.epam.esm.entity.GiftCertificate:id]
17:03:30.352 [Test worker] DEBUG org.hibernate.cfg.annotations.SimpleValueBinder - building SimpleValue for id
17:03:30.353 [Test worker] DEBUG org.hibernate.cfg.annotations.PropertyBinder - Building property id
17:03:30.353 [Test worker] DEBUG org.hibernate.cfg.BinderHelper - #makeIdGenerator(org.hibernate.mapping.SimpleValue([org.hibernate.mapping.Column(id)]), id, identity, , ...)
17:03:30.353 [Test worker] DEBUG org.hibernate.cfg.Ejb3Column - Binding column: Ejb3Column{table=org.hibernate.mapping.Table(certificate), mappingColumn=active_status, insertable=true, updatable=true, unique=false}
17:03:30.353 [Test worker] DEBUG org.hibernate.cfg.annotations.PropertyBinder - MetadataSourceProcessor property activeStatus with lazy=false
17:03:30.353 [Test worker] DEBUG org.hibernate.cfg.AbstractPropertyHolder - Attempting to locate auto-apply AttributeConverter for property [com.epam.esm.entity.GiftCertificate:activeStatus]
17:03:30.353 [Test worker] DEBUG org.hibernate.cfg.annotations.SimpleValueBinder - building SimpleValue for activeStatus
17:03:30.353 [Test worker] DEBUG org.hibernate.cfg.annotations.PropertyBinder - Building property activeStatus
17:03:30.353 [Test worker] DEBUG org.hibernate.cfg.Ejb3Column - Binding column: Ejb3Column{table=org.hibernate.mapping.Table(certificate), mappingColumn=creation_date, insertable=true, updatable=true, unique=false}
17:03:30.353 [Test worker] DEBUG org.hibernate.cfg.annotations.PropertyBinder - MetadataSourceProcessor property creationDate with lazy=false
17:03:30.353 [Test worker] DEBUG org.hibernate.cfg.AbstractPropertyHolder - Attempting to locate auto-apply AttributeConverter for property [com.epam.esm.entity.GiftCertificate:creationDate]
17:03:30.354 [Test worker] DEBUG org.hibernate.cfg.annotations.SimpleValueBinder - building SimpleValue for creationDate
17:03:30.354 [Test worker] DEBUG org.hibernate.cfg.annotations.PropertyBinder - Building property creationDate
17:03:30.354 [Test worker] DEBUG org.hibernate.cfg.Ejb3Column - Binding column: Ejb3Column{table=org.hibernate.mapping.Table(certificate), mappingColumn=description, insertable=true, updatable=true, unique=false}
17:03:30.354 [Test worker] DEBUG org.hibernate.cfg.annotations.PropertyBinder - MetadataSourceProcessor property description with lazy=false
17:03:30.354 [Test worker] DEBUG org.hibernate.cfg.AbstractPropertyHolder - Attempting to locate auto-apply AttributeConverter for property [com.epam.esm.entity.GiftCertificate:description]
17:03:30.354 [Test worker] DEBUG org.hibernate.cfg.annotations.SimpleValueBinder - building SimpleValue for description
17:03:30.354 [Test worker] DEBUG org.hibernate.cfg.annotations.PropertyBinder - Building property description
17:03:30.354 [Test worker] DEBUG org.hibernate.cfg.Ejb3Column - Binding column: Ejb3Column{table=org.hibernate.mapping.Table(certificate), mappingColumn=expiration_date, insertable=true, updatable=true, unique=false}
17:03:30.354 [Test worker] DEBUG org.hibernate.cfg.annotations.PropertyBinder - MetadataSourceProcessor property expirationDate with lazy=false
17:03:30.354 [Test worker] DEBUG org.hibernate.cfg.AbstractPropertyHolder - Attempting to locate auto-apply AttributeConverter for property [com.epam.esm.entity.GiftCertificate:expirationDate]
17:03:30.354 [Test worker] DEBUG org.hibernate.cfg.annotations.SimpleValueBinder - building SimpleValue for expirationDate
17:03:30.354 [Test worker] DEBUG org.hibernate.cfg.annotations.PropertyBinder - Building property expirationDate
17:03:30.355 [Test worker] DEBUG org.hibernate.cfg.Ejb3Column - Binding column: Ejb3Column{table=org.hibernate.mapping.Table(certificate), mappingColumn=modification_date, insertable=true, updatable=true, unique=false}
17:03:30.355 [Test worker] DEBUG org.hibernate.cfg.annotations.PropertyBinder - MetadataSourceProcessor property modificationDate with lazy=false
17:03:30.355 [Test worker] DEBUG org.hibernate.cfg.AbstractPropertyHolder - Attempting to locate auto-apply AttributeConverter for property [com.epam.esm.entity.GiftCertificate:modificationDate]
17:03:30.355 [Test worker] DEBUG org.hibernate.cfg.annotations.SimpleValueBinder - building SimpleValue for modificationDate
17:03:30.355 [Test worker] DEBUG org.hibernate.cfg.annotations.PropertyBinder - Building property modificationDate
17:03:30.355 [Test worker] DEBUG org.hibernate.cfg.Ejb3Column - Binding column: Ejb3Column{table=org.hibernate.mapping.Table(certificate), mappingColumn=name, insertable=true, updatable=true, unique=false}
17:03:30.355 [Test worker] DEBUG org.hibernate.cfg.annotations.PropertyBinder - MetadataSourceProcessor property name with lazy=false
17:03:30.355 [Test worker] DEBUG org.hibernate.cfg.AbstractPropertyHolder - Attempting to locate auto-apply AttributeConverter for property [com.epam.esm.entity.GiftCertificate:name]
17:03:30.355 [Test worker] DEBUG org.hibernate.cfg.annotations.SimpleValueBinder - building SimpleValue for name
17:03:30.355 [Test worker] DEBUG org.hibernate.cfg.annotations.PropertyBinder - Building property name
17:03:30.355 [Test worker] DEBUG org.hibernate.cfg.Ejb3Column - Binding column: Ejb3JoinColumn{logicalColumnName='null', referencedColumn='null', mappedBy='certificate'}
17:03:30.355 [Test worker] DEBUG org.hibernate.cfg.Ejb3Column - Binding column: Ejb3Column{table=org.hibernate.mapping.Table(certificate), mappingColumn=order_certificates, insertable=true, updatable=true, unique=false}
17:03:30.356 [Test worker] DEBUG org.hibernate.cfg.Ejb3Column - Binding column: Ejb3Column{table=org.hibernate.mapping.Table(certificate), mappingColumn=null, insertable=true, updatable=true, unique=false}
17:03:30.356 [Test worker] DEBUG org.hibernate.cfg.Ejb3Column - Binding column: Ejb3Column{table=org.hibernate.mapping.Table(certificate), mappingColumn=element, insertable=true, updatable=true, unique=false}
17:03:30.356 [Test worker] DEBUG org.hibernate.cfg.Ejb3Column - Binding column: Ejb3Column{table=org.hibernate.mapping.Table(certificate), mappingColumn=order_certificates_key, insertable=true, updatable=true, unique=false}
17:03:30.356 [Test worker] DEBUG org.hibernate.cfg.Ejb3Column - Binding column: Ejb3JoinColumn{logicalColumnName='orderCertificates_KEY', referencedColumn='null', mappedBy='null'}
17:03:30.356 [Test worker] DEBUG org.hibernate.cfg.Ejb3Column - Binding column: Ejb3JoinColumn{logicalColumnName='null', referencedColumn='null', mappedBy='certificate'}
17:03:30.356 [Test worker] DEBUG org.hibernate.cfg.Ejb3Column - Binding column: Ejb3JoinColumn{logicalColumnName='null', referencedColumn='null', mappedBy='certificate'}
17:03:30.356 [Test worker] DEBUG org.hibernate.cfg.annotations.CollectionBinder - Collection role: com.epam.esm.entity.GiftCertificate.orderCertificates
17:03:30.356 [Test worker] DEBUG org.hibernate.cfg.annotations.PropertyBinder - Building property orderCertificates
17:03:30.356 [Test worker] DEBUG org.hibernate.cfg.Ejb3Column - Binding column: Ejb3Column{table=org.hibernate.mapping.Table(certificate), mappingColumn=price, insertable=true, updatable=true, unique=false}
17:03:30.356 [Test worker] DEBUG org.hibernate.cfg.annotations.PropertyBinder - MetadataSourceProcessor property price with lazy=false
17:03:30.356 [Test worker] DEBUG org.hibernate.cfg.AbstractPropertyHolder - Attempting to locate auto-apply AttributeConverter for property [com.epam.esm.entity.GiftCertificate:price]
17:03:30.356 [Test worker] DEBUG org.hibernate.cfg.annotations.SimpleValueBinder - building SimpleValue for price
17:03:30.357 [Test worker] DEBUG org.hibernate.cfg.annotations.PropertyBinder - Building property price
17:03:30.357 [Test worker] DEBUG org.hibernate.cfg.Ejb3Column - Binding column: Ejb3Column{table=org.hibernate.mapping.Table(certificate), mappingColumn=null, insertable=true, updatable=true, unique=false}
17:03:30.357 [Test worker] DEBUG org.hibernate.cfg.Ejb3Column - Binding column: Ejb3Column{table=org.hibernate.mapping.Table(certificate), mappingColumn=element, insertable=true, updatable=true, unique=false}
17:03:30.357 [Test worker] DEBUG org.hibernate.cfg.Ejb3Column - Binding column: Ejb3Column{table=org.hibernate.mapping.Table(certificate), mappingColumn=tags_key, insertable=true, updatable=true, unique=false}
17:03:30.357 [Test worker] DEBUG org.hibernate.cfg.Ejb3Column - Binding column: Ejb3JoinColumn{logicalColumnName='tags_KEY', referencedColumn='null', mappedBy='null'}
17:03:30.357 [Test worker] DEBUG org.hibernate.cfg.Ejb3Column - Binding column: Ejb3JoinColumn{logicalColumnName='certificate_id', referencedColumn='', mappedBy=''}
17:03:30.357 [Test worker] DEBUG org.hibernate.cfg.Ejb3Column - Binding column: Ejb3JoinColumn{logicalColumnName='tag_id', referencedColumn='', mappedBy=''}
17:03:30.357 [Test worker] DEBUG org.hibernate.cfg.annotations.CollectionBinder - Collection role: com.epam.esm.entity.GiftCertificate.tags
17:03:30.357 [Test worker] DEBUG org.hibernate.cfg.annotations.PropertyBinder - Building property tags
17:03:30.357 [Test worker] DEBUG org.hibernate.cfg.AnnotationBinder - Binding entity from annotated class: com.epam.esm.entity.Order
17:03:30.357 [Test worker] DEBUG org.hibernate.cfg.Ejb3Column - Binding column: Ejb3DiscriminatorColumn{logicalColumnName'DTYPE', discriminatorTypeName='string'}
17:03:30.358 [Test worker] DEBUG org.hibernate.cfg.annotations.EntityBinder - Import with entity name Order
17:03:30.358 [Test worker] DEBUG org.hibernate.cfg.annotations.EntityBinder - Bind entity com.epam.esm.entity.Order on table application_order
17:03:30.358 [Test worker] DEBUG org.hibernate.cfg.Ejb3Column - Binding column: Ejb3Column{table=org.hibernate.mapping.Table(application_order), mappingColumn=id, insertable=true, updatable=true, unique=false}
17:03:30.358 [Test worker] DEBUG org.hibernate.cfg.annotations.PropertyBinder - MetadataSourceProcessor property id with lazy=false
17:03:30.358 [Test worker] DEBUG org.hibernate.cfg.AbstractPropertyHolder - Attempting to locate auto-apply AttributeConverter for property [com.epam.esm.entity.Order:id]
17:03:30.358 [Test worker] DEBUG org.hibernate.cfg.annotations.SimpleValueBinder - building SimpleValue for id
17:03:30.358 [Test worker] DEBUG org.hibernate.cfg.annotations.PropertyBinder - Building property id
17:03:30.358 [Test worker] DEBUG org.hibernate.cfg.BinderHelper - #makeIdGenerator(org.hibernate.mapping.SimpleValue([org.hibernate.mapping.Column(id)]), id, identity, , ...)
17:03:30.359 [Test worker] DEBUG org.hibernate.cfg.Ejb3Column - Binding column: Ejb3Column{table=org.hibernate.mapping.Table(application_order), mappingColumn=active_status, insertable=true, updatable=true, unique=false}
17:03:30.359 [Test worker] DEBUG org.hibernate.cfg.annotations.PropertyBinder - MetadataSourceProcessor property activeStatus with lazy=false
17:03:30.359 [Test worker] DEBUG org.hibernate.cfg.AbstractPropertyHolder - Attempting to locate auto-apply AttributeConverter for property [com.epam.esm.entity.Order:activeStatus]
17:03:30.359 [Test worker] DEBUG org.hibernate.cfg.annotations.SimpleValueBinder - building SimpleValue for activeStatus
17:03:30.359 [Test worker] DEBUG org.hibernate.cfg.annotations.PropertyBinder - Building property activeStatus
17:03:30.359 [Test worker] DEBUG org.hibernate.cfg.Ejb3Column - Binding column: Ejb3Column{table=org.hibernate.mapping.Table(application_order), mappingColumn=created_at, insertable=true, updatable=true, unique=false}
17:03:30.359 [Test worker] DEBUG org.hibernate.cfg.annotations.PropertyBinder - MetadataSourceProcessor property createdAt with lazy=false
17:03:30.359 [Test worker] DEBUG org.hibernate.cfg.AbstractPropertyHolder - Attempting to locate auto-apply AttributeConverter for property [com.epam.esm.entity.Order:createdAt]
17:03:30.359 [Test worker] DEBUG org.hibernate.cfg.annotations.SimpleValueBinder - building SimpleValue for createdAt
17:03:30.359 [Test worker] DEBUG org.hibernate.cfg.annotations.PropertyBinder - Building property createdAt
17:03:30.359 [Test worker] DEBUG org.hibernate.cfg.Ejb3Column - Binding column: Ejb3JoinColumn{logicalColumnName='null', referencedColumn='null', mappedBy='order'}
17:03:30.359 [Test worker] DEBUG org.hibernate.cfg.Ejb3Column - Binding column: Ejb3Column{table=org.hibernate.mapping.Table(application_order), mappingColumn=order_certificates, insertable=true, updatable=true, unique=false}
17:03:30.360 [Test worker] DEBUG org.hibernate.cfg.Ejb3Column - Binding column: Ejb3Column{table=org.hibernate.mapping.Table(application_order), mappingColumn=null, insertable=true, updatable=true, unique=false}
17:03:30.360 [Test worker] DEBUG org.hibernate.cfg.Ejb3Column - Binding column: Ejb3Column{table=org.hibernate.mapping.Table(application_order), mappingColumn=element, insertable=true, updatable=true, unique=false}
17:03:30.360 [Test worker] DEBUG org.hibernate.cfg.Ejb3Column - Binding column: Ejb3Column{table=org.hibernate.mapping.Table(application_order), mappingColumn=order_certificates_key, insertable=true, updatable=true, unique=false}
17:03:30.360 [Test worker] DEBUG org.hibernate.cfg.Ejb3Column - Binding column: Ejb3JoinColumn{logicalColumnName='orderCertificates_KEY', referencedColumn='null', mappedBy='null'}
17:03:30.360 [Test worker] DEBUG org.hibernate.cfg.Ejb3Column - Binding column: Ejb3JoinColumn{logicalColumnName='null', referencedColumn='null', mappedBy='order'}
17:03:30.360 [Test worker] DEBUG org.hibernate.cfg.Ejb3Column - Binding column: Ejb3JoinColumn{logicalColumnName='null', referencedColumn='null', mappedBy='order'}
17:03:30.360 [Test worker] DEBUG org.hibernate.cfg.annotations.CollectionBinder - Collection role: com.epam.esm.entity.Order.orderCertificates
17:03:30.360 [Test worker] DEBUG org.hibernate.cfg.annotations.PropertyBinder - Building property orderCertificates
17:03:30.360 [Test worker] DEBUG org.hibernate.cfg.Ejb3Column - Binding column: Ejb3JoinColumn{logicalColumnName='user_id', referencedColumn='', mappedBy=''}
17:03:30.360 [Test worker] DEBUG org.hibernate.cfg.Ejb3Column - Binding column: Ejb3Column{table=org.hibernate.mapping.Table(application_order), mappingColumn=user, insertable=true, updatable=true, unique=false}
17:03:30.361 [Test worker] DEBUG org.hibernate.cfg.annotations.PropertyBinder - Building property user
17:03:30.361 [Test worker] DEBUG org.hibernate.cfg.AnnotationBinder - Binding entity from annotated class: com.epam.esm.entity.OrderCertificate
17:03:30.361 [Test worker] DEBUG org.hibernate.cfg.Ejb3Column - Binding column: Ejb3DiscriminatorColumn{logicalColumnName'DTYPE', discriminatorTypeName='string'}
17:03:30.361 [Test worker] DEBUG org.hibernate.cfg.annotations.EntityBinder - Import with entity name OrderCertificate
17:03:30.361 [Test worker] DEBUG org.hibernate.cfg.annotations.EntityBinder - Bind entity com.epam.esm.entity.OrderCertificate on table order_certificate
17:03:30.361 [Test worker] DEBUG org.hibernate.cfg.Ejb3Column - Binding column: Ejb3Column{table=org.hibernate.mapping.Table(order_certificate), mappingColumn=id, insertable=true, updatable=true, unique=false}
17:03:30.361 [Test worker] DEBUG org.hibernate.cfg.annotations.PropertyBinder - MetadataSourceProcessor property id with lazy=false
17:03:30.362 [Test worker] DEBUG org.hibernate.cfg.AbstractPropertyHolder - Attempting to locate auto-apply AttributeConverter for property [com.epam.esm.entity.OrderCertificate:id]
17:03:30.362 [Test worker] DEBUG org.hibernate.cfg.annotations.SimpleValueBinder - building SimpleValue for id
17:03:30.362 [Test worker] DEBUG org.hibernate.cfg.annotations.PropertyBinder - Building property id
17:03:30.362 [Test worker] DEBUG org.hibernate.cfg.BinderHelper - #makeIdGenerator(org.hibernate.mapping.SimpleValue([org.hibernate.mapping.Column(id)]), id, identity, , ...)
17:03:30.362 [Test worker] DEBUG org.hibernate.cfg.Ejb3Column - Binding column: Ejb3JoinColumn{logicalColumnName='null', referencedColumn='', mappedBy=''}
17:03:30.362 [Test worker] DEBUG org.hibernate.cfg.Ejb3Column - Binding column: Ejb3Column{table=org.hibernate.mapping.Table(order_certificate), mappingColumn=certificate, insertable=true, updatable=true, unique=false}
17:03:30.362 [Test worker] DEBUG org.hibernate.cfg.annotations.PropertyBinder - Building property certificate
17:03:30.362 [Test worker] DEBUG org.hibernate.cfg.Ejb3Column - Binding column: Ejb3Column{table=org.hibernate.mapping.Table(order_certificate), mappingColumn=expiration_date, insertable=true, updatable=true, unique=false}
17:03:30.362 [Test worker] DEBUG org.hibernate.cfg.annotations.PropertyBinder - MetadataSourceProcessor property expirationDate with lazy=false
17:03:30.362 [Test worker] DEBUG org.hibernate.cfg.AbstractPropertyHolder - Attempting to locate auto-apply AttributeConverter for property [com.epam.esm.entity.OrderCertificate:expirationDate]
17:03:30.362 [Test worker] DEBUG org.hibernate.cfg.annotations.SimpleValueBinder - building SimpleValue for expirationDate
17:03:30.362 [Test worker] DEBUG org.hibernate.cfg.annotations.PropertyBinder - Building property expirationDate
17:03:30.363 [Test worker] DEBUG org.hibernate.cfg.Ejb3Column - Binding column: Ejb3Column{table=org.hibernate.mapping.Table(order_certificate), mappingColumn=fixed_price, insertable=true, updatable=true, unique=false}
17:03:30.363 [Test worker] DEBUG org.hibernate.cfg.annotations.PropertyBinder - MetadataSourceProcessor property fixedPrice with lazy=false
17:03:30.363 [Test worker] DEBUG org.hibernate.cfg.AbstractPropertyHolder - Attempting to locate auto-apply AttributeConverter for property [com.epam.esm.entity.OrderCertificate:fixedPrice]
17:03:30.363 [Test worker] DEBUG org.hibernate.cfg.annotations.SimpleValueBinder - building SimpleValue for fixedPrice
17:03:30.363 [Test worker] DEBUG org.hibernate.cfg.annotations.PropertyBinder - Building property fixedPrice
17:03:30.363 [Test worker] DEBUG org.hibernate.cfg.Ejb3Column - Binding column: Ejb3JoinColumn{logicalColumnName='null', referencedColumn='', mappedBy=''}
17:03:30.363 [Test worker] DEBUG org.hibernate.cfg.Ejb3Column - Binding column: Ejb3Column{table=org.hibernate.mapping.Table(order_certificate), mappingColumn=order, insertable=true, updatable=true, unique=false}
17:03:30.363 [Test worker] DEBUG org.hibernate.cfg.annotations.PropertyBinder - Building property order
17:03:30.363 [Test worker] DEBUG org.hibernate.cfg.AnnotationBinder - Binding entity from annotated class: com.epam.esm.entity.Role
17:03:30.363 [Test worker] DEBUG org.hibernate.cfg.Ejb3Column - Binding column: Ejb3DiscriminatorColumn{logicalColumnName'DTYPE', discriminatorTypeName='string'}
17:03:30.363 [Test worker] DEBUG org.hibernate.cfg.annotations.EntityBinder - Import with entity name Role
17:03:30.363 [Test worker] DEBUG org.hibernate.cfg.annotations.EntityBinder - Bind entity com.epam.esm.entity.Role on table application_role
17:03:30.364 [Test worker] DEBUG org.hibernate.cfg.Ejb3Column - Binding column: Ejb3Column{table=org.hibernate.mapping.Table(application_role), mappingColumn=id, insertable=true, updatable=true, unique=false}
17:03:30.364 [Test worker] DEBUG org.hibernate.cfg.annotations.PropertyBinder - MetadataSourceProcessor property id with lazy=false
17:03:30.364 [Test worker] DEBUG org.hibernate.cfg.AbstractPropertyHolder - Attempting to locate auto-apply AttributeConverter for property [com.epam.esm.entity.Role:id]
17:03:30.364 [Test worker] DEBUG org.hibernate.cfg.annotations.SimpleValueBinder - building SimpleValue for id
17:03:30.364 [Test worker] DEBUG org.hibernate.cfg.annotations.PropertyBinder - Building property id
17:03:30.364 [Test worker] DEBUG org.hibernate.cfg.BinderHelper - #makeIdGenerator(org.hibernate.mapping.SimpleValue([org.hibernate.mapping.Column(id)]), id, identity, , ...)
17:03:30.364 [Test worker] DEBUG org.hibernate.cfg.Ejb3Column - Binding column: Ejb3Column{table=org.hibernate.mapping.Table(application_role), mappingColumn=value, insertable=true, updatable=true, unique=false}
17:03:30.364 [Test worker] DEBUG org.hibernate.cfg.annotations.PropertyBinder - MetadataSourceProcessor property value with lazy=false
17:03:30.364 [Test worker] DEBUG org.hibernate.cfg.AbstractPropertyHolder - Attempting to locate auto-apply AttributeConverter for property [com.epam.esm.entity.Role:value]
17:03:30.364 [Test worker] DEBUG org.hibernate.cfg.annotations.SimpleValueBinder - building SimpleValue for value
17:03:30.364 [Test worker] DEBUG org.hibernate.cfg.annotations.PropertyBinder - Building property value
17:03:30.364 [Test worker] DEBUG org.hibernate.cfg.AnnotationBinder - Binding entity from annotated class: com.epam.esm.entity.Tag
17:03:30.364 [Test worker] DEBUG org.hibernate.cfg.Ejb3Column - Binding column: Ejb3DiscriminatorColumn{logicalColumnName'DTYPE', discriminatorTypeName='string'}
17:03:30.364 [Test worker] DEBUG org.hibernate.cfg.annotations.EntityBinder - Import with entity name Tag
17:03:30.365 [Test worker] DEBUG org.hibernate.cfg.annotations.EntityBinder - Bind entity com.epam.esm.entity.Tag on table tag
17:03:30.365 [Test worker] DEBUG org.hibernate.cfg.Ejb3Column - Binding column: Ejb3Column{table=org.hibernate.mapping.Table(tag), mappingColumn=id, insertable=true, updatable=true, unique=false}
17:03:30.365 [Test worker] DEBUG org.hibernate.cfg.annotations.PropertyBinder - MetadataSourceProcessor property id with lazy=false
17:03:30.365 [Test worker] DEBUG org.hibernate.cfg.AbstractPropertyHolder - Attempting to locate auto-apply AttributeConverter for property [com.epam.esm.entity.Tag:id]
17:03:30.365 [Test worker] DEBUG org.hibernate.cfg.annotations.SimpleValueBinder - building SimpleValue for id
17:03:30.365 [Test worker] DEBUG org.hibernate.cfg.annotations.PropertyBinder - Building property id
17:03:30.365 [Test worker] DEBUG org.hibernate.cfg.BinderHelper - #makeIdGenerator(org.hibernate.mapping.SimpleValue([org.hibernate.mapping.Column(id)]), id, identity, , ...)
17:03:30.365 [Test worker] DEBUG org.hibernate.cfg.Ejb3Column - Binding column: Ejb3Column{table=org.hibernate.mapping.Table(tag), mappingColumn=title, insertable=true, updatable=false, unique=true}
17:03:30.365 [Test worker] DEBUG org.hibernate.cfg.annotations.PropertyBinder - MetadataSourceProcessor property title with lazy=false
17:03:30.365 [Test worker] DEBUG org.hibernate.cfg.AbstractPropertyHolder - Attempting to locate auto-apply AttributeConverter for property [com.epam.esm.entity.Tag:title]
17:03:30.365 [Test worker] DEBUG org.hibernate.cfg.annotations.SimpleValueBinder - building SimpleValue for title
17:03:30.365 [Test worker] DEBUG org.hibernate.cfg.annotations.PropertyBinder - Building property title
17:03:30.365 [Test worker] DEBUG org.hibernate.cfg.AnnotationBinder - Binding entity from annotated class: com.epam.esm.entity.User
17:03:30.365 [Test worker] DEBUG org.hibernate.cfg.Ejb3Column - Binding column: Ejb3DiscriminatorColumn{logicalColumnName'DTYPE', discriminatorTypeName='string'}
17:03:30.366 [Test worker] DEBUG org.hibernate.cfg.annotations.EntityBinder - Import with entity name User
17:03:30.366 [Test worker] DEBUG org.hibernate.cfg.annotations.EntityBinder - Bind entity com.epam.esm.entity.User on table application_user
17:03:30.366 [Test worker] DEBUG org.hibernate.cfg.Ejb3Column - Binding column: Ejb3Column{table=org.hibernate.mapping.Table(application_user), mappingColumn=id, insertable=true, updatable=true, unique=false}
17:03:30.366 [Test worker] DEBUG org.hibernate.cfg.annotations.PropertyBinder - MetadataSourceProcessor property id with lazy=false
17:03:30.366 [Test worker] DEBUG org.hibernate.cfg.AbstractPropertyHolder - Attempting to locate auto-apply AttributeConverter for property [com.epam.esm.entity.User:id]
17:03:30.366 [Test worker] DEBUG org.hibernate.cfg.annotations.SimpleValueBinder - building SimpleValue for id
17:03:30.366 [Test worker] DEBUG org.hibernate.cfg.annotations.PropertyBinder - Building property id
17:03:30.366 [Test worker] DEBUG org.hibernate.cfg.BinderHelper - #makeIdGenerator(org.hibernate.mapping.SimpleValue([org.hibernate.mapping.Column(id)]), id, identity, , ...)
17:03:30.366 [Test worker] DEBUG org.hibernate.cfg.Ejb3Column - Binding column: Ejb3Column{table=org.hibernate.mapping.Table(application_user), mappingColumn=email, insertable=true, updatable=true, unique=false}
17:03:30.366 [Test worker] DEBUG org.hibernate.cfg.annotations.PropertyBinder - MetadataSourceProcessor property email with lazy=false
17:03:30.366 [Test worker] DEBUG org.hibernate.cfg.AbstractPropertyHolder - Attempting to locate auto-apply AttributeConverter for property [com.epam.esm.entity.User:email]
17:03:30.367 [Test worker] DEBUG org.hibernate.cfg.annotations.SimpleValueBinder - building SimpleValue for email
17:03:30.367 [Test worker] DEBUG org.hibernate.cfg.annotations.PropertyBinder - Building property email
17:03:30.367 [Test worker] DEBUG org.hibernate.cfg.Ejb3Column - Binding column: Ejb3JoinColumn{logicalColumnName='null', referencedColumn='null', mappedBy='user'}
17:03:30.367 [Test worker] DEBUG org.hibernate.cfg.Ejb3Column - Binding column: Ejb3Column{table=org.hibernate.mapping.Table(application_user), mappingColumn=orders, insertable=true, updatable=true, unique=false}
17:03:30.367 [Test worker] DEBUG org.hibernate.cfg.Ejb3Column - Binding column: Ejb3Column{table=org.hibernate.mapping.Table(application_user), mappingColumn=null, insertable=true, updatable=true, unique=false}
17:03:30.367 [Test worker] DEBUG org.hibernate.cfg.Ejb3Column - Binding column: Ejb3Column{table=org.hibernate.mapping.Table(application_user), mappingColumn=element, insertable=true, updatable=true, unique=false}
17:03:30.367 [Test worker] DEBUG org.hibernate.cfg.Ejb3Column - Binding column: Ejb3Column{table=org.hibernate.mapping.Table(application_user), mappingColumn=orders_key, insertable=true, updatable=true, unique=false}
17:03:30.367 [Test worker] DEBUG org.hibernate.cfg.Ejb3Column - Binding column: Ejb3JoinColumn{logicalColumnName='orders_KEY', referencedColumn='null', mappedBy='null'}
17:03:30.367 [Test worker] DEBUG org.hibernate.cfg.Ejb3Column - Binding column: Ejb3JoinColumn{logicalColumnName='null', referencedColumn='null', mappedBy='user'}
17:03:30.367 [Test worker] DEBUG org.hibernate.cfg.Ejb3Column - Binding column: Ejb3JoinColumn{logicalColumnName='null', referencedColumn='null', mappedBy='user'}
17:03:30.367 [Test worker] DEBUG org.hibernate.cfg.annotations.CollectionBinder - Collection role: com.epam.esm.entity.User.orders
17:03:30.367 [Test worker] DEBUG org.hibernate.cfg.annotations.PropertyBinder - Building property orders
17:03:30.368 [Test worker] DEBUG org.hibernate.cfg.Ejb3Column - Binding column: Ejb3Column{table=org.hibernate.mapping.Table(application_user), mappingColumn=password, insertable=true, updatable=true, unique=false}
17:03:30.368 [Test worker] DEBUG org.hibernate.cfg.annotations.PropertyBinder - MetadataSourceProcessor property password with lazy=false
17:03:30.368 [Test worker] DEBUG org.hibernate.cfg.AbstractPropertyHolder - Attempting to locate auto-apply AttributeConverter for property [com.epam.esm.entity.User:password]
17:03:30.368 [Test worker] DEBUG org.hibernate.cfg.annotations.SimpleValueBinder - building SimpleValue for password
17:03:30.368 [Test worker] DEBUG org.hibernate.cfg.annotations.PropertyBinder - Building property password
17:03:30.368 [Test worker] DEBUG org.hibernate.cfg.Ejb3Column - Binding column: Ejb3Column{table=org.hibernate.mapping.Table(application_user), mappingColumn=refresh_token, insertable=true, updatable=true, unique=false}
17:03:30.368 [Test worker] DEBUG org.hibernate.cfg.annotations.PropertyBinder - MetadataSourceProcessor property refreshToken with lazy=false
17:03:30.368 [Test worker] DEBUG org.hibernate.cfg.AbstractPropertyHolder - Attempting to locate auto-apply AttributeConverter for property [com.epam.esm.entity.User:refreshToken]
17:03:30.368 [Test worker] DEBUG org.hibernate.cfg.annotations.SimpleValueBinder - building SimpleValue for refreshToken
17:03:30.368 [Test worker] DEBUG org.hibernate.cfg.annotations.PropertyBinder - Building property refreshToken
17:03:30.368 [Test worker] DEBUG org.hibernate.cfg.Ejb3Column - Binding column: Ejb3JoinColumn{logicalColumnName='role_id', referencedColumn='', mappedBy=''}
17:03:30.368 [Test worker] DEBUG org.hibernate.cfg.Ejb3Column - Binding column: Ejb3Column{table=org.hibernate.mapping.Table(application_user), mappingColumn=role, insertable=true, updatable=true, unique=false}
17:03:30.369 [Test worker] DEBUG org.hibernate.cfg.annotations.PropertyBinder - Building property role
17:03:30.369 [Test worker] DEBUG org.hibernate.cfg.annotations.SimpleValueBinder - Starting fillSimpleValue for id
17:03:30.369 [Test worker] DEBUG org.hibernate.cfg.annotations.SimpleValueBinder - Starting fillSimpleValue for id
17:03:30.369 [Test worker] DEBUG org.hibernate.cfg.annotations.SimpleValueBinder - Starting fillSimpleValue for activeStatus
17:03:30.369 [Test worker] DEBUG org.hibernate.cfg.annotations.SimpleValueBinder - Starting fillSimpleValue for creationDate
17:03:30.369 [Test worker] DEBUG org.hibernate.cfg.annotations.SimpleValueBinder - Starting fillSimpleValue for description
17:03:30.369 [Test worker] DEBUG org.hibernate.cfg.annotations.SimpleValueBinder - Starting fillSimpleValue for expirationDate
17:03:30.369 [Test worker] DEBUG org.hibernate.cfg.annotations.SimpleValueBinder - Starting fillSimpleValue for modificationDate
17:03:30.369 [Test worker] DEBUG org.hibernate.cfg.annotations.SimpleValueBinder - Starting fillSimpleValue for name
17:03:30.369 [Test worker] DEBUG org.hibernate.cfg.annotations.SimpleValueBinder - Starting fillSimpleValue for price
17:03:30.369 [Test worker] DEBUG org.hibernate.cfg.annotations.SimpleValueBinder - Starting fillSimpleValue for id
17:03:30.369 [Test worker] DEBUG org.hibernate.cfg.annotations.SimpleValueBinder - Starting fillSimpleValue for activeStatus
17:03:30.369 [Test worker] DEBUG org.hibernate.cfg.annotations.SimpleValueBinder - Starting fillSimpleValue for createdAt
17:03:30.369 [Test worker] DEBUG org.hibernate.cfg.annotations.SimpleValueBinder - Starting fillSimpleValue for id
17:03:30.369 [Test worker] DEBUG org.hibernate.cfg.annotations.SimpleValueBinder - Starting fillSimpleValue for expirationDate
17:03:30.369 [Test worker] DEBUG org.hibernate.cfg.annotations.SimpleValueBinder - Starting fillSimpleValue for fixedPrice
17:03:30.369 [Test worker] DEBUG org.hibernate.cfg.annotations.SimpleValueBinder - Starting fillSimpleValue for id
17:03:30.369 [Test worker] DEBUG org.hibernate.cfg.annotations.SimpleValueBinder - Starting fillSimpleValue for value
17:03:30.369 [Test worker] DEBUG org.hibernate.cfg.annotations.SimpleValueBinder - Starting fillSimpleValue for id
17:03:30.369 [Test worker] DEBUG org.hibernate.cfg.annotations.SimpleValueBinder - Starting fillSimpleValue for title
17:03:30.369 [Test worker] DEBUG org.hibernate.cfg.annotations.SimpleValueBinder - Starting fillSimpleValue for id
17:03:30.369 [Test worker] DEBUG org.hibernate.cfg.annotations.SimpleValueBinder - Starting fillSimpleValue for email
17:03:30.369 [Test worker] DEBUG org.hibernate.cfg.annotations.SimpleValueBinder - Starting fillSimpleValue for password
17:03:30.370 [Test worker] DEBUG org.hibernate.cfg.annotations.SimpleValueBinder - Starting fillSimpleValue for refreshToken
17:03:30.370 [Test worker] DEBUG org.hibernate.mapping.PrimaryKey - Forcing column [id] to be non-null as it is part of the primary key for table [entity]
17:03:30.370 [Test worker] DEBUG org.hibernate.mapping.PrimaryKey - Forcing column [id] to be non-null as it is part of the primary key for table [certificate]
17:03:30.370 [Test worker] DEBUG org.hibernate.mapping.PrimaryKey - Forcing column [id] to be non-null as it is part of the primary key for table [application_order]
17:03:30.370 [Test worker] DEBUG org.hibernate.mapping.PrimaryKey - Forcing column [id] to be non-null as it is part of the primary key for table [order_certificate]
17:03:30.370 [Test worker] DEBUG org.hibernate.mapping.PrimaryKey - Forcing column [id] to be non-null as it is part of the primary key for table [application_role]
17:03:30.370 [Test worker] DEBUG org.hibernate.mapping.PrimaryKey - Forcing column [id] to be non-null as it is part of the primary key for table [tag]
17:03:30.370 [Test worker] DEBUG org.hibernate.mapping.PrimaryKey - Forcing column [id] to be non-null as it is part of the primary key for table [application_user]
17:03:30.370 [Test worker] DEBUG org.hibernate.cfg.CollectionSecondPass - Second pass for collection: com.epam.esm.entity.GiftCertificate.tags
17:03:30.370 [Test worker] DEBUG org.hibernate.cfg.annotations.CollectionBinder - Binding as ManyToMany: com.epam.esm.entity.GiftCertificate.tags
17:03:30.371 [Test worker] DEBUG org.hibernate.mapping.PrimaryKey - Forcing column [certificate_id] to be non-null as it is part of the primary key for table [certificate_tag]
17:03:30.371 [Test worker] DEBUG org.hibernate.mapping.PrimaryKey - Forcing column [tag_id] to be non-null as it is part of the primary key for table [certificate_tag]
17:03:30.371 [Test worker] DEBUG org.hibernate.cfg.CollectionSecondPass - Mapped collection key: certificate_id, element: tag_id
17:03:30.371 [Test worker] DEBUG org.hibernate.cfg.CollectionSecondPass - Second pass for collection: com.epam.esm.entity.GiftCertificate.orderCertificates
17:03:30.371 [Test worker] DEBUG org.hibernate.cfg.annotations.CollectionBinder - Binding a OneToMany: com.epam.esm.entity.GiftCertificate.orderCertificates through a foreign key
17:03:30.371 [Test worker] DEBUG org.hibernate.cfg.annotations.CollectionBinder - Mapping collection: com.epam.esm.entity.GiftCertificate.orderCertificates -> order_certificate
17:03:30.371 [Test worker] DEBUG org.hibernate.cfg.annotations.TableBinder - Retrieving property com.epam.esm.entity.OrderCertificate.certificate
17:03:30.371 [Test worker] DEBUG org.hibernate.cfg.CollectionSecondPass - Mapped collection key: certificate_id, one-to-many: com.epam.esm.entity.OrderCertificate
17:03:30.371 [Test worker] DEBUG org.hibernate.cfg.CollectionSecondPass - Second pass for collection: com.epam.esm.entity.Order.orderCertificates
17:03:30.371 [Test worker] DEBUG org.hibernate.cfg.annotations.CollectionBinder - Binding a OneToMany: com.epam.esm.entity.Order.orderCertificates through a foreign key
17:03:30.371 [Test worker] DEBUG org.hibernate.cfg.annotations.CollectionBinder - Mapping collection: com.epam.esm.entity.Order.orderCertificates -> order_certificate
17:03:30.371 [Test worker] DEBUG org.hibernate.cfg.annotations.TableBinder - Retrieving property com.epam.esm.entity.OrderCertificate.order
17:03:30.371 [Test worker] DEBUG org.hibernate.cfg.CollectionSecondPass - Mapped collection key: order_id, one-to-many: com.epam.esm.entity.OrderCertificate
17:03:30.372 [Test worker] DEBUG org.hibernate.cfg.CollectionSecondPass - Second pass for collection: com.epam.esm.entity.User.orders
17:03:30.372 [Test worker] DEBUG org.hibernate.cfg.annotations.CollectionBinder - Binding a OneToMany: com.epam.esm.entity.User.orders through a foreign key
17:03:30.372 [Test worker] DEBUG org.hibernate.cfg.annotations.CollectionBinder - Mapping collection: com.epam.esm.entity.User.orders -> application_order
17:03:30.372 [Test worker] DEBUG org.hibernate.cfg.annotations.TableBinder - Retrieving property com.epam.esm.entity.Order.user
17:03:30.372 [Test worker] DEBUG org.hibernate.cfg.CollectionSecondPass - Mapped collection key: user_id, one-to-many: com.epam.esm.entity.Order
17:03:30.372 [Test worker] DEBUG org.hibernate.boot.internal.InFlightMetadataCollectorImpl - Resolving reference to class: com.epam.esm.entity.User
17:03:30.372 [Test worker] DEBUG org.hibernate.boot.internal.InFlightMetadataCollectorImpl - Resolving reference to class: com.epam.esm.entity.Role
17:03:30.372 [Test worker] DEBUG org.hibernate.boot.internal.InFlightMetadataCollectorImpl - Resolving reference to class: com.epam.esm.entity.Tag
17:03:30.372 [Test worker] DEBUG org.hibernate.boot.internal.InFlightMetadataCollectorImpl - Resolving reference to class: com.epam.esm.entity.GiftCertificate
17:03:30.373 [Test worker] DEBUG org.hibernate.boot.internal.InFlightMetadataCollectorImpl - Resolving reference to class: com.epam.esm.entity.GiftCertificate
17:03:30.373 [Test worker] DEBUG org.hibernate.boot.internal.InFlightMetadataCollectorImpl - Resolving reference to class: com.epam.esm.entity.Order
17:03:30.374 [Test worker] DEBUG org.hibernate.boot.internal.InFlightMetadataCollectorImpl - Resolving reference to class: com.epam.esm.entity.User
17:03:30.374 [Test worker] DEBUG org.hibernate.boot.internal.InFlightMetadataCollectorImpl - Resolving reference to class: com.epam.esm.entity.Role
17:03:30.374 [Test worker] DEBUG org.hibernate.boot.internal.InFlightMetadataCollectorImpl - Resolving reference to class: com.epam.esm.entity.Tag
17:03:30.374 [Test worker] DEBUG org.hibernate.boot.internal.InFlightMetadataCollectorImpl - Resolving reference to class: com.epam.esm.entity.GiftCertificate
17:03:30.374 [Test worker] DEBUG org.hibernate.boot.internal.InFlightMetadataCollectorImpl - Resolving reference to class: com.epam.esm.entity.GiftCertificate
17:03:30.374 [Test worker] DEBUG org.hibernate.boot.internal.InFlightMetadataCollectorImpl - Resolving reference to class: com.epam.esm.entity.Order
17:03:30.375 [Test worker] DEBUG org.hibernate.internal.SessionFactoryImpl - Building session factory
17:03:30.375 [Test worker] DEBUG org.hibernate.cfg.Settings - SessionFactory name : null
17:03:30.375 [Test worker] DEBUG org.hibernate.cfg.Settings - Automatic flush during beforeCompletion(): enabled
17:03:30.375 [Test worker] DEBUG org.hibernate.cfg.Settings - Automatic session close at end of transaction: disabled
17:03:30.375 [Test worker] DEBUG org.hibernate.cfg.Settings - Statistics: disabled
17:03:30.375 [Test worker] DEBUG org.hibernate.cfg.Settings - Deleted entity synthetic identifier rollback: disabled
17:03:30.375 [Test worker] DEBUG org.hibernate.cfg.Settings - Default entity-mode: pojo
17:03:30.375 [Test worker] DEBUG org.hibernate.cfg.Settings - Check Nullability in Core (should be disabled when Bean Validation is on): enabled
17:03:30.375 [Test worker] DEBUG org.hibernate.cfg.Settings - Allow initialization of lazy state outside session : disabled
17:03:30.375 [Test worker] DEBUG org.hibernate.cfg.Settings - Using BatchFetchStyle : LEGACY
17:03:30.375 [Test worker] DEBUG org.hibernate.cfg.Settings - Default batch fetch size: -1
17:03:30.375 [Test worker] DEBUG org.hibernate.cfg.Settings - Maximum outer join fetch depth: null
17:03:30.376 [Test worker] DEBUG org.hibernate.cfg.Settings - Default null ordering: NONE
17:03:30.376 [Test worker] DEBUG org.hibernate.cfg.Settings - Order SQL updates by primary key: disabled
17:03:30.376 [Test worker] DEBUG org.hibernate.cfg.Settings - Order SQL inserts for batching: disabled
17:03:30.376 [Test worker] DEBUG org.hibernate.cfg.Settings - multi-tenancy strategy : NONE
17:03:30.376 [Test worker] DEBUG org.hibernate.cfg.Settings - JTA Track by Thread: enabled
17:03:30.376 [Test worker] DEBUG org.hibernate.cfg.Settings - Query language substitutions: {}
17:03:30.376 [Test worker] DEBUG org.hibernate.cfg.Settings - Named query checking : enabled
17:03:30.376 [Test worker] DEBUG org.hibernate.cfg.Settings - Second-level cache: disabled
17:03:30.376 [Test worker] DEBUG org.hibernate.cfg.Settings - Second-level query cache: disabled
17:03:30.376 [Test worker] DEBUG org.hibernate.cfg.Settings - Second-level query cache factory: null
17:03:30.376 [Test worker] DEBUG org.hibernate.cfg.Settings - Second-level cache region prefix: null
17:03:30.376 [Test worker] DEBUG org.hibernate.cfg.Settings - Optimize second-level cache for minimal puts: disabled
17:03:30.376 [Test worker] DEBUG org.hibernate.cfg.Settings - Structured second-level cache entries: disabled
17:03:30.376 [Test worker] DEBUG org.hibernate.cfg.Settings - Second-level cache direct-reference entries: disabled
17:03:30.376 [Test worker] DEBUG org.hibernate.cfg.Settings - Automatic eviction of collection cache: disabled
17:03:30.376 [Test worker] DEBUG org.hibernate.cfg.Settings - JDBC batch size: 15
17:03:30.376 [Test worker] DEBUG org.hibernate.cfg.Settings - JDBC batch updates for versioned data: enabled
17:03:30.376 [Test worker] DEBUG org.hibernate.cfg.Settings - Scrollable result sets: enabled
17:03:30.376 [Test worker] DEBUG org.hibernate.cfg.Settings - Wrap result sets: disabled
17:03:30.376 [Test worker] DEBUG org.hibernate.cfg.Settings - JDBC3 getGeneratedKeys(): enabled
17:03:30.376 [Test worker] DEBUG org.hibernate.cfg.Settings - JDBC result set fetch size: null
17:03:30.376 [Test worker] DEBUG org.hibernate.cfg.Settings - Connection release mode: ON_CLOSE
17:03:30.376 [Test worker] DEBUG org.hibernate.cfg.Settings - Generate SQL with comments: disabled
17:03:30.376 [Test worker] DEBUG org.hibernate.cfg.Settings - JPA compliance - query : 
17:03:30.376 [Test worker] DEBUG org.hibernate.cfg.Settings - JPA compliance - closed-handling : 
17:03:30.376 [Test worker] DEBUG org.hibernate.cfg.Settings - JPA compliance - lists : 
17:03:30.376 [Test worker] DEBUG org.hibernate.cfg.Settings - JPA compliance - transactions : 
17:03:30.377 [Test worker] DEBUG org.hibernate.jpa.event.internal.CallbackBuilderLegacyImpl - Adding onPrePersist as PrePersist callback for entity com.epam.esm.entity.Order
17:03:30.379 [Test worker] DEBUG org.hibernate.internal.SessionFactoryImpl - Session factory constructed with filter configurations : {}
17:03:30.379 [Test worker] DEBUG org.hibernate.internal.SessionFactoryImpl - Instantiating session factory with properties: {gopherProxySet=false, awt.toolkit=sun.lwawt.macosx.LWCToolkit, hibernate.id.new_generator_mappings=true, java.specification.version=11, sun.cpu.isalist=, hibernate.resource.beans.container=org.springframework.orm.hibernate5.SpringBeanContainer@479dfe74, hibernate.connection.handling_mode=DELAYED_ACQUISITION_AND_HOLD, sun.jnu.encoding=UTF-8, hibernate.dialect=org.hibernate.dialect.H2Dialect, org.gradle.test.worker=3, hibernate.implicit_naming_strategy=org.springframework.boot.orm.jpa.hibernate.SpringImplicitNamingStrategy, java.class.path=/Users/dzmitryplatonov/.gradle/caches/5.6.2/workerMain/gradle-worker.jar:/Users/dzmitryplatonov/Desktop/workdir/giftcertificates/datasource/build/classes/java/test:/Users/dzmitryplatonov/Desktop/workdir/giftcertificates/datasource/build/resources/test:/Users/dzmitryplatonov/Desktop/workdir/giftcertificates/datasource/build/classes/java/main:/Users/dzmitryplatonov/Desktop/workdir/giftcertificates/datasource/build/resources/main:/Users/dzmitryplatonov/.m2/repository/org/apache/logging/log4j/log4j-web/2.11.2/log4j-web-2.11.2.jar:/Users/dzmitryplatonov/.m2/repository/org/apache/logging/log4j/log4j-core/2.11.2/log4j-core-2.11.2.jar:/Users/dzmitryplatonov/.gradle/caches/modules-2/files-2.1/org.springframework.boot/spring-boot-starter-web/2.1.9.RELEASE/2063870234eebbda3c09dddf9853477fe9e4a719/spring-boot-starter-web-2.1.9.RELEASE.jar:/Users/dzmitryplatonov/.gradle/caches/modules-2/files-2.1/org.springframework.boot/spring-boot-starter-security/2.1.9.RELEASE/bde048665003362d9e16aa75a8804f90dce1d31e/spring-boot-starter-security-2.1.9.RELEASE.jar:/Users/dzmitryplatonov/.gradle/caches/modules-2/files-2.1/org.springframework.boot/spring-boot-starter-data-jpa/2.1.9.RELEASE/784d6d5c525c2dd9fac31031ee6ca2ec8b067af5/spring-boot-starter-data-jpa-2.1.9.RELEASE.jar:/Users/dzmitryplatonov/.gradle/caches/modules-2/files-2.1/org.springframework.boot/spring-boot-starter-aop/2.1.9.RELEASE/74226b26cf15952f639deca38fe919701755c97b/spring-boot-starter-aop-2.1.9.RELEASE.jar:/Users/dzmitryplatonov/.gradle/caches/modules-2/files-2.1/org.springframework.boot/spring-boot-starter-jdbc/2.1.9.RELEASE/3f7d1d67669dfa0ea4ff9216afbeef5bc6a58ecb/spring-boot-starter-jdbc-2.1.9.RELEASE.jar:/Users/dzmitryplatonov/.gradle/caches/modules-2/files-2.1/org.springframework.boot/spring-boot-starter-json/2.1.9.RELEASE/53bdf52bc28b7e753874e0136fb33c9eab184276/spring-boot-starter-json-2.1.9.RELEASE.jar:/Users/dzmitryplatonov/.gradle/caches/modules-2/files-2.1/org.springframework.boot/spring-boot-starter/2.1.9.RELEASE/45d7afa2d9aab4b2984f2c330f507797fbcf501f/spring-boot-starter-2.1.9.RELEASE.jar:/Users/dzmitryplatonov/.gradle/caches/modules-2/files-2.1/org.springframework.boot/spring-boot-starter-logging/2.1.9.RELEASE/802b562b0c602ae9242b659a28b9bf89ca689b2d/spring-boot-starter-logging-2.1.9.RELEASE.jar:/Users/dzmitryplatonov/.m2/repository/org/apache/logging/log4j/log4j-to-slf4j/2.11.2/log4j-to-slf4j-2.11.2.jar:/Users/dzmitryplatonov/.m2/repository/org/apache/logging/log4j/log4j-api/2.11.2/log4j-api-2.11.2.jar:/Users/dzmitryplatonov/.m2/repository/org/hibernate/validator/hibernate-validator/6.0.17.Final/hibernate-validator-6.0.17.Final.jar:/Users/dzmitryplatonov/.m2/repository/javax/validation/validation-api/2.0.1.Final/validation-api-2.0.1.Final.jar:/Users/dzmitryplatonov/.gradle/caches/modules-2/files-2.1/org.springframework.security.oauth.boot/spring-security-oauth2-autoconfigure/2.1.9.RELEASE/abbbf98ebc0454774162add4b412a7ee5da66877/spring-security-oauth2-autoconfigure-2.1.9.RELEASE.jar:/Users/dzmitryplatonov/.gradle/caches/modules-2/files-2.1/com.auth0/jwks-rsa/0.9.0/6e3a813bce7eb07327f2a5384fb178eb21469338/jwks-rsa-0.9.0.jar:/Users/dzmitryplatonov/.gradle/caches/modules-2/files-2.1/io.jsonwebtoken/jjwt/0.9.1/54d2abfc3e63a28824d35bf600d6a5d627da681a/jjwt-0.9.1.jar:/Users/dzmitryplatonov/.gradle/caches/modules-2/files-2.1/io.jsonwebtoken/jjwt-jackson/0.10.7/52b5a612da95a0c0edc867ccac65bb0f6762ed7b/jjwt-jackson-0.10.7.jar:/Users/dzmitryplatonov/.m2/repository/com/fasterxml/jackson/datatype/jackson-datatype-jsr310/2.9.9/jackson-datatype-jsr310-2.9.9.jar:/Users/dzmitryplatonov/.m2/repository/com/fasterxml/jackson/datatype/jackson-datatype-jdk8/2.9.9/jackson-datatype-jdk8-2.9.9.jar:/Users/dzmitryplatonov/.m2/repository/com/fasterxml/jackson/module/jackson-module-parameter-names/2.9.9/jackson-module-parameter-names-2.9.9.jar:/Users/dzmitryplatonov/.gradle/caches/modules-2/files-2.1/com.fasterxml.jackson.core/jackson-databind/2.10.0.pr3/4e17238b159dcd1167b095024fe07f41da1e37ac/jackson-databind-2.10.0.pr3.jar:/Users/dzmitryplatonov/.gradle/caches/modules-2/files-2.1/com.fasterxml.jackson.core/jackson-annotations/2.10.0.pr3/6c99a6d972b8bdd92192bef4b0ff5df164e9cafc/jackson-annotations-2.10.0.pr3.jar:/Users/dzmitryplatonov/.m2/repository/org/springframework/hateoas/spring-hateoas/0.25.1.RELEASE/spring-hateoas-0.25.1.RELEASE.jar:/Users/dzmitryplatonov/.m2/repository/org/springframework/plugin/spring-plugin-core/1.2.0.RELEASE/spring-plugin-core-1.2.0.RELEASE.jar:/Users/dzmitryplatonov/.gradle/caches/modules-2/files-2.1/org.springframework.security/spring-security-oauth2-client/5.1.6.RELEASE/8a77b659f7f6616ca5970796c04106595819f4eb/spring-security-oauth2-client-5.1.6.RELEASE.jar:/Users/dzmitryplatonov/.gradle/caches/modules-2/files-2.1/org.springframework.security/spring-security-oauth2-jose/5.1.6.RELEASE/78f947f9b1ee235f7efbb697e15acd05e16d009a/spring-security-oauth2-jose-5.1.6.RELEASE.jar:/Users/dzmitryplatonov/.gradle/caches/modules-2/files-2.1/org.springframework.security/spring-security-openid/5.2.0.RELEASE/e67725a379bcc03c3edd571d6fec4800b2313a00/spring-security-openid-5.2.0.RELEASE.jar:/Users/dzmitryplatonov/.gradle/caches/modules-2/files-2.1/org.springframework.data/spring-data-jpa/2.1.11.RELEASE/b774364187f5e68379b8c3121232a04686a0325c/spring-data-jpa-2.1.11.RELEASE.jar:/Users/dzmitryplatonov/.gradle/caches/modules-2/files-2.1/org.springframework/spring-orm/5.1.10.RELEASE/ce92238d65405408387b1ae7a5dd5a280f7ea29f/spring-orm-5.1.10.RELEASE.jar:/Users/dzmitryplatonov/.gradle/caches/modules-2/files-2.1/org.springframework/spring-jdbc/5.1.10.RELEASE/48957bfad9656fdba9263539e2fa8f3034939ba8/spring-jdbc-5.1.10.RELEASE.jar:/Users/dzmitryplatonov/.m2/repository/org/postgresql/postgresql/42.2.8/postgresql-42.2.8.jar:/Users/dzmitryplatonov/.gradle/caches/modules-2/files-2.1/org.springframework.boot/spring-boot-starter-tomcat/2.1.9.RELEASE/99bef08a0b7fd10ff9827f0f8e6f49b97cbabf7f/spring-boot-starter-tomcat-2.1.9.RELEASE.jar:/Users/dzmitryplatonov/.m2/repository/javax/annotation/javax.annotation-api/1.3.2/javax.annotation-api-1.3.2.jar:/Users/dzmitryplatonov/.gradle/caches/modules-2/files-2.1/io.jsonwebtoken/jjwt-impl/0.10.7/49cf3b0b6f10eb024104ae39c111c1fd0cd3be64/jjwt-impl-0.10.7.jar:/Users/dzmitryplatonov/.gradle/caches/modules-2/files-2.1/org.junit.jupiter/junit-jupiter-params/5.2.0/d70083080bf3400c181562919cb03bf7588104e1/junit-jupiter-params-5.2.0.jar:/Users/dzmitryplatonov/.gradle/caches/modules-2/files-2.1/org.mockito/mockito-junit-jupiter/2.18.3/827104c6aed482c68159faf320f44f5eb5b03bd/mockito-junit-jupiter-2.18.3.jar:/Users/dzmitryplatonov/.m2/repository/org/mockito/mockito-core/2.28.2/mockito-core-2.28.2.jar:/Users/dzmitryplatonov/.m2/repository/com/h2database/h2/1.4.197/h2-1.4.197.jar:/Users/dzmitryplatonov/.gradle/caches/modules-2/files-2.1/org.springframework/spring-test/5.0.1.RELEASE/47dee3bebbcbcaff1be786b6c0db654ba7376eb9/spring-test-5.0.1.RELEASE.jar:/Users/dzmitryplatonov/.gradle/caches/modules-2/files-2.1/org.junit.jupiter/junit-jupiter-engine/5.3.1/e2676b1786c57a80eb98f5bebd51a3d05e228c40/junit-jupiter-engine-5.3.1.jar:/Users/dzmitryplatonov/.gradle/caches/modules-2/files-2.1/org.junit.jupiter/junit-jupiter-api/5.3.1/a7e97eac2784395cb991403f9641b042ad972941/junit-jupiter-api-5.3.1.jar:/Users/dzmitryplatonov/.gradle/caches/modules-2/files-2.1/org.hibernate/hibernate-core/5.3.12.Final/e1929362fe24a9f62142d18f1ac5b0d7f278ef22/hibernate-core-5.3.12.Final.jar:/Users/dzmitryplatonov/.m2/repository/org/hibernate/common/hibernate-commons-annotations/5.0.4.Final/hibernate-commons-annotations-5.0.4.Final.jar:/Users/dzmitryplatonov/.m2/repository/org/jboss/logging/jboss-logging/3.3.2.Final/jboss-logging-3.3.2.Final.jar:/Users/dzmitryplatonov/.m2/repository/com/fasterxml/classmate/1.3.4/classmate-1.3.4.jar:/Users/dzmitryplatonov/.gradle/caches/modules-2/files-2.1/com.fasterxml.jackson.core/jackson-core/2.10.0.pr3/1d2f9b816bcd00130ddc9dae6c99f7b533afcc73/jackson-core-2.10.0.pr3.jar:/Users/dzmitryplatonov/.gradle/caches/modules-2/files-2.1/org.springframework.security.oauth/spring-security-oauth2/2.3.5.RELEASE/7969f5363398d6d3788bef1740b2ab9509043d51/spring-security-oauth2-2.3.5.RELEASE.jar:/Users/dzmitryplatonov/.gradle/caches/modules-2/files-2.1/org.springframework/spring-webmvc/5.1.10.RELEASE/67b6da7852e89bc0df6ce36a263ac4377fe48e27/spring-webmvc-5.1.10.RELEASE.jar:/Users/dzmitryplatonov/.m2/repository/org/springframework/security/spring-security-config/5.1.6.RELEASE/spring-security-config-5.1.6.RELEASE.jar:/Users/dzmitryplatonov/.gradle/caches/modules-2/files-2.1/org.springframework.security/spring-security-oauth2-core/5.1.6.RELEASE/f3b2623760154aac86d32427696842c7c3d85326/spring-security-oauth2-core-5.1.6.RELEASE.jar:/Users/dzmitryplatonov/.gradle/caches/modules-2/files-2.1/org.springframework.security/spring-security-web/5.2.0.RELEASE/a9ff06ad3fd66cd08545e1a601c66d2256c86e0f/spring-security-web-5.2.0.RELEASE.jar:/Users/dzmitryplatonov/.gradle/caches/modules-2/files-2.1/org.springframework.security/spring-security-core/5.2.0.RELEASE/1c8f36e316a74c245073ce2a70bdf198a58424f6/spring-security-core-5.2.0.RELEASE.jar:/Users/dzmitryplatonov/.gradle/caches/modules-2/files-2.1/org.springframework.boot/spring-boot-autoconfigure/2.1.9.RELEASE/aa6d5e0fef585bec64543b9b8f944a94060e710a/spring-boot-autoconfigure-2.1.9.RELEASE.jar:/Users/dzmitryplatonov/.gradle/caches/modules-2/files-2.1/org.springframework.boot/spring-boot/2.1.9.RELEASE/b18e7287a82ee06c6bb4e79423c25c05b8303dc1/spring-boot-2.1.9.RELEASE.jar:/Users/dzmitryplatonov/.gradle/caches/modules-2/files-2.1/org.springframework/spring-context/5.2.0.RELEASE/a2638a8295f13ed8511c98a2379507677e1d16fa/spring-context-5.2.0.RELEASE.jar:/Users/dzmitryplatonov/.gradle/caches/modules-2/files-2.1/org.springframework/spring-aop/5.2.0.RELEASE/7031d44f063ea68e49b881a985967e7f2c144f3b/spring-aop-5.2.0.RELEASE.jar:/Users/dzmitryplatonov/.gradle/caches/modules-2/files-2.1/org.springframework/spring-web/5.2.0.RELEASE/d5b064196dc014519e751df549b4cc6a753fb191/spring-web-5.2.0.RELEASE.jar:/Users/dzmitryplatonov/.gradle/caches/modules-2/files-2.1/org.springframework.data/spring-data-commons/2.1.11.RELEASE/dace2a47d274ac5f0ac3ff2f47cb0b936bef5b46/spring-data-commons-2.1.11.RELEASE.jar:/Users/dzmitryplatonov/.gradle/caches/modules-2/files-2.1/org.springframework/spring-tx/5.1.10.RELEASE/c32ebb7fb1be3b733304b7873c31817dd434479a/spring-tx-5.1.10.RELEASE.jar:/Users/dzmitryplatonov/.gradle/caches/modules-2/files-2.1/org.springframework/spring-beans/5.2.0.RELEASE/3ae97694618c59e6af695a15e54fabb7e319776/spring-beans-5.2.0.RELEASE.jar:/Users/dzmitryplatonov/.gradle/caches/modules-2/files-2.1/org.springframework/spring-expression/5.2.0.RELEASE/ac6a616451129e717979f18d2bff40528698a46e/spring-expression-5.2.0.RELEASE.jar:/Users/dzmitryplatonov/.gradle/caches/modules-2/files-2.1/org.springframework/spring-core/5.2.0.RELEASE/e0e1b3c304f70ed19d7905975f6f990916ada219/spring-core-5.2.0.RELEASE.jar:/Users/dzmitryplatonov/.m2/repository/com/zaxxer/HikariCP/3.2.0/HikariCP-3.2.0.jar:/Users/dzmitryplatonov/.m2/repository/ch/qos/logback/logback-classic/1.2.3/logback-classic-1.2.3.jar:/Users/dzmitryplatonov/.m2/repository/org/slf4j/jul-to-slf4j/1.7.28/jul-to-slf4j-1.7.28.jar:/Users/dzmitryplatonov/.m2/repository/org/slf4j/slf4j-api/1.7.28/slf4j-api-1.7.28.jar:/Users/dzmitryplatonov/.m2/repository/javax/transaction/javax.transaction-api/1.3/javax.transaction-api-1.3.jar:/Users/dzmitryplatonov/.gradle/caches/modules-2/files-2.1/org.glassfish.jaxb/jaxb-runtime/2.3.1/dd6dda9da676a54c5b36ca2806ff95ee017d8738/jaxb-runtime-2.3.1.jar:/Users/dzmitryplatonov/.m2/repository/javax/xml/bind/jaxb-api/2.3.1/jaxb-api-2.3.1.jar:/Users/dzmitryplatonov/.gradle/caches/modules-2/files-2.1/org.springframework/spring-aspects/5.1.10.RELEASE/b0364caabcde96dc6385480d0f9270613ab04511/spring-aspects-5.1.10.RELEASE.jar:/Users/dzmitryplatonov/.gradle/caches/modules-2/files-2.1/org.springframework.security/spring-security-jwt/1.0.10.RELEASE/19a1ca7a83e9d263a31af5f529da460f8f863451/spring-security-jwt-1.0.10.RELEASE.jar:/Users/dzmitryplatonov/.gradle/caches/modules-2/files-2.1/com.nimbusds/oauth2-oidc-sdk/6.0/e731f0b62727a46ae6d6fded62b5678d28273c3c/oauth2-oidc-sdk-6.0.jar:/Users/dzmitryplatonov/.gradle/caches/modules-2/files-2.1/com.nimbusds/nimbus-jose-jwt/6.0.2/81605278e5df1cf4c3774851649b85cade077fa5/nimbus-jose-jwt-6.0.2.jar:/Users/dzmitryplatonov/.gradle/caches/modules-2/files-2.1/com.google.inject/guice/3.0/9d84f15fe35e2c716a02979fb62f50a29f38aefa/guice-3.0.jar:/Users/dzmitryplatonov/.gradle/caches/modules-2/files-2.1/org.openid4java/openid4java-nodeps/0.9.6/52ca394f5f6d38b78e35a5a6a0a341dc5b3aaf34/openid4java-nodeps-0.9.6.jar:/Users/dzmitryplatonov/.gradle/caches/modules-2/files-2.1/net.sourceforge.nekohtml/nekohtml/1.9.22/4f54af68ecb345f2453fb6884672ad08414154e3/nekohtml-1.9.22.jar:/Users/dzmitryplatonov/.gradle/caches/modules-2/files-2.1/org.apache.httpcomponents/httpclient/4.5.10/7ca2e4276f4ef95e4db725a8cd4a1d1e7585b9e5/httpclient-4.5.10.jar:/Users/dzmitryplatonov/.gradle/caches/modules-2/files-2.1/commons-codec/commons-codec/1.13/3f18e1aa31031d89db6f01ba05d501258ce69d2c/commons-codec-1.13.jar:/Users/dzmitryplatonov/.m2/repository/commons-io/commons-io/2.6/commons-io-2.6.jar:/Users/dzmitryplatonov/.gradle/caches/modules-2/files-2.1/com.google.guava/guava/27.1-jre/e47b59c893079b87743cdcfb6f17ca95c08c592c/guava-27.1-jre.jar:/Users/dzmitryplatonov/.gradle/caches/modules-2/files-2.1/io.jsonwebtoken/jjwt-api/0.10.7/52e888d8424d3c788e23fedfbfc65ce36830ab1a/jjwt-api-0.10.7.jar:/Users/dzmitryplatonov/.m2/repository/org/junit/platform/junit-platform-engine/1.3.1/junit-platform-engine-1.3.1.jar:/Users/dzmitryplatonov/.m2/repository/org/junit/platform/junit-platform-commons/1.3.1/junit-platform-commons-1.3.1.jar:/Users/dzmitryplatonov/.m2/repository/org/apiguardian/apiguardian-api/1.0.0/apiguardian-api-1.0.0.jar:/Users/dzmitryplatonov/.gradle/caches/modules-2/files-2.1/net.bytebuddy/byte-buddy/1.9.11/985bbce599f92d6440582a7d1a5231bfaae9970f/byte-buddy-1.9.11.jar:/Users/dzmitryplatonov/.m2/repository/net/bytebuddy/byte-buddy-agent/1.9.10/byte-buddy-agent-1.9.10.jar:/Users/dzmitryplatonov/.m2/repository/org/objenesis/objenesis/2.6/objenesis-2.6.jar:/Users/dzmitryplatonov/.m2/repository/org/opentest4j/opentest4j/1.1.1/opentest4j-1.1.1.jar:/Users/dzmitryplatonov/.m2/repository/org/aspectj/aspectjweaver/1.9.4/aspectjweaver-1.9.4.jar:/Users/dzmitryplatonov/.m2/repository/javax/activation/javax.activation-api/1.2.0/javax.activation-api-1.2.0.jar:/Users/dzmitryplatonov/.m2/repository/javax/persistence/javax.persistence-api/2.2/javax.persistence-api-2.2.jar:/Users/dzmitryplatonov/.m2/repository/org/javassist/javassist/3.23.2-GA/javassist-3.23.2-GA.jar:/Users/dzmitryplatonov/.m2/repository/antlr/antlr/2.7.7/antlr-2.7.7.jar:/Users/dzmitryplatonov/.m2/repository/org/jboss/jandex/2.0.5.Final/jandex-2.0.5.Final.jar:/Users/dzmitryplatonov/.m2/repository/org/dom4j/dom4j/2.1.1/dom4j-2.1.1.jar:/Users/dzmitryplatonov/.m2/repository/org/yaml/snakeyaml/1.23/snakeyaml-1.23.jar:/Users/dzmitryplatonov/.gradle/caches/modules-2/files-2.1/org.apache.tomcat.embed/tomcat-embed-websocket/9.0.26/8991b1bd82c5745e95a9161472a92dc1e5c7148e/tomcat-embed-websocket-9.0.26.jar:/Users/dzmitryplatonov/.gradle/caches/modules-2/files-2.1/org.apache.tomcat.embed/tomcat-embed-core/9.0.26/6312ba542bc58fa9ee789a43516ce4d862548a6b/tomcat-embed-core-9.0.26.jar:/Users/dzmitryplatonov/.gradle/caches/modules-2/files-2.1/org.apache.tomcat.embed/tomcat-embed-el/9.0.26/a551f05d3ecf5434eaadd75e0b51519447df124/tomcat-embed-el-9.0.26.jar:/Users/dzmitryplatonov/.gradle/caches/modules-2/files-2.1/org.codehaus.jackson/jackson-mapper-asl/1.9.13/1ee2f2bed0e5dd29d1cb155a166e6f8d50bbddb7/jackson-mapper-asl-1.9.13.jar:/Users/dzmitryplatonov/.gradle/caches/modules-2/files-2.1/org.bouncycastle/bcpkix-jdk15on/1.60/d0c46320fbc07be3a24eb13a56cee4e3d38e0c75/bcpkix-jdk15on-1.60.jar:/Users/dzmitryplatonov/.gradle/caches/modules-2/files-2.1/org.glassfish.jaxb/txw2/2.3.1/a09d2c48d3285f206fafbffe0e50619284e92126/txw2-2.3.1.jar:/Users/dzmitryplatonov/.gradle/caches/modules-2/files-2.1/com.sun.istack/istack-commons-runtime/3.0.7/c197c86ceec7318b1284bffb49b54226ca774003/istack-commons-runtime-3.0.7.jar:/Users/dzmitryplatonov/.gradle/caches/modules-2/files-2.1/org.jvnet.staxex/stax-ex/1.8/8cc35f73da321c29973191f2cf143d29d26a1df7/stax-ex-1.8.jar:/Users/dzmitryplatonov/.gradle/caches/modules-2/files-2.1/com.sun.xml.fastinfoset/FastInfoset/1.2.15/bb7b7ec0379982b97c62cd17465cb6d9155f68e8/FastInfoset-1.2.15.jar:/Users/dzmitryplatonov/.gradle/caches/modules-2/files-2.1/com.sun.mail/javax.mail/1.6.1/757ba4630692bb2a1ec2d9d57a616b63f15e947e/javax.mail-1.6.1.jar:/Users/dzmitryplatonov/.gradle/caches/modules-2/files-2.1/com.github.stephenc.jcip/jcip-annotations/1.0-1/ef31541dd28ae2cefdd17c7ebf352d93e9058c63/jcip-annotations-1.0-1.jar:/Users/dzmitryplatonov/.m2/repository/net/minidev/json-smart/2.3/json-smart-2.3.jar:/Users/dzmitryplatonov/.gradle/caches/modules-2/files-2.1/com.nimbusds/lang-tag/1.4.4/1db9a709239ae473a69b5424c7e78d0b7108229d/lang-tag-1.4.4.jar:/Users/dzmitryplatonov/.gradle/caches/modules-2/files-2.1/org.springframework/spring-jcl/5.2.0.RELEASE/59b53ab6f01dd3ba85875b61a284c161584c18a3/spring-jcl-5.2.0.RELEASE.jar:/Users/dzmitryplatonov/.m2/repository/javax/inject/javax.inject/1/javax.inject-1.jar:/Users/dzmitryplatonov/.gradle/caches/modules-2/files-2.1/org.sonatype.sisu.inject/cglib/2.2.1-v20090111/7ce5e983fd0e6c78346f4c9cbfa39d83049dda2/cglib-2.2.1-v20090111.jar:/Users/dzmitryplatonov/.m2/repository/commons-logging/commons-logging/1.2/commons-logging-1.2.jar:/Users/dzmitryplatonov/.m2/repository/net/jcip/jcip-annotations/1.0/jcip-annotations-1.0.jar:/Users/dzmitryplatonov/.m2/repository/xerces/xercesImpl/2.11.0/xercesImpl-2.11.0.jar:/Users/dzmitryplatonov/.gradle/caches/modules-2/files-2.1/org.apache.httpcomponents/httpcore/4.4.12/21ebaf6d532bc350ba95bd81938fa5f0e511c132/httpcore-4.4.12.jar:/Users/dzmitryplatonov/.gradle/caches/modules-2/files-2.1/com.google.guava/failureaccess/1.0.1/1dcf1de382a0bf95a3d8b0849546c88bac1292c9/failureaccess-1.0.1.jar:/Users/dzmitryplatonov/.gradle/caches/modules-2/files-2.1/com.google.guava/listenablefuture/9999.0-empty-to-avoid-conflict-with-guava/b421526c5f297295adef1c886e5246c39d4ac629/listenablefuture-9999.0-empty-to-avoid-conflict-with-guava.jar:/Users/dzmitryplatonov/.m2/repository/com/google/code/findbugs/jsr305/3.0.2/jsr305-3.0.2.jar:/Users/dzmitryplatonov/.gradle/caches/modules-2/files-2.1/org.checkerframework/checker-qual/2.5.2/cea74543d5904a30861a61b4643a5f2bb372efc4/checker-qual-2.5.2.jar:/Users/dzmitryplatonov/.gradle/caches/modules-2/files-2.1/com.google.errorprone/error_prone_annotations/2.2.0/88e3c593e9b3586e1c6177f89267da6fc6986f0c/error_prone_annotations-2.2.0.jar:/Users/dzmitryplatonov/.gradle/caches/modules-2/files-2.1/com.google.j2objc/j2objc-annotations/1.1/ed28ded51a8b1c6b112568def5f4b455e6809019/j2objc-annotations-1.1.jar:/Users/dzmitryplatonov/.gradle/caches/modules-2/files-2.1/org.codehaus.mojo/animal-sniffer-annotations/1.17/f97ce6decaea32b36101e37979f8b647f00681fb/animal-sniffer-annotations-1.17.jar:/Users/dzmitryplatonov/.gradle/caches/modules-2/files-2.1/org.codehaus.jackson/jackson-core-asl/1.9.13/3c304d70f42f832e0a86d45bd437f692129299a4/jackson-core-asl-1.9.13.jar:/Users/dzmitryplatonov/.gradle/caches/modules-2/files-2.1/org.bouncycastle/bcprov-jdk15on/1.60/bd47ad3bd14b8e82595c7adaa143501e60842a84/bcprov-jdk15on-1.60.jar:/Users/dzmitryplatonov/.m2/repository/javax/activation/activation/1.1/activation-1.1.jar:/Users/dzmitryplatonov/.m2/repository/net/minidev/accessors-smart/1.2/accessors-smart-1.2.jar:/Users/dzmitryplatonov/.gradle/caches/modules-2/files-2.1/asm/asm/3.1/c157def142714c544bdea2e6144645702adf7097/asm-3.1.jar:/Users/dzmitryplatonov/.m2/repository/xml-apis/xml-apis/1.4.01/xml-apis-1.4.01.jar:/Users/dzmitryplatonov/.m2/repository/ch/qos/logback/logback-core/1.2.3/logback-core-1.2.3.jar:/Users/dzmitryplatonov/.gradle/caches/modules-2/files-2.1/org.apache.tomcat/tomcat-annotations-api/9.0.26/bb4574456c5db64acfcd2aa6f426d87e6c05a772/tomcat-annotations-api-9.0.26.jar:/Users/dzmitryplatonov/.m2/repository/org/ow2/asm/asm/5.0.4/asm-5.0.4.jar, java.vm.vendor=Oracle Corporation, sun.arch.data.model=64, user.variant=, java.vendor.url=http://java.oracle.com/, user.timezone=Europe/Minsk, os.name=Mac OS X, java.vm.specification.version=11, javax.persistence.validation.mode=AUTO, user.country=BY, sun.java.launcher=SUN_STANDARD, sun.boot.library.path=/Library/Java/JavaVirtualMachines/jdk-11.0.4.jdk/Contents/Home/lib, sun.java.command=worker.org.gradle.process.internal.worker.GradleWorkerMain 'Gradle Test Executor 3', hibernate.transaction.jta.platform=org.hibernate.engine.transaction.jta.platform.internal.NoJtaPlatform@3dfa0e89, http.nonProxyHosts=local|*.local|169.254/16|*.169.254/16, javax.persistence.sharedCache.mode=UNSPECIFIED, jdk.debug=release, sun.cpu.endian=little, user.home=/Users/dzmitryplatonov, user.language=ru, java.specification.vendor=Oracle Corporation, org.gradle.native=false, java.version.date=2019-07-16, java.home=/Library/Java/JavaVirtualMachines/jdk-11.0.4.jdk/Contents/Home, file.separator=/, java.vm.compressedOopsMode=Zero based, line.separator=
, java.specification.name=Java Platform API Specification, java.vm.specification.vendor=Oracle Corporation, hibernate.transaction.coordinator_class=class org.hibernate.resource.transaction.backend.jdbc.internal.JdbcResourceLocalTransactionCoordinatorBuilderImpl, java.awt.graphicsenv=sun.awt.CGraphicsEnvironment, hibernate.hbm2ddl.auto=create-drop, sun.management.compiler=HotSpot 64-Bit Tiered Compilers, ftp.nonProxyHosts=local|*.local|169.254/16|*.169.254/16, java.runtime.version=11.0.4+10-LTS, user.name=dzmitryplatonov, path.separator=:, os.version=10.14.6, java.runtime.name=Java(TM) SE Runtime Environment, file.encoding=UTF-8, hibernate.ejb.persistenceUnitName=default, java.vm.name=Java HotSpot(TM) 64-Bit Server VM, java.vendor.version=18.9, java.vendor.url.bug=http://bugreport.java.com/bugreport/, java.io.tmpdir=/var/folders/nm/5f650mms7n577yq7w4kkdfl80000gn/T/, com.zaxxer.hikari.pool_number=1, java.version=11.0.4, hibernate.physical_naming_strategy=org.springframework.boot.orm.jpa.hibernate.SpringPhysicalNamingStrategy, user.dir=/Users/dzmitryplatonov/Desktop/workdir/giftcertificates/datasource, os.arch=x86_64, java.vm.specification.name=Java Virtual Machine Specification, java.awt.printerjob=sun.lwawt.macosx.CPrinterJob, sun.os.patch.level=unknown, hibernate.boot.CfgXmlAccessService.key=org.hibernate.boot.cfgxml.spi.LoadedConfig@28698bb6, java.library.path=/Users/dzmitryplatonov/Library/Java/Extensions:/Library/Java/Extensions:/Network/Library/Java/Extensions:/System/Library/Java/Extensions:/usr/lib/java:., java.vendor=Oracle Corporation, java.vm.info=mixed mode, java.vm.version=11.0.4+10-LTS, hibernate.bytecode.use_reflection_optimizer=false, sun.io.unicode.encoding=UnicodeBig, hibernate.connection.datasource=HikariDataSource (HikariPool-5), socksNonProxyHosts=local|*.local|169.254/16|*.169.254/16, java.class.version=55.0}
17:03:30.380 [Test worker] DEBUG org.hibernate.validator.internal.engine.resolver.TraversableResolvers - Found javax.persistence.Persistence on classpath containing 'getPersistenceUtil'. Assuming JPA 2 environment. Trying to instantiate JPA aware TraversableResolver
17:03:30.380 [Test worker] DEBUG org.hibernate.validator.internal.engine.resolver.TraversableResolvers - Instantiated JPA aware TraversableResolver of type org.hibernate.validator.internal.engine.resolver.JPATraversableResolver.
17:03:30.380 [Test worker] DEBUG org.hibernate.validator.internal.xml.config.ValidationXmlParser - Trying to load META-INF/validation.xml for XML based Validator configuration.
17:03:30.380 [Test worker] DEBUG org.hibernate.validator.internal.xml.config.ResourceLoaderHelper - Trying to load META-INF/validation.xml via TCCL
17:03:30.381 [Test worker] DEBUG org.hibernate.validator.internal.xml.config.ResourceLoaderHelper - Trying to load META-INF/validation.xml via Hibernate Validator's class loader
17:03:30.381 [Test worker] DEBUG org.hibernate.validator.internal.xml.config.ValidationXmlParser - No META-INF/validation.xml found. Using annotation based configuration only.
17:03:30.386 [Test worker] DEBUG org.hibernate.validator.messageinterpolation.ResourceBundleMessageInterpolator - Loaded expression factory via original TCCL
17:03:30.386 [Test worker] DEBUG org.hibernate.validator.internal.engine.ValidatorFactoryImpl - HV000234: Using org.hibernate.validator.messageinterpolation.ResourceBundleMessageInterpolator as ValidatorFactory-scoped message interpolator.
17:03:30.386 [Test worker] DEBUG org.hibernate.validator.internal.engine.ValidatorFactoryImpl - HV000234: Using org.hibernate.validator.internal.engine.resolver.JPATraversableResolver as ValidatorFactory-scoped traversable resolver.
17:03:30.386 [Test worker] DEBUG org.hibernate.validator.internal.engine.ValidatorFactoryImpl - HV000234: Using org.hibernate.validator.internal.util.ExecutableParameterNameProvider as ValidatorFactory-scoped parameter name provider.
17:03:30.386 [Test worker] DEBUG org.hibernate.validator.internal.engine.ValidatorFactoryImpl - HV000234: Using org.hibernate.validator.internal.engine.DefaultClockProvider as ValidatorFactory-scoped clock provider.
17:03:30.386 [Test worker] DEBUG org.hibernate.validator.internal.engine.ValidatorFactoryImpl - HV000234: Using org.hibernate.validator.internal.engine.scripting.DefaultScriptEvaluatorFactory as ValidatorFactory-scoped script evaluator factory.
17:03:30.386 [Test worker] DEBUG org.hibernate.boot.internal.ClassLoaderAccessImpl - Not known whether passed class name [com.epam.esm.entity.Order] is safe
17:03:30.387 [Test worker] DEBUG org.hibernate.boot.internal.ClassLoaderAccessImpl - No temp ClassLoader provided; using live ClassLoader for loading potentially unsafe class : com.epam.esm.entity.Order
17:03:30.389 [Test worker] DEBUG org.hibernate.boot.internal.ClassLoaderAccessImpl - Not known whether passed class name [com.epam.esm.entity.GiftCertificate] is safe
17:03:30.390 [Test worker] DEBUG org.hibernate.boot.internal.ClassLoaderAccessImpl - No temp ClassLoader provided; using live ClassLoader for loading potentially unsafe class : com.epam.esm.entity.GiftCertificate
17:03:30.393 [Test worker] DEBUG org.hibernate.boot.internal.ClassLoaderAccessImpl - Not known whether passed class name [com.epam.esm.entity.User] is safe
17:03:30.393 [Test worker] DEBUG org.hibernate.boot.internal.ClassLoaderAccessImpl - No temp ClassLoader provided; using live ClassLoader for loading potentially unsafe class : com.epam.esm.entity.User
17:03:30.395 [Test worker] DEBUG org.hibernate.boot.internal.ClassLoaderAccessImpl - Not known whether passed class name [com.epam.esm.entity.Entity] is safe
17:03:30.395 [Test worker] DEBUG org.hibernate.boot.internal.ClassLoaderAccessImpl - No temp ClassLoader provided; using live ClassLoader for loading potentially unsafe class : com.epam.esm.entity.Entity
17:03:30.396 [Test worker] DEBUG org.hibernate.boot.internal.ClassLoaderAccessImpl - Not known whether passed class name [com.epam.esm.entity.Tag] is safe
17:03:30.396 [Test worker] DEBUG org.hibernate.boot.internal.ClassLoaderAccessImpl - No temp ClassLoader provided; using live ClassLoader for loading potentially unsafe class : com.epam.esm.entity.Tag
17:03:30.398 [Test worker] DEBUG org.hibernate.boot.internal.ClassLoaderAccessImpl - Not known whether passed class name [com.epam.esm.entity.OrderCertificate] is safe
17:03:30.398 [Test worker] DEBUG org.hibernate.boot.internal.ClassLoaderAccessImpl - No temp ClassLoader provided; using live ClassLoader for loading potentially unsafe class : com.epam.esm.entity.OrderCertificate
17:03:30.400 [Test worker] DEBUG org.hibernate.boot.internal.ClassLoaderAccessImpl - Not known whether passed class name [com.epam.esm.entity.Role] is safe
17:03:30.400 [Test worker] DEBUG org.hibernate.boot.internal.ClassLoaderAccessImpl - No temp ClassLoader provided; using live ClassLoader for loading potentially unsafe class : com.epam.esm.entity.Role
17:03:30.401 [Test worker] DEBUG org.hibernate.secure.spi.JaccIntegrator - Skipping JACC integration as it was not enabled
17:03:30.401 [Test worker] DEBUG org.hibernate.internal.SessionFactoryImpl - Instantiated session factory
17:03:30.401 [Test worker] DEBUG org.hibernate.type.spi.TypeConfiguration$Scope - Scoping TypeConfiguration [org.hibernate.type.spi.TypeConfiguration@27a425f4] to SessionFactoryImpl [org.hibernate.internal.SessionFactoryImpl@6985486c]
17:03:30.402 [Test worker] DEBUG org.hibernate.boot.internal.ClassLoaderAccessImpl - Not known whether passed class name [com.epam.esm.entity.Order] is safe
17:03:30.402 [Test worker] DEBUG org.hibernate.boot.internal.ClassLoaderAccessImpl - No temp ClassLoader provided; using live ClassLoader for loading potentially unsafe class : com.epam.esm.entity.Order
17:03:30.402 [Test worker] DEBUG org.hibernate.boot.internal.ClassLoaderAccessImpl - Not known whether passed class name [com.epam.esm.entity.Order] is safe
17:03:30.402 [Test worker] DEBUG org.hibernate.boot.internal.ClassLoaderAccessImpl - No temp ClassLoader provided; using live ClassLoader for loading potentially unsafe class : com.epam.esm.entity.Order
17:03:30.412 [Test worker] DEBUG org.hibernate.boot.internal.ClassLoaderAccessImpl - Not known whether passed class name [com.epam.esm.entity.GiftCertificate] is safe
17:03:30.412 [Test worker] DEBUG org.hibernate.boot.internal.ClassLoaderAccessImpl - No temp ClassLoader provided; using live ClassLoader for loading potentially unsafe class : com.epam.esm.entity.GiftCertificate
17:03:30.412 [Test worker] DEBUG org.hibernate.boot.internal.ClassLoaderAccessImpl - Not known whether passed class name [com.epam.esm.entity.GiftCertificate] is safe
17:03:30.412 [Test worker] DEBUG org.hibernate.boot.internal.ClassLoaderAccessImpl - No temp ClassLoader provided; using live ClassLoader for loading potentially unsafe class : com.epam.esm.entity.GiftCertificate
17:03:30.426 [Test worker] DEBUG org.hibernate.boot.internal.ClassLoaderAccessImpl - Not known whether passed class name [com.epam.esm.entity.User] is safe
17:03:30.426 [Test worker] DEBUG org.hibernate.boot.internal.ClassLoaderAccessImpl - No temp ClassLoader provided; using live ClassLoader for loading potentially unsafe class : com.epam.esm.entity.User
17:03:30.426 [Test worker] DEBUG org.hibernate.boot.internal.ClassLoaderAccessImpl - Not known whether passed class name [com.epam.esm.entity.User] is safe
17:03:30.426 [Test worker] DEBUG org.hibernate.boot.internal.ClassLoaderAccessImpl - No temp ClassLoader provided; using live ClassLoader for loading potentially unsafe class : com.epam.esm.entity.User
17:03:30.431 [HikariPool-5 housekeeper] DEBUG com.zaxxer.hikari.pool.HikariPool - HikariPool-5 - Pool stats (total=1, active=0, idle=1, waiting=0)
17:03:30.433 [HikariPool-5 connection adder] DEBUG com.zaxxer.hikari.pool.HikariPool - HikariPool-5 - Added connection conn41: url=jdbc:h2:mem:testdb user=SA
17:03:30.433 [HikariPool-5 connection adder] DEBUG com.zaxxer.hikari.pool.HikariPool - HikariPool-5 - Added connection conn42: url=jdbc:h2:mem:testdb user=SA
17:03:30.434 [HikariPool-5 connection adder] DEBUG com.zaxxer.hikari.pool.HikariPool - HikariPool-5 - Added connection conn43: url=jdbc:h2:mem:testdb user=SA
17:03:30.434 [HikariPool-5 connection adder] DEBUG com.zaxxer.hikari.pool.HikariPool - HikariPool-5 - Added connection conn44: url=jdbc:h2:mem:testdb user=SA
17:03:30.435 [HikariPool-5 connection adder] DEBUG com.zaxxer.hikari.pool.HikariPool - HikariPool-5 - Added connection conn45: url=jdbc:h2:mem:testdb user=SA
17:03:30.436 [HikariPool-5 connection adder] DEBUG com.zaxxer.hikari.pool.HikariPool - HikariPool-5 - Added connection conn46: url=jdbc:h2:mem:testdb user=SA
17:03:30.438 [HikariPool-5 connection adder] DEBUG com.zaxxer.hikari.pool.HikariPool - HikariPool-5 - Added connection conn47: url=jdbc:h2:mem:testdb user=SA
17:03:30.439 [HikariPool-5 connection adder] DEBUG com.zaxxer.hikari.pool.HikariPool - HikariPool-5 - Added connection conn48: url=jdbc:h2:mem:testdb user=SA
17:03:30.440 [HikariPool-5 connection adder] DEBUG com.zaxxer.hikari.pool.HikariPool - HikariPool-5 - Added connection conn49: url=jdbc:h2:mem:testdb user=SA
17:03:30.440 [HikariPool-5 connection adder] DEBUG com.zaxxer.hikari.pool.HikariPool - HikariPool-5 - After adding stats (total=10, active=0, idle=10, waiting=0)
17:03:30.442 [Test worker] DEBUG org.hibernate.boot.internal.ClassLoaderAccessImpl - Not known whether passed class name [com.epam.esm.entity.Entity] is safe
17:03:30.442 [Test worker] DEBUG org.hibernate.boot.internal.ClassLoaderAccessImpl - No temp ClassLoader provided; using live ClassLoader for loading potentially unsafe class : com.epam.esm.entity.Entity
17:03:30.442 [Test worker] DEBUG org.hibernate.boot.internal.ClassLoaderAccessImpl - Not known whether passed class name [com.epam.esm.entity.Entity] is safe
17:03:30.442 [Test worker] DEBUG org.hibernate.boot.internal.ClassLoaderAccessImpl - No temp ClassLoader provided; using live ClassLoader for loading potentially unsafe class : com.epam.esm.entity.Entity
17:03:30.448 [Test worker] DEBUG org.hibernate.boot.internal.ClassLoaderAccessImpl - Not known whether passed class name [com.epam.esm.entity.Tag] is safe
17:03:30.448 [Test worker] DEBUG org.hibernate.boot.internal.ClassLoaderAccessImpl - No temp ClassLoader provided; using live ClassLoader for loading potentially unsafe class : com.epam.esm.entity.Tag
17:03:30.448 [Test worker] DEBUG org.hibernate.boot.internal.ClassLoaderAccessImpl - Not known whether passed class name [com.epam.esm.entity.Tag] is safe
17:03:30.448 [Test worker] DEBUG org.hibernate.boot.internal.ClassLoaderAccessImpl - No temp ClassLoader provided; using live ClassLoader for loading potentially unsafe class : com.epam.esm.entity.Tag
17:03:30.454 [Test worker] DEBUG org.hibernate.boot.internal.ClassLoaderAccessImpl - Not known whether passed class name [com.epam.esm.entity.OrderCertificate] is safe
17:03:30.454 [Test worker] DEBUG org.hibernate.boot.internal.ClassLoaderAccessImpl - No temp ClassLoader provided; using live ClassLoader for loading potentially unsafe class : com.epam.esm.entity.OrderCertificate
17:03:30.454 [Test worker] DEBUG org.hibernate.boot.internal.ClassLoaderAccessImpl - Not known whether passed class name [com.epam.esm.entity.OrderCertificate] is safe
17:03:30.454 [Test worker] DEBUG org.hibernate.boot.internal.ClassLoaderAccessImpl - No temp ClassLoader provided; using live ClassLoader for loading potentially unsafe class : com.epam.esm.entity.OrderCertificate
17:03:30.466 [Test worker] DEBUG org.hibernate.boot.internal.ClassLoaderAccessImpl - Not known whether passed class name [com.epam.esm.entity.Role] is safe
17:03:30.466 [Test worker] DEBUG org.hibernate.boot.internal.ClassLoaderAccessImpl - No temp ClassLoader provided; using live ClassLoader for loading potentially unsafe class : com.epam.esm.entity.Role
17:03:30.466 [Test worker] DEBUG org.hibernate.boot.internal.ClassLoaderAccessImpl - Not known whether passed class name [com.epam.esm.entity.Role] is safe
17:03:30.466 [Test worker] DEBUG org.hibernate.boot.internal.ClassLoaderAccessImpl - No temp ClassLoader provided; using live ClassLoader for loading potentially unsafe class : com.epam.esm.entity.Role
17:03:30.473 [Test worker] DEBUG org.hibernate.persister.collection.AbstractCollectionPersister - Static SQL for collection: com.epam.esm.entity.GiftCertificate.tags
17:03:30.473 [Test worker] DEBUG org.hibernate.persister.collection.AbstractCollectionPersister -  Row insert: insert into certificate_tag (certificate_id, tag_id) values (?, ?)
17:03:30.473 [Test worker] DEBUG org.hibernate.persister.collection.AbstractCollectionPersister -  Row update: update certificate_tag set tag_id=? where certificate_id=? and tag_id=?
17:03:30.473 [Test worker] DEBUG org.hibernate.persister.collection.AbstractCollectionPersister -  Row delete: delete from certificate_tag where certificate_id=? and tag_id=?
17:03:30.474 [Test worker] DEBUG org.hibernate.persister.collection.AbstractCollectionPersister -  One-shot delete: delete from certificate_tag where certificate_id=?
17:03:30.474 [Test worker] DEBUG org.hibernate.persister.collection.AbstractCollectionPersister - Static SQL for collection: com.epam.esm.entity.Order.orderCertificates
17:03:30.474 [Test worker] DEBUG org.hibernate.persister.collection.AbstractCollectionPersister -  Row insert: update order_certificate set order_id=? where id=?
17:03:30.474 [Test worker] DEBUG org.hibernate.persister.collection.AbstractCollectionPersister -  Row update: update order_certificate set  where id=?
17:03:30.474 [Test worker] DEBUG org.hibernate.persister.collection.AbstractCollectionPersister -  Row delete: update order_certificate set order_id=null where order_id=? and id=?
17:03:30.474 [Test worker] DEBUG org.hibernate.persister.collection.AbstractCollectionPersister -  One-shot delete: update order_certificate set order_id=null where order_id=?
17:03:30.474 [Test worker] DEBUG org.hibernate.persister.collection.AbstractCollectionPersister - Static SQL for collection: com.epam.esm.entity.GiftCertificate.orderCertificates
17:03:30.474 [Test worker] DEBUG org.hibernate.persister.collection.AbstractCollectionPersister -  Row insert: update order_certificate set certificate_id=? where id=?
17:03:30.474 [Test worker] DEBUG org.hibernate.persister.collection.AbstractCollectionPersister -  Row update: update order_certificate set  where id=?
17:03:30.474 [Test worker] DEBUG org.hibernate.persister.collection.AbstractCollectionPersister -  Row delete: update order_certificate set certificate_id=null where certificate_id=? and id=?
17:03:30.474 [Test worker] DEBUG org.hibernate.persister.collection.AbstractCollectionPersister -  One-shot delete: update order_certificate set certificate_id=null where certificate_id=?
17:03:30.474 [Test worker] DEBUG org.hibernate.persister.collection.AbstractCollectionPersister - Static SQL for collection: com.epam.esm.entity.User.orders
17:03:30.474 [Test worker] DEBUG org.hibernate.persister.collection.AbstractCollectionPersister -  Row insert: update application_order set user_id=? where id=?
17:03:30.474 [Test worker] DEBUG org.hibernate.persister.collection.AbstractCollectionPersister -  Row update: update application_order set  where id=?
17:03:30.474 [Test worker] DEBUG org.hibernate.persister.collection.AbstractCollectionPersister -  Row delete: update application_order set user_id=null where user_id=? and id=?
17:03:30.474 [Test worker] DEBUG org.hibernate.persister.collection.AbstractCollectionPersister -  One-shot delete: update application_order set user_id=null where user_id=?
17:03:30.475 [Test worker] DEBUG org.hibernate.persister.entity.AbstractEntityPersister - Static SQL for entity: com.epam.esm.entity.Order
17:03:30.475 [Test worker] DEBUG org.hibernate.persister.entity.AbstractEntityPersister -  Version select: select id from application_order where id =?
17:03:30.475 [Test worker] DEBUG org.hibernate.persister.entity.AbstractEntityPersister -  Snapshot select: select order_.id, order_.active_status as active_s2_0_, order_.created_at as created_3_0_, order_.user_id as user_id4_0_ from application_order order_ where order_.id=?
17:03:30.475 [Test worker] DEBUG org.hibernate.persister.entity.AbstractEntityPersister -  Insert 0: insert into application_order (active_status, created_at, user_id, id) values (?, ?, ?, ?)
17:03:30.475 [Test worker] DEBUG org.hibernate.persister.entity.AbstractEntityPersister -  Update 0: update application_order set active_status=?, created_at=?, user_id=? where id=?
17:03:30.475 [Test worker] DEBUG org.hibernate.persister.entity.AbstractEntityPersister -  Delete 0: delete from application_order where id=?
17:03:30.475 [Test worker] DEBUG org.hibernate.persister.entity.AbstractEntityPersister -  Identity insert: insert into application_order (id, active_status, created_at, user_id) values (null, ?, ?, ?)
17:03:30.475 [Test worker] DEBUG org.hibernate.loader.plan.build.internal.spaces.QuerySpacesImpl - Adding QuerySpace : uid = <gen:0> -> org.hibernate.loader.plan.build.internal.spaces.EntityQuerySpaceImpl@72d74034]
17:03:30.475 [Test worker] DEBUG org.hibernate.persister.walking.spi.MetamodelGraphWalker - Visiting attribute path : activeStatus
17:03:30.475 [Test worker] DEBUG org.hibernate.persister.walking.spi.MetamodelGraphWalker - Visiting attribute path : createdAt
17:03:30.475 [Test worker] DEBUG org.hibernate.persister.walking.spi.MetamodelGraphWalker - Visiting attribute path : orderCertificates
17:03:30.475 [Test worker] DEBUG org.hibernate.loader.plan.build.internal.spaces.QuerySpacesImpl - Adding QuerySpace : uid = <gen:1> -> org.hibernate.loader.plan.build.internal.spaces.CollectionQuerySpaceImpl@66b67afe]
17:03:30.475 [Test worker] DEBUG org.hibernate.loader.plan.build.internal.spaces.QuerySpacesImpl - Adding QuerySpace : uid = <gen:2> -> org.hibernate.loader.plan.build.internal.spaces.EntityQuerySpaceImpl@349ffe73]
17:03:30.475 [Test worker] DEBUG org.hibernate.persister.walking.spi.MetamodelGraphWalker - Visiting attribute path : user
17:03:30.476 [Test worker] DEBUG org.hibernate.loader.plan.build.internal.spaces.QuerySpacesImpl - Adding QuerySpace : uid = <gen:3> -> org.hibernate.loader.plan.build.internal.spaces.EntityQuerySpaceImpl@7c81de34]
17:03:30.476 [Test worker] DEBUG org.hibernate.persister.walking.spi.MetamodelGraphWalker - Visiting attribute path : user.email
17:03:30.476 [Test worker] DEBUG org.hibernate.persister.walking.spi.MetamodelGraphWalker - Visiting attribute path : user.orders
17:03:30.476 [Test worker] DEBUG org.hibernate.persister.walking.spi.MetamodelGraphWalker - Property path deemed to be circular : user.orders
17:03:30.476 [Test worker] DEBUG org.hibernate.persister.walking.spi.MetamodelGraphWalker - Visiting attribute path : user.password
17:03:30.476 [Test worker] DEBUG org.hibernate.persister.walking.spi.MetamodelGraphWalker - Visiting attribute path : user.refreshToken
17:03:30.476 [Test worker] DEBUG org.hibernate.persister.walking.spi.MetamodelGraphWalker - Visiting attribute path : user.role
17:03:30.476 [Test worker] DEBUG org.hibernate.loader.plan.build.internal.spaces.QuerySpacesImpl - Adding QuerySpace : uid = <gen:4> -> org.hibernate.loader.plan.build.internal.spaces.EntityQuerySpaceImpl@245928ff]
17:03:30.476 [Test worker] DEBUG org.hibernate.persister.walking.spi.MetamodelGraphWalker - Visiting attribute path : user.role.value
17:03:30.476 [Test worker] DEBUG org.hibernate.loader.plan.build.internal.FetchStyleLoadPlanBuildingAssociationVisitationStrategy - Building LoadPlan...
17:03:30.476 [Test worker] DEBUG org.hibernate.loader.plan.exec.internal.LoadQueryJoinAndFetchProcessor - processing queryspace <gen:0>
17:03:30.477 [Test worker] DEBUG org.hibernate.loader.plan.build.spi.LoadPlanTreePrinter - LoadPlan(entity=com.epam.esm.entity.Order)
    - Returns
       - EntityReturnImpl(entity=com.epam.esm.entity.Order, querySpaceUid=<gen:0>, path=com.epam.esm.entity.Order)
          - CollectionAttributeFetchImpl(collection=com.epam.esm.entity.Order.orderCertificates, querySpaceUid=<gen:1>, path=com.epam.esm.entity.Order.orderCertificates)
             - (collection element) CollectionFetchableElementEntityGraph(entity=com.epam.esm.entity.OrderCertificate, querySpaceUid=<gen:2>, path=com.epam.esm.entity.Order.orderCertificates.<elements>)
          - EntityAttributeFetchImpl(entity=com.epam.esm.entity.User, querySpaceUid=<gen:3>, path=com.epam.esm.entity.Order.user)
             - EntityAttributeFetchImpl(entity=com.epam.esm.entity.Role, querySpaceUid=<gen:4>, path=com.epam.esm.entity.Order.user.role)
    - QuerySpaces
       - EntityQuerySpaceImpl(uid=<gen:0>, entity=com.epam.esm.entity.Order)
          - SQL table alias mapping - order0_
          - alias suffix - 0_
          - suffixed key columns - {id1_0_0_}
          - JOIN (JoinDefinedByMetadata(user)) : <gen:0> -> <gen:3>
             - EntityQuerySpaceImpl(uid=<gen:3>, entity=com.epam.esm.entity.User)
                - SQL table alias mapping - user1_
                - alias suffix - 1_
                - suffixed key columns - {id1_2_1_}
                - JOIN (JoinDefinedByMetadata(role)) : <gen:3> -> <gen:4>
                   - EntityQuerySpaceImpl(uid=<gen:4>, entity=com.epam.esm.entity.Role)
                      - SQL table alias mapping - role2_
                      - alias suffix - 2_
                      - suffixed key columns - {id1_1_2_}

17:03:30.477 [Test worker] DEBUG org.hibernate.loader.entity.plan.EntityLoader - Static select for entity com.epam.esm.entity.Order [NONE]: select order0_.id as id1_0_0_, order0_.active_status as active_s2_0_0_, order0_.created_at as created_3_0_0_, order0_.user_id as user_id4_0_0_, user1_.id as id1_2_1_, user1_.email as email2_2_1_, user1_.password as password3_2_1_, user1_.refresh_token as refresh_4_2_1_, user1_.role_id as role_id5_2_1_, role2_.id as id1_1_2_, role2_.value as value2_1_2_ from application_order order0_ left outer join application_user user1_ on order0_.user_id=user1_.id left outer join application_role role2_ on user1_.role_id=role2_.id where order0_.id=?
17:03:30.477 [Test worker] DEBUG org.hibernate.loader.plan.build.internal.spaces.QuerySpacesImpl - Adding QuerySpace : uid = <gen:0> -> org.hibernate.loader.plan.build.internal.spaces.EntityQuerySpaceImpl@1d7c25c4]
17:03:30.477 [Test worker] DEBUG org.hibernate.persister.walking.spi.MetamodelGraphWalker - Visiting attribute path : activeStatus
17:03:30.477 [Test worker] DEBUG org.hibernate.persister.walking.spi.MetamodelGraphWalker - Visiting attribute path : createdAt
17:03:30.477 [Test worker] DEBUG org.hibernate.persister.walking.spi.MetamodelGraphWalker - Visiting attribute path : orderCertificates
17:03:30.477 [Test worker] DEBUG org.hibernate.loader.plan.build.internal.spaces.QuerySpacesImpl - Adding QuerySpace : uid = <gen:1> -> org.hibernate.loader.plan.build.internal.spaces.CollectionQuerySpaceImpl@6f9015d3]
17:03:30.477 [Test worker] DEBUG org.hibernate.loader.plan.build.internal.spaces.QuerySpacesImpl - Adding QuerySpace : uid = <gen:2> -> org.hibernate.loader.plan.build.internal.spaces.EntityQuerySpaceImpl@7143fb7e]
17:03:30.477 [Test worker] DEBUG org.hibernate.persister.walking.spi.MetamodelGraphWalker - Visiting attribute path : user
17:03:30.477 [Test worker] DEBUG org.hibernate.loader.plan.build.internal.spaces.QuerySpacesImpl - Adding QuerySpace : uid = <gen:3> -> org.hibernate.loader.plan.build.internal.spaces.EntityQuerySpaceImpl@d6db297]
17:03:30.477 [Test worker] DEBUG org.hibernate.persister.walking.spi.MetamodelGraphWalker - Visiting attribute path : user.email
17:03:30.477 [Test worker] DEBUG org.hibernate.persister.walking.spi.MetamodelGraphWalker - Visiting attribute path : user.orders
17:03:30.477 [Test worker] DEBUG org.hibernate.persister.walking.spi.MetamodelGraphWalker - Property path deemed to be circular : user.orders
17:03:30.478 [Test worker] DEBUG org.hibernate.persister.walking.spi.MetamodelGraphWalker - Visiting attribute path : user.password
17:03:30.478 [Test worker] DEBUG org.hibernate.persister.walking.spi.MetamodelGraphWalker - Visiting attribute path : user.refreshToken
17:03:30.478 [Test worker] DEBUG org.hibernate.persister.walking.spi.MetamodelGraphWalker - Visiting attribute path : user.role
17:03:30.478 [Test worker] DEBUG org.hibernate.loader.plan.build.internal.spaces.QuerySpacesImpl - Adding QuerySpace : uid = <gen:4> -> org.hibernate.loader.plan.build.internal.spaces.EntityQuerySpaceImpl@7e1e6726]
17:03:30.478 [Test worker] DEBUG org.hibernate.persister.walking.spi.MetamodelGraphWalker - Visiting attribute path : user.role.value
17:03:30.478 [Test worker] DEBUG org.hibernate.loader.plan.build.internal.FetchStyleLoadPlanBuildingAssociationVisitationStrategy - Building LoadPlan...
17:03:30.478 [Test worker] DEBUG org.hibernate.loader.plan.exec.internal.LoadQueryJoinAndFetchProcessor - processing queryspace <gen:0>
17:03:30.478 [Test worker] DEBUG org.hibernate.loader.plan.build.spi.LoadPlanTreePrinter - LoadPlan(entity=com.epam.esm.entity.Order)
    - Returns
       - EntityReturnImpl(entity=com.epam.esm.entity.Order, querySpaceUid=<gen:0>, path=com.epam.esm.entity.Order)
          - CollectionAttributeFetchImpl(collection=com.epam.esm.entity.Order.orderCertificates, querySpaceUid=<gen:1>, path=com.epam.esm.entity.Order.orderCertificates)
             - (collection element) CollectionFetchableElementEntityGraph(entity=com.epam.esm.entity.OrderCertificate, querySpaceUid=<gen:2>, path=com.epam.esm.entity.Order.orderCertificates.<elements>)
          - EntityAttributeFetchImpl(entity=com.epam.esm.entity.User, querySpaceUid=<gen:3>, path=com.epam.esm.entity.Order.user)
             - EntityAttributeFetchImpl(entity=com.epam.esm.entity.Role, querySpaceUid=<gen:4>, path=com.epam.esm.entity.Order.user.role)
    - QuerySpaces
       - EntityQuerySpaceImpl(uid=<gen:0>, entity=com.epam.esm.entity.Order)
          - SQL table alias mapping - order0_
          - alias suffix - 0_
          - suffixed key columns - {id1_0_0_}
          - JOIN (JoinDefinedByMetadata(user)) : <gen:0> -> <gen:3>
             - EntityQuerySpaceImpl(uid=<gen:3>, entity=com.epam.esm.entity.User)
                - SQL table alias mapping - user1_
                - alias suffix - 1_
                - suffixed key columns - {id1_2_1_}
                - JOIN (JoinDefinedByMetadata(role)) : <gen:3> -> <gen:4>
                   - EntityQuerySpaceImpl(uid=<gen:4>, entity=com.epam.esm.entity.Role)
                      - SQL table alias mapping - role2_
                      - alias suffix - 2_
                      - suffixed key columns - {id1_1_2_}

17:03:30.478 [Test worker] DEBUG org.hibernate.loader.entity.plan.EntityLoader - Static select for entity com.epam.esm.entity.Order [READ]: select order0_.id as id1_0_0_, order0_.active_status as active_s2_0_0_, order0_.created_at as created_3_0_0_, order0_.user_id as user_id4_0_0_, user1_.id as id1_2_1_, user1_.email as email2_2_1_, user1_.password as password3_2_1_, user1_.refresh_token as refresh_4_2_1_, user1_.role_id as role_id5_2_1_, role2_.id as id1_1_2_, role2_.value as value2_1_2_ from application_order order0_ left outer join application_user user1_ on order0_.user_id=user1_.id left outer join application_role role2_ on user1_.role_id=role2_.id where order0_.id=?
17:03:30.479 [Test worker] DEBUG org.hibernate.loader.Loader - Static select for action ACTION_MERGE on entity com.epam.esm.entity.Order: select order0_.id as id1_0_0_, order0_.active_status as active_s2_0_0_, order0_.created_at as created_3_0_0_, order0_.user_id as user_id4_0_0_ from application_order order0_ where order0_.id=?
17:03:30.479 [Test worker] DEBUG org.hibernate.loader.Loader - Static select for action ACTION_REFRESH on entity com.epam.esm.entity.Order: select order0_.id as id1_0_0_, order0_.active_status as active_s2_0_0_, order0_.created_at as created_3_0_0_, order0_.user_id as user_id4_0_0_ from application_order order0_ where order0_.id=?
17:03:30.479 [Test worker] DEBUG org.hibernate.persister.entity.AbstractEntityPersister - Static SQL for entity: com.epam.esm.entity.GiftCertificate
17:03:30.479 [Test worker] DEBUG org.hibernate.persister.entity.AbstractEntityPersister -  Version select: select id from certificate where id =?
17:03:30.479 [Test worker] DEBUG org.hibernate.persister.entity.AbstractEntityPersister -  Snapshot select: select giftcertif_.id, giftcertif_.active_status as active_s2_3_, giftcertif_.creation_date as creation3_3_, giftcertif_.description as descript4_3_, giftcertif_.expiration_date as expirati5_3_, giftcertif_.modification_date as modifica6_3_, giftcertif_.name as name7_3_, giftcertif_.price as price8_3_ from certificate giftcertif_ where giftcertif_.id=?
17:03:30.479 [Test worker] DEBUG org.hibernate.persister.entity.AbstractEntityPersister -  Insert 0: insert into certificate (active_status, creation_date, description, expiration_date, modification_date, name, price, id) values (?, ?, ?, ?, ?, ?, ?, ?)
17:03:30.479 [Test worker] DEBUG org.hibernate.persister.entity.AbstractEntityPersister -  Update 0: update certificate set active_status=?, creation_date=?, description=?, expiration_date=?, modification_date=?, name=?, price=? where id=?
17:03:30.479 [Test worker] DEBUG org.hibernate.persister.entity.AbstractEntityPersister -  Delete 0: delete from certificate where id=?
17:03:30.479 [Test worker] DEBUG org.hibernate.persister.entity.AbstractEntityPersister -  Identity insert: insert into certificate (id, active_status, creation_date, description, expiration_date, modification_date, name, price) values (null, ?, ?, ?, ?, ?, ?, ?)
17:03:30.479 [Test worker] DEBUG org.hibernate.loader.plan.build.internal.spaces.QuerySpacesImpl - Adding QuerySpace : uid = <gen:0> -> org.hibernate.loader.plan.build.internal.spaces.EntityQuerySpaceImpl@70711a00]
17:03:30.480 [Test worker] DEBUG org.hibernate.persister.walking.spi.MetamodelGraphWalker - Visiting attribute path : activeStatus
17:03:30.480 [Test worker] DEBUG org.hibernate.persister.walking.spi.MetamodelGraphWalker - Visiting attribute path : creationDate
17:03:30.480 [Test worker] DEBUG org.hibernate.persister.walking.spi.MetamodelGraphWalker - Visiting attribute path : description
17:03:30.480 [Test worker] DEBUG org.hibernate.persister.walking.spi.MetamodelGraphWalker - Visiting attribute path : expirationDate
17:03:30.480 [Test worker] DEBUG org.hibernate.persister.walking.spi.MetamodelGraphWalker - Visiting attribute path : modificationDate
17:03:30.480 [Test worker] DEBUG org.hibernate.persister.walking.spi.MetamodelGraphWalker - Visiting attribute path : name
17:03:30.480 [Test worker] DEBUG org.hibernate.persister.walking.spi.MetamodelGraphWalker - Visiting attribute path : orderCertificates
17:03:30.480 [Test worker] DEBUG org.hibernate.loader.plan.build.internal.spaces.QuerySpacesImpl - Adding QuerySpace : uid = <gen:1> -> org.hibernate.loader.plan.build.internal.spaces.CollectionQuerySpaceImpl@1249c48c]
17:03:30.480 [Test worker] DEBUG org.hibernate.loader.plan.build.internal.spaces.QuerySpacesImpl - Adding QuerySpace : uid = <gen:2> -> org.hibernate.loader.plan.build.internal.spaces.EntityQuerySpaceImpl@452a192e]
17:03:30.480 [Test worker] DEBUG org.hibernate.persister.walking.spi.MetamodelGraphWalker - Visiting attribute path : price
17:03:30.480 [Test worker] DEBUG org.hibernate.persister.walking.spi.MetamodelGraphWalker - Visiting attribute path : tags
17:03:30.480 [Test worker] DEBUG org.hibernate.loader.plan.build.internal.spaces.QuerySpacesImpl - Adding QuerySpace : uid = <gen:3> -> org.hibernate.loader.plan.build.internal.spaces.CollectionQuerySpaceImpl@3d73aa91]
17:03:30.480 [Test worker] DEBUG org.hibernate.loader.plan.build.internal.spaces.QuerySpacesImpl - Adding QuerySpace : uid = <gen:4> -> org.hibernate.loader.plan.build.internal.spaces.EntityQuerySpaceImpl@3f2a5981]
17:03:30.480 [Test worker] DEBUG org.hibernate.loader.plan.build.internal.FetchStyleLoadPlanBuildingAssociationVisitationStrategy - Building LoadPlan...
17:03:30.480 [Test worker] DEBUG org.hibernate.loader.plan.exec.internal.LoadQueryJoinAndFetchProcessor - processing queryspace <gen:0>
17:03:30.480 [Test worker] DEBUG org.hibernate.loader.plan.build.spi.LoadPlanTreePrinter - LoadPlan(entity=com.epam.esm.entity.GiftCertificate)
    - Returns
       - EntityReturnImpl(entity=com.epam.esm.entity.GiftCertificate, querySpaceUid=<gen:0>, path=com.epam.esm.entity.GiftCertificate)
          - CollectionAttributeFetchImpl(collection=com.epam.esm.entity.GiftCertificate.orderCertificates, querySpaceUid=<gen:1>, path=com.epam.esm.entity.GiftCertificate.orderCertificates)
             - (collection element) CollectionFetchableElementEntityGraph(entity=com.epam.esm.entity.OrderCertificate, querySpaceUid=<gen:2>, path=com.epam.esm.entity.GiftCertificate.orderCertificates.<elements>)
          - CollectionAttributeFetchImpl(collection=com.epam.esm.entity.GiftCertificate.tags, querySpaceUid=<gen:3>, path=com.epam.esm.entity.GiftCertificate.tags)
             - (collection element) CollectionFetchableElementEntityGraph(entity=com.epam.esm.entity.Tag, querySpaceUid=<gen:4>, path=com.epam.esm.entity.GiftCertificate.tags.<elements>)
    - QuerySpaces
       - EntityQuerySpaceImpl(uid=<gen:0>, entity=com.epam.esm.entity.GiftCertificate)
          - SQL table alias mapping - giftcertif0_
          - alias suffix - 0_
          - suffixed key columns - {id1_3_0_}

17:03:30.481 [Test worker] DEBUG org.hibernate.loader.entity.plan.EntityLoader - Static select for entity com.epam.esm.entity.GiftCertificate [NONE]: select giftcertif0_.id as id1_3_0_, giftcertif0_.active_status as active_s2_3_0_, giftcertif0_.creation_date as creation3_3_0_, giftcertif0_.description as descript4_3_0_, giftcertif0_.expiration_date as expirati5_3_0_, giftcertif0_.modification_date as modifica6_3_0_, giftcertif0_.name as name7_3_0_, giftcertif0_.price as price8_3_0_ from certificate giftcertif0_ where giftcertif0_.id=?
17:03:30.481 [Test worker] DEBUG org.hibernate.loader.plan.build.internal.spaces.QuerySpacesImpl - Adding QuerySpace : uid = <gen:0> -> org.hibernate.loader.plan.build.internal.spaces.EntityQuerySpaceImpl@639b874c]
17:03:30.481 [Test worker] DEBUG org.hibernate.persister.walking.spi.MetamodelGraphWalker - Visiting attribute path : activeStatus
17:03:30.481 [Test worker] DEBUG org.hibernate.persister.walking.spi.MetamodelGraphWalker - Visiting attribute path : creationDate
17:03:30.481 [Test worker] DEBUG org.hibernate.persister.walking.spi.MetamodelGraphWalker - Visiting attribute path : description
17:03:30.481 [Test worker] DEBUG org.hibernate.persister.walking.spi.MetamodelGraphWalker - Visiting attribute path : expirationDate
17:03:30.481 [Test worker] DEBUG org.hibernate.persister.walking.spi.MetamodelGraphWalker - Visiting attribute path : modificationDate
17:03:30.481 [Test worker] DEBUG org.hibernate.persister.walking.spi.MetamodelGraphWalker - Visiting attribute path : name
17:03:30.481 [Test worker] DEBUG org.hibernate.persister.walking.spi.MetamodelGraphWalker - Visiting attribute path : orderCertificates
17:03:30.481 [Test worker] DEBUG org.hibernate.loader.plan.build.internal.spaces.QuerySpacesImpl - Adding QuerySpace : uid = <gen:1> -> org.hibernate.loader.plan.build.internal.spaces.CollectionQuerySpaceImpl@566a0a06]
17:03:30.481 [Test worker] DEBUG org.hibernate.loader.plan.build.internal.spaces.QuerySpacesImpl - Adding QuerySpace : uid = <gen:2> -> org.hibernate.loader.plan.build.internal.spaces.EntityQuerySpaceImpl@3b61b71b]
17:03:30.481 [Test worker] DEBUG org.hibernate.persister.walking.spi.MetamodelGraphWalker - Visiting attribute path : price
17:03:30.481 [Test worker] DEBUG org.hibernate.persister.walking.spi.MetamodelGraphWalker - Visiting attribute path : tags
17:03:30.481 [Test worker] DEBUG org.hibernate.loader.plan.build.internal.spaces.QuerySpacesImpl - Adding QuerySpace : uid = <gen:3> -> org.hibernate.loader.plan.build.internal.spaces.CollectionQuerySpaceImpl@47fe6dc]
17:03:30.481 [Test worker] DEBUG org.hibernate.loader.plan.build.internal.spaces.QuerySpacesImpl - Adding QuerySpace : uid = <gen:4> -> org.hibernate.loader.plan.build.internal.spaces.EntityQuerySpaceImpl@1a0741ea]
17:03:30.481 [Test worker] DEBUG org.hibernate.loader.plan.build.internal.FetchStyleLoadPlanBuildingAssociationVisitationStrategy - Building LoadPlan...
17:03:30.481 [Test worker] DEBUG org.hibernate.loader.plan.exec.internal.LoadQueryJoinAndFetchProcessor - processing queryspace <gen:0>
17:03:30.482 [Test worker] DEBUG org.hibernate.loader.plan.build.spi.LoadPlanTreePrinter - LoadPlan(entity=com.epam.esm.entity.GiftCertificate)
    - Returns
       - EntityReturnImpl(entity=com.epam.esm.entity.GiftCertificate, querySpaceUid=<gen:0>, path=com.epam.esm.entity.GiftCertificate)
          - CollectionAttributeFetchImpl(collection=com.epam.esm.entity.GiftCertificate.orderCertificates, querySpaceUid=<gen:1>, path=com.epam.esm.entity.GiftCertificate.orderCertificates)
             - (collection element) CollectionFetchableElementEntityGraph(entity=com.epam.esm.entity.OrderCertificate, querySpaceUid=<gen:2>, path=com.epam.esm.entity.GiftCertificate.orderCertificates.<elements>)
          - CollectionAttributeFetchImpl(collection=com.epam.esm.entity.GiftCertificate.tags, querySpaceUid=<gen:3>, path=com.epam.esm.entity.GiftCertificate.tags)
             - (collection element) CollectionFetchableElementEntityGraph(entity=com.epam.esm.entity.Tag, querySpaceUid=<gen:4>, path=com.epam.esm.entity.GiftCertificate.tags.<elements>)
    - QuerySpaces
       - EntityQuerySpaceImpl(uid=<gen:0>, entity=com.epam.esm.entity.GiftCertificate)
          - SQL table alias mapping - giftcertif0_
          - alias suffix - 0_
          - suffixed key columns - {id1_3_0_}

17:03:30.482 [Test worker] DEBUG org.hibernate.loader.entity.plan.EntityLoader - Static select for entity com.epam.esm.entity.GiftCertificate [READ]: select giftcertif0_.id as id1_3_0_, giftcertif0_.active_status as active_s2_3_0_, giftcertif0_.creation_date as creation3_3_0_, giftcertif0_.description as descript4_3_0_, giftcertif0_.expiration_date as expirati5_3_0_, giftcertif0_.modification_date as modifica6_3_0_, giftcertif0_.name as name7_3_0_, giftcertif0_.price as price8_3_0_ from certificate giftcertif0_ where giftcertif0_.id=?
17:03:30.482 [Test worker] DEBUG org.hibernate.loader.Loader - Static select for action ACTION_MERGE on entity com.epam.esm.entity.GiftCertificate: select giftcertif0_.id as id1_3_2_, giftcertif0_.active_status as active_s2_3_2_, giftcertif0_.creation_date as creation3_3_2_, giftcertif0_.description as descript4_3_2_, giftcertif0_.expiration_date as expirati5_3_2_, giftcertif0_.modification_date as modifica6_3_2_, giftcertif0_.name as name7_3_2_, giftcertif0_.price as price8_3_2_, ordercerti1_.certificate_id as certific4_6_4_, ordercerti1_.id as id1_6_4_, ordercerti1_.id as id1_6_0_, ordercerti1_.certificate_id as certific4_6_0_, ordercerti1_.expiration_date as expirati2_6_0_, ordercerti1_.fixed_price as fixed_pr3_6_0_, ordercerti1_.order_id as order_id5_6_0_, order2_.id as id1_0_1_, order2_.active_status as active_s2_0_1_, order2_.created_at as created_3_0_1_, order2_.user_id as user_id4_0_1_ from certificate giftcertif0_ left outer join order_certificate ordercerti1_ on giftcertif0_.id=ordercerti1_.certificate_id left outer join application_order order2_ on ordercerti1_.order_id=order2_.id where giftcertif0_.id=?
17:03:30.483 [Test worker] DEBUG org.hibernate.loader.Loader - Static select for action ACTION_REFRESH on entity com.epam.esm.entity.GiftCertificate: select giftcertif0_.id as id1_3_2_, giftcertif0_.active_status as active_s2_3_2_, giftcertif0_.creation_date as creation3_3_2_, giftcertif0_.description as descript4_3_2_, giftcertif0_.expiration_date as expirati5_3_2_, giftcertif0_.modification_date as modifica6_3_2_, giftcertif0_.name as name7_3_2_, giftcertif0_.price as price8_3_2_, ordercerti1_.certificate_id as certific4_6_4_, ordercerti1_.id as id1_6_4_, ordercerti1_.id as id1_6_0_, ordercerti1_.certificate_id as certific4_6_0_, ordercerti1_.expiration_date as expirati2_6_0_, ordercerti1_.fixed_price as fixed_pr3_6_0_, ordercerti1_.order_id as order_id5_6_0_, order2_.id as id1_0_1_, order2_.active_status as active_s2_0_1_, order2_.created_at as created_3_0_1_, order2_.user_id as user_id4_0_1_ from certificate giftcertif0_ left outer join order_certificate ordercerti1_ on giftcertif0_.id=ordercerti1_.certificate_id left outer join application_order order2_ on ordercerti1_.order_id=order2_.id where giftcertif0_.id=?
17:03:30.483 [Test worker] DEBUG org.hibernate.persister.entity.AbstractEntityPersister - Static SQL for entity: com.epam.esm.entity.User
17:03:30.483 [Test worker] DEBUG org.hibernate.persister.entity.AbstractEntityPersister -  Version select: select id from application_user where id =?
17:03:30.483 [Test worker] DEBUG org.hibernate.persister.entity.AbstractEntityPersister -  Snapshot select: select user_.id, user_.email as email2_2_, user_.password as password3_2_, user_.refresh_token as refresh_4_2_, user_.role_id as role_id5_2_ from application_user user_ where user_.id=?
17:03:30.483 [Test worker] DEBUG org.hibernate.persister.entity.AbstractEntityPersister -  Insert 0: insert into application_user (email, password, refresh_token, role_id, id) values (?, ?, ?, ?, ?)
17:03:30.483 [Test worker] DEBUG org.hibernate.persister.entity.AbstractEntityPersister -  Update 0: update application_user set email=?, password=?, refresh_token=?, role_id=? where id=?
17:03:30.483 [Test worker] DEBUG org.hibernate.persister.entity.AbstractEntityPersister -  Delete 0: delete from application_user where id=?
17:03:30.483 [Test worker] DEBUG org.hibernate.persister.entity.AbstractEntityPersister -  Identity insert: insert into application_user (id, email, password, refresh_token, role_id) values (null, ?, ?, ?, ?)
17:03:30.483 [Test worker] DEBUG org.hibernate.loader.plan.build.internal.spaces.QuerySpacesImpl - Adding QuerySpace : uid = <gen:0> -> org.hibernate.loader.plan.build.internal.spaces.EntityQuerySpaceImpl@1c3b4296]
17:03:30.483 [Test worker] DEBUG org.hibernate.persister.walking.spi.MetamodelGraphWalker - Visiting attribute path : email
17:03:30.483 [Test worker] DEBUG org.hibernate.persister.walking.spi.MetamodelGraphWalker - Visiting attribute path : orders
17:03:30.484 [Test worker] DEBUG org.hibernate.loader.plan.build.internal.spaces.QuerySpacesImpl - Adding QuerySpace : uid = <gen:1> -> org.hibernate.loader.plan.build.internal.spaces.CollectionQuerySpaceImpl@51e6adf5]
17:03:30.484 [Test worker] DEBUG org.hibernate.loader.plan.build.internal.spaces.QuerySpacesImpl - Adding QuerySpace : uid = <gen:2> -> org.hibernate.loader.plan.build.internal.spaces.EntityQuerySpaceImpl@71cebe32]
17:03:30.484 [Test worker] DEBUG org.hibernate.persister.walking.spi.MetamodelGraphWalker - Visiting attribute path : password
17:03:30.484 [Test worker] DEBUG org.hibernate.persister.walking.spi.MetamodelGraphWalker - Visiting attribute path : refreshToken
17:03:30.484 [Test worker] DEBUG org.hibernate.persister.walking.spi.MetamodelGraphWalker - Visiting attribute path : role
17:03:30.484 [Test worker] DEBUG org.hibernate.loader.plan.build.internal.spaces.QuerySpacesImpl - Adding QuerySpace : uid = <gen:3> -> org.hibernate.loader.plan.build.internal.spaces.EntityQuerySpaceImpl@37276d6f]
17:03:30.484 [Test worker] DEBUG org.hibernate.persister.walking.spi.MetamodelGraphWalker - Visiting attribute path : role.value
17:03:30.484 [Test worker] DEBUG org.hibernate.loader.plan.build.internal.FetchStyleLoadPlanBuildingAssociationVisitationStrategy - Building LoadPlan...
17:03:30.484 [Test worker] DEBUG org.hibernate.loader.plan.exec.internal.LoadQueryJoinAndFetchProcessor - processing queryspace <gen:0>
17:03:30.484 [Test worker] DEBUG org.hibernate.loader.plan.build.spi.LoadPlanTreePrinter - LoadPlan(entity=com.epam.esm.entity.User)
    - Returns
       - EntityReturnImpl(entity=com.epam.esm.entity.User, querySpaceUid=<gen:0>, path=com.epam.esm.entity.User)
          - CollectionAttributeFetchImpl(collection=com.epam.esm.entity.User.orders, querySpaceUid=<gen:1>, path=com.epam.esm.entity.User.orders)
             - (collection element) CollectionFetchableElementEntityGraph(entity=com.epam.esm.entity.Order, querySpaceUid=<gen:2>, path=com.epam.esm.entity.User.orders.<elements>)
          - EntityAttributeFetchImpl(entity=com.epam.esm.entity.Role, querySpaceUid=<gen:3>, path=com.epam.esm.entity.User.role)
    - QuerySpaces
       - EntityQuerySpaceImpl(uid=<gen:0>, entity=com.epam.esm.entity.User)
          - SQL table alias mapping - user0_
          - alias suffix - 0_
          - suffixed key columns - {id1_2_0_}
          - JOIN (JoinDefinedByMetadata(role)) : <gen:0> -> <gen:3>
             - EntityQuerySpaceImpl(uid=<gen:3>, entity=com.epam.esm.entity.Role)
                - SQL table alias mapping - role1_
                - alias suffix - 1_
                - suffixed key columns - {id1_1_1_}

17:03:30.485 [Test worker] DEBUG org.hibernate.loader.entity.plan.EntityLoader - Static select for entity com.epam.esm.entity.User [NONE]: select user0_.id as id1_2_0_, user0_.email as email2_2_0_, user0_.password as password3_2_0_, user0_.refresh_token as refresh_4_2_0_, user0_.role_id as role_id5_2_0_, role1_.id as id1_1_1_, role1_.value as value2_1_1_ from application_user user0_ left outer join application_role role1_ on user0_.role_id=role1_.id where user0_.id=?
17:03:30.485 [Test worker] DEBUG org.hibernate.loader.plan.build.internal.spaces.QuerySpacesImpl - Adding QuerySpace : uid = <gen:0> -> org.hibernate.loader.plan.build.internal.spaces.EntityQuerySpaceImpl@5e28d099]
17:03:30.485 [Test worker] DEBUG org.hibernate.persister.walking.spi.MetamodelGraphWalker - Visiting attribute path : email
17:03:30.485 [Test worker] DEBUG org.hibernate.persister.walking.spi.MetamodelGraphWalker - Visiting attribute path : orders
17:03:30.485 [Test worker] DEBUG org.hibernate.loader.plan.build.internal.spaces.QuerySpacesImpl - Adding QuerySpace : uid = <gen:1> -> org.hibernate.loader.plan.build.internal.spaces.CollectionQuerySpaceImpl@56d39878]
17:03:30.485 [Test worker] DEBUG org.hibernate.loader.plan.build.internal.spaces.QuerySpacesImpl - Adding QuerySpace : uid = <gen:2> -> org.hibernate.loader.plan.build.internal.spaces.EntityQuerySpaceImpl@46dfcd50]
17:03:30.485 [Test worker] DEBUG org.hibernate.persister.walking.spi.MetamodelGraphWalker - Visiting attribute path : password
17:03:30.485 [Test worker] DEBUG org.hibernate.persister.walking.spi.MetamodelGraphWalker - Visiting attribute path : refreshToken
17:03:30.485 [Test worker] DEBUG org.hibernate.persister.walking.spi.MetamodelGraphWalker - Visiting attribute path : role
17:03:30.485 [Test worker] DEBUG org.hibernate.loader.plan.build.internal.spaces.QuerySpacesImpl - Adding QuerySpace : uid = <gen:3> -> org.hibernate.loader.plan.build.internal.spaces.EntityQuerySpaceImpl@5eeb610a]
17:03:30.485 [Test worker] DEBUG org.hibernate.persister.walking.spi.MetamodelGraphWalker - Visiting attribute path : role.value
17:03:30.485 [Test worker] DEBUG org.hibernate.loader.plan.build.internal.FetchStyleLoadPlanBuildingAssociationVisitationStrategy - Building LoadPlan...
17:03:30.486 [Test worker] DEBUG org.hibernate.loader.plan.exec.internal.LoadQueryJoinAndFetchProcessor - processing queryspace <gen:0>
17:03:30.486 [Test worker] DEBUG org.hibernate.loader.plan.build.spi.LoadPlanTreePrinter - LoadPlan(entity=com.epam.esm.entity.User)
    - Returns
       - EntityReturnImpl(entity=com.epam.esm.entity.User, querySpaceUid=<gen:0>, path=com.epam.esm.entity.User)
          - CollectionAttributeFetchImpl(collection=com.epam.esm.entity.User.orders, querySpaceUid=<gen:1>, path=com.epam.esm.entity.User.orders)
             - (collection element) CollectionFetchableElementEntityGraph(entity=com.epam.esm.entity.Order, querySpaceUid=<gen:2>, path=com.epam.esm.entity.User.orders.<elements>)
          - EntityAttributeFetchImpl(entity=com.epam.esm.entity.Role, querySpaceUid=<gen:3>, path=com.epam.esm.entity.User.role)
    - QuerySpaces
       - EntityQuerySpaceImpl(uid=<gen:0>, entity=com.epam.esm.entity.User)
          - SQL table alias mapping - user0_
          - alias suffix - 0_
          - suffixed key columns - {id1_2_0_}
          - JOIN (JoinDefinedByMetadata(role)) : <gen:0> -> <gen:3>
             - EntityQuerySpaceImpl(uid=<gen:3>, entity=com.epam.esm.entity.Role)
                - SQL table alias mapping - role1_
                - alias suffix - 1_
                - suffixed key columns - {id1_1_1_}

17:03:30.486 [Test worker] DEBUG org.hibernate.loader.entity.plan.EntityLoader - Static select for entity com.epam.esm.entity.User [READ]: select user0_.id as id1_2_0_, user0_.email as email2_2_0_, user0_.password as password3_2_0_, user0_.refresh_token as refresh_4_2_0_, user0_.role_id as role_id5_2_0_, role1_.id as id1_1_1_, role1_.value as value2_1_1_ from application_user user0_ left outer join application_role role1_ on user0_.role_id=role1_.id where user0_.id=?
17:03:30.486 [Test worker] DEBUG org.hibernate.loader.Loader - Static select for action ACTION_MERGE on entity com.epam.esm.entity.User: select user0_.id as id1_2_0_, user0_.email as email2_2_0_, user0_.password as password3_2_0_, user0_.refresh_token as refresh_4_2_0_, user0_.role_id as role_id5_2_0_ from application_user user0_ where user0_.id=?
17:03:30.486 [Test worker] DEBUG org.hibernate.loader.Loader - Static select for action ACTION_REFRESH on entity com.epam.esm.entity.User: select user0_.id as id1_2_0_, user0_.email as email2_2_0_, user0_.password as password3_2_0_, user0_.refresh_token as refresh_4_2_0_, user0_.role_id as role_id5_2_0_ from application_user user0_ where user0_.id=?
17:03:30.486 [Test worker] DEBUG org.hibernate.persister.entity.AbstractEntityPersister - Static SQL for entity: com.epam.esm.entity.Entity
17:03:30.486 [Test worker] DEBUG org.hibernate.persister.entity.AbstractEntityPersister -  Version select: select id from entity where id =?
17:03:30.487 [Test worker] DEBUG org.hibernate.persister.entity.AbstractEntityPersister -  Snapshot select: select entity_.id from entity entity_ where entity_.id=?
17:03:30.487 [Test worker] DEBUG org.hibernate.persister.entity.AbstractEntityPersister -  Insert 0: insert into entity (id) values (?)
17:03:30.487 [Test worker] DEBUG org.hibernate.persister.entity.AbstractEntityPersister -  Update 0: null
17:03:30.487 [Test worker] DEBUG org.hibernate.persister.entity.AbstractEntityPersister -  Delete 0: delete from entity where id=?
17:03:30.487 [Test worker] DEBUG org.hibernate.persister.entity.AbstractEntityPersister -  Identity insert: insert into entity (id) values (null)
17:03:30.487 [Test worker] DEBUG org.hibernate.loader.plan.build.internal.spaces.QuerySpacesImpl - Adding QuerySpace : uid = <gen:0> -> org.hibernate.loader.plan.build.internal.spaces.EntityQuerySpaceImpl@50b43a20]
17:03:30.487 [Test worker] DEBUG org.hibernate.loader.plan.build.internal.FetchStyleLoadPlanBuildingAssociationVisitationStrategy - Building LoadPlan...
17:03:30.487 [Test worker] DEBUG org.hibernate.loader.plan.exec.internal.LoadQueryJoinAndFetchProcessor - processing queryspace <gen:0>
17:03:30.487 [Test worker] DEBUG org.hibernate.loader.plan.build.spi.LoadPlanTreePrinter - LoadPlan(entity=com.epam.esm.entity.Entity)
    - Returns
       - EntityReturnImpl(entity=com.epam.esm.entity.Entity, querySpaceUid=<gen:0>, path=com.epam.esm.entity.Entity)
    - QuerySpaces
       - EntityQuerySpaceImpl(uid=<gen:0>, entity=com.epam.esm.entity.Entity)
          - SQL table alias mapping - entity0_
          - alias suffix - 0_
          - suffixed key columns - {id1_5_0_}

17:03:30.487 [Test worker] DEBUG org.hibernate.loader.entity.plan.EntityLoader - Static select for entity com.epam.esm.entity.Entity [NONE]: select entity0_.id as id1_5_0_ from entity entity0_ where entity0_.id=?
17:03:30.487 [Test worker] DEBUG org.hibernate.loader.plan.build.internal.spaces.QuerySpacesImpl - Adding QuerySpace : uid = <gen:0> -> org.hibernate.loader.plan.build.internal.spaces.EntityQuerySpaceImpl@6ddf1717]
17:03:30.487 [Test worker] DEBUG org.hibernate.loader.plan.build.internal.FetchStyleLoadPlanBuildingAssociationVisitationStrategy - Building LoadPlan...
17:03:30.487 [Test worker] DEBUG org.hibernate.loader.plan.exec.internal.LoadQueryJoinAndFetchProcessor - processing queryspace <gen:0>
17:03:30.488 [Test worker] DEBUG org.hibernate.loader.plan.build.spi.LoadPlanTreePrinter - LoadPlan(entity=com.epam.esm.entity.Entity)
    - Returns
       - EntityReturnImpl(entity=com.epam.esm.entity.Entity, querySpaceUid=<gen:0>, path=com.epam.esm.entity.Entity)
    - QuerySpaces
       - EntityQuerySpaceImpl(uid=<gen:0>, entity=com.epam.esm.entity.Entity)
          - SQL table alias mapping - entity0_
          - alias suffix - 0_
          - suffixed key columns - {id1_5_0_}

17:03:30.488 [Test worker] DEBUG org.hibernate.loader.entity.plan.EntityLoader - Static select for entity com.epam.esm.entity.Entity [READ]: select entity0_.id as id1_5_0_ from entity entity0_ where entity0_.id=?
17:03:30.488 [Test worker] DEBUG org.hibernate.loader.Loader - Static select for action ACTION_MERGE on entity com.epam.esm.entity.Entity: select entity0_.id as id1_5_0_ from entity entity0_ where entity0_.id=?
17:03:30.488 [Test worker] DEBUG org.hibernate.loader.Loader - Static select for action ACTION_REFRESH on entity com.epam.esm.entity.Entity: select entity0_.id as id1_5_0_ from entity entity0_ where entity0_.id=?
17:03:30.488 [Test worker] DEBUG org.hibernate.persister.entity.AbstractEntityPersister - Static SQL for entity: com.epam.esm.entity.Tag
17:03:30.488 [Test worker] DEBUG org.hibernate.persister.entity.AbstractEntityPersister -  Version select: select id from tag where id =?
17:03:30.488 [Test worker] DEBUG org.hibernate.persister.entity.AbstractEntityPersister -  Snapshot select: select tag_.id from tag tag_ where tag_.id=?
17:03:30.488 [Test worker] DEBUG org.hibernate.persister.entity.AbstractEntityPersister -  Insert 0: insert into tag (title, id) values (?, ?)
17:03:30.488 [Test worker] DEBUG org.hibernate.persister.entity.AbstractEntityPersister -  Update 0: null
17:03:30.488 [Test worker] DEBUG org.hibernate.persister.entity.AbstractEntityPersister -  Delete 0: delete from tag where id=?
17:03:30.488 [Test worker] DEBUG org.hibernate.persister.entity.AbstractEntityPersister -  Identity insert: insert into tag (id, title) values (null, ?)
17:03:30.489 [Test worker] DEBUG org.hibernate.loader.plan.build.internal.spaces.QuerySpacesImpl - Adding QuerySpace : uid = <gen:0> -> org.hibernate.loader.plan.build.internal.spaces.EntityQuerySpaceImpl@7546b868]
17:03:30.489 [Test worker] DEBUG org.hibernate.persister.walking.spi.MetamodelGraphWalker - Visiting attribute path : title
17:03:30.489 [Test worker] DEBUG org.hibernate.loader.plan.build.internal.FetchStyleLoadPlanBuildingAssociationVisitationStrategy - Building LoadPlan...
17:03:30.489 [Test worker] DEBUG org.hibernate.loader.plan.exec.internal.LoadQueryJoinAndFetchProcessor - processing queryspace <gen:0>
17:03:30.489 [Test worker] DEBUG org.hibernate.loader.plan.build.spi.LoadPlanTreePrinter - LoadPlan(entity=com.epam.esm.entity.Tag)
    - Returns
       - EntityReturnImpl(entity=com.epam.esm.entity.Tag, querySpaceUid=<gen:0>, path=com.epam.esm.entity.Tag)
    - QuerySpaces
       - EntityQuerySpaceImpl(uid=<gen:0>, entity=com.epam.esm.entity.Tag)
          - SQL table alias mapping - tag0_
          - alias suffix - 0_
          - suffixed key columns - {id1_7_0_}

17:03:30.489 [Test worker] DEBUG org.hibernate.loader.entity.plan.EntityLoader - Static select for entity com.epam.esm.entity.Tag [NONE]: select tag0_.id as id1_7_0_, tag0_.title as title2_7_0_ from tag tag0_ where tag0_.id=?
17:03:30.489 [Test worker] DEBUG org.hibernate.loader.plan.build.internal.spaces.QuerySpacesImpl - Adding QuerySpace : uid = <gen:0> -> org.hibernate.loader.plan.build.internal.spaces.EntityQuerySpaceImpl@46ea0ca0]
17:03:30.489 [Test worker] DEBUG org.hibernate.persister.walking.spi.MetamodelGraphWalker - Visiting attribute path : title
17:03:30.490 [Test worker] DEBUG org.hibernate.loader.plan.build.internal.FetchStyleLoadPlanBuildingAssociationVisitationStrategy - Building LoadPlan...
17:03:30.490 [Test worker] DEBUG org.hibernate.loader.plan.exec.internal.LoadQueryJoinAndFetchProcessor - processing queryspace <gen:0>
17:03:30.490 [Test worker] DEBUG org.hibernate.loader.plan.build.spi.LoadPlanTreePrinter - LoadPlan(entity=com.epam.esm.entity.Tag)
    - Returns
       - EntityReturnImpl(entity=com.epam.esm.entity.Tag, querySpaceUid=<gen:0>, path=com.epam.esm.entity.Tag)
    - QuerySpaces
       - EntityQuerySpaceImpl(uid=<gen:0>, entity=com.epam.esm.entity.Tag)
          - SQL table alias mapping - tag0_
          - alias suffix - 0_
          - suffixed key columns - {id1_7_0_}

17:03:30.490 [Test worker] DEBUG org.hibernate.loader.entity.plan.EntityLoader - Static select for entity com.epam.esm.entity.Tag [READ]: select tag0_.id as id1_7_0_, tag0_.title as title2_7_0_ from tag tag0_ where tag0_.id=?
17:03:30.490 [Test worker] DEBUG org.hibernate.loader.Loader - Static select for action ACTION_MERGE on entity com.epam.esm.entity.Tag: select tag0_.id as id1_7_0_, tag0_.title as title2_7_0_ from tag tag0_ where tag0_.id=?
17:03:30.490 [Test worker] DEBUG org.hibernate.loader.Loader - Static select for action ACTION_REFRESH on entity com.epam.esm.entity.Tag: select tag0_.id as id1_7_0_, tag0_.title as title2_7_0_ from tag tag0_ where tag0_.id=?
17:03:30.490 [Test worker] DEBUG org.hibernate.persister.entity.AbstractEntityPersister - Static SQL for entity: com.epam.esm.entity.OrderCertificate
17:03:30.490 [Test worker] DEBUG org.hibernate.persister.entity.AbstractEntityPersister -  Version select: select id from order_certificate where id =?
17:03:30.490 [Test worker] DEBUG org.hibernate.persister.entity.AbstractEntityPersister -  Snapshot select: select ordercerti_.id, ordercerti_.certificate_id as certific4_6_, ordercerti_.expiration_date as expirati2_6_, ordercerti_.fixed_price as fixed_pr3_6_, ordercerti_.order_id as order_id5_6_ from order_certificate ordercerti_ where ordercerti_.id=?
17:03:30.490 [Test worker] DEBUG org.hibernate.persister.entity.AbstractEntityPersister -  Insert 0: insert into order_certificate (certificate_id, expiration_date, fixed_price, order_id, id) values (?, ?, ?, ?, ?)
17:03:30.491 [Test worker] DEBUG org.hibernate.persister.entity.AbstractEntityPersister -  Update 0: update order_certificate set certificate_id=?, expiration_date=?, fixed_price=?, order_id=? where id=?
17:03:30.491 [Test worker] DEBUG org.hibernate.persister.entity.AbstractEntityPersister -  Delete 0: delete from order_certificate where id=?
17:03:30.491 [Test worker] DEBUG org.hibernate.persister.entity.AbstractEntityPersister -  Identity insert: insert into order_certificate (id, certificate_id, expiration_date, fixed_price, order_id) values (null, ?, ?, ?, ?)
17:03:30.491 [Test worker] DEBUG org.hibernate.loader.plan.build.internal.spaces.QuerySpacesImpl - Adding QuerySpace : uid = <gen:0> -> org.hibernate.loader.plan.build.internal.spaces.EntityQuerySpaceImpl@1551a980]
17:03:30.491 [Test worker] DEBUG org.hibernate.persister.walking.spi.MetamodelGraphWalker - Visiting attribute path : certificate
17:03:30.491 [Test worker] DEBUG org.hibernate.loader.plan.build.internal.spaces.QuerySpacesImpl - Adding QuerySpace : uid = <gen:1> -> org.hibernate.loader.plan.build.internal.spaces.EntityQuerySpaceImpl@1636c56e]
17:03:30.491 [Test worker] DEBUG org.hibernate.persister.walking.spi.MetamodelGraphWalker - Visiting attribute path : expirationDate
17:03:30.491 [Test worker] DEBUG org.hibernate.persister.walking.spi.MetamodelGraphWalker - Visiting attribute path : fixedPrice
17:03:30.491 [Test worker] DEBUG org.hibernate.persister.walking.spi.MetamodelGraphWalker - Visiting attribute path : order
17:03:30.491 [Test worker] DEBUG org.hibernate.loader.plan.build.internal.spaces.QuerySpacesImpl - Adding QuerySpace : uid = <gen:2> -> org.hibernate.loader.plan.build.internal.spaces.EntityQuerySpaceImpl@6524e844]
17:03:30.491 [Test worker] DEBUG org.hibernate.persister.walking.spi.MetamodelGraphWalker - Visiting attribute path : order.activeStatus
17:03:30.491 [Test worker] DEBUG org.hibernate.persister.walking.spi.MetamodelGraphWalker - Visiting attribute path : order.createdAt
17:03:30.491 [Test worker] DEBUG org.hibernate.persister.walking.spi.MetamodelGraphWalker - Visiting attribute path : order.orderCertificates
17:03:30.491 [Test worker] DEBUG org.hibernate.persister.walking.spi.MetamodelGraphWalker - Property path deemed to be circular : order.orderCertificates
17:03:30.491 [Test worker] DEBUG org.hibernate.persister.walking.spi.MetamodelGraphWalker - Visiting attribute path : order.user
17:03:30.491 [Test worker] DEBUG org.hibernate.loader.plan.build.internal.spaces.QuerySpacesImpl - Adding QuerySpace : uid = <gen:3> -> org.hibernate.loader.plan.build.internal.spaces.EntityQuerySpaceImpl@7c228c4]
17:03:30.491 [Test worker] DEBUG org.hibernate.persister.walking.spi.MetamodelGraphWalker - Visiting attribute path : order.user.email
17:03:30.491 [Test worker] DEBUG org.hibernate.persister.walking.spi.MetamodelGraphWalker - Visiting attribute path : order.user.orders
17:03:30.491 [Test worker] DEBUG org.hibernate.persister.walking.spi.MetamodelGraphWalker - Property path deemed to be circular : order.user.orders
17:03:30.491 [Test worker] DEBUG org.hibernate.persister.walking.spi.MetamodelGraphWalker - Visiting attribute path : order.user.password
17:03:30.492 [Test worker] DEBUG org.hibernate.persister.walking.spi.MetamodelGraphWalker - Visiting attribute path : order.user.refreshToken
17:03:30.492 [Test worker] DEBUG org.hibernate.persister.walking.spi.MetamodelGraphWalker - Visiting attribute path : order.user.role
17:03:30.492 [Test worker] DEBUG org.hibernate.loader.plan.build.internal.spaces.QuerySpacesImpl - Adding QuerySpace : uid = <gen:4> -> org.hibernate.loader.plan.build.internal.spaces.EntityQuerySpaceImpl@655b2a94]
17:03:30.492 [Test worker] DEBUG org.hibernate.persister.walking.spi.MetamodelGraphWalker - Visiting attribute path : order.user.role.value
17:03:30.492 [Test worker] DEBUG org.hibernate.loader.plan.build.internal.FetchStyleLoadPlanBuildingAssociationVisitationStrategy - Building LoadPlan...
17:03:30.492 [Test worker] DEBUG org.hibernate.loader.plan.exec.internal.LoadQueryJoinAndFetchProcessor - processing queryspace <gen:0>
17:03:30.493 [Test worker] DEBUG org.hibernate.loader.plan.build.spi.LoadPlanTreePrinter - LoadPlan(entity=com.epam.esm.entity.OrderCertificate)
    - Returns
       - EntityReturnImpl(entity=com.epam.esm.entity.OrderCertificate, querySpaceUid=<gen:0>, path=com.epam.esm.entity.OrderCertificate)
          - EntityAttributeFetchImpl(entity=com.epam.esm.entity.GiftCertificate, querySpaceUid=<gen:1>, path=com.epam.esm.entity.OrderCertificate.certificate)
          - EntityAttributeFetchImpl(entity=com.epam.esm.entity.Order, querySpaceUid=<gen:2>, path=com.epam.esm.entity.OrderCertificate.order)
             - EntityAttributeFetchImpl(entity=com.epam.esm.entity.User, querySpaceUid=<gen:3>, path=com.epam.esm.entity.OrderCertificate.order.user)
                - EntityAttributeFetchImpl(entity=com.epam.esm.entity.Role, querySpaceUid=<gen:4>, path=com.epam.esm.entity.OrderCertificate.order.user.role)
    - QuerySpaces
       - EntityQuerySpaceImpl(uid=<gen:0>, entity=com.epam.esm.entity.OrderCertificate)
          - SQL table alias mapping - ordercerti0_
          - alias suffix - 0_
          - suffixed key columns - {id1_6_0_}
          - JOIN (JoinDefinedByMetadata(order)) : <gen:0> -> <gen:2>
             - EntityQuerySpaceImpl(uid=<gen:2>, entity=com.epam.esm.entity.Order)
                - SQL table alias mapping - order1_
                - alias suffix - 1_
                - suffixed key columns - {id1_0_1_}
                - JOIN (JoinDefinedByMetadata(user)) : <gen:2> -> <gen:3>
                   - EntityQuerySpaceImpl(uid=<gen:3>, entity=com.epam.esm.entity.User)
                      - SQL table alias mapping - user2_
                      - alias suffix - 2_
                      - suffixed key columns - {id1_2_2_}
                      - JOIN (JoinDefinedByMetadata(role)) : <gen:3> -> <gen:4>
                         - EntityQuerySpaceImpl(uid=<gen:4>, entity=com.epam.esm.entity.Role)
                            - SQL table alias mapping - role3_
                            - alias suffix - 3_
                            - suffixed key columns - {id1_1_3_}

17:03:30.493 [Test worker] DEBUG org.hibernate.loader.entity.plan.EntityLoader - Static select for entity com.epam.esm.entity.OrderCertificate [NONE]: select ordercerti0_.id as id1_6_0_, ordercerti0_.certificate_id as certific4_6_0_, ordercerti0_.expiration_date as expirati2_6_0_, ordercerti0_.fixed_price as fixed_pr3_6_0_, ordercerti0_.order_id as order_id5_6_0_, order1_.id as id1_0_1_, order1_.active_status as active_s2_0_1_, order1_.created_at as created_3_0_1_, order1_.user_id as user_id4_0_1_, user2_.id as id1_2_2_, user2_.email as email2_2_2_, user2_.password as password3_2_2_, user2_.refresh_token as refresh_4_2_2_, user2_.role_id as role_id5_2_2_, role3_.id as id1_1_3_, role3_.value as value2_1_3_ from order_certificate ordercerti0_ left outer join application_order order1_ on ordercerti0_.order_id=order1_.id left outer join application_user user2_ on order1_.user_id=user2_.id left outer join application_role role3_ on user2_.role_id=role3_.id where ordercerti0_.id=?
17:03:30.493 [Test worker] DEBUG org.hibernate.loader.plan.build.internal.spaces.QuerySpacesImpl - Adding QuerySpace : uid = <gen:0> -> org.hibernate.loader.plan.build.internal.spaces.EntityQuerySpaceImpl@4190763]
17:03:30.493 [Test worker] DEBUG org.hibernate.persister.walking.spi.MetamodelGraphWalker - Visiting attribute path : certificate
17:03:30.493 [Test worker] DEBUG org.hibernate.loader.plan.build.internal.spaces.QuerySpacesImpl - Adding QuerySpace : uid = <gen:1> -> org.hibernate.loader.plan.build.internal.spaces.EntityQuerySpaceImpl@6309d946]
17:03:30.493 [Test worker] DEBUG org.hibernate.persister.walking.spi.MetamodelGraphWalker - Visiting attribute path : expirationDate
17:03:30.493 [Test worker] DEBUG org.hibernate.persister.walking.spi.MetamodelGraphWalker - Visiting attribute path : fixedPrice
17:03:30.493 [Test worker] DEBUG org.hibernate.persister.walking.spi.MetamodelGraphWalker - Visiting attribute path : order
17:03:30.493 [Test worker] DEBUG org.hibernate.loader.plan.build.internal.spaces.QuerySpacesImpl - Adding QuerySpace : uid = <gen:2> -> org.hibernate.loader.plan.build.internal.spaces.EntityQuerySpaceImpl@2d83f8b0]
17:03:30.493 [Test worker] DEBUG org.hibernate.persister.walking.spi.MetamodelGraphWalker - Visiting attribute path : order.activeStatus
17:03:30.493 [Test worker] DEBUG org.hibernate.persister.walking.spi.MetamodelGraphWalker - Visiting attribute path : order.createdAt
17:03:30.493 [Test worker] DEBUG org.hibernate.persister.walking.spi.MetamodelGraphWalker - Visiting attribute path : order.orderCertificates
17:03:30.493 [Test worker] DEBUG org.hibernate.persister.walking.spi.MetamodelGraphWalker - Property path deemed to be circular : order.orderCertificates
17:03:30.493 [Test worker] DEBUG org.hibernate.persister.walking.spi.MetamodelGraphWalker - Visiting attribute path : order.user
17:03:30.494 [Test worker] DEBUG org.hibernate.loader.plan.build.internal.spaces.QuerySpacesImpl - Adding QuerySpace : uid = <gen:3> -> org.hibernate.loader.plan.build.internal.spaces.EntityQuerySpaceImpl@6ce7e451]
17:03:30.494 [Test worker] DEBUG org.hibernate.persister.walking.spi.MetamodelGraphWalker - Visiting attribute path : order.user.email
17:03:30.494 [Test worker] DEBUG org.hibernate.persister.walking.spi.MetamodelGraphWalker - Visiting attribute path : order.user.orders
17:03:30.494 [Test worker] DEBUG org.hibernate.persister.walking.spi.MetamodelGraphWalker - Property path deemed to be circular : order.user.orders
17:03:30.494 [Test worker] DEBUG org.hibernate.persister.walking.spi.MetamodelGraphWalker - Visiting attribute path : order.user.password
17:03:30.494 [Test worker] DEBUG org.hibernate.persister.walking.spi.MetamodelGraphWalker - Visiting attribute path : order.user.refreshToken
17:03:30.494 [Test worker] DEBUG org.hibernate.persister.walking.spi.MetamodelGraphWalker - Visiting attribute path : order.user.role
17:03:30.494 [Test worker] DEBUG org.hibernate.loader.plan.build.internal.spaces.QuerySpacesImpl - Adding QuerySpace : uid = <gen:4> -> org.hibernate.loader.plan.build.internal.spaces.EntityQuerySpaceImpl@73fdf58b]
17:03:30.494 [Test worker] DEBUG org.hibernate.persister.walking.spi.MetamodelGraphWalker - Visiting attribute path : order.user.role.value
17:03:30.494 [Test worker] DEBUG org.hibernate.loader.plan.build.internal.FetchStyleLoadPlanBuildingAssociationVisitationStrategy - Building LoadPlan...
17:03:30.494 [Test worker] DEBUG org.hibernate.loader.plan.exec.internal.LoadQueryJoinAndFetchProcessor - processing queryspace <gen:0>
17:03:30.495 [Test worker] DEBUG org.hibernate.loader.plan.build.spi.LoadPlanTreePrinter - LoadPlan(entity=com.epam.esm.entity.OrderCertificate)
    - Returns
       - EntityReturnImpl(entity=com.epam.esm.entity.OrderCertificate, querySpaceUid=<gen:0>, path=com.epam.esm.entity.OrderCertificate)
          - EntityAttributeFetchImpl(entity=com.epam.esm.entity.GiftCertificate, querySpaceUid=<gen:1>, path=com.epam.esm.entity.OrderCertificate.certificate)
          - EntityAttributeFetchImpl(entity=com.epam.esm.entity.Order, querySpaceUid=<gen:2>, path=com.epam.esm.entity.OrderCertificate.order)
             - EntityAttributeFetchImpl(entity=com.epam.esm.entity.User, querySpaceUid=<gen:3>, path=com.epam.esm.entity.OrderCertificate.order.user)
                - EntityAttributeFetchImpl(entity=com.epam.esm.entity.Role, querySpaceUid=<gen:4>, path=com.epam.esm.entity.OrderCertificate.order.user.role)
    - QuerySpaces
       - EntityQuerySpaceImpl(uid=<gen:0>, entity=com.epam.esm.entity.OrderCertificate)
          - SQL table alias mapping - ordercerti0_
          - alias suffix - 0_
          - suffixed key columns - {id1_6_0_}
          - JOIN (JoinDefinedByMetadata(order)) : <gen:0> -> <gen:2>
             - EntityQuerySpaceImpl(uid=<gen:2>, entity=com.epam.esm.entity.Order)
                - SQL table alias mapping - order1_
                - alias suffix - 1_
                - suffixed key columns - {id1_0_1_}
                - JOIN (JoinDefinedByMetadata(user)) : <gen:2> -> <gen:3>
                   - EntityQuerySpaceImpl(uid=<gen:3>, entity=com.epam.esm.entity.User)
                      - SQL table alias mapping - user2_
                      - alias suffix - 2_
                      - suffixed key columns - {id1_2_2_}
                      - JOIN (JoinDefinedByMetadata(role)) : <gen:3> -> <gen:4>
                         - EntityQuerySpaceImpl(uid=<gen:4>, entity=com.epam.esm.entity.Role)
                            - SQL table alias mapping - role3_
                            - alias suffix - 3_
                            - suffixed key columns - {id1_1_3_}

17:03:30.495 [Test worker] DEBUG org.hibernate.loader.entity.plan.EntityLoader - Static select for entity com.epam.esm.entity.OrderCertificate [READ]: select ordercerti0_.id as id1_6_0_, ordercerti0_.certificate_id as certific4_6_0_, ordercerti0_.expiration_date as expirati2_6_0_, ordercerti0_.fixed_price as fixed_pr3_6_0_, ordercerti0_.order_id as order_id5_6_0_, order1_.id as id1_0_1_, order1_.active_status as active_s2_0_1_, order1_.created_at as created_3_0_1_, order1_.user_id as user_id4_0_1_, user2_.id as id1_2_2_, user2_.email as email2_2_2_, user2_.password as password3_2_2_, user2_.refresh_token as refresh_4_2_2_, user2_.role_id as role_id5_2_2_, role3_.id as id1_1_3_, role3_.value as value2_1_3_ from order_certificate ordercerti0_ left outer join application_order order1_ on ordercerti0_.order_id=order1_.id left outer join application_user user2_ on order1_.user_id=user2_.id left outer join application_role role3_ on user2_.role_id=role3_.id where ordercerti0_.id=?
17:03:30.496 [Test worker] DEBUG org.hibernate.loader.Loader - Static select for action ACTION_MERGE on entity com.epam.esm.entity.OrderCertificate: select ordercerti0_.id as id1_6_3_, ordercerti0_.certificate_id as certific4_6_3_, ordercerti0_.expiration_date as expirati2_6_3_, ordercerti0_.fixed_price as fixed_pr3_6_3_, ordercerti0_.order_id as order_id5_6_3_, giftcertif1_.id as id1_3_0_, giftcertif1_.active_status as active_s2_3_0_, giftcertif1_.creation_date as creation3_3_0_, giftcertif1_.description as descript4_3_0_, giftcertif1_.expiration_date as expirati5_3_0_, giftcertif1_.modification_date as modifica6_3_0_, giftcertif1_.name as name7_3_0_, giftcertif1_.price as price8_3_0_, tags2_.certificate_id as certific1_4_5_, tag3_.id as tag_id2_4_5_, tag3_.id as id1_7_1_, tag3_.title as title2_7_1_, order4_.id as id1_0_2_, order4_.active_status as active_s2_0_2_, order4_.created_at as created_3_0_2_, order4_.user_id as user_id4_0_2_ from order_certificate ordercerti0_ left outer join certificate giftcertif1_ on ordercerti0_.certificate_id=giftcertif1_.id left outer join certificate_tag tags2_ on giftcertif1_.id=tags2_.certificate_id left outer join tag tag3_ on tags2_.tag_id=tag3_.id left outer join application_order order4_ on ordercerti0_.order_id=order4_.id where ordercerti0_.id=?
17:03:30.496 [Test worker] DEBUG org.hibernate.loader.Loader - Static select for action ACTION_REFRESH on entity com.epam.esm.entity.OrderCertificate: select ordercerti0_.id as id1_6_2_, ordercerti0_.certificate_id as certific4_6_2_, ordercerti0_.expiration_date as expirati2_6_2_, ordercerti0_.fixed_price as fixed_pr3_6_2_, ordercerti0_.order_id as order_id5_6_2_, giftcertif1_.id as id1_3_0_, giftcertif1_.active_status as active_s2_3_0_, giftcertif1_.creation_date as creation3_3_0_, giftcertif1_.description as descript4_3_0_, giftcertif1_.expiration_date as expirati5_3_0_, giftcertif1_.modification_date as modifica6_3_0_, giftcertif1_.name as name7_3_0_, giftcertif1_.price as price8_3_0_, order2_.id as id1_0_1_, order2_.active_status as active_s2_0_1_, order2_.created_at as created_3_0_1_, order2_.user_id as user_id4_0_1_ from order_certificate ordercerti0_ left outer join certificate giftcertif1_ on ordercerti0_.certificate_id=giftcertif1_.id left outer join application_order order2_ on ordercerti0_.order_id=order2_.id where ordercerti0_.id=?
17:03:30.496 [Test worker] DEBUG org.hibernate.persister.entity.AbstractEntityPersister - Static SQL for entity: com.epam.esm.entity.Role
17:03:30.496 [Test worker] DEBUG org.hibernate.persister.entity.AbstractEntityPersister -  Version select: select id from application_role where id =?
17:03:30.496 [Test worker] DEBUG org.hibernate.persister.entity.AbstractEntityPersister -  Snapshot select: select role_.id, role_.value as value2_1_ from application_role role_ where role_.id=?
17:03:30.496 [Test worker] DEBUG org.hibernate.persister.entity.AbstractEntityPersister -  Insert 0: insert into application_role (value, id) values (?, ?)
17:03:30.496 [Test worker] DEBUG org.hibernate.persister.entity.AbstractEntityPersister -  Update 0: update application_role set value=? where id=?
17:03:30.496 [Test worker] DEBUG org.hibernate.persister.entity.AbstractEntityPersister -  Delete 0: delete from application_role where id=?
17:03:30.496 [Test worker] DEBUG org.hibernate.persister.entity.AbstractEntityPersister -  Identity insert: insert into application_role (id, value) values (null, ?)
17:03:30.497 [Test worker] DEBUG org.hibernate.loader.plan.build.internal.spaces.QuerySpacesImpl - Adding QuerySpace : uid = <gen:0> -> org.hibernate.loader.plan.build.internal.spaces.EntityQuerySpaceImpl@2f8a1306]
17:03:30.497 [Test worker] DEBUG org.hibernate.persister.walking.spi.MetamodelGraphWalker - Visiting attribute path : value
17:03:30.497 [Test worker] DEBUG org.hibernate.loader.plan.build.internal.FetchStyleLoadPlanBuildingAssociationVisitationStrategy - Building LoadPlan...
17:03:30.497 [Test worker] DEBUG org.hibernate.loader.plan.exec.internal.LoadQueryJoinAndFetchProcessor - processing queryspace <gen:0>
17:03:30.497 [Test worker] DEBUG org.hibernate.loader.plan.build.spi.LoadPlanTreePrinter - LoadPlan(entity=com.epam.esm.entity.Role)
    - Returns
       - EntityReturnImpl(entity=com.epam.esm.entity.Role, querySpaceUid=<gen:0>, path=com.epam.esm.entity.Role)
    - QuerySpaces
       - EntityQuerySpaceImpl(uid=<gen:0>, entity=com.epam.esm.entity.Role)
          - SQL table alias mapping - role0_
          - alias suffix - 0_
          - suffixed key columns - {id1_1_0_}

17:03:30.497 [Test worker] DEBUG org.hibernate.loader.entity.plan.EntityLoader - Static select for entity com.epam.esm.entity.Role [NONE]: select role0_.id as id1_1_0_, role0_.value as value2_1_0_ from application_role role0_ where role0_.id=?
17:03:30.497 [Test worker] DEBUG org.hibernate.loader.plan.build.internal.spaces.QuerySpacesImpl - Adding QuerySpace : uid = <gen:0> -> org.hibernate.loader.plan.build.internal.spaces.EntityQuerySpaceImpl@3cda2f72]
17:03:30.497 [Test worker] DEBUG org.hibernate.persister.walking.spi.MetamodelGraphWalker - Visiting attribute path : value
17:03:30.497 [Test worker] DEBUG org.hibernate.loader.plan.build.internal.FetchStyleLoadPlanBuildingAssociationVisitationStrategy - Building LoadPlan...
17:03:30.497 [Test worker] DEBUG org.hibernate.loader.plan.exec.internal.LoadQueryJoinAndFetchProcessor - processing queryspace <gen:0>
17:03:30.497 [Test worker] DEBUG org.hibernate.loader.plan.build.spi.LoadPlanTreePrinter - LoadPlan(entity=com.epam.esm.entity.Role)
    - Returns
       - EntityReturnImpl(entity=com.epam.esm.entity.Role, querySpaceUid=<gen:0>, path=com.epam.esm.entity.Role)
    - QuerySpaces
       - EntityQuerySpaceImpl(uid=<gen:0>, entity=com.epam.esm.entity.Role)
          - SQL table alias mapping - role0_
          - alias suffix - 0_
          - suffixed key columns - {id1_1_0_}

17:03:30.498 [Test worker] DEBUG org.hibernate.loader.entity.plan.EntityLoader - Static select for entity com.epam.esm.entity.Role [READ]: select role0_.id as id1_1_0_, role0_.value as value2_1_0_ from application_role role0_ where role0_.id=?
17:03:30.498 [Test worker] DEBUG org.hibernate.loader.Loader - Static select for action ACTION_MERGE on entity com.epam.esm.entity.Role: select role0_.id as id1_1_0_, role0_.value as value2_1_0_ from application_role role0_ where role0_.id=?
17:03:30.498 [Test worker] DEBUG org.hibernate.loader.Loader - Static select for action ACTION_REFRESH on entity com.epam.esm.entity.Role: select role0_.id as id1_1_0_, role0_.value as value2_1_0_ from application_role role0_ where role0_.id=?
17:03:30.498 [Test worker] DEBUG org.hibernate.loader.plan.build.internal.spaces.QuerySpacesImpl - Adding QuerySpace : uid = <gen:0> -> org.hibernate.loader.plan.build.internal.spaces.CollectionQuerySpaceImpl@5a9fc9bf]
17:03:30.498 [Test worker] DEBUG org.hibernate.loader.plan.build.internal.spaces.QuerySpacesImpl - Adding QuerySpace : uid = <gen:1> -> org.hibernate.loader.plan.build.internal.spaces.EntityQuerySpaceImpl@442c184d]
17:03:30.498 [Test worker] DEBUG org.hibernate.persister.walking.spi.MetamodelGraphWalker - Visiting attribute path : title
17:03:30.498 [Test worker] DEBUG org.hibernate.loader.plan.build.internal.FetchStyleLoadPlanBuildingAssociationVisitationStrategy - Building LoadPlan...
17:03:30.499 [Test worker] DEBUG org.hibernate.loader.plan.exec.internal.LoadQueryJoinAndFetchProcessor - processing queryspace <gen:0>
17:03:30.499 [Test worker] DEBUG org.hibernate.loader.plan.build.spi.LoadPlanTreePrinter - LoadPlan(collection=com.epam.esm.entity.GiftCertificate.tags)
    - Returns
       - CollectionReturnImpl(collection=com.epam.esm.entity.GiftCertificate.tags, querySpaceUid=<gen:0>, path=[com.epam.esm.entity.GiftCertificate.tags])
          - (collection element) CollectionFetchableElementEntityGraph(entity=com.epam.esm.entity.Tag, querySpaceUid=<gen:1>, path=[com.epam.esm.entity.GiftCertificate.tags].<elements>)
    - QuerySpaces
       - CollectionQuerySpaceImpl(uid=<gen:0>, collection=com.epam.esm.entity.GiftCertificate.tags)
          - SQL table alias mapping - tags0_
          - alias suffix - 0_
          - suffixed key columns - {certific1_4_0_}
          - entity-element alias suffix - 1_
          - 1_entity-element suffixed key columns - id1_7_1_
          - JOIN (JoinDefinedByMetadata(elements)) : <gen:0> -> <gen:1>
             - EntityQuerySpaceImpl(uid=<gen:1>, entity=com.epam.esm.entity.Tag)
                - SQL table alias mapping - tag1_
                - alias suffix - 1_
                - suffixed key columns - {id1_7_1_}

17:03:30.499 [Test worker] DEBUG org.hibernate.loader.collection.plan.CollectionLoader - Static select for collection com.epam.esm.entity.GiftCertificate.tags: select tags0_.certificate_id as certific1_4_0_, tags0_.tag_id as tag_id2_4_0_, tag1_.id as id1_7_1_, tag1_.title as title2_7_1_ from certificate_tag tags0_ inner join tag tag1_ on tags0_.tag_id=tag1_.id where tags0_.certificate_id=?
17:03:30.499 [Test worker] DEBUG org.hibernate.loader.plan.build.internal.spaces.QuerySpacesImpl - Adding QuerySpace : uid = <gen:0> -> org.hibernate.loader.plan.build.internal.spaces.CollectionQuerySpaceImpl@3f37b437]
17:03:30.499 [Test worker] DEBUG org.hibernate.loader.plan.build.internal.spaces.QuerySpacesImpl - Adding QuerySpace : uid = <gen:1> -> org.hibernate.loader.plan.build.internal.spaces.EntityQuerySpaceImpl@1bfd3dec]
17:03:30.499 [Test worker] DEBUG org.hibernate.persister.walking.spi.MetamodelGraphWalker - Visiting attribute path : certificate
17:03:30.499 [Test worker] DEBUG org.hibernate.loader.plan.build.internal.spaces.QuerySpacesImpl - Adding QuerySpace : uid = <gen:2> -> org.hibernate.loader.plan.build.internal.spaces.EntityQuerySpaceImpl@21a63b28]
17:03:30.499 [Test worker] DEBUG org.hibernate.persister.walking.spi.MetamodelGraphWalker - Visiting attribute path : expirationDate
17:03:30.499 [Test worker] DEBUG org.hibernate.persister.walking.spi.MetamodelGraphWalker - Visiting attribute path : fixedPrice
17:03:30.499 [Test worker] DEBUG org.hibernate.persister.walking.spi.MetamodelGraphWalker - Visiting attribute path : order
17:03:30.499 [Test worker] DEBUG org.hibernate.persister.walking.spi.MetamodelGraphWalker - Property path deemed to be circular : order
17:03:30.499 [Test worker] DEBUG org.hibernate.loader.plan.build.internal.FetchStyleLoadPlanBuildingAssociationVisitationStrategy - Building LoadPlan...
17:03:30.500 [Test worker] DEBUG org.hibernate.loader.plan.exec.internal.LoadQueryJoinAndFetchProcessor - processing queryspace <gen:0>
17:03:30.500 [Test worker] DEBUG org.hibernate.loader.plan.build.spi.LoadPlanTreePrinter - LoadPlan(collection=com.epam.esm.entity.Order.orderCertificates)
    - Returns
       - CollectionReturnImpl(collection=com.epam.esm.entity.Order.orderCertificates, querySpaceUid=<gen:0>, path=[com.epam.esm.entity.Order.orderCertificates])
          - (collection element) CollectionFetchableElementEntityGraph(entity=com.epam.esm.entity.OrderCertificate, querySpaceUid=<gen:1>, path=[com.epam.esm.entity.Order.orderCertificates].<elements>)
             - EntityAttributeFetchImpl(entity=com.epam.esm.entity.GiftCertificate, querySpaceUid=<gen:2>, path=[com.epam.esm.entity.Order.orderCertificates].<elements>.certificate)
    - QuerySpaces
       - CollectionQuerySpaceImpl(uid=<gen:0>, collection=com.epam.esm.entity.Order.orderCertificates)
          - SQL table alias mapping - ordercerti0_
          - alias suffix - 0_
          - suffixed key columns - {order_id5_6_0_}
          - entity-element alias suffix - 1_
          - 1_entity-element suffixed key columns - id1_6_1_
          - JOIN (JoinDefinedByMetadata(elements)) : <gen:0> -> <gen:1>
             - EntityQuerySpaceImpl(uid=<gen:1>, entity=com.epam.esm.entity.OrderCertificate)
                - SQL table alias mapping - ordercerti0_
                - alias suffix - 1_
                - suffixed key columns - {id1_6_1_}

17:03:30.500 [Test worker] DEBUG org.hibernate.loader.collection.plan.CollectionLoader - Static select for collection com.epam.esm.entity.Order.orderCertificates: select ordercerti0_.order_id as order_id5_6_0_, ordercerti0_.id as id1_6_0_, ordercerti0_.id as id1_6_1_, ordercerti0_.certificate_id as certific4_6_1_, ordercerti0_.expiration_date as expirati2_6_1_, ordercerti0_.fixed_price as fixed_pr3_6_1_, ordercerti0_.order_id as order_id5_6_1_ from order_certificate ordercerti0_ where ordercerti0_.order_id=?
17:03:30.500 [Test worker] DEBUG org.hibernate.loader.plan.build.internal.spaces.QuerySpacesImpl - Adding QuerySpace : uid = <gen:0> -> org.hibernate.loader.plan.build.internal.spaces.CollectionQuerySpaceImpl@53c660ad]
17:03:30.500 [Test worker] DEBUG org.hibernate.loader.plan.build.internal.spaces.QuerySpacesImpl - Adding QuerySpace : uid = <gen:1> -> org.hibernate.loader.plan.build.internal.spaces.EntityQuerySpaceImpl@415563fd]
17:03:30.500 [Test worker] DEBUG org.hibernate.persister.walking.spi.MetamodelGraphWalker - Visiting attribute path : certificate
17:03:30.500 [Test worker] DEBUG org.hibernate.persister.walking.spi.MetamodelGraphWalker - Property path deemed to be circular : certificate
17:03:30.500 [Test worker] DEBUG org.hibernate.persister.walking.spi.MetamodelGraphWalker - Visiting attribute path : expirationDate
17:03:30.500 [Test worker] DEBUG org.hibernate.persister.walking.spi.MetamodelGraphWalker - Visiting attribute path : fixedPrice
17:03:30.500 [Test worker] DEBUG org.hibernate.persister.walking.spi.MetamodelGraphWalker - Visiting attribute path : order
17:03:30.500 [Test worker] DEBUG org.hibernate.loader.plan.build.internal.spaces.QuerySpacesImpl - Adding QuerySpace : uid = <gen:2> -> org.hibernate.loader.plan.build.internal.spaces.EntityQuerySpaceImpl@7362254]
17:03:30.501 [Test worker] DEBUG org.hibernate.persister.walking.spi.MetamodelGraphWalker - Visiting attribute path : order.activeStatus
17:03:30.501 [Test worker] DEBUG org.hibernate.persister.walking.spi.MetamodelGraphWalker - Visiting attribute path : order.createdAt
17:03:30.501 [Test worker] DEBUG org.hibernate.persister.walking.spi.MetamodelGraphWalker - Visiting attribute path : order.orderCertificates
17:03:30.501 [Test worker] DEBUG org.hibernate.persister.walking.spi.MetamodelGraphWalker - Property path deemed to be circular : order.orderCertificates
17:03:30.501 [Test worker] DEBUG org.hibernate.persister.walking.spi.MetamodelGraphWalker - Visiting attribute path : order.user
17:03:30.501 [Test worker] DEBUG org.hibernate.loader.plan.build.internal.spaces.QuerySpacesImpl - Adding QuerySpace : uid = <gen:3> -> org.hibernate.loader.plan.build.internal.spaces.EntityQuerySpaceImpl@4d31eede]
17:03:30.501 [Test worker] DEBUG org.hibernate.persister.walking.spi.MetamodelGraphWalker - Visiting attribute path : order.user.email
17:03:30.501 [Test worker] DEBUG org.hibernate.persister.walking.spi.MetamodelGraphWalker - Visiting attribute path : order.user.orders
17:03:30.501 [Test worker] DEBUG org.hibernate.persister.walking.spi.MetamodelGraphWalker - Property path deemed to be circular : order.user.orders
17:03:30.501 [Test worker] DEBUG org.hibernate.persister.walking.spi.MetamodelGraphWalker - Visiting attribute path : order.user.password
17:03:30.501 [Test worker] DEBUG org.hibernate.persister.walking.spi.MetamodelGraphWalker - Visiting attribute path : order.user.refreshToken
17:03:30.501 [Test worker] DEBUG org.hibernate.persister.walking.spi.MetamodelGraphWalker - Visiting attribute path : order.user.role
17:03:30.501 [Test worker] DEBUG org.hibernate.loader.plan.build.internal.spaces.QuerySpacesImpl - Adding QuerySpace : uid = <gen:4> -> org.hibernate.loader.plan.build.internal.spaces.EntityQuerySpaceImpl@33d61178]
17:03:30.501 [Test worker] DEBUG org.hibernate.persister.walking.spi.MetamodelGraphWalker - Visiting attribute path : order.user.role.value
17:03:30.501 [Test worker] DEBUG org.hibernate.loader.plan.build.internal.FetchStyleLoadPlanBuildingAssociationVisitationStrategy - Building LoadPlan...
17:03:30.501 [Test worker] DEBUG org.hibernate.loader.plan.exec.internal.LoadQueryJoinAndFetchProcessor - processing queryspace <gen:0>
17:03:30.502 [Test worker] DEBUG org.hibernate.loader.plan.build.spi.LoadPlanTreePrinter - LoadPlan(collection=com.epam.esm.entity.GiftCertificate.orderCertificates)
    - Returns
       - CollectionReturnImpl(collection=com.epam.esm.entity.GiftCertificate.orderCertificates, querySpaceUid=<gen:0>, path=[com.epam.esm.entity.GiftCertificate.orderCertificates])
          - (collection element) CollectionFetchableElementEntityGraph(entity=com.epam.esm.entity.OrderCertificate, querySpaceUid=<gen:1>, path=[com.epam.esm.entity.GiftCertificate.orderCertificates].<elements>)
             - EntityAttributeFetchImpl(entity=com.epam.esm.entity.Order, querySpaceUid=<gen:2>, path=[com.epam.esm.entity.GiftCertificate.orderCertificates].<elements>.order)
                - EntityAttributeFetchImpl(entity=com.epam.esm.entity.User, querySpaceUid=<gen:3>, path=[com.epam.esm.entity.GiftCertificate.orderCertificates].<elements>.order.user)
                   - EntityAttributeFetchImpl(entity=com.epam.esm.entity.Role, querySpaceUid=<gen:4>, path=[com.epam.esm.entity.GiftCertificate.orderCertificates].<elements>.order.user.role)
    - QuerySpaces
       - CollectionQuerySpaceImpl(uid=<gen:0>, collection=com.epam.esm.entity.GiftCertificate.orderCertificates)
          - SQL table alias mapping - ordercerti0_
          - alias suffix - 0_
          - suffixed key columns - {certific4_6_0_}
          - entity-element alias suffix - 1_
          - 1_entity-element suffixed key columns - id1_6_1_
          - JOIN (JoinDefinedByMetadata(elements)) : <gen:0> -> <gen:1>
             - EntityQuerySpaceImpl(uid=<gen:1>, entity=com.epam.esm.entity.OrderCertificate)
                - SQL table alias mapping - ordercerti0_
                - alias suffix - 1_
                - suffixed key columns - {id1_6_1_}
                - JOIN (JoinDefinedByMetadata(order)) : <gen:1> -> <gen:2>
                   - EntityQuerySpaceImpl(uid=<gen:2>, entity=com.epam.esm.entity.Order)
                      - SQL table alias mapping - order1_
                      - alias suffix - 2_
                      - suffixed key columns - {id1_0_2_}
                      - JOIN (JoinDefinedByMetadata(user)) : <gen:2> -> <gen:3>
                         - EntityQuerySpaceImpl(uid=<gen:3>, entity=com.epam.esm.entity.User)
                            - SQL table alias mapping - user2_
                            - alias suffix - 3_
                            - suffixed key columns - {id1_2_3_}
                            - JOIN (JoinDefinedByMetadata(role)) : <gen:3> -> <gen:4>
                               - EntityQuerySpaceImpl(uid=<gen:4>, entity=com.epam.esm.entity.Role)
                                  - SQL table alias mapping - role3_
                                  - alias suffix - 4_
                                  - suffixed key columns - {id1_1_4_}

17:03:30.502 [Test worker] DEBUG org.hibernate.loader.collection.plan.CollectionLoader - Static select for collection com.epam.esm.entity.GiftCertificate.orderCertificates: select ordercerti0_.certificate_id as certific4_6_0_, ordercerti0_.id as id1_6_0_, ordercerti0_.id as id1_6_1_, ordercerti0_.certificate_id as certific4_6_1_, ordercerti0_.expiration_date as expirati2_6_1_, ordercerti0_.fixed_price as fixed_pr3_6_1_, ordercerti0_.order_id as order_id5_6_1_, order1_.id as id1_0_2_, order1_.active_status as active_s2_0_2_, order1_.created_at as created_3_0_2_, order1_.user_id as user_id4_0_2_, user2_.id as id1_2_3_, user2_.email as email2_2_3_, user2_.password as password3_2_3_, user2_.refresh_token as refresh_4_2_3_, user2_.role_id as role_id5_2_3_, role3_.id as id1_1_4_, role3_.value as value2_1_4_ from order_certificate ordercerti0_ left outer join application_order order1_ on ordercerti0_.order_id=order1_.id left outer join application_user user2_ on order1_.user_id=user2_.id left outer join application_role role3_ on user2_.role_id=role3_.id where ordercerti0_.certificate_id=?
17:03:30.502 [Test worker] DEBUG org.hibernate.loader.plan.build.internal.spaces.QuerySpacesImpl - Adding QuerySpace : uid = <gen:0> -> org.hibernate.loader.plan.build.internal.spaces.CollectionQuerySpaceImpl@2b0118f5]
17:03:30.502 [Test worker] DEBUG org.hibernate.loader.plan.build.internal.spaces.QuerySpacesImpl - Adding QuerySpace : uid = <gen:1> -> org.hibernate.loader.plan.build.internal.spaces.EntityQuerySpaceImpl@b5d6684]
17:03:30.502 [Test worker] DEBUG org.hibernate.persister.walking.spi.MetamodelGraphWalker - Visiting attribute path : activeStatus
17:03:30.502 [Test worker] DEBUG org.hibernate.persister.walking.spi.MetamodelGraphWalker - Visiting attribute path : createdAt
17:03:30.502 [Test worker] DEBUG org.hibernate.persister.walking.spi.MetamodelGraphWalker - Visiting attribute path : orderCertificates
17:03:30.503 [Test worker] DEBUG org.hibernate.loader.plan.build.internal.spaces.QuerySpacesImpl - Adding QuerySpace : uid = <gen:2> -> org.hibernate.loader.plan.build.internal.spaces.CollectionQuerySpaceImpl@60491497]
17:03:30.503 [Test worker] DEBUG org.hibernate.loader.plan.build.internal.spaces.QuerySpacesImpl - Adding QuerySpace : uid = <gen:3> -> org.hibernate.loader.plan.build.internal.spaces.EntityQuerySpaceImpl@c0275c]
17:03:30.503 [Test worker] DEBUG org.hibernate.persister.walking.spi.MetamodelGraphWalker - Visiting attribute path : user
17:03:30.503 [Test worker] DEBUG org.hibernate.persister.walking.spi.MetamodelGraphWalker - Property path deemed to be circular : user
17:03:30.503 [Test worker] DEBUG org.hibernate.loader.plan.build.internal.FetchStyleLoadPlanBuildingAssociationVisitationStrategy - Building LoadPlan...
17:03:30.503 [Test worker] DEBUG org.hibernate.loader.plan.exec.internal.LoadQueryJoinAndFetchProcessor - processing queryspace <gen:0>
17:03:30.503 [Test worker] DEBUG org.hibernate.loader.plan.build.spi.LoadPlanTreePrinter - LoadPlan(collection=com.epam.esm.entity.User.orders)
    - Returns
       - CollectionReturnImpl(collection=com.epam.esm.entity.User.orders, querySpaceUid=<gen:0>, path=[com.epam.esm.entity.User.orders])
          - (collection element) CollectionFetchableElementEntityGraph(entity=com.epam.esm.entity.Order, querySpaceUid=<gen:1>, path=[com.epam.esm.entity.User.orders].<elements>)
             - CollectionAttributeFetchImpl(collection=com.epam.esm.entity.Order.orderCertificates, querySpaceUid=<gen:2>, path=[com.epam.esm.entity.User.orders].<elements>.orderCertificates)
                - (collection element) CollectionFetchableElementEntityGraph(entity=com.epam.esm.entity.OrderCertificate, querySpaceUid=<gen:3>, path=[com.epam.esm.entity.User.orders].<elements>.orderCertificates.<elements>)
    - QuerySpaces
       - CollectionQuerySpaceImpl(uid=<gen:0>, collection=com.epam.esm.entity.User.orders)
          - SQL table alias mapping - orders0_
          - alias suffix - 0_
          - suffixed key columns - {user_id4_0_0_}
          - entity-element alias suffix - 1_
          - 1_entity-element suffixed key columns - id1_0_1_
          - JOIN (JoinDefinedByMetadata(elements)) : <gen:0> -> <gen:1>
             - EntityQuerySpaceImpl(uid=<gen:1>, entity=com.epam.esm.entity.Order)
                - SQL table alias mapping - orders0_
                - alias suffix - 1_
                - suffixed key columns - {id1_0_1_}

17:03:30.503 [Test worker] DEBUG org.hibernate.loader.collection.plan.CollectionLoader - Static select for collection com.epam.esm.entity.User.orders: select orders0_.user_id as user_id4_0_0_, orders0_.id as id1_0_0_, orders0_.id as id1_0_1_, orders0_.active_status as active_s2_0_1_, orders0_.created_at as created_3_0_1_, orders0_.user_id as user_id4_0_1_ from application_order orders0_ where orders0_.user_id=?
17:03:30.507 [Test worker] DEBUG org.hibernate.SQL - drop table application_order if exists
17:03:30.507 [Test worker] DEBUG org.hibernate.SQL - drop table application_role if exists
17:03:30.507 [Test worker] DEBUG org.hibernate.SQL - drop table application_user if exists
17:03:30.507 [Test worker] DEBUG org.hibernate.SQL - drop table certificate if exists
17:03:30.507 [Test worker] DEBUG org.hibernate.SQL - drop table certificate_tag if exists
17:03:30.508 [Test worker] DEBUG org.hibernate.SQL - drop table entity if exists
17:03:30.508 [Test worker] DEBUG org.hibernate.SQL - drop table order_certificate if exists
17:03:30.508 [Test worker] DEBUG org.hibernate.SQL - drop table tag if exists
17:03:30.508 [Test worker] DEBUG org.hibernate.SQL - create table application_order (id bigint generated by default as identity, active_status boolean, created_at timestamp, user_id bigint, primary key (id))
17:03:30.510 [Test worker] DEBUG org.hibernate.SQL - create table application_role (id bigint generated by default as identity, value varchar(255), primary key (id))
17:03:30.511 [Test worker] DEBUG org.hibernate.SQL - create table application_user (id bigint generated by default as identity, email varchar(255), password varchar(255), refresh_token varchar(255), role_id bigint, primary key (id))
17:03:30.513 [Test worker] DEBUG org.hibernate.SQL - create table certificate (id bigint generated by default as identity, active_status boolean, creation_date date, description varchar(255), expiration_date date, modification_date date, name varchar(255), price decimal(19,2), primary key (id))
17:03:30.514 [Test worker] DEBUG org.hibernate.SQL - create table certificate_tag (certificate_id bigint not null, tag_id bigint not null, primary key (certificate_id, tag_id))
17:03:30.515 [Test worker] DEBUG org.hibernate.SQL - create table entity (id bigint generated by default as identity, primary key (id))
17:03:30.517 [Test worker] DEBUG org.hibernate.SQL - create table order_certificate (id bigint generated by default as identity, expiration_date date, fixed_price decimal(19,2), certificate_id bigint, order_id bigint, primary key (id))
17:03:30.518 [Test worker] DEBUG org.hibernate.SQL - create table tag (id bigint generated by default as identity, title varchar(255), primary key (id))
17:03:30.519 [Test worker] DEBUG org.hibernate.SQL - alter table tag add constraint UK_k5g3urrxw2ym0ls8vo6xfgs65 unique (title)
17:03:30.519 [Test worker] DEBUG org.hibernate.SQL - alter table application_order add constraint FKp4m4jwa9ds4e3gmsdtsvjcty3 foreign key (user_id) references application_user
17:03:30.521 [Test worker] DEBUG org.hibernate.SQL - alter table application_user add constraint FKkb3re6enordhsw7vy7ftgtna4 foreign key (role_id) references application_role
17:03:30.522 [Test worker] DEBUG org.hibernate.SQL - alter table certificate_tag add constraint FKk65jck3ppxm1p372l03sxdtcc foreign key (tag_id) references tag
17:03:30.524 [Test worker] DEBUG org.hibernate.SQL - alter table certificate_tag add constraint FKlrytco6nyamwxl72nog54iymx foreign key (certificate_id) references certificate
17:03:30.526 [Test worker] DEBUG org.hibernate.SQL - alter table order_certificate add constraint FKans0qrkplnas0le7if4ph8n2w foreign key (certificate_id) references certificate
17:03:30.527 [Test worker] DEBUG org.hibernate.SQL - alter table order_certificate add constraint FKlylopteltw5t82w63stck3tb8 foreign key (order_id) references application_order
17:03:30.529 [Test worker] INFO org.hibernate.tool.schema.internal.SchemaCreatorImpl - HHH000476: Executing import script 'org.hibernate.tool.schema.internal.exec.ScriptSourceInputNonExistentImpl@3bb5d12c'
17:03:30.529 [Test worker] DEBUG org.hibernate.query.spi.NamedQueryRepository - Checking 0 named HQL queries
17:03:30.529 [Test worker] DEBUG org.hibernate.query.spi.NamedQueryRepository - Checking 0 named SQL queries
17:03:30.529 [Test worker] DEBUG org.hibernate.internal.SessionFactoryRegistry - Registering SessionFactory: 9dd03d6b-727c-4b71-b7cf-d90a8c27f666 (<unnamed>)
17:03:30.529 [Test worker] DEBUG org.hibernate.internal.SessionFactoryRegistry - Not binding SessionFactory to JNDI, no JNDI name configured
17:03:30.529 [Test worker] INFO org.springframework.orm.jpa.LocalContainerEntityManagerFactoryBean - Initialized JPA EntityManagerFactory for persistence unit 'default'
17:03:30.530 [Test worker] DEBUG org.springframework.jdbc.datasource.DataSourceUtils - Fetching JDBC Connection from DataSource
17:03:30.530 [Test worker] DEBUG org.springframework.beans.factory.support.DefaultListableBeanFactory - Creating shared instance of singleton bean 'testConfig'
17:03:30.531 [Test worker] DEBUG org.springframework.beans.factory.support.DefaultListableBeanFactory - Creating shared instance of singleton bean 'certificateRepository'
17:03:30.532 [Test worker] DEBUG org.springframework.beans.factory.support.DefaultListableBeanFactory - Creating shared instance of singleton bean 'org.springframework.orm.jpa.SharedEntityManagerCreator#0'
17:03:30.535 [Test worker] DEBUG org.springframework.beans.factory.support.DefaultListableBeanFactory - Creating shared instance of singleton bean 'criteriaBuilderHelper'
17:03:30.536 [Test worker] DEBUG org.springframework.beans.factory.support.DefaultListableBeanFactory - Autowiring by type from bean name 'certificateRepository' via constructor to bean named 'org.springframework.orm.jpa.SharedEntityManagerCreator#0'
17:03:30.536 [Test worker] DEBUG org.springframework.beans.factory.support.DefaultListableBeanFactory - Autowiring by type from bean name 'certificateRepository' via constructor to bean named 'criteriaBuilderHelper'
17:03:30.536 [Test worker] DEBUG org.springframework.beans.factory.support.DefaultListableBeanFactory - Creating shared instance of singleton bean 'orderCertificateRepository'
17:03:30.537 [Test worker] DEBUG org.springframework.beans.factory.support.DefaultListableBeanFactory - Autowiring by type from bean name 'orderCertificateRepository' via constructor to bean named 'org.springframework.orm.jpa.SharedEntityManagerCreator#0'
17:03:30.537 [Test worker] DEBUG org.springframework.beans.factory.support.DefaultListableBeanFactory - Creating shared instance of singleton bean 'orderRepository'
17:03:30.538 [Test worker] DEBUG org.springframework.beans.factory.support.DefaultListableBeanFactory - Autowiring by type from bean name 'orderRepository' via constructor to bean named 'org.springframework.orm.jpa.SharedEntityManagerCreator#0'
17:03:30.538 [Test worker] DEBUG org.springframework.beans.factory.support.DefaultListableBeanFactory - Creating shared instance of singleton bean 'tagRepository'
17:03:30.539 [Test worker] DEBUG org.springframework.beans.factory.support.DefaultListableBeanFactory - Autowiring by type from bean name 'tagRepository' via constructor to bean named 'org.springframework.orm.jpa.SharedEntityManagerCreator#0'
17:03:30.540 [Test worker] DEBUG org.springframework.beans.factory.support.DefaultListableBeanFactory - Creating shared instance of singleton bean 'userRepository'
17:03:30.540 [Test worker] DEBUG org.springframework.beans.factory.support.DefaultListableBeanFactory - Autowiring by type from bean name 'userRepository' via constructor to bean named 'org.springframework.orm.jpa.SharedEntityManagerCreator#0'
17:03:30.541 [Test worker] DEBUG org.springframework.beans.factory.support.DefaultListableBeanFactory - Creating shared instance of singleton bean 'org.springframework.boot.autoconfigure.context.PropertyPlaceholderAutoConfiguration'
17:03:30.541 [Test worker] DEBUG org.springframework.beans.factory.support.DefaultListableBeanFactory - Creating shared instance of singleton bean 'org.springframework.boot.autoconfigure.task.TaskExecutionAutoConfiguration'
17:03:30.541 [Test worker] DEBUG org.springframework.core.LocalVariableTableParameterNameDiscoverer - Cannot find '.class' file for class [class org.springframework.boot.autoconfigure.task.TaskExecutionAutoConfiguration$$EnhancerBySpringCGLIB$$30b471bb] - unable to determine constructor/method parameter names
17:03:30.541 [Test worker] DEBUG org.springframework.beans.factory.support.DefaultListableBeanFactory - Creating shared instance of singleton bean 'spring.task.execution-org.springframework.boot.autoconfigure.task.TaskExecutionProperties'
17:03:30.542 [Test worker] DEBUG org.springframework.beans.factory.support.DefaultListableBeanFactory - Autowiring by type from bean name 'org.springframework.boot.autoconfigure.task.TaskExecutionAutoConfiguration' via constructor to bean named 'spring.task.execution-org.springframework.boot.autoconfigure.task.TaskExecutionProperties'
17:03:30.543 [Test worker] DEBUG org.springframework.beans.factory.support.DefaultListableBeanFactory - Creating shared instance of singleton bean 'taskExecutorBuilder'
17:03:30.543 [Test worker] DEBUG org.springframework.beans.factory.support.DefaultListableBeanFactory - Creating shared instance of singleton bean 'org.springframework.boot.autoconfigure.validation.ValidationAutoConfiguration'
17:03:30.544 [Test worker] DEBUG org.springframework.beans.factory.support.DefaultListableBeanFactory - Creating shared instance of singleton bean 'defaultValidator'
17:03:30.544 [Test worker] DEBUG org.hibernate.validator.internal.engine.resolver.TraversableResolvers - Found javax.persistence.Persistence on classpath containing 'getPersistenceUtil'. Assuming JPA 2 environment. Trying to instantiate JPA aware TraversableResolver
17:03:30.544 [Test worker] DEBUG org.hibernate.validator.internal.engine.resolver.TraversableResolvers - Instantiated JPA aware TraversableResolver of type org.hibernate.validator.internal.engine.resolver.JPATraversableResolver.
17:03:30.544 [Test worker] DEBUG org.hibernate.validator.messageinterpolation.ResourceBundleMessageInterpolator - Loaded expression factory via original TCCL
17:03:30.544 [Test worker] DEBUG org.hibernate.validator.internal.engine.resolver.TraversableResolvers - Found javax.persistence.Persistence on classpath containing 'getPersistenceUtil'. Assuming JPA 2 environment. Trying to instantiate JPA aware TraversableResolver
17:03:30.544 [Test worker] DEBUG org.hibernate.validator.internal.engine.resolver.TraversableResolvers - Instantiated JPA aware TraversableResolver of type org.hibernate.validator.internal.engine.resolver.JPATraversableResolver.
17:03:30.544 [Test worker] DEBUG org.hibernate.validator.internal.engine.ConfigurationImpl - Setting custom MessageInterpolator of type org.springframework.validation.beanvalidation.LocaleContextMessageInterpolator
17:03:30.544 [Test worker] DEBUG org.hibernate.validator.internal.engine.ConfigurationImpl - Setting custom ConstraintValidatorFactory of type org.springframework.validation.beanvalidation.SpringConstraintValidatorFactory
17:03:30.544 [Test worker] DEBUG org.hibernate.validator.internal.engine.ConfigurationImpl - Setting custom ParameterNameProvider of type org.springframework.validation.beanvalidation.LocalValidatorFactoryBean$1
17:03:30.544 [Test worker] DEBUG org.hibernate.validator.internal.xml.config.ValidationXmlParser - Trying to load META-INF/validation.xml for XML based Validator configuration.
17:03:30.544 [Test worker] DEBUG org.hibernate.validator.internal.xml.config.ResourceLoaderHelper - Trying to load META-INF/validation.xml via user class loader
17:03:30.545 [Test worker] DEBUG org.hibernate.validator.internal.xml.config.ResourceLoaderHelper - Trying to load META-INF/validation.xml via TCCL
17:03:30.545 [Test worker] DEBUG org.hibernate.validator.internal.xml.config.ResourceLoaderHelper - Trying to load META-INF/validation.xml via Hibernate Validator's class loader
17:03:30.545 [Test worker] DEBUG org.hibernate.validator.internal.xml.config.ValidationXmlParser - No META-INF/validation.xml found. Using annotation based configuration only.
17:03:30.551 [Test worker] DEBUG org.hibernate.validator.internal.engine.ValidatorFactoryImpl - HV000234: Using org.springframework.validation.beanvalidation.LocaleContextMessageInterpolator as ValidatorFactory-scoped message interpolator.
17:03:30.551 [Test worker] DEBUG org.hibernate.validator.internal.engine.ValidatorFactoryImpl - HV000234: Using org.hibernate.validator.internal.engine.resolver.JPATraversableResolver as ValidatorFactory-scoped traversable resolver.
17:03:30.551 [Test worker] DEBUG org.hibernate.validator.internal.engine.ValidatorFactoryImpl - HV000234: Using org.hibernate.validator.internal.util.ExecutableParameterNameProvider as ValidatorFactory-scoped parameter name provider.
17:03:30.551 [Test worker] DEBUG org.hibernate.validator.internal.engine.ValidatorFactoryImpl - HV000234: Using org.hibernate.validator.internal.engine.DefaultClockProvider as ValidatorFactory-scoped clock provider.
17:03:30.551 [Test worker] DEBUG org.hibernate.validator.internal.engine.ValidatorFactoryImpl - HV000234: Using org.hibernate.validator.internal.engine.scripting.DefaultScriptEvaluatorFactory as ValidatorFactory-scoped script evaluator factory.
17:03:30.552 [Test worker] DEBUG org.springframework.beans.factory.support.DefaultListableBeanFactory - Creating shared instance of singleton bean 'org.springframework.boot.autoconfigure.security.oauth2.client.OAuth2RestOperationsConfiguration$SingletonScopedConfiguration'
17:03:30.552 [Test worker] DEBUG org.springframework.beans.factory.support.DefaultListableBeanFactory - Creating shared instance of singleton bean 'oauth2RemoteResource'
17:03:30.553 [Test worker] DEBUG org.springframework.beans.factory.support.DefaultListableBeanFactory - Creating shared instance of singleton bean 'oauth2ClientContext'
17:03:30.554 [Test worker] DEBUG org.springframework.beans.factory.support.DefaultListableBeanFactory - Creating shared instance of singleton bean 'org.springframework.boot.autoconfigure.security.oauth2.client.OAuth2RestOperationsConfiguration'
17:03:30.554 [Test worker] DEBUG org.springframework.beans.factory.support.DefaultListableBeanFactory - Creating shared instance of singleton bean 'org.springframework.boot.autoconfigure.security.oauth2.OAuth2AutoConfiguration'
17:03:30.554 [Test worker] DEBUG org.springframework.core.LocalVariableTableParameterNameDiscoverer - Cannot find '.class' file for class [class org.springframework.boot.autoconfigure.security.oauth2.OAuth2AutoConfiguration$$EnhancerBySpringCGLIB$$5c5e94e5] - unable to determine constructor/method parameter names
17:03:30.555 [Test worker] DEBUG org.springframework.beans.factory.support.DefaultListableBeanFactory - Creating shared instance of singleton bean 'security.oauth2.client-org.springframework.boot.autoconfigure.security.oauth2.OAuth2ClientProperties'
17:03:30.555 [Test worker] DEBUG org.springframework.beans.factory.support.DefaultListableBeanFactory - Autowiring by type from bean name 'org.springframework.boot.autoconfigure.security.oauth2.OAuth2AutoConfiguration' via constructor to bean named 'security.oauth2.client-org.springframework.boot.autoconfigure.security.oauth2.OAuth2ClientProperties'
17:03:30.556 [Test worker] DEBUG org.springframework.beans.factory.support.DefaultListableBeanFactory - Creating shared instance of singleton bean 'resourceServerProperties'
17:03:30.557 [Test worker] DEBUG org.springframework.beans.factory.support.DefaultListableBeanFactory - Creating shared instance of singleton bean 'org.springframework.boot.autoconfigure.jmx.JmxAutoConfiguration'
17:03:30.558 [Test worker] DEBUG org.springframework.beans.factory.support.DefaultListableBeanFactory - Creating shared instance of singleton bean 'mbeanExporter'
17:03:30.558 [Test worker] DEBUG org.springframework.beans.factory.support.DefaultListableBeanFactory - Creating shared instance of singleton bean 'objectNamingStrategy'
17:03:30.559 [Test worker] DEBUG org.springframework.beans.factory.support.DefaultListableBeanFactory - Autowiring by type from bean name 'mbeanExporter' via factory method to bean named 'objectNamingStrategy'
17:03:30.559 [Test worker] DEBUG org.springframework.beans.factory.support.DefaultListableBeanFactory - Creating shared instance of singleton bean 'mbeanServer'
17:03:30.560 [Test worker] DEBUG org.springframework.jmx.support.JmxUtils - Found MBeanServer: com.sun.jmx.mbeanserver.JmxMBeanServer@bc10b92
17:03:30.561 [Test worker] DEBUG org.springframework.beans.factory.support.DefaultListableBeanFactory - Creating shared instance of singleton bean 'org.springframework.boot.autoconfigure.aop.AopAutoConfiguration$CglibAutoProxyConfiguration'
17:03:30.562 [Test worker] DEBUG org.springframework.beans.factory.support.DefaultListableBeanFactory - Creating shared instance of singleton bean 'org.springframework.boot.autoconfigure.aop.AopAutoConfiguration'
17:03:30.562 [Test worker] DEBUG org.springframework.beans.factory.support.DefaultListableBeanFactory - Creating shared instance of singleton bean 'org.springframework.boot.autoconfigure.transaction.jta.JtaAutoConfiguration'
17:03:30.562 [Test worker] DEBUG org.springframework.beans.factory.support.DefaultListableBeanFactory - Creating shared instance of singleton bean 'org.springframework.boot.autoconfigure.jdbc.DataSourceJmxConfiguration$Hikari'
17:03:30.563 [Test worker] DEBUG org.springframework.core.LocalVariableTableParameterNameDiscoverer - Cannot find '.class' file for class [class org.springframework.boot.autoconfigure.jdbc.DataSourceJmxConfiguration$Hikari$$EnhancerBySpringCGLIB$$8eb93a4f] - unable to determine constructor/method parameter names
17:03:30.563 [Test worker] DEBUG org.springframework.beans.factory.support.DefaultListableBeanFactory - Autowiring by type from bean name 'org.springframework.boot.autoconfigure.jdbc.DataSourceJmxConfiguration$Hikari' via constructor to bean named 'dataSource'
17:03:30.563 [Test worker] DEBUG org.springframework.beans.factory.support.DefaultListableBeanFactory - Creating shared instance of singleton bean 'org.springframework.boot.autoconfigure.jdbc.DataSourceJmxConfiguration'
17:03:30.564 [Test worker] DEBUG org.springframework.beans.factory.support.DefaultListableBeanFactory - Creating shared instance of singleton bean 'org.springframework.boot.autoconfigure.jdbc.DataSourceAutoConfiguration$PooledDataSourceConfiguration'
17:03:30.564 [Test worker] DEBUG org.springframework.beans.factory.support.DefaultListableBeanFactory - Creating shared instance of singleton bean 'org.springframework.boot.autoconfigure.jdbc.metadata.DataSourcePoolMetadataProvidersConfiguration'
17:03:30.565 [Test worker] DEBUG org.springframework.beans.factory.support.DefaultListableBeanFactory - Creating shared instance of singleton bean 'org.springframework.boot.autoconfigure.jdbc.DataSourceInitializationConfiguration'
17:03:30.565 [Test worker] DEBUG org.springframework.beans.factory.support.DefaultListableBeanFactory - Creating shared instance of singleton bean 'org.springframework.boot.autoconfigure.jdbc.DataSourceAutoConfiguration'
17:03:30.565 [Test worker] DEBUG org.springframework.beans.factory.support.DefaultListableBeanFactory - Creating shared instance of singleton bean 'transactionManager'
17:03:30.566 [Test worker] DEBUG org.springframework.beans.factory.support.DefaultListableBeanFactory - Creating shared instance of singleton bean 'org.springframework.boot.autoconfigure.orm.jpa.HibernateJpaAutoConfiguration'
17:03:30.567 [Test worker] DEBUG org.springframework.beans.factory.support.DefaultListableBeanFactory - Creating shared instance of singleton bean 'org.springframework.boot.autoconfigure.context.ConfigurationPropertiesAutoConfiguration'
17:03:30.567 [Test worker] DEBUG org.springframework.beans.factory.support.DefaultListableBeanFactory - Creating shared instance of singleton bean 'org.springframework.boot.autoconfigure.dao.PersistenceExceptionTranslationAutoConfiguration'
17:03:30.568 [Test worker] DEBUG org.springframework.beans.factory.support.DefaultListableBeanFactory - Creating shared instance of singleton bean 'org.springframework.boot.autoconfigure.data.jpa.JpaRepositoriesAutoConfiguration'
17:03:30.568 [Test worker] DEBUG org.springframework.beans.factory.support.DefaultListableBeanFactory - Creating shared instance of singleton bean 'org.springframework.data.jpa.util.JpaMetamodelCacheCleanup'
17:03:30.568 [Test worker] DEBUG org.springframework.beans.factory.support.DefaultListableBeanFactory - Creating shared instance of singleton bean 'org.springframework.data.jpa.repository.support.JpaEvaluationContextExtension'
17:03:30.569 [Test worker] DEBUG org.springframework.beans.factory.support.DefaultListableBeanFactory - Creating shared instance of singleton bean 'org.springframework.boot.autoconfigure.jackson.JacksonAutoConfiguration$Jackson2ObjectMapperBuilderCustomizerConfiguration'
17:03:30.569 [Test worker] DEBUG org.springframework.beans.factory.support.DefaultListableBeanFactory - Creating shared instance of singleton bean 'standardJacksonObjectMapperBuilderCustomizer'
17:03:30.570 [Test worker] DEBUG org.springframework.beans.factory.support.DefaultListableBeanFactory - Creating shared instance of singleton bean 'spring.jackson-org.springframework.boot.autoconfigure.jackson.JacksonProperties'
17:03:30.570 [Test worker] DEBUG org.springframework.beans.factory.support.DefaultListableBeanFactory - Autowiring by type from bean name 'standardJacksonObjectMapperBuilderCustomizer' via factory method to bean named 'org.springframework.context.support.GenericApplicationContext@3adc09cd'
17:03:30.570 [Test worker] DEBUG org.springframework.beans.factory.support.DefaultListableBeanFactory - Autowiring by type from bean name 'standardJacksonObjectMapperBuilderCustomizer' via factory method to bean named 'spring.jackson-org.springframework.boot.autoconfigure.jackson.JacksonProperties'
17:03:30.571 [Test worker] DEBUG org.springframework.beans.factory.support.DefaultListableBeanFactory - Creating shared instance of singleton bean 'org.springframework.boot.autoconfigure.jackson.JacksonAutoConfiguration$JacksonObjectMapperBuilderConfiguration'
17:03:30.571 [Test worker] DEBUG org.springframework.core.LocalVariableTableParameterNameDiscoverer - Cannot find '.class' file for class [class org.springframework.boot.autoconfigure.jackson.JacksonAutoConfiguration$JacksonObjectMapperBuilderConfiguration$$EnhancerBySpringCGLIB$$b2f51a8f] - unable to determine constructor/method parameter names
17:03:30.571 [Test worker] DEBUG org.springframework.beans.factory.support.DefaultListableBeanFactory - Autowiring by type from bean name 'org.springframework.boot.autoconfigure.jackson.JacksonAutoConfiguration$JacksonObjectMapperBuilderConfiguration' via constructor to bean named 'org.springframework.context.support.GenericApplicationContext@3adc09cd'
17:03:30.571 [Test worker] DEBUG org.springframework.beans.factory.support.DefaultListableBeanFactory - Creating shared instance of singleton bean 'jacksonObjectMapperBuilder'
17:03:30.572 [Test worker] DEBUG org.springframework.beans.factory.support.DefaultListableBeanFactory - Autowiring by type from bean name 'jacksonObjectMapperBuilder' via factory method to bean named 'standardJacksonObjectMapperBuilderCustomizer'
17:03:30.573 [Test worker] DEBUG org.springframework.beans.factory.support.DefaultListableBeanFactory - Creating shared instance of singleton bean 'parameterNamesModule'
17:03:30.573 [Test worker] DEBUG org.springframework.beans.factory.support.DefaultListableBeanFactory - Creating shared instance of singleton bean 'org.springframework.boot.autoconfigure.jackson.JacksonAutoConfiguration$ParameterNamesModuleConfiguration'
17:03:30.574 [Test worker] DEBUG org.springframework.beans.factory.support.DefaultListableBeanFactory - Creating shared instance of singleton bean 'jsonComponentModule'
17:03:30.574 [Test worker] DEBUG org.springframework.beans.factory.support.DefaultListableBeanFactory - Creating shared instance of singleton bean 'org.springframework.boot.autoconfigure.jackson.JacksonAutoConfiguration'
17:03:30.576 [Test worker] DEBUG org.springframework.beans.factory.support.DefaultListableBeanFactory - Creating shared instance of singleton bean 'org.springframework.boot.autoconfigure.jackson.JacksonAutoConfiguration$JacksonObjectMapperConfiguration'
17:03:30.577 [Test worker] DEBUG org.springframework.beans.factory.support.DefaultListableBeanFactory - Creating shared instance of singleton bean 'jacksonObjectMapper'
17:03:30.577 [Test worker] DEBUG org.springframework.beans.factory.support.DefaultListableBeanFactory - Autowiring by type from bean name 'jacksonObjectMapper' via factory method to bean named 'jacksonObjectMapperBuilder'
17:03:30.581 [Test worker] DEBUG org.springframework.beans.factory.support.DefaultListableBeanFactory - Creating shared instance of singleton bean 'org.springframework.boot.autoconfigure.http.HttpMessageConvertersAutoConfiguration$StringHttpMessageConverterConfiguration'
17:03:30.582 [Test worker] DEBUG org.springframework.core.LocalVariableTableParameterNameDiscoverer - Cannot find '.class' file for class [class org.springframework.boot.autoconfigure.http.HttpMessageConvertersAutoConfiguration$StringHttpMessageConverterConfiguration$$EnhancerBySpringCGLIB$$f2566b19] - unable to determine constructor/method parameter names
17:03:30.582 [Test worker] DEBUG org.springframework.beans.factory.support.DefaultListableBeanFactory - Creating shared instance of singleton bean 'spring.http-org.springframework.boot.autoconfigure.http.HttpProperties'
17:03:30.583 [Test worker] DEBUG org.springframework.beans.factory.support.DefaultListableBeanFactory - Autowiring by type from bean name 'org.springframework.boot.autoconfigure.http.HttpMessageConvertersAutoConfiguration$StringHttpMessageConverterConfiguration' via constructor to bean named 'spring.http-org.springframework.boot.autoconfigure.http.HttpProperties'
17:03:30.583 [Test worker] DEBUG org.springframework.beans.factory.support.DefaultListableBeanFactory - Creating shared instance of singleton bean 'stringHttpMessageConverter'
17:03:30.584 [Test worker] DEBUG org.springframework.beans.factory.support.DefaultListableBeanFactory - Creating shared instance of singleton bean 'org.springframework.boot.autoconfigure.http.JacksonHttpMessageConvertersConfiguration$MappingJackson2HttpMessageConverterConfiguration'
17:03:30.584 [Test worker] DEBUG org.springframework.beans.factory.support.DefaultListableBeanFactory - Creating shared instance of singleton bean 'mappingJackson2HttpMessageConverter'
17:03:30.585 [Test worker] DEBUG org.springframework.beans.factory.support.DefaultListableBeanFactory - Autowiring by type from bean name 'mappingJackson2HttpMessageConverter' via factory method to bean named 'jacksonObjectMapper'
17:03:30.586 [Test worker] DEBUG org.springframework.beans.factory.support.DefaultListableBeanFactory - Creating shared instance of singleton bean 'org.springframework.boot.autoconfigure.http.JacksonHttpMessageConvertersConfiguration'
17:03:30.586 [Test worker] DEBUG org.springframework.beans.factory.support.DefaultListableBeanFactory - Creating shared instance of singleton bean 'org.springframework.boot.autoconfigure.http.HttpMessageConvertersAutoConfiguration'
17:03:30.586 [Test worker] DEBUG org.springframework.core.LocalVariableTableParameterNameDiscoverer - Cannot find '.class' file for class [class org.springframework.boot.autoconfigure.http.HttpMessageConvertersAutoConfiguration$$EnhancerBySpringCGLIB$$bf48a479] - unable to determine constructor/method parameter names
17:03:30.587 [Test worker] DEBUG org.springframework.beans.factory.support.DefaultListableBeanFactory - Creating shared instance of singleton bean 'messageConverters'
17:03:30.590 [Test worker] DEBUG org.springframework.beans.factory.support.DefaultListableBeanFactory - Creating shared instance of singleton bean 'org.springframework.boot.autoconfigure.http.codec.CodecsAutoConfiguration$LoggingCodecConfiguration'
17:03:30.591 [Test worker] DEBUG org.springframework.beans.factory.support.DefaultListableBeanFactory - Creating shared instance of singleton bean 'loggingCodecCustomizer'
17:03:30.591 [Test worker] DEBUG org.springframework.beans.factory.support.DefaultListableBeanFactory - Autowiring by type from bean name 'loggingCodecCustomizer' via factory method to bean named 'spring.http-org.springframework.boot.autoconfigure.http.HttpProperties'
17:03:30.591 [Test worker] DEBUG org.springframework.beans.factory.support.DefaultListableBeanFactory - Creating shared instance of singleton bean 'org.springframework.boot.autoconfigure.http.codec.CodecsAutoConfiguration$JacksonCodecConfiguration'
17:03:30.592 [Test worker] DEBUG org.springframework.beans.factory.support.DefaultListableBeanFactory - Creating shared instance of singleton bean 'jacksonCodecCustomizer'
17:03:30.592 [Test worker] DEBUG org.springframework.beans.factory.support.DefaultListableBeanFactory - Autowiring by type from bean name 'jacksonCodecCustomizer' via factory method to bean named 'jacksonObjectMapper'
17:03:30.592 [Test worker] DEBUG org.springframework.beans.factory.support.DefaultListableBeanFactory - Creating shared instance of singleton bean 'org.springframework.boot.autoconfigure.http.codec.CodecsAutoConfiguration'
17:03:30.593 [Test worker] DEBUG org.springframework.beans.factory.support.DefaultListableBeanFactory - Creating shared instance of singleton bean 'org.springframework.boot.autoconfigure.info.ProjectInfoAutoConfiguration'
17:03:30.593 [Test worker] DEBUG org.springframework.core.LocalVariableTableParameterNameDiscoverer - Cannot find '.class' file for class [class org.springframework.boot.autoconfigure.info.ProjectInfoAutoConfiguration$$EnhancerBySpringCGLIB$$e10ee5fe] - unable to determine constructor/method parameter names
17:03:30.593 [Test worker] DEBUG org.springframework.beans.factory.support.DefaultListableBeanFactory - Creating shared instance of singleton bean 'spring.info-org.springframework.boot.autoconfigure.info.ProjectInfoProperties'
17:03:30.594 [Test worker] DEBUG org.springframework.beans.factory.support.DefaultListableBeanFactory - Autowiring by type from bean name 'org.springframework.boot.autoconfigure.info.ProjectInfoAutoConfiguration' via constructor to bean named 'spring.info-org.springframework.boot.autoconfigure.info.ProjectInfoProperties'
17:03:30.594 [Test worker] DEBUG org.springframework.beans.factory.support.DefaultListableBeanFactory - Creating shared instance of singleton bean 'org.springframework.boot.autoconfigure.jdbc.JdbcTemplateAutoConfiguration$JdbcTemplateConfiguration'
17:03:30.595 [Test worker] DEBUG org.springframework.core.LocalVariableTableParameterNameDiscoverer - Cannot find '.class' file for class [class org.springframework.boot.autoconfigure.jdbc.JdbcTemplateAutoConfiguration$JdbcTemplateConfiguration$$EnhancerBySpringCGLIB$$bda00752] - unable to determine constructor/method parameter names
17:03:30.595 [Test worker] DEBUG org.springframework.beans.factory.support.DefaultListableBeanFactory - Creating shared instance of singleton bean 'spring.jdbc-org.springframework.boot.autoconfigure.jdbc.JdbcProperties'
17:03:30.595 [Test worker] DEBUG org.springframework.beans.factory.support.DefaultListableBeanFactory - Autowiring by type from bean name 'org.springframework.boot.autoconfigure.jdbc.JdbcTemplateAutoConfiguration$JdbcTemplateConfiguration' via constructor to bean named 'dataSource'
17:03:30.596 [Test worker] DEBUG org.springframework.beans.factory.support.DefaultListableBeanFactory - Autowiring by type from bean name 'org.springframework.boot.autoconfigure.jdbc.JdbcTemplateAutoConfiguration$JdbcTemplateConfiguration' via constructor to bean named 'spring.jdbc-org.springframework.boot.autoconfigure.jdbc.JdbcProperties'
17:03:30.596 [Test worker] DEBUG org.springframework.beans.factory.support.DefaultListableBeanFactory - Creating shared instance of singleton bean 'jdbcTemplate'
17:03:30.598 [Test worker] DEBUG org.springframework.beans.factory.support.DefaultListableBeanFactory - Creating shared instance of singleton bean 'org.springframework.boot.autoconfigure.jdbc.JdbcTemplateAutoConfiguration$NamedParameterJdbcTemplateConfiguration'
17:03:30.598 [Test worker] DEBUG org.springframework.beans.factory.support.DefaultListableBeanFactory - Creating shared instance of singleton bean 'namedParameterJdbcTemplate'
17:03:30.598 [Test worker] DEBUG org.springframework.beans.factory.support.DefaultListableBeanFactory - Autowiring by type from bean name 'namedParameterJdbcTemplate' via factory method to bean named 'jdbcTemplate'
17:03:30.599 [Test worker] DEBUG org.springframework.beans.factory.support.DefaultListableBeanFactory - Creating shared instance of singleton bean 'org.springframework.boot.autoconfigure.jdbc.JdbcTemplateAutoConfiguration'
17:03:30.599 [Test worker] DEBUG org.springframework.beans.factory.support.DefaultListableBeanFactory - Creating shared instance of singleton bean 'org.springframework.boot.autoconfigure.security.servlet.SecurityAutoConfiguration'
17:03:30.600 [Test worker] DEBUG org.springframework.beans.factory.support.DefaultListableBeanFactory - Creating shared instance of singleton bean 'authenticationEventPublisher'
17:03:30.600 [Test worker] DEBUG org.springframework.beans.factory.support.DefaultListableBeanFactory - Autowiring by type from bean name 'authenticationEventPublisher' via factory method to bean named 'org.springframework.context.support.GenericApplicationContext@3adc09cd'
17:03:30.601 [Test worker] DEBUG org.springframework.beans.factory.support.DefaultListableBeanFactory - Creating shared instance of singleton bean 'spring.security-org.springframework.boot.autoconfigure.security.SecurityProperties'
17:03:30.601 [Test worker] DEBUG org.springframework.beans.factory.support.DefaultListableBeanFactory - Creating shared instance of singleton bean 'org.springframework.boot.autoconfigure.task.TaskSchedulingAutoConfiguration'
17:03:30.601 [Test worker] DEBUG org.springframework.beans.factory.support.DefaultListableBeanFactory - Creating shared instance of singleton bean 'taskSchedulerBuilder'
17:03:30.602 [Test worker] DEBUG org.springframework.beans.factory.support.DefaultListableBeanFactory - Creating shared instance of singleton bean 'spring.task.scheduling-org.springframework.boot.autoconfigure.task.TaskSchedulingProperties'
17:03:30.602 [Test worker] DEBUG org.springframework.beans.factory.support.DefaultListableBeanFactory - Autowiring by type from bean name 'taskSchedulerBuilder' via factory method to bean named 'spring.task.scheduling-org.springframework.boot.autoconfigure.task.TaskSchedulingProperties'
17:03:30.603 [Test worker] DEBUG org.springframework.beans.factory.support.DefaultListableBeanFactory - Creating shared instance of singleton bean 'org.springframework.boot.autoconfigure.jdbc.DataSourceTransactionManagerAutoConfiguration$DataSourceTransactionManagerConfiguration'
17:03:30.603 [Test worker] DEBUG org.springframework.core.LocalVariableTableParameterNameDiscoverer - Cannot find '.class' file for class [class org.springframework.boot.autoconfigure.jdbc.DataSourceTransactionManagerAutoConfiguration$DataSourceTransactionManagerConfiguration$$EnhancerBySpringCGLIB$$52157154] - unable to determine constructor/method parameter names
17:03:30.603 [Test worker] DEBUG org.springframework.beans.factory.support.DefaultListableBeanFactory - Autowiring by type from bean name 'org.springframework.boot.autoconfigure.jdbc.DataSourceTransactionManagerAutoConfiguration$DataSourceTransactionManagerConfiguration' via constructor to bean named 'dataSource'
17:03:30.604 [Test worker] DEBUG org.springframework.beans.factory.support.DefaultListableBeanFactory - Creating shared instance of singleton bean 'org.springframework.boot.autoconfigure.jdbc.DataSourceTransactionManagerAutoConfiguration'
17:03:30.604 [Test worker] DEBUG org.springframework.beans.factory.support.DefaultListableBeanFactory - Creating shared instance of singleton bean 'org.springframework.boot.autoconfigure.transaction.TransactionAutoConfiguration$EnableTransactionManagementConfiguration$CglibAutoProxyConfiguration'
17:03:30.604 [Test worker] DEBUG org.springframework.beans.factory.support.DefaultListableBeanFactory - Creating shared instance of singleton bean 'org.springframework.boot.autoconfigure.transaction.TransactionAutoConfiguration$EnableTransactionManagementConfiguration'
17:03:30.605 [Test worker] DEBUG org.springframework.beans.factory.support.DefaultListableBeanFactory - Creating shared instance of singleton bean 'org.springframework.boot.autoconfigure.transaction.TransactionAutoConfiguration$TransactionTemplateConfiguration'
17:03:30.605 [Test worker] DEBUG org.springframework.core.LocalVariableTableParameterNameDiscoverer - Cannot find '.class' file for class [class org.springframework.boot.autoconfigure.transaction.TransactionAutoConfiguration$TransactionTemplateConfiguration$$EnhancerBySpringCGLIB$$a39f3627] - unable to determine constructor/method parameter names
17:03:30.605 [Test worker] DEBUG org.springframework.beans.factory.support.DefaultListableBeanFactory - Autowiring by type from bean name 'org.springframework.boot.autoconfigure.transaction.TransactionAutoConfiguration$TransactionTemplateConfiguration' via constructor to bean named 'transactionManager'
17:03:30.606 [Test worker] DEBUG org.springframework.beans.factory.support.DefaultListableBeanFactory - Creating shared instance of singleton bean 'transactionTemplate'
17:03:30.606 [Test worker] DEBUG org.springframework.beans.factory.support.DefaultListableBeanFactory - Creating shared instance of singleton bean 'org.springframework.boot.autoconfigure.web.client.RestTemplateAutoConfiguration'
17:03:30.606 [Test worker] DEBUG org.springframework.core.LocalVariableTableParameterNameDiscoverer - Cannot find '.class' file for class [class org.springframework.boot.autoconfigure.web.client.RestTemplateAutoConfiguration$$EnhancerBySpringCGLIB$$402ad266] - unable to determine constructor/method parameter names
17:03:30.607 [Test worker] DEBUG org.springframework.beans.factory.support.DefaultListableBeanFactory - Creating shared instance of singleton bean 'restTemplateBuilder'
17:03:30.610 [Test worker] DEBUG org.springframework.jmx.export.annotation.AnnotationMBeanExporter - Registering beans for JMX exposure on startup
17:03:30.610 [Test worker] DEBUG org.springframework.jmx.export.annotation.AnnotationMBeanExporter - Autodetecting user-defined JMX MBeans
17:03:30.610 [Test worker] DEBUG org.springframework.jmx.export.annotation.AnnotationMBeanExporter - Bean with name 'dataSource' has been autodetected for JMX exposure
17:03:30.612 [Test worker] DEBUG org.springframework.jmx.export.annotation.AnnotationMBeanExporter - Located MBean 'dataSource': registering with JMX server as MBean [com.zaxxer.hikari:name=dataSource,type=HikariDataSource]
17:03:30.613 [Test worker] DEBUG org.springframework.test.context.cache.DefaultCacheAwareContextLoaderDelegate - Storing ApplicationContext in cache under key [[MergedContextConfiguration@152ba806 testClass = CertificateRepositoryTest, locations = '{}', classes = '{class com.epam.esm.TestConfig}', contextInitializerClasses = '[]', activeProfiles = '{}', propertySourceLocations = '{}', propertySourceProperties = '{}', contextCustomizers = set[[empty]], contextLoader = 'org.springframework.test.context.support.DelegatingSmartContextLoader', parent = [null]]]
17:03:30.613 [Test worker] DEBUG org.springframework.test.context.cache - Spring test ApplicationContext cache statistics: [DefaultContextCache@2bed31e4 size = 1, maxSize = 32, parentContextCount = 0, hitCount = 4, missCount = 5]
17:03:30.615 [Test worker] DEBUG org.springframework.test.context.support.AbstractDirtiesContextTestExecutionListener - Before test method: context [DefaultTestContext@6e844a53 testClass = CertificateRepositoryTest, testInstance = com.epam.esm.repository.CertificateRepositoryTest@3f7b47c7, testMethod = save@CertificateRepositoryTest, testException = [null], mergedContextConfiguration = [MergedContextConfiguration@152ba806 testClass = CertificateRepositoryTest, locations = '{}', classes = '{class com.epam.esm.TestConfig}', contextInitializerClasses = '[]', activeProfiles = '{}', propertySourceLocations = '{}', propertySourceProperties = '{}', contextCustomizers = set[[empty]], contextLoader = 'org.springframework.test.context.support.DelegatingSmartContextLoader', parent = [null]], attributes = map[[empty]]], class annotated with @DirtiesContext [true] with mode [AFTER_EACH_TEST_METHOD], method annotated with @DirtiesContext [false] with mode [null].
17:03:30.616 [Test worker] DEBUG org.springframework.test.context.transaction.TransactionalTestExecutionListener - Explicit transaction definition [PROPAGATION_REQUIRED,ISOLATION_DEFAULT] found for test context [DefaultTestContext@6e844a53 testClass = CertificateRepositoryTest, testInstance = com.epam.esm.repository.CertificateRepositoryTest@3f7b47c7, testMethod = save@CertificateRepositoryTest, testException = [null], mergedContextConfiguration = [MergedContextConfiguration@152ba806 testClass = CertificateRepositoryTest, locations = '{}', classes = '{class com.epam.esm.TestConfig}', contextInitializerClasses = '[]', activeProfiles = '{}', propertySourceLocations = '{}', propertySourceProperties = '{}', contextCustomizers = set[[empty]], contextLoader = 'org.springframework.test.context.support.DelegatingSmartContextLoader', parent = [null]], attributes = map[[empty]]]
17:03:30.616 [Test worker] DEBUG org.springframework.test.context.cache.DefaultCacheAwareContextLoaderDelegate - Retrieved ApplicationContext from cache with key [[MergedContextConfiguration@152ba806 testClass = CertificateRepositoryTest, locations = '{}', classes = '{class com.epam.esm.TestConfig}', contextInitializerClasses = '[]', activeProfiles = '{}', propertySourceLocations = '{}', propertySourceProperties = '{}', contextCustomizers = set[[empty]], contextLoader = 'org.springframework.test.context.support.DelegatingSmartContextLoader', parent = [null]]]
17:03:30.616 [Test worker] DEBUG org.springframework.test.context.cache - Spring test ApplicationContext cache statistics: [DefaultContextCache@2bed31e4 size = 1, maxSize = 32, parentContextCount = 0, hitCount = 5, missCount = 5]
17:03:30.616 [Test worker] DEBUG org.springframework.test.context.transaction.TransactionalTestExecutionListener - No method-level @Rollback override: using default rollback [true] for test context [DefaultTestContext@6e844a53 testClass = CertificateRepositoryTest, testInstance = com.epam.esm.repository.CertificateRepositoryTest@3f7b47c7, testMethod = save@CertificateRepositoryTest, testException = [null], mergedContextConfiguration = [MergedContextConfiguration@152ba806 testClass = CertificateRepositoryTest, locations = '{}', classes = '{class com.epam.esm.TestConfig}', contextInitializerClasses = '[]', activeProfiles = '{}', propertySourceLocations = '{}', propertySourceProperties = '{}', contextCustomizers = set[[empty]], contextLoader = 'org.springframework.test.context.support.DelegatingSmartContextLoader', parent = [null]], attributes = map[[empty]]].
17:03:30.616 [Test worker] DEBUG org.springframework.orm.jpa.JpaTransactionManager - Creating new transaction with name [com.epam.esm.repository.CertificateRepositoryTest.save]: PROPAGATION_REQUIRED,ISOLATION_DEFAULT
17:03:30.617 [Test worker] DEBUG org.hibernate.stat.internal.StatisticsInitiator - Statistics initialized [enabled=false]
17:03:30.617 [Test worker] DEBUG org.springframework.orm.jpa.JpaTransactionManager - Opened new EntityManager [SessionImpl(555563548<open>)] for JPA transaction
17:03:30.617 [Test worker] DEBUG org.hibernate.engine.transaction.internal.TransactionImpl - On TransactionImpl creation, JpaCompliance#isJpaTransactionComplianceEnabled == false
17:03:30.617 [Test worker] DEBUG org.hibernate.engine.transaction.internal.TransactionImpl - begin
17:03:30.617 [Test worker] DEBUG org.springframework.orm.jpa.JpaTransactionManager - Exposing JPA transaction as JDBC [org.springframework.orm.jpa.vendor.HibernateJpaDialect$HibernateConnectionHandle@3570ed4]
17:03:30.617 [Test worker] INFO org.springframework.test.context.transaction.TransactionContext - Began transaction (1) for test context [DefaultTestContext@6e844a53 testClass = CertificateRepositoryTest, testInstance = com.epam.esm.repository.CertificateRepositoryTest@3f7b47c7, testMethod = save@CertificateRepositoryTest, testException = [null], mergedContextConfiguration = [MergedContextConfiguration@152ba806 testClass = CertificateRepositoryTest, locations = '{}', classes = '{class com.epam.esm.TestConfig}', contextInitializerClasses = '[]', activeProfiles = '{}', propertySourceLocations = '{}', propertySourceProperties = '{}', contextCustomizers = set[[empty]], contextLoader = 'org.springframework.test.context.support.DelegatingSmartContextLoader', parent = [null]], attributes = map[[empty]]]; transaction manager [org.springframework.orm.jpa.JpaTransactionManager@17c3f06a]; rollback [true]
17:03:30.618 [Test worker] DEBUG org.springframework.orm.jpa.JpaTransactionManager - Initiating transaction rollback
17:03:30.618 [Test worker] DEBUG org.springframework.orm.jpa.JpaTransactionManager - Rolling back JPA transaction on EntityManager [SessionImpl(555563548<open>)]
17:03:30.618 [Test worker] DEBUG org.hibernate.engine.transaction.internal.TransactionImpl - rolling back
17:03:30.618 [Test worker] DEBUG org.springframework.orm.jpa.JpaTransactionManager - Closing JPA EntityManager [SessionImpl(555563548<open>)] after transaction
17:03:30.618 [Test worker] INFO org.springframework.test.context.transaction.TransactionContext - Rolled back transaction for test context [DefaultTestContext@6e844a53 testClass = CertificateRepositoryTest, testInstance = com.epam.esm.repository.CertificateRepositoryTest@3f7b47c7, testMethod = save@CertificateRepositoryTest, testException = [null], mergedContextConfiguration = [MergedContextConfiguration@152ba806 testClass = CertificateRepositoryTest, locations = '{}', classes = '{class com.epam.esm.TestConfig}', contextInitializerClasses = '[]', activeProfiles = '{}', propertySourceLocations = '{}', propertySourceProperties = '{}', contextCustomizers = set[[empty]], contextLoader = 'org.springframework.test.context.support.DelegatingSmartContextLoader', parent = [null]], attributes = map[[empty]]].
17:03:30.619 [Test worker] DEBUG org.springframework.test.context.support.AbstractDirtiesContextTestExecutionListener - After test method: context [DefaultTestContext@6e844a53 testClass = CertificateRepositoryTest, testInstance = com.epam.esm.repository.CertificateRepositoryTest@3f7b47c7, testMethod = save@CertificateRepositoryTest, testException = [null], mergedContextConfiguration = [MergedContextConfiguration@152ba806 testClass = CertificateRepositoryTest, locations = '{}', classes = '{class com.epam.esm.TestConfig}', contextInitializerClasses = '[]', activeProfiles = '{}', propertySourceLocations = '{}', propertySourceProperties = '{}', contextCustomizers = set[[empty]], contextLoader = 'org.springframework.test.context.support.DelegatingSmartContextLoader', parent = [null]], attributes = map[[empty]]], class annotated with @DirtiesContext [true] with mode [AFTER_EACH_TEST_METHOD], method annotated with @DirtiesContext [false] with mode [null].
17:03:30.619 [Test worker] DEBUG org.springframework.context.support.GenericApplicationContext - Closing org.springframework.context.support.GenericApplicationContext@3adc09cd, started on Wed Oct 23 17:03:30 MSK 2019
17:03:30.619 [Test worker] DEBUG org.springframework.jmx.export.annotation.AnnotationMBeanExporter - Unregistering JMX-exposed beans on shutdown
17:03:30.619 [Test worker] DEBUG org.springframework.jmx.export.annotation.AnnotationMBeanExporter - Unregistering JMX-exposed beans
17:03:30.619 [Test worker] INFO org.springframework.orm.jpa.LocalContainerEntityManagerFactoryBean - Closing JPA EntityManagerFactory for persistence unit 'default'
17:03:30.619 [Test worker] DEBUG org.hibernate.internal.SessionFactoryImpl - HHH000031: Closing
17:03:30.619 [Test worker] INFO org.hibernate.tool.schema.internal.SchemaDropperImpl$DelayedDropActionImpl - HHH000477: Starting delayed evictData of schema as part of SessionFactory shut-down'
17:03:30.620 [Test worker] DEBUG org.hibernate.SQL - drop table application_order if exists
17:03:30.621 [Test worker] DEBUG org.hibernate.SQL - drop table application_role if exists
17:03:30.622 [Test worker] DEBUG org.hibernate.SQL - drop table application_user if exists
17:03:30.622 [Test worker] DEBUG org.hibernate.SQL - drop table certificate if exists
17:03:30.623 [Test worker] DEBUG org.hibernate.SQL - drop table certificate_tag if exists
17:03:30.624 [Test worker] DEBUG org.hibernate.SQL - drop table entity if exists
17:03:30.624 [Test worker] DEBUG org.hibernate.SQL - drop table order_certificate if exists
17:03:30.625 [Test worker] DEBUG org.hibernate.SQL - drop table tag if exists
17:03:30.626 [Test worker] DEBUG org.hibernate.type.spi.TypeConfiguration$Scope - Un-scoping TypeConfiguration [org.hibernate.type.spi.TypeConfiguration$Scope@8efe850] from SessionFactory [org.hibernate.internal.SessionFactoryImpl@6985486c]
17:03:30.626 [Test worker] DEBUG org.hibernate.service.internal.AbstractServiceRegistryImpl - Implicitly destroying ServiceRegistry on de-registration of all child ServiceRegistries
17:03:30.626 [Test worker] DEBUG org.hibernate.boot.registry.internal.BootstrapServiceRegistryImpl - Implicitly destroying Boot-strap registry on de-registration of all child ServiceRegistries
17:03:30.626 [Test worker] INFO com.zaxxer.hikari.HikariDataSource - HikariPool-5 - Shutdown initiated...
17:03:30.626 [Test worker] DEBUG com.zaxxer.hikari.pool.HikariPool - HikariPool-5 - Before shutdown stats (total=10, active=0, idle=10, waiting=0)
17:03:30.627 [HikariPool-5 connection closer] DEBUG com.zaxxer.hikari.pool.PoolBase - HikariPool-5 - Closing connection conn40: url=jdbc:h2:mem:testdb user=SA: (connection evicted)
17:03:30.627 [HikariPool-5 connection closer] DEBUG com.zaxxer.hikari.pool.PoolBase - HikariPool-5 - Closing connection conn41: url=jdbc:h2:mem:testdb user=SA: (connection evicted)
17:03:30.627 [HikariPool-5 connection closer] DEBUG com.zaxxer.hikari.pool.PoolBase - HikariPool-5 - Closing connection conn42: url=jdbc:h2:mem:testdb user=SA: (connection evicted)
17:03:30.627 [HikariPool-5 connection closer] DEBUG com.zaxxer.hikari.pool.PoolBase - HikariPool-5 - Closing connection conn43: url=jdbc:h2:mem:testdb user=SA: (connection evicted)
17:03:30.628 [HikariPool-5 connection closer] DEBUG com.zaxxer.hikari.pool.PoolBase - HikariPool-5 - Closing connection conn44: url=jdbc:h2:mem:testdb user=SA: (connection evicted)
17:03:30.628 [HikariPool-5 connection closer] DEBUG com.zaxxer.hikari.pool.PoolBase - HikariPool-5 - Closing connection conn45: url=jdbc:h2:mem:testdb user=SA: (connection evicted)
17:03:30.628 [HikariPool-5 connection closer] DEBUG com.zaxxer.hikari.pool.PoolBase - HikariPool-5 - Closing connection conn46: url=jdbc:h2:mem:testdb user=SA: (connection evicted)
17:03:30.628 [HikariPool-5 connection closer] DEBUG com.zaxxer.hikari.pool.PoolBase - HikariPool-5 - Closing connection conn47: url=jdbc:h2:mem:testdb user=SA: (connection evicted)
17:03:30.628 [HikariPool-5 connection closer] DEBUG com.zaxxer.hikari.pool.PoolBase - HikariPool-5 - Closing connection conn48: url=jdbc:h2:mem:testdb user=SA: (connection evicted)
17:03:30.628 [HikariPool-5 connection closer] DEBUG com.zaxxer.hikari.pool.PoolBase - HikariPool-5 - Closing connection conn49: url=jdbc:h2:mem:testdb user=SA: (connection evicted)
17:03:30.628 [Test worker] DEBUG com.zaxxer.hikari.pool.HikariPool - HikariPool-5 - After shutdown stats (total=0, active=0, idle=0, waiting=0)
17:03:30.628 [Test worker] INFO com.zaxxer.hikari.HikariDataSource - HikariPool-5 - Shutdown completed.
17:03:30.629 [Test worker] DEBUG org.springframework.test.context.support.DependencyInjectionTestExecutionListener - Performing dependency injection for test context [[DefaultTestContext@6e844a53 testClass = CertificateRepositoryTest, testInstance = com.epam.esm.repository.CertificateRepositoryTest@7b7079fc, testMethod = [null], testException = [null], mergedContextConfiguration = [MergedContextConfiguration@152ba806 testClass = CertificateRepositoryTest, locations = '{}', classes = '{class com.epam.esm.TestConfig}', contextInitializerClasses = '[]', activeProfiles = '{}', propertySourceLocations = '{}', propertySourceProperties = '{}', contextCustomizers = set[[empty]], contextLoader = 'org.springframework.test.context.support.DelegatingSmartContextLoader', parent = [null]], attributes = map['org.springframework.test.context.support.DependencyInjectionTestExecutionListener.reinjectDependencies' -> true]]].
17:03:30.629 [Test worker] DEBUG org.springframework.test.context.support.AbstractDelegatingSmartContextLoader - Delegating to AnnotationConfigContextLoader to load context from [MergedContextConfiguration@152ba806 testClass = CertificateRepositoryTest, locations = '{}', classes = '{class com.epam.esm.TestConfig}', contextInitializerClasses = '[]', activeProfiles = '{}', propertySourceLocations = '{}', propertySourceProperties = '{}', contextCustomizers = set[[empty]], contextLoader = 'org.springframework.test.context.support.DelegatingSmartContextLoader', parent = [null]].
17:03:30.629 [Test worker] DEBUG org.springframework.test.context.support.AbstractGenericContextLoader - Loading ApplicationContext for merged context configuration [[MergedContextConfiguration@152ba806 testClass = CertificateRepositoryTest, locations = '{}', classes = '{class com.epam.esm.TestConfig}', contextInitializerClasses = '[]', activeProfiles = '{}', propertySourceLocations = '{}', propertySourceProperties = '{}', contextCustomizers = set[[empty]], contextLoader = 'org.springframework.test.context.support.DelegatingSmartContextLoader', parent = [null]]].
17:03:30.629 [Test worker] DEBUG org.springframework.core.env.StandardEnvironment - Activating profiles []
17:03:30.629 [Test worker] DEBUG org.springframework.test.context.support.AnnotationConfigContextLoader - Registering annotated classes: {class com.epam.esm.TestConfig}
17:03:30.631 [Test worker] DEBUG org.springframework.context.support.GenericApplicationContext - Refreshing org.springframework.context.support.GenericApplicationContext@6de81c88
17:03:30.631 [Test worker] DEBUG org.springframework.beans.factory.support.DefaultListableBeanFactory - Creating shared instance of singleton bean 'org.springframework.context.annotation.internalConfigurationAnnotationProcessor'
17:03:30.642 [Test worker] DEBUG org.springframework.context.annotation.ClassPathBeanDefinitionScanner - Identified candidate component class: file [/Users/dzmitryplatonov/Desktop/workdir/giftcertificates/datasource/build/classes/java/main/com/epam/esm/repository/CertificateRepository.class]
17:03:30.642 [Test worker] DEBUG org.springframework.context.annotation.ClassPathBeanDefinitionScanner - Identified candidate component class: file [/Users/dzmitryplatonov/Desktop/workdir/giftcertificates/datasource/build/classes/java/main/com/epam/esm/repository/OrderCertificateRepository.class]
17:03:30.643 [Test worker] DEBUG org.springframework.context.annotation.ClassPathBeanDefinitionScanner - Identified candidate component class: file [/Users/dzmitryplatonov/Desktop/workdir/giftcertificates/datasource/build/classes/java/main/com/epam/esm/repository/OrderRepository.class]
17:03:30.643 [Test worker] DEBUG org.springframework.context.annotation.ClassPathBeanDefinitionScanner - Identified candidate component class: file [/Users/dzmitryplatonov/Desktop/workdir/giftcertificates/datasource/build/classes/java/main/com/epam/esm/repository/TagRepository.class]
17:03:30.643 [Test worker] DEBUG org.springframework.context.annotation.ClassPathBeanDefinitionScanner - Identified candidate component class: file [/Users/dzmitryplatonov/Desktop/workdir/giftcertificates/datasource/build/classes/java/main/com/epam/esm/repository/UserRepository.class]
17:03:30.644 [Test worker] DEBUG org.springframework.context.annotation.ClassPathBeanDefinitionScanner - Identified candidate component class: file [/Users/dzmitryplatonov/Desktop/workdir/giftcertificates/datasource/build/classes/java/main/com/epam/esm/repository/predicate/CriteriaBuilderHelper.class]
17:03:30.709 [Test worker] DEBUG org.springframework.beans.factory.support.DefaultListableBeanFactory - Creating shared instance of singleton bean 'org.springframework.boot.autoconfigure.condition.BeanTypeRegistry'
17:03:30.723 [Test worker] INFO org.springframework.data.repository.config.RepositoryConfigurationDelegate - Bootstrapping Spring Data repositories in DEFAULT mode.
17:03:30.723 [Test worker] DEBUG org.springframework.beans.factory.support.DefaultListableBeanFactory - Creating shared instance of singleton bean 'org.springframework.boot.autoconfigure.AutoConfigurationPackages'
17:03:30.723 [Test worker] DEBUG org.springframework.boot.autoconfigure.AutoConfigurationPackages - @EnableAutoConfiguration was declared on a class in the package 'com.epam.esm'. Automatic @Repository and @Entity scanning is enabled.
17:03:30.723 [Test worker] DEBUG org.springframework.data.repository.config.RepositoryConfigurationDelegate - Scanning for repositories in packages com.epam.esm.
17:03:30.732 [Test worker] INFO org.springframework.data.repository.config.RepositoryConfigurationDelegate - Finished Spring Data repository scanning in 8ms. Found 0 repository interfaces.
17:03:30.751 [Test worker] DEBUG org.springframework.beans.factory.support.DefaultListableBeanFactory - Creating shared instance of singleton bean 'propertySourcesPlaceholderConfigurer'
17:03:30.752 [Test worker] DEBUG org.springframework.beans.factory.support.DefaultListableBeanFactory - Creating shared instance of singleton bean 'emBeanDefinitionRegistrarPostProcessor'
17:03:30.753 [Test worker] DEBUG org.springframework.beans.factory.support.DefaultListableBeanFactory - Creating shared instance of singleton bean 'org.springframework.context.event.internalEventListenerProcessor'
17:03:30.753 [Test worker] DEBUG org.springframework.beans.factory.support.DefaultListableBeanFactory - Creating shared instance of singleton bean 'org.springframework.boot.context.properties.ConfigurationBeanFactoryMetadata'
17:03:30.753 [Test worker] DEBUG org.springframework.beans.factory.support.DefaultListableBeanFactory - Creating shared instance of singleton bean 'org.springframework.context.event.internalEventListenerFactory'
17:03:30.753 [Test worker] DEBUG org.springframework.beans.factory.support.DefaultListableBeanFactory - Creating shared instance of singleton bean 'org.springframework.transaction.config.internalTransactionalEventListenerFactory'
17:03:30.754 [Test worker] DEBUG org.springframework.beans.factory.support.DefaultListableBeanFactory - Creating shared instance of singleton bean 'org.springframework.context.annotation.internalAutowiredAnnotationProcessor'
17:03:30.754 [Test worker] DEBUG org.springframework.beans.factory.support.DefaultListableBeanFactory - Creating shared instance of singleton bean 'org.springframework.context.annotation.internalCommonAnnotationProcessor'
17:03:30.755 [Test worker] DEBUG org.springframework.beans.factory.support.DefaultListableBeanFactory - Creating shared instance of singleton bean 'org.springframework.context.annotation.internalPersistenceAnnotationProcessor'
17:03:30.755 [Test worker] DEBUG org.springframework.beans.factory.support.DefaultListableBeanFactory - Creating shared instance of singleton bean 'org.springframework.boot.context.properties.ConfigurationPropertiesBindingPostProcessor'
17:03:30.755 [Test worker] DEBUG org.springframework.beans.factory.support.DefaultListableBeanFactory - Creating shared instance of singleton bean 'methodValidationPostProcessor'
17:03:30.756 [Test worker] DEBUG org.springframework.beans.factory.support.DefaultListableBeanFactory - Autowiring by type from bean name 'methodValidationPostProcessor' via factory method to bean named 'environment'
17:03:30.756 [Test worker] DEBUG org.springframework.beans.factory.support.DefaultListableBeanFactory - Creating shared instance of singleton bean 'org.springframework.aop.config.internalAutoProxyCreator'
17:03:30.758 [Test worker] DEBUG org.springframework.beans.factory.support.DefaultListableBeanFactory - Creating shared instance of singleton bean 'dataSourceInitializerPostProcessor'
17:03:30.759 [Test worker] DEBUG org.springframework.beans.factory.support.DefaultListableBeanFactory - Creating shared instance of singleton bean 'persistenceExceptionTranslationPostProcessor'
17:03:30.759 [Test worker] DEBUG org.springframework.beans.factory.support.DefaultListableBeanFactory - Autowiring by type from bean name 'persistenceExceptionTranslationPostProcessor' via factory method to bean named 'environment'
17:03:30.759 [Test worker] DEBUG org.springframework.beans.factory.support.DefaultListableBeanFactory - Creating shared instance of singleton bean 'dataSourceInitializedPublisher'
17:03:30.761 [Test worker] DEBUG org.springframework.beans.factory.support.DefaultListableBeanFactory - Creating shared instance of singleton bean 'entityManagerFactory'
17:03:30.761 [Test worker] DEBUG org.springframework.beans.factory.support.DefaultListableBeanFactory - Creating shared instance of singleton bean 'org.springframework.transaction.config.internalTransactionAdvisor'
17:03:30.761 [Test worker] DEBUG org.springframework.beans.factory.support.DefaultListableBeanFactory - Creating shared instance of singleton bean 'org.springframework.transaction.annotation.ProxyTransactionManagementConfiguration'
17:03:30.764 [Test worker] DEBUG org.springframework.beans.factory.support.DefaultListableBeanFactory - Creating shared instance of singleton bean 'transactionAttributeSource'
17:03:30.765 [Test worker] DEBUG org.springframework.beans.factory.support.DefaultListableBeanFactory - Creating shared instance of singleton bean 'transactionInterceptor'
17:03:30.766 [Test worker] DEBUG org.springframework.beans.factory.support.DefaultListableBeanFactory - Creating shared instance of singleton bean 'org.springframework.boot.autoconfigure.orm.jpa.HibernateJpaConfiguration'
17:03:30.766 [Test worker] DEBUG org.springframework.core.LocalVariableTableParameterNameDiscoverer - Cannot find '.class' file for class [class org.springframework.boot.autoconfigure.orm.jpa.HibernateJpaConfiguration$$EnhancerBySpringCGLIB$$c3eb9b54] - unable to determine constructor/method parameter names
17:03:30.766 [Test worker] DEBUG org.springframework.beans.factory.support.DefaultListableBeanFactory - Creating shared instance of singleton bean 'dataSource'
17:03:30.767 [Test worker] DEBUG org.springframework.beans.factory.support.DefaultListableBeanFactory - Creating shared instance of singleton bean 'org.springframework.boot.autoconfigure.jdbc.DataSourceConfiguration$Hikari'
17:03:30.768 [Test worker] DEBUG org.springframework.beans.factory.support.DefaultListableBeanFactory - Creating shared instance of singleton bean 'spring.datasource-org.springframework.boot.autoconfigure.jdbc.DataSourceProperties'
17:03:30.770 [Test worker] DEBUG org.springframework.beans.factory.support.DefaultListableBeanFactory - Autowiring by type from bean name 'dataSource' via factory method to bean named 'spring.datasource-org.springframework.boot.autoconfigure.jdbc.DataSourceProperties'
17:03:30.773 [Test worker] DEBUG com.zaxxer.hikari.HikariConfig - Driver class org.h2.Driver found in Thread context class loader jdk.internal.loader.ClassLoaders$AppClassLoader@2c13da15
17:03:30.778 [Test worker] DEBUG org.springframework.beans.factory.support.DefaultListableBeanFactory - Creating shared instance of singleton bean 'org.springframework.boot.autoconfigure.jdbc.DataSourceInitializerInvoker'
17:03:30.778 [Test worker] DEBUG org.springframework.beans.factory.support.DefaultListableBeanFactory - Autowiring by type from bean name 'org.springframework.boot.autoconfigure.jdbc.DataSourceInitializerInvoker' via constructor to bean named 'spring.datasource-org.springframework.boot.autoconfigure.jdbc.DataSourceProperties'
17:03:30.778 [Test worker] DEBUG org.springframework.beans.factory.support.DefaultListableBeanFactory - Autowiring by type from bean name 'org.springframework.boot.autoconfigure.jdbc.DataSourceInitializerInvoker' via constructor to bean named 'org.springframework.context.support.GenericApplicationContext@6de81c88'
17:03:30.780 [Test worker] DEBUG org.springframework.beans.factory.support.DefaultListableBeanFactory - Creating shared instance of singleton bean 'spring.jpa-org.springframework.boot.autoconfigure.orm.jpa.JpaProperties'
17:03:30.781 [Test worker] DEBUG org.springframework.beans.factory.support.DefaultListableBeanFactory - Creating shared instance of singleton bean 'spring.jpa.hibernate-org.springframework.boot.autoconfigure.orm.jpa.HibernateProperties'
17:03:30.782 [Test worker] DEBUG org.springframework.beans.factory.support.DefaultListableBeanFactory - Autowiring by type from bean name 'org.springframework.boot.autoconfigure.orm.jpa.HibernateJpaConfiguration' via constructor to bean named 'dataSource'
17:03:30.782 [Test worker] DEBUG org.springframework.beans.factory.support.DefaultListableBeanFactory - Autowiring by type from bean name 'org.springframework.boot.autoconfigure.orm.jpa.HibernateJpaConfiguration' via constructor to bean named 'spring.jpa-org.springframework.boot.autoconfigure.orm.jpa.JpaProperties'
17:03:30.782 [Test worker] DEBUG org.springframework.beans.factory.support.DefaultListableBeanFactory - Autowiring by type from bean name 'org.springframework.boot.autoconfigure.orm.jpa.HibernateJpaConfiguration' via constructor to bean named 'org.springframework.beans.factory.support.DefaultListableBeanFactory@43fd4fc2'
17:03:30.782 [Test worker] DEBUG org.springframework.beans.factory.support.DefaultListableBeanFactory - Autowiring by type from bean name 'org.springframework.boot.autoconfigure.orm.jpa.HibernateJpaConfiguration' via constructor to bean named 'spring.jpa.hibernate-org.springframework.boot.autoconfigure.orm.jpa.HibernateProperties'
17:03:30.783 [Test worker] DEBUG org.springframework.beans.factory.support.DefaultListableBeanFactory - Creating shared instance of singleton bean 'platformTransactionManagerCustomizers'
17:03:30.783 [Test worker] DEBUG org.springframework.beans.factory.support.DefaultListableBeanFactory - Creating shared instance of singleton bean 'org.springframework.boot.autoconfigure.transaction.TransactionAutoConfiguration'
17:03:30.784 [Test worker] DEBUG org.springframework.beans.factory.support.DefaultListableBeanFactory - Creating shared instance of singleton bean 'spring.transaction-org.springframework.boot.autoconfigure.transaction.TransactionProperties'
17:03:30.785 [Test worker] DEBUG org.springframework.beans.factory.support.DefaultListableBeanFactory - Creating shared instance of singleton bean 'hikariPoolDataSourceMetadataProvider'
17:03:30.786 [Test worker] DEBUG org.springframework.beans.factory.support.DefaultListableBeanFactory - Creating shared instance of singleton bean 'org.springframework.boot.autoconfigure.jdbc.metadata.DataSourcePoolMetadataProvidersConfiguration$HikariPoolDataSourceMetadataProviderConfiguration'
17:03:30.787 [Test worker] DEBUG org.springframework.beans.factory.support.DefaultListableBeanFactory - Creating shared instance of singleton bean 'entityManagerFactoryBuilder'
17:03:30.788 [Test worker] DEBUG org.springframework.beans.factory.support.DefaultListableBeanFactory - Creating shared instance of singleton bean 'jpaVendorAdapter'
17:03:30.788 [Test worker] DEBUG org.springframework.jdbc.datasource.DataSourceUtils - Fetching JDBC Connection from DataSource
17:03:30.788 [Test worker] DEBUG com.zaxxer.hikari.HikariConfig - HikariPool-6 - configuration:
17:03:30.789 [Test worker] DEBUG com.zaxxer.hikari.HikariConfig - allowPoolSuspension.............false
17:03:30.789 [Test worker] DEBUG com.zaxxer.hikari.HikariConfig - autoCommit......................true
17:03:30.789 [Test worker] DEBUG com.zaxxer.hikari.HikariConfig - catalog.........................none
17:03:30.789 [Test worker] DEBUG com.zaxxer.hikari.HikariConfig - connectionInitSql...............none
17:03:30.789 [Test worker] DEBUG com.zaxxer.hikari.HikariConfig - connectionTestQuery.............none
17:03:30.789 [Test worker] DEBUG com.zaxxer.hikari.HikariConfig - connectionTimeout...............30000
17:03:30.789 [Test worker] DEBUG com.zaxxer.hikari.HikariConfig - dataSource......................none
17:03:30.789 [Test worker] DEBUG com.zaxxer.hikari.HikariConfig - dataSourceClassName.............none
17:03:30.789 [Test worker] DEBUG com.zaxxer.hikari.HikariConfig - dataSourceJNDI..................none
17:03:30.789 [Test worker] DEBUG com.zaxxer.hikari.HikariConfig - dataSourceProperties............{password=<masked>}
17:03:30.789 [Test worker] DEBUG com.zaxxer.hikari.HikariConfig - driverClassName................."org.h2.Driver"
17:03:30.789 [Test worker] DEBUG com.zaxxer.hikari.HikariConfig - healthCheckProperties...........{}
17:03:30.789 [Test worker] DEBUG com.zaxxer.hikari.HikariConfig - healthCheckRegistry.............none
17:03:30.789 [Test worker] DEBUG com.zaxxer.hikari.HikariConfig - idleTimeout.....................600000
17:03:30.789 [Test worker] DEBUG com.zaxxer.hikari.HikariConfig - initializationFailTimeout.......1
17:03:30.789 [Test worker] DEBUG com.zaxxer.hikari.HikariConfig - isolateInternalQueries..........false
17:03:30.789 [Test worker] DEBUG com.zaxxer.hikari.HikariConfig - jdbcUrl.........................jdbc:h2:mem:testdb;DB_CLOSE_DELAY=-1;DB_CLOSE_ON_EXIT=FALSE
17:03:30.789 [Test worker] DEBUG com.zaxxer.hikari.HikariConfig - leakDetectionThreshold..........0
17:03:30.790 [Test worker] DEBUG com.zaxxer.hikari.HikariConfig - maxLifetime.....................1800000
17:03:30.790 [Test worker] DEBUG com.zaxxer.hikari.HikariConfig - maximumPoolSize.................10
17:03:30.790 [Test worker] DEBUG com.zaxxer.hikari.HikariConfig - metricRegistry..................none
17:03:30.790 [Test worker] DEBUG com.zaxxer.hikari.HikariConfig - metricsTrackerFactory...........none
17:03:30.790 [Test worker] DEBUG com.zaxxer.hikari.HikariConfig - minimumIdle.....................10
17:03:30.790 [Test worker] DEBUG com.zaxxer.hikari.HikariConfig - password........................<masked>
17:03:30.790 [Test worker] DEBUG com.zaxxer.hikari.HikariConfig - poolName........................"HikariPool-6"
17:03:30.790 [Test worker] DEBUG com.zaxxer.hikari.HikariConfig - readOnly........................false
17:03:30.790 [Test worker] DEBUG com.zaxxer.hikari.HikariConfig - registerMbeans..................false
17:03:30.790 [Test worker] DEBUG com.zaxxer.hikari.HikariConfig - scheduledExecutor...............none
17:03:30.790 [Test worker] DEBUG com.zaxxer.hikari.HikariConfig - schema..........................none
17:03:30.790 [Test worker] DEBUG com.zaxxer.hikari.HikariConfig - threadFactory...................internal
17:03:30.790 [Test worker] DEBUG com.zaxxer.hikari.HikariConfig - transactionIsolation............default
17:03:30.790 [Test worker] DEBUG com.zaxxer.hikari.HikariConfig - username........................"sa"
17:03:30.790 [Test worker] DEBUG com.zaxxer.hikari.HikariConfig - validationTimeout...............5000
17:03:30.790 [Test worker] INFO com.zaxxer.hikari.HikariDataSource - HikariPool-6 - Starting...
17:03:30.791 [Test worker] DEBUG com.zaxxer.hikari.pool.HikariPool - HikariPool-6 - Added connection conn50: url=jdbc:h2:mem:testdb user=SA
17:03:30.791 [Test worker] INFO com.zaxxer.hikari.HikariDataSource - HikariPool-6 - Start completed.
17:03:30.792 [Test worker] DEBUG org.springframework.beans.factory.support.DefaultListableBeanFactory - Autowiring by type from bean name 'entityManagerFactoryBuilder' via factory method to bean named 'jpaVendorAdapter'
17:03:30.793 [Test worker] DEBUG org.springframework.beans.factory.support.DefaultListableBeanFactory - Autowiring by type from bean name 'entityManagerFactory' via factory method to bean named 'entityManagerFactoryBuilder'
17:03:30.793 [Test worker] DEBUG org.springframework.jdbc.datasource.DataSourceUtils - Fetching JDBC Connection from DataSource
17:03:30.799 [Test worker] DEBUG org.springframework.orm.jpa.LocalContainerEntityManagerFactoryBean - Building JPA container EntityManagerFactory for persistence unit 'default'
17:03:30.799 [Test worker] DEBUG org.hibernate.jpa.internal.util.LogHelper - PersistenceUnitInfo [
	name: default
	persistence provider classname: null
	classloader: jdk.internal.loader.ClassLoaders$AppClassLoader@2c13da15
	excludeUnlistedClasses: true
	JTA datasource: null
	Non JTA datasource: HikariDataSource (HikariPool-6)
	Transaction type: RESOURCE_LOCAL
	PU root URL: file:/Users/dzmitryplatonov/Desktop/workdir/giftcertificates/datasource/build/classes/java/test/
	Shared Cache Mode: UNSPECIFIED
	Validation Mode: AUTO
	Jar files URLs []
	Managed classes names [
		com.epam.esm.entity.Entity
		com.epam.esm.entity.GiftCertificate
		com.epam.esm.entity.Order
		com.epam.esm.entity.OrderCertificate
		com.epam.esm.entity.Role
		com.epam.esm.entity.Tag
		com.epam.esm.entity.User]
	Mapping files names []
	Properties []
17:03:30.799 [Test worker] DEBUG org.hibernate.integrator.internal.IntegratorServiceImpl - Adding Integrator [org.hibernate.cfg.beanvalidation.BeanValidationIntegrator].
17:03:30.799 [Test worker] DEBUG org.hibernate.integrator.internal.IntegratorServiceImpl - Adding Integrator [org.hibernate.secure.spi.JaccIntegrator].
17:03:30.799 [Test worker] DEBUG org.hibernate.integrator.internal.IntegratorServiceImpl - Adding Integrator [org.hibernate.cache.internal.CollectionCacheInvalidator].
17:03:30.800 [Test worker] DEBUG org.hibernate.service.spi.ServiceBinding - Overriding existing service binding [org.hibernate.secure.spi.JaccService]
17:03:30.801 [Test worker] DEBUG org.hibernate.cache.internal.RegionFactoryInitiator - Cannot default RegionFactory based on registered strategies as `[]` RegionFactory strategies were registered
17:03:30.801 [Test worker] DEBUG org.hibernate.cache.internal.RegionFactoryInitiator - Cache region factory : org.hibernate.cache.internal.NoCachingRegionFactory
17:03:30.802 [Test worker] DEBUG org.hibernate.type.BasicTypeRegistry - Adding type registration boolean -> org.hibernate.type.BooleanType@7a361749
17:03:30.802 [Test worker] DEBUG org.hibernate.type.BasicTypeRegistry - Adding type registration boolean -> org.hibernate.type.BooleanType@7a361749
17:03:30.802 [Test worker] DEBUG org.hibernate.type.BasicTypeRegistry - Adding type registration java.lang.Boolean -> org.hibernate.type.BooleanType@7a361749
17:03:30.802 [Test worker] DEBUG org.hibernate.type.BasicTypeRegistry - Adding type registration numeric_boolean -> org.hibernate.type.NumericBooleanType@35b10044
17:03:30.802 [Test worker] DEBUG org.hibernate.type.BasicTypeRegistry - Adding type registration true_false -> org.hibernate.type.TrueFalseType@1b7f764d
17:03:30.802 [Test worker] DEBUG org.hibernate.type.BasicTypeRegistry - Adding type registration yes_no -> org.hibernate.type.YesNoType@726eb0b7
17:03:30.802 [Test worker] DEBUG org.hibernate.type.BasicTypeRegistry - Adding type registration byte -> org.hibernate.type.ByteType@17cb58e9
17:03:30.802 [Test worker] DEBUG org.hibernate.type.BasicTypeRegistry - Adding type registration byte -> org.hibernate.type.ByteType@17cb58e9
17:03:30.802 [Test worker] DEBUG org.hibernate.type.BasicTypeRegistry - Adding type registration java.lang.Byte -> org.hibernate.type.ByteType@17cb58e9
17:03:30.802 [Test worker] DEBUG org.hibernate.type.BasicTypeRegistry - Adding type registration character -> org.hibernate.type.CharacterType@30f0ba0d
17:03:30.802 [Test worker] DEBUG org.hibernate.type.BasicTypeRegistry - Adding type registration char -> org.hibernate.type.CharacterType@30f0ba0d
17:03:30.802 [Test worker] DEBUG org.hibernate.type.BasicTypeRegistry - Adding type registration java.lang.Character -> org.hibernate.type.CharacterType@30f0ba0d
17:03:30.802 [Test worker] DEBUG org.hibernate.type.BasicTypeRegistry - Adding type registration short -> org.hibernate.type.ShortType@27eea72e
17:03:30.802 [Test worker] DEBUG org.hibernate.type.BasicTypeRegistry - Adding type registration short -> org.hibernate.type.ShortType@27eea72e
17:03:30.802 [Test worker] DEBUG org.hibernate.type.BasicTypeRegistry - Adding type registration java.lang.Short -> org.hibernate.type.ShortType@27eea72e
17:03:30.802 [Test worker] DEBUG org.hibernate.type.BasicTypeRegistry - Adding type registration integer -> org.hibernate.type.IntegerType@3e734867
17:03:30.802 [Test worker] DEBUG org.hibernate.type.BasicTypeRegistry - Adding type registration int -> org.hibernate.type.IntegerType@3e734867
17:03:30.802 [Test worker] DEBUG org.hibernate.type.BasicTypeRegistry - Adding type registration java.lang.Integer -> org.hibernate.type.IntegerType@3e734867
17:03:30.802 [Test worker] DEBUG org.hibernate.type.BasicTypeRegistry - Adding type registration long -> org.hibernate.type.LongType@10654366
17:03:30.802 [Test worker] DEBUG org.hibernate.type.BasicTypeRegistry - Adding type registration long -> org.hibernate.type.LongType@10654366
17:03:30.802 [Test worker] DEBUG org.hibernate.type.BasicTypeRegistry - Adding type registration java.lang.Long -> org.hibernate.type.LongType@10654366
17:03:30.802 [Test worker] DEBUG org.hibernate.type.BasicTypeRegistry - Adding type registration float -> org.hibernate.type.FloatType@1072c4c1
17:03:30.802 [Test worker] DEBUG org.hibernate.type.BasicTypeRegistry - Adding type registration float -> org.hibernate.type.FloatType@1072c4c1
17:03:30.802 [Test worker] DEBUG org.hibernate.type.BasicTypeRegistry - Adding type registration java.lang.Float -> org.hibernate.type.FloatType@1072c4c1
17:03:30.802 [Test worker] DEBUG org.hibernate.type.BasicTypeRegistry - Adding type registration double -> org.hibernate.type.DoubleType@383d90d3
17:03:30.802 [Test worker] DEBUG org.hibernate.type.BasicTypeRegistry - Adding type registration double -> org.hibernate.type.DoubleType@383d90d3
17:03:30.802 [Test worker] DEBUG org.hibernate.type.BasicTypeRegistry - Adding type registration java.lang.Double -> org.hibernate.type.DoubleType@383d90d3
17:03:30.802 [Test worker] DEBUG org.hibernate.type.BasicTypeRegistry - Adding type registration big_decimal -> org.hibernate.type.BigDecimalType@322ff0c5
17:03:30.802 [Test worker] DEBUG org.hibernate.type.BasicTypeRegistry - Adding type registration java.math.BigDecimal -> org.hibernate.type.BigDecimalType@322ff0c5
17:03:30.802 [Test worker] DEBUG org.hibernate.type.BasicTypeRegistry - Adding type registration big_integer -> org.hibernate.type.BigIntegerType@219d1f47
17:03:30.802 [Test worker] DEBUG org.hibernate.type.BasicTypeRegistry - Adding type registration java.math.BigInteger -> org.hibernate.type.BigIntegerType@219d1f47
17:03:30.803 [Test worker] DEBUG org.hibernate.type.BasicTypeRegistry - Adding type registration string -> org.hibernate.type.StringType@7b9aad94
17:03:30.803 [Test worker] DEBUG org.hibernate.type.BasicTypeRegistry - Adding type registration java.lang.String -> org.hibernate.type.StringType@7b9aad94
17:03:30.803 [Test worker] DEBUG org.hibernate.type.BasicTypeRegistry - Adding type registration nstring -> org.hibernate.type.StringNVarcharType@39251dc7
17:03:30.803 [Test worker] DEBUG org.hibernate.type.BasicTypeRegistry - Adding type registration ncharacter -> org.hibernate.type.CharacterNCharType@284c8f8b
17:03:30.803 [Test worker] DEBUG org.hibernate.type.BasicTypeRegistry - Adding type registration url -> org.hibernate.type.UrlType@7c5e8cdb
17:03:30.803 [Test worker] DEBUG org.hibernate.type.BasicTypeRegistry - Adding type registration java.net.URL -> org.hibernate.type.UrlType@7c5e8cdb
17:03:30.803 [Test worker] DEBUG org.hibernate.type.BasicTypeRegistry - Adding type registration Duration -> org.hibernate.type.DurationType@5502b9d6
17:03:30.803 [Test worker] DEBUG org.hibernate.type.BasicTypeRegistry - Adding type registration java.time.Duration -> org.hibernate.type.DurationType@5502b9d6
17:03:30.803 [Test worker] DEBUG org.hibernate.type.BasicTypeRegistry - Adding type registration Instant -> org.hibernate.type.InstantType@52dea51b
17:03:30.803 [Test worker] DEBUG org.hibernate.type.BasicTypeRegistry - Adding type registration java.time.Instant -> org.hibernate.type.InstantType@52dea51b
17:03:30.803 [Test worker] DEBUG org.hibernate.type.BasicTypeRegistry - Adding type registration LocalDateTime -> org.hibernate.type.LocalDateTimeType@65741b68
17:03:30.803 [Test worker] DEBUG org.hibernate.type.BasicTypeRegistry - Adding type registration java.time.LocalDateTime -> org.hibernate.type.LocalDateTimeType@65741b68
17:03:30.803 [Test worker] DEBUG org.hibernate.type.BasicTypeRegistry - Adding type registration LocalDate -> org.hibernate.type.LocalDateType@33f0f7f9
17:03:30.803 [Test worker] DEBUG org.hibernate.type.BasicTypeRegistry - Adding type registration java.time.LocalDate -> org.hibernate.type.LocalDateType@33f0f7f9
17:03:30.803 [Test worker] DEBUG org.hibernate.type.BasicTypeRegistry - Adding type registration LocalTime -> org.hibernate.type.LocalTimeType@5e875231
17:03:30.803 [Test worker] DEBUG org.hibernate.type.BasicTypeRegistry - Adding type registration java.time.LocalTime -> org.hibernate.type.LocalTimeType@5e875231
17:03:30.803 [Test worker] DEBUG org.hibernate.type.BasicTypeRegistry - Adding type registration OffsetDateTime -> org.hibernate.type.OffsetDateTimeType@e161f10
17:03:30.803 [Test worker] DEBUG org.hibernate.type.BasicTypeRegistry - Adding type registration java.time.OffsetDateTime -> org.hibernate.type.OffsetDateTimeType@e161f10
17:03:30.803 [Test worker] DEBUG org.hibernate.type.BasicTypeRegistry - Adding type registration OffsetTime -> org.hibernate.type.OffsetTimeType@1ed4e4a1
17:03:30.803 [Test worker] DEBUG org.hibernate.type.BasicTypeRegistry - Adding type registration java.time.OffsetTime -> org.hibernate.type.OffsetTimeType@1ed4e4a1
17:03:30.803 [Test worker] DEBUG org.hibernate.type.BasicTypeRegistry - Adding type registration ZonedDateTime -> org.hibernate.type.ZonedDateTimeType@1f7b3ac5
17:03:30.803 [Test worker] DEBUG org.hibernate.type.BasicTypeRegistry - Adding type registration java.time.ZonedDateTime -> org.hibernate.type.ZonedDateTimeType@1f7b3ac5
17:03:30.803 [Test worker] DEBUG org.hibernate.type.BasicTypeRegistry - Adding type registration date -> org.hibernate.type.DateType@47db9e78
17:03:30.803 [Test worker] DEBUG org.hibernate.type.BasicTypeRegistry - Adding type registration java.sql.Date -> org.hibernate.type.DateType@47db9e78
17:03:30.803 [Test worker] DEBUG org.hibernate.type.BasicTypeRegistry - Adding type registration time -> org.hibernate.type.TimeType@19cf2a46
17:03:30.803 [Test worker] DEBUG org.hibernate.type.BasicTypeRegistry - Adding type registration java.sql.Time -> org.hibernate.type.TimeType@19cf2a46
17:03:30.803 [Test worker] DEBUG org.hibernate.type.BasicTypeRegistry - Adding type registration timestamp -> org.hibernate.type.TimestampType@33cc8709
17:03:30.803 [Test worker] DEBUG org.hibernate.type.BasicTypeRegistry - Adding type registration java.sql.Timestamp -> org.hibernate.type.TimestampType@33cc8709
17:03:30.803 [Test worker] DEBUG org.hibernate.type.BasicTypeRegistry - Adding type registration java.util.Date -> org.hibernate.type.TimestampType@33cc8709
17:03:30.803 [Test worker] DEBUG org.hibernate.type.BasicTypeRegistry - Adding type registration dbtimestamp -> org.hibernate.type.DbTimestampType@4bb8bc35
17:03:30.803 [Test worker] DEBUG org.hibernate.type.BasicTypeRegistry - Adding type registration calendar -> org.hibernate.type.CalendarType@6cda5f3e
17:03:30.803 [Test worker] DEBUG org.hibernate.type.BasicTypeRegistry - Adding type registration java.util.Calendar -> org.hibernate.type.CalendarType@6cda5f3e
17:03:30.803 [Test worker] DEBUG org.hibernate.type.BasicTypeRegistry - Adding type registration java.util.GregorianCalendar -> org.hibernate.type.CalendarType@6cda5f3e
17:03:30.804 [Test worker] DEBUG org.hibernate.type.BasicTypeRegistry - Adding type registration calendar_date -> org.hibernate.type.CalendarDateType@2cf12338
17:03:30.804 [Test worker] DEBUG org.hibernate.type.BasicTypeRegistry - Adding type registration locale -> org.hibernate.type.LocaleType@5fa83fc7
17:03:30.804 [Test worker] DEBUG org.hibernate.type.BasicTypeRegistry - Adding type registration java.util.Locale -> org.hibernate.type.LocaleType@5fa83fc7
17:03:30.804 [Test worker] DEBUG org.hibernate.type.BasicTypeRegistry - Adding type registration currency -> org.hibernate.type.CurrencyType@7198d6af
17:03:30.804 [Test worker] DEBUG org.hibernate.type.BasicTypeRegistry - Adding type registration java.util.Currency -> org.hibernate.type.CurrencyType@7198d6af
17:03:30.804 [Test worker] DEBUG org.hibernate.type.BasicTypeRegistry - Adding type registration timezone -> org.hibernate.type.TimeZoneType@5db6acf5
17:03:30.804 [Test worker] DEBUG org.hibernate.type.BasicTypeRegistry - Adding type registration java.util.TimeZone -> org.hibernate.type.TimeZoneType@5db6acf5
17:03:30.804 [Test worker] DEBUG org.hibernate.type.BasicTypeRegistry - Adding type registration class -> org.hibernate.type.ClassType@11e7b123
17:03:30.804 [Test worker] DEBUG org.hibernate.type.BasicTypeRegistry - Adding type registration java.lang.Class -> org.hibernate.type.ClassType@11e7b123
17:03:30.804 [Test worker] DEBUG org.hibernate.type.BasicTypeRegistry - Adding type registration uuid-binary -> org.hibernate.type.UUIDBinaryType@515d21bc
17:03:30.804 [Test worker] DEBUG org.hibernate.type.BasicTypeRegistry - Adding type registration java.util.UUID -> org.hibernate.type.UUIDBinaryType@515d21bc
17:03:30.804 [Test worker] DEBUG org.hibernate.type.BasicTypeRegistry - Adding type registration uuid-char -> org.hibernate.type.UUIDCharType@774ef163
17:03:30.804 [Test worker] DEBUG org.hibernate.type.BasicTypeRegistry - Adding type registration binary -> org.hibernate.type.BinaryType@5f00df0f
17:03:30.804 [Test worker] DEBUG org.hibernate.type.BasicTypeRegistry - Adding type registration byte[] -> org.hibernate.type.BinaryType@5f00df0f
17:03:30.804 [Test worker] DEBUG org.hibernate.type.BasicTypeRegistry - Adding type registration [B -> org.hibernate.type.BinaryType@5f00df0f
17:03:30.804 [Test worker] DEBUG org.hibernate.type.BasicTypeRegistry - Adding type registration wrapper-binary -> org.hibernate.type.WrapperBinaryType@1c4b0916
17:03:30.804 [Test worker] DEBUG org.hibernate.type.BasicTypeRegistry - Adding type registration Byte[] -> org.hibernate.type.WrapperBinaryType@1c4b0916
17:03:30.804 [Test worker] DEBUG org.hibernate.type.BasicTypeRegistry - Adding type registration [Ljava.lang.Byte; -> org.hibernate.type.WrapperBinaryType@1c4b0916
17:03:30.804 [Test worker] DEBUG org.hibernate.type.BasicTypeRegistry - Adding type registration row_version -> org.hibernate.type.RowVersionType@5a9358d7
17:03:30.804 [Test worker] DEBUG org.hibernate.type.BasicTypeRegistry - Adding type registration image -> org.hibernate.type.ImageType@b08df66
17:03:30.804 [Test worker] DEBUG org.hibernate.type.BasicTypeRegistry - Adding type registration characters -> org.hibernate.type.CharArrayType@69a415e0
17:03:30.804 [Test worker] DEBUG org.hibernate.type.BasicTypeRegistry - Adding type registration char[] -> org.hibernate.type.CharArrayType@69a415e0
17:03:30.804 [Test worker] DEBUG org.hibernate.type.BasicTypeRegistry - Adding type registration [C -> org.hibernate.type.CharArrayType@69a415e0
17:03:30.804 [Test worker] DEBUG org.hibernate.type.BasicTypeRegistry - Adding type registration wrapper-characters -> org.hibernate.type.CharacterArrayType@2e189552
17:03:30.804 [Test worker] DEBUG org.hibernate.type.BasicTypeRegistry - Adding type registration [Ljava.lang.Character; -> org.hibernate.type.CharacterArrayType@2e189552
17:03:30.804 [Test worker] DEBUG org.hibernate.type.BasicTypeRegistry - Adding type registration Character[] -> org.hibernate.type.CharacterArrayType@2e189552
17:03:30.804 [Test worker] DEBUG org.hibernate.type.BasicTypeRegistry - Adding type registration text -> org.hibernate.type.TextType@3bb4f48d
17:03:30.804 [Test worker] DEBUG org.hibernate.type.BasicTypeRegistry - Adding type registration ntext -> org.hibernate.type.NTextType@7fc44815
17:03:30.804 [Test worker] DEBUG org.hibernate.type.BasicTypeRegistry - Adding type registration blob -> org.hibernate.type.BlobType@70984021
17:03:30.804 [Test worker] DEBUG org.hibernate.type.BasicTypeRegistry - Adding type registration java.sql.Blob -> org.hibernate.type.BlobType@70984021
17:03:30.804 [Test worker] DEBUG org.hibernate.type.BasicTypeRegistry - Adding type registration materialized_blob -> org.hibernate.type.MaterializedBlobType@7b392ea8
17:03:30.804 [Test worker] DEBUG org.hibernate.type.BasicTypeRegistry - Adding type registration clob -> org.hibernate.type.ClobType@249973df
17:03:30.804 [Test worker] DEBUG org.hibernate.type.BasicTypeRegistry - Adding type registration java.sql.Clob -> org.hibernate.type.ClobType@249973df
17:03:30.804 [Test worker] DEBUG org.hibernate.type.BasicTypeRegistry - Adding type registration nclob -> org.hibernate.type.NClobType@993bb9e
17:03:30.805 [Test worker] DEBUG org.hibernate.type.BasicTypeRegistry - Adding type registration java.sql.NClob -> org.hibernate.type.NClobType@993bb9e
17:03:30.805 [Test worker] DEBUG org.hibernate.type.BasicTypeRegistry - Adding type registration materialized_clob -> org.hibernate.type.MaterializedClobType@5eddde51
17:03:30.805 [Test worker] DEBUG org.hibernate.type.BasicTypeRegistry - Adding type registration materialized_nclob -> org.hibernate.type.MaterializedNClobType@20503ff1
17:03:30.805 [Test worker] DEBUG org.hibernate.type.BasicTypeRegistry - Adding type registration serializable -> org.hibernate.type.SerializableType@11fb506a
17:03:30.805 [Test worker] DEBUG org.hibernate.type.BasicTypeRegistry - Adding type registration object -> org.hibernate.type.ObjectType@40b10f8c
17:03:30.805 [Test worker] DEBUG org.hibernate.type.BasicTypeRegistry - Adding type registration java.lang.Object -> org.hibernate.type.ObjectType@40b10f8c
17:03:30.805 [Test worker] DEBUG org.hibernate.type.BasicTypeRegistry - Adding type registration imm_date -> org.hibernate.type.AdaptedImmutableType@7fd8b21c
17:03:30.805 [Test worker] DEBUG org.hibernate.type.BasicTypeRegistry - Adding type registration imm_time -> org.hibernate.type.AdaptedImmutableType@7b39d66c
17:03:30.805 [Test worker] DEBUG org.hibernate.type.BasicTypeRegistry - Adding type registration imm_timestamp -> org.hibernate.type.AdaptedImmutableType@3e4e44be
17:03:30.805 [Test worker] DEBUG org.hibernate.type.BasicTypeRegistry - Adding type registration imm_dbtimestamp -> org.hibernate.type.AdaptedImmutableType@58179d09
17:03:30.805 [Test worker] DEBUG org.hibernate.type.BasicTypeRegistry - Adding type registration imm_calendar -> org.hibernate.type.AdaptedImmutableType@62659c45
17:03:30.805 [Test worker] DEBUG org.hibernate.type.BasicTypeRegistry - Adding type registration imm_calendar_date -> org.hibernate.type.AdaptedImmutableType@57dabcd3
17:03:30.805 [Test worker] DEBUG org.hibernate.type.BasicTypeRegistry - Adding type registration imm_binary -> org.hibernate.type.AdaptedImmutableType@1b7d7922
17:03:30.805 [Test worker] DEBUG org.hibernate.type.BasicTypeRegistry - Adding type registration imm_serializable -> org.hibernate.type.AdaptedImmutableType@7fe65091
17:03:30.806 [Test worker] DEBUG org.hibernate.boot.internal.BootstrapContextImpl - Injecting JPA temp ClassLoader [org.springframework.instrument.classloading.SimpleThrowawayClassLoader@3391625e] into BootstrapContext; was [null]
17:03:30.806 [Test worker] DEBUG org.hibernate.boot.internal.ClassLoaderAccessImpl - ClassLoaderAccessImpl#injectTempClassLoader(org.springframework.instrument.classloading.SimpleThrowawayClassLoader@3391625e) [was null]
17:03:30.806 [Test worker] DEBUG org.hibernate.boot.internal.BootstrapContextImpl - Injecting ScanEnvironment [org.hibernate.jpa.boot.internal.StandardJpaScanEnvironmentImpl@43d5a967] into BootstrapContext; was [null]
17:03:30.806 [Test worker] DEBUG org.hibernate.boot.internal.BootstrapContextImpl - Injecting ScanOptions [org.hibernate.boot.archive.scan.internal.StandardScanOptions@efa1b54] into BootstrapContext; was [org.hibernate.boot.archive.scan.internal.StandardScanOptions@44fb5d9b]
17:03:30.809 [Test worker] DEBUG org.hibernate.boot.internal.BootstrapContextImpl - Injecting JPA temp ClassLoader [null] into BootstrapContext; was [org.springframework.instrument.classloading.SimpleThrowawayClassLoader@3391625e]
17:03:30.809 [Test worker] DEBUG org.hibernate.boot.internal.ClassLoaderAccessImpl - ClassLoaderAccessImpl#injectTempClassLoader(null) [was org.springframework.instrument.classloading.SimpleThrowawayClassLoader@3391625e]
17:03:30.809 [Test worker] DEBUG org.hibernate.id.factory.internal.DefaultIdentifierGeneratorFactory - Registering IdentifierGenerator strategy [uuid2] -> [org.hibernate.id.UUIDGenerator]
17:03:30.810 [Test worker] DEBUG org.hibernate.id.factory.internal.DefaultIdentifierGeneratorFactory - Registering IdentifierGenerator strategy [guid] -> [org.hibernate.id.GUIDGenerator]
17:03:30.810 [Test worker] DEBUG org.hibernate.id.factory.internal.DefaultIdentifierGeneratorFactory - Registering IdentifierGenerator strategy [uuid] -> [org.hibernate.id.UUIDHexGenerator]
17:03:30.810 [Test worker] DEBUG org.hibernate.id.factory.internal.DefaultIdentifierGeneratorFactory - Registering IdentifierGenerator strategy [uuid.hex] -> [org.hibernate.id.UUIDHexGenerator]
17:03:30.810 [Test worker] DEBUG org.hibernate.id.factory.internal.DefaultIdentifierGeneratorFactory - Registering IdentifierGenerator strategy [assigned] -> [org.hibernate.id.Assigned]
17:03:30.810 [Test worker] DEBUG org.hibernate.id.factory.internal.DefaultIdentifierGeneratorFactory - Registering IdentifierGenerator strategy [identity] -> [org.hibernate.id.IdentityGenerator]
17:03:30.810 [Test worker] DEBUG org.hibernate.id.factory.internal.DefaultIdentifierGeneratorFactory - Registering IdentifierGenerator strategy [select] -> [org.hibernate.id.SelectGenerator]
17:03:30.810 [Test worker] DEBUG org.hibernate.id.factory.internal.DefaultIdentifierGeneratorFactory - Registering IdentifierGenerator strategy [sequence] -> [org.hibernate.id.enhanced.SequenceStyleGenerator]
17:03:30.810 [Test worker] DEBUG org.hibernate.id.factory.internal.DefaultIdentifierGeneratorFactory - Registering IdentifierGenerator strategy [seqhilo] -> [org.hibernate.id.SequenceHiLoGenerator]
17:03:30.810 [Test worker] DEBUG org.hibernate.id.factory.internal.DefaultIdentifierGeneratorFactory - Registering IdentifierGenerator strategy [increment] -> [org.hibernate.id.IncrementGenerator]
17:03:30.810 [Test worker] DEBUG org.hibernate.id.factory.internal.DefaultIdentifierGeneratorFactory - Registering IdentifierGenerator strategy [foreign] -> [org.hibernate.id.ForeignGenerator]
17:03:30.810 [Test worker] DEBUG org.hibernate.id.factory.internal.DefaultIdentifierGeneratorFactory - Registering IdentifierGenerator strategy [sequence-identity] -> [org.hibernate.id.SequenceIdentityGenerator]
17:03:30.810 [Test worker] DEBUG org.hibernate.id.factory.internal.DefaultIdentifierGeneratorFactory - Registering IdentifierGenerator strategy [enhanced-sequence] -> [org.hibernate.id.enhanced.SequenceStyleGenerator]
17:03:30.810 [Test worker] DEBUG org.hibernate.id.factory.internal.DefaultIdentifierGeneratorFactory - Registering IdentifierGenerator strategy [enhanced-table] -> [org.hibernate.id.enhanced.TableGenerator]
17:03:30.810 [Test worker] DEBUG org.hibernate.engine.jdbc.env.internal.JdbcEnvironmentInitiator - Database ->
       name : H2
    version : 1.4.197 (2018-03-18)
      major : 1
      minor : 4
17:03:30.810 [Test worker] DEBUG org.hibernate.engine.jdbc.env.internal.JdbcEnvironmentInitiator - Driver ->
       name : H2 JDBC Driver
    version : 1.4.197 (2018-03-18)
      major : 1
      minor : 4
17:03:30.810 [Test worker] DEBUG org.hibernate.engine.jdbc.env.internal.JdbcEnvironmentInitiator - JDBC version : 4.0
17:03:30.811 [Test worker] INFO org.hibernate.dialect.Dialect - HHH000400: Using dialect: org.hibernate.dialect.H2Dialect
17:03:30.815 [Test worker] DEBUG org.hibernate.boot.model.relational.Namespace - Created database namespace [logicalName=Name{catalog=null, schema=null}, physicalName=Name{catalog=null, schema=null}]
17:03:30.816 [Test worker] DEBUG org.hibernate.type.spi.TypeConfiguration$Scope - Scoping TypeConfiguration [org.hibernate.type.spi.TypeConfiguration@1f800bd6] to MetadataBuildingContext [org.hibernate.boot.internal.MetadataBuildingContextRootImpl@1d7f3408]
17:03:30.816 [Test worker] DEBUG org.hibernate.cfg.AnnotationBinder - Binding entity from annotated class: com.epam.esm.entity.Entity
17:03:30.816 [Test worker] DEBUG org.hibernate.cfg.Ejb3Column - Binding column: Ejb3DiscriminatorColumn{logicalColumnName'DTYPE', discriminatorTypeName='string'}
17:03:30.817 [Test worker] DEBUG org.hibernate.cfg.annotations.EntityBinder - Import with entity name Entity
17:03:30.817 [Test worker] DEBUG org.hibernate.cfg.annotations.EntityBinder - Bind entity com.epam.esm.entity.Entity on table entity
17:03:30.817 [Test worker] DEBUG org.hibernate.cfg.Ejb3Column - Binding column: Ejb3Column{table=org.hibernate.mapping.Table(entity), mappingColumn=id, insertable=true, updatable=true, unique=false}
17:03:30.817 [Test worker] DEBUG org.hibernate.cfg.annotations.PropertyBinder - MetadataSourceProcessor property id with lazy=false
17:03:30.817 [Test worker] DEBUG org.hibernate.cfg.AbstractPropertyHolder - Attempting to locate auto-apply AttributeConverter for property [com.epam.esm.entity.Entity:id]
17:03:30.817 [Test worker] DEBUG org.hibernate.cfg.annotations.SimpleValueBinder - building SimpleValue for id
17:03:30.817 [Test worker] DEBUG org.hibernate.cfg.annotations.PropertyBinder - Building property id
17:03:30.817 [Test worker] DEBUG org.hibernate.cfg.BinderHelper - #makeIdGenerator(org.hibernate.mapping.SimpleValue([org.hibernate.mapping.Column(id)]), id, identity, , ...)
17:03:30.818 [Test worker] DEBUG org.hibernate.cfg.AnnotationBinder - Binding entity from annotated class: com.epam.esm.entity.GiftCertificate
17:03:30.818 [Test worker] DEBUG org.hibernate.cfg.Ejb3Column - Binding column: Ejb3DiscriminatorColumn{logicalColumnName'DTYPE', discriminatorTypeName='string'}
17:03:30.818 [Test worker] DEBUG org.hibernate.cfg.annotations.EntityBinder - Import with entity name GiftCertificate
17:03:30.818 [Test worker] DEBUG org.hibernate.cfg.annotations.EntityBinder - Bind entity com.epam.esm.entity.GiftCertificate on table certificate
17:03:30.819 [Test worker] DEBUG org.hibernate.cfg.Ejb3Column - Binding column: Ejb3Column{table=org.hibernate.mapping.Table(certificate), mappingColumn=id, insertable=true, updatable=true, unique=false}
17:03:30.819 [Test worker] DEBUG org.hibernate.cfg.annotations.PropertyBinder - MetadataSourceProcessor property id with lazy=false
17:03:30.819 [Test worker] DEBUG org.hibernate.cfg.AbstractPropertyHolder - Attempting to locate auto-apply AttributeConverter for property [com.epam.esm.entity.GiftCertificate:id]
17:03:30.819 [Test worker] DEBUG org.hibernate.cfg.annotations.SimpleValueBinder - building SimpleValue for id
17:03:30.819 [Test worker] DEBUG org.hibernate.cfg.annotations.PropertyBinder - Building property id
17:03:30.819 [Test worker] DEBUG org.hibernate.cfg.BinderHelper - #makeIdGenerator(org.hibernate.mapping.SimpleValue([org.hibernate.mapping.Column(id)]), id, identity, , ...)
17:03:30.819 [Test worker] DEBUG org.hibernate.cfg.Ejb3Column - Binding column: Ejb3Column{table=org.hibernate.mapping.Table(certificate), mappingColumn=active_status, insertable=true, updatable=true, unique=false}
17:03:30.819 [Test worker] DEBUG org.hibernate.cfg.annotations.PropertyBinder - MetadataSourceProcessor property activeStatus with lazy=false
17:03:30.819 [Test worker] DEBUG org.hibernate.cfg.AbstractPropertyHolder - Attempting to locate auto-apply AttributeConverter for property [com.epam.esm.entity.GiftCertificate:activeStatus]
17:03:30.819 [Test worker] DEBUG org.hibernate.cfg.annotations.SimpleValueBinder - building SimpleValue for activeStatus
17:03:30.820 [Test worker] DEBUG org.hibernate.cfg.annotations.PropertyBinder - Building property activeStatus
17:03:30.820 [Test worker] DEBUG org.hibernate.cfg.Ejb3Column - Binding column: Ejb3Column{table=org.hibernate.mapping.Table(certificate), mappingColumn=creation_date, insertable=true, updatable=true, unique=false}
17:03:30.820 [Test worker] DEBUG org.hibernate.cfg.annotations.PropertyBinder - MetadataSourceProcessor property creationDate with lazy=false
17:03:30.820 [Test worker] DEBUG org.hibernate.cfg.AbstractPropertyHolder - Attempting to locate auto-apply AttributeConverter for property [com.epam.esm.entity.GiftCertificate:creationDate]
17:03:30.820 [Test worker] DEBUG org.hibernate.cfg.annotations.SimpleValueBinder - building SimpleValue for creationDate
17:03:30.820 [Test worker] DEBUG org.hibernate.cfg.annotations.PropertyBinder - Building property creationDate
17:03:30.820 [Test worker] DEBUG org.hibernate.cfg.Ejb3Column - Binding column: Ejb3Column{table=org.hibernate.mapping.Table(certificate), mappingColumn=description, insertable=true, updatable=true, unique=false}
17:03:30.820 [Test worker] DEBUG org.hibernate.cfg.annotations.PropertyBinder - MetadataSourceProcessor property description with lazy=false
17:03:30.820 [Test worker] DEBUG org.hibernate.cfg.AbstractPropertyHolder - Attempting to locate auto-apply AttributeConverter for property [com.epam.esm.entity.GiftCertificate:description]
17:03:30.820 [Test worker] DEBUG org.hibernate.cfg.annotations.SimpleValueBinder - building SimpleValue for description
17:03:30.820 [Test worker] DEBUG org.hibernate.cfg.annotations.PropertyBinder - Building property description
17:03:30.821 [Test worker] DEBUG org.hibernate.cfg.Ejb3Column - Binding column: Ejb3Column{table=org.hibernate.mapping.Table(certificate), mappingColumn=expiration_date, insertable=true, updatable=true, unique=false}
17:03:30.821 [Test worker] DEBUG org.hibernate.cfg.annotations.PropertyBinder - MetadataSourceProcessor property expirationDate with lazy=false
17:03:30.821 [Test worker] DEBUG org.hibernate.cfg.AbstractPropertyHolder - Attempting to locate auto-apply AttributeConverter for property [com.epam.esm.entity.GiftCertificate:expirationDate]
17:03:30.821 [Test worker] DEBUG org.hibernate.cfg.annotations.SimpleValueBinder - building SimpleValue for expirationDate
17:03:30.821 [Test worker] DEBUG org.hibernate.cfg.annotations.PropertyBinder - Building property expirationDate
17:03:30.821 [Test worker] DEBUG org.hibernate.cfg.Ejb3Column - Binding column: Ejb3Column{table=org.hibernate.mapping.Table(certificate), mappingColumn=modification_date, insertable=true, updatable=true, unique=false}
17:03:30.821 [Test worker] DEBUG org.hibernate.cfg.annotations.PropertyBinder - MetadataSourceProcessor property modificationDate with lazy=false
17:03:30.821 [Test worker] DEBUG org.hibernate.cfg.AbstractPropertyHolder - Attempting to locate auto-apply AttributeConverter for property [com.epam.esm.entity.GiftCertificate:modificationDate]
17:03:30.821 [Test worker] DEBUG org.hibernate.cfg.annotations.SimpleValueBinder - building SimpleValue for modificationDate
17:03:30.821 [Test worker] DEBUG org.hibernate.cfg.annotations.PropertyBinder - Building property modificationDate
17:03:30.821 [Test worker] DEBUG org.hibernate.cfg.Ejb3Column - Binding column: Ejb3Column{table=org.hibernate.mapping.Table(certificate), mappingColumn=name, insertable=true, updatable=true, unique=false}
17:03:30.821 [Test worker] DEBUG org.hibernate.cfg.annotations.PropertyBinder - MetadataSourceProcessor property name with lazy=false
17:03:30.821 [Test worker] DEBUG org.hibernate.cfg.AbstractPropertyHolder - Attempting to locate auto-apply AttributeConverter for property [com.epam.esm.entity.GiftCertificate:name]
17:03:30.821 [Test worker] DEBUG org.hibernate.cfg.annotations.SimpleValueBinder - building SimpleValue for name
17:03:30.821 [Test worker] DEBUG org.hibernate.cfg.annotations.PropertyBinder - Building property name
17:03:30.822 [Test worker] DEBUG org.hibernate.cfg.Ejb3Column - Binding column: Ejb3JoinColumn{logicalColumnName='null', referencedColumn='null', mappedBy='certificate'}
17:03:30.822 [Test worker] DEBUG org.hibernate.cfg.Ejb3Column - Binding column: Ejb3Column{table=org.hibernate.mapping.Table(certificate), mappingColumn=order_certificates, insertable=true, updatable=true, unique=false}
17:03:30.822 [Test worker] DEBUG org.hibernate.cfg.Ejb3Column - Binding column: Ejb3Column{table=org.hibernate.mapping.Table(certificate), mappingColumn=null, insertable=true, updatable=true, unique=false}
17:03:30.822 [Test worker] DEBUG org.hibernate.cfg.Ejb3Column - Binding column: Ejb3Column{table=org.hibernate.mapping.Table(certificate), mappingColumn=element, insertable=true, updatable=true, unique=false}
17:03:30.822 [Test worker] DEBUG org.hibernate.cfg.Ejb3Column - Binding column: Ejb3Column{table=org.hibernate.mapping.Table(certificate), mappingColumn=order_certificates_key, insertable=true, updatable=true, unique=false}
17:03:30.822 [Test worker] DEBUG org.hibernate.cfg.Ejb3Column - Binding column: Ejb3JoinColumn{logicalColumnName='orderCertificates_KEY', referencedColumn='null', mappedBy='null'}
17:03:30.822 [Test worker] DEBUG org.hibernate.cfg.Ejb3Column - Binding column: Ejb3JoinColumn{logicalColumnName='null', referencedColumn='null', mappedBy='certificate'}
17:03:30.822 [Test worker] DEBUG org.hibernate.cfg.Ejb3Column - Binding column: Ejb3JoinColumn{logicalColumnName='null', referencedColumn='null', mappedBy='certificate'}
17:03:30.822 [Test worker] DEBUG org.hibernate.cfg.annotations.CollectionBinder - Collection role: com.epam.esm.entity.GiftCertificate.orderCertificates
17:03:30.823 [Test worker] DEBUG org.hibernate.cfg.annotations.PropertyBinder - Building property orderCertificates
17:03:30.823 [Test worker] DEBUG org.hibernate.cfg.Ejb3Column - Binding column: Ejb3Column{table=org.hibernate.mapping.Table(certificate), mappingColumn=price, insertable=true, updatable=true, unique=false}
17:03:30.823 [Test worker] DEBUG org.hibernate.cfg.annotations.PropertyBinder - MetadataSourceProcessor property price with lazy=false
17:03:30.823 [Test worker] DEBUG org.hibernate.cfg.AbstractPropertyHolder - Attempting to locate auto-apply AttributeConverter for property [com.epam.esm.entity.GiftCertificate:price]
17:03:30.823 [Test worker] DEBUG org.hibernate.cfg.annotations.SimpleValueBinder - building SimpleValue for price
17:03:30.823 [Test worker] DEBUG org.hibernate.cfg.annotations.PropertyBinder - Building property price
17:03:30.823 [Test worker] DEBUG org.hibernate.cfg.Ejb3Column - Binding column: Ejb3Column{table=org.hibernate.mapping.Table(certificate), mappingColumn=null, insertable=true, updatable=true, unique=false}
17:03:30.823 [Test worker] DEBUG org.hibernate.cfg.Ejb3Column - Binding column: Ejb3Column{table=org.hibernate.mapping.Table(certificate), mappingColumn=element, insertable=true, updatable=true, unique=false}
17:03:30.823 [Test worker] DEBUG org.hibernate.cfg.Ejb3Column - Binding column: Ejb3Column{table=org.hibernate.mapping.Table(certificate), mappingColumn=tags_key, insertable=true, updatable=true, unique=false}
17:03:30.823 [Test worker] DEBUG org.hibernate.cfg.Ejb3Column - Binding column: Ejb3JoinColumn{logicalColumnName='tags_KEY', referencedColumn='null', mappedBy='null'}
17:03:30.824 [Test worker] DEBUG org.hibernate.cfg.Ejb3Column - Binding column: Ejb3JoinColumn{logicalColumnName='certificate_id', referencedColumn='', mappedBy=''}
17:03:30.824 [Test worker] DEBUG org.hibernate.cfg.Ejb3Column - Binding column: Ejb3JoinColumn{logicalColumnName='tag_id', referencedColumn='', mappedBy=''}
17:03:30.824 [Test worker] DEBUG org.hibernate.cfg.annotations.CollectionBinder - Collection role: com.epam.esm.entity.GiftCertificate.tags
17:03:30.824 [Test worker] DEBUG org.hibernate.cfg.annotations.PropertyBinder - Building property tags
17:03:30.824 [Test worker] DEBUG org.hibernate.cfg.AnnotationBinder - Binding entity from annotated class: com.epam.esm.entity.Order
17:03:30.824 [Test worker] DEBUG org.hibernate.cfg.Ejb3Column - Binding column: Ejb3DiscriminatorColumn{logicalColumnName'DTYPE', discriminatorTypeName='string'}
17:03:30.824 [Test worker] DEBUG org.hibernate.cfg.annotations.EntityBinder - Import with entity name Order
17:03:30.824 [Test worker] DEBUG org.hibernate.cfg.annotations.EntityBinder - Bind entity com.epam.esm.entity.Order on table application_order
17:03:30.825 [Test worker] DEBUG org.hibernate.cfg.Ejb3Column - Binding column: Ejb3Column{table=org.hibernate.mapping.Table(application_order), mappingColumn=id, insertable=true, updatable=true, unique=false}
17:03:30.825 [Test worker] DEBUG org.hibernate.cfg.annotations.PropertyBinder - MetadataSourceProcessor property id with lazy=false
17:03:30.825 [Test worker] DEBUG org.hibernate.cfg.AbstractPropertyHolder - Attempting to locate auto-apply AttributeConverter for property [com.epam.esm.entity.Order:id]
17:03:30.825 [Test worker] DEBUG org.hibernate.cfg.annotations.SimpleValueBinder - building SimpleValue for id
17:03:30.825 [Test worker] DEBUG org.hibernate.cfg.annotations.PropertyBinder - Building property id
17:03:30.825 [Test worker] DEBUG org.hibernate.cfg.BinderHelper - #makeIdGenerator(org.hibernate.mapping.SimpleValue([org.hibernate.mapping.Column(id)]), id, identity, , ...)
17:03:30.825 [Test worker] DEBUG org.hibernate.cfg.Ejb3Column - Binding column: Ejb3Column{table=org.hibernate.mapping.Table(application_order), mappingColumn=active_status, insertable=true, updatable=true, unique=false}
17:03:30.825 [Test worker] DEBUG org.hibernate.cfg.annotations.PropertyBinder - MetadataSourceProcessor property activeStatus with lazy=false
17:03:30.825 [Test worker] DEBUG org.hibernate.cfg.AbstractPropertyHolder - Attempting to locate auto-apply AttributeConverter for property [com.epam.esm.entity.Order:activeStatus]
17:03:30.825 [Test worker] DEBUG org.hibernate.cfg.annotations.SimpleValueBinder - building SimpleValue for activeStatus
17:03:30.826 [Test worker] DEBUG org.hibernate.cfg.annotations.PropertyBinder - Building property activeStatus
17:03:30.826 [Test worker] DEBUG org.hibernate.cfg.Ejb3Column - Binding column: Ejb3Column{table=org.hibernate.mapping.Table(application_order), mappingColumn=created_at, insertable=true, updatable=true, unique=false}
17:03:30.826 [Test worker] DEBUG org.hibernate.cfg.annotations.PropertyBinder - MetadataSourceProcessor property createdAt with lazy=false
17:03:30.826 [Test worker] DEBUG org.hibernate.cfg.AbstractPropertyHolder - Attempting to locate auto-apply AttributeConverter for property [com.epam.esm.entity.Order:createdAt]
17:03:30.826 [Test worker] DEBUG org.hibernate.cfg.annotations.SimpleValueBinder - building SimpleValue for createdAt
17:03:30.826 [Test worker] DEBUG org.hibernate.cfg.annotations.PropertyBinder - Building property createdAt
17:03:30.826 [Test worker] DEBUG org.hibernate.cfg.Ejb3Column - Binding column: Ejb3JoinColumn{logicalColumnName='null', referencedColumn='null', mappedBy='order'}
17:03:30.826 [Test worker] DEBUG org.hibernate.cfg.Ejb3Column - Binding column: Ejb3Column{table=org.hibernate.mapping.Table(application_order), mappingColumn=order_certificates, insertable=true, updatable=true, unique=false}
17:03:30.826 [Test worker] DEBUG org.hibernate.cfg.Ejb3Column - Binding column: Ejb3Column{table=org.hibernate.mapping.Table(application_order), mappingColumn=null, insertable=true, updatable=true, unique=false}
17:03:30.826 [Test worker] DEBUG org.hibernate.cfg.Ejb3Column - Binding column: Ejb3Column{table=org.hibernate.mapping.Table(application_order), mappingColumn=element, insertable=true, updatable=true, unique=false}
17:03:30.826 [Test worker] DEBUG org.hibernate.cfg.Ejb3Column - Binding column: Ejb3Column{table=org.hibernate.mapping.Table(application_order), mappingColumn=order_certificates_key, insertable=true, updatable=true, unique=false}
17:03:30.827 [Test worker] DEBUG org.hibernate.cfg.Ejb3Column - Binding column: Ejb3JoinColumn{logicalColumnName='orderCertificates_KEY', referencedColumn='null', mappedBy='null'}
17:03:30.827 [Test worker] DEBUG org.hibernate.cfg.Ejb3Column - Binding column: Ejb3JoinColumn{logicalColumnName='null', referencedColumn='null', mappedBy='order'}
17:03:30.827 [Test worker] DEBUG org.hibernate.cfg.Ejb3Column - Binding column: Ejb3JoinColumn{logicalColumnName='null', referencedColumn='null', mappedBy='order'}
17:03:30.827 [Test worker] DEBUG org.hibernate.cfg.annotations.CollectionBinder - Collection role: com.epam.esm.entity.Order.orderCertificates
17:03:30.827 [Test worker] DEBUG org.hibernate.cfg.annotations.PropertyBinder - Building property orderCertificates
17:03:30.827 [Test worker] DEBUG org.hibernate.cfg.Ejb3Column - Binding column: Ejb3JoinColumn{logicalColumnName='user_id', referencedColumn='', mappedBy=''}
17:03:30.827 [Test worker] DEBUG org.hibernate.cfg.Ejb3Column - Binding column: Ejb3Column{table=org.hibernate.mapping.Table(application_order), mappingColumn=user, insertable=true, updatable=true, unique=false}
17:03:30.827 [Test worker] DEBUG org.hibernate.cfg.annotations.PropertyBinder - Building property user
17:03:30.827 [Test worker] DEBUG org.hibernate.cfg.AnnotationBinder - Binding entity from annotated class: com.epam.esm.entity.OrderCertificate
17:03:30.827 [Test worker] DEBUG org.hibernate.cfg.Ejb3Column - Binding column: Ejb3DiscriminatorColumn{logicalColumnName'DTYPE', discriminatorTypeName='string'}
17:03:30.827 [Test worker] DEBUG org.hibernate.cfg.annotations.EntityBinder - Import with entity name OrderCertificate
17:03:30.827 [Test worker] DEBUG org.hibernate.cfg.annotations.EntityBinder - Bind entity com.epam.esm.entity.OrderCertificate on table order_certificate
17:03:30.828 [Test worker] DEBUG org.hibernate.cfg.Ejb3Column - Binding column: Ejb3Column{table=org.hibernate.mapping.Table(order_certificate), mappingColumn=id, insertable=true, updatable=true, unique=false}
17:03:30.828 [Test worker] DEBUG org.hibernate.cfg.annotations.PropertyBinder - MetadataSourceProcessor property id with lazy=false
17:03:30.828 [Test worker] DEBUG org.hibernate.cfg.AbstractPropertyHolder - Attempting to locate auto-apply AttributeConverter for property [com.epam.esm.entity.OrderCertificate:id]
17:03:30.828 [Test worker] DEBUG org.hibernate.cfg.annotations.SimpleValueBinder - building SimpleValue for id
17:03:30.828 [Test worker] DEBUG org.hibernate.cfg.annotations.PropertyBinder - Building property id
17:03:30.828 [Test worker] DEBUG org.hibernate.cfg.BinderHelper - #makeIdGenerator(org.hibernate.mapping.SimpleValue([org.hibernate.mapping.Column(id)]), id, identity, , ...)
17:03:30.828 [Test worker] DEBUG org.hibernate.cfg.Ejb3Column - Binding column: Ejb3JoinColumn{logicalColumnName='null', referencedColumn='', mappedBy=''}
17:03:30.828 [Test worker] DEBUG org.hibernate.cfg.Ejb3Column - Binding column: Ejb3Column{table=org.hibernate.mapping.Table(order_certificate), mappingColumn=certificate, insertable=true, updatable=true, unique=false}
17:03:30.829 [Test worker] DEBUG org.hibernate.cfg.annotations.PropertyBinder - Building property certificate
17:03:30.829 [Test worker] DEBUG org.hibernate.cfg.Ejb3Column - Binding column: Ejb3Column{table=org.hibernate.mapping.Table(order_certificate), mappingColumn=expiration_date, insertable=true, updatable=true, unique=false}
17:03:30.829 [Test worker] DEBUG org.hibernate.cfg.annotations.PropertyBinder - MetadataSourceProcessor property expirationDate with lazy=false
17:03:30.829 [Test worker] DEBUG org.hibernate.cfg.AbstractPropertyHolder - Attempting to locate auto-apply AttributeConverter for property [com.epam.esm.entity.OrderCertificate:expirationDate]
17:03:30.829 [Test worker] DEBUG org.hibernate.cfg.annotations.SimpleValueBinder - building SimpleValue for expirationDate
17:03:30.829 [Test worker] DEBUG org.hibernate.cfg.annotations.PropertyBinder - Building property expirationDate
17:03:30.829 [Test worker] DEBUG org.hibernate.cfg.Ejb3Column - Binding column: Ejb3Column{table=org.hibernate.mapping.Table(order_certificate), mappingColumn=fixed_price, insertable=true, updatable=true, unique=false}
17:03:30.829 [Test worker] DEBUG org.hibernate.cfg.annotations.PropertyBinder - MetadataSourceProcessor property fixedPrice with lazy=false
17:03:30.829 [Test worker] DEBUG org.hibernate.cfg.AbstractPropertyHolder - Attempting to locate auto-apply AttributeConverter for property [com.epam.esm.entity.OrderCertificate:fixedPrice]
17:03:30.829 [Test worker] DEBUG org.hibernate.cfg.annotations.SimpleValueBinder - building SimpleValue for fixedPrice
17:03:30.829 [Test worker] DEBUG org.hibernate.cfg.annotations.PropertyBinder - Building property fixedPrice
17:03:30.829 [Test worker] DEBUG org.hibernate.cfg.Ejb3Column - Binding column: Ejb3JoinColumn{logicalColumnName='null', referencedColumn='', mappedBy=''}
17:03:30.829 [Test worker] DEBUG org.hibernate.cfg.Ejb3Column - Binding column: Ejb3Column{table=org.hibernate.mapping.Table(order_certificate), mappingColumn=order, insertable=true, updatable=true, unique=false}
17:03:30.829 [Test worker] DEBUG org.hibernate.cfg.annotations.PropertyBinder - Building property order
17:03:30.829 [Test worker] DEBUG org.hibernate.cfg.AnnotationBinder - Binding entity from annotated class: com.epam.esm.entity.Role
17:03:30.830 [Test worker] DEBUG org.hibernate.cfg.Ejb3Column - Binding column: Ejb3DiscriminatorColumn{logicalColumnName'DTYPE', discriminatorTypeName='string'}
17:03:30.830 [Test worker] DEBUG org.hibernate.cfg.annotations.EntityBinder - Import with entity name Role
17:03:30.830 [Test worker] DEBUG org.hibernate.cfg.annotations.EntityBinder - Bind entity com.epam.esm.entity.Role on table application_role
17:03:30.830 [Test worker] DEBUG org.hibernate.cfg.Ejb3Column - Binding column: Ejb3Column{table=org.hibernate.mapping.Table(application_role), mappingColumn=id, insertable=true, updatable=true, unique=false}
17:03:30.830 [Test worker] DEBUG org.hibernate.cfg.annotations.PropertyBinder - MetadataSourceProcessor property id with lazy=false
17:03:30.830 [Test worker] DEBUG org.hibernate.cfg.AbstractPropertyHolder - Attempting to locate auto-apply AttributeConverter for property [com.epam.esm.entity.Role:id]
17:03:30.830 [Test worker] DEBUG org.hibernate.cfg.annotations.SimpleValueBinder - building SimpleValue for id
17:03:30.830 [Test worker] DEBUG org.hibernate.cfg.annotations.PropertyBinder - Building property id
17:03:30.830 [Test worker] DEBUG org.hibernate.cfg.BinderHelper - #makeIdGenerator(org.hibernate.mapping.SimpleValue([org.hibernate.mapping.Column(id)]), id, identity, , ...)
17:03:30.830 [Test worker] DEBUG org.hibernate.cfg.Ejb3Column - Binding column: Ejb3Column{table=org.hibernate.mapping.Table(application_role), mappingColumn=value, insertable=true, updatable=true, unique=false}
17:03:30.830 [Test worker] DEBUG org.hibernate.cfg.annotations.PropertyBinder - MetadataSourceProcessor property value with lazy=false
17:03:30.830 [Test worker] DEBUG org.hibernate.cfg.AbstractPropertyHolder - Attempting to locate auto-apply AttributeConverter for property [com.epam.esm.entity.Role:value]
17:03:30.831 [Test worker] DEBUG org.hibernate.cfg.annotations.SimpleValueBinder - building SimpleValue for value
17:03:30.831 [Test worker] DEBUG org.hibernate.cfg.annotations.PropertyBinder - Building property value
17:03:30.831 [Test worker] DEBUG org.hibernate.cfg.AnnotationBinder - Binding entity from annotated class: com.epam.esm.entity.Tag
17:03:30.831 [Test worker] DEBUG org.hibernate.cfg.Ejb3Column - Binding column: Ejb3DiscriminatorColumn{logicalColumnName'DTYPE', discriminatorTypeName='string'}
17:03:30.831 [Test worker] DEBUG org.hibernate.cfg.annotations.EntityBinder - Import with entity name Tag
17:03:30.831 [Test worker] DEBUG org.hibernate.cfg.annotations.EntityBinder - Bind entity com.epam.esm.entity.Tag on table tag
17:03:30.831 [Test worker] DEBUG org.hibernate.cfg.Ejb3Column - Binding column: Ejb3Column{table=org.hibernate.mapping.Table(tag), mappingColumn=id, insertable=true, updatable=true, unique=false}
17:03:30.831 [Test worker] DEBUG org.hibernate.cfg.annotations.PropertyBinder - MetadataSourceProcessor property id with lazy=false
17:03:30.831 [Test worker] DEBUG org.hibernate.cfg.AbstractPropertyHolder - Attempting to locate auto-apply AttributeConverter for property [com.epam.esm.entity.Tag:id]
17:03:30.831 [Test worker] DEBUG org.hibernate.cfg.annotations.SimpleValueBinder - building SimpleValue for id
17:03:30.831 [Test worker] DEBUG org.hibernate.cfg.annotations.PropertyBinder - Building property id
17:03:30.832 [Test worker] DEBUG org.hibernate.cfg.BinderHelper - #makeIdGenerator(org.hibernate.mapping.SimpleValue([org.hibernate.mapping.Column(id)]), id, identity, , ...)
17:03:30.832 [Test worker] DEBUG org.hibernate.cfg.Ejb3Column - Binding column: Ejb3Column{table=org.hibernate.mapping.Table(tag), mappingColumn=title, insertable=true, updatable=false, unique=true}
17:03:30.832 [Test worker] DEBUG org.hibernate.cfg.annotations.PropertyBinder - MetadataSourceProcessor property title with lazy=false
17:03:30.832 [Test worker] DEBUG org.hibernate.cfg.AbstractPropertyHolder - Attempting to locate auto-apply AttributeConverter for property [com.epam.esm.entity.Tag:title]
17:03:30.832 [Test worker] DEBUG org.hibernate.cfg.annotations.SimpleValueBinder - building SimpleValue for title
17:03:30.832 [Test worker] DEBUG org.hibernate.cfg.annotations.PropertyBinder - Building property title
17:03:30.832 [Test worker] DEBUG org.hibernate.cfg.AnnotationBinder - Binding entity from annotated class: com.epam.esm.entity.User
17:03:30.832 [Test worker] DEBUG org.hibernate.cfg.Ejb3Column - Binding column: Ejb3DiscriminatorColumn{logicalColumnName'DTYPE', discriminatorTypeName='string'}
17:03:30.832 [Test worker] DEBUG org.hibernate.cfg.annotations.EntityBinder - Import with entity name User
17:03:30.832 [Test worker] DEBUG org.hibernate.cfg.annotations.EntityBinder - Bind entity com.epam.esm.entity.User on table application_user
17:03:30.833 [Test worker] DEBUG org.hibernate.cfg.Ejb3Column - Binding column: Ejb3Column{table=org.hibernate.mapping.Table(application_user), mappingColumn=id, insertable=true, updatable=true, unique=false}
17:03:30.833 [Test worker] DEBUG org.hibernate.cfg.annotations.PropertyBinder - MetadataSourceProcessor property id with lazy=false
17:03:30.833 [Test worker] DEBUG org.hibernate.cfg.AbstractPropertyHolder - Attempting to locate auto-apply AttributeConverter for property [com.epam.esm.entity.User:id]
17:03:30.833 [Test worker] DEBUG org.hibernate.cfg.annotations.SimpleValueBinder - building SimpleValue for id
17:03:30.833 [Test worker] DEBUG org.hibernate.cfg.annotations.PropertyBinder - Building property id
17:03:30.833 [Test worker] DEBUG org.hibernate.cfg.BinderHelper - #makeIdGenerator(org.hibernate.mapping.SimpleValue([org.hibernate.mapping.Column(id)]), id, identity, , ...)
17:03:30.833 [Test worker] DEBUG org.hibernate.cfg.Ejb3Column - Binding column: Ejb3Column{table=org.hibernate.mapping.Table(application_user), mappingColumn=email, insertable=true, updatable=true, unique=false}
17:03:30.833 [Test worker] DEBUG org.hibernate.cfg.annotations.PropertyBinder - MetadataSourceProcessor property email with lazy=false
17:03:30.833 [Test worker] DEBUG org.hibernate.cfg.AbstractPropertyHolder - Attempting to locate auto-apply AttributeConverter for property [com.epam.esm.entity.User:email]
17:03:30.833 [Test worker] DEBUG org.hibernate.cfg.annotations.SimpleValueBinder - building SimpleValue for email
17:03:30.833 [Test worker] DEBUG org.hibernate.cfg.annotations.PropertyBinder - Building property email
17:03:30.833 [Test worker] DEBUG org.hibernate.cfg.Ejb3Column - Binding column: Ejb3JoinColumn{logicalColumnName='null', referencedColumn='null', mappedBy='user'}
17:03:30.833 [Test worker] DEBUG org.hibernate.cfg.Ejb3Column - Binding column: Ejb3Column{table=org.hibernate.mapping.Table(application_user), mappingColumn=orders, insertable=true, updatable=true, unique=false}
17:03:30.833 [Test worker] DEBUG org.hibernate.cfg.Ejb3Column - Binding column: Ejb3Column{table=org.hibernate.mapping.Table(application_user), mappingColumn=null, insertable=true, updatable=true, unique=false}
17:03:30.834 [Test worker] DEBUG org.hibernate.cfg.Ejb3Column - Binding column: Ejb3Column{table=org.hibernate.mapping.Table(application_user), mappingColumn=element, insertable=true, updatable=true, unique=false}
17:03:30.834 [Test worker] DEBUG org.hibernate.cfg.Ejb3Column - Binding column: Ejb3Column{table=org.hibernate.mapping.Table(application_user), mappingColumn=orders_key, insertable=true, updatable=true, unique=false}
17:03:30.834 [Test worker] DEBUG org.hibernate.cfg.Ejb3Column - Binding column: Ejb3JoinColumn{logicalColumnName='orders_KEY', referencedColumn='null', mappedBy='null'}
17:03:30.834 [Test worker] DEBUG org.hibernate.cfg.Ejb3Column - Binding column: Ejb3JoinColumn{logicalColumnName='null', referencedColumn='null', mappedBy='user'}
17:03:30.834 [Test worker] DEBUG org.hibernate.cfg.Ejb3Column - Binding column: Ejb3JoinColumn{logicalColumnName='null', referencedColumn='null', mappedBy='user'}
17:03:30.834 [Test worker] DEBUG org.hibernate.cfg.annotations.CollectionBinder - Collection role: com.epam.esm.entity.User.orders
17:03:30.834 [Test worker] DEBUG org.hibernate.cfg.annotations.PropertyBinder - Building property orders
17:03:30.834 [Test worker] DEBUG org.hibernate.cfg.Ejb3Column - Binding column: Ejb3Column{table=org.hibernate.mapping.Table(application_user), mappingColumn=password, insertable=true, updatable=true, unique=false}
17:03:30.834 [Test worker] DEBUG org.hibernate.cfg.annotations.PropertyBinder - MetadataSourceProcessor property password with lazy=false
17:03:30.834 [Test worker] DEBUG org.hibernate.cfg.AbstractPropertyHolder - Attempting to locate auto-apply AttributeConverter for property [com.epam.esm.entity.User:password]
17:03:30.834 [Test worker] DEBUG org.hibernate.cfg.annotations.SimpleValueBinder - building SimpleValue for password
17:03:30.834 [Test worker] DEBUG org.hibernate.cfg.annotations.PropertyBinder - Building property password
17:03:30.834 [Test worker] DEBUG org.hibernate.cfg.Ejb3Column - Binding column: Ejb3Column{table=org.hibernate.mapping.Table(application_user), mappingColumn=refresh_token, insertable=true, updatable=true, unique=false}
17:03:30.834 [Test worker] DEBUG org.hibernate.cfg.annotations.PropertyBinder - MetadataSourceProcessor property refreshToken with lazy=false
17:03:30.834 [Test worker] DEBUG org.hibernate.cfg.AbstractPropertyHolder - Attempting to locate auto-apply AttributeConverter for property [com.epam.esm.entity.User:refreshToken]
17:03:30.834 [Test worker] DEBUG org.hibernate.cfg.annotations.SimpleValueBinder - building SimpleValue for refreshToken
17:03:30.834 [Test worker] DEBUG org.hibernate.cfg.annotations.PropertyBinder - Building property refreshToken
17:03:30.834 [Test worker] DEBUG org.hibernate.cfg.Ejb3Column - Binding column: Ejb3JoinColumn{logicalColumnName='role_id', referencedColumn='', mappedBy=''}
17:03:30.835 [Test worker] DEBUG org.hibernate.cfg.Ejb3Column - Binding column: Ejb3Column{table=org.hibernate.mapping.Table(application_user), mappingColumn=role, insertable=true, updatable=true, unique=false}
17:03:30.835 [Test worker] DEBUG org.hibernate.cfg.annotations.PropertyBinder - Building property role
17:03:30.835 [Test worker] DEBUG org.hibernate.cfg.annotations.SimpleValueBinder - Starting fillSimpleValue for id
17:03:30.835 [Test worker] DEBUG org.hibernate.cfg.annotations.SimpleValueBinder - Starting fillSimpleValue for id
17:03:30.835 [Test worker] DEBUG org.hibernate.cfg.annotations.SimpleValueBinder - Starting fillSimpleValue for activeStatus
17:03:30.835 [Test worker] DEBUG org.hibernate.cfg.annotations.SimpleValueBinder - Starting fillSimpleValue for creationDate
17:03:30.835 [Test worker] DEBUG org.hibernate.cfg.annotations.SimpleValueBinder - Starting fillSimpleValue for description
17:03:30.835 [Test worker] DEBUG org.hibernate.cfg.annotations.SimpleValueBinder - Starting fillSimpleValue for expirationDate
17:03:30.835 [Test worker] DEBUG org.hibernate.cfg.annotations.SimpleValueBinder - Starting fillSimpleValue for modificationDate
17:03:30.835 [Test worker] DEBUG org.hibernate.cfg.annotations.SimpleValueBinder - Starting fillSimpleValue for name
17:03:30.835 [Test worker] DEBUG org.hibernate.cfg.annotations.SimpleValueBinder - Starting fillSimpleValue for price
17:03:30.835 [Test worker] DEBUG org.hibernate.cfg.annotations.SimpleValueBinder - Starting fillSimpleValue for id
17:03:30.835 [Test worker] DEBUG org.hibernate.cfg.annotations.SimpleValueBinder - Starting fillSimpleValue for activeStatus
17:03:30.835 [Test worker] DEBUG org.hibernate.cfg.annotations.SimpleValueBinder - Starting fillSimpleValue for createdAt
17:03:30.835 [Test worker] DEBUG org.hibernate.cfg.annotations.SimpleValueBinder - Starting fillSimpleValue for id
17:03:30.836 [Test worker] DEBUG org.hibernate.cfg.annotations.SimpleValueBinder - Starting fillSimpleValue for expirationDate
17:03:30.836 [Test worker] DEBUG org.hibernate.cfg.annotations.SimpleValueBinder - Starting fillSimpleValue for fixedPrice
17:03:30.836 [Test worker] DEBUG org.hibernate.cfg.annotations.SimpleValueBinder - Starting fillSimpleValue for id
17:03:30.836 [Test worker] DEBUG org.hibernate.cfg.annotations.SimpleValueBinder - Starting fillSimpleValue for value
17:03:30.836 [Test worker] DEBUG org.hibernate.cfg.annotations.SimpleValueBinder - Starting fillSimpleValue for id
17:03:30.836 [Test worker] DEBUG org.hibernate.cfg.annotations.SimpleValueBinder - Starting fillSimpleValue for title
17:03:30.836 [Test worker] DEBUG org.hibernate.cfg.annotations.SimpleValueBinder - Starting fillSimpleValue for id
17:03:30.836 [Test worker] DEBUG org.hibernate.cfg.annotations.SimpleValueBinder - Starting fillSimpleValue for email
17:03:30.836 [Test worker] DEBUG org.hibernate.cfg.annotations.SimpleValueBinder - Starting fillSimpleValue for password
17:03:30.836 [Test worker] DEBUG org.hibernate.cfg.annotations.SimpleValueBinder - Starting fillSimpleValue for refreshToken
17:03:30.836 [Test worker] DEBUG org.hibernate.mapping.PrimaryKey - Forcing column [id] to be non-null as it is part of the primary key for table [entity]
17:03:30.836 [Test worker] DEBUG org.hibernate.mapping.PrimaryKey - Forcing column [id] to be non-null as it is part of the primary key for table [certificate]
17:03:30.836 [Test worker] DEBUG org.hibernate.mapping.PrimaryKey - Forcing column [id] to be non-null as it is part of the primary key for table [application_order]
17:03:30.836 [Test worker] DEBUG org.hibernate.mapping.PrimaryKey - Forcing column [id] to be non-null as it is part of the primary key for table [order_certificate]
17:03:30.836 [Test worker] DEBUG org.hibernate.mapping.PrimaryKey - Forcing column [id] to be non-null as it is part of the primary key for table [application_role]
17:03:30.836 [Test worker] DEBUG org.hibernate.mapping.PrimaryKey - Forcing column [id] to be non-null as it is part of the primary key for table [tag]
17:03:30.837 [Test worker] DEBUG org.hibernate.mapping.PrimaryKey - Forcing column [id] to be non-null as it is part of the primary key for table [application_user]
17:03:30.837 [Test worker] DEBUG org.hibernate.cfg.CollectionSecondPass - Second pass for collection: com.epam.esm.entity.GiftCertificate.tags
17:03:30.837 [Test worker] DEBUG org.hibernate.cfg.annotations.CollectionBinder - Binding as ManyToMany: com.epam.esm.entity.GiftCertificate.tags
17:03:30.837 [Test worker] DEBUG org.hibernate.mapping.PrimaryKey - Forcing column [certificate_id] to be non-null as it is part of the primary key for table [certificate_tag]
17:03:30.837 [Test worker] DEBUG org.hibernate.mapping.PrimaryKey - Forcing column [tag_id] to be non-null as it is part of the primary key for table [certificate_tag]
17:03:30.837 [Test worker] DEBUG org.hibernate.cfg.CollectionSecondPass - Mapped collection key: certificate_id, element: tag_id
17:03:30.837 [Test worker] DEBUG org.hibernate.cfg.CollectionSecondPass - Second pass for collection: com.epam.esm.entity.GiftCertificate.orderCertificates
17:03:30.837 [Test worker] DEBUG org.hibernate.cfg.annotations.CollectionBinder - Binding a OneToMany: com.epam.esm.entity.GiftCertificate.orderCertificates through a foreign key
17:03:30.837 [Test worker] DEBUG org.hibernate.cfg.annotations.CollectionBinder - Mapping collection: com.epam.esm.entity.GiftCertificate.orderCertificates -> order_certificate
17:03:30.837 [Test worker] DEBUG org.hibernate.cfg.annotations.TableBinder - Retrieving property com.epam.esm.entity.OrderCertificate.certificate
17:03:30.837 [Test worker] DEBUG org.hibernate.cfg.CollectionSecondPass - Mapped collection key: certificate_id, one-to-many: com.epam.esm.entity.OrderCertificate
17:03:30.837 [Test worker] DEBUG org.hibernate.cfg.CollectionSecondPass - Second pass for collection: com.epam.esm.entity.Order.orderCertificates
17:03:30.837 [Test worker] DEBUG org.hibernate.cfg.annotations.CollectionBinder - Binding a OneToMany: com.epam.esm.entity.Order.orderCertificates through a foreign key
17:03:30.837 [Test worker] DEBUG org.hibernate.cfg.annotations.CollectionBinder - Mapping collection: com.epam.esm.entity.Order.orderCertificates -> order_certificate
17:03:30.837 [Test worker] DEBUG org.hibernate.cfg.annotations.TableBinder - Retrieving property com.epam.esm.entity.OrderCertificate.order
17:03:30.838 [Test worker] DEBUG org.hibernate.cfg.CollectionSecondPass - Mapped collection key: order_id, one-to-many: com.epam.esm.entity.OrderCertificate
17:03:30.838 [Test worker] DEBUG org.hibernate.cfg.CollectionSecondPass - Second pass for collection: com.epam.esm.entity.User.orders
17:03:30.838 [Test worker] DEBUG org.hibernate.cfg.annotations.CollectionBinder - Binding a OneToMany: com.epam.esm.entity.User.orders through a foreign key
17:03:30.838 [Test worker] DEBUG org.hibernate.cfg.annotations.CollectionBinder - Mapping collection: com.epam.esm.entity.User.orders -> application_order
17:03:30.838 [Test worker] DEBUG org.hibernate.cfg.annotations.TableBinder - Retrieving property com.epam.esm.entity.Order.user
17:03:30.838 [Test worker] DEBUG org.hibernate.cfg.CollectionSecondPass - Mapped collection key: user_id, one-to-many: com.epam.esm.entity.Order
17:03:30.838 [Test worker] DEBUG org.hibernate.boot.internal.InFlightMetadataCollectorImpl - Resolving reference to class: com.epam.esm.entity.User
17:03:30.838 [Test worker] DEBUG org.hibernate.boot.internal.InFlightMetadataCollectorImpl - Resolving reference to class: com.epam.esm.entity.Role
17:03:30.838 [Test worker] DEBUG org.hibernate.boot.internal.InFlightMetadataCollectorImpl - Resolving reference to class: com.epam.esm.entity.Tag
17:03:30.838 [Test worker] DEBUG org.hibernate.boot.internal.InFlightMetadataCollectorImpl - Resolving reference to class: com.epam.esm.entity.GiftCertificate
17:03:30.839 [Test worker] DEBUG org.hibernate.boot.internal.InFlightMetadataCollectorImpl - Resolving reference to class: com.epam.esm.entity.GiftCertificate
17:03:30.839 [Test worker] DEBUG org.hibernate.boot.internal.InFlightMetadataCollectorImpl - Resolving reference to class: com.epam.esm.entity.Order
17:03:30.840 [Test worker] DEBUG org.hibernate.boot.internal.InFlightMetadataCollectorImpl - Resolving reference to class: com.epam.esm.entity.User
17:03:30.840 [Test worker] DEBUG org.hibernate.boot.internal.InFlightMetadataCollectorImpl - Resolving reference to class: com.epam.esm.entity.Role
17:03:30.840 [Test worker] DEBUG org.hibernate.boot.internal.InFlightMetadataCollectorImpl - Resolving reference to class: com.epam.esm.entity.Tag
17:03:30.840 [Test worker] DEBUG org.hibernate.boot.internal.InFlightMetadataCollectorImpl - Resolving reference to class: com.epam.esm.entity.GiftCertificate
17:03:30.840 [Test worker] DEBUG org.hibernate.boot.internal.InFlightMetadataCollectorImpl - Resolving reference to class: com.epam.esm.entity.GiftCertificate
17:03:30.840 [Test worker] DEBUG org.hibernate.boot.internal.InFlightMetadataCollectorImpl - Resolving reference to class: com.epam.esm.entity.Order
17:03:30.841 [Test worker] DEBUG org.hibernate.internal.SessionFactoryImpl - Building session factory
17:03:30.841 [Test worker] DEBUG org.hibernate.cfg.Settings - SessionFactory name : null
17:03:30.841 [Test worker] DEBUG org.hibernate.cfg.Settings - Automatic flush during beforeCompletion(): enabled
17:03:30.841 [Test worker] DEBUG org.hibernate.cfg.Settings - Automatic session close at end of transaction: disabled
17:03:30.841 [Test worker] DEBUG org.hibernate.cfg.Settings - Statistics: disabled
17:03:30.841 [Test worker] DEBUG org.hibernate.cfg.Settings - Deleted entity synthetic identifier rollback: disabled
17:03:30.841 [Test worker] DEBUG org.hibernate.cfg.Settings - Default entity-mode: pojo
17:03:30.841 [Test worker] DEBUG org.hibernate.cfg.Settings - Check Nullability in Core (should be disabled when Bean Validation is on): enabled
17:03:30.841 [Test worker] DEBUG org.hibernate.cfg.Settings - Allow initialization of lazy state outside session : disabled
17:03:30.841 [Test worker] DEBUG org.hibernate.cfg.Settings - Using BatchFetchStyle : LEGACY
17:03:30.841 [Test worker] DEBUG org.hibernate.cfg.Settings - Default batch fetch size: -1
17:03:30.841 [Test worker] DEBUG org.hibernate.cfg.Settings - Maximum outer join fetch depth: null
17:03:30.841 [Test worker] DEBUG org.hibernate.cfg.Settings - Default null ordering: NONE
17:03:30.841 [Test worker] DEBUG org.hibernate.cfg.Settings - Order SQL updates by primary key: disabled
17:03:30.841 [Test worker] DEBUG org.hibernate.cfg.Settings - Order SQL inserts for batching: disabled
17:03:30.841 [Test worker] DEBUG org.hibernate.cfg.Settings - multi-tenancy strategy : NONE
17:03:30.841 [Test worker] DEBUG org.hibernate.cfg.Settings - JTA Track by Thread: enabled
17:03:30.841 [Test worker] DEBUG org.hibernate.cfg.Settings - Query language substitutions: {}
17:03:30.841 [Test worker] DEBUG org.hibernate.cfg.Settings - Named query checking : enabled
17:03:30.841 [Test worker] DEBUG org.hibernate.cfg.Settings - Second-level cache: disabled
17:03:30.841 [Test worker] DEBUG org.hibernate.cfg.Settings - Second-level query cache: disabled
17:03:30.841 [Test worker] DEBUG org.hibernate.cfg.Settings - Second-level query cache factory: null
17:03:30.841 [Test worker] DEBUG org.hibernate.cfg.Settings - Second-level cache region prefix: null
17:03:30.841 [Test worker] DEBUG org.hibernate.cfg.Settings - Optimize second-level cache for minimal puts: disabled
17:03:30.841 [Test worker] DEBUG org.hibernate.cfg.Settings - Structured second-level cache entries: disabled
17:03:30.841 [Test worker] DEBUG org.hibernate.cfg.Settings - Second-level cache direct-reference entries: disabled
17:03:30.841 [Test worker] DEBUG org.hibernate.cfg.Settings - Automatic eviction of collection cache: disabled
17:03:30.841 [Test worker] DEBUG org.hibernate.cfg.Settings - JDBC batch size: 15
17:03:30.841 [Test worker] DEBUG org.hibernate.cfg.Settings - JDBC batch updates for versioned data: enabled
17:03:30.841 [Test worker] DEBUG org.hibernate.cfg.Settings - Scrollable result sets: enabled
17:03:30.841 [Test worker] DEBUG org.hibernate.cfg.Settings - Wrap result sets: disabled
17:03:30.841 [Test worker] DEBUG org.hibernate.cfg.Settings - JDBC3 getGeneratedKeys(): enabled
17:03:30.841 [Test worker] DEBUG org.hibernate.cfg.Settings - JDBC result set fetch size: null
17:03:30.841 [Test worker] DEBUG org.hibernate.cfg.Settings - Connection release mode: ON_CLOSE
17:03:30.841 [Test worker] DEBUG org.hibernate.cfg.Settings - Generate SQL with comments: disabled
17:03:30.841 [Test worker] DEBUG org.hibernate.cfg.Settings - JPA compliance - query : 
17:03:30.841 [Test worker] DEBUG org.hibernate.cfg.Settings - JPA compliance - closed-handling : 
17:03:30.841 [Test worker] DEBUG org.hibernate.cfg.Settings - JPA compliance - lists : 
17:03:30.841 [Test worker] DEBUG org.hibernate.cfg.Settings - JPA compliance - transactions : 
17:03:30.842 [Test worker] DEBUG org.hibernate.jpa.event.internal.CallbackBuilderLegacyImpl - Adding onPrePersist as PrePersist callback for entity com.epam.esm.entity.Order
17:03:30.844 [Test worker] DEBUG org.hibernate.internal.SessionFactoryImpl - Session factory constructed with filter configurations : {}
17:03:30.844 [Test worker] DEBUG org.hibernate.internal.SessionFactoryImpl - Instantiating session factory with properties: {gopherProxySet=false, awt.toolkit=sun.lwawt.macosx.LWCToolkit, hibernate.id.new_generator_mappings=true, java.specification.version=11, sun.cpu.isalist=, hibernate.resource.beans.container=org.springframework.orm.hibernate5.SpringBeanContainer@4fa928be, hibernate.connection.handling_mode=DELAYED_ACQUISITION_AND_HOLD, sun.jnu.encoding=UTF-8, hibernate.dialect=org.hibernate.dialect.H2Dialect, org.gradle.test.worker=3, hibernate.implicit_naming_strategy=org.springframework.boot.orm.jpa.hibernate.SpringImplicitNamingStrategy, java.class.path=/Users/dzmitryplatonov/.gradle/caches/5.6.2/workerMain/gradle-worker.jar:/Users/dzmitryplatonov/Desktop/workdir/giftcertificates/datasource/build/classes/java/test:/Users/dzmitryplatonov/Desktop/workdir/giftcertificates/datasource/build/resources/test:/Users/dzmitryplatonov/Desktop/workdir/giftcertificates/datasource/build/classes/java/main:/Users/dzmitryplatonov/Desktop/workdir/giftcertificates/datasource/build/resources/main:/Users/dzmitryplatonov/.m2/repository/org/apache/logging/log4j/log4j-web/2.11.2/log4j-web-2.11.2.jar:/Users/dzmitryplatonov/.m2/repository/org/apache/logging/log4j/log4j-core/2.11.2/log4j-core-2.11.2.jar:/Users/dzmitryplatonov/.gradle/caches/modules-2/files-2.1/org.springframework.boot/spring-boot-starter-web/2.1.9.RELEASE/2063870234eebbda3c09dddf9853477fe9e4a719/spring-boot-starter-web-2.1.9.RELEASE.jar:/Users/dzmitryplatonov/.gradle/caches/modules-2/files-2.1/org.springframework.boot/spring-boot-starter-security/2.1.9.RELEASE/bde048665003362d9e16aa75a8804f90dce1d31e/spring-boot-starter-security-2.1.9.RELEASE.jar:/Users/dzmitryplatonov/.gradle/caches/modules-2/files-2.1/org.springframework.boot/spring-boot-starter-data-jpa/2.1.9.RELEASE/784d6d5c525c2dd9fac31031ee6ca2ec8b067af5/spring-boot-starter-data-jpa-2.1.9.RELEASE.jar:/Users/dzmitryplatonov/.gradle/caches/modules-2/files-2.1/org.springframework.boot/spring-boot-starter-aop/2.1.9.RELEASE/74226b26cf15952f639deca38fe919701755c97b/spring-boot-starter-aop-2.1.9.RELEASE.jar:/Users/dzmitryplatonov/.gradle/caches/modules-2/files-2.1/org.springframework.boot/spring-boot-starter-jdbc/2.1.9.RELEASE/3f7d1d67669dfa0ea4ff9216afbeef5bc6a58ecb/spring-boot-starter-jdbc-2.1.9.RELEASE.jar:/Users/dzmitryplatonov/.gradle/caches/modules-2/files-2.1/org.springframework.boot/spring-boot-starter-json/2.1.9.RELEASE/53bdf52bc28b7e753874e0136fb33c9eab184276/spring-boot-starter-json-2.1.9.RELEASE.jar:/Users/dzmitryplatonov/.gradle/caches/modules-2/files-2.1/org.springframework.boot/spring-boot-starter/2.1.9.RELEASE/45d7afa2d9aab4b2984f2c330f507797fbcf501f/spring-boot-starter-2.1.9.RELEASE.jar:/Users/dzmitryplatonov/.gradle/caches/modules-2/files-2.1/org.springframework.boot/spring-boot-starter-logging/2.1.9.RELEASE/802b562b0c602ae9242b659a28b9bf89ca689b2d/spring-boot-starter-logging-2.1.9.RELEASE.jar:/Users/dzmitryplatonov/.m2/repository/org/apache/logging/log4j/log4j-to-slf4j/2.11.2/log4j-to-slf4j-2.11.2.jar:/Users/dzmitryplatonov/.m2/repository/org/apache/logging/log4j/log4j-api/2.11.2/log4j-api-2.11.2.jar:/Users/dzmitryplatonov/.m2/repository/org/hibernate/validator/hibernate-validator/6.0.17.Final/hibernate-validator-6.0.17.Final.jar:/Users/dzmitryplatonov/.m2/repository/javax/validation/validation-api/2.0.1.Final/validation-api-2.0.1.Final.jar:/Users/dzmitryplatonov/.gradle/caches/modules-2/files-2.1/org.springframework.security.oauth.boot/spring-security-oauth2-autoconfigure/2.1.9.RELEASE/abbbf98ebc0454774162add4b412a7ee5da66877/spring-security-oauth2-autoconfigure-2.1.9.RELEASE.jar:/Users/dzmitryplatonov/.gradle/caches/modules-2/files-2.1/com.auth0/jwks-rsa/0.9.0/6e3a813bce7eb07327f2a5384fb178eb21469338/jwks-rsa-0.9.0.jar:/Users/dzmitryplatonov/.gradle/caches/modules-2/files-2.1/io.jsonwebtoken/jjwt/0.9.1/54d2abfc3e63a28824d35bf600d6a5d627da681a/jjwt-0.9.1.jar:/Users/dzmitryplatonov/.gradle/caches/modules-2/files-2.1/io.jsonwebtoken/jjwt-jackson/0.10.7/52b5a612da95a0c0edc867ccac65bb0f6762ed7b/jjwt-jackson-0.10.7.jar:/Users/dzmitryplatonov/.m2/repository/com/fasterxml/jackson/datatype/jackson-datatype-jsr310/2.9.9/jackson-datatype-jsr310-2.9.9.jar:/Users/dzmitryplatonov/.m2/repository/com/fasterxml/jackson/datatype/jackson-datatype-jdk8/2.9.9/jackson-datatype-jdk8-2.9.9.jar:/Users/dzmitryplatonov/.m2/repository/com/fasterxml/jackson/module/jackson-module-parameter-names/2.9.9/jackson-module-parameter-names-2.9.9.jar:/Users/dzmitryplatonov/.gradle/caches/modules-2/files-2.1/com.fasterxml.jackson.core/jackson-databind/2.10.0.pr3/4e17238b159dcd1167b095024fe07f41da1e37ac/jackson-databind-2.10.0.pr3.jar:/Users/dzmitryplatonov/.gradle/caches/modules-2/files-2.1/com.fasterxml.jackson.core/jackson-annotations/2.10.0.pr3/6c99a6d972b8bdd92192bef4b0ff5df164e9cafc/jackson-annotations-2.10.0.pr3.jar:/Users/dzmitryplatonov/.m2/repository/org/springframework/hateoas/spring-hateoas/0.25.1.RELEASE/spring-hateoas-0.25.1.RELEASE.jar:/Users/dzmitryplatonov/.m2/repository/org/springframework/plugin/spring-plugin-core/1.2.0.RELEASE/spring-plugin-core-1.2.0.RELEASE.jar:/Users/dzmitryplatonov/.gradle/caches/modules-2/files-2.1/org.springframework.security/spring-security-oauth2-client/5.1.6.RELEASE/8a77b659f7f6616ca5970796c04106595819f4eb/spring-security-oauth2-client-5.1.6.RELEASE.jar:/Users/dzmitryplatonov/.gradle/caches/modules-2/files-2.1/org.springframework.security/spring-security-oauth2-jose/5.1.6.RELEASE/78f947f9b1ee235f7efbb697e15acd05e16d009a/spring-security-oauth2-jose-5.1.6.RELEASE.jar:/Users/dzmitryplatonov/.gradle/caches/modules-2/files-2.1/org.springframework.security/spring-security-openid/5.2.0.RELEASE/e67725a379bcc03c3edd571d6fec4800b2313a00/spring-security-openid-5.2.0.RELEASE.jar:/Users/dzmitryplatonov/.gradle/caches/modules-2/files-2.1/org.springframework.data/spring-data-jpa/2.1.11.RELEASE/b774364187f5e68379b8c3121232a04686a0325c/spring-data-jpa-2.1.11.RELEASE.jar:/Users/dzmitryplatonov/.gradle/caches/modules-2/files-2.1/org.springframework/spring-orm/5.1.10.RELEASE/ce92238d65405408387b1ae7a5dd5a280f7ea29f/spring-orm-5.1.10.RELEASE.jar:/Users/dzmitryplatonov/.gradle/caches/modules-2/files-2.1/org.springframework/spring-jdbc/5.1.10.RELEASE/48957bfad9656fdba9263539e2fa8f3034939ba8/spring-jdbc-5.1.10.RELEASE.jar:/Users/dzmitryplatonov/.m2/repository/org/postgresql/postgresql/42.2.8/postgresql-42.2.8.jar:/Users/dzmitryplatonov/.gradle/caches/modules-2/files-2.1/org.springframework.boot/spring-boot-starter-tomcat/2.1.9.RELEASE/99bef08a0b7fd10ff9827f0f8e6f49b97cbabf7f/spring-boot-starter-tomcat-2.1.9.RELEASE.jar:/Users/dzmitryplatonov/.m2/repository/javax/annotation/javax.annotation-api/1.3.2/javax.annotation-api-1.3.2.jar:/Users/dzmitryplatonov/.gradle/caches/modules-2/files-2.1/io.jsonwebtoken/jjwt-impl/0.10.7/49cf3b0b6f10eb024104ae39c111c1fd0cd3be64/jjwt-impl-0.10.7.jar:/Users/dzmitryplatonov/.gradle/caches/modules-2/files-2.1/org.junit.jupiter/junit-jupiter-params/5.2.0/d70083080bf3400c181562919cb03bf7588104e1/junit-jupiter-params-5.2.0.jar:/Users/dzmitryplatonov/.gradle/caches/modules-2/files-2.1/org.mockito/mockito-junit-jupiter/2.18.3/827104c6aed482c68159faf320f44f5eb5b03bd/mockito-junit-jupiter-2.18.3.jar:/Users/dzmitryplatonov/.m2/repository/org/mockito/mockito-core/2.28.2/mockito-core-2.28.2.jar:/Users/dzmitryplatonov/.m2/repository/com/h2database/h2/1.4.197/h2-1.4.197.jar:/Users/dzmitryplatonov/.gradle/caches/modules-2/files-2.1/org.springframework/spring-test/5.0.1.RELEASE/47dee3bebbcbcaff1be786b6c0db654ba7376eb9/spring-test-5.0.1.RELEASE.jar:/Users/dzmitryplatonov/.gradle/caches/modules-2/files-2.1/org.junit.jupiter/junit-jupiter-engine/5.3.1/e2676b1786c57a80eb98f5bebd51a3d05e228c40/junit-jupiter-engine-5.3.1.jar:/Users/dzmitryplatonov/.gradle/caches/modules-2/files-2.1/org.junit.jupiter/junit-jupiter-api/5.3.1/a7e97eac2784395cb991403f9641b042ad972941/junit-jupiter-api-5.3.1.jar:/Users/dzmitryplatonov/.gradle/caches/modules-2/files-2.1/org.hibernate/hibernate-core/5.3.12.Final/e1929362fe24a9f62142d18f1ac5b0d7f278ef22/hibernate-core-5.3.12.Final.jar:/Users/dzmitryplatonov/.m2/repository/org/hibernate/common/hibernate-commons-annotations/5.0.4.Final/hibernate-commons-annotations-5.0.4.Final.jar:/Users/dzmitryplatonov/.m2/repository/org/jboss/logging/jboss-logging/3.3.2.Final/jboss-logging-3.3.2.Final.jar:/Users/dzmitryplatonov/.m2/repository/com/fasterxml/classmate/1.3.4/classmate-1.3.4.jar:/Users/dzmitryplatonov/.gradle/caches/modules-2/files-2.1/com.fasterxml.jackson.core/jackson-core/2.10.0.pr3/1d2f9b816bcd00130ddc9dae6c99f7b533afcc73/jackson-core-2.10.0.pr3.jar:/Users/dzmitryplatonov/.gradle/caches/modules-2/files-2.1/org.springframework.security.oauth/spring-security-oauth2/2.3.5.RELEASE/7969f5363398d6d3788bef1740b2ab9509043d51/spring-security-oauth2-2.3.5.RELEASE.jar:/Users/dzmitryplatonov/.gradle/caches/modules-2/files-2.1/org.springframework/spring-webmvc/5.1.10.RELEASE/67b6da7852e89bc0df6ce36a263ac4377fe48e27/spring-webmvc-5.1.10.RELEASE.jar:/Users/dzmitryplatonov/.m2/repository/org/springframework/security/spring-security-config/5.1.6.RELEASE/spring-security-config-5.1.6.RELEASE.jar:/Users/dzmitryplatonov/.gradle/caches/modules-2/files-2.1/org.springframework.security/spring-security-oauth2-core/5.1.6.RELEASE/f3b2623760154aac86d32427696842c7c3d85326/spring-security-oauth2-core-5.1.6.RELEASE.jar:/Users/dzmitryplatonov/.gradle/caches/modules-2/files-2.1/org.springframework.security/spring-security-web/5.2.0.RELEASE/a9ff06ad3fd66cd08545e1a601c66d2256c86e0f/spring-security-web-5.2.0.RELEASE.jar:/Users/dzmitryplatonov/.gradle/caches/modules-2/files-2.1/org.springframework.security/spring-security-core/5.2.0.RELEASE/1c8f36e316a74c245073ce2a70bdf198a58424f6/spring-security-core-5.2.0.RELEASE.jar:/Users/dzmitryplatonov/.gradle/caches/modules-2/files-2.1/org.springframework.boot/spring-boot-autoconfigure/2.1.9.RELEASE/aa6d5e0fef585bec64543b9b8f944a94060e710a/spring-boot-autoconfigure-2.1.9.RELEASE.jar:/Users/dzmitryplatonov/.gradle/caches/modules-2/files-2.1/org.springframework.boot/spring-boot/2.1.9.RELEASE/b18e7287a82ee06c6bb4e79423c25c05b8303dc1/spring-boot-2.1.9.RELEASE.jar:/Users/dzmitryplatonov/.gradle/caches/modules-2/files-2.1/org.springframework/spring-context/5.2.0.RELEASE/a2638a8295f13ed8511c98a2379507677e1d16fa/spring-context-5.2.0.RELEASE.jar:/Users/dzmitryplatonov/.gradle/caches/modules-2/files-2.1/org.springframework/spring-aop/5.2.0.RELEASE/7031d44f063ea68e49b881a985967e7f2c144f3b/spring-aop-5.2.0.RELEASE.jar:/Users/dzmitryplatonov/.gradle/caches/modules-2/files-2.1/org.springframework/spring-web/5.2.0.RELEASE/d5b064196dc014519e751df549b4cc6a753fb191/spring-web-5.2.0.RELEASE.jar:/Users/dzmitryplatonov/.gradle/caches/modules-2/files-2.1/org.springframework.data/spring-data-commons/2.1.11.RELEASE/dace2a47d274ac5f0ac3ff2f47cb0b936bef5b46/spring-data-commons-2.1.11.RELEASE.jar:/Users/dzmitryplatonov/.gradle/caches/modules-2/files-2.1/org.springframework/spring-tx/5.1.10.RELEASE/c32ebb7fb1be3b733304b7873c31817dd434479a/spring-tx-5.1.10.RELEASE.jar:/Users/dzmitryplatonov/.gradle/caches/modules-2/files-2.1/org.springframework/spring-beans/5.2.0.RELEASE/3ae97694618c59e6af695a15e54fabb7e319776/spring-beans-5.2.0.RELEASE.jar:/Users/dzmitryplatonov/.gradle/caches/modules-2/files-2.1/org.springframework/spring-expression/5.2.0.RELEASE/ac6a616451129e717979f18d2bff40528698a46e/spring-expression-5.2.0.RELEASE.jar:/Users/dzmitryplatonov/.gradle/caches/modules-2/files-2.1/org.springframework/spring-core/5.2.0.RELEASE/e0e1b3c304f70ed19d7905975f6f990916ada219/spring-core-5.2.0.RELEASE.jar:/Users/dzmitryplatonov/.m2/repository/com/zaxxer/HikariCP/3.2.0/HikariCP-3.2.0.jar:/Users/dzmitryplatonov/.m2/repository/ch/qos/logback/logback-classic/1.2.3/logback-classic-1.2.3.jar:/Users/dzmitryplatonov/.m2/repository/org/slf4j/jul-to-slf4j/1.7.28/jul-to-slf4j-1.7.28.jar:/Users/dzmitryplatonov/.m2/repository/org/slf4j/slf4j-api/1.7.28/slf4j-api-1.7.28.jar:/Users/dzmitryplatonov/.m2/repository/javax/transaction/javax.transaction-api/1.3/javax.transaction-api-1.3.jar:/Users/dzmitryplatonov/.gradle/caches/modules-2/files-2.1/org.glassfish.jaxb/jaxb-runtime/2.3.1/dd6dda9da676a54c5b36ca2806ff95ee017d8738/jaxb-runtime-2.3.1.jar:/Users/dzmitryplatonov/.m2/repository/javax/xml/bind/jaxb-api/2.3.1/jaxb-api-2.3.1.jar:/Users/dzmitryplatonov/.gradle/caches/modules-2/files-2.1/org.springframework/spring-aspects/5.1.10.RELEASE/b0364caabcde96dc6385480d0f9270613ab04511/spring-aspects-5.1.10.RELEASE.jar:/Users/dzmitryplatonov/.gradle/caches/modules-2/files-2.1/org.springframework.security/spring-security-jwt/1.0.10.RELEASE/19a1ca7a83e9d263a31af5f529da460f8f863451/spring-security-jwt-1.0.10.RELEASE.jar:/Users/dzmitryplatonov/.gradle/caches/modules-2/files-2.1/com.nimbusds/oauth2-oidc-sdk/6.0/e731f0b62727a46ae6d6fded62b5678d28273c3c/oauth2-oidc-sdk-6.0.jar:/Users/dzmitryplatonov/.gradle/caches/modules-2/files-2.1/com.nimbusds/nimbus-jose-jwt/6.0.2/81605278e5df1cf4c3774851649b85cade077fa5/nimbus-jose-jwt-6.0.2.jar:/Users/dzmitryplatonov/.gradle/caches/modules-2/files-2.1/com.google.inject/guice/3.0/9d84f15fe35e2c716a02979fb62f50a29f38aefa/guice-3.0.jar:/Users/dzmitryplatonov/.gradle/caches/modules-2/files-2.1/org.openid4java/openid4java-nodeps/0.9.6/52ca394f5f6d38b78e35a5a6a0a341dc5b3aaf34/openid4java-nodeps-0.9.6.jar:/Users/dzmitryplatonov/.gradle/caches/modules-2/files-2.1/net.sourceforge.nekohtml/nekohtml/1.9.22/4f54af68ecb345f2453fb6884672ad08414154e3/nekohtml-1.9.22.jar:/Users/dzmitryplatonov/.gradle/caches/modules-2/files-2.1/org.apache.httpcomponents/httpclient/4.5.10/7ca2e4276f4ef95e4db725a8cd4a1d1e7585b9e5/httpclient-4.5.10.jar:/Users/dzmitryplatonov/.gradle/caches/modules-2/files-2.1/commons-codec/commons-codec/1.13/3f18e1aa31031d89db6f01ba05d501258ce69d2c/commons-codec-1.13.jar:/Users/dzmitryplatonov/.m2/repository/commons-io/commons-io/2.6/commons-io-2.6.jar:/Users/dzmitryplatonov/.gradle/caches/modules-2/files-2.1/com.google.guava/guava/27.1-jre/e47b59c893079b87743cdcfb6f17ca95c08c592c/guava-27.1-jre.jar:/Users/dzmitryplatonov/.gradle/caches/modules-2/files-2.1/io.jsonwebtoken/jjwt-api/0.10.7/52e888d8424d3c788e23fedfbfc65ce36830ab1a/jjwt-api-0.10.7.jar:/Users/dzmitryplatonov/.m2/repository/org/junit/platform/junit-platform-engine/1.3.1/junit-platform-engine-1.3.1.jar:/Users/dzmitryplatonov/.m2/repository/org/junit/platform/junit-platform-commons/1.3.1/junit-platform-commons-1.3.1.jar:/Users/dzmitryplatonov/.m2/repository/org/apiguardian/apiguardian-api/1.0.0/apiguardian-api-1.0.0.jar:/Users/dzmitryplatonov/.gradle/caches/modules-2/files-2.1/net.bytebuddy/byte-buddy/1.9.11/985bbce599f92d6440582a7d1a5231bfaae9970f/byte-buddy-1.9.11.jar:/Users/dzmitryplatonov/.m2/repository/net/bytebuddy/byte-buddy-agent/1.9.10/byte-buddy-agent-1.9.10.jar:/Users/dzmitryplatonov/.m2/repository/org/objenesis/objenesis/2.6/objenesis-2.6.jar:/Users/dzmitryplatonov/.m2/repository/org/opentest4j/opentest4j/1.1.1/opentest4j-1.1.1.jar:/Users/dzmitryplatonov/.m2/repository/org/aspectj/aspectjweaver/1.9.4/aspectjweaver-1.9.4.jar:/Users/dzmitryplatonov/.m2/repository/javax/activation/javax.activation-api/1.2.0/javax.activation-api-1.2.0.jar:/Users/dzmitryplatonov/.m2/repository/javax/persistence/javax.persistence-api/2.2/javax.persistence-api-2.2.jar:/Users/dzmitryplatonov/.m2/repository/org/javassist/javassist/3.23.2-GA/javassist-3.23.2-GA.jar:/Users/dzmitryplatonov/.m2/repository/antlr/antlr/2.7.7/antlr-2.7.7.jar:/Users/dzmitryplatonov/.m2/repository/org/jboss/jandex/2.0.5.Final/jandex-2.0.5.Final.jar:/Users/dzmitryplatonov/.m2/repository/org/dom4j/dom4j/2.1.1/dom4j-2.1.1.jar:/Users/dzmitryplatonov/.m2/repository/org/yaml/snakeyaml/1.23/snakeyaml-1.23.jar:/Users/dzmitryplatonov/.gradle/caches/modules-2/files-2.1/org.apache.tomcat.embed/tomcat-embed-websocket/9.0.26/8991b1bd82c5745e95a9161472a92dc1e5c7148e/tomcat-embed-websocket-9.0.26.jar:/Users/dzmitryplatonov/.gradle/caches/modules-2/files-2.1/org.apache.tomcat.embed/tomcat-embed-core/9.0.26/6312ba542bc58fa9ee789a43516ce4d862548a6b/tomcat-embed-core-9.0.26.jar:/Users/dzmitryplatonov/.gradle/caches/modules-2/files-2.1/org.apache.tomcat.embed/tomcat-embed-el/9.0.26/a551f05d3ecf5434eaadd75e0b51519447df124/tomcat-embed-el-9.0.26.jar:/Users/dzmitryplatonov/.gradle/caches/modules-2/files-2.1/org.codehaus.jackson/jackson-mapper-asl/1.9.13/1ee2f2bed0e5dd29d1cb155a166e6f8d50bbddb7/jackson-mapper-asl-1.9.13.jar:/Users/dzmitryplatonov/.gradle/caches/modules-2/files-2.1/org.bouncycastle/bcpkix-jdk15on/1.60/d0c46320fbc07be3a24eb13a56cee4e3d38e0c75/bcpkix-jdk15on-1.60.jar:/Users/dzmitryplatonov/.gradle/caches/modules-2/files-2.1/org.glassfish.jaxb/txw2/2.3.1/a09d2c48d3285f206fafbffe0e50619284e92126/txw2-2.3.1.jar:/Users/dzmitryplatonov/.gradle/caches/modules-2/files-2.1/com.sun.istack/istack-commons-runtime/3.0.7/c197c86ceec7318b1284bffb49b54226ca774003/istack-commons-runtime-3.0.7.jar:/Users/dzmitryplatonov/.gradle/caches/modules-2/files-2.1/org.jvnet.staxex/stax-ex/1.8/8cc35f73da321c29973191f2cf143d29d26a1df7/stax-ex-1.8.jar:/Users/dzmitryplatonov/.gradle/caches/modules-2/files-2.1/com.sun.xml.fastinfoset/FastInfoset/1.2.15/bb7b7ec0379982b97c62cd17465cb6d9155f68e8/FastInfoset-1.2.15.jar:/Users/dzmitryplatonov/.gradle/caches/modules-2/files-2.1/com.sun.mail/javax.mail/1.6.1/757ba4630692bb2a1ec2d9d57a616b63f15e947e/javax.mail-1.6.1.jar:/Users/dzmitryplatonov/.gradle/caches/modules-2/files-2.1/com.github.stephenc.jcip/jcip-annotations/1.0-1/ef31541dd28ae2cefdd17c7ebf352d93e9058c63/jcip-annotations-1.0-1.jar:/Users/dzmitryplatonov/.m2/repository/net/minidev/json-smart/2.3/json-smart-2.3.jar:/Users/dzmitryplatonov/.gradle/caches/modules-2/files-2.1/com.nimbusds/lang-tag/1.4.4/1db9a709239ae473a69b5424c7e78d0b7108229d/lang-tag-1.4.4.jar:/Users/dzmitryplatonov/.gradle/caches/modules-2/files-2.1/org.springframework/spring-jcl/5.2.0.RELEASE/59b53ab6f01dd3ba85875b61a284c161584c18a3/spring-jcl-5.2.0.RELEASE.jar:/Users/dzmitryplatonov/.m2/repository/javax/inject/javax.inject/1/javax.inject-1.jar:/Users/dzmitryplatonov/.gradle/caches/modules-2/files-2.1/org.sonatype.sisu.inject/cglib/2.2.1-v20090111/7ce5e983fd0e6c78346f4c9cbfa39d83049dda2/cglib-2.2.1-v20090111.jar:/Users/dzmitryplatonov/.m2/repository/commons-logging/commons-logging/1.2/commons-logging-1.2.jar:/Users/dzmitryplatonov/.m2/repository/net/jcip/jcip-annotations/1.0/jcip-annotations-1.0.jar:/Users/dzmitryplatonov/.m2/repository/xerces/xercesImpl/2.11.0/xercesImpl-2.11.0.jar:/Users/dzmitryplatonov/.gradle/caches/modules-2/files-2.1/org.apache.httpcomponents/httpcore/4.4.12/21ebaf6d532bc350ba95bd81938fa5f0e511c132/httpcore-4.4.12.jar:/Users/dzmitryplatonov/.gradle/caches/modules-2/files-2.1/com.google.guava/failureaccess/1.0.1/1dcf1de382a0bf95a3d8b0849546c88bac1292c9/failureaccess-1.0.1.jar:/Users/dzmitryplatonov/.gradle/caches/modules-2/files-2.1/com.google.guava/listenablefuture/9999.0-empty-to-avoid-conflict-with-guava/b421526c5f297295adef1c886e5246c39d4ac629/listenablefuture-9999.0-empty-to-avoid-conflict-with-guava.jar:/Users/dzmitryplatonov/.m2/repository/com/google/code/findbugs/jsr305/3.0.2/jsr305-3.0.2.jar:/Users/dzmitryplatonov/.gradle/caches/modules-2/files-2.1/org.checkerframework/checker-qual/2.5.2/cea74543d5904a30861a61b4643a5f2bb372efc4/checker-qual-2.5.2.jar:/Users/dzmitryplatonov/.gradle/caches/modules-2/files-2.1/com.google.errorprone/error_prone_annotations/2.2.0/88e3c593e9b3586e1c6177f89267da6fc6986f0c/error_prone_annotations-2.2.0.jar:/Users/dzmitryplatonov/.gradle/caches/modules-2/files-2.1/com.google.j2objc/j2objc-annotations/1.1/ed28ded51a8b1c6b112568def5f4b455e6809019/j2objc-annotations-1.1.jar:/Users/dzmitryplatonov/.gradle/caches/modules-2/files-2.1/org.codehaus.mojo/animal-sniffer-annotations/1.17/f97ce6decaea32b36101e37979f8b647f00681fb/animal-sniffer-annotations-1.17.jar:/Users/dzmitryplatonov/.gradle/caches/modules-2/files-2.1/org.codehaus.jackson/jackson-core-asl/1.9.13/3c304d70f42f832e0a86d45bd437f692129299a4/jackson-core-asl-1.9.13.jar:/Users/dzmitryplatonov/.gradle/caches/modules-2/files-2.1/org.bouncycastle/bcprov-jdk15on/1.60/bd47ad3bd14b8e82595c7adaa143501e60842a84/bcprov-jdk15on-1.60.jar:/Users/dzmitryplatonov/.m2/repository/javax/activation/activation/1.1/activation-1.1.jar:/Users/dzmitryplatonov/.m2/repository/net/minidev/accessors-smart/1.2/accessors-smart-1.2.jar:/Users/dzmitryplatonov/.gradle/caches/modules-2/files-2.1/asm/asm/3.1/c157def142714c544bdea2e6144645702adf7097/asm-3.1.jar:/Users/dzmitryplatonov/.m2/repository/xml-apis/xml-apis/1.4.01/xml-apis-1.4.01.jar:/Users/dzmitryplatonov/.m2/repository/ch/qos/logback/logback-core/1.2.3/logback-core-1.2.3.jar:/Users/dzmitryplatonov/.gradle/caches/modules-2/files-2.1/org.apache.tomcat/tomcat-annotations-api/9.0.26/bb4574456c5db64acfcd2aa6f426d87e6c05a772/tomcat-annotations-api-9.0.26.jar:/Users/dzmitryplatonov/.m2/repository/org/ow2/asm/asm/5.0.4/asm-5.0.4.jar, java.vm.vendor=Oracle Corporation, sun.arch.data.model=64, user.variant=, java.vendor.url=http://java.oracle.com/, user.timezone=Europe/Minsk, os.name=Mac OS X, java.vm.specification.version=11, javax.persistence.validation.mode=AUTO, user.country=BY, sun.java.launcher=SUN_STANDARD, sun.boot.library.path=/Library/Java/JavaVirtualMachines/jdk-11.0.4.jdk/Contents/Home/lib, sun.java.command=worker.org.gradle.process.internal.worker.GradleWorkerMain 'Gradle Test Executor 3', hibernate.transaction.jta.platform=org.hibernate.engine.transaction.jta.platform.internal.NoJtaPlatform@42f6f173, http.nonProxyHosts=local|*.local|169.254/16|*.169.254/16, javax.persistence.sharedCache.mode=UNSPECIFIED, jdk.debug=release, sun.cpu.endian=little, user.home=/Users/dzmitryplatonov, user.language=ru, java.specification.vendor=Oracle Corporation, org.gradle.native=false, java.version.date=2019-07-16, java.home=/Library/Java/JavaVirtualMachines/jdk-11.0.4.jdk/Contents/Home, file.separator=/, java.vm.compressedOopsMode=Zero based, line.separator=
, java.specification.name=Java Platform API Specification, java.vm.specification.vendor=Oracle Corporation, hibernate.transaction.coordinator_class=class org.hibernate.resource.transaction.backend.jdbc.internal.JdbcResourceLocalTransactionCoordinatorBuilderImpl, java.awt.graphicsenv=sun.awt.CGraphicsEnvironment, hibernate.hbm2ddl.auto=create-drop, sun.management.compiler=HotSpot 64-Bit Tiered Compilers, ftp.nonProxyHosts=local|*.local|169.254/16|*.169.254/16, java.runtime.version=11.0.4+10-LTS, user.name=dzmitryplatonov, path.separator=:, os.version=10.14.6, java.runtime.name=Java(TM) SE Runtime Environment, file.encoding=UTF-8, hibernate.ejb.persistenceUnitName=default, java.vm.name=Java HotSpot(TM) 64-Bit Server VM, java.vendor.version=18.9, java.vendor.url.bug=http://bugreport.java.com/bugreport/, java.io.tmpdir=/var/folders/nm/5f650mms7n577yq7w4kkdfl80000gn/T/, com.zaxxer.hikari.pool_number=1, java.version=11.0.4, hibernate.physical_naming_strategy=org.springframework.boot.orm.jpa.hibernate.SpringPhysicalNamingStrategy, user.dir=/Users/dzmitryplatonov/Desktop/workdir/giftcertificates/datasource, os.arch=x86_64, java.vm.specification.name=Java Virtual Machine Specification, java.awt.printerjob=sun.lwawt.macosx.CPrinterJob, sun.os.patch.level=unknown, hibernate.boot.CfgXmlAccessService.key=org.hibernate.boot.cfgxml.spi.LoadedConfig@a6a3a4f, java.library.path=/Users/dzmitryplatonov/Library/Java/Extensions:/Library/Java/Extensions:/Network/Library/Java/Extensions:/System/Library/Java/Extensions:/usr/lib/java:., java.vendor=Oracle Corporation, java.vm.info=mixed mode, java.vm.version=11.0.4+10-LTS, hibernate.bytecode.use_reflection_optimizer=false, sun.io.unicode.encoding=UnicodeBig, hibernate.connection.datasource=HikariDataSource (HikariPool-6), socksNonProxyHosts=local|*.local|169.254/16|*.169.254/16, java.class.version=55.0}
17:03:30.845 [Test worker] DEBUG org.hibernate.validator.internal.engine.resolver.TraversableResolvers - Found javax.persistence.Persistence on classpath containing 'getPersistenceUtil'. Assuming JPA 2 environment. Trying to instantiate JPA aware TraversableResolver
17:03:30.845 [Test worker] DEBUG org.hibernate.validator.internal.engine.resolver.TraversableResolvers - Instantiated JPA aware TraversableResolver of type org.hibernate.validator.internal.engine.resolver.JPATraversableResolver.
17:03:30.846 [Test worker] DEBUG org.hibernate.validator.internal.xml.config.ValidationXmlParser - Trying to load META-INF/validation.xml for XML based Validator configuration.
17:03:30.846 [Test worker] DEBUG org.hibernate.validator.internal.xml.config.ResourceLoaderHelper - Trying to load META-INF/validation.xml via TCCL
17:03:30.846 [Test worker] DEBUG org.hibernate.validator.internal.xml.config.ResourceLoaderHelper - Trying to load META-INF/validation.xml via Hibernate Validator's class loader
17:03:30.846 [Test worker] DEBUG org.hibernate.validator.internal.xml.config.ValidationXmlParser - No META-INF/validation.xml found. Using annotation based configuration only.
17:03:30.852 [Test worker] DEBUG org.hibernate.validator.messageinterpolation.ResourceBundleMessageInterpolator - Loaded expression factory via original TCCL
17:03:30.852 [Test worker] DEBUG org.hibernate.validator.internal.engine.ValidatorFactoryImpl - HV000234: Using org.hibernate.validator.messageinterpolation.ResourceBundleMessageInterpolator as ValidatorFactory-scoped message interpolator.
17:03:30.852 [Test worker] DEBUG org.hibernate.validator.internal.engine.ValidatorFactoryImpl - HV000234: Using org.hibernate.validator.internal.engine.resolver.JPATraversableResolver as ValidatorFactory-scoped traversable resolver.
17:03:30.852 [Test worker] DEBUG org.hibernate.validator.internal.engine.ValidatorFactoryImpl - HV000234: Using org.hibernate.validator.internal.util.ExecutableParameterNameProvider as ValidatorFactory-scoped parameter name provider.
17:03:30.852 [Test worker] DEBUG org.hibernate.validator.internal.engine.ValidatorFactoryImpl - HV000234: Using org.hibernate.validator.internal.engine.DefaultClockProvider as ValidatorFactory-scoped clock provider.
17:03:30.852 [Test worker] DEBUG org.hibernate.validator.internal.engine.ValidatorFactoryImpl - HV000234: Using org.hibernate.validator.internal.engine.scripting.DefaultScriptEvaluatorFactory as ValidatorFactory-scoped script evaluator factory.
17:03:30.852 [Test worker] DEBUG org.hibernate.boot.internal.ClassLoaderAccessImpl - Not known whether passed class name [com.epam.esm.entity.Order] is safe
17:03:30.852 [Test worker] DEBUG org.hibernate.boot.internal.ClassLoaderAccessImpl - No temp ClassLoader provided; using live ClassLoader for loading potentially unsafe class : com.epam.esm.entity.Order
17:03:30.855 [Test worker] DEBUG org.hibernate.boot.internal.ClassLoaderAccessImpl - Not known whether passed class name [com.epam.esm.entity.GiftCertificate] is safe
17:03:30.855 [Test worker] DEBUG org.hibernate.boot.internal.ClassLoaderAccessImpl - No temp ClassLoader provided; using live ClassLoader for loading potentially unsafe class : com.epam.esm.entity.GiftCertificate
17:03:30.858 [Test worker] DEBUG org.hibernate.boot.internal.ClassLoaderAccessImpl - Not known whether passed class name [com.epam.esm.entity.User] is safe
17:03:30.858 [Test worker] DEBUG org.hibernate.boot.internal.ClassLoaderAccessImpl - No temp ClassLoader provided; using live ClassLoader for loading potentially unsafe class : com.epam.esm.entity.User
17:03:30.860 [Test worker] DEBUG org.hibernate.boot.internal.ClassLoaderAccessImpl - Not known whether passed class name [com.epam.esm.entity.Entity] is safe
17:03:30.860 [Test worker] DEBUG org.hibernate.boot.internal.ClassLoaderAccessImpl - No temp ClassLoader provided; using live ClassLoader for loading potentially unsafe class : com.epam.esm.entity.Entity
17:03:30.861 [Test worker] DEBUG org.hibernate.boot.internal.ClassLoaderAccessImpl - Not known whether passed class name [com.epam.esm.entity.Tag] is safe
17:03:30.861 [Test worker] DEBUG org.hibernate.boot.internal.ClassLoaderAccessImpl - No temp ClassLoader provided; using live ClassLoader for loading potentially unsafe class : com.epam.esm.entity.Tag
17:03:30.863 [Test worker] DEBUG org.hibernate.boot.internal.ClassLoaderAccessImpl - Not known whether passed class name [com.epam.esm.entity.OrderCertificate] is safe
17:03:30.863 [Test worker] DEBUG org.hibernate.boot.internal.ClassLoaderAccessImpl - No temp ClassLoader provided; using live ClassLoader for loading potentially unsafe class : com.epam.esm.entity.OrderCertificate
17:03:30.864 [Test worker] DEBUG org.hibernate.boot.internal.ClassLoaderAccessImpl - Not known whether passed class name [com.epam.esm.entity.Role] is safe
17:03:30.864 [Test worker] DEBUG org.hibernate.boot.internal.ClassLoaderAccessImpl - No temp ClassLoader provided; using live ClassLoader for loading potentially unsafe class : com.epam.esm.entity.Role
17:03:30.865 [Test worker] DEBUG org.hibernate.secure.spi.JaccIntegrator - Skipping JACC integration as it was not enabled
17:03:30.865 [Test worker] DEBUG org.hibernate.internal.SessionFactoryImpl - Instantiated session factory
17:03:30.865 [Test worker] DEBUG org.hibernate.type.spi.TypeConfiguration$Scope - Scoping TypeConfiguration [org.hibernate.type.spi.TypeConfiguration@1f800bd6] to SessionFactoryImpl [org.hibernate.internal.SessionFactoryImpl@266e9548]
17:03:30.866 [Test worker] DEBUG org.hibernate.boot.internal.ClassLoaderAccessImpl - Not known whether passed class name [com.epam.esm.entity.Order] is safe
17:03:30.866 [Test worker] DEBUG org.hibernate.boot.internal.ClassLoaderAccessImpl - No temp ClassLoader provided; using live ClassLoader for loading potentially unsafe class : com.epam.esm.entity.Order
17:03:30.866 [Test worker] DEBUG org.hibernate.boot.internal.ClassLoaderAccessImpl - Not known whether passed class name [com.epam.esm.entity.Order] is safe
17:03:30.866 [Test worker] DEBUG org.hibernate.boot.internal.ClassLoaderAccessImpl - No temp ClassLoader provided; using live ClassLoader for loading potentially unsafe class : com.epam.esm.entity.Order
17:03:30.875 [Test worker] DEBUG org.hibernate.boot.internal.ClassLoaderAccessImpl - Not known whether passed class name [com.epam.esm.entity.GiftCertificate] is safe
17:03:30.875 [Test worker] DEBUG org.hibernate.boot.internal.ClassLoaderAccessImpl - No temp ClassLoader provided; using live ClassLoader for loading potentially unsafe class : com.epam.esm.entity.GiftCertificate
17:03:30.876 [Test worker] DEBUG org.hibernate.boot.internal.ClassLoaderAccessImpl - Not known whether passed class name [com.epam.esm.entity.GiftCertificate] is safe
17:03:30.876 [Test worker] DEBUG org.hibernate.boot.internal.ClassLoaderAccessImpl - No temp ClassLoader provided; using live ClassLoader for loading potentially unsafe class : com.epam.esm.entity.GiftCertificate
17:03:30.887 [Test worker] DEBUG org.hibernate.boot.internal.ClassLoaderAccessImpl - Not known whether passed class name [com.epam.esm.entity.User] is safe
17:03:30.887 [Test worker] DEBUG org.hibernate.boot.internal.ClassLoaderAccessImpl - No temp ClassLoader provided; using live ClassLoader for loading potentially unsafe class : com.epam.esm.entity.User
17:03:30.888 [Test worker] DEBUG org.hibernate.boot.internal.ClassLoaderAccessImpl - Not known whether passed class name [com.epam.esm.entity.User] is safe
17:03:30.888 [Test worker] DEBUG org.hibernate.boot.internal.ClassLoaderAccessImpl - No temp ClassLoader provided; using live ClassLoader for loading potentially unsafe class : com.epam.esm.entity.User
17:03:30.892 [HikariPool-6 housekeeper] DEBUG com.zaxxer.hikari.pool.HikariPool - HikariPool-6 - Pool stats (total=1, active=0, idle=1, waiting=0)
17:03:30.893 [HikariPool-6 connection adder] DEBUG com.zaxxer.hikari.pool.HikariPool - HikariPool-6 - Added connection conn51: url=jdbc:h2:mem:testdb user=SA
17:03:30.894 [HikariPool-6 connection adder] DEBUG com.zaxxer.hikari.pool.HikariPool - HikariPool-6 - Added connection conn52: url=jdbc:h2:mem:testdb user=SA
17:03:30.895 [HikariPool-6 connection adder] DEBUG com.zaxxer.hikari.pool.HikariPool - HikariPool-6 - Added connection conn53: url=jdbc:h2:mem:testdb user=SA
17:03:30.895 [HikariPool-6 connection adder] DEBUG com.zaxxer.hikari.pool.HikariPool - HikariPool-6 - Added connection conn54: url=jdbc:h2:mem:testdb user=SA
17:03:30.896 [HikariPool-6 connection adder] DEBUG com.zaxxer.hikari.pool.HikariPool - HikariPool-6 - Added connection conn55: url=jdbc:h2:mem:testdb user=SA
17:03:30.896 [HikariPool-6 connection adder] DEBUG com.zaxxer.hikari.pool.HikariPool - HikariPool-6 - Added connection conn56: url=jdbc:h2:mem:testdb user=SA
17:03:30.896 [HikariPool-6 connection adder] DEBUG com.zaxxer.hikari.pool.HikariPool - HikariPool-6 - Added connection conn57: url=jdbc:h2:mem:testdb user=SA
17:03:30.897 [Test worker] DEBUG org.hibernate.boot.internal.ClassLoaderAccessImpl - Not known whether passed class name [com.epam.esm.entity.Entity] is safe
17:03:30.897 [Test worker] DEBUG org.hibernate.boot.internal.ClassLoaderAccessImpl - No temp ClassLoader provided; using live ClassLoader for loading potentially unsafe class : com.epam.esm.entity.Entity
17:03:30.897 [Test worker] DEBUG org.hibernate.boot.internal.ClassLoaderAccessImpl - Not known whether passed class name [com.epam.esm.entity.Entity] is safe
17:03:30.897 [Test worker] DEBUG org.hibernate.boot.internal.ClassLoaderAccessImpl - No temp ClassLoader provided; using live ClassLoader for loading potentially unsafe class : com.epam.esm.entity.Entity
17:03:30.897 [HikariPool-6 connection adder] DEBUG com.zaxxer.hikari.pool.HikariPool - HikariPool-6 - Added connection conn58: url=jdbc:h2:mem:testdb user=SA
17:03:30.898 [HikariPool-6 connection adder] DEBUG com.zaxxer.hikari.pool.HikariPool - HikariPool-6 - Added connection conn59: url=jdbc:h2:mem:testdb user=SA
17:03:30.898 [HikariPool-6 connection adder] DEBUG com.zaxxer.hikari.pool.HikariPool - HikariPool-6 - After adding stats (total=10, active=0, idle=10, waiting=0)
17:03:30.903 [Test worker] DEBUG org.hibernate.boot.internal.ClassLoaderAccessImpl - Not known whether passed class name [com.epam.esm.entity.Tag] is safe
17:03:30.903 [Test worker] DEBUG org.hibernate.boot.internal.ClassLoaderAccessImpl - No temp ClassLoader provided; using live ClassLoader for loading potentially unsafe class : com.epam.esm.entity.Tag
17:03:30.903 [Test worker] DEBUG org.hibernate.boot.internal.ClassLoaderAccessImpl - Not known whether passed class name [com.epam.esm.entity.Tag] is safe
17:03:30.903 [Test worker] DEBUG org.hibernate.boot.internal.ClassLoaderAccessImpl - No temp ClassLoader provided; using live ClassLoader for loading potentially unsafe class : com.epam.esm.entity.Tag
17:03:30.908 [Test worker] DEBUG org.hibernate.boot.internal.ClassLoaderAccessImpl - Not known whether passed class name [com.epam.esm.entity.OrderCertificate] is safe
17:03:30.908 [Test worker] DEBUG org.hibernate.boot.internal.ClassLoaderAccessImpl - No temp ClassLoader provided; using live ClassLoader for loading potentially unsafe class : com.epam.esm.entity.OrderCertificate
17:03:30.908 [Test worker] DEBUG org.hibernate.boot.internal.ClassLoaderAccessImpl - Not known whether passed class name [com.epam.esm.entity.OrderCertificate] is safe
17:03:30.908 [Test worker] DEBUG org.hibernate.boot.internal.ClassLoaderAccessImpl - No temp ClassLoader provided; using live ClassLoader for loading potentially unsafe class : com.epam.esm.entity.OrderCertificate
17:03:30.916 [Test worker] DEBUG org.hibernate.boot.internal.ClassLoaderAccessImpl - Not known whether passed class name [com.epam.esm.entity.Role] is safe
17:03:30.916 [Test worker] DEBUG org.hibernate.boot.internal.ClassLoaderAccessImpl - No temp ClassLoader provided; using live ClassLoader for loading potentially unsafe class : com.epam.esm.entity.Role
17:03:30.916 [Test worker] DEBUG org.hibernate.boot.internal.ClassLoaderAccessImpl - Not known whether passed class name [com.epam.esm.entity.Role] is safe
17:03:30.916 [Test worker] DEBUG org.hibernate.boot.internal.ClassLoaderAccessImpl - No temp ClassLoader provided; using live ClassLoader for loading potentially unsafe class : com.epam.esm.entity.Role
17:03:30.923 [Test worker] DEBUG org.hibernate.persister.collection.AbstractCollectionPersister - Static SQL for collection: com.epam.esm.entity.GiftCertificate.tags
17:03:30.923 [Test worker] DEBUG org.hibernate.persister.collection.AbstractCollectionPersister -  Row insert: insert into certificate_tag (certificate_id, tag_id) values (?, ?)
17:03:30.923 [Test worker] DEBUG org.hibernate.persister.collection.AbstractCollectionPersister -  Row update: update certificate_tag set tag_id=? where certificate_id=? and tag_id=?
17:03:30.923 [Test worker] DEBUG org.hibernate.persister.collection.AbstractCollectionPersister -  Row delete: delete from certificate_tag where certificate_id=? and tag_id=?
17:03:30.923 [Test worker] DEBUG org.hibernate.persister.collection.AbstractCollectionPersister -  One-shot delete: delete from certificate_tag where certificate_id=?
17:03:30.923 [Test worker] DEBUG org.hibernate.persister.collection.AbstractCollectionPersister - Static SQL for collection: com.epam.esm.entity.Order.orderCertificates
17:03:30.923 [Test worker] DEBUG org.hibernate.persister.collection.AbstractCollectionPersister -  Row insert: update order_certificate set order_id=? where id=?
17:03:30.923 [Test worker] DEBUG org.hibernate.persister.collection.AbstractCollectionPersister -  Row update: update order_certificate set  where id=?
17:03:30.923 [Test worker] DEBUG org.hibernate.persister.collection.AbstractCollectionPersister -  Row delete: update order_certificate set order_id=null where order_id=? and id=?
17:03:30.923 [Test worker] DEBUG org.hibernate.persister.collection.AbstractCollectionPersister -  One-shot delete: update order_certificate set order_id=null where order_id=?
17:03:30.924 [Test worker] DEBUG org.hibernate.persister.collection.AbstractCollectionPersister - Static SQL for collection: com.epam.esm.entity.GiftCertificate.orderCertificates
17:03:30.924 [Test worker] DEBUG org.hibernate.persister.collection.AbstractCollectionPersister -  Row insert: update order_certificate set certificate_id=? where id=?
17:03:30.924 [Test worker] DEBUG org.hibernate.persister.collection.AbstractCollectionPersister -  Row update: update order_certificate set  where id=?
17:03:30.924 [Test worker] DEBUG org.hibernate.persister.collection.AbstractCollectionPersister -  Row delete: update order_certificate set certificate_id=null where certificate_id=? and id=?
17:03:30.924 [Test worker] DEBUG org.hibernate.persister.collection.AbstractCollectionPersister -  One-shot delete: update order_certificate set certificate_id=null where certificate_id=?
17:03:30.924 [Test worker] DEBUG org.hibernate.persister.collection.AbstractCollectionPersister - Static SQL for collection: com.epam.esm.entity.User.orders
17:03:30.924 [Test worker] DEBUG org.hibernate.persister.collection.AbstractCollectionPersister -  Row insert: update application_order set user_id=? where id=?
17:03:30.924 [Test worker] DEBUG org.hibernate.persister.collection.AbstractCollectionPersister -  Row update: update application_order set  where id=?
17:03:30.924 [Test worker] DEBUG org.hibernate.persister.collection.AbstractCollectionPersister -  Row delete: update application_order set user_id=null where user_id=? and id=?
17:03:30.924 [Test worker] DEBUG org.hibernate.persister.collection.AbstractCollectionPersister -  One-shot delete: update application_order set user_id=null where user_id=?
17:03:30.924 [Test worker] DEBUG org.hibernate.persister.entity.AbstractEntityPersister - Static SQL for entity: com.epam.esm.entity.Order
17:03:30.924 [Test worker] DEBUG org.hibernate.persister.entity.AbstractEntityPersister -  Version select: select id from application_order where id =?
17:03:30.924 [Test worker] DEBUG org.hibernate.persister.entity.AbstractEntityPersister -  Snapshot select: select order_.id, order_.active_status as active_s2_0_, order_.created_at as created_3_0_, order_.user_id as user_id4_0_ from application_order order_ where order_.id=?
17:03:30.924 [Test worker] DEBUG org.hibernate.persister.entity.AbstractEntityPersister -  Insert 0: insert into application_order (active_status, created_at, user_id, id) values (?, ?, ?, ?)
17:03:30.924 [Test worker] DEBUG org.hibernate.persister.entity.AbstractEntityPersister -  Update 0: update application_order set active_status=?, created_at=?, user_id=? where id=?
17:03:30.924 [Test worker] DEBUG org.hibernate.persister.entity.AbstractEntityPersister -  Delete 0: delete from application_order where id=?
17:03:30.924 [Test worker] DEBUG org.hibernate.persister.entity.AbstractEntityPersister -  Identity insert: insert into application_order (id, active_status, created_at, user_id) values (null, ?, ?, ?)
17:03:30.924 [Test worker] DEBUG org.hibernate.loader.plan.build.internal.spaces.QuerySpacesImpl - Adding QuerySpace : uid = <gen:0> -> org.hibernate.loader.plan.build.internal.spaces.EntityQuerySpaceImpl@382c1ebb]
17:03:30.925 [Test worker] DEBUG org.hibernate.persister.walking.spi.MetamodelGraphWalker - Visiting attribute path : activeStatus
17:03:30.925 [Test worker] DEBUG org.hibernate.persister.walking.spi.MetamodelGraphWalker - Visiting attribute path : createdAt
17:03:30.925 [Test worker] DEBUG org.hibernate.persister.walking.spi.MetamodelGraphWalker - Visiting attribute path : orderCertificates
17:03:30.925 [Test worker] DEBUG org.hibernate.loader.plan.build.internal.spaces.QuerySpacesImpl - Adding QuerySpace : uid = <gen:1> -> org.hibernate.loader.plan.build.internal.spaces.CollectionQuerySpaceImpl@679e0f3b]
17:03:30.925 [Test worker] DEBUG org.hibernate.loader.plan.build.internal.spaces.QuerySpacesImpl - Adding QuerySpace : uid = <gen:2> -> org.hibernate.loader.plan.build.internal.spaces.EntityQuerySpaceImpl@40990b9f]
17:03:30.925 [Test worker] DEBUG org.hibernate.persister.walking.spi.MetamodelGraphWalker - Visiting attribute path : user
17:03:30.925 [Test worker] DEBUG org.hibernate.loader.plan.build.internal.spaces.QuerySpacesImpl - Adding QuerySpace : uid = <gen:3> -> org.hibernate.loader.plan.build.internal.spaces.EntityQuerySpaceImpl@18980cf1]
17:03:30.925 [Test worker] DEBUG org.hibernate.persister.walking.spi.MetamodelGraphWalker - Visiting attribute path : user.email
17:03:30.925 [Test worker] DEBUG org.hibernate.persister.walking.spi.MetamodelGraphWalker - Visiting attribute path : user.orders
17:03:30.925 [Test worker] DEBUG org.hibernate.persister.walking.spi.MetamodelGraphWalker - Property path deemed to be circular : user.orders
17:03:30.925 [Test worker] DEBUG org.hibernate.persister.walking.spi.MetamodelGraphWalker - Visiting attribute path : user.password
17:03:30.925 [Test worker] DEBUG org.hibernate.persister.walking.spi.MetamodelGraphWalker - Visiting attribute path : user.refreshToken
17:03:30.925 [Test worker] DEBUG org.hibernate.persister.walking.spi.MetamodelGraphWalker - Visiting attribute path : user.role
17:03:30.925 [Test worker] DEBUG org.hibernate.loader.plan.build.internal.spaces.QuerySpacesImpl - Adding QuerySpace : uid = <gen:4> -> org.hibernate.loader.plan.build.internal.spaces.EntityQuerySpaceImpl@49daeca4]
17:03:30.925 [Test worker] DEBUG org.hibernate.persister.walking.spi.MetamodelGraphWalker - Visiting attribute path : user.role.value
17:03:30.925 [Test worker] DEBUG org.hibernate.loader.plan.build.internal.FetchStyleLoadPlanBuildingAssociationVisitationStrategy - Building LoadPlan...
17:03:30.926 [Test worker] DEBUG org.hibernate.loader.plan.exec.internal.LoadQueryJoinAndFetchProcessor - processing queryspace <gen:0>
17:03:30.926 [Test worker] DEBUG org.hibernate.loader.plan.build.spi.LoadPlanTreePrinter - LoadPlan(entity=com.epam.esm.entity.Order)
    - Returns
       - EntityReturnImpl(entity=com.epam.esm.entity.Order, querySpaceUid=<gen:0>, path=com.epam.esm.entity.Order)
          - CollectionAttributeFetchImpl(collection=com.epam.esm.entity.Order.orderCertificates, querySpaceUid=<gen:1>, path=com.epam.esm.entity.Order.orderCertificates)
             - (collection element) CollectionFetchableElementEntityGraph(entity=com.epam.esm.entity.OrderCertificate, querySpaceUid=<gen:2>, path=com.epam.esm.entity.Order.orderCertificates.<elements>)
          - EntityAttributeFetchImpl(entity=com.epam.esm.entity.User, querySpaceUid=<gen:3>, path=com.epam.esm.entity.Order.user)
             - EntityAttributeFetchImpl(entity=com.epam.esm.entity.Role, querySpaceUid=<gen:4>, path=com.epam.esm.entity.Order.user.role)
    - QuerySpaces
       - EntityQuerySpaceImpl(uid=<gen:0>, entity=com.epam.esm.entity.Order)
          - SQL table alias mapping - order0_
          - alias suffix - 0_
          - suffixed key columns - {id1_0_0_}
          - JOIN (JoinDefinedByMetadata(user)) : <gen:0> -> <gen:3>
             - EntityQuerySpaceImpl(uid=<gen:3>, entity=com.epam.esm.entity.User)
                - SQL table alias mapping - user1_
                - alias suffix - 1_
                - suffixed key columns - {id1_2_1_}
                - JOIN (JoinDefinedByMetadata(role)) : <gen:3> -> <gen:4>
                   - EntityQuerySpaceImpl(uid=<gen:4>, entity=com.epam.esm.entity.Role)
                      - SQL table alias mapping - role2_
                      - alias suffix - 2_
                      - suffixed key columns - {id1_1_2_}

17:03:30.926 [Test worker] DEBUG org.hibernate.loader.entity.plan.EntityLoader - Static select for entity com.epam.esm.entity.Order [NONE]: select order0_.id as id1_0_0_, order0_.active_status as active_s2_0_0_, order0_.created_at as created_3_0_0_, order0_.user_id as user_id4_0_0_, user1_.id as id1_2_1_, user1_.email as email2_2_1_, user1_.password as password3_2_1_, user1_.refresh_token as refresh_4_2_1_, user1_.role_id as role_id5_2_1_, role2_.id as id1_1_2_, role2_.value as value2_1_2_ from application_order order0_ left outer join application_user user1_ on order0_.user_id=user1_.id left outer join application_role role2_ on user1_.role_id=role2_.id where order0_.id=?
17:03:30.926 [Test worker] DEBUG org.hibernate.loader.plan.build.internal.spaces.QuerySpacesImpl - Adding QuerySpace : uid = <gen:0> -> org.hibernate.loader.plan.build.internal.spaces.EntityQuerySpaceImpl@1930a0a4]
17:03:30.926 [Test worker] DEBUG org.hibernate.persister.walking.spi.MetamodelGraphWalker - Visiting attribute path : activeStatus
17:03:30.926 [Test worker] DEBUG org.hibernate.persister.walking.spi.MetamodelGraphWalker - Visiting attribute path : createdAt
17:03:30.926 [Test worker] DEBUG org.hibernate.persister.walking.spi.MetamodelGraphWalker - Visiting attribute path : orderCertificates
17:03:30.926 [Test worker] DEBUG org.hibernate.loader.plan.build.internal.spaces.QuerySpacesImpl - Adding QuerySpace : uid = <gen:1> -> org.hibernate.loader.plan.build.internal.spaces.CollectionQuerySpaceImpl@f0f7bfd]
17:03:30.927 [Test worker] DEBUG org.hibernate.loader.plan.build.internal.spaces.QuerySpacesImpl - Adding QuerySpace : uid = <gen:2> -> org.hibernate.loader.plan.build.internal.spaces.EntityQuerySpaceImpl@707839b4]
17:03:30.927 [Test worker] DEBUG org.hibernate.persister.walking.spi.MetamodelGraphWalker - Visiting attribute path : user
17:03:30.927 [Test worker] DEBUG org.hibernate.loader.plan.build.internal.spaces.QuerySpacesImpl - Adding QuerySpace : uid = <gen:3> -> org.hibernate.loader.plan.build.internal.spaces.EntityQuerySpaceImpl@6cd1929f]
17:03:30.927 [Test worker] DEBUG org.hibernate.persister.walking.spi.MetamodelGraphWalker - Visiting attribute path : user.email
17:03:30.927 [Test worker] DEBUG org.hibernate.persister.walking.spi.MetamodelGraphWalker - Visiting attribute path : user.orders
17:03:30.927 [Test worker] DEBUG org.hibernate.persister.walking.spi.MetamodelGraphWalker - Property path deemed to be circular : user.orders
17:03:30.927 [Test worker] DEBUG org.hibernate.persister.walking.spi.MetamodelGraphWalker - Visiting attribute path : user.password
17:03:30.927 [Test worker] DEBUG org.hibernate.persister.walking.spi.MetamodelGraphWalker - Visiting attribute path : user.refreshToken
17:03:30.927 [Test worker] DEBUG org.hibernate.persister.walking.spi.MetamodelGraphWalker - Visiting attribute path : user.role
17:03:30.927 [Test worker] DEBUG org.hibernate.loader.plan.build.internal.spaces.QuerySpacesImpl - Adding QuerySpace : uid = <gen:4> -> org.hibernate.loader.plan.build.internal.spaces.EntityQuerySpaceImpl@796fac78]
17:03:30.927 [Test worker] DEBUG org.hibernate.persister.walking.spi.MetamodelGraphWalker - Visiting attribute path : user.role.value
17:03:30.927 [Test worker] DEBUG org.hibernate.loader.plan.build.internal.FetchStyleLoadPlanBuildingAssociationVisitationStrategy - Building LoadPlan...
17:03:30.927 [Test worker] DEBUG org.hibernate.loader.plan.exec.internal.LoadQueryJoinAndFetchProcessor - processing queryspace <gen:0>
17:03:30.928 [Test worker] DEBUG org.hibernate.loader.plan.build.spi.LoadPlanTreePrinter - LoadPlan(entity=com.epam.esm.entity.Order)
    - Returns
       - EntityReturnImpl(entity=com.epam.esm.entity.Order, querySpaceUid=<gen:0>, path=com.epam.esm.entity.Order)
          - CollectionAttributeFetchImpl(collection=com.epam.esm.entity.Order.orderCertificates, querySpaceUid=<gen:1>, path=com.epam.esm.entity.Order.orderCertificates)
             - (collection element) CollectionFetchableElementEntityGraph(entity=com.epam.esm.entity.OrderCertificate, querySpaceUid=<gen:2>, path=com.epam.esm.entity.Order.orderCertificates.<elements>)
          - EntityAttributeFetchImpl(entity=com.epam.esm.entity.User, querySpaceUid=<gen:3>, path=com.epam.esm.entity.Order.user)
             - EntityAttributeFetchImpl(entity=com.epam.esm.entity.Role, querySpaceUid=<gen:4>, path=com.epam.esm.entity.Order.user.role)
    - QuerySpaces
       - EntityQuerySpaceImpl(uid=<gen:0>, entity=com.epam.esm.entity.Order)
          - SQL table alias mapping - order0_
          - alias suffix - 0_
          - suffixed key columns - {id1_0_0_}
          - JOIN (JoinDefinedByMetadata(user)) : <gen:0> -> <gen:3>
             - EntityQuerySpaceImpl(uid=<gen:3>, entity=com.epam.esm.entity.User)
                - SQL table alias mapping - user1_
                - alias suffix - 1_
                - suffixed key columns - {id1_2_1_}
                - JOIN (JoinDefinedByMetadata(role)) : <gen:3> -> <gen:4>
                   - EntityQuerySpaceImpl(uid=<gen:4>, entity=com.epam.esm.entity.Role)
                      - SQL table alias mapping - role2_
                      - alias suffix - 2_
                      - suffixed key columns - {id1_1_2_}

17:03:30.928 [Test worker] DEBUG org.hibernate.loader.entity.plan.EntityLoader - Static select for entity com.epam.esm.entity.Order [READ]: select order0_.id as id1_0_0_, order0_.active_status as active_s2_0_0_, order0_.created_at as created_3_0_0_, order0_.user_id as user_id4_0_0_, user1_.id as id1_2_1_, user1_.email as email2_2_1_, user1_.password as password3_2_1_, user1_.refresh_token as refresh_4_2_1_, user1_.role_id as role_id5_2_1_, role2_.id as id1_1_2_, role2_.value as value2_1_2_ from application_order order0_ left outer join application_user user1_ on order0_.user_id=user1_.id left outer join application_role role2_ on user1_.role_id=role2_.id where order0_.id=?
17:03:30.929 [Test worker] DEBUG org.hibernate.loader.Loader - Static select for action ACTION_MERGE on entity com.epam.esm.entity.Order: select order0_.id as id1_0_0_, order0_.active_status as active_s2_0_0_, order0_.created_at as created_3_0_0_, order0_.user_id as user_id4_0_0_ from application_order order0_ where order0_.id=?
17:03:30.929 [Test worker] DEBUG org.hibernate.loader.Loader - Static select for action ACTION_REFRESH on entity com.epam.esm.entity.Order: select order0_.id as id1_0_0_, order0_.active_status as active_s2_0_0_, order0_.created_at as created_3_0_0_, order0_.user_id as user_id4_0_0_ from application_order order0_ where order0_.id=?
17:03:30.929 [Test worker] DEBUG org.hibernate.persister.entity.AbstractEntityPersister - Static SQL for entity: com.epam.esm.entity.GiftCertificate
17:03:30.929 [Test worker] DEBUG org.hibernate.persister.entity.AbstractEntityPersister -  Version select: select id from certificate where id =?
17:03:30.929 [Test worker] DEBUG org.hibernate.persister.entity.AbstractEntityPersister -  Snapshot select: select giftcertif_.id, giftcertif_.active_status as active_s2_3_, giftcertif_.creation_date as creation3_3_, giftcertif_.description as descript4_3_, giftcertif_.expiration_date as expirati5_3_, giftcertif_.modification_date as modifica6_3_, giftcertif_.name as name7_3_, giftcertif_.price as price8_3_ from certificate giftcertif_ where giftcertif_.id=?
17:03:30.929 [Test worker] DEBUG org.hibernate.persister.entity.AbstractEntityPersister -  Insert 0: insert into certificate (active_status, creation_date, description, expiration_date, modification_date, name, price, id) values (?, ?, ?, ?, ?, ?, ?, ?)
17:03:30.929 [Test worker] DEBUG org.hibernate.persister.entity.AbstractEntityPersister -  Update 0: update certificate set active_status=?, creation_date=?, description=?, expiration_date=?, modification_date=?, name=?, price=? where id=?
17:03:30.930 [Test worker] DEBUG org.hibernate.persister.entity.AbstractEntityPersister -  Delete 0: delete from certificate where id=?
17:03:30.930 [Test worker] DEBUG org.hibernate.persister.entity.AbstractEntityPersister -  Identity insert: insert into certificate (id, active_status, creation_date, description, expiration_date, modification_date, name, price) values (null, ?, ?, ?, ?, ?, ?, ?)
17:03:30.930 [Test worker] DEBUG org.hibernate.loader.plan.build.internal.spaces.QuerySpacesImpl - Adding QuerySpace : uid = <gen:0> -> org.hibernate.loader.plan.build.internal.spaces.EntityQuerySpaceImpl@284ea990]
17:03:30.930 [Test worker] DEBUG org.hibernate.persister.walking.spi.MetamodelGraphWalker - Visiting attribute path : activeStatus
17:03:30.930 [Test worker] DEBUG org.hibernate.persister.walking.spi.MetamodelGraphWalker - Visiting attribute path : creationDate
17:03:30.930 [Test worker] DEBUG org.hibernate.persister.walking.spi.MetamodelGraphWalker - Visiting attribute path : description
17:03:30.930 [Test worker] DEBUG org.hibernate.persister.walking.spi.MetamodelGraphWalker - Visiting attribute path : expirationDate
17:03:30.930 [Test worker] DEBUG org.hibernate.persister.walking.spi.MetamodelGraphWalker - Visiting attribute path : modificationDate
17:03:30.930 [Test worker] DEBUG org.hibernate.persister.walking.spi.MetamodelGraphWalker - Visiting attribute path : name
17:03:30.930 [Test worker] DEBUG org.hibernate.persister.walking.spi.MetamodelGraphWalker - Visiting attribute path : orderCertificates
17:03:30.930 [Test worker] DEBUG org.hibernate.loader.plan.build.internal.spaces.QuerySpacesImpl - Adding QuerySpace : uid = <gen:1> -> org.hibernate.loader.plan.build.internal.spaces.CollectionQuerySpaceImpl@7e2a6b70]
17:03:30.931 [Test worker] DEBUG org.hibernate.loader.plan.build.internal.spaces.QuerySpacesImpl - Adding QuerySpace : uid = <gen:2> -> org.hibernate.loader.plan.build.internal.spaces.EntityQuerySpaceImpl@6aaebb82]
17:03:30.931 [Test worker] DEBUG org.hibernate.persister.walking.spi.MetamodelGraphWalker - Visiting attribute path : price
17:03:30.931 [Test worker] DEBUG org.hibernate.persister.walking.spi.MetamodelGraphWalker - Visiting attribute path : tags
17:03:30.931 [Test worker] DEBUG org.hibernate.loader.plan.build.internal.spaces.QuerySpacesImpl - Adding QuerySpace : uid = <gen:3> -> org.hibernate.loader.plan.build.internal.spaces.CollectionQuerySpaceImpl@37719d6e]
17:03:30.931 [Test worker] DEBUG org.hibernate.loader.plan.build.internal.spaces.QuerySpacesImpl - Adding QuerySpace : uid = <gen:4> -> org.hibernate.loader.plan.build.internal.spaces.EntityQuerySpaceImpl@5d188ca4]
17:03:30.931 [Test worker] DEBUG org.hibernate.loader.plan.build.internal.FetchStyleLoadPlanBuildingAssociationVisitationStrategy - Building LoadPlan...
17:03:30.932 [Test worker] DEBUG org.hibernate.loader.plan.exec.internal.LoadQueryJoinAndFetchProcessor - processing queryspace <gen:0>
17:03:30.932 [Test worker] DEBUG org.hibernate.loader.plan.build.spi.LoadPlanTreePrinter - LoadPlan(entity=com.epam.esm.entity.GiftCertificate)
    - Returns
       - EntityReturnImpl(entity=com.epam.esm.entity.GiftCertificate, querySpaceUid=<gen:0>, path=com.epam.esm.entity.GiftCertificate)
          - CollectionAttributeFetchImpl(collection=com.epam.esm.entity.GiftCertificate.orderCertificates, querySpaceUid=<gen:1>, path=com.epam.esm.entity.GiftCertificate.orderCertificates)
             - (collection element) CollectionFetchableElementEntityGraph(entity=com.epam.esm.entity.OrderCertificate, querySpaceUid=<gen:2>, path=com.epam.esm.entity.GiftCertificate.orderCertificates.<elements>)
          - CollectionAttributeFetchImpl(collection=com.epam.esm.entity.GiftCertificate.tags, querySpaceUid=<gen:3>, path=com.epam.esm.entity.GiftCertificate.tags)
             - (collection element) CollectionFetchableElementEntityGraph(entity=com.epam.esm.entity.Tag, querySpaceUid=<gen:4>, path=com.epam.esm.entity.GiftCertificate.tags.<elements>)
    - QuerySpaces
       - EntityQuerySpaceImpl(uid=<gen:0>, entity=com.epam.esm.entity.GiftCertificate)
          - SQL table alias mapping - giftcertif0_
          - alias suffix - 0_
          - suffixed key columns - {id1_3_0_}

17:03:30.932 [Test worker] DEBUG org.hibernate.loader.entity.plan.EntityLoader - Static select for entity com.epam.esm.entity.GiftCertificate [NONE]: select giftcertif0_.id as id1_3_0_, giftcertif0_.active_status as active_s2_3_0_, giftcertif0_.creation_date as creation3_3_0_, giftcertif0_.description as descript4_3_0_, giftcertif0_.expiration_date as expirati5_3_0_, giftcertif0_.modification_date as modifica6_3_0_, giftcertif0_.name as name7_3_0_, giftcertif0_.price as price8_3_0_ from certificate giftcertif0_ where giftcertif0_.id=?
17:03:30.932 [Test worker] DEBUG org.hibernate.loader.plan.build.internal.spaces.QuerySpacesImpl - Adding QuerySpace : uid = <gen:0> -> org.hibernate.loader.plan.build.internal.spaces.EntityQuerySpaceImpl@70440d9c]
17:03:30.932 [Test worker] DEBUG org.hibernate.persister.walking.spi.MetamodelGraphWalker - Visiting attribute path : activeStatus
17:03:30.932 [Test worker] DEBUG org.hibernate.persister.walking.spi.MetamodelGraphWalker - Visiting attribute path : creationDate
17:03:30.932 [Test worker] DEBUG org.hibernate.persister.walking.spi.MetamodelGraphWalker - Visiting attribute path : description
17:03:30.932 [Test worker] DEBUG org.hibernate.persister.walking.spi.MetamodelGraphWalker - Visiting attribute path : expirationDate
17:03:30.932 [Test worker] DEBUG org.hibernate.persister.walking.spi.MetamodelGraphWalker - Visiting attribute path : modificationDate
17:03:30.932 [Test worker] DEBUG org.hibernate.persister.walking.spi.MetamodelGraphWalker - Visiting attribute path : name
17:03:30.932 [Test worker] DEBUG org.hibernate.persister.walking.spi.MetamodelGraphWalker - Visiting attribute path : orderCertificates
17:03:30.933 [Test worker] DEBUG org.hibernate.loader.plan.build.internal.spaces.QuerySpacesImpl - Adding QuerySpace : uid = <gen:1> -> org.hibernate.loader.plan.build.internal.spaces.CollectionQuerySpaceImpl@5488a0db]
17:03:30.933 [Test worker] DEBUG org.hibernate.loader.plan.build.internal.spaces.QuerySpacesImpl - Adding QuerySpace : uid = <gen:2> -> org.hibernate.loader.plan.build.internal.spaces.EntityQuerySpaceImpl@4dec6b42]
17:03:30.933 [Test worker] DEBUG org.hibernate.persister.walking.spi.MetamodelGraphWalker - Visiting attribute path : price
17:03:30.933 [Test worker] DEBUG org.hibernate.persister.walking.spi.MetamodelGraphWalker - Visiting attribute path : tags
17:03:30.933 [Test worker] DEBUG org.hibernate.loader.plan.build.internal.spaces.QuerySpacesImpl - Adding QuerySpace : uid = <gen:3> -> org.hibernate.loader.plan.build.internal.spaces.CollectionQuerySpaceImpl@1d14b78e]
17:03:30.933 [Test worker] DEBUG org.hibernate.loader.plan.build.internal.spaces.QuerySpacesImpl - Adding QuerySpace : uid = <gen:4> -> org.hibernate.loader.plan.build.internal.spaces.EntityQuerySpaceImpl@3cc9eab3]
17:03:30.933 [Test worker] DEBUG org.hibernate.loader.plan.build.internal.FetchStyleLoadPlanBuildingAssociationVisitationStrategy - Building LoadPlan...
17:03:30.933 [Test worker] DEBUG org.hibernate.loader.plan.exec.internal.LoadQueryJoinAndFetchProcessor - processing queryspace <gen:0>
17:03:30.934 [Test worker] DEBUG org.hibernate.loader.plan.build.spi.LoadPlanTreePrinter - LoadPlan(entity=com.epam.esm.entity.GiftCertificate)
    - Returns
       - EntityReturnImpl(entity=com.epam.esm.entity.GiftCertificate, querySpaceUid=<gen:0>, path=com.epam.esm.entity.GiftCertificate)
          - CollectionAttributeFetchImpl(collection=com.epam.esm.entity.GiftCertificate.orderCertificates, querySpaceUid=<gen:1>, path=com.epam.esm.entity.GiftCertificate.orderCertificates)
             - (collection element) CollectionFetchableElementEntityGraph(entity=com.epam.esm.entity.OrderCertificate, querySpaceUid=<gen:2>, path=com.epam.esm.entity.GiftCertificate.orderCertificates.<elements>)
          - CollectionAttributeFetchImpl(collection=com.epam.esm.entity.GiftCertificate.tags, querySpaceUid=<gen:3>, path=com.epam.esm.entity.GiftCertificate.tags)
             - (collection element) CollectionFetchableElementEntityGraph(entity=com.epam.esm.entity.Tag, querySpaceUid=<gen:4>, path=com.epam.esm.entity.GiftCertificate.tags.<elements>)
    - QuerySpaces
       - EntityQuerySpaceImpl(uid=<gen:0>, entity=com.epam.esm.entity.GiftCertificate)
          - SQL table alias mapping - giftcertif0_
          - alias suffix - 0_
          - suffixed key columns - {id1_3_0_}

17:03:30.934 [Test worker] DEBUG org.hibernate.loader.entity.plan.EntityLoader - Static select for entity com.epam.esm.entity.GiftCertificate [READ]: select giftcertif0_.id as id1_3_0_, giftcertif0_.active_status as active_s2_3_0_, giftcertif0_.creation_date as creation3_3_0_, giftcertif0_.description as descript4_3_0_, giftcertif0_.expiration_date as expirati5_3_0_, giftcertif0_.modification_date as modifica6_3_0_, giftcertif0_.name as name7_3_0_, giftcertif0_.price as price8_3_0_ from certificate giftcertif0_ where giftcertif0_.id=?
17:03:30.934 [Test worker] DEBUG org.hibernate.loader.Loader - Static select for action ACTION_MERGE on entity com.epam.esm.entity.GiftCertificate: select giftcertif0_.id as id1_3_2_, giftcertif0_.active_status as active_s2_3_2_, giftcertif0_.creation_date as creation3_3_2_, giftcertif0_.description as descript4_3_2_, giftcertif0_.expiration_date as expirati5_3_2_, giftcertif0_.modification_date as modifica6_3_2_, giftcertif0_.name as name7_3_2_, giftcertif0_.price as price8_3_2_, ordercerti1_.certificate_id as certific4_6_4_, ordercerti1_.id as id1_6_4_, ordercerti1_.id as id1_6_0_, ordercerti1_.certificate_id as certific4_6_0_, ordercerti1_.expiration_date as expirati2_6_0_, ordercerti1_.fixed_price as fixed_pr3_6_0_, ordercerti1_.order_id as order_id5_6_0_, order2_.id as id1_0_1_, order2_.active_status as active_s2_0_1_, order2_.created_at as created_3_0_1_, order2_.user_id as user_id4_0_1_ from certificate giftcertif0_ left outer join order_certificate ordercerti1_ on giftcertif0_.id=ordercerti1_.certificate_id left outer join application_order order2_ on ordercerti1_.order_id=order2_.id where giftcertif0_.id=?
17:03:30.935 [Test worker] DEBUG org.hibernate.loader.Loader - Static select for action ACTION_REFRESH on entity com.epam.esm.entity.GiftCertificate: select giftcertif0_.id as id1_3_2_, giftcertif0_.active_status as active_s2_3_2_, giftcertif0_.creation_date as creation3_3_2_, giftcertif0_.description as descript4_3_2_, giftcertif0_.expiration_date as expirati5_3_2_, giftcertif0_.modification_date as modifica6_3_2_, giftcertif0_.name as name7_3_2_, giftcertif0_.price as price8_3_2_, ordercerti1_.certificate_id as certific4_6_4_, ordercerti1_.id as id1_6_4_, ordercerti1_.id as id1_6_0_, ordercerti1_.certificate_id as certific4_6_0_, ordercerti1_.expiration_date as expirati2_6_0_, ordercerti1_.fixed_price as fixed_pr3_6_0_, ordercerti1_.order_id as order_id5_6_0_, order2_.id as id1_0_1_, order2_.active_status as active_s2_0_1_, order2_.created_at as created_3_0_1_, order2_.user_id as user_id4_0_1_ from certificate giftcertif0_ left outer join order_certificate ordercerti1_ on giftcertif0_.id=ordercerti1_.certificate_id left outer join application_order order2_ on ordercerti1_.order_id=order2_.id where giftcertif0_.id=?
17:03:30.935 [Test worker] DEBUG org.hibernate.persister.entity.AbstractEntityPersister - Static SQL for entity: com.epam.esm.entity.User
17:03:30.935 [Test worker] DEBUG org.hibernate.persister.entity.AbstractEntityPersister -  Version select: select id from application_user where id =?
17:03:30.935 [Test worker] DEBUG org.hibernate.persister.entity.AbstractEntityPersister -  Snapshot select: select user_.id, user_.email as email2_2_, user_.password as password3_2_, user_.refresh_token as refresh_4_2_, user_.role_id as role_id5_2_ from application_user user_ where user_.id=?
17:03:30.935 [Test worker] DEBUG org.hibernate.persister.entity.AbstractEntityPersister -  Insert 0: insert into application_user (email, password, refresh_token, role_id, id) values (?, ?, ?, ?, ?)
17:03:30.935 [Test worker] DEBUG org.hibernate.persister.entity.AbstractEntityPersister -  Update 0: update application_user set email=?, password=?, refresh_token=?, role_id=? where id=?
17:03:30.935 [Test worker] DEBUG org.hibernate.persister.entity.AbstractEntityPersister -  Delete 0: delete from application_user where id=?
17:03:30.935 [Test worker] DEBUG org.hibernate.persister.entity.AbstractEntityPersister -  Identity insert: insert into application_user (id, email, password, refresh_token, role_id) values (null, ?, ?, ?, ?)
17:03:30.936 [Test worker] DEBUG org.hibernate.loader.plan.build.internal.spaces.QuerySpacesImpl - Adding QuerySpace : uid = <gen:0> -> org.hibernate.loader.plan.build.internal.spaces.EntityQuerySpaceImpl@2dd60b89]
17:03:30.936 [Test worker] DEBUG org.hibernate.persister.walking.spi.MetamodelGraphWalker - Visiting attribute path : email
17:03:30.936 [Test worker] DEBUG org.hibernate.persister.walking.spi.MetamodelGraphWalker - Visiting attribute path : orders
17:03:30.936 [Test worker] DEBUG org.hibernate.loader.plan.build.internal.spaces.QuerySpacesImpl - Adding QuerySpace : uid = <gen:1> -> org.hibernate.loader.plan.build.internal.spaces.CollectionQuerySpaceImpl@3bdebc3a]
17:03:30.936 [Test worker] DEBUG org.hibernate.loader.plan.build.internal.spaces.QuerySpacesImpl - Adding QuerySpace : uid = <gen:2> -> org.hibernate.loader.plan.build.internal.spaces.EntityQuerySpaceImpl@48b15580]
17:03:30.936 [Test worker] DEBUG org.hibernate.persister.walking.spi.MetamodelGraphWalker - Visiting attribute path : password
17:03:30.936 [Test worker] DEBUG org.hibernate.persister.walking.spi.MetamodelGraphWalker - Visiting attribute path : refreshToken
17:03:30.936 [Test worker] DEBUG org.hibernate.persister.walking.spi.MetamodelGraphWalker - Visiting attribute path : role
17:03:30.937 [Test worker] DEBUG org.hibernate.loader.plan.build.internal.spaces.QuerySpacesImpl - Adding QuerySpace : uid = <gen:3> -> org.hibernate.loader.plan.build.internal.spaces.EntityQuerySpaceImpl@55a6855c]
17:03:30.937 [Test worker] DEBUG org.hibernate.persister.walking.spi.MetamodelGraphWalker - Visiting attribute path : role.value
17:03:30.937 [Test worker] DEBUG org.hibernate.loader.plan.build.internal.FetchStyleLoadPlanBuildingAssociationVisitationStrategy - Building LoadPlan...
17:03:30.937 [Test worker] DEBUG org.hibernate.loader.plan.exec.internal.LoadQueryJoinAndFetchProcessor - processing queryspace <gen:0>
17:03:30.938 [Test worker] DEBUG org.hibernate.loader.plan.build.spi.LoadPlanTreePrinter - LoadPlan(entity=com.epam.esm.entity.User)
    - Returns
       - EntityReturnImpl(entity=com.epam.esm.entity.User, querySpaceUid=<gen:0>, path=com.epam.esm.entity.User)
          - CollectionAttributeFetchImpl(collection=com.epam.esm.entity.User.orders, querySpaceUid=<gen:1>, path=com.epam.esm.entity.User.orders)
             - (collection element) CollectionFetchableElementEntityGraph(entity=com.epam.esm.entity.Order, querySpaceUid=<gen:2>, path=com.epam.esm.entity.User.orders.<elements>)
          - EntityAttributeFetchImpl(entity=com.epam.esm.entity.Role, querySpaceUid=<gen:3>, path=com.epam.esm.entity.User.role)
    - QuerySpaces
       - EntityQuerySpaceImpl(uid=<gen:0>, entity=com.epam.esm.entity.User)
          - SQL table alias mapping - user0_
          - alias suffix - 0_
          - suffixed key columns - {id1_2_0_}
          - JOIN (JoinDefinedByMetadata(role)) : <gen:0> -> <gen:3>
             - EntityQuerySpaceImpl(uid=<gen:3>, entity=com.epam.esm.entity.Role)
                - SQL table alias mapping - role1_
                - alias suffix - 1_
                - suffixed key columns - {id1_1_1_}

17:03:30.938 [Test worker] DEBUG org.hibernate.loader.entity.plan.EntityLoader - Static select for entity com.epam.esm.entity.User [NONE]: select user0_.id as id1_2_0_, user0_.email as email2_2_0_, user0_.password as password3_2_0_, user0_.refresh_token as refresh_4_2_0_, user0_.role_id as role_id5_2_0_, role1_.id as id1_1_1_, role1_.value as value2_1_1_ from application_user user0_ left outer join application_role role1_ on user0_.role_id=role1_.id where user0_.id=?
17:03:30.938 [Test worker] DEBUG org.hibernate.loader.plan.build.internal.spaces.QuerySpacesImpl - Adding QuerySpace : uid = <gen:0> -> org.hibernate.loader.plan.build.internal.spaces.EntityQuerySpaceImpl@6e748d37]
17:03:30.939 [Test worker] DEBUG org.hibernate.persister.walking.spi.MetamodelGraphWalker - Visiting attribute path : email
17:03:30.939 [Test worker] DEBUG org.hibernate.persister.walking.spi.MetamodelGraphWalker - Visiting attribute path : orders
17:03:30.939 [Test worker] DEBUG org.hibernate.loader.plan.build.internal.spaces.QuerySpacesImpl - Adding QuerySpace : uid = <gen:1> -> org.hibernate.loader.plan.build.internal.spaces.CollectionQuerySpaceImpl@4dc62490]
17:03:30.939 [Test worker] DEBUG org.hibernate.loader.plan.build.internal.spaces.QuerySpacesImpl - Adding QuerySpace : uid = <gen:2> -> org.hibernate.loader.plan.build.internal.spaces.EntityQuerySpaceImpl@439eb91b]
17:03:30.939 [Test worker] DEBUG org.hibernate.persister.walking.spi.MetamodelGraphWalker - Visiting attribute path : password
17:03:30.939 [Test worker] DEBUG org.hibernate.persister.walking.spi.MetamodelGraphWalker - Visiting attribute path : refreshToken
17:03:30.939 [Test worker] DEBUG org.hibernate.persister.walking.spi.MetamodelGraphWalker - Visiting attribute path : role
17:03:30.939 [Test worker] DEBUG org.hibernate.loader.plan.build.internal.spaces.QuerySpacesImpl - Adding QuerySpace : uid = <gen:3> -> org.hibernate.loader.plan.build.internal.spaces.EntityQuerySpaceImpl@949896a]
17:03:30.939 [Test worker] DEBUG org.hibernate.persister.walking.spi.MetamodelGraphWalker - Visiting attribute path : role.value
17:03:30.939 [Test worker] DEBUG org.hibernate.loader.plan.build.internal.FetchStyleLoadPlanBuildingAssociationVisitationStrategy - Building LoadPlan...
17:03:30.940 [Test worker] DEBUG org.hibernate.loader.plan.exec.internal.LoadQueryJoinAndFetchProcessor - processing queryspace <gen:0>
17:03:30.940 [Test worker] DEBUG org.hibernate.loader.plan.build.spi.LoadPlanTreePrinter - LoadPlan(entity=com.epam.esm.entity.User)
    - Returns
       - EntityReturnImpl(entity=com.epam.esm.entity.User, querySpaceUid=<gen:0>, path=com.epam.esm.entity.User)
          - CollectionAttributeFetchImpl(collection=com.epam.esm.entity.User.orders, querySpaceUid=<gen:1>, path=com.epam.esm.entity.User.orders)
             - (collection element) CollectionFetchableElementEntityGraph(entity=com.epam.esm.entity.Order, querySpaceUid=<gen:2>, path=com.epam.esm.entity.User.orders.<elements>)
          - EntityAttributeFetchImpl(entity=com.epam.esm.entity.Role, querySpaceUid=<gen:3>, path=com.epam.esm.entity.User.role)
    - QuerySpaces
       - EntityQuerySpaceImpl(uid=<gen:0>, entity=com.epam.esm.entity.User)
          - SQL table alias mapping - user0_
          - alias suffix - 0_
          - suffixed key columns - {id1_2_0_}
          - JOIN (JoinDefinedByMetadata(role)) : <gen:0> -> <gen:3>
             - EntityQuerySpaceImpl(uid=<gen:3>, entity=com.epam.esm.entity.Role)
                - SQL table alias mapping - role1_
                - alias suffix - 1_
                - suffixed key columns - {id1_1_1_}

17:03:30.940 [Test worker] DEBUG org.hibernate.loader.entity.plan.EntityLoader - Static select for entity com.epam.esm.entity.User [READ]: select user0_.id as id1_2_0_, user0_.email as email2_2_0_, user0_.password as password3_2_0_, user0_.refresh_token as refresh_4_2_0_, user0_.role_id as role_id5_2_0_, role1_.id as id1_1_1_, role1_.value as value2_1_1_ from application_user user0_ left outer join application_role role1_ on user0_.role_id=role1_.id where user0_.id=?
17:03:30.941 [Test worker] DEBUG org.hibernate.loader.Loader - Static select for action ACTION_MERGE on entity com.epam.esm.entity.User: select user0_.id as id1_2_0_, user0_.email as email2_2_0_, user0_.password as password3_2_0_, user0_.refresh_token as refresh_4_2_0_, user0_.role_id as role_id5_2_0_ from application_user user0_ where user0_.id=?
17:03:30.941 [Test worker] DEBUG org.hibernate.loader.Loader - Static select for action ACTION_REFRESH on entity com.epam.esm.entity.User: select user0_.id as id1_2_0_, user0_.email as email2_2_0_, user0_.password as password3_2_0_, user0_.refresh_token as refresh_4_2_0_, user0_.role_id as role_id5_2_0_ from application_user user0_ where user0_.id=?
17:03:30.941 [Test worker] DEBUG org.hibernate.persister.entity.AbstractEntityPersister - Static SQL for entity: com.epam.esm.entity.Entity
17:03:30.941 [Test worker] DEBUG org.hibernate.persister.entity.AbstractEntityPersister -  Version select: select id from entity where id =?
17:03:30.941 [Test worker] DEBUG org.hibernate.persister.entity.AbstractEntityPersister -  Snapshot select: select entity_.id from entity entity_ where entity_.id=?
17:03:30.941 [Test worker] DEBUG org.hibernate.persister.entity.AbstractEntityPersister -  Insert 0: insert into entity (id) values (?)
17:03:30.941 [Test worker] DEBUG org.hibernate.persister.entity.AbstractEntityPersister -  Update 0: null
17:03:30.941 [Test worker] DEBUG org.hibernate.persister.entity.AbstractEntityPersister -  Delete 0: delete from entity where id=?
17:03:30.941 [Test worker] DEBUG org.hibernate.persister.entity.AbstractEntityPersister -  Identity insert: insert into entity (id) values (null)
17:03:30.941 [Test worker] DEBUG org.hibernate.loader.plan.build.internal.spaces.QuerySpacesImpl - Adding QuerySpace : uid = <gen:0> -> org.hibernate.loader.plan.build.internal.spaces.EntityQuerySpaceImpl@7cf0399]
17:03:30.941 [Test worker] DEBUG org.hibernate.loader.plan.build.internal.FetchStyleLoadPlanBuildingAssociationVisitationStrategy - Building LoadPlan...
17:03:30.942 [Test worker] DEBUG org.hibernate.loader.plan.exec.internal.LoadQueryJoinAndFetchProcessor - processing queryspace <gen:0>
17:03:30.942 [Test worker] DEBUG org.hibernate.loader.plan.build.spi.LoadPlanTreePrinter - LoadPlan(entity=com.epam.esm.entity.Entity)
    - Returns
       - EntityReturnImpl(entity=com.epam.esm.entity.Entity, querySpaceUid=<gen:0>, path=com.epam.esm.entity.Entity)
    - QuerySpaces
       - EntityQuerySpaceImpl(uid=<gen:0>, entity=com.epam.esm.entity.Entity)
          - SQL table alias mapping - entity0_
          - alias suffix - 0_
          - suffixed key columns - {id1_5_0_}

17:03:30.942 [Test worker] DEBUG org.hibernate.loader.entity.plan.EntityLoader - Static select for entity com.epam.esm.entity.Entity [NONE]: select entity0_.id as id1_5_0_ from entity entity0_ where entity0_.id=?
17:03:30.942 [Test worker] DEBUG org.hibernate.loader.plan.build.internal.spaces.QuerySpacesImpl - Adding QuerySpace : uid = <gen:0> -> org.hibernate.loader.plan.build.internal.spaces.EntityQuerySpaceImpl@74e8e99c]
17:03:30.942 [Test worker] DEBUG org.hibernate.loader.plan.build.internal.FetchStyleLoadPlanBuildingAssociationVisitationStrategy - Building LoadPlan...
17:03:30.942 [Test worker] DEBUG org.hibernate.loader.plan.exec.internal.LoadQueryJoinAndFetchProcessor - processing queryspace <gen:0>
17:03:30.942 [Test worker] DEBUG org.hibernate.loader.plan.build.spi.LoadPlanTreePrinter - LoadPlan(entity=com.epam.esm.entity.Entity)
    - Returns
       - EntityReturnImpl(entity=com.epam.esm.entity.Entity, querySpaceUid=<gen:0>, path=com.epam.esm.entity.Entity)
    - QuerySpaces
       - EntityQuerySpaceImpl(uid=<gen:0>, entity=com.epam.esm.entity.Entity)
          - SQL table alias mapping - entity0_
          - alias suffix - 0_
          - suffixed key columns - {id1_5_0_}

17:03:30.942 [Test worker] DEBUG org.hibernate.loader.entity.plan.EntityLoader - Static select for entity com.epam.esm.entity.Entity [READ]: select entity0_.id as id1_5_0_ from entity entity0_ where entity0_.id=?
17:03:30.943 [Test worker] DEBUG org.hibernate.loader.Loader - Static select for action ACTION_MERGE on entity com.epam.esm.entity.Entity: select entity0_.id as id1_5_0_ from entity entity0_ where entity0_.id=?
17:03:30.943 [Test worker] DEBUG org.hibernate.loader.Loader - Static select for action ACTION_REFRESH on entity com.epam.esm.entity.Entity: select entity0_.id as id1_5_0_ from entity entity0_ where entity0_.id=?
17:03:30.943 [Test worker] DEBUG org.hibernate.persister.entity.AbstractEntityPersister - Static SQL for entity: com.epam.esm.entity.Tag
17:03:30.943 [Test worker] DEBUG org.hibernate.persister.entity.AbstractEntityPersister -  Version select: select id from tag where id =?
17:03:30.943 [Test worker] DEBUG org.hibernate.persister.entity.AbstractEntityPersister -  Snapshot select: select tag_.id from tag tag_ where tag_.id=?
17:03:30.943 [Test worker] DEBUG org.hibernate.persister.entity.AbstractEntityPersister -  Insert 0: insert into tag (title, id) values (?, ?)
17:03:30.943 [Test worker] DEBUG org.hibernate.persister.entity.AbstractEntityPersister -  Update 0: null
17:03:30.943 [Test worker] DEBUG org.hibernate.persister.entity.AbstractEntityPersister -  Delete 0: delete from tag where id=?
17:03:30.943 [Test worker] DEBUG org.hibernate.persister.entity.AbstractEntityPersister -  Identity insert: insert into tag (id, title) values (null, ?)
17:03:30.943 [Test worker] DEBUG org.hibernate.loader.plan.build.internal.spaces.QuerySpacesImpl - Adding QuerySpace : uid = <gen:0> -> org.hibernate.loader.plan.build.internal.spaces.EntityQuerySpaceImpl@7ab29a45]
17:03:30.943 [Test worker] DEBUG org.hibernate.persister.walking.spi.MetamodelGraphWalker - Visiting attribute path : title
17:03:30.943 [Test worker] DEBUG org.hibernate.loader.plan.build.internal.FetchStyleLoadPlanBuildingAssociationVisitationStrategy - Building LoadPlan...
17:03:30.943 [Test worker] DEBUG org.hibernate.loader.plan.exec.internal.LoadQueryJoinAndFetchProcessor - processing queryspace <gen:0>
17:03:30.944 [Test worker] DEBUG org.hibernate.loader.plan.build.spi.LoadPlanTreePrinter - LoadPlan(entity=com.epam.esm.entity.Tag)
    - Returns
       - EntityReturnImpl(entity=com.epam.esm.entity.Tag, querySpaceUid=<gen:0>, path=com.epam.esm.entity.Tag)
    - QuerySpaces
       - EntityQuerySpaceImpl(uid=<gen:0>, entity=com.epam.esm.entity.Tag)
          - SQL table alias mapping - tag0_
          - alias suffix - 0_
          - suffixed key columns - {id1_7_0_}

17:03:30.944 [Test worker] DEBUG org.hibernate.loader.entity.plan.EntityLoader - Static select for entity com.epam.esm.entity.Tag [NONE]: select tag0_.id as id1_7_0_, tag0_.title as title2_7_0_ from tag tag0_ where tag0_.id=?
17:03:30.944 [Test worker] DEBUG org.hibernate.loader.plan.build.internal.spaces.QuerySpacesImpl - Adding QuerySpace : uid = <gen:0> -> org.hibernate.loader.plan.build.internal.spaces.EntityQuerySpaceImpl@162d526]
17:03:30.944 [Test worker] DEBUG org.hibernate.persister.walking.spi.MetamodelGraphWalker - Visiting attribute path : title
17:03:30.944 [Test worker] DEBUG org.hibernate.loader.plan.build.internal.FetchStyleLoadPlanBuildingAssociationVisitationStrategy - Building LoadPlan...
17:03:30.944 [Test worker] DEBUG org.hibernate.loader.plan.exec.internal.LoadQueryJoinAndFetchProcessor - processing queryspace <gen:0>
17:03:30.944 [Test worker] DEBUG org.hibernate.loader.plan.build.spi.LoadPlanTreePrinter - LoadPlan(entity=com.epam.esm.entity.Tag)
    - Returns
       - EntityReturnImpl(entity=com.epam.esm.entity.Tag, querySpaceUid=<gen:0>, path=com.epam.esm.entity.Tag)
    - QuerySpaces
       - EntityQuerySpaceImpl(uid=<gen:0>, entity=com.epam.esm.entity.Tag)
          - SQL table alias mapping - tag0_
          - alias suffix - 0_
          - suffixed key columns - {id1_7_0_}

17:03:30.944 [Test worker] DEBUG org.hibernate.loader.entity.plan.EntityLoader - Static select for entity com.epam.esm.entity.Tag [READ]: select tag0_.id as id1_7_0_, tag0_.title as title2_7_0_ from tag tag0_ where tag0_.id=?
17:03:30.944 [Test worker] DEBUG org.hibernate.loader.Loader - Static select for action ACTION_MERGE on entity com.epam.esm.entity.Tag: select tag0_.id as id1_7_0_, tag0_.title as title2_7_0_ from tag tag0_ where tag0_.id=?
17:03:30.944 [Test worker] DEBUG org.hibernate.loader.Loader - Static select for action ACTION_REFRESH on entity com.epam.esm.entity.Tag: select tag0_.id as id1_7_0_, tag0_.title as title2_7_0_ from tag tag0_ where tag0_.id=?
17:03:30.945 [Test worker] DEBUG org.hibernate.persister.entity.AbstractEntityPersister - Static SQL for entity: com.epam.esm.entity.OrderCertificate
17:03:30.945 [Test worker] DEBUG org.hibernate.persister.entity.AbstractEntityPersister -  Version select: select id from order_certificate where id =?
17:03:30.945 [Test worker] DEBUG org.hibernate.persister.entity.AbstractEntityPersister -  Snapshot select: select ordercerti_.id, ordercerti_.certificate_id as certific4_6_, ordercerti_.expiration_date as expirati2_6_, ordercerti_.fixed_price as fixed_pr3_6_, ordercerti_.order_id as order_id5_6_ from order_certificate ordercerti_ where ordercerti_.id=?
17:03:30.945 [Test worker] DEBUG org.hibernate.persister.entity.AbstractEntityPersister -  Insert 0: insert into order_certificate (certificate_id, expiration_date, fixed_price, order_id, id) values (?, ?, ?, ?, ?)
17:03:30.945 [Test worker] DEBUG org.hibernate.persister.entity.AbstractEntityPersister -  Update 0: update order_certificate set certificate_id=?, expiration_date=?, fixed_price=?, order_id=? where id=?
17:03:30.945 [Test worker] DEBUG org.hibernate.persister.entity.AbstractEntityPersister -  Delete 0: delete from order_certificate where id=?
17:03:30.945 [Test worker] DEBUG org.hibernate.persister.entity.AbstractEntityPersister -  Identity insert: insert into order_certificate (id, certificate_id, expiration_date, fixed_price, order_id) values (null, ?, ?, ?, ?)
17:03:30.945 [Test worker] DEBUG org.hibernate.loader.plan.build.internal.spaces.QuerySpacesImpl - Adding QuerySpace : uid = <gen:0> -> org.hibernate.loader.plan.build.internal.spaces.EntityQuerySpaceImpl@1e96b068]
17:03:30.945 [Test worker] DEBUG org.hibernate.persister.walking.spi.MetamodelGraphWalker - Visiting attribute path : certificate
17:03:30.945 [Test worker] DEBUG org.hibernate.loader.plan.build.internal.spaces.QuerySpacesImpl - Adding QuerySpace : uid = <gen:1> -> org.hibernate.loader.plan.build.internal.spaces.EntityQuerySpaceImpl@10511973]
17:03:30.945 [Test worker] DEBUG org.hibernate.persister.walking.spi.MetamodelGraphWalker - Visiting attribute path : expirationDate
17:03:30.945 [Test worker] DEBUG org.hibernate.persister.walking.spi.MetamodelGraphWalker - Visiting attribute path : fixedPrice
17:03:30.945 [Test worker] DEBUG org.hibernate.persister.walking.spi.MetamodelGraphWalker - Visiting attribute path : order
17:03:30.945 [Test worker] DEBUG org.hibernate.loader.plan.build.internal.spaces.QuerySpacesImpl - Adding QuerySpace : uid = <gen:2> -> org.hibernate.loader.plan.build.internal.spaces.EntityQuerySpaceImpl@231e7be9]
17:03:30.945 [Test worker] DEBUG org.hibernate.persister.walking.spi.MetamodelGraphWalker - Visiting attribute path : order.activeStatus
17:03:30.945 [Test worker] DEBUG org.hibernate.persister.walking.spi.MetamodelGraphWalker - Visiting attribute path : order.createdAt
17:03:30.945 [Test worker] DEBUG org.hibernate.persister.walking.spi.MetamodelGraphWalker - Visiting attribute path : order.orderCertificates
17:03:30.945 [Test worker] DEBUG org.hibernate.persister.walking.spi.MetamodelGraphWalker - Property path deemed to be circular : order.orderCertificates
17:03:30.945 [Test worker] DEBUG org.hibernate.persister.walking.spi.MetamodelGraphWalker - Visiting attribute path : order.user
17:03:30.945 [Test worker] DEBUG org.hibernate.loader.plan.build.internal.spaces.QuerySpacesImpl - Adding QuerySpace : uid = <gen:3> -> org.hibernate.loader.plan.build.internal.spaces.EntityQuerySpaceImpl@66f903e8]
17:03:30.946 [Test worker] DEBUG org.hibernate.persister.walking.spi.MetamodelGraphWalker - Visiting attribute path : order.user.email
17:03:30.946 [Test worker] DEBUG org.hibernate.persister.walking.spi.MetamodelGraphWalker - Visiting attribute path : order.user.orders
17:03:30.946 [Test worker] DEBUG org.hibernate.persister.walking.spi.MetamodelGraphWalker - Property path deemed to be circular : order.user.orders
17:03:30.946 [Test worker] DEBUG org.hibernate.persister.walking.spi.MetamodelGraphWalker - Visiting attribute path : order.user.password
17:03:30.946 [Test worker] DEBUG org.hibernate.persister.walking.spi.MetamodelGraphWalker - Visiting attribute path : order.user.refreshToken
17:03:30.946 [Test worker] DEBUG org.hibernate.persister.walking.spi.MetamodelGraphWalker - Visiting attribute path : order.user.role
17:03:30.946 [Test worker] DEBUG org.hibernate.loader.plan.build.internal.spaces.QuerySpacesImpl - Adding QuerySpace : uid = <gen:4> -> org.hibernate.loader.plan.build.internal.spaces.EntityQuerySpaceImpl@2eeaf9c0]
17:03:30.946 [Test worker] DEBUG org.hibernate.persister.walking.spi.MetamodelGraphWalker - Visiting attribute path : order.user.role.value
17:03:30.946 [Test worker] DEBUG org.hibernate.loader.plan.build.internal.FetchStyleLoadPlanBuildingAssociationVisitationStrategy - Building LoadPlan...
17:03:30.946 [Test worker] DEBUG org.hibernate.loader.plan.exec.internal.LoadQueryJoinAndFetchProcessor - processing queryspace <gen:0>
17:03:30.946 [Test worker] DEBUG org.hibernate.loader.plan.build.spi.LoadPlanTreePrinter - LoadPlan(entity=com.epam.esm.entity.OrderCertificate)
    - Returns
       - EntityReturnImpl(entity=com.epam.esm.entity.OrderCertificate, querySpaceUid=<gen:0>, path=com.epam.esm.entity.OrderCertificate)
          - EntityAttributeFetchImpl(entity=com.epam.esm.entity.GiftCertificate, querySpaceUid=<gen:1>, path=com.epam.esm.entity.OrderCertificate.certificate)
          - EntityAttributeFetchImpl(entity=com.epam.esm.entity.Order, querySpaceUid=<gen:2>, path=com.epam.esm.entity.OrderCertificate.order)
             - EntityAttributeFetchImpl(entity=com.epam.esm.entity.User, querySpaceUid=<gen:3>, path=com.epam.esm.entity.OrderCertificate.order.user)
                - EntityAttributeFetchImpl(entity=com.epam.esm.entity.Role, querySpaceUid=<gen:4>, path=com.epam.esm.entity.OrderCertificate.order.user.role)
    - QuerySpaces
       - EntityQuerySpaceImpl(uid=<gen:0>, entity=com.epam.esm.entity.OrderCertificate)
          - SQL table alias mapping - ordercerti0_
          - alias suffix - 0_
          - suffixed key columns - {id1_6_0_}
          - JOIN (JoinDefinedByMetadata(order)) : <gen:0> -> <gen:2>
             - EntityQuerySpaceImpl(uid=<gen:2>, entity=com.epam.esm.entity.Order)
                - SQL table alias mapping - order1_
                - alias suffix - 1_
                - suffixed key columns - {id1_0_1_}
                - JOIN (JoinDefinedByMetadata(user)) : <gen:2> -> <gen:3>
                   - EntityQuerySpaceImpl(uid=<gen:3>, entity=com.epam.esm.entity.User)
                      - SQL table alias mapping - user2_
                      - alias suffix - 2_
                      - suffixed key columns - {id1_2_2_}
                      - JOIN (JoinDefinedByMetadata(role)) : <gen:3> -> <gen:4>
                         - EntityQuerySpaceImpl(uid=<gen:4>, entity=com.epam.esm.entity.Role)
                            - SQL table alias mapping - role3_
                            - alias suffix - 3_
                            - suffixed key columns - {id1_1_3_}

17:03:30.947 [Test worker] DEBUG org.hibernate.loader.entity.plan.EntityLoader - Static select for entity com.epam.esm.entity.OrderCertificate [NONE]: select ordercerti0_.id as id1_6_0_, ordercerti0_.certificate_id as certific4_6_0_, ordercerti0_.expiration_date as expirati2_6_0_, ordercerti0_.fixed_price as fixed_pr3_6_0_, ordercerti0_.order_id as order_id5_6_0_, order1_.id as id1_0_1_, order1_.active_status as active_s2_0_1_, order1_.created_at as created_3_0_1_, order1_.user_id as user_id4_0_1_, user2_.id as id1_2_2_, user2_.email as email2_2_2_, user2_.password as password3_2_2_, user2_.refresh_token as refresh_4_2_2_, user2_.role_id as role_id5_2_2_, role3_.id as id1_1_3_, role3_.value as value2_1_3_ from order_certificate ordercerti0_ left outer join application_order order1_ on ordercerti0_.order_id=order1_.id left outer join application_user user2_ on order1_.user_id=user2_.id left outer join application_role role3_ on user2_.role_id=role3_.id where ordercerti0_.id=?
17:03:30.947 [Test worker] DEBUG org.hibernate.loader.plan.build.internal.spaces.QuerySpacesImpl - Adding QuerySpace : uid = <gen:0> -> org.hibernate.loader.plan.build.internal.spaces.EntityQuerySpaceImpl@cdea7ec]
17:03:30.947 [Test worker] DEBUG org.hibernate.persister.walking.spi.MetamodelGraphWalker - Visiting attribute path : certificate
17:03:30.947 [Test worker] DEBUG org.hibernate.loader.plan.build.internal.spaces.QuerySpacesImpl - Adding QuerySpace : uid = <gen:1> -> org.hibernate.loader.plan.build.internal.spaces.EntityQuerySpaceImpl@53789ff3]
17:03:30.947 [Test worker] DEBUG org.hibernate.persister.walking.spi.MetamodelGraphWalker - Visiting attribute path : expirationDate
17:03:30.947 [Test worker] DEBUG org.hibernate.persister.walking.spi.MetamodelGraphWalker - Visiting attribute path : fixedPrice
17:03:30.947 [Test worker] DEBUG org.hibernate.persister.walking.spi.MetamodelGraphWalker - Visiting attribute path : order
17:03:30.947 [Test worker] DEBUG org.hibernate.loader.plan.build.internal.spaces.QuerySpacesImpl - Adding QuerySpace : uid = <gen:2> -> org.hibernate.loader.plan.build.internal.spaces.EntityQuerySpaceImpl@41cc1da7]
17:03:30.947 [Test worker] DEBUG org.hibernate.persister.walking.spi.MetamodelGraphWalker - Visiting attribute path : order.activeStatus
17:03:30.947 [Test worker] DEBUG org.hibernate.persister.walking.spi.MetamodelGraphWalker - Visiting attribute path : order.createdAt
17:03:30.947 [Test worker] DEBUG org.hibernate.persister.walking.spi.MetamodelGraphWalker - Visiting attribute path : order.orderCertificates
17:03:30.947 [Test worker] DEBUG org.hibernate.persister.walking.spi.MetamodelGraphWalker - Property path deemed to be circular : order.orderCertificates
17:03:30.947 [Test worker] DEBUG org.hibernate.persister.walking.spi.MetamodelGraphWalker - Visiting attribute path : order.user
17:03:30.947 [Test worker] DEBUG org.hibernate.loader.plan.build.internal.spaces.QuerySpacesImpl - Adding QuerySpace : uid = <gen:3> -> org.hibernate.loader.plan.build.internal.spaces.EntityQuerySpaceImpl@38cd1a96]
17:03:30.947 [Test worker] DEBUG org.hibernate.persister.walking.spi.MetamodelGraphWalker - Visiting attribute path : order.user.email
17:03:30.947 [Test worker] DEBUG org.hibernate.persister.walking.spi.MetamodelGraphWalker - Visiting attribute path : order.user.orders
17:03:30.947 [Test worker] DEBUG org.hibernate.persister.walking.spi.MetamodelGraphWalker - Property path deemed to be circular : order.user.orders
17:03:30.947 [Test worker] DEBUG org.hibernate.persister.walking.spi.MetamodelGraphWalker - Visiting attribute path : order.user.password
17:03:30.947 [Test worker] DEBUG org.hibernate.persister.walking.spi.MetamodelGraphWalker - Visiting attribute path : order.user.refreshToken
17:03:30.947 [Test worker] DEBUG org.hibernate.persister.walking.spi.MetamodelGraphWalker - Visiting attribute path : order.user.role
17:03:30.948 [Test worker] DEBUG org.hibernate.loader.plan.build.internal.spaces.QuerySpacesImpl - Adding QuerySpace : uid = <gen:4> -> org.hibernate.loader.plan.build.internal.spaces.EntityQuerySpaceImpl@edd9c12]
17:03:30.948 [Test worker] DEBUG org.hibernate.persister.walking.spi.MetamodelGraphWalker - Visiting attribute path : order.user.role.value
17:03:30.948 [Test worker] DEBUG org.hibernate.loader.plan.build.internal.FetchStyleLoadPlanBuildingAssociationVisitationStrategy - Building LoadPlan...
17:03:30.948 [Test worker] DEBUG org.hibernate.loader.plan.exec.internal.LoadQueryJoinAndFetchProcessor - processing queryspace <gen:0>
17:03:30.948 [Test worker] DEBUG org.hibernate.loader.plan.build.spi.LoadPlanTreePrinter - LoadPlan(entity=com.epam.esm.entity.OrderCertificate)
    - Returns
       - EntityReturnImpl(entity=com.epam.esm.entity.OrderCertificate, querySpaceUid=<gen:0>, path=com.epam.esm.entity.OrderCertificate)
          - EntityAttributeFetchImpl(entity=com.epam.esm.entity.GiftCertificate, querySpaceUid=<gen:1>, path=com.epam.esm.entity.OrderCertificate.certificate)
          - EntityAttributeFetchImpl(entity=com.epam.esm.entity.Order, querySpaceUid=<gen:2>, path=com.epam.esm.entity.OrderCertificate.order)
             - EntityAttributeFetchImpl(entity=com.epam.esm.entity.User, querySpaceUid=<gen:3>, path=com.epam.esm.entity.OrderCertificate.order.user)
                - EntityAttributeFetchImpl(entity=com.epam.esm.entity.Role, querySpaceUid=<gen:4>, path=com.epam.esm.entity.OrderCertificate.order.user.role)
    - QuerySpaces
       - EntityQuerySpaceImpl(uid=<gen:0>, entity=com.epam.esm.entity.OrderCertificate)
          - SQL table alias mapping - ordercerti0_
          - alias suffix - 0_
          - suffixed key columns - {id1_6_0_}
          - JOIN (JoinDefinedByMetadata(order)) : <gen:0> -> <gen:2>
             - EntityQuerySpaceImpl(uid=<gen:2>, entity=com.epam.esm.entity.Order)
                - SQL table alias mapping - order1_
                - alias suffix - 1_
                - suffixed key columns - {id1_0_1_}
                - JOIN (JoinDefinedByMetadata(user)) : <gen:2> -> <gen:3>
                   - EntityQuerySpaceImpl(uid=<gen:3>, entity=com.epam.esm.entity.User)
                      - SQL table alias mapping - user2_
                      - alias suffix - 2_
                      - suffixed key columns - {id1_2_2_}
                      - JOIN (JoinDefinedByMetadata(role)) : <gen:3> -> <gen:4>
                         - EntityQuerySpaceImpl(uid=<gen:4>, entity=com.epam.esm.entity.Role)
                            - SQL table alias mapping - role3_
                            - alias suffix - 3_
                            - suffixed key columns - {id1_1_3_}

17:03:30.948 [Test worker] DEBUG org.hibernate.loader.entity.plan.EntityLoader - Static select for entity com.epam.esm.entity.OrderCertificate [READ]: select ordercerti0_.id as id1_6_0_, ordercerti0_.certificate_id as certific4_6_0_, ordercerti0_.expiration_date as expirati2_6_0_, ordercerti0_.fixed_price as fixed_pr3_6_0_, ordercerti0_.order_id as order_id5_6_0_, order1_.id as id1_0_1_, order1_.active_status as active_s2_0_1_, order1_.created_at as created_3_0_1_, order1_.user_id as user_id4_0_1_, user2_.id as id1_2_2_, user2_.email as email2_2_2_, user2_.password as password3_2_2_, user2_.refresh_token as refresh_4_2_2_, user2_.role_id as role_id5_2_2_, role3_.id as id1_1_3_, role3_.value as value2_1_3_ from order_certificate ordercerti0_ left outer join application_order order1_ on ordercerti0_.order_id=order1_.id left outer join application_user user2_ on order1_.user_id=user2_.id left outer join application_role role3_ on user2_.role_id=role3_.id where ordercerti0_.id=?
17:03:30.949 [Test worker] DEBUG org.hibernate.loader.Loader - Static select for action ACTION_MERGE on entity com.epam.esm.entity.OrderCertificate: select ordercerti0_.id as id1_6_3_, ordercerti0_.certificate_id as certific4_6_3_, ordercerti0_.expiration_date as expirati2_6_3_, ordercerti0_.fixed_price as fixed_pr3_6_3_, ordercerti0_.order_id as order_id5_6_3_, giftcertif1_.id as id1_3_0_, giftcertif1_.active_status as active_s2_3_0_, giftcertif1_.creation_date as creation3_3_0_, giftcertif1_.description as descript4_3_0_, giftcertif1_.expiration_date as expirati5_3_0_, giftcertif1_.modification_date as modifica6_3_0_, giftcertif1_.name as name7_3_0_, giftcertif1_.price as price8_3_0_, tags2_.certificate_id as certific1_4_5_, tag3_.id as tag_id2_4_5_, tag3_.id as id1_7_1_, tag3_.title as title2_7_1_, order4_.id as id1_0_2_, order4_.active_status as active_s2_0_2_, order4_.created_at as created_3_0_2_, order4_.user_id as user_id4_0_2_ from order_certificate ordercerti0_ left outer join certificate giftcertif1_ on ordercerti0_.certificate_id=giftcertif1_.id left outer join certificate_tag tags2_ on giftcertif1_.id=tags2_.certificate_id left outer join tag tag3_ on tags2_.tag_id=tag3_.id left outer join application_order order4_ on ordercerti0_.order_id=order4_.id where ordercerti0_.id=?
17:03:30.949 [Test worker] DEBUG org.hibernate.loader.Loader - Static select for action ACTION_REFRESH on entity com.epam.esm.entity.OrderCertificate: select ordercerti0_.id as id1_6_2_, ordercerti0_.certificate_id as certific4_6_2_, ordercerti0_.expiration_date as expirati2_6_2_, ordercerti0_.fixed_price as fixed_pr3_6_2_, ordercerti0_.order_id as order_id5_6_2_, giftcertif1_.id as id1_3_0_, giftcertif1_.active_status as active_s2_3_0_, giftcertif1_.creation_date as creation3_3_0_, giftcertif1_.description as descript4_3_0_, giftcertif1_.expiration_date as expirati5_3_0_, giftcertif1_.modification_date as modifica6_3_0_, giftcertif1_.name as name7_3_0_, giftcertif1_.price as price8_3_0_, order2_.id as id1_0_1_, order2_.active_status as active_s2_0_1_, order2_.created_at as created_3_0_1_, order2_.user_id as user_id4_0_1_ from order_certificate ordercerti0_ left outer join certificate giftcertif1_ on ordercerti0_.certificate_id=giftcertif1_.id left outer join application_order order2_ on ordercerti0_.order_id=order2_.id where ordercerti0_.id=?
17:03:30.950 [Test worker] DEBUG org.hibernate.persister.entity.AbstractEntityPersister - Static SQL for entity: com.epam.esm.entity.Role
17:03:30.950 [Test worker] DEBUG org.hibernate.persister.entity.AbstractEntityPersister -  Version select: select id from application_role where id =?
17:03:30.950 [Test worker] DEBUG org.hibernate.persister.entity.AbstractEntityPersister -  Snapshot select: select role_.id, role_.value as value2_1_ from application_role role_ where role_.id=?
17:03:30.950 [Test worker] DEBUG org.hibernate.persister.entity.AbstractEntityPersister -  Insert 0: insert into application_role (value, id) values (?, ?)
17:03:30.950 [Test worker] DEBUG org.hibernate.persister.entity.AbstractEntityPersister -  Update 0: update application_role set value=? where id=?
17:03:30.950 [Test worker] DEBUG org.hibernate.persister.entity.AbstractEntityPersister -  Delete 0: delete from application_role where id=?
17:03:30.950 [Test worker] DEBUG org.hibernate.persister.entity.AbstractEntityPersister -  Identity insert: insert into application_role (id, value) values (null, ?)
17:03:30.950 [Test worker] DEBUG org.hibernate.loader.plan.build.internal.spaces.QuerySpacesImpl - Adding QuerySpace : uid = <gen:0> -> org.hibernate.loader.plan.build.internal.spaces.EntityQuerySpaceImpl@4744ee3a]
17:03:30.950 [Test worker] DEBUG org.hibernate.persister.walking.spi.MetamodelGraphWalker - Visiting attribute path : value
17:03:30.950 [Test worker] DEBUG org.hibernate.loader.plan.build.internal.FetchStyleLoadPlanBuildingAssociationVisitationStrategy - Building LoadPlan...
17:03:30.950 [Test worker] DEBUG org.hibernate.loader.plan.exec.internal.LoadQueryJoinAndFetchProcessor - processing queryspace <gen:0>
17:03:30.951 [Test worker] DEBUG org.hibernate.loader.plan.build.spi.LoadPlanTreePrinter - LoadPlan(entity=com.epam.esm.entity.Role)
    - Returns
       - EntityReturnImpl(entity=com.epam.esm.entity.Role, querySpaceUid=<gen:0>, path=com.epam.esm.entity.Role)
    - QuerySpaces
       - EntityQuerySpaceImpl(uid=<gen:0>, entity=com.epam.esm.entity.Role)
          - SQL table alias mapping - role0_
          - alias suffix - 0_
          - suffixed key columns - {id1_1_0_}

17:03:30.951 [Test worker] DEBUG org.hibernate.loader.entity.plan.EntityLoader - Static select for entity com.epam.esm.entity.Role [NONE]: select role0_.id as id1_1_0_, role0_.value as value2_1_0_ from application_role role0_ where role0_.id=?
17:03:30.951 [Test worker] DEBUG org.hibernate.loader.plan.build.internal.spaces.QuerySpacesImpl - Adding QuerySpace : uid = <gen:0> -> org.hibernate.loader.plan.build.internal.spaces.EntityQuerySpaceImpl@66eeb464]
17:03:30.951 [Test worker] DEBUG org.hibernate.persister.walking.spi.MetamodelGraphWalker - Visiting attribute path : value
17:03:30.951 [Test worker] DEBUG org.hibernate.loader.plan.build.internal.FetchStyleLoadPlanBuildingAssociationVisitationStrategy - Building LoadPlan...
17:03:30.951 [Test worker] DEBUG org.hibernate.loader.plan.exec.internal.LoadQueryJoinAndFetchProcessor - processing queryspace <gen:0>
17:03:30.951 [Test worker] DEBUG org.hibernate.loader.plan.build.spi.LoadPlanTreePrinter - LoadPlan(entity=com.epam.esm.entity.Role)
    - Returns
       - EntityReturnImpl(entity=com.epam.esm.entity.Role, querySpaceUid=<gen:0>, path=com.epam.esm.entity.Role)
    - QuerySpaces
       - EntityQuerySpaceImpl(uid=<gen:0>, entity=com.epam.esm.entity.Role)
          - SQL table alias mapping - role0_
          - alias suffix - 0_
          - suffixed key columns - {id1_1_0_}

17:03:30.951 [Test worker] DEBUG org.hibernate.loader.entity.plan.EntityLoader - Static select for entity com.epam.esm.entity.Role [READ]: select role0_.id as id1_1_0_, role0_.value as value2_1_0_ from application_role role0_ where role0_.id=?
17:03:30.951 [Test worker] DEBUG org.hibernate.loader.Loader - Static select for action ACTION_MERGE on entity com.epam.esm.entity.Role: select role0_.id as id1_1_0_, role0_.value as value2_1_0_ from application_role role0_ where role0_.id=?
17:03:30.951 [Test worker] DEBUG org.hibernate.loader.Loader - Static select for action ACTION_REFRESH on entity com.epam.esm.entity.Role: select role0_.id as id1_1_0_, role0_.value as value2_1_0_ from application_role role0_ where role0_.id=?
17:03:30.952 [Test worker] DEBUG org.hibernate.loader.plan.build.internal.spaces.QuerySpacesImpl - Adding QuerySpace : uid = <gen:0> -> org.hibernate.loader.plan.build.internal.spaces.CollectionQuerySpaceImpl@7b3425d1]
17:03:30.952 [Test worker] DEBUG org.hibernate.loader.plan.build.internal.spaces.QuerySpacesImpl - Adding QuerySpace : uid = <gen:1> -> org.hibernate.loader.plan.build.internal.spaces.EntityQuerySpaceImpl@73a2d13e]
17:03:30.952 [Test worker] DEBUG org.hibernate.persister.walking.spi.MetamodelGraphWalker - Visiting attribute path : title
17:03:30.952 [Test worker] DEBUG org.hibernate.loader.plan.build.internal.FetchStyleLoadPlanBuildingAssociationVisitationStrategy - Building LoadPlan...
17:03:30.952 [Test worker] DEBUG org.hibernate.loader.plan.exec.internal.LoadQueryJoinAndFetchProcessor - processing queryspace <gen:0>
17:03:30.952 [Test worker] DEBUG org.hibernate.loader.plan.build.spi.LoadPlanTreePrinter - LoadPlan(collection=com.epam.esm.entity.GiftCertificate.tags)
    - Returns
       - CollectionReturnImpl(collection=com.epam.esm.entity.GiftCertificate.tags, querySpaceUid=<gen:0>, path=[com.epam.esm.entity.GiftCertificate.tags])
          - (collection element) CollectionFetchableElementEntityGraph(entity=com.epam.esm.entity.Tag, querySpaceUid=<gen:1>, path=[com.epam.esm.entity.GiftCertificate.tags].<elements>)
    - QuerySpaces
       - CollectionQuerySpaceImpl(uid=<gen:0>, collection=com.epam.esm.entity.GiftCertificate.tags)
          - SQL table alias mapping - tags0_
          - alias suffix - 0_
          - suffixed key columns - {certific1_4_0_}
          - entity-element alias suffix - 1_
          - 1_entity-element suffixed key columns - id1_7_1_
          - JOIN (JoinDefinedByMetadata(elements)) : <gen:0> -> <gen:1>
             - EntityQuerySpaceImpl(uid=<gen:1>, entity=com.epam.esm.entity.Tag)
                - SQL table alias mapping - tag1_
                - alias suffix - 1_
                - suffixed key columns - {id1_7_1_}

17:03:30.952 [Test worker] DEBUG org.hibernate.loader.collection.plan.CollectionLoader - Static select for collection com.epam.esm.entity.GiftCertificate.tags: select tags0_.certificate_id as certific1_4_0_, tags0_.tag_id as tag_id2_4_0_, tag1_.id as id1_7_1_, tag1_.title as title2_7_1_ from certificate_tag tags0_ inner join tag tag1_ on tags0_.tag_id=tag1_.id where tags0_.certificate_id=?
17:03:30.952 [Test worker] DEBUG org.hibernate.loader.plan.build.internal.spaces.QuerySpacesImpl - Adding QuerySpace : uid = <gen:0> -> org.hibernate.loader.plan.build.internal.spaces.CollectionQuerySpaceImpl@28224a59]
17:03:30.952 [Test worker] DEBUG org.hibernate.loader.plan.build.internal.spaces.QuerySpacesImpl - Adding QuerySpace : uid = <gen:1> -> org.hibernate.loader.plan.build.internal.spaces.EntityQuerySpaceImpl@4dec5542]
17:03:30.953 [Test worker] DEBUG org.hibernate.persister.walking.spi.MetamodelGraphWalker - Visiting attribute path : certificate
17:03:30.953 [Test worker] DEBUG org.hibernate.loader.plan.build.internal.spaces.QuerySpacesImpl - Adding QuerySpace : uid = <gen:2> -> org.hibernate.loader.plan.build.internal.spaces.EntityQuerySpaceImpl@12f3ef29]
17:03:30.953 [Test worker] DEBUG org.hibernate.persister.walking.spi.MetamodelGraphWalker - Visiting attribute path : expirationDate
17:03:30.953 [Test worker] DEBUG org.hibernate.persister.walking.spi.MetamodelGraphWalker - Visiting attribute path : fixedPrice
17:03:30.953 [Test worker] DEBUG org.hibernate.persister.walking.spi.MetamodelGraphWalker - Visiting attribute path : order
17:03:30.953 [Test worker] DEBUG org.hibernate.persister.walking.spi.MetamodelGraphWalker - Property path deemed to be circular : order
17:03:30.953 [Test worker] DEBUG org.hibernate.loader.plan.build.internal.FetchStyleLoadPlanBuildingAssociationVisitationStrategy - Building LoadPlan...
17:03:30.953 [Test worker] DEBUG org.hibernate.loader.plan.exec.internal.LoadQueryJoinAndFetchProcessor - processing queryspace <gen:0>
17:03:30.953 [Test worker] DEBUG org.hibernate.loader.plan.build.spi.LoadPlanTreePrinter - LoadPlan(collection=com.epam.esm.entity.Order.orderCertificates)
    - Returns
       - CollectionReturnImpl(collection=com.epam.esm.entity.Order.orderCertificates, querySpaceUid=<gen:0>, path=[com.epam.esm.entity.Order.orderCertificates])
          - (collection element) CollectionFetchableElementEntityGraph(entity=com.epam.esm.entity.OrderCertificate, querySpaceUid=<gen:1>, path=[com.epam.esm.entity.Order.orderCertificates].<elements>)
             - EntityAttributeFetchImpl(entity=com.epam.esm.entity.GiftCertificate, querySpaceUid=<gen:2>, path=[com.epam.esm.entity.Order.orderCertificates].<elements>.certificate)
    - QuerySpaces
       - CollectionQuerySpaceImpl(uid=<gen:0>, collection=com.epam.esm.entity.Order.orderCertificates)
          - SQL table alias mapping - ordercerti0_
          - alias suffix - 0_
          - suffixed key columns - {order_id5_6_0_}
          - entity-element alias suffix - 1_
          - 1_entity-element suffixed key columns - id1_6_1_
          - JOIN (JoinDefinedByMetadata(elements)) : <gen:0> -> <gen:1>
             - EntityQuerySpaceImpl(uid=<gen:1>, entity=com.epam.esm.entity.OrderCertificate)
                - SQL table alias mapping - ordercerti0_
                - alias suffix - 1_
                - suffixed key columns - {id1_6_1_}

17:03:30.953 [Test worker] DEBUG org.hibernate.loader.collection.plan.CollectionLoader - Static select for collection com.epam.esm.entity.Order.orderCertificates: select ordercerti0_.order_id as order_id5_6_0_, ordercerti0_.id as id1_6_0_, ordercerti0_.id as id1_6_1_, ordercerti0_.certificate_id as certific4_6_1_, ordercerti0_.expiration_date as expirati2_6_1_, ordercerti0_.fixed_price as fixed_pr3_6_1_, ordercerti0_.order_id as order_id5_6_1_ from order_certificate ordercerti0_ where ordercerti0_.order_id=?
17:03:30.954 [Test worker] DEBUG org.hibernate.loader.plan.build.internal.spaces.QuerySpacesImpl - Adding QuerySpace : uid = <gen:0> -> org.hibernate.loader.plan.build.internal.spaces.CollectionQuerySpaceImpl@3d9aee70]
17:03:30.954 [Test worker] DEBUG org.hibernate.loader.plan.build.internal.spaces.QuerySpacesImpl - Adding QuerySpace : uid = <gen:1> -> org.hibernate.loader.plan.build.internal.spaces.EntityQuerySpaceImpl@5ec01b8b]
17:03:30.954 [Test worker] DEBUG org.hibernate.persister.walking.spi.MetamodelGraphWalker - Visiting attribute path : certificate
17:03:30.954 [Test worker] DEBUG org.hibernate.persister.walking.spi.MetamodelGraphWalker - Property path deemed to be circular : certificate
17:03:30.954 [Test worker] DEBUG org.hibernate.persister.walking.spi.MetamodelGraphWalker - Visiting attribute path : expirationDate
17:03:30.954 [Test worker] DEBUG org.hibernate.persister.walking.spi.MetamodelGraphWalker - Visiting attribute path : fixedPrice
17:03:30.954 [Test worker] DEBUG org.hibernate.persister.walking.spi.MetamodelGraphWalker - Visiting attribute path : order
17:03:30.954 [Test worker] DEBUG org.hibernate.loader.plan.build.internal.spaces.QuerySpacesImpl - Adding QuerySpace : uid = <gen:2> -> org.hibernate.loader.plan.build.internal.spaces.EntityQuerySpaceImpl@59da7536]
17:03:30.954 [Test worker] DEBUG org.hibernate.persister.walking.spi.MetamodelGraphWalker - Visiting attribute path : order.activeStatus
17:03:30.954 [Test worker] DEBUG org.hibernate.persister.walking.spi.MetamodelGraphWalker - Visiting attribute path : order.createdAt
17:03:30.954 [Test worker] DEBUG org.hibernate.persister.walking.spi.MetamodelGraphWalker - Visiting attribute path : order.orderCertificates
17:03:30.954 [Test worker] DEBUG org.hibernate.persister.walking.spi.MetamodelGraphWalker - Property path deemed to be circular : order.orderCertificates
17:03:30.954 [Test worker] DEBUG org.hibernate.persister.walking.spi.MetamodelGraphWalker - Visiting attribute path : order.user
17:03:30.954 [Test worker] DEBUG org.hibernate.loader.plan.build.internal.spaces.QuerySpacesImpl - Adding QuerySpace : uid = <gen:3> -> org.hibernate.loader.plan.build.internal.spaces.EntityQuerySpaceImpl@4ffe71ce]
17:03:30.954 [Test worker] DEBUG org.hibernate.persister.walking.spi.MetamodelGraphWalker - Visiting attribute path : order.user.email
17:03:30.954 [Test worker] DEBUG org.hibernate.persister.walking.spi.MetamodelGraphWalker - Visiting attribute path : order.user.orders
17:03:30.954 [Test worker] DEBUG org.hibernate.persister.walking.spi.MetamodelGraphWalker - Property path deemed to be circular : order.user.orders
17:03:30.954 [Test worker] DEBUG org.hibernate.persister.walking.spi.MetamodelGraphWalker - Visiting attribute path : order.user.password
17:03:30.954 [Test worker] DEBUG org.hibernate.persister.walking.spi.MetamodelGraphWalker - Visiting attribute path : order.user.refreshToken
17:03:30.954 [Test worker] DEBUG org.hibernate.persister.walking.spi.MetamodelGraphWalker - Visiting attribute path : order.user.role
17:03:30.954 [Test worker] DEBUG org.hibernate.loader.plan.build.internal.spaces.QuerySpacesImpl - Adding QuerySpace : uid = <gen:4> -> org.hibernate.loader.plan.build.internal.spaces.EntityQuerySpaceImpl@39804f82]
17:03:30.954 [Test worker] DEBUG org.hibernate.persister.walking.spi.MetamodelGraphWalker - Visiting attribute path : order.user.role.value
17:03:30.955 [Test worker] DEBUG org.hibernate.loader.plan.build.internal.FetchStyleLoadPlanBuildingAssociationVisitationStrategy - Building LoadPlan...
17:03:30.955 [Test worker] DEBUG org.hibernate.loader.plan.exec.internal.LoadQueryJoinAndFetchProcessor - processing queryspace <gen:0>
17:03:30.955 [Test worker] DEBUG org.hibernate.loader.plan.build.spi.LoadPlanTreePrinter - LoadPlan(collection=com.epam.esm.entity.GiftCertificate.orderCertificates)
    - Returns
       - CollectionReturnImpl(collection=com.epam.esm.entity.GiftCertificate.orderCertificates, querySpaceUid=<gen:0>, path=[com.epam.esm.entity.GiftCertificate.orderCertificates])
          - (collection element) CollectionFetchableElementEntityGraph(entity=com.epam.esm.entity.OrderCertificate, querySpaceUid=<gen:1>, path=[com.epam.esm.entity.GiftCertificate.orderCertificates].<elements>)
             - EntityAttributeFetchImpl(entity=com.epam.esm.entity.Order, querySpaceUid=<gen:2>, path=[com.epam.esm.entity.GiftCertificate.orderCertificates].<elements>.order)
                - EntityAttributeFetchImpl(entity=com.epam.esm.entity.User, querySpaceUid=<gen:3>, path=[com.epam.esm.entity.GiftCertificate.orderCertificates].<elements>.order.user)
                   - EntityAttributeFetchImpl(entity=com.epam.esm.entity.Role, querySpaceUid=<gen:4>, path=[com.epam.esm.entity.GiftCertificate.orderCertificates].<elements>.order.user.role)
    - QuerySpaces
       - CollectionQuerySpaceImpl(uid=<gen:0>, collection=com.epam.esm.entity.GiftCertificate.orderCertificates)
          - SQL table alias mapping - ordercerti0_
          - alias suffix - 0_
          - suffixed key columns - {certific4_6_0_}
          - entity-element alias suffix - 1_
          - 1_entity-element suffixed key columns - id1_6_1_
          - JOIN (JoinDefinedByMetadata(elements)) : <gen:0> -> <gen:1>
             - EntityQuerySpaceImpl(uid=<gen:1>, entity=com.epam.esm.entity.OrderCertificate)
                - SQL table alias mapping - ordercerti0_
                - alias suffix - 1_
                - suffixed key columns - {id1_6_1_}
                - JOIN (JoinDefinedByMetadata(order)) : <gen:1> -> <gen:2>
                   - EntityQuerySpaceImpl(uid=<gen:2>, entity=com.epam.esm.entity.Order)
                      - SQL table alias mapping - order1_
                      - alias suffix - 2_
                      - suffixed key columns - {id1_0_2_}
                      - JOIN (JoinDefinedByMetadata(user)) : <gen:2> -> <gen:3>
                         - EntityQuerySpaceImpl(uid=<gen:3>, entity=com.epam.esm.entity.User)
                            - SQL table alias mapping - user2_
                            - alias suffix - 3_
                            - suffixed key columns - {id1_2_3_}
                            - JOIN (JoinDefinedByMetadata(role)) : <gen:3> -> <gen:4>
                               - EntityQuerySpaceImpl(uid=<gen:4>, entity=com.epam.esm.entity.Role)
                                  - SQL table alias mapping - role3_
                                  - alias suffix - 4_
                                  - suffixed key columns - {id1_1_4_}

17:03:30.956 [Test worker] DEBUG org.hibernate.loader.collection.plan.CollectionLoader - Static select for collection com.epam.esm.entity.GiftCertificate.orderCertificates: select ordercerti0_.certificate_id as certific4_6_0_, ordercerti0_.id as id1_6_0_, ordercerti0_.id as id1_6_1_, ordercerti0_.certificate_id as certific4_6_1_, ordercerti0_.expiration_date as expirati2_6_1_, ordercerti0_.fixed_price as fixed_pr3_6_1_, ordercerti0_.order_id as order_id5_6_1_, order1_.id as id1_0_2_, order1_.active_status as active_s2_0_2_, order1_.created_at as created_3_0_2_, order1_.user_id as user_id4_0_2_, user2_.id as id1_2_3_, user2_.email as email2_2_3_, user2_.password as password3_2_3_, user2_.refresh_token as refresh_4_2_3_, user2_.role_id as role_id5_2_3_, role3_.id as id1_1_4_, role3_.value as value2_1_4_ from order_certificate ordercerti0_ left outer join application_order order1_ on ordercerti0_.order_id=order1_.id left outer join application_user user2_ on order1_.user_id=user2_.id left outer join application_role role3_ on user2_.role_id=role3_.id where ordercerti0_.certificate_id=?
17:03:30.956 [Test worker] DEBUG org.hibernate.loader.plan.build.internal.spaces.QuerySpacesImpl - Adding QuerySpace : uid = <gen:0> -> org.hibernate.loader.plan.build.internal.spaces.CollectionQuerySpaceImpl@439cb94b]
17:03:30.956 [Test worker] DEBUG org.hibernate.loader.plan.build.internal.spaces.QuerySpacesImpl - Adding QuerySpace : uid = <gen:1> -> org.hibernate.loader.plan.build.internal.spaces.EntityQuerySpaceImpl@3fe1bf39]
17:03:30.956 [Test worker] DEBUG org.hibernate.persister.walking.spi.MetamodelGraphWalker - Visiting attribute path : activeStatus
17:03:30.956 [Test worker] DEBUG org.hibernate.persister.walking.spi.MetamodelGraphWalker - Visiting attribute path : createdAt
17:03:30.956 [Test worker] DEBUG org.hibernate.persister.walking.spi.MetamodelGraphWalker - Visiting attribute path : orderCertificates
17:03:30.956 [Test worker] DEBUG org.hibernate.loader.plan.build.internal.spaces.QuerySpacesImpl - Adding QuerySpace : uid = <gen:2> -> org.hibernate.loader.plan.build.internal.spaces.CollectionQuerySpaceImpl@5b44ffc9]
17:03:30.956 [Test worker] DEBUG org.hibernate.loader.plan.build.internal.spaces.QuerySpacesImpl - Adding QuerySpace : uid = <gen:3> -> org.hibernate.loader.plan.build.internal.spaces.EntityQuerySpaceImpl@69ee8bef]
17:03:30.956 [Test worker] DEBUG org.hibernate.persister.walking.spi.MetamodelGraphWalker - Visiting attribute path : user
17:03:30.956 [Test worker] DEBUG org.hibernate.persister.walking.spi.MetamodelGraphWalker - Property path deemed to be circular : user
17:03:30.956 [Test worker] DEBUG org.hibernate.loader.plan.build.internal.FetchStyleLoadPlanBuildingAssociationVisitationStrategy - Building LoadPlan...
17:03:30.956 [Test worker] DEBUG org.hibernate.loader.plan.exec.internal.LoadQueryJoinAndFetchProcessor - processing queryspace <gen:0>
17:03:30.957 [Test worker] DEBUG org.hibernate.loader.plan.build.spi.LoadPlanTreePrinter - LoadPlan(collection=com.epam.esm.entity.User.orders)
    - Returns
       - CollectionReturnImpl(collection=com.epam.esm.entity.User.orders, querySpaceUid=<gen:0>, path=[com.epam.esm.entity.User.orders])
          - (collection element) CollectionFetchableElementEntityGraph(entity=com.epam.esm.entity.Order, querySpaceUid=<gen:1>, path=[com.epam.esm.entity.User.orders].<elements>)
             - CollectionAttributeFetchImpl(collection=com.epam.esm.entity.Order.orderCertificates, querySpaceUid=<gen:2>, path=[com.epam.esm.entity.User.orders].<elements>.orderCertificates)
                - (collection element) CollectionFetchableElementEntityGraph(entity=com.epam.esm.entity.OrderCertificate, querySpaceUid=<gen:3>, path=[com.epam.esm.entity.User.orders].<elements>.orderCertificates.<elements>)
    - QuerySpaces
       - CollectionQuerySpaceImpl(uid=<gen:0>, collection=com.epam.esm.entity.User.orders)
          - SQL table alias mapping - orders0_
          - alias suffix - 0_
          - suffixed key columns - {user_id4_0_0_}
          - entity-element alias suffix - 1_
          - 1_entity-element suffixed key columns - id1_0_1_
          - JOIN (JoinDefinedByMetadata(elements)) : <gen:0> -> <gen:1>
             - EntityQuerySpaceImpl(uid=<gen:1>, entity=com.epam.esm.entity.Order)
                - SQL table alias mapping - orders0_
                - alias suffix - 1_
                - suffixed key columns - {id1_0_1_}

17:03:30.957 [Test worker] DEBUG org.hibernate.loader.collection.plan.CollectionLoader - Static select for collection com.epam.esm.entity.User.orders: select orders0_.user_id as user_id4_0_0_, orders0_.id as id1_0_0_, orders0_.id as id1_0_1_, orders0_.active_status as active_s2_0_1_, orders0_.created_at as created_3_0_1_, orders0_.user_id as user_id4_0_1_ from application_order orders0_ where orders0_.user_id=?
17:03:30.960 [Test worker] DEBUG org.hibernate.SQL - drop table application_order if exists
17:03:30.960 [Test worker] DEBUG org.hibernate.SQL - drop table application_role if exists
17:03:30.960 [Test worker] DEBUG org.hibernate.SQL - drop table application_user if exists
17:03:30.961 [Test worker] DEBUG org.hibernate.SQL - drop table certificate if exists
17:03:30.961 [Test worker] DEBUG org.hibernate.SQL - drop table certificate_tag if exists
17:03:30.961 [Test worker] DEBUG org.hibernate.SQL - drop table entity if exists
17:03:30.961 [Test worker] DEBUG org.hibernate.SQL - drop table order_certificate if exists
17:03:30.961 [Test worker] DEBUG org.hibernate.SQL - drop table tag if exists
17:03:30.962 [Test worker] DEBUG org.hibernate.SQL - create table application_order (id bigint generated by default as identity, active_status boolean, created_at timestamp, user_id bigint, primary key (id))
17:03:30.963 [Test worker] DEBUG org.hibernate.SQL - create table application_role (id bigint generated by default as identity, value varchar(255), primary key (id))
17:03:30.964 [Test worker] DEBUG org.hibernate.SQL - create table application_user (id bigint generated by default as identity, email varchar(255), password varchar(255), refresh_token varchar(255), role_id bigint, primary key (id))
17:03:30.965 [Test worker] DEBUG org.hibernate.SQL - create table certificate (id bigint generated by default as identity, active_status boolean, creation_date date, description varchar(255), expiration_date date, modification_date date, name varchar(255), price decimal(19,2), primary key (id))
17:03:30.966 [Test worker] DEBUG org.hibernate.SQL - create table certificate_tag (certificate_id bigint not null, tag_id bigint not null, primary key (certificate_id, tag_id))
17:03:30.967 [Test worker] DEBUG org.hibernate.SQL - create table entity (id bigint generated by default as identity, primary key (id))
17:03:30.969 [Test worker] DEBUG org.hibernate.SQL - create table order_certificate (id bigint generated by default as identity, expiration_date date, fixed_price decimal(19,2), certificate_id bigint, order_id bigint, primary key (id))
17:03:30.969 [Test worker] DEBUG org.hibernate.SQL - create table tag (id bigint generated by default as identity, title varchar(255), primary key (id))
17:03:30.970 [Test worker] DEBUG org.hibernate.SQL - alter table tag add constraint UK_k5g3urrxw2ym0ls8vo6xfgs65 unique (title)
17:03:30.970 [Test worker] DEBUG org.hibernate.SQL - alter table application_order add constraint FKp4m4jwa9ds4e3gmsdtsvjcty3 foreign key (user_id) references application_user
17:03:30.972 [Test worker] DEBUG org.hibernate.SQL - alter table application_user add constraint FKkb3re6enordhsw7vy7ftgtna4 foreign key (role_id) references application_role
17:03:30.974 [Test worker] DEBUG org.hibernate.SQL - alter table certificate_tag add constraint FKk65jck3ppxm1p372l03sxdtcc foreign key (tag_id) references tag
17:03:30.976 [Test worker] DEBUG org.hibernate.SQL - alter table certificate_tag add constraint FKlrytco6nyamwxl72nog54iymx foreign key (certificate_id) references certificate
17:03:30.978 [Test worker] DEBUG org.hibernate.SQL - alter table order_certificate add constraint FKans0qrkplnas0le7if4ph8n2w foreign key (certificate_id) references certificate
17:03:30.979 [Test worker] DEBUG org.hibernate.SQL - alter table order_certificate add constraint FKlylopteltw5t82w63stck3tb8 foreign key (order_id) references application_order
17:03:30.982 [Test worker] INFO org.hibernate.tool.schema.internal.SchemaCreatorImpl - HHH000476: Executing import script 'org.hibernate.tool.schema.internal.exec.ScriptSourceInputNonExistentImpl@3bb5d12c'
17:03:30.982 [Test worker] DEBUG org.hibernate.query.spi.NamedQueryRepository - Checking 0 named HQL queries
17:03:30.982 [Test worker] DEBUG org.hibernate.query.spi.NamedQueryRepository - Checking 0 named SQL queries
17:03:30.982 [Test worker] DEBUG org.hibernate.internal.SessionFactoryRegistry - Registering SessionFactory: e06d8b13-0f7f-4688-9f29-be5e56e13b38 (<unnamed>)
17:03:30.982 [Test worker] DEBUG org.hibernate.internal.SessionFactoryRegistry - Not binding SessionFactory to JNDI, no JNDI name configured
17:03:30.982 [Test worker] INFO org.springframework.orm.jpa.LocalContainerEntityManagerFactoryBean - Initialized JPA EntityManagerFactory for persistence unit 'default'
17:03:30.983 [Test worker] DEBUG org.springframework.jdbc.datasource.DataSourceUtils - Fetching JDBC Connection from DataSource
17:03:30.983 [Test worker] DEBUG org.springframework.beans.factory.support.DefaultListableBeanFactory - Creating shared instance of singleton bean 'testConfig'
17:03:30.984 [Test worker] DEBUG org.springframework.beans.factory.support.DefaultListableBeanFactory - Creating shared instance of singleton bean 'certificateRepository'
17:03:30.986 [Test worker] DEBUG org.springframework.beans.factory.support.DefaultListableBeanFactory - Creating shared instance of singleton bean 'org.springframework.orm.jpa.SharedEntityManagerCreator#0'
17:03:30.988 [Test worker] DEBUG org.springframework.beans.factory.support.DefaultListableBeanFactory - Creating shared instance of singleton bean 'criteriaBuilderHelper'
17:03:30.989 [Test worker] DEBUG org.springframework.beans.factory.support.DefaultListableBeanFactory - Autowiring by type from bean name 'certificateRepository' via constructor to bean named 'org.springframework.orm.jpa.SharedEntityManagerCreator#0'
17:03:30.989 [Test worker] DEBUG org.springframework.beans.factory.support.DefaultListableBeanFactory - Autowiring by type from bean name 'certificateRepository' via constructor to bean named 'criteriaBuilderHelper'
17:03:30.989 [Test worker] DEBUG org.springframework.beans.factory.support.DefaultListableBeanFactory - Creating shared instance of singleton bean 'orderCertificateRepository'
17:03:30.990 [Test worker] DEBUG org.springframework.beans.factory.support.DefaultListableBeanFactory - Autowiring by type from bean name 'orderCertificateRepository' via constructor to bean named 'org.springframework.orm.jpa.SharedEntityManagerCreator#0'
17:03:30.990 [Test worker] DEBUG org.springframework.beans.factory.support.DefaultListableBeanFactory - Creating shared instance of singleton bean 'orderRepository'
17:03:30.991 [Test worker] DEBUG org.springframework.beans.factory.support.DefaultListableBeanFactory - Autowiring by type from bean name 'orderRepository' via constructor to bean named 'org.springframework.orm.jpa.SharedEntityManagerCreator#0'
17:03:30.991 [Test worker] DEBUG org.springframework.beans.factory.support.DefaultListableBeanFactory - Creating shared instance of singleton bean 'tagRepository'
17:03:30.992 [Test worker] DEBUG org.springframework.beans.factory.support.DefaultListableBeanFactory - Autowiring by type from bean name 'tagRepository' via constructor to bean named 'org.springframework.orm.jpa.SharedEntityManagerCreator#0'
17:03:30.992 [Test worker] DEBUG org.springframework.beans.factory.support.DefaultListableBeanFactory - Creating shared instance of singleton bean 'userRepository'
17:03:30.993 [Test worker] DEBUG org.springframework.beans.factory.support.DefaultListableBeanFactory - Autowiring by type from bean name 'userRepository' via constructor to bean named 'org.springframework.orm.jpa.SharedEntityManagerCreator#0'
17:03:30.993 [Test worker] DEBUG org.springframework.beans.factory.support.DefaultListableBeanFactory - Creating shared instance of singleton bean 'org.springframework.boot.autoconfigure.context.PropertyPlaceholderAutoConfiguration'
17:03:30.993 [Test worker] DEBUG org.springframework.beans.factory.support.DefaultListableBeanFactory - Creating shared instance of singleton bean 'org.springframework.boot.autoconfigure.task.TaskExecutionAutoConfiguration'
17:03:30.994 [Test worker] DEBUG org.springframework.core.LocalVariableTableParameterNameDiscoverer - Cannot find '.class' file for class [class org.springframework.boot.autoconfigure.task.TaskExecutionAutoConfiguration$$EnhancerBySpringCGLIB$$30b471bb] - unable to determine constructor/method parameter names
17:03:30.994 [Test worker] DEBUG org.springframework.beans.factory.support.DefaultListableBeanFactory - Creating shared instance of singleton bean 'spring.task.execution-org.springframework.boot.autoconfigure.task.TaskExecutionProperties'
17:03:30.995 [Test worker] DEBUG org.springframework.beans.factory.support.DefaultListableBeanFactory - Autowiring by type from bean name 'org.springframework.boot.autoconfigure.task.TaskExecutionAutoConfiguration' via constructor to bean named 'spring.task.execution-org.springframework.boot.autoconfigure.task.TaskExecutionProperties'
17:03:30.996 [Test worker] DEBUG org.springframework.beans.factory.support.DefaultListableBeanFactory - Creating shared instance of singleton bean 'taskExecutorBuilder'
17:03:30.996 [Test worker] DEBUG org.springframework.beans.factory.support.DefaultListableBeanFactory - Creating shared instance of singleton bean 'org.springframework.boot.autoconfigure.validation.ValidationAutoConfiguration'
17:03:30.997 [Test worker] DEBUG org.springframework.beans.factory.support.DefaultListableBeanFactory - Creating shared instance of singleton bean 'defaultValidator'
17:03:30.997 [Test worker] DEBUG org.hibernate.validator.internal.engine.resolver.TraversableResolvers - Found javax.persistence.Persistence on classpath containing 'getPersistenceUtil'. Assuming JPA 2 environment. Trying to instantiate JPA aware TraversableResolver
17:03:30.997 [Test worker] DEBUG org.hibernate.validator.internal.engine.resolver.TraversableResolvers - Instantiated JPA aware TraversableResolver of type org.hibernate.validator.internal.engine.resolver.JPATraversableResolver.
17:03:30.997 [Test worker] DEBUG org.hibernate.validator.messageinterpolation.ResourceBundleMessageInterpolator - Loaded expression factory via original TCCL
17:03:30.998 [Test worker] DEBUG org.hibernate.validator.internal.engine.resolver.TraversableResolvers - Found javax.persistence.Persistence on classpath containing 'getPersistenceUtil'. Assuming JPA 2 environment. Trying to instantiate JPA aware TraversableResolver
17:03:30.998 [Test worker] DEBUG org.hibernate.validator.internal.engine.resolver.TraversableResolvers - Instantiated JPA aware TraversableResolver of type org.hibernate.validator.internal.engine.resolver.JPATraversableResolver.
17:03:30.998 [Test worker] DEBUG org.hibernate.validator.internal.engine.ConfigurationImpl - Setting custom MessageInterpolator of type org.springframework.validation.beanvalidation.LocaleContextMessageInterpolator
17:03:30.998 [Test worker] DEBUG org.hibernate.validator.internal.engine.ConfigurationImpl - Setting custom ConstraintValidatorFactory of type org.springframework.validation.beanvalidation.SpringConstraintValidatorFactory
17:03:30.998 [Test worker] DEBUG org.hibernate.validator.internal.engine.ConfigurationImpl - Setting custom ParameterNameProvider of type org.springframework.validation.beanvalidation.LocalValidatorFactoryBean$1
17:03:30.998 [Test worker] DEBUG org.hibernate.validator.internal.xml.config.ValidationXmlParser - Trying to load META-INF/validation.xml for XML based Validator configuration.
17:03:30.998 [Test worker] DEBUG org.hibernate.validator.internal.xml.config.ResourceLoaderHelper - Trying to load META-INF/validation.xml via user class loader
17:03:30.998 [Test worker] DEBUG org.hibernate.validator.internal.xml.config.ResourceLoaderHelper - Trying to load META-INF/validation.xml via TCCL
17:03:30.998 [Test worker] DEBUG org.hibernate.validator.internal.xml.config.ResourceLoaderHelper - Trying to load META-INF/validation.xml via Hibernate Validator's class loader
17:03:30.998 [Test worker] DEBUG org.hibernate.validator.internal.xml.config.ValidationXmlParser - No META-INF/validation.xml found. Using annotation based configuration only.
17:03:31.003 [Test worker] DEBUG org.hibernate.validator.internal.engine.ValidatorFactoryImpl - HV000234: Using org.springframework.validation.beanvalidation.LocaleContextMessageInterpolator as ValidatorFactory-scoped message interpolator.
17:03:31.003 [Test worker] DEBUG org.hibernate.validator.internal.engine.ValidatorFactoryImpl - HV000234: Using org.hibernate.validator.internal.engine.resolver.JPATraversableResolver as ValidatorFactory-scoped traversable resolver.
17:03:31.003 [Test worker] DEBUG org.hibernate.validator.internal.engine.ValidatorFactoryImpl - HV000234: Using org.hibernate.validator.internal.util.ExecutableParameterNameProvider as ValidatorFactory-scoped parameter name provider.
17:03:31.003 [Test worker] DEBUG org.hibernate.validator.internal.engine.ValidatorFactoryImpl - HV000234: Using org.hibernate.validator.internal.engine.DefaultClockProvider as ValidatorFactory-scoped clock provider.
17:03:31.003 [Test worker] DEBUG org.hibernate.validator.internal.engine.ValidatorFactoryImpl - HV000234: Using org.hibernate.validator.internal.engine.scripting.DefaultScriptEvaluatorFactory as ValidatorFactory-scoped script evaluator factory.
17:03:31.004 [Test worker] DEBUG org.springframework.beans.factory.support.DefaultListableBeanFactory - Creating shared instance of singleton bean 'org.springframework.boot.autoconfigure.security.oauth2.client.OAuth2RestOperationsConfiguration$SingletonScopedConfiguration'
17:03:31.005 [Test worker] DEBUG org.springframework.beans.factory.support.DefaultListableBeanFactory - Creating shared instance of singleton bean 'oauth2RemoteResource'
17:03:31.006 [Test worker] DEBUG org.springframework.beans.factory.support.DefaultListableBeanFactory - Creating shared instance of singleton bean 'oauth2ClientContext'
17:03:31.006 [Test worker] DEBUG org.springframework.beans.factory.support.DefaultListableBeanFactory - Creating shared instance of singleton bean 'org.springframework.boot.autoconfigure.security.oauth2.client.OAuth2RestOperationsConfiguration'
17:03:31.006 [Test worker] DEBUG org.springframework.beans.factory.support.DefaultListableBeanFactory - Creating shared instance of singleton bean 'org.springframework.boot.autoconfigure.security.oauth2.OAuth2AutoConfiguration'
17:03:31.007 [Test worker] DEBUG org.springframework.core.LocalVariableTableParameterNameDiscoverer - Cannot find '.class' file for class [class org.springframework.boot.autoconfigure.security.oauth2.OAuth2AutoConfiguration$$EnhancerBySpringCGLIB$$5c5e94e5] - unable to determine constructor/method parameter names
17:03:31.007 [Test worker] DEBUG org.springframework.beans.factory.support.DefaultListableBeanFactory - Creating shared instance of singleton bean 'security.oauth2.client-org.springframework.boot.autoconfigure.security.oauth2.OAuth2ClientProperties'
17:03:31.008 [Test worker] DEBUG org.springframework.beans.factory.support.DefaultListableBeanFactory - Autowiring by type from bean name 'org.springframework.boot.autoconfigure.security.oauth2.OAuth2AutoConfiguration' via constructor to bean named 'security.oauth2.client-org.springframework.boot.autoconfigure.security.oauth2.OAuth2ClientProperties'
17:03:31.008 [Test worker] DEBUG org.springframework.beans.factory.support.DefaultListableBeanFactory - Creating shared instance of singleton bean 'resourceServerProperties'
17:03:31.009 [Test worker] DEBUG org.springframework.beans.factory.support.DefaultListableBeanFactory - Creating shared instance of singleton bean 'org.springframework.boot.autoconfigure.jmx.JmxAutoConfiguration'
17:03:31.010 [Test worker] DEBUG org.springframework.beans.factory.support.DefaultListableBeanFactory - Creating shared instance of singleton bean 'mbeanExporter'
17:03:31.010 [Test worker] DEBUG org.springframework.beans.factory.support.DefaultListableBeanFactory - Creating shared instance of singleton bean 'objectNamingStrategy'
17:03:31.011 [Test worker] DEBUG org.springframework.beans.factory.support.DefaultListableBeanFactory - Autowiring by type from bean name 'mbeanExporter' via factory method to bean named 'objectNamingStrategy'
17:03:31.011 [Test worker] DEBUG org.springframework.beans.factory.support.DefaultListableBeanFactory - Creating shared instance of singleton bean 'mbeanServer'
17:03:31.012 [Test worker] DEBUG org.springframework.jmx.support.JmxUtils - Found MBeanServer: com.sun.jmx.mbeanserver.JmxMBeanServer@bc10b92
17:03:31.013 [Test worker] DEBUG org.springframework.beans.factory.support.DefaultListableBeanFactory - Creating shared instance of singleton bean 'org.springframework.boot.autoconfigure.aop.AopAutoConfiguration$CglibAutoProxyConfiguration'
17:03:31.013 [Test worker] DEBUG org.springframework.beans.factory.support.DefaultListableBeanFactory - Creating shared instance of singleton bean 'org.springframework.boot.autoconfigure.aop.AopAutoConfiguration'
17:03:31.014 [Test worker] DEBUG org.springframework.beans.factory.support.DefaultListableBeanFactory - Creating shared instance of singleton bean 'org.springframework.boot.autoconfigure.transaction.jta.JtaAutoConfiguration'
17:03:31.014 [Test worker] DEBUG org.springframework.beans.factory.support.DefaultListableBeanFactory - Creating shared instance of singleton bean 'org.springframework.boot.autoconfigure.jdbc.DataSourceJmxConfiguration$Hikari'
17:03:31.014 [Test worker] DEBUG org.springframework.core.LocalVariableTableParameterNameDiscoverer - Cannot find '.class' file for class [class org.springframework.boot.autoconfigure.jdbc.DataSourceJmxConfiguration$Hikari$$EnhancerBySpringCGLIB$$8eb93a4f] - unable to determine constructor/method parameter names
17:03:31.015 [Test worker] DEBUG org.springframework.beans.factory.support.DefaultListableBeanFactory - Autowiring by type from bean name 'org.springframework.boot.autoconfigure.jdbc.DataSourceJmxConfiguration$Hikari' via constructor to bean named 'dataSource'
17:03:31.015 [Test worker] DEBUG org.springframework.beans.factory.support.DefaultListableBeanFactory - Creating shared instance of singleton bean 'org.springframework.boot.autoconfigure.jdbc.DataSourceJmxConfiguration'
17:03:31.016 [Test worker] DEBUG org.springframework.beans.factory.support.DefaultListableBeanFactory - Creating shared instance of singleton bean 'org.springframework.boot.autoconfigure.jdbc.DataSourceAutoConfiguration$PooledDataSourceConfiguration'
17:03:31.016 [Test worker] DEBUG org.springframework.beans.factory.support.DefaultListableBeanFactory - Creating shared instance of singleton bean 'org.springframework.boot.autoconfigure.jdbc.metadata.DataSourcePoolMetadataProvidersConfiguration'
17:03:31.016 [Test worker] DEBUG org.springframework.beans.factory.support.DefaultListableBeanFactory - Creating shared instance of singleton bean 'org.springframework.boot.autoconfigure.jdbc.DataSourceInitializationConfiguration'
17:03:31.016 [Test worker] DEBUG org.springframework.beans.factory.support.DefaultListableBeanFactory - Creating shared instance of singleton bean 'org.springframework.boot.autoconfigure.jdbc.DataSourceAutoConfiguration'
17:03:31.017 [Test worker] DEBUG org.springframework.beans.factory.support.DefaultListableBeanFactory - Creating shared instance of singleton bean 'transactionManager'
17:03:31.017 [Test worker] DEBUG org.springframework.beans.factory.support.DefaultListableBeanFactory - Creating shared instance of singleton bean 'org.springframework.boot.autoconfigure.orm.jpa.HibernateJpaAutoConfiguration'
17:03:31.018 [Test worker] DEBUG org.springframework.beans.factory.support.DefaultListableBeanFactory - Creating shared instance of singleton bean 'org.springframework.boot.autoconfigure.context.ConfigurationPropertiesAutoConfiguration'
17:03:31.018 [Test worker] DEBUG org.springframework.beans.factory.support.DefaultListableBeanFactory - Creating shared instance of singleton bean 'org.springframework.boot.autoconfigure.dao.PersistenceExceptionTranslationAutoConfiguration'
17:03:31.018 [Test worker] DEBUG org.springframework.beans.factory.support.DefaultListableBeanFactory - Creating shared instance of singleton bean 'org.springframework.boot.autoconfigure.data.jpa.JpaRepositoriesAutoConfiguration'
17:03:31.019 [Test worker] DEBUG org.springframework.beans.factory.support.DefaultListableBeanFactory - Creating shared instance of singleton bean 'org.springframework.data.jpa.util.JpaMetamodelCacheCleanup'
17:03:31.019 [Test worker] DEBUG org.springframework.beans.factory.support.DefaultListableBeanFactory - Creating shared instance of singleton bean 'org.springframework.data.jpa.repository.support.JpaEvaluationContextExtension'
17:03:31.019 [Test worker] DEBUG org.springframework.beans.factory.support.DefaultListableBeanFactory - Creating shared instance of singleton bean 'org.springframework.boot.autoconfigure.jackson.JacksonAutoConfiguration$Jackson2ObjectMapperBuilderCustomizerConfiguration'
17:03:31.020 [Test worker] DEBUG org.springframework.beans.factory.support.DefaultListableBeanFactory - Creating shared instance of singleton bean 'standardJacksonObjectMapperBuilderCustomizer'
17:03:31.021 [Test worker] DEBUG org.springframework.beans.factory.support.DefaultListableBeanFactory - Creating shared instance of singleton bean 'spring.jackson-org.springframework.boot.autoconfigure.jackson.JacksonProperties'
17:03:31.022 [Test worker] DEBUG org.springframework.beans.factory.support.DefaultListableBeanFactory - Autowiring by type from bean name 'standardJacksonObjectMapperBuilderCustomizer' via factory method to bean named 'org.springframework.context.support.GenericApplicationContext@6de81c88'
17:03:31.022 [Test worker] DEBUG org.springframework.beans.factory.support.DefaultListableBeanFactory - Autowiring by type from bean name 'standardJacksonObjectMapperBuilderCustomizer' via factory method to bean named 'spring.jackson-org.springframework.boot.autoconfigure.jackson.JacksonProperties'
17:03:31.022 [Test worker] DEBUG org.springframework.beans.factory.support.DefaultListableBeanFactory - Creating shared instance of singleton bean 'org.springframework.boot.autoconfigure.jackson.JacksonAutoConfiguration$JacksonObjectMapperBuilderConfiguration'
17:03:31.022 [Test worker] DEBUG org.springframework.core.LocalVariableTableParameterNameDiscoverer - Cannot find '.class' file for class [class org.springframework.boot.autoconfigure.jackson.JacksonAutoConfiguration$JacksonObjectMapperBuilderConfiguration$$EnhancerBySpringCGLIB$$b2f51a8f] - unable to determine constructor/method parameter names
17:03:31.022 [Test worker] DEBUG org.springframework.beans.factory.support.DefaultListableBeanFactory - Autowiring by type from bean name 'org.springframework.boot.autoconfigure.jackson.JacksonAutoConfiguration$JacksonObjectMapperBuilderConfiguration' via constructor to bean named 'org.springframework.context.support.GenericApplicationContext@6de81c88'
17:03:31.023 [Test worker] DEBUG org.springframework.beans.factory.support.DefaultListableBeanFactory - Creating shared instance of singleton bean 'jacksonObjectMapperBuilder'
17:03:31.023 [Test worker] DEBUG org.springframework.beans.factory.support.DefaultListableBeanFactory - Autowiring by type from bean name 'jacksonObjectMapperBuilder' via factory method to bean named 'standardJacksonObjectMapperBuilderCustomizer'
17:03:31.023 [Test worker] DEBUG org.springframework.beans.factory.support.DefaultListableBeanFactory - Creating shared instance of singleton bean 'parameterNamesModule'
17:03:31.024 [Test worker] DEBUG org.springframework.beans.factory.support.DefaultListableBeanFactory - Creating shared instance of singleton bean 'org.springframework.boot.autoconfigure.jackson.JacksonAutoConfiguration$ParameterNamesModuleConfiguration'
17:03:31.024 [Test worker] DEBUG org.springframework.beans.factory.support.DefaultListableBeanFactory - Creating shared instance of singleton bean 'jsonComponentModule'
17:03:31.024 [Test worker] DEBUG org.springframework.beans.factory.support.DefaultListableBeanFactory - Creating shared instance of singleton bean 'org.springframework.boot.autoconfigure.jackson.JacksonAutoConfiguration'
17:03:31.026 [Test worker] DEBUG org.springframework.beans.factory.support.DefaultListableBeanFactory - Creating shared instance of singleton bean 'org.springframework.boot.autoconfigure.jackson.JacksonAutoConfiguration$JacksonObjectMapperConfiguration'
17:03:31.027 [Test worker] DEBUG org.springframework.beans.factory.support.DefaultListableBeanFactory - Creating shared instance of singleton bean 'jacksonObjectMapper'
17:03:31.027 [Test worker] DEBUG org.springframework.beans.factory.support.DefaultListableBeanFactory - Autowiring by type from bean name 'jacksonObjectMapper' via factory method to bean named 'jacksonObjectMapperBuilder'
17:03:31.031 [Test worker] DEBUG org.springframework.beans.factory.support.DefaultListableBeanFactory - Creating shared instance of singleton bean 'org.springframework.boot.autoconfigure.http.HttpMessageConvertersAutoConfiguration$StringHttpMessageConverterConfiguration'
17:03:31.031 [Test worker] DEBUG org.springframework.core.LocalVariableTableParameterNameDiscoverer - Cannot find '.class' file for class [class org.springframework.boot.autoconfigure.http.HttpMessageConvertersAutoConfiguration$StringHttpMessageConverterConfiguration$$EnhancerBySpringCGLIB$$f2566b19] - unable to determine constructor/method parameter names
17:03:31.031 [Test worker] DEBUG org.springframework.beans.factory.support.DefaultListableBeanFactory - Creating shared instance of singleton bean 'spring.http-org.springframework.boot.autoconfigure.http.HttpProperties'
17:03:31.032 [Test worker] DEBUG org.springframework.beans.factory.support.DefaultListableBeanFactory - Autowiring by type from bean name 'org.springframework.boot.autoconfigure.http.HttpMessageConvertersAutoConfiguration$StringHttpMessageConverterConfiguration' via constructor to bean named 'spring.http-org.springframework.boot.autoconfigure.http.HttpProperties'
17:03:31.032 [Test worker] DEBUG org.springframework.beans.factory.support.DefaultListableBeanFactory - Creating shared instance of singleton bean 'stringHttpMessageConverter'
17:03:31.033 [Test worker] DEBUG org.springframework.beans.factory.support.DefaultListableBeanFactory - Creating shared instance of singleton bean 'org.springframework.boot.autoconfigure.http.JacksonHttpMessageConvertersConfiguration$MappingJackson2HttpMessageConverterConfiguration'
17:03:31.033 [Test worker] DEBUG org.springframework.beans.factory.support.DefaultListableBeanFactory - Creating shared instance of singleton bean 'mappingJackson2HttpMessageConverter'
17:03:31.034 [Test worker] DEBUG org.springframework.beans.factory.support.DefaultListableBeanFactory - Autowiring by type from bean name 'mappingJackson2HttpMessageConverter' via factory method to bean named 'jacksonObjectMapper'
17:03:31.035 [Test worker] DEBUG org.springframework.beans.factory.support.DefaultListableBeanFactory - Creating shared instance of singleton bean 'org.springframework.boot.autoconfigure.http.JacksonHttpMessageConvertersConfiguration'
17:03:31.035 [Test worker] DEBUG org.springframework.beans.factory.support.DefaultListableBeanFactory - Creating shared instance of singleton bean 'org.springframework.boot.autoconfigure.http.HttpMessageConvertersAutoConfiguration'
17:03:31.035 [Test worker] DEBUG org.springframework.core.LocalVariableTableParameterNameDiscoverer - Cannot find '.class' file for class [class org.springframework.boot.autoconfigure.http.HttpMessageConvertersAutoConfiguration$$EnhancerBySpringCGLIB$$bf48a479] - unable to determine constructor/method parameter names
17:03:31.036 [Test worker] DEBUG org.springframework.beans.factory.support.DefaultListableBeanFactory - Creating shared instance of singleton bean 'messageConverters'
17:03:31.039 [Test worker] DEBUG org.springframework.beans.factory.support.DefaultListableBeanFactory - Creating shared instance of singleton bean 'org.springframework.boot.autoconfigure.http.codec.CodecsAutoConfiguration$LoggingCodecConfiguration'
17:03:31.039 [Test worker] DEBUG org.springframework.beans.factory.support.DefaultListableBeanFactory - Creating shared instance of singleton bean 'loggingCodecCustomizer'
17:03:31.039 [Test worker] DEBUG org.springframework.beans.factory.support.DefaultListableBeanFactory - Autowiring by type from bean name 'loggingCodecCustomizer' via factory method to bean named 'spring.http-org.springframework.boot.autoconfigure.http.HttpProperties'
17:03:31.040 [Test worker] DEBUG org.springframework.beans.factory.support.DefaultListableBeanFactory - Creating shared instance of singleton bean 'org.springframework.boot.autoconfigure.http.codec.CodecsAutoConfiguration$JacksonCodecConfiguration'
17:03:31.040 [Test worker] DEBUG org.springframework.beans.factory.support.DefaultListableBeanFactory - Creating shared instance of singleton bean 'jacksonCodecCustomizer'
17:03:31.040 [Test worker] DEBUG org.springframework.beans.factory.support.DefaultListableBeanFactory - Autowiring by type from bean name 'jacksonCodecCustomizer' via factory method to bean named 'jacksonObjectMapper'
17:03:31.041 [Test worker] DEBUG org.springframework.beans.factory.support.DefaultListableBeanFactory - Creating shared instance of singleton bean 'org.springframework.boot.autoconfigure.http.codec.CodecsAutoConfiguration'
17:03:31.041 [Test worker] DEBUG org.springframework.beans.factory.support.DefaultListableBeanFactory - Creating shared instance of singleton bean 'org.springframework.boot.autoconfigure.info.ProjectInfoAutoConfiguration'
17:03:31.041 [Test worker] DEBUG org.springframework.core.LocalVariableTableParameterNameDiscoverer - Cannot find '.class' file for class [class org.springframework.boot.autoconfigure.info.ProjectInfoAutoConfiguration$$EnhancerBySpringCGLIB$$e10ee5fe] - unable to determine constructor/method parameter names
17:03:31.041 [Test worker] DEBUG org.springframework.beans.factory.support.DefaultListableBeanFactory - Creating shared instance of singleton bean 'spring.info-org.springframework.boot.autoconfigure.info.ProjectInfoProperties'
17:03:31.042 [Test worker] DEBUG org.springframework.beans.factory.support.DefaultListableBeanFactory - Autowiring by type from bean name 'org.springframework.boot.autoconfigure.info.ProjectInfoAutoConfiguration' via constructor to bean named 'spring.info-org.springframework.boot.autoconfigure.info.ProjectInfoProperties'
17:03:31.042 [Test worker] DEBUG org.springframework.beans.factory.support.DefaultListableBeanFactory - Creating shared instance of singleton bean 'org.springframework.boot.autoconfigure.jdbc.JdbcTemplateAutoConfiguration$JdbcTemplateConfiguration'
17:03:31.043 [Test worker] DEBUG org.springframework.core.LocalVariableTableParameterNameDiscoverer - Cannot find '.class' file for class [class org.springframework.boot.autoconfigure.jdbc.JdbcTemplateAutoConfiguration$JdbcTemplateConfiguration$$EnhancerBySpringCGLIB$$bda00752] - unable to determine constructor/method parameter names
17:03:31.043 [Test worker] DEBUG org.springframework.beans.factory.support.DefaultListableBeanFactory - Creating shared instance of singleton bean 'spring.jdbc-org.springframework.boot.autoconfigure.jdbc.JdbcProperties'
17:03:31.044 [Test worker] DEBUG org.springframework.beans.factory.support.DefaultListableBeanFactory - Autowiring by type from bean name 'org.springframework.boot.autoconfigure.jdbc.JdbcTemplateAutoConfiguration$JdbcTemplateConfiguration' via constructor to bean named 'dataSource'
17:03:31.044 [Test worker] DEBUG org.springframework.beans.factory.support.DefaultListableBeanFactory - Autowiring by type from bean name 'org.springframework.boot.autoconfigure.jdbc.JdbcTemplateAutoConfiguration$JdbcTemplateConfiguration' via constructor to bean named 'spring.jdbc-org.springframework.boot.autoconfigure.jdbc.JdbcProperties'
17:03:31.044 [Test worker] DEBUG org.springframework.beans.factory.support.DefaultListableBeanFactory - Creating shared instance of singleton bean 'jdbcTemplate'
17:03:31.046 [Test worker] DEBUG org.springframework.beans.factory.support.DefaultListableBeanFactory - Creating shared instance of singleton bean 'org.springframework.boot.autoconfigure.jdbc.JdbcTemplateAutoConfiguration$NamedParameterJdbcTemplateConfiguration'
17:03:31.047 [Test worker] DEBUG org.springframework.beans.factory.support.DefaultListableBeanFactory - Creating shared instance of singleton bean 'namedParameterJdbcTemplate'
17:03:31.047 [Test worker] DEBUG org.springframework.beans.factory.support.DefaultListableBeanFactory - Autowiring by type from bean name 'namedParameterJdbcTemplate' via factory method to bean named 'jdbcTemplate'
17:03:31.048 [Test worker] DEBUG org.springframework.beans.factory.support.DefaultListableBeanFactory - Creating shared instance of singleton bean 'org.springframework.boot.autoconfigure.jdbc.JdbcTemplateAutoConfiguration'
17:03:31.048 [Test worker] DEBUG org.springframework.beans.factory.support.DefaultListableBeanFactory - Creating shared instance of singleton bean 'org.springframework.boot.autoconfigure.security.servlet.SecurityAutoConfiguration'
17:03:31.049 [Test worker] DEBUG org.springframework.beans.factory.support.DefaultListableBeanFactory - Creating shared instance of singleton bean 'authenticationEventPublisher'
17:03:31.049 [Test worker] DEBUG org.springframework.beans.factory.support.DefaultListableBeanFactory - Autowiring by type from bean name 'authenticationEventPublisher' via factory method to bean named 'org.springframework.context.support.GenericApplicationContext@6de81c88'
17:03:31.049 [Test worker] DEBUG org.springframework.beans.factory.support.DefaultListableBeanFactory - Creating shared instance of singleton bean 'spring.security-org.springframework.boot.autoconfigure.security.SecurityProperties'
17:03:31.050 [Test worker] DEBUG org.springframework.beans.factory.support.DefaultListableBeanFactory - Creating shared instance of singleton bean 'org.springframework.boot.autoconfigure.task.TaskSchedulingAutoConfiguration'
17:03:31.050 [Test worker] DEBUG org.springframework.beans.factory.support.DefaultListableBeanFactory - Creating shared instance of singleton bean 'taskSchedulerBuilder'
17:03:31.050 [Test worker] DEBUG org.springframework.beans.factory.support.DefaultListableBeanFactory - Creating shared instance of singleton bean 'spring.task.scheduling-org.springframework.boot.autoconfigure.task.TaskSchedulingProperties'
17:03:31.051 [Test worker] DEBUG org.springframework.beans.factory.support.DefaultListableBeanFactory - Autowiring by type from bean name 'taskSchedulerBuilder' via factory method to bean named 'spring.task.scheduling-org.springframework.boot.autoconfigure.task.TaskSchedulingProperties'
17:03:31.051 [Test worker] DEBUG org.springframework.beans.factory.support.DefaultListableBeanFactory - Creating shared instance of singleton bean 'org.springframework.boot.autoconfigure.jdbc.DataSourceTransactionManagerAutoConfiguration$DataSourceTransactionManagerConfiguration'
17:03:31.052 [Test worker] DEBUG org.springframework.core.LocalVariableTableParameterNameDiscoverer - Cannot find '.class' file for class [class org.springframework.boot.autoconfigure.jdbc.DataSourceTransactionManagerAutoConfiguration$DataSourceTransactionManagerConfiguration$$EnhancerBySpringCGLIB$$52157154] - unable to determine constructor/method parameter names
17:03:31.052 [Test worker] DEBUG org.springframework.beans.factory.support.DefaultListableBeanFactory - Autowiring by type from bean name 'org.springframework.boot.autoconfigure.jdbc.DataSourceTransactionManagerAutoConfiguration$DataSourceTransactionManagerConfiguration' via constructor to bean named 'dataSource'
17:03:31.052 [Test worker] DEBUG org.springframework.beans.factory.support.DefaultListableBeanFactory - Creating shared instance of singleton bean 'org.springframework.boot.autoconfigure.jdbc.DataSourceTransactionManagerAutoConfiguration'
17:03:31.053 [Test worker] DEBUG org.springframework.beans.factory.support.DefaultListableBeanFactory - Creating shared instance of singleton bean 'org.springframework.boot.autoconfigure.transaction.TransactionAutoConfiguration$EnableTransactionManagementConfiguration$CglibAutoProxyConfiguration'
17:03:31.053 [Test worker] DEBUG org.springframework.beans.factory.support.DefaultListableBeanFactory - Creating shared instance of singleton bean 'org.springframework.boot.autoconfigure.transaction.TransactionAutoConfiguration$EnableTransactionManagementConfiguration'
17:03:31.053 [Test worker] DEBUG org.springframework.beans.factory.support.DefaultListableBeanFactory - Creating shared instance of singleton bean 'org.springframework.boot.autoconfigure.transaction.TransactionAutoConfiguration$TransactionTemplateConfiguration'
17:03:31.054 [Test worker] DEBUG org.springframework.core.LocalVariableTableParameterNameDiscoverer - Cannot find '.class' file for class [class org.springframework.boot.autoconfigure.transaction.TransactionAutoConfiguration$TransactionTemplateConfiguration$$EnhancerBySpringCGLIB$$a39f3627] - unable to determine constructor/method parameter names
17:03:31.054 [Test worker] DEBUG org.springframework.beans.factory.support.DefaultListableBeanFactory - Autowiring by type from bean name 'org.springframework.boot.autoconfigure.transaction.TransactionAutoConfiguration$TransactionTemplateConfiguration' via constructor to bean named 'transactionManager'
17:03:31.054 [Test worker] DEBUG org.springframework.beans.factory.support.DefaultListableBeanFactory - Creating shared instance of singleton bean 'transactionTemplate'
17:03:31.055 [Test worker] DEBUG org.springframework.beans.factory.support.DefaultListableBeanFactory - Creating shared instance of singleton bean 'org.springframework.boot.autoconfigure.web.client.RestTemplateAutoConfiguration'
17:03:31.055 [Test worker] DEBUG org.springframework.core.LocalVariableTableParameterNameDiscoverer - Cannot find '.class' file for class [class org.springframework.boot.autoconfigure.web.client.RestTemplateAutoConfiguration$$EnhancerBySpringCGLIB$$402ad266] - unable to determine constructor/method parameter names
17:03:31.056 [Test worker] DEBUG org.springframework.beans.factory.support.DefaultListableBeanFactory - Creating shared instance of singleton bean 'restTemplateBuilder'
17:03:31.059 [Test worker] DEBUG org.springframework.jmx.export.annotation.AnnotationMBeanExporter - Registering beans for JMX exposure on startup
17:03:31.059 [Test worker] DEBUG org.springframework.jmx.export.annotation.AnnotationMBeanExporter - Autodetecting user-defined JMX MBeans
17:03:31.060 [Test worker] DEBUG org.springframework.jmx.export.annotation.AnnotationMBeanExporter - Bean with name 'dataSource' has been autodetected for JMX exposure
17:03:31.061 [Test worker] DEBUG org.springframework.jmx.export.annotation.AnnotationMBeanExporter - Located MBean 'dataSource': registering with JMX server as MBean [com.zaxxer.hikari:name=dataSource,type=HikariDataSource]
17:03:31.062 [Test worker] DEBUG org.springframework.test.context.cache.DefaultCacheAwareContextLoaderDelegate - Storing ApplicationContext in cache under key [[MergedContextConfiguration@152ba806 testClass = CertificateRepositoryTest, locations = '{}', classes = '{class com.epam.esm.TestConfig}', contextInitializerClasses = '[]', activeProfiles = '{}', propertySourceLocations = '{}', propertySourceProperties = '{}', contextCustomizers = set[[empty]], contextLoader = 'org.springframework.test.context.support.DelegatingSmartContextLoader', parent = [null]]]
17:03:31.062 [Test worker] DEBUG org.springframework.test.context.cache - Spring test ApplicationContext cache statistics: [DefaultContextCache@2bed31e4 size = 1, maxSize = 32, parentContextCount = 0, hitCount = 5, missCount = 6]
17:03:31.064 [Test worker] DEBUG org.springframework.test.context.support.AbstractDirtiesContextTestExecutionListener - Before test method: context [DefaultTestContext@6e844a53 testClass = CertificateRepositoryTest, testInstance = com.epam.esm.repository.CertificateRepositoryTest@7b7079fc, testMethod = findByOrder@CertificateRepositoryTest, testException = [null], mergedContextConfiguration = [MergedContextConfiguration@152ba806 testClass = CertificateRepositoryTest, locations = '{}', classes = '{class com.epam.esm.TestConfig}', contextInitializerClasses = '[]', activeProfiles = '{}', propertySourceLocations = '{}', propertySourceProperties = '{}', contextCustomizers = set[[empty]], contextLoader = 'org.springframework.test.context.support.DelegatingSmartContextLoader', parent = [null]], attributes = map[[empty]]], class annotated with @DirtiesContext [true] with mode [AFTER_EACH_TEST_METHOD], method annotated with @DirtiesContext [false] with mode [null].
17:03:31.064 [Test worker] DEBUG org.springframework.test.context.transaction.TransactionalTestExecutionListener - Explicit transaction definition [PROPAGATION_REQUIRED,ISOLATION_DEFAULT] found for test context [DefaultTestContext@6e844a53 testClass = CertificateRepositoryTest, testInstance = com.epam.esm.repository.CertificateRepositoryTest@7b7079fc, testMethod = findByOrder@CertificateRepositoryTest, testException = [null], mergedContextConfiguration = [MergedContextConfiguration@152ba806 testClass = CertificateRepositoryTest, locations = '{}', classes = '{class com.epam.esm.TestConfig}', contextInitializerClasses = '[]', activeProfiles = '{}', propertySourceLocations = '{}', propertySourceProperties = '{}', contextCustomizers = set[[empty]], contextLoader = 'org.springframework.test.context.support.DelegatingSmartContextLoader', parent = [null]], attributes = map[[empty]]]
17:03:31.064 [Test worker] DEBUG org.springframework.test.context.cache.DefaultCacheAwareContextLoaderDelegate - Retrieved ApplicationContext from cache with key [[MergedContextConfiguration@152ba806 testClass = CertificateRepositoryTest, locations = '{}', classes = '{class com.epam.esm.TestConfig}', contextInitializerClasses = '[]', activeProfiles = '{}', propertySourceLocations = '{}', propertySourceProperties = '{}', contextCustomizers = set[[empty]], contextLoader = 'org.springframework.test.context.support.DelegatingSmartContextLoader', parent = [null]]]
17:03:31.064 [Test worker] DEBUG org.springframework.test.context.cache - Spring test ApplicationContext cache statistics: [DefaultContextCache@2bed31e4 size = 1, maxSize = 32, parentContextCount = 0, hitCount = 6, missCount = 6]
17:03:31.064 [Test worker] DEBUG org.springframework.test.context.transaction.TransactionalTestExecutionListener - No method-level @Rollback override: using default rollback [true] for test context [DefaultTestContext@6e844a53 testClass = CertificateRepositoryTest, testInstance = com.epam.esm.repository.CertificateRepositoryTest@7b7079fc, testMethod = findByOrder@CertificateRepositoryTest, testException = [null], mergedContextConfiguration = [MergedContextConfiguration@152ba806 testClass = CertificateRepositoryTest, locations = '{}', classes = '{class com.epam.esm.TestConfig}', contextInitializerClasses = '[]', activeProfiles = '{}', propertySourceLocations = '{}', propertySourceProperties = '{}', contextCustomizers = set[[empty]], contextLoader = 'org.springframework.test.context.support.DelegatingSmartContextLoader', parent = [null]], attributes = map[[empty]]].
17:03:31.065 [Test worker] DEBUG org.springframework.orm.jpa.JpaTransactionManager - Creating new transaction with name [com.epam.esm.repository.CertificateRepositoryTest.findByOrder]: PROPAGATION_REQUIRED,ISOLATION_DEFAULT
17:03:31.065 [Test worker] DEBUG org.hibernate.stat.internal.StatisticsInitiator - Statistics initialized [enabled=false]
17:03:31.065 [Test worker] DEBUG org.springframework.orm.jpa.JpaTransactionManager - Opened new EntityManager [SessionImpl(77842564<open>)] for JPA transaction
17:03:31.065 [Test worker] DEBUG org.hibernate.engine.transaction.internal.TransactionImpl - On TransactionImpl creation, JpaCompliance#isJpaTransactionComplianceEnabled == false
17:03:31.065 [Test worker] DEBUG org.hibernate.engine.transaction.internal.TransactionImpl - begin
17:03:31.065 [Test worker] DEBUG org.springframework.orm.jpa.JpaTransactionManager - Exposing JPA transaction as JDBC [org.springframework.orm.jpa.vendor.HibernateJpaDialect$HibernateConnectionHandle@2ff724da]
17:03:31.065 [Test worker] INFO org.springframework.test.context.transaction.TransactionContext - Began transaction (1) for test context [DefaultTestContext@6e844a53 testClass = CertificateRepositoryTest, testInstance = com.epam.esm.repository.CertificateRepositoryTest@7b7079fc, testMethod = findByOrder@CertificateRepositoryTest, testException = [null], mergedContextConfiguration = [MergedContextConfiguration@152ba806 testClass = CertificateRepositoryTest, locations = '{}', classes = '{class com.epam.esm.TestConfig}', contextInitializerClasses = '[]', activeProfiles = '{}', propertySourceLocations = '{}', propertySourceProperties = '{}', contextCustomizers = set[[empty]], contextLoader = 'org.springframework.test.context.support.DelegatingSmartContextLoader', parent = [null]], attributes = map[[empty]]]; transaction manager [org.springframework.orm.jpa.JpaTransactionManager@28eac71e]; rollback [true]
17:03:31.066 [Test worker] DEBUG org.springframework.orm.jpa.JpaTransactionManager - Initiating transaction rollback
17:03:31.066 [Test worker] DEBUG org.springframework.orm.jpa.JpaTransactionManager - Rolling back JPA transaction on EntityManager [SessionImpl(77842564<open>)]
17:03:31.066 [Test worker] DEBUG org.hibernate.engine.transaction.internal.TransactionImpl - rolling back
17:03:31.066 [Test worker] DEBUG org.springframework.orm.jpa.JpaTransactionManager - Closing JPA EntityManager [SessionImpl(77842564<open>)] after transaction
17:03:31.066 [Test worker] INFO org.springframework.test.context.transaction.TransactionContext - Rolled back transaction for test context [DefaultTestContext@6e844a53 testClass = CertificateRepositoryTest, testInstance = com.epam.esm.repository.CertificateRepositoryTest@7b7079fc, testMethod = findByOrder@CertificateRepositoryTest, testException = [null], mergedContextConfiguration = [MergedContextConfiguration@152ba806 testClass = CertificateRepositoryTest, locations = '{}', classes = '{class com.epam.esm.TestConfig}', contextInitializerClasses = '[]', activeProfiles = '{}', propertySourceLocations = '{}', propertySourceProperties = '{}', contextCustomizers = set[[empty]], contextLoader = 'org.springframework.test.context.support.DelegatingSmartContextLoader', parent = [null]], attributes = map[[empty]]].
17:03:31.067 [Test worker] DEBUG org.springframework.test.context.support.AbstractDirtiesContextTestExecutionListener - After test method: context [DefaultTestContext@6e844a53 testClass = CertificateRepositoryTest, testInstance = com.epam.esm.repository.CertificateRepositoryTest@7b7079fc, testMethod = findByOrder@CertificateRepositoryTest, testException = [null], mergedContextConfiguration = [MergedContextConfiguration@152ba806 testClass = CertificateRepositoryTest, locations = '{}', classes = '{class com.epam.esm.TestConfig}', contextInitializerClasses = '[]', activeProfiles = '{}', propertySourceLocations = '{}', propertySourceProperties = '{}', contextCustomizers = set[[empty]], contextLoader = 'org.springframework.test.context.support.DelegatingSmartContextLoader', parent = [null]], attributes = map[[empty]]], class annotated with @DirtiesContext [true] with mode [AFTER_EACH_TEST_METHOD], method annotated with @DirtiesContext [false] with mode [null].
17:03:31.067 [Test worker] DEBUG org.springframework.context.support.GenericApplicationContext - Closing org.springframework.context.support.GenericApplicationContext@6de81c88, started on Wed Oct 23 17:03:30 MSK 2019
17:03:31.067 [Test worker] DEBUG org.springframework.jmx.export.annotation.AnnotationMBeanExporter - Unregistering JMX-exposed beans on shutdown
17:03:31.067 [Test worker] DEBUG org.springframework.jmx.export.annotation.AnnotationMBeanExporter - Unregistering JMX-exposed beans
17:03:31.067 [Test worker] INFO org.springframework.orm.jpa.LocalContainerEntityManagerFactoryBean - Closing JPA EntityManagerFactory for persistence unit 'default'
17:03:31.068 [Test worker] DEBUG org.hibernate.internal.SessionFactoryImpl - HHH000031: Closing
17:03:31.068 [Test worker] INFO org.hibernate.tool.schema.internal.SchemaDropperImpl$DelayedDropActionImpl - HHH000477: Starting delayed evictData of schema as part of SessionFactory shut-down'
17:03:31.068 [Test worker] DEBUG org.hibernate.SQL - drop table application_order if exists
17:03:31.069 [Test worker] DEBUG org.hibernate.SQL - drop table application_role if exists
17:03:31.070 [Test worker] DEBUG org.hibernate.SQL - drop table application_user if exists
17:03:31.071 [Test worker] DEBUG org.hibernate.SQL - drop table certificate if exists
17:03:31.071 [Test worker] DEBUG org.hibernate.SQL - drop table certificate_tag if exists
17:03:31.072 [Test worker] DEBUG org.hibernate.SQL - drop table entity if exists
17:03:31.072 [Test worker] DEBUG org.hibernate.SQL - drop table order_certificate if exists
17:03:31.073 [Test worker] DEBUG org.hibernate.SQL - drop table tag if exists
17:03:31.073 [Test worker] DEBUG org.hibernate.type.spi.TypeConfiguration$Scope - Un-scoping TypeConfiguration [org.hibernate.type.spi.TypeConfiguration$Scope@345ac54f] from SessionFactory [org.hibernate.internal.SessionFactoryImpl@266e9548]
17:03:31.073 [Test worker] DEBUG org.hibernate.service.internal.AbstractServiceRegistryImpl - Implicitly destroying ServiceRegistry on de-registration of all child ServiceRegistries
17:03:31.073 [Test worker] DEBUG org.hibernate.boot.registry.internal.BootstrapServiceRegistryImpl - Implicitly destroying Boot-strap registry on de-registration of all child ServiceRegistries
17:03:31.073 [Test worker] INFO com.zaxxer.hikari.HikariDataSource - HikariPool-6 - Shutdown initiated...
17:03:31.074 [Test worker] DEBUG com.zaxxer.hikari.pool.HikariPool - HikariPool-6 - Before shutdown stats (total=10, active=0, idle=10, waiting=0)
17:03:31.074 [HikariPool-6 connection closer] DEBUG com.zaxxer.hikari.pool.PoolBase - HikariPool-6 - Closing connection conn50: url=jdbc:h2:mem:testdb user=SA: (connection evicted)
17:03:31.074 [HikariPool-6 connection closer] DEBUG com.zaxxer.hikari.pool.PoolBase - HikariPool-6 - Closing connection conn51: url=jdbc:h2:mem:testdb user=SA: (connection evicted)
17:03:31.075 [HikariPool-6 connection closer] DEBUG com.zaxxer.hikari.pool.PoolBase - HikariPool-6 - Closing connection conn52: url=jdbc:h2:mem:testdb user=SA: (connection evicted)
17:03:31.075 [HikariPool-6 connection closer] DEBUG com.zaxxer.hikari.pool.PoolBase - HikariPool-6 - Closing connection conn53: url=jdbc:h2:mem:testdb user=SA: (connection evicted)
17:03:31.075 [HikariPool-6 connection closer] DEBUG com.zaxxer.hikari.pool.PoolBase - HikariPool-6 - Closing connection conn54: url=jdbc:h2:mem:testdb user=SA: (connection evicted)
17:03:31.075 [HikariPool-6 connection closer] DEBUG com.zaxxer.hikari.pool.PoolBase - HikariPool-6 - Closing connection conn55: url=jdbc:h2:mem:testdb user=SA: (connection evicted)
17:03:31.075 [HikariPool-6 connection closer] DEBUG com.zaxxer.hikari.pool.PoolBase - HikariPool-6 - Closing connection conn56: url=jdbc:h2:mem:testdb user=SA: (connection evicted)
17:03:31.075 [HikariPool-6 connection closer] DEBUG com.zaxxer.hikari.pool.PoolBase - HikariPool-6 - Closing connection conn57: url=jdbc:h2:mem:testdb user=SA: (connection evicted)
17:03:31.075 [HikariPool-6 connection closer] DEBUG com.zaxxer.hikari.pool.PoolBase - HikariPool-6 - Closing connection conn58: url=jdbc:h2:mem:testdb user=SA: (connection evicted)
17:03:31.075 [HikariPool-6 connection closer] DEBUG com.zaxxer.hikari.pool.PoolBase - HikariPool-6 - Closing connection conn59: url=jdbc:h2:mem:testdb user=SA: (connection evicted)
17:03:31.075 [Test worker] DEBUG com.zaxxer.hikari.pool.HikariPool - HikariPool-6 - After shutdown stats (total=0, active=0, idle=0, waiting=0)
17:03:31.076 [Test worker] INFO com.zaxxer.hikari.HikariDataSource - HikariPool-6 - Shutdown completed.
17:03:31.076 [Test worker] DEBUG org.springframework.test.context.support.DependencyInjectionTestExecutionListener - Performing dependency injection for test context [[DefaultTestContext@6e844a53 testClass = CertificateRepositoryTest, testInstance = com.epam.esm.repository.CertificateRepositoryTest@3860fc42, testMethod = [null], testException = [null], mergedContextConfiguration = [MergedContextConfiguration@152ba806 testClass = CertificateRepositoryTest, locations = '{}', classes = '{class com.epam.esm.TestConfig}', contextInitializerClasses = '[]', activeProfiles = '{}', propertySourceLocations = '{}', propertySourceProperties = '{}', contextCustomizers = set[[empty]], contextLoader = 'org.springframework.test.context.support.DelegatingSmartContextLoader', parent = [null]], attributes = map['org.springframework.test.context.support.DependencyInjectionTestExecutionListener.reinjectDependencies' -> true]]].
17:03:31.076 [Test worker] DEBUG org.springframework.test.context.support.AbstractDelegatingSmartContextLoader - Delegating to AnnotationConfigContextLoader to load context from [MergedContextConfiguration@152ba806 testClass = CertificateRepositoryTest, locations = '{}', classes = '{class com.epam.esm.TestConfig}', contextInitializerClasses = '[]', activeProfiles = '{}', propertySourceLocations = '{}', propertySourceProperties = '{}', contextCustomizers = set[[empty]], contextLoader = 'org.springframework.test.context.support.DelegatingSmartContextLoader', parent = [null]].
17:03:31.076 [Test worker] DEBUG org.springframework.test.context.support.AbstractGenericContextLoader - Loading ApplicationContext for merged context configuration [[MergedContextConfiguration@152ba806 testClass = CertificateRepositoryTest, locations = '{}', classes = '{class com.epam.esm.TestConfig}', contextInitializerClasses = '[]', activeProfiles = '{}', propertySourceLocations = '{}', propertySourceProperties = '{}', contextCustomizers = set[[empty]], contextLoader = 'org.springframework.test.context.support.DelegatingSmartContextLoader', parent = [null]]].
17:03:31.077 [Test worker] DEBUG org.springframework.core.env.StandardEnvironment - Activating profiles []
17:03:31.077 [Test worker] DEBUG org.springframework.test.context.support.AnnotationConfigContextLoader - Registering annotated classes: {class com.epam.esm.TestConfig}
17:03:31.078 [Test worker] DEBUG org.springframework.context.support.GenericApplicationContext - Refreshing org.springframework.context.support.GenericApplicationContext@15bf9dd0
17:03:31.078 [Test worker] DEBUG org.springframework.beans.factory.support.DefaultListableBeanFactory - Creating shared instance of singleton bean 'org.springframework.context.annotation.internalConfigurationAnnotationProcessor'
17:03:31.089 [Test worker] DEBUG org.springframework.context.annotation.ClassPathBeanDefinitionScanner - Identified candidate component class: file [/Users/dzmitryplatonov/Desktop/workdir/giftcertificates/datasource/build/classes/java/main/com/epam/esm/repository/CertificateRepository.class]
17:03:31.089 [Test worker] DEBUG org.springframework.context.annotation.ClassPathBeanDefinitionScanner - Identified candidate component class: file [/Users/dzmitryplatonov/Desktop/workdir/giftcertificates/datasource/build/classes/java/main/com/epam/esm/repository/OrderCertificateRepository.class]
17:03:31.090 [Test worker] DEBUG org.springframework.context.annotation.ClassPathBeanDefinitionScanner - Identified candidate component class: file [/Users/dzmitryplatonov/Desktop/workdir/giftcertificates/datasource/build/classes/java/main/com/epam/esm/repository/OrderRepository.class]
17:03:31.090 [Test worker] DEBUG org.springframework.context.annotation.ClassPathBeanDefinitionScanner - Identified candidate component class: file [/Users/dzmitryplatonov/Desktop/workdir/giftcertificates/datasource/build/classes/java/main/com/epam/esm/repository/TagRepository.class]
17:03:31.090 [Test worker] DEBUG org.springframework.context.annotation.ClassPathBeanDefinitionScanner - Identified candidate component class: file [/Users/dzmitryplatonov/Desktop/workdir/giftcertificates/datasource/build/classes/java/main/com/epam/esm/repository/UserRepository.class]
17:03:31.091 [Test worker] DEBUG org.springframework.context.annotation.ClassPathBeanDefinitionScanner - Identified candidate component class: file [/Users/dzmitryplatonov/Desktop/workdir/giftcertificates/datasource/build/classes/java/main/com/epam/esm/repository/predicate/CriteriaBuilderHelper.class]
17:03:31.166 [Test worker] DEBUG org.springframework.beans.factory.support.DefaultListableBeanFactory - Creating shared instance of singleton bean 'org.springframework.boot.autoconfigure.condition.BeanTypeRegistry'
17:03:31.179 [Test worker] INFO org.springframework.data.repository.config.RepositoryConfigurationDelegate - Bootstrapping Spring Data repositories in DEFAULT mode.
17:03:31.179 [Test worker] DEBUG org.springframework.beans.factory.support.DefaultListableBeanFactory - Creating shared instance of singleton bean 'org.springframework.boot.autoconfigure.AutoConfigurationPackages'
17:03:31.180 [Test worker] DEBUG org.springframework.boot.autoconfigure.AutoConfigurationPackages - @EnableAutoConfiguration was declared on a class in the package 'com.epam.esm'. Automatic @Repository and @Entity scanning is enabled.
17:03:31.180 [Test worker] DEBUG org.springframework.data.repository.config.RepositoryConfigurationDelegate - Scanning for repositories in packages com.epam.esm.
17:03:31.185 [Test worker] INFO org.springframework.data.repository.config.RepositoryConfigurationDelegate - Finished Spring Data repository scanning in 4ms. Found 0 repository interfaces.
17:03:31.202 [Test worker] DEBUG org.springframework.beans.factory.support.DefaultListableBeanFactory - Creating shared instance of singleton bean 'propertySourcesPlaceholderConfigurer'
17:03:31.203 [Test worker] DEBUG org.springframework.beans.factory.support.DefaultListableBeanFactory - Creating shared instance of singleton bean 'emBeanDefinitionRegistrarPostProcessor'
17:03:31.204 [Test worker] DEBUG org.springframework.beans.factory.support.DefaultListableBeanFactory - Creating shared instance of singleton bean 'org.springframework.context.event.internalEventListenerProcessor'
17:03:31.204 [Test worker] DEBUG org.springframework.beans.factory.support.DefaultListableBeanFactory - Creating shared instance of singleton bean 'org.springframework.boot.context.properties.ConfigurationBeanFactoryMetadata'
17:03:31.204 [Test worker] DEBUG org.springframework.beans.factory.support.DefaultListableBeanFactory - Creating shared instance of singleton bean 'org.springframework.context.event.internalEventListenerFactory'
17:03:31.204 [Test worker] DEBUG org.springframework.beans.factory.support.DefaultListableBeanFactory - Creating shared instance of singleton bean 'org.springframework.transaction.config.internalTransactionalEventListenerFactory'
17:03:31.205 [Test worker] DEBUG org.springframework.beans.factory.support.DefaultListableBeanFactory - Creating shared instance of singleton bean 'org.springframework.context.annotation.internalAutowiredAnnotationProcessor'
17:03:31.205 [Test worker] DEBUG org.springframework.beans.factory.support.DefaultListableBeanFactory - Creating shared instance of singleton bean 'org.springframework.context.annotation.internalCommonAnnotationProcessor'
17:03:31.205 [Test worker] DEBUG org.springframework.beans.factory.support.DefaultListableBeanFactory - Creating shared instance of singleton bean 'org.springframework.context.annotation.internalPersistenceAnnotationProcessor'
17:03:31.205 [Test worker] DEBUG org.springframework.beans.factory.support.DefaultListableBeanFactory - Creating shared instance of singleton bean 'org.springframework.boot.context.properties.ConfigurationPropertiesBindingPostProcessor'
17:03:31.205 [Test worker] DEBUG org.springframework.beans.factory.support.DefaultListableBeanFactory - Creating shared instance of singleton bean 'methodValidationPostProcessor'
17:03:31.206 [Test worker] DEBUG org.springframework.beans.factory.support.DefaultListableBeanFactory - Autowiring by type from bean name 'methodValidationPostProcessor' via factory method to bean named 'environment'
17:03:31.207 [Test worker] DEBUG org.springframework.beans.factory.support.DefaultListableBeanFactory - Creating shared instance of singleton bean 'org.springframework.aop.config.internalAutoProxyCreator'
17:03:31.208 [Test worker] DEBUG org.springframework.beans.factory.support.DefaultListableBeanFactory - Creating shared instance of singleton bean 'dataSourceInitializerPostProcessor'
17:03:31.208 [Test worker] DEBUG org.springframework.beans.factory.support.DefaultListableBeanFactory - Creating shared instance of singleton bean 'persistenceExceptionTranslationPostProcessor'
17:03:31.208 [Test worker] DEBUG org.springframework.beans.factory.support.DefaultListableBeanFactory - Autowiring by type from bean name 'persistenceExceptionTranslationPostProcessor' via factory method to bean named 'environment'
17:03:31.209 [Test worker] DEBUG org.springframework.beans.factory.support.DefaultListableBeanFactory - Creating shared instance of singleton bean 'dataSourceInitializedPublisher'
17:03:31.210 [Test worker] DEBUG org.springframework.beans.factory.support.DefaultListableBeanFactory - Creating shared instance of singleton bean 'entityManagerFactory'
17:03:31.210 [Test worker] DEBUG org.springframework.beans.factory.support.DefaultListableBeanFactory - Creating shared instance of singleton bean 'org.springframework.transaction.config.internalTransactionAdvisor'
17:03:31.210 [Test worker] DEBUG org.springframework.beans.factory.support.DefaultListableBeanFactory - Creating shared instance of singleton bean 'org.springframework.transaction.annotation.ProxyTransactionManagementConfiguration'
17:03:31.213 [Test worker] DEBUG org.springframework.beans.factory.support.DefaultListableBeanFactory - Creating shared instance of singleton bean 'transactionAttributeSource'
17:03:31.213 [Test worker] DEBUG org.springframework.beans.factory.support.DefaultListableBeanFactory - Creating shared instance of singleton bean 'transactionInterceptor'
17:03:31.214 [Test worker] DEBUG org.springframework.beans.factory.support.DefaultListableBeanFactory - Creating shared instance of singleton bean 'org.springframework.boot.autoconfigure.orm.jpa.HibernateJpaConfiguration'
17:03:31.214 [Test worker] DEBUG org.springframework.core.LocalVariableTableParameterNameDiscoverer - Cannot find '.class' file for class [class org.springframework.boot.autoconfigure.orm.jpa.HibernateJpaConfiguration$$EnhancerBySpringCGLIB$$c3eb9b54] - unable to determine constructor/method parameter names
17:03:31.215 [Test worker] DEBUG org.springframework.beans.factory.support.DefaultListableBeanFactory - Creating shared instance of singleton bean 'dataSource'
17:03:31.215 [Test worker] DEBUG org.springframework.beans.factory.support.DefaultListableBeanFactory - Creating shared instance of singleton bean 'org.springframework.boot.autoconfigure.jdbc.DataSourceConfiguration$Hikari'
17:03:31.215 [Test worker] DEBUG org.springframework.beans.factory.support.DefaultListableBeanFactory - Creating shared instance of singleton bean 'spring.datasource-org.springframework.boot.autoconfigure.jdbc.DataSourceProperties'
17:03:31.217 [Test worker] DEBUG org.springframework.beans.factory.support.DefaultListableBeanFactory - Autowiring by type from bean name 'dataSource' via factory method to bean named 'spring.datasource-org.springframework.boot.autoconfigure.jdbc.DataSourceProperties'
17:03:31.219 [Test worker] DEBUG com.zaxxer.hikari.HikariConfig - Driver class org.h2.Driver found in Thread context class loader jdk.internal.loader.ClassLoaders$AppClassLoader@2c13da15
17:03:31.224 [Test worker] DEBUG org.springframework.beans.factory.support.DefaultListableBeanFactory - Creating shared instance of singleton bean 'org.springframework.boot.autoconfigure.jdbc.DataSourceInitializerInvoker'
17:03:31.225 [Test worker] DEBUG org.springframework.beans.factory.support.DefaultListableBeanFactory - Autowiring by type from bean name 'org.springframework.boot.autoconfigure.jdbc.DataSourceInitializerInvoker' via constructor to bean named 'spring.datasource-org.springframework.boot.autoconfigure.jdbc.DataSourceProperties'
17:03:31.225 [Test worker] DEBUG org.springframework.beans.factory.support.DefaultListableBeanFactory - Autowiring by type from bean name 'org.springframework.boot.autoconfigure.jdbc.DataSourceInitializerInvoker' via constructor to bean named 'org.springframework.context.support.GenericApplicationContext@15bf9dd0'
17:03:31.226 [Test worker] DEBUG org.springframework.beans.factory.support.DefaultListableBeanFactory - Creating shared instance of singleton bean 'spring.jpa-org.springframework.boot.autoconfigure.orm.jpa.JpaProperties'
17:03:31.228 [Test worker] DEBUG org.springframework.beans.factory.support.DefaultListableBeanFactory - Creating shared instance of singleton bean 'spring.jpa.hibernate-org.springframework.boot.autoconfigure.orm.jpa.HibernateProperties'
17:03:31.229 [Test worker] DEBUG org.springframework.beans.factory.support.DefaultListableBeanFactory - Autowiring by type from bean name 'org.springframework.boot.autoconfigure.orm.jpa.HibernateJpaConfiguration' via constructor to bean named 'dataSource'
17:03:31.229 [Test worker] DEBUG org.springframework.beans.factory.support.DefaultListableBeanFactory - Autowiring by type from bean name 'org.springframework.boot.autoconfigure.orm.jpa.HibernateJpaConfiguration' via constructor to bean named 'spring.jpa-org.springframework.boot.autoconfigure.orm.jpa.JpaProperties'
17:03:31.229 [Test worker] DEBUG org.springframework.beans.factory.support.DefaultListableBeanFactory - Autowiring by type from bean name 'org.springframework.boot.autoconfigure.orm.jpa.HibernateJpaConfiguration' via constructor to bean named 'org.springframework.beans.factory.support.DefaultListableBeanFactory@37a8b86d'
17:03:31.229 [Test worker] DEBUG org.springframework.beans.factory.support.DefaultListableBeanFactory - Autowiring by type from bean name 'org.springframework.boot.autoconfigure.orm.jpa.HibernateJpaConfiguration' via constructor to bean named 'spring.jpa.hibernate-org.springframework.boot.autoconfigure.orm.jpa.HibernateProperties'
17:03:31.229 [Test worker] DEBUG org.springframework.beans.factory.support.DefaultListableBeanFactory - Creating shared instance of singleton bean 'platformTransactionManagerCustomizers'
17:03:31.229 [Test worker] DEBUG org.springframework.beans.factory.support.DefaultListableBeanFactory - Creating shared instance of singleton bean 'org.springframework.boot.autoconfigure.transaction.TransactionAutoConfiguration'
17:03:31.230 [Test worker] DEBUG org.springframework.beans.factory.support.DefaultListableBeanFactory - Creating shared instance of singleton bean 'spring.transaction-org.springframework.boot.autoconfigure.transaction.TransactionProperties'
17:03:31.232 [Test worker] DEBUG org.springframework.beans.factory.support.DefaultListableBeanFactory - Creating shared instance of singleton bean 'hikariPoolDataSourceMetadataProvider'
17:03:31.232 [Test worker] DEBUG org.springframework.beans.factory.support.DefaultListableBeanFactory - Creating shared instance of singleton bean 'org.springframework.boot.autoconfigure.jdbc.metadata.DataSourcePoolMetadataProvidersConfiguration$HikariPoolDataSourceMetadataProviderConfiguration'
17:03:31.234 [Test worker] DEBUG org.springframework.beans.factory.support.DefaultListableBeanFactory - Creating shared instance of singleton bean 'entityManagerFactoryBuilder'
17:03:31.234 [Test worker] DEBUG org.springframework.beans.factory.support.DefaultListableBeanFactory - Creating shared instance of singleton bean 'jpaVendorAdapter'
17:03:31.234 [Test worker] DEBUG org.springframework.jdbc.datasource.DataSourceUtils - Fetching JDBC Connection from DataSource
17:03:31.234 [Test worker] DEBUG com.zaxxer.hikari.HikariConfig - HikariPool-7 - configuration:
17:03:31.235 [Test worker] DEBUG com.zaxxer.hikari.HikariConfig - allowPoolSuspension.............false
17:03:31.235 [Test worker] DEBUG com.zaxxer.hikari.HikariConfig - autoCommit......................true
17:03:31.235 [Test worker] DEBUG com.zaxxer.hikari.HikariConfig - catalog.........................none
17:03:31.235 [Test worker] DEBUG com.zaxxer.hikari.HikariConfig - connectionInitSql...............none
17:03:31.235 [Test worker] DEBUG com.zaxxer.hikari.HikariConfig - connectionTestQuery.............none
17:03:31.235 [Test worker] DEBUG com.zaxxer.hikari.HikariConfig - connectionTimeout...............30000
17:03:31.235 [Test worker] DEBUG com.zaxxer.hikari.HikariConfig - dataSource......................none
17:03:31.235 [Test worker] DEBUG com.zaxxer.hikari.HikariConfig - dataSourceClassName.............none
17:03:31.235 [Test worker] DEBUG com.zaxxer.hikari.HikariConfig - dataSourceJNDI..................none
17:03:31.235 [Test worker] DEBUG com.zaxxer.hikari.HikariConfig - dataSourceProperties............{password=<masked>}
17:03:31.235 [Test worker] DEBUG com.zaxxer.hikari.HikariConfig - driverClassName................."org.h2.Driver"
17:03:31.235 [Test worker] DEBUG com.zaxxer.hikari.HikariConfig - healthCheckProperties...........{}
17:03:31.236 [Test worker] DEBUG com.zaxxer.hikari.HikariConfig - healthCheckRegistry.............none
17:03:31.236 [Test worker] DEBUG com.zaxxer.hikari.HikariConfig - idleTimeout.....................600000
17:03:31.236 [Test worker] DEBUG com.zaxxer.hikari.HikariConfig - initializationFailTimeout.......1
17:03:31.236 [Test worker] DEBUG com.zaxxer.hikari.HikariConfig - isolateInternalQueries..........false
17:03:31.236 [Test worker] DEBUG com.zaxxer.hikari.HikariConfig - jdbcUrl.........................jdbc:h2:mem:testdb;DB_CLOSE_DELAY=-1;DB_CLOSE_ON_EXIT=FALSE
17:03:31.236 [Test worker] DEBUG com.zaxxer.hikari.HikariConfig - leakDetectionThreshold..........0
17:03:31.236 [Test worker] DEBUG com.zaxxer.hikari.HikariConfig - maxLifetime.....................1800000
17:03:31.236 [Test worker] DEBUG com.zaxxer.hikari.HikariConfig - maximumPoolSize.................10
17:03:31.236 [Test worker] DEBUG com.zaxxer.hikari.HikariConfig - metricRegistry..................none
17:03:31.236 [Test worker] DEBUG com.zaxxer.hikari.HikariConfig - metricsTrackerFactory...........none
17:03:31.236 [Test worker] DEBUG com.zaxxer.hikari.HikariConfig - minimumIdle.....................10
17:03:31.236 [Test worker] DEBUG com.zaxxer.hikari.HikariConfig - password........................<masked>
17:03:31.236 [Test worker] DEBUG com.zaxxer.hikari.HikariConfig - poolName........................"HikariPool-7"
17:03:31.236 [Test worker] DEBUG com.zaxxer.hikari.HikariConfig - readOnly........................false
17:03:31.236 [Test worker] DEBUG com.zaxxer.hikari.HikariConfig - registerMbeans..................false
17:03:31.236 [Test worker] DEBUG com.zaxxer.hikari.HikariConfig - scheduledExecutor...............none
17:03:31.236 [Test worker] DEBUG com.zaxxer.hikari.HikariConfig - schema..........................none
17:03:31.236 [Test worker] DEBUG com.zaxxer.hikari.HikariConfig - threadFactory...................internal
17:03:31.237 [Test worker] DEBUG com.zaxxer.hikari.HikariConfig - transactionIsolation............default
17:03:31.237 [Test worker] DEBUG com.zaxxer.hikari.HikariConfig - username........................"sa"
17:03:31.237 [Test worker] DEBUG com.zaxxer.hikari.HikariConfig - validationTimeout...............5000
17:03:31.237 [Test worker] INFO com.zaxxer.hikari.HikariDataSource - HikariPool-7 - Starting...
17:03:31.238 [Test worker] DEBUG com.zaxxer.hikari.pool.HikariPool - HikariPool-7 - Added connection conn60: url=jdbc:h2:mem:testdb user=SA
17:03:31.238 [Test worker] INFO com.zaxxer.hikari.HikariDataSource - HikariPool-7 - Start completed.
17:03:31.238 [Test worker] DEBUG org.springframework.beans.factory.support.DefaultListableBeanFactory - Autowiring by type from bean name 'entityManagerFactoryBuilder' via factory method to bean named 'jpaVendorAdapter'
17:03:31.239 [Test worker] DEBUG org.springframework.beans.factory.support.DefaultListableBeanFactory - Autowiring by type from bean name 'entityManagerFactory' via factory method to bean named 'entityManagerFactoryBuilder'
17:03:31.239 [Test worker] DEBUG org.springframework.jdbc.datasource.DataSourceUtils - Fetching JDBC Connection from DataSource
17:03:31.244 [Test worker] DEBUG org.springframework.orm.jpa.LocalContainerEntityManagerFactoryBean - Building JPA container EntityManagerFactory for persistence unit 'default'
17:03:31.244 [Test worker] DEBUG org.hibernate.jpa.internal.util.LogHelper - PersistenceUnitInfo [
	name: default
	persistence provider classname: null
	classloader: jdk.internal.loader.ClassLoaders$AppClassLoader@2c13da15
	excludeUnlistedClasses: true
	JTA datasource: null
	Non JTA datasource: HikariDataSource (HikariPool-7)
	Transaction type: RESOURCE_LOCAL
	PU root URL: file:/Users/dzmitryplatonov/Desktop/workdir/giftcertificates/datasource/build/classes/java/test/
	Shared Cache Mode: UNSPECIFIED
	Validation Mode: AUTO
	Jar files URLs []
	Managed classes names [
		com.epam.esm.entity.Entity
		com.epam.esm.entity.GiftCertificate
		com.epam.esm.entity.Order
		com.epam.esm.entity.OrderCertificate
		com.epam.esm.entity.Role
		com.epam.esm.entity.Tag
		com.epam.esm.entity.User]
	Mapping files names []
	Properties []
17:03:31.244 [Test worker] DEBUG org.hibernate.integrator.internal.IntegratorServiceImpl - Adding Integrator [org.hibernate.cfg.beanvalidation.BeanValidationIntegrator].
17:03:31.244 [Test worker] DEBUG org.hibernate.integrator.internal.IntegratorServiceImpl - Adding Integrator [org.hibernate.secure.spi.JaccIntegrator].
17:03:31.244 [Test worker] DEBUG org.hibernate.integrator.internal.IntegratorServiceImpl - Adding Integrator [org.hibernate.cache.internal.CollectionCacheInvalidator].
17:03:31.245 [Test worker] DEBUG org.hibernate.service.spi.ServiceBinding - Overriding existing service binding [org.hibernate.secure.spi.JaccService]
17:03:31.246 [Test worker] DEBUG org.hibernate.cache.internal.RegionFactoryInitiator - Cannot default RegionFactory based on registered strategies as `[]` RegionFactory strategies were registered
17:03:31.246 [Test worker] DEBUG org.hibernate.cache.internal.RegionFactoryInitiator - Cache region factory : org.hibernate.cache.internal.NoCachingRegionFactory
17:03:31.246 [Test worker] DEBUG org.hibernate.type.BasicTypeRegistry - Adding type registration boolean -> org.hibernate.type.BooleanType@7a361749
17:03:31.246 [Test worker] DEBUG org.hibernate.type.BasicTypeRegistry - Adding type registration boolean -> org.hibernate.type.BooleanType@7a361749
17:03:31.246 [Test worker] DEBUG org.hibernate.type.BasicTypeRegistry - Adding type registration java.lang.Boolean -> org.hibernate.type.BooleanType@7a361749
17:03:31.246 [Test worker] DEBUG org.hibernate.type.BasicTypeRegistry - Adding type registration numeric_boolean -> org.hibernate.type.NumericBooleanType@35b10044
17:03:31.247 [Test worker] DEBUG org.hibernate.type.BasicTypeRegistry - Adding type registration true_false -> org.hibernate.type.TrueFalseType@1b7f764d
17:03:31.247 [Test worker] DEBUG org.hibernate.type.BasicTypeRegistry - Adding type registration yes_no -> org.hibernate.type.YesNoType@726eb0b7
17:03:31.247 [Test worker] DEBUG org.hibernate.type.BasicTypeRegistry - Adding type registration byte -> org.hibernate.type.ByteType@17cb58e9
17:03:31.247 [Test worker] DEBUG org.hibernate.type.BasicTypeRegistry - Adding type registration byte -> org.hibernate.type.ByteType@17cb58e9
17:03:31.247 [Test worker] DEBUG org.hibernate.type.BasicTypeRegistry - Adding type registration java.lang.Byte -> org.hibernate.type.ByteType@17cb58e9
17:03:31.247 [Test worker] DEBUG org.hibernate.type.BasicTypeRegistry - Adding type registration character -> org.hibernate.type.CharacterType@30f0ba0d
17:03:31.247 [Test worker] DEBUG org.hibernate.type.BasicTypeRegistry - Adding type registration char -> org.hibernate.type.CharacterType@30f0ba0d
17:03:31.247 [Test worker] DEBUG org.hibernate.type.BasicTypeRegistry - Adding type registration java.lang.Character -> org.hibernate.type.CharacterType@30f0ba0d
17:03:31.247 [Test worker] DEBUG org.hibernate.type.BasicTypeRegistry - Adding type registration short -> org.hibernate.type.ShortType@27eea72e
17:03:31.247 [Test worker] DEBUG org.hibernate.type.BasicTypeRegistry - Adding type registration short -> org.hibernate.type.ShortType@27eea72e
17:03:31.247 [Test worker] DEBUG org.hibernate.type.BasicTypeRegistry - Adding type registration java.lang.Short -> org.hibernate.type.ShortType@27eea72e
17:03:31.247 [Test worker] DEBUG org.hibernate.type.BasicTypeRegistry - Adding type registration integer -> org.hibernate.type.IntegerType@3e734867
17:03:31.247 [Test worker] DEBUG org.hibernate.type.BasicTypeRegistry - Adding type registration int -> org.hibernate.type.IntegerType@3e734867
17:03:31.247 [Test worker] DEBUG org.hibernate.type.BasicTypeRegistry - Adding type registration java.lang.Integer -> org.hibernate.type.IntegerType@3e734867
17:03:31.247 [Test worker] DEBUG org.hibernate.type.BasicTypeRegistry - Adding type registration long -> org.hibernate.type.LongType@10654366
17:03:31.247 [Test worker] DEBUG org.hibernate.type.BasicTypeRegistry - Adding type registration long -> org.hibernate.type.LongType@10654366
17:03:31.247 [Test worker] DEBUG org.hibernate.type.BasicTypeRegistry - Adding type registration java.lang.Long -> org.hibernate.type.LongType@10654366
17:03:31.247 [Test worker] DEBUG org.hibernate.type.BasicTypeRegistry - Adding type registration float -> org.hibernate.type.FloatType@1072c4c1
17:03:31.247 [Test worker] DEBUG org.hibernate.type.BasicTypeRegistry - Adding type registration float -> org.hibernate.type.FloatType@1072c4c1
17:03:31.247 [Test worker] DEBUG org.hibernate.type.BasicTypeRegistry - Adding type registration java.lang.Float -> org.hibernate.type.FloatType@1072c4c1
17:03:31.247 [Test worker] DEBUG org.hibernate.type.BasicTypeRegistry - Adding type registration double -> org.hibernate.type.DoubleType@383d90d3
17:03:31.247 [Test worker] DEBUG org.hibernate.type.BasicTypeRegistry - Adding type registration double -> org.hibernate.type.DoubleType@383d90d3
17:03:31.247 [Test worker] DEBUG org.hibernate.type.BasicTypeRegistry - Adding type registration java.lang.Double -> org.hibernate.type.DoubleType@383d90d3
17:03:31.247 [Test worker] DEBUG org.hibernate.type.BasicTypeRegistry - Adding type registration big_decimal -> org.hibernate.type.BigDecimalType@322ff0c5
17:03:31.247 [Test worker] DEBUG org.hibernate.type.BasicTypeRegistry - Adding type registration java.math.BigDecimal -> org.hibernate.type.BigDecimalType@322ff0c5
17:03:31.247 [Test worker] DEBUG org.hibernate.type.BasicTypeRegistry - Adding type registration big_integer -> org.hibernate.type.BigIntegerType@219d1f47
17:03:31.247 [Test worker] DEBUG org.hibernate.type.BasicTypeRegistry - Adding type registration java.math.BigInteger -> org.hibernate.type.BigIntegerType@219d1f47
17:03:31.247 [Test worker] DEBUG org.hibernate.type.BasicTypeRegistry - Adding type registration string -> org.hibernate.type.StringType@7b9aad94
17:03:31.247 [Test worker] DEBUG org.hibernate.type.BasicTypeRegistry - Adding type registration java.lang.String -> org.hibernate.type.StringType@7b9aad94
17:03:31.247 [Test worker] DEBUG org.hibernate.type.BasicTypeRegistry - Adding type registration nstring -> org.hibernate.type.StringNVarcharType@39251dc7
17:03:31.247 [Test worker] DEBUG org.hibernate.type.BasicTypeRegistry - Adding type registration ncharacter -> org.hibernate.type.CharacterNCharType@284c8f8b
17:03:31.247 [Test worker] DEBUG org.hibernate.type.BasicTypeRegistry - Adding type registration url -> org.hibernate.type.UrlType@7c5e8cdb
17:03:31.247 [Test worker] DEBUG org.hibernate.type.BasicTypeRegistry - Adding type registration java.net.URL -> org.hibernate.type.UrlType@7c5e8cdb
17:03:31.247 [Test worker] DEBUG org.hibernate.type.BasicTypeRegistry - Adding type registration Duration -> org.hibernate.type.DurationType@5502b9d6
17:03:31.247 [Test worker] DEBUG org.hibernate.type.BasicTypeRegistry - Adding type registration java.time.Duration -> org.hibernate.type.DurationType@5502b9d6
17:03:31.247 [Test worker] DEBUG org.hibernate.type.BasicTypeRegistry - Adding type registration Instant -> org.hibernate.type.InstantType@52dea51b
17:03:31.248 [Test worker] DEBUG org.hibernate.type.BasicTypeRegistry - Adding type registration java.time.Instant -> org.hibernate.type.InstantType@52dea51b
17:03:31.248 [Test worker] DEBUG org.hibernate.type.BasicTypeRegistry - Adding type registration LocalDateTime -> org.hibernate.type.LocalDateTimeType@65741b68
17:03:31.248 [Test worker] DEBUG org.hibernate.type.BasicTypeRegistry - Adding type registration java.time.LocalDateTime -> org.hibernate.type.LocalDateTimeType@65741b68
17:03:31.248 [Test worker] DEBUG org.hibernate.type.BasicTypeRegistry - Adding type registration LocalDate -> org.hibernate.type.LocalDateType@33f0f7f9
17:03:31.248 [Test worker] DEBUG org.hibernate.type.BasicTypeRegistry - Adding type registration java.time.LocalDate -> org.hibernate.type.LocalDateType@33f0f7f9
17:03:31.248 [Test worker] DEBUG org.hibernate.type.BasicTypeRegistry - Adding type registration LocalTime -> org.hibernate.type.LocalTimeType@5e875231
17:03:31.248 [Test worker] DEBUG org.hibernate.type.BasicTypeRegistry - Adding type registration java.time.LocalTime -> org.hibernate.type.LocalTimeType@5e875231
17:03:31.248 [Test worker] DEBUG org.hibernate.type.BasicTypeRegistry - Adding type registration OffsetDateTime -> org.hibernate.type.OffsetDateTimeType@e161f10
17:03:31.248 [Test worker] DEBUG org.hibernate.type.BasicTypeRegistry - Adding type registration java.time.OffsetDateTime -> org.hibernate.type.OffsetDateTimeType@e161f10
17:03:31.248 [Test worker] DEBUG org.hibernate.type.BasicTypeRegistry - Adding type registration OffsetTime -> org.hibernate.type.OffsetTimeType@1ed4e4a1
17:03:31.248 [Test worker] DEBUG org.hibernate.type.BasicTypeRegistry - Adding type registration java.time.OffsetTime -> org.hibernate.type.OffsetTimeType@1ed4e4a1
17:03:31.248 [Test worker] DEBUG org.hibernate.type.BasicTypeRegistry - Adding type registration ZonedDateTime -> org.hibernate.type.ZonedDateTimeType@1f7b3ac5
17:03:31.248 [Test worker] DEBUG org.hibernate.type.BasicTypeRegistry - Adding type registration java.time.ZonedDateTime -> org.hibernate.type.ZonedDateTimeType@1f7b3ac5
17:03:31.248 [Test worker] DEBUG org.hibernate.type.BasicTypeRegistry - Adding type registration date -> org.hibernate.type.DateType@47db9e78
17:03:31.248 [Test worker] DEBUG org.hibernate.type.BasicTypeRegistry - Adding type registration java.sql.Date -> org.hibernate.type.DateType@47db9e78
17:03:31.248 [Test worker] DEBUG org.hibernate.type.BasicTypeRegistry - Adding type registration time -> org.hibernate.type.TimeType@19cf2a46
17:03:31.248 [Test worker] DEBUG org.hibernate.type.BasicTypeRegistry - Adding type registration java.sql.Time -> org.hibernate.type.TimeType@19cf2a46
17:03:31.248 [Test worker] DEBUG org.hibernate.type.BasicTypeRegistry - Adding type registration timestamp -> org.hibernate.type.TimestampType@33cc8709
17:03:31.248 [Test worker] DEBUG org.hibernate.type.BasicTypeRegistry - Adding type registration java.sql.Timestamp -> org.hibernate.type.TimestampType@33cc8709
17:03:31.248 [Test worker] DEBUG org.hibernate.type.BasicTypeRegistry - Adding type registration java.util.Date -> org.hibernate.type.TimestampType@33cc8709
17:03:31.248 [Test worker] DEBUG org.hibernate.type.BasicTypeRegistry - Adding type registration dbtimestamp -> org.hibernate.type.DbTimestampType@4bb8bc35
17:03:31.248 [Test worker] DEBUG org.hibernate.type.BasicTypeRegistry - Adding type registration calendar -> org.hibernate.type.CalendarType@6cda5f3e
17:03:31.248 [Test worker] DEBUG org.hibernate.type.BasicTypeRegistry - Adding type registration java.util.Calendar -> org.hibernate.type.CalendarType@6cda5f3e
17:03:31.248 [Test worker] DEBUG org.hibernate.type.BasicTypeRegistry - Adding type registration java.util.GregorianCalendar -> org.hibernate.type.CalendarType@6cda5f3e
17:03:31.248 [Test worker] DEBUG org.hibernate.type.BasicTypeRegistry - Adding type registration calendar_date -> org.hibernate.type.CalendarDateType@2cf12338
17:03:31.248 [Test worker] DEBUG org.hibernate.type.BasicTypeRegistry - Adding type registration locale -> org.hibernate.type.LocaleType@5fa83fc7
17:03:31.248 [Test worker] DEBUG org.hibernate.type.BasicTypeRegistry - Adding type registration java.util.Locale -> org.hibernate.type.LocaleType@5fa83fc7
17:03:31.248 [Test worker] DEBUG org.hibernate.type.BasicTypeRegistry - Adding type registration currency -> org.hibernate.type.CurrencyType@7198d6af
17:03:31.249 [Test worker] DEBUG org.hibernate.type.BasicTypeRegistry - Adding type registration java.util.Currency -> org.hibernate.type.CurrencyType@7198d6af
17:03:31.249 [Test worker] DEBUG org.hibernate.type.BasicTypeRegistry - Adding type registration timezone -> org.hibernate.type.TimeZoneType@5db6acf5
17:03:31.249 [Test worker] DEBUG org.hibernate.type.BasicTypeRegistry - Adding type registration java.util.TimeZone -> org.hibernate.type.TimeZoneType@5db6acf5
17:03:31.249 [Test worker] DEBUG org.hibernate.type.BasicTypeRegistry - Adding type registration class -> org.hibernate.type.ClassType@11e7b123
17:03:31.249 [Test worker] DEBUG org.hibernate.type.BasicTypeRegistry - Adding type registration java.lang.Class -> org.hibernate.type.ClassType@11e7b123
17:03:31.249 [Test worker] DEBUG org.hibernate.type.BasicTypeRegistry - Adding type registration uuid-binary -> org.hibernate.type.UUIDBinaryType@515d21bc
17:03:31.249 [Test worker] DEBUG org.hibernate.type.BasicTypeRegistry - Adding type registration java.util.UUID -> org.hibernate.type.UUIDBinaryType@515d21bc
17:03:31.249 [Test worker] DEBUG org.hibernate.type.BasicTypeRegistry - Adding type registration uuid-char -> org.hibernate.type.UUIDCharType@774ef163
17:03:31.249 [Test worker] DEBUG org.hibernate.type.BasicTypeRegistry - Adding type registration binary -> org.hibernate.type.BinaryType@5f00df0f
17:03:31.249 [Test worker] DEBUG org.hibernate.type.BasicTypeRegistry - Adding type registration byte[] -> org.hibernate.type.BinaryType@5f00df0f
17:03:31.249 [Test worker] DEBUG org.hibernate.type.BasicTypeRegistry - Adding type registration [B -> org.hibernate.type.BinaryType@5f00df0f
17:03:31.249 [Test worker] DEBUG org.hibernate.type.BasicTypeRegistry - Adding type registration wrapper-binary -> org.hibernate.type.WrapperBinaryType@1c4b0916
17:03:31.249 [Test worker] DEBUG org.hibernate.type.BasicTypeRegistry - Adding type registration Byte[] -> org.hibernate.type.WrapperBinaryType@1c4b0916
17:03:31.249 [Test worker] DEBUG org.hibernate.type.BasicTypeRegistry - Adding type registration [Ljava.lang.Byte; -> org.hibernate.type.WrapperBinaryType@1c4b0916
17:03:31.249 [Test worker] DEBUG org.hibernate.type.BasicTypeRegistry - Adding type registration row_version -> org.hibernate.type.RowVersionType@5a9358d7
17:03:31.249 [Test worker] DEBUG org.hibernate.type.BasicTypeRegistry - Adding type registration image -> org.hibernate.type.ImageType@b08df66
17:03:31.249 [Test worker] DEBUG org.hibernate.type.BasicTypeRegistry - Adding type registration characters -> org.hibernate.type.CharArrayType@69a415e0
17:03:31.249 [Test worker] DEBUG org.hibernate.type.BasicTypeRegistry - Adding type registration char[] -> org.hibernate.type.CharArrayType@69a415e0
17:03:31.249 [Test worker] DEBUG org.hibernate.type.BasicTypeRegistry - Adding type registration [C -> org.hibernate.type.CharArrayType@69a415e0
17:03:31.249 [Test worker] DEBUG org.hibernate.type.BasicTypeRegistry - Adding type registration wrapper-characters -> org.hibernate.type.CharacterArrayType@2e189552
17:03:31.249 [Test worker] DEBUG org.hibernate.type.BasicTypeRegistry - Adding type registration [Ljava.lang.Character; -> org.hibernate.type.CharacterArrayType@2e189552
17:03:31.249 [Test worker] DEBUG org.hibernate.type.BasicTypeRegistry - Adding type registration Character[] -> org.hibernate.type.CharacterArrayType@2e189552
17:03:31.249 [Test worker] DEBUG org.hibernate.type.BasicTypeRegistry - Adding type registration text -> org.hibernate.type.TextType@3bb4f48d
17:03:31.249 [Test worker] DEBUG org.hibernate.type.BasicTypeRegistry - Adding type registration ntext -> org.hibernate.type.NTextType@7fc44815
17:03:31.249 [Test worker] DEBUG org.hibernate.type.BasicTypeRegistry - Adding type registration blob -> org.hibernate.type.BlobType@70984021
17:03:31.249 [Test worker] DEBUG org.hibernate.type.BasicTypeRegistry - Adding type registration java.sql.Blob -> org.hibernate.type.BlobType@70984021
17:03:31.249 [Test worker] DEBUG org.hibernate.type.BasicTypeRegistry - Adding type registration materialized_blob -> org.hibernate.type.MaterializedBlobType@7b392ea8
17:03:31.249 [Test worker] DEBUG org.hibernate.type.BasicTypeRegistry - Adding type registration clob -> org.hibernate.type.ClobType@249973df
17:03:31.249 [Test worker] DEBUG org.hibernate.type.BasicTypeRegistry - Adding type registration java.sql.Clob -> org.hibernate.type.ClobType@249973df
17:03:31.249 [Test worker] DEBUG org.hibernate.type.BasicTypeRegistry - Adding type registration nclob -> org.hibernate.type.NClobType@993bb9e
17:03:31.249 [Test worker] DEBUG org.hibernate.type.BasicTypeRegistry - Adding type registration java.sql.NClob -> org.hibernate.type.NClobType@993bb9e
17:03:31.249 [Test worker] DEBUG org.hibernate.type.BasicTypeRegistry - Adding type registration materialized_clob -> org.hibernate.type.MaterializedClobType@5eddde51
17:03:31.249 [Test worker] DEBUG org.hibernate.type.BasicTypeRegistry - Adding type registration materialized_nclob -> org.hibernate.type.MaterializedNClobType@20503ff1
17:03:31.249 [Test worker] DEBUG org.hibernate.type.BasicTypeRegistry - Adding type registration serializable -> org.hibernate.type.SerializableType@11fb506a
17:03:31.250 [Test worker] DEBUG org.hibernate.type.BasicTypeRegistry - Adding type registration object -> org.hibernate.type.ObjectType@40b10f8c
17:03:31.250 [Test worker] DEBUG org.hibernate.type.BasicTypeRegistry - Adding type registration java.lang.Object -> org.hibernate.type.ObjectType@40b10f8c
17:03:31.250 [Test worker] DEBUG org.hibernate.type.BasicTypeRegistry - Adding type registration imm_date -> org.hibernate.type.AdaptedImmutableType@1b6ad233
17:03:31.250 [Test worker] DEBUG org.hibernate.type.BasicTypeRegistry - Adding type registration imm_time -> org.hibernate.type.AdaptedImmutableType@582a41dd
17:03:31.250 [Test worker] DEBUG org.hibernate.type.BasicTypeRegistry - Adding type registration imm_timestamp -> org.hibernate.type.AdaptedImmutableType@5af0b472
17:03:31.250 [Test worker] DEBUG org.hibernate.type.BasicTypeRegistry - Adding type registration imm_dbtimestamp -> org.hibernate.type.AdaptedImmutableType@64addb12
17:03:31.250 [Test worker] DEBUG org.hibernate.type.BasicTypeRegistry - Adding type registration imm_calendar -> org.hibernate.type.AdaptedImmutableType@291b76fe
17:03:31.250 [Test worker] DEBUG org.hibernate.type.BasicTypeRegistry - Adding type registration imm_calendar_date -> org.hibernate.type.AdaptedImmutableType@2335eea9
17:03:31.250 [Test worker] DEBUG org.hibernate.type.BasicTypeRegistry - Adding type registration imm_binary -> org.hibernate.type.AdaptedImmutableType@7cb98d99
17:03:31.250 [Test worker] DEBUG org.hibernate.type.BasicTypeRegistry - Adding type registration imm_serializable -> org.hibernate.type.AdaptedImmutableType@7646bc57
17:03:31.251 [Test worker] DEBUG org.hibernate.boot.internal.BootstrapContextImpl - Injecting JPA temp ClassLoader [org.springframework.instrument.classloading.SimpleThrowawayClassLoader@8d47e7b] into BootstrapContext; was [null]
17:03:31.251 [Test worker] DEBUG org.hibernate.boot.internal.ClassLoaderAccessImpl - ClassLoaderAccessImpl#injectTempClassLoader(org.springframework.instrument.classloading.SimpleThrowawayClassLoader@8d47e7b) [was null]
17:03:31.251 [Test worker] DEBUG org.hibernate.boot.internal.BootstrapContextImpl - Injecting ScanEnvironment [org.hibernate.jpa.boot.internal.StandardJpaScanEnvironmentImpl@38b1ffbd] into BootstrapContext; was [null]
17:03:31.251 [Test worker] DEBUG org.hibernate.boot.internal.BootstrapContextImpl - Injecting ScanOptions [org.hibernate.boot.archive.scan.internal.StandardScanOptions@7bd658f8] into BootstrapContext; was [org.hibernate.boot.archive.scan.internal.StandardScanOptions@3b4928d5]
17:03:31.254 [Test worker] DEBUG org.hibernate.boot.internal.BootstrapContextImpl - Injecting JPA temp ClassLoader [null] into BootstrapContext; was [org.springframework.instrument.classloading.SimpleThrowawayClassLoader@8d47e7b]
17:03:31.254 [Test worker] DEBUG org.hibernate.boot.internal.ClassLoaderAccessImpl - ClassLoaderAccessImpl#injectTempClassLoader(null) [was org.springframework.instrument.classloading.SimpleThrowawayClassLoader@8d47e7b]
17:03:31.254 [Test worker] DEBUG org.hibernate.id.factory.internal.DefaultIdentifierGeneratorFactory - Registering IdentifierGenerator strategy [uuid2] -> [org.hibernate.id.UUIDGenerator]
17:03:31.254 [Test worker] DEBUG org.hibernate.id.factory.internal.DefaultIdentifierGeneratorFactory - Registering IdentifierGenerator strategy [guid] -> [org.hibernate.id.GUIDGenerator]
17:03:31.254 [Test worker] DEBUG org.hibernate.id.factory.internal.DefaultIdentifierGeneratorFactory - Registering IdentifierGenerator strategy [uuid] -> [org.hibernate.id.UUIDHexGenerator]
17:03:31.254 [Test worker] DEBUG org.hibernate.id.factory.internal.DefaultIdentifierGeneratorFactory - Registering IdentifierGenerator strategy [uuid.hex] -> [org.hibernate.id.UUIDHexGenerator]
17:03:31.254 [Test worker] DEBUG org.hibernate.id.factory.internal.DefaultIdentifierGeneratorFactory - Registering IdentifierGenerator strategy [assigned] -> [org.hibernate.id.Assigned]
17:03:31.254 [Test worker] DEBUG org.hibernate.id.factory.internal.DefaultIdentifierGeneratorFactory - Registering IdentifierGenerator strategy [identity] -> [org.hibernate.id.IdentityGenerator]
17:03:31.254 [Test worker] DEBUG org.hibernate.id.factory.internal.DefaultIdentifierGeneratorFactory - Registering IdentifierGenerator strategy [select] -> [org.hibernate.id.SelectGenerator]
17:03:31.254 [Test worker] DEBUG org.hibernate.id.factory.internal.DefaultIdentifierGeneratorFactory - Registering IdentifierGenerator strategy [sequence] -> [org.hibernate.id.enhanced.SequenceStyleGenerator]
17:03:31.254 [Test worker] DEBUG org.hibernate.id.factory.internal.DefaultIdentifierGeneratorFactory - Registering IdentifierGenerator strategy [seqhilo] -> [org.hibernate.id.SequenceHiLoGenerator]
17:03:31.254 [Test worker] DEBUG org.hibernate.id.factory.internal.DefaultIdentifierGeneratorFactory - Registering IdentifierGenerator strategy [increment] -> [org.hibernate.id.IncrementGenerator]
17:03:31.254 [Test worker] DEBUG org.hibernate.id.factory.internal.DefaultIdentifierGeneratorFactory - Registering IdentifierGenerator strategy [foreign] -> [org.hibernate.id.ForeignGenerator]
17:03:31.254 [Test worker] DEBUG org.hibernate.id.factory.internal.DefaultIdentifierGeneratorFactory - Registering IdentifierGenerator strategy [sequence-identity] -> [org.hibernate.id.SequenceIdentityGenerator]
17:03:31.254 [Test worker] DEBUG org.hibernate.id.factory.internal.DefaultIdentifierGeneratorFactory - Registering IdentifierGenerator strategy [enhanced-sequence] -> [org.hibernate.id.enhanced.SequenceStyleGenerator]
17:03:31.254 [Test worker] DEBUG org.hibernate.id.factory.internal.DefaultIdentifierGeneratorFactory - Registering IdentifierGenerator strategy [enhanced-table] -> [org.hibernate.id.enhanced.TableGenerator]
17:03:31.254 [Test worker] DEBUG org.hibernate.engine.jdbc.env.internal.JdbcEnvironmentInitiator - Database ->
       name : H2
    version : 1.4.197 (2018-03-18)
      major : 1
      minor : 4
17:03:31.254 [Test worker] DEBUG org.hibernate.engine.jdbc.env.internal.JdbcEnvironmentInitiator - Driver ->
       name : H2 JDBC Driver
    version : 1.4.197 (2018-03-18)
      major : 1
      minor : 4
17:03:31.255 [Test worker] DEBUG org.hibernate.engine.jdbc.env.internal.JdbcEnvironmentInitiator - JDBC version : 4.0
17:03:31.255 [Test worker] INFO org.hibernate.dialect.Dialect - HHH000400: Using dialect: org.hibernate.dialect.H2Dialect
17:03:31.259 [Test worker] DEBUG org.hibernate.boot.model.relational.Namespace - Created database namespace [logicalName=Name{catalog=null, schema=null}, physicalName=Name{catalog=null, schema=null}]
17:03:31.259 [Test worker] DEBUG org.hibernate.type.spi.TypeConfiguration$Scope - Scoping TypeConfiguration [org.hibernate.type.spi.TypeConfiguration@33557eeb] to MetadataBuildingContext [org.hibernate.boot.internal.MetadataBuildingContextRootImpl@2a7d0ae7]
17:03:31.260 [Test worker] DEBUG org.hibernate.cfg.AnnotationBinder - Binding entity from annotated class: com.epam.esm.entity.Entity
17:03:31.260 [Test worker] DEBUG org.hibernate.cfg.Ejb3Column - Binding column: Ejb3DiscriminatorColumn{logicalColumnName'DTYPE', discriminatorTypeName='string'}
17:03:31.260 [Test worker] DEBUG org.hibernate.cfg.annotations.EntityBinder - Import with entity name Entity
17:03:31.260 [Test worker] DEBUG org.hibernate.cfg.annotations.EntityBinder - Bind entity com.epam.esm.entity.Entity on table entity
17:03:31.260 [Test worker] DEBUG org.hibernate.cfg.Ejb3Column - Binding column: Ejb3Column{table=org.hibernate.mapping.Table(entity), mappingColumn=id, insertable=true, updatable=true, unique=false}
17:03:31.260 [Test worker] DEBUG org.hibernate.cfg.annotations.PropertyBinder - MetadataSourceProcessor property id with lazy=false
17:03:31.260 [Test worker] DEBUG org.hibernate.cfg.AbstractPropertyHolder - Attempting to locate auto-apply AttributeConverter for property [com.epam.esm.entity.Entity:id]
17:03:31.260 [Test worker] DEBUG org.hibernate.cfg.annotations.SimpleValueBinder - building SimpleValue for id
17:03:31.260 [Test worker] DEBUG org.hibernate.cfg.annotations.PropertyBinder - Building property id
17:03:31.261 [Test worker] DEBUG org.hibernate.cfg.BinderHelper - #makeIdGenerator(org.hibernate.mapping.SimpleValue([org.hibernate.mapping.Column(id)]), id, identity, , ...)
17:03:31.261 [Test worker] DEBUG org.hibernate.cfg.AnnotationBinder - Binding entity from annotated class: com.epam.esm.entity.GiftCertificate
17:03:31.261 [Test worker] DEBUG org.hibernate.cfg.Ejb3Column - Binding column: Ejb3DiscriminatorColumn{logicalColumnName'DTYPE', discriminatorTypeName='string'}
17:03:31.261 [Test worker] DEBUG org.hibernate.cfg.annotations.EntityBinder - Import with entity name GiftCertificate
17:03:31.261 [Test worker] DEBUG org.hibernate.cfg.annotations.EntityBinder - Bind entity com.epam.esm.entity.GiftCertificate on table certificate
17:03:31.261 [Test worker] DEBUG org.hibernate.cfg.Ejb3Column - Binding column: Ejb3Column{table=org.hibernate.mapping.Table(certificate), mappingColumn=id, insertable=true, updatable=true, unique=false}
17:03:31.261 [Test worker] DEBUG org.hibernate.cfg.annotations.PropertyBinder - MetadataSourceProcessor property id with lazy=false
17:03:31.262 [Test worker] DEBUG org.hibernate.cfg.AbstractPropertyHolder - Attempting to locate auto-apply AttributeConverter for property [com.epam.esm.entity.GiftCertificate:id]
17:03:31.262 [Test worker] DEBUG org.hibernate.cfg.annotations.SimpleValueBinder - building SimpleValue for id
17:03:31.262 [Test worker] DEBUG org.hibernate.cfg.annotations.PropertyBinder - Building property id
17:03:31.262 [Test worker] DEBUG org.hibernate.cfg.BinderHelper - #makeIdGenerator(org.hibernate.mapping.SimpleValue([org.hibernate.mapping.Column(id)]), id, identity, , ...)
17:03:31.262 [Test worker] DEBUG org.hibernate.cfg.Ejb3Column - Binding column: Ejb3Column{table=org.hibernate.mapping.Table(certificate), mappingColumn=active_status, insertable=true, updatable=true, unique=false}
17:03:31.262 [Test worker] DEBUG org.hibernate.cfg.annotations.PropertyBinder - MetadataSourceProcessor property activeStatus with lazy=false
17:03:31.262 [Test worker] DEBUG org.hibernate.cfg.AbstractPropertyHolder - Attempting to locate auto-apply AttributeConverter for property [com.epam.esm.entity.GiftCertificate:activeStatus]
17:03:31.262 [Test worker] DEBUG org.hibernate.cfg.annotations.SimpleValueBinder - building SimpleValue for activeStatus
17:03:31.262 [Test worker] DEBUG org.hibernate.cfg.annotations.PropertyBinder - Building property activeStatus
17:03:31.262 [Test worker] DEBUG org.hibernate.cfg.Ejb3Column - Binding column: Ejb3Column{table=org.hibernate.mapping.Table(certificate), mappingColumn=creation_date, insertable=true, updatable=true, unique=false}
17:03:31.262 [Test worker] DEBUG org.hibernate.cfg.annotations.PropertyBinder - MetadataSourceProcessor property creationDate with lazy=false
17:03:31.262 [Test worker] DEBUG org.hibernate.cfg.AbstractPropertyHolder - Attempting to locate auto-apply AttributeConverter for property [com.epam.esm.entity.GiftCertificate:creationDate]
17:03:31.262 [Test worker] DEBUG org.hibernate.cfg.annotations.SimpleValueBinder - building SimpleValue for creationDate
17:03:31.263 [Test worker] DEBUG org.hibernate.cfg.annotations.PropertyBinder - Building property creationDate
17:03:31.263 [Test worker] DEBUG org.hibernate.cfg.Ejb3Column - Binding column: Ejb3Column{table=org.hibernate.mapping.Table(certificate), mappingColumn=description, insertable=true, updatable=true, unique=false}
17:03:31.263 [Test worker] DEBUG org.hibernate.cfg.annotations.PropertyBinder - MetadataSourceProcessor property description with lazy=false
17:03:31.263 [Test worker] DEBUG org.hibernate.cfg.AbstractPropertyHolder - Attempting to locate auto-apply AttributeConverter for property [com.epam.esm.entity.GiftCertificate:description]
17:03:31.263 [Test worker] DEBUG org.hibernate.cfg.annotations.SimpleValueBinder - building SimpleValue for description
17:03:31.263 [Test worker] DEBUG org.hibernate.cfg.annotations.PropertyBinder - Building property description
17:03:31.263 [Test worker] DEBUG org.hibernate.cfg.Ejb3Column - Binding column: Ejb3Column{table=org.hibernate.mapping.Table(certificate), mappingColumn=expiration_date, insertable=true, updatable=true, unique=false}
17:03:31.263 [Test worker] DEBUG org.hibernate.cfg.annotations.PropertyBinder - MetadataSourceProcessor property expirationDate with lazy=false
17:03:31.263 [Test worker] DEBUG org.hibernate.cfg.AbstractPropertyHolder - Attempting to locate auto-apply AttributeConverter for property [com.epam.esm.entity.GiftCertificate:expirationDate]
17:03:31.263 [Test worker] DEBUG org.hibernate.cfg.annotations.SimpleValueBinder - building SimpleValue for expirationDate
17:03:31.263 [Test worker] DEBUG org.hibernate.cfg.annotations.PropertyBinder - Building property expirationDate
17:03:31.263 [Test worker] DEBUG org.hibernate.cfg.Ejb3Column - Binding column: Ejb3Column{table=org.hibernate.mapping.Table(certificate), mappingColumn=modification_date, insertable=true, updatable=true, unique=false}
17:03:31.263 [Test worker] DEBUG org.hibernate.cfg.annotations.PropertyBinder - MetadataSourceProcessor property modificationDate with lazy=false
17:03:31.264 [Test worker] DEBUG org.hibernate.cfg.AbstractPropertyHolder - Attempting to locate auto-apply AttributeConverter for property [com.epam.esm.entity.GiftCertificate:modificationDate]
17:03:31.264 [Test worker] DEBUG org.hibernate.cfg.annotations.SimpleValueBinder - building SimpleValue for modificationDate
17:03:31.264 [Test worker] DEBUG org.hibernate.cfg.annotations.PropertyBinder - Building property modificationDate
17:03:31.264 [Test worker] DEBUG org.hibernate.cfg.Ejb3Column - Binding column: Ejb3Column{table=org.hibernate.mapping.Table(certificate), mappingColumn=name, insertable=true, updatable=true, unique=false}
17:03:31.264 [Test worker] DEBUG org.hibernate.cfg.annotations.PropertyBinder - MetadataSourceProcessor property name with lazy=false
17:03:31.264 [Test worker] DEBUG org.hibernate.cfg.AbstractPropertyHolder - Attempting to locate auto-apply AttributeConverter for property [com.epam.esm.entity.GiftCertificate:name]
17:03:31.264 [Test worker] DEBUG org.hibernate.cfg.annotations.SimpleValueBinder - building SimpleValue for name
17:03:31.264 [Test worker] DEBUG org.hibernate.cfg.annotations.PropertyBinder - Building property name
17:03:31.264 [Test worker] DEBUG org.hibernate.cfg.Ejb3Column - Binding column: Ejb3JoinColumn{logicalColumnName='null', referencedColumn='null', mappedBy='certificate'}
17:03:31.264 [Test worker] DEBUG org.hibernate.cfg.Ejb3Column - Binding column: Ejb3Column{table=org.hibernate.mapping.Table(certificate), mappingColumn=order_certificates, insertable=true, updatable=true, unique=false}
17:03:31.264 [Test worker] DEBUG org.hibernate.cfg.Ejb3Column - Binding column: Ejb3Column{table=org.hibernate.mapping.Table(certificate), mappingColumn=null, insertable=true, updatable=true, unique=false}
17:03:31.264 [Test worker] DEBUG org.hibernate.cfg.Ejb3Column - Binding column: Ejb3Column{table=org.hibernate.mapping.Table(certificate), mappingColumn=element, insertable=true, updatable=true, unique=false}
17:03:31.264 [Test worker] DEBUG org.hibernate.cfg.Ejb3Column - Binding column: Ejb3Column{table=org.hibernate.mapping.Table(certificate), mappingColumn=order_certificates_key, insertable=true, updatable=true, unique=false}
17:03:31.265 [Test worker] DEBUG org.hibernate.cfg.Ejb3Column - Binding column: Ejb3JoinColumn{logicalColumnName='orderCertificates_KEY', referencedColumn='null', mappedBy='null'}
17:03:31.265 [Test worker] DEBUG org.hibernate.cfg.Ejb3Column - Binding column: Ejb3JoinColumn{logicalColumnName='null', referencedColumn='null', mappedBy='certificate'}
17:03:31.265 [Test worker] DEBUG org.hibernate.cfg.Ejb3Column - Binding column: Ejb3JoinColumn{logicalColumnName='null', referencedColumn='null', mappedBy='certificate'}
17:03:31.265 [Test worker] DEBUG org.hibernate.cfg.annotations.CollectionBinder - Collection role: com.epam.esm.entity.GiftCertificate.orderCertificates
17:03:31.265 [Test worker] DEBUG org.hibernate.cfg.annotations.PropertyBinder - Building property orderCertificates
17:03:31.265 [Test worker] DEBUG org.hibernate.cfg.Ejb3Column - Binding column: Ejb3Column{table=org.hibernate.mapping.Table(certificate), mappingColumn=price, insertable=true, updatable=true, unique=false}
17:03:31.265 [Test worker] DEBUG org.hibernate.cfg.annotations.PropertyBinder - MetadataSourceProcessor property price with lazy=false
17:03:31.265 [Test worker] DEBUG org.hibernate.cfg.AbstractPropertyHolder - Attempting to locate auto-apply AttributeConverter for property [com.epam.esm.entity.GiftCertificate:price]
17:03:31.265 [Test worker] DEBUG org.hibernate.cfg.annotations.SimpleValueBinder - building SimpleValue for price
17:03:31.265 [Test worker] DEBUG org.hibernate.cfg.annotations.PropertyBinder - Building property price
17:03:31.265 [Test worker] DEBUG org.hibernate.cfg.Ejb3Column - Binding column: Ejb3Column{table=org.hibernate.mapping.Table(certificate), mappingColumn=null, insertable=true, updatable=true, unique=false}
17:03:31.265 [Test worker] DEBUG org.hibernate.cfg.Ejb3Column - Binding column: Ejb3Column{table=org.hibernate.mapping.Table(certificate), mappingColumn=element, insertable=true, updatable=true, unique=false}
17:03:31.265 [Test worker] DEBUG org.hibernate.cfg.Ejb3Column - Binding column: Ejb3Column{table=org.hibernate.mapping.Table(certificate), mappingColumn=tags_key, insertable=true, updatable=true, unique=false}
17:03:31.266 [Test worker] DEBUG org.hibernate.cfg.Ejb3Column - Binding column: Ejb3JoinColumn{logicalColumnName='tags_KEY', referencedColumn='null', mappedBy='null'}
17:03:31.266 [Test worker] DEBUG org.hibernate.cfg.Ejb3Column - Binding column: Ejb3JoinColumn{logicalColumnName='certificate_id', referencedColumn='', mappedBy=''}
17:03:31.266 [Test worker] DEBUG org.hibernate.cfg.Ejb3Column - Binding column: Ejb3JoinColumn{logicalColumnName='tag_id', referencedColumn='', mappedBy=''}
17:03:31.266 [Test worker] DEBUG org.hibernate.cfg.annotations.CollectionBinder - Collection role: com.epam.esm.entity.GiftCertificate.tags
17:03:31.266 [Test worker] DEBUG org.hibernate.cfg.annotations.PropertyBinder - Building property tags
17:03:31.266 [Test worker] DEBUG org.hibernate.cfg.AnnotationBinder - Binding entity from annotated class: com.epam.esm.entity.Order
17:03:31.266 [Test worker] DEBUG org.hibernate.cfg.Ejb3Column - Binding column: Ejb3DiscriminatorColumn{logicalColumnName'DTYPE', discriminatorTypeName='string'}
17:03:31.266 [Test worker] DEBUG org.hibernate.cfg.annotations.EntityBinder - Import with entity name Order
17:03:31.266 [Test worker] DEBUG org.hibernate.cfg.annotations.EntityBinder - Bind entity com.epam.esm.entity.Order on table application_order
17:03:31.266 [Test worker] DEBUG org.hibernate.cfg.Ejb3Column - Binding column: Ejb3Column{table=org.hibernate.mapping.Table(application_order), mappingColumn=id, insertable=true, updatable=true, unique=false}
17:03:31.267 [Test worker] DEBUG org.hibernate.cfg.annotations.PropertyBinder - MetadataSourceProcessor property id with lazy=false
17:03:31.267 [Test worker] DEBUG org.hibernate.cfg.AbstractPropertyHolder - Attempting to locate auto-apply AttributeConverter for property [com.epam.esm.entity.Order:id]
17:03:31.267 [Test worker] DEBUG org.hibernate.cfg.annotations.SimpleValueBinder - building SimpleValue for id
17:03:31.267 [Test worker] DEBUG org.hibernate.cfg.annotations.PropertyBinder - Building property id
17:03:31.267 [Test worker] DEBUG org.hibernate.cfg.BinderHelper - #makeIdGenerator(org.hibernate.mapping.SimpleValue([org.hibernate.mapping.Column(id)]), id, identity, , ...)
17:03:31.267 [Test worker] DEBUG org.hibernate.cfg.Ejb3Column - Binding column: Ejb3Column{table=org.hibernate.mapping.Table(application_order), mappingColumn=active_status, insertable=true, updatable=true, unique=false}
17:03:31.267 [Test worker] DEBUG org.hibernate.cfg.annotations.PropertyBinder - MetadataSourceProcessor property activeStatus with lazy=false
17:03:31.267 [Test worker] DEBUG org.hibernate.cfg.AbstractPropertyHolder - Attempting to locate auto-apply AttributeConverter for property [com.epam.esm.entity.Order:activeStatus]
17:03:31.267 [Test worker] DEBUG org.hibernate.cfg.annotations.SimpleValueBinder - building SimpleValue for activeStatus
17:03:31.267 [Test worker] DEBUG org.hibernate.cfg.annotations.PropertyBinder - Building property activeStatus
17:03:31.267 [Test worker] DEBUG org.hibernate.cfg.Ejb3Column - Binding column: Ejb3Column{table=org.hibernate.mapping.Table(application_order), mappingColumn=created_at, insertable=true, updatable=true, unique=false}
17:03:31.267 [Test worker] DEBUG org.hibernate.cfg.annotations.PropertyBinder - MetadataSourceProcessor property createdAt with lazy=false
17:03:31.267 [Test worker] DEBUG org.hibernate.cfg.AbstractPropertyHolder - Attempting to locate auto-apply AttributeConverter for property [com.epam.esm.entity.Order:createdAt]
17:03:31.268 [Test worker] DEBUG org.hibernate.cfg.annotations.SimpleValueBinder - building SimpleValue for createdAt
17:03:31.268 [Test worker] DEBUG org.hibernate.cfg.annotations.PropertyBinder - Building property createdAt
17:03:31.268 [Test worker] DEBUG org.hibernate.cfg.Ejb3Column - Binding column: Ejb3JoinColumn{logicalColumnName='null', referencedColumn='null', mappedBy='order'}
17:03:31.268 [Test worker] DEBUG org.hibernate.cfg.Ejb3Column - Binding column: Ejb3Column{table=org.hibernate.mapping.Table(application_order), mappingColumn=order_certificates, insertable=true, updatable=true, unique=false}
17:03:31.268 [Test worker] DEBUG org.hibernate.cfg.Ejb3Column - Binding column: Ejb3Column{table=org.hibernate.mapping.Table(application_order), mappingColumn=null, insertable=true, updatable=true, unique=false}
17:03:31.268 [Test worker] DEBUG org.hibernate.cfg.Ejb3Column - Binding column: Ejb3Column{table=org.hibernate.mapping.Table(application_order), mappingColumn=element, insertable=true, updatable=true, unique=false}
17:03:31.268 [Test worker] DEBUG org.hibernate.cfg.Ejb3Column - Binding column: Ejb3Column{table=org.hibernate.mapping.Table(application_order), mappingColumn=order_certificates_key, insertable=true, updatable=true, unique=false}
17:03:31.268 [Test worker] DEBUG org.hibernate.cfg.Ejb3Column - Binding column: Ejb3JoinColumn{logicalColumnName='orderCertificates_KEY', referencedColumn='null', mappedBy='null'}
17:03:31.268 [Test worker] DEBUG org.hibernate.cfg.Ejb3Column - Binding column: Ejb3JoinColumn{logicalColumnName='null', referencedColumn='null', mappedBy='order'}
17:03:31.268 [Test worker] DEBUG org.hibernate.cfg.Ejb3Column - Binding column: Ejb3JoinColumn{logicalColumnName='null', referencedColumn='null', mappedBy='order'}
17:03:31.268 [Test worker] DEBUG org.hibernate.cfg.annotations.CollectionBinder - Collection role: com.epam.esm.entity.Order.orderCertificates
17:03:31.269 [Test worker] DEBUG org.hibernate.cfg.annotations.PropertyBinder - Building property orderCertificates
17:03:31.269 [Test worker] DEBUG org.hibernate.cfg.Ejb3Column - Binding column: Ejb3JoinColumn{logicalColumnName='user_id', referencedColumn='', mappedBy=''}
17:03:31.269 [Test worker] DEBUG org.hibernate.cfg.Ejb3Column - Binding column: Ejb3Column{table=org.hibernate.mapping.Table(application_order), mappingColumn=user, insertable=true, updatable=true, unique=false}
17:03:31.269 [Test worker] DEBUG org.hibernate.cfg.annotations.PropertyBinder - Building property user
17:03:31.269 [Test worker] DEBUG org.hibernate.cfg.AnnotationBinder - Binding entity from annotated class: com.epam.esm.entity.OrderCertificate
17:03:31.269 [Test worker] DEBUG org.hibernate.cfg.Ejb3Column - Binding column: Ejb3DiscriminatorColumn{logicalColumnName'DTYPE', discriminatorTypeName='string'}
17:03:31.269 [Test worker] DEBUG org.hibernate.cfg.annotations.EntityBinder - Import with entity name OrderCertificate
17:03:31.269 [Test worker] DEBUG org.hibernate.cfg.annotations.EntityBinder - Bind entity com.epam.esm.entity.OrderCertificate on table order_certificate
17:03:31.269 [Test worker] DEBUG org.hibernate.cfg.Ejb3Column - Binding column: Ejb3Column{table=org.hibernate.mapping.Table(order_certificate), mappingColumn=id, insertable=true, updatable=true, unique=false}
17:03:31.270 [Test worker] DEBUG org.hibernate.cfg.annotations.PropertyBinder - MetadataSourceProcessor property id with lazy=false
17:03:31.270 [Test worker] DEBUG org.hibernate.cfg.AbstractPropertyHolder - Attempting to locate auto-apply AttributeConverter for property [com.epam.esm.entity.OrderCertificate:id]
17:03:31.270 [Test worker] DEBUG org.hibernate.cfg.annotations.SimpleValueBinder - building SimpleValue for id
17:03:31.270 [Test worker] DEBUG org.hibernate.cfg.annotations.PropertyBinder - Building property id
17:03:31.270 [Test worker] DEBUG org.hibernate.cfg.BinderHelper - #makeIdGenerator(org.hibernate.mapping.SimpleValue([org.hibernate.mapping.Column(id)]), id, identity, , ...)
17:03:31.270 [Test worker] DEBUG org.hibernate.cfg.Ejb3Column - Binding column: Ejb3JoinColumn{logicalColumnName='null', referencedColumn='', mappedBy=''}
17:03:31.270 [Test worker] DEBUG org.hibernate.cfg.Ejb3Column - Binding column: Ejb3Column{table=org.hibernate.mapping.Table(order_certificate), mappingColumn=certificate, insertable=true, updatable=true, unique=false}
17:03:31.270 [Test worker] DEBUG org.hibernate.cfg.annotations.PropertyBinder - Building property certificate
17:03:31.270 [Test worker] DEBUG org.hibernate.cfg.Ejb3Column - Binding column: Ejb3Column{table=org.hibernate.mapping.Table(order_certificate), mappingColumn=expiration_date, insertable=true, updatable=true, unique=false}
17:03:31.270 [Test worker] DEBUG org.hibernate.cfg.annotations.PropertyBinder - MetadataSourceProcessor property expirationDate with lazy=false
17:03:31.270 [Test worker] DEBUG org.hibernate.cfg.AbstractPropertyHolder - Attempting to locate auto-apply AttributeConverter for property [com.epam.esm.entity.OrderCertificate:expirationDate]
17:03:31.271 [Test worker] DEBUG org.hibernate.cfg.annotations.SimpleValueBinder - building SimpleValue for expirationDate
17:03:31.271 [Test worker] DEBUG org.hibernate.cfg.annotations.PropertyBinder - Building property expirationDate
17:03:31.271 [Test worker] DEBUG org.hibernate.cfg.Ejb3Column - Binding column: Ejb3Column{table=org.hibernate.mapping.Table(order_certificate), mappingColumn=fixed_price, insertable=true, updatable=true, unique=false}
17:03:31.271 [Test worker] DEBUG org.hibernate.cfg.annotations.PropertyBinder - MetadataSourceProcessor property fixedPrice with lazy=false
17:03:31.271 [Test worker] DEBUG org.hibernate.cfg.AbstractPropertyHolder - Attempting to locate auto-apply AttributeConverter for property [com.epam.esm.entity.OrderCertificate:fixedPrice]
17:03:31.271 [Test worker] DEBUG org.hibernate.cfg.annotations.SimpleValueBinder - building SimpleValue for fixedPrice
17:03:31.271 [Test worker] DEBUG org.hibernate.cfg.annotations.PropertyBinder - Building property fixedPrice
17:03:31.271 [Test worker] DEBUG org.hibernate.cfg.Ejb3Column - Binding column: Ejb3JoinColumn{logicalColumnName='null', referencedColumn='', mappedBy=''}
17:03:31.271 [Test worker] DEBUG org.hibernate.cfg.Ejb3Column - Binding column: Ejb3Column{table=org.hibernate.mapping.Table(order_certificate), mappingColumn=order, insertable=true, updatable=true, unique=false}
17:03:31.271 [Test worker] DEBUG org.hibernate.cfg.annotations.PropertyBinder - Building property order
17:03:31.271 [Test worker] DEBUG org.hibernate.cfg.AnnotationBinder - Binding entity from annotated class: com.epam.esm.entity.Role
17:03:31.271 [Test worker] DEBUG org.hibernate.cfg.Ejb3Column - Binding column: Ejb3DiscriminatorColumn{logicalColumnName'DTYPE', discriminatorTypeName='string'}
17:03:31.272 [Test worker] DEBUG org.hibernate.cfg.annotations.EntityBinder - Import with entity name Role
17:03:31.272 [Test worker] DEBUG org.hibernate.cfg.annotations.EntityBinder - Bind entity com.epam.esm.entity.Role on table application_role
17:03:31.272 [Test worker] DEBUG org.hibernate.cfg.Ejb3Column - Binding column: Ejb3Column{table=org.hibernate.mapping.Table(application_role), mappingColumn=id, insertable=true, updatable=true, unique=false}
17:03:31.272 [Test worker] DEBUG org.hibernate.cfg.annotations.PropertyBinder - MetadataSourceProcessor property id with lazy=false
17:03:31.272 [Test worker] DEBUG org.hibernate.cfg.AbstractPropertyHolder - Attempting to locate auto-apply AttributeConverter for property [com.epam.esm.entity.Role:id]
17:03:31.272 [Test worker] DEBUG org.hibernate.cfg.annotations.SimpleValueBinder - building SimpleValue for id
17:03:31.272 [Test worker] DEBUG org.hibernate.cfg.annotations.PropertyBinder - Building property id
17:03:31.272 [Test worker] DEBUG org.hibernate.cfg.BinderHelper - #makeIdGenerator(org.hibernate.mapping.SimpleValue([org.hibernate.mapping.Column(id)]), id, identity, , ...)
17:03:31.272 [Test worker] DEBUG org.hibernate.cfg.Ejb3Column - Binding column: Ejb3Column{table=org.hibernate.mapping.Table(application_role), mappingColumn=value, insertable=true, updatable=true, unique=false}
17:03:31.272 [Test worker] DEBUG org.hibernate.cfg.annotations.PropertyBinder - MetadataSourceProcessor property value with lazy=false
17:03:31.273 [Test worker] DEBUG org.hibernate.cfg.AbstractPropertyHolder - Attempting to locate auto-apply AttributeConverter for property [com.epam.esm.entity.Role:value]
17:03:31.273 [Test worker] DEBUG org.hibernate.cfg.annotations.SimpleValueBinder - building SimpleValue for value
17:03:31.273 [Test worker] DEBUG org.hibernate.cfg.annotations.PropertyBinder - Building property value
17:03:31.273 [Test worker] DEBUG org.hibernate.cfg.AnnotationBinder - Binding entity from annotated class: com.epam.esm.entity.Tag
17:03:31.273 [Test worker] DEBUG org.hibernate.cfg.Ejb3Column - Binding column: Ejb3DiscriminatorColumn{logicalColumnName'DTYPE', discriminatorTypeName='string'}
17:03:31.273 [Test worker] DEBUG org.hibernate.cfg.annotations.EntityBinder - Import with entity name Tag
17:03:31.273 [Test worker] DEBUG org.hibernate.cfg.annotations.EntityBinder - Bind entity com.epam.esm.entity.Tag on table tag
17:03:31.273 [Test worker] DEBUG org.hibernate.cfg.Ejb3Column - Binding column: Ejb3Column{table=org.hibernate.mapping.Table(tag), mappingColumn=id, insertable=true, updatable=true, unique=false}
17:03:31.273 [Test worker] DEBUG org.hibernate.cfg.annotations.PropertyBinder - MetadataSourceProcessor property id with lazy=false
17:03:31.273 [Test worker] DEBUG org.hibernate.cfg.AbstractPropertyHolder - Attempting to locate auto-apply AttributeConverter for property [com.epam.esm.entity.Tag:id]
17:03:31.274 [Test worker] DEBUG org.hibernate.cfg.annotations.SimpleValueBinder - building SimpleValue for id
17:03:31.274 [Test worker] DEBUG org.hibernate.cfg.annotations.PropertyBinder - Building property id
17:03:31.274 [Test worker] DEBUG org.hibernate.cfg.BinderHelper - #makeIdGenerator(org.hibernate.mapping.SimpleValue([org.hibernate.mapping.Column(id)]), id, identity, , ...)
17:03:31.274 [Test worker] DEBUG org.hibernate.cfg.Ejb3Column - Binding column: Ejb3Column{table=org.hibernate.mapping.Table(tag), mappingColumn=title, insertable=true, updatable=false, unique=true}
17:03:31.274 [Test worker] DEBUG org.hibernate.cfg.annotations.PropertyBinder - MetadataSourceProcessor property title with lazy=false
17:03:31.274 [Test worker] DEBUG org.hibernate.cfg.AbstractPropertyHolder - Attempting to locate auto-apply AttributeConverter for property [com.epam.esm.entity.Tag:title]
17:03:31.274 [Test worker] DEBUG org.hibernate.cfg.annotations.SimpleValueBinder - building SimpleValue for title
17:03:31.274 [Test worker] DEBUG org.hibernate.cfg.annotations.PropertyBinder - Building property title
17:03:31.274 [Test worker] DEBUG org.hibernate.cfg.AnnotationBinder - Binding entity from annotated class: com.epam.esm.entity.User
17:03:31.274 [Test worker] DEBUG org.hibernate.cfg.Ejb3Column - Binding column: Ejb3DiscriminatorColumn{logicalColumnName'DTYPE', discriminatorTypeName='string'}
17:03:31.274 [Test worker] DEBUG org.hibernate.cfg.annotations.EntityBinder - Import with entity name User
17:03:31.274 [Test worker] DEBUG org.hibernate.cfg.annotations.EntityBinder - Bind entity com.epam.esm.entity.User on table application_user
17:03:31.275 [Test worker] DEBUG org.hibernate.cfg.Ejb3Column - Binding column: Ejb3Column{table=org.hibernate.mapping.Table(application_user), mappingColumn=id, insertable=true, updatable=true, unique=false}
17:03:31.275 [Test worker] DEBUG org.hibernate.cfg.annotations.PropertyBinder - MetadataSourceProcessor property id with lazy=false
17:03:31.275 [Test worker] DEBUG org.hibernate.cfg.AbstractPropertyHolder - Attempting to locate auto-apply AttributeConverter for property [com.epam.esm.entity.User:id]
17:03:31.275 [Test worker] DEBUG org.hibernate.cfg.annotations.SimpleValueBinder - building SimpleValue for id
17:03:31.275 [Test worker] DEBUG org.hibernate.cfg.annotations.PropertyBinder - Building property id
17:03:31.276 [Test worker] DEBUG org.hibernate.cfg.BinderHelper - #makeIdGenerator(org.hibernate.mapping.SimpleValue([org.hibernate.mapping.Column(id)]), id, identity, , ...)
17:03:31.276 [Test worker] DEBUG org.hibernate.cfg.Ejb3Column - Binding column: Ejb3Column{table=org.hibernate.mapping.Table(application_user), mappingColumn=email, insertable=true, updatable=true, unique=false}
17:03:31.276 [Test worker] DEBUG org.hibernate.cfg.annotations.PropertyBinder - MetadataSourceProcessor property email with lazy=false
17:03:31.276 [Test worker] DEBUG org.hibernate.cfg.AbstractPropertyHolder - Attempting to locate auto-apply AttributeConverter for property [com.epam.esm.entity.User:email]
17:03:31.276 [Test worker] DEBUG org.hibernate.cfg.annotations.SimpleValueBinder - building SimpleValue for email
17:03:31.276 [Test worker] DEBUG org.hibernate.cfg.annotations.PropertyBinder - Building property email
17:03:31.276 [Test worker] DEBUG org.hibernate.cfg.Ejb3Column - Binding column: Ejb3JoinColumn{logicalColumnName='null', referencedColumn='null', mappedBy='user'}
17:03:31.276 [Test worker] DEBUG org.hibernate.cfg.Ejb3Column - Binding column: Ejb3Column{table=org.hibernate.mapping.Table(application_user), mappingColumn=orders, insertable=true, updatable=true, unique=false}
17:03:31.276 [Test worker] DEBUG org.hibernate.cfg.Ejb3Column - Binding column: Ejb3Column{table=org.hibernate.mapping.Table(application_user), mappingColumn=null, insertable=true, updatable=true, unique=false}
17:03:31.276 [Test worker] DEBUG org.hibernate.cfg.Ejb3Column - Binding column: Ejb3Column{table=org.hibernate.mapping.Table(application_user), mappingColumn=element, insertable=true, updatable=true, unique=false}
17:03:31.276 [Test worker] DEBUG org.hibernate.cfg.Ejb3Column - Binding column: Ejb3Column{table=org.hibernate.mapping.Table(application_user), mappingColumn=orders_key, insertable=true, updatable=true, unique=false}
17:03:31.277 [Test worker] DEBUG org.hibernate.cfg.Ejb3Column - Binding column: Ejb3JoinColumn{logicalColumnName='orders_KEY', referencedColumn='null', mappedBy='null'}
17:03:31.277 [Test worker] DEBUG org.hibernate.cfg.Ejb3Column - Binding column: Ejb3JoinColumn{logicalColumnName='null', referencedColumn='null', mappedBy='user'}
17:03:31.277 [Test worker] DEBUG org.hibernate.cfg.Ejb3Column - Binding column: Ejb3JoinColumn{logicalColumnName='null', referencedColumn='null', mappedBy='user'}
17:03:31.277 [Test worker] DEBUG org.hibernate.cfg.annotations.CollectionBinder - Collection role: com.epam.esm.entity.User.orders
17:03:31.277 [Test worker] DEBUG org.hibernate.cfg.annotations.PropertyBinder - Building property orders
17:03:31.277 [Test worker] DEBUG org.hibernate.cfg.Ejb3Column - Binding column: Ejb3Column{table=org.hibernate.mapping.Table(application_user), mappingColumn=password, insertable=true, updatable=true, unique=false}
17:03:31.277 [Test worker] DEBUG org.hibernate.cfg.annotations.PropertyBinder - MetadataSourceProcessor property password with lazy=false
17:03:31.277 [Test worker] DEBUG org.hibernate.cfg.AbstractPropertyHolder - Attempting to locate auto-apply AttributeConverter for property [com.epam.esm.entity.User:password]
17:03:31.277 [Test worker] DEBUG org.hibernate.cfg.annotations.SimpleValueBinder - building SimpleValue for password
17:03:31.277 [Test worker] DEBUG org.hibernate.cfg.annotations.PropertyBinder - Building property password
17:03:31.277 [Test worker] DEBUG org.hibernate.cfg.Ejb3Column - Binding column: Ejb3Column{table=org.hibernate.mapping.Table(application_user), mappingColumn=refresh_token, insertable=true, updatable=true, unique=false}
17:03:31.277 [Test worker] DEBUG org.hibernate.cfg.annotations.PropertyBinder - MetadataSourceProcessor property refreshToken with lazy=false
17:03:31.277 [Test worker] DEBUG org.hibernate.cfg.AbstractPropertyHolder - Attempting to locate auto-apply AttributeConverter for property [com.epam.esm.entity.User:refreshToken]
17:03:31.278 [Test worker] DEBUG org.hibernate.cfg.annotations.SimpleValueBinder - building SimpleValue for refreshToken
17:03:31.278 [Test worker] DEBUG org.hibernate.cfg.annotations.PropertyBinder - Building property refreshToken
17:03:31.278 [Test worker] DEBUG org.hibernate.cfg.Ejb3Column - Binding column: Ejb3JoinColumn{logicalColumnName='role_id', referencedColumn='', mappedBy=''}
17:03:31.278 [Test worker] DEBUG org.hibernate.cfg.Ejb3Column - Binding column: Ejb3Column{table=org.hibernate.mapping.Table(application_user), mappingColumn=role, insertable=true, updatable=true, unique=false}
17:03:31.278 [Test worker] DEBUG org.hibernate.cfg.annotations.PropertyBinder - Building property role
17:03:31.278 [Test worker] DEBUG org.hibernate.cfg.annotations.SimpleValueBinder - Starting fillSimpleValue for id
17:03:31.278 [Test worker] DEBUG org.hibernate.cfg.annotations.SimpleValueBinder - Starting fillSimpleValue for id
17:03:31.278 [Test worker] DEBUG org.hibernate.cfg.annotations.SimpleValueBinder - Starting fillSimpleValue for activeStatus
17:03:31.278 [Test worker] DEBUG org.hibernate.cfg.annotations.SimpleValueBinder - Starting fillSimpleValue for creationDate
17:03:31.279 [Test worker] DEBUG org.hibernate.cfg.annotations.SimpleValueBinder - Starting fillSimpleValue for description
17:03:31.279 [Test worker] DEBUG org.hibernate.cfg.annotations.SimpleValueBinder - Starting fillSimpleValue for expirationDate
17:03:31.279 [Test worker] DEBUG org.hibernate.cfg.annotations.SimpleValueBinder - Starting fillSimpleValue for modificationDate
17:03:31.279 [Test worker] DEBUG org.hibernate.cfg.annotations.SimpleValueBinder - Starting fillSimpleValue for name
17:03:31.279 [Test worker] DEBUG org.hibernate.cfg.annotations.SimpleValueBinder - Starting fillSimpleValue for price
17:03:31.279 [Test worker] DEBUG org.hibernate.cfg.annotations.SimpleValueBinder - Starting fillSimpleValue for id
17:03:31.279 [Test worker] DEBUG org.hibernate.cfg.annotations.SimpleValueBinder - Starting fillSimpleValue for activeStatus
17:03:31.279 [Test worker] DEBUG org.hibernate.cfg.annotations.SimpleValueBinder - Starting fillSimpleValue for createdAt
17:03:31.279 [Test worker] DEBUG org.hibernate.cfg.annotations.SimpleValueBinder - Starting fillSimpleValue for id
17:03:31.279 [Test worker] DEBUG org.hibernate.cfg.annotations.SimpleValueBinder - Starting fillSimpleValue for expirationDate
17:03:31.279 [Test worker] DEBUG org.hibernate.cfg.annotations.SimpleValueBinder - Starting fillSimpleValue for fixedPrice
17:03:31.279 [Test worker] DEBUG org.hibernate.cfg.annotations.SimpleValueBinder - Starting fillSimpleValue for id
17:03:31.279 [Test worker] DEBUG org.hibernate.cfg.annotations.SimpleValueBinder - Starting fillSimpleValue for value
17:03:31.279 [Test worker] DEBUG org.hibernate.cfg.annotations.SimpleValueBinder - Starting fillSimpleValue for id
17:03:31.279 [Test worker] DEBUG org.hibernate.cfg.annotations.SimpleValueBinder - Starting fillSimpleValue for title
17:03:31.279 [Test worker] DEBUG org.hibernate.cfg.annotations.SimpleValueBinder - Starting fillSimpleValue for id
17:03:31.279 [Test worker] DEBUG org.hibernate.cfg.annotations.SimpleValueBinder - Starting fillSimpleValue for email
17:03:31.279 [Test worker] DEBUG org.hibernate.cfg.annotations.SimpleValueBinder - Starting fillSimpleValue for password
17:03:31.279 [Test worker] DEBUG org.hibernate.cfg.annotations.SimpleValueBinder - Starting fillSimpleValue for refreshToken
17:03:31.280 [Test worker] DEBUG org.hibernate.mapping.PrimaryKey - Forcing column [id] to be non-null as it is part of the primary key for table [entity]
17:03:31.280 [Test worker] DEBUG org.hibernate.mapping.PrimaryKey - Forcing column [id] to be non-null as it is part of the primary key for table [certificate]
17:03:31.280 [Test worker] DEBUG org.hibernate.mapping.PrimaryKey - Forcing column [id] to be non-null as it is part of the primary key for table [application_order]
17:03:31.280 [Test worker] DEBUG org.hibernate.mapping.PrimaryKey - Forcing column [id] to be non-null as it is part of the primary key for table [order_certificate]
17:03:31.280 [Test worker] DEBUG org.hibernate.mapping.PrimaryKey - Forcing column [id] to be non-null as it is part of the primary key for table [application_role]
17:03:31.280 [Test worker] DEBUG org.hibernate.mapping.PrimaryKey - Forcing column [id] to be non-null as it is part of the primary key for table [tag]
17:03:31.280 [Test worker] DEBUG org.hibernate.mapping.PrimaryKey - Forcing column [id] to be non-null as it is part of the primary key for table [application_user]
17:03:31.280 [Test worker] DEBUG org.hibernate.cfg.CollectionSecondPass - Second pass for collection: com.epam.esm.entity.GiftCertificate.tags
17:03:31.280 [Test worker] DEBUG org.hibernate.cfg.annotations.CollectionBinder - Binding as ManyToMany: com.epam.esm.entity.GiftCertificate.tags
17:03:31.280 [Test worker] DEBUG org.hibernate.mapping.PrimaryKey - Forcing column [certificate_id] to be non-null as it is part of the primary key for table [certificate_tag]
17:03:31.280 [Test worker] DEBUG org.hibernate.mapping.PrimaryKey - Forcing column [tag_id] to be non-null as it is part of the primary key for table [certificate_tag]
17:03:31.280 [Test worker] DEBUG org.hibernate.cfg.CollectionSecondPass - Mapped collection key: certificate_id, element: tag_id
17:03:31.280 [Test worker] DEBUG org.hibernate.cfg.CollectionSecondPass - Second pass for collection: com.epam.esm.entity.GiftCertificate.orderCertificates
17:03:31.280 [Test worker] DEBUG org.hibernate.cfg.annotations.CollectionBinder - Binding a OneToMany: com.epam.esm.entity.GiftCertificate.orderCertificates through a foreign key
17:03:31.281 [Test worker] DEBUG org.hibernate.cfg.annotations.CollectionBinder - Mapping collection: com.epam.esm.entity.GiftCertificate.orderCertificates -> order_certificate
17:03:31.281 [Test worker] DEBUG org.hibernate.cfg.annotations.TableBinder - Retrieving property com.epam.esm.entity.OrderCertificate.certificate
17:03:31.281 [Test worker] DEBUG org.hibernate.cfg.CollectionSecondPass - Mapped collection key: certificate_id, one-to-many: com.epam.esm.entity.OrderCertificate
17:03:31.281 [Test worker] DEBUG org.hibernate.cfg.CollectionSecondPass - Second pass for collection: com.epam.esm.entity.Order.orderCertificates
17:03:31.281 [Test worker] DEBUG org.hibernate.cfg.annotations.CollectionBinder - Binding a OneToMany: com.epam.esm.entity.Order.orderCertificates through a foreign key
17:03:31.281 [Test worker] DEBUG org.hibernate.cfg.annotations.CollectionBinder - Mapping collection: com.epam.esm.entity.Order.orderCertificates -> order_certificate
17:03:31.281 [Test worker] DEBUG org.hibernate.cfg.annotations.TableBinder - Retrieving property com.epam.esm.entity.OrderCertificate.order
17:03:31.281 [Test worker] DEBUG org.hibernate.cfg.CollectionSecondPass - Mapped collection key: order_id, one-to-many: com.epam.esm.entity.OrderCertificate
17:03:31.281 [Test worker] DEBUG org.hibernate.cfg.CollectionSecondPass - Second pass for collection: com.epam.esm.entity.User.orders
17:03:31.281 [Test worker] DEBUG org.hibernate.cfg.annotations.CollectionBinder - Binding a OneToMany: com.epam.esm.entity.User.orders through a foreign key
17:03:31.281 [Test worker] DEBUG org.hibernate.cfg.annotations.CollectionBinder - Mapping collection: com.epam.esm.entity.User.orders -> application_order
17:03:31.281 [Test worker] DEBUG org.hibernate.cfg.annotations.TableBinder - Retrieving property com.epam.esm.entity.Order.user
17:03:31.281 [Test worker] DEBUG org.hibernate.cfg.CollectionSecondPass - Mapped collection key: user_id, one-to-many: com.epam.esm.entity.Order
17:03:31.282 [Test worker] DEBUG org.hibernate.boot.internal.InFlightMetadataCollectorImpl - Resolving reference to class: com.epam.esm.entity.User
17:03:31.282 [Test worker] DEBUG org.hibernate.boot.internal.InFlightMetadataCollectorImpl - Resolving reference to class: com.epam.esm.entity.Role
17:03:31.282 [Test worker] DEBUG org.hibernate.boot.internal.InFlightMetadataCollectorImpl - Resolving reference to class: com.epam.esm.entity.Tag
17:03:31.282 [Test worker] DEBUG org.hibernate.boot.internal.InFlightMetadataCollectorImpl - Resolving reference to class: com.epam.esm.entity.GiftCertificate
17:03:31.282 [Test worker] DEBUG org.hibernate.boot.internal.InFlightMetadataCollectorImpl - Resolving reference to class: com.epam.esm.entity.GiftCertificate
17:03:31.282 [Test worker] DEBUG org.hibernate.boot.internal.InFlightMetadataCollectorImpl - Resolving reference to class: com.epam.esm.entity.Order
17:03:31.284 [Test worker] DEBUG org.hibernate.boot.internal.InFlightMetadataCollectorImpl - Resolving reference to class: com.epam.esm.entity.User
17:03:31.284 [Test worker] DEBUG org.hibernate.boot.internal.InFlightMetadataCollectorImpl - Resolving reference to class: com.epam.esm.entity.Role
17:03:31.284 [Test worker] DEBUG org.hibernate.boot.internal.InFlightMetadataCollectorImpl - Resolving reference to class: com.epam.esm.entity.Tag
17:03:31.284 [Test worker] DEBUG org.hibernate.boot.internal.InFlightMetadataCollectorImpl - Resolving reference to class: com.epam.esm.entity.GiftCertificate
17:03:31.284 [Test worker] DEBUG org.hibernate.boot.internal.InFlightMetadataCollectorImpl - Resolving reference to class: com.epam.esm.entity.GiftCertificate
17:03:31.284 [Test worker] DEBUG org.hibernate.boot.internal.InFlightMetadataCollectorImpl - Resolving reference to class: com.epam.esm.entity.Order
17:03:31.285 [Test worker] DEBUG org.hibernate.internal.SessionFactoryImpl - Building session factory
17:03:31.285 [Test worker] DEBUG org.hibernate.cfg.Settings - SessionFactory name : null
17:03:31.285 [Test worker] DEBUG org.hibernate.cfg.Settings - Automatic flush during beforeCompletion(): enabled
17:03:31.285 [Test worker] DEBUG org.hibernate.cfg.Settings - Automatic session close at end of transaction: disabled
17:03:31.285 [Test worker] DEBUG org.hibernate.cfg.Settings - Statistics: disabled
17:03:31.285 [Test worker] DEBUG org.hibernate.cfg.Settings - Deleted entity synthetic identifier rollback: disabled
17:03:31.285 [Test worker] DEBUG org.hibernate.cfg.Settings - Default entity-mode: pojo
17:03:31.285 [Test worker] DEBUG org.hibernate.cfg.Settings - Check Nullability in Core (should be disabled when Bean Validation is on): enabled
17:03:31.285 [Test worker] DEBUG org.hibernate.cfg.Settings - Allow initialization of lazy state outside session : disabled
17:03:31.285 [Test worker] DEBUG org.hibernate.cfg.Settings - Using BatchFetchStyle : LEGACY
17:03:31.285 [Test worker] DEBUG org.hibernate.cfg.Settings - Default batch fetch size: -1
17:03:31.285 [Test worker] DEBUG org.hibernate.cfg.Settings - Maximum outer join fetch depth: null
17:03:31.285 [Test worker] DEBUG org.hibernate.cfg.Settings - Default null ordering: NONE
17:03:31.285 [Test worker] DEBUG org.hibernate.cfg.Settings - Order SQL updates by primary key: disabled
17:03:31.285 [Test worker] DEBUG org.hibernate.cfg.Settings - Order SQL inserts for batching: disabled
17:03:31.285 [Test worker] DEBUG org.hibernate.cfg.Settings - multi-tenancy strategy : NONE
17:03:31.285 [Test worker] DEBUG org.hibernate.cfg.Settings - JTA Track by Thread: enabled
17:03:31.285 [Test worker] DEBUG org.hibernate.cfg.Settings - Query language substitutions: {}
17:03:31.285 [Test worker] DEBUG org.hibernate.cfg.Settings - Named query checking : enabled
17:03:31.285 [Test worker] DEBUG org.hibernate.cfg.Settings - Second-level cache: disabled
17:03:31.285 [Test worker] DEBUG org.hibernate.cfg.Settings - Second-level query cache: disabled
17:03:31.285 [Test worker] DEBUG org.hibernate.cfg.Settings - Second-level query cache factory: null
17:03:31.285 [Test worker] DEBUG org.hibernate.cfg.Settings - Second-level cache region prefix: null
17:03:31.285 [Test worker] DEBUG org.hibernate.cfg.Settings - Optimize second-level cache for minimal puts: disabled
17:03:31.285 [Test worker] DEBUG org.hibernate.cfg.Settings - Structured second-level cache entries: disabled
17:03:31.286 [Test worker] DEBUG org.hibernate.cfg.Settings - Second-level cache direct-reference entries: disabled
17:03:31.286 [Test worker] DEBUG org.hibernate.cfg.Settings - Automatic eviction of collection cache: disabled
17:03:31.286 [Test worker] DEBUG org.hibernate.cfg.Settings - JDBC batch size: 15
17:03:31.286 [Test worker] DEBUG org.hibernate.cfg.Settings - JDBC batch updates for versioned data: enabled
17:03:31.286 [Test worker] DEBUG org.hibernate.cfg.Settings - Scrollable result sets: enabled
17:03:31.286 [Test worker] DEBUG org.hibernate.cfg.Settings - Wrap result sets: disabled
17:03:31.286 [Test worker] DEBUG org.hibernate.cfg.Settings - JDBC3 getGeneratedKeys(): enabled
17:03:31.286 [Test worker] DEBUG org.hibernate.cfg.Settings - JDBC result set fetch size: null
17:03:31.286 [Test worker] DEBUG org.hibernate.cfg.Settings - Connection release mode: ON_CLOSE
17:03:31.286 [Test worker] DEBUG org.hibernate.cfg.Settings - Generate SQL with comments: disabled
17:03:31.286 [Test worker] DEBUG org.hibernate.cfg.Settings - JPA compliance - query : 
17:03:31.286 [Test worker] DEBUG org.hibernate.cfg.Settings - JPA compliance - closed-handling : 
17:03:31.286 [Test worker] DEBUG org.hibernate.cfg.Settings - JPA compliance - lists : 
17:03:31.286 [Test worker] DEBUG org.hibernate.cfg.Settings - JPA compliance - transactions : 
17:03:31.287 [Test worker] DEBUG org.hibernate.jpa.event.internal.CallbackBuilderLegacyImpl - Adding onPrePersist as PrePersist callback for entity com.epam.esm.entity.Order
17:03:31.288 [Test worker] DEBUG org.hibernate.internal.SessionFactoryImpl - Session factory constructed with filter configurations : {}
17:03:31.288 [Test worker] DEBUG org.hibernate.internal.SessionFactoryImpl - Instantiating session factory with properties: {gopherProxySet=false, awt.toolkit=sun.lwawt.macosx.LWCToolkit, hibernate.id.new_generator_mappings=true, java.specification.version=11, sun.cpu.isalist=, hibernate.resource.beans.container=org.springframework.orm.hibernate5.SpringBeanContainer@3d939874, hibernate.connection.handling_mode=DELAYED_ACQUISITION_AND_HOLD, sun.jnu.encoding=UTF-8, hibernate.dialect=org.hibernate.dialect.H2Dialect, org.gradle.test.worker=3, hibernate.implicit_naming_strategy=org.springframework.boot.orm.jpa.hibernate.SpringImplicitNamingStrategy, java.class.path=/Users/dzmitryplatonov/.gradle/caches/5.6.2/workerMain/gradle-worker.jar:/Users/dzmitryplatonov/Desktop/workdir/giftcertificates/datasource/build/classes/java/test:/Users/dzmitryplatonov/Desktop/workdir/giftcertificates/datasource/build/resources/test:/Users/dzmitryplatonov/Desktop/workdir/giftcertificates/datasource/build/classes/java/main:/Users/dzmitryplatonov/Desktop/workdir/giftcertificates/datasource/build/resources/main:/Users/dzmitryplatonov/.m2/repository/org/apache/logging/log4j/log4j-web/2.11.2/log4j-web-2.11.2.jar:/Users/dzmitryplatonov/.m2/repository/org/apache/logging/log4j/log4j-core/2.11.2/log4j-core-2.11.2.jar:/Users/dzmitryplatonov/.gradle/caches/modules-2/files-2.1/org.springframework.boot/spring-boot-starter-web/2.1.9.RELEASE/2063870234eebbda3c09dddf9853477fe9e4a719/spring-boot-starter-web-2.1.9.RELEASE.jar:/Users/dzmitryplatonov/.gradle/caches/modules-2/files-2.1/org.springframework.boot/spring-boot-starter-security/2.1.9.RELEASE/bde048665003362d9e16aa75a8804f90dce1d31e/spring-boot-starter-security-2.1.9.RELEASE.jar:/Users/dzmitryplatonov/.gradle/caches/modules-2/files-2.1/org.springframework.boot/spring-boot-starter-data-jpa/2.1.9.RELEASE/784d6d5c525c2dd9fac31031ee6ca2ec8b067af5/spring-boot-starter-data-jpa-2.1.9.RELEASE.jar:/Users/dzmitryplatonov/.gradle/caches/modules-2/files-2.1/org.springframework.boot/spring-boot-starter-aop/2.1.9.RELEASE/74226b26cf15952f639deca38fe919701755c97b/spring-boot-starter-aop-2.1.9.RELEASE.jar:/Users/dzmitryplatonov/.gradle/caches/modules-2/files-2.1/org.springframework.boot/spring-boot-starter-jdbc/2.1.9.RELEASE/3f7d1d67669dfa0ea4ff9216afbeef5bc6a58ecb/spring-boot-starter-jdbc-2.1.9.RELEASE.jar:/Users/dzmitryplatonov/.gradle/caches/modules-2/files-2.1/org.springframework.boot/spring-boot-starter-json/2.1.9.RELEASE/53bdf52bc28b7e753874e0136fb33c9eab184276/spring-boot-starter-json-2.1.9.RELEASE.jar:/Users/dzmitryplatonov/.gradle/caches/modules-2/files-2.1/org.springframework.boot/spring-boot-starter/2.1.9.RELEASE/45d7afa2d9aab4b2984f2c330f507797fbcf501f/spring-boot-starter-2.1.9.RELEASE.jar:/Users/dzmitryplatonov/.gradle/caches/modules-2/files-2.1/org.springframework.boot/spring-boot-starter-logging/2.1.9.RELEASE/802b562b0c602ae9242b659a28b9bf89ca689b2d/spring-boot-starter-logging-2.1.9.RELEASE.jar:/Users/dzmitryplatonov/.m2/repository/org/apache/logging/log4j/log4j-to-slf4j/2.11.2/log4j-to-slf4j-2.11.2.jar:/Users/dzmitryplatonov/.m2/repository/org/apache/logging/log4j/log4j-api/2.11.2/log4j-api-2.11.2.jar:/Users/dzmitryplatonov/.m2/repository/org/hibernate/validator/hibernate-validator/6.0.17.Final/hibernate-validator-6.0.17.Final.jar:/Users/dzmitryplatonov/.m2/repository/javax/validation/validation-api/2.0.1.Final/validation-api-2.0.1.Final.jar:/Users/dzmitryplatonov/.gradle/caches/modules-2/files-2.1/org.springframework.security.oauth.boot/spring-security-oauth2-autoconfigure/2.1.9.RELEASE/abbbf98ebc0454774162add4b412a7ee5da66877/spring-security-oauth2-autoconfigure-2.1.9.RELEASE.jar:/Users/dzmitryplatonov/.gradle/caches/modules-2/files-2.1/com.auth0/jwks-rsa/0.9.0/6e3a813bce7eb07327f2a5384fb178eb21469338/jwks-rsa-0.9.0.jar:/Users/dzmitryplatonov/.gradle/caches/modules-2/files-2.1/io.jsonwebtoken/jjwt/0.9.1/54d2abfc3e63a28824d35bf600d6a5d627da681a/jjwt-0.9.1.jar:/Users/dzmitryplatonov/.gradle/caches/modules-2/files-2.1/io.jsonwebtoken/jjwt-jackson/0.10.7/52b5a612da95a0c0edc867ccac65bb0f6762ed7b/jjwt-jackson-0.10.7.jar:/Users/dzmitryplatonov/.m2/repository/com/fasterxml/jackson/datatype/jackson-datatype-jsr310/2.9.9/jackson-datatype-jsr310-2.9.9.jar:/Users/dzmitryplatonov/.m2/repository/com/fasterxml/jackson/datatype/jackson-datatype-jdk8/2.9.9/jackson-datatype-jdk8-2.9.9.jar:/Users/dzmitryplatonov/.m2/repository/com/fasterxml/jackson/module/jackson-module-parameter-names/2.9.9/jackson-module-parameter-names-2.9.9.jar:/Users/dzmitryplatonov/.gradle/caches/modules-2/files-2.1/com.fasterxml.jackson.core/jackson-databind/2.10.0.pr3/4e17238b159dcd1167b095024fe07f41da1e37ac/jackson-databind-2.10.0.pr3.jar:/Users/dzmitryplatonov/.gradle/caches/modules-2/files-2.1/com.fasterxml.jackson.core/jackson-annotations/2.10.0.pr3/6c99a6d972b8bdd92192bef4b0ff5df164e9cafc/jackson-annotations-2.10.0.pr3.jar:/Users/dzmitryplatonov/.m2/repository/org/springframework/hateoas/spring-hateoas/0.25.1.RELEASE/spring-hateoas-0.25.1.RELEASE.jar:/Users/dzmitryplatonov/.m2/repository/org/springframework/plugin/spring-plugin-core/1.2.0.RELEASE/spring-plugin-core-1.2.0.RELEASE.jar:/Users/dzmitryplatonov/.gradle/caches/modules-2/files-2.1/org.springframework.security/spring-security-oauth2-client/5.1.6.RELEASE/8a77b659f7f6616ca5970796c04106595819f4eb/spring-security-oauth2-client-5.1.6.RELEASE.jar:/Users/dzmitryplatonov/.gradle/caches/modules-2/files-2.1/org.springframework.security/spring-security-oauth2-jose/5.1.6.RELEASE/78f947f9b1ee235f7efbb697e15acd05e16d009a/spring-security-oauth2-jose-5.1.6.RELEASE.jar:/Users/dzmitryplatonov/.gradle/caches/modules-2/files-2.1/org.springframework.security/spring-security-openid/5.2.0.RELEASE/e67725a379bcc03c3edd571d6fec4800b2313a00/spring-security-openid-5.2.0.RELEASE.jar:/Users/dzmitryplatonov/.gradle/caches/modules-2/files-2.1/org.springframework.data/spring-data-jpa/2.1.11.RELEASE/b774364187f5e68379b8c3121232a04686a0325c/spring-data-jpa-2.1.11.RELEASE.jar:/Users/dzmitryplatonov/.gradle/caches/modules-2/files-2.1/org.springframework/spring-orm/5.1.10.RELEASE/ce92238d65405408387b1ae7a5dd5a280f7ea29f/spring-orm-5.1.10.RELEASE.jar:/Users/dzmitryplatonov/.gradle/caches/modules-2/files-2.1/org.springframework/spring-jdbc/5.1.10.RELEASE/48957bfad9656fdba9263539e2fa8f3034939ba8/spring-jdbc-5.1.10.RELEASE.jar:/Users/dzmitryplatonov/.m2/repository/org/postgresql/postgresql/42.2.8/postgresql-42.2.8.jar:/Users/dzmitryplatonov/.gradle/caches/modules-2/files-2.1/org.springframework.boot/spring-boot-starter-tomcat/2.1.9.RELEASE/99bef08a0b7fd10ff9827f0f8e6f49b97cbabf7f/spring-boot-starter-tomcat-2.1.9.RELEASE.jar:/Users/dzmitryplatonov/.m2/repository/javax/annotation/javax.annotation-api/1.3.2/javax.annotation-api-1.3.2.jar:/Users/dzmitryplatonov/.gradle/caches/modules-2/files-2.1/io.jsonwebtoken/jjwt-impl/0.10.7/49cf3b0b6f10eb024104ae39c111c1fd0cd3be64/jjwt-impl-0.10.7.jar:/Users/dzmitryplatonov/.gradle/caches/modules-2/files-2.1/org.junit.jupiter/junit-jupiter-params/5.2.0/d70083080bf3400c181562919cb03bf7588104e1/junit-jupiter-params-5.2.0.jar:/Users/dzmitryplatonov/.gradle/caches/modules-2/files-2.1/org.mockito/mockito-junit-jupiter/2.18.3/827104c6aed482c68159faf320f44f5eb5b03bd/mockito-junit-jupiter-2.18.3.jar:/Users/dzmitryplatonov/.m2/repository/org/mockito/mockito-core/2.28.2/mockito-core-2.28.2.jar:/Users/dzmitryplatonov/.m2/repository/com/h2database/h2/1.4.197/h2-1.4.197.jar:/Users/dzmitryplatonov/.gradle/caches/modules-2/files-2.1/org.springframework/spring-test/5.0.1.RELEASE/47dee3bebbcbcaff1be786b6c0db654ba7376eb9/spring-test-5.0.1.RELEASE.jar:/Users/dzmitryplatonov/.gradle/caches/modules-2/files-2.1/org.junit.jupiter/junit-jupiter-engine/5.3.1/e2676b1786c57a80eb98f5bebd51a3d05e228c40/junit-jupiter-engine-5.3.1.jar:/Users/dzmitryplatonov/.gradle/caches/modules-2/files-2.1/org.junit.jupiter/junit-jupiter-api/5.3.1/a7e97eac2784395cb991403f9641b042ad972941/junit-jupiter-api-5.3.1.jar:/Users/dzmitryplatonov/.gradle/caches/modules-2/files-2.1/org.hibernate/hibernate-core/5.3.12.Final/e1929362fe24a9f62142d18f1ac5b0d7f278ef22/hibernate-core-5.3.12.Final.jar:/Users/dzmitryplatonov/.m2/repository/org/hibernate/common/hibernate-commons-annotations/5.0.4.Final/hibernate-commons-annotations-5.0.4.Final.jar:/Users/dzmitryplatonov/.m2/repository/org/jboss/logging/jboss-logging/3.3.2.Final/jboss-logging-3.3.2.Final.jar:/Users/dzmitryplatonov/.m2/repository/com/fasterxml/classmate/1.3.4/classmate-1.3.4.jar:/Users/dzmitryplatonov/.gradle/caches/modules-2/files-2.1/com.fasterxml.jackson.core/jackson-core/2.10.0.pr3/1d2f9b816bcd00130ddc9dae6c99f7b533afcc73/jackson-core-2.10.0.pr3.jar:/Users/dzmitryplatonov/.gradle/caches/modules-2/files-2.1/org.springframework.security.oauth/spring-security-oauth2/2.3.5.RELEASE/7969f5363398d6d3788bef1740b2ab9509043d51/spring-security-oauth2-2.3.5.RELEASE.jar:/Users/dzmitryplatonov/.gradle/caches/modules-2/files-2.1/org.springframework/spring-webmvc/5.1.10.RELEASE/67b6da7852e89bc0df6ce36a263ac4377fe48e27/spring-webmvc-5.1.10.RELEASE.jar:/Users/dzmitryplatonov/.m2/repository/org/springframework/security/spring-security-config/5.1.6.RELEASE/spring-security-config-5.1.6.RELEASE.jar:/Users/dzmitryplatonov/.gradle/caches/modules-2/files-2.1/org.springframework.security/spring-security-oauth2-core/5.1.6.RELEASE/f3b2623760154aac86d32427696842c7c3d85326/spring-security-oauth2-core-5.1.6.RELEASE.jar:/Users/dzmitryplatonov/.gradle/caches/modules-2/files-2.1/org.springframework.security/spring-security-web/5.2.0.RELEASE/a9ff06ad3fd66cd08545e1a601c66d2256c86e0f/spring-security-web-5.2.0.RELEASE.jar:/Users/dzmitryplatonov/.gradle/caches/modules-2/files-2.1/org.springframework.security/spring-security-core/5.2.0.RELEASE/1c8f36e316a74c245073ce2a70bdf198a58424f6/spring-security-core-5.2.0.RELEASE.jar:/Users/dzmitryplatonov/.gradle/caches/modules-2/files-2.1/org.springframework.boot/spring-boot-autoconfigure/2.1.9.RELEASE/aa6d5e0fef585bec64543b9b8f944a94060e710a/spring-boot-autoconfigure-2.1.9.RELEASE.jar:/Users/dzmitryplatonov/.gradle/caches/modules-2/files-2.1/org.springframework.boot/spring-boot/2.1.9.RELEASE/b18e7287a82ee06c6bb4e79423c25c05b8303dc1/spring-boot-2.1.9.RELEASE.jar:/Users/dzmitryplatonov/.gradle/caches/modules-2/files-2.1/org.springframework/spring-context/5.2.0.RELEASE/a2638a8295f13ed8511c98a2379507677e1d16fa/spring-context-5.2.0.RELEASE.jar:/Users/dzmitryplatonov/.gradle/caches/modules-2/files-2.1/org.springframework/spring-aop/5.2.0.RELEASE/7031d44f063ea68e49b881a985967e7f2c144f3b/spring-aop-5.2.0.RELEASE.jar:/Users/dzmitryplatonov/.gradle/caches/modules-2/files-2.1/org.springframework/spring-web/5.2.0.RELEASE/d5b064196dc014519e751df549b4cc6a753fb191/spring-web-5.2.0.RELEASE.jar:/Users/dzmitryplatonov/.gradle/caches/modules-2/files-2.1/org.springframework.data/spring-data-commons/2.1.11.RELEASE/dace2a47d274ac5f0ac3ff2f47cb0b936bef5b46/spring-data-commons-2.1.11.RELEASE.jar:/Users/dzmitryplatonov/.gradle/caches/modules-2/files-2.1/org.springframework/spring-tx/5.1.10.RELEASE/c32ebb7fb1be3b733304b7873c31817dd434479a/spring-tx-5.1.10.RELEASE.jar:/Users/dzmitryplatonov/.gradle/caches/modules-2/files-2.1/org.springframework/spring-beans/5.2.0.RELEASE/3ae97694618c59e6af695a15e54fabb7e319776/spring-beans-5.2.0.RELEASE.jar:/Users/dzmitryplatonov/.gradle/caches/modules-2/files-2.1/org.springframework/spring-expression/5.2.0.RELEASE/ac6a616451129e717979f18d2bff40528698a46e/spring-expression-5.2.0.RELEASE.jar:/Users/dzmitryplatonov/.gradle/caches/modules-2/files-2.1/org.springframework/spring-core/5.2.0.RELEASE/e0e1b3c304f70ed19d7905975f6f990916ada219/spring-core-5.2.0.RELEASE.jar:/Users/dzmitryplatonov/.m2/repository/com/zaxxer/HikariCP/3.2.0/HikariCP-3.2.0.jar:/Users/dzmitryplatonov/.m2/repository/ch/qos/logback/logback-classic/1.2.3/logback-classic-1.2.3.jar:/Users/dzmitryplatonov/.m2/repository/org/slf4j/jul-to-slf4j/1.7.28/jul-to-slf4j-1.7.28.jar:/Users/dzmitryplatonov/.m2/repository/org/slf4j/slf4j-api/1.7.28/slf4j-api-1.7.28.jar:/Users/dzmitryplatonov/.m2/repository/javax/transaction/javax.transaction-api/1.3/javax.transaction-api-1.3.jar:/Users/dzmitryplatonov/.gradle/caches/modules-2/files-2.1/org.glassfish.jaxb/jaxb-runtime/2.3.1/dd6dda9da676a54c5b36ca2806ff95ee017d8738/jaxb-runtime-2.3.1.jar:/Users/dzmitryplatonov/.m2/repository/javax/xml/bind/jaxb-api/2.3.1/jaxb-api-2.3.1.jar:/Users/dzmitryplatonov/.gradle/caches/modules-2/files-2.1/org.springframework/spring-aspects/5.1.10.RELEASE/b0364caabcde96dc6385480d0f9270613ab04511/spring-aspects-5.1.10.RELEASE.jar:/Users/dzmitryplatonov/.gradle/caches/modules-2/files-2.1/org.springframework.security/spring-security-jwt/1.0.10.RELEASE/19a1ca7a83e9d263a31af5f529da460f8f863451/spring-security-jwt-1.0.10.RELEASE.jar:/Users/dzmitryplatonov/.gradle/caches/modules-2/files-2.1/com.nimbusds/oauth2-oidc-sdk/6.0/e731f0b62727a46ae6d6fded62b5678d28273c3c/oauth2-oidc-sdk-6.0.jar:/Users/dzmitryplatonov/.gradle/caches/modules-2/files-2.1/com.nimbusds/nimbus-jose-jwt/6.0.2/81605278e5df1cf4c3774851649b85cade077fa5/nimbus-jose-jwt-6.0.2.jar:/Users/dzmitryplatonov/.gradle/caches/modules-2/files-2.1/com.google.inject/guice/3.0/9d84f15fe35e2c716a02979fb62f50a29f38aefa/guice-3.0.jar:/Users/dzmitryplatonov/.gradle/caches/modules-2/files-2.1/org.openid4java/openid4java-nodeps/0.9.6/52ca394f5f6d38b78e35a5a6a0a341dc5b3aaf34/openid4java-nodeps-0.9.6.jar:/Users/dzmitryplatonov/.gradle/caches/modules-2/files-2.1/net.sourceforge.nekohtml/nekohtml/1.9.22/4f54af68ecb345f2453fb6884672ad08414154e3/nekohtml-1.9.22.jar:/Users/dzmitryplatonov/.gradle/caches/modules-2/files-2.1/org.apache.httpcomponents/httpclient/4.5.10/7ca2e4276f4ef95e4db725a8cd4a1d1e7585b9e5/httpclient-4.5.10.jar:/Users/dzmitryplatonov/.gradle/caches/modules-2/files-2.1/commons-codec/commons-codec/1.13/3f18e1aa31031d89db6f01ba05d501258ce69d2c/commons-codec-1.13.jar:/Users/dzmitryplatonov/.m2/repository/commons-io/commons-io/2.6/commons-io-2.6.jar:/Users/dzmitryplatonov/.gradle/caches/modules-2/files-2.1/com.google.guava/guava/27.1-jre/e47b59c893079b87743cdcfb6f17ca95c08c592c/guava-27.1-jre.jar:/Users/dzmitryplatonov/.gradle/caches/modules-2/files-2.1/io.jsonwebtoken/jjwt-api/0.10.7/52e888d8424d3c788e23fedfbfc65ce36830ab1a/jjwt-api-0.10.7.jar:/Users/dzmitryplatonov/.m2/repository/org/junit/platform/junit-platform-engine/1.3.1/junit-platform-engine-1.3.1.jar:/Users/dzmitryplatonov/.m2/repository/org/junit/platform/junit-platform-commons/1.3.1/junit-platform-commons-1.3.1.jar:/Users/dzmitryplatonov/.m2/repository/org/apiguardian/apiguardian-api/1.0.0/apiguardian-api-1.0.0.jar:/Users/dzmitryplatonov/.gradle/caches/modules-2/files-2.1/net.bytebuddy/byte-buddy/1.9.11/985bbce599f92d6440582a7d1a5231bfaae9970f/byte-buddy-1.9.11.jar:/Users/dzmitryplatonov/.m2/repository/net/bytebuddy/byte-buddy-agent/1.9.10/byte-buddy-agent-1.9.10.jar:/Users/dzmitryplatonov/.m2/repository/org/objenesis/objenesis/2.6/objenesis-2.6.jar:/Users/dzmitryplatonov/.m2/repository/org/opentest4j/opentest4j/1.1.1/opentest4j-1.1.1.jar:/Users/dzmitryplatonov/.m2/repository/org/aspectj/aspectjweaver/1.9.4/aspectjweaver-1.9.4.jar:/Users/dzmitryplatonov/.m2/repository/javax/activation/javax.activation-api/1.2.0/javax.activation-api-1.2.0.jar:/Users/dzmitryplatonov/.m2/repository/javax/persistence/javax.persistence-api/2.2/javax.persistence-api-2.2.jar:/Users/dzmitryplatonov/.m2/repository/org/javassist/javassist/3.23.2-GA/javassist-3.23.2-GA.jar:/Users/dzmitryplatonov/.m2/repository/antlr/antlr/2.7.7/antlr-2.7.7.jar:/Users/dzmitryplatonov/.m2/repository/org/jboss/jandex/2.0.5.Final/jandex-2.0.5.Final.jar:/Users/dzmitryplatonov/.m2/repository/org/dom4j/dom4j/2.1.1/dom4j-2.1.1.jar:/Users/dzmitryplatonov/.m2/repository/org/yaml/snakeyaml/1.23/snakeyaml-1.23.jar:/Users/dzmitryplatonov/.gradle/caches/modules-2/files-2.1/org.apache.tomcat.embed/tomcat-embed-websocket/9.0.26/8991b1bd82c5745e95a9161472a92dc1e5c7148e/tomcat-embed-websocket-9.0.26.jar:/Users/dzmitryplatonov/.gradle/caches/modules-2/files-2.1/org.apache.tomcat.embed/tomcat-embed-core/9.0.26/6312ba542bc58fa9ee789a43516ce4d862548a6b/tomcat-embed-core-9.0.26.jar:/Users/dzmitryplatonov/.gradle/caches/modules-2/files-2.1/org.apache.tomcat.embed/tomcat-embed-el/9.0.26/a551f05d3ecf5434eaadd75e0b51519447df124/tomcat-embed-el-9.0.26.jar:/Users/dzmitryplatonov/.gradle/caches/modules-2/files-2.1/org.codehaus.jackson/jackson-mapper-asl/1.9.13/1ee2f2bed0e5dd29d1cb155a166e6f8d50bbddb7/jackson-mapper-asl-1.9.13.jar:/Users/dzmitryplatonov/.gradle/caches/modules-2/files-2.1/org.bouncycastle/bcpkix-jdk15on/1.60/d0c46320fbc07be3a24eb13a56cee4e3d38e0c75/bcpkix-jdk15on-1.60.jar:/Users/dzmitryplatonov/.gradle/caches/modules-2/files-2.1/org.glassfish.jaxb/txw2/2.3.1/a09d2c48d3285f206fafbffe0e50619284e92126/txw2-2.3.1.jar:/Users/dzmitryplatonov/.gradle/caches/modules-2/files-2.1/com.sun.istack/istack-commons-runtime/3.0.7/c197c86ceec7318b1284bffb49b54226ca774003/istack-commons-runtime-3.0.7.jar:/Users/dzmitryplatonov/.gradle/caches/modules-2/files-2.1/org.jvnet.staxex/stax-ex/1.8/8cc35f73da321c29973191f2cf143d29d26a1df7/stax-ex-1.8.jar:/Users/dzmitryplatonov/.gradle/caches/modules-2/files-2.1/com.sun.xml.fastinfoset/FastInfoset/1.2.15/bb7b7ec0379982b97c62cd17465cb6d9155f68e8/FastInfoset-1.2.15.jar:/Users/dzmitryplatonov/.gradle/caches/modules-2/files-2.1/com.sun.mail/javax.mail/1.6.1/757ba4630692bb2a1ec2d9d57a616b63f15e947e/javax.mail-1.6.1.jar:/Users/dzmitryplatonov/.gradle/caches/modules-2/files-2.1/com.github.stephenc.jcip/jcip-annotations/1.0-1/ef31541dd28ae2cefdd17c7ebf352d93e9058c63/jcip-annotations-1.0-1.jar:/Users/dzmitryplatonov/.m2/repository/net/minidev/json-smart/2.3/json-smart-2.3.jar:/Users/dzmitryplatonov/.gradle/caches/modules-2/files-2.1/com.nimbusds/lang-tag/1.4.4/1db9a709239ae473a69b5424c7e78d0b7108229d/lang-tag-1.4.4.jar:/Users/dzmitryplatonov/.gradle/caches/modules-2/files-2.1/org.springframework/spring-jcl/5.2.0.RELEASE/59b53ab6f01dd3ba85875b61a284c161584c18a3/spring-jcl-5.2.0.RELEASE.jar:/Users/dzmitryplatonov/.m2/repository/javax/inject/javax.inject/1/javax.inject-1.jar:/Users/dzmitryplatonov/.gradle/caches/modules-2/files-2.1/org.sonatype.sisu.inject/cglib/2.2.1-v20090111/7ce5e983fd0e6c78346f4c9cbfa39d83049dda2/cglib-2.2.1-v20090111.jar:/Users/dzmitryplatonov/.m2/repository/commons-logging/commons-logging/1.2/commons-logging-1.2.jar:/Users/dzmitryplatonov/.m2/repository/net/jcip/jcip-annotations/1.0/jcip-annotations-1.0.jar:/Users/dzmitryplatonov/.m2/repository/xerces/xercesImpl/2.11.0/xercesImpl-2.11.0.jar:/Users/dzmitryplatonov/.gradle/caches/modules-2/files-2.1/org.apache.httpcomponents/httpcore/4.4.12/21ebaf6d532bc350ba95bd81938fa5f0e511c132/httpcore-4.4.12.jar:/Users/dzmitryplatonov/.gradle/caches/modules-2/files-2.1/com.google.guava/failureaccess/1.0.1/1dcf1de382a0bf95a3d8b0849546c88bac1292c9/failureaccess-1.0.1.jar:/Users/dzmitryplatonov/.gradle/caches/modules-2/files-2.1/com.google.guava/listenablefuture/9999.0-empty-to-avoid-conflict-with-guava/b421526c5f297295adef1c886e5246c39d4ac629/listenablefuture-9999.0-empty-to-avoid-conflict-with-guava.jar:/Users/dzmitryplatonov/.m2/repository/com/google/code/findbugs/jsr305/3.0.2/jsr305-3.0.2.jar:/Users/dzmitryplatonov/.gradle/caches/modules-2/files-2.1/org.checkerframework/checker-qual/2.5.2/cea74543d5904a30861a61b4643a5f2bb372efc4/checker-qual-2.5.2.jar:/Users/dzmitryplatonov/.gradle/caches/modules-2/files-2.1/com.google.errorprone/error_prone_annotations/2.2.0/88e3c593e9b3586e1c6177f89267da6fc6986f0c/error_prone_annotations-2.2.0.jar:/Users/dzmitryplatonov/.gradle/caches/modules-2/files-2.1/com.google.j2objc/j2objc-annotations/1.1/ed28ded51a8b1c6b112568def5f4b455e6809019/j2objc-annotations-1.1.jar:/Users/dzmitryplatonov/.gradle/caches/modules-2/files-2.1/org.codehaus.mojo/animal-sniffer-annotations/1.17/f97ce6decaea32b36101e37979f8b647f00681fb/animal-sniffer-annotations-1.17.jar:/Users/dzmitryplatonov/.gradle/caches/modules-2/files-2.1/org.codehaus.jackson/jackson-core-asl/1.9.13/3c304d70f42f832e0a86d45bd437f692129299a4/jackson-core-asl-1.9.13.jar:/Users/dzmitryplatonov/.gradle/caches/modules-2/files-2.1/org.bouncycastle/bcprov-jdk15on/1.60/bd47ad3bd14b8e82595c7adaa143501e60842a84/bcprov-jdk15on-1.60.jar:/Users/dzmitryplatonov/.m2/repository/javax/activation/activation/1.1/activation-1.1.jar:/Users/dzmitryplatonov/.m2/repository/net/minidev/accessors-smart/1.2/accessors-smart-1.2.jar:/Users/dzmitryplatonov/.gradle/caches/modules-2/files-2.1/asm/asm/3.1/c157def142714c544bdea2e6144645702adf7097/asm-3.1.jar:/Users/dzmitryplatonov/.m2/repository/xml-apis/xml-apis/1.4.01/xml-apis-1.4.01.jar:/Users/dzmitryplatonov/.m2/repository/ch/qos/logback/logback-core/1.2.3/logback-core-1.2.3.jar:/Users/dzmitryplatonov/.gradle/caches/modules-2/files-2.1/org.apache.tomcat/tomcat-annotations-api/9.0.26/bb4574456c5db64acfcd2aa6f426d87e6c05a772/tomcat-annotations-api-9.0.26.jar:/Users/dzmitryplatonov/.m2/repository/org/ow2/asm/asm/5.0.4/asm-5.0.4.jar, java.vm.vendor=Oracle Corporation, sun.arch.data.model=64, user.variant=, java.vendor.url=http://java.oracle.com/, user.timezone=Europe/Minsk, os.name=Mac OS X, java.vm.specification.version=11, javax.persistence.validation.mode=AUTO, user.country=BY, sun.java.launcher=SUN_STANDARD, sun.boot.library.path=/Library/Java/JavaVirtualMachines/jdk-11.0.4.jdk/Contents/Home/lib, sun.java.command=worker.org.gradle.process.internal.worker.GradleWorkerMain 'Gradle Test Executor 3', hibernate.transaction.jta.platform=org.hibernate.engine.transaction.jta.platform.internal.NoJtaPlatform@4c284097, http.nonProxyHosts=local|*.local|169.254/16|*.169.254/16, javax.persistence.sharedCache.mode=UNSPECIFIED, jdk.debug=release, sun.cpu.endian=little, user.home=/Users/dzmitryplatonov, user.language=ru, java.specification.vendor=Oracle Corporation, org.gradle.native=false, java.version.date=2019-07-16, java.home=/Library/Java/JavaVirtualMachines/jdk-11.0.4.jdk/Contents/Home, file.separator=/, java.vm.compressedOopsMode=Zero based, line.separator=
, java.specification.name=Java Platform API Specification, java.vm.specification.vendor=Oracle Corporation, hibernate.transaction.coordinator_class=class org.hibernate.resource.transaction.backend.jdbc.internal.JdbcResourceLocalTransactionCoordinatorBuilderImpl, java.awt.graphicsenv=sun.awt.CGraphicsEnvironment, hibernate.hbm2ddl.auto=create-drop, sun.management.compiler=HotSpot 64-Bit Tiered Compilers, ftp.nonProxyHosts=local|*.local|169.254/16|*.169.254/16, java.runtime.version=11.0.4+10-LTS, user.name=dzmitryplatonov, path.separator=:, os.version=10.14.6, java.runtime.name=Java(TM) SE Runtime Environment, file.encoding=UTF-8, hibernate.ejb.persistenceUnitName=default, java.vm.name=Java HotSpot(TM) 64-Bit Server VM, java.vendor.version=18.9, java.vendor.url.bug=http://bugreport.java.com/bugreport/, java.io.tmpdir=/var/folders/nm/5f650mms7n577yq7w4kkdfl80000gn/T/, com.zaxxer.hikari.pool_number=1, java.version=11.0.4, hibernate.physical_naming_strategy=org.springframework.boot.orm.jpa.hibernate.SpringPhysicalNamingStrategy, user.dir=/Users/dzmitryplatonov/Desktop/workdir/giftcertificates/datasource, os.arch=x86_64, java.vm.specification.name=Java Virtual Machine Specification, java.awt.printerjob=sun.lwawt.macosx.CPrinterJob, sun.os.patch.level=unknown, hibernate.boot.CfgXmlAccessService.key=org.hibernate.boot.cfgxml.spi.LoadedConfig@22370679, java.library.path=/Users/dzmitryplatonov/Library/Java/Extensions:/Library/Java/Extensions:/Network/Library/Java/Extensions:/System/Library/Java/Extensions:/usr/lib/java:., java.vendor=Oracle Corporation, java.vm.info=mixed mode, java.vm.version=11.0.4+10-LTS, hibernate.bytecode.use_reflection_optimizer=false, sun.io.unicode.encoding=UnicodeBig, hibernate.connection.datasource=HikariDataSource (HikariPool-7), socksNonProxyHosts=local|*.local|169.254/16|*.169.254/16, java.class.version=55.0}
17:03:31.288 [Test worker] DEBUG org.hibernate.validator.internal.engine.resolver.TraversableResolvers - Found javax.persistence.Persistence on classpath containing 'getPersistenceUtil'. Assuming JPA 2 environment. Trying to instantiate JPA aware TraversableResolver
17:03:31.289 [Test worker] DEBUG org.hibernate.validator.internal.engine.resolver.TraversableResolvers - Instantiated JPA aware TraversableResolver of type org.hibernate.validator.internal.engine.resolver.JPATraversableResolver.
17:03:31.289 [Test worker] DEBUG org.hibernate.validator.internal.xml.config.ValidationXmlParser - Trying to load META-INF/validation.xml for XML based Validator configuration.
17:03:31.289 [Test worker] DEBUG org.hibernate.validator.internal.xml.config.ResourceLoaderHelper - Trying to load META-INF/validation.xml via TCCL
17:03:31.289 [Test worker] DEBUG org.hibernate.validator.internal.xml.config.ResourceLoaderHelper - Trying to load META-INF/validation.xml via Hibernate Validator's class loader
17:03:31.289 [Test worker] DEBUG org.hibernate.validator.internal.xml.config.ValidationXmlParser - No META-INF/validation.xml found. Using annotation based configuration only.
17:03:31.294 [Test worker] DEBUG org.hibernate.validator.messageinterpolation.ResourceBundleMessageInterpolator - Loaded expression factory via original TCCL
17:03:31.294 [Test worker] DEBUG org.hibernate.validator.internal.engine.ValidatorFactoryImpl - HV000234: Using org.hibernate.validator.messageinterpolation.ResourceBundleMessageInterpolator as ValidatorFactory-scoped message interpolator.
17:03:31.294 [Test worker] DEBUG org.hibernate.validator.internal.engine.ValidatorFactoryImpl - HV000234: Using org.hibernate.validator.internal.engine.resolver.JPATraversableResolver as ValidatorFactory-scoped traversable resolver.
17:03:31.294 [Test worker] DEBUG org.hibernate.validator.internal.engine.ValidatorFactoryImpl - HV000234: Using org.hibernate.validator.internal.util.ExecutableParameterNameProvider as ValidatorFactory-scoped parameter name provider.
17:03:31.294 [Test worker] DEBUG org.hibernate.validator.internal.engine.ValidatorFactoryImpl - HV000234: Using org.hibernate.validator.internal.engine.DefaultClockProvider as ValidatorFactory-scoped clock provider.
17:03:31.294 [Test worker] DEBUG org.hibernate.validator.internal.engine.ValidatorFactoryImpl - HV000234: Using org.hibernate.validator.internal.engine.scripting.DefaultScriptEvaluatorFactory as ValidatorFactory-scoped script evaluator factory.
17:03:31.295 [Test worker] DEBUG org.hibernate.boot.internal.ClassLoaderAccessImpl - Not known whether passed class name [com.epam.esm.entity.Order] is safe
17:03:31.295 [Test worker] DEBUG org.hibernate.boot.internal.ClassLoaderAccessImpl - No temp ClassLoader provided; using live ClassLoader for loading potentially unsafe class : com.epam.esm.entity.Order
17:03:31.298 [Test worker] DEBUG org.hibernate.boot.internal.ClassLoaderAccessImpl - Not known whether passed class name [com.epam.esm.entity.GiftCertificate] is safe
17:03:31.298 [Test worker] DEBUG org.hibernate.boot.internal.ClassLoaderAccessImpl - No temp ClassLoader provided; using live ClassLoader for loading potentially unsafe class : com.epam.esm.entity.GiftCertificate
17:03:31.300 [Test worker] DEBUG org.hibernate.boot.internal.ClassLoaderAccessImpl - Not known whether passed class name [com.epam.esm.entity.User] is safe
17:03:31.300 [Test worker] DEBUG org.hibernate.boot.internal.ClassLoaderAccessImpl - No temp ClassLoader provided; using live ClassLoader for loading potentially unsafe class : com.epam.esm.entity.User
17:03:31.302 [Test worker] DEBUG org.hibernate.boot.internal.ClassLoaderAccessImpl - Not known whether passed class name [com.epam.esm.entity.Entity] is safe
17:03:31.302 [Test worker] DEBUG org.hibernate.boot.internal.ClassLoaderAccessImpl - No temp ClassLoader provided; using live ClassLoader for loading potentially unsafe class : com.epam.esm.entity.Entity
17:03:31.303 [Test worker] DEBUG org.hibernate.boot.internal.ClassLoaderAccessImpl - Not known whether passed class name [com.epam.esm.entity.Tag] is safe
17:03:31.303 [Test worker] DEBUG org.hibernate.boot.internal.ClassLoaderAccessImpl - No temp ClassLoader provided; using live ClassLoader for loading potentially unsafe class : com.epam.esm.entity.Tag
17:03:31.304 [Test worker] DEBUG org.hibernate.boot.internal.ClassLoaderAccessImpl - Not known whether passed class name [com.epam.esm.entity.OrderCertificate] is safe
17:03:31.304 [Test worker] DEBUG org.hibernate.boot.internal.ClassLoaderAccessImpl - No temp ClassLoader provided; using live ClassLoader for loading potentially unsafe class : com.epam.esm.entity.OrderCertificate
17:03:31.305 [Test worker] DEBUG org.hibernate.boot.internal.ClassLoaderAccessImpl - Not known whether passed class name [com.epam.esm.entity.Role] is safe
17:03:31.305 [Test worker] DEBUG org.hibernate.boot.internal.ClassLoaderAccessImpl - No temp ClassLoader provided; using live ClassLoader for loading potentially unsafe class : com.epam.esm.entity.Role
17:03:31.306 [Test worker] DEBUG org.hibernate.secure.spi.JaccIntegrator - Skipping JACC integration as it was not enabled
17:03:31.307 [Test worker] DEBUG org.hibernate.internal.SessionFactoryImpl - Instantiated session factory
17:03:31.307 [Test worker] DEBUG org.hibernate.type.spi.TypeConfiguration$Scope - Scoping TypeConfiguration [org.hibernate.type.spi.TypeConfiguration@33557eeb] to SessionFactoryImpl [org.hibernate.internal.SessionFactoryImpl@49d0f3a7]
17:03:31.307 [Test worker] DEBUG org.hibernate.boot.internal.ClassLoaderAccessImpl - Not known whether passed class name [com.epam.esm.entity.Order] is safe
17:03:31.307 [Test worker] DEBUG org.hibernate.boot.internal.ClassLoaderAccessImpl - No temp ClassLoader provided; using live ClassLoader for loading potentially unsafe class : com.epam.esm.entity.Order
17:03:31.307 [Test worker] DEBUG org.hibernate.boot.internal.ClassLoaderAccessImpl - Not known whether passed class name [com.epam.esm.entity.Order] is safe
17:03:31.307 [Test worker] DEBUG org.hibernate.boot.internal.ClassLoaderAccessImpl - No temp ClassLoader provided; using live ClassLoader for loading potentially unsafe class : com.epam.esm.entity.Order
17:03:31.317 [Test worker] DEBUG org.hibernate.boot.internal.ClassLoaderAccessImpl - Not known whether passed class name [com.epam.esm.entity.GiftCertificate] is safe
17:03:31.317 [Test worker] DEBUG org.hibernate.boot.internal.ClassLoaderAccessImpl - No temp ClassLoader provided; using live ClassLoader for loading potentially unsafe class : com.epam.esm.entity.GiftCertificate
17:03:31.317 [Test worker] DEBUG org.hibernate.boot.internal.ClassLoaderAccessImpl - Not known whether passed class name [com.epam.esm.entity.GiftCertificate] is safe
17:03:31.317 [Test worker] DEBUG org.hibernate.boot.internal.ClassLoaderAccessImpl - No temp ClassLoader provided; using live ClassLoader for loading potentially unsafe class : com.epam.esm.entity.GiftCertificate
17:03:31.329 [Test worker] DEBUG org.hibernate.boot.internal.ClassLoaderAccessImpl - Not known whether passed class name [com.epam.esm.entity.User] is safe
17:03:31.329 [Test worker] DEBUG org.hibernate.boot.internal.ClassLoaderAccessImpl - No temp ClassLoader provided; using live ClassLoader for loading potentially unsafe class : com.epam.esm.entity.User
17:03:31.329 [Test worker] DEBUG org.hibernate.boot.internal.ClassLoaderAccessImpl - Not known whether passed class name [com.epam.esm.entity.User] is safe
17:03:31.329 [Test worker] DEBUG org.hibernate.boot.internal.ClassLoaderAccessImpl - No temp ClassLoader provided; using live ClassLoader for loading potentially unsafe class : com.epam.esm.entity.User
17:03:31.338 [Test worker] DEBUG org.hibernate.boot.internal.ClassLoaderAccessImpl - Not known whether passed class name [com.epam.esm.entity.Entity] is safe
17:03:31.338 [Test worker] DEBUG org.hibernate.boot.internal.ClassLoaderAccessImpl - No temp ClassLoader provided; using live ClassLoader for loading potentially unsafe class : com.epam.esm.entity.Entity
17:03:31.338 [Test worker] DEBUG org.hibernate.boot.internal.ClassLoaderAccessImpl - Not known whether passed class name [com.epam.esm.entity.Entity] is safe
17:03:31.338 [Test worker] DEBUG org.hibernate.boot.internal.ClassLoaderAccessImpl - No temp ClassLoader provided; using live ClassLoader for loading potentially unsafe class : com.epam.esm.entity.Entity
17:03:31.342 [Test worker] DEBUG org.hibernate.boot.internal.ClassLoaderAccessImpl - Not known whether passed class name [com.epam.esm.entity.Tag] is safe
17:03:31.342 [Test worker] DEBUG org.hibernate.boot.internal.ClassLoaderAccessImpl - No temp ClassLoader provided; using live ClassLoader for loading potentially unsafe class : com.epam.esm.entity.Tag
17:03:31.342 [Test worker] DEBUG org.hibernate.boot.internal.ClassLoaderAccessImpl - Not known whether passed class name [com.epam.esm.entity.Tag] is safe
17:03:31.342 [Test worker] DEBUG org.hibernate.boot.internal.ClassLoaderAccessImpl - No temp ClassLoader provided; using live ClassLoader for loading potentially unsafe class : com.epam.esm.entity.Tag
17:03:31.343 [HikariPool-7 housekeeper] DEBUG com.zaxxer.hikari.pool.HikariPool - HikariPool-7 - Pool stats (total=1, active=0, idle=1, waiting=0)
17:03:31.344 [HikariPool-7 connection adder] DEBUG com.zaxxer.hikari.pool.HikariPool - HikariPool-7 - Added connection conn61: url=jdbc:h2:mem:testdb user=SA
17:03:31.345 [HikariPool-7 connection adder] DEBUG com.zaxxer.hikari.pool.HikariPool - HikariPool-7 - Added connection conn62: url=jdbc:h2:mem:testdb user=SA
17:03:31.345 [HikariPool-7 connection adder] DEBUG com.zaxxer.hikari.pool.HikariPool - HikariPool-7 - Added connection conn63: url=jdbc:h2:mem:testdb user=SA
17:03:31.346 [HikariPool-7 connection adder] DEBUG com.zaxxer.hikari.pool.HikariPool - HikariPool-7 - Added connection conn64: url=jdbc:h2:mem:testdb user=SA
17:03:31.346 [HikariPool-7 connection adder] DEBUG com.zaxxer.hikari.pool.HikariPool - HikariPool-7 - Added connection conn65: url=jdbc:h2:mem:testdb user=SA
17:03:31.347 [HikariPool-7 connection adder] DEBUG com.zaxxer.hikari.pool.HikariPool - HikariPool-7 - Added connection conn66: url=jdbc:h2:mem:testdb user=SA
17:03:31.347 [HikariPool-7 connection adder] DEBUG com.zaxxer.hikari.pool.HikariPool - HikariPool-7 - Added connection conn67: url=jdbc:h2:mem:testdb user=SA
17:03:31.347 [Test worker] DEBUG org.hibernate.boot.internal.ClassLoaderAccessImpl - Not known whether passed class name [com.epam.esm.entity.OrderCertificate] is safe
17:03:31.347 [Test worker] DEBUG org.hibernate.boot.internal.ClassLoaderAccessImpl - No temp ClassLoader provided; using live ClassLoader for loading potentially unsafe class : com.epam.esm.entity.OrderCertificate
17:03:31.348 [HikariPool-7 connection adder] DEBUG com.zaxxer.hikari.pool.HikariPool - HikariPool-7 - Added connection conn68: url=jdbc:h2:mem:testdb user=SA
17:03:31.348 [Test worker] DEBUG org.hibernate.boot.internal.ClassLoaderAccessImpl - Not known whether passed class name [com.epam.esm.entity.OrderCertificate] is safe
17:03:31.348 [Test worker] DEBUG org.hibernate.boot.internal.ClassLoaderAccessImpl - No temp ClassLoader provided; using live ClassLoader for loading potentially unsafe class : com.epam.esm.entity.OrderCertificate
17:03:31.348 [HikariPool-7 connection adder] DEBUG com.zaxxer.hikari.pool.HikariPool - HikariPool-7 - Added connection conn69: url=jdbc:h2:mem:testdb user=SA
17:03:31.348 [HikariPool-7 connection adder] DEBUG com.zaxxer.hikari.pool.HikariPool - HikariPool-7 - After adding stats (total=10, active=0, idle=10, waiting=0)
17:03:31.360 [Test worker] DEBUG org.hibernate.boot.internal.ClassLoaderAccessImpl - Not known whether passed class name [com.epam.esm.entity.Role] is safe
17:03:31.360 [Test worker] DEBUG org.hibernate.boot.internal.ClassLoaderAccessImpl - No temp ClassLoader provided; using live ClassLoader for loading potentially unsafe class : com.epam.esm.entity.Role
17:03:31.360 [Test worker] DEBUG org.hibernate.boot.internal.ClassLoaderAccessImpl - Not known whether passed class name [com.epam.esm.entity.Role] is safe
17:03:31.360 [Test worker] DEBUG org.hibernate.boot.internal.ClassLoaderAccessImpl - No temp ClassLoader provided; using live ClassLoader for loading potentially unsafe class : com.epam.esm.entity.Role
17:03:31.365 [Test worker] DEBUG org.hibernate.persister.collection.AbstractCollectionPersister - Static SQL for collection: com.epam.esm.entity.GiftCertificate.tags
17:03:31.365 [Test worker] DEBUG org.hibernate.persister.collection.AbstractCollectionPersister -  Row insert: insert into certificate_tag (certificate_id, tag_id) values (?, ?)
17:03:31.365 [Test worker] DEBUG org.hibernate.persister.collection.AbstractCollectionPersister -  Row update: update certificate_tag set tag_id=? where certificate_id=? and tag_id=?
17:03:31.365 [Test worker] DEBUG org.hibernate.persister.collection.AbstractCollectionPersister -  Row delete: delete from certificate_tag where certificate_id=? and tag_id=?
17:03:31.365 [Test worker] DEBUG org.hibernate.persister.collection.AbstractCollectionPersister -  One-shot delete: delete from certificate_tag where certificate_id=?
17:03:31.366 [Test worker] DEBUG org.hibernate.persister.collection.AbstractCollectionPersister - Static SQL for collection: com.epam.esm.entity.Order.orderCertificates
17:03:31.366 [Test worker] DEBUG org.hibernate.persister.collection.AbstractCollectionPersister -  Row insert: update order_certificate set order_id=? where id=?
17:03:31.366 [Test worker] DEBUG org.hibernate.persister.collection.AbstractCollectionPersister -  Row update: update order_certificate set  where id=?
17:03:31.366 [Test worker] DEBUG org.hibernate.persister.collection.AbstractCollectionPersister -  Row delete: update order_certificate set order_id=null where order_id=? and id=?
17:03:31.366 [Test worker] DEBUG org.hibernate.persister.collection.AbstractCollectionPersister -  One-shot delete: update order_certificate set order_id=null where order_id=?
17:03:31.366 [Test worker] DEBUG org.hibernate.persister.collection.AbstractCollectionPersister - Static SQL for collection: com.epam.esm.entity.GiftCertificate.orderCertificates
17:03:31.366 [Test worker] DEBUG org.hibernate.persister.collection.AbstractCollectionPersister -  Row insert: update order_certificate set certificate_id=? where id=?
17:03:31.366 [Test worker] DEBUG org.hibernate.persister.collection.AbstractCollectionPersister -  Row update: update order_certificate set  where id=?
17:03:31.366 [Test worker] DEBUG org.hibernate.persister.collection.AbstractCollectionPersister -  Row delete: update order_certificate set certificate_id=null where certificate_id=? and id=?
17:03:31.366 [Test worker] DEBUG org.hibernate.persister.collection.AbstractCollectionPersister -  One-shot delete: update order_certificate set certificate_id=null where certificate_id=?
17:03:31.366 [Test worker] DEBUG org.hibernate.persister.collection.AbstractCollectionPersister - Static SQL for collection: com.epam.esm.entity.User.orders
17:03:31.366 [Test worker] DEBUG org.hibernate.persister.collection.AbstractCollectionPersister -  Row insert: update application_order set user_id=? where id=?
17:03:31.366 [Test worker] DEBUG org.hibernate.persister.collection.AbstractCollectionPersister -  Row update: update application_order set  where id=?
17:03:31.366 [Test worker] DEBUG org.hibernate.persister.collection.AbstractCollectionPersister -  Row delete: update application_order set user_id=null where user_id=? and id=?
17:03:31.366 [Test worker] DEBUG org.hibernate.persister.collection.AbstractCollectionPersister -  One-shot delete: update application_order set user_id=null where user_id=?
17:03:31.367 [Test worker] DEBUG org.hibernate.persister.entity.AbstractEntityPersister - Static SQL for entity: com.epam.esm.entity.Order
17:03:31.367 [Test worker] DEBUG org.hibernate.persister.entity.AbstractEntityPersister -  Version select: select id from application_order where id =?
17:03:31.367 [Test worker] DEBUG org.hibernate.persister.entity.AbstractEntityPersister -  Snapshot select: select order_.id, order_.active_status as active_s2_0_, order_.created_at as created_3_0_, order_.user_id as user_id4_0_ from application_order order_ where order_.id=?
17:03:31.367 [Test worker] DEBUG org.hibernate.persister.entity.AbstractEntityPersister -  Insert 0: insert into application_order (active_status, created_at, user_id, id) values (?, ?, ?, ?)
17:03:31.367 [Test worker] DEBUG org.hibernate.persister.entity.AbstractEntityPersister -  Update 0: update application_order set active_status=?, created_at=?, user_id=? where id=?
17:03:31.367 [Test worker] DEBUG org.hibernate.persister.entity.AbstractEntityPersister -  Delete 0: delete from application_order where id=?
17:03:31.367 [Test worker] DEBUG org.hibernate.persister.entity.AbstractEntityPersister -  Identity insert: insert into application_order (id, active_status, created_at, user_id) values (null, ?, ?, ?)
17:03:31.367 [Test worker] DEBUG org.hibernate.loader.plan.build.internal.spaces.QuerySpacesImpl - Adding QuerySpace : uid = <gen:0> -> org.hibernate.loader.plan.build.internal.spaces.EntityQuerySpaceImpl@30079fed]
17:03:31.367 [Test worker] DEBUG org.hibernate.persister.walking.spi.MetamodelGraphWalker - Visiting attribute path : activeStatus
17:03:31.367 [Test worker] DEBUG org.hibernate.persister.walking.spi.MetamodelGraphWalker - Visiting attribute path : createdAt
17:03:31.367 [Test worker] DEBUG org.hibernate.persister.walking.spi.MetamodelGraphWalker - Visiting attribute path : orderCertificates
17:03:31.367 [Test worker] DEBUG org.hibernate.loader.plan.build.internal.spaces.QuerySpacesImpl - Adding QuerySpace : uid = <gen:1> -> org.hibernate.loader.plan.build.internal.spaces.CollectionQuerySpaceImpl@21e98cd]
17:03:31.367 [Test worker] DEBUG org.hibernate.loader.plan.build.internal.spaces.QuerySpacesImpl - Adding QuerySpace : uid = <gen:2> -> org.hibernate.loader.plan.build.internal.spaces.EntityQuerySpaceImpl@482344c6]
17:03:31.367 [Test worker] DEBUG org.hibernate.persister.walking.spi.MetamodelGraphWalker - Visiting attribute path : user
17:03:31.368 [Test worker] DEBUG org.hibernate.loader.plan.build.internal.spaces.QuerySpacesImpl - Adding QuerySpace : uid = <gen:3> -> org.hibernate.loader.plan.build.internal.spaces.EntityQuerySpaceImpl@44d742d8]
17:03:31.368 [Test worker] DEBUG org.hibernate.persister.walking.spi.MetamodelGraphWalker - Visiting attribute path : user.email
17:03:31.368 [Test worker] DEBUG org.hibernate.persister.walking.spi.MetamodelGraphWalker - Visiting attribute path : user.orders
17:03:31.368 [Test worker] DEBUG org.hibernate.persister.walking.spi.MetamodelGraphWalker - Property path deemed to be circular : user.orders
17:03:31.368 [Test worker] DEBUG org.hibernate.persister.walking.spi.MetamodelGraphWalker - Visiting attribute path : user.password
17:03:31.368 [Test worker] DEBUG org.hibernate.persister.walking.spi.MetamodelGraphWalker - Visiting attribute path : user.refreshToken
17:03:31.368 [Test worker] DEBUG org.hibernate.persister.walking.spi.MetamodelGraphWalker - Visiting attribute path : user.role
17:03:31.368 [Test worker] DEBUG org.hibernate.loader.plan.build.internal.spaces.QuerySpacesImpl - Adding QuerySpace : uid = <gen:4> -> org.hibernate.loader.plan.build.internal.spaces.EntityQuerySpaceImpl@79d82798]
17:03:31.368 [Test worker] DEBUG org.hibernate.persister.walking.spi.MetamodelGraphWalker - Visiting attribute path : user.role.value
17:03:31.368 [Test worker] DEBUG org.hibernate.loader.plan.build.internal.FetchStyleLoadPlanBuildingAssociationVisitationStrategy - Building LoadPlan...
17:03:31.368 [Test worker] DEBUG org.hibernate.loader.plan.exec.internal.LoadQueryJoinAndFetchProcessor - processing queryspace <gen:0>
17:03:31.369 [Test worker] DEBUG org.hibernate.loader.plan.build.spi.LoadPlanTreePrinter - LoadPlan(entity=com.epam.esm.entity.Order)
    - Returns
       - EntityReturnImpl(entity=com.epam.esm.entity.Order, querySpaceUid=<gen:0>, path=com.epam.esm.entity.Order)
          - CollectionAttributeFetchImpl(collection=com.epam.esm.entity.Order.orderCertificates, querySpaceUid=<gen:1>, path=com.epam.esm.entity.Order.orderCertificates)
             - (collection element) CollectionFetchableElementEntityGraph(entity=com.epam.esm.entity.OrderCertificate, querySpaceUid=<gen:2>, path=com.epam.esm.entity.Order.orderCertificates.<elements>)
          - EntityAttributeFetchImpl(entity=com.epam.esm.entity.User, querySpaceUid=<gen:3>, path=com.epam.esm.entity.Order.user)
             - EntityAttributeFetchImpl(entity=com.epam.esm.entity.Role, querySpaceUid=<gen:4>, path=com.epam.esm.entity.Order.user.role)
    - QuerySpaces
       - EntityQuerySpaceImpl(uid=<gen:0>, entity=com.epam.esm.entity.Order)
          - SQL table alias mapping - order0_
          - alias suffix - 0_
          - suffixed key columns - {id1_0_0_}
          - JOIN (JoinDefinedByMetadata(user)) : <gen:0> -> <gen:3>
             - EntityQuerySpaceImpl(uid=<gen:3>, entity=com.epam.esm.entity.User)
                - SQL table alias mapping - user1_
                - alias suffix - 1_
                - suffixed key columns - {id1_2_1_}
                - JOIN (JoinDefinedByMetadata(role)) : <gen:3> -> <gen:4>
                   - EntityQuerySpaceImpl(uid=<gen:4>, entity=com.epam.esm.entity.Role)
                      - SQL table alias mapping - role2_
                      - alias suffix - 2_
                      - suffixed key columns - {id1_1_2_}

17:03:31.369 [Test worker] DEBUG org.hibernate.loader.entity.plan.EntityLoader - Static select for entity com.epam.esm.entity.Order [NONE]: select order0_.id as id1_0_0_, order0_.active_status as active_s2_0_0_, order0_.created_at as created_3_0_0_, order0_.user_id as user_id4_0_0_, user1_.id as id1_2_1_, user1_.email as email2_2_1_, user1_.password as password3_2_1_, user1_.refresh_token as refresh_4_2_1_, user1_.role_id as role_id5_2_1_, role2_.id as id1_1_2_, role2_.value as value2_1_2_ from application_order order0_ left outer join application_user user1_ on order0_.user_id=user1_.id left outer join application_role role2_ on user1_.role_id=role2_.id where order0_.id=?
17:03:31.369 [Test worker] DEBUG org.hibernate.loader.plan.build.internal.spaces.QuerySpacesImpl - Adding QuerySpace : uid = <gen:0> -> org.hibernate.loader.plan.build.internal.spaces.EntityQuerySpaceImpl@55b01f3a]
17:03:31.369 [Test worker] DEBUG org.hibernate.persister.walking.spi.MetamodelGraphWalker - Visiting attribute path : activeStatus
17:03:31.369 [Test worker] DEBUG org.hibernate.persister.walking.spi.MetamodelGraphWalker - Visiting attribute path : createdAt
17:03:31.369 [Test worker] DEBUG org.hibernate.persister.walking.spi.MetamodelGraphWalker - Visiting attribute path : orderCertificates
17:03:31.369 [Test worker] DEBUG org.hibernate.loader.plan.build.internal.spaces.QuerySpacesImpl - Adding QuerySpace : uid = <gen:1> -> org.hibernate.loader.plan.build.internal.spaces.CollectionQuerySpaceImpl@52d7d9bf]
17:03:31.369 [Test worker] DEBUG org.hibernate.loader.plan.build.internal.spaces.QuerySpacesImpl - Adding QuerySpace : uid = <gen:2> -> org.hibernate.loader.plan.build.internal.spaces.EntityQuerySpaceImpl@3c1d535]
17:03:31.369 [Test worker] DEBUG org.hibernate.persister.walking.spi.MetamodelGraphWalker - Visiting attribute path : user
17:03:31.369 [Test worker] DEBUG org.hibernate.loader.plan.build.internal.spaces.QuerySpacesImpl - Adding QuerySpace : uid = <gen:3> -> org.hibernate.loader.plan.build.internal.spaces.EntityQuerySpaceImpl@565d43b8]
17:03:31.369 [Test worker] DEBUG org.hibernate.persister.walking.spi.MetamodelGraphWalker - Visiting attribute path : user.email
17:03:31.369 [Test worker] DEBUG org.hibernate.persister.walking.spi.MetamodelGraphWalker - Visiting attribute path : user.orders
17:03:31.369 [Test worker] DEBUG org.hibernate.persister.walking.spi.MetamodelGraphWalker - Property path deemed to be circular : user.orders
17:03:31.369 [Test worker] DEBUG org.hibernate.persister.walking.spi.MetamodelGraphWalker - Visiting attribute path : user.password
17:03:31.369 [Test worker] DEBUG org.hibernate.persister.walking.spi.MetamodelGraphWalker - Visiting attribute path : user.refreshToken
17:03:31.369 [Test worker] DEBUG org.hibernate.persister.walking.spi.MetamodelGraphWalker - Visiting attribute path : user.role
17:03:31.369 [Test worker] DEBUG org.hibernate.loader.plan.build.internal.spaces.QuerySpacesImpl - Adding QuerySpace : uid = <gen:4> -> org.hibernate.loader.plan.build.internal.spaces.EntityQuerySpaceImpl@e2816e8]
17:03:31.369 [Test worker] DEBUG org.hibernate.persister.walking.spi.MetamodelGraphWalker - Visiting attribute path : user.role.value
17:03:31.370 [Test worker] DEBUG org.hibernate.loader.plan.build.internal.FetchStyleLoadPlanBuildingAssociationVisitationStrategy - Building LoadPlan...
17:03:31.370 [Test worker] DEBUG org.hibernate.loader.plan.exec.internal.LoadQueryJoinAndFetchProcessor - processing queryspace <gen:0>
17:03:31.370 [Test worker] DEBUG org.hibernate.loader.plan.build.spi.LoadPlanTreePrinter - LoadPlan(entity=com.epam.esm.entity.Order)
    - Returns
       - EntityReturnImpl(entity=com.epam.esm.entity.Order, querySpaceUid=<gen:0>, path=com.epam.esm.entity.Order)
          - CollectionAttributeFetchImpl(collection=com.epam.esm.entity.Order.orderCertificates, querySpaceUid=<gen:1>, path=com.epam.esm.entity.Order.orderCertificates)
             - (collection element) CollectionFetchableElementEntityGraph(entity=com.epam.esm.entity.OrderCertificate, querySpaceUid=<gen:2>, path=com.epam.esm.entity.Order.orderCertificates.<elements>)
          - EntityAttributeFetchImpl(entity=com.epam.esm.entity.User, querySpaceUid=<gen:3>, path=com.epam.esm.entity.Order.user)
             - EntityAttributeFetchImpl(entity=com.epam.esm.entity.Role, querySpaceUid=<gen:4>, path=com.epam.esm.entity.Order.user.role)
    - QuerySpaces
       - EntityQuerySpaceImpl(uid=<gen:0>, entity=com.epam.esm.entity.Order)
          - SQL table alias mapping - order0_
          - alias suffix - 0_
          - suffixed key columns - {id1_0_0_}
          - JOIN (JoinDefinedByMetadata(user)) : <gen:0> -> <gen:3>
             - EntityQuerySpaceImpl(uid=<gen:3>, entity=com.epam.esm.entity.User)
                - SQL table alias mapping - user1_
                - alias suffix - 1_
                - suffixed key columns - {id1_2_1_}
                - JOIN (JoinDefinedByMetadata(role)) : <gen:3> -> <gen:4>
                   - EntityQuerySpaceImpl(uid=<gen:4>, entity=com.epam.esm.entity.Role)
                      - SQL table alias mapping - role2_
                      - alias suffix - 2_
                      - suffixed key columns - {id1_1_2_}

17:03:31.370 [Test worker] DEBUG org.hibernate.loader.entity.plan.EntityLoader - Static select for entity com.epam.esm.entity.Order [READ]: select order0_.id as id1_0_0_, order0_.active_status as active_s2_0_0_, order0_.created_at as created_3_0_0_, order0_.user_id as user_id4_0_0_, user1_.id as id1_2_1_, user1_.email as email2_2_1_, user1_.password as password3_2_1_, user1_.refresh_token as refresh_4_2_1_, user1_.role_id as role_id5_2_1_, role2_.id as id1_1_2_, role2_.value as value2_1_2_ from application_order order0_ left outer join application_user user1_ on order0_.user_id=user1_.id left outer join application_role role2_ on user1_.role_id=role2_.id where order0_.id=?
17:03:31.370 [Test worker] DEBUG org.hibernate.loader.Loader - Static select for action ACTION_MERGE on entity com.epam.esm.entity.Order: select order0_.id as id1_0_0_, order0_.active_status as active_s2_0_0_, order0_.created_at as created_3_0_0_, order0_.user_id as user_id4_0_0_ from application_order order0_ where order0_.id=?
17:03:31.371 [Test worker] DEBUG org.hibernate.loader.Loader - Static select for action ACTION_REFRESH on entity com.epam.esm.entity.Order: select order0_.id as id1_0_0_, order0_.active_status as active_s2_0_0_, order0_.created_at as created_3_0_0_, order0_.user_id as user_id4_0_0_ from application_order order0_ where order0_.id=?
17:03:31.371 [Test worker] DEBUG org.hibernate.persister.entity.AbstractEntityPersister - Static SQL for entity: com.epam.esm.entity.GiftCertificate
17:03:31.371 [Test worker] DEBUG org.hibernate.persister.entity.AbstractEntityPersister -  Version select: select id from certificate where id =?
17:03:31.371 [Test worker] DEBUG org.hibernate.persister.entity.AbstractEntityPersister -  Snapshot select: select giftcertif_.id, giftcertif_.active_status as active_s2_3_, giftcertif_.creation_date as creation3_3_, giftcertif_.description as descript4_3_, giftcertif_.expiration_date as expirati5_3_, giftcertif_.modification_date as modifica6_3_, giftcertif_.name as name7_3_, giftcertif_.price as price8_3_ from certificate giftcertif_ where giftcertif_.id=?
17:03:31.371 [Test worker] DEBUG org.hibernate.persister.entity.AbstractEntityPersister -  Insert 0: insert into certificate (active_status, creation_date, description, expiration_date, modification_date, name, price, id) values (?, ?, ?, ?, ?, ?, ?, ?)
17:03:31.371 [Test worker] DEBUG org.hibernate.persister.entity.AbstractEntityPersister -  Update 0: update certificate set active_status=?, creation_date=?, description=?, expiration_date=?, modification_date=?, name=?, price=? where id=?
17:03:31.371 [Test worker] DEBUG org.hibernate.persister.entity.AbstractEntityPersister -  Delete 0: delete from certificate where id=?
17:03:31.371 [Test worker] DEBUG org.hibernate.persister.entity.AbstractEntityPersister -  Identity insert: insert into certificate (id, active_status, creation_date, description, expiration_date, modification_date, name, price) values (null, ?, ?, ?, ?, ?, ?, ?)
17:03:31.371 [Test worker] DEBUG org.hibernate.loader.plan.build.internal.spaces.QuerySpacesImpl - Adding QuerySpace : uid = <gen:0> -> org.hibernate.loader.plan.build.internal.spaces.EntityQuerySpaceImpl@3f31d127]
17:03:31.371 [Test worker] DEBUG org.hibernate.persister.walking.spi.MetamodelGraphWalker - Visiting attribute path : activeStatus
17:03:31.371 [Test worker] DEBUG org.hibernate.persister.walking.spi.MetamodelGraphWalker - Visiting attribute path : creationDate
17:03:31.371 [Test worker] DEBUG org.hibernate.persister.walking.spi.MetamodelGraphWalker - Visiting attribute path : description
17:03:31.371 [Test worker] DEBUG org.hibernate.persister.walking.spi.MetamodelGraphWalker - Visiting attribute path : expirationDate
17:03:31.371 [Test worker] DEBUG org.hibernate.persister.walking.spi.MetamodelGraphWalker - Visiting attribute path : modificationDate
17:03:31.371 [Test worker] DEBUG org.hibernate.persister.walking.spi.MetamodelGraphWalker - Visiting attribute path : name
17:03:31.371 [Test worker] DEBUG org.hibernate.persister.walking.spi.MetamodelGraphWalker - Visiting attribute path : orderCertificates
17:03:31.371 [Test worker] DEBUG org.hibernate.loader.plan.build.internal.spaces.QuerySpacesImpl - Adding QuerySpace : uid = <gen:1> -> org.hibernate.loader.plan.build.internal.spaces.CollectionQuerySpaceImpl@62249495]
17:03:31.371 [Test worker] DEBUG org.hibernate.loader.plan.build.internal.spaces.QuerySpacesImpl - Adding QuerySpace : uid = <gen:2> -> org.hibernate.loader.plan.build.internal.spaces.EntityQuerySpaceImpl@911ec8e]
17:03:31.371 [Test worker] DEBUG org.hibernate.persister.walking.spi.MetamodelGraphWalker - Visiting attribute path : price
17:03:31.371 [Test worker] DEBUG org.hibernate.persister.walking.spi.MetamodelGraphWalker - Visiting attribute path : tags
17:03:31.372 [Test worker] DEBUG org.hibernate.loader.plan.build.internal.spaces.QuerySpacesImpl - Adding QuerySpace : uid = <gen:3> -> org.hibernate.loader.plan.build.internal.spaces.CollectionQuerySpaceImpl@3898ac62]
17:03:31.372 [Test worker] DEBUG org.hibernate.loader.plan.build.internal.spaces.QuerySpacesImpl - Adding QuerySpace : uid = <gen:4> -> org.hibernate.loader.plan.build.internal.spaces.EntityQuerySpaceImpl@3eae7ba4]
17:03:31.372 [Test worker] DEBUG org.hibernate.loader.plan.build.internal.FetchStyleLoadPlanBuildingAssociationVisitationStrategy - Building LoadPlan...
17:03:31.372 [Test worker] DEBUG org.hibernate.loader.plan.exec.internal.LoadQueryJoinAndFetchProcessor - processing queryspace <gen:0>
17:03:31.372 [Test worker] DEBUG org.hibernate.loader.plan.build.spi.LoadPlanTreePrinter - LoadPlan(entity=com.epam.esm.entity.GiftCertificate)
    - Returns
       - EntityReturnImpl(entity=com.epam.esm.entity.GiftCertificate, querySpaceUid=<gen:0>, path=com.epam.esm.entity.GiftCertificate)
          - CollectionAttributeFetchImpl(collection=com.epam.esm.entity.GiftCertificate.orderCertificates, querySpaceUid=<gen:1>, path=com.epam.esm.entity.GiftCertificate.orderCertificates)
             - (collection element) CollectionFetchableElementEntityGraph(entity=com.epam.esm.entity.OrderCertificate, querySpaceUid=<gen:2>, path=com.epam.esm.entity.GiftCertificate.orderCertificates.<elements>)
          - CollectionAttributeFetchImpl(collection=com.epam.esm.entity.GiftCertificate.tags, querySpaceUid=<gen:3>, path=com.epam.esm.entity.GiftCertificate.tags)
             - (collection element) CollectionFetchableElementEntityGraph(entity=com.epam.esm.entity.Tag, querySpaceUid=<gen:4>, path=com.epam.esm.entity.GiftCertificate.tags.<elements>)
    - QuerySpaces
       - EntityQuerySpaceImpl(uid=<gen:0>, entity=com.epam.esm.entity.GiftCertificate)
          - SQL table alias mapping - giftcertif0_
          - alias suffix - 0_
          - suffixed key columns - {id1_3_0_}

17:03:31.372 [Test worker] DEBUG org.hibernate.loader.entity.plan.EntityLoader - Static select for entity com.epam.esm.entity.GiftCertificate [NONE]: select giftcertif0_.id as id1_3_0_, giftcertif0_.active_status as active_s2_3_0_, giftcertif0_.creation_date as creation3_3_0_, giftcertif0_.description as descript4_3_0_, giftcertif0_.expiration_date as expirati5_3_0_, giftcertif0_.modification_date as modifica6_3_0_, giftcertif0_.name as name7_3_0_, giftcertif0_.price as price8_3_0_ from certificate giftcertif0_ where giftcertif0_.id=?
17:03:31.372 [Test worker] DEBUG org.hibernate.loader.plan.build.internal.spaces.QuerySpacesImpl - Adding QuerySpace : uid = <gen:0> -> org.hibernate.loader.plan.build.internal.spaces.EntityQuerySpaceImpl@78e8c0d8]
17:03:31.372 [Test worker] DEBUG org.hibernate.persister.walking.spi.MetamodelGraphWalker - Visiting attribute path : activeStatus
17:03:31.372 [Test worker] DEBUG org.hibernate.persister.walking.spi.MetamodelGraphWalker - Visiting attribute path : creationDate
17:03:31.372 [Test worker] DEBUG org.hibernate.persister.walking.spi.MetamodelGraphWalker - Visiting attribute path : description
17:03:31.372 [Test worker] DEBUG org.hibernate.persister.walking.spi.MetamodelGraphWalker - Visiting attribute path : expirationDate
17:03:31.372 [Test worker] DEBUG org.hibernate.persister.walking.spi.MetamodelGraphWalker - Visiting attribute path : modificationDate
17:03:31.372 [Test worker] DEBUG org.hibernate.persister.walking.spi.MetamodelGraphWalker - Visiting attribute path : name
17:03:31.372 [Test worker] DEBUG org.hibernate.persister.walking.spi.MetamodelGraphWalker - Visiting attribute path : orderCertificates
17:03:31.372 [Test worker] DEBUG org.hibernate.loader.plan.build.internal.spaces.QuerySpacesImpl - Adding QuerySpace : uid = <gen:1> -> org.hibernate.loader.plan.build.internal.spaces.CollectionQuerySpaceImpl@31d6eda]
17:03:31.373 [Test worker] DEBUG org.hibernate.loader.plan.build.internal.spaces.QuerySpacesImpl - Adding QuerySpace : uid = <gen:2> -> org.hibernate.loader.plan.build.internal.spaces.EntityQuerySpaceImpl@4e235646]
17:03:31.373 [Test worker] DEBUG org.hibernate.persister.walking.spi.MetamodelGraphWalker - Visiting attribute path : price
17:03:31.373 [Test worker] DEBUG org.hibernate.persister.walking.spi.MetamodelGraphWalker - Visiting attribute path : tags
17:03:31.373 [Test worker] DEBUG org.hibernate.loader.plan.build.internal.spaces.QuerySpacesImpl - Adding QuerySpace : uid = <gen:3> -> org.hibernate.loader.plan.build.internal.spaces.CollectionQuerySpaceImpl@7073a15a]
17:03:31.373 [Test worker] DEBUG org.hibernate.loader.plan.build.internal.spaces.QuerySpacesImpl - Adding QuerySpace : uid = <gen:4> -> org.hibernate.loader.plan.build.internal.spaces.EntityQuerySpaceImpl@57790c0d]
17:03:31.373 [Test worker] DEBUG org.hibernate.loader.plan.build.internal.FetchStyleLoadPlanBuildingAssociationVisitationStrategy - Building LoadPlan...
17:03:31.373 [Test worker] DEBUG org.hibernate.loader.plan.exec.internal.LoadQueryJoinAndFetchProcessor - processing queryspace <gen:0>
17:03:31.373 [Test worker] DEBUG org.hibernate.loader.plan.build.spi.LoadPlanTreePrinter - LoadPlan(entity=com.epam.esm.entity.GiftCertificate)
    - Returns
       - EntityReturnImpl(entity=com.epam.esm.entity.GiftCertificate, querySpaceUid=<gen:0>, path=com.epam.esm.entity.GiftCertificate)
          - CollectionAttributeFetchImpl(collection=com.epam.esm.entity.GiftCertificate.orderCertificates, querySpaceUid=<gen:1>, path=com.epam.esm.entity.GiftCertificate.orderCertificates)
             - (collection element) CollectionFetchableElementEntityGraph(entity=com.epam.esm.entity.OrderCertificate, querySpaceUid=<gen:2>, path=com.epam.esm.entity.GiftCertificate.orderCertificates.<elements>)
          - CollectionAttributeFetchImpl(collection=com.epam.esm.entity.GiftCertificate.tags, querySpaceUid=<gen:3>, path=com.epam.esm.entity.GiftCertificate.tags)
             - (collection element) CollectionFetchableElementEntityGraph(entity=com.epam.esm.entity.Tag, querySpaceUid=<gen:4>, path=com.epam.esm.entity.GiftCertificate.tags.<elements>)
    - QuerySpaces
       - EntityQuerySpaceImpl(uid=<gen:0>, entity=com.epam.esm.entity.GiftCertificate)
          - SQL table alias mapping - giftcertif0_
          - alias suffix - 0_
          - suffixed key columns - {id1_3_0_}

17:03:31.373 [Test worker] DEBUG org.hibernate.loader.entity.plan.EntityLoader - Static select for entity com.epam.esm.entity.GiftCertificate [READ]: select giftcertif0_.id as id1_3_0_, giftcertif0_.active_status as active_s2_3_0_, giftcertif0_.creation_date as creation3_3_0_, giftcertif0_.description as descript4_3_0_, giftcertif0_.expiration_date as expirati5_3_0_, giftcertif0_.modification_date as modifica6_3_0_, giftcertif0_.name as name7_3_0_, giftcertif0_.price as price8_3_0_ from certificate giftcertif0_ where giftcertif0_.id=?
17:03:31.374 [Test worker] DEBUG org.hibernate.loader.Loader - Static select for action ACTION_MERGE on entity com.epam.esm.entity.GiftCertificate: select giftcertif0_.id as id1_3_2_, giftcertif0_.active_status as active_s2_3_2_, giftcertif0_.creation_date as creation3_3_2_, giftcertif0_.description as descript4_3_2_, giftcertif0_.expiration_date as expirati5_3_2_, giftcertif0_.modification_date as modifica6_3_2_, giftcertif0_.name as name7_3_2_, giftcertif0_.price as price8_3_2_, ordercerti1_.certificate_id as certific4_6_4_, ordercerti1_.id as id1_6_4_, ordercerti1_.id as id1_6_0_, ordercerti1_.certificate_id as certific4_6_0_, ordercerti1_.expiration_date as expirati2_6_0_, ordercerti1_.fixed_price as fixed_pr3_6_0_, ordercerti1_.order_id as order_id5_6_0_, order2_.id as id1_0_1_, order2_.active_status as active_s2_0_1_, order2_.created_at as created_3_0_1_, order2_.user_id as user_id4_0_1_ from certificate giftcertif0_ left outer join order_certificate ordercerti1_ on giftcertif0_.id=ordercerti1_.certificate_id left outer join application_order order2_ on ordercerti1_.order_id=order2_.id where giftcertif0_.id=?
17:03:31.374 [Test worker] DEBUG org.hibernate.loader.Loader - Static select for action ACTION_REFRESH on entity com.epam.esm.entity.GiftCertificate: select giftcertif0_.id as id1_3_2_, giftcertif0_.active_status as active_s2_3_2_, giftcertif0_.creation_date as creation3_3_2_, giftcertif0_.description as descript4_3_2_, giftcertif0_.expiration_date as expirati5_3_2_, giftcertif0_.modification_date as modifica6_3_2_, giftcertif0_.name as name7_3_2_, giftcertif0_.price as price8_3_2_, ordercerti1_.certificate_id as certific4_6_4_, ordercerti1_.id as id1_6_4_, ordercerti1_.id as id1_6_0_, ordercerti1_.certificate_id as certific4_6_0_, ordercerti1_.expiration_date as expirati2_6_0_, ordercerti1_.fixed_price as fixed_pr3_6_0_, ordercerti1_.order_id as order_id5_6_0_, order2_.id as id1_0_1_, order2_.active_status as active_s2_0_1_, order2_.created_at as created_3_0_1_, order2_.user_id as user_id4_0_1_ from certificate giftcertif0_ left outer join order_certificate ordercerti1_ on giftcertif0_.id=ordercerti1_.certificate_id left outer join application_order order2_ on ordercerti1_.order_id=order2_.id where giftcertif0_.id=?
17:03:31.374 [Test worker] DEBUG org.hibernate.persister.entity.AbstractEntityPersister - Static SQL for entity: com.epam.esm.entity.User
17:03:31.374 [Test worker] DEBUG org.hibernate.persister.entity.AbstractEntityPersister -  Version select: select id from application_user where id =?
17:03:31.374 [Test worker] DEBUG org.hibernate.persister.entity.AbstractEntityPersister -  Snapshot select: select user_.id, user_.email as email2_2_, user_.password as password3_2_, user_.refresh_token as refresh_4_2_, user_.role_id as role_id5_2_ from application_user user_ where user_.id=?
17:03:31.374 [Test worker] DEBUG org.hibernate.persister.entity.AbstractEntityPersister -  Insert 0: insert into application_user (email, password, refresh_token, role_id, id) values (?, ?, ?, ?, ?)
17:03:31.374 [Test worker] DEBUG org.hibernate.persister.entity.AbstractEntityPersister -  Update 0: update application_user set email=?, password=?, refresh_token=?, role_id=? where id=?
17:03:31.374 [Test worker] DEBUG org.hibernate.persister.entity.AbstractEntityPersister -  Delete 0: delete from application_user where id=?
17:03:31.374 [Test worker] DEBUG org.hibernate.persister.entity.AbstractEntityPersister -  Identity insert: insert into application_user (id, email, password, refresh_token, role_id) values (null, ?, ?, ?, ?)
17:03:31.375 [Test worker] DEBUG org.hibernate.loader.plan.build.internal.spaces.QuerySpacesImpl - Adding QuerySpace : uid = <gen:0> -> org.hibernate.loader.plan.build.internal.spaces.EntityQuerySpaceImpl@3f7ad386]
17:03:31.375 [Test worker] DEBUG org.hibernate.persister.walking.spi.MetamodelGraphWalker - Visiting attribute path : email
17:03:31.375 [Test worker] DEBUG org.hibernate.persister.walking.spi.MetamodelGraphWalker - Visiting attribute path : orders
17:03:31.375 [Test worker] DEBUG org.hibernate.loader.plan.build.internal.spaces.QuerySpacesImpl - Adding QuerySpace : uid = <gen:1> -> org.hibernate.loader.plan.build.internal.spaces.CollectionQuerySpaceImpl@6ab3605]
17:03:31.375 [Test worker] DEBUG org.hibernate.loader.plan.build.internal.spaces.QuerySpacesImpl - Adding QuerySpace : uid = <gen:2> -> org.hibernate.loader.plan.build.internal.spaces.EntityQuerySpaceImpl@192d4bb9]
17:03:31.375 [Test worker] DEBUG org.hibernate.persister.walking.spi.MetamodelGraphWalker - Visiting attribute path : password
17:03:31.375 [Test worker] DEBUG org.hibernate.persister.walking.spi.MetamodelGraphWalker - Visiting attribute path : refreshToken
17:03:31.375 [Test worker] DEBUG org.hibernate.persister.walking.spi.MetamodelGraphWalker - Visiting attribute path : role
17:03:31.375 [Test worker] DEBUG org.hibernate.loader.plan.build.internal.spaces.QuerySpacesImpl - Adding QuerySpace : uid = <gen:3> -> org.hibernate.loader.plan.build.internal.spaces.EntityQuerySpaceImpl@70225df9]
17:03:31.375 [Test worker] DEBUG org.hibernate.persister.walking.spi.MetamodelGraphWalker - Visiting attribute path : role.value
17:03:31.375 [Test worker] DEBUG org.hibernate.loader.plan.build.internal.FetchStyleLoadPlanBuildingAssociationVisitationStrategy - Building LoadPlan...
17:03:31.375 [Test worker] DEBUG org.hibernate.loader.plan.exec.internal.LoadQueryJoinAndFetchProcessor - processing queryspace <gen:0>
17:03:31.375 [Test worker] DEBUG org.hibernate.loader.plan.build.spi.LoadPlanTreePrinter - LoadPlan(entity=com.epam.esm.entity.User)
    - Returns
       - EntityReturnImpl(entity=com.epam.esm.entity.User, querySpaceUid=<gen:0>, path=com.epam.esm.entity.User)
          - CollectionAttributeFetchImpl(collection=com.epam.esm.entity.User.orders, querySpaceUid=<gen:1>, path=com.epam.esm.entity.User.orders)
             - (collection element) CollectionFetchableElementEntityGraph(entity=com.epam.esm.entity.Order, querySpaceUid=<gen:2>, path=com.epam.esm.entity.User.orders.<elements>)
          - EntityAttributeFetchImpl(entity=com.epam.esm.entity.Role, querySpaceUid=<gen:3>, path=com.epam.esm.entity.User.role)
    - QuerySpaces
       - EntityQuerySpaceImpl(uid=<gen:0>, entity=com.epam.esm.entity.User)
          - SQL table alias mapping - user0_
          - alias suffix - 0_
          - suffixed key columns - {id1_2_0_}
          - JOIN (JoinDefinedByMetadata(role)) : <gen:0> -> <gen:3>
             - EntityQuerySpaceImpl(uid=<gen:3>, entity=com.epam.esm.entity.Role)
                - SQL table alias mapping - role1_
                - alias suffix - 1_
                - suffixed key columns - {id1_1_1_}

17:03:31.376 [Test worker] DEBUG org.hibernate.loader.entity.plan.EntityLoader - Static select for entity com.epam.esm.entity.User [NONE]: select user0_.id as id1_2_0_, user0_.email as email2_2_0_, user0_.password as password3_2_0_, user0_.refresh_token as refresh_4_2_0_, user0_.role_id as role_id5_2_0_, role1_.id as id1_1_1_, role1_.value as value2_1_1_ from application_user user0_ left outer join application_role role1_ on user0_.role_id=role1_.id where user0_.id=?
17:03:31.376 [Test worker] DEBUG org.hibernate.loader.plan.build.internal.spaces.QuerySpacesImpl - Adding QuerySpace : uid = <gen:0> -> org.hibernate.loader.plan.build.internal.spaces.EntityQuerySpaceImpl@3d511486]
17:03:31.376 [Test worker] DEBUG org.hibernate.persister.walking.spi.MetamodelGraphWalker - Visiting attribute path : email
17:03:31.376 [Test worker] DEBUG org.hibernate.persister.walking.spi.MetamodelGraphWalker - Visiting attribute path : orders
17:03:31.376 [Test worker] DEBUG org.hibernate.loader.plan.build.internal.spaces.QuerySpacesImpl - Adding QuerySpace : uid = <gen:1> -> org.hibernate.loader.plan.build.internal.spaces.CollectionQuerySpaceImpl@2c7da1a0]
17:03:31.376 [Test worker] DEBUG org.hibernate.loader.plan.build.internal.spaces.QuerySpacesImpl - Adding QuerySpace : uid = <gen:2> -> org.hibernate.loader.plan.build.internal.spaces.EntityQuerySpaceImpl@664caa15]
17:03:31.376 [Test worker] DEBUG org.hibernate.persister.walking.spi.MetamodelGraphWalker - Visiting attribute path : password
17:03:31.376 [Test worker] DEBUG org.hibernate.persister.walking.spi.MetamodelGraphWalker - Visiting attribute path : refreshToken
17:03:31.376 [Test worker] DEBUG org.hibernate.persister.walking.spi.MetamodelGraphWalker - Visiting attribute path : role
17:03:31.376 [Test worker] DEBUG org.hibernate.loader.plan.build.internal.spaces.QuerySpacesImpl - Adding QuerySpace : uid = <gen:3> -> org.hibernate.loader.plan.build.internal.spaces.EntityQuerySpaceImpl@530c777e]
17:03:31.376 [Test worker] DEBUG org.hibernate.persister.walking.spi.MetamodelGraphWalker - Visiting attribute path : role.value
17:03:31.376 [Test worker] DEBUG org.hibernate.loader.plan.build.internal.FetchStyleLoadPlanBuildingAssociationVisitationStrategy - Building LoadPlan...
17:03:31.376 [Test worker] DEBUG org.hibernate.loader.plan.exec.internal.LoadQueryJoinAndFetchProcessor - processing queryspace <gen:0>
17:03:31.377 [Test worker] DEBUG org.hibernate.loader.plan.build.spi.LoadPlanTreePrinter - LoadPlan(entity=com.epam.esm.entity.User)
    - Returns
       - EntityReturnImpl(entity=com.epam.esm.entity.User, querySpaceUid=<gen:0>, path=com.epam.esm.entity.User)
          - CollectionAttributeFetchImpl(collection=com.epam.esm.entity.User.orders, querySpaceUid=<gen:1>, path=com.epam.esm.entity.User.orders)
             - (collection element) CollectionFetchableElementEntityGraph(entity=com.epam.esm.entity.Order, querySpaceUid=<gen:2>, path=com.epam.esm.entity.User.orders.<elements>)
          - EntityAttributeFetchImpl(entity=com.epam.esm.entity.Role, querySpaceUid=<gen:3>, path=com.epam.esm.entity.User.role)
    - QuerySpaces
       - EntityQuerySpaceImpl(uid=<gen:0>, entity=com.epam.esm.entity.User)
          - SQL table alias mapping - user0_
          - alias suffix - 0_
          - suffixed key columns - {id1_2_0_}
          - JOIN (JoinDefinedByMetadata(role)) : <gen:0> -> <gen:3>
             - EntityQuerySpaceImpl(uid=<gen:3>, entity=com.epam.esm.entity.Role)
                - SQL table alias mapping - role1_
                - alias suffix - 1_
                - suffixed key columns - {id1_1_1_}

17:03:31.377 [Test worker] DEBUG org.hibernate.loader.entity.plan.EntityLoader - Static select for entity com.epam.esm.entity.User [READ]: select user0_.id as id1_2_0_, user0_.email as email2_2_0_, user0_.password as password3_2_0_, user0_.refresh_token as refresh_4_2_0_, user0_.role_id as role_id5_2_0_, role1_.id as id1_1_1_, role1_.value as value2_1_1_ from application_user user0_ left outer join application_role role1_ on user0_.role_id=role1_.id where user0_.id=?
17:03:31.377 [Test worker] DEBUG org.hibernate.loader.Loader - Static select for action ACTION_MERGE on entity com.epam.esm.entity.User: select user0_.id as id1_2_0_, user0_.email as email2_2_0_, user0_.password as password3_2_0_, user0_.refresh_token as refresh_4_2_0_, user0_.role_id as role_id5_2_0_ from application_user user0_ where user0_.id=?
17:03:31.377 [Test worker] DEBUG org.hibernate.loader.Loader - Static select for action ACTION_REFRESH on entity com.epam.esm.entity.User: select user0_.id as id1_2_0_, user0_.email as email2_2_0_, user0_.password as password3_2_0_, user0_.refresh_token as refresh_4_2_0_, user0_.role_id as role_id5_2_0_ from application_user user0_ where user0_.id=?
17:03:31.377 [Test worker] DEBUG org.hibernate.persister.entity.AbstractEntityPersister - Static SQL for entity: com.epam.esm.entity.Entity
17:03:31.377 [Test worker] DEBUG org.hibernate.persister.entity.AbstractEntityPersister -  Version select: select id from entity where id =?
17:03:31.377 [Test worker] DEBUG org.hibernate.persister.entity.AbstractEntityPersister -  Snapshot select: select entity_.id from entity entity_ where entity_.id=?
17:03:31.377 [Test worker] DEBUG org.hibernate.persister.entity.AbstractEntityPersister -  Insert 0: insert into entity (id) values (?)
17:03:31.377 [Test worker] DEBUG org.hibernate.persister.entity.AbstractEntityPersister -  Update 0: null
17:03:31.377 [Test worker] DEBUG org.hibernate.persister.entity.AbstractEntityPersister -  Delete 0: delete from entity where id=?
17:03:31.377 [Test worker] DEBUG org.hibernate.persister.entity.AbstractEntityPersister -  Identity insert: insert into entity (id) values (null)
17:03:31.377 [Test worker] DEBUG org.hibernate.loader.plan.build.internal.spaces.QuerySpacesImpl - Adding QuerySpace : uid = <gen:0> -> org.hibernate.loader.plan.build.internal.spaces.EntityQuerySpaceImpl@4bb62f08]
17:03:31.377 [Test worker] DEBUG org.hibernate.loader.plan.build.internal.FetchStyleLoadPlanBuildingAssociationVisitationStrategy - Building LoadPlan...
17:03:31.378 [Test worker] DEBUG org.hibernate.loader.plan.exec.internal.LoadQueryJoinAndFetchProcessor - processing queryspace <gen:0>
17:03:31.378 [Test worker] DEBUG org.hibernate.loader.plan.build.spi.LoadPlanTreePrinter - LoadPlan(entity=com.epam.esm.entity.Entity)
    - Returns
       - EntityReturnImpl(entity=com.epam.esm.entity.Entity, querySpaceUid=<gen:0>, path=com.epam.esm.entity.Entity)
    - QuerySpaces
       - EntityQuerySpaceImpl(uid=<gen:0>, entity=com.epam.esm.entity.Entity)
          - SQL table alias mapping - entity0_
          - alias suffix - 0_
          - suffixed key columns - {id1_5_0_}

17:03:31.378 [Test worker] DEBUG org.hibernate.loader.entity.plan.EntityLoader - Static select for entity com.epam.esm.entity.Entity [NONE]: select entity0_.id as id1_5_0_ from entity entity0_ where entity0_.id=?
17:03:31.378 [Test worker] DEBUG org.hibernate.loader.plan.build.internal.spaces.QuerySpacesImpl - Adding QuerySpace : uid = <gen:0> -> org.hibernate.loader.plan.build.internal.spaces.EntityQuerySpaceImpl@78ae0185]
17:03:31.378 [Test worker] DEBUG org.hibernate.loader.plan.build.internal.FetchStyleLoadPlanBuildingAssociationVisitationStrategy - Building LoadPlan...
17:03:31.378 [Test worker] DEBUG org.hibernate.loader.plan.exec.internal.LoadQueryJoinAndFetchProcessor - processing queryspace <gen:0>
17:03:31.378 [Test worker] DEBUG org.hibernate.loader.plan.build.spi.LoadPlanTreePrinter - LoadPlan(entity=com.epam.esm.entity.Entity)
    - Returns
       - EntityReturnImpl(entity=com.epam.esm.entity.Entity, querySpaceUid=<gen:0>, path=com.epam.esm.entity.Entity)
    - QuerySpaces
       - EntityQuerySpaceImpl(uid=<gen:0>, entity=com.epam.esm.entity.Entity)
          - SQL table alias mapping - entity0_
          - alias suffix - 0_
          - suffixed key columns - {id1_5_0_}

17:03:31.378 [Test worker] DEBUG org.hibernate.loader.entity.plan.EntityLoader - Static select for entity com.epam.esm.entity.Entity [READ]: select entity0_.id as id1_5_0_ from entity entity0_ where entity0_.id=?
17:03:31.378 [Test worker] DEBUG org.hibernate.loader.Loader - Static select for action ACTION_MERGE on entity com.epam.esm.entity.Entity: select entity0_.id as id1_5_0_ from entity entity0_ where entity0_.id=?
17:03:31.379 [Test worker] DEBUG org.hibernate.loader.Loader - Static select for action ACTION_REFRESH on entity com.epam.esm.entity.Entity: select entity0_.id as id1_5_0_ from entity entity0_ where entity0_.id=?
17:03:31.379 [Test worker] DEBUG org.hibernate.persister.entity.AbstractEntityPersister - Static SQL for entity: com.epam.esm.entity.Tag
17:03:31.379 [Test worker] DEBUG org.hibernate.persister.entity.AbstractEntityPersister -  Version select: select id from tag where id =?
17:03:31.379 [Test worker] DEBUG org.hibernate.persister.entity.AbstractEntityPersister -  Snapshot select: select tag_.id from tag tag_ where tag_.id=?
17:03:31.379 [Test worker] DEBUG org.hibernate.persister.entity.AbstractEntityPersister -  Insert 0: insert into tag (title, id) values (?, ?)
17:03:31.379 [Test worker] DEBUG org.hibernate.persister.entity.AbstractEntityPersister -  Update 0: null
17:03:31.379 [Test worker] DEBUG org.hibernate.persister.entity.AbstractEntityPersister -  Delete 0: delete from tag where id=?
17:03:31.379 [Test worker] DEBUG org.hibernate.persister.entity.AbstractEntityPersister -  Identity insert: insert into tag (id, title) values (null, ?)
17:03:31.379 [Test worker] DEBUG org.hibernate.loader.plan.build.internal.spaces.QuerySpacesImpl - Adding QuerySpace : uid = <gen:0> -> org.hibernate.loader.plan.build.internal.spaces.EntityQuerySpaceImpl@37526c35]
17:03:31.379 [Test worker] DEBUG org.hibernate.persister.walking.spi.MetamodelGraphWalker - Visiting attribute path : title
17:03:31.379 [Test worker] DEBUG org.hibernate.loader.plan.build.internal.FetchStyleLoadPlanBuildingAssociationVisitationStrategy - Building LoadPlan...
17:03:31.379 [Test worker] DEBUG org.hibernate.loader.plan.exec.internal.LoadQueryJoinAndFetchProcessor - processing queryspace <gen:0>
17:03:31.379 [Test worker] DEBUG org.hibernate.loader.plan.build.spi.LoadPlanTreePrinter - LoadPlan(entity=com.epam.esm.entity.Tag)
    - Returns
       - EntityReturnImpl(entity=com.epam.esm.entity.Tag, querySpaceUid=<gen:0>, path=com.epam.esm.entity.Tag)
    - QuerySpaces
       - EntityQuerySpaceImpl(uid=<gen:0>, entity=com.epam.esm.entity.Tag)
          - SQL table alias mapping - tag0_
          - alias suffix - 0_
          - suffixed key columns - {id1_7_0_}

17:03:31.380 [Test worker] DEBUG org.hibernate.loader.entity.plan.EntityLoader - Static select for entity com.epam.esm.entity.Tag [NONE]: select tag0_.id as id1_7_0_, tag0_.title as title2_7_0_ from tag tag0_ where tag0_.id=?
17:03:31.380 [Test worker] DEBUG org.hibernate.loader.plan.build.internal.spaces.QuerySpacesImpl - Adding QuerySpace : uid = <gen:0> -> org.hibernate.loader.plan.build.internal.spaces.EntityQuerySpaceImpl@3e937dbd]
17:03:31.380 [Test worker] DEBUG org.hibernate.persister.walking.spi.MetamodelGraphWalker - Visiting attribute path : title
17:03:31.380 [Test worker] DEBUG org.hibernate.loader.plan.build.internal.FetchStyleLoadPlanBuildingAssociationVisitationStrategy - Building LoadPlan...
17:03:31.380 [Test worker] DEBUG org.hibernate.loader.plan.exec.internal.LoadQueryJoinAndFetchProcessor - processing queryspace <gen:0>
17:03:31.380 [Test worker] DEBUG org.hibernate.loader.plan.build.spi.LoadPlanTreePrinter - LoadPlan(entity=com.epam.esm.entity.Tag)
    - Returns
       - EntityReturnImpl(entity=com.epam.esm.entity.Tag, querySpaceUid=<gen:0>, path=com.epam.esm.entity.Tag)
    - QuerySpaces
       - EntityQuerySpaceImpl(uid=<gen:0>, entity=com.epam.esm.entity.Tag)
          - SQL table alias mapping - tag0_
          - alias suffix - 0_
          - suffixed key columns - {id1_7_0_}

17:03:31.380 [Test worker] DEBUG org.hibernate.loader.entity.plan.EntityLoader - Static select for entity com.epam.esm.entity.Tag [READ]: select tag0_.id as id1_7_0_, tag0_.title as title2_7_0_ from tag tag0_ where tag0_.id=?
17:03:31.380 [Test worker] DEBUG org.hibernate.loader.Loader - Static select for action ACTION_MERGE on entity com.epam.esm.entity.Tag: select tag0_.id as id1_7_0_, tag0_.title as title2_7_0_ from tag tag0_ where tag0_.id=?
17:03:31.380 [Test worker] DEBUG org.hibernate.loader.Loader - Static select for action ACTION_REFRESH on entity com.epam.esm.entity.Tag: select tag0_.id as id1_7_0_, tag0_.title as title2_7_0_ from tag tag0_ where tag0_.id=?
17:03:31.381 [Test worker] DEBUG org.hibernate.persister.entity.AbstractEntityPersister - Static SQL for entity: com.epam.esm.entity.OrderCertificate
17:03:31.381 [Test worker] DEBUG org.hibernate.persister.entity.AbstractEntityPersister -  Version select: select id from order_certificate where id =?
17:03:31.381 [Test worker] DEBUG org.hibernate.persister.entity.AbstractEntityPersister -  Snapshot select: select ordercerti_.id, ordercerti_.certificate_id as certific4_6_, ordercerti_.expiration_date as expirati2_6_, ordercerti_.fixed_price as fixed_pr3_6_, ordercerti_.order_id as order_id5_6_ from order_certificate ordercerti_ where ordercerti_.id=?
17:03:31.381 [Test worker] DEBUG org.hibernate.persister.entity.AbstractEntityPersister -  Insert 0: insert into order_certificate (certificate_id, expiration_date, fixed_price, order_id, id) values (?, ?, ?, ?, ?)
17:03:31.381 [Test worker] DEBUG org.hibernate.persister.entity.AbstractEntityPersister -  Update 0: update order_certificate set certificate_id=?, expiration_date=?, fixed_price=?, order_id=? where id=?
17:03:31.381 [Test worker] DEBUG org.hibernate.persister.entity.AbstractEntityPersister -  Delete 0: delete from order_certificate where id=?
17:03:31.381 [Test worker] DEBUG org.hibernate.persister.entity.AbstractEntityPersister -  Identity insert: insert into order_certificate (id, certificate_id, expiration_date, fixed_price, order_id) values (null, ?, ?, ?, ?)
17:03:31.381 [Test worker] DEBUG org.hibernate.loader.plan.build.internal.spaces.QuerySpacesImpl - Adding QuerySpace : uid = <gen:0> -> org.hibernate.loader.plan.build.internal.spaces.EntityQuerySpaceImpl@613e7071]
17:03:31.381 [Test worker] DEBUG org.hibernate.persister.walking.spi.MetamodelGraphWalker - Visiting attribute path : certificate
17:03:31.381 [Test worker] DEBUG org.hibernate.loader.plan.build.internal.spaces.QuerySpacesImpl - Adding QuerySpace : uid = <gen:1> -> org.hibernate.loader.plan.build.internal.spaces.EntityQuerySpaceImpl@3da37be7]
17:03:31.381 [Test worker] DEBUG org.hibernate.persister.walking.spi.MetamodelGraphWalker - Visiting attribute path : expirationDate
17:03:31.381 [Test worker] DEBUG org.hibernate.persister.walking.spi.MetamodelGraphWalker - Visiting attribute path : fixedPrice
17:03:31.381 [Test worker] DEBUG org.hibernate.persister.walking.spi.MetamodelGraphWalker - Visiting attribute path : order
17:03:31.381 [Test worker] DEBUG org.hibernate.loader.plan.build.internal.spaces.QuerySpacesImpl - Adding QuerySpace : uid = <gen:2> -> org.hibernate.loader.plan.build.internal.spaces.EntityQuerySpaceImpl@34fa0bc1]
17:03:31.381 [Test worker] DEBUG org.hibernate.persister.walking.spi.MetamodelGraphWalker - Visiting attribute path : order.activeStatus
17:03:31.381 [Test worker] DEBUG org.hibernate.persister.walking.spi.MetamodelGraphWalker - Visiting attribute path : order.createdAt
17:03:31.381 [Test worker] DEBUG org.hibernate.persister.walking.spi.MetamodelGraphWalker - Visiting attribute path : order.orderCertificates
17:03:31.381 [Test worker] DEBUG org.hibernate.persister.walking.spi.MetamodelGraphWalker - Property path deemed to be circular : order.orderCertificates
17:03:31.381 [Test worker] DEBUG org.hibernate.persister.walking.spi.MetamodelGraphWalker - Visiting attribute path : order.user
17:03:31.381 [Test worker] DEBUG org.hibernate.loader.plan.build.internal.spaces.QuerySpacesImpl - Adding QuerySpace : uid = <gen:3> -> org.hibernate.loader.plan.build.internal.spaces.EntityQuerySpaceImpl@7a6f394e]
17:03:31.381 [Test worker] DEBUG org.hibernate.persister.walking.spi.MetamodelGraphWalker - Visiting attribute path : order.user.email
17:03:31.381 [Test worker] DEBUG org.hibernate.persister.walking.spi.MetamodelGraphWalker - Visiting attribute path : order.user.orders
17:03:31.381 [Test worker] DEBUG org.hibernate.persister.walking.spi.MetamodelGraphWalker - Property path deemed to be circular : order.user.orders
17:03:31.382 [Test worker] DEBUG org.hibernate.persister.walking.spi.MetamodelGraphWalker - Visiting attribute path : order.user.password
17:03:31.382 [Test worker] DEBUG org.hibernate.persister.walking.spi.MetamodelGraphWalker - Visiting attribute path : order.user.refreshToken
17:03:31.382 [Test worker] DEBUG org.hibernate.persister.walking.spi.MetamodelGraphWalker - Visiting attribute path : order.user.role
17:03:31.382 [Test worker] DEBUG org.hibernate.loader.plan.build.internal.spaces.QuerySpacesImpl - Adding QuerySpace : uid = <gen:4> -> org.hibernate.loader.plan.build.internal.spaces.EntityQuerySpaceImpl@38f5b5f3]
17:03:31.382 [Test worker] DEBUG org.hibernate.persister.walking.spi.MetamodelGraphWalker - Visiting attribute path : order.user.role.value
17:03:31.382 [Test worker] DEBUG org.hibernate.loader.plan.build.internal.FetchStyleLoadPlanBuildingAssociationVisitationStrategy - Building LoadPlan...
17:03:31.382 [Test worker] DEBUG org.hibernate.loader.plan.exec.internal.LoadQueryJoinAndFetchProcessor - processing queryspace <gen:0>
17:03:31.382 [Test worker] DEBUG org.hibernate.loader.plan.build.spi.LoadPlanTreePrinter - LoadPlan(entity=com.epam.esm.entity.OrderCertificate)
    - Returns
       - EntityReturnImpl(entity=com.epam.esm.entity.OrderCertificate, querySpaceUid=<gen:0>, path=com.epam.esm.entity.OrderCertificate)
          - EntityAttributeFetchImpl(entity=com.epam.esm.entity.GiftCertificate, querySpaceUid=<gen:1>, path=com.epam.esm.entity.OrderCertificate.certificate)
          - EntityAttributeFetchImpl(entity=com.epam.esm.entity.Order, querySpaceUid=<gen:2>, path=com.epam.esm.entity.OrderCertificate.order)
             - EntityAttributeFetchImpl(entity=com.epam.esm.entity.User, querySpaceUid=<gen:3>, path=com.epam.esm.entity.OrderCertificate.order.user)
                - EntityAttributeFetchImpl(entity=com.epam.esm.entity.Role, querySpaceUid=<gen:4>, path=com.epam.esm.entity.OrderCertificate.order.user.role)
    - QuerySpaces
       - EntityQuerySpaceImpl(uid=<gen:0>, entity=com.epam.esm.entity.OrderCertificate)
          - SQL table alias mapping - ordercerti0_
          - alias suffix - 0_
          - suffixed key columns - {id1_6_0_}
          - JOIN (JoinDefinedByMetadata(order)) : <gen:0> -> <gen:2>
             - EntityQuerySpaceImpl(uid=<gen:2>, entity=com.epam.esm.entity.Order)
                - SQL table alias mapping - order1_
                - alias suffix - 1_
                - suffixed key columns - {id1_0_1_}
                - JOIN (JoinDefinedByMetadata(user)) : <gen:2> -> <gen:3>
                   - EntityQuerySpaceImpl(uid=<gen:3>, entity=com.epam.esm.entity.User)
                      - SQL table alias mapping - user2_
                      - alias suffix - 2_
                      - suffixed key columns - {id1_2_2_}
                      - JOIN (JoinDefinedByMetadata(role)) : <gen:3> -> <gen:4>
                         - EntityQuerySpaceImpl(uid=<gen:4>, entity=com.epam.esm.entity.Role)
                            - SQL table alias mapping - role3_
                            - alias suffix - 3_
                            - suffixed key columns - {id1_1_3_}

17:03:31.383 [Test worker] DEBUG org.hibernate.loader.entity.plan.EntityLoader - Static select for entity com.epam.esm.entity.OrderCertificate [NONE]: select ordercerti0_.id as id1_6_0_, ordercerti0_.certificate_id as certific4_6_0_, ordercerti0_.expiration_date as expirati2_6_0_, ordercerti0_.fixed_price as fixed_pr3_6_0_, ordercerti0_.order_id as order_id5_6_0_, order1_.id as id1_0_1_, order1_.active_status as active_s2_0_1_, order1_.created_at as created_3_0_1_, order1_.user_id as user_id4_0_1_, user2_.id as id1_2_2_, user2_.email as email2_2_2_, user2_.password as password3_2_2_, user2_.refresh_token as refresh_4_2_2_, user2_.role_id as role_id5_2_2_, role3_.id as id1_1_3_, role3_.value as value2_1_3_ from order_certificate ordercerti0_ left outer join application_order order1_ on ordercerti0_.order_id=order1_.id left outer join application_user user2_ on order1_.user_id=user2_.id left outer join application_role role3_ on user2_.role_id=role3_.id where ordercerti0_.id=?
17:03:31.383 [Test worker] DEBUG org.hibernate.loader.plan.build.internal.spaces.QuerySpacesImpl - Adding QuerySpace : uid = <gen:0> -> org.hibernate.loader.plan.build.internal.spaces.EntityQuerySpaceImpl@374cab40]
17:03:31.383 [Test worker] DEBUG org.hibernate.persister.walking.spi.MetamodelGraphWalker - Visiting attribute path : certificate
17:03:31.383 [Test worker] DEBUG org.hibernate.loader.plan.build.internal.spaces.QuerySpacesImpl - Adding QuerySpace : uid = <gen:1> -> org.hibernate.loader.plan.build.internal.spaces.EntityQuerySpaceImpl@568f9b89]
17:03:31.383 [Test worker] DEBUG org.hibernate.persister.walking.spi.MetamodelGraphWalker - Visiting attribute path : expirationDate
17:03:31.383 [Test worker] DEBUG org.hibernate.persister.walking.spi.MetamodelGraphWalker - Visiting attribute path : fixedPrice
17:03:31.383 [Test worker] DEBUG org.hibernate.persister.walking.spi.MetamodelGraphWalker - Visiting attribute path : order
17:03:31.383 [Test worker] DEBUG org.hibernate.loader.plan.build.internal.spaces.QuerySpacesImpl - Adding QuerySpace : uid = <gen:2> -> org.hibernate.loader.plan.build.internal.spaces.EntityQuerySpaceImpl@308de483]
17:03:31.383 [Test worker] DEBUG org.hibernate.persister.walking.spi.MetamodelGraphWalker - Visiting attribute path : order.activeStatus
17:03:31.383 [Test worker] DEBUG org.hibernate.persister.walking.spi.MetamodelGraphWalker - Visiting attribute path : order.createdAt
17:03:31.383 [Test worker] DEBUG org.hibernate.persister.walking.spi.MetamodelGraphWalker - Visiting attribute path : order.orderCertificates
17:03:31.383 [Test worker] DEBUG org.hibernate.persister.walking.spi.MetamodelGraphWalker - Property path deemed to be circular : order.orderCertificates
17:03:31.383 [Test worker] DEBUG org.hibernate.persister.walking.spi.MetamodelGraphWalker - Visiting attribute path : order.user
17:03:31.383 [Test worker] DEBUG org.hibernate.loader.plan.build.internal.spaces.QuerySpacesImpl - Adding QuerySpace : uid = <gen:3> -> org.hibernate.loader.plan.build.internal.spaces.EntityQuerySpaceImpl@26ec3e83]
17:03:31.383 [Test worker] DEBUG org.hibernate.persister.walking.spi.MetamodelGraphWalker - Visiting attribute path : order.user.email
17:03:31.383 [Test worker] DEBUG org.hibernate.persister.walking.spi.MetamodelGraphWalker - Visiting attribute path : order.user.orders
17:03:31.383 [Test worker] DEBUG org.hibernate.persister.walking.spi.MetamodelGraphWalker - Property path deemed to be circular : order.user.orders
17:03:31.383 [Test worker] DEBUG org.hibernate.persister.walking.spi.MetamodelGraphWalker - Visiting attribute path : order.user.password
17:03:31.384 [Test worker] DEBUG org.hibernate.persister.walking.spi.MetamodelGraphWalker - Visiting attribute path : order.user.refreshToken
17:03:31.384 [Test worker] DEBUG org.hibernate.persister.walking.spi.MetamodelGraphWalker - Visiting attribute path : order.user.role
17:03:31.384 [Test worker] DEBUG org.hibernate.loader.plan.build.internal.spaces.QuerySpacesImpl - Adding QuerySpace : uid = <gen:4> -> org.hibernate.loader.plan.build.internal.spaces.EntityQuerySpaceImpl@5363eee9]
17:03:31.384 [Test worker] DEBUG org.hibernate.persister.walking.spi.MetamodelGraphWalker - Visiting attribute path : order.user.role.value
17:03:31.384 [Test worker] DEBUG org.hibernate.loader.plan.build.internal.FetchStyleLoadPlanBuildingAssociationVisitationStrategy - Building LoadPlan...
17:03:31.384 [Test worker] DEBUG org.hibernate.loader.plan.exec.internal.LoadQueryJoinAndFetchProcessor - processing queryspace <gen:0>
17:03:31.384 [Test worker] DEBUG org.hibernate.loader.plan.build.spi.LoadPlanTreePrinter - LoadPlan(entity=com.epam.esm.entity.OrderCertificate)
    - Returns
       - EntityReturnImpl(entity=com.epam.esm.entity.OrderCertificate, querySpaceUid=<gen:0>, path=com.epam.esm.entity.OrderCertificate)
          - EntityAttributeFetchImpl(entity=com.epam.esm.entity.GiftCertificate, querySpaceUid=<gen:1>, path=com.epam.esm.entity.OrderCertificate.certificate)
          - EntityAttributeFetchImpl(entity=com.epam.esm.entity.Order, querySpaceUid=<gen:2>, path=com.epam.esm.entity.OrderCertificate.order)
             - EntityAttributeFetchImpl(entity=com.epam.esm.entity.User, querySpaceUid=<gen:3>, path=com.epam.esm.entity.OrderCertificate.order.user)
                - EntityAttributeFetchImpl(entity=com.epam.esm.entity.Role, querySpaceUid=<gen:4>, path=com.epam.esm.entity.OrderCertificate.order.user.role)
    - QuerySpaces
       - EntityQuerySpaceImpl(uid=<gen:0>, entity=com.epam.esm.entity.OrderCertificate)
          - SQL table alias mapping - ordercerti0_
          - alias suffix - 0_
          - suffixed key columns - {id1_6_0_}
          - JOIN (JoinDefinedByMetadata(order)) : <gen:0> -> <gen:2>
             - EntityQuerySpaceImpl(uid=<gen:2>, entity=com.epam.esm.entity.Order)
                - SQL table alias mapping - order1_
                - alias suffix - 1_
                - suffixed key columns - {id1_0_1_}
                - JOIN (JoinDefinedByMetadata(user)) : <gen:2> -> <gen:3>
                   - EntityQuerySpaceImpl(uid=<gen:3>, entity=com.epam.esm.entity.User)
                      - SQL table alias mapping - user2_
                      - alias suffix - 2_
                      - suffixed key columns - {id1_2_2_}
                      - JOIN (JoinDefinedByMetadata(role)) : <gen:3> -> <gen:4>
                         - EntityQuerySpaceImpl(uid=<gen:4>, entity=com.epam.esm.entity.Role)
                            - SQL table alias mapping - role3_
                            - alias suffix - 3_
                            - suffixed key columns - {id1_1_3_}

17:03:31.384 [Test worker] DEBUG org.hibernate.loader.entity.plan.EntityLoader - Static select for entity com.epam.esm.entity.OrderCertificate [READ]: select ordercerti0_.id as id1_6_0_, ordercerti0_.certificate_id as certific4_6_0_, ordercerti0_.expiration_date as expirati2_6_0_, ordercerti0_.fixed_price as fixed_pr3_6_0_, ordercerti0_.order_id as order_id5_6_0_, order1_.id as id1_0_1_, order1_.active_status as active_s2_0_1_, order1_.created_at as created_3_0_1_, order1_.user_id as user_id4_0_1_, user2_.id as id1_2_2_, user2_.email as email2_2_2_, user2_.password as password3_2_2_, user2_.refresh_token as refresh_4_2_2_, user2_.role_id as role_id5_2_2_, role3_.id as id1_1_3_, role3_.value as value2_1_3_ from order_certificate ordercerti0_ left outer join application_order order1_ on ordercerti0_.order_id=order1_.id left outer join application_user user2_ on order1_.user_id=user2_.id left outer join application_role role3_ on user2_.role_id=role3_.id where ordercerti0_.id=?
17:03:31.385 [Test worker] DEBUG org.hibernate.loader.Loader - Static select for action ACTION_MERGE on entity com.epam.esm.entity.OrderCertificate: select ordercerti0_.id as id1_6_3_, ordercerti0_.certificate_id as certific4_6_3_, ordercerti0_.expiration_date as expirati2_6_3_, ordercerti0_.fixed_price as fixed_pr3_6_3_, ordercerti0_.order_id as order_id5_6_3_, giftcertif1_.id as id1_3_0_, giftcertif1_.active_status as active_s2_3_0_, giftcertif1_.creation_date as creation3_3_0_, giftcertif1_.description as descript4_3_0_, giftcertif1_.expiration_date as expirati5_3_0_, giftcertif1_.modification_date as modifica6_3_0_, giftcertif1_.name as name7_3_0_, giftcertif1_.price as price8_3_0_, tags2_.certificate_id as certific1_4_5_, tag3_.id as tag_id2_4_5_, tag3_.id as id1_7_1_, tag3_.title as title2_7_1_, order4_.id as id1_0_2_, order4_.active_status as active_s2_0_2_, order4_.created_at as created_3_0_2_, order4_.user_id as user_id4_0_2_ from order_certificate ordercerti0_ left outer join certificate giftcertif1_ on ordercerti0_.certificate_id=giftcertif1_.id left outer join certificate_tag tags2_ on giftcertif1_.id=tags2_.certificate_id left outer join tag tag3_ on tags2_.tag_id=tag3_.id left outer join application_order order4_ on ordercerti0_.order_id=order4_.id where ordercerti0_.id=?
17:03:31.385 [Test worker] DEBUG org.hibernate.loader.Loader - Static select for action ACTION_REFRESH on entity com.epam.esm.entity.OrderCertificate: select ordercerti0_.id as id1_6_2_, ordercerti0_.certificate_id as certific4_6_2_, ordercerti0_.expiration_date as expirati2_6_2_, ordercerti0_.fixed_price as fixed_pr3_6_2_, ordercerti0_.order_id as order_id5_6_2_, giftcertif1_.id as id1_3_0_, giftcertif1_.active_status as active_s2_3_0_, giftcertif1_.creation_date as creation3_3_0_, giftcertif1_.description as descript4_3_0_, giftcertif1_.expiration_date as expirati5_3_0_, giftcertif1_.modification_date as modifica6_3_0_, giftcertif1_.name as name7_3_0_, giftcertif1_.price as price8_3_0_, order2_.id as id1_0_1_, order2_.active_status as active_s2_0_1_, order2_.created_at as created_3_0_1_, order2_.user_id as user_id4_0_1_ from order_certificate ordercerti0_ left outer join certificate giftcertif1_ on ordercerti0_.certificate_id=giftcertif1_.id left outer join application_order order2_ on ordercerti0_.order_id=order2_.id where ordercerti0_.id=?
17:03:31.386 [Test worker] DEBUG org.hibernate.persister.entity.AbstractEntityPersister - Static SQL for entity: com.epam.esm.entity.Role
17:03:31.386 [Test worker] DEBUG org.hibernate.persister.entity.AbstractEntityPersister -  Version select: select id from application_role where id =?
17:03:31.386 [Test worker] DEBUG org.hibernate.persister.entity.AbstractEntityPersister -  Snapshot select: select role_.id, role_.value as value2_1_ from application_role role_ where role_.id=?
17:03:31.386 [Test worker] DEBUG org.hibernate.persister.entity.AbstractEntityPersister -  Insert 0: insert into application_role (value, id) values (?, ?)
17:03:31.386 [Test worker] DEBUG org.hibernate.persister.entity.AbstractEntityPersister -  Update 0: update application_role set value=? where id=?
17:03:31.386 [Test worker] DEBUG org.hibernate.persister.entity.AbstractEntityPersister -  Delete 0: delete from application_role where id=?
17:03:31.386 [Test worker] DEBUG org.hibernate.persister.entity.AbstractEntityPersister -  Identity insert: insert into application_role (id, value) values (null, ?)
17:03:31.386 [Test worker] DEBUG org.hibernate.loader.plan.build.internal.spaces.QuerySpacesImpl - Adding QuerySpace : uid = <gen:0> -> org.hibernate.loader.plan.build.internal.spaces.EntityQuerySpaceImpl@3ca6e0a1]
17:03:31.386 [Test worker] DEBUG org.hibernate.persister.walking.spi.MetamodelGraphWalker - Visiting attribute path : value
17:03:31.386 [Test worker] DEBUG org.hibernate.loader.plan.build.internal.FetchStyleLoadPlanBuildingAssociationVisitationStrategy - Building LoadPlan...
17:03:31.386 [Test worker] DEBUG org.hibernate.loader.plan.exec.internal.LoadQueryJoinAndFetchProcessor - processing queryspace <gen:0>
17:03:31.386 [Test worker] DEBUG org.hibernate.loader.plan.build.spi.LoadPlanTreePrinter - LoadPlan(entity=com.epam.esm.entity.Role)
    - Returns
       - EntityReturnImpl(entity=com.epam.esm.entity.Role, querySpaceUid=<gen:0>, path=com.epam.esm.entity.Role)
    - QuerySpaces
       - EntityQuerySpaceImpl(uid=<gen:0>, entity=com.epam.esm.entity.Role)
          - SQL table alias mapping - role0_
          - alias suffix - 0_
          - suffixed key columns - {id1_1_0_}

17:03:31.386 [Test worker] DEBUG org.hibernate.loader.entity.plan.EntityLoader - Static select for entity com.epam.esm.entity.Role [NONE]: select role0_.id as id1_1_0_, role0_.value as value2_1_0_ from application_role role0_ where role0_.id=?
17:03:31.386 [Test worker] DEBUG org.hibernate.loader.plan.build.internal.spaces.QuerySpacesImpl - Adding QuerySpace : uid = <gen:0> -> org.hibernate.loader.plan.build.internal.spaces.EntityQuerySpaceImpl@519a195c]
17:03:31.386 [Test worker] DEBUG org.hibernate.persister.walking.spi.MetamodelGraphWalker - Visiting attribute path : value
17:03:31.386 [Test worker] DEBUG org.hibernate.loader.plan.build.internal.FetchStyleLoadPlanBuildingAssociationVisitationStrategy - Building LoadPlan...
17:03:31.386 [Test worker] DEBUG org.hibernate.loader.plan.exec.internal.LoadQueryJoinAndFetchProcessor - processing queryspace <gen:0>
17:03:31.387 [Test worker] DEBUG org.hibernate.loader.plan.build.spi.LoadPlanTreePrinter - LoadPlan(entity=com.epam.esm.entity.Role)
    - Returns
       - EntityReturnImpl(entity=com.epam.esm.entity.Role, querySpaceUid=<gen:0>, path=com.epam.esm.entity.Role)
    - QuerySpaces
       - EntityQuerySpaceImpl(uid=<gen:0>, entity=com.epam.esm.entity.Role)
          - SQL table alias mapping - role0_
          - alias suffix - 0_
          - suffixed key columns - {id1_1_0_}

17:03:31.387 [Test worker] DEBUG org.hibernate.loader.entity.plan.EntityLoader - Static select for entity com.epam.esm.entity.Role [READ]: select role0_.id as id1_1_0_, role0_.value as value2_1_0_ from application_role role0_ where role0_.id=?
17:03:31.387 [Test worker] DEBUG org.hibernate.loader.Loader - Static select for action ACTION_MERGE on entity com.epam.esm.entity.Role: select role0_.id as id1_1_0_, role0_.value as value2_1_0_ from application_role role0_ where role0_.id=?
17:03:31.387 [Test worker] DEBUG org.hibernate.loader.Loader - Static select for action ACTION_REFRESH on entity com.epam.esm.entity.Role: select role0_.id as id1_1_0_, role0_.value as value2_1_0_ from application_role role0_ where role0_.id=?
17:03:31.387 [Test worker] DEBUG org.hibernate.loader.plan.build.internal.spaces.QuerySpacesImpl - Adding QuerySpace : uid = <gen:0> -> org.hibernate.loader.plan.build.internal.spaces.CollectionQuerySpaceImpl@6ff53f5f]
17:03:31.387 [Test worker] DEBUG org.hibernate.loader.plan.build.internal.spaces.QuerySpacesImpl - Adding QuerySpace : uid = <gen:1> -> org.hibernate.loader.plan.build.internal.spaces.EntityQuerySpaceImpl@67fad57a]
17:03:31.387 [Test worker] DEBUG org.hibernate.persister.walking.spi.MetamodelGraphWalker - Visiting attribute path : title
17:03:31.387 [Test worker] DEBUG org.hibernate.loader.plan.build.internal.FetchStyleLoadPlanBuildingAssociationVisitationStrategy - Building LoadPlan...
17:03:31.387 [Test worker] DEBUG org.hibernate.loader.plan.exec.internal.LoadQueryJoinAndFetchProcessor - processing queryspace <gen:0>
17:03:31.388 [Test worker] DEBUG org.hibernate.loader.plan.build.spi.LoadPlanTreePrinter - LoadPlan(collection=com.epam.esm.entity.GiftCertificate.tags)
    - Returns
       - CollectionReturnImpl(collection=com.epam.esm.entity.GiftCertificate.tags, querySpaceUid=<gen:0>, path=[com.epam.esm.entity.GiftCertificate.tags])
          - (collection element) CollectionFetchableElementEntityGraph(entity=com.epam.esm.entity.Tag, querySpaceUid=<gen:1>, path=[com.epam.esm.entity.GiftCertificate.tags].<elements>)
    - QuerySpaces
       - CollectionQuerySpaceImpl(uid=<gen:0>, collection=com.epam.esm.entity.GiftCertificate.tags)
          - SQL table alias mapping - tags0_
          - alias suffix - 0_
          - suffixed key columns - {certific1_4_0_}
          - entity-element alias suffix - 1_
          - 1_entity-element suffixed key columns - id1_7_1_
          - JOIN (JoinDefinedByMetadata(elements)) : <gen:0> -> <gen:1>
             - EntityQuerySpaceImpl(uid=<gen:1>, entity=com.epam.esm.entity.Tag)
                - SQL table alias mapping - tag1_
                - alias suffix - 1_
                - suffixed key columns - {id1_7_1_}

17:03:31.388 [Test worker] DEBUG org.hibernate.loader.collection.plan.CollectionLoader - Static select for collection com.epam.esm.entity.GiftCertificate.tags: select tags0_.certificate_id as certific1_4_0_, tags0_.tag_id as tag_id2_4_0_, tag1_.id as id1_7_1_, tag1_.title as title2_7_1_ from certificate_tag tags0_ inner join tag tag1_ on tags0_.tag_id=tag1_.id where tags0_.certificate_id=?
17:03:31.388 [Test worker] DEBUG org.hibernate.loader.plan.build.internal.spaces.QuerySpacesImpl - Adding QuerySpace : uid = <gen:0> -> org.hibernate.loader.plan.build.internal.spaces.CollectionQuerySpaceImpl@2f7430c7]
17:03:31.388 [Test worker] DEBUG org.hibernate.loader.plan.build.internal.spaces.QuerySpacesImpl - Adding QuerySpace : uid = <gen:1> -> org.hibernate.loader.plan.build.internal.spaces.EntityQuerySpaceImpl@1e147156]
17:03:31.388 [Test worker] DEBUG org.hibernate.persister.walking.spi.MetamodelGraphWalker - Visiting attribute path : certificate
17:03:31.388 [Test worker] DEBUG org.hibernate.loader.plan.build.internal.spaces.QuerySpacesImpl - Adding QuerySpace : uid = <gen:2> -> org.hibernate.loader.plan.build.internal.spaces.EntityQuerySpaceImpl@2b6f6114]
17:03:31.388 [Test worker] DEBUG org.hibernate.persister.walking.spi.MetamodelGraphWalker - Visiting attribute path : expirationDate
17:03:31.388 [Test worker] DEBUG org.hibernate.persister.walking.spi.MetamodelGraphWalker - Visiting attribute path : fixedPrice
17:03:31.388 [Test worker] DEBUG org.hibernate.persister.walking.spi.MetamodelGraphWalker - Visiting attribute path : order
17:03:31.388 [Test worker] DEBUG org.hibernate.persister.walking.spi.MetamodelGraphWalker - Property path deemed to be circular : order
17:03:31.388 [Test worker] DEBUG org.hibernate.loader.plan.build.internal.FetchStyleLoadPlanBuildingAssociationVisitationStrategy - Building LoadPlan...
17:03:31.388 [Test worker] DEBUG org.hibernate.loader.plan.exec.internal.LoadQueryJoinAndFetchProcessor - processing queryspace <gen:0>
17:03:31.389 [Test worker] DEBUG org.hibernate.loader.plan.build.spi.LoadPlanTreePrinter - LoadPlan(collection=com.epam.esm.entity.Order.orderCertificates)
    - Returns
       - CollectionReturnImpl(collection=com.epam.esm.entity.Order.orderCertificates, querySpaceUid=<gen:0>, path=[com.epam.esm.entity.Order.orderCertificates])
          - (collection element) CollectionFetchableElementEntityGraph(entity=com.epam.esm.entity.OrderCertificate, querySpaceUid=<gen:1>, path=[com.epam.esm.entity.Order.orderCertificates].<elements>)
             - EntityAttributeFetchImpl(entity=com.epam.esm.entity.GiftCertificate, querySpaceUid=<gen:2>, path=[com.epam.esm.entity.Order.orderCertificates].<elements>.certificate)
    - QuerySpaces
       - CollectionQuerySpaceImpl(uid=<gen:0>, collection=com.epam.esm.entity.Order.orderCertificates)
          - SQL table alias mapping - ordercerti0_
          - alias suffix - 0_
          - suffixed key columns - {order_id5_6_0_}
          - entity-element alias suffix - 1_
          - 1_entity-element suffixed key columns - id1_6_1_
          - JOIN (JoinDefinedByMetadata(elements)) : <gen:0> -> <gen:1>
             - EntityQuerySpaceImpl(uid=<gen:1>, entity=com.epam.esm.entity.OrderCertificate)
                - SQL table alias mapping - ordercerti0_
                - alias suffix - 1_
                - suffixed key columns - {id1_6_1_}

17:03:31.389 [Test worker] DEBUG org.hibernate.loader.collection.plan.CollectionLoader - Static select for collection com.epam.esm.entity.Order.orderCertificates: select ordercerti0_.order_id as order_id5_6_0_, ordercerti0_.id as id1_6_0_, ordercerti0_.id as id1_6_1_, ordercerti0_.certificate_id as certific4_6_1_, ordercerti0_.expiration_date as expirati2_6_1_, ordercerti0_.fixed_price as fixed_pr3_6_1_, ordercerti0_.order_id as order_id5_6_1_ from order_certificate ordercerti0_ where ordercerti0_.order_id=?
17:03:31.389 [Test worker] DEBUG org.hibernate.loader.plan.build.internal.spaces.QuerySpacesImpl - Adding QuerySpace : uid = <gen:0> -> org.hibernate.loader.plan.build.internal.spaces.CollectionQuerySpaceImpl@16cc3bee]
17:03:31.389 [Test worker] DEBUG org.hibernate.loader.plan.build.internal.spaces.QuerySpacesImpl - Adding QuerySpace : uid = <gen:1> -> org.hibernate.loader.plan.build.internal.spaces.EntityQuerySpaceImpl@2c33f46b]
17:03:31.389 [Test worker] DEBUG org.hibernate.persister.walking.spi.MetamodelGraphWalker - Visiting attribute path : certificate
17:03:31.389 [Test worker] DEBUG org.hibernate.persister.walking.spi.MetamodelGraphWalker - Property path deemed to be circular : certificate
17:03:31.389 [Test worker] DEBUG org.hibernate.persister.walking.spi.MetamodelGraphWalker - Visiting attribute path : expirationDate
17:03:31.389 [Test worker] DEBUG org.hibernate.persister.walking.spi.MetamodelGraphWalker - Visiting attribute path : fixedPrice
17:03:31.389 [Test worker] DEBUG org.hibernate.persister.walking.spi.MetamodelGraphWalker - Visiting attribute path : order
17:03:31.389 [Test worker] DEBUG org.hibernate.loader.plan.build.internal.spaces.QuerySpacesImpl - Adding QuerySpace : uid = <gen:2> -> org.hibernate.loader.plan.build.internal.spaces.EntityQuerySpaceImpl@32b1aa25]
17:03:31.389 [Test worker] DEBUG org.hibernate.persister.walking.spi.MetamodelGraphWalker - Visiting attribute path : order.activeStatus
17:03:31.389 [Test worker] DEBUG org.hibernate.persister.walking.spi.MetamodelGraphWalker - Visiting attribute path : order.createdAt
17:03:31.389 [Test worker] DEBUG org.hibernate.persister.walking.spi.MetamodelGraphWalker - Visiting attribute path : order.orderCertificates
17:03:31.389 [Test worker] DEBUG org.hibernate.persister.walking.spi.MetamodelGraphWalker - Property path deemed to be circular : order.orderCertificates
17:03:31.389 [Test worker] DEBUG org.hibernate.persister.walking.spi.MetamodelGraphWalker - Visiting attribute path : order.user
17:03:31.389 [Test worker] DEBUG org.hibernate.loader.plan.build.internal.spaces.QuerySpacesImpl - Adding QuerySpace : uid = <gen:3> -> org.hibernate.loader.plan.build.internal.spaces.EntityQuerySpaceImpl@6054603]
17:03:31.390 [Test worker] DEBUG org.hibernate.persister.walking.spi.MetamodelGraphWalker - Visiting attribute path : order.user.email
17:03:31.390 [Test worker] DEBUG org.hibernate.persister.walking.spi.MetamodelGraphWalker - Visiting attribute path : order.user.orders
17:03:31.390 [Test worker] DEBUG org.hibernate.persister.walking.spi.MetamodelGraphWalker - Property path deemed to be circular : order.user.orders
17:03:31.390 [Test worker] DEBUG org.hibernate.persister.walking.spi.MetamodelGraphWalker - Visiting attribute path : order.user.password
17:03:31.390 [Test worker] DEBUG org.hibernate.persister.walking.spi.MetamodelGraphWalker - Visiting attribute path : order.user.refreshToken
17:03:31.390 [Test worker] DEBUG org.hibernate.persister.walking.spi.MetamodelGraphWalker - Visiting attribute path : order.user.role
17:03:31.390 [Test worker] DEBUG org.hibernate.loader.plan.build.internal.spaces.QuerySpacesImpl - Adding QuerySpace : uid = <gen:4> -> org.hibernate.loader.plan.build.internal.spaces.EntityQuerySpaceImpl@53b417e9]
17:03:31.390 [Test worker] DEBUG org.hibernate.persister.walking.spi.MetamodelGraphWalker - Visiting attribute path : order.user.role.value
17:03:31.390 [Test worker] DEBUG org.hibernate.loader.plan.build.internal.FetchStyleLoadPlanBuildingAssociationVisitationStrategy - Building LoadPlan...
17:03:31.390 [Test worker] DEBUG org.hibernate.loader.plan.exec.internal.LoadQueryJoinAndFetchProcessor - processing queryspace <gen:0>
17:03:31.391 [Test worker] DEBUG org.hibernate.loader.plan.build.spi.LoadPlanTreePrinter - LoadPlan(collection=com.epam.esm.entity.GiftCertificate.orderCertificates)
    - Returns
       - CollectionReturnImpl(collection=com.epam.esm.entity.GiftCertificate.orderCertificates, querySpaceUid=<gen:0>, path=[com.epam.esm.entity.GiftCertificate.orderCertificates])
          - (collection element) CollectionFetchableElementEntityGraph(entity=com.epam.esm.entity.OrderCertificate, querySpaceUid=<gen:1>, path=[com.epam.esm.entity.GiftCertificate.orderCertificates].<elements>)
             - EntityAttributeFetchImpl(entity=com.epam.esm.entity.Order, querySpaceUid=<gen:2>, path=[com.epam.esm.entity.GiftCertificate.orderCertificates].<elements>.order)
                - EntityAttributeFetchImpl(entity=com.epam.esm.entity.User, querySpaceUid=<gen:3>, path=[com.epam.esm.entity.GiftCertificate.orderCertificates].<elements>.order.user)
                   - EntityAttributeFetchImpl(entity=com.epam.esm.entity.Role, querySpaceUid=<gen:4>, path=[com.epam.esm.entity.GiftCertificate.orderCertificates].<elements>.order.user.role)
    - QuerySpaces
       - CollectionQuerySpaceImpl(uid=<gen:0>, collection=com.epam.esm.entity.GiftCertificate.orderCertificates)
          - SQL table alias mapping - ordercerti0_
          - alias suffix - 0_
          - suffixed key columns - {certific4_6_0_}
          - entity-element alias suffix - 1_
          - 1_entity-element suffixed key columns - id1_6_1_
          - JOIN (JoinDefinedByMetadata(elements)) : <gen:0> -> <gen:1>
             - EntityQuerySpaceImpl(uid=<gen:1>, entity=com.epam.esm.entity.OrderCertificate)
                - SQL table alias mapping - ordercerti0_
                - alias suffix - 1_
                - suffixed key columns - {id1_6_1_}
                - JOIN (JoinDefinedByMetadata(order)) : <gen:1> -> <gen:2>
                   - EntityQuerySpaceImpl(uid=<gen:2>, entity=com.epam.esm.entity.Order)
                      - SQL table alias mapping - order1_
                      - alias suffix - 2_
                      - suffixed key columns - {id1_0_2_}
                      - JOIN (JoinDefinedByMetadata(user)) : <gen:2> -> <gen:3>
                         - EntityQuerySpaceImpl(uid=<gen:3>, entity=com.epam.esm.entity.User)
                            - SQL table alias mapping - user2_
                            - alias suffix - 3_
                            - suffixed key columns - {id1_2_3_}
                            - JOIN (JoinDefinedByMetadata(role)) : <gen:3> -> <gen:4>
                               - EntityQuerySpaceImpl(uid=<gen:4>, entity=com.epam.esm.entity.Role)
                                  - SQL table alias mapping - role3_
                                  - alias suffix - 4_
                                  - suffixed key columns - {id1_1_4_}

17:03:31.391 [Test worker] DEBUG org.hibernate.loader.collection.plan.CollectionLoader - Static select for collection com.epam.esm.entity.GiftCertificate.orderCertificates: select ordercerti0_.certificate_id as certific4_6_0_, ordercerti0_.id as id1_6_0_, ordercerti0_.id as id1_6_1_, ordercerti0_.certificate_id as certific4_6_1_, ordercerti0_.expiration_date as expirati2_6_1_, ordercerti0_.fixed_price as fixed_pr3_6_1_, ordercerti0_.order_id as order_id5_6_1_, order1_.id as id1_0_2_, order1_.active_status as active_s2_0_2_, order1_.created_at as created_3_0_2_, order1_.user_id as user_id4_0_2_, user2_.id as id1_2_3_, user2_.email as email2_2_3_, user2_.password as password3_2_3_, user2_.refresh_token as refresh_4_2_3_, user2_.role_id as role_id5_2_3_, role3_.id as id1_1_4_, role3_.value as value2_1_4_ from order_certificate ordercerti0_ left outer join application_order order1_ on ordercerti0_.order_id=order1_.id left outer join application_user user2_ on order1_.user_id=user2_.id left outer join application_role role3_ on user2_.role_id=role3_.id where ordercerti0_.certificate_id=?
17:03:31.391 [Test worker] DEBUG org.hibernate.loader.plan.build.internal.spaces.QuerySpacesImpl - Adding QuerySpace : uid = <gen:0> -> org.hibernate.loader.plan.build.internal.spaces.CollectionQuerySpaceImpl@6aafc990]
17:03:31.391 [Test worker] DEBUG org.hibernate.loader.plan.build.internal.spaces.QuerySpacesImpl - Adding QuerySpace : uid = <gen:1> -> org.hibernate.loader.plan.build.internal.spaces.EntityQuerySpaceImpl@5db589e6]
17:03:31.391 [Test worker] DEBUG org.hibernate.persister.walking.spi.MetamodelGraphWalker - Visiting attribute path : activeStatus
17:03:31.391 [Test worker] DEBUG org.hibernate.persister.walking.spi.MetamodelGraphWalker - Visiting attribute path : createdAt
17:03:31.391 [Test worker] DEBUG org.hibernate.persister.walking.spi.MetamodelGraphWalker - Visiting attribute path : orderCertificates
17:03:31.391 [Test worker] DEBUG org.hibernate.loader.plan.build.internal.spaces.QuerySpacesImpl - Adding QuerySpace : uid = <gen:2> -> org.hibernate.loader.plan.build.internal.spaces.CollectionQuerySpaceImpl@492f7624]
17:03:31.391 [Test worker] DEBUG org.hibernate.loader.plan.build.internal.spaces.QuerySpacesImpl - Adding QuerySpace : uid = <gen:3> -> org.hibernate.loader.plan.build.internal.spaces.EntityQuerySpaceImpl@38243c5e]
17:03:31.391 [Test worker] DEBUG org.hibernate.persister.walking.spi.MetamodelGraphWalker - Visiting attribute path : user
17:03:31.391 [Test worker] DEBUG org.hibernate.persister.walking.spi.MetamodelGraphWalker - Property path deemed to be circular : user
17:03:31.392 [Test worker] DEBUG org.hibernate.loader.plan.build.internal.FetchStyleLoadPlanBuildingAssociationVisitationStrategy - Building LoadPlan...
17:03:31.392 [Test worker] DEBUG org.hibernate.loader.plan.exec.internal.LoadQueryJoinAndFetchProcessor - processing queryspace <gen:0>
17:03:31.392 [Test worker] DEBUG org.hibernate.loader.plan.build.spi.LoadPlanTreePrinter - LoadPlan(collection=com.epam.esm.entity.User.orders)
    - Returns
       - CollectionReturnImpl(collection=com.epam.esm.entity.User.orders, querySpaceUid=<gen:0>, path=[com.epam.esm.entity.User.orders])
          - (collection element) CollectionFetchableElementEntityGraph(entity=com.epam.esm.entity.Order, querySpaceUid=<gen:1>, path=[com.epam.esm.entity.User.orders].<elements>)
             - CollectionAttributeFetchImpl(collection=com.epam.esm.entity.Order.orderCertificates, querySpaceUid=<gen:2>, path=[com.epam.esm.entity.User.orders].<elements>.orderCertificates)
                - (collection element) CollectionFetchableElementEntityGraph(entity=com.epam.esm.entity.OrderCertificate, querySpaceUid=<gen:3>, path=[com.epam.esm.entity.User.orders].<elements>.orderCertificates.<elements>)
    - QuerySpaces
       - CollectionQuerySpaceImpl(uid=<gen:0>, collection=com.epam.esm.entity.User.orders)
          - SQL table alias mapping - orders0_
          - alias suffix - 0_
          - suffixed key columns - {user_id4_0_0_}
          - entity-element alias suffix - 1_
          - 1_entity-element suffixed key columns - id1_0_1_
          - JOIN (JoinDefinedByMetadata(elements)) : <gen:0> -> <gen:1>
             - EntityQuerySpaceImpl(uid=<gen:1>, entity=com.epam.esm.entity.Order)
                - SQL table alias mapping - orders0_
                - alias suffix - 1_
                - suffixed key columns - {id1_0_1_}

17:03:31.392 [Test worker] DEBUG org.hibernate.loader.collection.plan.CollectionLoader - Static select for collection com.epam.esm.entity.User.orders: select orders0_.user_id as user_id4_0_0_, orders0_.id as id1_0_0_, orders0_.id as id1_0_1_, orders0_.active_status as active_s2_0_1_, orders0_.created_at as created_3_0_1_, orders0_.user_id as user_id4_0_1_ from application_order orders0_ where orders0_.user_id=?
17:03:31.394 [Test worker] DEBUG org.hibernate.SQL - drop table application_order if exists
17:03:31.395 [Test worker] DEBUG org.hibernate.SQL - drop table application_role if exists
17:03:31.395 [Test worker] DEBUG org.hibernate.SQL - drop table application_user if exists
17:03:31.395 [Test worker] DEBUG org.hibernate.SQL - drop table certificate if exists
17:03:31.395 [Test worker] DEBUG org.hibernate.SQL - drop table certificate_tag if exists
17:03:31.395 [Test worker] DEBUG org.hibernate.SQL - drop table entity if exists
17:03:31.395 [Test worker] DEBUG org.hibernate.SQL - drop table order_certificate if exists
17:03:31.395 [Test worker] DEBUG org.hibernate.SQL - drop table tag if exists
17:03:31.396 [Test worker] DEBUG org.hibernate.SQL - create table application_order (id bigint generated by default as identity, active_status boolean, created_at timestamp, user_id bigint, primary key (id))
17:03:31.396 [Test worker] DEBUG org.hibernate.SQL - create table application_role (id bigint generated by default as identity, value varchar(255), primary key (id))
17:03:31.397 [Test worker] DEBUG org.hibernate.SQL - create table application_user (id bigint generated by default as identity, email varchar(255), password varchar(255), refresh_token varchar(255), role_id bigint, primary key (id))
17:03:31.398 [Test worker] DEBUG org.hibernate.SQL - create table certificate (id bigint generated by default as identity, active_status boolean, creation_date date, description varchar(255), expiration_date date, modification_date date, name varchar(255), price decimal(19,2), primary key (id))
17:03:31.398 [Test worker] DEBUG org.hibernate.SQL - create table certificate_tag (certificate_id bigint not null, tag_id bigint not null, primary key (certificate_id, tag_id))
17:03:31.399 [Test worker] DEBUG org.hibernate.SQL - create table entity (id bigint generated by default as identity, primary key (id))
17:03:31.400 [Test worker] DEBUG org.hibernate.SQL - create table order_certificate (id bigint generated by default as identity, expiration_date date, fixed_price decimal(19,2), certificate_id bigint, order_id bigint, primary key (id))
17:03:31.401 [Test worker] DEBUG org.hibernate.SQL - create table tag (id bigint generated by default as identity, title varchar(255), primary key (id))
17:03:31.401 [Test worker] DEBUG org.hibernate.SQL - alter table tag add constraint UK_k5g3urrxw2ym0ls8vo6xfgs65 unique (title)
17:03:31.402 [Test worker] DEBUG org.hibernate.SQL - alter table application_order add constraint FKp4m4jwa9ds4e3gmsdtsvjcty3 foreign key (user_id) references application_user
17:03:31.403 [Test worker] DEBUG org.hibernate.SQL - alter table application_user add constraint FKkb3re6enordhsw7vy7ftgtna4 foreign key (role_id) references application_role
17:03:31.405 [Test worker] DEBUG org.hibernate.SQL - alter table certificate_tag add constraint FKk65jck3ppxm1p372l03sxdtcc foreign key (tag_id) references tag
17:03:31.407 [Test worker] DEBUG org.hibernate.SQL - alter table certificate_tag add constraint FKlrytco6nyamwxl72nog54iymx foreign key (certificate_id) references certificate
17:03:31.409 [Test worker] DEBUG org.hibernate.SQL - alter table order_certificate add constraint FKans0qrkplnas0le7if4ph8n2w foreign key (certificate_id) references certificate
17:03:31.410 [Test worker] DEBUG org.hibernate.SQL - alter table order_certificate add constraint FKlylopteltw5t82w63stck3tb8 foreign key (order_id) references application_order
17:03:31.413 [Test worker] INFO org.hibernate.tool.schema.internal.SchemaCreatorImpl - HHH000476: Executing import script 'org.hibernate.tool.schema.internal.exec.ScriptSourceInputNonExistentImpl@3bb5d12c'
17:03:31.413 [Test worker] DEBUG org.hibernate.query.spi.NamedQueryRepository - Checking 0 named HQL queries
17:03:31.413 [Test worker] DEBUG org.hibernate.query.spi.NamedQueryRepository - Checking 0 named SQL queries
17:03:31.413 [Test worker] DEBUG org.hibernate.internal.SessionFactoryRegistry - Registering SessionFactory: 285e8e6f-8aba-4c88-b745-5690a0f48946 (<unnamed>)
17:03:31.413 [Test worker] DEBUG org.hibernate.internal.SessionFactoryRegistry - Not binding SessionFactory to JNDI, no JNDI name configured
17:03:31.413 [Test worker] INFO org.springframework.orm.jpa.LocalContainerEntityManagerFactoryBean - Initialized JPA EntityManagerFactory for persistence unit 'default'
17:03:31.413 [Test worker] DEBUG org.springframework.jdbc.datasource.DataSourceUtils - Fetching JDBC Connection from DataSource
17:03:31.414 [Test worker] DEBUG org.springframework.beans.factory.support.DefaultListableBeanFactory - Creating shared instance of singleton bean 'testConfig'
17:03:31.414 [Test worker] DEBUG org.springframework.beans.factory.support.DefaultListableBeanFactory - Creating shared instance of singleton bean 'certificateRepository'
17:03:31.416 [Test worker] DEBUG org.springframework.beans.factory.support.DefaultListableBeanFactory - Creating shared instance of singleton bean 'org.springframework.orm.jpa.SharedEntityManagerCreator#0'
17:03:31.418 [Test worker] DEBUG org.springframework.beans.factory.support.DefaultListableBeanFactory - Creating shared instance of singleton bean 'criteriaBuilderHelper'
17:03:31.419 [Test worker] DEBUG org.springframework.beans.factory.support.DefaultListableBeanFactory - Autowiring by type from bean name 'certificateRepository' via constructor to bean named 'org.springframework.orm.jpa.SharedEntityManagerCreator#0'
17:03:31.419 [Test worker] DEBUG org.springframework.beans.factory.support.DefaultListableBeanFactory - Autowiring by type from bean name 'certificateRepository' via constructor to bean named 'criteriaBuilderHelper'
17:03:31.419 [Test worker] DEBUG org.springframework.beans.factory.support.DefaultListableBeanFactory - Creating shared instance of singleton bean 'orderCertificateRepository'
17:03:31.420 [Test worker] DEBUG org.springframework.beans.factory.support.DefaultListableBeanFactory - Autowiring by type from bean name 'orderCertificateRepository' via constructor to bean named 'org.springframework.orm.jpa.SharedEntityManagerCreator#0'
17:03:31.420 [Test worker] DEBUG org.springframework.beans.factory.support.DefaultListableBeanFactory - Creating shared instance of singleton bean 'orderRepository'
17:03:31.421 [Test worker] DEBUG org.springframework.beans.factory.support.DefaultListableBeanFactory - Autowiring by type from bean name 'orderRepository' via constructor to bean named 'org.springframework.orm.jpa.SharedEntityManagerCreator#0'
17:03:31.421 [Test worker] DEBUG org.springframework.beans.factory.support.DefaultListableBeanFactory - Creating shared instance of singleton bean 'tagRepository'
17:03:31.422 [Test worker] DEBUG org.springframework.beans.factory.support.DefaultListableBeanFactory - Autowiring by type from bean name 'tagRepository' via constructor to bean named 'org.springframework.orm.jpa.SharedEntityManagerCreator#0'
17:03:31.423 [Test worker] DEBUG org.springframework.beans.factory.support.DefaultListableBeanFactory - Creating shared instance of singleton bean 'userRepository'
17:03:31.423 [Test worker] DEBUG org.springframework.beans.factory.support.DefaultListableBeanFactory - Autowiring by type from bean name 'userRepository' via constructor to bean named 'org.springframework.orm.jpa.SharedEntityManagerCreator#0'
17:03:31.424 [Test worker] DEBUG org.springframework.beans.factory.support.DefaultListableBeanFactory - Creating shared instance of singleton bean 'org.springframework.boot.autoconfigure.context.PropertyPlaceholderAutoConfiguration'
17:03:31.424 [Test worker] DEBUG org.springframework.beans.factory.support.DefaultListableBeanFactory - Creating shared instance of singleton bean 'org.springframework.boot.autoconfigure.task.TaskExecutionAutoConfiguration'
17:03:31.425 [Test worker] DEBUG org.springframework.core.LocalVariableTableParameterNameDiscoverer - Cannot find '.class' file for class [class org.springframework.boot.autoconfigure.task.TaskExecutionAutoConfiguration$$EnhancerBySpringCGLIB$$30b471bb] - unable to determine constructor/method parameter names
17:03:31.425 [Test worker] DEBUG org.springframework.beans.factory.support.DefaultListableBeanFactory - Creating shared instance of singleton bean 'spring.task.execution-org.springframework.boot.autoconfigure.task.TaskExecutionProperties'
17:03:31.426 [Test worker] DEBUG org.springframework.beans.factory.support.DefaultListableBeanFactory - Autowiring by type from bean name 'org.springframework.boot.autoconfigure.task.TaskExecutionAutoConfiguration' via constructor to bean named 'spring.task.execution-org.springframework.boot.autoconfigure.task.TaskExecutionProperties'
17:03:31.427 [Test worker] DEBUG org.springframework.beans.factory.support.DefaultListableBeanFactory - Creating shared instance of singleton bean 'taskExecutorBuilder'
17:03:31.427 [Test worker] DEBUG org.springframework.beans.factory.support.DefaultListableBeanFactory - Creating shared instance of singleton bean 'org.springframework.boot.autoconfigure.validation.ValidationAutoConfiguration'
17:03:31.428 [Test worker] DEBUG org.springframework.beans.factory.support.DefaultListableBeanFactory - Creating shared instance of singleton bean 'defaultValidator'
17:03:31.428 [Test worker] DEBUG org.hibernate.validator.internal.engine.resolver.TraversableResolvers - Found javax.persistence.Persistence on classpath containing 'getPersistenceUtil'. Assuming JPA 2 environment. Trying to instantiate JPA aware TraversableResolver
17:03:31.428 [Test worker] DEBUG org.hibernate.validator.internal.engine.resolver.TraversableResolvers - Instantiated JPA aware TraversableResolver of type org.hibernate.validator.internal.engine.resolver.JPATraversableResolver.
17:03:31.428 [Test worker] DEBUG org.hibernate.validator.messageinterpolation.ResourceBundleMessageInterpolator - Loaded expression factory via original TCCL
17:03:31.428 [Test worker] DEBUG org.hibernate.validator.internal.engine.resolver.TraversableResolvers - Found javax.persistence.Persistence on classpath containing 'getPersistenceUtil'. Assuming JPA 2 environment. Trying to instantiate JPA aware TraversableResolver
17:03:31.429 [Test worker] DEBUG org.hibernate.validator.internal.engine.resolver.TraversableResolvers - Instantiated JPA aware TraversableResolver of type org.hibernate.validator.internal.engine.resolver.JPATraversableResolver.
17:03:31.429 [Test worker] DEBUG org.hibernate.validator.internal.engine.ConfigurationImpl - Setting custom MessageInterpolator of type org.springframework.validation.beanvalidation.LocaleContextMessageInterpolator
17:03:31.429 [Test worker] DEBUG org.hibernate.validator.internal.engine.ConfigurationImpl - Setting custom ConstraintValidatorFactory of type org.springframework.validation.beanvalidation.SpringConstraintValidatorFactory
17:03:31.429 [Test worker] DEBUG org.hibernate.validator.internal.engine.ConfigurationImpl - Setting custom ParameterNameProvider of type org.springframework.validation.beanvalidation.LocalValidatorFactoryBean$1
17:03:31.429 [Test worker] DEBUG org.hibernate.validator.internal.xml.config.ValidationXmlParser - Trying to load META-INF/validation.xml for XML based Validator configuration.
17:03:31.429 [Test worker] DEBUG org.hibernate.validator.internal.xml.config.ResourceLoaderHelper - Trying to load META-INF/validation.xml via user class loader
17:03:31.429 [Test worker] DEBUG org.hibernate.validator.internal.xml.config.ResourceLoaderHelper - Trying to load META-INF/validation.xml via TCCL
17:03:31.429 [Test worker] DEBUG org.hibernate.validator.internal.xml.config.ResourceLoaderHelper - Trying to load META-INF/validation.xml via Hibernate Validator's class loader
17:03:31.429 [Test worker] DEBUG org.hibernate.validator.internal.xml.config.ValidationXmlParser - No META-INF/validation.xml found. Using annotation based configuration only.
17:03:31.437 [Test worker] DEBUG org.hibernate.validator.internal.engine.ValidatorFactoryImpl - HV000234: Using org.springframework.validation.beanvalidation.LocaleContextMessageInterpolator as ValidatorFactory-scoped message interpolator.
17:03:31.437 [Test worker] DEBUG org.hibernate.validator.internal.engine.ValidatorFactoryImpl - HV000234: Using org.hibernate.validator.internal.engine.resolver.JPATraversableResolver as ValidatorFactory-scoped traversable resolver.
17:03:31.437 [Test worker] DEBUG org.hibernate.validator.internal.engine.ValidatorFactoryImpl - HV000234: Using org.hibernate.validator.internal.util.ExecutableParameterNameProvider as ValidatorFactory-scoped parameter name provider.
17:03:31.437 [Test worker] DEBUG org.hibernate.validator.internal.engine.ValidatorFactoryImpl - HV000234: Using org.hibernate.validator.internal.engine.DefaultClockProvider as ValidatorFactory-scoped clock provider.
17:03:31.437 [Test worker] DEBUG org.hibernate.validator.internal.engine.ValidatorFactoryImpl - HV000234: Using org.hibernate.validator.internal.engine.scripting.DefaultScriptEvaluatorFactory as ValidatorFactory-scoped script evaluator factory.
17:03:31.439 [Test worker] DEBUG org.springframework.beans.factory.support.DefaultListableBeanFactory - Creating shared instance of singleton bean 'org.springframework.boot.autoconfigure.security.oauth2.client.OAuth2RestOperationsConfiguration$SingletonScopedConfiguration'
17:03:31.439 [Test worker] DEBUG org.springframework.beans.factory.support.DefaultListableBeanFactory - Creating shared instance of singleton bean 'oauth2RemoteResource'
17:03:31.441 [Test worker] DEBUG org.springframework.beans.factory.support.DefaultListableBeanFactory - Creating shared instance of singleton bean 'oauth2ClientContext'
17:03:31.441 [Test worker] DEBUG org.springframework.beans.factory.support.DefaultListableBeanFactory - Creating shared instance of singleton bean 'org.springframework.boot.autoconfigure.security.oauth2.client.OAuth2RestOperationsConfiguration'
17:03:31.441 [Test worker] DEBUG org.springframework.beans.factory.support.DefaultListableBeanFactory - Creating shared instance of singleton bean 'org.springframework.boot.autoconfigure.security.oauth2.OAuth2AutoConfiguration'
17:03:31.441 [Test worker] DEBUG org.springframework.core.LocalVariableTableParameterNameDiscoverer - Cannot find '.class' file for class [class org.springframework.boot.autoconfigure.security.oauth2.OAuth2AutoConfiguration$$EnhancerBySpringCGLIB$$5c5e94e5] - unable to determine constructor/method parameter names
17:03:31.442 [Test worker] DEBUG org.springframework.beans.factory.support.DefaultListableBeanFactory - Creating shared instance of singleton bean 'security.oauth2.client-org.springframework.boot.autoconfigure.security.oauth2.OAuth2ClientProperties'
17:03:31.442 [Test worker] DEBUG org.springframework.beans.factory.support.DefaultListableBeanFactory - Autowiring by type from bean name 'org.springframework.boot.autoconfigure.security.oauth2.OAuth2AutoConfiguration' via constructor to bean named 'security.oauth2.client-org.springframework.boot.autoconfigure.security.oauth2.OAuth2ClientProperties'
17:03:31.442 [Test worker] DEBUG org.springframework.beans.factory.support.DefaultListableBeanFactory - Creating shared instance of singleton bean 'resourceServerProperties'
17:03:31.444 [Test worker] DEBUG org.springframework.beans.factory.support.DefaultListableBeanFactory - Creating shared instance of singleton bean 'org.springframework.boot.autoconfigure.jmx.JmxAutoConfiguration'
17:03:31.444 [Test worker] DEBUG org.springframework.beans.factory.support.DefaultListableBeanFactory - Creating shared instance of singleton bean 'mbeanExporter'
17:03:31.444 [Test worker] DEBUG org.springframework.beans.factory.support.DefaultListableBeanFactory - Creating shared instance of singleton bean 'objectNamingStrategy'
17:03:31.445 [Test worker] DEBUG org.springframework.beans.factory.support.DefaultListableBeanFactory - Autowiring by type from bean name 'mbeanExporter' via factory method to bean named 'objectNamingStrategy'
17:03:31.445 [Test worker] DEBUG org.springframework.beans.factory.support.DefaultListableBeanFactory - Creating shared instance of singleton bean 'mbeanServer'
17:03:31.446 [Test worker] DEBUG org.springframework.jmx.support.JmxUtils - Found MBeanServer: com.sun.jmx.mbeanserver.JmxMBeanServer@bc10b92
17:03:31.448 [Test worker] DEBUG org.springframework.beans.factory.support.DefaultListableBeanFactory - Creating shared instance of singleton bean 'org.springframework.boot.autoconfigure.aop.AopAutoConfiguration$CglibAutoProxyConfiguration'
17:03:31.448 [Test worker] DEBUG org.springframework.beans.factory.support.DefaultListableBeanFactory - Creating shared instance of singleton bean 'org.springframework.boot.autoconfigure.aop.AopAutoConfiguration'
17:03:31.449 [Test worker] DEBUG org.springframework.beans.factory.support.DefaultListableBeanFactory - Creating shared instance of singleton bean 'org.springframework.boot.autoconfigure.transaction.jta.JtaAutoConfiguration'
17:03:31.449 [Test worker] DEBUG org.springframework.beans.factory.support.DefaultListableBeanFactory - Creating shared instance of singleton bean 'org.springframework.boot.autoconfigure.jdbc.DataSourceJmxConfiguration$Hikari'
17:03:31.449 [Test worker] DEBUG org.springframework.core.LocalVariableTableParameterNameDiscoverer - Cannot find '.class' file for class [class org.springframework.boot.autoconfigure.jdbc.DataSourceJmxConfiguration$Hikari$$EnhancerBySpringCGLIB$$8eb93a4f] - unable to determine constructor/method parameter names
17:03:31.450 [Test worker] DEBUG org.springframework.beans.factory.support.DefaultListableBeanFactory - Autowiring by type from bean name 'org.springframework.boot.autoconfigure.jdbc.DataSourceJmxConfiguration$Hikari' via constructor to bean named 'dataSource'
17:03:31.450 [Test worker] DEBUG org.springframework.beans.factory.support.DefaultListableBeanFactory - Creating shared instance of singleton bean 'org.springframework.boot.autoconfigure.jdbc.DataSourceJmxConfiguration'
17:03:31.451 [Test worker] DEBUG org.springframework.beans.factory.support.DefaultListableBeanFactory - Creating shared instance of singleton bean 'org.springframework.boot.autoconfigure.jdbc.DataSourceAutoConfiguration$PooledDataSourceConfiguration'
17:03:31.451 [Test worker] DEBUG org.springframework.beans.factory.support.DefaultListableBeanFactory - Creating shared instance of singleton bean 'org.springframework.boot.autoconfigure.jdbc.metadata.DataSourcePoolMetadataProvidersConfiguration'
17:03:31.451 [Test worker] DEBUG org.springframework.beans.factory.support.DefaultListableBeanFactory - Creating shared instance of singleton bean 'org.springframework.boot.autoconfigure.jdbc.DataSourceInitializationConfiguration'
17:03:31.452 [Test worker] DEBUG org.springframework.beans.factory.support.DefaultListableBeanFactory - Creating shared instance of singleton bean 'org.springframework.boot.autoconfigure.jdbc.DataSourceAutoConfiguration'
17:03:31.452 [Test worker] DEBUG org.springframework.beans.factory.support.DefaultListableBeanFactory - Creating shared instance of singleton bean 'transactionManager'
17:03:31.453 [Test worker] DEBUG org.springframework.beans.factory.support.DefaultListableBeanFactory - Creating shared instance of singleton bean 'org.springframework.boot.autoconfigure.orm.jpa.HibernateJpaAutoConfiguration'
17:03:31.454 [Test worker] DEBUG org.springframework.beans.factory.support.DefaultListableBeanFactory - Creating shared instance of singleton bean 'org.springframework.boot.autoconfigure.context.ConfigurationPropertiesAutoConfiguration'
17:03:31.454 [Test worker] DEBUG org.springframework.beans.factory.support.DefaultListableBeanFactory - Creating shared instance of singleton bean 'org.springframework.boot.autoconfigure.dao.PersistenceExceptionTranslationAutoConfiguration'
17:03:31.454 [Test worker] DEBUG org.springframework.beans.factory.support.DefaultListableBeanFactory - Creating shared instance of singleton bean 'org.springframework.boot.autoconfigure.data.jpa.JpaRepositoriesAutoConfiguration'
17:03:31.455 [Test worker] DEBUG org.springframework.beans.factory.support.DefaultListableBeanFactory - Creating shared instance of singleton bean 'org.springframework.data.jpa.util.JpaMetamodelCacheCleanup'
17:03:31.455 [Test worker] DEBUG org.springframework.beans.factory.support.DefaultListableBeanFactory - Creating shared instance of singleton bean 'org.springframework.data.jpa.repository.support.JpaEvaluationContextExtension'
17:03:31.456 [Test worker] DEBUG org.springframework.beans.factory.support.DefaultListableBeanFactory - Creating shared instance of singleton bean 'org.springframework.boot.autoconfigure.jackson.JacksonAutoConfiguration$Jackson2ObjectMapperBuilderCustomizerConfiguration'
17:03:31.456 [Test worker] DEBUG org.springframework.beans.factory.support.DefaultListableBeanFactory - Creating shared instance of singleton bean 'standardJacksonObjectMapperBuilderCustomizer'
17:03:31.457 [Test worker] DEBUG org.springframework.beans.factory.support.DefaultListableBeanFactory - Creating shared instance of singleton bean 'spring.jackson-org.springframework.boot.autoconfigure.jackson.JacksonProperties'
17:03:31.458 [Test worker] DEBUG org.springframework.beans.factory.support.DefaultListableBeanFactory - Autowiring by type from bean name 'standardJacksonObjectMapperBuilderCustomizer' via factory method to bean named 'org.springframework.context.support.GenericApplicationContext@15bf9dd0'
17:03:31.458 [Test worker] DEBUG org.springframework.beans.factory.support.DefaultListableBeanFactory - Autowiring by type from bean name 'standardJacksonObjectMapperBuilderCustomizer' via factory method to bean named 'spring.jackson-org.springframework.boot.autoconfigure.jackson.JacksonProperties'
17:03:31.458 [Test worker] DEBUG org.springframework.beans.factory.support.DefaultListableBeanFactory - Creating shared instance of singleton bean 'org.springframework.boot.autoconfigure.jackson.JacksonAutoConfiguration$JacksonObjectMapperBuilderConfiguration'
17:03:31.459 [Test worker] DEBUG org.springframework.core.LocalVariableTableParameterNameDiscoverer - Cannot find '.class' file for class [class org.springframework.boot.autoconfigure.jackson.JacksonAutoConfiguration$JacksonObjectMapperBuilderConfiguration$$EnhancerBySpringCGLIB$$b2f51a8f] - unable to determine constructor/method parameter names
17:03:31.459 [Test worker] DEBUG org.springframework.beans.factory.support.DefaultListableBeanFactory - Autowiring by type from bean name 'org.springframework.boot.autoconfigure.jackson.JacksonAutoConfiguration$JacksonObjectMapperBuilderConfiguration' via constructor to bean named 'org.springframework.context.support.GenericApplicationContext@15bf9dd0'
17:03:31.459 [Test worker] DEBUG org.springframework.beans.factory.support.DefaultListableBeanFactory - Creating shared instance of singleton bean 'jacksonObjectMapperBuilder'
17:03:31.460 [Test worker] DEBUG org.springframework.beans.factory.support.DefaultListableBeanFactory - Autowiring by type from bean name 'jacksonObjectMapperBuilder' via factory method to bean named 'standardJacksonObjectMapperBuilderCustomizer'
17:03:31.460 [Test worker] DEBUG org.springframework.beans.factory.support.DefaultListableBeanFactory - Creating shared instance of singleton bean 'parameterNamesModule'
17:03:31.460 [Test worker] DEBUG org.springframework.beans.factory.support.DefaultListableBeanFactory - Creating shared instance of singleton bean 'org.springframework.boot.autoconfigure.jackson.JacksonAutoConfiguration$ParameterNamesModuleConfiguration'
17:03:31.461 [Test worker] DEBUG org.springframework.beans.factory.support.DefaultListableBeanFactory - Creating shared instance of singleton bean 'jsonComponentModule'
17:03:31.461 [Test worker] DEBUG org.springframework.beans.factory.support.DefaultListableBeanFactory - Creating shared instance of singleton bean 'org.springframework.boot.autoconfigure.jackson.JacksonAutoConfiguration'
17:03:31.463 [Test worker] DEBUG org.springframework.beans.factory.support.DefaultListableBeanFactory - Creating shared instance of singleton bean 'org.springframework.boot.autoconfigure.jackson.JacksonAutoConfiguration$JacksonObjectMapperConfiguration'
17:03:31.464 [Test worker] DEBUG org.springframework.beans.factory.support.DefaultListableBeanFactory - Creating shared instance of singleton bean 'jacksonObjectMapper'
17:03:31.464 [Test worker] DEBUG org.springframework.beans.factory.support.DefaultListableBeanFactory - Autowiring by type from bean name 'jacksonObjectMapper' via factory method to bean named 'jacksonObjectMapperBuilder'
17:03:31.467 [Test worker] DEBUG org.springframework.beans.factory.support.DefaultListableBeanFactory - Creating shared instance of singleton bean 'org.springframework.boot.autoconfigure.http.HttpMessageConvertersAutoConfiguration$StringHttpMessageConverterConfiguration'
17:03:31.467 [Test worker] DEBUG org.springframework.core.LocalVariableTableParameterNameDiscoverer - Cannot find '.class' file for class [class org.springframework.boot.autoconfigure.http.HttpMessageConvertersAutoConfiguration$StringHttpMessageConverterConfiguration$$EnhancerBySpringCGLIB$$f2566b19] - unable to determine constructor/method parameter names
17:03:31.468 [Test worker] DEBUG org.springframework.beans.factory.support.DefaultListableBeanFactory - Creating shared instance of singleton bean 'spring.http-org.springframework.boot.autoconfigure.http.HttpProperties'
17:03:31.468 [Test worker] DEBUG org.springframework.beans.factory.support.DefaultListableBeanFactory - Autowiring by type from bean name 'org.springframework.boot.autoconfigure.http.HttpMessageConvertersAutoConfiguration$StringHttpMessageConverterConfiguration' via constructor to bean named 'spring.http-org.springframework.boot.autoconfigure.http.HttpProperties'
17:03:31.469 [Test worker] DEBUG org.springframework.beans.factory.support.DefaultListableBeanFactory - Creating shared instance of singleton bean 'stringHttpMessageConverter'
17:03:31.469 [Test worker] DEBUG org.springframework.beans.factory.support.DefaultListableBeanFactory - Creating shared instance of singleton bean 'org.springframework.boot.autoconfigure.http.JacksonHttpMessageConvertersConfiguration$MappingJackson2HttpMessageConverterConfiguration'
17:03:31.469 [Test worker] DEBUG org.springframework.beans.factory.support.DefaultListableBeanFactory - Creating shared instance of singleton bean 'mappingJackson2HttpMessageConverter'
17:03:31.470 [Test worker] DEBUG org.springframework.beans.factory.support.DefaultListableBeanFactory - Autowiring by type from bean name 'mappingJackson2HttpMessageConverter' via factory method to bean named 'jacksonObjectMapper'
17:03:31.470 [Test worker] DEBUG org.springframework.beans.factory.support.DefaultListableBeanFactory - Creating shared instance of singleton bean 'org.springframework.boot.autoconfigure.http.JacksonHttpMessageConvertersConfiguration'
17:03:31.471 [Test worker] DEBUG org.springframework.beans.factory.support.DefaultListableBeanFactory - Creating shared instance of singleton bean 'org.springframework.boot.autoconfigure.http.HttpMessageConvertersAutoConfiguration'
17:03:31.471 [Test worker] DEBUG org.springframework.core.LocalVariableTableParameterNameDiscoverer - Cannot find '.class' file for class [class org.springframework.boot.autoconfigure.http.HttpMessageConvertersAutoConfiguration$$EnhancerBySpringCGLIB$$bf48a479] - unable to determine constructor/method parameter names
17:03:31.472 [Test worker] DEBUG org.springframework.beans.factory.support.DefaultListableBeanFactory - Creating shared instance of singleton bean 'messageConverters'
17:03:31.475 [Test worker] DEBUG org.springframework.beans.factory.support.DefaultListableBeanFactory - Creating shared instance of singleton bean 'org.springframework.boot.autoconfigure.http.codec.CodecsAutoConfiguration$LoggingCodecConfiguration'
17:03:31.475 [Test worker] DEBUG org.springframework.beans.factory.support.DefaultListableBeanFactory - Creating shared instance of singleton bean 'loggingCodecCustomizer'
17:03:31.475 [Test worker] DEBUG org.springframework.beans.factory.support.DefaultListableBeanFactory - Autowiring by type from bean name 'loggingCodecCustomizer' via factory method to bean named 'spring.http-org.springframework.boot.autoconfigure.http.HttpProperties'
17:03:31.475 [Test worker] DEBUG org.springframework.beans.factory.support.DefaultListableBeanFactory - Creating shared instance of singleton bean 'org.springframework.boot.autoconfigure.http.codec.CodecsAutoConfiguration$JacksonCodecConfiguration'
17:03:31.476 [Test worker] DEBUG org.springframework.beans.factory.support.DefaultListableBeanFactory - Creating shared instance of singleton bean 'jacksonCodecCustomizer'
17:03:31.476 [Test worker] DEBUG org.springframework.beans.factory.support.DefaultListableBeanFactory - Autowiring by type from bean name 'jacksonCodecCustomizer' via factory method to bean named 'jacksonObjectMapper'
17:03:31.476 [Test worker] DEBUG org.springframework.beans.factory.support.DefaultListableBeanFactory - Creating shared instance of singleton bean 'org.springframework.boot.autoconfigure.http.codec.CodecsAutoConfiguration'
17:03:31.476 [Test worker] DEBUG org.springframework.beans.factory.support.DefaultListableBeanFactory - Creating shared instance of singleton bean 'org.springframework.boot.autoconfigure.info.ProjectInfoAutoConfiguration'
17:03:31.477 [Test worker] DEBUG org.springframework.core.LocalVariableTableParameterNameDiscoverer - Cannot find '.class' file for class [class org.springframework.boot.autoconfigure.info.ProjectInfoAutoConfiguration$$EnhancerBySpringCGLIB$$e10ee5fe] - unable to determine constructor/method parameter names
17:03:31.477 [Test worker] DEBUG org.springframework.beans.factory.support.DefaultListableBeanFactory - Creating shared instance of singleton bean 'spring.info-org.springframework.boot.autoconfigure.info.ProjectInfoProperties'
17:03:31.478 [Test worker] DEBUG org.springframework.beans.factory.support.DefaultListableBeanFactory - Autowiring by type from bean name 'org.springframework.boot.autoconfigure.info.ProjectInfoAutoConfiguration' via constructor to bean named 'spring.info-org.springframework.boot.autoconfigure.info.ProjectInfoProperties'
17:03:31.478 [Test worker] DEBUG org.springframework.beans.factory.support.DefaultListableBeanFactory - Creating shared instance of singleton bean 'org.springframework.boot.autoconfigure.jdbc.JdbcTemplateAutoConfiguration$JdbcTemplateConfiguration'
17:03:31.478 [Test worker] DEBUG org.springframework.core.LocalVariableTableParameterNameDiscoverer - Cannot find '.class' file for class [class org.springframework.boot.autoconfigure.jdbc.JdbcTemplateAutoConfiguration$JdbcTemplateConfiguration$$EnhancerBySpringCGLIB$$bda00752] - unable to determine constructor/method parameter names
17:03:31.479 [Test worker] DEBUG org.springframework.beans.factory.support.DefaultListableBeanFactory - Creating shared instance of singleton bean 'spring.jdbc-org.springframework.boot.autoconfigure.jdbc.JdbcProperties'
17:03:31.479 [Test worker] DEBUG org.springframework.beans.factory.support.DefaultListableBeanFactory - Autowiring by type from bean name 'org.springframework.boot.autoconfigure.jdbc.JdbcTemplateAutoConfiguration$JdbcTemplateConfiguration' via constructor to bean named 'dataSource'
17:03:31.479 [Test worker] DEBUG org.springframework.beans.factory.support.DefaultListableBeanFactory - Autowiring by type from bean name 'org.springframework.boot.autoconfigure.jdbc.JdbcTemplateAutoConfiguration$JdbcTemplateConfiguration' via constructor to bean named 'spring.jdbc-org.springframework.boot.autoconfigure.jdbc.JdbcProperties'
17:03:31.480 [Test worker] DEBUG org.springframework.beans.factory.support.DefaultListableBeanFactory - Creating shared instance of singleton bean 'jdbcTemplate'
17:03:31.481 [Test worker] DEBUG org.springframework.beans.factory.support.DefaultListableBeanFactory - Creating shared instance of singleton bean 'org.springframework.boot.autoconfigure.jdbc.JdbcTemplateAutoConfiguration$NamedParameterJdbcTemplateConfiguration'
17:03:31.482 [Test worker] DEBUG org.springframework.beans.factory.support.DefaultListableBeanFactory - Creating shared instance of singleton bean 'namedParameterJdbcTemplate'
17:03:31.482 [Test worker] DEBUG org.springframework.beans.factory.support.DefaultListableBeanFactory - Autowiring by type from bean name 'namedParameterJdbcTemplate' via factory method to bean named 'jdbcTemplate'
17:03:31.483 [Test worker] DEBUG org.springframework.beans.factory.support.DefaultListableBeanFactory - Creating shared instance of singleton bean 'org.springframework.boot.autoconfigure.jdbc.JdbcTemplateAutoConfiguration'
17:03:31.483 [Test worker] DEBUG org.springframework.beans.factory.support.DefaultListableBeanFactory - Creating shared instance of singleton bean 'org.springframework.boot.autoconfigure.security.servlet.SecurityAutoConfiguration'
17:03:31.483 [Test worker] DEBUG org.springframework.beans.factory.support.DefaultListableBeanFactory - Creating shared instance of singleton bean 'authenticationEventPublisher'
17:03:31.483 [Test worker] DEBUG org.springframework.beans.factory.support.DefaultListableBeanFactory - Autowiring by type from bean name 'authenticationEventPublisher' via factory method to bean named 'org.springframework.context.support.GenericApplicationContext@15bf9dd0'
17:03:31.484 [Test worker] DEBUG org.springframework.beans.factory.support.DefaultListableBeanFactory - Creating shared instance of singleton bean 'spring.security-org.springframework.boot.autoconfigure.security.SecurityProperties'
17:03:31.484 [Test worker] DEBUG org.springframework.beans.factory.support.DefaultListableBeanFactory - Creating shared instance of singleton bean 'org.springframework.boot.autoconfigure.task.TaskSchedulingAutoConfiguration'
17:03:31.485 [Test worker] DEBUG org.springframework.beans.factory.support.DefaultListableBeanFactory - Creating shared instance of singleton bean 'taskSchedulerBuilder'
17:03:31.485 [Test worker] DEBUG org.springframework.beans.factory.support.DefaultListableBeanFactory - Creating shared instance of singleton bean 'spring.task.scheduling-org.springframework.boot.autoconfigure.task.TaskSchedulingProperties'
17:03:31.486 [Test worker] DEBUG org.springframework.beans.factory.support.DefaultListableBeanFactory - Autowiring by type from bean name 'taskSchedulerBuilder' via factory method to bean named 'spring.task.scheduling-org.springframework.boot.autoconfigure.task.TaskSchedulingProperties'
17:03:31.486 [Test worker] DEBUG org.springframework.beans.factory.support.DefaultListableBeanFactory - Creating shared instance of singleton bean 'org.springframework.boot.autoconfigure.jdbc.DataSourceTransactionManagerAutoConfiguration$DataSourceTransactionManagerConfiguration'
17:03:31.487 [Test worker] DEBUG org.springframework.core.LocalVariableTableParameterNameDiscoverer - Cannot find '.class' file for class [class org.springframework.boot.autoconfigure.jdbc.DataSourceTransactionManagerAutoConfiguration$DataSourceTransactionManagerConfiguration$$EnhancerBySpringCGLIB$$52157154] - unable to determine constructor/method parameter names
17:03:31.487 [Test worker] DEBUG org.springframework.beans.factory.support.DefaultListableBeanFactory - Autowiring by type from bean name 'org.springframework.boot.autoconfigure.jdbc.DataSourceTransactionManagerAutoConfiguration$DataSourceTransactionManagerConfiguration' via constructor to bean named 'dataSource'
17:03:31.487 [Test worker] DEBUG org.springframework.beans.factory.support.DefaultListableBeanFactory - Creating shared instance of singleton bean 'org.springframework.boot.autoconfigure.jdbc.DataSourceTransactionManagerAutoConfiguration'
17:03:31.487 [Test worker] DEBUG org.springframework.beans.factory.support.DefaultListableBeanFactory - Creating shared instance of singleton bean 'org.springframework.boot.autoconfigure.transaction.TransactionAutoConfiguration$EnableTransactionManagementConfiguration$CglibAutoProxyConfiguration'
17:03:31.488 [Test worker] DEBUG org.springframework.beans.factory.support.DefaultListableBeanFactory - Creating shared instance of singleton bean 'org.springframework.boot.autoconfigure.transaction.TransactionAutoConfiguration$EnableTransactionManagementConfiguration'
17:03:31.488 [Test worker] DEBUG org.springframework.beans.factory.support.DefaultListableBeanFactory - Creating shared instance of singleton bean 'org.springframework.boot.autoconfigure.transaction.TransactionAutoConfiguration$TransactionTemplateConfiguration'
17:03:31.488 [Test worker] DEBUG org.springframework.core.LocalVariableTableParameterNameDiscoverer - Cannot find '.class' file for class [class org.springframework.boot.autoconfigure.transaction.TransactionAutoConfiguration$TransactionTemplateConfiguration$$EnhancerBySpringCGLIB$$a39f3627] - unable to determine constructor/method parameter names
17:03:31.489 [Test worker] DEBUG org.springframework.beans.factory.support.DefaultListableBeanFactory - Autowiring by type from bean name 'org.springframework.boot.autoconfigure.transaction.TransactionAutoConfiguration$TransactionTemplateConfiguration' via constructor to bean named 'transactionManager'
17:03:31.489 [Test worker] DEBUG org.springframework.beans.factory.support.DefaultListableBeanFactory - Creating shared instance of singleton bean 'transactionTemplate'
17:03:31.489 [Test worker] DEBUG org.springframework.beans.factory.support.DefaultListableBeanFactory - Creating shared instance of singleton bean 'org.springframework.boot.autoconfigure.web.client.RestTemplateAutoConfiguration'
17:03:31.490 [Test worker] DEBUG org.springframework.core.LocalVariableTableParameterNameDiscoverer - Cannot find '.class' file for class [class org.springframework.boot.autoconfigure.web.client.RestTemplateAutoConfiguration$$EnhancerBySpringCGLIB$$402ad266] - unable to determine constructor/method parameter names
17:03:31.490 [Test worker] DEBUG org.springframework.beans.factory.support.DefaultListableBeanFactory - Creating shared instance of singleton bean 'restTemplateBuilder'
17:03:31.494 [Test worker] DEBUG org.springframework.jmx.export.annotation.AnnotationMBeanExporter - Registering beans for JMX exposure on startup
17:03:31.494 [Test worker] DEBUG org.springframework.jmx.export.annotation.AnnotationMBeanExporter - Autodetecting user-defined JMX MBeans
17:03:31.494 [Test worker] DEBUG org.springframework.jmx.export.annotation.AnnotationMBeanExporter - Bean with name 'dataSource' has been autodetected for JMX exposure
17:03:31.497 [Test worker] DEBUG org.springframework.jmx.export.annotation.AnnotationMBeanExporter - Located MBean 'dataSource': registering with JMX server as MBean [com.zaxxer.hikari:name=dataSource,type=HikariDataSource]
17:03:31.497 [Test worker] DEBUG org.springframework.test.context.cache.DefaultCacheAwareContextLoaderDelegate - Storing ApplicationContext in cache under key [[MergedContextConfiguration@152ba806 testClass = CertificateRepositoryTest, locations = '{}', classes = '{class com.epam.esm.TestConfig}', contextInitializerClasses = '[]', activeProfiles = '{}', propertySourceLocations = '{}', propertySourceProperties = '{}', contextCustomizers = set[[empty]], contextLoader = 'org.springframework.test.context.support.DelegatingSmartContextLoader', parent = [null]]]
17:03:31.498 [Test worker] DEBUG org.springframework.test.context.cache - Spring test ApplicationContext cache statistics: [DefaultContextCache@2bed31e4 size = 1, maxSize = 32, parentContextCount = 0, hitCount = 6, missCount = 7]
17:03:31.499 [Test worker] DEBUG org.springframework.test.context.support.AbstractDirtiesContextTestExecutionListener - Before test method: context [DefaultTestContext@6e844a53 testClass = CertificateRepositoryTest, testInstance = com.epam.esm.repository.CertificateRepositoryTest@3860fc42, testMethod = findByTagsId@CertificateRepositoryTest, testException = [null], mergedContextConfiguration = [MergedContextConfiguration@152ba806 testClass = CertificateRepositoryTest, locations = '{}', classes = '{class com.epam.esm.TestConfig}', contextInitializerClasses = '[]', activeProfiles = '{}', propertySourceLocations = '{}', propertySourceProperties = '{}', contextCustomizers = set[[empty]], contextLoader = 'org.springframework.test.context.support.DelegatingSmartContextLoader', parent = [null]], attributes = map[[empty]]], class annotated with @DirtiesContext [true] with mode [AFTER_EACH_TEST_METHOD], method annotated with @DirtiesContext [false] with mode [null].
17:03:31.500 [Test worker] DEBUG org.springframework.test.context.transaction.TransactionalTestExecutionListener - Explicit transaction definition [PROPAGATION_REQUIRED,ISOLATION_DEFAULT] found for test context [DefaultTestContext@6e844a53 testClass = CertificateRepositoryTest, testInstance = com.epam.esm.repository.CertificateRepositoryTest@3860fc42, testMethod = findByTagsId@CertificateRepositoryTest, testException = [null], mergedContextConfiguration = [MergedContextConfiguration@152ba806 testClass = CertificateRepositoryTest, locations = '{}', classes = '{class com.epam.esm.TestConfig}', contextInitializerClasses = '[]', activeProfiles = '{}', propertySourceLocations = '{}', propertySourceProperties = '{}', contextCustomizers = set[[empty]], contextLoader = 'org.springframework.test.context.support.DelegatingSmartContextLoader', parent = [null]], attributes = map[[empty]]]
17:03:31.500 [Test worker] DEBUG org.springframework.test.context.cache.DefaultCacheAwareContextLoaderDelegate - Retrieved ApplicationContext from cache with key [[MergedContextConfiguration@152ba806 testClass = CertificateRepositoryTest, locations = '{}', classes = '{class com.epam.esm.TestConfig}', contextInitializerClasses = '[]', activeProfiles = '{}', propertySourceLocations = '{}', propertySourceProperties = '{}', contextCustomizers = set[[empty]], contextLoader = 'org.springframework.test.context.support.DelegatingSmartContextLoader', parent = [null]]]
17:03:31.500 [Test worker] DEBUG org.springframework.test.context.cache - Spring test ApplicationContext cache statistics: [DefaultContextCache@2bed31e4 size = 1, maxSize = 32, parentContextCount = 0, hitCount = 7, missCount = 7]
17:03:31.500 [Test worker] DEBUG org.springframework.test.context.transaction.TransactionalTestExecutionListener - No method-level @Rollback override: using default rollback [true] for test context [DefaultTestContext@6e844a53 testClass = CertificateRepositoryTest, testInstance = com.epam.esm.repository.CertificateRepositoryTest@3860fc42, testMethod = findByTagsId@CertificateRepositoryTest, testException = [null], mergedContextConfiguration = [MergedContextConfiguration@152ba806 testClass = CertificateRepositoryTest, locations = '{}', classes = '{class com.epam.esm.TestConfig}', contextInitializerClasses = '[]', activeProfiles = '{}', propertySourceLocations = '{}', propertySourceProperties = '{}', contextCustomizers = set[[empty]], contextLoader = 'org.springframework.test.context.support.DelegatingSmartContextLoader', parent = [null]], attributes = map[[empty]]].
17:03:31.501 [Test worker] DEBUG org.springframework.orm.jpa.JpaTransactionManager - Creating new transaction with name [com.epam.esm.repository.CertificateRepositoryTest.findByTagsId]: PROPAGATION_REQUIRED,ISOLATION_DEFAULT
17:03:31.501 [Test worker] DEBUG org.hibernate.stat.internal.StatisticsInitiator - Statistics initialized [enabled=false]
17:03:31.501 [Test worker] DEBUG org.springframework.orm.jpa.JpaTransactionManager - Opened new EntityManager [SessionImpl(1528684400<open>)] for JPA transaction
17:03:31.501 [Test worker] DEBUG org.hibernate.engine.transaction.internal.TransactionImpl - On TransactionImpl creation, JpaCompliance#isJpaTransactionComplianceEnabled == false
17:03:31.501 [Test worker] DEBUG org.hibernate.engine.transaction.internal.TransactionImpl - begin
17:03:31.501 [Test worker] DEBUG org.springframework.orm.jpa.JpaTransactionManager - Exposing JPA transaction as JDBC [org.springframework.orm.jpa.vendor.HibernateJpaDialect$HibernateConnectionHandle@974034]
17:03:31.501 [Test worker] INFO org.springframework.test.context.transaction.TransactionContext - Began transaction (1) for test context [DefaultTestContext@6e844a53 testClass = CertificateRepositoryTest, testInstance = com.epam.esm.repository.CertificateRepositoryTest@3860fc42, testMethod = findByTagsId@CertificateRepositoryTest, testException = [null], mergedContextConfiguration = [MergedContextConfiguration@152ba806 testClass = CertificateRepositoryTest, locations = '{}', classes = '{class com.epam.esm.TestConfig}', contextInitializerClasses = '[]', activeProfiles = '{}', propertySourceLocations = '{}', propertySourceProperties = '{}', contextCustomizers = set[[empty]], contextLoader = 'org.springframework.test.context.support.DelegatingSmartContextLoader', parent = [null]], attributes = map[[empty]]]; transaction manager [org.springframework.orm.jpa.JpaTransactionManager@524124e]; rollback [true]
17:03:31.502 [Test worker] DEBUG org.springframework.orm.jpa.JpaTransactionManager - Initiating transaction rollback
17:03:31.502 [Test worker] DEBUG org.springframework.orm.jpa.JpaTransactionManager - Rolling back JPA transaction on EntityManager [SessionImpl(1528684400<open>)]
17:03:31.502 [Test worker] DEBUG org.hibernate.engine.transaction.internal.TransactionImpl - rolling back
17:03:31.502 [Test worker] DEBUG org.springframework.orm.jpa.JpaTransactionManager - Closing JPA EntityManager [SessionImpl(1528684400<open>)] after transaction
17:03:31.503 [Test worker] INFO org.springframework.test.context.transaction.TransactionContext - Rolled back transaction for test context [DefaultTestContext@6e844a53 testClass = CertificateRepositoryTest, testInstance = com.epam.esm.repository.CertificateRepositoryTest@3860fc42, testMethod = findByTagsId@CertificateRepositoryTest, testException = [null], mergedContextConfiguration = [MergedContextConfiguration@152ba806 testClass = CertificateRepositoryTest, locations = '{}', classes = '{class com.epam.esm.TestConfig}', contextInitializerClasses = '[]', activeProfiles = '{}', propertySourceLocations = '{}', propertySourceProperties = '{}', contextCustomizers = set[[empty]], contextLoader = 'org.springframework.test.context.support.DelegatingSmartContextLoader', parent = [null]], attributes = map[[empty]]].
17:03:31.503 [Test worker] DEBUG org.springframework.test.context.support.AbstractDirtiesContextTestExecutionListener - After test method: context [DefaultTestContext@6e844a53 testClass = CertificateRepositoryTest, testInstance = com.epam.esm.repository.CertificateRepositoryTest@3860fc42, testMethod = findByTagsId@CertificateRepositoryTest, testException = [null], mergedContextConfiguration = [MergedContextConfiguration@152ba806 testClass = CertificateRepositoryTest, locations = '{}', classes = '{class com.epam.esm.TestConfig}', contextInitializerClasses = '[]', activeProfiles = '{}', propertySourceLocations = '{}', propertySourceProperties = '{}', contextCustomizers = set[[empty]], contextLoader = 'org.springframework.test.context.support.DelegatingSmartContextLoader', parent = [null]], attributes = map[[empty]]], class annotated with @DirtiesContext [true] with mode [AFTER_EACH_TEST_METHOD], method annotated with @DirtiesContext [false] with mode [null].
17:03:31.503 [Test worker] DEBUG org.springframework.context.support.GenericApplicationContext - Closing org.springframework.context.support.GenericApplicationContext@15bf9dd0, started on Wed Oct 23 17:03:31 MSK 2019
17:03:31.503 [Test worker] DEBUG org.springframework.jmx.export.annotation.AnnotationMBeanExporter - Unregistering JMX-exposed beans on shutdown
17:03:31.503 [Test worker] DEBUG org.springframework.jmx.export.annotation.AnnotationMBeanExporter - Unregistering JMX-exposed beans
17:03:31.504 [Test worker] INFO org.springframework.orm.jpa.LocalContainerEntityManagerFactoryBean - Closing JPA EntityManagerFactory for persistence unit 'default'
17:03:31.504 [Test worker] DEBUG org.hibernate.internal.SessionFactoryImpl - HHH000031: Closing
17:03:31.504 [Test worker] INFO org.hibernate.tool.schema.internal.SchemaDropperImpl$DelayedDropActionImpl - HHH000477: Starting delayed evictData of schema as part of SessionFactory shut-down'
17:03:31.504 [Test worker] DEBUG org.hibernate.SQL - drop table application_order if exists
17:03:31.505 [Test worker] DEBUG org.hibernate.SQL - drop table application_role if exists
17:03:31.506 [Test worker] DEBUG org.hibernate.SQL - drop table application_user if exists
17:03:31.506 [Test worker] DEBUG org.hibernate.SQL - drop table certificate if exists
17:03:31.507 [Test worker] DEBUG org.hibernate.SQL - drop table certificate_tag if exists
17:03:31.508 [Test worker] DEBUG org.hibernate.SQL - drop table entity if exists
17:03:31.508 [Test worker] DEBUG org.hibernate.SQL - drop table order_certificate if exists
17:03:31.509 [Test worker] DEBUG org.hibernate.SQL - drop table tag if exists
17:03:31.509 [Test worker] DEBUG org.hibernate.type.spi.TypeConfiguration$Scope - Un-scoping TypeConfiguration [org.hibernate.type.spi.TypeConfiguration$Scope@10561a51] from SessionFactory [org.hibernate.internal.SessionFactoryImpl@49d0f3a7]
17:03:31.509 [Test worker] DEBUG org.hibernate.service.internal.AbstractServiceRegistryImpl - Implicitly destroying ServiceRegistry on de-registration of all child ServiceRegistries
17:03:31.509 [Test worker] DEBUG org.hibernate.boot.registry.internal.BootstrapServiceRegistryImpl - Implicitly destroying Boot-strap registry on de-registration of all child ServiceRegistries
17:03:31.510 [Test worker] INFO com.zaxxer.hikari.HikariDataSource - HikariPool-7 - Shutdown initiated...
17:03:31.510 [Test worker] DEBUG com.zaxxer.hikari.pool.HikariPool - HikariPool-7 - Before shutdown stats (total=10, active=0, idle=10, waiting=0)
17:03:31.510 [HikariPool-7 connection closer] DEBUG com.zaxxer.hikari.pool.PoolBase - HikariPool-7 - Closing connection conn60: url=jdbc:h2:mem:testdb user=SA: (connection evicted)
17:03:31.510 [HikariPool-7 connection closer] DEBUG com.zaxxer.hikari.pool.PoolBase - HikariPool-7 - Closing connection conn61: url=jdbc:h2:mem:testdb user=SA: (connection evicted)
17:03:31.510 [HikariPool-7 connection closer] DEBUG com.zaxxer.hikari.pool.PoolBase - HikariPool-7 - Closing connection conn62: url=jdbc:h2:mem:testdb user=SA: (connection evicted)
17:03:31.511 [HikariPool-7 connection closer] DEBUG com.zaxxer.hikari.pool.PoolBase - HikariPool-7 - Closing connection conn63: url=jdbc:h2:mem:testdb user=SA: (connection evicted)
17:03:31.511 [HikariPool-7 connection closer] DEBUG com.zaxxer.hikari.pool.PoolBase - HikariPool-7 - Closing connection conn64: url=jdbc:h2:mem:testdb user=SA: (connection evicted)
17:03:31.512 [HikariPool-7 connection closer] DEBUG com.zaxxer.hikari.pool.PoolBase - HikariPool-7 - Closing connection conn65: url=jdbc:h2:mem:testdb user=SA: (connection evicted)
17:03:31.512 [HikariPool-7 connection closer] DEBUG com.zaxxer.hikari.pool.PoolBase - HikariPool-7 - Closing connection conn66: url=jdbc:h2:mem:testdb user=SA: (connection evicted)
17:03:31.512 [HikariPool-7 connection closer] DEBUG com.zaxxer.hikari.pool.PoolBase - HikariPool-7 - Closing connection conn67: url=jdbc:h2:mem:testdb user=SA: (connection evicted)
17:03:31.512 [HikariPool-7 connection closer] DEBUG com.zaxxer.hikari.pool.PoolBase - HikariPool-7 - Closing connection conn68: url=jdbc:h2:mem:testdb user=SA: (connection evicted)
17:03:31.512 [HikariPool-7 connection closer] DEBUG com.zaxxer.hikari.pool.PoolBase - HikariPool-7 - Closing connection conn69: url=jdbc:h2:mem:testdb user=SA: (connection evicted)
17:03:31.512 [Test worker] DEBUG com.zaxxer.hikari.pool.HikariPool - HikariPool-7 - After shutdown stats (total=0, active=0, idle=0, waiting=0)
17:03:31.512 [Test worker] INFO com.zaxxer.hikari.HikariDataSource - HikariPool-7 - Shutdown completed.
17:03:31.513 [Test worker] DEBUG org.springframework.test.context.support.DependencyInjectionTestExecutionListener - Performing dependency injection for test context [[DefaultTestContext@6e844a53 testClass = CertificateRepositoryTest, testInstance = com.epam.esm.repository.CertificateRepositoryTest@1f29d310, testMethod = [null], testException = [null], mergedContextConfiguration = [MergedContextConfiguration@152ba806 testClass = CertificateRepositoryTest, locations = '{}', classes = '{class com.epam.esm.TestConfig}', contextInitializerClasses = '[]', activeProfiles = '{}', propertySourceLocations = '{}', propertySourceProperties = '{}', contextCustomizers = set[[empty]], contextLoader = 'org.springframework.test.context.support.DelegatingSmartContextLoader', parent = [null]], attributes = map['org.springframework.test.context.support.DependencyInjectionTestExecutionListener.reinjectDependencies' -> true]]].
17:03:31.513 [Test worker] DEBUG org.springframework.test.context.support.AbstractDelegatingSmartContextLoader - Delegating to AnnotationConfigContextLoader to load context from [MergedContextConfiguration@152ba806 testClass = CertificateRepositoryTest, locations = '{}', classes = '{class com.epam.esm.TestConfig}', contextInitializerClasses = '[]', activeProfiles = '{}', propertySourceLocations = '{}', propertySourceProperties = '{}', contextCustomizers = set[[empty]], contextLoader = 'org.springframework.test.context.support.DelegatingSmartContextLoader', parent = [null]].
17:03:31.513 [Test worker] DEBUG org.springframework.test.context.support.AbstractGenericContextLoader - Loading ApplicationContext for merged context configuration [[MergedContextConfiguration@152ba806 testClass = CertificateRepositoryTest, locations = '{}', classes = '{class com.epam.esm.TestConfig}', contextInitializerClasses = '[]', activeProfiles = '{}', propertySourceLocations = '{}', propertySourceProperties = '{}', contextCustomizers = set[[empty]], contextLoader = 'org.springframework.test.context.support.DelegatingSmartContextLoader', parent = [null]]].
17:03:31.513 [Test worker] DEBUG org.springframework.core.env.StandardEnvironment - Activating profiles []
17:03:31.513 [Test worker] DEBUG org.springframework.test.context.support.AnnotationConfigContextLoader - Registering annotated classes: {class com.epam.esm.TestConfig}
17:03:31.514 [Test worker] DEBUG org.springframework.context.support.GenericApplicationContext - Refreshing org.springframework.context.support.GenericApplicationContext@4629342c
17:03:31.514 [Test worker] DEBUG org.springframework.beans.factory.support.DefaultListableBeanFactory - Creating shared instance of singleton bean 'org.springframework.context.annotation.internalConfigurationAnnotationProcessor'
17:03:31.523 [Test worker] DEBUG org.springframework.context.annotation.ClassPathBeanDefinitionScanner - Identified candidate component class: file [/Users/dzmitryplatonov/Desktop/workdir/giftcertificates/datasource/build/classes/java/main/com/epam/esm/repository/CertificateRepository.class]
17:03:31.524 [Test worker] DEBUG org.springframework.context.annotation.ClassPathBeanDefinitionScanner - Identified candidate component class: file [/Users/dzmitryplatonov/Desktop/workdir/giftcertificates/datasource/build/classes/java/main/com/epam/esm/repository/OrderCertificateRepository.class]
17:03:31.524 [Test worker] DEBUG org.springframework.context.annotation.ClassPathBeanDefinitionScanner - Identified candidate component class: file [/Users/dzmitryplatonov/Desktop/workdir/giftcertificates/datasource/build/classes/java/main/com/epam/esm/repository/OrderRepository.class]
17:03:31.525 [Test worker] DEBUG org.springframework.context.annotation.ClassPathBeanDefinitionScanner - Identified candidate component class: file [/Users/dzmitryplatonov/Desktop/workdir/giftcertificates/datasource/build/classes/java/main/com/epam/esm/repository/TagRepository.class]
17:03:31.525 [Test worker] DEBUG org.springframework.context.annotation.ClassPathBeanDefinitionScanner - Identified candidate component class: file [/Users/dzmitryplatonov/Desktop/workdir/giftcertificates/datasource/build/classes/java/main/com/epam/esm/repository/UserRepository.class]
17:03:31.526 [Test worker] DEBUG org.springframework.context.annotation.ClassPathBeanDefinitionScanner - Identified candidate component class: file [/Users/dzmitryplatonov/Desktop/workdir/giftcertificates/datasource/build/classes/java/main/com/epam/esm/repository/predicate/CriteriaBuilderHelper.class]
17:03:31.593 [Test worker] DEBUG org.springframework.beans.factory.support.DefaultListableBeanFactory - Creating shared instance of singleton bean 'org.springframework.boot.autoconfigure.condition.BeanTypeRegistry'
17:03:31.607 [Test worker] INFO org.springframework.data.repository.config.RepositoryConfigurationDelegate - Bootstrapping Spring Data repositories in DEFAULT mode.
17:03:31.607 [Test worker] DEBUG org.springframework.beans.factory.support.DefaultListableBeanFactory - Creating shared instance of singleton bean 'org.springframework.boot.autoconfigure.AutoConfigurationPackages'
17:03:31.607 [Test worker] DEBUG org.springframework.boot.autoconfigure.AutoConfigurationPackages - @EnableAutoConfiguration was declared on a class in the package 'com.epam.esm'. Automatic @Repository and @Entity scanning is enabled.
17:03:31.607 [Test worker] DEBUG org.springframework.data.repository.config.RepositoryConfigurationDelegate - Scanning for repositories in packages com.epam.esm.
17:03:31.611 [Test worker] INFO org.springframework.data.repository.config.RepositoryConfigurationDelegate - Finished Spring Data repository scanning in 3ms. Found 0 repository interfaces.
17:03:31.628 [Test worker] DEBUG org.springframework.beans.factory.support.DefaultListableBeanFactory - Creating shared instance of singleton bean 'propertySourcesPlaceholderConfigurer'
17:03:31.629 [Test worker] DEBUG org.springframework.beans.factory.support.DefaultListableBeanFactory - Creating shared instance of singleton bean 'emBeanDefinitionRegistrarPostProcessor'
17:03:31.629 [Test worker] DEBUG org.springframework.beans.factory.support.DefaultListableBeanFactory - Creating shared instance of singleton bean 'org.springframework.context.event.internalEventListenerProcessor'
17:03:31.629 [Test worker] DEBUG org.springframework.beans.factory.support.DefaultListableBeanFactory - Creating shared instance of singleton bean 'org.springframework.boot.context.properties.ConfigurationBeanFactoryMetadata'
17:03:31.630 [Test worker] DEBUG org.springframework.beans.factory.support.DefaultListableBeanFactory - Creating shared instance of singleton bean 'org.springframework.context.event.internalEventListenerFactory'
17:03:31.630 [Test worker] DEBUG org.springframework.beans.factory.support.DefaultListableBeanFactory - Creating shared instance of singleton bean 'org.springframework.transaction.config.internalTransactionalEventListenerFactory'
17:03:31.631 [Test worker] DEBUG org.springframework.beans.factory.support.DefaultListableBeanFactory - Creating shared instance of singleton bean 'org.springframework.context.annotation.internalAutowiredAnnotationProcessor'
17:03:31.631 [Test worker] DEBUG org.springframework.beans.factory.support.DefaultListableBeanFactory - Creating shared instance of singleton bean 'org.springframework.context.annotation.internalCommonAnnotationProcessor'
17:03:31.631 [Test worker] DEBUG org.springframework.beans.factory.support.DefaultListableBeanFactory - Creating shared instance of singleton bean 'org.springframework.context.annotation.internalPersistenceAnnotationProcessor'
17:03:31.631 [Test worker] DEBUG org.springframework.beans.factory.support.DefaultListableBeanFactory - Creating shared instance of singleton bean 'org.springframework.boot.context.properties.ConfigurationPropertiesBindingPostProcessor'
17:03:31.631 [Test worker] DEBUG org.springframework.beans.factory.support.DefaultListableBeanFactory - Creating shared instance of singleton bean 'methodValidationPostProcessor'
17:03:31.633 [Test worker] DEBUG org.springframework.beans.factory.support.DefaultListableBeanFactory - Autowiring by type from bean name 'methodValidationPostProcessor' via factory method to bean named 'environment'
17:03:31.633 [Test worker] DEBUG org.springframework.beans.factory.support.DefaultListableBeanFactory - Creating shared instance of singleton bean 'org.springframework.aop.config.internalAutoProxyCreator'
17:03:31.634 [Test worker] DEBUG org.springframework.beans.factory.support.DefaultListableBeanFactory - Creating shared instance of singleton bean 'dataSourceInitializerPostProcessor'
17:03:31.635 [Test worker] DEBUG org.springframework.beans.factory.support.DefaultListableBeanFactory - Creating shared instance of singleton bean 'persistenceExceptionTranslationPostProcessor'
17:03:31.635 [Test worker] DEBUG org.springframework.beans.factory.support.DefaultListableBeanFactory - Autowiring by type from bean name 'persistenceExceptionTranslationPostProcessor' via factory method to bean named 'environment'
17:03:31.635 [Test worker] DEBUG org.springframework.beans.factory.support.DefaultListableBeanFactory - Creating shared instance of singleton bean 'dataSourceInitializedPublisher'
17:03:31.636 [Test worker] DEBUG org.springframework.beans.factory.support.DefaultListableBeanFactory - Creating shared instance of singleton bean 'entityManagerFactory'
17:03:31.637 [Test worker] DEBUG org.springframework.beans.factory.support.DefaultListableBeanFactory - Creating shared instance of singleton bean 'org.springframework.transaction.config.internalTransactionAdvisor'
17:03:31.637 [Test worker] DEBUG org.springframework.beans.factory.support.DefaultListableBeanFactory - Creating shared instance of singleton bean 'org.springframework.transaction.annotation.ProxyTransactionManagementConfiguration'
17:03:31.641 [Test worker] DEBUG org.springframework.beans.factory.support.DefaultListableBeanFactory - Creating shared instance of singleton bean 'transactionAttributeSource'
17:03:31.641 [Test worker] DEBUG org.springframework.beans.factory.support.DefaultListableBeanFactory - Creating shared instance of singleton bean 'transactionInterceptor'
17:03:31.642 [Test worker] DEBUG org.springframework.beans.factory.support.DefaultListableBeanFactory - Creating shared instance of singleton bean 'org.springframework.boot.autoconfigure.orm.jpa.HibernateJpaConfiguration'
17:03:31.642 [Test worker] DEBUG org.springframework.core.LocalVariableTableParameterNameDiscoverer - Cannot find '.class' file for class [class org.springframework.boot.autoconfigure.orm.jpa.HibernateJpaConfiguration$$EnhancerBySpringCGLIB$$c3eb9b54] - unable to determine constructor/method parameter names
17:03:31.643 [Test worker] DEBUG org.springframework.beans.factory.support.DefaultListableBeanFactory - Creating shared instance of singleton bean 'dataSource'
17:03:31.643 [Test worker] DEBUG org.springframework.beans.factory.support.DefaultListableBeanFactory - Creating shared instance of singleton bean 'org.springframework.boot.autoconfigure.jdbc.DataSourceConfiguration$Hikari'
17:03:31.645 [Test worker] DEBUG org.springframework.beans.factory.support.DefaultListableBeanFactory - Creating shared instance of singleton bean 'spring.datasource-org.springframework.boot.autoconfigure.jdbc.DataSourceProperties'
17:03:31.647 [Test worker] DEBUG org.springframework.beans.factory.support.DefaultListableBeanFactory - Autowiring by type from bean name 'dataSource' via factory method to bean named 'spring.datasource-org.springframework.boot.autoconfigure.jdbc.DataSourceProperties'
17:03:31.650 [Test worker] DEBUG com.zaxxer.hikari.HikariConfig - Driver class org.h2.Driver found in Thread context class loader jdk.internal.loader.ClassLoaders$AppClassLoader@2c13da15
17:03:31.653 [Test worker] DEBUG org.springframework.beans.factory.support.DefaultListableBeanFactory - Creating shared instance of singleton bean 'org.springframework.boot.autoconfigure.jdbc.DataSourceInitializerInvoker'
17:03:31.654 [Test worker] DEBUG org.springframework.beans.factory.support.DefaultListableBeanFactory - Autowiring by type from bean name 'org.springframework.boot.autoconfigure.jdbc.DataSourceInitializerInvoker' via constructor to bean named 'spring.datasource-org.springframework.boot.autoconfigure.jdbc.DataSourceProperties'
17:03:31.654 [Test worker] DEBUG org.springframework.beans.factory.support.DefaultListableBeanFactory - Autowiring by type from bean name 'org.springframework.boot.autoconfigure.jdbc.DataSourceInitializerInvoker' via constructor to bean named 'org.springframework.context.support.GenericApplicationContext@4629342c'
17:03:31.655 [Test worker] DEBUG org.springframework.beans.factory.support.DefaultListableBeanFactory - Creating shared instance of singleton bean 'spring.jpa-org.springframework.boot.autoconfigure.orm.jpa.JpaProperties'
17:03:31.656 [Test worker] DEBUG org.springframework.beans.factory.support.DefaultListableBeanFactory - Creating shared instance of singleton bean 'spring.jpa.hibernate-org.springframework.boot.autoconfigure.orm.jpa.HibernateProperties'
17:03:31.657 [Test worker] DEBUG org.springframework.beans.factory.support.DefaultListableBeanFactory - Autowiring by type from bean name 'org.springframework.boot.autoconfigure.orm.jpa.HibernateJpaConfiguration' via constructor to bean named 'dataSource'
17:03:31.657 [Test worker] DEBUG org.springframework.beans.factory.support.DefaultListableBeanFactory - Autowiring by type from bean name 'org.springframework.boot.autoconfigure.orm.jpa.HibernateJpaConfiguration' via constructor to bean named 'spring.jpa-org.springframework.boot.autoconfigure.orm.jpa.JpaProperties'
17:03:31.657 [Test worker] DEBUG org.springframework.beans.factory.support.DefaultListableBeanFactory - Autowiring by type from bean name 'org.springframework.boot.autoconfigure.orm.jpa.HibernateJpaConfiguration' via constructor to bean named 'org.springframework.beans.factory.support.DefaultListableBeanFactory@84fb474'
17:03:31.657 [Test worker] DEBUG org.springframework.beans.factory.support.DefaultListableBeanFactory - Autowiring by type from bean name 'org.springframework.boot.autoconfigure.orm.jpa.HibernateJpaConfiguration' via constructor to bean named 'spring.jpa.hibernate-org.springframework.boot.autoconfigure.orm.jpa.HibernateProperties'
17:03:31.658 [Test worker] DEBUG org.springframework.beans.factory.support.DefaultListableBeanFactory - Creating shared instance of singleton bean 'platformTransactionManagerCustomizers'
17:03:31.658 [Test worker] DEBUG org.springframework.beans.factory.support.DefaultListableBeanFactory - Creating shared instance of singleton bean 'org.springframework.boot.autoconfigure.transaction.TransactionAutoConfiguration'
17:03:31.659 [Test worker] DEBUG org.springframework.beans.factory.support.DefaultListableBeanFactory - Creating shared instance of singleton bean 'spring.transaction-org.springframework.boot.autoconfigure.transaction.TransactionProperties'
17:03:31.660 [Test worker] DEBUG org.springframework.beans.factory.support.DefaultListableBeanFactory - Creating shared instance of singleton bean 'hikariPoolDataSourceMetadataProvider'
17:03:31.660 [Test worker] DEBUG org.springframework.beans.factory.support.DefaultListableBeanFactory - Creating shared instance of singleton bean 'org.springframework.boot.autoconfigure.jdbc.metadata.DataSourcePoolMetadataProvidersConfiguration$HikariPoolDataSourceMetadataProviderConfiguration'
17:03:31.662 [Test worker] DEBUG org.springframework.beans.factory.support.DefaultListableBeanFactory - Creating shared instance of singleton bean 'entityManagerFactoryBuilder'
17:03:31.662 [Test worker] DEBUG org.springframework.beans.factory.support.DefaultListableBeanFactory - Creating shared instance of singleton bean 'jpaVendorAdapter'
17:03:31.662 [Test worker] DEBUG org.springframework.jdbc.datasource.DataSourceUtils - Fetching JDBC Connection from DataSource
17:03:31.662 [Test worker] DEBUG com.zaxxer.hikari.HikariConfig - HikariPool-8 - configuration:
17:03:31.662 [Test worker] DEBUG com.zaxxer.hikari.HikariConfig - allowPoolSuspension.............false
17:03:31.663 [Test worker] DEBUG com.zaxxer.hikari.HikariConfig - autoCommit......................true
17:03:31.663 [Test worker] DEBUG com.zaxxer.hikari.HikariConfig - catalog.........................none
17:03:31.663 [Test worker] DEBUG com.zaxxer.hikari.HikariConfig - connectionInitSql...............none
17:03:31.663 [Test worker] DEBUG com.zaxxer.hikari.HikariConfig - connectionTestQuery.............none
17:03:31.663 [Test worker] DEBUG com.zaxxer.hikari.HikariConfig - connectionTimeout...............30000
17:03:31.663 [Test worker] DEBUG com.zaxxer.hikari.HikariConfig - dataSource......................none
17:03:31.663 [Test worker] DEBUG com.zaxxer.hikari.HikariConfig - dataSourceClassName.............none
17:03:31.663 [Test worker] DEBUG com.zaxxer.hikari.HikariConfig - dataSourceJNDI..................none
17:03:31.663 [Test worker] DEBUG com.zaxxer.hikari.HikariConfig - dataSourceProperties............{password=<masked>}
17:03:31.663 [Test worker] DEBUG com.zaxxer.hikari.HikariConfig - driverClassName................."org.h2.Driver"
17:03:31.663 [Test worker] DEBUG com.zaxxer.hikari.HikariConfig - healthCheckProperties...........{}
17:03:31.663 [Test worker] DEBUG com.zaxxer.hikari.HikariConfig - healthCheckRegistry.............none
17:03:31.663 [Test worker] DEBUG com.zaxxer.hikari.HikariConfig - idleTimeout.....................600000
17:03:31.663 [Test worker] DEBUG com.zaxxer.hikari.HikariConfig - initializationFailTimeout.......1
17:03:31.663 [Test worker] DEBUG com.zaxxer.hikari.HikariConfig - isolateInternalQueries..........false
17:03:31.663 [Test worker] DEBUG com.zaxxer.hikari.HikariConfig - jdbcUrl.........................jdbc:h2:mem:testdb;DB_CLOSE_DELAY=-1;DB_CLOSE_ON_EXIT=FALSE
17:03:31.663 [Test worker] DEBUG com.zaxxer.hikari.HikariConfig - leakDetectionThreshold..........0
17:03:31.663 [Test worker] DEBUG com.zaxxer.hikari.HikariConfig - maxLifetime.....................1800000
17:03:31.663 [Test worker] DEBUG com.zaxxer.hikari.HikariConfig - maximumPoolSize.................10
17:03:31.663 [Test worker] DEBUG com.zaxxer.hikari.HikariConfig - metricRegistry..................none
17:03:31.663 [Test worker] DEBUG com.zaxxer.hikari.HikariConfig - metricsTrackerFactory...........none
17:03:31.663 [Test worker] DEBUG com.zaxxer.hikari.HikariConfig - minimumIdle.....................10
17:03:31.663 [Test worker] DEBUG com.zaxxer.hikari.HikariConfig - password........................<masked>
17:03:31.663 [Test worker] DEBUG com.zaxxer.hikari.HikariConfig - poolName........................"HikariPool-8"
17:03:31.663 [Test worker] DEBUG com.zaxxer.hikari.HikariConfig - readOnly........................false
17:03:31.664 [Test worker] DEBUG com.zaxxer.hikari.HikariConfig - registerMbeans..................false
17:03:31.664 [Test worker] DEBUG com.zaxxer.hikari.HikariConfig - scheduledExecutor...............none
17:03:31.664 [Test worker] DEBUG com.zaxxer.hikari.HikariConfig - schema..........................none
17:03:31.664 [Test worker] DEBUG com.zaxxer.hikari.HikariConfig - threadFactory...................internal
17:03:31.664 [Test worker] DEBUG com.zaxxer.hikari.HikariConfig - transactionIsolation............default
17:03:31.664 [Test worker] DEBUG com.zaxxer.hikari.HikariConfig - username........................"sa"
17:03:31.664 [Test worker] DEBUG com.zaxxer.hikari.HikariConfig - validationTimeout...............5000
17:03:31.664 [Test worker] INFO com.zaxxer.hikari.HikariDataSource - HikariPool-8 - Starting...
17:03:31.665 [Test worker] DEBUG com.zaxxer.hikari.pool.HikariPool - HikariPool-8 - Added connection conn70: url=jdbc:h2:mem:testdb user=SA
17:03:31.665 [Test worker] INFO com.zaxxer.hikari.HikariDataSource - HikariPool-8 - Start completed.
17:03:31.665 [Test worker] DEBUG org.springframework.beans.factory.support.DefaultListableBeanFactory - Autowiring by type from bean name 'entityManagerFactoryBuilder' via factory method to bean named 'jpaVendorAdapter'
17:03:31.666 [Test worker] DEBUG org.springframework.beans.factory.support.DefaultListableBeanFactory - Autowiring by type from bean name 'entityManagerFactory' via factory method to bean named 'entityManagerFactoryBuilder'
17:03:31.666 [Test worker] DEBUG org.springframework.jdbc.datasource.DataSourceUtils - Fetching JDBC Connection from DataSource
17:03:31.670 [Test worker] DEBUG org.springframework.orm.jpa.LocalContainerEntityManagerFactoryBean - Building JPA container EntityManagerFactory for persistence unit 'default'
17:03:31.670 [Test worker] DEBUG org.hibernate.jpa.internal.util.LogHelper - PersistenceUnitInfo [
	name: default
	persistence provider classname: null
	classloader: jdk.internal.loader.ClassLoaders$AppClassLoader@2c13da15
	excludeUnlistedClasses: true
	JTA datasource: null
	Non JTA datasource: HikariDataSource (HikariPool-8)
	Transaction type: RESOURCE_LOCAL
	PU root URL: file:/Users/dzmitryplatonov/Desktop/workdir/giftcertificates/datasource/build/classes/java/test/
	Shared Cache Mode: UNSPECIFIED
	Validation Mode: AUTO
	Jar files URLs []
	Managed classes names [
		com.epam.esm.entity.Entity
		com.epam.esm.entity.GiftCertificate
		com.epam.esm.entity.Order
		com.epam.esm.entity.OrderCertificate
		com.epam.esm.entity.Role
		com.epam.esm.entity.Tag
		com.epam.esm.entity.User]
	Mapping files names []
	Properties []
17:03:31.671 [Test worker] DEBUG org.hibernate.integrator.internal.IntegratorServiceImpl - Adding Integrator [org.hibernate.cfg.beanvalidation.BeanValidationIntegrator].
17:03:31.671 [Test worker] DEBUG org.hibernate.integrator.internal.IntegratorServiceImpl - Adding Integrator [org.hibernate.secure.spi.JaccIntegrator].
17:03:31.671 [Test worker] DEBUG org.hibernate.integrator.internal.IntegratorServiceImpl - Adding Integrator [org.hibernate.cache.internal.CollectionCacheInvalidator].
17:03:31.672 [Test worker] DEBUG org.hibernate.service.spi.ServiceBinding - Overriding existing service binding [org.hibernate.secure.spi.JaccService]
17:03:31.672 [Test worker] DEBUG org.hibernate.cache.internal.RegionFactoryInitiator - Cannot default RegionFactory based on registered strategies as `[]` RegionFactory strategies were registered
17:03:31.672 [Test worker] DEBUG org.hibernate.cache.internal.RegionFactoryInitiator - Cache region factory : org.hibernate.cache.internal.NoCachingRegionFactory
17:03:31.673 [Test worker] DEBUG org.hibernate.type.BasicTypeRegistry - Adding type registration boolean -> org.hibernate.type.BooleanType@7a361749
17:03:31.673 [Test worker] DEBUG org.hibernate.type.BasicTypeRegistry - Adding type registration boolean -> org.hibernate.type.BooleanType@7a361749
17:03:31.673 [Test worker] DEBUG org.hibernate.type.BasicTypeRegistry - Adding type registration java.lang.Boolean -> org.hibernate.type.BooleanType@7a361749
17:03:31.673 [Test worker] DEBUG org.hibernate.type.BasicTypeRegistry - Adding type registration numeric_boolean -> org.hibernate.type.NumericBooleanType@35b10044
17:03:31.673 [Test worker] DEBUG org.hibernate.type.BasicTypeRegistry - Adding type registration true_false -> org.hibernate.type.TrueFalseType@1b7f764d
17:03:31.673 [Test worker] DEBUG org.hibernate.type.BasicTypeRegistry - Adding type registration yes_no -> org.hibernate.type.YesNoType@726eb0b7
17:03:31.673 [Test worker] DEBUG org.hibernate.type.BasicTypeRegistry - Adding type registration byte -> org.hibernate.type.ByteType@17cb58e9
17:03:31.673 [Test worker] DEBUG org.hibernate.type.BasicTypeRegistry - Adding type registration byte -> org.hibernate.type.ByteType@17cb58e9
17:03:31.673 [Test worker] DEBUG org.hibernate.type.BasicTypeRegistry - Adding type registration java.lang.Byte -> org.hibernate.type.ByteType@17cb58e9
17:03:31.673 [Test worker] DEBUG org.hibernate.type.BasicTypeRegistry - Adding type registration character -> org.hibernate.type.CharacterType@30f0ba0d
17:03:31.673 [Test worker] DEBUG org.hibernate.type.BasicTypeRegistry - Adding type registration char -> org.hibernate.type.CharacterType@30f0ba0d
17:03:31.673 [Test worker] DEBUG org.hibernate.type.BasicTypeRegistry - Adding type registration java.lang.Character -> org.hibernate.type.CharacterType@30f0ba0d
17:03:31.673 [Test worker] DEBUG org.hibernate.type.BasicTypeRegistry - Adding type registration short -> org.hibernate.type.ShortType@27eea72e
17:03:31.673 [Test worker] DEBUG org.hibernate.type.BasicTypeRegistry - Adding type registration short -> org.hibernate.type.ShortType@27eea72e
17:03:31.673 [Test worker] DEBUG org.hibernate.type.BasicTypeRegistry - Adding type registration java.lang.Short -> org.hibernate.type.ShortType@27eea72e
17:03:31.673 [Test worker] DEBUG org.hibernate.type.BasicTypeRegistry - Adding type registration integer -> org.hibernate.type.IntegerType@3e734867
17:03:31.673 [Test worker] DEBUG org.hibernate.type.BasicTypeRegistry - Adding type registration int -> org.hibernate.type.IntegerType@3e734867
17:03:31.673 [Test worker] DEBUG org.hibernate.type.BasicTypeRegistry - Adding type registration java.lang.Integer -> org.hibernate.type.IntegerType@3e734867
17:03:31.673 [Test worker] DEBUG org.hibernate.type.BasicTypeRegistry - Adding type registration long -> org.hibernate.type.LongType@10654366
17:03:31.673 [Test worker] DEBUG org.hibernate.type.BasicTypeRegistry - Adding type registration long -> org.hibernate.type.LongType@10654366
17:03:31.673 [Test worker] DEBUG org.hibernate.type.BasicTypeRegistry - Adding type registration java.lang.Long -> org.hibernate.type.LongType@10654366
17:03:31.673 [Test worker] DEBUG org.hibernate.type.BasicTypeRegistry - Adding type registration float -> org.hibernate.type.FloatType@1072c4c1
17:03:31.673 [Test worker] DEBUG org.hibernate.type.BasicTypeRegistry - Adding type registration float -> org.hibernate.type.FloatType@1072c4c1
17:03:31.673 [Test worker] DEBUG org.hibernate.type.BasicTypeRegistry - Adding type registration java.lang.Float -> org.hibernate.type.FloatType@1072c4c1
17:03:31.673 [Test worker] DEBUG org.hibernate.type.BasicTypeRegistry - Adding type registration double -> org.hibernate.type.DoubleType@383d90d3
17:03:31.673 [Test worker] DEBUG org.hibernate.type.BasicTypeRegistry - Adding type registration double -> org.hibernate.type.DoubleType@383d90d3
17:03:31.673 [Test worker] DEBUG org.hibernate.type.BasicTypeRegistry - Adding type registration java.lang.Double -> org.hibernate.type.DoubleType@383d90d3
17:03:31.673 [Test worker] DEBUG org.hibernate.type.BasicTypeRegistry - Adding type registration big_decimal -> org.hibernate.type.BigDecimalType@322ff0c5
17:03:31.673 [Test worker] DEBUG org.hibernate.type.BasicTypeRegistry - Adding type registration java.math.BigDecimal -> org.hibernate.type.BigDecimalType@322ff0c5
17:03:31.673 [Test worker] DEBUG org.hibernate.type.BasicTypeRegistry - Adding type registration big_integer -> org.hibernate.type.BigIntegerType@219d1f47
17:03:31.673 [Test worker] DEBUG org.hibernate.type.BasicTypeRegistry - Adding type registration java.math.BigInteger -> org.hibernate.type.BigIntegerType@219d1f47
17:03:31.674 [Test worker] DEBUG org.hibernate.type.BasicTypeRegistry - Adding type registration string -> org.hibernate.type.StringType@7b9aad94
17:03:31.674 [Test worker] DEBUG org.hibernate.type.BasicTypeRegistry - Adding type registration java.lang.String -> org.hibernate.type.StringType@7b9aad94
17:03:31.674 [Test worker] DEBUG org.hibernate.type.BasicTypeRegistry - Adding type registration nstring -> org.hibernate.type.StringNVarcharType@39251dc7
17:03:31.674 [Test worker] DEBUG org.hibernate.type.BasicTypeRegistry - Adding type registration ncharacter -> org.hibernate.type.CharacterNCharType@284c8f8b
17:03:31.674 [Test worker] DEBUG org.hibernate.type.BasicTypeRegistry - Adding type registration url -> org.hibernate.type.UrlType@7c5e8cdb
17:03:31.674 [Test worker] DEBUG org.hibernate.type.BasicTypeRegistry - Adding type registration java.net.URL -> org.hibernate.type.UrlType@7c5e8cdb
17:03:31.674 [Test worker] DEBUG org.hibernate.type.BasicTypeRegistry - Adding type registration Duration -> org.hibernate.type.DurationType@5502b9d6
17:03:31.674 [Test worker] DEBUG org.hibernate.type.BasicTypeRegistry - Adding type registration java.time.Duration -> org.hibernate.type.DurationType@5502b9d6
17:03:31.674 [Test worker] DEBUG org.hibernate.type.BasicTypeRegistry - Adding type registration Instant -> org.hibernate.type.InstantType@52dea51b
17:03:31.674 [Test worker] DEBUG org.hibernate.type.BasicTypeRegistry - Adding type registration java.time.Instant -> org.hibernate.type.InstantType@52dea51b
17:03:31.674 [Test worker] DEBUG org.hibernate.type.BasicTypeRegistry - Adding type registration LocalDateTime -> org.hibernate.type.LocalDateTimeType@65741b68
17:03:31.674 [Test worker] DEBUG org.hibernate.type.BasicTypeRegistry - Adding type registration java.time.LocalDateTime -> org.hibernate.type.LocalDateTimeType@65741b68
17:03:31.674 [Test worker] DEBUG org.hibernate.type.BasicTypeRegistry - Adding type registration LocalDate -> org.hibernate.type.LocalDateType@33f0f7f9
17:03:31.674 [Test worker] DEBUG org.hibernate.type.BasicTypeRegistry - Adding type registration java.time.LocalDate -> org.hibernate.type.LocalDateType@33f0f7f9
17:03:31.674 [Test worker] DEBUG org.hibernate.type.BasicTypeRegistry - Adding type registration LocalTime -> org.hibernate.type.LocalTimeType@5e875231
17:03:31.674 [Test worker] DEBUG org.hibernate.type.BasicTypeRegistry - Adding type registration java.time.LocalTime -> org.hibernate.type.LocalTimeType@5e875231
17:03:31.674 [Test worker] DEBUG org.hibernate.type.BasicTypeRegistry - Adding type registration OffsetDateTime -> org.hibernate.type.OffsetDateTimeType@e161f10
17:03:31.674 [Test worker] DEBUG org.hibernate.type.BasicTypeRegistry - Adding type registration java.time.OffsetDateTime -> org.hibernate.type.OffsetDateTimeType@e161f10
17:03:31.674 [Test worker] DEBUG org.hibernate.type.BasicTypeRegistry - Adding type registration OffsetTime -> org.hibernate.type.OffsetTimeType@1ed4e4a1
17:03:31.674 [Test worker] DEBUG org.hibernate.type.BasicTypeRegistry - Adding type registration java.time.OffsetTime -> org.hibernate.type.OffsetTimeType@1ed4e4a1
17:03:31.674 [Test worker] DEBUG org.hibernate.type.BasicTypeRegistry - Adding type registration ZonedDateTime -> org.hibernate.type.ZonedDateTimeType@1f7b3ac5
17:03:31.674 [Test worker] DEBUG org.hibernate.type.BasicTypeRegistry - Adding type registration java.time.ZonedDateTime -> org.hibernate.type.ZonedDateTimeType@1f7b3ac5
17:03:31.674 [Test worker] DEBUG org.hibernate.type.BasicTypeRegistry - Adding type registration date -> org.hibernate.type.DateType@47db9e78
17:03:31.674 [Test worker] DEBUG org.hibernate.type.BasicTypeRegistry - Adding type registration java.sql.Date -> org.hibernate.type.DateType@47db9e78
17:03:31.674 [Test worker] DEBUG org.hibernate.type.BasicTypeRegistry - Adding type registration time -> org.hibernate.type.TimeType@19cf2a46
17:03:31.674 [Test worker] DEBUG org.hibernate.type.BasicTypeRegistry - Adding type registration java.sql.Time -> org.hibernate.type.TimeType@19cf2a46
17:03:31.674 [Test worker] DEBUG org.hibernate.type.BasicTypeRegistry - Adding type registration timestamp -> org.hibernate.type.TimestampType@33cc8709
17:03:31.674 [Test worker] DEBUG org.hibernate.type.BasicTypeRegistry - Adding type registration java.sql.Timestamp -> org.hibernate.type.TimestampType@33cc8709
17:03:31.674 [Test worker] DEBUG org.hibernate.type.BasicTypeRegistry - Adding type registration java.util.Date -> org.hibernate.type.TimestampType@33cc8709
17:03:31.674 [Test worker] DEBUG org.hibernate.type.BasicTypeRegistry - Adding type registration dbtimestamp -> org.hibernate.type.DbTimestampType@4bb8bc35
17:03:31.674 [Test worker] DEBUG org.hibernate.type.BasicTypeRegistry - Adding type registration calendar -> org.hibernate.type.CalendarType@6cda5f3e
17:03:31.674 [Test worker] DEBUG org.hibernate.type.BasicTypeRegistry - Adding type registration java.util.Calendar -> org.hibernate.type.CalendarType@6cda5f3e
17:03:31.674 [Test worker] DEBUG org.hibernate.type.BasicTypeRegistry - Adding type registration java.util.GregorianCalendar -> org.hibernate.type.CalendarType@6cda5f3e
17:03:31.674 [Test worker] DEBUG org.hibernate.type.BasicTypeRegistry - Adding type registration calendar_date -> org.hibernate.type.CalendarDateType@2cf12338
17:03:31.674 [Test worker] DEBUG org.hibernate.type.BasicTypeRegistry - Adding type registration locale -> org.hibernate.type.LocaleType@5fa83fc7
17:03:31.674 [Test worker] DEBUG org.hibernate.type.BasicTypeRegistry - Adding type registration java.util.Locale -> org.hibernate.type.LocaleType@5fa83fc7
17:03:31.674 [Test worker] DEBUG org.hibernate.type.BasicTypeRegistry - Adding type registration currency -> org.hibernate.type.CurrencyType@7198d6af
17:03:31.674 [Test worker] DEBUG org.hibernate.type.BasicTypeRegistry - Adding type registration java.util.Currency -> org.hibernate.type.CurrencyType@7198d6af
17:03:31.675 [Test worker] DEBUG org.hibernate.type.BasicTypeRegistry - Adding type registration timezone -> org.hibernate.type.TimeZoneType@5db6acf5
17:03:31.675 [Test worker] DEBUG org.hibernate.type.BasicTypeRegistry - Adding type registration java.util.TimeZone -> org.hibernate.type.TimeZoneType@5db6acf5
17:03:31.675 [Test worker] DEBUG org.hibernate.type.BasicTypeRegistry - Adding type registration class -> org.hibernate.type.ClassType@11e7b123
17:03:31.675 [Test worker] DEBUG org.hibernate.type.BasicTypeRegistry - Adding type registration java.lang.Class -> org.hibernate.type.ClassType@11e7b123
17:03:31.675 [Test worker] DEBUG org.hibernate.type.BasicTypeRegistry - Adding type registration uuid-binary -> org.hibernate.type.UUIDBinaryType@515d21bc
17:03:31.675 [Test worker] DEBUG org.hibernate.type.BasicTypeRegistry - Adding type registration java.util.UUID -> org.hibernate.type.UUIDBinaryType@515d21bc
17:03:31.675 [Test worker] DEBUG org.hibernate.type.BasicTypeRegistry - Adding type registration uuid-char -> org.hibernate.type.UUIDCharType@774ef163
17:03:31.675 [Test worker] DEBUG org.hibernate.type.BasicTypeRegistry - Adding type registration binary -> org.hibernate.type.BinaryType@5f00df0f
17:03:31.675 [Test worker] DEBUG org.hibernate.type.BasicTypeRegistry - Adding type registration byte[] -> org.hibernate.type.BinaryType@5f00df0f
17:03:31.675 [Test worker] DEBUG org.hibernate.type.BasicTypeRegistry - Adding type registration [B -> org.hibernate.type.BinaryType@5f00df0f
17:03:31.675 [Test worker] DEBUG org.hibernate.type.BasicTypeRegistry - Adding type registration wrapper-binary -> org.hibernate.type.WrapperBinaryType@1c4b0916
17:03:31.675 [Test worker] DEBUG org.hibernate.type.BasicTypeRegistry - Adding type registration Byte[] -> org.hibernate.type.WrapperBinaryType@1c4b0916
17:03:31.675 [Test worker] DEBUG org.hibernate.type.BasicTypeRegistry - Adding type registration [Ljava.lang.Byte; -> org.hibernate.type.WrapperBinaryType@1c4b0916
17:03:31.675 [Test worker] DEBUG org.hibernate.type.BasicTypeRegistry - Adding type registration row_version -> org.hibernate.type.RowVersionType@5a9358d7
17:03:31.675 [Test worker] DEBUG org.hibernate.type.BasicTypeRegistry - Adding type registration image -> org.hibernate.type.ImageType@b08df66
17:03:31.675 [Test worker] DEBUG org.hibernate.type.BasicTypeRegistry - Adding type registration characters -> org.hibernate.type.CharArrayType@69a415e0
17:03:31.675 [Test worker] DEBUG org.hibernate.type.BasicTypeRegistry - Adding type registration char[] -> org.hibernate.type.CharArrayType@69a415e0
17:03:31.675 [Test worker] DEBUG org.hibernate.type.BasicTypeRegistry - Adding type registration [C -> org.hibernate.type.CharArrayType@69a415e0
17:03:31.675 [Test worker] DEBUG org.hibernate.type.BasicTypeRegistry - Adding type registration wrapper-characters -> org.hibernate.type.CharacterArrayType@2e189552
17:03:31.675 [Test worker] DEBUG org.hibernate.type.BasicTypeRegistry - Adding type registration [Ljava.lang.Character; -> org.hibernate.type.CharacterArrayType@2e189552
17:03:31.675 [Test worker] DEBUG org.hibernate.type.BasicTypeRegistry - Adding type registration Character[] -> org.hibernate.type.CharacterArrayType@2e189552
17:03:31.675 [Test worker] DEBUG org.hibernate.type.BasicTypeRegistry - Adding type registration text -> org.hibernate.type.TextType@3bb4f48d
17:03:31.675 [Test worker] DEBUG org.hibernate.type.BasicTypeRegistry - Adding type registration ntext -> org.hibernate.type.NTextType@7fc44815
17:03:31.675 [Test worker] DEBUG org.hibernate.type.BasicTypeRegistry - Adding type registration blob -> org.hibernate.type.BlobType@70984021
17:03:31.675 [Test worker] DEBUG org.hibernate.type.BasicTypeRegistry - Adding type registration java.sql.Blob -> org.hibernate.type.BlobType@70984021
17:03:31.675 [Test worker] DEBUG org.hibernate.type.BasicTypeRegistry - Adding type registration materialized_blob -> org.hibernate.type.MaterializedBlobType@7b392ea8
17:03:31.675 [Test worker] DEBUG org.hibernate.type.BasicTypeRegistry - Adding type registration clob -> org.hibernate.type.ClobType@249973df
17:03:31.675 [Test worker] DEBUG org.hibernate.type.BasicTypeRegistry - Adding type registration java.sql.Clob -> org.hibernate.type.ClobType@249973df
17:03:31.675 [Test worker] DEBUG org.hibernate.type.BasicTypeRegistry - Adding type registration nclob -> org.hibernate.type.NClobType@993bb9e
17:03:31.675 [Test worker] DEBUG org.hibernate.type.BasicTypeRegistry - Adding type registration java.sql.NClob -> org.hibernate.type.NClobType@993bb9e
17:03:31.675 [Test worker] DEBUG org.hibernate.type.BasicTypeRegistry - Adding type registration materialized_clob -> org.hibernate.type.MaterializedClobType@5eddde51
17:03:31.675 [Test worker] DEBUG org.hibernate.type.BasicTypeRegistry - Adding type registration materialized_nclob -> org.hibernate.type.MaterializedNClobType@20503ff1
17:03:31.676 [Test worker] DEBUG org.hibernate.type.BasicTypeRegistry - Adding type registration serializable -> org.hibernate.type.SerializableType@11fb506a
17:03:31.676 [Test worker] DEBUG org.hibernate.type.BasicTypeRegistry - Adding type registration object -> org.hibernate.type.ObjectType@40b10f8c
17:03:31.676 [Test worker] DEBUG org.hibernate.type.BasicTypeRegistry - Adding type registration java.lang.Object -> org.hibernate.type.ObjectType@40b10f8c
17:03:31.676 [Test worker] DEBUG org.hibernate.type.BasicTypeRegistry - Adding type registration imm_date -> org.hibernate.type.AdaptedImmutableType@6b54dbef
17:03:31.676 [Test worker] DEBUG org.hibernate.type.BasicTypeRegistry - Adding type registration imm_time -> org.hibernate.type.AdaptedImmutableType@2841908e
17:03:31.676 [Test worker] DEBUG org.hibernate.type.BasicTypeRegistry - Adding type registration imm_timestamp -> org.hibernate.type.AdaptedImmutableType@685e74b5
17:03:31.676 [Test worker] DEBUG org.hibernate.type.BasicTypeRegistry - Adding type registration imm_dbtimestamp -> org.hibernate.type.AdaptedImmutableType@246870de
17:03:31.676 [Test worker] DEBUG org.hibernate.type.BasicTypeRegistry - Adding type registration imm_calendar -> org.hibernate.type.AdaptedImmutableType@692e5c1f
17:03:31.676 [Test worker] DEBUG org.hibernate.type.BasicTypeRegistry - Adding type registration imm_calendar_date -> org.hibernate.type.AdaptedImmutableType@4dcf6454
17:03:31.676 [Test worker] DEBUG org.hibernate.type.BasicTypeRegistry - Adding type registration imm_binary -> org.hibernate.type.AdaptedImmutableType@56af5a84
17:03:31.676 [Test worker] DEBUG org.hibernate.type.BasicTypeRegistry - Adding type registration imm_serializable -> org.hibernate.type.AdaptedImmutableType@31263e0f
17:03:31.677 [Test worker] DEBUG org.hibernate.boot.internal.BootstrapContextImpl - Injecting JPA temp ClassLoader [org.springframework.instrument.classloading.SimpleThrowawayClassLoader@1c286e4e] into BootstrapContext; was [null]
17:03:31.677 [Test worker] DEBUG org.hibernate.boot.internal.ClassLoaderAccessImpl - ClassLoaderAccessImpl#injectTempClassLoader(org.springframework.instrument.classloading.SimpleThrowawayClassLoader@1c286e4e) [was null]
17:03:31.677 [Test worker] DEBUG org.hibernate.boot.internal.BootstrapContextImpl - Injecting ScanEnvironment [org.hibernate.jpa.boot.internal.StandardJpaScanEnvironmentImpl@307f6c35] into BootstrapContext; was [null]
17:03:31.677 [Test worker] DEBUG org.hibernate.boot.internal.BootstrapContextImpl - Injecting ScanOptions [org.hibernate.boot.archive.scan.internal.StandardScanOptions@30a9fa73] into BootstrapContext; was [org.hibernate.boot.archive.scan.internal.StandardScanOptions@7ec924]
17:03:31.679 [Test worker] DEBUG org.hibernate.boot.internal.BootstrapContextImpl - Injecting JPA temp ClassLoader [null] into BootstrapContext; was [org.springframework.instrument.classloading.SimpleThrowawayClassLoader@1c286e4e]
17:03:31.679 [Test worker] DEBUG org.hibernate.boot.internal.ClassLoaderAccessImpl - ClassLoaderAccessImpl#injectTempClassLoader(null) [was org.springframework.instrument.classloading.SimpleThrowawayClassLoader@1c286e4e]
17:03:31.679 [Test worker] DEBUG org.hibernate.id.factory.internal.DefaultIdentifierGeneratorFactory - Registering IdentifierGenerator strategy [uuid2] -> [org.hibernate.id.UUIDGenerator]
17:03:31.679 [Test worker] DEBUG org.hibernate.id.factory.internal.DefaultIdentifierGeneratorFactory - Registering IdentifierGenerator strategy [guid] -> [org.hibernate.id.GUIDGenerator]
17:03:31.679 [Test worker] DEBUG org.hibernate.id.factory.internal.DefaultIdentifierGeneratorFactory - Registering IdentifierGenerator strategy [uuid] -> [org.hibernate.id.UUIDHexGenerator]
17:03:31.679 [Test worker] DEBUG org.hibernate.id.factory.internal.DefaultIdentifierGeneratorFactory - Registering IdentifierGenerator strategy [uuid.hex] -> [org.hibernate.id.UUIDHexGenerator]
17:03:31.679 [Test worker] DEBUG org.hibernate.id.factory.internal.DefaultIdentifierGeneratorFactory - Registering IdentifierGenerator strategy [assigned] -> [org.hibernate.id.Assigned]
17:03:31.679 [Test worker] DEBUG org.hibernate.id.factory.internal.DefaultIdentifierGeneratorFactory - Registering IdentifierGenerator strategy [identity] -> [org.hibernate.id.IdentityGenerator]
17:03:31.679 [Test worker] DEBUG org.hibernate.id.factory.internal.DefaultIdentifierGeneratorFactory - Registering IdentifierGenerator strategy [select] -> [org.hibernate.id.SelectGenerator]
17:03:31.679 [Test worker] DEBUG org.hibernate.id.factory.internal.DefaultIdentifierGeneratorFactory - Registering IdentifierGenerator strategy [sequence] -> [org.hibernate.id.enhanced.SequenceStyleGenerator]
17:03:31.679 [Test worker] DEBUG org.hibernate.id.factory.internal.DefaultIdentifierGeneratorFactory - Registering IdentifierGenerator strategy [seqhilo] -> [org.hibernate.id.SequenceHiLoGenerator]
17:03:31.679 [Test worker] DEBUG org.hibernate.id.factory.internal.DefaultIdentifierGeneratorFactory - Registering IdentifierGenerator strategy [increment] -> [org.hibernate.id.IncrementGenerator]
17:03:31.679 [Test worker] DEBUG org.hibernate.id.factory.internal.DefaultIdentifierGeneratorFactory - Registering IdentifierGenerator strategy [foreign] -> [org.hibernate.id.ForeignGenerator]
17:03:31.679 [Test worker] DEBUG org.hibernate.id.factory.internal.DefaultIdentifierGeneratorFactory - Registering IdentifierGenerator strategy [sequence-identity] -> [org.hibernate.id.SequenceIdentityGenerator]
17:03:31.679 [Test worker] DEBUG org.hibernate.id.factory.internal.DefaultIdentifierGeneratorFactory - Registering IdentifierGenerator strategy [enhanced-sequence] -> [org.hibernate.id.enhanced.SequenceStyleGenerator]
17:03:31.679 [Test worker] DEBUG org.hibernate.id.factory.internal.DefaultIdentifierGeneratorFactory - Registering IdentifierGenerator strategy [enhanced-table] -> [org.hibernate.id.enhanced.TableGenerator]
17:03:31.679 [Test worker] DEBUG org.hibernate.engine.jdbc.env.internal.JdbcEnvironmentInitiator - Database ->
       name : H2
    version : 1.4.197 (2018-03-18)
      major : 1
      minor : 4
17:03:31.679 [Test worker] DEBUG org.hibernate.engine.jdbc.env.internal.JdbcEnvironmentInitiator - Driver ->
       name : H2 JDBC Driver
    version : 1.4.197 (2018-03-18)
      major : 1
      minor : 4
17:03:31.679 [Test worker] DEBUG org.hibernate.engine.jdbc.env.internal.JdbcEnvironmentInitiator - JDBC version : 4.0
17:03:31.680 [Test worker] INFO org.hibernate.dialect.Dialect - HHH000400: Using dialect: org.hibernate.dialect.H2Dialect
17:03:31.683 [Test worker] DEBUG org.hibernate.boot.model.relational.Namespace - Created database namespace [logicalName=Name{catalog=null, schema=null}, physicalName=Name{catalog=null, schema=null}]
17:03:31.684 [Test worker] DEBUG org.hibernate.type.spi.TypeConfiguration$Scope - Scoping TypeConfiguration [org.hibernate.type.spi.TypeConfiguration@2df50056] to MetadataBuildingContext [org.hibernate.boot.internal.MetadataBuildingContextRootImpl@1482e5db]
17:03:31.684 [Test worker] DEBUG org.hibernate.cfg.AnnotationBinder - Binding entity from annotated class: com.epam.esm.entity.Entity
17:03:31.684 [Test worker] DEBUG org.hibernate.cfg.Ejb3Column - Binding column: Ejb3DiscriminatorColumn{logicalColumnName'DTYPE', discriminatorTypeName='string'}
17:03:31.685 [Test worker] DEBUG org.hibernate.cfg.annotations.EntityBinder - Import with entity name Entity
17:03:31.685 [Test worker] DEBUG org.hibernate.cfg.annotations.EntityBinder - Bind entity com.epam.esm.entity.Entity on table entity
17:03:31.686 [Test worker] DEBUG org.hibernate.cfg.Ejb3Column - Binding column: Ejb3Column{table=org.hibernate.mapping.Table(entity), mappingColumn=id, insertable=true, updatable=true, unique=false}
17:03:31.686 [Test worker] DEBUG org.hibernate.cfg.annotations.PropertyBinder - MetadataSourceProcessor property id with lazy=false
17:03:31.686 [Test worker] DEBUG org.hibernate.cfg.AbstractPropertyHolder - Attempting to locate auto-apply AttributeConverter for property [com.epam.esm.entity.Entity:id]
17:03:31.686 [Test worker] DEBUG org.hibernate.cfg.annotations.SimpleValueBinder - building SimpleValue for id
17:03:31.686 [Test worker] DEBUG org.hibernate.cfg.annotations.PropertyBinder - Building property id
17:03:31.686 [Test worker] DEBUG org.hibernate.cfg.BinderHelper - #makeIdGenerator(org.hibernate.mapping.SimpleValue([org.hibernate.mapping.Column(id)]), id, identity, , ...)
17:03:31.686 [Test worker] DEBUG org.hibernate.cfg.AnnotationBinder - Binding entity from annotated class: com.epam.esm.entity.GiftCertificate
17:03:31.686 [Test worker] DEBUG org.hibernate.cfg.Ejb3Column - Binding column: Ejb3DiscriminatorColumn{logicalColumnName'DTYPE', discriminatorTypeName='string'}
17:03:31.686 [Test worker] DEBUG org.hibernate.cfg.annotations.EntityBinder - Import with entity name GiftCertificate
17:03:31.686 [Test worker] DEBUG org.hibernate.cfg.annotations.EntityBinder - Bind entity com.epam.esm.entity.GiftCertificate on table certificate
17:03:31.687 [Test worker] DEBUG org.hibernate.cfg.Ejb3Column - Binding column: Ejb3Column{table=org.hibernate.mapping.Table(certificate), mappingColumn=id, insertable=true, updatable=true, unique=false}
17:03:31.687 [Test worker] DEBUG org.hibernate.cfg.annotations.PropertyBinder - MetadataSourceProcessor property id with lazy=false
17:03:31.687 [Test worker] DEBUG org.hibernate.cfg.AbstractPropertyHolder - Attempting to locate auto-apply AttributeConverter for property [com.epam.esm.entity.GiftCertificate:id]
17:03:31.687 [Test worker] DEBUG org.hibernate.cfg.annotations.SimpleValueBinder - building SimpleValue for id
17:03:31.687 [Test worker] DEBUG org.hibernate.cfg.annotations.PropertyBinder - Building property id
17:03:31.688 [Test worker] DEBUG org.hibernate.cfg.BinderHelper - #makeIdGenerator(org.hibernate.mapping.SimpleValue([org.hibernate.mapping.Column(id)]), id, identity, , ...)
17:03:31.688 [Test worker] DEBUG org.hibernate.cfg.Ejb3Column - Binding column: Ejb3Column{table=org.hibernate.mapping.Table(certificate), mappingColumn=active_status, insertable=true, updatable=true, unique=false}
17:03:31.688 [Test worker] DEBUG org.hibernate.cfg.annotations.PropertyBinder - MetadataSourceProcessor property activeStatus with lazy=false
17:03:31.688 [Test worker] DEBUG org.hibernate.cfg.AbstractPropertyHolder - Attempting to locate auto-apply AttributeConverter for property [com.epam.esm.entity.GiftCertificate:activeStatus]
17:03:31.688 [Test worker] DEBUG org.hibernate.cfg.annotations.SimpleValueBinder - building SimpleValue for activeStatus
17:03:31.688 [Test worker] DEBUG org.hibernate.cfg.annotations.PropertyBinder - Building property activeStatus
17:03:31.688 [Test worker] DEBUG org.hibernate.cfg.Ejb3Column - Binding column: Ejb3Column{table=org.hibernate.mapping.Table(certificate), mappingColumn=creation_date, insertable=true, updatable=true, unique=false}
17:03:31.688 [Test worker] DEBUG org.hibernate.cfg.annotations.PropertyBinder - MetadataSourceProcessor property creationDate with lazy=false
17:03:31.688 [Test worker] DEBUG org.hibernate.cfg.AbstractPropertyHolder - Attempting to locate auto-apply AttributeConverter for property [com.epam.esm.entity.GiftCertificate:creationDate]
17:03:31.688 [Test worker] DEBUG org.hibernate.cfg.annotations.SimpleValueBinder - building SimpleValue for creationDate
17:03:31.688 [Test worker] DEBUG org.hibernate.cfg.annotations.PropertyBinder - Building property creationDate
17:03:31.688 [Test worker] DEBUG org.hibernate.cfg.Ejb3Column - Binding column: Ejb3Column{table=org.hibernate.mapping.Table(certificate), mappingColumn=description, insertable=true, updatable=true, unique=false}
17:03:31.688 [Test worker] DEBUG org.hibernate.cfg.annotations.PropertyBinder - MetadataSourceProcessor property description with lazy=false
17:03:31.689 [Test worker] DEBUG org.hibernate.cfg.AbstractPropertyHolder - Attempting to locate auto-apply AttributeConverter for property [com.epam.esm.entity.GiftCertificate:description]
17:03:31.689 [Test worker] DEBUG org.hibernate.cfg.annotations.SimpleValueBinder - building SimpleValue for description
17:03:31.689 [Test worker] DEBUG org.hibernate.cfg.annotations.PropertyBinder - Building property description
17:03:31.689 [Test worker] DEBUG org.hibernate.cfg.Ejb3Column - Binding column: Ejb3Column{table=org.hibernate.mapping.Table(certificate), mappingColumn=expiration_date, insertable=true, updatable=true, unique=false}
17:03:31.689 [Test worker] DEBUG org.hibernate.cfg.annotations.PropertyBinder - MetadataSourceProcessor property expirationDate with lazy=false
17:03:31.689 [Test worker] DEBUG org.hibernate.cfg.AbstractPropertyHolder - Attempting to locate auto-apply AttributeConverter for property [com.epam.esm.entity.GiftCertificate:expirationDate]
17:03:31.689 [Test worker] DEBUG org.hibernate.cfg.annotations.SimpleValueBinder - building SimpleValue for expirationDate
17:03:31.689 [Test worker] DEBUG org.hibernate.cfg.annotations.PropertyBinder - Building property expirationDate
17:03:31.689 [Test worker] DEBUG org.hibernate.cfg.Ejb3Column - Binding column: Ejb3Column{table=org.hibernate.mapping.Table(certificate), mappingColumn=modification_date, insertable=true, updatable=true, unique=false}
17:03:31.689 [Test worker] DEBUG org.hibernate.cfg.annotations.PropertyBinder - MetadataSourceProcessor property modificationDate with lazy=false
17:03:31.689 [Test worker] DEBUG org.hibernate.cfg.AbstractPropertyHolder - Attempting to locate auto-apply AttributeConverter for property [com.epam.esm.entity.GiftCertificate:modificationDate]
17:03:31.689 [Test worker] DEBUG org.hibernate.cfg.annotations.SimpleValueBinder - building SimpleValue for modificationDate
17:03:31.689 [Test worker] DEBUG org.hibernate.cfg.annotations.PropertyBinder - Building property modificationDate
17:03:31.689 [Test worker] DEBUG org.hibernate.cfg.Ejb3Column - Binding column: Ejb3Column{table=org.hibernate.mapping.Table(certificate), mappingColumn=name, insertable=true, updatable=true, unique=false}
17:03:31.690 [Test worker] DEBUG org.hibernate.cfg.annotations.PropertyBinder - MetadataSourceProcessor property name with lazy=false
17:03:31.690 [Test worker] DEBUG org.hibernate.cfg.AbstractPropertyHolder - Attempting to locate auto-apply AttributeConverter for property [com.epam.esm.entity.GiftCertificate:name]
17:03:31.690 [Test worker] DEBUG org.hibernate.cfg.annotations.SimpleValueBinder - building SimpleValue for name
17:03:31.690 [Test worker] DEBUG org.hibernate.cfg.annotations.PropertyBinder - Building property name
17:03:31.690 [Test worker] DEBUG org.hibernate.cfg.Ejb3Column - Binding column: Ejb3JoinColumn{logicalColumnName='null', referencedColumn='null', mappedBy='certificate'}
17:03:31.690 [Test worker] DEBUG org.hibernate.cfg.Ejb3Column - Binding column: Ejb3Column{table=org.hibernate.mapping.Table(certificate), mappingColumn=order_certificates, insertable=true, updatable=true, unique=false}
17:03:31.690 [Test worker] DEBUG org.hibernate.cfg.Ejb3Column - Binding column: Ejb3Column{table=org.hibernate.mapping.Table(certificate), mappingColumn=null, insertable=true, updatable=true, unique=false}
17:03:31.690 [Test worker] DEBUG org.hibernate.cfg.Ejb3Column - Binding column: Ejb3Column{table=org.hibernate.mapping.Table(certificate), mappingColumn=element, insertable=true, updatable=true, unique=false}
17:03:31.690 [Test worker] DEBUG org.hibernate.cfg.Ejb3Column - Binding column: Ejb3Column{table=org.hibernate.mapping.Table(certificate), mappingColumn=order_certificates_key, insertable=true, updatable=true, unique=false}
17:03:31.690 [Test worker] DEBUG org.hibernate.cfg.Ejb3Column - Binding column: Ejb3JoinColumn{logicalColumnName='orderCertificates_KEY', referencedColumn='null', mappedBy='null'}
17:03:31.690 [Test worker] DEBUG org.hibernate.cfg.Ejb3Column - Binding column: Ejb3JoinColumn{logicalColumnName='null', referencedColumn='null', mappedBy='certificate'}
17:03:31.690 [Test worker] DEBUG org.hibernate.cfg.Ejb3Column - Binding column: Ejb3JoinColumn{logicalColumnName='null', referencedColumn='null', mappedBy='certificate'}
17:03:31.690 [Test worker] DEBUG org.hibernate.cfg.annotations.CollectionBinder - Collection role: com.epam.esm.entity.GiftCertificate.orderCertificates
17:03:31.690 [Test worker] DEBUG org.hibernate.cfg.annotations.PropertyBinder - Building property orderCertificates
17:03:31.691 [Test worker] DEBUG org.hibernate.cfg.Ejb3Column - Binding column: Ejb3Column{table=org.hibernate.mapping.Table(certificate), mappingColumn=price, insertable=true, updatable=true, unique=false}
17:03:31.691 [Test worker] DEBUG org.hibernate.cfg.annotations.PropertyBinder - MetadataSourceProcessor property price with lazy=false
17:03:31.691 [Test worker] DEBUG org.hibernate.cfg.AbstractPropertyHolder - Attempting to locate auto-apply AttributeConverter for property [com.epam.esm.entity.GiftCertificate:price]
17:03:31.691 [Test worker] DEBUG org.hibernate.cfg.annotations.SimpleValueBinder - building SimpleValue for price
17:03:31.691 [Test worker] DEBUG org.hibernate.cfg.annotations.PropertyBinder - Building property price
17:03:31.691 [Test worker] DEBUG org.hibernate.cfg.Ejb3Column - Binding column: Ejb3Column{table=org.hibernate.mapping.Table(certificate), mappingColumn=null, insertable=true, updatable=true, unique=false}
17:03:31.691 [Test worker] DEBUG org.hibernate.cfg.Ejb3Column - Binding column: Ejb3Column{table=org.hibernate.mapping.Table(certificate), mappingColumn=element, insertable=true, updatable=true, unique=false}
17:03:31.691 [Test worker] DEBUG org.hibernate.cfg.Ejb3Column - Binding column: Ejb3Column{table=org.hibernate.mapping.Table(certificate), mappingColumn=tags_key, insertable=true, updatable=true, unique=false}
17:03:31.691 [Test worker] DEBUG org.hibernate.cfg.Ejb3Column - Binding column: Ejb3JoinColumn{logicalColumnName='tags_KEY', referencedColumn='null', mappedBy='null'}
17:03:31.691 [Test worker] DEBUG org.hibernate.cfg.Ejb3Column - Binding column: Ejb3JoinColumn{logicalColumnName='certificate_id', referencedColumn='', mappedBy=''}
17:03:31.691 [Test worker] DEBUG org.hibernate.cfg.Ejb3Column - Binding column: Ejb3JoinColumn{logicalColumnName='tag_id', referencedColumn='', mappedBy=''}
17:03:31.691 [Test worker] DEBUG org.hibernate.cfg.annotations.CollectionBinder - Collection role: com.epam.esm.entity.GiftCertificate.tags
17:03:31.691 [Test worker] DEBUG org.hibernate.cfg.annotations.PropertyBinder - Building property tags
17:03:31.691 [Test worker] DEBUG org.hibernate.cfg.AnnotationBinder - Binding entity from annotated class: com.epam.esm.entity.Order
17:03:31.692 [Test worker] DEBUG org.hibernate.cfg.Ejb3Column - Binding column: Ejb3DiscriminatorColumn{logicalColumnName'DTYPE', discriminatorTypeName='string'}
17:03:31.692 [Test worker] DEBUG org.hibernate.cfg.annotations.EntityBinder - Import with entity name Order
17:03:31.692 [Test worker] DEBUG org.hibernate.cfg.annotations.EntityBinder - Bind entity com.epam.esm.entity.Order on table application_order
17:03:31.692 [Test worker] DEBUG org.hibernate.cfg.Ejb3Column - Binding column: Ejb3Column{table=org.hibernate.mapping.Table(application_order), mappingColumn=id, insertable=true, updatable=true, unique=false}
17:03:31.692 [Test worker] DEBUG org.hibernate.cfg.annotations.PropertyBinder - MetadataSourceProcessor property id with lazy=false
17:03:31.692 [Test worker] DEBUG org.hibernate.cfg.AbstractPropertyHolder - Attempting to locate auto-apply AttributeConverter for property [com.epam.esm.entity.Order:id]
17:03:31.692 [Test worker] DEBUG org.hibernate.cfg.annotations.SimpleValueBinder - building SimpleValue for id
17:03:31.692 [Test worker] DEBUG org.hibernate.cfg.annotations.PropertyBinder - Building property id
17:03:31.692 [Test worker] DEBUG org.hibernate.cfg.BinderHelper - #makeIdGenerator(org.hibernate.mapping.SimpleValue([org.hibernate.mapping.Column(id)]), id, identity, , ...)
17:03:31.692 [Test worker] DEBUG org.hibernate.cfg.Ejb3Column - Binding column: Ejb3Column{table=org.hibernate.mapping.Table(application_order), mappingColumn=active_status, insertable=true, updatable=true, unique=false}
17:03:31.693 [Test worker] DEBUG org.hibernate.cfg.annotations.PropertyBinder - MetadataSourceProcessor property activeStatus with lazy=false
17:03:31.693 [Test worker] DEBUG org.hibernate.cfg.AbstractPropertyHolder - Attempting to locate auto-apply AttributeConverter for property [com.epam.esm.entity.Order:activeStatus]
17:03:31.693 [Test worker] DEBUG org.hibernate.cfg.annotations.SimpleValueBinder - building SimpleValue for activeStatus
17:03:31.693 [Test worker] DEBUG org.hibernate.cfg.annotations.PropertyBinder - Building property activeStatus
17:03:31.693 [Test worker] DEBUG org.hibernate.cfg.Ejb3Column - Binding column: Ejb3Column{table=org.hibernate.mapping.Table(application_order), mappingColumn=created_at, insertable=true, updatable=true, unique=false}
17:03:31.693 [Test worker] DEBUG org.hibernate.cfg.annotations.PropertyBinder - MetadataSourceProcessor property createdAt with lazy=false
17:03:31.693 [Test worker] DEBUG org.hibernate.cfg.AbstractPropertyHolder - Attempting to locate auto-apply AttributeConverter for property [com.epam.esm.entity.Order:createdAt]
17:03:31.693 [Test worker] DEBUG org.hibernate.cfg.annotations.SimpleValueBinder - building SimpleValue for createdAt
17:03:31.693 [Test worker] DEBUG org.hibernate.cfg.annotations.PropertyBinder - Building property createdAt
17:03:31.693 [Test worker] DEBUG org.hibernate.cfg.Ejb3Column - Binding column: Ejb3JoinColumn{logicalColumnName='null', referencedColumn='null', mappedBy='order'}
17:03:31.693 [Test worker] DEBUG org.hibernate.cfg.Ejb3Column - Binding column: Ejb3Column{table=org.hibernate.mapping.Table(application_order), mappingColumn=order_certificates, insertable=true, updatable=true, unique=false}
17:03:31.693 [Test worker] DEBUG org.hibernate.cfg.Ejb3Column - Binding column: Ejb3Column{table=org.hibernate.mapping.Table(application_order), mappingColumn=null, insertable=true, updatable=true, unique=false}
17:03:31.693 [Test worker] DEBUG org.hibernate.cfg.Ejb3Column - Binding column: Ejb3Column{table=org.hibernate.mapping.Table(application_order), mappingColumn=element, insertable=true, updatable=true, unique=false}
17:03:31.693 [Test worker] DEBUG org.hibernate.cfg.Ejb3Column - Binding column: Ejb3Column{table=org.hibernate.mapping.Table(application_order), mappingColumn=order_certificates_key, insertable=true, updatable=true, unique=false}
17:03:31.694 [Test worker] DEBUG org.hibernate.cfg.Ejb3Column - Binding column: Ejb3JoinColumn{logicalColumnName='orderCertificates_KEY', referencedColumn='null', mappedBy='null'}
17:03:31.694 [Test worker] DEBUG org.hibernate.cfg.Ejb3Column - Binding column: Ejb3JoinColumn{logicalColumnName='null', referencedColumn='null', mappedBy='order'}
17:03:31.694 [Test worker] DEBUG org.hibernate.cfg.Ejb3Column - Binding column: Ejb3JoinColumn{logicalColumnName='null', referencedColumn='null', mappedBy='order'}
17:03:31.694 [Test worker] DEBUG org.hibernate.cfg.annotations.CollectionBinder - Collection role: com.epam.esm.entity.Order.orderCertificates
17:03:31.694 [Test worker] DEBUG org.hibernate.cfg.annotations.PropertyBinder - Building property orderCertificates
17:03:31.694 [Test worker] DEBUG org.hibernate.cfg.Ejb3Column - Binding column: Ejb3JoinColumn{logicalColumnName='user_id', referencedColumn='', mappedBy=''}
17:03:31.694 [Test worker] DEBUG org.hibernate.cfg.Ejb3Column - Binding column: Ejb3Column{table=org.hibernate.mapping.Table(application_order), mappingColumn=user, insertable=true, updatable=true, unique=false}
17:03:31.694 [Test worker] DEBUG org.hibernate.cfg.annotations.PropertyBinder - Building property user
17:03:31.694 [Test worker] DEBUG org.hibernate.cfg.AnnotationBinder - Binding entity from annotated class: com.epam.esm.entity.OrderCertificate
17:03:31.694 [Test worker] DEBUG org.hibernate.cfg.Ejb3Column - Binding column: Ejb3DiscriminatorColumn{logicalColumnName'DTYPE', discriminatorTypeName='string'}
17:03:31.694 [Test worker] DEBUG org.hibernate.cfg.annotations.EntityBinder - Import with entity name OrderCertificate
17:03:31.694 [Test worker] DEBUG org.hibernate.cfg.annotations.EntityBinder - Bind entity com.epam.esm.entity.OrderCertificate on table order_certificate
17:03:31.695 [Test worker] DEBUG org.hibernate.cfg.Ejb3Column - Binding column: Ejb3Column{table=org.hibernate.mapping.Table(order_certificate), mappingColumn=id, insertable=true, updatable=true, unique=false}
17:03:31.695 [Test worker] DEBUG org.hibernate.cfg.annotations.PropertyBinder - MetadataSourceProcessor property id with lazy=false
17:03:31.695 [Test worker] DEBUG org.hibernate.cfg.AbstractPropertyHolder - Attempting to locate auto-apply AttributeConverter for property [com.epam.esm.entity.OrderCertificate:id]
17:03:31.695 [Test worker] DEBUG org.hibernate.cfg.annotations.SimpleValueBinder - building SimpleValue for id
17:03:31.695 [Test worker] DEBUG org.hibernate.cfg.annotations.PropertyBinder - Building property id
17:03:31.695 [Test worker] DEBUG org.hibernate.cfg.BinderHelper - #makeIdGenerator(org.hibernate.mapping.SimpleValue([org.hibernate.mapping.Column(id)]), id, identity, , ...)
17:03:31.695 [Test worker] DEBUG org.hibernate.cfg.Ejb3Column - Binding column: Ejb3JoinColumn{logicalColumnName='null', referencedColumn='', mappedBy=''}
17:03:31.695 [Test worker] DEBUG org.hibernate.cfg.Ejb3Column - Binding column: Ejb3Column{table=org.hibernate.mapping.Table(order_certificate), mappingColumn=certificate, insertable=true, updatable=true, unique=false}
17:03:31.695 [Test worker] DEBUG org.hibernate.cfg.annotations.PropertyBinder - Building property certificate
17:03:31.696 [Test worker] DEBUG org.hibernate.cfg.Ejb3Column - Binding column: Ejb3Column{table=org.hibernate.mapping.Table(order_certificate), mappingColumn=expiration_date, insertable=true, updatable=true, unique=false}
17:03:31.696 [Test worker] DEBUG org.hibernate.cfg.annotations.PropertyBinder - MetadataSourceProcessor property expirationDate with lazy=false
17:03:31.696 [Test worker] DEBUG org.hibernate.cfg.AbstractPropertyHolder - Attempting to locate auto-apply AttributeConverter for property [com.epam.esm.entity.OrderCertificate:expirationDate]
17:03:31.696 [Test worker] DEBUG org.hibernate.cfg.annotations.SimpleValueBinder - building SimpleValue for expirationDate
17:03:31.696 [Test worker] DEBUG org.hibernate.cfg.annotations.PropertyBinder - Building property expirationDate
17:03:31.696 [Test worker] DEBUG org.hibernate.cfg.Ejb3Column - Binding column: Ejb3Column{table=org.hibernate.mapping.Table(order_certificate), mappingColumn=fixed_price, insertable=true, updatable=true, unique=false}
17:03:31.696 [Test worker] DEBUG org.hibernate.cfg.annotations.PropertyBinder - MetadataSourceProcessor property fixedPrice with lazy=false
17:03:31.696 [Test worker] DEBUG org.hibernate.cfg.AbstractPropertyHolder - Attempting to locate auto-apply AttributeConverter for property [com.epam.esm.entity.OrderCertificate:fixedPrice]
17:03:31.696 [Test worker] DEBUG org.hibernate.cfg.annotations.SimpleValueBinder - building SimpleValue for fixedPrice
17:03:31.696 [Test worker] DEBUG org.hibernate.cfg.annotations.PropertyBinder - Building property fixedPrice
17:03:31.696 [Test worker] DEBUG org.hibernate.cfg.Ejb3Column - Binding column: Ejb3JoinColumn{logicalColumnName='null', referencedColumn='', mappedBy=''}
17:03:31.696 [Test worker] DEBUG org.hibernate.cfg.Ejb3Column - Binding column: Ejb3Column{table=org.hibernate.mapping.Table(order_certificate), mappingColumn=order, insertable=true, updatable=true, unique=false}
17:03:31.696 [Test worker] DEBUG org.hibernate.cfg.annotations.PropertyBinder - Building property order
17:03:31.696 [Test worker] DEBUG org.hibernate.cfg.AnnotationBinder - Binding entity from annotated class: com.epam.esm.entity.Role
17:03:31.696 [Test worker] DEBUG org.hibernate.cfg.Ejb3Column - Binding column: Ejb3DiscriminatorColumn{logicalColumnName'DTYPE', discriminatorTypeName='string'}
17:03:31.697 [Test worker] DEBUG org.hibernate.cfg.annotations.EntityBinder - Import with entity name Role
17:03:31.697 [Test worker] DEBUG org.hibernate.cfg.annotations.EntityBinder - Bind entity com.epam.esm.entity.Role on table application_role
17:03:31.697 [Test worker] DEBUG org.hibernate.cfg.Ejb3Column - Binding column: Ejb3Column{table=org.hibernate.mapping.Table(application_role), mappingColumn=id, insertable=true, updatable=true, unique=false}
17:03:31.697 [Test worker] DEBUG org.hibernate.cfg.annotations.PropertyBinder - MetadataSourceProcessor property id with lazy=false
17:03:31.697 [Test worker] DEBUG org.hibernate.cfg.AbstractPropertyHolder - Attempting to locate auto-apply AttributeConverter for property [com.epam.esm.entity.Role:id]
17:03:31.697 [Test worker] DEBUG org.hibernate.cfg.annotations.SimpleValueBinder - building SimpleValue for id
17:03:31.697 [Test worker] DEBUG org.hibernate.cfg.annotations.PropertyBinder - Building property id
17:03:31.697 [Test worker] DEBUG org.hibernate.cfg.BinderHelper - #makeIdGenerator(org.hibernate.mapping.SimpleValue([org.hibernate.mapping.Column(id)]), id, identity, , ...)
17:03:31.697 [Test worker] DEBUG org.hibernate.cfg.Ejb3Column - Binding column: Ejb3Column{table=org.hibernate.mapping.Table(application_role), mappingColumn=value, insertable=true, updatable=true, unique=false}
17:03:31.697 [Test worker] DEBUG org.hibernate.cfg.annotations.PropertyBinder - MetadataSourceProcessor property value with lazy=false
17:03:31.697 [Test worker] DEBUG org.hibernate.cfg.AbstractPropertyHolder - Attempting to locate auto-apply AttributeConverter for property [com.epam.esm.entity.Role:value]
17:03:31.698 [Test worker] DEBUG org.hibernate.cfg.annotations.SimpleValueBinder - building SimpleValue for value
17:03:31.698 [Test worker] DEBUG org.hibernate.cfg.annotations.PropertyBinder - Building property value
17:03:31.698 [Test worker] DEBUG org.hibernate.cfg.AnnotationBinder - Binding entity from annotated class: com.epam.esm.entity.Tag
17:03:31.698 [Test worker] DEBUG org.hibernate.cfg.Ejb3Column - Binding column: Ejb3DiscriminatorColumn{logicalColumnName'DTYPE', discriminatorTypeName='string'}
17:03:31.698 [Test worker] DEBUG org.hibernate.cfg.annotations.EntityBinder - Import with entity name Tag
17:03:31.698 [Test worker] DEBUG org.hibernate.cfg.annotations.EntityBinder - Bind entity com.epam.esm.entity.Tag on table tag
17:03:31.698 [Test worker] DEBUG org.hibernate.cfg.Ejb3Column - Binding column: Ejb3Column{table=org.hibernate.mapping.Table(tag), mappingColumn=id, insertable=true, updatable=true, unique=false}
17:03:31.698 [Test worker] DEBUG org.hibernate.cfg.annotations.PropertyBinder - MetadataSourceProcessor property id with lazy=false
17:03:31.698 [Test worker] DEBUG org.hibernate.cfg.AbstractPropertyHolder - Attempting to locate auto-apply AttributeConverter for property [com.epam.esm.entity.Tag:id]
17:03:31.698 [Test worker] DEBUG org.hibernate.cfg.annotations.SimpleValueBinder - building SimpleValue for id
17:03:31.698 [Test worker] DEBUG org.hibernate.cfg.annotations.PropertyBinder - Building property id
17:03:31.699 [Test worker] DEBUG org.hibernate.cfg.BinderHelper - #makeIdGenerator(org.hibernate.mapping.SimpleValue([org.hibernate.mapping.Column(id)]), id, identity, , ...)
17:03:31.699 [Test worker] DEBUG org.hibernate.cfg.Ejb3Column - Binding column: Ejb3Column{table=org.hibernate.mapping.Table(tag), mappingColumn=title, insertable=true, updatable=false, unique=true}
17:03:31.699 [Test worker] DEBUG org.hibernate.cfg.annotations.PropertyBinder - MetadataSourceProcessor property title with lazy=false
17:03:31.699 [Test worker] DEBUG org.hibernate.cfg.AbstractPropertyHolder - Attempting to locate auto-apply AttributeConverter for property [com.epam.esm.entity.Tag:title]
17:03:31.699 [Test worker] DEBUG org.hibernate.cfg.annotations.SimpleValueBinder - building SimpleValue for title
17:03:31.699 [Test worker] DEBUG org.hibernate.cfg.annotations.PropertyBinder - Building property title
17:03:31.699 [Test worker] DEBUG org.hibernate.cfg.AnnotationBinder - Binding entity from annotated class: com.epam.esm.entity.User
17:03:31.699 [Test worker] DEBUG org.hibernate.cfg.Ejb3Column - Binding column: Ejb3DiscriminatorColumn{logicalColumnName'DTYPE', discriminatorTypeName='string'}
17:03:31.699 [Test worker] DEBUG org.hibernate.cfg.annotations.EntityBinder - Import with entity name User
17:03:31.699 [Test worker] DEBUG org.hibernate.cfg.annotations.EntityBinder - Bind entity com.epam.esm.entity.User on table application_user
17:03:31.700 [Test worker] DEBUG org.hibernate.cfg.Ejb3Column - Binding column: Ejb3Column{table=org.hibernate.mapping.Table(application_user), mappingColumn=id, insertable=true, updatable=true, unique=false}
17:03:31.700 [Test worker] DEBUG org.hibernate.cfg.annotations.PropertyBinder - MetadataSourceProcessor property id with lazy=false
17:03:31.700 [Test worker] DEBUG org.hibernate.cfg.AbstractPropertyHolder - Attempting to locate auto-apply AttributeConverter for property [com.epam.esm.entity.User:id]
17:03:31.700 [Test worker] DEBUG org.hibernate.cfg.annotations.SimpleValueBinder - building SimpleValue for id
17:03:31.700 [Test worker] DEBUG org.hibernate.cfg.annotations.PropertyBinder - Building property id
17:03:31.700 [Test worker] DEBUG org.hibernate.cfg.BinderHelper - #makeIdGenerator(org.hibernate.mapping.SimpleValue([org.hibernate.mapping.Column(id)]), id, identity, , ...)
17:03:31.700 [Test worker] DEBUG org.hibernate.cfg.Ejb3Column - Binding column: Ejb3Column{table=org.hibernate.mapping.Table(application_user), mappingColumn=email, insertable=true, updatable=true, unique=false}
17:03:31.700 [Test worker] DEBUG org.hibernate.cfg.annotations.PropertyBinder - MetadataSourceProcessor property email with lazy=false
17:03:31.700 [Test worker] DEBUG org.hibernate.cfg.AbstractPropertyHolder - Attempting to locate auto-apply AttributeConverter for property [com.epam.esm.entity.User:email]
17:03:31.700 [Test worker] DEBUG org.hibernate.cfg.annotations.SimpleValueBinder - building SimpleValue for email
17:03:31.701 [Test worker] DEBUG org.hibernate.cfg.annotations.PropertyBinder - Building property email
17:03:31.701 [Test worker] DEBUG org.hibernate.cfg.Ejb3Column - Binding column: Ejb3JoinColumn{logicalColumnName='null', referencedColumn='null', mappedBy='user'}
17:03:31.701 [Test worker] DEBUG org.hibernate.cfg.Ejb3Column - Binding column: Ejb3Column{table=org.hibernate.mapping.Table(application_user), mappingColumn=orders, insertable=true, updatable=true, unique=false}
17:03:31.701 [Test worker] DEBUG org.hibernate.cfg.Ejb3Column - Binding column: Ejb3Column{table=org.hibernate.mapping.Table(application_user), mappingColumn=null, insertable=true, updatable=true, unique=false}
17:03:31.701 [Test worker] DEBUG org.hibernate.cfg.Ejb3Column - Binding column: Ejb3Column{table=org.hibernate.mapping.Table(application_user), mappingColumn=element, insertable=true, updatable=true, unique=false}
17:03:31.701 [Test worker] DEBUG org.hibernate.cfg.Ejb3Column - Binding column: Ejb3Column{table=org.hibernate.mapping.Table(application_user), mappingColumn=orders_key, insertable=true, updatable=true, unique=false}
17:03:31.701 [Test worker] DEBUG org.hibernate.cfg.Ejb3Column - Binding column: Ejb3JoinColumn{logicalColumnName='orders_KEY', referencedColumn='null', mappedBy='null'}
17:03:31.701 [Test worker] DEBUG org.hibernate.cfg.Ejb3Column - Binding column: Ejb3JoinColumn{logicalColumnName='null', referencedColumn='null', mappedBy='user'}
17:03:31.701 [Test worker] DEBUG org.hibernate.cfg.Ejb3Column - Binding column: Ejb3JoinColumn{logicalColumnName='null', referencedColumn='null', mappedBy='user'}
17:03:31.701 [Test worker] DEBUG org.hibernate.cfg.annotations.CollectionBinder - Collection role: com.epam.esm.entity.User.orders
17:03:31.701 [Test worker] DEBUG org.hibernate.cfg.annotations.PropertyBinder - Building property orders
17:03:31.702 [Test worker] DEBUG org.hibernate.cfg.Ejb3Column - Binding column: Ejb3Column{table=org.hibernate.mapping.Table(application_user), mappingColumn=password, insertable=true, updatable=true, unique=false}
17:03:31.702 [Test worker] DEBUG org.hibernate.cfg.annotations.PropertyBinder - MetadataSourceProcessor property password with lazy=false
17:03:31.702 [Test worker] DEBUG org.hibernate.cfg.AbstractPropertyHolder - Attempting to locate auto-apply AttributeConverter for property [com.epam.esm.entity.User:password]
17:03:31.702 [Test worker] DEBUG org.hibernate.cfg.annotations.SimpleValueBinder - building SimpleValue for password
17:03:31.702 [Test worker] DEBUG org.hibernate.cfg.annotations.PropertyBinder - Building property password
17:03:31.702 [Test worker] DEBUG org.hibernate.cfg.Ejb3Column - Binding column: Ejb3Column{table=org.hibernate.mapping.Table(application_user), mappingColumn=refresh_token, insertable=true, updatable=true, unique=false}
17:03:31.702 [Test worker] DEBUG org.hibernate.cfg.annotations.PropertyBinder - MetadataSourceProcessor property refreshToken with lazy=false
17:03:31.702 [Test worker] DEBUG org.hibernate.cfg.AbstractPropertyHolder - Attempting to locate auto-apply AttributeConverter for property [com.epam.esm.entity.User:refreshToken]
17:03:31.702 [Test worker] DEBUG org.hibernate.cfg.annotations.SimpleValueBinder - building SimpleValue for refreshToken
17:03:31.702 [Test worker] DEBUG org.hibernate.cfg.annotations.PropertyBinder - Building property refreshToken
17:03:31.702 [Test worker] DEBUG org.hibernate.cfg.Ejb3Column - Binding column: Ejb3JoinColumn{logicalColumnName='role_id', referencedColumn='', mappedBy=''}
17:03:31.702 [Test worker] DEBUG org.hibernate.cfg.Ejb3Column - Binding column: Ejb3Column{table=org.hibernate.mapping.Table(application_user), mappingColumn=role, insertable=true, updatable=true, unique=false}
17:03:31.703 [Test worker] DEBUG org.hibernate.cfg.annotations.PropertyBinder - Building property role
17:03:31.703 [Test worker] DEBUG org.hibernate.cfg.annotations.SimpleValueBinder - Starting fillSimpleValue for id
17:03:31.703 [Test worker] DEBUG org.hibernate.cfg.annotations.SimpleValueBinder - Starting fillSimpleValue for id
17:03:31.703 [Test worker] DEBUG org.hibernate.cfg.annotations.SimpleValueBinder - Starting fillSimpleValue for activeStatus
17:03:31.703 [Test worker] DEBUG org.hibernate.cfg.annotations.SimpleValueBinder - Starting fillSimpleValue for creationDate
17:03:31.703 [Test worker] DEBUG org.hibernate.cfg.annotations.SimpleValueBinder - Starting fillSimpleValue for description
17:03:31.703 [Test worker] DEBUG org.hibernate.cfg.annotations.SimpleValueBinder - Starting fillSimpleValue for expirationDate
17:03:31.703 [Test worker] DEBUG org.hibernate.cfg.annotations.SimpleValueBinder - Starting fillSimpleValue for modificationDate
17:03:31.703 [Test worker] DEBUG org.hibernate.cfg.annotations.SimpleValueBinder - Starting fillSimpleValue for name
17:03:31.703 [Test worker] DEBUG org.hibernate.cfg.annotations.SimpleValueBinder - Starting fillSimpleValue for price
17:03:31.703 [Test worker] DEBUG org.hibernate.cfg.annotations.SimpleValueBinder - Starting fillSimpleValue for id
17:03:31.703 [Test worker] DEBUG org.hibernate.cfg.annotations.SimpleValueBinder - Starting fillSimpleValue for activeStatus
17:03:31.703 [Test worker] DEBUG org.hibernate.cfg.annotations.SimpleValueBinder - Starting fillSimpleValue for createdAt
17:03:31.703 [Test worker] DEBUG org.hibernate.cfg.annotations.SimpleValueBinder - Starting fillSimpleValue for id
17:03:31.703 [Test worker] DEBUG org.hibernate.cfg.annotations.SimpleValueBinder - Starting fillSimpleValue for expirationDate
17:03:31.703 [Test worker] DEBUG org.hibernate.cfg.annotations.SimpleValueBinder - Starting fillSimpleValue for fixedPrice
17:03:31.703 [Test worker] DEBUG org.hibernate.cfg.annotations.SimpleValueBinder - Starting fillSimpleValue for id
17:03:31.704 [Test worker] DEBUG org.hibernate.cfg.annotations.SimpleValueBinder - Starting fillSimpleValue for value
17:03:31.704 [Test worker] DEBUG org.hibernate.cfg.annotations.SimpleValueBinder - Starting fillSimpleValue for id
17:03:31.704 [Test worker] DEBUG org.hibernate.cfg.annotations.SimpleValueBinder - Starting fillSimpleValue for title
17:03:31.704 [Test worker] DEBUG org.hibernate.cfg.annotations.SimpleValueBinder - Starting fillSimpleValue for id
17:03:31.704 [Test worker] DEBUG org.hibernate.cfg.annotations.SimpleValueBinder - Starting fillSimpleValue for email
17:03:31.704 [Test worker] DEBUG org.hibernate.cfg.annotations.SimpleValueBinder - Starting fillSimpleValue for password
17:03:31.704 [Test worker] DEBUG org.hibernate.cfg.annotations.SimpleValueBinder - Starting fillSimpleValue for refreshToken
17:03:31.704 [Test worker] DEBUG org.hibernate.mapping.PrimaryKey - Forcing column [id] to be non-null as it is part of the primary key for table [entity]
17:03:31.704 [Test worker] DEBUG org.hibernate.mapping.PrimaryKey - Forcing column [id] to be non-null as it is part of the primary key for table [certificate]
17:03:31.704 [Test worker] DEBUG org.hibernate.mapping.PrimaryKey - Forcing column [id] to be non-null as it is part of the primary key for table [application_order]
17:03:31.704 [Test worker] DEBUG org.hibernate.mapping.PrimaryKey - Forcing column [id] to be non-null as it is part of the primary key for table [order_certificate]
17:03:31.704 [Test worker] DEBUG org.hibernate.mapping.PrimaryKey - Forcing column [id] to be non-null as it is part of the primary key for table [application_role]
17:03:31.704 [Test worker] DEBUG org.hibernate.mapping.PrimaryKey - Forcing column [id] to be non-null as it is part of the primary key for table [tag]
17:03:31.704 [Test worker] DEBUG org.hibernate.mapping.PrimaryKey - Forcing column [id] to be non-null as it is part of the primary key for table [application_user]
17:03:31.704 [Test worker] DEBUG org.hibernate.cfg.CollectionSecondPass - Second pass for collection: com.epam.esm.entity.GiftCertificate.tags
17:03:31.704 [Test worker] DEBUG org.hibernate.cfg.annotations.CollectionBinder - Binding as ManyToMany: com.epam.esm.entity.GiftCertificate.tags
17:03:31.705 [Test worker] DEBUG org.hibernate.mapping.PrimaryKey - Forcing column [certificate_id] to be non-null as it is part of the primary key for table [certificate_tag]
17:03:31.705 [Test worker] DEBUG org.hibernate.mapping.PrimaryKey - Forcing column [tag_id] to be non-null as it is part of the primary key for table [certificate_tag]
17:03:31.705 [Test worker] DEBUG org.hibernate.cfg.CollectionSecondPass - Mapped collection key: certificate_id, element: tag_id
17:03:31.705 [Test worker] DEBUG org.hibernate.cfg.CollectionSecondPass - Second pass for collection: com.epam.esm.entity.GiftCertificate.orderCertificates
17:03:31.705 [Test worker] DEBUG org.hibernate.cfg.annotations.CollectionBinder - Binding a OneToMany: com.epam.esm.entity.GiftCertificate.orderCertificates through a foreign key
17:03:31.705 [Test worker] DEBUG org.hibernate.cfg.annotations.CollectionBinder - Mapping collection: com.epam.esm.entity.GiftCertificate.orderCertificates -> order_certificate
17:03:31.705 [Test worker] DEBUG org.hibernate.cfg.annotations.TableBinder - Retrieving property com.epam.esm.entity.OrderCertificate.certificate
17:03:31.705 [Test worker] DEBUG org.hibernate.cfg.CollectionSecondPass - Mapped collection key: certificate_id, one-to-many: com.epam.esm.entity.OrderCertificate
17:03:31.705 [Test worker] DEBUG org.hibernate.cfg.CollectionSecondPass - Second pass for collection: com.epam.esm.entity.Order.orderCertificates
17:03:31.705 [Test worker] DEBUG org.hibernate.cfg.annotations.CollectionBinder - Binding a OneToMany: com.epam.esm.entity.Order.orderCertificates through a foreign key
17:03:31.705 [Test worker] DEBUG org.hibernate.cfg.annotations.CollectionBinder - Mapping collection: com.epam.esm.entity.Order.orderCertificates -> order_certificate
17:03:31.705 [Test worker] DEBUG org.hibernate.cfg.annotations.TableBinder - Retrieving property com.epam.esm.entity.OrderCertificate.order
17:03:31.705 [Test worker] DEBUG org.hibernate.cfg.CollectionSecondPass - Mapped collection key: order_id, one-to-many: com.epam.esm.entity.OrderCertificate
17:03:31.705 [Test worker] DEBUG org.hibernate.cfg.CollectionSecondPass - Second pass for collection: com.epam.esm.entity.User.orders
17:03:31.705 [Test worker] DEBUG org.hibernate.cfg.annotations.CollectionBinder - Binding a OneToMany: com.epam.esm.entity.User.orders through a foreign key
17:03:31.705 [Test worker] DEBUG org.hibernate.cfg.annotations.CollectionBinder - Mapping collection: com.epam.esm.entity.User.orders -> application_order
17:03:31.706 [Test worker] DEBUG org.hibernate.cfg.annotations.TableBinder - Retrieving property com.epam.esm.entity.Order.user
17:03:31.706 [Test worker] DEBUG org.hibernate.cfg.CollectionSecondPass - Mapped collection key: user_id, one-to-many: com.epam.esm.entity.Order
17:03:31.706 [Test worker] DEBUG org.hibernate.boot.internal.InFlightMetadataCollectorImpl - Resolving reference to class: com.epam.esm.entity.User
17:03:31.706 [Test worker] DEBUG org.hibernate.boot.internal.InFlightMetadataCollectorImpl - Resolving reference to class: com.epam.esm.entity.Role
17:03:31.706 [Test worker] DEBUG org.hibernate.boot.internal.InFlightMetadataCollectorImpl - Resolving reference to class: com.epam.esm.entity.Tag
17:03:31.706 [Test worker] DEBUG org.hibernate.boot.internal.InFlightMetadataCollectorImpl - Resolving reference to class: com.epam.esm.entity.GiftCertificate
17:03:31.706 [Test worker] DEBUG org.hibernate.boot.internal.InFlightMetadataCollectorImpl - Resolving reference to class: com.epam.esm.entity.GiftCertificate
17:03:31.706 [Test worker] DEBUG org.hibernate.boot.internal.InFlightMetadataCollectorImpl - Resolving reference to class: com.epam.esm.entity.Order
17:03:31.708 [Test worker] DEBUG org.hibernate.boot.internal.InFlightMetadataCollectorImpl - Resolving reference to class: com.epam.esm.entity.User
17:03:31.708 [Test worker] DEBUG org.hibernate.boot.internal.InFlightMetadataCollectorImpl - Resolving reference to class: com.epam.esm.entity.Role
17:03:31.708 [Test worker] DEBUG org.hibernate.boot.internal.InFlightMetadataCollectorImpl - Resolving reference to class: com.epam.esm.entity.Tag
17:03:31.708 [Test worker] DEBUG org.hibernate.boot.internal.InFlightMetadataCollectorImpl - Resolving reference to class: com.epam.esm.entity.GiftCertificate
17:03:31.708 [Test worker] DEBUG org.hibernate.boot.internal.InFlightMetadataCollectorImpl - Resolving reference to class: com.epam.esm.entity.GiftCertificate
17:03:31.708 [Test worker] DEBUG org.hibernate.boot.internal.InFlightMetadataCollectorImpl - Resolving reference to class: com.epam.esm.entity.Order
17:03:31.709 [Test worker] DEBUG org.hibernate.internal.SessionFactoryImpl - Building session factory
17:03:31.709 [Test worker] DEBUG org.hibernate.cfg.Settings - SessionFactory name : null
17:03:31.709 [Test worker] DEBUG org.hibernate.cfg.Settings - Automatic flush during beforeCompletion(): enabled
17:03:31.709 [Test worker] DEBUG org.hibernate.cfg.Settings - Automatic session close at end of transaction: disabled
17:03:31.709 [Test worker] DEBUG org.hibernate.cfg.Settings - Statistics: disabled
17:03:31.709 [Test worker] DEBUG org.hibernate.cfg.Settings - Deleted entity synthetic identifier rollback: disabled
17:03:31.709 [Test worker] DEBUG org.hibernate.cfg.Settings - Default entity-mode: pojo
17:03:31.709 [Test worker] DEBUG org.hibernate.cfg.Settings - Check Nullability in Core (should be disabled when Bean Validation is on): enabled
17:03:31.709 [Test worker] DEBUG org.hibernate.cfg.Settings - Allow initialization of lazy state outside session : disabled
17:03:31.709 [Test worker] DEBUG org.hibernate.cfg.Settings - Using BatchFetchStyle : LEGACY
17:03:31.709 [Test worker] DEBUG org.hibernate.cfg.Settings - Default batch fetch size: -1
17:03:31.709 [Test worker] DEBUG org.hibernate.cfg.Settings - Maximum outer join fetch depth: null
17:03:31.709 [Test worker] DEBUG org.hibernate.cfg.Settings - Default null ordering: NONE
17:03:31.709 [Test worker] DEBUG org.hibernate.cfg.Settings - Order SQL updates by primary key: disabled
17:03:31.709 [Test worker] DEBUG org.hibernate.cfg.Settings - Order SQL inserts for batching: disabled
17:03:31.709 [Test worker] DEBUG org.hibernate.cfg.Settings - multi-tenancy strategy : NONE
17:03:31.709 [Test worker] DEBUG org.hibernate.cfg.Settings - JTA Track by Thread: enabled
17:03:31.709 [Test worker] DEBUG org.hibernate.cfg.Settings - Query language substitutions: {}
17:03:31.709 [Test worker] DEBUG org.hibernate.cfg.Settings - Named query checking : enabled
17:03:31.709 [Test worker] DEBUG org.hibernate.cfg.Settings - Second-level cache: disabled
17:03:31.709 [Test worker] DEBUG org.hibernate.cfg.Settings - Second-level query cache: disabled
17:03:31.709 [Test worker] DEBUG org.hibernate.cfg.Settings - Second-level query cache factory: null
17:03:31.709 [Test worker] DEBUG org.hibernate.cfg.Settings - Second-level cache region prefix: null
17:03:31.709 [Test worker] DEBUG org.hibernate.cfg.Settings - Optimize second-level cache for minimal puts: disabled
17:03:31.709 [Test worker] DEBUG org.hibernate.cfg.Settings - Structured second-level cache entries: disabled
17:03:31.709 [Test worker] DEBUG org.hibernate.cfg.Settings - Second-level cache direct-reference entries: disabled
17:03:31.709 [Test worker] DEBUG org.hibernate.cfg.Settings - Automatic eviction of collection cache: disabled
17:03:31.709 [Test worker] DEBUG org.hibernate.cfg.Settings - JDBC batch size: 15
17:03:31.709 [Test worker] DEBUG org.hibernate.cfg.Settings - JDBC batch updates for versioned data: enabled
17:03:31.709 [Test worker] DEBUG org.hibernate.cfg.Settings - Scrollable result sets: enabled
17:03:31.709 [Test worker] DEBUG org.hibernate.cfg.Settings - Wrap result sets: disabled
17:03:31.709 [Test worker] DEBUG org.hibernate.cfg.Settings - JDBC3 getGeneratedKeys(): enabled
17:03:31.709 [Test worker] DEBUG org.hibernate.cfg.Settings - JDBC result set fetch size: null
17:03:31.709 [Test worker] DEBUG org.hibernate.cfg.Settings - Connection release mode: ON_CLOSE
17:03:31.709 [Test worker] DEBUG org.hibernate.cfg.Settings - Generate SQL with comments: disabled
17:03:31.709 [Test worker] DEBUG org.hibernate.cfg.Settings - JPA compliance - query : 
17:03:31.709 [Test worker] DEBUG org.hibernate.cfg.Settings - JPA compliance - closed-handling : 
17:03:31.709 [Test worker] DEBUG org.hibernate.cfg.Settings - JPA compliance - lists : 
17:03:31.709 [Test worker] DEBUG org.hibernate.cfg.Settings - JPA compliance - transactions : 
17:03:31.710 [Test worker] DEBUG org.hibernate.jpa.event.internal.CallbackBuilderLegacyImpl - Adding onPrePersist as PrePersist callback for entity com.epam.esm.entity.Order
17:03:31.711 [Test worker] DEBUG org.hibernate.internal.SessionFactoryImpl - Session factory constructed with filter configurations : {}
17:03:31.711 [Test worker] DEBUG org.hibernate.internal.SessionFactoryImpl - Instantiating session factory with properties: {gopherProxySet=false, awt.toolkit=sun.lwawt.macosx.LWCToolkit, hibernate.id.new_generator_mappings=true, java.specification.version=11, sun.cpu.isalist=, hibernate.resource.beans.container=org.springframework.orm.hibernate5.SpringBeanContainer@6408793c, hibernate.connection.handling_mode=DELAYED_ACQUISITION_AND_HOLD, sun.jnu.encoding=UTF-8, hibernate.dialect=org.hibernate.dialect.H2Dialect, org.gradle.test.worker=3, hibernate.implicit_naming_strategy=org.springframework.boot.orm.jpa.hibernate.SpringImplicitNamingStrategy, java.class.path=/Users/dzmitryplatonov/.gradle/caches/5.6.2/workerMain/gradle-worker.jar:/Users/dzmitryplatonov/Desktop/workdir/giftcertificates/datasource/build/classes/java/test:/Users/dzmitryplatonov/Desktop/workdir/giftcertificates/datasource/build/resources/test:/Users/dzmitryplatonov/Desktop/workdir/giftcertificates/datasource/build/classes/java/main:/Users/dzmitryplatonov/Desktop/workdir/giftcertificates/datasource/build/resources/main:/Users/dzmitryplatonov/.m2/repository/org/apache/logging/log4j/log4j-web/2.11.2/log4j-web-2.11.2.jar:/Users/dzmitryplatonov/.m2/repository/org/apache/logging/log4j/log4j-core/2.11.2/log4j-core-2.11.2.jar:/Users/dzmitryplatonov/.gradle/caches/modules-2/files-2.1/org.springframework.boot/spring-boot-starter-web/2.1.9.RELEASE/2063870234eebbda3c09dddf9853477fe9e4a719/spring-boot-starter-web-2.1.9.RELEASE.jar:/Users/dzmitryplatonov/.gradle/caches/modules-2/files-2.1/org.springframework.boot/spring-boot-starter-security/2.1.9.RELEASE/bde048665003362d9e16aa75a8804f90dce1d31e/spring-boot-starter-security-2.1.9.RELEASE.jar:/Users/dzmitryplatonov/.gradle/caches/modules-2/files-2.1/org.springframework.boot/spring-boot-starter-data-jpa/2.1.9.RELEASE/784d6d5c525c2dd9fac31031ee6ca2ec8b067af5/spring-boot-starter-data-jpa-2.1.9.RELEASE.jar:/Users/dzmitryplatonov/.gradle/caches/modules-2/files-2.1/org.springframework.boot/spring-boot-starter-aop/2.1.9.RELEASE/74226b26cf15952f639deca38fe919701755c97b/spring-boot-starter-aop-2.1.9.RELEASE.jar:/Users/dzmitryplatonov/.gradle/caches/modules-2/files-2.1/org.springframework.boot/spring-boot-starter-jdbc/2.1.9.RELEASE/3f7d1d67669dfa0ea4ff9216afbeef5bc6a58ecb/spring-boot-starter-jdbc-2.1.9.RELEASE.jar:/Users/dzmitryplatonov/.gradle/caches/modules-2/files-2.1/org.springframework.boot/spring-boot-starter-json/2.1.9.RELEASE/53bdf52bc28b7e753874e0136fb33c9eab184276/spring-boot-starter-json-2.1.9.RELEASE.jar:/Users/dzmitryplatonov/.gradle/caches/modules-2/files-2.1/org.springframework.boot/spring-boot-starter/2.1.9.RELEASE/45d7afa2d9aab4b2984f2c330f507797fbcf501f/spring-boot-starter-2.1.9.RELEASE.jar:/Users/dzmitryplatonov/.gradle/caches/modules-2/files-2.1/org.springframework.boot/spring-boot-starter-logging/2.1.9.RELEASE/802b562b0c602ae9242b659a28b9bf89ca689b2d/spring-boot-starter-logging-2.1.9.RELEASE.jar:/Users/dzmitryplatonov/.m2/repository/org/apache/logging/log4j/log4j-to-slf4j/2.11.2/log4j-to-slf4j-2.11.2.jar:/Users/dzmitryplatonov/.m2/repository/org/apache/logging/log4j/log4j-api/2.11.2/log4j-api-2.11.2.jar:/Users/dzmitryplatonov/.m2/repository/org/hibernate/validator/hibernate-validator/6.0.17.Final/hibernate-validator-6.0.17.Final.jar:/Users/dzmitryplatonov/.m2/repository/javax/validation/validation-api/2.0.1.Final/validation-api-2.0.1.Final.jar:/Users/dzmitryplatonov/.gradle/caches/modules-2/files-2.1/org.springframework.security.oauth.boot/spring-security-oauth2-autoconfigure/2.1.9.RELEASE/abbbf98ebc0454774162add4b412a7ee5da66877/spring-security-oauth2-autoconfigure-2.1.9.RELEASE.jar:/Users/dzmitryplatonov/.gradle/caches/modules-2/files-2.1/com.auth0/jwks-rsa/0.9.0/6e3a813bce7eb07327f2a5384fb178eb21469338/jwks-rsa-0.9.0.jar:/Users/dzmitryplatonov/.gradle/caches/modules-2/files-2.1/io.jsonwebtoken/jjwt/0.9.1/54d2abfc3e63a28824d35bf600d6a5d627da681a/jjwt-0.9.1.jar:/Users/dzmitryplatonov/.gradle/caches/modules-2/files-2.1/io.jsonwebtoken/jjwt-jackson/0.10.7/52b5a612da95a0c0edc867ccac65bb0f6762ed7b/jjwt-jackson-0.10.7.jar:/Users/dzmitryplatonov/.m2/repository/com/fasterxml/jackson/datatype/jackson-datatype-jsr310/2.9.9/jackson-datatype-jsr310-2.9.9.jar:/Users/dzmitryplatonov/.m2/repository/com/fasterxml/jackson/datatype/jackson-datatype-jdk8/2.9.9/jackson-datatype-jdk8-2.9.9.jar:/Users/dzmitryplatonov/.m2/repository/com/fasterxml/jackson/module/jackson-module-parameter-names/2.9.9/jackson-module-parameter-names-2.9.9.jar:/Users/dzmitryplatonov/.gradle/caches/modules-2/files-2.1/com.fasterxml.jackson.core/jackson-databind/2.10.0.pr3/4e17238b159dcd1167b095024fe07f41da1e37ac/jackson-databind-2.10.0.pr3.jar:/Users/dzmitryplatonov/.gradle/caches/modules-2/files-2.1/com.fasterxml.jackson.core/jackson-annotations/2.10.0.pr3/6c99a6d972b8bdd92192bef4b0ff5df164e9cafc/jackson-annotations-2.10.0.pr3.jar:/Users/dzmitryplatonov/.m2/repository/org/springframework/hateoas/spring-hateoas/0.25.1.RELEASE/spring-hateoas-0.25.1.RELEASE.jar:/Users/dzmitryplatonov/.m2/repository/org/springframework/plugin/spring-plugin-core/1.2.0.RELEASE/spring-plugin-core-1.2.0.RELEASE.jar:/Users/dzmitryplatonov/.gradle/caches/modules-2/files-2.1/org.springframework.security/spring-security-oauth2-client/5.1.6.RELEASE/8a77b659f7f6616ca5970796c04106595819f4eb/spring-security-oauth2-client-5.1.6.RELEASE.jar:/Users/dzmitryplatonov/.gradle/caches/modules-2/files-2.1/org.springframework.security/spring-security-oauth2-jose/5.1.6.RELEASE/78f947f9b1ee235f7efbb697e15acd05e16d009a/spring-security-oauth2-jose-5.1.6.RELEASE.jar:/Users/dzmitryplatonov/.gradle/caches/modules-2/files-2.1/org.springframework.security/spring-security-openid/5.2.0.RELEASE/e67725a379bcc03c3edd571d6fec4800b2313a00/spring-security-openid-5.2.0.RELEASE.jar:/Users/dzmitryplatonov/.gradle/caches/modules-2/files-2.1/org.springframework.data/spring-data-jpa/2.1.11.RELEASE/b774364187f5e68379b8c3121232a04686a0325c/spring-data-jpa-2.1.11.RELEASE.jar:/Users/dzmitryplatonov/.gradle/caches/modules-2/files-2.1/org.springframework/spring-orm/5.1.10.RELEASE/ce92238d65405408387b1ae7a5dd5a280f7ea29f/spring-orm-5.1.10.RELEASE.jar:/Users/dzmitryplatonov/.gradle/caches/modules-2/files-2.1/org.springframework/spring-jdbc/5.1.10.RELEASE/48957bfad9656fdba9263539e2fa8f3034939ba8/spring-jdbc-5.1.10.RELEASE.jar:/Users/dzmitryplatonov/.m2/repository/org/postgresql/postgresql/42.2.8/postgresql-42.2.8.jar:/Users/dzmitryplatonov/.gradle/caches/modules-2/files-2.1/org.springframework.boot/spring-boot-starter-tomcat/2.1.9.RELEASE/99bef08a0b7fd10ff9827f0f8e6f49b97cbabf7f/spring-boot-starter-tomcat-2.1.9.RELEASE.jar:/Users/dzmitryplatonov/.m2/repository/javax/annotation/javax.annotation-api/1.3.2/javax.annotation-api-1.3.2.jar:/Users/dzmitryplatonov/.gradle/caches/modules-2/files-2.1/io.jsonwebtoken/jjwt-impl/0.10.7/49cf3b0b6f10eb024104ae39c111c1fd0cd3be64/jjwt-impl-0.10.7.jar:/Users/dzmitryplatonov/.gradle/caches/modules-2/files-2.1/org.junit.jupiter/junit-jupiter-params/5.2.0/d70083080bf3400c181562919cb03bf7588104e1/junit-jupiter-params-5.2.0.jar:/Users/dzmitryplatonov/.gradle/caches/modules-2/files-2.1/org.mockito/mockito-junit-jupiter/2.18.3/827104c6aed482c68159faf320f44f5eb5b03bd/mockito-junit-jupiter-2.18.3.jar:/Users/dzmitryplatonov/.m2/repository/org/mockito/mockito-core/2.28.2/mockito-core-2.28.2.jar:/Users/dzmitryplatonov/.m2/repository/com/h2database/h2/1.4.197/h2-1.4.197.jar:/Users/dzmitryplatonov/.gradle/caches/modules-2/files-2.1/org.springframework/spring-test/5.0.1.RELEASE/47dee3bebbcbcaff1be786b6c0db654ba7376eb9/spring-test-5.0.1.RELEASE.jar:/Users/dzmitryplatonov/.gradle/caches/modules-2/files-2.1/org.junit.jupiter/junit-jupiter-engine/5.3.1/e2676b1786c57a80eb98f5bebd51a3d05e228c40/junit-jupiter-engine-5.3.1.jar:/Users/dzmitryplatonov/.gradle/caches/modules-2/files-2.1/org.junit.jupiter/junit-jupiter-api/5.3.1/a7e97eac2784395cb991403f9641b042ad972941/junit-jupiter-api-5.3.1.jar:/Users/dzmitryplatonov/.gradle/caches/modules-2/files-2.1/org.hibernate/hibernate-core/5.3.12.Final/e1929362fe24a9f62142d18f1ac5b0d7f278ef22/hibernate-core-5.3.12.Final.jar:/Users/dzmitryplatonov/.m2/repository/org/hibernate/common/hibernate-commons-annotations/5.0.4.Final/hibernate-commons-annotations-5.0.4.Final.jar:/Users/dzmitryplatonov/.m2/repository/org/jboss/logging/jboss-logging/3.3.2.Final/jboss-logging-3.3.2.Final.jar:/Users/dzmitryplatonov/.m2/repository/com/fasterxml/classmate/1.3.4/classmate-1.3.4.jar:/Users/dzmitryplatonov/.gradle/caches/modules-2/files-2.1/com.fasterxml.jackson.core/jackson-core/2.10.0.pr3/1d2f9b816bcd00130ddc9dae6c99f7b533afcc73/jackson-core-2.10.0.pr3.jar:/Users/dzmitryplatonov/.gradle/caches/modules-2/files-2.1/org.springframework.security.oauth/spring-security-oauth2/2.3.5.RELEASE/7969f5363398d6d3788bef1740b2ab9509043d51/spring-security-oauth2-2.3.5.RELEASE.jar:/Users/dzmitryplatonov/.gradle/caches/modules-2/files-2.1/org.springframework/spring-webmvc/5.1.10.RELEASE/67b6da7852e89bc0df6ce36a263ac4377fe48e27/spring-webmvc-5.1.10.RELEASE.jar:/Users/dzmitryplatonov/.m2/repository/org/springframework/security/spring-security-config/5.1.6.RELEASE/spring-security-config-5.1.6.RELEASE.jar:/Users/dzmitryplatonov/.gradle/caches/modules-2/files-2.1/org.springframework.security/spring-security-oauth2-core/5.1.6.RELEASE/f3b2623760154aac86d32427696842c7c3d85326/spring-security-oauth2-core-5.1.6.RELEASE.jar:/Users/dzmitryplatonov/.gradle/caches/modules-2/files-2.1/org.springframework.security/spring-security-web/5.2.0.RELEASE/a9ff06ad3fd66cd08545e1a601c66d2256c86e0f/spring-security-web-5.2.0.RELEASE.jar:/Users/dzmitryplatonov/.gradle/caches/modules-2/files-2.1/org.springframework.security/spring-security-core/5.2.0.RELEASE/1c8f36e316a74c245073ce2a70bdf198a58424f6/spring-security-core-5.2.0.RELEASE.jar:/Users/dzmitryplatonov/.gradle/caches/modules-2/files-2.1/org.springframework.boot/spring-boot-autoconfigure/2.1.9.RELEASE/aa6d5e0fef585bec64543b9b8f944a94060e710a/spring-boot-autoconfigure-2.1.9.RELEASE.jar:/Users/dzmitryplatonov/.gradle/caches/modules-2/files-2.1/org.springframework.boot/spring-boot/2.1.9.RELEASE/b18e7287a82ee06c6bb4e79423c25c05b8303dc1/spring-boot-2.1.9.RELEASE.jar:/Users/dzmitryplatonov/.gradle/caches/modules-2/files-2.1/org.springframework/spring-context/5.2.0.RELEASE/a2638a8295f13ed8511c98a2379507677e1d16fa/spring-context-5.2.0.RELEASE.jar:/Users/dzmitryplatonov/.gradle/caches/modules-2/files-2.1/org.springframework/spring-aop/5.2.0.RELEASE/7031d44f063ea68e49b881a985967e7f2c144f3b/spring-aop-5.2.0.RELEASE.jar:/Users/dzmitryplatonov/.gradle/caches/modules-2/files-2.1/org.springframework/spring-web/5.2.0.RELEASE/d5b064196dc014519e751df549b4cc6a753fb191/spring-web-5.2.0.RELEASE.jar:/Users/dzmitryplatonov/.gradle/caches/modules-2/files-2.1/org.springframework.data/spring-data-commons/2.1.11.RELEASE/dace2a47d274ac5f0ac3ff2f47cb0b936bef5b46/spring-data-commons-2.1.11.RELEASE.jar:/Users/dzmitryplatonov/.gradle/caches/modules-2/files-2.1/org.springframework/spring-tx/5.1.10.RELEASE/c32ebb7fb1be3b733304b7873c31817dd434479a/spring-tx-5.1.10.RELEASE.jar:/Users/dzmitryplatonov/.gradle/caches/modules-2/files-2.1/org.springframework/spring-beans/5.2.0.RELEASE/3ae97694618c59e6af695a15e54fabb7e319776/spring-beans-5.2.0.RELEASE.jar:/Users/dzmitryplatonov/.gradle/caches/modules-2/files-2.1/org.springframework/spring-expression/5.2.0.RELEASE/ac6a616451129e717979f18d2bff40528698a46e/spring-expression-5.2.0.RELEASE.jar:/Users/dzmitryplatonov/.gradle/caches/modules-2/files-2.1/org.springframework/spring-core/5.2.0.RELEASE/e0e1b3c304f70ed19d7905975f6f990916ada219/spring-core-5.2.0.RELEASE.jar:/Users/dzmitryplatonov/.m2/repository/com/zaxxer/HikariCP/3.2.0/HikariCP-3.2.0.jar:/Users/dzmitryplatonov/.m2/repository/ch/qos/logback/logback-classic/1.2.3/logback-classic-1.2.3.jar:/Users/dzmitryplatonov/.m2/repository/org/slf4j/jul-to-slf4j/1.7.28/jul-to-slf4j-1.7.28.jar:/Users/dzmitryplatonov/.m2/repository/org/slf4j/slf4j-api/1.7.28/slf4j-api-1.7.28.jar:/Users/dzmitryplatonov/.m2/repository/javax/transaction/javax.transaction-api/1.3/javax.transaction-api-1.3.jar:/Users/dzmitryplatonov/.gradle/caches/modules-2/files-2.1/org.glassfish.jaxb/jaxb-runtime/2.3.1/dd6dda9da676a54c5b36ca2806ff95ee017d8738/jaxb-runtime-2.3.1.jar:/Users/dzmitryplatonov/.m2/repository/javax/xml/bind/jaxb-api/2.3.1/jaxb-api-2.3.1.jar:/Users/dzmitryplatonov/.gradle/caches/modules-2/files-2.1/org.springframework/spring-aspects/5.1.10.RELEASE/b0364caabcde96dc6385480d0f9270613ab04511/spring-aspects-5.1.10.RELEASE.jar:/Users/dzmitryplatonov/.gradle/caches/modules-2/files-2.1/org.springframework.security/spring-security-jwt/1.0.10.RELEASE/19a1ca7a83e9d263a31af5f529da460f8f863451/spring-security-jwt-1.0.10.RELEASE.jar:/Users/dzmitryplatonov/.gradle/caches/modules-2/files-2.1/com.nimbusds/oauth2-oidc-sdk/6.0/e731f0b62727a46ae6d6fded62b5678d28273c3c/oauth2-oidc-sdk-6.0.jar:/Users/dzmitryplatonov/.gradle/caches/modules-2/files-2.1/com.nimbusds/nimbus-jose-jwt/6.0.2/81605278e5df1cf4c3774851649b85cade077fa5/nimbus-jose-jwt-6.0.2.jar:/Users/dzmitryplatonov/.gradle/caches/modules-2/files-2.1/com.google.inject/guice/3.0/9d84f15fe35e2c716a02979fb62f50a29f38aefa/guice-3.0.jar:/Users/dzmitryplatonov/.gradle/caches/modules-2/files-2.1/org.openid4java/openid4java-nodeps/0.9.6/52ca394f5f6d38b78e35a5a6a0a341dc5b3aaf34/openid4java-nodeps-0.9.6.jar:/Users/dzmitryplatonov/.gradle/caches/modules-2/files-2.1/net.sourceforge.nekohtml/nekohtml/1.9.22/4f54af68ecb345f2453fb6884672ad08414154e3/nekohtml-1.9.22.jar:/Users/dzmitryplatonov/.gradle/caches/modules-2/files-2.1/org.apache.httpcomponents/httpclient/4.5.10/7ca2e4276f4ef95e4db725a8cd4a1d1e7585b9e5/httpclient-4.5.10.jar:/Users/dzmitryplatonov/.gradle/caches/modules-2/files-2.1/commons-codec/commons-codec/1.13/3f18e1aa31031d89db6f01ba05d501258ce69d2c/commons-codec-1.13.jar:/Users/dzmitryplatonov/.m2/repository/commons-io/commons-io/2.6/commons-io-2.6.jar:/Users/dzmitryplatonov/.gradle/caches/modules-2/files-2.1/com.google.guava/guava/27.1-jre/e47b59c893079b87743cdcfb6f17ca95c08c592c/guava-27.1-jre.jar:/Users/dzmitryplatonov/.gradle/caches/modules-2/files-2.1/io.jsonwebtoken/jjwt-api/0.10.7/52e888d8424d3c788e23fedfbfc65ce36830ab1a/jjwt-api-0.10.7.jar:/Users/dzmitryplatonov/.m2/repository/org/junit/platform/junit-platform-engine/1.3.1/junit-platform-engine-1.3.1.jar:/Users/dzmitryplatonov/.m2/repository/org/junit/platform/junit-platform-commons/1.3.1/junit-platform-commons-1.3.1.jar:/Users/dzmitryplatonov/.m2/repository/org/apiguardian/apiguardian-api/1.0.0/apiguardian-api-1.0.0.jar:/Users/dzmitryplatonov/.gradle/caches/modules-2/files-2.1/net.bytebuddy/byte-buddy/1.9.11/985bbce599f92d6440582a7d1a5231bfaae9970f/byte-buddy-1.9.11.jar:/Users/dzmitryplatonov/.m2/repository/net/bytebuddy/byte-buddy-agent/1.9.10/byte-buddy-agent-1.9.10.jar:/Users/dzmitryplatonov/.m2/repository/org/objenesis/objenesis/2.6/objenesis-2.6.jar:/Users/dzmitryplatonov/.m2/repository/org/opentest4j/opentest4j/1.1.1/opentest4j-1.1.1.jar:/Users/dzmitryplatonov/.m2/repository/org/aspectj/aspectjweaver/1.9.4/aspectjweaver-1.9.4.jar:/Users/dzmitryplatonov/.m2/repository/javax/activation/javax.activation-api/1.2.0/javax.activation-api-1.2.0.jar:/Users/dzmitryplatonov/.m2/repository/javax/persistence/javax.persistence-api/2.2/javax.persistence-api-2.2.jar:/Users/dzmitryplatonov/.m2/repository/org/javassist/javassist/3.23.2-GA/javassist-3.23.2-GA.jar:/Users/dzmitryplatonov/.m2/repository/antlr/antlr/2.7.7/antlr-2.7.7.jar:/Users/dzmitryplatonov/.m2/repository/org/jboss/jandex/2.0.5.Final/jandex-2.0.5.Final.jar:/Users/dzmitryplatonov/.m2/repository/org/dom4j/dom4j/2.1.1/dom4j-2.1.1.jar:/Users/dzmitryplatonov/.m2/repository/org/yaml/snakeyaml/1.23/snakeyaml-1.23.jar:/Users/dzmitryplatonov/.gradle/caches/modules-2/files-2.1/org.apache.tomcat.embed/tomcat-embed-websocket/9.0.26/8991b1bd82c5745e95a9161472a92dc1e5c7148e/tomcat-embed-websocket-9.0.26.jar:/Users/dzmitryplatonov/.gradle/caches/modules-2/files-2.1/org.apache.tomcat.embed/tomcat-embed-core/9.0.26/6312ba542bc58fa9ee789a43516ce4d862548a6b/tomcat-embed-core-9.0.26.jar:/Users/dzmitryplatonov/.gradle/caches/modules-2/files-2.1/org.apache.tomcat.embed/tomcat-embed-el/9.0.26/a551f05d3ecf5434eaadd75e0b51519447df124/tomcat-embed-el-9.0.26.jar:/Users/dzmitryplatonov/.gradle/caches/modules-2/files-2.1/org.codehaus.jackson/jackson-mapper-asl/1.9.13/1ee2f2bed0e5dd29d1cb155a166e6f8d50bbddb7/jackson-mapper-asl-1.9.13.jar:/Users/dzmitryplatonov/.gradle/caches/modules-2/files-2.1/org.bouncycastle/bcpkix-jdk15on/1.60/d0c46320fbc07be3a24eb13a56cee4e3d38e0c75/bcpkix-jdk15on-1.60.jar:/Users/dzmitryplatonov/.gradle/caches/modules-2/files-2.1/org.glassfish.jaxb/txw2/2.3.1/a09d2c48d3285f206fafbffe0e50619284e92126/txw2-2.3.1.jar:/Users/dzmitryplatonov/.gradle/caches/modules-2/files-2.1/com.sun.istack/istack-commons-runtime/3.0.7/c197c86ceec7318b1284bffb49b54226ca774003/istack-commons-runtime-3.0.7.jar:/Users/dzmitryplatonov/.gradle/caches/modules-2/files-2.1/org.jvnet.staxex/stax-ex/1.8/8cc35f73da321c29973191f2cf143d29d26a1df7/stax-ex-1.8.jar:/Users/dzmitryplatonov/.gradle/caches/modules-2/files-2.1/com.sun.xml.fastinfoset/FastInfoset/1.2.15/bb7b7ec0379982b97c62cd17465cb6d9155f68e8/FastInfoset-1.2.15.jar:/Users/dzmitryplatonov/.gradle/caches/modules-2/files-2.1/com.sun.mail/javax.mail/1.6.1/757ba4630692bb2a1ec2d9d57a616b63f15e947e/javax.mail-1.6.1.jar:/Users/dzmitryplatonov/.gradle/caches/modules-2/files-2.1/com.github.stephenc.jcip/jcip-annotations/1.0-1/ef31541dd28ae2cefdd17c7ebf352d93e9058c63/jcip-annotations-1.0-1.jar:/Users/dzmitryplatonov/.m2/repository/net/minidev/json-smart/2.3/json-smart-2.3.jar:/Users/dzmitryplatonov/.gradle/caches/modules-2/files-2.1/com.nimbusds/lang-tag/1.4.4/1db9a709239ae473a69b5424c7e78d0b7108229d/lang-tag-1.4.4.jar:/Users/dzmitryplatonov/.gradle/caches/modules-2/files-2.1/org.springframework/spring-jcl/5.2.0.RELEASE/59b53ab6f01dd3ba85875b61a284c161584c18a3/spring-jcl-5.2.0.RELEASE.jar:/Users/dzmitryplatonov/.m2/repository/javax/inject/javax.inject/1/javax.inject-1.jar:/Users/dzmitryplatonov/.gradle/caches/modules-2/files-2.1/org.sonatype.sisu.inject/cglib/2.2.1-v20090111/7ce5e983fd0e6c78346f4c9cbfa39d83049dda2/cglib-2.2.1-v20090111.jar:/Users/dzmitryplatonov/.m2/repository/commons-logging/commons-logging/1.2/commons-logging-1.2.jar:/Users/dzmitryplatonov/.m2/repository/net/jcip/jcip-annotations/1.0/jcip-annotations-1.0.jar:/Users/dzmitryplatonov/.m2/repository/xerces/xercesImpl/2.11.0/xercesImpl-2.11.0.jar:/Users/dzmitryplatonov/.gradle/caches/modules-2/files-2.1/org.apache.httpcomponents/httpcore/4.4.12/21ebaf6d532bc350ba95bd81938fa5f0e511c132/httpcore-4.4.12.jar:/Users/dzmitryplatonov/.gradle/caches/modules-2/files-2.1/com.google.guava/failureaccess/1.0.1/1dcf1de382a0bf95a3d8b0849546c88bac1292c9/failureaccess-1.0.1.jar:/Users/dzmitryplatonov/.gradle/caches/modules-2/files-2.1/com.google.guava/listenablefuture/9999.0-empty-to-avoid-conflict-with-guava/b421526c5f297295adef1c886e5246c39d4ac629/listenablefuture-9999.0-empty-to-avoid-conflict-with-guava.jar:/Users/dzmitryplatonov/.m2/repository/com/google/code/findbugs/jsr305/3.0.2/jsr305-3.0.2.jar:/Users/dzmitryplatonov/.gradle/caches/modules-2/files-2.1/org.checkerframework/checker-qual/2.5.2/cea74543d5904a30861a61b4643a5f2bb372efc4/checker-qual-2.5.2.jar:/Users/dzmitryplatonov/.gradle/caches/modules-2/files-2.1/com.google.errorprone/error_prone_annotations/2.2.0/88e3c593e9b3586e1c6177f89267da6fc6986f0c/error_prone_annotations-2.2.0.jar:/Users/dzmitryplatonov/.gradle/caches/modules-2/files-2.1/com.google.j2objc/j2objc-annotations/1.1/ed28ded51a8b1c6b112568def5f4b455e6809019/j2objc-annotations-1.1.jar:/Users/dzmitryplatonov/.gradle/caches/modules-2/files-2.1/org.codehaus.mojo/animal-sniffer-annotations/1.17/f97ce6decaea32b36101e37979f8b647f00681fb/animal-sniffer-annotations-1.17.jar:/Users/dzmitryplatonov/.gradle/caches/modules-2/files-2.1/org.codehaus.jackson/jackson-core-asl/1.9.13/3c304d70f42f832e0a86d45bd437f692129299a4/jackson-core-asl-1.9.13.jar:/Users/dzmitryplatonov/.gradle/caches/modules-2/files-2.1/org.bouncycastle/bcprov-jdk15on/1.60/bd47ad3bd14b8e82595c7adaa143501e60842a84/bcprov-jdk15on-1.60.jar:/Users/dzmitryplatonov/.m2/repository/javax/activation/activation/1.1/activation-1.1.jar:/Users/dzmitryplatonov/.m2/repository/net/minidev/accessors-smart/1.2/accessors-smart-1.2.jar:/Users/dzmitryplatonov/.gradle/caches/modules-2/files-2.1/asm/asm/3.1/c157def142714c544bdea2e6144645702adf7097/asm-3.1.jar:/Users/dzmitryplatonov/.m2/repository/xml-apis/xml-apis/1.4.01/xml-apis-1.4.01.jar:/Users/dzmitryplatonov/.m2/repository/ch/qos/logback/logback-core/1.2.3/logback-core-1.2.3.jar:/Users/dzmitryplatonov/.gradle/caches/modules-2/files-2.1/org.apache.tomcat/tomcat-annotations-api/9.0.26/bb4574456c5db64acfcd2aa6f426d87e6c05a772/tomcat-annotations-api-9.0.26.jar:/Users/dzmitryplatonov/.m2/repository/org/ow2/asm/asm/5.0.4/asm-5.0.4.jar, java.vm.vendor=Oracle Corporation, sun.arch.data.model=64, user.variant=, java.vendor.url=http://java.oracle.com/, user.timezone=Europe/Minsk, os.name=Mac OS X, java.vm.specification.version=11, javax.persistence.validation.mode=AUTO, user.country=BY, sun.java.launcher=SUN_STANDARD, sun.boot.library.path=/Library/Java/JavaVirtualMachines/jdk-11.0.4.jdk/Contents/Home/lib, sun.java.command=worker.org.gradle.process.internal.worker.GradleWorkerMain 'Gradle Test Executor 3', hibernate.transaction.jta.platform=org.hibernate.engine.transaction.jta.platform.internal.NoJtaPlatform@4258e44a, http.nonProxyHosts=local|*.local|169.254/16|*.169.254/16, javax.persistence.sharedCache.mode=UNSPECIFIED, jdk.debug=release, sun.cpu.endian=little, user.home=/Users/dzmitryplatonov, user.language=ru, java.specification.vendor=Oracle Corporation, org.gradle.native=false, java.version.date=2019-07-16, java.home=/Library/Java/JavaVirtualMachines/jdk-11.0.4.jdk/Contents/Home, file.separator=/, java.vm.compressedOopsMode=Zero based, line.separator=
, java.specification.name=Java Platform API Specification, java.vm.specification.vendor=Oracle Corporation, hibernate.transaction.coordinator_class=class org.hibernate.resource.transaction.backend.jdbc.internal.JdbcResourceLocalTransactionCoordinatorBuilderImpl, java.awt.graphicsenv=sun.awt.CGraphicsEnvironment, hibernate.hbm2ddl.auto=create-drop, sun.management.compiler=HotSpot 64-Bit Tiered Compilers, ftp.nonProxyHosts=local|*.local|169.254/16|*.169.254/16, java.runtime.version=11.0.4+10-LTS, user.name=dzmitryplatonov, path.separator=:, os.version=10.14.6, java.runtime.name=Java(TM) SE Runtime Environment, file.encoding=UTF-8, hibernate.ejb.persistenceUnitName=default, java.vm.name=Java HotSpot(TM) 64-Bit Server VM, java.vendor.version=18.9, java.vendor.url.bug=http://bugreport.java.com/bugreport/, java.io.tmpdir=/var/folders/nm/5f650mms7n577yq7w4kkdfl80000gn/T/, com.zaxxer.hikari.pool_number=1, java.version=11.0.4, hibernate.physical_naming_strategy=org.springframework.boot.orm.jpa.hibernate.SpringPhysicalNamingStrategy, user.dir=/Users/dzmitryplatonov/Desktop/workdir/giftcertificates/datasource, os.arch=x86_64, java.vm.specification.name=Java Virtual Machine Specification, java.awt.printerjob=sun.lwawt.macosx.CPrinterJob, sun.os.patch.level=unknown, hibernate.boot.CfgXmlAccessService.key=org.hibernate.boot.cfgxml.spi.LoadedConfig@1eb11da6, java.library.path=/Users/dzmitryplatonov/Library/Java/Extensions:/Library/Java/Extensions:/Network/Library/Java/Extensions:/System/Library/Java/Extensions:/usr/lib/java:., java.vendor=Oracle Corporation, java.vm.info=mixed mode, java.vm.version=11.0.4+10-LTS, hibernate.bytecode.use_reflection_optimizer=false, sun.io.unicode.encoding=UnicodeBig, hibernate.connection.datasource=HikariDataSource (HikariPool-8), socksNonProxyHosts=local|*.local|169.254/16|*.169.254/16, java.class.version=55.0}
17:03:31.712 [Test worker] DEBUG org.hibernate.validator.internal.engine.resolver.TraversableResolvers - Found javax.persistence.Persistence on classpath containing 'getPersistenceUtil'. Assuming JPA 2 environment. Trying to instantiate JPA aware TraversableResolver
17:03:31.712 [Test worker] DEBUG org.hibernate.validator.internal.engine.resolver.TraversableResolvers - Instantiated JPA aware TraversableResolver of type org.hibernate.validator.internal.engine.resolver.JPATraversableResolver.
17:03:31.712 [Test worker] DEBUG org.hibernate.validator.internal.xml.config.ValidationXmlParser - Trying to load META-INF/validation.xml for XML based Validator configuration.
17:03:31.712 [Test worker] DEBUG org.hibernate.validator.internal.xml.config.ResourceLoaderHelper - Trying to load META-INF/validation.xml via TCCL
17:03:31.712 [Test worker] DEBUG org.hibernate.validator.internal.xml.config.ResourceLoaderHelper - Trying to load META-INF/validation.xml via Hibernate Validator's class loader
17:03:31.713 [Test worker] DEBUG org.hibernate.validator.internal.xml.config.ValidationXmlParser - No META-INF/validation.xml found. Using annotation based configuration only.
17:03:31.719 [Test worker] DEBUG org.hibernate.validator.messageinterpolation.ResourceBundleMessageInterpolator - Loaded expression factory via original TCCL
17:03:31.719 [Test worker] DEBUG org.hibernate.validator.internal.engine.ValidatorFactoryImpl - HV000234: Using org.hibernate.validator.messageinterpolation.ResourceBundleMessageInterpolator as ValidatorFactory-scoped message interpolator.
17:03:31.719 [Test worker] DEBUG org.hibernate.validator.internal.engine.ValidatorFactoryImpl - HV000234: Using org.hibernate.validator.internal.engine.resolver.JPATraversableResolver as ValidatorFactory-scoped traversable resolver.
17:03:31.720 [Test worker] DEBUG org.hibernate.validator.internal.engine.ValidatorFactoryImpl - HV000234: Using org.hibernate.validator.internal.util.ExecutableParameterNameProvider as ValidatorFactory-scoped parameter name provider.
17:03:31.720 [Test worker] DEBUG org.hibernate.validator.internal.engine.ValidatorFactoryImpl - HV000234: Using org.hibernate.validator.internal.engine.DefaultClockProvider as ValidatorFactory-scoped clock provider.
17:03:31.720 [Test worker] DEBUG org.hibernate.validator.internal.engine.ValidatorFactoryImpl - HV000234: Using org.hibernate.validator.internal.engine.scripting.DefaultScriptEvaluatorFactory as ValidatorFactory-scoped script evaluator factory.
17:03:31.720 [Test worker] DEBUG org.hibernate.boot.internal.ClassLoaderAccessImpl - Not known whether passed class name [com.epam.esm.entity.Order] is safe
17:03:31.720 [Test worker] DEBUG org.hibernate.boot.internal.ClassLoaderAccessImpl - No temp ClassLoader provided; using live ClassLoader for loading potentially unsafe class : com.epam.esm.entity.Order
17:03:31.722 [Test worker] DEBUG org.hibernate.boot.internal.ClassLoaderAccessImpl - Not known whether passed class name [com.epam.esm.entity.GiftCertificate] is safe
17:03:31.722 [Test worker] DEBUG org.hibernate.boot.internal.ClassLoaderAccessImpl - No temp ClassLoader provided; using live ClassLoader for loading potentially unsafe class : com.epam.esm.entity.GiftCertificate
17:03:31.724 [Test worker] DEBUG org.hibernate.boot.internal.ClassLoaderAccessImpl - Not known whether passed class name [com.epam.esm.entity.User] is safe
17:03:31.724 [Test worker] DEBUG org.hibernate.boot.internal.ClassLoaderAccessImpl - No temp ClassLoader provided; using live ClassLoader for loading potentially unsafe class : com.epam.esm.entity.User
17:03:31.725 [Test worker] DEBUG org.hibernate.boot.internal.ClassLoaderAccessImpl - Not known whether passed class name [com.epam.esm.entity.Entity] is safe
17:03:31.725 [Test worker] DEBUG org.hibernate.boot.internal.ClassLoaderAccessImpl - No temp ClassLoader provided; using live ClassLoader for loading potentially unsafe class : com.epam.esm.entity.Entity
17:03:31.726 [Test worker] DEBUG org.hibernate.boot.internal.ClassLoaderAccessImpl - Not known whether passed class name [com.epam.esm.entity.Tag] is safe
17:03:31.726 [Test worker] DEBUG org.hibernate.boot.internal.ClassLoaderAccessImpl - No temp ClassLoader provided; using live ClassLoader for loading potentially unsafe class : com.epam.esm.entity.Tag
17:03:31.727 [Test worker] DEBUG org.hibernate.boot.internal.ClassLoaderAccessImpl - Not known whether passed class name [com.epam.esm.entity.OrderCertificate] is safe
17:03:31.727 [Test worker] DEBUG org.hibernate.boot.internal.ClassLoaderAccessImpl - No temp ClassLoader provided; using live ClassLoader for loading potentially unsafe class : com.epam.esm.entity.OrderCertificate
17:03:31.728 [Test worker] DEBUG org.hibernate.boot.internal.ClassLoaderAccessImpl - Not known whether passed class name [com.epam.esm.entity.Role] is safe
17:03:31.728 [Test worker] DEBUG org.hibernate.boot.internal.ClassLoaderAccessImpl - No temp ClassLoader provided; using live ClassLoader for loading potentially unsafe class : com.epam.esm.entity.Role
17:03:31.729 [Test worker] DEBUG org.hibernate.secure.spi.JaccIntegrator - Skipping JACC integration as it was not enabled
17:03:31.729 [Test worker] DEBUG org.hibernate.internal.SessionFactoryImpl - Instantiated session factory
17:03:31.729 [Test worker] DEBUG org.hibernate.type.spi.TypeConfiguration$Scope - Scoping TypeConfiguration [org.hibernate.type.spi.TypeConfiguration@2df50056] to SessionFactoryImpl [org.hibernate.internal.SessionFactoryImpl@1fc0175c]
17:03:31.729 [Test worker] DEBUG org.hibernate.boot.internal.ClassLoaderAccessImpl - Not known whether passed class name [com.epam.esm.entity.Order] is safe
17:03:31.729 [Test worker] DEBUG org.hibernate.boot.internal.ClassLoaderAccessImpl - No temp ClassLoader provided; using live ClassLoader for loading potentially unsafe class : com.epam.esm.entity.Order
17:03:31.730 [Test worker] DEBUG org.hibernate.boot.internal.ClassLoaderAccessImpl - Not known whether passed class name [com.epam.esm.entity.Order] is safe
17:03:31.730 [Test worker] DEBUG org.hibernate.boot.internal.ClassLoaderAccessImpl - No temp ClassLoader provided; using live ClassLoader for loading potentially unsafe class : com.epam.esm.entity.Order
17:03:31.738 [Test worker] DEBUG org.hibernate.boot.internal.ClassLoaderAccessImpl - Not known whether passed class name [com.epam.esm.entity.GiftCertificate] is safe
17:03:31.738 [Test worker] DEBUG org.hibernate.boot.internal.ClassLoaderAccessImpl - No temp ClassLoader provided; using live ClassLoader for loading potentially unsafe class : com.epam.esm.entity.GiftCertificate
17:03:31.738 [Test worker] DEBUG org.hibernate.boot.internal.ClassLoaderAccessImpl - Not known whether passed class name [com.epam.esm.entity.GiftCertificate] is safe
17:03:31.738 [Test worker] DEBUG org.hibernate.boot.internal.ClassLoaderAccessImpl - No temp ClassLoader provided; using live ClassLoader for loading potentially unsafe class : com.epam.esm.entity.GiftCertificate
17:03:31.749 [Test worker] DEBUG org.hibernate.boot.internal.ClassLoaderAccessImpl - Not known whether passed class name [com.epam.esm.entity.User] is safe
17:03:31.749 [Test worker] DEBUG org.hibernate.boot.internal.ClassLoaderAccessImpl - No temp ClassLoader provided; using live ClassLoader for loading potentially unsafe class : com.epam.esm.entity.User
17:03:31.749 [Test worker] DEBUG org.hibernate.boot.internal.ClassLoaderAccessImpl - Not known whether passed class name [com.epam.esm.entity.User] is safe
17:03:31.749 [Test worker] DEBUG org.hibernate.boot.internal.ClassLoaderAccessImpl - No temp ClassLoader provided; using live ClassLoader for loading potentially unsafe class : com.epam.esm.entity.User
17:03:31.760 [Test worker] DEBUG org.hibernate.boot.internal.ClassLoaderAccessImpl - Not known whether passed class name [com.epam.esm.entity.Entity] is safe
17:03:31.760 [Test worker] DEBUG org.hibernate.boot.internal.ClassLoaderAccessImpl - No temp ClassLoader provided; using live ClassLoader for loading potentially unsafe class : com.epam.esm.entity.Entity
17:03:31.760 [Test worker] DEBUG org.hibernate.boot.internal.ClassLoaderAccessImpl - Not known whether passed class name [com.epam.esm.entity.Entity] is safe
17:03:31.760 [Test worker] DEBUG org.hibernate.boot.internal.ClassLoaderAccessImpl - No temp ClassLoader provided; using live ClassLoader for loading potentially unsafe class : com.epam.esm.entity.Entity
17:03:31.766 [Test worker] DEBUG org.hibernate.boot.internal.ClassLoaderAccessImpl - Not known whether passed class name [com.epam.esm.entity.Tag] is safe
17:03:31.766 [Test worker] DEBUG org.hibernate.boot.internal.ClassLoaderAccessImpl - No temp ClassLoader provided; using live ClassLoader for loading potentially unsafe class : com.epam.esm.entity.Tag
17:03:31.766 [Test worker] DEBUG org.hibernate.boot.internal.ClassLoaderAccessImpl - Not known whether passed class name [com.epam.esm.entity.Tag] is safe
17:03:31.766 [Test worker] DEBUG org.hibernate.boot.internal.ClassLoaderAccessImpl - No temp ClassLoader provided; using live ClassLoader for loading potentially unsafe class : com.epam.esm.entity.Tag
17:03:31.766 [HikariPool-8 housekeeper] DEBUG com.zaxxer.hikari.pool.HikariPool - HikariPool-8 - Pool stats (total=1, active=0, idle=1, waiting=0)
17:03:31.767 [HikariPool-8 connection adder] DEBUG com.zaxxer.hikari.pool.HikariPool - HikariPool-8 - Added connection conn71: url=jdbc:h2:mem:testdb user=SA
17:03:31.768 [HikariPool-8 connection adder] DEBUG com.zaxxer.hikari.pool.HikariPool - HikariPool-8 - Added connection conn72: url=jdbc:h2:mem:testdb user=SA
17:03:31.769 [HikariPool-8 connection adder] DEBUG com.zaxxer.hikari.pool.HikariPool - HikariPool-8 - Added connection conn73: url=jdbc:h2:mem:testdb user=SA
17:03:31.769 [HikariPool-8 connection adder] DEBUG com.zaxxer.hikari.pool.HikariPool - HikariPool-8 - Added connection conn74: url=jdbc:h2:mem:testdb user=SA
17:03:31.770 [HikariPool-8 connection adder] DEBUG com.zaxxer.hikari.pool.HikariPool - HikariPool-8 - Added connection conn75: url=jdbc:h2:mem:testdb user=SA
17:03:31.770 [HikariPool-8 connection adder] DEBUG com.zaxxer.hikari.pool.HikariPool - HikariPool-8 - Added connection conn76: url=jdbc:h2:mem:testdb user=SA
17:03:31.771 [HikariPool-8 connection adder] DEBUG com.zaxxer.hikari.pool.HikariPool - HikariPool-8 - Added connection conn77: url=jdbc:h2:mem:testdb user=SA
17:03:31.771 [HikariPool-8 connection adder] DEBUG com.zaxxer.hikari.pool.HikariPool - HikariPool-8 - Added connection conn78: url=jdbc:h2:mem:testdb user=SA
17:03:31.772 [HikariPool-8 connection adder] DEBUG com.zaxxer.hikari.pool.HikariPool - HikariPool-8 - Added connection conn79: url=jdbc:h2:mem:testdb user=SA
17:03:31.772 [HikariPool-8 connection adder] DEBUG com.zaxxer.hikari.pool.HikariPool - HikariPool-8 - After adding stats (total=10, active=0, idle=10, waiting=0)
17:03:31.773 [Test worker] DEBUG org.hibernate.boot.internal.ClassLoaderAccessImpl - Not known whether passed class name [com.epam.esm.entity.OrderCertificate] is safe
17:03:31.773 [Test worker] DEBUG org.hibernate.boot.internal.ClassLoaderAccessImpl - No temp ClassLoader provided; using live ClassLoader for loading potentially unsafe class : com.epam.esm.entity.OrderCertificate
17:03:31.773 [Test worker] DEBUG org.hibernate.boot.internal.ClassLoaderAccessImpl - Not known whether passed class name [com.epam.esm.entity.OrderCertificate] is safe
17:03:31.773 [Test worker] DEBUG org.hibernate.boot.internal.ClassLoaderAccessImpl - No temp ClassLoader provided; using live ClassLoader for loading potentially unsafe class : com.epam.esm.entity.OrderCertificate
17:03:31.780 [Test worker] DEBUG org.hibernate.boot.internal.ClassLoaderAccessImpl - Not known whether passed class name [com.epam.esm.entity.Role] is safe
17:03:31.780 [Test worker] DEBUG org.hibernate.boot.internal.ClassLoaderAccessImpl - No temp ClassLoader provided; using live ClassLoader for loading potentially unsafe class : com.epam.esm.entity.Role
17:03:31.780 [Test worker] DEBUG org.hibernate.boot.internal.ClassLoaderAccessImpl - Not known whether passed class name [com.epam.esm.entity.Role] is safe
17:03:31.781 [Test worker] DEBUG org.hibernate.boot.internal.ClassLoaderAccessImpl - No temp ClassLoader provided; using live ClassLoader for loading potentially unsafe class : com.epam.esm.entity.Role
17:03:31.786 [Test worker] DEBUG org.hibernate.persister.collection.AbstractCollectionPersister - Static SQL for collection: com.epam.esm.entity.GiftCertificate.tags
17:03:31.786 [Test worker] DEBUG org.hibernate.persister.collection.AbstractCollectionPersister -  Row insert: insert into certificate_tag (certificate_id, tag_id) values (?, ?)
17:03:31.786 [Test worker] DEBUG org.hibernate.persister.collection.AbstractCollectionPersister -  Row update: update certificate_tag set tag_id=? where certificate_id=? and tag_id=?
17:03:31.786 [Test worker] DEBUG org.hibernate.persister.collection.AbstractCollectionPersister -  Row delete: delete from certificate_tag where certificate_id=? and tag_id=?
17:03:31.786 [Test worker] DEBUG org.hibernate.persister.collection.AbstractCollectionPersister -  One-shot delete: delete from certificate_tag where certificate_id=?
17:03:31.786 [Test worker] DEBUG org.hibernate.persister.collection.AbstractCollectionPersister - Static SQL for collection: com.epam.esm.entity.Order.orderCertificates
17:03:31.786 [Test worker] DEBUG org.hibernate.persister.collection.AbstractCollectionPersister -  Row insert: update order_certificate set order_id=? where id=?
17:03:31.786 [Test worker] DEBUG org.hibernate.persister.collection.AbstractCollectionPersister -  Row update: update order_certificate set  where id=?
17:03:31.786 [Test worker] DEBUG org.hibernate.persister.collection.AbstractCollectionPersister -  Row delete: update order_certificate set order_id=null where order_id=? and id=?
17:03:31.786 [Test worker] DEBUG org.hibernate.persister.collection.AbstractCollectionPersister -  One-shot delete: update order_certificate set order_id=null where order_id=?
17:03:31.787 [Test worker] DEBUG org.hibernate.persister.collection.AbstractCollectionPersister - Static SQL for collection: com.epam.esm.entity.GiftCertificate.orderCertificates
17:03:31.787 [Test worker] DEBUG org.hibernate.persister.collection.AbstractCollectionPersister -  Row insert: update order_certificate set certificate_id=? where id=?
17:03:31.787 [Test worker] DEBUG org.hibernate.persister.collection.AbstractCollectionPersister -  Row update: update order_certificate set  where id=?
17:03:31.787 [Test worker] DEBUG org.hibernate.persister.collection.AbstractCollectionPersister -  Row delete: update order_certificate set certificate_id=null where certificate_id=? and id=?
17:03:31.787 [Test worker] DEBUG org.hibernate.persister.collection.AbstractCollectionPersister -  One-shot delete: update order_certificate set certificate_id=null where certificate_id=?
17:03:31.787 [Test worker] DEBUG org.hibernate.persister.collection.AbstractCollectionPersister - Static SQL for collection: com.epam.esm.entity.User.orders
17:03:31.787 [Test worker] DEBUG org.hibernate.persister.collection.AbstractCollectionPersister -  Row insert: update application_order set user_id=? where id=?
17:03:31.787 [Test worker] DEBUG org.hibernate.persister.collection.AbstractCollectionPersister -  Row update: update application_order set  where id=?
17:03:31.787 [Test worker] DEBUG org.hibernate.persister.collection.AbstractCollectionPersister -  Row delete: update application_order set user_id=null where user_id=? and id=?
17:03:31.787 [Test worker] DEBUG org.hibernate.persister.collection.AbstractCollectionPersister -  One-shot delete: update application_order set user_id=null where user_id=?
17:03:31.787 [Test worker] DEBUG org.hibernate.persister.entity.AbstractEntityPersister - Static SQL for entity: com.epam.esm.entity.Order
17:03:31.787 [Test worker] DEBUG org.hibernate.persister.entity.AbstractEntityPersister -  Version select: select id from application_order where id =?
17:03:31.787 [Test worker] DEBUG org.hibernate.persister.entity.AbstractEntityPersister -  Snapshot select: select order_.id, order_.active_status as active_s2_0_, order_.created_at as created_3_0_, order_.user_id as user_id4_0_ from application_order order_ where order_.id=?
17:03:31.787 [Test worker] DEBUG org.hibernate.persister.entity.AbstractEntityPersister -  Insert 0: insert into application_order (active_status, created_at, user_id, id) values (?, ?, ?, ?)
17:03:31.787 [Test worker] DEBUG org.hibernate.persister.entity.AbstractEntityPersister -  Update 0: update application_order set active_status=?, created_at=?, user_id=? where id=?
17:03:31.787 [Test worker] DEBUG org.hibernate.persister.entity.AbstractEntityPersister -  Delete 0: delete from application_order where id=?
17:03:31.787 [Test worker] DEBUG org.hibernate.persister.entity.AbstractEntityPersister -  Identity insert: insert into application_order (id, active_status, created_at, user_id) values (null, ?, ?, ?)
17:03:31.787 [Test worker] DEBUG org.hibernate.loader.plan.build.internal.spaces.QuerySpacesImpl - Adding QuerySpace : uid = <gen:0> -> org.hibernate.loader.plan.build.internal.spaces.EntityQuerySpaceImpl@3466c8aa]
17:03:31.787 [Test worker] DEBUG org.hibernate.persister.walking.spi.MetamodelGraphWalker - Visiting attribute path : activeStatus
17:03:31.787 [Test worker] DEBUG org.hibernate.persister.walking.spi.MetamodelGraphWalker - Visiting attribute path : createdAt
17:03:31.787 [Test worker] DEBUG org.hibernate.persister.walking.spi.MetamodelGraphWalker - Visiting attribute path : orderCertificates
17:03:31.788 [Test worker] DEBUG org.hibernate.loader.plan.build.internal.spaces.QuerySpacesImpl - Adding QuerySpace : uid = <gen:1> -> org.hibernate.loader.plan.build.internal.spaces.CollectionQuerySpaceImpl@d044566]
17:03:31.788 [Test worker] DEBUG org.hibernate.loader.plan.build.internal.spaces.QuerySpacesImpl - Adding QuerySpace : uid = <gen:2> -> org.hibernate.loader.plan.build.internal.spaces.EntityQuerySpaceImpl@3b20dd40]
17:03:31.788 [Test worker] DEBUG org.hibernate.persister.walking.spi.MetamodelGraphWalker - Visiting attribute path : user
17:03:31.788 [Test worker] DEBUG org.hibernate.loader.plan.build.internal.spaces.QuerySpacesImpl - Adding QuerySpace : uid = <gen:3> -> org.hibernate.loader.plan.build.internal.spaces.EntityQuerySpaceImpl@39817116]
17:03:31.788 [Test worker] DEBUG org.hibernate.persister.walking.spi.MetamodelGraphWalker - Visiting attribute path : user.email
17:03:31.788 [Test worker] DEBUG org.hibernate.persister.walking.spi.MetamodelGraphWalker - Visiting attribute path : user.orders
17:03:31.788 [Test worker] DEBUG org.hibernate.persister.walking.spi.MetamodelGraphWalker - Property path deemed to be circular : user.orders
17:03:31.788 [Test worker] DEBUG org.hibernate.persister.walking.spi.MetamodelGraphWalker - Visiting attribute path : user.password
17:03:31.788 [Test worker] DEBUG org.hibernate.persister.walking.spi.MetamodelGraphWalker - Visiting attribute path : user.refreshToken
17:03:31.788 [Test worker] DEBUG org.hibernate.persister.walking.spi.MetamodelGraphWalker - Visiting attribute path : user.role
17:03:31.788 [Test worker] DEBUG org.hibernate.loader.plan.build.internal.spaces.QuerySpacesImpl - Adding QuerySpace : uid = <gen:4> -> org.hibernate.loader.plan.build.internal.spaces.EntityQuerySpaceImpl@140c109]
17:03:31.788 [Test worker] DEBUG org.hibernate.persister.walking.spi.MetamodelGraphWalker - Visiting attribute path : user.role.value
17:03:31.788 [Test worker] DEBUG org.hibernate.loader.plan.build.internal.FetchStyleLoadPlanBuildingAssociationVisitationStrategy - Building LoadPlan...
17:03:31.788 [Test worker] DEBUG org.hibernate.loader.plan.exec.internal.LoadQueryJoinAndFetchProcessor - processing queryspace <gen:0>
17:03:31.789 [Test worker] DEBUG org.hibernate.loader.plan.build.spi.LoadPlanTreePrinter - LoadPlan(entity=com.epam.esm.entity.Order)
    - Returns
       - EntityReturnImpl(entity=com.epam.esm.entity.Order, querySpaceUid=<gen:0>, path=com.epam.esm.entity.Order)
          - CollectionAttributeFetchImpl(collection=com.epam.esm.entity.Order.orderCertificates, querySpaceUid=<gen:1>, path=com.epam.esm.entity.Order.orderCertificates)
             - (collection element) CollectionFetchableElementEntityGraph(entity=com.epam.esm.entity.OrderCertificate, querySpaceUid=<gen:2>, path=com.epam.esm.entity.Order.orderCertificates.<elements>)
          - EntityAttributeFetchImpl(entity=com.epam.esm.entity.User, querySpaceUid=<gen:3>, path=com.epam.esm.entity.Order.user)
             - EntityAttributeFetchImpl(entity=com.epam.esm.entity.Role, querySpaceUid=<gen:4>, path=com.epam.esm.entity.Order.user.role)
    - QuerySpaces
       - EntityQuerySpaceImpl(uid=<gen:0>, entity=com.epam.esm.entity.Order)
          - SQL table alias mapping - order0_
          - alias suffix - 0_
          - suffixed key columns - {id1_0_0_}
          - JOIN (JoinDefinedByMetadata(user)) : <gen:0> -> <gen:3>
             - EntityQuerySpaceImpl(uid=<gen:3>, entity=com.epam.esm.entity.User)
                - SQL table alias mapping - user1_
                - alias suffix - 1_
                - suffixed key columns - {id1_2_1_}
                - JOIN (JoinDefinedByMetadata(role)) : <gen:3> -> <gen:4>
                   - EntityQuerySpaceImpl(uid=<gen:4>, entity=com.epam.esm.entity.Role)
                      - SQL table alias mapping - role2_
                      - alias suffix - 2_
                      - suffixed key columns - {id1_1_2_}

17:03:31.789 [Test worker] DEBUG org.hibernate.loader.entity.plan.EntityLoader - Static select for entity com.epam.esm.entity.Order [NONE]: select order0_.id as id1_0_0_, order0_.active_status as active_s2_0_0_, order0_.created_at as created_3_0_0_, order0_.user_id as user_id4_0_0_, user1_.id as id1_2_1_, user1_.email as email2_2_1_, user1_.password as password3_2_1_, user1_.refresh_token as refresh_4_2_1_, user1_.role_id as role_id5_2_1_, role2_.id as id1_1_2_, role2_.value as value2_1_2_ from application_order order0_ left outer join application_user user1_ on order0_.user_id=user1_.id left outer join application_role role2_ on user1_.role_id=role2_.id where order0_.id=?
17:03:31.789 [Test worker] DEBUG org.hibernate.loader.plan.build.internal.spaces.QuerySpacesImpl - Adding QuerySpace : uid = <gen:0> -> org.hibernate.loader.plan.build.internal.spaces.EntityQuerySpaceImpl@e0c09ed]
17:03:31.789 [Test worker] DEBUG org.hibernate.persister.walking.spi.MetamodelGraphWalker - Visiting attribute path : activeStatus
17:03:31.789 [Test worker] DEBUG org.hibernate.persister.walking.spi.MetamodelGraphWalker - Visiting attribute path : createdAt
17:03:31.789 [Test worker] DEBUG org.hibernate.persister.walking.spi.MetamodelGraphWalker - Visiting attribute path : orderCertificates
17:03:31.789 [Test worker] DEBUG org.hibernate.loader.plan.build.internal.spaces.QuerySpacesImpl - Adding QuerySpace : uid = <gen:1> -> org.hibernate.loader.plan.build.internal.spaces.CollectionQuerySpaceImpl@235ff572]
17:03:31.790 [Test worker] DEBUG org.hibernate.loader.plan.build.internal.spaces.QuerySpacesImpl - Adding QuerySpace : uid = <gen:2> -> org.hibernate.loader.plan.build.internal.spaces.EntityQuerySpaceImpl@21df4593]
17:03:31.790 [Test worker] DEBUG org.hibernate.persister.walking.spi.MetamodelGraphWalker - Visiting attribute path : user
17:03:31.790 [Test worker] DEBUG org.hibernate.loader.plan.build.internal.spaces.QuerySpacesImpl - Adding QuerySpace : uid = <gen:3> -> org.hibernate.loader.plan.build.internal.spaces.EntityQuerySpaceImpl@4f726324]
17:03:31.790 [Test worker] DEBUG org.hibernate.persister.walking.spi.MetamodelGraphWalker - Visiting attribute path : user.email
17:03:31.790 [Test worker] DEBUG org.hibernate.persister.walking.spi.MetamodelGraphWalker - Visiting attribute path : user.orders
17:03:31.790 [Test worker] DEBUG org.hibernate.persister.walking.spi.MetamodelGraphWalker - Property path deemed to be circular : user.orders
17:03:31.790 [Test worker] DEBUG org.hibernate.persister.walking.spi.MetamodelGraphWalker - Visiting attribute path : user.password
17:03:31.790 [Test worker] DEBUG org.hibernate.persister.walking.spi.MetamodelGraphWalker - Visiting attribute path : user.refreshToken
17:03:31.790 [Test worker] DEBUG org.hibernate.persister.walking.spi.MetamodelGraphWalker - Visiting attribute path : user.role
17:03:31.790 [Test worker] DEBUG org.hibernate.loader.plan.build.internal.spaces.QuerySpacesImpl - Adding QuerySpace : uid = <gen:4> -> org.hibernate.loader.plan.build.internal.spaces.EntityQuerySpaceImpl@366cc555]
17:03:31.790 [Test worker] DEBUG org.hibernate.persister.walking.spi.MetamodelGraphWalker - Visiting attribute path : user.role.value
17:03:31.790 [Test worker] DEBUG org.hibernate.loader.plan.build.internal.FetchStyleLoadPlanBuildingAssociationVisitationStrategy - Building LoadPlan...
17:03:31.790 [Test worker] DEBUG org.hibernate.loader.plan.exec.internal.LoadQueryJoinAndFetchProcessor - processing queryspace <gen:0>
17:03:31.791 [Test worker] DEBUG org.hibernate.loader.plan.build.spi.LoadPlanTreePrinter - LoadPlan(entity=com.epam.esm.entity.Order)
    - Returns
       - EntityReturnImpl(entity=com.epam.esm.entity.Order, querySpaceUid=<gen:0>, path=com.epam.esm.entity.Order)
          - CollectionAttributeFetchImpl(collection=com.epam.esm.entity.Order.orderCertificates, querySpaceUid=<gen:1>, path=com.epam.esm.entity.Order.orderCertificates)
             - (collection element) CollectionFetchableElementEntityGraph(entity=com.epam.esm.entity.OrderCertificate, querySpaceUid=<gen:2>, path=com.epam.esm.entity.Order.orderCertificates.<elements>)
          - EntityAttributeFetchImpl(entity=com.epam.esm.entity.User, querySpaceUid=<gen:3>, path=com.epam.esm.entity.Order.user)
             - EntityAttributeFetchImpl(entity=com.epam.esm.entity.Role, querySpaceUid=<gen:4>, path=com.epam.esm.entity.Order.user.role)
    - QuerySpaces
       - EntityQuerySpaceImpl(uid=<gen:0>, entity=com.epam.esm.entity.Order)
          - SQL table alias mapping - order0_
          - alias suffix - 0_
          - suffixed key columns - {id1_0_0_}
          - JOIN (JoinDefinedByMetadata(user)) : <gen:0> -> <gen:3>
             - EntityQuerySpaceImpl(uid=<gen:3>, entity=com.epam.esm.entity.User)
                - SQL table alias mapping - user1_
                - alias suffix - 1_
                - suffixed key columns - {id1_2_1_}
                - JOIN (JoinDefinedByMetadata(role)) : <gen:3> -> <gen:4>
                   - EntityQuerySpaceImpl(uid=<gen:4>, entity=com.epam.esm.entity.Role)
                      - SQL table alias mapping - role2_
                      - alias suffix - 2_
                      - suffixed key columns - {id1_1_2_}

17:03:31.791 [Test worker] DEBUG org.hibernate.loader.entity.plan.EntityLoader - Static select for entity com.epam.esm.entity.Order [READ]: select order0_.id as id1_0_0_, order0_.active_status as active_s2_0_0_, order0_.created_at as created_3_0_0_, order0_.user_id as user_id4_0_0_, user1_.id as id1_2_1_, user1_.email as email2_2_1_, user1_.password as password3_2_1_, user1_.refresh_token as refresh_4_2_1_, user1_.role_id as role_id5_2_1_, role2_.id as id1_1_2_, role2_.value as value2_1_2_ from application_order order0_ left outer join application_user user1_ on order0_.user_id=user1_.id left outer join application_role role2_ on user1_.role_id=role2_.id where order0_.id=?
17:03:31.791 [Test worker] DEBUG org.hibernate.loader.Loader - Static select for action ACTION_MERGE on entity com.epam.esm.entity.Order: select order0_.id as id1_0_0_, order0_.active_status as active_s2_0_0_, order0_.created_at as created_3_0_0_, order0_.user_id as user_id4_0_0_ from application_order order0_ where order0_.id=?
17:03:31.791 [Test worker] DEBUG org.hibernate.loader.Loader - Static select for action ACTION_REFRESH on entity com.epam.esm.entity.Order: select order0_.id as id1_0_0_, order0_.active_status as active_s2_0_0_, order0_.created_at as created_3_0_0_, order0_.user_id as user_id4_0_0_ from application_order order0_ where order0_.id=?
17:03:31.792 [Test worker] DEBUG org.hibernate.persister.entity.AbstractEntityPersister - Static SQL for entity: com.epam.esm.entity.GiftCertificate
17:03:31.792 [Test worker] DEBUG org.hibernate.persister.entity.AbstractEntityPersister -  Version select: select id from certificate where id =?
17:03:31.792 [Test worker] DEBUG org.hibernate.persister.entity.AbstractEntityPersister -  Snapshot select: select giftcertif_.id, giftcertif_.active_status as active_s2_3_, giftcertif_.creation_date as creation3_3_, giftcertif_.description as descript4_3_, giftcertif_.expiration_date as expirati5_3_, giftcertif_.modification_date as modifica6_3_, giftcertif_.name as name7_3_, giftcertif_.price as price8_3_ from certificate giftcertif_ where giftcertif_.id=?
17:03:31.792 [Test worker] DEBUG org.hibernate.persister.entity.AbstractEntityPersister -  Insert 0: insert into certificate (active_status, creation_date, description, expiration_date, modification_date, name, price, id) values (?, ?, ?, ?, ?, ?, ?, ?)
17:03:31.792 [Test worker] DEBUG org.hibernate.persister.entity.AbstractEntityPersister -  Update 0: update certificate set active_status=?, creation_date=?, description=?, expiration_date=?, modification_date=?, name=?, price=? where id=?
17:03:31.792 [Test worker] DEBUG org.hibernate.persister.entity.AbstractEntityPersister -  Delete 0: delete from certificate where id=?
17:03:31.792 [Test worker] DEBUG org.hibernate.persister.entity.AbstractEntityPersister -  Identity insert: insert into certificate (id, active_status, creation_date, description, expiration_date, modification_date, name, price) values (null, ?, ?, ?, ?, ?, ?, ?)
17:03:31.792 [Test worker] DEBUG org.hibernate.loader.plan.build.internal.spaces.QuerySpacesImpl - Adding QuerySpace : uid = <gen:0> -> org.hibernate.loader.plan.build.internal.spaces.EntityQuerySpaceImpl@3173d819]
17:03:31.792 [Test worker] DEBUG org.hibernate.persister.walking.spi.MetamodelGraphWalker - Visiting attribute path : activeStatus
17:03:31.792 [Test worker] DEBUG org.hibernate.persister.walking.spi.MetamodelGraphWalker - Visiting attribute path : creationDate
17:03:31.792 [Test worker] DEBUG org.hibernate.persister.walking.spi.MetamodelGraphWalker - Visiting attribute path : description
17:03:31.792 [Test worker] DEBUG org.hibernate.persister.walking.spi.MetamodelGraphWalker - Visiting attribute path : expirationDate
17:03:31.792 [Test worker] DEBUG org.hibernate.persister.walking.spi.MetamodelGraphWalker - Visiting attribute path : modificationDate
17:03:31.792 [Test worker] DEBUG org.hibernate.persister.walking.spi.MetamodelGraphWalker - Visiting attribute path : name
17:03:31.792 [Test worker] DEBUG org.hibernate.persister.walking.spi.MetamodelGraphWalker - Visiting attribute path : orderCertificates
17:03:31.792 [Test worker] DEBUG org.hibernate.loader.plan.build.internal.spaces.QuerySpacesImpl - Adding QuerySpace : uid = <gen:1> -> org.hibernate.loader.plan.build.internal.spaces.CollectionQuerySpaceImpl@29217f3a]
17:03:31.792 [Test worker] DEBUG org.hibernate.loader.plan.build.internal.spaces.QuerySpacesImpl - Adding QuerySpace : uid = <gen:2> -> org.hibernate.loader.plan.build.internal.spaces.EntityQuerySpaceImpl@63c18d85]
17:03:31.792 [Test worker] DEBUG org.hibernate.persister.walking.spi.MetamodelGraphWalker - Visiting attribute path : price
17:03:31.792 [Test worker] DEBUG org.hibernate.persister.walking.spi.MetamodelGraphWalker - Visiting attribute path : tags
17:03:31.792 [Test worker] DEBUG org.hibernate.loader.plan.build.internal.spaces.QuerySpacesImpl - Adding QuerySpace : uid = <gen:3> -> org.hibernate.loader.plan.build.internal.spaces.CollectionQuerySpaceImpl@4cdd32f4]
17:03:31.792 [Test worker] DEBUG org.hibernate.loader.plan.build.internal.spaces.QuerySpacesImpl - Adding QuerySpace : uid = <gen:4> -> org.hibernate.loader.plan.build.internal.spaces.EntityQuerySpaceImpl@f70aea0]
17:03:31.793 [Test worker] DEBUG org.hibernate.loader.plan.build.internal.FetchStyleLoadPlanBuildingAssociationVisitationStrategy - Building LoadPlan...
17:03:31.793 [Test worker] DEBUG org.hibernate.loader.plan.exec.internal.LoadQueryJoinAndFetchProcessor - processing queryspace <gen:0>
17:03:31.793 [Test worker] DEBUG org.hibernate.loader.plan.build.spi.LoadPlanTreePrinter - LoadPlan(entity=com.epam.esm.entity.GiftCertificate)
    - Returns
       - EntityReturnImpl(entity=com.epam.esm.entity.GiftCertificate, querySpaceUid=<gen:0>, path=com.epam.esm.entity.GiftCertificate)
          - CollectionAttributeFetchImpl(collection=com.epam.esm.entity.GiftCertificate.orderCertificates, querySpaceUid=<gen:1>, path=com.epam.esm.entity.GiftCertificate.orderCertificates)
             - (collection element) CollectionFetchableElementEntityGraph(entity=com.epam.esm.entity.OrderCertificate, querySpaceUid=<gen:2>, path=com.epam.esm.entity.GiftCertificate.orderCertificates.<elements>)
          - CollectionAttributeFetchImpl(collection=com.epam.esm.entity.GiftCertificate.tags, querySpaceUid=<gen:3>, path=com.epam.esm.entity.GiftCertificate.tags)
             - (collection element) CollectionFetchableElementEntityGraph(entity=com.epam.esm.entity.Tag, querySpaceUid=<gen:4>, path=com.epam.esm.entity.GiftCertificate.tags.<elements>)
    - QuerySpaces
       - EntityQuerySpaceImpl(uid=<gen:0>, entity=com.epam.esm.entity.GiftCertificate)
          - SQL table alias mapping - giftcertif0_
          - alias suffix - 0_
          - suffixed key columns - {id1_3_0_}

17:03:31.793 [Test worker] DEBUG org.hibernate.loader.entity.plan.EntityLoader - Static select for entity com.epam.esm.entity.GiftCertificate [NONE]: select giftcertif0_.id as id1_3_0_, giftcertif0_.active_status as active_s2_3_0_, giftcertif0_.creation_date as creation3_3_0_, giftcertif0_.description as descript4_3_0_, giftcertif0_.expiration_date as expirati5_3_0_, giftcertif0_.modification_date as modifica6_3_0_, giftcertif0_.name as name7_3_0_, giftcertif0_.price as price8_3_0_ from certificate giftcertif0_ where giftcertif0_.id=?
17:03:31.793 [Test worker] DEBUG org.hibernate.loader.plan.build.internal.spaces.QuerySpacesImpl - Adding QuerySpace : uid = <gen:0> -> org.hibernate.loader.plan.build.internal.spaces.EntityQuerySpaceImpl@2d0ac8db]
17:03:31.793 [Test worker] DEBUG org.hibernate.persister.walking.spi.MetamodelGraphWalker - Visiting attribute path : activeStatus
17:03:31.793 [Test worker] DEBUG org.hibernate.persister.walking.spi.MetamodelGraphWalker - Visiting attribute path : creationDate
17:03:31.793 [Test worker] DEBUG org.hibernate.persister.walking.spi.MetamodelGraphWalker - Visiting attribute path : description
17:03:31.793 [Test worker] DEBUG org.hibernate.persister.walking.spi.MetamodelGraphWalker - Visiting attribute path : expirationDate
17:03:31.793 [Test worker] DEBUG org.hibernate.persister.walking.spi.MetamodelGraphWalker - Visiting attribute path : modificationDate
17:03:31.793 [Test worker] DEBUG org.hibernate.persister.walking.spi.MetamodelGraphWalker - Visiting attribute path : name
17:03:31.793 [Test worker] DEBUG org.hibernate.persister.walking.spi.MetamodelGraphWalker - Visiting attribute path : orderCertificates
17:03:31.793 [Test worker] DEBUG org.hibernate.loader.plan.build.internal.spaces.QuerySpacesImpl - Adding QuerySpace : uid = <gen:1> -> org.hibernate.loader.plan.build.internal.spaces.CollectionQuerySpaceImpl@67a70575]
17:03:31.793 [Test worker] DEBUG org.hibernate.loader.plan.build.internal.spaces.QuerySpacesImpl - Adding QuerySpace : uid = <gen:2> -> org.hibernate.loader.plan.build.internal.spaces.EntityQuerySpaceImpl@6da8a28f]
17:03:31.793 [Test worker] DEBUG org.hibernate.persister.walking.spi.MetamodelGraphWalker - Visiting attribute path : price
17:03:31.793 [Test worker] DEBUG org.hibernate.persister.walking.spi.MetamodelGraphWalker - Visiting attribute path : tags
17:03:31.793 [Test worker] DEBUG org.hibernate.loader.plan.build.internal.spaces.QuerySpacesImpl - Adding QuerySpace : uid = <gen:3> -> org.hibernate.loader.plan.build.internal.spaces.CollectionQuerySpaceImpl@169ff3f1]
17:03:31.794 [Test worker] DEBUG org.hibernate.loader.plan.build.internal.spaces.QuerySpacesImpl - Adding QuerySpace : uid = <gen:4> -> org.hibernate.loader.plan.build.internal.spaces.EntityQuerySpaceImpl@1279866d]
17:03:31.794 [Test worker] DEBUG org.hibernate.loader.plan.build.internal.FetchStyleLoadPlanBuildingAssociationVisitationStrategy - Building LoadPlan...
17:03:31.794 [Test worker] DEBUG org.hibernate.loader.plan.exec.internal.LoadQueryJoinAndFetchProcessor - processing queryspace <gen:0>
17:03:31.794 [Test worker] DEBUG org.hibernate.loader.plan.build.spi.LoadPlanTreePrinter - LoadPlan(entity=com.epam.esm.entity.GiftCertificate)
    - Returns
       - EntityReturnImpl(entity=com.epam.esm.entity.GiftCertificate, querySpaceUid=<gen:0>, path=com.epam.esm.entity.GiftCertificate)
          - CollectionAttributeFetchImpl(collection=com.epam.esm.entity.GiftCertificate.orderCertificates, querySpaceUid=<gen:1>, path=com.epam.esm.entity.GiftCertificate.orderCertificates)
             - (collection element) CollectionFetchableElementEntityGraph(entity=com.epam.esm.entity.OrderCertificate, querySpaceUid=<gen:2>, path=com.epam.esm.entity.GiftCertificate.orderCertificates.<elements>)
          - CollectionAttributeFetchImpl(collection=com.epam.esm.entity.GiftCertificate.tags, querySpaceUid=<gen:3>, path=com.epam.esm.entity.GiftCertificate.tags)
             - (collection element) CollectionFetchableElementEntityGraph(entity=com.epam.esm.entity.Tag, querySpaceUid=<gen:4>, path=com.epam.esm.entity.GiftCertificate.tags.<elements>)
    - QuerySpaces
       - EntityQuerySpaceImpl(uid=<gen:0>, entity=com.epam.esm.entity.GiftCertificate)
          - SQL table alias mapping - giftcertif0_
          - alias suffix - 0_
          - suffixed key columns - {id1_3_0_}

17:03:31.794 [Test worker] DEBUG org.hibernate.loader.entity.plan.EntityLoader - Static select for entity com.epam.esm.entity.GiftCertificate [READ]: select giftcertif0_.id as id1_3_0_, giftcertif0_.active_status as active_s2_3_0_, giftcertif0_.creation_date as creation3_3_0_, giftcertif0_.description as descript4_3_0_, giftcertif0_.expiration_date as expirati5_3_0_, giftcertif0_.modification_date as modifica6_3_0_, giftcertif0_.name as name7_3_0_, giftcertif0_.price as price8_3_0_ from certificate giftcertif0_ where giftcertif0_.id=?
17:03:31.795 [Test worker] DEBUG org.hibernate.loader.Loader - Static select for action ACTION_MERGE on entity com.epam.esm.entity.GiftCertificate: select giftcertif0_.id as id1_3_2_, giftcertif0_.active_status as active_s2_3_2_, giftcertif0_.creation_date as creation3_3_2_, giftcertif0_.description as descript4_3_2_, giftcertif0_.expiration_date as expirati5_3_2_, giftcertif0_.modification_date as modifica6_3_2_, giftcertif0_.name as name7_3_2_, giftcertif0_.price as price8_3_2_, ordercerti1_.certificate_id as certific4_6_4_, ordercerti1_.id as id1_6_4_, ordercerti1_.id as id1_6_0_, ordercerti1_.certificate_id as certific4_6_0_, ordercerti1_.expiration_date as expirati2_6_0_, ordercerti1_.fixed_price as fixed_pr3_6_0_, ordercerti1_.order_id as order_id5_6_0_, order2_.id as id1_0_1_, order2_.active_status as active_s2_0_1_, order2_.created_at as created_3_0_1_, order2_.user_id as user_id4_0_1_ from certificate giftcertif0_ left outer join order_certificate ordercerti1_ on giftcertif0_.id=ordercerti1_.certificate_id left outer join application_order order2_ on ordercerti1_.order_id=order2_.id where giftcertif0_.id=?
17:03:31.795 [Test worker] DEBUG org.hibernate.loader.Loader - Static select for action ACTION_REFRESH on entity com.epam.esm.entity.GiftCertificate: select giftcertif0_.id as id1_3_2_, giftcertif0_.active_status as active_s2_3_2_, giftcertif0_.creation_date as creation3_3_2_, giftcertif0_.description as descript4_3_2_, giftcertif0_.expiration_date as expirati5_3_2_, giftcertif0_.modification_date as modifica6_3_2_, giftcertif0_.name as name7_3_2_, giftcertif0_.price as price8_3_2_, ordercerti1_.certificate_id as certific4_6_4_, ordercerti1_.id as id1_6_4_, ordercerti1_.id as id1_6_0_, ordercerti1_.certificate_id as certific4_6_0_, ordercerti1_.expiration_date as expirati2_6_0_, ordercerti1_.fixed_price as fixed_pr3_6_0_, ordercerti1_.order_id as order_id5_6_0_, order2_.id as id1_0_1_, order2_.active_status as active_s2_0_1_, order2_.created_at as created_3_0_1_, order2_.user_id as user_id4_0_1_ from certificate giftcertif0_ left outer join order_certificate ordercerti1_ on giftcertif0_.id=ordercerti1_.certificate_id left outer join application_order order2_ on ordercerti1_.order_id=order2_.id where giftcertif0_.id=?
17:03:31.795 [Test worker] DEBUG org.hibernate.persister.entity.AbstractEntityPersister - Static SQL for entity: com.epam.esm.entity.User
17:03:31.795 [Test worker] DEBUG org.hibernate.persister.entity.AbstractEntityPersister -  Version select: select id from application_user where id =?
17:03:31.795 [Test worker] DEBUG org.hibernate.persister.entity.AbstractEntityPersister -  Snapshot select: select user_.id, user_.email as email2_2_, user_.password as password3_2_, user_.refresh_token as refresh_4_2_, user_.role_id as role_id5_2_ from application_user user_ where user_.id=?
17:03:31.795 [Test worker] DEBUG org.hibernate.persister.entity.AbstractEntityPersister -  Insert 0: insert into application_user (email, password, refresh_token, role_id, id) values (?, ?, ?, ?, ?)
17:03:31.795 [Test worker] DEBUG org.hibernate.persister.entity.AbstractEntityPersister -  Update 0: update application_user set email=?, password=?, refresh_token=?, role_id=? where id=?
17:03:31.795 [Test worker] DEBUG org.hibernate.persister.entity.AbstractEntityPersister -  Delete 0: delete from application_user where id=?
17:03:31.795 [Test worker] DEBUG org.hibernate.persister.entity.AbstractEntityPersister -  Identity insert: insert into application_user (id, email, password, refresh_token, role_id) values (null, ?, ?, ?, ?)
17:03:31.795 [Test worker] DEBUG org.hibernate.loader.plan.build.internal.spaces.QuerySpacesImpl - Adding QuerySpace : uid = <gen:0> -> org.hibernate.loader.plan.build.internal.spaces.EntityQuerySpaceImpl@4daab5fa]
17:03:31.796 [Test worker] DEBUG org.hibernate.persister.walking.spi.MetamodelGraphWalker - Visiting attribute path : email
17:03:31.796 [Test worker] DEBUG org.hibernate.persister.walking.spi.MetamodelGraphWalker - Visiting attribute path : orders
17:03:31.796 [Test worker] DEBUG org.hibernate.loader.plan.build.internal.spaces.QuerySpacesImpl - Adding QuerySpace : uid = <gen:1> -> org.hibernate.loader.plan.build.internal.spaces.CollectionQuerySpaceImpl@cd7ad37]
17:03:31.796 [Test worker] DEBUG org.hibernate.loader.plan.build.internal.spaces.QuerySpacesImpl - Adding QuerySpace : uid = <gen:2> -> org.hibernate.loader.plan.build.internal.spaces.EntityQuerySpaceImpl@52c3082e]
17:03:31.796 [Test worker] DEBUG org.hibernate.persister.walking.spi.MetamodelGraphWalker - Visiting attribute path : password
17:03:31.796 [Test worker] DEBUG org.hibernate.persister.walking.spi.MetamodelGraphWalker - Visiting attribute path : refreshToken
17:03:31.796 [Test worker] DEBUG org.hibernate.persister.walking.spi.MetamodelGraphWalker - Visiting attribute path : role
17:03:31.796 [Test worker] DEBUG org.hibernate.loader.plan.build.internal.spaces.QuerySpacesImpl - Adding QuerySpace : uid = <gen:3> -> org.hibernate.loader.plan.build.internal.spaces.EntityQuerySpaceImpl@4a5e62e9]
17:03:31.796 [Test worker] DEBUG org.hibernate.persister.walking.spi.MetamodelGraphWalker - Visiting attribute path : role.value
17:03:31.796 [Test worker] DEBUG org.hibernate.loader.plan.build.internal.FetchStyleLoadPlanBuildingAssociationVisitationStrategy - Building LoadPlan...
17:03:31.796 [Test worker] DEBUG org.hibernate.loader.plan.exec.internal.LoadQueryJoinAndFetchProcessor - processing queryspace <gen:0>
17:03:31.797 [Test worker] DEBUG org.hibernate.loader.plan.build.spi.LoadPlanTreePrinter - LoadPlan(entity=com.epam.esm.entity.User)
    - Returns
       - EntityReturnImpl(entity=com.epam.esm.entity.User, querySpaceUid=<gen:0>, path=com.epam.esm.entity.User)
          - CollectionAttributeFetchImpl(collection=com.epam.esm.entity.User.orders, querySpaceUid=<gen:1>, path=com.epam.esm.entity.User.orders)
             - (collection element) CollectionFetchableElementEntityGraph(entity=com.epam.esm.entity.Order, querySpaceUid=<gen:2>, path=com.epam.esm.entity.User.orders.<elements>)
          - EntityAttributeFetchImpl(entity=com.epam.esm.entity.Role, querySpaceUid=<gen:3>, path=com.epam.esm.entity.User.role)
    - QuerySpaces
       - EntityQuerySpaceImpl(uid=<gen:0>, entity=com.epam.esm.entity.User)
          - SQL table alias mapping - user0_
          - alias suffix - 0_
          - suffixed key columns - {id1_2_0_}
          - JOIN (JoinDefinedByMetadata(role)) : <gen:0> -> <gen:3>
             - EntityQuerySpaceImpl(uid=<gen:3>, entity=com.epam.esm.entity.Role)
                - SQL table alias mapping - role1_
                - alias suffix - 1_
                - suffixed key columns - {id1_1_1_}

17:03:31.797 [Test worker] DEBUG org.hibernate.loader.entity.plan.EntityLoader - Static select for entity com.epam.esm.entity.User [NONE]: select user0_.id as id1_2_0_, user0_.email as email2_2_0_, user0_.password as password3_2_0_, user0_.refresh_token as refresh_4_2_0_, user0_.role_id as role_id5_2_0_, role1_.id as id1_1_1_, role1_.value as value2_1_1_ from application_user user0_ left outer join application_role role1_ on user0_.role_id=role1_.id where user0_.id=?
17:03:31.797 [Test worker] DEBUG org.hibernate.loader.plan.build.internal.spaces.QuerySpacesImpl - Adding QuerySpace : uid = <gen:0> -> org.hibernate.loader.plan.build.internal.spaces.EntityQuerySpaceImpl@682cbfa4]
17:03:31.797 [Test worker] DEBUG org.hibernate.persister.walking.spi.MetamodelGraphWalker - Visiting attribute path : email
17:03:31.797 [Test worker] DEBUG org.hibernate.persister.walking.spi.MetamodelGraphWalker - Visiting attribute path : orders
17:03:31.797 [Test worker] DEBUG org.hibernate.loader.plan.build.internal.spaces.QuerySpacesImpl - Adding QuerySpace : uid = <gen:1> -> org.hibernate.loader.plan.build.internal.spaces.CollectionQuerySpaceImpl@1b942f68]
17:03:31.797 [Test worker] DEBUG org.hibernate.loader.plan.build.internal.spaces.QuerySpacesImpl - Adding QuerySpace : uid = <gen:2> -> org.hibernate.loader.plan.build.internal.spaces.EntityQuerySpaceImpl@5a0b6da7]
17:03:31.797 [Test worker] DEBUG org.hibernate.persister.walking.spi.MetamodelGraphWalker - Visiting attribute path : password
17:03:31.797 [Test worker] DEBUG org.hibernate.persister.walking.spi.MetamodelGraphWalker - Visiting attribute path : refreshToken
17:03:31.797 [Test worker] DEBUG org.hibernate.persister.walking.spi.MetamodelGraphWalker - Visiting attribute path : role
17:03:31.797 [Test worker] DEBUG org.hibernate.loader.plan.build.internal.spaces.QuerySpacesImpl - Adding QuerySpace : uid = <gen:3> -> org.hibernate.loader.plan.build.internal.spaces.EntityQuerySpaceImpl@57d738dd]
17:03:31.797 [Test worker] DEBUG org.hibernate.persister.walking.spi.MetamodelGraphWalker - Visiting attribute path : role.value
17:03:31.797 [Test worker] DEBUG org.hibernate.loader.plan.build.internal.FetchStyleLoadPlanBuildingAssociationVisitationStrategy - Building LoadPlan...
17:03:31.798 [Test worker] DEBUG org.hibernate.loader.plan.exec.internal.LoadQueryJoinAndFetchProcessor - processing queryspace <gen:0>
17:03:31.798 [Test worker] DEBUG org.hibernate.loader.plan.build.spi.LoadPlanTreePrinter - LoadPlan(entity=com.epam.esm.entity.User)
    - Returns
       - EntityReturnImpl(entity=com.epam.esm.entity.User, querySpaceUid=<gen:0>, path=com.epam.esm.entity.User)
          - CollectionAttributeFetchImpl(collection=com.epam.esm.entity.User.orders, querySpaceUid=<gen:1>, path=com.epam.esm.entity.User.orders)
             - (collection element) CollectionFetchableElementEntityGraph(entity=com.epam.esm.entity.Order, querySpaceUid=<gen:2>, path=com.epam.esm.entity.User.orders.<elements>)
          - EntityAttributeFetchImpl(entity=com.epam.esm.entity.Role, querySpaceUid=<gen:3>, path=com.epam.esm.entity.User.role)
    - QuerySpaces
       - EntityQuerySpaceImpl(uid=<gen:0>, entity=com.epam.esm.entity.User)
          - SQL table alias mapping - user0_
          - alias suffix - 0_
          - suffixed key columns - {id1_2_0_}
          - JOIN (JoinDefinedByMetadata(role)) : <gen:0> -> <gen:3>
             - EntityQuerySpaceImpl(uid=<gen:3>, entity=com.epam.esm.entity.Role)
                - SQL table alias mapping - role1_
                - alias suffix - 1_
                - suffixed key columns - {id1_1_1_}

17:03:31.798 [Test worker] DEBUG org.hibernate.loader.entity.plan.EntityLoader - Static select for entity com.epam.esm.entity.User [READ]: select user0_.id as id1_2_0_, user0_.email as email2_2_0_, user0_.password as password3_2_0_, user0_.refresh_token as refresh_4_2_0_, user0_.role_id as role_id5_2_0_, role1_.id as id1_1_1_, role1_.value as value2_1_1_ from application_user user0_ left outer join application_role role1_ on user0_.role_id=role1_.id where user0_.id=?
17:03:31.798 [Test worker] DEBUG org.hibernate.loader.Loader - Static select for action ACTION_MERGE on entity com.epam.esm.entity.User: select user0_.id as id1_2_0_, user0_.email as email2_2_0_, user0_.password as password3_2_0_, user0_.refresh_token as refresh_4_2_0_, user0_.role_id as role_id5_2_0_ from application_user user0_ where user0_.id=?
17:03:31.798 [Test worker] DEBUG org.hibernate.loader.Loader - Static select for action ACTION_REFRESH on entity com.epam.esm.entity.User: select user0_.id as id1_2_0_, user0_.email as email2_2_0_, user0_.password as password3_2_0_, user0_.refresh_token as refresh_4_2_0_, user0_.role_id as role_id5_2_0_ from application_user user0_ where user0_.id=?
17:03:31.798 [Test worker] DEBUG org.hibernate.persister.entity.AbstractEntityPersister - Static SQL for entity: com.epam.esm.entity.Entity
17:03:31.798 [Test worker] DEBUG org.hibernate.persister.entity.AbstractEntityPersister -  Version select: select id from entity where id =?
17:03:31.798 [Test worker] DEBUG org.hibernate.persister.entity.AbstractEntityPersister -  Snapshot select: select entity_.id from entity entity_ where entity_.id=?
17:03:31.798 [Test worker] DEBUG org.hibernate.persister.entity.AbstractEntityPersister -  Insert 0: insert into entity (id) values (?)
17:03:31.799 [Test worker] DEBUG org.hibernate.persister.entity.AbstractEntityPersister -  Update 0: null
17:03:31.799 [Test worker] DEBUG org.hibernate.persister.entity.AbstractEntityPersister -  Delete 0: delete from entity where id=?
17:03:31.799 [Test worker] DEBUG org.hibernate.persister.entity.AbstractEntityPersister -  Identity insert: insert into entity (id) values (null)
17:03:31.799 [Test worker] DEBUG org.hibernate.loader.plan.build.internal.spaces.QuerySpacesImpl - Adding QuerySpace : uid = <gen:0> -> org.hibernate.loader.plan.build.internal.spaces.EntityQuerySpaceImpl@6d21ebc9]
17:03:31.799 [Test worker] DEBUG org.hibernate.loader.plan.build.internal.FetchStyleLoadPlanBuildingAssociationVisitationStrategy - Building LoadPlan...
17:03:31.799 [Test worker] DEBUG org.hibernate.loader.plan.exec.internal.LoadQueryJoinAndFetchProcessor - processing queryspace <gen:0>
17:03:31.799 [Test worker] DEBUG org.hibernate.loader.plan.build.spi.LoadPlanTreePrinter - LoadPlan(entity=com.epam.esm.entity.Entity)
    - Returns
       - EntityReturnImpl(entity=com.epam.esm.entity.Entity, querySpaceUid=<gen:0>, path=com.epam.esm.entity.Entity)
    - QuerySpaces
       - EntityQuerySpaceImpl(uid=<gen:0>, entity=com.epam.esm.entity.Entity)
          - SQL table alias mapping - entity0_
          - alias suffix - 0_
          - suffixed key columns - {id1_5_0_}

17:03:31.799 [Test worker] DEBUG org.hibernate.loader.entity.plan.EntityLoader - Static select for entity com.epam.esm.entity.Entity [NONE]: select entity0_.id as id1_5_0_ from entity entity0_ where entity0_.id=?
17:03:31.799 [Test worker] DEBUG org.hibernate.loader.plan.build.internal.spaces.QuerySpacesImpl - Adding QuerySpace : uid = <gen:0> -> org.hibernate.loader.plan.build.internal.spaces.EntityQuerySpaceImpl@2b9090a]
17:03:31.799 [Test worker] DEBUG org.hibernate.loader.plan.build.internal.FetchStyleLoadPlanBuildingAssociationVisitationStrategy - Building LoadPlan...
17:03:31.799 [Test worker] DEBUG org.hibernate.loader.plan.exec.internal.LoadQueryJoinAndFetchProcessor - processing queryspace <gen:0>
17:03:31.800 [Test worker] DEBUG org.hibernate.loader.plan.build.spi.LoadPlanTreePrinter - LoadPlan(entity=com.epam.esm.entity.Entity)
    - Returns
       - EntityReturnImpl(entity=com.epam.esm.entity.Entity, querySpaceUid=<gen:0>, path=com.epam.esm.entity.Entity)
    - QuerySpaces
       - EntityQuerySpaceImpl(uid=<gen:0>, entity=com.epam.esm.entity.Entity)
          - SQL table alias mapping - entity0_
          - alias suffix - 0_
          - suffixed key columns - {id1_5_0_}

17:03:31.800 [Test worker] DEBUG org.hibernate.loader.entity.plan.EntityLoader - Static select for entity com.epam.esm.entity.Entity [READ]: select entity0_.id as id1_5_0_ from entity entity0_ where entity0_.id=?
17:03:31.800 [Test worker] DEBUG org.hibernate.loader.Loader - Static select for action ACTION_MERGE on entity com.epam.esm.entity.Entity: select entity0_.id as id1_5_0_ from entity entity0_ where entity0_.id=?
17:03:31.800 [Test worker] DEBUG org.hibernate.loader.Loader - Static select for action ACTION_REFRESH on entity com.epam.esm.entity.Entity: select entity0_.id as id1_5_0_ from entity entity0_ where entity0_.id=?
17:03:31.800 [Test worker] DEBUG org.hibernate.persister.entity.AbstractEntityPersister - Static SQL for entity: com.epam.esm.entity.Tag
17:03:31.800 [Test worker] DEBUG org.hibernate.persister.entity.AbstractEntityPersister -  Version select: select id from tag where id =?
17:03:31.800 [Test worker] DEBUG org.hibernate.persister.entity.AbstractEntityPersister -  Snapshot select: select tag_.id from tag tag_ where tag_.id=?
17:03:31.800 [Test worker] DEBUG org.hibernate.persister.entity.AbstractEntityPersister -  Insert 0: insert into tag (title, id) values (?, ?)
17:03:31.800 [Test worker] DEBUG org.hibernate.persister.entity.AbstractEntityPersister -  Update 0: null
17:03:31.800 [Test worker] DEBUG org.hibernate.persister.entity.AbstractEntityPersister -  Delete 0: delete from tag where id=?
17:03:31.800 [Test worker] DEBUG org.hibernate.persister.entity.AbstractEntityPersister -  Identity insert: insert into tag (id, title) values (null, ?)
17:03:31.800 [Test worker] DEBUG org.hibernate.loader.plan.build.internal.spaces.QuerySpacesImpl - Adding QuerySpace : uid = <gen:0> -> org.hibernate.loader.plan.build.internal.spaces.EntityQuerySpaceImpl@142d57a0]
17:03:31.800 [Test worker] DEBUG org.hibernate.persister.walking.spi.MetamodelGraphWalker - Visiting attribute path : title
17:03:31.800 [Test worker] DEBUG org.hibernate.loader.plan.build.internal.FetchStyleLoadPlanBuildingAssociationVisitationStrategy - Building LoadPlan...
17:03:31.800 [Test worker] DEBUG org.hibernate.loader.plan.exec.internal.LoadQueryJoinAndFetchProcessor - processing queryspace <gen:0>
17:03:31.801 [Test worker] DEBUG org.hibernate.loader.plan.build.spi.LoadPlanTreePrinter - LoadPlan(entity=com.epam.esm.entity.Tag)
    - Returns
       - EntityReturnImpl(entity=com.epam.esm.entity.Tag, querySpaceUid=<gen:0>, path=com.epam.esm.entity.Tag)
    - QuerySpaces
       - EntityQuerySpaceImpl(uid=<gen:0>, entity=com.epam.esm.entity.Tag)
          - SQL table alias mapping - tag0_
          - alias suffix - 0_
          - suffixed key columns - {id1_7_0_}

17:03:31.801 [Test worker] DEBUG org.hibernate.loader.entity.plan.EntityLoader - Static select for entity com.epam.esm.entity.Tag [NONE]: select tag0_.id as id1_7_0_, tag0_.title as title2_7_0_ from tag tag0_ where tag0_.id=?
17:03:31.801 [Test worker] DEBUG org.hibernate.loader.plan.build.internal.spaces.QuerySpacesImpl - Adding QuerySpace : uid = <gen:0> -> org.hibernate.loader.plan.build.internal.spaces.EntityQuerySpaceImpl@426a317]
17:03:31.801 [Test worker] DEBUG org.hibernate.persister.walking.spi.MetamodelGraphWalker - Visiting attribute path : title
17:03:31.801 [Test worker] DEBUG org.hibernate.loader.plan.build.internal.FetchStyleLoadPlanBuildingAssociationVisitationStrategy - Building LoadPlan...
17:03:31.801 [Test worker] DEBUG org.hibernate.loader.plan.exec.internal.LoadQueryJoinAndFetchProcessor - processing queryspace <gen:0>
17:03:31.801 [Test worker] DEBUG org.hibernate.loader.plan.build.spi.LoadPlanTreePrinter - LoadPlan(entity=com.epam.esm.entity.Tag)
    - Returns
       - EntityReturnImpl(entity=com.epam.esm.entity.Tag, querySpaceUid=<gen:0>, path=com.epam.esm.entity.Tag)
    - QuerySpaces
       - EntityQuerySpaceImpl(uid=<gen:0>, entity=com.epam.esm.entity.Tag)
          - SQL table alias mapping - tag0_
          - alias suffix - 0_
          - suffixed key columns - {id1_7_0_}

17:03:31.801 [Test worker] DEBUG org.hibernate.loader.entity.plan.EntityLoader - Static select for entity com.epam.esm.entity.Tag [READ]: select tag0_.id as id1_7_0_, tag0_.title as title2_7_0_ from tag tag0_ where tag0_.id=?
17:03:31.801 [Test worker] DEBUG org.hibernate.loader.Loader - Static select for action ACTION_MERGE on entity com.epam.esm.entity.Tag: select tag0_.id as id1_7_0_, tag0_.title as title2_7_0_ from tag tag0_ where tag0_.id=?
17:03:31.801 [Test worker] DEBUG org.hibernate.loader.Loader - Static select for action ACTION_REFRESH on entity com.epam.esm.entity.Tag: select tag0_.id as id1_7_0_, tag0_.title as title2_7_0_ from tag tag0_ where tag0_.id=?
17:03:31.802 [Test worker] DEBUG org.hibernate.persister.entity.AbstractEntityPersister - Static SQL for entity: com.epam.esm.entity.OrderCertificate
17:03:31.802 [Test worker] DEBUG org.hibernate.persister.entity.AbstractEntityPersister -  Version select: select id from order_certificate where id =?
17:03:31.802 [Test worker] DEBUG org.hibernate.persister.entity.AbstractEntityPersister -  Snapshot select: select ordercerti_.id, ordercerti_.certificate_id as certific4_6_, ordercerti_.expiration_date as expirati2_6_, ordercerti_.fixed_price as fixed_pr3_6_, ordercerti_.order_id as order_id5_6_ from order_certificate ordercerti_ where ordercerti_.id=?
17:03:31.802 [Test worker] DEBUG org.hibernate.persister.entity.AbstractEntityPersister -  Insert 0: insert into order_certificate (certificate_id, expiration_date, fixed_price, order_id, id) values (?, ?, ?, ?, ?)
17:03:31.802 [Test worker] DEBUG org.hibernate.persister.entity.AbstractEntityPersister -  Update 0: update order_certificate set certificate_id=?, expiration_date=?, fixed_price=?, order_id=? where id=?
17:03:31.802 [Test worker] DEBUG org.hibernate.persister.entity.AbstractEntityPersister -  Delete 0: delete from order_certificate where id=?
17:03:31.802 [Test worker] DEBUG org.hibernate.persister.entity.AbstractEntityPersister -  Identity insert: insert into order_certificate (id, certificate_id, expiration_date, fixed_price, order_id) values (null, ?, ?, ?, ?)
17:03:31.802 [Test worker] DEBUG org.hibernate.loader.plan.build.internal.spaces.QuerySpacesImpl - Adding QuerySpace : uid = <gen:0> -> org.hibernate.loader.plan.build.internal.spaces.EntityQuerySpaceImpl@8a20744]
17:03:31.802 [Test worker] DEBUG org.hibernate.persister.walking.spi.MetamodelGraphWalker - Visiting attribute path : certificate
17:03:31.802 [Test worker] DEBUG org.hibernate.loader.plan.build.internal.spaces.QuerySpacesImpl - Adding QuerySpace : uid = <gen:1> -> org.hibernate.loader.plan.build.internal.spaces.EntityQuerySpaceImpl@1f8205a0]
17:03:31.802 [Test worker] DEBUG org.hibernate.persister.walking.spi.MetamodelGraphWalker - Visiting attribute path : expirationDate
17:03:31.802 [Test worker] DEBUG org.hibernate.persister.walking.spi.MetamodelGraphWalker - Visiting attribute path : fixedPrice
17:03:31.802 [Test worker] DEBUG org.hibernate.persister.walking.spi.MetamodelGraphWalker - Visiting attribute path : order
17:03:31.802 [Test worker] DEBUG org.hibernate.loader.plan.build.internal.spaces.QuerySpacesImpl - Adding QuerySpace : uid = <gen:2> -> org.hibernate.loader.plan.build.internal.spaces.EntityQuerySpaceImpl@f2d27a4]
17:03:31.802 [Test worker] DEBUG org.hibernate.persister.walking.spi.MetamodelGraphWalker - Visiting attribute path : order.activeStatus
17:03:31.802 [Test worker] DEBUG org.hibernate.persister.walking.spi.MetamodelGraphWalker - Visiting attribute path : order.createdAt
17:03:31.802 [Test worker] DEBUG org.hibernate.persister.walking.spi.MetamodelGraphWalker - Visiting attribute path : order.orderCertificates
17:03:31.802 [Test worker] DEBUG org.hibernate.persister.walking.spi.MetamodelGraphWalker - Property path deemed to be circular : order.orderCertificates
17:03:31.802 [Test worker] DEBUG org.hibernate.persister.walking.spi.MetamodelGraphWalker - Visiting attribute path : order.user
17:03:31.802 [Test worker] DEBUG org.hibernate.loader.plan.build.internal.spaces.QuerySpacesImpl - Adding QuerySpace : uid = <gen:3> -> org.hibernate.loader.plan.build.internal.spaces.EntityQuerySpaceImpl@50cce077]
17:03:31.802 [Test worker] DEBUG org.hibernate.persister.walking.spi.MetamodelGraphWalker - Visiting attribute path : order.user.email
17:03:31.802 [Test worker] DEBUG org.hibernate.persister.walking.spi.MetamodelGraphWalker - Visiting attribute path : order.user.orders
17:03:31.802 [Test worker] DEBUG org.hibernate.persister.walking.spi.MetamodelGraphWalker - Property path deemed to be circular : order.user.orders
17:03:31.802 [Test worker] DEBUG org.hibernate.persister.walking.spi.MetamodelGraphWalker - Visiting attribute path : order.user.password
17:03:31.802 [Test worker] DEBUG org.hibernate.persister.walking.spi.MetamodelGraphWalker - Visiting attribute path : order.user.refreshToken
17:03:31.802 [Test worker] DEBUG org.hibernate.persister.walking.spi.MetamodelGraphWalker - Visiting attribute path : order.user.role
17:03:31.803 [Test worker] DEBUG org.hibernate.loader.plan.build.internal.spaces.QuerySpacesImpl - Adding QuerySpace : uid = <gen:4> -> org.hibernate.loader.plan.build.internal.spaces.EntityQuerySpaceImpl@391a5c85]
17:03:31.803 [Test worker] DEBUG org.hibernate.persister.walking.spi.MetamodelGraphWalker - Visiting attribute path : order.user.role.value
17:03:31.803 [Test worker] DEBUG org.hibernate.loader.plan.build.internal.FetchStyleLoadPlanBuildingAssociationVisitationStrategy - Building LoadPlan...
17:03:31.803 [Test worker] DEBUG org.hibernate.loader.plan.exec.internal.LoadQueryJoinAndFetchProcessor - processing queryspace <gen:0>
17:03:31.803 [Test worker] DEBUG org.hibernate.loader.plan.build.spi.LoadPlanTreePrinter - LoadPlan(entity=com.epam.esm.entity.OrderCertificate)
    - Returns
       - EntityReturnImpl(entity=com.epam.esm.entity.OrderCertificate, querySpaceUid=<gen:0>, path=com.epam.esm.entity.OrderCertificate)
          - EntityAttributeFetchImpl(entity=com.epam.esm.entity.GiftCertificate, querySpaceUid=<gen:1>, path=com.epam.esm.entity.OrderCertificate.certificate)
          - EntityAttributeFetchImpl(entity=com.epam.esm.entity.Order, querySpaceUid=<gen:2>, path=com.epam.esm.entity.OrderCertificate.order)
             - EntityAttributeFetchImpl(entity=com.epam.esm.entity.User, querySpaceUid=<gen:3>, path=com.epam.esm.entity.OrderCertificate.order.user)
                - EntityAttributeFetchImpl(entity=com.epam.esm.entity.Role, querySpaceUid=<gen:4>, path=com.epam.esm.entity.OrderCertificate.order.user.role)
    - QuerySpaces
       - EntityQuerySpaceImpl(uid=<gen:0>, entity=com.epam.esm.entity.OrderCertificate)
          - SQL table alias mapping - ordercerti0_
          - alias suffix - 0_
          - suffixed key columns - {id1_6_0_}
          - JOIN (JoinDefinedByMetadata(order)) : <gen:0> -> <gen:2>
             - EntityQuerySpaceImpl(uid=<gen:2>, entity=com.epam.esm.entity.Order)
                - SQL table alias mapping - order1_
                - alias suffix - 1_
                - suffixed key columns - {id1_0_1_}
                - JOIN (JoinDefinedByMetadata(user)) : <gen:2> -> <gen:3>
                   - EntityQuerySpaceImpl(uid=<gen:3>, entity=com.epam.esm.entity.User)
                      - SQL table alias mapping - user2_
                      - alias suffix - 2_
                      - suffixed key columns - {id1_2_2_}
                      - JOIN (JoinDefinedByMetadata(role)) : <gen:3> -> <gen:4>
                         - EntityQuerySpaceImpl(uid=<gen:4>, entity=com.epam.esm.entity.Role)
                            - SQL table alias mapping - role3_
                            - alias suffix - 3_
                            - suffixed key columns - {id1_1_3_}

17:03:31.804 [Test worker] DEBUG org.hibernate.loader.entity.plan.EntityLoader - Static select for entity com.epam.esm.entity.OrderCertificate [NONE]: select ordercerti0_.id as id1_6_0_, ordercerti0_.certificate_id as certific4_6_0_, ordercerti0_.expiration_date as expirati2_6_0_, ordercerti0_.fixed_price as fixed_pr3_6_0_, ordercerti0_.order_id as order_id5_6_0_, order1_.id as id1_0_1_, order1_.active_status as active_s2_0_1_, order1_.created_at as created_3_0_1_, order1_.user_id as user_id4_0_1_, user2_.id as id1_2_2_, user2_.email as email2_2_2_, user2_.password as password3_2_2_, user2_.refresh_token as refresh_4_2_2_, user2_.role_id as role_id5_2_2_, role3_.id as id1_1_3_, role3_.value as value2_1_3_ from order_certificate ordercerti0_ left outer join application_order order1_ on ordercerti0_.order_id=order1_.id left outer join application_user user2_ on order1_.user_id=user2_.id left outer join application_role role3_ on user2_.role_id=role3_.id where ordercerti0_.id=?
17:03:31.804 [Test worker] DEBUG org.hibernate.loader.plan.build.internal.spaces.QuerySpacesImpl - Adding QuerySpace : uid = <gen:0> -> org.hibernate.loader.plan.build.internal.spaces.EntityQuerySpaceImpl@757db962]
17:03:31.804 [Test worker] DEBUG org.hibernate.persister.walking.spi.MetamodelGraphWalker - Visiting attribute path : certificate
17:03:31.804 [Test worker] DEBUG org.hibernate.loader.plan.build.internal.spaces.QuerySpacesImpl - Adding QuerySpace : uid = <gen:1> -> org.hibernate.loader.plan.build.internal.spaces.EntityQuerySpaceImpl@23bfc6fa]
17:03:31.804 [Test worker] DEBUG org.hibernate.persister.walking.spi.MetamodelGraphWalker - Visiting attribute path : expirationDate
17:03:31.804 [Test worker] DEBUG org.hibernate.persister.walking.spi.MetamodelGraphWalker - Visiting attribute path : fixedPrice
17:03:31.804 [Test worker] DEBUG org.hibernate.persister.walking.spi.MetamodelGraphWalker - Visiting attribute path : order
17:03:31.804 [Test worker] DEBUG org.hibernate.loader.plan.build.internal.spaces.QuerySpacesImpl - Adding QuerySpace : uid = <gen:2> -> org.hibernate.loader.plan.build.internal.spaces.EntityQuerySpaceImpl@48e1b9ce]
17:03:31.804 [Test worker] DEBUG org.hibernate.persister.walking.spi.MetamodelGraphWalker - Visiting attribute path : order.activeStatus
17:03:31.804 [Test worker] DEBUG org.hibernate.persister.walking.spi.MetamodelGraphWalker - Visiting attribute path : order.createdAt
17:03:31.804 [Test worker] DEBUG org.hibernate.persister.walking.spi.MetamodelGraphWalker - Visiting attribute path : order.orderCertificates
17:03:31.804 [Test worker] DEBUG org.hibernate.persister.walking.spi.MetamodelGraphWalker - Property path deemed to be circular : order.orderCertificates
17:03:31.804 [Test worker] DEBUG org.hibernate.persister.walking.spi.MetamodelGraphWalker - Visiting attribute path : order.user
17:03:31.804 [Test worker] DEBUG org.hibernate.loader.plan.build.internal.spaces.QuerySpacesImpl - Adding QuerySpace : uid = <gen:3> -> org.hibernate.loader.plan.build.internal.spaces.EntityQuerySpaceImpl@4a57922b]
17:03:31.804 [Test worker] DEBUG org.hibernate.persister.walking.spi.MetamodelGraphWalker - Visiting attribute path : order.user.email
17:03:31.805 [Test worker] DEBUG org.hibernate.persister.walking.spi.MetamodelGraphWalker - Visiting attribute path : order.user.orders
17:03:31.805 [Test worker] DEBUG org.hibernate.persister.walking.spi.MetamodelGraphWalker - Property path deemed to be circular : order.user.orders
17:03:31.805 [Test worker] DEBUG org.hibernate.persister.walking.spi.MetamodelGraphWalker - Visiting attribute path : order.user.password
17:03:31.805 [Test worker] DEBUG org.hibernate.persister.walking.spi.MetamodelGraphWalker - Visiting attribute path : order.user.refreshToken
17:03:31.805 [Test worker] DEBUG org.hibernate.persister.walking.spi.MetamodelGraphWalker - Visiting attribute path : order.user.role
17:03:31.805 [Test worker] DEBUG org.hibernate.loader.plan.build.internal.spaces.QuerySpacesImpl - Adding QuerySpace : uid = <gen:4> -> org.hibernate.loader.plan.build.internal.spaces.EntityQuerySpaceImpl@5268f16a]
17:03:31.805 [Test worker] DEBUG org.hibernate.persister.walking.spi.MetamodelGraphWalker - Visiting attribute path : order.user.role.value
17:03:31.805 [Test worker] DEBUG org.hibernate.loader.plan.build.internal.FetchStyleLoadPlanBuildingAssociationVisitationStrategy - Building LoadPlan...
17:03:31.805 [Test worker] DEBUG org.hibernate.loader.plan.exec.internal.LoadQueryJoinAndFetchProcessor - processing queryspace <gen:0>
17:03:31.806 [Test worker] DEBUG org.hibernate.loader.plan.build.spi.LoadPlanTreePrinter - LoadPlan(entity=com.epam.esm.entity.OrderCertificate)
    - Returns
       - EntityReturnImpl(entity=com.epam.esm.entity.OrderCertificate, querySpaceUid=<gen:0>, path=com.epam.esm.entity.OrderCertificate)
          - EntityAttributeFetchImpl(entity=com.epam.esm.entity.GiftCertificate, querySpaceUid=<gen:1>, path=com.epam.esm.entity.OrderCertificate.certificate)
          - EntityAttributeFetchImpl(entity=com.epam.esm.entity.Order, querySpaceUid=<gen:2>, path=com.epam.esm.entity.OrderCertificate.order)
             - EntityAttributeFetchImpl(entity=com.epam.esm.entity.User, querySpaceUid=<gen:3>, path=com.epam.esm.entity.OrderCertificate.order.user)
                - EntityAttributeFetchImpl(entity=com.epam.esm.entity.Role, querySpaceUid=<gen:4>, path=com.epam.esm.entity.OrderCertificate.order.user.role)
    - QuerySpaces
       - EntityQuerySpaceImpl(uid=<gen:0>, entity=com.epam.esm.entity.OrderCertificate)
          - SQL table alias mapping - ordercerti0_
          - alias suffix - 0_
          - suffixed key columns - {id1_6_0_}
          - JOIN (JoinDefinedByMetadata(order)) : <gen:0> -> <gen:2>
             - EntityQuerySpaceImpl(uid=<gen:2>, entity=com.epam.esm.entity.Order)
                - SQL table alias mapping - order1_
                - alias suffix - 1_
                - suffixed key columns - {id1_0_1_}
                - JOIN (JoinDefinedByMetadata(user)) : <gen:2> -> <gen:3>
                   - EntityQuerySpaceImpl(uid=<gen:3>, entity=com.epam.esm.entity.User)
                      - SQL table alias mapping - user2_
                      - alias suffix - 2_
                      - suffixed key columns - {id1_2_2_}
                      - JOIN (JoinDefinedByMetadata(role)) : <gen:3> -> <gen:4>
                         - EntityQuerySpaceImpl(uid=<gen:4>, entity=com.epam.esm.entity.Role)
                            - SQL table alias mapping - role3_
                            - alias suffix - 3_
                            - suffixed key columns - {id1_1_3_}

17:03:31.806 [Test worker] DEBUG org.hibernate.loader.entity.plan.EntityLoader - Static select for entity com.epam.esm.entity.OrderCertificate [READ]: select ordercerti0_.id as id1_6_0_, ordercerti0_.certificate_id as certific4_6_0_, ordercerti0_.expiration_date as expirati2_6_0_, ordercerti0_.fixed_price as fixed_pr3_6_0_, ordercerti0_.order_id as order_id5_6_0_, order1_.id as id1_0_1_, order1_.active_status as active_s2_0_1_, order1_.created_at as created_3_0_1_, order1_.user_id as user_id4_0_1_, user2_.id as id1_2_2_, user2_.email as email2_2_2_, user2_.password as password3_2_2_, user2_.refresh_token as refresh_4_2_2_, user2_.role_id as role_id5_2_2_, role3_.id as id1_1_3_, role3_.value as value2_1_3_ from order_certificate ordercerti0_ left outer join application_order order1_ on ordercerti0_.order_id=order1_.id left outer join application_user user2_ on order1_.user_id=user2_.id left outer join application_role role3_ on user2_.role_id=role3_.id where ordercerti0_.id=?
17:03:31.806 [Test worker] DEBUG org.hibernate.loader.Loader - Static select for action ACTION_MERGE on entity com.epam.esm.entity.OrderCertificate: select ordercerti0_.id as id1_6_3_, ordercerti0_.certificate_id as certific4_6_3_, ordercerti0_.expiration_date as expirati2_6_3_, ordercerti0_.fixed_price as fixed_pr3_6_3_, ordercerti0_.order_id as order_id5_6_3_, giftcertif1_.id as id1_3_0_, giftcertif1_.active_status as active_s2_3_0_, giftcertif1_.creation_date as creation3_3_0_, giftcertif1_.description as descript4_3_0_, giftcertif1_.expiration_date as expirati5_3_0_, giftcertif1_.modification_date as modifica6_3_0_, giftcertif1_.name as name7_3_0_, giftcertif1_.price as price8_3_0_, tags2_.certificate_id as certific1_4_5_, tag3_.id as tag_id2_4_5_, tag3_.id as id1_7_1_, tag3_.title as title2_7_1_, order4_.id as id1_0_2_, order4_.active_status as active_s2_0_2_, order4_.created_at as created_3_0_2_, order4_.user_id as user_id4_0_2_ from order_certificate ordercerti0_ left outer join certificate giftcertif1_ on ordercerti0_.certificate_id=giftcertif1_.id left outer join certificate_tag tags2_ on giftcertif1_.id=tags2_.certificate_id left outer join tag tag3_ on tags2_.tag_id=tag3_.id left outer join application_order order4_ on ordercerti0_.order_id=order4_.id where ordercerti0_.id=?
17:03:31.807 [Test worker] DEBUG org.hibernate.loader.Loader - Static select for action ACTION_REFRESH on entity com.epam.esm.entity.OrderCertificate: select ordercerti0_.id as id1_6_2_, ordercerti0_.certificate_id as certific4_6_2_, ordercerti0_.expiration_date as expirati2_6_2_, ordercerti0_.fixed_price as fixed_pr3_6_2_, ordercerti0_.order_id as order_id5_6_2_, giftcertif1_.id as id1_3_0_, giftcertif1_.active_status as active_s2_3_0_, giftcertif1_.creation_date as creation3_3_0_, giftcertif1_.description as descript4_3_0_, giftcertif1_.expiration_date as expirati5_3_0_, giftcertif1_.modification_date as modifica6_3_0_, giftcertif1_.name as name7_3_0_, giftcertif1_.price as price8_3_0_, order2_.id as id1_0_1_, order2_.active_status as active_s2_0_1_, order2_.created_at as created_3_0_1_, order2_.user_id as user_id4_0_1_ from order_certificate ordercerti0_ left outer join certificate giftcertif1_ on ordercerti0_.certificate_id=giftcertif1_.id left outer join application_order order2_ on ordercerti0_.order_id=order2_.id where ordercerti0_.id=?
17:03:31.807 [Test worker] DEBUG org.hibernate.persister.entity.AbstractEntityPersister - Static SQL for entity: com.epam.esm.entity.Role
17:03:31.807 [Test worker] DEBUG org.hibernate.persister.entity.AbstractEntityPersister -  Version select: select id from application_role where id =?
17:03:31.807 [Test worker] DEBUG org.hibernate.persister.entity.AbstractEntityPersister -  Snapshot select: select role_.id, role_.value as value2_1_ from application_role role_ where role_.id=?
17:03:31.807 [Test worker] DEBUG org.hibernate.persister.entity.AbstractEntityPersister -  Insert 0: insert into application_role (value, id) values (?, ?)
17:03:31.807 [Test worker] DEBUG org.hibernate.persister.entity.AbstractEntityPersister -  Update 0: update application_role set value=? where id=?
17:03:31.807 [Test worker] DEBUG org.hibernate.persister.entity.AbstractEntityPersister -  Delete 0: delete from application_role where id=?
17:03:31.807 [Test worker] DEBUG org.hibernate.persister.entity.AbstractEntityPersister -  Identity insert: insert into application_role (id, value) values (null, ?)
17:03:31.807 [Test worker] DEBUG org.hibernate.loader.plan.build.internal.spaces.QuerySpacesImpl - Adding QuerySpace : uid = <gen:0> -> org.hibernate.loader.plan.build.internal.spaces.EntityQuerySpaceImpl@942a856]
17:03:31.807 [Test worker] DEBUG org.hibernate.persister.walking.spi.MetamodelGraphWalker - Visiting attribute path : value
17:03:31.807 [Test worker] DEBUG org.hibernate.loader.plan.build.internal.FetchStyleLoadPlanBuildingAssociationVisitationStrategy - Building LoadPlan...
17:03:31.807 [Test worker] DEBUG org.hibernate.loader.plan.exec.internal.LoadQueryJoinAndFetchProcessor - processing queryspace <gen:0>
17:03:31.808 [Test worker] DEBUG org.hibernate.loader.plan.build.spi.LoadPlanTreePrinter - LoadPlan(entity=com.epam.esm.entity.Role)
    - Returns
       - EntityReturnImpl(entity=com.epam.esm.entity.Role, querySpaceUid=<gen:0>, path=com.epam.esm.entity.Role)
    - QuerySpaces
       - EntityQuerySpaceImpl(uid=<gen:0>, entity=com.epam.esm.entity.Role)
          - SQL table alias mapping - role0_
          - alias suffix - 0_
          - suffixed key columns - {id1_1_0_}

17:03:31.808 [Test worker] DEBUG org.hibernate.loader.entity.plan.EntityLoader - Static select for entity com.epam.esm.entity.Role [NONE]: select role0_.id as id1_1_0_, role0_.value as value2_1_0_ from application_role role0_ where role0_.id=?
17:03:31.808 [Test worker] DEBUG org.hibernate.loader.plan.build.internal.spaces.QuerySpacesImpl - Adding QuerySpace : uid = <gen:0> -> org.hibernate.loader.plan.build.internal.spaces.EntityQuerySpaceImpl@1b9db988]
17:03:31.808 [Test worker] DEBUG org.hibernate.persister.walking.spi.MetamodelGraphWalker - Visiting attribute path : value
17:03:31.808 [Test worker] DEBUG org.hibernate.loader.plan.build.internal.FetchStyleLoadPlanBuildingAssociationVisitationStrategy - Building LoadPlan...
17:03:31.808 [Test worker] DEBUG org.hibernate.loader.plan.exec.internal.LoadQueryJoinAndFetchProcessor - processing queryspace <gen:0>
17:03:31.808 [Test worker] DEBUG org.hibernate.loader.plan.build.spi.LoadPlanTreePrinter - LoadPlan(entity=com.epam.esm.entity.Role)
    - Returns
       - EntityReturnImpl(entity=com.epam.esm.entity.Role, querySpaceUid=<gen:0>, path=com.epam.esm.entity.Role)
    - QuerySpaces
       - EntityQuerySpaceImpl(uid=<gen:0>, entity=com.epam.esm.entity.Role)
          - SQL table alias mapping - role0_
          - alias suffix - 0_
          - suffixed key columns - {id1_1_0_}

17:03:31.808 [Test worker] DEBUG org.hibernate.loader.entity.plan.EntityLoader - Static select for entity com.epam.esm.entity.Role [READ]: select role0_.id as id1_1_0_, role0_.value as value2_1_0_ from application_role role0_ where role0_.id=?
17:03:31.808 [Test worker] DEBUG org.hibernate.loader.Loader - Static select for action ACTION_MERGE on entity com.epam.esm.entity.Role: select role0_.id as id1_1_0_, role0_.value as value2_1_0_ from application_role role0_ where role0_.id=?
17:03:31.809 [Test worker] DEBUG org.hibernate.loader.Loader - Static select for action ACTION_REFRESH on entity com.epam.esm.entity.Role: select role0_.id as id1_1_0_, role0_.value as value2_1_0_ from application_role role0_ where role0_.id=?
17:03:31.809 [Test worker] DEBUG org.hibernate.loader.plan.build.internal.spaces.QuerySpacesImpl - Adding QuerySpace : uid = <gen:0> -> org.hibernate.loader.plan.build.internal.spaces.CollectionQuerySpaceImpl@6d4377b4]
17:03:31.809 [Test worker] DEBUG org.hibernate.loader.plan.build.internal.spaces.QuerySpacesImpl - Adding QuerySpace : uid = <gen:1> -> org.hibernate.loader.plan.build.internal.spaces.EntityQuerySpaceImpl@3c2ddf98]
17:03:31.809 [Test worker] DEBUG org.hibernate.persister.walking.spi.MetamodelGraphWalker - Visiting attribute path : title
17:03:31.809 [Test worker] DEBUG org.hibernate.loader.plan.build.internal.FetchStyleLoadPlanBuildingAssociationVisitationStrategy - Building LoadPlan...
17:03:31.809 [Test worker] DEBUG org.hibernate.loader.plan.exec.internal.LoadQueryJoinAndFetchProcessor - processing queryspace <gen:0>
17:03:31.809 [Test worker] DEBUG org.hibernate.loader.plan.build.spi.LoadPlanTreePrinter - LoadPlan(collection=com.epam.esm.entity.GiftCertificate.tags)
    - Returns
       - CollectionReturnImpl(collection=com.epam.esm.entity.GiftCertificate.tags, querySpaceUid=<gen:0>, path=[com.epam.esm.entity.GiftCertificate.tags])
          - (collection element) CollectionFetchableElementEntityGraph(entity=com.epam.esm.entity.Tag, querySpaceUid=<gen:1>, path=[com.epam.esm.entity.GiftCertificate.tags].<elements>)
    - QuerySpaces
       - CollectionQuerySpaceImpl(uid=<gen:0>, collection=com.epam.esm.entity.GiftCertificate.tags)
          - SQL table alias mapping - tags0_
          - alias suffix - 0_
          - suffixed key columns - {certific1_4_0_}
          - entity-element alias suffix - 1_
          - 1_entity-element suffixed key columns - id1_7_1_
          - JOIN (JoinDefinedByMetadata(elements)) : <gen:0> -> <gen:1>
             - EntityQuerySpaceImpl(uid=<gen:1>, entity=com.epam.esm.entity.Tag)
                - SQL table alias mapping - tag1_
                - alias suffix - 1_
                - suffixed key columns - {id1_7_1_}

17:03:31.809 [Test worker] DEBUG org.hibernate.loader.collection.plan.CollectionLoader - Static select for collection com.epam.esm.entity.GiftCertificate.tags: select tags0_.certificate_id as certific1_4_0_, tags0_.tag_id as tag_id2_4_0_, tag1_.id as id1_7_1_, tag1_.title as title2_7_1_ from certificate_tag tags0_ inner join tag tag1_ on tags0_.tag_id=tag1_.id where tags0_.certificate_id=?
17:03:31.809 [Test worker] DEBUG org.hibernate.loader.plan.build.internal.spaces.QuerySpacesImpl - Adding QuerySpace : uid = <gen:0> -> org.hibernate.loader.plan.build.internal.spaces.CollectionQuerySpaceImpl@36d9e06c]
17:03:31.810 [Test worker] DEBUG org.hibernate.loader.plan.build.internal.spaces.QuerySpacesImpl - Adding QuerySpace : uid = <gen:1> -> org.hibernate.loader.plan.build.internal.spaces.EntityQuerySpaceImpl@64da3830]
17:03:31.810 [Test worker] DEBUG org.hibernate.persister.walking.spi.MetamodelGraphWalker - Visiting attribute path : certificate
17:03:31.810 [Test worker] DEBUG org.hibernate.loader.plan.build.internal.spaces.QuerySpacesImpl - Adding QuerySpace : uid = <gen:2> -> org.hibernate.loader.plan.build.internal.spaces.EntityQuerySpaceImpl@4a7ece05]
17:03:31.810 [Test worker] DEBUG org.hibernate.persister.walking.spi.MetamodelGraphWalker - Visiting attribute path : expirationDate
17:03:31.810 [Test worker] DEBUG org.hibernate.persister.walking.spi.MetamodelGraphWalker - Visiting attribute path : fixedPrice
17:03:31.810 [Test worker] DEBUG org.hibernate.persister.walking.spi.MetamodelGraphWalker - Visiting attribute path : order
17:03:31.810 [Test worker] DEBUG org.hibernate.persister.walking.spi.MetamodelGraphWalker - Property path deemed to be circular : order
17:03:31.810 [Test worker] DEBUG org.hibernate.loader.plan.build.internal.FetchStyleLoadPlanBuildingAssociationVisitationStrategy - Building LoadPlan...
17:03:31.810 [Test worker] DEBUG org.hibernate.loader.plan.exec.internal.LoadQueryJoinAndFetchProcessor - processing queryspace <gen:0>
17:03:31.810 [Test worker] DEBUG org.hibernate.loader.plan.build.spi.LoadPlanTreePrinter - LoadPlan(collection=com.epam.esm.entity.Order.orderCertificates)
    - Returns
       - CollectionReturnImpl(collection=com.epam.esm.entity.Order.orderCertificates, querySpaceUid=<gen:0>, path=[com.epam.esm.entity.Order.orderCertificates])
          - (collection element) CollectionFetchableElementEntityGraph(entity=com.epam.esm.entity.OrderCertificate, querySpaceUid=<gen:1>, path=[com.epam.esm.entity.Order.orderCertificates].<elements>)
             - EntityAttributeFetchImpl(entity=com.epam.esm.entity.GiftCertificate, querySpaceUid=<gen:2>, path=[com.epam.esm.entity.Order.orderCertificates].<elements>.certificate)
    - QuerySpaces
       - CollectionQuerySpaceImpl(uid=<gen:0>, collection=com.epam.esm.entity.Order.orderCertificates)
          - SQL table alias mapping - ordercerti0_
          - alias suffix - 0_
          - suffixed key columns - {order_id5_6_0_}
          - entity-element alias suffix - 1_
          - 1_entity-element suffixed key columns - id1_6_1_
          - JOIN (JoinDefinedByMetadata(elements)) : <gen:0> -> <gen:1>
             - EntityQuerySpaceImpl(uid=<gen:1>, entity=com.epam.esm.entity.OrderCertificate)
                - SQL table alias mapping - ordercerti0_
                - alias suffix - 1_
                - suffixed key columns - {id1_6_1_}

17:03:31.810 [Test worker] DEBUG org.hibernate.loader.collection.plan.CollectionLoader - Static select for collection com.epam.esm.entity.Order.orderCertificates: select ordercerti0_.order_id as order_id5_6_0_, ordercerti0_.id as id1_6_0_, ordercerti0_.id as id1_6_1_, ordercerti0_.certificate_id as certific4_6_1_, ordercerti0_.expiration_date as expirati2_6_1_, ordercerti0_.fixed_price as fixed_pr3_6_1_, ordercerti0_.order_id as order_id5_6_1_ from order_certificate ordercerti0_ where ordercerti0_.order_id=?
17:03:31.811 [Test worker] DEBUG org.hibernate.loader.plan.build.internal.spaces.QuerySpacesImpl - Adding QuerySpace : uid = <gen:0> -> org.hibernate.loader.plan.build.internal.spaces.CollectionQuerySpaceImpl@7fd064c2]
17:03:31.811 [Test worker] DEBUG org.hibernate.loader.plan.build.internal.spaces.QuerySpacesImpl - Adding QuerySpace : uid = <gen:1> -> org.hibernate.loader.plan.build.internal.spaces.EntityQuerySpaceImpl@575c5a7a]
17:03:31.811 [Test worker] DEBUG org.hibernate.persister.walking.spi.MetamodelGraphWalker - Visiting attribute path : certificate
17:03:31.811 [Test worker] DEBUG org.hibernate.persister.walking.spi.MetamodelGraphWalker - Property path deemed to be circular : certificate
17:03:31.811 [Test worker] DEBUG org.hibernate.persister.walking.spi.MetamodelGraphWalker - Visiting attribute path : expirationDate
17:03:31.811 [Test worker] DEBUG org.hibernate.persister.walking.spi.MetamodelGraphWalker - Visiting attribute path : fixedPrice
17:03:31.811 [Test worker] DEBUG org.hibernate.persister.walking.spi.MetamodelGraphWalker - Visiting attribute path : order
17:03:31.811 [Test worker] DEBUG org.hibernate.loader.plan.build.internal.spaces.QuerySpacesImpl - Adding QuerySpace : uid = <gen:2> -> org.hibernate.loader.plan.build.internal.spaces.EntityQuerySpaceImpl@48f276c2]
17:03:31.811 [Test worker] DEBUG org.hibernate.persister.walking.spi.MetamodelGraphWalker - Visiting attribute path : order.activeStatus
17:03:31.811 [Test worker] DEBUG org.hibernate.persister.walking.spi.MetamodelGraphWalker - Visiting attribute path : order.createdAt
17:03:31.811 [Test worker] DEBUG org.hibernate.persister.walking.spi.MetamodelGraphWalker - Visiting attribute path : order.orderCertificates
17:03:31.811 [Test worker] DEBUG org.hibernate.persister.walking.spi.MetamodelGraphWalker - Property path deemed to be circular : order.orderCertificates
17:03:31.811 [Test worker] DEBUG org.hibernate.persister.walking.spi.MetamodelGraphWalker - Visiting attribute path : order.user
17:03:31.811 [Test worker] DEBUG org.hibernate.loader.plan.build.internal.spaces.QuerySpacesImpl - Adding QuerySpace : uid = <gen:3> -> org.hibernate.loader.plan.build.internal.spaces.EntityQuerySpaceImpl@2582e487]
17:03:31.811 [Test worker] DEBUG org.hibernate.persister.walking.spi.MetamodelGraphWalker - Visiting attribute path : order.user.email
17:03:31.811 [Test worker] DEBUG org.hibernate.persister.walking.spi.MetamodelGraphWalker - Visiting attribute path : order.user.orders
17:03:31.811 [Test worker] DEBUG org.hibernate.persister.walking.spi.MetamodelGraphWalker - Property path deemed to be circular : order.user.orders
17:03:31.811 [Test worker] DEBUG org.hibernate.persister.walking.spi.MetamodelGraphWalker - Visiting attribute path : order.user.password
17:03:31.811 [Test worker] DEBUG org.hibernate.persister.walking.spi.MetamodelGraphWalker - Visiting attribute path : order.user.refreshToken
17:03:31.811 [Test worker] DEBUG org.hibernate.persister.walking.spi.MetamodelGraphWalker - Visiting attribute path : order.user.role
17:03:31.812 [Test worker] DEBUG org.hibernate.loader.plan.build.internal.spaces.QuerySpacesImpl - Adding QuerySpace : uid = <gen:4> -> org.hibernate.loader.plan.build.internal.spaces.EntityQuerySpaceImpl@d819d81]
17:03:31.812 [Test worker] DEBUG org.hibernate.persister.walking.spi.MetamodelGraphWalker - Visiting attribute path : order.user.role.value
17:03:31.812 [Test worker] DEBUG org.hibernate.loader.plan.build.internal.FetchStyleLoadPlanBuildingAssociationVisitationStrategy - Building LoadPlan...
17:03:31.812 [Test worker] DEBUG org.hibernate.loader.plan.exec.internal.LoadQueryJoinAndFetchProcessor - processing queryspace <gen:0>
17:03:31.812 [Test worker] DEBUG org.hibernate.loader.plan.build.spi.LoadPlanTreePrinter - LoadPlan(collection=com.epam.esm.entity.GiftCertificate.orderCertificates)
    - Returns
       - CollectionReturnImpl(collection=com.epam.esm.entity.GiftCertificate.orderCertificates, querySpaceUid=<gen:0>, path=[com.epam.esm.entity.GiftCertificate.orderCertificates])
          - (collection element) CollectionFetchableElementEntityGraph(entity=com.epam.esm.entity.OrderCertificate, querySpaceUid=<gen:1>, path=[com.epam.esm.entity.GiftCertificate.orderCertificates].<elements>)
             - EntityAttributeFetchImpl(entity=com.epam.esm.entity.Order, querySpaceUid=<gen:2>, path=[com.epam.esm.entity.GiftCertificate.orderCertificates].<elements>.order)
                - EntityAttributeFetchImpl(entity=com.epam.esm.entity.User, querySpaceUid=<gen:3>, path=[com.epam.esm.entity.GiftCertificate.orderCertificates].<elements>.order.user)
                   - EntityAttributeFetchImpl(entity=com.epam.esm.entity.Role, querySpaceUid=<gen:4>, path=[com.epam.esm.entity.GiftCertificate.orderCertificates].<elements>.order.user.role)
    - QuerySpaces
       - CollectionQuerySpaceImpl(uid=<gen:0>, collection=com.epam.esm.entity.GiftCertificate.orderCertificates)
          - SQL table alias mapping - ordercerti0_
          - alias suffix - 0_
          - suffixed key columns - {certific4_6_0_}
          - entity-element alias suffix - 1_
          - 1_entity-element suffixed key columns - id1_6_1_
          - JOIN (JoinDefinedByMetadata(elements)) : <gen:0> -> <gen:1>
             - EntityQuerySpaceImpl(uid=<gen:1>, entity=com.epam.esm.entity.OrderCertificate)
                - SQL table alias mapping - ordercerti0_
                - alias suffix - 1_
                - suffixed key columns - {id1_6_1_}
                - JOIN (JoinDefinedByMetadata(order)) : <gen:1> -> <gen:2>
                   - EntityQuerySpaceImpl(uid=<gen:2>, entity=com.epam.esm.entity.Order)
                      - SQL table alias mapping - order1_
                      - alias suffix - 2_
                      - suffixed key columns - {id1_0_2_}
                      - JOIN (JoinDefinedByMetadata(user)) : <gen:2> -> <gen:3>
                         - EntityQuerySpaceImpl(uid=<gen:3>, entity=com.epam.esm.entity.User)
                            - SQL table alias mapping - user2_
                            - alias suffix - 3_
                            - suffixed key columns - {id1_2_3_}
                            - JOIN (JoinDefinedByMetadata(role)) : <gen:3> -> <gen:4>
                               - EntityQuerySpaceImpl(uid=<gen:4>, entity=com.epam.esm.entity.Role)
                                  - SQL table alias mapping - role3_
                                  - alias suffix - 4_
                                  - suffixed key columns - {id1_1_4_}

17:03:31.813 [Test worker] DEBUG org.hibernate.loader.collection.plan.CollectionLoader - Static select for collection com.epam.esm.entity.GiftCertificate.orderCertificates: select ordercerti0_.certificate_id as certific4_6_0_, ordercerti0_.id as id1_6_0_, ordercerti0_.id as id1_6_1_, ordercerti0_.certificate_id as certific4_6_1_, ordercerti0_.expiration_date as expirati2_6_1_, ordercerti0_.fixed_price as fixed_pr3_6_1_, ordercerti0_.order_id as order_id5_6_1_, order1_.id as id1_0_2_, order1_.active_status as active_s2_0_2_, order1_.created_at as created_3_0_2_, order1_.user_id as user_id4_0_2_, user2_.id as id1_2_3_, user2_.email as email2_2_3_, user2_.password as password3_2_3_, user2_.refresh_token as refresh_4_2_3_, user2_.role_id as role_id5_2_3_, role3_.id as id1_1_4_, role3_.value as value2_1_4_ from order_certificate ordercerti0_ left outer join application_order order1_ on ordercerti0_.order_id=order1_.id left outer join application_user user2_ on order1_.user_id=user2_.id left outer join application_role role3_ on user2_.role_id=role3_.id where ordercerti0_.certificate_id=?
17:03:31.813 [Test worker] DEBUG org.hibernate.loader.plan.build.internal.spaces.QuerySpacesImpl - Adding QuerySpace : uid = <gen:0> -> org.hibernate.loader.plan.build.internal.spaces.CollectionQuerySpaceImpl@132e328]
17:03:31.813 [Test worker] DEBUG org.hibernate.loader.plan.build.internal.spaces.QuerySpacesImpl - Adding QuerySpace : uid = <gen:1> -> org.hibernate.loader.plan.build.internal.spaces.EntityQuerySpaceImpl@22a057ed]
17:03:31.813 [Test worker] DEBUG org.hibernate.persister.walking.spi.MetamodelGraphWalker - Visiting attribute path : activeStatus
17:03:31.813 [Test worker] DEBUG org.hibernate.persister.walking.spi.MetamodelGraphWalker - Visiting attribute path : createdAt
17:03:31.813 [Test worker] DEBUG org.hibernate.persister.walking.spi.MetamodelGraphWalker - Visiting attribute path : orderCertificates
17:03:31.813 [Test worker] DEBUG org.hibernate.loader.plan.build.internal.spaces.QuerySpacesImpl - Adding QuerySpace : uid = <gen:2> -> org.hibernate.loader.plan.build.internal.spaces.CollectionQuerySpaceImpl@32a8caed]
17:03:31.813 [Test worker] DEBUG org.hibernate.loader.plan.build.internal.spaces.QuerySpacesImpl - Adding QuerySpace : uid = <gen:3> -> org.hibernate.loader.plan.build.internal.spaces.EntityQuerySpaceImpl@1217ec6a]
17:03:31.813 [Test worker] DEBUG org.hibernate.persister.walking.spi.MetamodelGraphWalker - Visiting attribute path : user
17:03:31.813 [Test worker] DEBUG org.hibernate.persister.walking.spi.MetamodelGraphWalker - Property path deemed to be circular : user
17:03:31.813 [Test worker] DEBUG org.hibernate.loader.plan.build.internal.FetchStyleLoadPlanBuildingAssociationVisitationStrategy - Building LoadPlan...
17:03:31.813 [Test worker] DEBUG org.hibernate.loader.plan.exec.internal.LoadQueryJoinAndFetchProcessor - processing queryspace <gen:0>
17:03:31.814 [Test worker] DEBUG org.hibernate.loader.plan.build.spi.LoadPlanTreePrinter - LoadPlan(collection=com.epam.esm.entity.User.orders)
    - Returns
       - CollectionReturnImpl(collection=com.epam.esm.entity.User.orders, querySpaceUid=<gen:0>, path=[com.epam.esm.entity.User.orders])
          - (collection element) CollectionFetchableElementEntityGraph(entity=com.epam.esm.entity.Order, querySpaceUid=<gen:1>, path=[com.epam.esm.entity.User.orders].<elements>)
             - CollectionAttributeFetchImpl(collection=com.epam.esm.entity.Order.orderCertificates, querySpaceUid=<gen:2>, path=[com.epam.esm.entity.User.orders].<elements>.orderCertificates)
                - (collection element) CollectionFetchableElementEntityGraph(entity=com.epam.esm.entity.OrderCertificate, querySpaceUid=<gen:3>, path=[com.epam.esm.entity.User.orders].<elements>.orderCertificates.<elements>)
    - QuerySpaces
       - CollectionQuerySpaceImpl(uid=<gen:0>, collection=com.epam.esm.entity.User.orders)
          - SQL table alias mapping - orders0_
          - alias suffix - 0_
          - suffixed key columns - {user_id4_0_0_}
          - entity-element alias suffix - 1_
          - 1_entity-element suffixed key columns - id1_0_1_
          - JOIN (JoinDefinedByMetadata(elements)) : <gen:0> -> <gen:1>
             - EntityQuerySpaceImpl(uid=<gen:1>, entity=com.epam.esm.entity.Order)
                - SQL table alias mapping - orders0_
                - alias suffix - 1_
                - suffixed key columns - {id1_0_1_}

17:03:31.814 [Test worker] DEBUG org.hibernate.loader.collection.plan.CollectionLoader - Static select for collection com.epam.esm.entity.User.orders: select orders0_.user_id as user_id4_0_0_, orders0_.id as id1_0_0_, orders0_.id as id1_0_1_, orders0_.active_status as active_s2_0_1_, orders0_.created_at as created_3_0_1_, orders0_.user_id as user_id4_0_1_ from application_order orders0_ where orders0_.user_id=?
17:03:31.817 [Test worker] DEBUG org.hibernate.SQL - drop table application_order if exists
17:03:31.818 [Test worker] DEBUG org.hibernate.SQL - drop table application_role if exists
17:03:31.818 [Test worker] DEBUG org.hibernate.SQL - drop table application_user if exists
17:03:31.818 [Test worker] DEBUG org.hibernate.SQL - drop table certificate if exists
17:03:31.818 [Test worker] DEBUG org.hibernate.SQL - drop table certificate_tag if exists
17:03:31.818 [Test worker] DEBUG org.hibernate.SQL - drop table entity if exists
17:03:31.818 [Test worker] DEBUG org.hibernate.SQL - drop table order_certificate if exists
17:03:31.818 [Test worker] DEBUG org.hibernate.SQL - drop table tag if exists
17:03:31.819 [Test worker] DEBUG org.hibernate.SQL - create table application_order (id bigint generated by default as identity, active_status boolean, created_at timestamp, user_id bigint, primary key (id))
17:03:31.820 [Test worker] DEBUG org.hibernate.SQL - create table application_role (id bigint generated by default as identity, value varchar(255), primary key (id))
17:03:31.820 [Test worker] DEBUG org.hibernate.SQL - create table application_user (id bigint generated by default as identity, email varchar(255), password varchar(255), refresh_token varchar(255), role_id bigint, primary key (id))
17:03:31.821 [Test worker] DEBUG org.hibernate.SQL - create table certificate (id bigint generated by default as identity, active_status boolean, creation_date date, description varchar(255), expiration_date date, modification_date date, name varchar(255), price decimal(19,2), primary key (id))
17:03:31.822 [Test worker] DEBUG org.hibernate.SQL - create table certificate_tag (certificate_id bigint not null, tag_id bigint not null, primary key (certificate_id, tag_id))
17:03:31.823 [Test worker] DEBUG org.hibernate.SQL - create table entity (id bigint generated by default as identity, primary key (id))
17:03:31.823 [Test worker] DEBUG org.hibernate.SQL - create table order_certificate (id bigint generated by default as identity, expiration_date date, fixed_price decimal(19,2), certificate_id bigint, order_id bigint, primary key (id))
17:03:31.824 [Test worker] DEBUG org.hibernate.SQL - create table tag (id bigint generated by default as identity, title varchar(255), primary key (id))
17:03:31.825 [Test worker] DEBUG org.hibernate.SQL - alter table tag add constraint UK_k5g3urrxw2ym0ls8vo6xfgs65 unique (title)
17:03:31.825 [Test worker] DEBUG org.hibernate.SQL - alter table application_order add constraint FKp4m4jwa9ds4e3gmsdtsvjcty3 foreign key (user_id) references application_user
17:03:31.827 [Test worker] DEBUG org.hibernate.SQL - alter table application_user add constraint FKkb3re6enordhsw7vy7ftgtna4 foreign key (role_id) references application_role
17:03:31.828 [Test worker] DEBUG org.hibernate.SQL - alter table certificate_tag add constraint FKk65jck3ppxm1p372l03sxdtcc foreign key (tag_id) references tag
17:03:31.829 [Test worker] DEBUG org.hibernate.SQL - alter table certificate_tag add constraint FKlrytco6nyamwxl72nog54iymx foreign key (certificate_id) references certificate
17:03:31.831 [Test worker] DEBUG org.hibernate.SQL - alter table order_certificate add constraint FKans0qrkplnas0le7if4ph8n2w foreign key (certificate_id) references certificate
17:03:31.832 [Test worker] DEBUG org.hibernate.SQL - alter table order_certificate add constraint FKlylopteltw5t82w63stck3tb8 foreign key (order_id) references application_order
17:03:31.834 [Test worker] INFO org.hibernate.tool.schema.internal.SchemaCreatorImpl - HHH000476: Executing import script 'org.hibernate.tool.schema.internal.exec.ScriptSourceInputNonExistentImpl@3bb5d12c'
17:03:31.835 [Test worker] DEBUG org.hibernate.query.spi.NamedQueryRepository - Checking 0 named HQL queries
17:03:31.835 [Test worker] DEBUG org.hibernate.query.spi.NamedQueryRepository - Checking 0 named SQL queries
17:03:31.835 [Test worker] DEBUG org.hibernate.internal.SessionFactoryRegistry - Registering SessionFactory: ef5cca7d-9ad5-48da-b842-e5cbf103cd0b (<unnamed>)
17:03:31.835 [Test worker] DEBUG org.hibernate.internal.SessionFactoryRegistry - Not binding SessionFactory to JNDI, no JNDI name configured
17:03:31.835 [Test worker] INFO org.springframework.orm.jpa.LocalContainerEntityManagerFactoryBean - Initialized JPA EntityManagerFactory for persistence unit 'default'
17:03:31.835 [Test worker] DEBUG org.springframework.jdbc.datasource.DataSourceUtils - Fetching JDBC Connection from DataSource
17:03:31.836 [Test worker] DEBUG org.springframework.beans.factory.support.DefaultListableBeanFactory - Creating shared instance of singleton bean 'testConfig'
17:03:31.837 [Test worker] DEBUG org.springframework.beans.factory.support.DefaultListableBeanFactory - Creating shared instance of singleton bean 'certificateRepository'
17:03:31.838 [Test worker] DEBUG org.springframework.beans.factory.support.DefaultListableBeanFactory - Creating shared instance of singleton bean 'org.springframework.orm.jpa.SharedEntityManagerCreator#0'
17:03:31.841 [Test worker] DEBUG org.springframework.beans.factory.support.DefaultListableBeanFactory - Creating shared instance of singleton bean 'criteriaBuilderHelper'
17:03:31.841 [Test worker] DEBUG org.springframework.beans.factory.support.DefaultListableBeanFactory - Autowiring by type from bean name 'certificateRepository' via constructor to bean named 'org.springframework.orm.jpa.SharedEntityManagerCreator#0'
17:03:31.841 [Test worker] DEBUG org.springframework.beans.factory.support.DefaultListableBeanFactory - Autowiring by type from bean name 'certificateRepository' via constructor to bean named 'criteriaBuilderHelper'
17:03:31.842 [Test worker] DEBUG org.springframework.beans.factory.support.DefaultListableBeanFactory - Creating shared instance of singleton bean 'orderCertificateRepository'
17:03:31.843 [Test worker] DEBUG org.springframework.beans.factory.support.DefaultListableBeanFactory - Autowiring by type from bean name 'orderCertificateRepository' via constructor to bean named 'org.springframework.orm.jpa.SharedEntityManagerCreator#0'
17:03:31.843 [Test worker] DEBUG org.springframework.beans.factory.support.DefaultListableBeanFactory - Creating shared instance of singleton bean 'orderRepository'
17:03:31.844 [Test worker] DEBUG org.springframework.beans.factory.support.DefaultListableBeanFactory - Autowiring by type from bean name 'orderRepository' via constructor to bean named 'org.springframework.orm.jpa.SharedEntityManagerCreator#0'
17:03:31.844 [Test worker] DEBUG org.springframework.beans.factory.support.DefaultListableBeanFactory - Creating shared instance of singleton bean 'tagRepository'
17:03:31.845 [Test worker] DEBUG org.springframework.beans.factory.support.DefaultListableBeanFactory - Autowiring by type from bean name 'tagRepository' via constructor to bean named 'org.springframework.orm.jpa.SharedEntityManagerCreator#0'
17:03:31.846 [Test worker] DEBUG org.springframework.beans.factory.support.DefaultListableBeanFactory - Creating shared instance of singleton bean 'userRepository'
17:03:31.847 [Test worker] DEBUG org.springframework.beans.factory.support.DefaultListableBeanFactory - Autowiring by type from bean name 'userRepository' via constructor to bean named 'org.springframework.orm.jpa.SharedEntityManagerCreator#0'
17:03:31.847 [Test worker] DEBUG org.springframework.beans.factory.support.DefaultListableBeanFactory - Creating shared instance of singleton bean 'org.springframework.boot.autoconfigure.context.PropertyPlaceholderAutoConfiguration'
17:03:31.848 [Test worker] DEBUG org.springframework.beans.factory.support.DefaultListableBeanFactory - Creating shared instance of singleton bean 'org.springframework.boot.autoconfigure.task.TaskExecutionAutoConfiguration'
17:03:31.848 [Test worker] DEBUG org.springframework.core.LocalVariableTableParameterNameDiscoverer - Cannot find '.class' file for class [class org.springframework.boot.autoconfigure.task.TaskExecutionAutoConfiguration$$EnhancerBySpringCGLIB$$30b471bb] - unable to determine constructor/method parameter names
17:03:31.848 [Test worker] DEBUG org.springframework.beans.factory.support.DefaultListableBeanFactory - Creating shared instance of singleton bean 'spring.task.execution-org.springframework.boot.autoconfigure.task.TaskExecutionProperties'
17:03:31.849 [Test worker] DEBUG org.springframework.beans.factory.support.DefaultListableBeanFactory - Autowiring by type from bean name 'org.springframework.boot.autoconfigure.task.TaskExecutionAutoConfiguration' via constructor to bean named 'spring.task.execution-org.springframework.boot.autoconfigure.task.TaskExecutionProperties'
17:03:31.850 [Test worker] DEBUG org.springframework.beans.factory.support.DefaultListableBeanFactory - Creating shared instance of singleton bean 'taskExecutorBuilder'
17:03:31.851 [Test worker] DEBUG org.springframework.beans.factory.support.DefaultListableBeanFactory - Creating shared instance of singleton bean 'org.springframework.boot.autoconfigure.validation.ValidationAutoConfiguration'
17:03:31.851 [Test worker] DEBUG org.springframework.beans.factory.support.DefaultListableBeanFactory - Creating shared instance of singleton bean 'defaultValidator'
17:03:31.852 [Test worker] DEBUG org.hibernate.validator.internal.engine.resolver.TraversableResolvers - Found javax.persistence.Persistence on classpath containing 'getPersistenceUtil'. Assuming JPA 2 environment. Trying to instantiate JPA aware TraversableResolver
17:03:31.852 [Test worker] DEBUG org.hibernate.validator.internal.engine.resolver.TraversableResolvers - Instantiated JPA aware TraversableResolver of type org.hibernate.validator.internal.engine.resolver.JPATraversableResolver.
17:03:31.852 [Test worker] DEBUG org.hibernate.validator.messageinterpolation.ResourceBundleMessageInterpolator - Loaded expression factory via original TCCL
17:03:31.852 [Test worker] DEBUG org.hibernate.validator.internal.engine.resolver.TraversableResolvers - Found javax.persistence.Persistence on classpath containing 'getPersistenceUtil'. Assuming JPA 2 environment. Trying to instantiate JPA aware TraversableResolver
17:03:31.852 [Test worker] DEBUG org.hibernate.validator.internal.engine.resolver.TraversableResolvers - Instantiated JPA aware TraversableResolver of type org.hibernate.validator.internal.engine.resolver.JPATraversableResolver.
17:03:31.852 [Test worker] DEBUG org.hibernate.validator.internal.engine.ConfigurationImpl - Setting custom MessageInterpolator of type org.springframework.validation.beanvalidation.LocaleContextMessageInterpolator
17:03:31.852 [Test worker] DEBUG org.hibernate.validator.internal.engine.ConfigurationImpl - Setting custom ConstraintValidatorFactory of type org.springframework.validation.beanvalidation.SpringConstraintValidatorFactory
17:03:31.852 [Test worker] DEBUG org.hibernate.validator.internal.engine.ConfigurationImpl - Setting custom ParameterNameProvider of type org.springframework.validation.beanvalidation.LocalValidatorFactoryBean$1
17:03:31.852 [Test worker] DEBUG org.hibernate.validator.internal.xml.config.ValidationXmlParser - Trying to load META-INF/validation.xml for XML based Validator configuration.
17:03:31.852 [Test worker] DEBUG org.hibernate.validator.internal.xml.config.ResourceLoaderHelper - Trying to load META-INF/validation.xml via user class loader
17:03:31.853 [Test worker] DEBUG org.hibernate.validator.internal.xml.config.ResourceLoaderHelper - Trying to load META-INF/validation.xml via TCCL
17:03:31.853 [Test worker] DEBUG org.hibernate.validator.internal.xml.config.ResourceLoaderHelper - Trying to load META-INF/validation.xml via Hibernate Validator's class loader
17:03:31.853 [Test worker] DEBUG org.hibernate.validator.internal.xml.config.ValidationXmlParser - No META-INF/validation.xml found. Using annotation based configuration only.
17:03:31.858 [Test worker] DEBUG org.hibernate.validator.internal.engine.ValidatorFactoryImpl - HV000234: Using org.springframework.validation.beanvalidation.LocaleContextMessageInterpolator as ValidatorFactory-scoped message interpolator.
17:03:31.858 [Test worker] DEBUG org.hibernate.validator.internal.engine.ValidatorFactoryImpl - HV000234: Using org.hibernate.validator.internal.engine.resolver.JPATraversableResolver as ValidatorFactory-scoped traversable resolver.
17:03:31.858 [Test worker] DEBUG org.hibernate.validator.internal.engine.ValidatorFactoryImpl - HV000234: Using org.hibernate.validator.internal.util.ExecutableParameterNameProvider as ValidatorFactory-scoped parameter name provider.
17:03:31.858 [Test worker] DEBUG org.hibernate.validator.internal.engine.ValidatorFactoryImpl - HV000234: Using org.hibernate.validator.internal.engine.DefaultClockProvider as ValidatorFactory-scoped clock provider.
17:03:31.858 [Test worker] DEBUG org.hibernate.validator.internal.engine.ValidatorFactoryImpl - HV000234: Using org.hibernate.validator.internal.engine.scripting.DefaultScriptEvaluatorFactory as ValidatorFactory-scoped script evaluator factory.
17:03:31.859 [Test worker] DEBUG org.springframework.beans.factory.support.DefaultListableBeanFactory - Creating shared instance of singleton bean 'org.springframework.boot.autoconfigure.security.oauth2.client.OAuth2RestOperationsConfiguration$SingletonScopedConfiguration'
17:03:31.860 [Test worker] DEBUG org.springframework.beans.factory.support.DefaultListableBeanFactory - Creating shared instance of singleton bean 'oauth2RemoteResource'
17:03:31.861 [Test worker] DEBUG org.springframework.beans.factory.support.DefaultListableBeanFactory - Creating shared instance of singleton bean 'oauth2ClientContext'
17:03:31.861 [Test worker] DEBUG org.springframework.beans.factory.support.DefaultListableBeanFactory - Creating shared instance of singleton bean 'org.springframework.boot.autoconfigure.security.oauth2.client.OAuth2RestOperationsConfiguration'
17:03:31.862 [Test worker] DEBUG org.springframework.beans.factory.support.DefaultListableBeanFactory - Creating shared instance of singleton bean 'org.springframework.boot.autoconfigure.security.oauth2.OAuth2AutoConfiguration'
17:03:31.862 [Test worker] DEBUG org.springframework.core.LocalVariableTableParameterNameDiscoverer - Cannot find '.class' file for class [class org.springframework.boot.autoconfigure.security.oauth2.OAuth2AutoConfiguration$$EnhancerBySpringCGLIB$$5c5e94e5] - unable to determine constructor/method parameter names
17:03:31.862 [Test worker] DEBUG org.springframework.beans.factory.support.DefaultListableBeanFactory - Creating shared instance of singleton bean 'security.oauth2.client-org.springframework.boot.autoconfigure.security.oauth2.OAuth2ClientProperties'
17:03:31.863 [Test worker] DEBUG org.springframework.beans.factory.support.DefaultListableBeanFactory - Autowiring by type from bean name 'org.springframework.boot.autoconfigure.security.oauth2.OAuth2AutoConfiguration' via constructor to bean named 'security.oauth2.client-org.springframework.boot.autoconfigure.security.oauth2.OAuth2ClientProperties'
17:03:31.863 [Test worker] DEBUG org.springframework.beans.factory.support.DefaultListableBeanFactory - Creating shared instance of singleton bean 'resourceServerProperties'
17:03:31.865 [Test worker] DEBUG org.springframework.beans.factory.support.DefaultListableBeanFactory - Creating shared instance of singleton bean 'org.springframework.boot.autoconfigure.jmx.JmxAutoConfiguration'
17:03:31.865 [Test worker] DEBUG org.springframework.beans.factory.support.DefaultListableBeanFactory - Creating shared instance of singleton bean 'mbeanExporter'
17:03:31.865 [Test worker] DEBUG org.springframework.beans.factory.support.DefaultListableBeanFactory - Creating shared instance of singleton bean 'objectNamingStrategy'
17:03:31.866 [Test worker] DEBUG org.springframework.beans.factory.support.DefaultListableBeanFactory - Autowiring by type from bean name 'mbeanExporter' via factory method to bean named 'objectNamingStrategy'
17:03:31.866 [Test worker] DEBUG org.springframework.beans.factory.support.DefaultListableBeanFactory - Creating shared instance of singleton bean 'mbeanServer'
17:03:31.867 [Test worker] DEBUG org.springframework.jmx.support.JmxUtils - Found MBeanServer: com.sun.jmx.mbeanserver.JmxMBeanServer@bc10b92
17:03:31.869 [Test worker] DEBUG org.springframework.beans.factory.support.DefaultListableBeanFactory - Creating shared instance of singleton bean 'org.springframework.boot.autoconfigure.aop.AopAutoConfiguration$CglibAutoProxyConfiguration'
17:03:31.869 [Test worker] DEBUG org.springframework.beans.factory.support.DefaultListableBeanFactory - Creating shared instance of singleton bean 'org.springframework.boot.autoconfigure.aop.AopAutoConfiguration'
17:03:31.870 [Test worker] DEBUG org.springframework.beans.factory.support.DefaultListableBeanFactory - Creating shared instance of singleton bean 'org.springframework.boot.autoconfigure.transaction.jta.JtaAutoConfiguration'
17:03:31.870 [Test worker] DEBUG org.springframework.beans.factory.support.DefaultListableBeanFactory - Creating shared instance of singleton bean 'org.springframework.boot.autoconfigure.jdbc.DataSourceJmxConfiguration$Hikari'
17:03:31.870 [Test worker] DEBUG org.springframework.core.LocalVariableTableParameterNameDiscoverer - Cannot find '.class' file for class [class org.springframework.boot.autoconfigure.jdbc.DataSourceJmxConfiguration$Hikari$$EnhancerBySpringCGLIB$$8eb93a4f] - unable to determine constructor/method parameter names
17:03:31.871 [Test worker] DEBUG org.springframework.beans.factory.support.DefaultListableBeanFactory - Autowiring by type from bean name 'org.springframework.boot.autoconfigure.jdbc.DataSourceJmxConfiguration$Hikari' via constructor to bean named 'dataSource'
17:03:31.871 [Test worker] DEBUG org.springframework.beans.factory.support.DefaultListableBeanFactory - Creating shared instance of singleton bean 'org.springframework.boot.autoconfigure.jdbc.DataSourceJmxConfiguration'
17:03:31.871 [Test worker] DEBUG org.springframework.beans.factory.support.DefaultListableBeanFactory - Creating shared instance of singleton bean 'org.springframework.boot.autoconfigure.jdbc.DataSourceAutoConfiguration$PooledDataSourceConfiguration'
17:03:31.871 [Test worker] DEBUG org.springframework.beans.factory.support.DefaultListableBeanFactory - Creating shared instance of singleton bean 'org.springframework.boot.autoconfigure.jdbc.metadata.DataSourcePoolMetadataProvidersConfiguration'
17:03:31.872 [Test worker] DEBUG org.springframework.beans.factory.support.DefaultListableBeanFactory - Creating shared instance of singleton bean 'org.springframework.boot.autoconfigure.jdbc.DataSourceInitializationConfiguration'
17:03:31.872 [Test worker] DEBUG org.springframework.beans.factory.support.DefaultListableBeanFactory - Creating shared instance of singleton bean 'org.springframework.boot.autoconfigure.jdbc.DataSourceAutoConfiguration'
17:03:31.872 [Test worker] DEBUG org.springframework.beans.factory.support.DefaultListableBeanFactory - Creating shared instance of singleton bean 'transactionManager'
17:03:31.873 [Test worker] DEBUG org.springframework.beans.factory.support.DefaultListableBeanFactory - Creating shared instance of singleton bean 'org.springframework.boot.autoconfigure.orm.jpa.HibernateJpaAutoConfiguration'
17:03:31.874 [Test worker] DEBUG org.springframework.beans.factory.support.DefaultListableBeanFactory - Creating shared instance of singleton bean 'org.springframework.boot.autoconfigure.context.ConfigurationPropertiesAutoConfiguration'
17:03:31.874 [Test worker] DEBUG org.springframework.beans.factory.support.DefaultListableBeanFactory - Creating shared instance of singleton bean 'org.springframework.boot.autoconfigure.dao.PersistenceExceptionTranslationAutoConfiguration'
17:03:31.874 [Test worker] DEBUG org.springframework.beans.factory.support.DefaultListableBeanFactory - Creating shared instance of singleton bean 'org.springframework.boot.autoconfigure.data.jpa.JpaRepositoriesAutoConfiguration'
17:03:31.875 [Test worker] DEBUG org.springframework.beans.factory.support.DefaultListableBeanFactory - Creating shared instance of singleton bean 'org.springframework.data.jpa.util.JpaMetamodelCacheCleanup'
17:03:31.875 [Test worker] DEBUG org.springframework.beans.factory.support.DefaultListableBeanFactory - Creating shared instance of singleton bean 'org.springframework.data.jpa.repository.support.JpaEvaluationContextExtension'
17:03:31.876 [Test worker] DEBUG org.springframework.beans.factory.support.DefaultListableBeanFactory - Creating shared instance of singleton bean 'org.springframework.boot.autoconfigure.jackson.JacksonAutoConfiguration$Jackson2ObjectMapperBuilderCustomizerConfiguration'
17:03:31.876 [Test worker] DEBUG org.springframework.beans.factory.support.DefaultListableBeanFactory - Creating shared instance of singleton bean 'standardJacksonObjectMapperBuilderCustomizer'
17:03:31.877 [Test worker] DEBUG org.springframework.beans.factory.support.DefaultListableBeanFactory - Creating shared instance of singleton bean 'spring.jackson-org.springframework.boot.autoconfigure.jackson.JacksonProperties'
17:03:31.877 [Test worker] DEBUG org.springframework.beans.factory.support.DefaultListableBeanFactory - Autowiring by type from bean name 'standardJacksonObjectMapperBuilderCustomizer' via factory method to bean named 'org.springframework.context.support.GenericApplicationContext@4629342c'
17:03:31.877 [Test worker] DEBUG org.springframework.beans.factory.support.DefaultListableBeanFactory - Autowiring by type from bean name 'standardJacksonObjectMapperBuilderCustomizer' via factory method to bean named 'spring.jackson-org.springframework.boot.autoconfigure.jackson.JacksonProperties'
17:03:31.878 [Test worker] DEBUG org.springframework.beans.factory.support.DefaultListableBeanFactory - Creating shared instance of singleton bean 'org.springframework.boot.autoconfigure.jackson.JacksonAutoConfiguration$JacksonObjectMapperBuilderConfiguration'
17:03:31.878 [Test worker] DEBUG org.springframework.core.LocalVariableTableParameterNameDiscoverer - Cannot find '.class' file for class [class org.springframework.boot.autoconfigure.jackson.JacksonAutoConfiguration$JacksonObjectMapperBuilderConfiguration$$EnhancerBySpringCGLIB$$b2f51a8f] - unable to determine constructor/method parameter names
17:03:31.878 [Test worker] DEBUG org.springframework.beans.factory.support.DefaultListableBeanFactory - Autowiring by type from bean name 'org.springframework.boot.autoconfigure.jackson.JacksonAutoConfiguration$JacksonObjectMapperBuilderConfiguration' via constructor to bean named 'org.springframework.context.support.GenericApplicationContext@4629342c'
17:03:31.878 [Test worker] DEBUG org.springframework.beans.factory.support.DefaultListableBeanFactory - Creating shared instance of singleton bean 'jacksonObjectMapperBuilder'
17:03:31.879 [Test worker] DEBUG org.springframework.beans.factory.support.DefaultListableBeanFactory - Autowiring by type from bean name 'jacksonObjectMapperBuilder' via factory method to bean named 'standardJacksonObjectMapperBuilderCustomizer'
17:03:31.879 [Test worker] DEBUG org.springframework.beans.factory.support.DefaultListableBeanFactory - Creating shared instance of singleton bean 'parameterNamesModule'
17:03:31.879 [Test worker] DEBUG org.springframework.beans.factory.support.DefaultListableBeanFactory - Creating shared instance of singleton bean 'org.springframework.boot.autoconfigure.jackson.JacksonAutoConfiguration$ParameterNamesModuleConfiguration'
17:03:31.880 [Test worker] DEBUG org.springframework.beans.factory.support.DefaultListableBeanFactory - Creating shared instance of singleton bean 'jsonComponentModule'
17:03:31.880 [Test worker] DEBUG org.springframework.beans.factory.support.DefaultListableBeanFactory - Creating shared instance of singleton bean 'org.springframework.boot.autoconfigure.jackson.JacksonAutoConfiguration'
17:03:31.882 [Test worker] DEBUG org.springframework.beans.factory.support.DefaultListableBeanFactory - Creating shared instance of singleton bean 'org.springframework.boot.autoconfigure.jackson.JacksonAutoConfiguration$JacksonObjectMapperConfiguration'
17:03:31.882 [Test worker] DEBUG org.springframework.beans.factory.support.DefaultListableBeanFactory - Creating shared instance of singleton bean 'jacksonObjectMapper'
17:03:31.883 [Test worker] DEBUG org.springframework.beans.factory.support.DefaultListableBeanFactory - Autowiring by type from bean name 'jacksonObjectMapper' via factory method to bean named 'jacksonObjectMapperBuilder'
17:03:31.886 [Test worker] DEBUG org.springframework.beans.factory.support.DefaultListableBeanFactory - Creating shared instance of singleton bean 'org.springframework.boot.autoconfigure.http.HttpMessageConvertersAutoConfiguration$StringHttpMessageConverterConfiguration'
17:03:31.887 [Test worker] DEBUG org.springframework.core.LocalVariableTableParameterNameDiscoverer - Cannot find '.class' file for class [class org.springframework.boot.autoconfigure.http.HttpMessageConvertersAutoConfiguration$StringHttpMessageConverterConfiguration$$EnhancerBySpringCGLIB$$f2566b19] - unable to determine constructor/method parameter names
17:03:31.887 [Test worker] DEBUG org.springframework.beans.factory.support.DefaultListableBeanFactory - Creating shared instance of singleton bean 'spring.http-org.springframework.boot.autoconfigure.http.HttpProperties'
17:03:31.888 [Test worker] DEBUG org.springframework.beans.factory.support.DefaultListableBeanFactory - Autowiring by type from bean name 'org.springframework.boot.autoconfigure.http.HttpMessageConvertersAutoConfiguration$StringHttpMessageConverterConfiguration' via constructor to bean named 'spring.http-org.springframework.boot.autoconfigure.http.HttpProperties'
17:03:31.888 [Test worker] DEBUG org.springframework.beans.factory.support.DefaultListableBeanFactory - Creating shared instance of singleton bean 'stringHttpMessageConverter'
17:03:31.889 [Test worker] DEBUG org.springframework.beans.factory.support.DefaultListableBeanFactory - Creating shared instance of singleton bean 'org.springframework.boot.autoconfigure.http.JacksonHttpMessageConvertersConfiguration$MappingJackson2HttpMessageConverterConfiguration'
17:03:31.889 [Test worker] DEBUG org.springframework.beans.factory.support.DefaultListableBeanFactory - Creating shared instance of singleton bean 'mappingJackson2HttpMessageConverter'
17:03:31.889 [Test worker] DEBUG org.springframework.beans.factory.support.DefaultListableBeanFactory - Autowiring by type from bean name 'mappingJackson2HttpMessageConverter' via factory method to bean named 'jacksonObjectMapper'
17:03:31.890 [Test worker] DEBUG org.springframework.beans.factory.support.DefaultListableBeanFactory - Creating shared instance of singleton bean 'org.springframework.boot.autoconfigure.http.JacksonHttpMessageConvertersConfiguration'
17:03:31.890 [Test worker] DEBUG org.springframework.beans.factory.support.DefaultListableBeanFactory - Creating shared instance of singleton bean 'org.springframework.boot.autoconfigure.http.HttpMessageConvertersAutoConfiguration'
17:03:31.891 [Test worker] DEBUG org.springframework.core.LocalVariableTableParameterNameDiscoverer - Cannot find '.class' file for class [class org.springframework.boot.autoconfigure.http.HttpMessageConvertersAutoConfiguration$$EnhancerBySpringCGLIB$$bf48a479] - unable to determine constructor/method parameter names
17:03:31.891 [Test worker] DEBUG org.springframework.beans.factory.support.DefaultListableBeanFactory - Creating shared instance of singleton bean 'messageConverters'
17:03:31.895 [Test worker] DEBUG org.springframework.beans.factory.support.DefaultListableBeanFactory - Creating shared instance of singleton bean 'org.springframework.boot.autoconfigure.http.codec.CodecsAutoConfiguration$LoggingCodecConfiguration'
17:03:31.895 [Test worker] DEBUG org.springframework.beans.factory.support.DefaultListableBeanFactory - Creating shared instance of singleton bean 'loggingCodecCustomizer'
17:03:31.895 [Test worker] DEBUG org.springframework.beans.factory.support.DefaultListableBeanFactory - Autowiring by type from bean name 'loggingCodecCustomizer' via factory method to bean named 'spring.http-org.springframework.boot.autoconfigure.http.HttpProperties'
17:03:31.895 [Test worker] DEBUG org.springframework.beans.factory.support.DefaultListableBeanFactory - Creating shared instance of singleton bean 'org.springframework.boot.autoconfigure.http.codec.CodecsAutoConfiguration$JacksonCodecConfiguration'
17:03:31.896 [Test worker] DEBUG org.springframework.beans.factory.support.DefaultListableBeanFactory - Creating shared instance of singleton bean 'jacksonCodecCustomizer'
17:03:31.896 [Test worker] DEBUG org.springframework.beans.factory.support.DefaultListableBeanFactory - Autowiring by type from bean name 'jacksonCodecCustomizer' via factory method to bean named 'jacksonObjectMapper'
17:03:31.896 [Test worker] DEBUG org.springframework.beans.factory.support.DefaultListableBeanFactory - Creating shared instance of singleton bean 'org.springframework.boot.autoconfigure.http.codec.CodecsAutoConfiguration'
17:03:31.896 [Test worker] DEBUG org.springframework.beans.factory.support.DefaultListableBeanFactory - Creating shared instance of singleton bean 'org.springframework.boot.autoconfigure.info.ProjectInfoAutoConfiguration'
17:03:31.897 [Test worker] DEBUG org.springframework.core.LocalVariableTableParameterNameDiscoverer - Cannot find '.class' file for class [class org.springframework.boot.autoconfigure.info.ProjectInfoAutoConfiguration$$EnhancerBySpringCGLIB$$e10ee5fe] - unable to determine constructor/method parameter names
17:03:31.897 [Test worker] DEBUG org.springframework.beans.factory.support.DefaultListableBeanFactory - Creating shared instance of singleton bean 'spring.info-org.springframework.boot.autoconfigure.info.ProjectInfoProperties'
17:03:31.897 [Test worker] DEBUG org.springframework.beans.factory.support.DefaultListableBeanFactory - Autowiring by type from bean name 'org.springframework.boot.autoconfigure.info.ProjectInfoAutoConfiguration' via constructor to bean named 'spring.info-org.springframework.boot.autoconfigure.info.ProjectInfoProperties'
17:03:31.898 [Test worker] DEBUG org.springframework.beans.factory.support.DefaultListableBeanFactory - Creating shared instance of singleton bean 'org.springframework.boot.autoconfigure.jdbc.JdbcTemplateAutoConfiguration$JdbcTemplateConfiguration'
17:03:31.898 [Test worker] DEBUG org.springframework.core.LocalVariableTableParameterNameDiscoverer - Cannot find '.class' file for class [class org.springframework.boot.autoconfigure.jdbc.JdbcTemplateAutoConfiguration$JdbcTemplateConfiguration$$EnhancerBySpringCGLIB$$bda00752] - unable to determine constructor/method parameter names
17:03:31.898 [Test worker] DEBUG org.springframework.beans.factory.support.DefaultListableBeanFactory - Creating shared instance of singleton bean 'spring.jdbc-org.springframework.boot.autoconfigure.jdbc.JdbcProperties'
17:03:31.899 [Test worker] DEBUG org.springframework.beans.factory.support.DefaultListableBeanFactory - Autowiring by type from bean name 'org.springframework.boot.autoconfigure.jdbc.JdbcTemplateAutoConfiguration$JdbcTemplateConfiguration' via constructor to bean named 'dataSource'
17:03:31.899 [Test worker] DEBUG org.springframework.beans.factory.support.DefaultListableBeanFactory - Autowiring by type from bean name 'org.springframework.boot.autoconfigure.jdbc.JdbcTemplateAutoConfiguration$JdbcTemplateConfiguration' via constructor to bean named 'spring.jdbc-org.springframework.boot.autoconfigure.jdbc.JdbcProperties'
17:03:31.899 [Test worker] DEBUG org.springframework.beans.factory.support.DefaultListableBeanFactory - Creating shared instance of singleton bean 'jdbcTemplate'
17:03:31.901 [Test worker] DEBUG org.springframework.beans.factory.support.DefaultListableBeanFactory - Creating shared instance of singleton bean 'org.springframework.boot.autoconfigure.jdbc.JdbcTemplateAutoConfiguration$NamedParameterJdbcTemplateConfiguration'
17:03:31.902 [Test worker] DEBUG org.springframework.beans.factory.support.DefaultListableBeanFactory - Creating shared instance of singleton bean 'namedParameterJdbcTemplate'
17:03:31.902 [Test worker] DEBUG org.springframework.beans.factory.support.DefaultListableBeanFactory - Autowiring by type from bean name 'namedParameterJdbcTemplate' via factory method to bean named 'jdbcTemplate'
17:03:31.903 [Test worker] DEBUG org.springframework.beans.factory.support.DefaultListableBeanFactory - Creating shared instance of singleton bean 'org.springframework.boot.autoconfigure.jdbc.JdbcTemplateAutoConfiguration'
17:03:31.903 [Test worker] DEBUG org.springframework.beans.factory.support.DefaultListableBeanFactory - Creating shared instance of singleton bean 'org.springframework.boot.autoconfigure.security.servlet.SecurityAutoConfiguration'
17:03:31.904 [Test worker] DEBUG org.springframework.beans.factory.support.DefaultListableBeanFactory - Creating shared instance of singleton bean 'authenticationEventPublisher'
17:03:31.904 [Test worker] DEBUG org.springframework.beans.factory.support.DefaultListableBeanFactory - Autowiring by type from bean name 'authenticationEventPublisher' via factory method to bean named 'org.springframework.context.support.GenericApplicationContext@4629342c'
17:03:31.904 [Test worker] DEBUG org.springframework.beans.factory.support.DefaultListableBeanFactory - Creating shared instance of singleton bean 'spring.security-org.springframework.boot.autoconfigure.security.SecurityProperties'
17:03:31.905 [Test worker] DEBUG org.springframework.beans.factory.support.DefaultListableBeanFactory - Creating shared instance of singleton bean 'org.springframework.boot.autoconfigure.task.TaskSchedulingAutoConfiguration'
17:03:31.905 [Test worker] DEBUG org.springframework.beans.factory.support.DefaultListableBeanFactory - Creating shared instance of singleton bean 'taskSchedulerBuilder'
17:03:31.906 [Test worker] DEBUG org.springframework.beans.factory.support.DefaultListableBeanFactory - Creating shared instance of singleton bean 'spring.task.scheduling-org.springframework.boot.autoconfigure.task.TaskSchedulingProperties'
17:03:31.906 [Test worker] DEBUG org.springframework.beans.factory.support.DefaultListableBeanFactory - Autowiring by type from bean name 'taskSchedulerBuilder' via factory method to bean named 'spring.task.scheduling-org.springframework.boot.autoconfigure.task.TaskSchedulingProperties'
17:03:31.907 [Test worker] DEBUG org.springframework.beans.factory.support.DefaultListableBeanFactory - Creating shared instance of singleton bean 'org.springframework.boot.autoconfigure.jdbc.DataSourceTransactionManagerAutoConfiguration$DataSourceTransactionManagerConfiguration'
17:03:31.907 [Test worker] DEBUG org.springframework.core.LocalVariableTableParameterNameDiscoverer - Cannot find '.class' file for class [class org.springframework.boot.autoconfigure.jdbc.DataSourceTransactionManagerAutoConfiguration$DataSourceTransactionManagerConfiguration$$EnhancerBySpringCGLIB$$52157154] - unable to determine constructor/method parameter names
17:03:31.907 [Test worker] DEBUG org.springframework.beans.factory.support.DefaultListableBeanFactory - Autowiring by type from bean name 'org.springframework.boot.autoconfigure.jdbc.DataSourceTransactionManagerAutoConfiguration$DataSourceTransactionManagerConfiguration' via constructor to bean named 'dataSource'
17:03:31.907 [Test worker] DEBUG org.springframework.beans.factory.support.DefaultListableBeanFactory - Creating shared instance of singleton bean 'org.springframework.boot.autoconfigure.jdbc.DataSourceTransactionManagerAutoConfiguration'
17:03:31.908 [Test worker] DEBUG org.springframework.beans.factory.support.DefaultListableBeanFactory - Creating shared instance of singleton bean 'org.springframework.boot.autoconfigure.transaction.TransactionAutoConfiguration$EnableTransactionManagementConfiguration$CglibAutoProxyConfiguration'
17:03:31.908 [Test worker] DEBUG org.springframework.beans.factory.support.DefaultListableBeanFactory - Creating shared instance of singleton bean 'org.springframework.boot.autoconfigure.transaction.TransactionAutoConfiguration$EnableTransactionManagementConfiguration'
17:03:31.908 [Test worker] DEBUG org.springframework.beans.factory.support.DefaultListableBeanFactory - Creating shared instance of singleton bean 'org.springframework.boot.autoconfigure.transaction.TransactionAutoConfiguration$TransactionTemplateConfiguration'
17:03:31.909 [Test worker] DEBUG org.springframework.core.LocalVariableTableParameterNameDiscoverer - Cannot find '.class' file for class [class org.springframework.boot.autoconfigure.transaction.TransactionAutoConfiguration$TransactionTemplateConfiguration$$EnhancerBySpringCGLIB$$a39f3627] - unable to determine constructor/method parameter names
17:03:31.909 [Test worker] DEBUG org.springframework.beans.factory.support.DefaultListableBeanFactory - Autowiring by type from bean name 'org.springframework.boot.autoconfigure.transaction.TransactionAutoConfiguration$TransactionTemplateConfiguration' via constructor to bean named 'transactionManager'
17:03:31.909 [Test worker] DEBUG org.springframework.beans.factory.support.DefaultListableBeanFactory - Creating shared instance of singleton bean 'transactionTemplate'
17:03:31.910 [Test worker] DEBUG org.springframework.beans.factory.support.DefaultListableBeanFactory - Creating shared instance of singleton bean 'org.springframework.boot.autoconfigure.web.client.RestTemplateAutoConfiguration'
17:03:31.910 [Test worker] DEBUG org.springframework.core.LocalVariableTableParameterNameDiscoverer - Cannot find '.class' file for class [class org.springframework.boot.autoconfigure.web.client.RestTemplateAutoConfiguration$$EnhancerBySpringCGLIB$$402ad266] - unable to determine constructor/method parameter names
17:03:31.911 [Test worker] DEBUG org.springframework.beans.factory.support.DefaultListableBeanFactory - Creating shared instance of singleton bean 'restTemplateBuilder'
17:03:31.914 [Test worker] DEBUG org.springframework.jmx.export.annotation.AnnotationMBeanExporter - Registering beans for JMX exposure on startup
17:03:31.915 [Test worker] DEBUG org.springframework.jmx.export.annotation.AnnotationMBeanExporter - Autodetecting user-defined JMX MBeans
17:03:31.922 [Test worker] DEBUG org.springframework.jmx.export.annotation.AnnotationMBeanExporter - Bean with name 'dataSource' has been autodetected for JMX exposure
17:03:31.923 [Test worker] DEBUG org.springframework.jmx.export.annotation.AnnotationMBeanExporter - Located MBean 'dataSource': registering with JMX server as MBean [com.zaxxer.hikari:name=dataSource,type=HikariDataSource]
17:03:31.924 [Test worker] DEBUG org.springframework.test.context.cache.DefaultCacheAwareContextLoaderDelegate - Storing ApplicationContext in cache under key [[MergedContextConfiguration@152ba806 testClass = CertificateRepositoryTest, locations = '{}', classes = '{class com.epam.esm.TestConfig}', contextInitializerClasses = '[]', activeProfiles = '{}', propertySourceLocations = '{}', propertySourceProperties = '{}', contextCustomizers = set[[empty]], contextLoader = 'org.springframework.test.context.support.DelegatingSmartContextLoader', parent = [null]]]
17:03:31.924 [Test worker] DEBUG org.springframework.test.context.cache - Spring test ApplicationContext cache statistics: [DefaultContextCache@2bed31e4 size = 1, maxSize = 32, parentContextCount = 0, hitCount = 7, missCount = 8]
17:03:31.927 [Test worker] DEBUG org.springframework.test.context.support.AbstractDirtiesContextTestExecutionListener - Before test method: context [DefaultTestContext@6e844a53 testClass = CertificateRepositoryTest, testInstance = com.epam.esm.repository.CertificateRepositoryTest@1f29d310, testMethod = deleteById@CertificateRepositoryTest, testException = [null], mergedContextConfiguration = [MergedContextConfiguration@152ba806 testClass = CertificateRepositoryTest, locations = '{}', classes = '{class com.epam.esm.TestConfig}', contextInitializerClasses = '[]', activeProfiles = '{}', propertySourceLocations = '{}', propertySourceProperties = '{}', contextCustomizers = set[[empty]], contextLoader = 'org.springframework.test.context.support.DelegatingSmartContextLoader', parent = [null]], attributes = map[[empty]]], class annotated with @DirtiesContext [true] with mode [AFTER_EACH_TEST_METHOD], method annotated with @DirtiesContext [false] with mode [null].
17:03:31.927 [Test worker] DEBUG org.springframework.test.context.transaction.TransactionalTestExecutionListener - Explicit transaction definition [PROPAGATION_REQUIRED,ISOLATION_DEFAULT] found for test context [DefaultTestContext@6e844a53 testClass = CertificateRepositoryTest, testInstance = com.epam.esm.repository.CertificateRepositoryTest@1f29d310, testMethod = deleteById@CertificateRepositoryTest, testException = [null], mergedContextConfiguration = [MergedContextConfiguration@152ba806 testClass = CertificateRepositoryTest, locations = '{}', classes = '{class com.epam.esm.TestConfig}', contextInitializerClasses = '[]', activeProfiles = '{}', propertySourceLocations = '{}', propertySourceProperties = '{}', contextCustomizers = set[[empty]], contextLoader = 'org.springframework.test.context.support.DelegatingSmartContextLoader', parent = [null]], attributes = map[[empty]]]
17:03:31.927 [Test worker] DEBUG org.springframework.test.context.cache.DefaultCacheAwareContextLoaderDelegate - Retrieved ApplicationContext from cache with key [[MergedContextConfiguration@152ba806 testClass = CertificateRepositoryTest, locations = '{}', classes = '{class com.epam.esm.TestConfig}', contextInitializerClasses = '[]', activeProfiles = '{}', propertySourceLocations = '{}', propertySourceProperties = '{}', contextCustomizers = set[[empty]], contextLoader = 'org.springframework.test.context.support.DelegatingSmartContextLoader', parent = [null]]]
17:03:31.927 [Test worker] DEBUG org.springframework.test.context.cache - Spring test ApplicationContext cache statistics: [DefaultContextCache@2bed31e4 size = 1, maxSize = 32, parentContextCount = 0, hitCount = 8, missCount = 8]
17:03:31.928 [Test worker] DEBUG org.springframework.test.context.transaction.TransactionalTestExecutionListener - No method-level @Rollback override: using default rollback [true] for test context [DefaultTestContext@6e844a53 testClass = CertificateRepositoryTest, testInstance = com.epam.esm.repository.CertificateRepositoryTest@1f29d310, testMethod = deleteById@CertificateRepositoryTest, testException = [null], mergedContextConfiguration = [MergedContextConfiguration@152ba806 testClass = CertificateRepositoryTest, locations = '{}', classes = '{class com.epam.esm.TestConfig}', contextInitializerClasses = '[]', activeProfiles = '{}', propertySourceLocations = '{}', propertySourceProperties = '{}', contextCustomizers = set[[empty]], contextLoader = 'org.springframework.test.context.support.DelegatingSmartContextLoader', parent = [null]], attributes = map[[empty]]].
17:03:31.928 [Test worker] DEBUG org.springframework.orm.jpa.JpaTransactionManager - Creating new transaction with name [com.epam.esm.repository.CertificateRepositoryTest.deleteById]: PROPAGATION_REQUIRED,ISOLATION_DEFAULT
17:03:31.928 [Test worker] DEBUG org.hibernate.stat.internal.StatisticsInitiator - Statistics initialized [enabled=false]
17:03:31.928 [Test worker] DEBUG org.springframework.orm.jpa.JpaTransactionManager - Opened new EntityManager [SessionImpl(1759801208<open>)] for JPA transaction
17:03:31.928 [Test worker] DEBUG org.hibernate.engine.transaction.internal.TransactionImpl - On TransactionImpl creation, JpaCompliance#isJpaTransactionComplianceEnabled == false
17:03:31.928 [Test worker] DEBUG org.hibernate.engine.transaction.internal.TransactionImpl - begin
17:03:31.929 [Test worker] DEBUG org.springframework.orm.jpa.JpaTransactionManager - Exposing JPA transaction as JDBC [org.springframework.orm.jpa.vendor.HibernateJpaDialect$HibernateConnectionHandle@50a4fbb3]
17:03:31.929 [Test worker] INFO org.springframework.test.context.transaction.TransactionContext - Began transaction (1) for test context [DefaultTestContext@6e844a53 testClass = CertificateRepositoryTest, testInstance = com.epam.esm.repository.CertificateRepositoryTest@1f29d310, testMethod = deleteById@CertificateRepositoryTest, testException = [null], mergedContextConfiguration = [MergedContextConfiguration@152ba806 testClass = CertificateRepositoryTest, locations = '{}', classes = '{class com.epam.esm.TestConfig}', contextInitializerClasses = '[]', activeProfiles = '{}', propertySourceLocations = '{}', propertySourceProperties = '{}', contextCustomizers = set[[empty]], contextLoader = 'org.springframework.test.context.support.DelegatingSmartContextLoader', parent = [null]], attributes = map[[empty]]]; transaction manager [org.springframework.orm.jpa.JpaTransactionManager@53092199]; rollback [true]
17:03:31.929 [Test worker] DEBUG org.springframework.orm.jpa.JpaTransactionManager - Initiating transaction rollback
17:03:31.929 [Test worker] DEBUG org.springframework.orm.jpa.JpaTransactionManager - Rolling back JPA transaction on EntityManager [SessionImpl(1759801208<open>)]
17:03:31.929 [Test worker] DEBUG org.hibernate.engine.transaction.internal.TransactionImpl - rolling back
17:03:31.930 [Test worker] DEBUG org.springframework.orm.jpa.JpaTransactionManager - Closing JPA EntityManager [SessionImpl(1759801208<open>)] after transaction
17:03:31.931 [Test worker] INFO org.springframework.test.context.transaction.TransactionContext - Rolled back transaction for test context [DefaultTestContext@6e844a53 testClass = CertificateRepositoryTest, testInstance = com.epam.esm.repository.CertificateRepositoryTest@1f29d310, testMethod = deleteById@CertificateRepositoryTest, testException = [null], mergedContextConfiguration = [MergedContextConfiguration@152ba806 testClass = CertificateRepositoryTest, locations = '{}', classes = '{class com.epam.esm.TestConfig}', contextInitializerClasses = '[]', activeProfiles = '{}', propertySourceLocations = '{}', propertySourceProperties = '{}', contextCustomizers = set[[empty]], contextLoader = 'org.springframework.test.context.support.DelegatingSmartContextLoader', parent = [null]], attributes = map[[empty]]].
17:03:31.931 [Test worker] DEBUG org.springframework.test.context.support.AbstractDirtiesContextTestExecutionListener - After test method: context [DefaultTestContext@6e844a53 testClass = CertificateRepositoryTest, testInstance = com.epam.esm.repository.CertificateRepositoryTest@1f29d310, testMethod = deleteById@CertificateRepositoryTest, testException = [null], mergedContextConfiguration = [MergedContextConfiguration@152ba806 testClass = CertificateRepositoryTest, locations = '{}', classes = '{class com.epam.esm.TestConfig}', contextInitializerClasses = '[]', activeProfiles = '{}', propertySourceLocations = '{}', propertySourceProperties = '{}', contextCustomizers = set[[empty]], contextLoader = 'org.springframework.test.context.support.DelegatingSmartContextLoader', parent = [null]], attributes = map[[empty]]], class annotated with @DirtiesContext [true] with mode [AFTER_EACH_TEST_METHOD], method annotated with @DirtiesContext [false] with mode [null].
17:03:31.932 [Test worker] DEBUG org.springframework.context.support.GenericApplicationContext - Closing org.springframework.context.support.GenericApplicationContext@4629342c, started on Wed Oct 23 17:03:31 MSK 2019
17:03:31.932 [Test worker] DEBUG org.springframework.jmx.export.annotation.AnnotationMBeanExporter - Unregistering JMX-exposed beans on shutdown
17:03:31.932 [Test worker] DEBUG org.springframework.jmx.export.annotation.AnnotationMBeanExporter - Unregistering JMX-exposed beans
17:03:31.933 [Test worker] INFO org.springframework.orm.jpa.LocalContainerEntityManagerFactoryBean - Closing JPA EntityManagerFactory for persistence unit 'default'
17:03:31.933 [Test worker] DEBUG org.hibernate.internal.SessionFactoryImpl - HHH000031: Closing
17:03:31.933 [Test worker] INFO org.hibernate.tool.schema.internal.SchemaDropperImpl$DelayedDropActionImpl - HHH000477: Starting delayed evictData of schema as part of SessionFactory shut-down'
17:03:31.933 [Test worker] DEBUG org.hibernate.SQL - drop table application_order if exists
17:03:31.934 [Test worker] DEBUG org.hibernate.SQL - drop table application_role if exists
17:03:31.935 [Test worker] DEBUG org.hibernate.SQL - drop table application_user if exists
17:03:31.936 [Test worker] DEBUG org.hibernate.SQL - drop table certificate if exists
17:03:31.938 [Test worker] DEBUG org.hibernate.SQL - drop table certificate_tag if exists
17:03:31.939 [Test worker] DEBUG org.hibernate.SQL - drop table entity if exists
17:03:31.939 [Test worker] DEBUG org.hibernate.SQL - drop table order_certificate if exists
17:03:31.940 [Test worker] DEBUG org.hibernate.SQL - drop table tag if exists
17:03:31.941 [Test worker] DEBUG org.hibernate.type.spi.TypeConfiguration$Scope - Un-scoping TypeConfiguration [org.hibernate.type.spi.TypeConfiguration$Scope@715ecddb] from SessionFactory [org.hibernate.internal.SessionFactoryImpl@1fc0175c]
17:03:31.941 [Test worker] DEBUG org.hibernate.service.internal.AbstractServiceRegistryImpl - Implicitly destroying ServiceRegistry on de-registration of all child ServiceRegistries
17:03:31.941 [Test worker] DEBUG org.hibernate.boot.registry.internal.BootstrapServiceRegistryImpl - Implicitly destroying Boot-strap registry on de-registration of all child ServiceRegistries
17:03:31.941 [Test worker] INFO com.zaxxer.hikari.HikariDataSource - HikariPool-8 - Shutdown initiated...
17:03:31.941 [Test worker] DEBUG com.zaxxer.hikari.pool.HikariPool - HikariPool-8 - Before shutdown stats (total=10, active=0, idle=10, waiting=0)
17:03:31.942 [HikariPool-8 connection closer] DEBUG com.zaxxer.hikari.pool.PoolBase - HikariPool-8 - Closing connection conn70: url=jdbc:h2:mem:testdb user=SA: (connection evicted)
17:03:31.942 [HikariPool-8 connection closer] DEBUG com.zaxxer.hikari.pool.PoolBase - HikariPool-8 - Closing connection conn71: url=jdbc:h2:mem:testdb user=SA: (connection evicted)
17:03:31.942 [HikariPool-8 connection closer] DEBUG com.zaxxer.hikari.pool.PoolBase - HikariPool-8 - Closing connection conn72: url=jdbc:h2:mem:testdb user=SA: (connection evicted)
17:03:31.942 [HikariPool-8 connection closer] DEBUG com.zaxxer.hikari.pool.PoolBase - HikariPool-8 - Closing connection conn73: url=jdbc:h2:mem:testdb user=SA: (connection evicted)
17:03:31.943 [HikariPool-8 connection closer] DEBUG com.zaxxer.hikari.pool.PoolBase - HikariPool-8 - Closing connection conn74: url=jdbc:h2:mem:testdb user=SA: (connection evicted)
17:03:31.943 [HikariPool-8 connection closer] DEBUG com.zaxxer.hikari.pool.PoolBase - HikariPool-8 - Closing connection conn75: url=jdbc:h2:mem:testdb user=SA: (connection evicted)
17:03:31.943 [HikariPool-8 connection closer] DEBUG com.zaxxer.hikari.pool.PoolBase - HikariPool-8 - Closing connection conn76: url=jdbc:h2:mem:testdb user=SA: (connection evicted)
17:03:31.943 [HikariPool-8 connection closer] DEBUG com.zaxxer.hikari.pool.PoolBase - HikariPool-8 - Closing connection conn77: url=jdbc:h2:mem:testdb user=SA: (connection evicted)
17:03:31.943 [HikariPool-8 connection closer] DEBUG com.zaxxer.hikari.pool.PoolBase - HikariPool-8 - Closing connection conn78: url=jdbc:h2:mem:testdb user=SA: (connection evicted)
17:03:31.943 [HikariPool-8 connection closer] DEBUG com.zaxxer.hikari.pool.PoolBase - HikariPool-8 - Closing connection conn79: url=jdbc:h2:mem:testdb user=SA: (connection evicted)
17:03:31.943 [Test worker] DEBUG com.zaxxer.hikari.pool.HikariPool - HikariPool-8 - After shutdown stats (total=0, active=0, idle=0, waiting=0)
17:03:31.943 [Test worker] INFO com.zaxxer.hikari.HikariDataSource - HikariPool-8 - Shutdown completed.
17:03:31.945 [Test worker] DEBUG org.springframework.test.context.support.AbstractDirtiesContextTestExecutionListener - After test class: context [DefaultTestContext@6e844a53 testClass = CertificateRepositoryTest, testInstance = [null], testMethod = [null], testException = [null], mergedContextConfiguration = [MergedContextConfiguration@152ba806 testClass = CertificateRepositoryTest, locations = '{}', classes = '{class com.epam.esm.TestConfig}', contextInitializerClasses = '[]', activeProfiles = '{}', propertySourceLocations = '{}', propertySourceProperties = '{}', contextCustomizers = set[[empty]], contextLoader = 'org.springframework.test.context.support.DelegatingSmartContextLoader', parent = [null]], attributes = map['org.springframework.test.context.support.DependencyInjectionTestExecutionListener.reinjectDependencies' -> true]], class annotated with @DirtiesContext [true] with mode [AFTER_EACH_TEST_METHOD].
]]></system-out>
  <system-err><![CDATA[]]></system-err>
</testsuite>
