<?xml version="1.0" encoding="UTF-8"?>
<testsuite name="com.epam.esm.repository.OrderRepositoryTest" tests="5" skipped="0" failures="0" errors="0" timestamp="2019-10-23T14:03:32" hostname="MBP-Dzmitry.minsk.epam.com" time="1.841">
  <properties/>
  <testcase name="findAll()" classname="com.epam.esm.repository.OrderRepositoryTest" time="0.314"/>
  <testcase name="findByCriteria()" classname="com.epam.esm.repository.OrderRepositoryTest" time="0.029"/>
  <testcase name="findById()" classname="com.epam.esm.repository.OrderRepositoryTest" time="0.015"/>
  <testcase name="save()" classname="com.epam.esm.repository.OrderRepositoryTest" time="0.023"/>
  <testcase name="deleteById()" classname="com.epam.esm.repository.OrderRepositoryTest" time="0.017"/>
  <system-out><![CDATA[17:03:32.444 [Test worker] DEBUG org.springframework.test.context.BootstrapUtils - Instantiating CacheAwareContextLoaderDelegate from class [org.springframework.test.context.cache.DefaultCacheAwareContextLoaderDelegate]
17:03:32.444 [Test worker] DEBUG org.springframework.test.context.BootstrapUtils - Instantiating BootstrapContext using constructor [public org.springframework.test.context.support.DefaultBootstrapContext(java.lang.Class,org.springframework.test.context.CacheAwareContextLoaderDelegate)]
17:03:32.445 [Test worker] DEBUG org.springframework.test.context.BootstrapUtils - Instantiating TestContextBootstrapper for test class [com.epam.esm.repository.OrderRepositoryTest] from class [org.springframework.test.context.support.DefaultTestContextBootstrapper]
17:03:32.445 [Test worker] DEBUG org.springframework.test.context.support.AbstractDelegatingSmartContextLoader - Delegating to AnnotationConfigContextLoader to process context configuration [ContextConfigurationAttributes@1b8008ca declaringClass = 'com.epam.esm.repository.OrderRepositoryTest', classes = '{class com.epam.esm.TestConfig}', locations = '{}', inheritLocations = true, initializers = '{}', inheritInitializers = true, name = [null], contextLoaderClass = 'org.springframework.test.context.ContextLoader'].
17:03:32.445 [Test worker] DEBUG org.springframework.test.context.support.ActiveProfilesUtils - Could not find an 'annotation declaring class' for annotation type [org.springframework.test.context.ActiveProfiles] and class [com.epam.esm.repository.OrderRepositoryTest]
17:03:32.445 [Test worker] DEBUG org.springframework.test.context.support.DefaultTestContextBootstrapper - @TestExecutionListeners is not present for class [com.epam.esm.repository.OrderRepositoryTest]: using defaults.
17:03:32.446 [Test worker] INFO org.springframework.test.context.support.DefaultTestContextBootstrapper - Loaded default TestExecutionListener class names from location [META-INF/spring.factories]: [org.springframework.test.context.web.ServletTestExecutionListener, org.springframework.test.context.support.DirtiesContextBeforeModesTestExecutionListener, org.springframework.test.context.support.DependencyInjectionTestExecutionListener, org.springframework.test.context.support.DirtiesContextTestExecutionListener, org.springframework.test.context.transaction.TransactionalTestExecutionListener, org.springframework.test.context.jdbc.SqlScriptsTestExecutionListener]
17:03:32.446 [Test worker] INFO org.springframework.test.context.support.DefaultTestContextBootstrapper - Using TestExecutionListeners: [org.springframework.test.context.web.ServletTestExecutionListener@7b9eb9c0, org.springframework.test.context.support.DirtiesContextBeforeModesTestExecutionListener@115dfabf, org.springframework.test.context.support.DependencyInjectionTestExecutionListener@52140a8e, org.springframework.test.context.support.DirtiesContextTestExecutionListener@49c99e5e, org.springframework.test.context.transaction.TransactionalTestExecutionListener@47177e1e, org.springframework.test.context.jdbc.SqlScriptsTestExecutionListener@39e1ec41]
17:03:32.446 [Test worker] DEBUG org.springframework.test.context.support.AbstractDirtiesContextTestExecutionListener - Before test class: context [DefaultTestContext@4b53c189 testClass = OrderRepositoryTest, testInstance = [null], testMethod = [null], testException = [null], mergedContextConfiguration = [MergedContextConfiguration@4e6d9dd3 testClass = OrderRepositoryTest, locations = '{}', classes = '{class com.epam.esm.TestConfig}', contextInitializerClasses = '[]', activeProfiles = '{}', propertySourceLocations = '{}', propertySourceProperties = '{}', contextCustomizers = set[[empty]], contextLoader = 'org.springframework.test.context.support.DelegatingSmartContextLoader', parent = [null]], attributes = map[[empty]]], class annotated with @DirtiesContext [true] with mode [AFTER_EACH_TEST_METHOD].
17:03:32.446 [Test worker] DEBUG org.springframework.test.context.support.DependencyInjectionTestExecutionListener - Performing dependency injection for test context [[DefaultTestContext@4b53c189 testClass = OrderRepositoryTest, testInstance = com.epam.esm.repository.OrderRepositoryTest@32f6fd8e, testMethod = [null], testException = [null], mergedContextConfiguration = [MergedContextConfiguration@4e6d9dd3 testClass = OrderRepositoryTest, locations = '{}', classes = '{class com.epam.esm.TestConfig}', contextInitializerClasses = '[]', activeProfiles = '{}', propertySourceLocations = '{}', propertySourceProperties = '{}', contextCustomizers = set[[empty]], contextLoader = 'org.springframework.test.context.support.DelegatingSmartContextLoader', parent = [null]], attributes = map[[empty]]]].
17:03:32.446 [Test worker] DEBUG org.springframework.test.context.cache.DefaultCacheAwareContextLoaderDelegate - Retrieved ApplicationContext from cache with key [[MergedContextConfiguration@4e6d9dd3 testClass = OrderRepositoryTest, locations = '{}', classes = '{class com.epam.esm.TestConfig}', contextInitializerClasses = '[]', activeProfiles = '{}', propertySourceLocations = '{}', propertySourceProperties = '{}', contextCustomizers = set[[empty]], contextLoader = 'org.springframework.test.context.support.DelegatingSmartContextLoader', parent = [null]]]
17:03:32.446 [Test worker] DEBUG org.springframework.test.context.cache - Spring test ApplicationContext cache statistics: [DefaultContextCache@2bed31e4 size = 1, maxSize = 32, parentContextCount = 0, hitCount = 10, missCount = 9]
17:03:32.448 [Test worker] DEBUG org.springframework.test.context.support.AbstractDirtiesContextTestExecutionListener - Before test method: context [DefaultTestContext@4b53c189 testClass = OrderRepositoryTest, testInstance = com.epam.esm.repository.OrderRepositoryTest@32f6fd8e, testMethod = findAll@OrderRepositoryTest, testException = [null], mergedContextConfiguration = [MergedContextConfiguration@4e6d9dd3 testClass = OrderRepositoryTest, locations = '{}', classes = '{class com.epam.esm.TestConfig}', contextInitializerClasses = '[]', activeProfiles = '{}', propertySourceLocations = '{}', propertySourceProperties = '{}', contextCustomizers = set[[empty]], contextLoader = 'org.springframework.test.context.support.DelegatingSmartContextLoader', parent = [null]], attributes = map[[empty]]], class annotated with @DirtiesContext [true] with mode [AFTER_EACH_TEST_METHOD], method annotated with @DirtiesContext [false] with mode [null].
17:03:32.448 [Test worker] DEBUG org.springframework.test.context.transaction.TransactionalTestExecutionListener - Explicit transaction definition [PROPAGATION_REQUIRED,ISOLATION_DEFAULT] found for test context [DefaultTestContext@4b53c189 testClass = OrderRepositoryTest, testInstance = com.epam.esm.repository.OrderRepositoryTest@32f6fd8e, testMethod = findAll@OrderRepositoryTest, testException = [null], mergedContextConfiguration = [MergedContextConfiguration@4e6d9dd3 testClass = OrderRepositoryTest, locations = '{}', classes = '{class com.epam.esm.TestConfig}', contextInitializerClasses = '[]', activeProfiles = '{}', propertySourceLocations = '{}', propertySourceProperties = '{}', contextCustomizers = set[[empty]], contextLoader = 'org.springframework.test.context.support.DelegatingSmartContextLoader', parent = [null]], attributes = map[[empty]]]
17:03:32.449 [Test worker] DEBUG org.springframework.test.context.cache.DefaultCacheAwareContextLoaderDelegate - Retrieved ApplicationContext from cache with key [[MergedContextConfiguration@4e6d9dd3 testClass = OrderRepositoryTest, locations = '{}', classes = '{class com.epam.esm.TestConfig}', contextInitializerClasses = '[]', activeProfiles = '{}', propertySourceLocations = '{}', propertySourceProperties = '{}', contextCustomizers = set[[empty]], contextLoader = 'org.springframework.test.context.support.DelegatingSmartContextLoader', parent = [null]]]
17:03:32.449 [Test worker] DEBUG org.springframework.test.context.cache - Spring test ApplicationContext cache statistics: [DefaultContextCache@2bed31e4 size = 1, maxSize = 32, parentContextCount = 0, hitCount = 11, missCount = 9]
17:03:32.449 [Test worker] DEBUG org.springframework.test.context.transaction.TransactionalTestExecutionListener - No method-level @Rollback override: using default rollback [true] for test context [DefaultTestContext@4b53c189 testClass = OrderRepositoryTest, testInstance = com.epam.esm.repository.OrderRepositoryTest@32f6fd8e, testMethod = findAll@OrderRepositoryTest, testException = [null], mergedContextConfiguration = [MergedContextConfiguration@4e6d9dd3 testClass = OrderRepositoryTest, locations = '{}', classes = '{class com.epam.esm.TestConfig}', contextInitializerClasses = '[]', activeProfiles = '{}', propertySourceLocations = '{}', propertySourceProperties = '{}', contextCustomizers = set[[empty]], contextLoader = 'org.springframework.test.context.support.DelegatingSmartContextLoader', parent = [null]], attributes = map[[empty]]].
17:03:32.449 [Test worker] DEBUG org.springframework.orm.jpa.JpaTransactionManager - Creating new transaction with name [com.epam.esm.repository.OrderRepositoryTest.findAll]: PROPAGATION_REQUIRED,ISOLATION_DEFAULT
17:03:32.449 [Test worker] DEBUG org.springframework.orm.jpa.JpaTransactionManager - Opened new EntityManager [SessionImpl(1987530604<open>)] for JPA transaction
17:03:32.449 [Test worker] DEBUG org.hibernate.engine.transaction.internal.TransactionImpl - On TransactionImpl creation, JpaCompliance#isJpaTransactionComplianceEnabled == false
17:03:32.449 [Test worker] DEBUG org.hibernate.engine.transaction.internal.TransactionImpl - begin
17:03:32.450 [Test worker] DEBUG org.springframework.orm.jpa.JpaTransactionManager - Exposing JPA transaction as JDBC [org.springframework.orm.jpa.vendor.HibernateJpaDialect$HibernateConnectionHandle@6ecf45e3]
17:03:32.450 [Test worker] INFO org.springframework.test.context.transaction.TransactionContext - Began transaction (1) for test context [DefaultTestContext@4b53c189 testClass = OrderRepositoryTest, testInstance = com.epam.esm.repository.OrderRepositoryTest@32f6fd8e, testMethod = findAll@OrderRepositoryTest, testException = [null], mergedContextConfiguration = [MergedContextConfiguration@4e6d9dd3 testClass = OrderRepositoryTest, locations = '{}', classes = '{class com.epam.esm.TestConfig}', contextInitializerClasses = '[]', activeProfiles = '{}', propertySourceLocations = '{}', propertySourceProperties = '{}', contextCustomizers = set[[empty]], contextLoader = 'org.springframework.test.context.support.DelegatingSmartContextLoader', parent = [null]], attributes = map[[empty]]]; transaction manager [org.springframework.orm.jpa.JpaTransactionManager@7df2bde9]; rollback [true]
17:03:32.455 [Test worker] DEBUG org.springframework.test.context.jdbc.SqlScriptsTestExecutionListener - Processing [MergedSqlConfig@7f332b15 dataSource = '', transactionManager = '', transactionMode = INFERRED, encoding = '', separator = ';', commentPrefix = '--', blockCommentStartDelimiter = '/*', blockCommentEndDelimiter = '*/', errorMode = FAIL_ON_ERROR] for execution phase [BEFORE_TEST_METHOD] and test context [DefaultTestContext@4b53c189 testClass = OrderRepositoryTest, testInstance = com.epam.esm.repository.OrderRepositoryTest@32f6fd8e, testMethod = findAll@OrderRepositoryTest, testException = [null], mergedContextConfiguration = [MergedContextConfiguration@4e6d9dd3 testClass = OrderRepositoryTest, locations = '{}', classes = '{class com.epam.esm.TestConfig}', contextInitializerClasses = '[]', activeProfiles = '{}', propertySourceLocations = '{}', propertySourceProperties = '{}', contextCustomizers = set[[empty]], contextLoader = 'org.springframework.test.context.support.DelegatingSmartContextLoader', parent = [null]], attributes = map[[empty]]].
17:03:32.463 [Test worker] DEBUG org.springframework.test.context.cache.DefaultCacheAwareContextLoaderDelegate - Retrieved ApplicationContext from cache with key [[MergedContextConfiguration@4e6d9dd3 testClass = OrderRepositoryTest, locations = '{}', classes = '{class com.epam.esm.TestConfig}', contextInitializerClasses = '[]', activeProfiles = '{}', propertySourceLocations = '{}', propertySourceProperties = '{}', contextCustomizers = set[[empty]], contextLoader = 'org.springframework.test.context.support.DelegatingSmartContextLoader', parent = [null]]]
17:03:32.463 [Test worker] DEBUG org.springframework.test.context.cache - Spring test ApplicationContext cache statistics: [DefaultContextCache@2bed31e4 size = 1, maxSize = 32, parentContextCount = 0, hitCount = 12, missCount = 9]
17:03:32.464 [Test worker] DEBUG org.springframework.test.context.jdbc.SqlScriptsTestExecutionListener - Executing SQL scripts: [Byte array resource [from inlined SQL statement: insert into application_role (value) values ('admin'), ('user'), ('guest');], Byte array resource [from inlined SQL statement: INSERT INTO application_user(email, password, role_id) VALUES ('pldi@mail.ru', 'Qwertyui1!', 1);], Byte array resource [from inlined SQL statement: insert into application_order (user_id, created_at, active_status) values (1, null, true)]]
17:03:32.465 [Test worker] DEBUG org.springframework.test.context.cache.DefaultCacheAwareContextLoaderDelegate - Retrieved ApplicationContext from cache with key [[MergedContextConfiguration@4e6d9dd3 testClass = OrderRepositoryTest, locations = '{}', classes = '{class com.epam.esm.TestConfig}', contextInitializerClasses = '[]', activeProfiles = '{}', propertySourceLocations = '{}', propertySourceProperties = '{}', contextCustomizers = set[[empty]], contextLoader = 'org.springframework.test.context.support.DelegatingSmartContextLoader', parent = [null]]]
17:03:32.465 [Test worker] DEBUG org.springframework.test.context.cache - Spring test ApplicationContext cache statistics: [DefaultContextCache@2bed31e4 size = 1, maxSize = 32, parentContextCount = 0, hitCount = 13, missCount = 9]
17:03:32.465 [Test worker] DEBUG org.springframework.test.context.cache.DefaultCacheAwareContextLoaderDelegate - Retrieved ApplicationContext from cache with key [[MergedContextConfiguration@4e6d9dd3 testClass = OrderRepositoryTest, locations = '{}', classes = '{class com.epam.esm.TestConfig}', contextInitializerClasses = '[]', activeProfiles = '{}', propertySourceLocations = '{}', propertySourceProperties = '{}', contextCustomizers = set[[empty]], contextLoader = 'org.springframework.test.context.support.DelegatingSmartContextLoader', parent = [null]]]
17:03:32.465 [Test worker] DEBUG org.springframework.test.context.cache - Spring test ApplicationContext cache statistics: [DefaultContextCache@2bed31e4 size = 1, maxSize = 32, parentContextCount = 0, hitCount = 14, missCount = 9]
17:03:32.466 [Test worker] DEBUG org.springframework.orm.jpa.JpaTransactionManager - Found thread-bound EntityManager [SessionImpl(1987530604<open>)] for JPA transaction
17:03:32.466 [Test worker] DEBUG org.springframework.orm.jpa.JpaTransactionManager - Participating in existing transaction
17:03:32.472 [Test worker] DEBUG org.springframework.jdbc.datasource.init.ScriptUtils - Executing SQL script from Byte array resource [from inlined SQL statement: insert into application_role (value) values ('admin'), ('user'), ('guest');]
17:03:32.475 [Test worker] DEBUG org.springframework.jdbc.datasource.init.ScriptUtils - 3 returned as update count for SQL: insert into application_role (value) values ('admin'), ('user'), ('guest')
17:03:32.475 [Test worker] DEBUG org.springframework.jdbc.datasource.init.ScriptUtils - Executed SQL script from Byte array resource [from inlined SQL statement: insert into application_role (value) values ('admin'), ('user'), ('guest');] in 3 ms.
17:03:32.475 [Test worker] DEBUG org.springframework.jdbc.datasource.init.ScriptUtils - Executing SQL script from Byte array resource [from inlined SQL statement: INSERT INTO application_user(email, password, role_id) VALUES ('pldi@mail.ru', 'Qwertyui1!', 1);]
17:03:32.475 [Test worker] DEBUG org.springframework.jdbc.datasource.init.ScriptUtils - 1 returned as update count for SQL: INSERT INTO application_user(email, password, role_id) VALUES ('pldi@mail.ru', 'Qwertyui1!', 1)
17:03:32.475 [Test worker] DEBUG org.springframework.jdbc.datasource.init.ScriptUtils - Executed SQL script from Byte array resource [from inlined SQL statement: INSERT INTO application_user(email, password, role_id) VALUES ('pldi@mail.ru', 'Qwertyui1!', 1);] in 0 ms.
17:03:32.475 [Test worker] DEBUG org.springframework.jdbc.datasource.init.ScriptUtils - Executing SQL script from Byte array resource [from inlined SQL statement: insert into application_order (user_id, created_at, active_status) values (1, null, true)]
17:03:32.476 [Test worker] DEBUG org.springframework.jdbc.datasource.init.ScriptUtils - 1 returned as update count for SQL: insert into application_order (user_id, created_at, active_status) values (1, null, true)
17:03:32.476 [Test worker] DEBUG org.springframework.jdbc.datasource.init.ScriptUtils - Executed SQL script from Byte array resource [from inlined SQL statement: insert into application_order (user_id, created_at, active_status) values (1, null, true)] in 1 ms.
17:03:32.529 [Test worker] DEBUG org.hibernate.query.criteria.internal.CriteriaQueryImpl - Rendered criteria query -> select generatedAlias0 from Order as generatedAlias0
17:03:32.554 [Test worker] DEBUG org.hibernate.hql.internal.QueryTranslatorFactoryInitiator - QueryTranslatorFactory : org.hibernate.hql.internal.ast.ASTQueryTranslatorFactory@77f7ec72
17:03:32.554 [Test worker] INFO org.hibernate.hql.internal.QueryTranslatorFactoryInitiator - HHH000397: Using ASTQueryTranslatorFactory
17:03:32.595 [Test worker] DEBUG org.hibernate.hql.internal.ast.QueryTranslatorImpl - parse() - HQL: select generatedAlias0 from com.epam.esm.entity.Order as generatedAlias0
17:03:32.600 [Test worker] DEBUG org.hibernate.hql.internal.ast.HqlParser - weakKeywords() : new LT(1) token - ["Order",<108> previously: <41>,line=1,col=49,possibleID=true]
17:03:32.604 [Test worker] DEBUG org.hibernate.hql.internal.ast.ErrorTracker - throwQueryException() : no errors
17:03:32.611 [Test worker] DEBUG org.hibernate.hql.internal.ast.QueryTranslatorImpl - --- HQL AST ---
 \-[QUERY] Node: 'query'
    \-[SELECT_FROM] Node: 'SELECT_FROM'
       +-[FROM] Node: 'from'
       |  \-[RANGE] Node: 'RANGE'
       |     +-[DOT] Node: '.'
       |     |  +-[DOT] Node: '.'
       |     |  |  +-[DOT] Node: '.'
       |     |  |  |  +-[DOT] Node: '.'
       |     |  |  |  |  +-[IDENT] Node: 'com'
       |     |  |  |  |  \-[IDENT] Node: 'epam'
       |     |  |  |  \-[IDENT] Node: 'esm'
       |     |  |  \-[IDENT] Node: 'entity'
       |     |  \-[IDENT] Node: 'Order'
       |     \-[ALIAS] Node: 'generatedAlias0'
       \-[SELECT] Node: 'select'
          \-[IDENT] Node: 'generatedAlias0'

17:03:32.651 [Test worker] DEBUG org.hibernate.hql.internal.antlr.HqlSqlBaseWalker - select << begin [level=1, statement=select]
17:03:32.673 [Test worker] DEBUG org.hibernate.hql.internal.ast.tree.FromElement - FromClause{level=1} : com.epam.esm.entity.Order (generatedAlias0) -> order0_
17:03:32.674 [Test worker] DEBUG org.hibernate.hql.internal.ast.tree.FromReferenceNode - Resolved : generatedAlias0 -> order0_.id
17:03:32.676 [Test worker] DEBUG org.hibernate.hql.internal.antlr.HqlSqlBaseWalker - select : finishing up [level=1, statement=select]
17:03:32.677 [Test worker] DEBUG org.hibernate.hql.internal.ast.HqlSqlWalker - processQuery() :  ( SELECT ( {select clause} order0_.id ) ( FromClause{level=1} application_order order0_ ) )
17:03:32.687 [Test worker] DEBUG org.hibernate.hql.internal.ast.util.JoinProcessor - Using FROM fragment [application_order order0_]
17:03:32.687 [Test worker] DEBUG org.hibernate.hql.internal.antlr.HqlSqlBaseWalker - select >> end [level=1, statement=select]
17:03:32.688 [Test worker] DEBUG org.hibernate.hql.internal.ast.QueryTranslatorImpl - --- SQL AST ---
 \-[SELECT] QueryNode: 'SELECT'  querySpaces (application_order)
    +-[SELECT_CLAUSE] SelectClause: '{select clause}'
    |  +-[ALIAS_REF] IdentNode: 'order0_.id as id1_0_' {alias=generatedAlias0, className=com.epam.esm.entity.Order, tableAlias=order0_}
    |  \-[SQL_TOKEN] SqlFragment: 'order0_.active_status as active_s2_0_, order0_.created_at as created_3_0_, order0_.user_id as user_id4_0_'
    \-[FROM] FromClause: 'from' FromClause{level=1, fromElementCounter=1, fromElements=1, fromElementByClassAlias=[generatedAlias0], fromElementByTableAlias=[order0_], fromElementsByPath=[], collectionJoinFromElementsByPath=[], impliedElements=[]}
       \-[FROM_FRAGMENT] FromElement: 'application_order order0_' FromElement{explicit,not a collection join,not a fetch join,fetch non-lazy properties,classAlias=generatedAlias0,role=null,tableName=application_order,tableAlias=order0_,origin=null,columns={,className=com.epam.esm.entity.Order}}

17:03:32.688 [Test worker] DEBUG org.hibernate.hql.internal.ast.ErrorTracker - throwQueryException() : no errors
17:03:32.699 [Test worker] DEBUG org.hibernate.hql.internal.ast.QueryTranslatorImpl - HQL: select generatedAlias0 from com.epam.esm.entity.Order as generatedAlias0
17:03:32.699 [Test worker] DEBUG org.hibernate.hql.internal.ast.QueryTranslatorImpl - SQL: select order0_.id as id1_0_, order0_.active_status as active_s2_0_, order0_.created_at as created_3_0_, order0_.user_id as user_id4_0_ from application_order order0_
17:03:32.699 [Test worker] DEBUG org.hibernate.hql.internal.ast.ErrorTracker - throwQueryException() : no errors
17:03:32.714 [Test worker] DEBUG org.hibernate.SQL - select order0_.id as id1_0_, order0_.active_status as active_s2_0_, order0_.created_at as created_3_0_, order0_.user_id as user_id4_0_ from application_order order0_
17:03:32.716 [Test worker] DEBUG org.hibernate.loader.Loader - Result set row: 0
17:03:32.718 [Test worker] DEBUG org.hibernate.loader.Loader - Result row: EntityKey[com.epam.esm.entity.Order#1]
17:03:32.722 [Test worker] DEBUG org.hibernate.engine.internal.TwoPhaseLoad - Resolving associations for [com.epam.esm.entity.Order#1]
17:03:32.736 [Test worker] DEBUG org.hibernate.SQL - select user0_.id as id1_2_0_, user0_.email as email2_2_0_, user0_.password as password3_2_0_, user0_.refresh_token as refresh_4_2_0_, user0_.role_id as role_id5_2_0_, role1_.id as id1_1_1_, role1_.value as value2_1_1_ from application_user user0_ left outer join application_role role1_ on user0_.role_id=role1_.id where user0_.id=?
17:03:32.740 [Test worker] DEBUG org.hibernate.loader.plan.exec.process.internal.ResultSetProcessorImpl - Starting ResultSet row #0
17:03:32.741 [Test worker] DEBUG org.hibernate.loader.plan.exec.process.internal.EntityReferenceInitializerImpl - On call to EntityIdentifierReaderImpl#resolve, EntityKey was already known; should only happen on root returns with an optional identifier specified
17:03:32.743 [Test worker] DEBUG org.hibernate.engine.internal.TwoPhaseLoad - Resolving associations for [com.epam.esm.entity.User#1]
17:03:32.745 [Test worker] DEBUG org.hibernate.engine.internal.TwoPhaseLoad - Done materializing entity [com.epam.esm.entity.User#1]
17:03:32.745 [Test worker] DEBUG org.hibernate.engine.internal.TwoPhaseLoad - Resolving associations for [com.epam.esm.entity.Role#1]
17:03:32.745 [Test worker] DEBUG org.hibernate.engine.internal.TwoPhaseLoad - Done materializing entity [com.epam.esm.entity.Role#1]
17:03:32.745 [Test worker] DEBUG org.hibernate.loader.entity.plan.AbstractLoadPlanBasedEntityLoader - Done entity load : com.epam.esm.entity.User#1
17:03:32.745 [Test worker] DEBUG org.hibernate.engine.internal.TwoPhaseLoad - Done materializing entity [com.epam.esm.entity.Order#1]
17:03:32.748 [Test worker] DEBUG org.hibernate.loader.collection.plan.AbstractLoadPlanBasedCollectionInitializer - Loading collection: [com.epam.esm.entity.Order.orderCertificates#1]
17:03:32.748 [Test worker] DEBUG org.hibernate.SQL - select ordercerti0_.order_id as order_id5_6_0_, ordercerti0_.id as id1_6_0_, ordercerti0_.id as id1_6_1_, ordercerti0_.certificate_id as certific4_6_1_, ordercerti0_.expiration_date as expirati2_6_1_, ordercerti0_.fixed_price as fixed_pr3_6_1_, ordercerti0_.order_id as order_id5_6_1_ from order_certificate ordercerti0_ where ordercerti0_.order_id=?
17:03:32.749 [Test worker] DEBUG org.hibernate.loader.plan.exec.process.internal.ResultSetProcessorImpl - Preparing collection intializer : [com.epam.esm.entity.Order.orderCertificates#1]
17:03:32.751 [Test worker] DEBUG org.hibernate.engine.loading.internal.CollectionLoadContext - 1 collections were found in result set for role: com.epam.esm.entity.Order.orderCertificates
17:03:32.752 [Test worker] DEBUG org.hibernate.engine.loading.internal.CollectionLoadContext - Collection fully initialized: [com.epam.esm.entity.Order.orderCertificates#1]
17:03:32.752 [Test worker] DEBUG org.hibernate.engine.loading.internal.CollectionLoadContext - 1 collections initialized for role: com.epam.esm.entity.Order.orderCertificates
17:03:32.752 [Test worker] DEBUG org.hibernate.loader.collection.plan.AbstractLoadPlanBasedCollectionInitializer - Done loading collection
17:03:32.753 [Test worker] DEBUG org.springframework.orm.jpa.JpaTransactionManager - Initiating transaction rollback
17:03:32.753 [Test worker] DEBUG org.springframework.orm.jpa.JpaTransactionManager - Rolling back JPA transaction on EntityManager [SessionImpl(1987530604<open>)]
17:03:32.753 [Test worker] DEBUG org.hibernate.engine.transaction.internal.TransactionImpl - rolling back
17:03:32.753 [Test worker] DEBUG org.springframework.orm.jpa.JpaTransactionManager - Closing JPA EntityManager [SessionImpl(1987530604<open>)] after transaction
17:03:32.753 [Test worker] INFO org.springframework.test.context.transaction.TransactionContext - Rolled back transaction for test context [DefaultTestContext@4b53c189 testClass = OrderRepositoryTest, testInstance = com.epam.esm.repository.OrderRepositoryTest@32f6fd8e, testMethod = findAll@OrderRepositoryTest, testException = [null], mergedContextConfiguration = [MergedContextConfiguration@4e6d9dd3 testClass = OrderRepositoryTest, locations = '{}', classes = '{class com.epam.esm.TestConfig}', contextInitializerClasses = '[]', activeProfiles = '{}', propertySourceLocations = '{}', propertySourceProperties = '{}', contextCustomizers = set[[empty]], contextLoader = 'org.springframework.test.context.support.DelegatingSmartContextLoader', parent = [null]], attributes = map[[empty]]].
17:03:32.754 [Test worker] DEBUG org.springframework.test.context.support.AbstractDirtiesContextTestExecutionListener - After test method: context [DefaultTestContext@4b53c189 testClass = OrderRepositoryTest, testInstance = com.epam.esm.repository.OrderRepositoryTest@32f6fd8e, testMethod = findAll@OrderRepositoryTest, testException = [null], mergedContextConfiguration = [MergedContextConfiguration@4e6d9dd3 testClass = OrderRepositoryTest, locations = '{}', classes = '{class com.epam.esm.TestConfig}', contextInitializerClasses = '[]', activeProfiles = '{}', propertySourceLocations = '{}', propertySourceProperties = '{}', contextCustomizers = set[[empty]], contextLoader = 'org.springframework.test.context.support.DelegatingSmartContextLoader', parent = [null]], attributes = map[[empty]]], class annotated with @DirtiesContext [true] with mode [AFTER_EACH_TEST_METHOD], method annotated with @DirtiesContext [false] with mode [null].
17:03:32.754 [Test worker] DEBUG org.springframework.context.support.GenericApplicationContext - Closing org.springframework.context.support.GenericApplicationContext@d74ea86, started on Wed Oct 23 17:03:31 MSK 2019
17:03:32.754 [Test worker] DEBUG org.springframework.jmx.export.annotation.AnnotationMBeanExporter - Unregistering JMX-exposed beans on shutdown
17:03:32.754 [Test worker] DEBUG org.springframework.jmx.export.annotation.AnnotationMBeanExporter - Unregistering JMX-exposed beans
17:03:32.754 [Test worker] INFO org.springframework.orm.jpa.LocalContainerEntityManagerFactoryBean - Closing JPA EntityManagerFactory for persistence unit 'default'
17:03:32.754 [Test worker] DEBUG org.hibernate.internal.SessionFactoryImpl - HHH000031: Closing
17:03:32.755 [Test worker] INFO org.hibernate.tool.schema.internal.SchemaDropperImpl$DelayedDropActionImpl - HHH000477: Starting delayed evictData of schema as part of SessionFactory shut-down'
17:03:32.755 [Test worker] DEBUG org.hibernate.SQL - drop table application_order if exists
17:03:32.756 [Test worker] DEBUG org.hibernate.SQL - drop table application_role if exists
17:03:32.756 [Test worker] DEBUG org.hibernate.SQL - drop table application_user if exists
17:03:32.757 [Test worker] DEBUG org.hibernate.SQL - drop table certificate if exists
17:03:32.758 [Test worker] DEBUG org.hibernate.SQL - drop table certificate_tag if exists
17:03:32.758 [Test worker] DEBUG org.hibernate.SQL - drop table entity if exists
17:03:32.758 [Test worker] DEBUG org.hibernate.SQL - drop table order_certificate if exists
17:03:32.759 [Test worker] DEBUG org.hibernate.SQL - drop table tag if exists
17:03:32.759 [Test worker] DEBUG org.hibernate.type.spi.TypeConfiguration$Scope - Un-scoping TypeConfiguration [org.hibernate.type.spi.TypeConfiguration$Scope@12f2c00e] from SessionFactory [org.hibernate.internal.SessionFactoryImpl@3cfc5019]
17:03:32.760 [Test worker] DEBUG org.hibernate.service.internal.AbstractServiceRegistryImpl - Implicitly destroying ServiceRegistry on de-registration of all child ServiceRegistries
17:03:32.760 [Test worker] DEBUG org.hibernate.boot.registry.internal.BootstrapServiceRegistryImpl - Implicitly destroying Boot-strap registry on de-registration of all child ServiceRegistries
17:03:32.760 [Test worker] INFO com.zaxxer.hikari.HikariDataSource - HikariPool-9 - Shutdown initiated...
17:03:32.760 [Test worker] DEBUG com.zaxxer.hikari.pool.HikariPool - HikariPool-9 - Before shutdown stats (total=10, active=0, idle=10, waiting=0)
17:03:32.760 [HikariPool-9 connection closer] DEBUG com.zaxxer.hikari.pool.PoolBase - HikariPool-9 - Closing connection conn80: url=jdbc:h2:mem:testdb user=SA: (connection evicted)
17:03:32.760 [HikariPool-9 connection closer] DEBUG com.zaxxer.hikari.pool.PoolBase - HikariPool-9 - Closing connection conn81: url=jdbc:h2:mem:testdb user=SA: (connection evicted)
17:03:32.761 [HikariPool-9 connection closer] DEBUG com.zaxxer.hikari.pool.PoolBase - HikariPool-9 - Closing connection conn82: url=jdbc:h2:mem:testdb user=SA: (connection evicted)
17:03:32.761 [HikariPool-9 connection closer] DEBUG com.zaxxer.hikari.pool.PoolBase - HikariPool-9 - Closing connection conn83: url=jdbc:h2:mem:testdb user=SA: (connection evicted)
17:03:32.761 [HikariPool-9 connection closer] DEBUG com.zaxxer.hikari.pool.PoolBase - HikariPool-9 - Closing connection conn84: url=jdbc:h2:mem:testdb user=SA: (connection evicted)
17:03:32.761 [HikariPool-9 connection closer] DEBUG com.zaxxer.hikari.pool.PoolBase - HikariPool-9 - Closing connection conn85: url=jdbc:h2:mem:testdb user=SA: (connection evicted)
17:03:32.761 [HikariPool-9 connection closer] DEBUG com.zaxxer.hikari.pool.PoolBase - HikariPool-9 - Closing connection conn86: url=jdbc:h2:mem:testdb user=SA: (connection evicted)
17:03:32.761 [HikariPool-9 connection closer] DEBUG com.zaxxer.hikari.pool.PoolBase - HikariPool-9 - Closing connection conn87: url=jdbc:h2:mem:testdb user=SA: (connection evicted)
17:03:32.761 [HikariPool-9 connection closer] DEBUG com.zaxxer.hikari.pool.PoolBase - HikariPool-9 - Closing connection conn88: url=jdbc:h2:mem:testdb user=SA: (connection evicted)
17:03:32.761 [HikariPool-9 connection closer] DEBUG com.zaxxer.hikari.pool.PoolBase - HikariPool-9 - Closing connection conn89: url=jdbc:h2:mem:testdb user=SA: (connection evicted)
17:03:32.761 [Test worker] DEBUG com.zaxxer.hikari.pool.HikariPool - HikariPool-9 - After shutdown stats (total=0, active=0, idle=0, waiting=0)
17:03:32.761 [Test worker] INFO com.zaxxer.hikari.HikariDataSource - HikariPool-9 - Shutdown completed.
17:03:32.762 [Test worker] DEBUG org.springframework.test.context.support.DependencyInjectionTestExecutionListener - Performing dependency injection for test context [[DefaultTestContext@4b53c189 testClass = OrderRepositoryTest, testInstance = com.epam.esm.repository.OrderRepositoryTest@6cf5a9df, testMethod = [null], testException = [null], mergedContextConfiguration = [MergedContextConfiguration@4e6d9dd3 testClass = OrderRepositoryTest, locations = '{}', classes = '{class com.epam.esm.TestConfig}', contextInitializerClasses = '[]', activeProfiles = '{}', propertySourceLocations = '{}', propertySourceProperties = '{}', contextCustomizers = set[[empty]], contextLoader = 'org.springframework.test.context.support.DelegatingSmartContextLoader', parent = [null]], attributes = map['org.springframework.test.context.support.DependencyInjectionTestExecutionListener.reinjectDependencies' -> true]]].
17:03:32.762 [Test worker] DEBUG org.springframework.test.context.support.AbstractDelegatingSmartContextLoader - Delegating to AnnotationConfigContextLoader to load context from [MergedContextConfiguration@4e6d9dd3 testClass = OrderRepositoryTest, locations = '{}', classes = '{class com.epam.esm.TestConfig}', contextInitializerClasses = '[]', activeProfiles = '{}', propertySourceLocations = '{}', propertySourceProperties = '{}', contextCustomizers = set[[empty]], contextLoader = 'org.springframework.test.context.support.DelegatingSmartContextLoader', parent = [null]].
17:03:32.762 [Test worker] DEBUG org.springframework.test.context.support.AbstractGenericContextLoader - Loading ApplicationContext for merged context configuration [[MergedContextConfiguration@4e6d9dd3 testClass = OrderRepositoryTest, locations = '{}', classes = '{class com.epam.esm.TestConfig}', contextInitializerClasses = '[]', activeProfiles = '{}', propertySourceLocations = '{}', propertySourceProperties = '{}', contextCustomizers = set[[empty]], contextLoader = 'org.springframework.test.context.support.DelegatingSmartContextLoader', parent = [null]]].
17:03:32.762 [Test worker] DEBUG org.springframework.core.env.StandardEnvironment - Activating profiles []
17:03:32.762 [Test worker] DEBUG org.springframework.test.context.support.AnnotationConfigContextLoader - Registering annotated classes: {class com.epam.esm.TestConfig}
17:03:32.764 [Test worker] DEBUG org.springframework.context.support.GenericApplicationContext - Refreshing org.springframework.context.support.GenericApplicationContext@74b19ade
17:03:32.764 [Test worker] DEBUG org.springframework.beans.factory.support.DefaultListableBeanFactory - Creating shared instance of singleton bean 'org.springframework.context.annotation.internalConfigurationAnnotationProcessor'
17:03:32.775 [Test worker] DEBUG org.springframework.context.annotation.ClassPathBeanDefinitionScanner - Identified candidate component class: file [/Users/dzmitryplatonov/Desktop/workdir/giftcertificates/datasource/build/classes/java/main/com/epam/esm/repository/CertificateRepository.class]
17:03:32.775 [Test worker] DEBUG org.springframework.context.annotation.ClassPathBeanDefinitionScanner - Identified candidate component class: file [/Users/dzmitryplatonov/Desktop/workdir/giftcertificates/datasource/build/classes/java/main/com/epam/esm/repository/OrderCertificateRepository.class]
17:03:32.776 [Test worker] DEBUG org.springframework.context.annotation.ClassPathBeanDefinitionScanner - Identified candidate component class: file [/Users/dzmitryplatonov/Desktop/workdir/giftcertificates/datasource/build/classes/java/main/com/epam/esm/repository/OrderRepository.class]
17:03:32.776 [Test worker] DEBUG org.springframework.context.annotation.ClassPathBeanDefinitionScanner - Identified candidate component class: file [/Users/dzmitryplatonov/Desktop/workdir/giftcertificates/datasource/build/classes/java/main/com/epam/esm/repository/TagRepository.class]
17:03:32.776 [Test worker] DEBUG org.springframework.context.annotation.ClassPathBeanDefinitionScanner - Identified candidate component class: file [/Users/dzmitryplatonov/Desktop/workdir/giftcertificates/datasource/build/classes/java/main/com/epam/esm/repository/UserRepository.class]
17:03:32.777 [Test worker] DEBUG org.springframework.context.annotation.ClassPathBeanDefinitionScanner - Identified candidate component class: file [/Users/dzmitryplatonov/Desktop/workdir/giftcertificates/datasource/build/classes/java/main/com/epam/esm/repository/predicate/CriteriaBuilderHelper.class]
17:03:32.867 [Test worker] DEBUG org.springframework.beans.factory.support.DefaultListableBeanFactory - Creating shared instance of singleton bean 'org.springframework.boot.autoconfigure.condition.BeanTypeRegistry'
17:03:32.884 [Test worker] INFO org.springframework.data.repository.config.RepositoryConfigurationDelegate - Bootstrapping Spring Data repositories in DEFAULT mode.
17:03:32.884 [Test worker] DEBUG org.springframework.beans.factory.support.DefaultListableBeanFactory - Creating shared instance of singleton bean 'org.springframework.boot.autoconfigure.AutoConfigurationPackages'
17:03:32.884 [Test worker] DEBUG org.springframework.boot.autoconfigure.AutoConfigurationPackages - @EnableAutoConfiguration was declared on a class in the package 'com.epam.esm'. Automatic @Repository and @Entity scanning is enabled.
17:03:32.884 [Test worker] DEBUG org.springframework.data.repository.config.RepositoryConfigurationDelegate - Scanning for repositories in packages com.epam.esm.
17:03:32.891 [Test worker] INFO org.springframework.data.repository.config.RepositoryConfigurationDelegate - Finished Spring Data repository scanning in 6ms. Found 0 repository interfaces.
17:03:32.909 [Test worker] DEBUG org.springframework.beans.factory.support.DefaultListableBeanFactory - Creating shared instance of singleton bean 'propertySourcesPlaceholderConfigurer'
17:03:32.909 [Test worker] DEBUG org.springframework.beans.factory.support.DefaultListableBeanFactory - Creating shared instance of singleton bean 'emBeanDefinitionRegistrarPostProcessor'
17:03:32.910 [Test worker] DEBUG org.springframework.beans.factory.support.DefaultListableBeanFactory - Creating shared instance of singleton bean 'org.springframework.context.event.internalEventListenerProcessor'
17:03:32.910 [Test worker] DEBUG org.springframework.beans.factory.support.DefaultListableBeanFactory - Creating shared instance of singleton bean 'org.springframework.boot.context.properties.ConfigurationBeanFactoryMetadata'
17:03:32.910 [Test worker] DEBUG org.springframework.beans.factory.support.DefaultListableBeanFactory - Creating shared instance of singleton bean 'org.springframework.context.event.internalEventListenerFactory'
17:03:32.911 [Test worker] DEBUG org.springframework.beans.factory.support.DefaultListableBeanFactory - Creating shared instance of singleton bean 'org.springframework.transaction.config.internalTransactionalEventListenerFactory'
17:03:32.912 [Test worker] DEBUG org.springframework.beans.factory.support.DefaultListableBeanFactory - Creating shared instance of singleton bean 'org.springframework.context.annotation.internalAutowiredAnnotationProcessor'
17:03:32.912 [Test worker] DEBUG org.springframework.beans.factory.support.DefaultListableBeanFactory - Creating shared instance of singleton bean 'org.springframework.context.annotation.internalCommonAnnotationProcessor'
17:03:32.912 [Test worker] DEBUG org.springframework.beans.factory.support.DefaultListableBeanFactory - Creating shared instance of singleton bean 'org.springframework.context.annotation.internalPersistenceAnnotationProcessor'
17:03:32.912 [Test worker] DEBUG org.springframework.beans.factory.support.DefaultListableBeanFactory - Creating shared instance of singleton bean 'org.springframework.boot.context.properties.ConfigurationPropertiesBindingPostProcessor'
17:03:32.912 [Test worker] DEBUG org.springframework.beans.factory.support.DefaultListableBeanFactory - Creating shared instance of singleton bean 'methodValidationPostProcessor'
17:03:32.913 [Test worker] DEBUG org.springframework.beans.factory.support.DefaultListableBeanFactory - Autowiring by type from bean name 'methodValidationPostProcessor' via factory method to bean named 'environment'
17:03:32.913 [Test worker] DEBUG org.springframework.beans.factory.support.DefaultListableBeanFactory - Creating shared instance of singleton bean 'org.springframework.aop.config.internalAutoProxyCreator'
17:03:32.914 [Test worker] DEBUG org.springframework.beans.factory.support.DefaultListableBeanFactory - Creating shared instance of singleton bean 'dataSourceInitializerPostProcessor'
17:03:32.915 [Test worker] DEBUG org.springframework.beans.factory.support.DefaultListableBeanFactory - Creating shared instance of singleton bean 'persistenceExceptionTranslationPostProcessor'
17:03:32.915 [Test worker] DEBUG org.springframework.beans.factory.support.DefaultListableBeanFactory - Autowiring by type from bean name 'persistenceExceptionTranslationPostProcessor' via factory method to bean named 'environment'
17:03:32.915 [Test worker] DEBUG org.springframework.beans.factory.support.DefaultListableBeanFactory - Creating shared instance of singleton bean 'dataSourceInitializedPublisher'
17:03:32.917 [Test worker] DEBUG org.springframework.beans.factory.support.DefaultListableBeanFactory - Creating shared instance of singleton bean 'entityManagerFactory'
17:03:32.917 [Test worker] DEBUG org.springframework.beans.factory.support.DefaultListableBeanFactory - Creating shared instance of singleton bean 'org.springframework.transaction.config.internalTransactionAdvisor'
17:03:32.917 [Test worker] DEBUG org.springframework.beans.factory.support.DefaultListableBeanFactory - Creating shared instance of singleton bean 'org.springframework.transaction.annotation.ProxyTransactionManagementConfiguration'
17:03:32.920 [Test worker] DEBUG org.springframework.beans.factory.support.DefaultListableBeanFactory - Creating shared instance of singleton bean 'transactionAttributeSource'
17:03:32.921 [Test worker] DEBUG org.springframework.beans.factory.support.DefaultListableBeanFactory - Creating shared instance of singleton bean 'transactionInterceptor'
17:03:32.922 [Test worker] DEBUG org.springframework.beans.factory.support.DefaultListableBeanFactory - Creating shared instance of singleton bean 'org.springframework.boot.autoconfigure.orm.jpa.HibernateJpaConfiguration'
17:03:32.922 [Test worker] DEBUG org.springframework.core.LocalVariableTableParameterNameDiscoverer - Cannot find '.class' file for class [class org.springframework.boot.autoconfigure.orm.jpa.HibernateJpaConfiguration$$EnhancerBySpringCGLIB$$c3eb9b54] - unable to determine constructor/method parameter names
17:03:32.923 [Test worker] DEBUG org.springframework.beans.factory.support.DefaultListableBeanFactory - Creating shared instance of singleton bean 'dataSource'
17:03:32.923 [Test worker] DEBUG org.springframework.beans.factory.support.DefaultListableBeanFactory - Creating shared instance of singleton bean 'org.springframework.boot.autoconfigure.jdbc.DataSourceConfiguration$Hikari'
17:03:32.923 [Test worker] DEBUG org.springframework.beans.factory.support.DefaultListableBeanFactory - Creating shared instance of singleton bean 'spring.datasource-org.springframework.boot.autoconfigure.jdbc.DataSourceProperties'
17:03:32.925 [Test worker] DEBUG org.springframework.beans.factory.support.DefaultListableBeanFactory - Autowiring by type from bean name 'dataSource' via factory method to bean named 'spring.datasource-org.springframework.boot.autoconfigure.jdbc.DataSourceProperties'
17:03:32.928 [Test worker] DEBUG com.zaxxer.hikari.HikariConfig - Driver class org.h2.Driver found in Thread context class loader jdk.internal.loader.ClassLoaders$AppClassLoader@2c13da15
17:03:32.934 [Test worker] DEBUG org.springframework.beans.factory.support.DefaultListableBeanFactory - Creating shared instance of singleton bean 'org.springframework.boot.autoconfigure.jdbc.DataSourceInitializerInvoker'
17:03:32.935 [Test worker] DEBUG org.springframework.beans.factory.support.DefaultListableBeanFactory - Autowiring by type from bean name 'org.springframework.boot.autoconfigure.jdbc.DataSourceInitializerInvoker' via constructor to bean named 'spring.datasource-org.springframework.boot.autoconfigure.jdbc.DataSourceProperties'
17:03:32.935 [Test worker] DEBUG org.springframework.beans.factory.support.DefaultListableBeanFactory - Autowiring by type from bean name 'org.springframework.boot.autoconfigure.jdbc.DataSourceInitializerInvoker' via constructor to bean named 'org.springframework.context.support.GenericApplicationContext@74b19ade'
17:03:32.938 [Test worker] DEBUG org.springframework.beans.factory.support.DefaultListableBeanFactory - Creating shared instance of singleton bean 'spring.jpa-org.springframework.boot.autoconfigure.orm.jpa.JpaProperties'
17:03:32.941 [Test worker] DEBUG org.springframework.beans.factory.support.DefaultListableBeanFactory - Creating shared instance of singleton bean 'spring.jpa.hibernate-org.springframework.boot.autoconfigure.orm.jpa.HibernateProperties'
17:03:32.942 [Test worker] DEBUG org.springframework.beans.factory.support.DefaultListableBeanFactory - Autowiring by type from bean name 'org.springframework.boot.autoconfigure.orm.jpa.HibernateJpaConfiguration' via constructor to bean named 'dataSource'
17:03:32.942 [Test worker] DEBUG org.springframework.beans.factory.support.DefaultListableBeanFactory - Autowiring by type from bean name 'org.springframework.boot.autoconfigure.orm.jpa.HibernateJpaConfiguration' via constructor to bean named 'spring.jpa-org.springframework.boot.autoconfigure.orm.jpa.JpaProperties'
17:03:32.942 [Test worker] DEBUG org.springframework.beans.factory.support.DefaultListableBeanFactory - Autowiring by type from bean name 'org.springframework.boot.autoconfigure.orm.jpa.HibernateJpaConfiguration' via constructor to bean named 'org.springframework.beans.factory.support.DefaultListableBeanFactory@547c81dd'
17:03:32.942 [Test worker] DEBUG org.springframework.beans.factory.support.DefaultListableBeanFactory - Autowiring by type from bean name 'org.springframework.boot.autoconfigure.orm.jpa.HibernateJpaConfiguration' via constructor to bean named 'spring.jpa.hibernate-org.springframework.boot.autoconfigure.orm.jpa.HibernateProperties'
17:03:32.943 [Test worker] DEBUG org.springframework.beans.factory.support.DefaultListableBeanFactory - Creating shared instance of singleton bean 'platformTransactionManagerCustomizers'
17:03:32.943 [Test worker] DEBUG org.springframework.beans.factory.support.DefaultListableBeanFactory - Creating shared instance of singleton bean 'org.springframework.boot.autoconfigure.transaction.TransactionAutoConfiguration'
17:03:32.944 [Test worker] DEBUG org.springframework.beans.factory.support.DefaultListableBeanFactory - Creating shared instance of singleton bean 'spring.transaction-org.springframework.boot.autoconfigure.transaction.TransactionProperties'
17:03:32.945 [Test worker] DEBUG org.springframework.beans.factory.support.DefaultListableBeanFactory - Creating shared instance of singleton bean 'hikariPoolDataSourceMetadataProvider'
17:03:32.945 [Test worker] DEBUG org.springframework.beans.factory.support.DefaultListableBeanFactory - Creating shared instance of singleton bean 'org.springframework.boot.autoconfigure.jdbc.metadata.DataSourcePoolMetadataProvidersConfiguration$HikariPoolDataSourceMetadataProviderConfiguration'
17:03:32.947 [Test worker] DEBUG org.springframework.beans.factory.support.DefaultListableBeanFactory - Creating shared instance of singleton bean 'entityManagerFactoryBuilder'
17:03:32.948 [Test worker] DEBUG org.springframework.beans.factory.support.DefaultListableBeanFactory - Creating shared instance of singleton bean 'jpaVendorAdapter'
17:03:32.948 [Test worker] DEBUG org.springframework.jdbc.datasource.DataSourceUtils - Fetching JDBC Connection from DataSource
17:03:32.948 [Test worker] DEBUG com.zaxxer.hikari.HikariConfig - HikariPool-10 - configuration:
17:03:32.948 [Test worker] DEBUG com.zaxxer.hikari.HikariConfig - allowPoolSuspension.............false
17:03:32.948 [Test worker] DEBUG com.zaxxer.hikari.HikariConfig - autoCommit......................true
17:03:32.949 [Test worker] DEBUG com.zaxxer.hikari.HikariConfig - catalog.........................none
17:03:32.949 [Test worker] DEBUG com.zaxxer.hikari.HikariConfig - connectionInitSql...............none
17:03:32.949 [Test worker] DEBUG com.zaxxer.hikari.HikariConfig - connectionTestQuery.............none
17:03:32.949 [Test worker] DEBUG com.zaxxer.hikari.HikariConfig - connectionTimeout...............30000
17:03:32.949 [Test worker] DEBUG com.zaxxer.hikari.HikariConfig - dataSource......................none
17:03:32.949 [Test worker] DEBUG com.zaxxer.hikari.HikariConfig - dataSourceClassName.............none
17:03:32.949 [Test worker] DEBUG com.zaxxer.hikari.HikariConfig - dataSourceJNDI..................none
17:03:32.949 [Test worker] DEBUG com.zaxxer.hikari.HikariConfig - dataSourceProperties............{password=<masked>}
17:03:32.949 [Test worker] DEBUG com.zaxxer.hikari.HikariConfig - driverClassName................."org.h2.Driver"
17:03:32.949 [Test worker] DEBUG com.zaxxer.hikari.HikariConfig - healthCheckProperties...........{}
17:03:32.949 [Test worker] DEBUG com.zaxxer.hikari.HikariConfig - healthCheckRegistry.............none
17:03:32.949 [Test worker] DEBUG com.zaxxer.hikari.HikariConfig - idleTimeout.....................600000
17:03:32.949 [Test worker] DEBUG com.zaxxer.hikari.HikariConfig - initializationFailTimeout.......1
17:03:32.949 [Test worker] DEBUG com.zaxxer.hikari.HikariConfig - isolateInternalQueries..........false
17:03:32.949 [Test worker] DEBUG com.zaxxer.hikari.HikariConfig - jdbcUrl.........................jdbc:h2:mem:testdb;DB_CLOSE_DELAY=-1;DB_CLOSE_ON_EXIT=FALSE
17:03:32.949 [Test worker] DEBUG com.zaxxer.hikari.HikariConfig - leakDetectionThreshold..........0
17:03:32.949 [Test worker] DEBUG com.zaxxer.hikari.HikariConfig - maxLifetime.....................1800000
17:03:32.949 [Test worker] DEBUG com.zaxxer.hikari.HikariConfig - maximumPoolSize.................10
17:03:32.949 [Test worker] DEBUG com.zaxxer.hikari.HikariConfig - metricRegistry..................none
17:03:32.949 [Test worker] DEBUG com.zaxxer.hikari.HikariConfig - metricsTrackerFactory...........none
17:03:32.949 [Test worker] DEBUG com.zaxxer.hikari.HikariConfig - minimumIdle.....................10
17:03:32.949 [Test worker] DEBUG com.zaxxer.hikari.HikariConfig - password........................<masked>
17:03:32.950 [Test worker] DEBUG com.zaxxer.hikari.HikariConfig - poolName........................"HikariPool-10"
17:03:32.950 [Test worker] DEBUG com.zaxxer.hikari.HikariConfig - readOnly........................false
17:03:32.950 [Test worker] DEBUG com.zaxxer.hikari.HikariConfig - registerMbeans..................false
17:03:32.950 [Test worker] DEBUG com.zaxxer.hikari.HikariConfig - scheduledExecutor...............none
17:03:32.950 [Test worker] DEBUG com.zaxxer.hikari.HikariConfig - schema..........................none
17:03:32.950 [Test worker] DEBUG com.zaxxer.hikari.HikariConfig - threadFactory...................internal
17:03:32.950 [Test worker] DEBUG com.zaxxer.hikari.HikariConfig - transactionIsolation............default
17:03:32.950 [Test worker] DEBUG com.zaxxer.hikari.HikariConfig - username........................"sa"
17:03:32.950 [Test worker] DEBUG com.zaxxer.hikari.HikariConfig - validationTimeout...............5000
17:03:32.950 [Test worker] INFO com.zaxxer.hikari.HikariDataSource - HikariPool-10 - Starting...
17:03:32.952 [Test worker] DEBUG com.zaxxer.hikari.pool.HikariPool - HikariPool-10 - Added connection conn90: url=jdbc:h2:mem:testdb user=SA
17:03:32.952 [Test worker] INFO com.zaxxer.hikari.HikariDataSource - HikariPool-10 - Start completed.
17:03:32.953 [Test worker] DEBUG org.springframework.beans.factory.support.DefaultListableBeanFactory - Autowiring by type from bean name 'entityManagerFactoryBuilder' via factory method to bean named 'jpaVendorAdapter'
17:03:32.954 [Test worker] DEBUG org.springframework.beans.factory.support.DefaultListableBeanFactory - Autowiring by type from bean name 'entityManagerFactory' via factory method to bean named 'entityManagerFactoryBuilder'
17:03:32.954 [Test worker] DEBUG org.springframework.jdbc.datasource.DataSourceUtils - Fetching JDBC Connection from DataSource
17:03:32.961 [Test worker] DEBUG org.springframework.orm.jpa.LocalContainerEntityManagerFactoryBean - Building JPA container EntityManagerFactory for persistence unit 'default'
17:03:32.962 [Test worker] DEBUG org.hibernate.jpa.internal.util.LogHelper - PersistenceUnitInfo [
	name: default
	persistence provider classname: null
	classloader: jdk.internal.loader.ClassLoaders$AppClassLoader@2c13da15
	excludeUnlistedClasses: true
	JTA datasource: null
	Non JTA datasource: HikariDataSource (HikariPool-10)
	Transaction type: RESOURCE_LOCAL
	PU root URL: file:/Users/dzmitryplatonov/Desktop/workdir/giftcertificates/datasource/build/classes/java/test/
	Shared Cache Mode: UNSPECIFIED
	Validation Mode: AUTO
	Jar files URLs []
	Managed classes names [
		com.epam.esm.entity.Entity
		com.epam.esm.entity.GiftCertificate
		com.epam.esm.entity.Order
		com.epam.esm.entity.OrderCertificate
		com.epam.esm.entity.Role
		com.epam.esm.entity.Tag
		com.epam.esm.entity.User]
	Mapping files names []
	Properties []
17:03:32.962 [Test worker] DEBUG org.hibernate.integrator.internal.IntegratorServiceImpl - Adding Integrator [org.hibernate.cfg.beanvalidation.BeanValidationIntegrator].
17:03:32.962 [Test worker] DEBUG org.hibernate.integrator.internal.IntegratorServiceImpl - Adding Integrator [org.hibernate.secure.spi.JaccIntegrator].
17:03:32.962 [Test worker] DEBUG org.hibernate.integrator.internal.IntegratorServiceImpl - Adding Integrator [org.hibernate.cache.internal.CollectionCacheInvalidator].
17:03:32.963 [Test worker] DEBUG org.hibernate.service.spi.ServiceBinding - Overriding existing service binding [org.hibernate.secure.spi.JaccService]
17:03:32.963 [Test worker] DEBUG org.hibernate.cache.internal.RegionFactoryInitiator - Cannot default RegionFactory based on registered strategies as `[]` RegionFactory strategies were registered
17:03:32.964 [Test worker] DEBUG org.hibernate.cache.internal.RegionFactoryInitiator - Cache region factory : org.hibernate.cache.internal.NoCachingRegionFactory
17:03:32.964 [Test worker] DEBUG org.hibernate.type.BasicTypeRegistry - Adding type registration boolean -> org.hibernate.type.BooleanType@7a361749
17:03:32.964 [Test worker] DEBUG org.hibernate.type.BasicTypeRegistry - Adding type registration boolean -> org.hibernate.type.BooleanType@7a361749
17:03:32.964 [Test worker] DEBUG org.hibernate.type.BasicTypeRegistry - Adding type registration java.lang.Boolean -> org.hibernate.type.BooleanType@7a361749
17:03:32.964 [Test worker] DEBUG org.hibernate.type.BasicTypeRegistry - Adding type registration numeric_boolean -> org.hibernate.type.NumericBooleanType@35b10044
17:03:32.964 [Test worker] DEBUG org.hibernate.type.BasicTypeRegistry - Adding type registration true_false -> org.hibernate.type.TrueFalseType@1b7f764d
17:03:32.964 [Test worker] DEBUG org.hibernate.type.BasicTypeRegistry - Adding type registration yes_no -> org.hibernate.type.YesNoType@726eb0b7
17:03:32.964 [Test worker] DEBUG org.hibernate.type.BasicTypeRegistry - Adding type registration byte -> org.hibernate.type.ByteType@17cb58e9
17:03:32.964 [Test worker] DEBUG org.hibernate.type.BasicTypeRegistry - Adding type registration byte -> org.hibernate.type.ByteType@17cb58e9
17:03:32.964 [Test worker] DEBUG org.hibernate.type.BasicTypeRegistry - Adding type registration java.lang.Byte -> org.hibernate.type.ByteType@17cb58e9
17:03:32.964 [Test worker] DEBUG org.hibernate.type.BasicTypeRegistry - Adding type registration character -> org.hibernate.type.CharacterType@30f0ba0d
17:03:32.964 [Test worker] DEBUG org.hibernate.type.BasicTypeRegistry - Adding type registration char -> org.hibernate.type.CharacterType@30f0ba0d
17:03:32.964 [Test worker] DEBUG org.hibernate.type.BasicTypeRegistry - Adding type registration java.lang.Character -> org.hibernate.type.CharacterType@30f0ba0d
17:03:32.964 [Test worker] DEBUG org.hibernate.type.BasicTypeRegistry - Adding type registration short -> org.hibernate.type.ShortType@27eea72e
17:03:32.964 [Test worker] DEBUG org.hibernate.type.BasicTypeRegistry - Adding type registration short -> org.hibernate.type.ShortType@27eea72e
17:03:32.964 [Test worker] DEBUG org.hibernate.type.BasicTypeRegistry - Adding type registration java.lang.Short -> org.hibernate.type.ShortType@27eea72e
17:03:32.964 [Test worker] DEBUG org.hibernate.type.BasicTypeRegistry - Adding type registration integer -> org.hibernate.type.IntegerType@3e734867
17:03:32.964 [Test worker] DEBUG org.hibernate.type.BasicTypeRegistry - Adding type registration int -> org.hibernate.type.IntegerType@3e734867
17:03:32.964 [Test worker] DEBUG org.hibernate.type.BasicTypeRegistry - Adding type registration java.lang.Integer -> org.hibernate.type.IntegerType@3e734867
17:03:32.964 [Test worker] DEBUG org.hibernate.type.BasicTypeRegistry - Adding type registration long -> org.hibernate.type.LongType@10654366
17:03:32.964 [Test worker] DEBUG org.hibernate.type.BasicTypeRegistry - Adding type registration long -> org.hibernate.type.LongType@10654366
17:03:32.964 [Test worker] DEBUG org.hibernate.type.BasicTypeRegistry - Adding type registration java.lang.Long -> org.hibernate.type.LongType@10654366
17:03:32.964 [Test worker] DEBUG org.hibernate.type.BasicTypeRegistry - Adding type registration float -> org.hibernate.type.FloatType@1072c4c1
17:03:32.964 [Test worker] DEBUG org.hibernate.type.BasicTypeRegistry - Adding type registration float -> org.hibernate.type.FloatType@1072c4c1
17:03:32.964 [Test worker] DEBUG org.hibernate.type.BasicTypeRegistry - Adding type registration java.lang.Float -> org.hibernate.type.FloatType@1072c4c1
17:03:32.964 [Test worker] DEBUG org.hibernate.type.BasicTypeRegistry - Adding type registration double -> org.hibernate.type.DoubleType@383d90d3
17:03:32.964 [Test worker] DEBUG org.hibernate.type.BasicTypeRegistry - Adding type registration double -> org.hibernate.type.DoubleType@383d90d3
17:03:32.964 [Test worker] DEBUG org.hibernate.type.BasicTypeRegistry - Adding type registration java.lang.Double -> org.hibernate.type.DoubleType@383d90d3
17:03:32.964 [Test worker] DEBUG org.hibernate.type.BasicTypeRegistry - Adding type registration big_decimal -> org.hibernate.type.BigDecimalType@322ff0c5
17:03:32.964 [Test worker] DEBUG org.hibernate.type.BasicTypeRegistry - Adding type registration java.math.BigDecimal -> org.hibernate.type.BigDecimalType@322ff0c5
17:03:32.964 [Test worker] DEBUG org.hibernate.type.BasicTypeRegistry - Adding type registration big_integer -> org.hibernate.type.BigIntegerType@219d1f47
17:03:32.964 [Test worker] DEBUG org.hibernate.type.BasicTypeRegistry - Adding type registration java.math.BigInteger -> org.hibernate.type.BigIntegerType@219d1f47
17:03:32.965 [Test worker] DEBUG org.hibernate.type.BasicTypeRegistry - Adding type registration string -> org.hibernate.type.StringType@7b9aad94
17:03:32.965 [Test worker] DEBUG org.hibernate.type.BasicTypeRegistry - Adding type registration java.lang.String -> org.hibernate.type.StringType@7b9aad94
17:03:32.965 [Test worker] DEBUG org.hibernate.type.BasicTypeRegistry - Adding type registration nstring -> org.hibernate.type.StringNVarcharType@39251dc7
17:03:32.965 [Test worker] DEBUG org.hibernate.type.BasicTypeRegistry - Adding type registration ncharacter -> org.hibernate.type.CharacterNCharType@284c8f8b
17:03:32.965 [Test worker] DEBUG org.hibernate.type.BasicTypeRegistry - Adding type registration url -> org.hibernate.type.UrlType@7c5e8cdb
17:03:32.965 [Test worker] DEBUG org.hibernate.type.BasicTypeRegistry - Adding type registration java.net.URL -> org.hibernate.type.UrlType@7c5e8cdb
17:03:32.965 [Test worker] DEBUG org.hibernate.type.BasicTypeRegistry - Adding type registration Duration -> org.hibernate.type.DurationType@5502b9d6
17:03:32.965 [Test worker] DEBUG org.hibernate.type.BasicTypeRegistry - Adding type registration java.time.Duration -> org.hibernate.type.DurationType@5502b9d6
17:03:32.965 [Test worker] DEBUG org.hibernate.type.BasicTypeRegistry - Adding type registration Instant -> org.hibernate.type.InstantType@52dea51b
17:03:32.965 [Test worker] DEBUG org.hibernate.type.BasicTypeRegistry - Adding type registration java.time.Instant -> org.hibernate.type.InstantType@52dea51b
17:03:32.965 [Test worker] DEBUG org.hibernate.type.BasicTypeRegistry - Adding type registration LocalDateTime -> org.hibernate.type.LocalDateTimeType@65741b68
17:03:32.965 [Test worker] DEBUG org.hibernate.type.BasicTypeRegistry - Adding type registration java.time.LocalDateTime -> org.hibernate.type.LocalDateTimeType@65741b68
17:03:32.965 [Test worker] DEBUG org.hibernate.type.BasicTypeRegistry - Adding type registration LocalDate -> org.hibernate.type.LocalDateType@33f0f7f9
17:03:32.965 [Test worker] DEBUG org.hibernate.type.BasicTypeRegistry - Adding type registration java.time.LocalDate -> org.hibernate.type.LocalDateType@33f0f7f9
17:03:32.965 [Test worker] DEBUG org.hibernate.type.BasicTypeRegistry - Adding type registration LocalTime -> org.hibernate.type.LocalTimeType@5e875231
17:03:32.965 [Test worker] DEBUG org.hibernate.type.BasicTypeRegistry - Adding type registration java.time.LocalTime -> org.hibernate.type.LocalTimeType@5e875231
17:03:32.965 [Test worker] DEBUG org.hibernate.type.BasicTypeRegistry - Adding type registration OffsetDateTime -> org.hibernate.type.OffsetDateTimeType@e161f10
17:03:32.965 [Test worker] DEBUG org.hibernate.type.BasicTypeRegistry - Adding type registration java.time.OffsetDateTime -> org.hibernate.type.OffsetDateTimeType@e161f10
17:03:32.965 [Test worker] DEBUG org.hibernate.type.BasicTypeRegistry - Adding type registration OffsetTime -> org.hibernate.type.OffsetTimeType@1ed4e4a1
17:03:32.965 [Test worker] DEBUG org.hibernate.type.BasicTypeRegistry - Adding type registration java.time.OffsetTime -> org.hibernate.type.OffsetTimeType@1ed4e4a1
17:03:32.965 [Test worker] DEBUG org.hibernate.type.BasicTypeRegistry - Adding type registration ZonedDateTime -> org.hibernate.type.ZonedDateTimeType@1f7b3ac5
17:03:32.965 [Test worker] DEBUG org.hibernate.type.BasicTypeRegistry - Adding type registration java.time.ZonedDateTime -> org.hibernate.type.ZonedDateTimeType@1f7b3ac5
17:03:32.965 [Test worker] DEBUG org.hibernate.type.BasicTypeRegistry - Adding type registration date -> org.hibernate.type.DateType@47db9e78
17:03:32.965 [Test worker] DEBUG org.hibernate.type.BasicTypeRegistry - Adding type registration java.sql.Date -> org.hibernate.type.DateType@47db9e78
17:03:32.965 [Test worker] DEBUG org.hibernate.type.BasicTypeRegistry - Adding type registration time -> org.hibernate.type.TimeType@19cf2a46
17:03:32.965 [Test worker] DEBUG org.hibernate.type.BasicTypeRegistry - Adding type registration java.sql.Time -> org.hibernate.type.TimeType@19cf2a46
17:03:32.965 [Test worker] DEBUG org.hibernate.type.BasicTypeRegistry - Adding type registration timestamp -> org.hibernate.type.TimestampType@33cc8709
17:03:32.965 [Test worker] DEBUG org.hibernate.type.BasicTypeRegistry - Adding type registration java.sql.Timestamp -> org.hibernate.type.TimestampType@33cc8709
17:03:32.965 [Test worker] DEBUG org.hibernate.type.BasicTypeRegistry - Adding type registration java.util.Date -> org.hibernate.type.TimestampType@33cc8709
17:03:32.965 [Test worker] DEBUG org.hibernate.type.BasicTypeRegistry - Adding type registration dbtimestamp -> org.hibernate.type.DbTimestampType@4bb8bc35
17:03:32.965 [Test worker] DEBUG org.hibernate.type.BasicTypeRegistry - Adding type registration calendar -> org.hibernate.type.CalendarType@6cda5f3e
17:03:32.965 [Test worker] DEBUG org.hibernate.type.BasicTypeRegistry - Adding type registration java.util.Calendar -> org.hibernate.type.CalendarType@6cda5f3e
17:03:32.965 [Test worker] DEBUG org.hibernate.type.BasicTypeRegistry - Adding type registration java.util.GregorianCalendar -> org.hibernate.type.CalendarType@6cda5f3e
17:03:32.965 [Test worker] DEBUG org.hibernate.type.BasicTypeRegistry - Adding type registration calendar_date -> org.hibernate.type.CalendarDateType@2cf12338
17:03:32.965 [Test worker] DEBUG org.hibernate.type.BasicTypeRegistry - Adding type registration locale -> org.hibernate.type.LocaleType@5fa83fc7
17:03:32.965 [Test worker] DEBUG org.hibernate.type.BasicTypeRegistry - Adding type registration java.util.Locale -> org.hibernate.type.LocaleType@5fa83fc7
17:03:32.966 [Test worker] DEBUG org.hibernate.type.BasicTypeRegistry - Adding type registration currency -> org.hibernate.type.CurrencyType@7198d6af
17:03:32.966 [Test worker] DEBUG org.hibernate.type.BasicTypeRegistry - Adding type registration java.util.Currency -> org.hibernate.type.CurrencyType@7198d6af
17:03:32.966 [Test worker] DEBUG org.hibernate.type.BasicTypeRegistry - Adding type registration timezone -> org.hibernate.type.TimeZoneType@5db6acf5
17:03:32.966 [Test worker] DEBUG org.hibernate.type.BasicTypeRegistry - Adding type registration java.util.TimeZone -> org.hibernate.type.TimeZoneType@5db6acf5
17:03:32.966 [Test worker] DEBUG org.hibernate.type.BasicTypeRegistry - Adding type registration class -> org.hibernate.type.ClassType@11e7b123
17:03:32.966 [Test worker] DEBUG org.hibernate.type.BasicTypeRegistry - Adding type registration java.lang.Class -> org.hibernate.type.ClassType@11e7b123
17:03:32.966 [Test worker] DEBUG org.hibernate.type.BasicTypeRegistry - Adding type registration uuid-binary -> org.hibernate.type.UUIDBinaryType@515d21bc
17:03:32.966 [Test worker] DEBUG org.hibernate.type.BasicTypeRegistry - Adding type registration java.util.UUID -> org.hibernate.type.UUIDBinaryType@515d21bc
17:03:32.966 [Test worker] DEBUG org.hibernate.type.BasicTypeRegistry - Adding type registration uuid-char -> org.hibernate.type.UUIDCharType@774ef163
17:03:32.966 [Test worker] DEBUG org.hibernate.type.BasicTypeRegistry - Adding type registration binary -> org.hibernate.type.BinaryType@5f00df0f
17:03:32.966 [Test worker] DEBUG org.hibernate.type.BasicTypeRegistry - Adding type registration byte[] -> org.hibernate.type.BinaryType@5f00df0f
17:03:32.966 [Test worker] DEBUG org.hibernate.type.BasicTypeRegistry - Adding type registration [B -> org.hibernate.type.BinaryType@5f00df0f
17:03:32.966 [Test worker] DEBUG org.hibernate.type.BasicTypeRegistry - Adding type registration wrapper-binary -> org.hibernate.type.WrapperBinaryType@1c4b0916
17:03:32.966 [Test worker] DEBUG org.hibernate.type.BasicTypeRegistry - Adding type registration Byte[] -> org.hibernate.type.WrapperBinaryType@1c4b0916
17:03:32.966 [Test worker] DEBUG org.hibernate.type.BasicTypeRegistry - Adding type registration [Ljava.lang.Byte; -> org.hibernate.type.WrapperBinaryType@1c4b0916
17:03:32.966 [Test worker] DEBUG org.hibernate.type.BasicTypeRegistry - Adding type registration row_version -> org.hibernate.type.RowVersionType@5a9358d7
17:03:32.966 [Test worker] DEBUG org.hibernate.type.BasicTypeRegistry - Adding type registration image -> org.hibernate.type.ImageType@b08df66
17:03:32.966 [Test worker] DEBUG org.hibernate.type.BasicTypeRegistry - Adding type registration characters -> org.hibernate.type.CharArrayType@69a415e0
17:03:32.966 [Test worker] DEBUG org.hibernate.type.BasicTypeRegistry - Adding type registration char[] -> org.hibernate.type.CharArrayType@69a415e0
17:03:32.966 [Test worker] DEBUG org.hibernate.type.BasicTypeRegistry - Adding type registration [C -> org.hibernate.type.CharArrayType@69a415e0
17:03:32.966 [Test worker] DEBUG org.hibernate.type.BasicTypeRegistry - Adding type registration wrapper-characters -> org.hibernate.type.CharacterArrayType@2e189552
17:03:32.966 [Test worker] DEBUG org.hibernate.type.BasicTypeRegistry - Adding type registration [Ljava.lang.Character; -> org.hibernate.type.CharacterArrayType@2e189552
17:03:32.966 [Test worker] DEBUG org.hibernate.type.BasicTypeRegistry - Adding type registration Character[] -> org.hibernate.type.CharacterArrayType@2e189552
17:03:32.966 [Test worker] DEBUG org.hibernate.type.BasicTypeRegistry - Adding type registration text -> org.hibernate.type.TextType@3bb4f48d
17:03:32.966 [Test worker] DEBUG org.hibernate.type.BasicTypeRegistry - Adding type registration ntext -> org.hibernate.type.NTextType@7fc44815
17:03:32.967 [Test worker] DEBUG org.hibernate.type.BasicTypeRegistry - Adding type registration blob -> org.hibernate.type.BlobType@70984021
17:03:32.967 [Test worker] DEBUG org.hibernate.type.BasicTypeRegistry - Adding type registration java.sql.Blob -> org.hibernate.type.BlobType@70984021
17:03:32.967 [Test worker] DEBUG org.hibernate.type.BasicTypeRegistry - Adding type registration materialized_blob -> org.hibernate.type.MaterializedBlobType@7b392ea8
17:03:32.967 [Test worker] DEBUG org.hibernate.type.BasicTypeRegistry - Adding type registration clob -> org.hibernate.type.ClobType@249973df
17:03:32.967 [Test worker] DEBUG org.hibernate.type.BasicTypeRegistry - Adding type registration java.sql.Clob -> org.hibernate.type.ClobType@249973df
17:03:32.967 [Test worker] DEBUG org.hibernate.type.BasicTypeRegistry - Adding type registration nclob -> org.hibernate.type.NClobType@993bb9e
17:03:32.967 [Test worker] DEBUG org.hibernate.type.BasicTypeRegistry - Adding type registration java.sql.NClob -> org.hibernate.type.NClobType@993bb9e
17:03:32.967 [Test worker] DEBUG org.hibernate.type.BasicTypeRegistry - Adding type registration materialized_clob -> org.hibernate.type.MaterializedClobType@5eddde51
17:03:32.967 [Test worker] DEBUG org.hibernate.type.BasicTypeRegistry - Adding type registration materialized_nclob -> org.hibernate.type.MaterializedNClobType@20503ff1
17:03:32.967 [Test worker] DEBUG org.hibernate.type.BasicTypeRegistry - Adding type registration serializable -> org.hibernate.type.SerializableType@11fb506a
17:03:32.967 [Test worker] DEBUG org.hibernate.type.BasicTypeRegistry - Adding type registration object -> org.hibernate.type.ObjectType@40b10f8c
17:03:32.967 [Test worker] DEBUG org.hibernate.type.BasicTypeRegistry - Adding type registration java.lang.Object -> org.hibernate.type.ObjectType@40b10f8c
17:03:32.967 [Test worker] DEBUG org.hibernate.type.BasicTypeRegistry - Adding type registration imm_date -> org.hibernate.type.AdaptedImmutableType@5535afb7
17:03:32.967 [Test worker] DEBUG org.hibernate.type.BasicTypeRegistry - Adding type registration imm_time -> org.hibernate.type.AdaptedImmutableType@19bd0eb4
17:03:32.967 [Test worker] DEBUG org.hibernate.type.BasicTypeRegistry - Adding type registration imm_timestamp -> org.hibernate.type.AdaptedImmutableType@4e43e2d
17:03:32.967 [Test worker] DEBUG org.hibernate.type.BasicTypeRegistry - Adding type registration imm_dbtimestamp -> org.hibernate.type.AdaptedImmutableType@247ec928
17:03:32.967 [Test worker] DEBUG org.hibernate.type.BasicTypeRegistry - Adding type registration imm_calendar -> org.hibernate.type.AdaptedImmutableType@5cce8207
17:03:32.967 [Test worker] DEBUG org.hibernate.type.BasicTypeRegistry - Adding type registration imm_calendar_date -> org.hibernate.type.AdaptedImmutableType@2df7ef84
17:03:32.967 [Test worker] DEBUG org.hibernate.type.BasicTypeRegistry - Adding type registration imm_binary -> org.hibernate.type.AdaptedImmutableType@847b941
17:03:32.967 [Test worker] DEBUG org.hibernate.type.BasicTypeRegistry - Adding type registration imm_serializable -> org.hibernate.type.AdaptedImmutableType@5a2206e8
17:03:32.969 [Test worker] DEBUG org.hibernate.boot.internal.BootstrapContextImpl - Injecting JPA temp ClassLoader [org.springframework.instrument.classloading.SimpleThrowawayClassLoader@604d2300] into BootstrapContext; was [null]
17:03:32.969 [Test worker] DEBUG org.hibernate.boot.internal.ClassLoaderAccessImpl - ClassLoaderAccessImpl#injectTempClassLoader(org.springframework.instrument.classloading.SimpleThrowawayClassLoader@604d2300) [was null]
17:03:32.969 [Test worker] DEBUG org.hibernate.boot.internal.BootstrapContextImpl - Injecting ScanEnvironment [org.hibernate.jpa.boot.internal.StandardJpaScanEnvironmentImpl@55f513f9] into BootstrapContext; was [null]
17:03:32.969 [Test worker] DEBUG org.hibernate.boot.internal.BootstrapContextImpl - Injecting ScanOptions [org.hibernate.boot.archive.scan.internal.StandardScanOptions@1faa4ae9] into BootstrapContext; was [org.hibernate.boot.archive.scan.internal.StandardScanOptions@4ee734ec]
17:03:32.972 [Test worker] DEBUG org.hibernate.boot.internal.BootstrapContextImpl - Injecting JPA temp ClassLoader [null] into BootstrapContext; was [org.springframework.instrument.classloading.SimpleThrowawayClassLoader@604d2300]
17:03:32.972 [Test worker] DEBUG org.hibernate.boot.internal.ClassLoaderAccessImpl - ClassLoaderAccessImpl#injectTempClassLoader(null) [was org.springframework.instrument.classloading.SimpleThrowawayClassLoader@604d2300]
17:03:32.972 [Test worker] DEBUG org.hibernate.id.factory.internal.DefaultIdentifierGeneratorFactory - Registering IdentifierGenerator strategy [uuid2] -> [org.hibernate.id.UUIDGenerator]
17:03:32.972 [Test worker] DEBUG org.hibernate.id.factory.internal.DefaultIdentifierGeneratorFactory - Registering IdentifierGenerator strategy [guid] -> [org.hibernate.id.GUIDGenerator]
17:03:32.972 [Test worker] DEBUG org.hibernate.id.factory.internal.DefaultIdentifierGeneratorFactory - Registering IdentifierGenerator strategy [uuid] -> [org.hibernate.id.UUIDHexGenerator]
17:03:32.972 [Test worker] DEBUG org.hibernate.id.factory.internal.DefaultIdentifierGeneratorFactory - Registering IdentifierGenerator strategy [uuid.hex] -> [org.hibernate.id.UUIDHexGenerator]
17:03:32.972 [Test worker] DEBUG org.hibernate.id.factory.internal.DefaultIdentifierGeneratorFactory - Registering IdentifierGenerator strategy [assigned] -> [org.hibernate.id.Assigned]
17:03:32.972 [Test worker] DEBUG org.hibernate.id.factory.internal.DefaultIdentifierGeneratorFactory - Registering IdentifierGenerator strategy [identity] -> [org.hibernate.id.IdentityGenerator]
17:03:32.972 [Test worker] DEBUG org.hibernate.id.factory.internal.DefaultIdentifierGeneratorFactory - Registering IdentifierGenerator strategy [select] -> [org.hibernate.id.SelectGenerator]
17:03:32.972 [Test worker] DEBUG org.hibernate.id.factory.internal.DefaultIdentifierGeneratorFactory - Registering IdentifierGenerator strategy [sequence] -> [org.hibernate.id.enhanced.SequenceStyleGenerator]
17:03:32.972 [Test worker] DEBUG org.hibernate.id.factory.internal.DefaultIdentifierGeneratorFactory - Registering IdentifierGenerator strategy [seqhilo] -> [org.hibernate.id.SequenceHiLoGenerator]
17:03:32.972 [Test worker] DEBUG org.hibernate.id.factory.internal.DefaultIdentifierGeneratorFactory - Registering IdentifierGenerator strategy [increment] -> [org.hibernate.id.IncrementGenerator]
17:03:32.972 [Test worker] DEBUG org.hibernate.id.factory.internal.DefaultIdentifierGeneratorFactory - Registering IdentifierGenerator strategy [foreign] -> [org.hibernate.id.ForeignGenerator]
17:03:32.972 [Test worker] DEBUG org.hibernate.id.factory.internal.DefaultIdentifierGeneratorFactory - Registering IdentifierGenerator strategy [sequence-identity] -> [org.hibernate.id.SequenceIdentityGenerator]
17:03:32.972 [Test worker] DEBUG org.hibernate.id.factory.internal.DefaultIdentifierGeneratorFactory - Registering IdentifierGenerator strategy [enhanced-sequence] -> [org.hibernate.id.enhanced.SequenceStyleGenerator]
17:03:32.972 [Test worker] DEBUG org.hibernate.id.factory.internal.DefaultIdentifierGeneratorFactory - Registering IdentifierGenerator strategy [enhanced-table] -> [org.hibernate.id.enhanced.TableGenerator]
17:03:32.972 [Test worker] DEBUG org.hibernate.engine.jdbc.env.internal.JdbcEnvironmentInitiator - Database ->
       name : H2
    version : 1.4.197 (2018-03-18)
      major : 1
      minor : 4
17:03:32.972 [Test worker] DEBUG org.hibernate.engine.jdbc.env.internal.JdbcEnvironmentInitiator - Driver ->
       name : H2 JDBC Driver
    version : 1.4.197 (2018-03-18)
      major : 1
      minor : 4
17:03:32.972 [Test worker] DEBUG org.hibernate.engine.jdbc.env.internal.JdbcEnvironmentInitiator - JDBC version : 4.0
17:03:32.972 [Test worker] INFO org.hibernate.dialect.Dialect - HHH000400: Using dialect: org.hibernate.dialect.H2Dialect
17:03:32.978 [Test worker] DEBUG org.hibernate.boot.model.relational.Namespace - Created database namespace [logicalName=Name{catalog=null, schema=null}, physicalName=Name{catalog=null, schema=null}]
17:03:32.978 [Test worker] DEBUG org.hibernate.type.spi.TypeConfiguration$Scope - Scoping TypeConfiguration [org.hibernate.type.spi.TypeConfiguration@2e86fb6b] to MetadataBuildingContext [org.hibernate.boot.internal.MetadataBuildingContextRootImpl@32c48454]
17:03:32.979 [Test worker] DEBUG org.hibernate.cfg.AnnotationBinder - Binding entity from annotated class: com.epam.esm.entity.Entity
17:03:32.979 [Test worker] DEBUG org.hibernate.cfg.Ejb3Column - Binding column: Ejb3DiscriminatorColumn{logicalColumnName'DTYPE', discriminatorTypeName='string'}
17:03:32.979 [Test worker] DEBUG org.hibernate.cfg.annotations.EntityBinder - Import with entity name Entity
17:03:32.979 [Test worker] DEBUG org.hibernate.cfg.annotations.EntityBinder - Bind entity com.epam.esm.entity.Entity on table entity
17:03:32.980 [Test worker] DEBUG org.hibernate.cfg.Ejb3Column - Binding column: Ejb3Column{table=org.hibernate.mapping.Table(entity), mappingColumn=id, insertable=true, updatable=true, unique=false}
17:03:32.980 [Test worker] DEBUG org.hibernate.cfg.annotations.PropertyBinder - MetadataSourceProcessor property id with lazy=false
17:03:32.980 [Test worker] DEBUG org.hibernate.cfg.AbstractPropertyHolder - Attempting to locate auto-apply AttributeConverter for property [com.epam.esm.entity.Entity:id]
17:03:32.980 [Test worker] DEBUG org.hibernate.cfg.annotations.SimpleValueBinder - building SimpleValue for id
17:03:32.980 [Test worker] DEBUG org.hibernate.cfg.annotations.PropertyBinder - Building property id
17:03:32.980 [Test worker] DEBUG org.hibernate.cfg.BinderHelper - #makeIdGenerator(org.hibernate.mapping.SimpleValue([org.hibernate.mapping.Column(id)]), id, identity, , ...)
17:03:32.980 [Test worker] DEBUG org.hibernate.cfg.AnnotationBinder - Binding entity from annotated class: com.epam.esm.entity.GiftCertificate
17:03:32.980 [Test worker] DEBUG org.hibernate.cfg.Ejb3Column - Binding column: Ejb3DiscriminatorColumn{logicalColumnName'DTYPE', discriminatorTypeName='string'}
17:03:32.981 [Test worker] DEBUG org.hibernate.cfg.annotations.EntityBinder - Import with entity name GiftCertificate
17:03:32.981 [Test worker] DEBUG org.hibernate.cfg.annotations.EntityBinder - Bind entity com.epam.esm.entity.GiftCertificate on table certificate
17:03:32.981 [Test worker] DEBUG org.hibernate.cfg.Ejb3Column - Binding column: Ejb3Column{table=org.hibernate.mapping.Table(certificate), mappingColumn=id, insertable=true, updatable=true, unique=false}
17:03:32.981 [Test worker] DEBUG org.hibernate.cfg.annotations.PropertyBinder - MetadataSourceProcessor property id with lazy=false
17:03:32.981 [Test worker] DEBUG org.hibernate.cfg.AbstractPropertyHolder - Attempting to locate auto-apply AttributeConverter for property [com.epam.esm.entity.GiftCertificate:id]
17:03:32.982 [Test worker] DEBUG org.hibernate.cfg.annotations.SimpleValueBinder - building SimpleValue for id
17:03:32.982 [Test worker] DEBUG org.hibernate.cfg.annotations.PropertyBinder - Building property id
17:03:32.982 [Test worker] DEBUG org.hibernate.cfg.BinderHelper - #makeIdGenerator(org.hibernate.mapping.SimpleValue([org.hibernate.mapping.Column(id)]), id, identity, , ...)
17:03:32.982 [Test worker] DEBUG org.hibernate.cfg.Ejb3Column - Binding column: Ejb3Column{table=org.hibernate.mapping.Table(certificate), mappingColumn=active_status, insertable=true, updatable=true, unique=false}
17:03:32.982 [Test worker] DEBUG org.hibernate.cfg.annotations.PropertyBinder - MetadataSourceProcessor property activeStatus with lazy=false
17:03:32.982 [Test worker] DEBUG org.hibernate.cfg.AbstractPropertyHolder - Attempting to locate auto-apply AttributeConverter for property [com.epam.esm.entity.GiftCertificate:activeStatus]
17:03:32.982 [Test worker] DEBUG org.hibernate.cfg.annotations.SimpleValueBinder - building SimpleValue for activeStatus
17:03:32.982 [Test worker] DEBUG org.hibernate.cfg.annotations.PropertyBinder - Building property activeStatus
17:03:32.982 [Test worker] DEBUG org.hibernate.cfg.Ejb3Column - Binding column: Ejb3Column{table=org.hibernate.mapping.Table(certificate), mappingColumn=creation_date, insertable=true, updatable=true, unique=false}
17:03:32.982 [Test worker] DEBUG org.hibernate.cfg.annotations.PropertyBinder - MetadataSourceProcessor property creationDate with lazy=false
17:03:32.982 [Test worker] DEBUG org.hibernate.cfg.AbstractPropertyHolder - Attempting to locate auto-apply AttributeConverter for property [com.epam.esm.entity.GiftCertificate:creationDate]
17:03:32.982 [Test worker] DEBUG org.hibernate.cfg.annotations.SimpleValueBinder - building SimpleValue for creationDate
17:03:32.982 [Test worker] DEBUG org.hibernate.cfg.annotations.PropertyBinder - Building property creationDate
17:03:32.982 [Test worker] DEBUG org.hibernate.cfg.Ejb3Column - Binding column: Ejb3Column{table=org.hibernate.mapping.Table(certificate), mappingColumn=description, insertable=true, updatable=true, unique=false}
17:03:32.982 [Test worker] DEBUG org.hibernate.cfg.annotations.PropertyBinder - MetadataSourceProcessor property description with lazy=false
17:03:32.982 [Test worker] DEBUG org.hibernate.cfg.AbstractPropertyHolder - Attempting to locate auto-apply AttributeConverter for property [com.epam.esm.entity.GiftCertificate:description]
17:03:32.983 [Test worker] DEBUG org.hibernate.cfg.annotations.SimpleValueBinder - building SimpleValue for description
17:03:32.983 [Test worker] DEBUG org.hibernate.cfg.annotations.PropertyBinder - Building property description
17:03:32.983 [Test worker] DEBUG org.hibernate.cfg.Ejb3Column - Binding column: Ejb3Column{table=org.hibernate.mapping.Table(certificate), mappingColumn=expiration_date, insertable=true, updatable=true, unique=false}
17:03:32.983 [Test worker] DEBUG org.hibernate.cfg.annotations.PropertyBinder - MetadataSourceProcessor property expirationDate with lazy=false
17:03:32.983 [Test worker] DEBUG org.hibernate.cfg.AbstractPropertyHolder - Attempting to locate auto-apply AttributeConverter for property [com.epam.esm.entity.GiftCertificate:expirationDate]
17:03:32.983 [Test worker] DEBUG org.hibernate.cfg.annotations.SimpleValueBinder - building SimpleValue for expirationDate
17:03:32.983 [Test worker] DEBUG org.hibernate.cfg.annotations.PropertyBinder - Building property expirationDate
17:03:32.983 [Test worker] DEBUG org.hibernate.cfg.Ejb3Column - Binding column: Ejb3Column{table=org.hibernate.mapping.Table(certificate), mappingColumn=modification_date, insertable=true, updatable=true, unique=false}
17:03:32.983 [Test worker] DEBUG org.hibernate.cfg.annotations.PropertyBinder - MetadataSourceProcessor property modificationDate with lazy=false
17:03:32.983 [Test worker] DEBUG org.hibernate.cfg.AbstractPropertyHolder - Attempting to locate auto-apply AttributeConverter for property [com.epam.esm.entity.GiftCertificate:modificationDate]
17:03:32.983 [Test worker] DEBUG org.hibernate.cfg.annotations.SimpleValueBinder - building SimpleValue for modificationDate
17:03:32.983 [Test worker] DEBUG org.hibernate.cfg.annotations.PropertyBinder - Building property modificationDate
17:03:32.983 [Test worker] DEBUG org.hibernate.cfg.Ejb3Column - Binding column: Ejb3Column{table=org.hibernate.mapping.Table(certificate), mappingColumn=name, insertable=true, updatable=true, unique=false}
17:03:32.983 [Test worker] DEBUG org.hibernate.cfg.annotations.PropertyBinder - MetadataSourceProcessor property name with lazy=false
17:03:32.983 [Test worker] DEBUG org.hibernate.cfg.AbstractPropertyHolder - Attempting to locate auto-apply AttributeConverter for property [com.epam.esm.entity.GiftCertificate:name]
17:03:32.983 [Test worker] DEBUG org.hibernate.cfg.annotations.SimpleValueBinder - building SimpleValue for name
17:03:32.984 [Test worker] DEBUG org.hibernate.cfg.annotations.PropertyBinder - Building property name
17:03:32.984 [Test worker] DEBUG org.hibernate.cfg.Ejb3Column - Binding column: Ejb3JoinColumn{logicalColumnName='null', referencedColumn='null', mappedBy='certificate'}
17:03:32.984 [Test worker] DEBUG org.hibernate.cfg.Ejb3Column - Binding column: Ejb3Column{table=org.hibernate.mapping.Table(certificate), mappingColumn=order_certificates, insertable=true, updatable=true, unique=false}
17:03:32.984 [Test worker] DEBUG org.hibernate.cfg.Ejb3Column - Binding column: Ejb3Column{table=org.hibernate.mapping.Table(certificate), mappingColumn=null, insertable=true, updatable=true, unique=false}
17:03:32.984 [Test worker] DEBUG org.hibernate.cfg.Ejb3Column - Binding column: Ejb3Column{table=org.hibernate.mapping.Table(certificate), mappingColumn=element, insertable=true, updatable=true, unique=false}
17:03:32.984 [Test worker] DEBUG org.hibernate.cfg.Ejb3Column - Binding column: Ejb3Column{table=org.hibernate.mapping.Table(certificate), mappingColumn=order_certificates_key, insertable=true, updatable=true, unique=false}
17:03:32.984 [Test worker] DEBUG org.hibernate.cfg.Ejb3Column - Binding column: Ejb3JoinColumn{logicalColumnName='orderCertificates_KEY', referencedColumn='null', mappedBy='null'}
17:03:32.984 [Test worker] DEBUG org.hibernate.cfg.Ejb3Column - Binding column: Ejb3JoinColumn{logicalColumnName='null', referencedColumn='null', mappedBy='certificate'}
17:03:32.984 [Test worker] DEBUG org.hibernate.cfg.Ejb3Column - Binding column: Ejb3JoinColumn{logicalColumnName='null', referencedColumn='null', mappedBy='certificate'}
17:03:32.984 [Test worker] DEBUG org.hibernate.cfg.annotations.CollectionBinder - Collection role: com.epam.esm.entity.GiftCertificate.orderCertificates
17:03:32.984 [Test worker] DEBUG org.hibernate.cfg.annotations.PropertyBinder - Building property orderCertificates
17:03:32.984 [Test worker] DEBUG org.hibernate.cfg.Ejb3Column - Binding column: Ejb3Column{table=org.hibernate.mapping.Table(certificate), mappingColumn=price, insertable=true, updatable=true, unique=false}
17:03:32.984 [Test worker] DEBUG org.hibernate.cfg.annotations.PropertyBinder - MetadataSourceProcessor property price with lazy=false
17:03:32.984 [Test worker] DEBUG org.hibernate.cfg.AbstractPropertyHolder - Attempting to locate auto-apply AttributeConverter for property [com.epam.esm.entity.GiftCertificate:price]
17:03:32.984 [Test worker] DEBUG org.hibernate.cfg.annotations.SimpleValueBinder - building SimpleValue for price
17:03:32.984 [Test worker] DEBUG org.hibernate.cfg.annotations.PropertyBinder - Building property price
17:03:32.985 [Test worker] DEBUG org.hibernate.cfg.Ejb3Column - Binding column: Ejb3Column{table=org.hibernate.mapping.Table(certificate), mappingColumn=null, insertable=true, updatable=true, unique=false}
17:03:32.985 [Test worker] DEBUG org.hibernate.cfg.Ejb3Column - Binding column: Ejb3Column{table=org.hibernate.mapping.Table(certificate), mappingColumn=element, insertable=true, updatable=true, unique=false}
17:03:32.985 [Test worker] DEBUG org.hibernate.cfg.Ejb3Column - Binding column: Ejb3Column{table=org.hibernate.mapping.Table(certificate), mappingColumn=tags_key, insertable=true, updatable=true, unique=false}
17:03:32.985 [Test worker] DEBUG org.hibernate.cfg.Ejb3Column - Binding column: Ejb3JoinColumn{logicalColumnName='tags_KEY', referencedColumn='null', mappedBy='null'}
17:03:32.985 [Test worker] DEBUG org.hibernate.cfg.Ejb3Column - Binding column: Ejb3JoinColumn{logicalColumnName='certificate_id', referencedColumn='', mappedBy=''}
17:03:32.985 [Test worker] DEBUG org.hibernate.cfg.Ejb3Column - Binding column: Ejb3JoinColumn{logicalColumnName='tag_id', referencedColumn='', mappedBy=''}
17:03:32.985 [Test worker] DEBUG org.hibernate.cfg.annotations.CollectionBinder - Collection role: com.epam.esm.entity.GiftCertificate.tags
17:03:32.985 [Test worker] DEBUG org.hibernate.cfg.annotations.PropertyBinder - Building property tags
17:03:32.985 [Test worker] DEBUG org.hibernate.cfg.AnnotationBinder - Binding entity from annotated class: com.epam.esm.entity.Order
17:03:32.985 [Test worker] DEBUG org.hibernate.cfg.Ejb3Column - Binding column: Ejb3DiscriminatorColumn{logicalColumnName'DTYPE', discriminatorTypeName='string'}
17:03:32.985 [Test worker] DEBUG org.hibernate.cfg.annotations.EntityBinder - Import with entity name Order
17:03:32.985 [Test worker] DEBUG org.hibernate.cfg.annotations.EntityBinder - Bind entity com.epam.esm.entity.Order on table application_order
17:03:32.986 [Test worker] DEBUG org.hibernate.cfg.Ejb3Column - Binding column: Ejb3Column{table=org.hibernate.mapping.Table(application_order), mappingColumn=id, insertable=true, updatable=true, unique=false}
17:03:32.986 [Test worker] DEBUG org.hibernate.cfg.annotations.PropertyBinder - MetadataSourceProcessor property id with lazy=false
17:03:32.986 [Test worker] DEBUG org.hibernate.cfg.AbstractPropertyHolder - Attempting to locate auto-apply AttributeConverter for property [com.epam.esm.entity.Order:id]
17:03:32.986 [Test worker] DEBUG org.hibernate.cfg.annotations.SimpleValueBinder - building SimpleValue for id
17:03:32.986 [Test worker] DEBUG org.hibernate.cfg.annotations.PropertyBinder - Building property id
17:03:32.986 [Test worker] DEBUG org.hibernate.cfg.BinderHelper - #makeIdGenerator(org.hibernate.mapping.SimpleValue([org.hibernate.mapping.Column(id)]), id, identity, , ...)
17:03:32.986 [Test worker] DEBUG org.hibernate.cfg.Ejb3Column - Binding column: Ejb3Column{table=org.hibernate.mapping.Table(application_order), mappingColumn=active_status, insertable=true, updatable=true, unique=false}
17:03:32.986 [Test worker] DEBUG org.hibernate.cfg.annotations.PropertyBinder - MetadataSourceProcessor property activeStatus with lazy=false
17:03:32.986 [Test worker] DEBUG org.hibernate.cfg.AbstractPropertyHolder - Attempting to locate auto-apply AttributeConverter for property [com.epam.esm.entity.Order:activeStatus]
17:03:32.987 [Test worker] DEBUG org.hibernate.cfg.annotations.SimpleValueBinder - building SimpleValue for activeStatus
17:03:32.987 [Test worker] DEBUG org.hibernate.cfg.annotations.PropertyBinder - Building property activeStatus
17:03:32.987 [Test worker] DEBUG org.hibernate.cfg.Ejb3Column - Binding column: Ejb3Column{table=org.hibernate.mapping.Table(application_order), mappingColumn=created_at, insertable=true, updatable=true, unique=false}
17:03:32.987 [Test worker] DEBUG org.hibernate.cfg.annotations.PropertyBinder - MetadataSourceProcessor property createdAt with lazy=false
17:03:32.987 [Test worker] DEBUG org.hibernate.cfg.AbstractPropertyHolder - Attempting to locate auto-apply AttributeConverter for property [com.epam.esm.entity.Order:createdAt]
17:03:32.987 [Test worker] DEBUG org.hibernate.cfg.annotations.SimpleValueBinder - building SimpleValue for createdAt
17:03:32.987 [Test worker] DEBUG org.hibernate.cfg.annotations.PropertyBinder - Building property createdAt
17:03:32.987 [Test worker] DEBUG org.hibernate.cfg.Ejb3Column - Binding column: Ejb3JoinColumn{logicalColumnName='null', referencedColumn='null', mappedBy='order'}
17:03:32.987 [Test worker] DEBUG org.hibernate.cfg.Ejb3Column - Binding column: Ejb3Column{table=org.hibernate.mapping.Table(application_order), mappingColumn=order_certificates, insertable=true, updatable=true, unique=false}
17:03:32.987 [Test worker] DEBUG org.hibernate.cfg.Ejb3Column - Binding column: Ejb3Column{table=org.hibernate.mapping.Table(application_order), mappingColumn=null, insertable=true, updatable=true, unique=false}
17:03:32.987 [Test worker] DEBUG org.hibernate.cfg.Ejb3Column - Binding column: Ejb3Column{table=org.hibernate.mapping.Table(application_order), mappingColumn=element, insertable=true, updatable=true, unique=false}
17:03:32.987 [Test worker] DEBUG org.hibernate.cfg.Ejb3Column - Binding column: Ejb3Column{table=org.hibernate.mapping.Table(application_order), mappingColumn=order_certificates_key, insertable=true, updatable=true, unique=false}
17:03:32.987 [Test worker] DEBUG org.hibernate.cfg.Ejb3Column - Binding column: Ejb3JoinColumn{logicalColumnName='orderCertificates_KEY', referencedColumn='null', mappedBy='null'}
17:03:32.987 [Test worker] DEBUG org.hibernate.cfg.Ejb3Column - Binding column: Ejb3JoinColumn{logicalColumnName='null', referencedColumn='null', mappedBy='order'}
17:03:32.988 [Test worker] DEBUG org.hibernate.cfg.Ejb3Column - Binding column: Ejb3JoinColumn{logicalColumnName='null', referencedColumn='null', mappedBy='order'}
17:03:32.988 [Test worker] DEBUG org.hibernate.cfg.annotations.CollectionBinder - Collection role: com.epam.esm.entity.Order.orderCertificates
17:03:32.988 [Test worker] DEBUG org.hibernate.cfg.annotations.PropertyBinder - Building property orderCertificates
17:03:32.988 [Test worker] DEBUG org.hibernate.cfg.Ejb3Column - Binding column: Ejb3JoinColumn{logicalColumnName='user_id', referencedColumn='', mappedBy=''}
17:03:32.988 [Test worker] DEBUG org.hibernate.cfg.Ejb3Column - Binding column: Ejb3Column{table=org.hibernate.mapping.Table(application_order), mappingColumn=user, insertable=true, updatable=true, unique=false}
17:03:32.988 [Test worker] DEBUG org.hibernate.cfg.annotations.PropertyBinder - Building property user
17:03:32.988 [Test worker] DEBUG org.hibernate.cfg.AnnotationBinder - Binding entity from annotated class: com.epam.esm.entity.OrderCertificate
17:03:32.988 [Test worker] DEBUG org.hibernate.cfg.Ejb3Column - Binding column: Ejb3DiscriminatorColumn{logicalColumnName'DTYPE', discriminatorTypeName='string'}
17:03:32.988 [Test worker] DEBUG org.hibernate.cfg.annotations.EntityBinder - Import with entity name OrderCertificate
17:03:32.988 [Test worker] DEBUG org.hibernate.cfg.annotations.EntityBinder - Bind entity com.epam.esm.entity.OrderCertificate on table order_certificate
17:03:32.989 [Test worker] DEBUG org.hibernate.cfg.Ejb3Column - Binding column: Ejb3Column{table=org.hibernate.mapping.Table(order_certificate), mappingColumn=id, insertable=true, updatable=true, unique=false}
17:03:32.989 [Test worker] DEBUG org.hibernate.cfg.annotations.PropertyBinder - MetadataSourceProcessor property id with lazy=false
17:03:32.989 [Test worker] DEBUG org.hibernate.cfg.AbstractPropertyHolder - Attempting to locate auto-apply AttributeConverter for property [com.epam.esm.entity.OrderCertificate:id]
17:03:32.989 [Test worker] DEBUG org.hibernate.cfg.annotations.SimpleValueBinder - building SimpleValue for id
17:03:32.989 [Test worker] DEBUG org.hibernate.cfg.annotations.PropertyBinder - Building property id
17:03:32.989 [Test worker] DEBUG org.hibernate.cfg.BinderHelper - #makeIdGenerator(org.hibernate.mapping.SimpleValue([org.hibernate.mapping.Column(id)]), id, identity, , ...)
17:03:32.989 [Test worker] DEBUG org.hibernate.cfg.Ejb3Column - Binding column: Ejb3JoinColumn{logicalColumnName='null', referencedColumn='', mappedBy=''}
17:03:32.989 [Test worker] DEBUG org.hibernate.cfg.Ejb3Column - Binding column: Ejb3Column{table=org.hibernate.mapping.Table(order_certificate), mappingColumn=certificate, insertable=true, updatable=true, unique=false}
17:03:32.990 [Test worker] DEBUG org.hibernate.cfg.annotations.PropertyBinder - Building property certificate
17:03:32.990 [Test worker] DEBUG org.hibernate.cfg.Ejb3Column - Binding column: Ejb3Column{table=org.hibernate.mapping.Table(order_certificate), mappingColumn=expiration_date, insertable=true, updatable=true, unique=false}
17:03:32.990 [Test worker] DEBUG org.hibernate.cfg.annotations.PropertyBinder - MetadataSourceProcessor property expirationDate with lazy=false
17:03:32.990 [Test worker] DEBUG org.hibernate.cfg.AbstractPropertyHolder - Attempting to locate auto-apply AttributeConverter for property [com.epam.esm.entity.OrderCertificate:expirationDate]
17:03:32.990 [Test worker] DEBUG org.hibernate.cfg.annotations.SimpleValueBinder - building SimpleValue for expirationDate
17:03:32.990 [Test worker] DEBUG org.hibernate.cfg.annotations.PropertyBinder - Building property expirationDate
17:03:32.990 [Test worker] DEBUG org.hibernate.cfg.Ejb3Column - Binding column: Ejb3Column{table=org.hibernate.mapping.Table(order_certificate), mappingColumn=fixed_price, insertable=true, updatable=true, unique=false}
17:03:32.990 [Test worker] DEBUG org.hibernate.cfg.annotations.PropertyBinder - MetadataSourceProcessor property fixedPrice with lazy=false
17:03:32.990 [Test worker] DEBUG org.hibernate.cfg.AbstractPropertyHolder - Attempting to locate auto-apply AttributeConverter for property [com.epam.esm.entity.OrderCertificate:fixedPrice]
17:03:32.990 [Test worker] DEBUG org.hibernate.cfg.annotations.SimpleValueBinder - building SimpleValue for fixedPrice
17:03:32.991 [Test worker] DEBUG org.hibernate.cfg.annotations.PropertyBinder - Building property fixedPrice
17:03:32.991 [Test worker] DEBUG org.hibernate.cfg.Ejb3Column - Binding column: Ejb3JoinColumn{logicalColumnName='null', referencedColumn='', mappedBy=''}
17:03:32.991 [Test worker] DEBUG org.hibernate.cfg.Ejb3Column - Binding column: Ejb3Column{table=org.hibernate.mapping.Table(order_certificate), mappingColumn=order, insertable=true, updatable=true, unique=false}
17:03:32.991 [Test worker] DEBUG org.hibernate.cfg.annotations.PropertyBinder - Building property order
17:03:32.991 [Test worker] DEBUG org.hibernate.cfg.AnnotationBinder - Binding entity from annotated class: com.epam.esm.entity.Role
17:03:32.991 [Test worker] DEBUG org.hibernate.cfg.Ejb3Column - Binding column: Ejb3DiscriminatorColumn{logicalColumnName'DTYPE', discriminatorTypeName='string'}
17:03:32.991 [Test worker] DEBUG org.hibernate.cfg.annotations.EntityBinder - Import with entity name Role
17:03:32.991 [Test worker] DEBUG org.hibernate.cfg.annotations.EntityBinder - Bind entity com.epam.esm.entity.Role on table application_role
17:03:32.991 [Test worker] DEBUG org.hibernate.cfg.Ejb3Column - Binding column: Ejb3Column{table=org.hibernate.mapping.Table(application_role), mappingColumn=id, insertable=true, updatable=true, unique=false}
17:03:32.991 [Test worker] DEBUG org.hibernate.cfg.annotations.PropertyBinder - MetadataSourceProcessor property id with lazy=false
17:03:32.991 [Test worker] DEBUG org.hibernate.cfg.AbstractPropertyHolder - Attempting to locate auto-apply AttributeConverter for property [com.epam.esm.entity.Role:id]
17:03:32.992 [Test worker] DEBUG org.hibernate.cfg.annotations.SimpleValueBinder - building SimpleValue for id
17:03:32.992 [Test worker] DEBUG org.hibernate.cfg.annotations.PropertyBinder - Building property id
17:03:32.992 [Test worker] DEBUG org.hibernate.cfg.BinderHelper - #makeIdGenerator(org.hibernate.mapping.SimpleValue([org.hibernate.mapping.Column(id)]), id, identity, , ...)
17:03:32.992 [Test worker] DEBUG org.hibernate.cfg.Ejb3Column - Binding column: Ejb3Column{table=org.hibernate.mapping.Table(application_role), mappingColumn=value, insertable=true, updatable=true, unique=false}
17:03:32.992 [Test worker] DEBUG org.hibernate.cfg.annotations.PropertyBinder - MetadataSourceProcessor property value with lazy=false
17:03:32.992 [Test worker] DEBUG org.hibernate.cfg.AbstractPropertyHolder - Attempting to locate auto-apply AttributeConverter for property [com.epam.esm.entity.Role:value]
17:03:32.992 [Test worker] DEBUG org.hibernate.cfg.annotations.SimpleValueBinder - building SimpleValue for value
17:03:32.992 [Test worker] DEBUG org.hibernate.cfg.annotations.PropertyBinder - Building property value
17:03:32.992 [Test worker] DEBUG org.hibernate.cfg.AnnotationBinder - Binding entity from annotated class: com.epam.esm.entity.Tag
17:03:32.992 [Test worker] DEBUG org.hibernate.cfg.Ejb3Column - Binding column: Ejb3DiscriminatorColumn{logicalColumnName'DTYPE', discriminatorTypeName='string'}
17:03:32.992 [Test worker] DEBUG org.hibernate.cfg.annotations.EntityBinder - Import with entity name Tag
17:03:32.992 [Test worker] DEBUG org.hibernate.cfg.annotations.EntityBinder - Bind entity com.epam.esm.entity.Tag on table tag
17:03:32.993 [Test worker] DEBUG org.hibernate.cfg.Ejb3Column - Binding column: Ejb3Column{table=org.hibernate.mapping.Table(tag), mappingColumn=id, insertable=true, updatable=true, unique=false}
17:03:32.993 [Test worker] DEBUG org.hibernate.cfg.annotations.PropertyBinder - MetadataSourceProcessor property id with lazy=false
17:03:32.993 [Test worker] DEBUG org.hibernate.cfg.AbstractPropertyHolder - Attempting to locate auto-apply AttributeConverter for property [com.epam.esm.entity.Tag:id]
17:03:32.993 [Test worker] DEBUG org.hibernate.cfg.annotations.SimpleValueBinder - building SimpleValue for id
17:03:32.993 [Test worker] DEBUG org.hibernate.cfg.annotations.PropertyBinder - Building property id
17:03:32.993 [Test worker] DEBUG org.hibernate.cfg.BinderHelper - #makeIdGenerator(org.hibernate.mapping.SimpleValue([org.hibernate.mapping.Column(id)]), id, identity, , ...)
17:03:32.993 [Test worker] DEBUG org.hibernate.cfg.Ejb3Column - Binding column: Ejb3Column{table=org.hibernate.mapping.Table(tag), mappingColumn=title, insertable=true, updatable=false, unique=true}
17:03:32.993 [Test worker] DEBUG org.hibernate.cfg.annotations.PropertyBinder - MetadataSourceProcessor property title with lazy=false
17:03:32.993 [Test worker] DEBUG org.hibernate.cfg.AbstractPropertyHolder - Attempting to locate auto-apply AttributeConverter for property [com.epam.esm.entity.Tag:title]
17:03:32.993 [Test worker] DEBUG org.hibernate.cfg.annotations.SimpleValueBinder - building SimpleValue for title
17:03:32.993 [Test worker] DEBUG org.hibernate.cfg.annotations.PropertyBinder - Building property title
17:03:32.994 [Test worker] DEBUG org.hibernate.cfg.AnnotationBinder - Binding entity from annotated class: com.epam.esm.entity.User
17:03:32.994 [Test worker] DEBUG org.hibernate.cfg.Ejb3Column - Binding column: Ejb3DiscriminatorColumn{logicalColumnName'DTYPE', discriminatorTypeName='string'}
17:03:32.994 [Test worker] DEBUG org.hibernate.cfg.annotations.EntityBinder - Import with entity name User
17:03:32.994 [Test worker] DEBUG org.hibernate.cfg.annotations.EntityBinder - Bind entity com.epam.esm.entity.User on table application_user
17:03:32.994 [Test worker] DEBUG org.hibernate.cfg.Ejb3Column - Binding column: Ejb3Column{table=org.hibernate.mapping.Table(application_user), mappingColumn=id, insertable=true, updatable=true, unique=false}
17:03:32.994 [Test worker] DEBUG org.hibernate.cfg.annotations.PropertyBinder - MetadataSourceProcessor property id with lazy=false
17:03:32.994 [Test worker] DEBUG org.hibernate.cfg.AbstractPropertyHolder - Attempting to locate auto-apply AttributeConverter for property [com.epam.esm.entity.User:id]
17:03:32.995 [Test worker] DEBUG org.hibernate.cfg.annotations.SimpleValueBinder - building SimpleValue for id
17:03:32.995 [Test worker] DEBUG org.hibernate.cfg.annotations.PropertyBinder - Building property id
17:03:32.995 [Test worker] DEBUG org.hibernate.cfg.BinderHelper - #makeIdGenerator(org.hibernate.mapping.SimpleValue([org.hibernate.mapping.Column(id)]), id, identity, , ...)
17:03:32.995 [Test worker] DEBUG org.hibernate.cfg.Ejb3Column - Binding column: Ejb3Column{table=org.hibernate.mapping.Table(application_user), mappingColumn=email, insertable=true, updatable=true, unique=false}
17:03:32.995 [Test worker] DEBUG org.hibernate.cfg.annotations.PropertyBinder - MetadataSourceProcessor property email with lazy=false
17:03:32.995 [Test worker] DEBUG org.hibernate.cfg.AbstractPropertyHolder - Attempting to locate auto-apply AttributeConverter for property [com.epam.esm.entity.User:email]
17:03:32.995 [Test worker] DEBUG org.hibernate.cfg.annotations.SimpleValueBinder - building SimpleValue for email
17:03:32.995 [Test worker] DEBUG org.hibernate.cfg.annotations.PropertyBinder - Building property email
17:03:32.995 [Test worker] DEBUG org.hibernate.cfg.Ejb3Column - Binding column: Ejb3JoinColumn{logicalColumnName='null', referencedColumn='null', mappedBy='user'}
17:03:32.995 [Test worker] DEBUG org.hibernate.cfg.Ejb3Column - Binding column: Ejb3Column{table=org.hibernate.mapping.Table(application_user), mappingColumn=orders, insertable=true, updatable=true, unique=false}
17:03:32.995 [Test worker] DEBUG org.hibernate.cfg.Ejb3Column - Binding column: Ejb3Column{table=org.hibernate.mapping.Table(application_user), mappingColumn=null, insertable=true, updatable=true, unique=false}
17:03:32.996 [Test worker] DEBUG org.hibernate.cfg.Ejb3Column - Binding column: Ejb3Column{table=org.hibernate.mapping.Table(application_user), mappingColumn=element, insertable=true, updatable=true, unique=false}
17:03:32.996 [Test worker] DEBUG org.hibernate.cfg.Ejb3Column - Binding column: Ejb3Column{table=org.hibernate.mapping.Table(application_user), mappingColumn=orders_key, insertable=true, updatable=true, unique=false}
17:03:32.996 [Test worker] DEBUG org.hibernate.cfg.Ejb3Column - Binding column: Ejb3JoinColumn{logicalColumnName='orders_KEY', referencedColumn='null', mappedBy='null'}
17:03:32.996 [Test worker] DEBUG org.hibernate.cfg.Ejb3Column - Binding column: Ejb3JoinColumn{logicalColumnName='null', referencedColumn='null', mappedBy='user'}
17:03:32.996 [Test worker] DEBUG org.hibernate.cfg.Ejb3Column - Binding column: Ejb3JoinColumn{logicalColumnName='null', referencedColumn='null', mappedBy='user'}
17:03:32.996 [Test worker] DEBUG org.hibernate.cfg.annotations.CollectionBinder - Collection role: com.epam.esm.entity.User.orders
17:03:32.996 [Test worker] DEBUG org.hibernate.cfg.annotations.PropertyBinder - Building property orders
17:03:32.996 [Test worker] DEBUG org.hibernate.cfg.Ejb3Column - Binding column: Ejb3Column{table=org.hibernate.mapping.Table(application_user), mappingColumn=password, insertable=true, updatable=true, unique=false}
17:03:32.996 [Test worker] DEBUG org.hibernate.cfg.annotations.PropertyBinder - MetadataSourceProcessor property password with lazy=false
17:03:32.996 [Test worker] DEBUG org.hibernate.cfg.AbstractPropertyHolder - Attempting to locate auto-apply AttributeConverter for property [com.epam.esm.entity.User:password]
17:03:32.996 [Test worker] DEBUG org.hibernate.cfg.annotations.SimpleValueBinder - building SimpleValue for password
17:03:32.996 [Test worker] DEBUG org.hibernate.cfg.annotations.PropertyBinder - Building property password
17:03:32.997 [Test worker] DEBUG org.hibernate.cfg.Ejb3Column - Binding column: Ejb3Column{table=org.hibernate.mapping.Table(application_user), mappingColumn=refresh_token, insertable=true, updatable=true, unique=false}
17:03:32.997 [Test worker] DEBUG org.hibernate.cfg.annotations.PropertyBinder - MetadataSourceProcessor property refreshToken with lazy=false
17:03:32.997 [Test worker] DEBUG org.hibernate.cfg.AbstractPropertyHolder - Attempting to locate auto-apply AttributeConverter for property [com.epam.esm.entity.User:refreshToken]
17:03:32.997 [Test worker] DEBUG org.hibernate.cfg.annotations.SimpleValueBinder - building SimpleValue for refreshToken
17:03:32.997 [Test worker] DEBUG org.hibernate.cfg.annotations.PropertyBinder - Building property refreshToken
17:03:32.997 [Test worker] DEBUG org.hibernate.cfg.Ejb3Column - Binding column: Ejb3JoinColumn{logicalColumnName='role_id', referencedColumn='', mappedBy=''}
17:03:32.997 [Test worker] DEBUG org.hibernate.cfg.Ejb3Column - Binding column: Ejb3Column{table=org.hibernate.mapping.Table(application_user), mappingColumn=role, insertable=true, updatable=true, unique=false}
17:03:32.997 [Test worker] DEBUG org.hibernate.cfg.annotations.PropertyBinder - Building property role
17:03:32.998 [Test worker] DEBUG org.hibernate.cfg.annotations.SimpleValueBinder - Starting fillSimpleValue for id
17:03:32.998 [Test worker] DEBUG org.hibernate.cfg.annotations.SimpleValueBinder - Starting fillSimpleValue for id
17:03:32.998 [Test worker] DEBUG org.hibernate.cfg.annotations.SimpleValueBinder - Starting fillSimpleValue for activeStatus
17:03:32.998 [Test worker] DEBUG org.hibernate.cfg.annotations.SimpleValueBinder - Starting fillSimpleValue for creationDate
17:03:32.998 [Test worker] DEBUG org.hibernate.cfg.annotations.SimpleValueBinder - Starting fillSimpleValue for description
17:03:32.998 [Test worker] DEBUG org.hibernate.cfg.annotations.SimpleValueBinder - Starting fillSimpleValue for expirationDate
17:03:32.998 [Test worker] DEBUG org.hibernate.cfg.annotations.SimpleValueBinder - Starting fillSimpleValue for modificationDate
17:03:32.998 [Test worker] DEBUG org.hibernate.cfg.annotations.SimpleValueBinder - Starting fillSimpleValue for name
17:03:32.998 [Test worker] DEBUG org.hibernate.cfg.annotations.SimpleValueBinder - Starting fillSimpleValue for price
17:03:32.998 [Test worker] DEBUG org.hibernate.cfg.annotations.SimpleValueBinder - Starting fillSimpleValue for id
17:03:32.998 [Test worker] DEBUG org.hibernate.cfg.annotations.SimpleValueBinder - Starting fillSimpleValue for activeStatus
17:03:32.998 [Test worker] DEBUG org.hibernate.cfg.annotations.SimpleValueBinder - Starting fillSimpleValue for createdAt
17:03:32.998 [Test worker] DEBUG org.hibernate.cfg.annotations.SimpleValueBinder - Starting fillSimpleValue for id
17:03:32.998 [Test worker] DEBUG org.hibernate.cfg.annotations.SimpleValueBinder - Starting fillSimpleValue for expirationDate
17:03:32.998 [Test worker] DEBUG org.hibernate.cfg.annotations.SimpleValueBinder - Starting fillSimpleValue for fixedPrice
17:03:32.998 [Test worker] DEBUG org.hibernate.cfg.annotations.SimpleValueBinder - Starting fillSimpleValue for id
17:03:32.998 [Test worker] DEBUG org.hibernate.cfg.annotations.SimpleValueBinder - Starting fillSimpleValue for value
17:03:32.998 [Test worker] DEBUG org.hibernate.cfg.annotations.SimpleValueBinder - Starting fillSimpleValue for id
17:03:32.998 [Test worker] DEBUG org.hibernate.cfg.annotations.SimpleValueBinder - Starting fillSimpleValue for title
17:03:32.998 [Test worker] DEBUG org.hibernate.cfg.annotations.SimpleValueBinder - Starting fillSimpleValue for id
17:03:32.998 [Test worker] DEBUG org.hibernate.cfg.annotations.SimpleValueBinder - Starting fillSimpleValue for email
17:03:32.998 [Test worker] DEBUG org.hibernate.cfg.annotations.SimpleValueBinder - Starting fillSimpleValue for password
17:03:32.998 [Test worker] DEBUG org.hibernate.cfg.annotations.SimpleValueBinder - Starting fillSimpleValue for refreshToken
17:03:32.999 [Test worker] DEBUG org.hibernate.mapping.PrimaryKey - Forcing column [id] to be non-null as it is part of the primary key for table [entity]
17:03:32.999 [Test worker] DEBUG org.hibernate.mapping.PrimaryKey - Forcing column [id] to be non-null as it is part of the primary key for table [certificate]
17:03:32.999 [Test worker] DEBUG org.hibernate.mapping.PrimaryKey - Forcing column [id] to be non-null as it is part of the primary key for table [application_order]
17:03:32.999 [Test worker] DEBUG org.hibernate.mapping.PrimaryKey - Forcing column [id] to be non-null as it is part of the primary key for table [order_certificate]
17:03:32.999 [Test worker] DEBUG org.hibernate.mapping.PrimaryKey - Forcing column [id] to be non-null as it is part of the primary key for table [application_role]
17:03:32.999 [Test worker] DEBUG org.hibernate.mapping.PrimaryKey - Forcing column [id] to be non-null as it is part of the primary key for table [tag]
17:03:32.999 [Test worker] DEBUG org.hibernate.mapping.PrimaryKey - Forcing column [id] to be non-null as it is part of the primary key for table [application_user]
17:03:32.999 [Test worker] DEBUG org.hibernate.cfg.CollectionSecondPass - Second pass for collection: com.epam.esm.entity.GiftCertificate.tags
17:03:32.999 [Test worker] DEBUG org.hibernate.cfg.annotations.CollectionBinder - Binding as ManyToMany: com.epam.esm.entity.GiftCertificate.tags
17:03:32.999 [Test worker] DEBUG org.hibernate.mapping.PrimaryKey - Forcing column [certificate_id] to be non-null as it is part of the primary key for table [certificate_tag]
17:03:32.999 [Test worker] DEBUG org.hibernate.mapping.PrimaryKey - Forcing column [tag_id] to be non-null as it is part of the primary key for table [certificate_tag]
17:03:32.999 [Test worker] DEBUG org.hibernate.cfg.CollectionSecondPass - Mapped collection key: certificate_id, element: tag_id
17:03:32.999 [Test worker] DEBUG org.hibernate.cfg.CollectionSecondPass - Second pass for collection: com.epam.esm.entity.GiftCertificate.orderCertificates
17:03:32.999 [Test worker] DEBUG org.hibernate.cfg.annotations.CollectionBinder - Binding a OneToMany: com.epam.esm.entity.GiftCertificate.orderCertificates through a foreign key
17:03:32.999 [Test worker] DEBUG org.hibernate.cfg.annotations.CollectionBinder - Mapping collection: com.epam.esm.entity.GiftCertificate.orderCertificates -> order_certificate
17:03:32.999 [Test worker] DEBUG org.hibernate.cfg.annotations.TableBinder - Retrieving property com.epam.esm.entity.OrderCertificate.certificate
17:03:33.000 [Test worker] DEBUG org.hibernate.cfg.CollectionSecondPass - Mapped collection key: certificate_id, one-to-many: com.epam.esm.entity.OrderCertificate
17:03:33.000 [Test worker] DEBUG org.hibernate.cfg.CollectionSecondPass - Second pass for collection: com.epam.esm.entity.Order.orderCertificates
17:03:33.000 [Test worker] DEBUG org.hibernate.cfg.annotations.CollectionBinder - Binding a OneToMany: com.epam.esm.entity.Order.orderCertificates through a foreign key
17:03:33.000 [Test worker] DEBUG org.hibernate.cfg.annotations.CollectionBinder - Mapping collection: com.epam.esm.entity.Order.orderCertificates -> order_certificate
17:03:33.000 [Test worker] DEBUG org.hibernate.cfg.annotations.TableBinder - Retrieving property com.epam.esm.entity.OrderCertificate.order
17:03:33.000 [Test worker] DEBUG org.hibernate.cfg.CollectionSecondPass - Mapped collection key: order_id, one-to-many: com.epam.esm.entity.OrderCertificate
17:03:33.000 [Test worker] DEBUG org.hibernate.cfg.CollectionSecondPass - Second pass for collection: com.epam.esm.entity.User.orders
17:03:33.000 [Test worker] DEBUG org.hibernate.cfg.annotations.CollectionBinder - Binding a OneToMany: com.epam.esm.entity.User.orders through a foreign key
17:03:33.000 [Test worker] DEBUG org.hibernate.cfg.annotations.CollectionBinder - Mapping collection: com.epam.esm.entity.User.orders -> application_order
17:03:33.000 [Test worker] DEBUG org.hibernate.cfg.annotations.TableBinder - Retrieving property com.epam.esm.entity.Order.user
17:03:33.000 [Test worker] DEBUG org.hibernate.cfg.CollectionSecondPass - Mapped collection key: user_id, one-to-many: com.epam.esm.entity.Order
17:03:33.000 [Test worker] DEBUG org.hibernate.boot.internal.InFlightMetadataCollectorImpl - Resolving reference to class: com.epam.esm.entity.User
17:03:33.000 [Test worker] DEBUG org.hibernate.boot.internal.InFlightMetadataCollectorImpl - Resolving reference to class: com.epam.esm.entity.Role
17:03:33.000 [Test worker] DEBUG org.hibernate.boot.internal.InFlightMetadataCollectorImpl - Resolving reference to class: com.epam.esm.entity.Tag
17:03:33.001 [Test worker] DEBUG org.hibernate.boot.internal.InFlightMetadataCollectorImpl - Resolving reference to class: com.epam.esm.entity.GiftCertificate
17:03:33.001 [Test worker] DEBUG org.hibernate.boot.internal.InFlightMetadataCollectorImpl - Resolving reference to class: com.epam.esm.entity.GiftCertificate
17:03:33.001 [Test worker] DEBUG org.hibernate.boot.internal.InFlightMetadataCollectorImpl - Resolving reference to class: com.epam.esm.entity.Order
17:03:33.002 [Test worker] DEBUG org.hibernate.boot.internal.InFlightMetadataCollectorImpl - Resolving reference to class: com.epam.esm.entity.User
17:03:33.002 [Test worker] DEBUG org.hibernate.boot.internal.InFlightMetadataCollectorImpl - Resolving reference to class: com.epam.esm.entity.Role
17:03:33.002 [Test worker] DEBUG org.hibernate.boot.internal.InFlightMetadataCollectorImpl - Resolving reference to class: com.epam.esm.entity.Tag
17:03:33.002 [Test worker] DEBUG org.hibernate.boot.internal.InFlightMetadataCollectorImpl - Resolving reference to class: com.epam.esm.entity.GiftCertificate
17:03:33.002 [Test worker] DEBUG org.hibernate.boot.internal.InFlightMetadataCollectorImpl - Resolving reference to class: com.epam.esm.entity.GiftCertificate
17:03:33.002 [Test worker] DEBUG org.hibernate.boot.internal.InFlightMetadataCollectorImpl - Resolving reference to class: com.epam.esm.entity.Order
17:03:33.003 [Test worker] DEBUG org.hibernate.internal.SessionFactoryImpl - Building session factory
17:03:33.004 [Test worker] DEBUG org.hibernate.cfg.Settings - SessionFactory name : null
17:03:33.004 [Test worker] DEBUG org.hibernate.cfg.Settings - Automatic flush during beforeCompletion(): enabled
17:03:33.004 [Test worker] DEBUG org.hibernate.cfg.Settings - Automatic session close at end of transaction: disabled
17:03:33.004 [Test worker] DEBUG org.hibernate.cfg.Settings - Statistics: disabled
17:03:33.004 [Test worker] DEBUG org.hibernate.cfg.Settings - Deleted entity synthetic identifier rollback: disabled
17:03:33.004 [Test worker] DEBUG org.hibernate.cfg.Settings - Default entity-mode: pojo
17:03:33.004 [Test worker] DEBUG org.hibernate.cfg.Settings - Check Nullability in Core (should be disabled when Bean Validation is on): enabled
17:03:33.004 [Test worker] DEBUG org.hibernate.cfg.Settings - Allow initialization of lazy state outside session : disabled
17:03:33.004 [Test worker] DEBUG org.hibernate.cfg.Settings - Using BatchFetchStyle : LEGACY
17:03:33.004 [Test worker] DEBUG org.hibernate.cfg.Settings - Default batch fetch size: -1
17:03:33.004 [Test worker] DEBUG org.hibernate.cfg.Settings - Maximum outer join fetch depth: null
17:03:33.004 [Test worker] DEBUG org.hibernate.cfg.Settings - Default null ordering: NONE
17:03:33.004 [Test worker] DEBUG org.hibernate.cfg.Settings - Order SQL updates by primary key: disabled
17:03:33.004 [Test worker] DEBUG org.hibernate.cfg.Settings - Order SQL inserts for batching: disabled
17:03:33.004 [Test worker] DEBUG org.hibernate.cfg.Settings - multi-tenancy strategy : NONE
17:03:33.004 [Test worker] DEBUG org.hibernate.cfg.Settings - JTA Track by Thread: enabled
17:03:33.004 [Test worker] DEBUG org.hibernate.cfg.Settings - Query language substitutions: {}
17:03:33.004 [Test worker] DEBUG org.hibernate.cfg.Settings - Named query checking : enabled
17:03:33.005 [Test worker] DEBUG org.hibernate.cfg.Settings - Second-level cache: disabled
17:03:33.005 [Test worker] DEBUG org.hibernate.cfg.Settings - Second-level query cache: disabled
17:03:33.005 [Test worker] DEBUG org.hibernate.cfg.Settings - Second-level query cache factory: null
17:03:33.005 [Test worker] DEBUG org.hibernate.cfg.Settings - Second-level cache region prefix: null
17:03:33.005 [Test worker] DEBUG org.hibernate.cfg.Settings - Optimize second-level cache for minimal puts: disabled
17:03:33.005 [Test worker] DEBUG org.hibernate.cfg.Settings - Structured second-level cache entries: disabled
17:03:33.005 [Test worker] DEBUG org.hibernate.cfg.Settings - Second-level cache direct-reference entries: disabled
17:03:33.005 [Test worker] DEBUG org.hibernate.cfg.Settings - Automatic eviction of collection cache: disabled
17:03:33.005 [Test worker] DEBUG org.hibernate.cfg.Settings - JDBC batch size: 15
17:03:33.005 [Test worker] DEBUG org.hibernate.cfg.Settings - JDBC batch updates for versioned data: enabled
17:03:33.005 [Test worker] DEBUG org.hibernate.cfg.Settings - Scrollable result sets: enabled
17:03:33.005 [Test worker] DEBUG org.hibernate.cfg.Settings - Wrap result sets: disabled
17:03:33.005 [Test worker] DEBUG org.hibernate.cfg.Settings - JDBC3 getGeneratedKeys(): enabled
17:03:33.005 [Test worker] DEBUG org.hibernate.cfg.Settings - JDBC result set fetch size: null
17:03:33.005 [Test worker] DEBUG org.hibernate.cfg.Settings - Connection release mode: ON_CLOSE
17:03:33.005 [Test worker] DEBUG org.hibernate.cfg.Settings - Generate SQL with comments: disabled
17:03:33.005 [Test worker] DEBUG org.hibernate.cfg.Settings - JPA compliance - query : 
17:03:33.005 [Test worker] DEBUG org.hibernate.cfg.Settings - JPA compliance - closed-handling : 
17:03:33.005 [Test worker] DEBUG org.hibernate.cfg.Settings - JPA compliance - lists : 
17:03:33.005 [Test worker] DEBUG org.hibernate.cfg.Settings - JPA compliance - transactions : 
17:03:33.006 [Test worker] DEBUG org.hibernate.jpa.event.internal.CallbackBuilderLegacyImpl - Adding onPrePersist as PrePersist callback for entity com.epam.esm.entity.Order
17:03:33.008 [Test worker] DEBUG org.hibernate.internal.SessionFactoryImpl - Session factory constructed with filter configurations : {}
17:03:33.008 [Test worker] DEBUG org.hibernate.internal.SessionFactoryImpl - Instantiating session factory with properties: {gopherProxySet=false, awt.toolkit=sun.lwawt.macosx.LWCToolkit, hibernate.id.new_generator_mappings=true, java.specification.version=11, sun.cpu.isalist=, hibernate.resource.beans.container=org.springframework.orm.hibernate5.SpringBeanContainer@1fb2f615, hibernate.connection.handling_mode=DELAYED_ACQUISITION_AND_HOLD, sun.jnu.encoding=UTF-8, hibernate.dialect=org.hibernate.dialect.H2Dialect, org.gradle.test.worker=3, hibernate.implicit_naming_strategy=org.springframework.boot.orm.jpa.hibernate.SpringImplicitNamingStrategy, java.class.path=/Users/dzmitryplatonov/.gradle/caches/5.6.2/workerMain/gradle-worker.jar:/Users/dzmitryplatonov/Desktop/workdir/giftcertificates/datasource/build/classes/java/test:/Users/dzmitryplatonov/Desktop/workdir/giftcertificates/datasource/build/resources/test:/Users/dzmitryplatonov/Desktop/workdir/giftcertificates/datasource/build/classes/java/main:/Users/dzmitryplatonov/Desktop/workdir/giftcertificates/datasource/build/resources/main:/Users/dzmitryplatonov/.m2/repository/org/apache/logging/log4j/log4j-web/2.11.2/log4j-web-2.11.2.jar:/Users/dzmitryplatonov/.m2/repository/org/apache/logging/log4j/log4j-core/2.11.2/log4j-core-2.11.2.jar:/Users/dzmitryplatonov/.gradle/caches/modules-2/files-2.1/org.springframework.boot/spring-boot-starter-web/2.1.9.RELEASE/2063870234eebbda3c09dddf9853477fe9e4a719/spring-boot-starter-web-2.1.9.RELEASE.jar:/Users/dzmitryplatonov/.gradle/caches/modules-2/files-2.1/org.springframework.boot/spring-boot-starter-security/2.1.9.RELEASE/bde048665003362d9e16aa75a8804f90dce1d31e/spring-boot-starter-security-2.1.9.RELEASE.jar:/Users/dzmitryplatonov/.gradle/caches/modules-2/files-2.1/org.springframework.boot/spring-boot-starter-data-jpa/2.1.9.RELEASE/784d6d5c525c2dd9fac31031ee6ca2ec8b067af5/spring-boot-starter-data-jpa-2.1.9.RELEASE.jar:/Users/dzmitryplatonov/.gradle/caches/modules-2/files-2.1/org.springframework.boot/spring-boot-starter-aop/2.1.9.RELEASE/74226b26cf15952f639deca38fe919701755c97b/spring-boot-starter-aop-2.1.9.RELEASE.jar:/Users/dzmitryplatonov/.gradle/caches/modules-2/files-2.1/org.springframework.boot/spring-boot-starter-jdbc/2.1.9.RELEASE/3f7d1d67669dfa0ea4ff9216afbeef5bc6a58ecb/spring-boot-starter-jdbc-2.1.9.RELEASE.jar:/Users/dzmitryplatonov/.gradle/caches/modules-2/files-2.1/org.springframework.boot/spring-boot-starter-json/2.1.9.RELEASE/53bdf52bc28b7e753874e0136fb33c9eab184276/spring-boot-starter-json-2.1.9.RELEASE.jar:/Users/dzmitryplatonov/.gradle/caches/modules-2/files-2.1/org.springframework.boot/spring-boot-starter/2.1.9.RELEASE/45d7afa2d9aab4b2984f2c330f507797fbcf501f/spring-boot-starter-2.1.9.RELEASE.jar:/Users/dzmitryplatonov/.gradle/caches/modules-2/files-2.1/org.springframework.boot/spring-boot-starter-logging/2.1.9.RELEASE/802b562b0c602ae9242b659a28b9bf89ca689b2d/spring-boot-starter-logging-2.1.9.RELEASE.jar:/Users/dzmitryplatonov/.m2/repository/org/apache/logging/log4j/log4j-to-slf4j/2.11.2/log4j-to-slf4j-2.11.2.jar:/Users/dzmitryplatonov/.m2/repository/org/apache/logging/log4j/log4j-api/2.11.2/log4j-api-2.11.2.jar:/Users/dzmitryplatonov/.m2/repository/org/hibernate/validator/hibernate-validator/6.0.17.Final/hibernate-validator-6.0.17.Final.jar:/Users/dzmitryplatonov/.m2/repository/javax/validation/validation-api/2.0.1.Final/validation-api-2.0.1.Final.jar:/Users/dzmitryplatonov/.gradle/caches/modules-2/files-2.1/org.springframework.security.oauth.boot/spring-security-oauth2-autoconfigure/2.1.9.RELEASE/abbbf98ebc0454774162add4b412a7ee5da66877/spring-security-oauth2-autoconfigure-2.1.9.RELEASE.jar:/Users/dzmitryplatonov/.gradle/caches/modules-2/files-2.1/com.auth0/jwks-rsa/0.9.0/6e3a813bce7eb07327f2a5384fb178eb21469338/jwks-rsa-0.9.0.jar:/Users/dzmitryplatonov/.gradle/caches/modules-2/files-2.1/io.jsonwebtoken/jjwt/0.9.1/54d2abfc3e63a28824d35bf600d6a5d627da681a/jjwt-0.9.1.jar:/Users/dzmitryplatonov/.gradle/caches/modules-2/files-2.1/io.jsonwebtoken/jjwt-jackson/0.10.7/52b5a612da95a0c0edc867ccac65bb0f6762ed7b/jjwt-jackson-0.10.7.jar:/Users/dzmitryplatonov/.m2/repository/com/fasterxml/jackson/datatype/jackson-datatype-jsr310/2.9.9/jackson-datatype-jsr310-2.9.9.jar:/Users/dzmitryplatonov/.m2/repository/com/fasterxml/jackson/datatype/jackson-datatype-jdk8/2.9.9/jackson-datatype-jdk8-2.9.9.jar:/Users/dzmitryplatonov/.m2/repository/com/fasterxml/jackson/module/jackson-module-parameter-names/2.9.9/jackson-module-parameter-names-2.9.9.jar:/Users/dzmitryplatonov/.gradle/caches/modules-2/files-2.1/com.fasterxml.jackson.core/jackson-databind/2.10.0.pr3/4e17238b159dcd1167b095024fe07f41da1e37ac/jackson-databind-2.10.0.pr3.jar:/Users/dzmitryplatonov/.gradle/caches/modules-2/files-2.1/com.fasterxml.jackson.core/jackson-annotations/2.10.0.pr3/6c99a6d972b8bdd92192bef4b0ff5df164e9cafc/jackson-annotations-2.10.0.pr3.jar:/Users/dzmitryplatonov/.m2/repository/org/springframework/hateoas/spring-hateoas/0.25.1.RELEASE/spring-hateoas-0.25.1.RELEASE.jar:/Users/dzmitryplatonov/.m2/repository/org/springframework/plugin/spring-plugin-core/1.2.0.RELEASE/spring-plugin-core-1.2.0.RELEASE.jar:/Users/dzmitryplatonov/.gradle/caches/modules-2/files-2.1/org.springframework.security/spring-security-oauth2-client/5.1.6.RELEASE/8a77b659f7f6616ca5970796c04106595819f4eb/spring-security-oauth2-client-5.1.6.RELEASE.jar:/Users/dzmitryplatonov/.gradle/caches/modules-2/files-2.1/org.springframework.security/spring-security-oauth2-jose/5.1.6.RELEASE/78f947f9b1ee235f7efbb697e15acd05e16d009a/spring-security-oauth2-jose-5.1.6.RELEASE.jar:/Users/dzmitryplatonov/.gradle/caches/modules-2/files-2.1/org.springframework.security/spring-security-openid/5.2.0.RELEASE/e67725a379bcc03c3edd571d6fec4800b2313a00/spring-security-openid-5.2.0.RELEASE.jar:/Users/dzmitryplatonov/.gradle/caches/modules-2/files-2.1/org.springframework.data/spring-data-jpa/2.1.11.RELEASE/b774364187f5e68379b8c3121232a04686a0325c/spring-data-jpa-2.1.11.RELEASE.jar:/Users/dzmitryplatonov/.gradle/caches/modules-2/files-2.1/org.springframework/spring-orm/5.1.10.RELEASE/ce92238d65405408387b1ae7a5dd5a280f7ea29f/spring-orm-5.1.10.RELEASE.jar:/Users/dzmitryplatonov/.gradle/caches/modules-2/files-2.1/org.springframework/spring-jdbc/5.1.10.RELEASE/48957bfad9656fdba9263539e2fa8f3034939ba8/spring-jdbc-5.1.10.RELEASE.jar:/Users/dzmitryplatonov/.m2/repository/org/postgresql/postgresql/42.2.8/postgresql-42.2.8.jar:/Users/dzmitryplatonov/.gradle/caches/modules-2/files-2.1/org.springframework.boot/spring-boot-starter-tomcat/2.1.9.RELEASE/99bef08a0b7fd10ff9827f0f8e6f49b97cbabf7f/spring-boot-starter-tomcat-2.1.9.RELEASE.jar:/Users/dzmitryplatonov/.m2/repository/javax/annotation/javax.annotation-api/1.3.2/javax.annotation-api-1.3.2.jar:/Users/dzmitryplatonov/.gradle/caches/modules-2/files-2.1/io.jsonwebtoken/jjwt-impl/0.10.7/49cf3b0b6f10eb024104ae39c111c1fd0cd3be64/jjwt-impl-0.10.7.jar:/Users/dzmitryplatonov/.gradle/caches/modules-2/files-2.1/org.junit.jupiter/junit-jupiter-params/5.2.0/d70083080bf3400c181562919cb03bf7588104e1/junit-jupiter-params-5.2.0.jar:/Users/dzmitryplatonov/.gradle/caches/modules-2/files-2.1/org.mockito/mockito-junit-jupiter/2.18.3/827104c6aed482c68159faf320f44f5eb5b03bd/mockito-junit-jupiter-2.18.3.jar:/Users/dzmitryplatonov/.m2/repository/org/mockito/mockito-core/2.28.2/mockito-core-2.28.2.jar:/Users/dzmitryplatonov/.m2/repository/com/h2database/h2/1.4.197/h2-1.4.197.jar:/Users/dzmitryplatonov/.gradle/caches/modules-2/files-2.1/org.springframework/spring-test/5.0.1.RELEASE/47dee3bebbcbcaff1be786b6c0db654ba7376eb9/spring-test-5.0.1.RELEASE.jar:/Users/dzmitryplatonov/.gradle/caches/modules-2/files-2.1/org.junit.jupiter/junit-jupiter-engine/5.3.1/e2676b1786c57a80eb98f5bebd51a3d05e228c40/junit-jupiter-engine-5.3.1.jar:/Users/dzmitryplatonov/.gradle/caches/modules-2/files-2.1/org.junit.jupiter/junit-jupiter-api/5.3.1/a7e97eac2784395cb991403f9641b042ad972941/junit-jupiter-api-5.3.1.jar:/Users/dzmitryplatonov/.gradle/caches/modules-2/files-2.1/org.hibernate/hibernate-core/5.3.12.Final/e1929362fe24a9f62142d18f1ac5b0d7f278ef22/hibernate-core-5.3.12.Final.jar:/Users/dzmitryplatonov/.m2/repository/org/hibernate/common/hibernate-commons-annotations/5.0.4.Final/hibernate-commons-annotations-5.0.4.Final.jar:/Users/dzmitryplatonov/.m2/repository/org/jboss/logging/jboss-logging/3.3.2.Final/jboss-logging-3.3.2.Final.jar:/Users/dzmitryplatonov/.m2/repository/com/fasterxml/classmate/1.3.4/classmate-1.3.4.jar:/Users/dzmitryplatonov/.gradle/caches/modules-2/files-2.1/com.fasterxml.jackson.core/jackson-core/2.10.0.pr3/1d2f9b816bcd00130ddc9dae6c99f7b533afcc73/jackson-core-2.10.0.pr3.jar:/Users/dzmitryplatonov/.gradle/caches/modules-2/files-2.1/org.springframework.security.oauth/spring-security-oauth2/2.3.5.RELEASE/7969f5363398d6d3788bef1740b2ab9509043d51/spring-security-oauth2-2.3.5.RELEASE.jar:/Users/dzmitryplatonov/.gradle/caches/modules-2/files-2.1/org.springframework/spring-webmvc/5.1.10.RELEASE/67b6da7852e89bc0df6ce36a263ac4377fe48e27/spring-webmvc-5.1.10.RELEASE.jar:/Users/dzmitryplatonov/.m2/repository/org/springframework/security/spring-security-config/5.1.6.RELEASE/spring-security-config-5.1.6.RELEASE.jar:/Users/dzmitryplatonov/.gradle/caches/modules-2/files-2.1/org.springframework.security/spring-security-oauth2-core/5.1.6.RELEASE/f3b2623760154aac86d32427696842c7c3d85326/spring-security-oauth2-core-5.1.6.RELEASE.jar:/Users/dzmitryplatonov/.gradle/caches/modules-2/files-2.1/org.springframework.security/spring-security-web/5.2.0.RELEASE/a9ff06ad3fd66cd08545e1a601c66d2256c86e0f/spring-security-web-5.2.0.RELEASE.jar:/Users/dzmitryplatonov/.gradle/caches/modules-2/files-2.1/org.springframework.security/spring-security-core/5.2.0.RELEASE/1c8f36e316a74c245073ce2a70bdf198a58424f6/spring-security-core-5.2.0.RELEASE.jar:/Users/dzmitryplatonov/.gradle/caches/modules-2/files-2.1/org.springframework.boot/spring-boot-autoconfigure/2.1.9.RELEASE/aa6d5e0fef585bec64543b9b8f944a94060e710a/spring-boot-autoconfigure-2.1.9.RELEASE.jar:/Users/dzmitryplatonov/.gradle/caches/modules-2/files-2.1/org.springframework.boot/spring-boot/2.1.9.RELEASE/b18e7287a82ee06c6bb4e79423c25c05b8303dc1/spring-boot-2.1.9.RELEASE.jar:/Users/dzmitryplatonov/.gradle/caches/modules-2/files-2.1/org.springframework/spring-context/5.2.0.RELEASE/a2638a8295f13ed8511c98a2379507677e1d16fa/spring-context-5.2.0.RELEASE.jar:/Users/dzmitryplatonov/.gradle/caches/modules-2/files-2.1/org.springframework/spring-aop/5.2.0.RELEASE/7031d44f063ea68e49b881a985967e7f2c144f3b/spring-aop-5.2.0.RELEASE.jar:/Users/dzmitryplatonov/.gradle/caches/modules-2/files-2.1/org.springframework/spring-web/5.2.0.RELEASE/d5b064196dc014519e751df549b4cc6a753fb191/spring-web-5.2.0.RELEASE.jar:/Users/dzmitryplatonov/.gradle/caches/modules-2/files-2.1/org.springframework.data/spring-data-commons/2.1.11.RELEASE/dace2a47d274ac5f0ac3ff2f47cb0b936bef5b46/spring-data-commons-2.1.11.RELEASE.jar:/Users/dzmitryplatonov/.gradle/caches/modules-2/files-2.1/org.springframework/spring-tx/5.1.10.RELEASE/c32ebb7fb1be3b733304b7873c31817dd434479a/spring-tx-5.1.10.RELEASE.jar:/Users/dzmitryplatonov/.gradle/caches/modules-2/files-2.1/org.springframework/spring-beans/5.2.0.RELEASE/3ae97694618c59e6af695a15e54fabb7e319776/spring-beans-5.2.0.RELEASE.jar:/Users/dzmitryplatonov/.gradle/caches/modules-2/files-2.1/org.springframework/spring-expression/5.2.0.RELEASE/ac6a616451129e717979f18d2bff40528698a46e/spring-expression-5.2.0.RELEASE.jar:/Users/dzmitryplatonov/.gradle/caches/modules-2/files-2.1/org.springframework/spring-core/5.2.0.RELEASE/e0e1b3c304f70ed19d7905975f6f990916ada219/spring-core-5.2.0.RELEASE.jar:/Users/dzmitryplatonov/.m2/repository/com/zaxxer/HikariCP/3.2.0/HikariCP-3.2.0.jar:/Users/dzmitryplatonov/.m2/repository/ch/qos/logback/logback-classic/1.2.3/logback-classic-1.2.3.jar:/Users/dzmitryplatonov/.m2/repository/org/slf4j/jul-to-slf4j/1.7.28/jul-to-slf4j-1.7.28.jar:/Users/dzmitryplatonov/.m2/repository/org/slf4j/slf4j-api/1.7.28/slf4j-api-1.7.28.jar:/Users/dzmitryplatonov/.m2/repository/javax/transaction/javax.transaction-api/1.3/javax.transaction-api-1.3.jar:/Users/dzmitryplatonov/.gradle/caches/modules-2/files-2.1/org.glassfish.jaxb/jaxb-runtime/2.3.1/dd6dda9da676a54c5b36ca2806ff95ee017d8738/jaxb-runtime-2.3.1.jar:/Users/dzmitryplatonov/.m2/repository/javax/xml/bind/jaxb-api/2.3.1/jaxb-api-2.3.1.jar:/Users/dzmitryplatonov/.gradle/caches/modules-2/files-2.1/org.springframework/spring-aspects/5.1.10.RELEASE/b0364caabcde96dc6385480d0f9270613ab04511/spring-aspects-5.1.10.RELEASE.jar:/Users/dzmitryplatonov/.gradle/caches/modules-2/files-2.1/org.springframework.security/spring-security-jwt/1.0.10.RELEASE/19a1ca7a83e9d263a31af5f529da460f8f863451/spring-security-jwt-1.0.10.RELEASE.jar:/Users/dzmitryplatonov/.gradle/caches/modules-2/files-2.1/com.nimbusds/oauth2-oidc-sdk/6.0/e731f0b62727a46ae6d6fded62b5678d28273c3c/oauth2-oidc-sdk-6.0.jar:/Users/dzmitryplatonov/.gradle/caches/modules-2/files-2.1/com.nimbusds/nimbus-jose-jwt/6.0.2/81605278e5df1cf4c3774851649b85cade077fa5/nimbus-jose-jwt-6.0.2.jar:/Users/dzmitryplatonov/.gradle/caches/modules-2/files-2.1/com.google.inject/guice/3.0/9d84f15fe35e2c716a02979fb62f50a29f38aefa/guice-3.0.jar:/Users/dzmitryplatonov/.gradle/caches/modules-2/files-2.1/org.openid4java/openid4java-nodeps/0.9.6/52ca394f5f6d38b78e35a5a6a0a341dc5b3aaf34/openid4java-nodeps-0.9.6.jar:/Users/dzmitryplatonov/.gradle/caches/modules-2/files-2.1/net.sourceforge.nekohtml/nekohtml/1.9.22/4f54af68ecb345f2453fb6884672ad08414154e3/nekohtml-1.9.22.jar:/Users/dzmitryplatonov/.gradle/caches/modules-2/files-2.1/org.apache.httpcomponents/httpclient/4.5.10/7ca2e4276f4ef95e4db725a8cd4a1d1e7585b9e5/httpclient-4.5.10.jar:/Users/dzmitryplatonov/.gradle/caches/modules-2/files-2.1/commons-codec/commons-codec/1.13/3f18e1aa31031d89db6f01ba05d501258ce69d2c/commons-codec-1.13.jar:/Users/dzmitryplatonov/.m2/repository/commons-io/commons-io/2.6/commons-io-2.6.jar:/Users/dzmitryplatonov/.gradle/caches/modules-2/files-2.1/com.google.guava/guava/27.1-jre/e47b59c893079b87743cdcfb6f17ca95c08c592c/guava-27.1-jre.jar:/Users/dzmitryplatonov/.gradle/caches/modules-2/files-2.1/io.jsonwebtoken/jjwt-api/0.10.7/52e888d8424d3c788e23fedfbfc65ce36830ab1a/jjwt-api-0.10.7.jar:/Users/dzmitryplatonov/.m2/repository/org/junit/platform/junit-platform-engine/1.3.1/junit-platform-engine-1.3.1.jar:/Users/dzmitryplatonov/.m2/repository/org/junit/platform/junit-platform-commons/1.3.1/junit-platform-commons-1.3.1.jar:/Users/dzmitryplatonov/.m2/repository/org/apiguardian/apiguardian-api/1.0.0/apiguardian-api-1.0.0.jar:/Users/dzmitryplatonov/.gradle/caches/modules-2/files-2.1/net.bytebuddy/byte-buddy/1.9.11/985bbce599f92d6440582a7d1a5231bfaae9970f/byte-buddy-1.9.11.jar:/Users/dzmitryplatonov/.m2/repository/net/bytebuddy/byte-buddy-agent/1.9.10/byte-buddy-agent-1.9.10.jar:/Users/dzmitryplatonov/.m2/repository/org/objenesis/objenesis/2.6/objenesis-2.6.jar:/Users/dzmitryplatonov/.m2/repository/org/opentest4j/opentest4j/1.1.1/opentest4j-1.1.1.jar:/Users/dzmitryplatonov/.m2/repository/org/aspectj/aspectjweaver/1.9.4/aspectjweaver-1.9.4.jar:/Users/dzmitryplatonov/.m2/repository/javax/activation/javax.activation-api/1.2.0/javax.activation-api-1.2.0.jar:/Users/dzmitryplatonov/.m2/repository/javax/persistence/javax.persistence-api/2.2/javax.persistence-api-2.2.jar:/Users/dzmitryplatonov/.m2/repository/org/javassist/javassist/3.23.2-GA/javassist-3.23.2-GA.jar:/Users/dzmitryplatonov/.m2/repository/antlr/antlr/2.7.7/antlr-2.7.7.jar:/Users/dzmitryplatonov/.m2/repository/org/jboss/jandex/2.0.5.Final/jandex-2.0.5.Final.jar:/Users/dzmitryplatonov/.m2/repository/org/dom4j/dom4j/2.1.1/dom4j-2.1.1.jar:/Users/dzmitryplatonov/.m2/repository/org/yaml/snakeyaml/1.23/snakeyaml-1.23.jar:/Users/dzmitryplatonov/.gradle/caches/modules-2/files-2.1/org.apache.tomcat.embed/tomcat-embed-websocket/9.0.26/8991b1bd82c5745e95a9161472a92dc1e5c7148e/tomcat-embed-websocket-9.0.26.jar:/Users/dzmitryplatonov/.gradle/caches/modules-2/files-2.1/org.apache.tomcat.embed/tomcat-embed-core/9.0.26/6312ba542bc58fa9ee789a43516ce4d862548a6b/tomcat-embed-core-9.0.26.jar:/Users/dzmitryplatonov/.gradle/caches/modules-2/files-2.1/org.apache.tomcat.embed/tomcat-embed-el/9.0.26/a551f05d3ecf5434eaadd75e0b51519447df124/tomcat-embed-el-9.0.26.jar:/Users/dzmitryplatonov/.gradle/caches/modules-2/files-2.1/org.codehaus.jackson/jackson-mapper-asl/1.9.13/1ee2f2bed0e5dd29d1cb155a166e6f8d50bbddb7/jackson-mapper-asl-1.9.13.jar:/Users/dzmitryplatonov/.gradle/caches/modules-2/files-2.1/org.bouncycastle/bcpkix-jdk15on/1.60/d0c46320fbc07be3a24eb13a56cee4e3d38e0c75/bcpkix-jdk15on-1.60.jar:/Users/dzmitryplatonov/.gradle/caches/modules-2/files-2.1/org.glassfish.jaxb/txw2/2.3.1/a09d2c48d3285f206fafbffe0e50619284e92126/txw2-2.3.1.jar:/Users/dzmitryplatonov/.gradle/caches/modules-2/files-2.1/com.sun.istack/istack-commons-runtime/3.0.7/c197c86ceec7318b1284bffb49b54226ca774003/istack-commons-runtime-3.0.7.jar:/Users/dzmitryplatonov/.gradle/caches/modules-2/files-2.1/org.jvnet.staxex/stax-ex/1.8/8cc35f73da321c29973191f2cf143d29d26a1df7/stax-ex-1.8.jar:/Users/dzmitryplatonov/.gradle/caches/modules-2/files-2.1/com.sun.xml.fastinfoset/FastInfoset/1.2.15/bb7b7ec0379982b97c62cd17465cb6d9155f68e8/FastInfoset-1.2.15.jar:/Users/dzmitryplatonov/.gradle/caches/modules-2/files-2.1/com.sun.mail/javax.mail/1.6.1/757ba4630692bb2a1ec2d9d57a616b63f15e947e/javax.mail-1.6.1.jar:/Users/dzmitryplatonov/.gradle/caches/modules-2/files-2.1/com.github.stephenc.jcip/jcip-annotations/1.0-1/ef31541dd28ae2cefdd17c7ebf352d93e9058c63/jcip-annotations-1.0-1.jar:/Users/dzmitryplatonov/.m2/repository/net/minidev/json-smart/2.3/json-smart-2.3.jar:/Users/dzmitryplatonov/.gradle/caches/modules-2/files-2.1/com.nimbusds/lang-tag/1.4.4/1db9a709239ae473a69b5424c7e78d0b7108229d/lang-tag-1.4.4.jar:/Users/dzmitryplatonov/.gradle/caches/modules-2/files-2.1/org.springframework/spring-jcl/5.2.0.RELEASE/59b53ab6f01dd3ba85875b61a284c161584c18a3/spring-jcl-5.2.0.RELEASE.jar:/Users/dzmitryplatonov/.m2/repository/javax/inject/javax.inject/1/javax.inject-1.jar:/Users/dzmitryplatonov/.gradle/caches/modules-2/files-2.1/org.sonatype.sisu.inject/cglib/2.2.1-v20090111/7ce5e983fd0e6c78346f4c9cbfa39d83049dda2/cglib-2.2.1-v20090111.jar:/Users/dzmitryplatonov/.m2/repository/commons-logging/commons-logging/1.2/commons-logging-1.2.jar:/Users/dzmitryplatonov/.m2/repository/net/jcip/jcip-annotations/1.0/jcip-annotations-1.0.jar:/Users/dzmitryplatonov/.m2/repository/xerces/xercesImpl/2.11.0/xercesImpl-2.11.0.jar:/Users/dzmitryplatonov/.gradle/caches/modules-2/files-2.1/org.apache.httpcomponents/httpcore/4.4.12/21ebaf6d532bc350ba95bd81938fa5f0e511c132/httpcore-4.4.12.jar:/Users/dzmitryplatonov/.gradle/caches/modules-2/files-2.1/com.google.guava/failureaccess/1.0.1/1dcf1de382a0bf95a3d8b0849546c88bac1292c9/failureaccess-1.0.1.jar:/Users/dzmitryplatonov/.gradle/caches/modules-2/files-2.1/com.google.guava/listenablefuture/9999.0-empty-to-avoid-conflict-with-guava/b421526c5f297295adef1c886e5246c39d4ac629/listenablefuture-9999.0-empty-to-avoid-conflict-with-guava.jar:/Users/dzmitryplatonov/.m2/repository/com/google/code/findbugs/jsr305/3.0.2/jsr305-3.0.2.jar:/Users/dzmitryplatonov/.gradle/caches/modules-2/files-2.1/org.checkerframework/checker-qual/2.5.2/cea74543d5904a30861a61b4643a5f2bb372efc4/checker-qual-2.5.2.jar:/Users/dzmitryplatonov/.gradle/caches/modules-2/files-2.1/com.google.errorprone/error_prone_annotations/2.2.0/88e3c593e9b3586e1c6177f89267da6fc6986f0c/error_prone_annotations-2.2.0.jar:/Users/dzmitryplatonov/.gradle/caches/modules-2/files-2.1/com.google.j2objc/j2objc-annotations/1.1/ed28ded51a8b1c6b112568def5f4b455e6809019/j2objc-annotations-1.1.jar:/Users/dzmitryplatonov/.gradle/caches/modules-2/files-2.1/org.codehaus.mojo/animal-sniffer-annotations/1.17/f97ce6decaea32b36101e37979f8b647f00681fb/animal-sniffer-annotations-1.17.jar:/Users/dzmitryplatonov/.gradle/caches/modules-2/files-2.1/org.codehaus.jackson/jackson-core-asl/1.9.13/3c304d70f42f832e0a86d45bd437f692129299a4/jackson-core-asl-1.9.13.jar:/Users/dzmitryplatonov/.gradle/caches/modules-2/files-2.1/org.bouncycastle/bcprov-jdk15on/1.60/bd47ad3bd14b8e82595c7adaa143501e60842a84/bcprov-jdk15on-1.60.jar:/Users/dzmitryplatonov/.m2/repository/javax/activation/activation/1.1/activation-1.1.jar:/Users/dzmitryplatonov/.m2/repository/net/minidev/accessors-smart/1.2/accessors-smart-1.2.jar:/Users/dzmitryplatonov/.gradle/caches/modules-2/files-2.1/asm/asm/3.1/c157def142714c544bdea2e6144645702adf7097/asm-3.1.jar:/Users/dzmitryplatonov/.m2/repository/xml-apis/xml-apis/1.4.01/xml-apis-1.4.01.jar:/Users/dzmitryplatonov/.m2/repository/ch/qos/logback/logback-core/1.2.3/logback-core-1.2.3.jar:/Users/dzmitryplatonov/.gradle/caches/modules-2/files-2.1/org.apache.tomcat/tomcat-annotations-api/9.0.26/bb4574456c5db64acfcd2aa6f426d87e6c05a772/tomcat-annotations-api-9.0.26.jar:/Users/dzmitryplatonov/.m2/repository/org/ow2/asm/asm/5.0.4/asm-5.0.4.jar, java.vm.vendor=Oracle Corporation, sun.arch.data.model=64, user.variant=, java.vendor.url=http://java.oracle.com/, user.timezone=Europe/Minsk, os.name=Mac OS X, java.vm.specification.version=11, javax.persistence.validation.mode=AUTO, user.country=BY, sun.java.launcher=SUN_STANDARD, sun.boot.library.path=/Library/Java/JavaVirtualMachines/jdk-11.0.4.jdk/Contents/Home/lib, sun.java.command=worker.org.gradle.process.internal.worker.GradleWorkerMain 'Gradle Test Executor 3', hibernate.transaction.jta.platform=org.hibernate.engine.transaction.jta.platform.internal.NoJtaPlatform@658233d0, http.nonProxyHosts=local|*.local|169.254/16|*.169.254/16, javax.persistence.sharedCache.mode=UNSPECIFIED, jdk.debug=release, sun.cpu.endian=little, user.home=/Users/dzmitryplatonov, user.language=ru, java.specification.vendor=Oracle Corporation, org.gradle.native=false, java.version.date=2019-07-16, java.home=/Library/Java/JavaVirtualMachines/jdk-11.0.4.jdk/Contents/Home, file.separator=/, java.vm.compressedOopsMode=Zero based, line.separator=
, java.specification.name=Java Platform API Specification, java.vm.specification.vendor=Oracle Corporation, hibernate.transaction.coordinator_class=class org.hibernate.resource.transaction.backend.jdbc.internal.JdbcResourceLocalTransactionCoordinatorBuilderImpl, java.awt.graphicsenv=sun.awt.CGraphicsEnvironment, hibernate.hbm2ddl.auto=create-drop, sun.management.compiler=HotSpot 64-Bit Tiered Compilers, ftp.nonProxyHosts=local|*.local|169.254/16|*.169.254/16, java.runtime.version=11.0.4+10-LTS, user.name=dzmitryplatonov, path.separator=:, os.version=10.14.6, java.runtime.name=Java(TM) SE Runtime Environment, file.encoding=UTF-8, hibernate.ejb.persistenceUnitName=default, java.vm.name=Java HotSpot(TM) 64-Bit Server VM, java.vendor.version=18.9, java.vendor.url.bug=http://bugreport.java.com/bugreport/, java.io.tmpdir=/var/folders/nm/5f650mms7n577yq7w4kkdfl80000gn/T/, com.zaxxer.hikari.pool_number=1, java.version=11.0.4, hibernate.physical_naming_strategy=org.springframework.boot.orm.jpa.hibernate.SpringPhysicalNamingStrategy, user.dir=/Users/dzmitryplatonov/Desktop/workdir/giftcertificates/datasource, os.arch=x86_64, java.vm.specification.name=Java Virtual Machine Specification, java.awt.printerjob=sun.lwawt.macosx.CPrinterJob, sun.os.patch.level=unknown, hibernate.boot.CfgXmlAccessService.key=org.hibernate.boot.cfgxml.spi.LoadedConfig@26fe6c2a, java.library.path=/Users/dzmitryplatonov/Library/Java/Extensions:/Library/Java/Extensions:/Network/Library/Java/Extensions:/System/Library/Java/Extensions:/usr/lib/java:., java.vendor=Oracle Corporation, java.vm.info=mixed mode, java.vm.version=11.0.4+10-LTS, hibernate.bytecode.use_reflection_optimizer=false, sun.io.unicode.encoding=UnicodeBig, hibernate.connection.datasource=HikariDataSource (HikariPool-10), socksNonProxyHosts=local|*.local|169.254/16|*.169.254/16, java.class.version=55.0}
17:03:33.009 [Test worker] DEBUG org.hibernate.validator.internal.engine.resolver.TraversableResolvers - Found javax.persistence.Persistence on classpath containing 'getPersistenceUtil'. Assuming JPA 2 environment. Trying to instantiate JPA aware TraversableResolver
17:03:33.009 [Test worker] DEBUG org.hibernate.validator.internal.engine.resolver.TraversableResolvers - Instantiated JPA aware TraversableResolver of type org.hibernate.validator.internal.engine.resolver.JPATraversableResolver.
17:03:33.009 [Test worker] DEBUG org.hibernate.validator.internal.xml.config.ValidationXmlParser - Trying to load META-INF/validation.xml for XML based Validator configuration.
17:03:33.009 [Test worker] DEBUG org.hibernate.validator.internal.xml.config.ResourceLoaderHelper - Trying to load META-INF/validation.xml via TCCL
17:03:33.009 [Test worker] DEBUG org.hibernate.validator.internal.xml.config.ResourceLoaderHelper - Trying to load META-INF/validation.xml via Hibernate Validator's class loader
17:03:33.009 [Test worker] DEBUG org.hibernate.validator.internal.xml.config.ValidationXmlParser - No META-INF/validation.xml found. Using annotation based configuration only.
17:03:33.018 [Test worker] DEBUG org.hibernate.validator.messageinterpolation.ResourceBundleMessageInterpolator - Loaded expression factory via original TCCL
17:03:33.018 [Test worker] DEBUG org.hibernate.validator.internal.engine.ValidatorFactoryImpl - HV000234: Using org.hibernate.validator.messageinterpolation.ResourceBundleMessageInterpolator as ValidatorFactory-scoped message interpolator.
17:03:33.018 [Test worker] DEBUG org.hibernate.validator.internal.engine.ValidatorFactoryImpl - HV000234: Using org.hibernate.validator.internal.engine.resolver.JPATraversableResolver as ValidatorFactory-scoped traversable resolver.
17:03:33.018 [Test worker] DEBUG org.hibernate.validator.internal.engine.ValidatorFactoryImpl - HV000234: Using org.hibernate.validator.internal.util.ExecutableParameterNameProvider as ValidatorFactory-scoped parameter name provider.
17:03:33.018 [Test worker] DEBUG org.hibernate.validator.internal.engine.ValidatorFactoryImpl - HV000234: Using org.hibernate.validator.internal.engine.DefaultClockProvider as ValidatorFactory-scoped clock provider.
17:03:33.018 [Test worker] DEBUG org.hibernate.validator.internal.engine.ValidatorFactoryImpl - HV000234: Using org.hibernate.validator.internal.engine.scripting.DefaultScriptEvaluatorFactory as ValidatorFactory-scoped script evaluator factory.
17:03:33.019 [Test worker] DEBUG org.hibernate.boot.internal.ClassLoaderAccessImpl - Not known whether passed class name [com.epam.esm.entity.Order] is safe
17:03:33.019 [Test worker] DEBUG org.hibernate.boot.internal.ClassLoaderAccessImpl - No temp ClassLoader provided; using live ClassLoader for loading potentially unsafe class : com.epam.esm.entity.Order
17:03:33.022 [Test worker] DEBUG org.hibernate.boot.internal.ClassLoaderAccessImpl - Not known whether passed class name [com.epam.esm.entity.GiftCertificate] is safe
17:03:33.022 [Test worker] DEBUG org.hibernate.boot.internal.ClassLoaderAccessImpl - No temp ClassLoader provided; using live ClassLoader for loading potentially unsafe class : com.epam.esm.entity.GiftCertificate
17:03:33.024 [Test worker] DEBUG org.hibernate.boot.internal.ClassLoaderAccessImpl - Not known whether passed class name [com.epam.esm.entity.User] is safe
17:03:33.024 [Test worker] DEBUG org.hibernate.boot.internal.ClassLoaderAccessImpl - No temp ClassLoader provided; using live ClassLoader for loading potentially unsafe class : com.epam.esm.entity.User
17:03:33.027 [Test worker] DEBUG org.hibernate.boot.internal.ClassLoaderAccessImpl - Not known whether passed class name [com.epam.esm.entity.Entity] is safe
17:03:33.027 [Test worker] DEBUG org.hibernate.boot.internal.ClassLoaderAccessImpl - No temp ClassLoader provided; using live ClassLoader for loading potentially unsafe class : com.epam.esm.entity.Entity
17:03:33.028 [Test worker] DEBUG org.hibernate.boot.internal.ClassLoaderAccessImpl - Not known whether passed class name [com.epam.esm.entity.Tag] is safe
17:03:33.028 [Test worker] DEBUG org.hibernate.boot.internal.ClassLoaderAccessImpl - No temp ClassLoader provided; using live ClassLoader for loading potentially unsafe class : com.epam.esm.entity.Tag
17:03:33.029 [Test worker] DEBUG org.hibernate.boot.internal.ClassLoaderAccessImpl - Not known whether passed class name [com.epam.esm.entity.OrderCertificate] is safe
17:03:33.029 [Test worker] DEBUG org.hibernate.boot.internal.ClassLoaderAccessImpl - No temp ClassLoader provided; using live ClassLoader for loading potentially unsafe class : com.epam.esm.entity.OrderCertificate
17:03:33.030 [Test worker] DEBUG org.hibernate.boot.internal.ClassLoaderAccessImpl - Not known whether passed class name [com.epam.esm.entity.Role] is safe
17:03:33.030 [Test worker] DEBUG org.hibernate.boot.internal.ClassLoaderAccessImpl - No temp ClassLoader provided; using live ClassLoader for loading potentially unsafe class : com.epam.esm.entity.Role
17:03:33.032 [Test worker] DEBUG org.hibernate.secure.spi.JaccIntegrator - Skipping JACC integration as it was not enabled
17:03:33.032 [Test worker] DEBUG org.hibernate.internal.SessionFactoryImpl - Instantiated session factory
17:03:33.032 [Test worker] DEBUG org.hibernate.type.spi.TypeConfiguration$Scope - Scoping TypeConfiguration [org.hibernate.type.spi.TypeConfiguration@2e86fb6b] to SessionFactoryImpl [org.hibernate.internal.SessionFactoryImpl@5b65952f]
17:03:33.032 [Test worker] DEBUG org.hibernate.boot.internal.ClassLoaderAccessImpl - Not known whether passed class name [com.epam.esm.entity.Order] is safe
17:03:33.032 [Test worker] DEBUG org.hibernate.boot.internal.ClassLoaderAccessImpl - No temp ClassLoader provided; using live ClassLoader for loading potentially unsafe class : com.epam.esm.entity.Order
17:03:33.033 [Test worker] DEBUG org.hibernate.boot.internal.ClassLoaderAccessImpl - Not known whether passed class name [com.epam.esm.entity.Order] is safe
17:03:33.033 [Test worker] DEBUG org.hibernate.boot.internal.ClassLoaderAccessImpl - No temp ClassLoader provided; using live ClassLoader for loading potentially unsafe class : com.epam.esm.entity.Order
17:03:33.043 [Test worker] DEBUG org.hibernate.boot.internal.ClassLoaderAccessImpl - Not known whether passed class name [com.epam.esm.entity.GiftCertificate] is safe
17:03:33.044 [Test worker] DEBUG org.hibernate.boot.internal.ClassLoaderAccessImpl - No temp ClassLoader provided; using live ClassLoader for loading potentially unsafe class : com.epam.esm.entity.GiftCertificate
17:03:33.044 [Test worker] DEBUG org.hibernate.boot.internal.ClassLoaderAccessImpl - Not known whether passed class name [com.epam.esm.entity.GiftCertificate] is safe
17:03:33.044 [Test worker] DEBUG org.hibernate.boot.internal.ClassLoaderAccessImpl - No temp ClassLoader provided; using live ClassLoader for loading potentially unsafe class : com.epam.esm.entity.GiftCertificate
17:03:33.053 [HikariPool-10 housekeeper] DEBUG com.zaxxer.hikari.pool.HikariPool - HikariPool-10 - Pool stats (total=1, active=0, idle=1, waiting=0)
17:03:33.054 [HikariPool-10 connection adder] DEBUG com.zaxxer.hikari.pool.HikariPool - HikariPool-10 - Added connection conn91: url=jdbc:h2:mem:testdb user=SA
17:03:33.055 [HikariPool-10 connection adder] DEBUG com.zaxxer.hikari.pool.HikariPool - HikariPool-10 - Added connection conn92: url=jdbc:h2:mem:testdb user=SA
17:03:33.055 [HikariPool-10 connection adder] DEBUG com.zaxxer.hikari.pool.HikariPool - HikariPool-10 - Added connection conn93: url=jdbc:h2:mem:testdb user=SA
17:03:33.056 [HikariPool-10 connection adder] DEBUG com.zaxxer.hikari.pool.HikariPool - HikariPool-10 - Added connection conn94: url=jdbc:h2:mem:testdb user=SA
17:03:33.056 [HikariPool-10 connection adder] DEBUG com.zaxxer.hikari.pool.HikariPool - HikariPool-10 - Added connection conn95: url=jdbc:h2:mem:testdb user=SA
17:03:33.057 [HikariPool-10 connection adder] DEBUG com.zaxxer.hikari.pool.HikariPool - HikariPool-10 - Added connection conn96: url=jdbc:h2:mem:testdb user=SA
17:03:33.057 [HikariPool-10 connection adder] DEBUG com.zaxxer.hikari.pool.HikariPool - HikariPool-10 - Added connection conn97: url=jdbc:h2:mem:testdb user=SA
17:03:33.057 [HikariPool-10 connection adder] DEBUG com.zaxxer.hikari.pool.HikariPool - HikariPool-10 - Added connection conn98: url=jdbc:h2:mem:testdb user=SA
17:03:33.058 [HikariPool-10 connection adder] DEBUG com.zaxxer.hikari.pool.HikariPool - HikariPool-10 - Added connection conn99: url=jdbc:h2:mem:testdb user=SA
17:03:33.058 [HikariPool-10 connection adder] DEBUG com.zaxxer.hikari.pool.HikariPool - HikariPool-10 - After adding stats (total=10, active=0, idle=10, waiting=0)
17:03:33.059 [Test worker] DEBUG org.hibernate.boot.internal.ClassLoaderAccessImpl - Not known whether passed class name [com.epam.esm.entity.User] is safe
17:03:33.059 [Test worker] DEBUG org.hibernate.boot.internal.ClassLoaderAccessImpl - No temp ClassLoader provided; using live ClassLoader for loading potentially unsafe class : com.epam.esm.entity.User
17:03:33.059 [Test worker] DEBUG org.hibernate.boot.internal.ClassLoaderAccessImpl - Not known whether passed class name [com.epam.esm.entity.User] is safe
17:03:33.059 [Test worker] DEBUG org.hibernate.boot.internal.ClassLoaderAccessImpl - No temp ClassLoader provided; using live ClassLoader for loading potentially unsafe class : com.epam.esm.entity.User
17:03:33.070 [Test worker] DEBUG org.hibernate.boot.internal.ClassLoaderAccessImpl - Not known whether passed class name [com.epam.esm.entity.Entity] is safe
17:03:33.070 [Test worker] DEBUG org.hibernate.boot.internal.ClassLoaderAccessImpl - No temp ClassLoader provided; using live ClassLoader for loading potentially unsafe class : com.epam.esm.entity.Entity
17:03:33.070 [Test worker] DEBUG org.hibernate.boot.internal.ClassLoaderAccessImpl - Not known whether passed class name [com.epam.esm.entity.Entity] is safe
17:03:33.070 [Test worker] DEBUG org.hibernate.boot.internal.ClassLoaderAccessImpl - No temp ClassLoader provided; using live ClassLoader for loading potentially unsafe class : com.epam.esm.entity.Entity
17:03:33.075 [Test worker] DEBUG org.hibernate.boot.internal.ClassLoaderAccessImpl - Not known whether passed class name [com.epam.esm.entity.Tag] is safe
17:03:33.075 [Test worker] DEBUG org.hibernate.boot.internal.ClassLoaderAccessImpl - No temp ClassLoader provided; using live ClassLoader for loading potentially unsafe class : com.epam.esm.entity.Tag
17:03:33.075 [Test worker] DEBUG org.hibernate.boot.internal.ClassLoaderAccessImpl - Not known whether passed class name [com.epam.esm.entity.Tag] is safe
17:03:33.075 [Test worker] DEBUG org.hibernate.boot.internal.ClassLoaderAccessImpl - No temp ClassLoader provided; using live ClassLoader for loading potentially unsafe class : com.epam.esm.entity.Tag
17:03:33.081 [Test worker] DEBUG org.hibernate.boot.internal.ClassLoaderAccessImpl - Not known whether passed class name [com.epam.esm.entity.OrderCertificate] is safe
17:03:33.081 [Test worker] DEBUG org.hibernate.boot.internal.ClassLoaderAccessImpl - No temp ClassLoader provided; using live ClassLoader for loading potentially unsafe class : com.epam.esm.entity.OrderCertificate
17:03:33.081 [Test worker] DEBUG org.hibernate.boot.internal.ClassLoaderAccessImpl - Not known whether passed class name [com.epam.esm.entity.OrderCertificate] is safe
17:03:33.081 [Test worker] DEBUG org.hibernate.boot.internal.ClassLoaderAccessImpl - No temp ClassLoader provided; using live ClassLoader for loading potentially unsafe class : com.epam.esm.entity.OrderCertificate
17:03:33.090 [Test worker] DEBUG org.hibernate.boot.internal.ClassLoaderAccessImpl - Not known whether passed class name [com.epam.esm.entity.Role] is safe
17:03:33.090 [Test worker] DEBUG org.hibernate.boot.internal.ClassLoaderAccessImpl - No temp ClassLoader provided; using live ClassLoader for loading potentially unsafe class : com.epam.esm.entity.Role
17:03:33.090 [Test worker] DEBUG org.hibernate.boot.internal.ClassLoaderAccessImpl - Not known whether passed class name [com.epam.esm.entity.Role] is safe
17:03:33.090 [Test worker] DEBUG org.hibernate.boot.internal.ClassLoaderAccessImpl - No temp ClassLoader provided; using live ClassLoader for loading potentially unsafe class : com.epam.esm.entity.Role
17:03:33.095 [Test worker] DEBUG org.hibernate.persister.collection.AbstractCollectionPersister - Static SQL for collection: com.epam.esm.entity.GiftCertificate.tags
17:03:33.095 [Test worker] DEBUG org.hibernate.persister.collection.AbstractCollectionPersister -  Row insert: insert into certificate_tag (certificate_id, tag_id) values (?, ?)
17:03:33.095 [Test worker] DEBUG org.hibernate.persister.collection.AbstractCollectionPersister -  Row update: update certificate_tag set tag_id=? where certificate_id=? and tag_id=?
17:03:33.095 [Test worker] DEBUG org.hibernate.persister.collection.AbstractCollectionPersister -  Row delete: delete from certificate_tag where certificate_id=? and tag_id=?
17:03:33.095 [Test worker] DEBUG org.hibernate.persister.collection.AbstractCollectionPersister -  One-shot delete: delete from certificate_tag where certificate_id=?
17:03:33.096 [Test worker] DEBUG org.hibernate.persister.collection.AbstractCollectionPersister - Static SQL for collection: com.epam.esm.entity.Order.orderCertificates
17:03:33.096 [Test worker] DEBUG org.hibernate.persister.collection.AbstractCollectionPersister -  Row insert: update order_certificate set order_id=? where id=?
17:03:33.096 [Test worker] DEBUG org.hibernate.persister.collection.AbstractCollectionPersister -  Row update: update order_certificate set  where id=?
17:03:33.096 [Test worker] DEBUG org.hibernate.persister.collection.AbstractCollectionPersister -  Row delete: update order_certificate set order_id=null where order_id=? and id=?
17:03:33.096 [Test worker] DEBUG org.hibernate.persister.collection.AbstractCollectionPersister -  One-shot delete: update order_certificate set order_id=null where order_id=?
17:03:33.096 [Test worker] DEBUG org.hibernate.persister.collection.AbstractCollectionPersister - Static SQL for collection: com.epam.esm.entity.GiftCertificate.orderCertificates
17:03:33.096 [Test worker] DEBUG org.hibernate.persister.collection.AbstractCollectionPersister -  Row insert: update order_certificate set certificate_id=? where id=?
17:03:33.096 [Test worker] DEBUG org.hibernate.persister.collection.AbstractCollectionPersister -  Row update: update order_certificate set  where id=?
17:03:33.096 [Test worker] DEBUG org.hibernate.persister.collection.AbstractCollectionPersister -  Row delete: update order_certificate set certificate_id=null where certificate_id=? and id=?
17:03:33.096 [Test worker] DEBUG org.hibernate.persister.collection.AbstractCollectionPersister -  One-shot delete: update order_certificate set certificate_id=null where certificate_id=?
17:03:33.096 [Test worker] DEBUG org.hibernate.persister.collection.AbstractCollectionPersister - Static SQL for collection: com.epam.esm.entity.User.orders
17:03:33.096 [Test worker] DEBUG org.hibernate.persister.collection.AbstractCollectionPersister -  Row insert: update application_order set user_id=? where id=?
17:03:33.096 [Test worker] DEBUG org.hibernate.persister.collection.AbstractCollectionPersister -  Row update: update application_order set  where id=?
17:03:33.096 [Test worker] DEBUG org.hibernate.persister.collection.AbstractCollectionPersister -  Row delete: update application_order set user_id=null where user_id=? and id=?
17:03:33.096 [Test worker] DEBUG org.hibernate.persister.collection.AbstractCollectionPersister -  One-shot delete: update application_order set user_id=null where user_id=?
17:03:33.097 [Test worker] DEBUG org.hibernate.persister.entity.AbstractEntityPersister - Static SQL for entity: com.epam.esm.entity.Order
17:03:33.097 [Test worker] DEBUG org.hibernate.persister.entity.AbstractEntityPersister -  Version select: select id from application_order where id =?
17:03:33.097 [Test worker] DEBUG org.hibernate.persister.entity.AbstractEntityPersister -  Snapshot select: select order_.id, order_.active_status as active_s2_0_, order_.created_at as created_3_0_, order_.user_id as user_id4_0_ from application_order order_ where order_.id=?
17:03:33.097 [Test worker] DEBUG org.hibernate.persister.entity.AbstractEntityPersister -  Insert 0: insert into application_order (active_status, created_at, user_id, id) values (?, ?, ?, ?)
17:03:33.097 [Test worker] DEBUG org.hibernate.persister.entity.AbstractEntityPersister -  Update 0: update application_order set active_status=?, created_at=?, user_id=? where id=?
17:03:33.097 [Test worker] DEBUG org.hibernate.persister.entity.AbstractEntityPersister -  Delete 0: delete from application_order where id=?
17:03:33.097 [Test worker] DEBUG org.hibernate.persister.entity.AbstractEntityPersister -  Identity insert: insert into application_order (id, active_status, created_at, user_id) values (null, ?, ?, ?)
17:03:33.097 [Test worker] DEBUG org.hibernate.loader.plan.build.internal.spaces.QuerySpacesImpl - Adding QuerySpace : uid = <gen:0> -> org.hibernate.loader.plan.build.internal.spaces.EntityQuerySpaceImpl@41172946]
17:03:33.097 [Test worker] DEBUG org.hibernate.persister.walking.spi.MetamodelGraphWalker - Visiting attribute path : activeStatus
17:03:33.097 [Test worker] DEBUG org.hibernate.persister.walking.spi.MetamodelGraphWalker - Visiting attribute path : createdAt
17:03:33.097 [Test worker] DEBUG org.hibernate.persister.walking.spi.MetamodelGraphWalker - Visiting attribute path : orderCertificates
17:03:33.097 [Test worker] DEBUG org.hibernate.loader.plan.build.internal.spaces.QuerySpacesImpl - Adding QuerySpace : uid = <gen:1> -> org.hibernate.loader.plan.build.internal.spaces.CollectionQuerySpaceImpl@4fbf6633]
17:03:33.097 [Test worker] DEBUG org.hibernate.loader.plan.build.internal.spaces.QuerySpacesImpl - Adding QuerySpace : uid = <gen:2> -> org.hibernate.loader.plan.build.internal.spaces.EntityQuerySpaceImpl@60bccfc0]
17:03:33.097 [Test worker] DEBUG org.hibernate.persister.walking.spi.MetamodelGraphWalker - Visiting attribute path : user
17:03:33.097 [Test worker] DEBUG org.hibernate.loader.plan.build.internal.spaces.QuerySpacesImpl - Adding QuerySpace : uid = <gen:3> -> org.hibernate.loader.plan.build.internal.spaces.EntityQuerySpaceImpl@18199788]
17:03:33.097 [Test worker] DEBUG org.hibernate.persister.walking.spi.MetamodelGraphWalker - Visiting attribute path : user.email
17:03:33.097 [Test worker] DEBUG org.hibernate.persister.walking.spi.MetamodelGraphWalker - Visiting attribute path : user.orders
17:03:33.097 [Test worker] DEBUG org.hibernate.persister.walking.spi.MetamodelGraphWalker - Property path deemed to be circular : user.orders
17:03:33.097 [Test worker] DEBUG org.hibernate.persister.walking.spi.MetamodelGraphWalker - Visiting attribute path : user.password
17:03:33.097 [Test worker] DEBUG org.hibernate.persister.walking.spi.MetamodelGraphWalker - Visiting attribute path : user.refreshToken
17:03:33.097 [Test worker] DEBUG org.hibernate.persister.walking.spi.MetamodelGraphWalker - Visiting attribute path : user.role
17:03:33.098 [Test worker] DEBUG org.hibernate.loader.plan.build.internal.spaces.QuerySpacesImpl - Adding QuerySpace : uid = <gen:4> -> org.hibernate.loader.plan.build.internal.spaces.EntityQuerySpaceImpl@1d56e0df]
17:03:33.098 [Test worker] DEBUG org.hibernate.persister.walking.spi.MetamodelGraphWalker - Visiting attribute path : user.role.value
17:03:33.098 [Test worker] DEBUG org.hibernate.loader.plan.build.internal.FetchStyleLoadPlanBuildingAssociationVisitationStrategy - Building LoadPlan...
17:03:33.098 [Test worker] DEBUG org.hibernate.loader.plan.exec.internal.LoadQueryJoinAndFetchProcessor - processing queryspace <gen:0>
17:03:33.098 [Test worker] DEBUG org.hibernate.loader.plan.build.spi.LoadPlanTreePrinter - LoadPlan(entity=com.epam.esm.entity.Order)
    - Returns
       - EntityReturnImpl(entity=com.epam.esm.entity.Order, querySpaceUid=<gen:0>, path=com.epam.esm.entity.Order)
          - CollectionAttributeFetchImpl(collection=com.epam.esm.entity.Order.orderCertificates, querySpaceUid=<gen:1>, path=com.epam.esm.entity.Order.orderCertificates)
             - (collection element) CollectionFetchableElementEntityGraph(entity=com.epam.esm.entity.OrderCertificate, querySpaceUid=<gen:2>, path=com.epam.esm.entity.Order.orderCertificates.<elements>)
          - EntityAttributeFetchImpl(entity=com.epam.esm.entity.User, querySpaceUid=<gen:3>, path=com.epam.esm.entity.Order.user)
             - EntityAttributeFetchImpl(entity=com.epam.esm.entity.Role, querySpaceUid=<gen:4>, path=com.epam.esm.entity.Order.user.role)
    - QuerySpaces
       - EntityQuerySpaceImpl(uid=<gen:0>, entity=com.epam.esm.entity.Order)
          - SQL table alias mapping - order0_
          - alias suffix - 0_
          - suffixed key columns - {id1_0_0_}
          - JOIN (JoinDefinedByMetadata(user)) : <gen:0> -> <gen:3>
             - EntityQuerySpaceImpl(uid=<gen:3>, entity=com.epam.esm.entity.User)
                - SQL table alias mapping - user1_
                - alias suffix - 1_
                - suffixed key columns - {id1_2_1_}
                - JOIN (JoinDefinedByMetadata(role)) : <gen:3> -> <gen:4>
                   - EntityQuerySpaceImpl(uid=<gen:4>, entity=com.epam.esm.entity.Role)
                      - SQL table alias mapping - role2_
                      - alias suffix - 2_
                      - suffixed key columns - {id1_1_2_}

17:03:33.098 [Test worker] DEBUG org.hibernate.loader.entity.plan.EntityLoader - Static select for entity com.epam.esm.entity.Order [NONE]: select order0_.id as id1_0_0_, order0_.active_status as active_s2_0_0_, order0_.created_at as created_3_0_0_, order0_.user_id as user_id4_0_0_, user1_.id as id1_2_1_, user1_.email as email2_2_1_, user1_.password as password3_2_1_, user1_.refresh_token as refresh_4_2_1_, user1_.role_id as role_id5_2_1_, role2_.id as id1_1_2_, role2_.value as value2_1_2_ from application_order order0_ left outer join application_user user1_ on order0_.user_id=user1_.id left outer join application_role role2_ on user1_.role_id=role2_.id where order0_.id=?
17:03:33.098 [Test worker] DEBUG org.hibernate.loader.plan.build.internal.spaces.QuerySpacesImpl - Adding QuerySpace : uid = <gen:0> -> org.hibernate.loader.plan.build.internal.spaces.EntityQuerySpaceImpl@4fe39f57]
17:03:33.098 [Test worker] DEBUG org.hibernate.persister.walking.spi.MetamodelGraphWalker - Visiting attribute path : activeStatus
17:03:33.098 [Test worker] DEBUG org.hibernate.persister.walking.spi.MetamodelGraphWalker - Visiting attribute path : createdAt
17:03:33.098 [Test worker] DEBUG org.hibernate.persister.walking.spi.MetamodelGraphWalker - Visiting attribute path : orderCertificates
17:03:33.098 [Test worker] DEBUG org.hibernate.loader.plan.build.internal.spaces.QuerySpacesImpl - Adding QuerySpace : uid = <gen:1> -> org.hibernate.loader.plan.build.internal.spaces.CollectionQuerySpaceImpl@2891f6e3]
17:03:33.099 [Test worker] DEBUG org.hibernate.loader.plan.build.internal.spaces.QuerySpacesImpl - Adding QuerySpace : uid = <gen:2> -> org.hibernate.loader.plan.build.internal.spaces.EntityQuerySpaceImpl@24fcaca5]
17:03:33.099 [Test worker] DEBUG org.hibernate.persister.walking.spi.MetamodelGraphWalker - Visiting attribute path : user
17:03:33.099 [Test worker] DEBUG org.hibernate.loader.plan.build.internal.spaces.QuerySpacesImpl - Adding QuerySpace : uid = <gen:3> -> org.hibernate.loader.plan.build.internal.spaces.EntityQuerySpaceImpl@77b6864a]
17:03:33.099 [Test worker] DEBUG org.hibernate.persister.walking.spi.MetamodelGraphWalker - Visiting attribute path : user.email
17:03:33.099 [Test worker] DEBUG org.hibernate.persister.walking.spi.MetamodelGraphWalker - Visiting attribute path : user.orders
17:03:33.099 [Test worker] DEBUG org.hibernate.persister.walking.spi.MetamodelGraphWalker - Property path deemed to be circular : user.orders
17:03:33.099 [Test worker] DEBUG org.hibernate.persister.walking.spi.MetamodelGraphWalker - Visiting attribute path : user.password
17:03:33.099 [Test worker] DEBUG org.hibernate.persister.walking.spi.MetamodelGraphWalker - Visiting attribute path : user.refreshToken
17:03:33.099 [Test worker] DEBUG org.hibernate.persister.walking.spi.MetamodelGraphWalker - Visiting attribute path : user.role
17:03:33.099 [Test worker] DEBUG org.hibernate.loader.plan.build.internal.spaces.QuerySpacesImpl - Adding QuerySpace : uid = <gen:4> -> org.hibernate.loader.plan.build.internal.spaces.EntityQuerySpaceImpl@ff0abb0]
17:03:33.099 [Test worker] DEBUG org.hibernate.persister.walking.spi.MetamodelGraphWalker - Visiting attribute path : user.role.value
17:03:33.099 [Test worker] DEBUG org.hibernate.loader.plan.build.internal.FetchStyleLoadPlanBuildingAssociationVisitationStrategy - Building LoadPlan...
17:03:33.099 [Test worker] DEBUG org.hibernate.loader.plan.exec.internal.LoadQueryJoinAndFetchProcessor - processing queryspace <gen:0>
17:03:33.099 [Test worker] DEBUG org.hibernate.loader.plan.build.spi.LoadPlanTreePrinter - LoadPlan(entity=com.epam.esm.entity.Order)
    - Returns
       - EntityReturnImpl(entity=com.epam.esm.entity.Order, querySpaceUid=<gen:0>, path=com.epam.esm.entity.Order)
          - CollectionAttributeFetchImpl(collection=com.epam.esm.entity.Order.orderCertificates, querySpaceUid=<gen:1>, path=com.epam.esm.entity.Order.orderCertificates)
             - (collection element) CollectionFetchableElementEntityGraph(entity=com.epam.esm.entity.OrderCertificate, querySpaceUid=<gen:2>, path=com.epam.esm.entity.Order.orderCertificates.<elements>)
          - EntityAttributeFetchImpl(entity=com.epam.esm.entity.User, querySpaceUid=<gen:3>, path=com.epam.esm.entity.Order.user)
             - EntityAttributeFetchImpl(entity=com.epam.esm.entity.Role, querySpaceUid=<gen:4>, path=com.epam.esm.entity.Order.user.role)
    - QuerySpaces
       - EntityQuerySpaceImpl(uid=<gen:0>, entity=com.epam.esm.entity.Order)
          - SQL table alias mapping - order0_
          - alias suffix - 0_
          - suffixed key columns - {id1_0_0_}
          - JOIN (JoinDefinedByMetadata(user)) : <gen:0> -> <gen:3>
             - EntityQuerySpaceImpl(uid=<gen:3>, entity=com.epam.esm.entity.User)
                - SQL table alias mapping - user1_
                - alias suffix - 1_
                - suffixed key columns - {id1_2_1_}
                - JOIN (JoinDefinedByMetadata(role)) : <gen:3> -> <gen:4>
                   - EntityQuerySpaceImpl(uid=<gen:4>, entity=com.epam.esm.entity.Role)
                      - SQL table alias mapping - role2_
                      - alias suffix - 2_
                      - suffixed key columns - {id1_1_2_}

17:03:33.100 [Test worker] DEBUG org.hibernate.loader.entity.plan.EntityLoader - Static select for entity com.epam.esm.entity.Order [READ]: select order0_.id as id1_0_0_, order0_.active_status as active_s2_0_0_, order0_.created_at as created_3_0_0_, order0_.user_id as user_id4_0_0_, user1_.id as id1_2_1_, user1_.email as email2_2_1_, user1_.password as password3_2_1_, user1_.refresh_token as refresh_4_2_1_, user1_.role_id as role_id5_2_1_, role2_.id as id1_1_2_, role2_.value as value2_1_2_ from application_order order0_ left outer join application_user user1_ on order0_.user_id=user1_.id left outer join application_role role2_ on user1_.role_id=role2_.id where order0_.id=?
17:03:33.100 [Test worker] DEBUG org.hibernate.loader.Loader - Static select for action ACTION_MERGE on entity com.epam.esm.entity.Order: select order0_.id as id1_0_0_, order0_.active_status as active_s2_0_0_, order0_.created_at as created_3_0_0_, order0_.user_id as user_id4_0_0_ from application_order order0_ where order0_.id=?
17:03:33.100 [Test worker] DEBUG org.hibernate.loader.Loader - Static select for action ACTION_REFRESH on entity com.epam.esm.entity.Order: select order0_.id as id1_0_0_, order0_.active_status as active_s2_0_0_, order0_.created_at as created_3_0_0_, order0_.user_id as user_id4_0_0_ from application_order order0_ where order0_.id=?
17:03:33.100 [Test worker] DEBUG org.hibernate.persister.entity.AbstractEntityPersister - Static SQL for entity: com.epam.esm.entity.GiftCertificate
17:03:33.101 [Test worker] DEBUG org.hibernate.persister.entity.AbstractEntityPersister -  Version select: select id from certificate where id =?
17:03:33.101 [Test worker] DEBUG org.hibernate.persister.entity.AbstractEntityPersister -  Snapshot select: select giftcertif_.id, giftcertif_.active_status as active_s2_3_, giftcertif_.creation_date as creation3_3_, giftcertif_.description as descript4_3_, giftcertif_.expiration_date as expirati5_3_, giftcertif_.modification_date as modifica6_3_, giftcertif_.name as name7_3_, giftcertif_.price as price8_3_ from certificate giftcertif_ where giftcertif_.id=?
17:03:33.101 [Test worker] DEBUG org.hibernate.persister.entity.AbstractEntityPersister -  Insert 0: insert into certificate (active_status, creation_date, description, expiration_date, modification_date, name, price, id) values (?, ?, ?, ?, ?, ?, ?, ?)
17:03:33.101 [Test worker] DEBUG org.hibernate.persister.entity.AbstractEntityPersister -  Update 0: update certificate set active_status=?, creation_date=?, description=?, expiration_date=?, modification_date=?, name=?, price=? where id=?
17:03:33.101 [Test worker] DEBUG org.hibernate.persister.entity.AbstractEntityPersister -  Delete 0: delete from certificate where id=?
17:03:33.101 [Test worker] DEBUG org.hibernate.persister.entity.AbstractEntityPersister -  Identity insert: insert into certificate (id, active_status, creation_date, description, expiration_date, modification_date, name, price) values (null, ?, ?, ?, ?, ?, ?, ?)
17:03:33.101 [Test worker] DEBUG org.hibernate.loader.plan.build.internal.spaces.QuerySpacesImpl - Adding QuerySpace : uid = <gen:0> -> org.hibernate.loader.plan.build.internal.spaces.EntityQuerySpaceImpl@defec36]
17:03:33.101 [Test worker] DEBUG org.hibernate.persister.walking.spi.MetamodelGraphWalker - Visiting attribute path : activeStatus
17:03:33.101 [Test worker] DEBUG org.hibernate.persister.walking.spi.MetamodelGraphWalker - Visiting attribute path : creationDate
17:03:33.101 [Test worker] DEBUG org.hibernate.persister.walking.spi.MetamodelGraphWalker - Visiting attribute path : description
17:03:33.101 [Test worker] DEBUG org.hibernate.persister.walking.spi.MetamodelGraphWalker - Visiting attribute path : expirationDate
17:03:33.101 [Test worker] DEBUG org.hibernate.persister.walking.spi.MetamodelGraphWalker - Visiting attribute path : modificationDate
17:03:33.101 [Test worker] DEBUG org.hibernate.persister.walking.spi.MetamodelGraphWalker - Visiting attribute path : name
17:03:33.101 [Test worker] DEBUG org.hibernate.persister.walking.spi.MetamodelGraphWalker - Visiting attribute path : orderCertificates
17:03:33.101 [Test worker] DEBUG org.hibernate.loader.plan.build.internal.spaces.QuerySpacesImpl - Adding QuerySpace : uid = <gen:1> -> org.hibernate.loader.plan.build.internal.spaces.CollectionQuerySpaceImpl@24afc41c]
17:03:33.101 [Test worker] DEBUG org.hibernate.loader.plan.build.internal.spaces.QuerySpacesImpl - Adding QuerySpace : uid = <gen:2> -> org.hibernate.loader.plan.build.internal.spaces.EntityQuerySpaceImpl@2f379c29]
17:03:33.101 [Test worker] DEBUG org.hibernate.persister.walking.spi.MetamodelGraphWalker - Visiting attribute path : price
17:03:33.101 [Test worker] DEBUG org.hibernate.persister.walking.spi.MetamodelGraphWalker - Visiting attribute path : tags
17:03:33.101 [Test worker] DEBUG org.hibernate.loader.plan.build.internal.spaces.QuerySpacesImpl - Adding QuerySpace : uid = <gen:3> -> org.hibernate.loader.plan.build.internal.spaces.CollectionQuerySpaceImpl@5dcb4ba5]
17:03:33.101 [Test worker] DEBUG org.hibernate.loader.plan.build.internal.spaces.QuerySpacesImpl - Adding QuerySpace : uid = <gen:4> -> org.hibernate.loader.plan.build.internal.spaces.EntityQuerySpaceImpl@311595ad]
17:03:33.101 [Test worker] DEBUG org.hibernate.loader.plan.build.internal.FetchStyleLoadPlanBuildingAssociationVisitationStrategy - Building LoadPlan...
17:03:33.102 [Test worker] DEBUG org.hibernate.loader.plan.exec.internal.LoadQueryJoinAndFetchProcessor - processing queryspace <gen:0>
17:03:33.102 [Test worker] DEBUG org.hibernate.loader.plan.build.spi.LoadPlanTreePrinter - LoadPlan(entity=com.epam.esm.entity.GiftCertificate)
    - Returns
       - EntityReturnImpl(entity=com.epam.esm.entity.GiftCertificate, querySpaceUid=<gen:0>, path=com.epam.esm.entity.GiftCertificate)
          - CollectionAttributeFetchImpl(collection=com.epam.esm.entity.GiftCertificate.orderCertificates, querySpaceUid=<gen:1>, path=com.epam.esm.entity.GiftCertificate.orderCertificates)
             - (collection element) CollectionFetchableElementEntityGraph(entity=com.epam.esm.entity.OrderCertificate, querySpaceUid=<gen:2>, path=com.epam.esm.entity.GiftCertificate.orderCertificates.<elements>)
          - CollectionAttributeFetchImpl(collection=com.epam.esm.entity.GiftCertificate.tags, querySpaceUid=<gen:3>, path=com.epam.esm.entity.GiftCertificate.tags)
             - (collection element) CollectionFetchableElementEntityGraph(entity=com.epam.esm.entity.Tag, querySpaceUid=<gen:4>, path=com.epam.esm.entity.GiftCertificate.tags.<elements>)
    - QuerySpaces
       - EntityQuerySpaceImpl(uid=<gen:0>, entity=com.epam.esm.entity.GiftCertificate)
          - SQL table alias mapping - giftcertif0_
          - alias suffix - 0_
          - suffixed key columns - {id1_3_0_}

17:03:33.102 [Test worker] DEBUG org.hibernate.loader.entity.plan.EntityLoader - Static select for entity com.epam.esm.entity.GiftCertificate [NONE]: select giftcertif0_.id as id1_3_0_, giftcertif0_.active_status as active_s2_3_0_, giftcertif0_.creation_date as creation3_3_0_, giftcertif0_.description as descript4_3_0_, giftcertif0_.expiration_date as expirati5_3_0_, giftcertif0_.modification_date as modifica6_3_0_, giftcertif0_.name as name7_3_0_, giftcertif0_.price as price8_3_0_ from certificate giftcertif0_ where giftcertif0_.id=?
17:03:33.102 [Test worker] DEBUG org.hibernate.loader.plan.build.internal.spaces.QuerySpacesImpl - Adding QuerySpace : uid = <gen:0> -> org.hibernate.loader.plan.build.internal.spaces.EntityQuerySpaceImpl@6bc028b7]
17:03:33.102 [Test worker] DEBUG org.hibernate.persister.walking.spi.MetamodelGraphWalker - Visiting attribute path : activeStatus
17:03:33.102 [Test worker] DEBUG org.hibernate.persister.walking.spi.MetamodelGraphWalker - Visiting attribute path : creationDate
17:03:33.102 [Test worker] DEBUG org.hibernate.persister.walking.spi.MetamodelGraphWalker - Visiting attribute path : description
17:03:33.102 [Test worker] DEBUG org.hibernate.persister.walking.spi.MetamodelGraphWalker - Visiting attribute path : expirationDate
17:03:33.102 [Test worker] DEBUG org.hibernate.persister.walking.spi.MetamodelGraphWalker - Visiting attribute path : modificationDate
17:03:33.102 [Test worker] DEBUG org.hibernate.persister.walking.spi.MetamodelGraphWalker - Visiting attribute path : name
17:03:33.102 [Test worker] DEBUG org.hibernate.persister.walking.spi.MetamodelGraphWalker - Visiting attribute path : orderCertificates
17:03:33.102 [Test worker] DEBUG org.hibernate.loader.plan.build.internal.spaces.QuerySpacesImpl - Adding QuerySpace : uid = <gen:1> -> org.hibernate.loader.plan.build.internal.spaces.CollectionQuerySpaceImpl@7f14cde4]
17:03:33.102 [Test worker] DEBUG org.hibernate.loader.plan.build.internal.spaces.QuerySpacesImpl - Adding QuerySpace : uid = <gen:2> -> org.hibernate.loader.plan.build.internal.spaces.EntityQuerySpaceImpl@62b18756]
17:03:33.102 [Test worker] DEBUG org.hibernate.persister.walking.spi.MetamodelGraphWalker - Visiting attribute path : price
17:03:33.102 [Test worker] DEBUG org.hibernate.persister.walking.spi.MetamodelGraphWalker - Visiting attribute path : tags
17:03:33.102 [Test worker] DEBUG org.hibernate.loader.plan.build.internal.spaces.QuerySpacesImpl - Adding QuerySpace : uid = <gen:3> -> org.hibernate.loader.plan.build.internal.spaces.CollectionQuerySpaceImpl@8de9e27]
17:03:33.102 [Test worker] DEBUG org.hibernate.loader.plan.build.internal.spaces.QuerySpacesImpl - Adding QuerySpace : uid = <gen:4> -> org.hibernate.loader.plan.build.internal.spaces.EntityQuerySpaceImpl@59b314a9]
17:03:33.102 [Test worker] DEBUG org.hibernate.loader.plan.build.internal.FetchStyleLoadPlanBuildingAssociationVisitationStrategy - Building LoadPlan...
17:03:33.103 [Test worker] DEBUG org.hibernate.loader.plan.exec.internal.LoadQueryJoinAndFetchProcessor - processing queryspace <gen:0>
17:03:33.103 [Test worker] DEBUG org.hibernate.loader.plan.build.spi.LoadPlanTreePrinter - LoadPlan(entity=com.epam.esm.entity.GiftCertificate)
    - Returns
       - EntityReturnImpl(entity=com.epam.esm.entity.GiftCertificate, querySpaceUid=<gen:0>, path=com.epam.esm.entity.GiftCertificate)
          - CollectionAttributeFetchImpl(collection=com.epam.esm.entity.GiftCertificate.orderCertificates, querySpaceUid=<gen:1>, path=com.epam.esm.entity.GiftCertificate.orderCertificates)
             - (collection element) CollectionFetchableElementEntityGraph(entity=com.epam.esm.entity.OrderCertificate, querySpaceUid=<gen:2>, path=com.epam.esm.entity.GiftCertificate.orderCertificates.<elements>)
          - CollectionAttributeFetchImpl(collection=com.epam.esm.entity.GiftCertificate.tags, querySpaceUid=<gen:3>, path=com.epam.esm.entity.GiftCertificate.tags)
             - (collection element) CollectionFetchableElementEntityGraph(entity=com.epam.esm.entity.Tag, querySpaceUid=<gen:4>, path=com.epam.esm.entity.GiftCertificate.tags.<elements>)
    - QuerySpaces
       - EntityQuerySpaceImpl(uid=<gen:0>, entity=com.epam.esm.entity.GiftCertificate)
          - SQL table alias mapping - giftcertif0_
          - alias suffix - 0_
          - suffixed key columns - {id1_3_0_}

17:03:33.103 [Test worker] DEBUG org.hibernate.loader.entity.plan.EntityLoader - Static select for entity com.epam.esm.entity.GiftCertificate [READ]: select giftcertif0_.id as id1_3_0_, giftcertif0_.active_status as active_s2_3_0_, giftcertif0_.creation_date as creation3_3_0_, giftcertif0_.description as descript4_3_0_, giftcertif0_.expiration_date as expirati5_3_0_, giftcertif0_.modification_date as modifica6_3_0_, giftcertif0_.name as name7_3_0_, giftcertif0_.price as price8_3_0_ from certificate giftcertif0_ where giftcertif0_.id=?
17:03:33.103 [Test worker] DEBUG org.hibernate.loader.Loader - Static select for action ACTION_MERGE on entity com.epam.esm.entity.GiftCertificate: select giftcertif0_.id as id1_3_2_, giftcertif0_.active_status as active_s2_3_2_, giftcertif0_.creation_date as creation3_3_2_, giftcertif0_.description as descript4_3_2_, giftcertif0_.expiration_date as expirati5_3_2_, giftcertif0_.modification_date as modifica6_3_2_, giftcertif0_.name as name7_3_2_, giftcertif0_.price as price8_3_2_, ordercerti1_.certificate_id as certific4_6_4_, ordercerti1_.id as id1_6_4_, ordercerti1_.id as id1_6_0_, ordercerti1_.certificate_id as certific4_6_0_, ordercerti1_.expiration_date as expirati2_6_0_, ordercerti1_.fixed_price as fixed_pr3_6_0_, ordercerti1_.order_id as order_id5_6_0_, order2_.id as id1_0_1_, order2_.active_status as active_s2_0_1_, order2_.created_at as created_3_0_1_, order2_.user_id as user_id4_0_1_ from certificate giftcertif0_ left outer join order_certificate ordercerti1_ on giftcertif0_.id=ordercerti1_.certificate_id left outer join application_order order2_ on ordercerti1_.order_id=order2_.id where giftcertif0_.id=?
17:03:33.104 [Test worker] DEBUG org.hibernate.loader.Loader - Static select for action ACTION_REFRESH on entity com.epam.esm.entity.GiftCertificate: select giftcertif0_.id as id1_3_2_, giftcertif0_.active_status as active_s2_3_2_, giftcertif0_.creation_date as creation3_3_2_, giftcertif0_.description as descript4_3_2_, giftcertif0_.expiration_date as expirati5_3_2_, giftcertif0_.modification_date as modifica6_3_2_, giftcertif0_.name as name7_3_2_, giftcertif0_.price as price8_3_2_, ordercerti1_.certificate_id as certific4_6_4_, ordercerti1_.id as id1_6_4_, ordercerti1_.id as id1_6_0_, ordercerti1_.certificate_id as certific4_6_0_, ordercerti1_.expiration_date as expirati2_6_0_, ordercerti1_.fixed_price as fixed_pr3_6_0_, ordercerti1_.order_id as order_id5_6_0_, order2_.id as id1_0_1_, order2_.active_status as active_s2_0_1_, order2_.created_at as created_3_0_1_, order2_.user_id as user_id4_0_1_ from certificate giftcertif0_ left outer join order_certificate ordercerti1_ on giftcertif0_.id=ordercerti1_.certificate_id left outer join application_order order2_ on ordercerti1_.order_id=order2_.id where giftcertif0_.id=?
17:03:33.104 [Test worker] DEBUG org.hibernate.persister.entity.AbstractEntityPersister - Static SQL for entity: com.epam.esm.entity.User
17:03:33.104 [Test worker] DEBUG org.hibernate.persister.entity.AbstractEntityPersister -  Version select: select id from application_user where id =?
17:03:33.104 [Test worker] DEBUG org.hibernate.persister.entity.AbstractEntityPersister -  Snapshot select: select user_.id, user_.email as email2_2_, user_.password as password3_2_, user_.refresh_token as refresh_4_2_, user_.role_id as role_id5_2_ from application_user user_ where user_.id=?
17:03:33.104 [Test worker] DEBUG org.hibernate.persister.entity.AbstractEntityPersister -  Insert 0: insert into application_user (email, password, refresh_token, role_id, id) values (?, ?, ?, ?, ?)
17:03:33.104 [Test worker] DEBUG org.hibernate.persister.entity.AbstractEntityPersister -  Update 0: update application_user set email=?, password=?, refresh_token=?, role_id=? where id=?
17:03:33.104 [Test worker] DEBUG org.hibernate.persister.entity.AbstractEntityPersister -  Delete 0: delete from application_user where id=?
17:03:33.104 [Test worker] DEBUG org.hibernate.persister.entity.AbstractEntityPersister -  Identity insert: insert into application_user (id, email, password, refresh_token, role_id) values (null, ?, ?, ?, ?)
17:03:33.104 [Test worker] DEBUG org.hibernate.loader.plan.build.internal.spaces.QuerySpacesImpl - Adding QuerySpace : uid = <gen:0> -> org.hibernate.loader.plan.build.internal.spaces.EntityQuerySpaceImpl@119996]
17:03:33.104 [Test worker] DEBUG org.hibernate.persister.walking.spi.MetamodelGraphWalker - Visiting attribute path : email
17:03:33.104 [Test worker] DEBUG org.hibernate.persister.walking.spi.MetamodelGraphWalker - Visiting attribute path : orders
17:03:33.105 [Test worker] DEBUG org.hibernate.loader.plan.build.internal.spaces.QuerySpacesImpl - Adding QuerySpace : uid = <gen:1> -> org.hibernate.loader.plan.build.internal.spaces.CollectionQuerySpaceImpl@1227b1ba]
17:03:33.105 [Test worker] DEBUG org.hibernate.loader.plan.build.internal.spaces.QuerySpacesImpl - Adding QuerySpace : uid = <gen:2> -> org.hibernate.loader.plan.build.internal.spaces.EntityQuerySpaceImpl@5370e90b]
17:03:33.105 [Test worker] DEBUG org.hibernate.persister.walking.spi.MetamodelGraphWalker - Visiting attribute path : password
17:03:33.105 [Test worker] DEBUG org.hibernate.persister.walking.spi.MetamodelGraphWalker - Visiting attribute path : refreshToken
17:03:33.105 [Test worker] DEBUG org.hibernate.persister.walking.spi.MetamodelGraphWalker - Visiting attribute path : role
17:03:33.105 [Test worker] DEBUG org.hibernate.loader.plan.build.internal.spaces.QuerySpacesImpl - Adding QuerySpace : uid = <gen:3> -> org.hibernate.loader.plan.build.internal.spaces.EntityQuerySpaceImpl@5f2107da]
17:03:33.105 [Test worker] DEBUG org.hibernate.persister.walking.spi.MetamodelGraphWalker - Visiting attribute path : role.value
17:03:33.105 [Test worker] DEBUG org.hibernate.loader.plan.build.internal.FetchStyleLoadPlanBuildingAssociationVisitationStrategy - Building LoadPlan...
17:03:33.105 [Test worker] DEBUG org.hibernate.loader.plan.exec.internal.LoadQueryJoinAndFetchProcessor - processing queryspace <gen:0>
17:03:33.106 [Test worker] DEBUG org.hibernate.loader.plan.build.spi.LoadPlanTreePrinter - LoadPlan(entity=com.epam.esm.entity.User)
    - Returns
       - EntityReturnImpl(entity=com.epam.esm.entity.User, querySpaceUid=<gen:0>, path=com.epam.esm.entity.User)
          - CollectionAttributeFetchImpl(collection=com.epam.esm.entity.User.orders, querySpaceUid=<gen:1>, path=com.epam.esm.entity.User.orders)
             - (collection element) CollectionFetchableElementEntityGraph(entity=com.epam.esm.entity.Order, querySpaceUid=<gen:2>, path=com.epam.esm.entity.User.orders.<elements>)
          - EntityAttributeFetchImpl(entity=com.epam.esm.entity.Role, querySpaceUid=<gen:3>, path=com.epam.esm.entity.User.role)
    - QuerySpaces
       - EntityQuerySpaceImpl(uid=<gen:0>, entity=com.epam.esm.entity.User)
          - SQL table alias mapping - user0_
          - alias suffix - 0_
          - suffixed key columns - {id1_2_0_}
          - JOIN (JoinDefinedByMetadata(role)) : <gen:0> -> <gen:3>
             - EntityQuerySpaceImpl(uid=<gen:3>, entity=com.epam.esm.entity.Role)
                - SQL table alias mapping - role1_
                - alias suffix - 1_
                - suffixed key columns - {id1_1_1_}

17:03:33.106 [Test worker] DEBUG org.hibernate.loader.entity.plan.EntityLoader - Static select for entity com.epam.esm.entity.User [NONE]: select user0_.id as id1_2_0_, user0_.email as email2_2_0_, user0_.password as password3_2_0_, user0_.refresh_token as refresh_4_2_0_, user0_.role_id as role_id5_2_0_, role1_.id as id1_1_1_, role1_.value as value2_1_1_ from application_user user0_ left outer join application_role role1_ on user0_.role_id=role1_.id where user0_.id=?
17:03:33.106 [Test worker] DEBUG org.hibernate.loader.plan.build.internal.spaces.QuerySpacesImpl - Adding QuerySpace : uid = <gen:0> -> org.hibernate.loader.plan.build.internal.spaces.EntityQuerySpaceImpl@3f30139b]
17:03:33.106 [Test worker] DEBUG org.hibernate.persister.walking.spi.MetamodelGraphWalker - Visiting attribute path : email
17:03:33.106 [Test worker] DEBUG org.hibernate.persister.walking.spi.MetamodelGraphWalker - Visiting attribute path : orders
17:03:33.106 [Test worker] DEBUG org.hibernate.loader.plan.build.internal.spaces.QuerySpacesImpl - Adding QuerySpace : uid = <gen:1> -> org.hibernate.loader.plan.build.internal.spaces.CollectionQuerySpaceImpl@3c1458a1]
17:03:33.106 [Test worker] DEBUG org.hibernate.loader.plan.build.internal.spaces.QuerySpacesImpl - Adding QuerySpace : uid = <gen:2> -> org.hibernate.loader.plan.build.internal.spaces.EntityQuerySpaceImpl@24d428f]
17:03:33.106 [Test worker] DEBUG org.hibernate.persister.walking.spi.MetamodelGraphWalker - Visiting attribute path : password
17:03:33.106 [Test worker] DEBUG org.hibernate.persister.walking.spi.MetamodelGraphWalker - Visiting attribute path : refreshToken
17:03:33.106 [Test worker] DEBUG org.hibernate.persister.walking.spi.MetamodelGraphWalker - Visiting attribute path : role
17:03:33.106 [Test worker] DEBUG org.hibernate.loader.plan.build.internal.spaces.QuerySpacesImpl - Adding QuerySpace : uid = <gen:3> -> org.hibernate.loader.plan.build.internal.spaces.EntityQuerySpaceImpl@3dde2596]
17:03:33.106 [Test worker] DEBUG org.hibernate.persister.walking.spi.MetamodelGraphWalker - Visiting attribute path : role.value
17:03:33.106 [Test worker] DEBUG org.hibernate.loader.plan.build.internal.FetchStyleLoadPlanBuildingAssociationVisitationStrategy - Building LoadPlan...
17:03:33.106 [Test worker] DEBUG org.hibernate.loader.plan.exec.internal.LoadQueryJoinAndFetchProcessor - processing queryspace <gen:0>
17:03:33.107 [Test worker] DEBUG org.hibernate.loader.plan.build.spi.LoadPlanTreePrinter - LoadPlan(entity=com.epam.esm.entity.User)
    - Returns
       - EntityReturnImpl(entity=com.epam.esm.entity.User, querySpaceUid=<gen:0>, path=com.epam.esm.entity.User)
          - CollectionAttributeFetchImpl(collection=com.epam.esm.entity.User.orders, querySpaceUid=<gen:1>, path=com.epam.esm.entity.User.orders)
             - (collection element) CollectionFetchableElementEntityGraph(entity=com.epam.esm.entity.Order, querySpaceUid=<gen:2>, path=com.epam.esm.entity.User.orders.<elements>)
          - EntityAttributeFetchImpl(entity=com.epam.esm.entity.Role, querySpaceUid=<gen:3>, path=com.epam.esm.entity.User.role)
    - QuerySpaces
       - EntityQuerySpaceImpl(uid=<gen:0>, entity=com.epam.esm.entity.User)
          - SQL table alias mapping - user0_
          - alias suffix - 0_
          - suffixed key columns - {id1_2_0_}
          - JOIN (JoinDefinedByMetadata(role)) : <gen:0> -> <gen:3>
             - EntityQuerySpaceImpl(uid=<gen:3>, entity=com.epam.esm.entity.Role)
                - SQL table alias mapping - role1_
                - alias suffix - 1_
                - suffixed key columns - {id1_1_1_}

17:03:33.107 [Test worker] DEBUG org.hibernate.loader.entity.plan.EntityLoader - Static select for entity com.epam.esm.entity.User [READ]: select user0_.id as id1_2_0_, user0_.email as email2_2_0_, user0_.password as password3_2_0_, user0_.refresh_token as refresh_4_2_0_, user0_.role_id as role_id5_2_0_, role1_.id as id1_1_1_, role1_.value as value2_1_1_ from application_user user0_ left outer join application_role role1_ on user0_.role_id=role1_.id where user0_.id=?
17:03:33.107 [Test worker] DEBUG org.hibernate.loader.Loader - Static select for action ACTION_MERGE on entity com.epam.esm.entity.User: select user0_.id as id1_2_0_, user0_.email as email2_2_0_, user0_.password as password3_2_0_, user0_.refresh_token as refresh_4_2_0_, user0_.role_id as role_id5_2_0_ from application_user user0_ where user0_.id=?
17:03:33.107 [Test worker] DEBUG org.hibernate.loader.Loader - Static select for action ACTION_REFRESH on entity com.epam.esm.entity.User: select user0_.id as id1_2_0_, user0_.email as email2_2_0_, user0_.password as password3_2_0_, user0_.refresh_token as refresh_4_2_0_, user0_.role_id as role_id5_2_0_ from application_user user0_ where user0_.id=?
17:03:33.107 [Test worker] DEBUG org.hibernate.persister.entity.AbstractEntityPersister - Static SQL for entity: com.epam.esm.entity.Entity
17:03:33.107 [Test worker] DEBUG org.hibernate.persister.entity.AbstractEntityPersister -  Version select: select id from entity where id =?
17:03:33.107 [Test worker] DEBUG org.hibernate.persister.entity.AbstractEntityPersister -  Snapshot select: select entity_.id from entity entity_ where entity_.id=?
17:03:33.107 [Test worker] DEBUG org.hibernate.persister.entity.AbstractEntityPersister -  Insert 0: insert into entity (id) values (?)
17:03:33.107 [Test worker] DEBUG org.hibernate.persister.entity.AbstractEntityPersister -  Update 0: null
17:03:33.107 [Test worker] DEBUG org.hibernate.persister.entity.AbstractEntityPersister -  Delete 0: delete from entity where id=?
17:03:33.107 [Test worker] DEBUG org.hibernate.persister.entity.AbstractEntityPersister -  Identity insert: insert into entity (id) values (null)
17:03:33.108 [Test worker] DEBUG org.hibernate.loader.plan.build.internal.spaces.QuerySpacesImpl - Adding QuerySpace : uid = <gen:0> -> org.hibernate.loader.plan.build.internal.spaces.EntityQuerySpaceImpl@2c2c22f2]
17:03:33.108 [Test worker] DEBUG org.hibernate.loader.plan.build.internal.FetchStyleLoadPlanBuildingAssociationVisitationStrategy - Building LoadPlan...
17:03:33.108 [Test worker] DEBUG org.hibernate.loader.plan.exec.internal.LoadQueryJoinAndFetchProcessor - processing queryspace <gen:0>
17:03:33.108 [Test worker] DEBUG org.hibernate.loader.plan.build.spi.LoadPlanTreePrinter - LoadPlan(entity=com.epam.esm.entity.Entity)
    - Returns
       - EntityReturnImpl(entity=com.epam.esm.entity.Entity, querySpaceUid=<gen:0>, path=com.epam.esm.entity.Entity)
    - QuerySpaces
       - EntityQuerySpaceImpl(uid=<gen:0>, entity=com.epam.esm.entity.Entity)
          - SQL table alias mapping - entity0_
          - alias suffix - 0_
          - suffixed key columns - {id1_5_0_}

17:03:33.108 [Test worker] DEBUG org.hibernate.loader.entity.plan.EntityLoader - Static select for entity com.epam.esm.entity.Entity [NONE]: select entity0_.id as id1_5_0_ from entity entity0_ where entity0_.id=?
17:03:33.108 [Test worker] DEBUG org.hibernate.loader.plan.build.internal.spaces.QuerySpacesImpl - Adding QuerySpace : uid = <gen:0> -> org.hibernate.loader.plan.build.internal.spaces.EntityQuerySpaceImpl@8232b42]
17:03:33.108 [Test worker] DEBUG org.hibernate.loader.plan.build.internal.FetchStyleLoadPlanBuildingAssociationVisitationStrategy - Building LoadPlan...
17:03:33.108 [Test worker] DEBUG org.hibernate.loader.plan.exec.internal.LoadQueryJoinAndFetchProcessor - processing queryspace <gen:0>
17:03:33.108 [Test worker] DEBUG org.hibernate.loader.plan.build.spi.LoadPlanTreePrinter - LoadPlan(entity=com.epam.esm.entity.Entity)
    - Returns
       - EntityReturnImpl(entity=com.epam.esm.entity.Entity, querySpaceUid=<gen:0>, path=com.epam.esm.entity.Entity)
    - QuerySpaces
       - EntityQuerySpaceImpl(uid=<gen:0>, entity=com.epam.esm.entity.Entity)
          - SQL table alias mapping - entity0_
          - alias suffix - 0_
          - suffixed key columns - {id1_5_0_}

17:03:33.108 [Test worker] DEBUG org.hibernate.loader.entity.plan.EntityLoader - Static select for entity com.epam.esm.entity.Entity [READ]: select entity0_.id as id1_5_0_ from entity entity0_ where entity0_.id=?
17:03:33.109 [Test worker] DEBUG org.hibernate.loader.Loader - Static select for action ACTION_MERGE on entity com.epam.esm.entity.Entity: select entity0_.id as id1_5_0_ from entity entity0_ where entity0_.id=?
17:03:33.109 [Test worker] DEBUG org.hibernate.loader.Loader - Static select for action ACTION_REFRESH on entity com.epam.esm.entity.Entity: select entity0_.id as id1_5_0_ from entity entity0_ where entity0_.id=?
17:03:33.109 [Test worker] DEBUG org.hibernate.persister.entity.AbstractEntityPersister - Static SQL for entity: com.epam.esm.entity.Tag
17:03:33.109 [Test worker] DEBUG org.hibernate.persister.entity.AbstractEntityPersister -  Version select: select id from tag where id =?
17:03:33.109 [Test worker] DEBUG org.hibernate.persister.entity.AbstractEntityPersister -  Snapshot select: select tag_.id from tag tag_ where tag_.id=?
17:03:33.109 [Test worker] DEBUG org.hibernate.persister.entity.AbstractEntityPersister -  Insert 0: insert into tag (title, id) values (?, ?)
17:03:33.109 [Test worker] DEBUG org.hibernate.persister.entity.AbstractEntityPersister -  Update 0: null
17:03:33.109 [Test worker] DEBUG org.hibernate.persister.entity.AbstractEntityPersister -  Delete 0: delete from tag where id=?
17:03:33.109 [Test worker] DEBUG org.hibernate.persister.entity.AbstractEntityPersister -  Identity insert: insert into tag (id, title) values (null, ?)
17:03:33.109 [Test worker] DEBUG org.hibernate.loader.plan.build.internal.spaces.QuerySpacesImpl - Adding QuerySpace : uid = <gen:0> -> org.hibernate.loader.plan.build.internal.spaces.EntityQuerySpaceImpl@6ab333fc]
17:03:33.109 [Test worker] DEBUG org.hibernate.persister.walking.spi.MetamodelGraphWalker - Visiting attribute path : title
17:03:33.109 [Test worker] DEBUG org.hibernate.loader.plan.build.internal.FetchStyleLoadPlanBuildingAssociationVisitationStrategy - Building LoadPlan...
17:03:33.109 [Test worker] DEBUG org.hibernate.loader.plan.exec.internal.LoadQueryJoinAndFetchProcessor - processing queryspace <gen:0>
17:03:33.109 [Test worker] DEBUG org.hibernate.loader.plan.build.spi.LoadPlanTreePrinter - LoadPlan(entity=com.epam.esm.entity.Tag)
    - Returns
       - EntityReturnImpl(entity=com.epam.esm.entity.Tag, querySpaceUid=<gen:0>, path=com.epam.esm.entity.Tag)
    - QuerySpaces
       - EntityQuerySpaceImpl(uid=<gen:0>, entity=com.epam.esm.entity.Tag)
          - SQL table alias mapping - tag0_
          - alias suffix - 0_
          - suffixed key columns - {id1_7_0_}

17:03:33.109 [Test worker] DEBUG org.hibernate.loader.entity.plan.EntityLoader - Static select for entity com.epam.esm.entity.Tag [NONE]: select tag0_.id as id1_7_0_, tag0_.title as title2_7_0_ from tag tag0_ where tag0_.id=?
17:03:33.110 [Test worker] DEBUG org.hibernate.loader.plan.build.internal.spaces.QuerySpacesImpl - Adding QuerySpace : uid = <gen:0> -> org.hibernate.loader.plan.build.internal.spaces.EntityQuerySpaceImpl@55ce0bc1]
17:03:33.110 [Test worker] DEBUG org.hibernate.persister.walking.spi.MetamodelGraphWalker - Visiting attribute path : title
17:03:33.110 [Test worker] DEBUG org.hibernate.loader.plan.build.internal.FetchStyleLoadPlanBuildingAssociationVisitationStrategy - Building LoadPlan...
17:03:33.110 [Test worker] DEBUG org.hibernate.loader.plan.exec.internal.LoadQueryJoinAndFetchProcessor - processing queryspace <gen:0>
17:03:33.110 [Test worker] DEBUG org.hibernate.loader.plan.build.spi.LoadPlanTreePrinter - LoadPlan(entity=com.epam.esm.entity.Tag)
    - Returns
       - EntityReturnImpl(entity=com.epam.esm.entity.Tag, querySpaceUid=<gen:0>, path=com.epam.esm.entity.Tag)
    - QuerySpaces
       - EntityQuerySpaceImpl(uid=<gen:0>, entity=com.epam.esm.entity.Tag)
          - SQL table alias mapping - tag0_
          - alias suffix - 0_
          - suffixed key columns - {id1_7_0_}

17:03:33.110 [Test worker] DEBUG org.hibernate.loader.entity.plan.EntityLoader - Static select for entity com.epam.esm.entity.Tag [READ]: select tag0_.id as id1_7_0_, tag0_.title as title2_7_0_ from tag tag0_ where tag0_.id=?
17:03:33.110 [Test worker] DEBUG org.hibernate.loader.Loader - Static select for action ACTION_MERGE on entity com.epam.esm.entity.Tag: select tag0_.id as id1_7_0_, tag0_.title as title2_7_0_ from tag tag0_ where tag0_.id=?
17:03:33.110 [Test worker] DEBUG org.hibernate.loader.Loader - Static select for action ACTION_REFRESH on entity com.epam.esm.entity.Tag: select tag0_.id as id1_7_0_, tag0_.title as title2_7_0_ from tag tag0_ where tag0_.id=?
17:03:33.110 [Test worker] DEBUG org.hibernate.persister.entity.AbstractEntityPersister - Static SQL for entity: com.epam.esm.entity.OrderCertificate
17:03:33.110 [Test worker] DEBUG org.hibernate.persister.entity.AbstractEntityPersister -  Version select: select id from order_certificate where id =?
17:03:33.110 [Test worker] DEBUG org.hibernate.persister.entity.AbstractEntityPersister -  Snapshot select: select ordercerti_.id, ordercerti_.certificate_id as certific4_6_, ordercerti_.expiration_date as expirati2_6_, ordercerti_.fixed_price as fixed_pr3_6_, ordercerti_.order_id as order_id5_6_ from order_certificate ordercerti_ where ordercerti_.id=?
17:03:33.110 [Test worker] DEBUG org.hibernate.persister.entity.AbstractEntityPersister -  Insert 0: insert into order_certificate (certificate_id, expiration_date, fixed_price, order_id, id) values (?, ?, ?, ?, ?)
17:03:33.110 [Test worker] DEBUG org.hibernate.persister.entity.AbstractEntityPersister -  Update 0: update order_certificate set certificate_id=?, expiration_date=?, fixed_price=?, order_id=? where id=?
17:03:33.110 [Test worker] DEBUG org.hibernate.persister.entity.AbstractEntityPersister -  Delete 0: delete from order_certificate where id=?
17:03:33.110 [Test worker] DEBUG org.hibernate.persister.entity.AbstractEntityPersister -  Identity insert: insert into order_certificate (id, certificate_id, expiration_date, fixed_price, order_id) values (null, ?, ?, ?, ?)
17:03:33.111 [Test worker] DEBUG org.hibernate.loader.plan.build.internal.spaces.QuerySpacesImpl - Adding QuerySpace : uid = <gen:0> -> org.hibernate.loader.plan.build.internal.spaces.EntityQuerySpaceImpl@2cacdc63]
17:03:33.111 [Test worker] DEBUG org.hibernate.persister.walking.spi.MetamodelGraphWalker - Visiting attribute path : certificate
17:03:33.111 [Test worker] DEBUG org.hibernate.loader.plan.build.internal.spaces.QuerySpacesImpl - Adding QuerySpace : uid = <gen:1> -> org.hibernate.loader.plan.build.internal.spaces.EntityQuerySpaceImpl@7fc0cff7]
17:03:33.111 [Test worker] DEBUG org.hibernate.persister.walking.spi.MetamodelGraphWalker - Visiting attribute path : expirationDate
17:03:33.111 [Test worker] DEBUG org.hibernate.persister.walking.spi.MetamodelGraphWalker - Visiting attribute path : fixedPrice
17:03:33.111 [Test worker] DEBUG org.hibernate.persister.walking.spi.MetamodelGraphWalker - Visiting attribute path : order
17:03:33.111 [Test worker] DEBUG org.hibernate.loader.plan.build.internal.spaces.QuerySpacesImpl - Adding QuerySpace : uid = <gen:2> -> org.hibernate.loader.plan.build.internal.spaces.EntityQuerySpaceImpl@39b0de05]
17:03:33.111 [Test worker] DEBUG org.hibernate.persister.walking.spi.MetamodelGraphWalker - Visiting attribute path : order.activeStatus
17:03:33.111 [Test worker] DEBUG org.hibernate.persister.walking.spi.MetamodelGraphWalker - Visiting attribute path : order.createdAt
17:03:33.111 [Test worker] DEBUG org.hibernate.persister.walking.spi.MetamodelGraphWalker - Visiting attribute path : order.orderCertificates
17:03:33.111 [Test worker] DEBUG org.hibernate.persister.walking.spi.MetamodelGraphWalker - Property path deemed to be circular : order.orderCertificates
17:03:33.111 [Test worker] DEBUG org.hibernate.persister.walking.spi.MetamodelGraphWalker - Visiting attribute path : order.user
17:03:33.111 [Test worker] DEBUG org.hibernate.loader.plan.build.internal.spaces.QuerySpacesImpl - Adding QuerySpace : uid = <gen:3> -> org.hibernate.loader.plan.build.internal.spaces.EntityQuerySpaceImpl@30b1d86]
17:03:33.111 [Test worker] DEBUG org.hibernate.persister.walking.spi.MetamodelGraphWalker - Visiting attribute path : order.user.email
17:03:33.111 [Test worker] DEBUG org.hibernate.persister.walking.spi.MetamodelGraphWalker - Visiting attribute path : order.user.orders
17:03:33.111 [Test worker] DEBUG org.hibernate.persister.walking.spi.MetamodelGraphWalker - Property path deemed to be circular : order.user.orders
17:03:33.111 [Test worker] DEBUG org.hibernate.persister.walking.spi.MetamodelGraphWalker - Visiting attribute path : order.user.password
17:03:33.111 [Test worker] DEBUG org.hibernate.persister.walking.spi.MetamodelGraphWalker - Visiting attribute path : order.user.refreshToken
17:03:33.111 [Test worker] DEBUG org.hibernate.persister.walking.spi.MetamodelGraphWalker - Visiting attribute path : order.user.role
17:03:33.111 [Test worker] DEBUG org.hibernate.loader.plan.build.internal.spaces.QuerySpacesImpl - Adding QuerySpace : uid = <gen:4> -> org.hibernate.loader.plan.build.internal.spaces.EntityQuerySpaceImpl@45b27cdd]
17:03:33.112 [Test worker] DEBUG org.hibernate.persister.walking.spi.MetamodelGraphWalker - Visiting attribute path : order.user.role.value
17:03:33.112 [Test worker] DEBUG org.hibernate.loader.plan.build.internal.FetchStyleLoadPlanBuildingAssociationVisitationStrategy - Building LoadPlan...
17:03:33.112 [Test worker] DEBUG org.hibernate.loader.plan.exec.internal.LoadQueryJoinAndFetchProcessor - processing queryspace <gen:0>
17:03:33.112 [Test worker] DEBUG org.hibernate.loader.plan.build.spi.LoadPlanTreePrinter - LoadPlan(entity=com.epam.esm.entity.OrderCertificate)
    - Returns
       - EntityReturnImpl(entity=com.epam.esm.entity.OrderCertificate, querySpaceUid=<gen:0>, path=com.epam.esm.entity.OrderCertificate)
          - EntityAttributeFetchImpl(entity=com.epam.esm.entity.GiftCertificate, querySpaceUid=<gen:1>, path=com.epam.esm.entity.OrderCertificate.certificate)
          - EntityAttributeFetchImpl(entity=com.epam.esm.entity.Order, querySpaceUid=<gen:2>, path=com.epam.esm.entity.OrderCertificate.order)
             - EntityAttributeFetchImpl(entity=com.epam.esm.entity.User, querySpaceUid=<gen:3>, path=com.epam.esm.entity.OrderCertificate.order.user)
                - EntityAttributeFetchImpl(entity=com.epam.esm.entity.Role, querySpaceUid=<gen:4>, path=com.epam.esm.entity.OrderCertificate.order.user.role)
    - QuerySpaces
       - EntityQuerySpaceImpl(uid=<gen:0>, entity=com.epam.esm.entity.OrderCertificate)
          - SQL table alias mapping - ordercerti0_
          - alias suffix - 0_
          - suffixed key columns - {id1_6_0_}
          - JOIN (JoinDefinedByMetadata(order)) : <gen:0> -> <gen:2>
             - EntityQuerySpaceImpl(uid=<gen:2>, entity=com.epam.esm.entity.Order)
                - SQL table alias mapping - order1_
                - alias suffix - 1_
                - suffixed key columns - {id1_0_1_}
                - JOIN (JoinDefinedByMetadata(user)) : <gen:2> -> <gen:3>
                   - EntityQuerySpaceImpl(uid=<gen:3>, entity=com.epam.esm.entity.User)
                      - SQL table alias mapping - user2_
                      - alias suffix - 2_
                      - suffixed key columns - {id1_2_2_}
                      - JOIN (JoinDefinedByMetadata(role)) : <gen:3> -> <gen:4>
                         - EntityQuerySpaceImpl(uid=<gen:4>, entity=com.epam.esm.entity.Role)
                            - SQL table alias mapping - role3_
                            - alias suffix - 3_
                            - suffixed key columns - {id1_1_3_}

17:03:33.112 [Test worker] DEBUG org.hibernate.loader.entity.plan.EntityLoader - Static select for entity com.epam.esm.entity.OrderCertificate [NONE]: select ordercerti0_.id as id1_6_0_, ordercerti0_.certificate_id as certific4_6_0_, ordercerti0_.expiration_date as expirati2_6_0_, ordercerti0_.fixed_price as fixed_pr3_6_0_, ordercerti0_.order_id as order_id5_6_0_, order1_.id as id1_0_1_, order1_.active_status as active_s2_0_1_, order1_.created_at as created_3_0_1_, order1_.user_id as user_id4_0_1_, user2_.id as id1_2_2_, user2_.email as email2_2_2_, user2_.password as password3_2_2_, user2_.refresh_token as refresh_4_2_2_, user2_.role_id as role_id5_2_2_, role3_.id as id1_1_3_, role3_.value as value2_1_3_ from order_certificate ordercerti0_ left outer join application_order order1_ on ordercerti0_.order_id=order1_.id left outer join application_user user2_ on order1_.user_id=user2_.id left outer join application_role role3_ on user2_.role_id=role3_.id where ordercerti0_.id=?
17:03:33.112 [Test worker] DEBUG org.hibernate.loader.plan.build.internal.spaces.QuerySpacesImpl - Adding QuerySpace : uid = <gen:0> -> org.hibernate.loader.plan.build.internal.spaces.EntityQuerySpaceImpl@47767e2f]
17:03:33.112 [Test worker] DEBUG org.hibernate.persister.walking.spi.MetamodelGraphWalker - Visiting attribute path : certificate
17:03:33.112 [Test worker] DEBUG org.hibernate.loader.plan.build.internal.spaces.QuerySpacesImpl - Adding QuerySpace : uid = <gen:1> -> org.hibernate.loader.plan.build.internal.spaces.EntityQuerySpaceImpl@5062772]
17:03:33.112 [Test worker] DEBUG org.hibernate.persister.walking.spi.MetamodelGraphWalker - Visiting attribute path : expirationDate
17:03:33.112 [Test worker] DEBUG org.hibernate.persister.walking.spi.MetamodelGraphWalker - Visiting attribute path : fixedPrice
17:03:33.112 [Test worker] DEBUG org.hibernate.persister.walking.spi.MetamodelGraphWalker - Visiting attribute path : order
17:03:33.113 [Test worker] DEBUG org.hibernate.loader.plan.build.internal.spaces.QuerySpacesImpl - Adding QuerySpace : uid = <gen:2> -> org.hibernate.loader.plan.build.internal.spaces.EntityQuerySpaceImpl@4cbd1a00]
17:03:33.113 [Test worker] DEBUG org.hibernate.persister.walking.spi.MetamodelGraphWalker - Visiting attribute path : order.activeStatus
17:03:33.113 [Test worker] DEBUG org.hibernate.persister.walking.spi.MetamodelGraphWalker - Visiting attribute path : order.createdAt
17:03:33.113 [Test worker] DEBUG org.hibernate.persister.walking.spi.MetamodelGraphWalker - Visiting attribute path : order.orderCertificates
17:03:33.113 [Test worker] DEBUG org.hibernate.persister.walking.spi.MetamodelGraphWalker - Property path deemed to be circular : order.orderCertificates
17:03:33.113 [Test worker] DEBUG org.hibernate.persister.walking.spi.MetamodelGraphWalker - Visiting attribute path : order.user
17:03:33.113 [Test worker] DEBUG org.hibernate.loader.plan.build.internal.spaces.QuerySpacesImpl - Adding QuerySpace : uid = <gen:3> -> org.hibernate.loader.plan.build.internal.spaces.EntityQuerySpaceImpl@4c545ec9]
17:03:33.113 [Test worker] DEBUG org.hibernate.persister.walking.spi.MetamodelGraphWalker - Visiting attribute path : order.user.email
17:03:33.113 [Test worker] DEBUG org.hibernate.persister.walking.spi.MetamodelGraphWalker - Visiting attribute path : order.user.orders
17:03:33.113 [Test worker] DEBUG org.hibernate.persister.walking.spi.MetamodelGraphWalker - Property path deemed to be circular : order.user.orders
17:03:33.113 [Test worker] DEBUG org.hibernate.persister.walking.spi.MetamodelGraphWalker - Visiting attribute path : order.user.password
17:03:33.113 [Test worker] DEBUG org.hibernate.persister.walking.spi.MetamodelGraphWalker - Visiting attribute path : order.user.refreshToken
17:03:33.113 [Test worker] DEBUG org.hibernate.persister.walking.spi.MetamodelGraphWalker - Visiting attribute path : order.user.role
17:03:33.113 [Test worker] DEBUG org.hibernate.loader.plan.build.internal.spaces.QuerySpacesImpl - Adding QuerySpace : uid = <gen:4> -> org.hibernate.loader.plan.build.internal.spaces.EntityQuerySpaceImpl@5c94b587]
17:03:33.113 [Test worker] DEBUG org.hibernate.persister.walking.spi.MetamodelGraphWalker - Visiting attribute path : order.user.role.value
17:03:33.113 [Test worker] DEBUG org.hibernate.loader.plan.build.internal.FetchStyleLoadPlanBuildingAssociationVisitationStrategy - Building LoadPlan...
17:03:33.113 [Test worker] DEBUG org.hibernate.loader.plan.exec.internal.LoadQueryJoinAndFetchProcessor - processing queryspace <gen:0>
17:03:33.114 [Test worker] DEBUG org.hibernate.loader.plan.build.spi.LoadPlanTreePrinter - LoadPlan(entity=com.epam.esm.entity.OrderCertificate)
    - Returns
       - EntityReturnImpl(entity=com.epam.esm.entity.OrderCertificate, querySpaceUid=<gen:0>, path=com.epam.esm.entity.OrderCertificate)
          - EntityAttributeFetchImpl(entity=com.epam.esm.entity.GiftCertificate, querySpaceUid=<gen:1>, path=com.epam.esm.entity.OrderCertificate.certificate)
          - EntityAttributeFetchImpl(entity=com.epam.esm.entity.Order, querySpaceUid=<gen:2>, path=com.epam.esm.entity.OrderCertificate.order)
             - EntityAttributeFetchImpl(entity=com.epam.esm.entity.User, querySpaceUid=<gen:3>, path=com.epam.esm.entity.OrderCertificate.order.user)
                - EntityAttributeFetchImpl(entity=com.epam.esm.entity.Role, querySpaceUid=<gen:4>, path=com.epam.esm.entity.OrderCertificate.order.user.role)
    - QuerySpaces
       - EntityQuerySpaceImpl(uid=<gen:0>, entity=com.epam.esm.entity.OrderCertificate)
          - SQL table alias mapping - ordercerti0_
          - alias suffix - 0_
          - suffixed key columns - {id1_6_0_}
          - JOIN (JoinDefinedByMetadata(order)) : <gen:0> -> <gen:2>
             - EntityQuerySpaceImpl(uid=<gen:2>, entity=com.epam.esm.entity.Order)
                - SQL table alias mapping - order1_
                - alias suffix - 1_
                - suffixed key columns - {id1_0_1_}
                - JOIN (JoinDefinedByMetadata(user)) : <gen:2> -> <gen:3>
                   - EntityQuerySpaceImpl(uid=<gen:3>, entity=com.epam.esm.entity.User)
                      - SQL table alias mapping - user2_
                      - alias suffix - 2_
                      - suffixed key columns - {id1_2_2_}
                      - JOIN (JoinDefinedByMetadata(role)) : <gen:3> -> <gen:4>
                         - EntityQuerySpaceImpl(uid=<gen:4>, entity=com.epam.esm.entity.Role)
                            - SQL table alias mapping - role3_
                            - alias suffix - 3_
                            - suffixed key columns - {id1_1_3_}

17:03:33.114 [Test worker] DEBUG org.hibernate.loader.entity.plan.EntityLoader - Static select for entity com.epam.esm.entity.OrderCertificate [READ]: select ordercerti0_.id as id1_6_0_, ordercerti0_.certificate_id as certific4_6_0_, ordercerti0_.expiration_date as expirati2_6_0_, ordercerti0_.fixed_price as fixed_pr3_6_0_, ordercerti0_.order_id as order_id5_6_0_, order1_.id as id1_0_1_, order1_.active_status as active_s2_0_1_, order1_.created_at as created_3_0_1_, order1_.user_id as user_id4_0_1_, user2_.id as id1_2_2_, user2_.email as email2_2_2_, user2_.password as password3_2_2_, user2_.refresh_token as refresh_4_2_2_, user2_.role_id as role_id5_2_2_, role3_.id as id1_1_3_, role3_.value as value2_1_3_ from order_certificate ordercerti0_ left outer join application_order order1_ on ordercerti0_.order_id=order1_.id left outer join application_user user2_ on order1_.user_id=user2_.id left outer join application_role role3_ on user2_.role_id=role3_.id where ordercerti0_.id=?
17:03:33.114 [Test worker] DEBUG org.hibernate.loader.Loader - Static select for action ACTION_MERGE on entity com.epam.esm.entity.OrderCertificate: select ordercerti0_.id as id1_6_3_, ordercerti0_.certificate_id as certific4_6_3_, ordercerti0_.expiration_date as expirati2_6_3_, ordercerti0_.fixed_price as fixed_pr3_6_3_, ordercerti0_.order_id as order_id5_6_3_, giftcertif1_.id as id1_3_0_, giftcertif1_.active_status as active_s2_3_0_, giftcertif1_.creation_date as creation3_3_0_, giftcertif1_.description as descript4_3_0_, giftcertif1_.expiration_date as expirati5_3_0_, giftcertif1_.modification_date as modifica6_3_0_, giftcertif1_.name as name7_3_0_, giftcertif1_.price as price8_3_0_, tags2_.certificate_id as certific1_4_5_, tag3_.id as tag_id2_4_5_, tag3_.id as id1_7_1_, tag3_.title as title2_7_1_, order4_.id as id1_0_2_, order4_.active_status as active_s2_0_2_, order4_.created_at as created_3_0_2_, order4_.user_id as user_id4_0_2_ from order_certificate ordercerti0_ left outer join certificate giftcertif1_ on ordercerti0_.certificate_id=giftcertif1_.id left outer join certificate_tag tags2_ on giftcertif1_.id=tags2_.certificate_id left outer join tag tag3_ on tags2_.tag_id=tag3_.id left outer join application_order order4_ on ordercerti0_.order_id=order4_.id where ordercerti0_.id=?
17:03:33.114 [Test worker] DEBUG org.hibernate.loader.Loader - Static select for action ACTION_REFRESH on entity com.epam.esm.entity.OrderCertificate: select ordercerti0_.id as id1_6_2_, ordercerti0_.certificate_id as certific4_6_2_, ordercerti0_.expiration_date as expirati2_6_2_, ordercerti0_.fixed_price as fixed_pr3_6_2_, ordercerti0_.order_id as order_id5_6_2_, giftcertif1_.id as id1_3_0_, giftcertif1_.active_status as active_s2_3_0_, giftcertif1_.creation_date as creation3_3_0_, giftcertif1_.description as descript4_3_0_, giftcertif1_.expiration_date as expirati5_3_0_, giftcertif1_.modification_date as modifica6_3_0_, giftcertif1_.name as name7_3_0_, giftcertif1_.price as price8_3_0_, order2_.id as id1_0_1_, order2_.active_status as active_s2_0_1_, order2_.created_at as created_3_0_1_, order2_.user_id as user_id4_0_1_ from order_certificate ordercerti0_ left outer join certificate giftcertif1_ on ordercerti0_.certificate_id=giftcertif1_.id left outer join application_order order2_ on ordercerti0_.order_id=order2_.id where ordercerti0_.id=?
17:03:33.115 [Test worker] DEBUG org.hibernate.persister.entity.AbstractEntityPersister - Static SQL for entity: com.epam.esm.entity.Role
17:03:33.115 [Test worker] DEBUG org.hibernate.persister.entity.AbstractEntityPersister -  Version select: select id from application_role where id =?
17:03:33.115 [Test worker] DEBUG org.hibernate.persister.entity.AbstractEntityPersister -  Snapshot select: select role_.id, role_.value as value2_1_ from application_role role_ where role_.id=?
17:03:33.115 [Test worker] DEBUG org.hibernate.persister.entity.AbstractEntityPersister -  Insert 0: insert into application_role (value, id) values (?, ?)
17:03:33.115 [Test worker] DEBUG org.hibernate.persister.entity.AbstractEntityPersister -  Update 0: update application_role set value=? where id=?
17:03:33.115 [Test worker] DEBUG org.hibernate.persister.entity.AbstractEntityPersister -  Delete 0: delete from application_role where id=?
17:03:33.115 [Test worker] DEBUG org.hibernate.persister.entity.AbstractEntityPersister -  Identity insert: insert into application_role (id, value) values (null, ?)
17:03:33.115 [Test worker] DEBUG org.hibernate.loader.plan.build.internal.spaces.QuerySpacesImpl - Adding QuerySpace : uid = <gen:0> -> org.hibernate.loader.plan.build.internal.spaces.EntityQuerySpaceImpl@7e4f3106]
17:03:33.115 [Test worker] DEBUG org.hibernate.persister.walking.spi.MetamodelGraphWalker - Visiting attribute path : value
17:03:33.115 [Test worker] DEBUG org.hibernate.loader.plan.build.internal.FetchStyleLoadPlanBuildingAssociationVisitationStrategy - Building LoadPlan...
17:03:33.115 [Test worker] DEBUG org.hibernate.loader.plan.exec.internal.LoadQueryJoinAndFetchProcessor - processing queryspace <gen:0>
17:03:33.115 [Test worker] DEBUG org.hibernate.loader.plan.build.spi.LoadPlanTreePrinter - LoadPlan(entity=com.epam.esm.entity.Role)
    - Returns
       - EntityReturnImpl(entity=com.epam.esm.entity.Role, querySpaceUid=<gen:0>, path=com.epam.esm.entity.Role)
    - QuerySpaces
       - EntityQuerySpaceImpl(uid=<gen:0>, entity=com.epam.esm.entity.Role)
          - SQL table alias mapping - role0_
          - alias suffix - 0_
          - suffixed key columns - {id1_1_0_}

17:03:33.115 [Test worker] DEBUG org.hibernate.loader.entity.plan.EntityLoader - Static select for entity com.epam.esm.entity.Role [NONE]: select role0_.id as id1_1_0_, role0_.value as value2_1_0_ from application_role role0_ where role0_.id=?
17:03:33.115 [Test worker] DEBUG org.hibernate.loader.plan.build.internal.spaces.QuerySpacesImpl - Adding QuerySpace : uid = <gen:0> -> org.hibernate.loader.plan.build.internal.spaces.EntityQuerySpaceImpl@11295aa3]
17:03:33.115 [Test worker] DEBUG org.hibernate.persister.walking.spi.MetamodelGraphWalker - Visiting attribute path : value
17:03:33.115 [Test worker] DEBUG org.hibernate.loader.plan.build.internal.FetchStyleLoadPlanBuildingAssociationVisitationStrategy - Building LoadPlan...
17:03:33.115 [Test worker] DEBUG org.hibernate.loader.plan.exec.internal.LoadQueryJoinAndFetchProcessor - processing queryspace <gen:0>
17:03:33.115 [Test worker] DEBUG org.hibernate.loader.plan.build.spi.LoadPlanTreePrinter - LoadPlan(entity=com.epam.esm.entity.Role)
    - Returns
       - EntityReturnImpl(entity=com.epam.esm.entity.Role, querySpaceUid=<gen:0>, path=com.epam.esm.entity.Role)
    - QuerySpaces
       - EntityQuerySpaceImpl(uid=<gen:0>, entity=com.epam.esm.entity.Role)
          - SQL table alias mapping - role0_
          - alias suffix - 0_
          - suffixed key columns - {id1_1_0_}

17:03:33.115 [Test worker] DEBUG org.hibernate.loader.entity.plan.EntityLoader - Static select for entity com.epam.esm.entity.Role [READ]: select role0_.id as id1_1_0_, role0_.value as value2_1_0_ from application_role role0_ where role0_.id=?
17:03:33.116 [Test worker] DEBUG org.hibernate.loader.Loader - Static select for action ACTION_MERGE on entity com.epam.esm.entity.Role: select role0_.id as id1_1_0_, role0_.value as value2_1_0_ from application_role role0_ where role0_.id=?
17:03:33.116 [Test worker] DEBUG org.hibernate.loader.Loader - Static select for action ACTION_REFRESH on entity com.epam.esm.entity.Role: select role0_.id as id1_1_0_, role0_.value as value2_1_0_ from application_role role0_ where role0_.id=?
17:03:33.116 [Test worker] DEBUG org.hibernate.loader.plan.build.internal.spaces.QuerySpacesImpl - Adding QuerySpace : uid = <gen:0> -> org.hibernate.loader.plan.build.internal.spaces.CollectionQuerySpaceImpl@1a58efb4]
17:03:33.116 [Test worker] DEBUG org.hibernate.loader.plan.build.internal.spaces.QuerySpacesImpl - Adding QuerySpace : uid = <gen:1> -> org.hibernate.loader.plan.build.internal.spaces.EntityQuerySpaceImpl@350ac389]
17:03:33.116 [Test worker] DEBUG org.hibernate.persister.walking.spi.MetamodelGraphWalker - Visiting attribute path : title
17:03:33.116 [Test worker] DEBUG org.hibernate.loader.plan.build.internal.FetchStyleLoadPlanBuildingAssociationVisitationStrategy - Building LoadPlan...
17:03:33.116 [Test worker] DEBUG org.hibernate.loader.plan.exec.internal.LoadQueryJoinAndFetchProcessor - processing queryspace <gen:0>
17:03:33.116 [Test worker] DEBUG org.hibernate.loader.plan.build.spi.LoadPlanTreePrinter - LoadPlan(collection=com.epam.esm.entity.GiftCertificate.tags)
    - Returns
       - CollectionReturnImpl(collection=com.epam.esm.entity.GiftCertificate.tags, querySpaceUid=<gen:0>, path=[com.epam.esm.entity.GiftCertificate.tags])
          - (collection element) CollectionFetchableElementEntityGraph(entity=com.epam.esm.entity.Tag, querySpaceUid=<gen:1>, path=[com.epam.esm.entity.GiftCertificate.tags].<elements>)
    - QuerySpaces
       - CollectionQuerySpaceImpl(uid=<gen:0>, collection=com.epam.esm.entity.GiftCertificate.tags)
          - SQL table alias mapping - tags0_
          - alias suffix - 0_
          - suffixed key columns - {certific1_4_0_}
          - entity-element alias suffix - 1_
          - 1_entity-element suffixed key columns - id1_7_1_
          - JOIN (JoinDefinedByMetadata(elements)) : <gen:0> -> <gen:1>
             - EntityQuerySpaceImpl(uid=<gen:1>, entity=com.epam.esm.entity.Tag)
                - SQL table alias mapping - tag1_
                - alias suffix - 1_
                - suffixed key columns - {id1_7_1_}

17:03:33.117 [Test worker] DEBUG org.hibernate.loader.collection.plan.CollectionLoader - Static select for collection com.epam.esm.entity.GiftCertificate.tags: select tags0_.certificate_id as certific1_4_0_, tags0_.tag_id as tag_id2_4_0_, tag1_.id as id1_7_1_, tag1_.title as title2_7_1_ from certificate_tag tags0_ inner join tag tag1_ on tags0_.tag_id=tag1_.id where tags0_.certificate_id=?
17:03:33.117 [Test worker] DEBUG org.hibernate.loader.plan.build.internal.spaces.QuerySpacesImpl - Adding QuerySpace : uid = <gen:0> -> org.hibernate.loader.plan.build.internal.spaces.CollectionQuerySpaceImpl@6f41780a]
17:03:33.117 [Test worker] DEBUG org.hibernate.loader.plan.build.internal.spaces.QuerySpacesImpl - Adding QuerySpace : uid = <gen:1> -> org.hibernate.loader.plan.build.internal.spaces.EntityQuerySpaceImpl@cb4f8e0]
17:03:33.117 [Test worker] DEBUG org.hibernate.persister.walking.spi.MetamodelGraphWalker - Visiting attribute path : certificate
17:03:33.117 [Test worker] DEBUG org.hibernate.loader.plan.build.internal.spaces.QuerySpacesImpl - Adding QuerySpace : uid = <gen:2> -> org.hibernate.loader.plan.build.internal.spaces.EntityQuerySpaceImpl@17412760]
17:03:33.117 [Test worker] DEBUG org.hibernate.persister.walking.spi.MetamodelGraphWalker - Visiting attribute path : expirationDate
17:03:33.117 [Test worker] DEBUG org.hibernate.persister.walking.spi.MetamodelGraphWalker - Visiting attribute path : fixedPrice
17:03:33.117 [Test worker] DEBUG org.hibernate.persister.walking.spi.MetamodelGraphWalker - Visiting attribute path : order
17:03:33.117 [Test worker] DEBUG org.hibernate.persister.walking.spi.MetamodelGraphWalker - Property path deemed to be circular : order
17:03:33.117 [Test worker] DEBUG org.hibernate.loader.plan.build.internal.FetchStyleLoadPlanBuildingAssociationVisitationStrategy - Building LoadPlan...
17:03:33.117 [Test worker] DEBUG org.hibernate.loader.plan.exec.internal.LoadQueryJoinAndFetchProcessor - processing queryspace <gen:0>
17:03:33.117 [Test worker] DEBUG org.hibernate.loader.plan.build.spi.LoadPlanTreePrinter - LoadPlan(collection=com.epam.esm.entity.Order.orderCertificates)
    - Returns
       - CollectionReturnImpl(collection=com.epam.esm.entity.Order.orderCertificates, querySpaceUid=<gen:0>, path=[com.epam.esm.entity.Order.orderCertificates])
          - (collection element) CollectionFetchableElementEntityGraph(entity=com.epam.esm.entity.OrderCertificate, querySpaceUid=<gen:1>, path=[com.epam.esm.entity.Order.orderCertificates].<elements>)
             - EntityAttributeFetchImpl(entity=com.epam.esm.entity.GiftCertificate, querySpaceUid=<gen:2>, path=[com.epam.esm.entity.Order.orderCertificates].<elements>.certificate)
    - QuerySpaces
       - CollectionQuerySpaceImpl(uid=<gen:0>, collection=com.epam.esm.entity.Order.orderCertificates)
          - SQL table alias mapping - ordercerti0_
          - alias suffix - 0_
          - suffixed key columns - {order_id5_6_0_}
          - entity-element alias suffix - 1_
          - 1_entity-element suffixed key columns - id1_6_1_
          - JOIN (JoinDefinedByMetadata(elements)) : <gen:0> -> <gen:1>
             - EntityQuerySpaceImpl(uid=<gen:1>, entity=com.epam.esm.entity.OrderCertificate)
                - SQL table alias mapping - ordercerti0_
                - alias suffix - 1_
                - suffixed key columns - {id1_6_1_}

17:03:33.117 [Test worker] DEBUG org.hibernate.loader.collection.plan.CollectionLoader - Static select for collection com.epam.esm.entity.Order.orderCertificates: select ordercerti0_.order_id as order_id5_6_0_, ordercerti0_.id as id1_6_0_, ordercerti0_.id as id1_6_1_, ordercerti0_.certificate_id as certific4_6_1_, ordercerti0_.expiration_date as expirati2_6_1_, ordercerti0_.fixed_price as fixed_pr3_6_1_, ordercerti0_.order_id as order_id5_6_1_ from order_certificate ordercerti0_ where ordercerti0_.order_id=?
17:03:33.118 [Test worker] DEBUG org.hibernate.loader.plan.build.internal.spaces.QuerySpacesImpl - Adding QuerySpace : uid = <gen:0> -> org.hibernate.loader.plan.build.internal.spaces.CollectionQuerySpaceImpl@3c99ae90]
17:03:33.118 [Test worker] DEBUG org.hibernate.loader.plan.build.internal.spaces.QuerySpacesImpl - Adding QuerySpace : uid = <gen:1> -> org.hibernate.loader.plan.build.internal.spaces.EntityQuerySpaceImpl@200b7ed6]
17:03:33.118 [Test worker] DEBUG org.hibernate.persister.walking.spi.MetamodelGraphWalker - Visiting attribute path : certificate
17:03:33.118 [Test worker] DEBUG org.hibernate.persister.walking.spi.MetamodelGraphWalker - Property path deemed to be circular : certificate
17:03:33.118 [Test worker] DEBUG org.hibernate.persister.walking.spi.MetamodelGraphWalker - Visiting attribute path : expirationDate
17:03:33.118 [Test worker] DEBUG org.hibernate.persister.walking.spi.MetamodelGraphWalker - Visiting attribute path : fixedPrice
17:03:33.118 [Test worker] DEBUG org.hibernate.persister.walking.spi.MetamodelGraphWalker - Visiting attribute path : order
17:03:33.118 [Test worker] DEBUG org.hibernate.loader.plan.build.internal.spaces.QuerySpacesImpl - Adding QuerySpace : uid = <gen:2> -> org.hibernate.loader.plan.build.internal.spaces.EntityQuerySpaceImpl@1881f264]
17:03:33.118 [Test worker] DEBUG org.hibernate.persister.walking.spi.MetamodelGraphWalker - Visiting attribute path : order.activeStatus
17:03:33.118 [Test worker] DEBUG org.hibernate.persister.walking.spi.MetamodelGraphWalker - Visiting attribute path : order.createdAt
17:03:33.118 [Test worker] DEBUG org.hibernate.persister.walking.spi.MetamodelGraphWalker - Visiting attribute path : order.orderCertificates
17:03:33.118 [Test worker] DEBUG org.hibernate.persister.walking.spi.MetamodelGraphWalker - Property path deemed to be circular : order.orderCertificates
17:03:33.118 [Test worker] DEBUG org.hibernate.persister.walking.spi.MetamodelGraphWalker - Visiting attribute path : order.user
17:03:33.118 [Test worker] DEBUG org.hibernate.loader.plan.build.internal.spaces.QuerySpacesImpl - Adding QuerySpace : uid = <gen:3> -> org.hibernate.loader.plan.build.internal.spaces.EntityQuerySpaceImpl@5f383aaa]
17:03:33.118 [Test worker] DEBUG org.hibernate.persister.walking.spi.MetamodelGraphWalker - Visiting attribute path : order.user.email
17:03:33.118 [Test worker] DEBUG org.hibernate.persister.walking.spi.MetamodelGraphWalker - Visiting attribute path : order.user.orders
17:03:33.118 [Test worker] DEBUG org.hibernate.persister.walking.spi.MetamodelGraphWalker - Property path deemed to be circular : order.user.orders
17:03:33.118 [Test worker] DEBUG org.hibernate.persister.walking.spi.MetamodelGraphWalker - Visiting attribute path : order.user.password
17:03:33.118 [Test worker] DEBUG org.hibernate.persister.walking.spi.MetamodelGraphWalker - Visiting attribute path : order.user.refreshToken
17:03:33.118 [Test worker] DEBUG org.hibernate.persister.walking.spi.MetamodelGraphWalker - Visiting attribute path : order.user.role
17:03:33.118 [Test worker] DEBUG org.hibernate.loader.plan.build.internal.spaces.QuerySpacesImpl - Adding QuerySpace : uid = <gen:4> -> org.hibernate.loader.plan.build.internal.spaces.EntityQuerySpaceImpl@4847e41e]
17:03:33.118 [Test worker] DEBUG org.hibernate.persister.walking.spi.MetamodelGraphWalker - Visiting attribute path : order.user.role.value
17:03:33.118 [Test worker] DEBUG org.hibernate.loader.plan.build.internal.FetchStyleLoadPlanBuildingAssociationVisitationStrategy - Building LoadPlan...
17:03:33.119 [Test worker] DEBUG org.hibernate.loader.plan.exec.internal.LoadQueryJoinAndFetchProcessor - processing queryspace <gen:0>
17:03:33.119 [Test worker] DEBUG org.hibernate.loader.plan.build.spi.LoadPlanTreePrinter - LoadPlan(collection=com.epam.esm.entity.GiftCertificate.orderCertificates)
    - Returns
       - CollectionReturnImpl(collection=com.epam.esm.entity.GiftCertificate.orderCertificates, querySpaceUid=<gen:0>, path=[com.epam.esm.entity.GiftCertificate.orderCertificates])
          - (collection element) CollectionFetchableElementEntityGraph(entity=com.epam.esm.entity.OrderCertificate, querySpaceUid=<gen:1>, path=[com.epam.esm.entity.GiftCertificate.orderCertificates].<elements>)
             - EntityAttributeFetchImpl(entity=com.epam.esm.entity.Order, querySpaceUid=<gen:2>, path=[com.epam.esm.entity.GiftCertificate.orderCertificates].<elements>.order)
                - EntityAttributeFetchImpl(entity=com.epam.esm.entity.User, querySpaceUid=<gen:3>, path=[com.epam.esm.entity.GiftCertificate.orderCertificates].<elements>.order.user)
                   - EntityAttributeFetchImpl(entity=com.epam.esm.entity.Role, querySpaceUid=<gen:4>, path=[com.epam.esm.entity.GiftCertificate.orderCertificates].<elements>.order.user.role)
    - QuerySpaces
       - CollectionQuerySpaceImpl(uid=<gen:0>, collection=com.epam.esm.entity.GiftCertificate.orderCertificates)
          - SQL table alias mapping - ordercerti0_
          - alias suffix - 0_
          - suffixed key columns - {certific4_6_0_}
          - entity-element alias suffix - 1_
          - 1_entity-element suffixed key columns - id1_6_1_
          - JOIN (JoinDefinedByMetadata(elements)) : <gen:0> -> <gen:1>
             - EntityQuerySpaceImpl(uid=<gen:1>, entity=com.epam.esm.entity.OrderCertificate)
                - SQL table alias mapping - ordercerti0_
                - alias suffix - 1_
                - suffixed key columns - {id1_6_1_}
                - JOIN (JoinDefinedByMetadata(order)) : <gen:1> -> <gen:2>
                   - EntityQuerySpaceImpl(uid=<gen:2>, entity=com.epam.esm.entity.Order)
                      - SQL table alias mapping - order1_
                      - alias suffix - 2_
                      - suffixed key columns - {id1_0_2_}
                      - JOIN (JoinDefinedByMetadata(user)) : <gen:2> -> <gen:3>
                         - EntityQuerySpaceImpl(uid=<gen:3>, entity=com.epam.esm.entity.User)
                            - SQL table alias mapping - user2_
                            - alias suffix - 3_
                            - suffixed key columns - {id1_2_3_}
                            - JOIN (JoinDefinedByMetadata(role)) : <gen:3> -> <gen:4>
                               - EntityQuerySpaceImpl(uid=<gen:4>, entity=com.epam.esm.entity.Role)
                                  - SQL table alias mapping - role3_
                                  - alias suffix - 4_
                                  - suffixed key columns - {id1_1_4_}

17:03:33.119 [Test worker] DEBUG org.hibernate.loader.collection.plan.CollectionLoader - Static select for collection com.epam.esm.entity.GiftCertificate.orderCertificates: select ordercerti0_.certificate_id as certific4_6_0_, ordercerti0_.id as id1_6_0_, ordercerti0_.id as id1_6_1_, ordercerti0_.certificate_id as certific4_6_1_, ordercerti0_.expiration_date as expirati2_6_1_, ordercerti0_.fixed_price as fixed_pr3_6_1_, ordercerti0_.order_id as order_id5_6_1_, order1_.id as id1_0_2_, order1_.active_status as active_s2_0_2_, order1_.created_at as created_3_0_2_, order1_.user_id as user_id4_0_2_, user2_.id as id1_2_3_, user2_.email as email2_2_3_, user2_.password as password3_2_3_, user2_.refresh_token as refresh_4_2_3_, user2_.role_id as role_id5_2_3_, role3_.id as id1_1_4_, role3_.value as value2_1_4_ from order_certificate ordercerti0_ left outer join application_order order1_ on ordercerti0_.order_id=order1_.id left outer join application_user user2_ on order1_.user_id=user2_.id left outer join application_role role3_ on user2_.role_id=role3_.id where ordercerti0_.certificate_id=?
17:03:33.119 [Test worker] DEBUG org.hibernate.loader.plan.build.internal.spaces.QuerySpacesImpl - Adding QuerySpace : uid = <gen:0> -> org.hibernate.loader.plan.build.internal.spaces.CollectionQuerySpaceImpl@b7d4eb9]
17:03:33.119 [Test worker] DEBUG org.hibernate.loader.plan.build.internal.spaces.QuerySpacesImpl - Adding QuerySpace : uid = <gen:1> -> org.hibernate.loader.plan.build.internal.spaces.EntityQuerySpaceImpl@450bd8a9]
17:03:33.119 [Test worker] DEBUG org.hibernate.persister.walking.spi.MetamodelGraphWalker - Visiting attribute path : activeStatus
17:03:33.119 [Test worker] DEBUG org.hibernate.persister.walking.spi.MetamodelGraphWalker - Visiting attribute path : createdAt
17:03:33.119 [Test worker] DEBUG org.hibernate.persister.walking.spi.MetamodelGraphWalker - Visiting attribute path : orderCertificates
17:03:33.119 [Test worker] DEBUG org.hibernate.loader.plan.build.internal.spaces.QuerySpacesImpl - Adding QuerySpace : uid = <gen:2> -> org.hibernate.loader.plan.build.internal.spaces.CollectionQuerySpaceImpl@30c17a88]
17:03:33.120 [Test worker] DEBUG org.hibernate.loader.plan.build.internal.spaces.QuerySpacesImpl - Adding QuerySpace : uid = <gen:3> -> org.hibernate.loader.plan.build.internal.spaces.EntityQuerySpaceImpl@2b1432a9]
17:03:33.120 [Test worker] DEBUG org.hibernate.persister.walking.spi.MetamodelGraphWalker - Visiting attribute path : user
17:03:33.120 [Test worker] DEBUG org.hibernate.persister.walking.spi.MetamodelGraphWalker - Property path deemed to be circular : user
17:03:33.120 [Test worker] DEBUG org.hibernate.loader.plan.build.internal.FetchStyleLoadPlanBuildingAssociationVisitationStrategy - Building LoadPlan...
17:03:33.120 [Test worker] DEBUG org.hibernate.loader.plan.exec.internal.LoadQueryJoinAndFetchProcessor - processing queryspace <gen:0>
17:03:33.120 [Test worker] DEBUG org.hibernate.loader.plan.build.spi.LoadPlanTreePrinter - LoadPlan(collection=com.epam.esm.entity.User.orders)
    - Returns
       - CollectionReturnImpl(collection=com.epam.esm.entity.User.orders, querySpaceUid=<gen:0>, path=[com.epam.esm.entity.User.orders])
          - (collection element) CollectionFetchableElementEntityGraph(entity=com.epam.esm.entity.Order, querySpaceUid=<gen:1>, path=[com.epam.esm.entity.User.orders].<elements>)
             - CollectionAttributeFetchImpl(collection=com.epam.esm.entity.Order.orderCertificates, querySpaceUid=<gen:2>, path=[com.epam.esm.entity.User.orders].<elements>.orderCertificates)
                - (collection element) CollectionFetchableElementEntityGraph(entity=com.epam.esm.entity.OrderCertificate, querySpaceUid=<gen:3>, path=[com.epam.esm.entity.User.orders].<elements>.orderCertificates.<elements>)
    - QuerySpaces
       - CollectionQuerySpaceImpl(uid=<gen:0>, collection=com.epam.esm.entity.User.orders)
          - SQL table alias mapping - orders0_
          - alias suffix - 0_
          - suffixed key columns - {user_id4_0_0_}
          - entity-element alias suffix - 1_
          - 1_entity-element suffixed key columns - id1_0_1_
          - JOIN (JoinDefinedByMetadata(elements)) : <gen:0> -> <gen:1>
             - EntityQuerySpaceImpl(uid=<gen:1>, entity=com.epam.esm.entity.Order)
                - SQL table alias mapping - orders0_
                - alias suffix - 1_
                - suffixed key columns - {id1_0_1_}

17:03:33.120 [Test worker] DEBUG org.hibernate.loader.collection.plan.CollectionLoader - Static select for collection com.epam.esm.entity.User.orders: select orders0_.user_id as user_id4_0_0_, orders0_.id as id1_0_0_, orders0_.id as id1_0_1_, orders0_.active_status as active_s2_0_1_, orders0_.created_at as created_3_0_1_, orders0_.user_id as user_id4_0_1_ from application_order orders0_ where orders0_.user_id=?
17:03:33.123 [Test worker] DEBUG org.hibernate.SQL - drop table application_order if exists
17:03:33.123 [Test worker] DEBUG org.hibernate.SQL - drop table application_role if exists
17:03:33.123 [Test worker] DEBUG org.hibernate.SQL - drop table application_user if exists
17:03:33.123 [Test worker] DEBUG org.hibernate.SQL - drop table certificate if exists
17:03:33.124 [Test worker] DEBUG org.hibernate.SQL - drop table certificate_tag if exists
17:03:33.124 [Test worker] DEBUG org.hibernate.SQL - drop table entity if exists
17:03:33.124 [Test worker] DEBUG org.hibernate.SQL - drop table order_certificate if exists
17:03:33.124 [Test worker] DEBUG org.hibernate.SQL - drop table tag if exists
17:03:33.124 [Test worker] DEBUG org.hibernate.SQL - create table application_order (id bigint generated by default as identity, active_status boolean, created_at timestamp, user_id bigint, primary key (id))
17:03:33.125 [Test worker] DEBUG org.hibernate.SQL - create table application_role (id bigint generated by default as identity, value varchar(255), primary key (id))
17:03:33.126 [Test worker] DEBUG org.hibernate.SQL - create table application_user (id bigint generated by default as identity, email varchar(255), password varchar(255), refresh_token varchar(255), role_id bigint, primary key (id))
17:03:33.127 [Test worker] DEBUG org.hibernate.SQL - create table certificate (id bigint generated by default as identity, active_status boolean, creation_date date, description varchar(255), expiration_date date, modification_date date, name varchar(255), price decimal(19,2), primary key (id))
17:03:33.127 [Test worker] DEBUG org.hibernate.SQL - create table certificate_tag (certificate_id bigint not null, tag_id bigint not null, primary key (certificate_id, tag_id))
17:03:33.128 [Test worker] DEBUG org.hibernate.SQL - create table entity (id bigint generated by default as identity, primary key (id))
17:03:33.128 [Test worker] DEBUG org.hibernate.SQL - create table order_certificate (id bigint generated by default as identity, expiration_date date, fixed_price decimal(19,2), certificate_id bigint, order_id bigint, primary key (id))
17:03:33.129 [Test worker] DEBUG org.hibernate.SQL - create table tag (id bigint generated by default as identity, title varchar(255), primary key (id))
17:03:33.130 [Test worker] DEBUG org.hibernate.SQL - alter table tag add constraint UK_k5g3urrxw2ym0ls8vo6xfgs65 unique (title)
17:03:33.130 [Test worker] DEBUG org.hibernate.SQL - alter table application_order add constraint FKp4m4jwa9ds4e3gmsdtsvjcty3 foreign key (user_id) references application_user
17:03:33.131 [Test worker] DEBUG org.hibernate.SQL - alter table application_user add constraint FKkb3re6enordhsw7vy7ftgtna4 foreign key (role_id) references application_role
17:03:33.133 [Test worker] DEBUG org.hibernate.SQL - alter table certificate_tag add constraint FKk65jck3ppxm1p372l03sxdtcc foreign key (tag_id) references tag
17:03:33.134 [Test worker] DEBUG org.hibernate.SQL - alter table certificate_tag add constraint FKlrytco6nyamwxl72nog54iymx foreign key (certificate_id) references certificate
17:03:33.135 [Test worker] DEBUG org.hibernate.SQL - alter table order_certificate add constraint FKans0qrkplnas0le7if4ph8n2w foreign key (certificate_id) references certificate
17:03:33.137 [Test worker] DEBUG org.hibernate.SQL - alter table order_certificate add constraint FKlylopteltw5t82w63stck3tb8 foreign key (order_id) references application_order
17:03:33.139 [Test worker] INFO org.hibernate.tool.schema.internal.SchemaCreatorImpl - HHH000476: Executing import script 'org.hibernate.tool.schema.internal.exec.ScriptSourceInputNonExistentImpl@3bb5d12c'
17:03:33.139 [Test worker] DEBUG org.hibernate.query.spi.NamedQueryRepository - Checking 0 named HQL queries
17:03:33.139 [Test worker] DEBUG org.hibernate.query.spi.NamedQueryRepository - Checking 0 named SQL queries
17:03:33.139 [Test worker] DEBUG org.hibernate.internal.SessionFactoryRegistry - Registering SessionFactory: 8990ffa7-e089-4696-97d8-1d7e8210d60d (<unnamed>)
17:03:33.139 [Test worker] DEBUG org.hibernate.internal.SessionFactoryRegistry - Not binding SessionFactory to JNDI, no JNDI name configured
17:03:33.140 [Test worker] INFO org.springframework.orm.jpa.LocalContainerEntityManagerFactoryBean - Initialized JPA EntityManagerFactory for persistence unit 'default'
17:03:33.140 [Test worker] DEBUG org.springframework.jdbc.datasource.DataSourceUtils - Fetching JDBC Connection from DataSource
17:03:33.140 [Test worker] DEBUG org.springframework.beans.factory.support.DefaultListableBeanFactory - Creating shared instance of singleton bean 'testConfig'
17:03:33.141 [Test worker] DEBUG org.springframework.beans.factory.support.DefaultListableBeanFactory - Creating shared instance of singleton bean 'certificateRepository'
17:03:33.142 [Test worker] DEBUG org.springframework.beans.factory.support.DefaultListableBeanFactory - Creating shared instance of singleton bean 'org.springframework.orm.jpa.SharedEntityManagerCreator#0'
17:03:33.145 [Test worker] DEBUG org.springframework.beans.factory.support.DefaultListableBeanFactory - Creating shared instance of singleton bean 'criteriaBuilderHelper'
17:03:33.145 [Test worker] DEBUG org.springframework.beans.factory.support.DefaultListableBeanFactory - Autowiring by type from bean name 'certificateRepository' via constructor to bean named 'org.springframework.orm.jpa.SharedEntityManagerCreator#0'
17:03:33.145 [Test worker] DEBUG org.springframework.beans.factory.support.DefaultListableBeanFactory - Autowiring by type from bean name 'certificateRepository' via constructor to bean named 'criteriaBuilderHelper'
17:03:33.146 [Test worker] DEBUG org.springframework.beans.factory.support.DefaultListableBeanFactory - Creating shared instance of singleton bean 'orderCertificateRepository'
17:03:33.146 [Test worker] DEBUG org.springframework.beans.factory.support.DefaultListableBeanFactory - Autowiring by type from bean name 'orderCertificateRepository' via constructor to bean named 'org.springframework.orm.jpa.SharedEntityManagerCreator#0'
17:03:33.146 [Test worker] DEBUG org.springframework.beans.factory.support.DefaultListableBeanFactory - Creating shared instance of singleton bean 'orderRepository'
17:03:33.147 [Test worker] DEBUG org.springframework.beans.factory.support.DefaultListableBeanFactory - Autowiring by type from bean name 'orderRepository' via constructor to bean named 'org.springframework.orm.jpa.SharedEntityManagerCreator#0'
17:03:33.148 [Test worker] DEBUG org.springframework.beans.factory.support.DefaultListableBeanFactory - Creating shared instance of singleton bean 'tagRepository'
17:03:33.148 [Test worker] DEBUG org.springframework.beans.factory.support.DefaultListableBeanFactory - Autowiring by type from bean name 'tagRepository' via constructor to bean named 'org.springframework.orm.jpa.SharedEntityManagerCreator#0'
17:03:33.149 [Test worker] DEBUG org.springframework.beans.factory.support.DefaultListableBeanFactory - Creating shared instance of singleton bean 'userRepository'
17:03:33.149 [Test worker] DEBUG org.springframework.beans.factory.support.DefaultListableBeanFactory - Autowiring by type from bean name 'userRepository' via constructor to bean named 'org.springframework.orm.jpa.SharedEntityManagerCreator#0'
17:03:33.150 [Test worker] DEBUG org.springframework.beans.factory.support.DefaultListableBeanFactory - Creating shared instance of singleton bean 'org.springframework.boot.autoconfigure.context.PropertyPlaceholderAutoConfiguration'
17:03:33.150 [Test worker] DEBUG org.springframework.beans.factory.support.DefaultListableBeanFactory - Creating shared instance of singleton bean 'org.springframework.boot.autoconfigure.task.TaskExecutionAutoConfiguration'
17:03:33.151 [Test worker] DEBUG org.springframework.core.LocalVariableTableParameterNameDiscoverer - Cannot find '.class' file for class [class org.springframework.boot.autoconfigure.task.TaskExecutionAutoConfiguration$$EnhancerBySpringCGLIB$$30b471bb] - unable to determine constructor/method parameter names
17:03:33.151 [Test worker] DEBUG org.springframework.beans.factory.support.DefaultListableBeanFactory - Creating shared instance of singleton bean 'spring.task.execution-org.springframework.boot.autoconfigure.task.TaskExecutionProperties'
17:03:33.152 [Test worker] DEBUG org.springframework.beans.factory.support.DefaultListableBeanFactory - Autowiring by type from bean name 'org.springframework.boot.autoconfigure.task.TaskExecutionAutoConfiguration' via constructor to bean named 'spring.task.execution-org.springframework.boot.autoconfigure.task.TaskExecutionProperties'
17:03:33.152 [Test worker] DEBUG org.springframework.beans.factory.support.DefaultListableBeanFactory - Creating shared instance of singleton bean 'taskExecutorBuilder'
17:03:33.153 [Test worker] DEBUG org.springframework.beans.factory.support.DefaultListableBeanFactory - Creating shared instance of singleton bean 'org.springframework.boot.autoconfigure.validation.ValidationAutoConfiguration'
17:03:33.153 [Test worker] DEBUG org.springframework.beans.factory.support.DefaultListableBeanFactory - Creating shared instance of singleton bean 'defaultValidator'
17:03:33.153 [Test worker] DEBUG org.hibernate.validator.internal.engine.resolver.TraversableResolvers - Found javax.persistence.Persistence on classpath containing 'getPersistenceUtil'. Assuming JPA 2 environment. Trying to instantiate JPA aware TraversableResolver
17:03:33.153 [Test worker] DEBUG org.hibernate.validator.internal.engine.resolver.TraversableResolvers - Instantiated JPA aware TraversableResolver of type org.hibernate.validator.internal.engine.resolver.JPATraversableResolver.
17:03:33.153 [Test worker] DEBUG org.hibernate.validator.messageinterpolation.ResourceBundleMessageInterpolator - Loaded expression factory via original TCCL
17:03:33.154 [Test worker] DEBUG org.hibernate.validator.internal.engine.resolver.TraversableResolvers - Found javax.persistence.Persistence on classpath containing 'getPersistenceUtil'. Assuming JPA 2 environment. Trying to instantiate JPA aware TraversableResolver
17:03:33.154 [Test worker] DEBUG org.hibernate.validator.internal.engine.resolver.TraversableResolvers - Instantiated JPA aware TraversableResolver of type org.hibernate.validator.internal.engine.resolver.JPATraversableResolver.
17:03:33.154 [Test worker] DEBUG org.hibernate.validator.internal.engine.ConfigurationImpl - Setting custom MessageInterpolator of type org.springframework.validation.beanvalidation.LocaleContextMessageInterpolator
17:03:33.154 [Test worker] DEBUG org.hibernate.validator.internal.engine.ConfigurationImpl - Setting custom ConstraintValidatorFactory of type org.springframework.validation.beanvalidation.SpringConstraintValidatorFactory
17:03:33.154 [Test worker] DEBUG org.hibernate.validator.internal.engine.ConfigurationImpl - Setting custom ParameterNameProvider of type org.springframework.validation.beanvalidation.LocalValidatorFactoryBean$1
17:03:33.154 [Test worker] DEBUG org.hibernate.validator.internal.xml.config.ValidationXmlParser - Trying to load META-INF/validation.xml for XML based Validator configuration.
17:03:33.154 [Test worker] DEBUG org.hibernate.validator.internal.xml.config.ResourceLoaderHelper - Trying to load META-INF/validation.xml via user class loader
17:03:33.154 [Test worker] DEBUG org.hibernate.validator.internal.xml.config.ResourceLoaderHelper - Trying to load META-INF/validation.xml via TCCL
17:03:33.154 [Test worker] DEBUG org.hibernate.validator.internal.xml.config.ResourceLoaderHelper - Trying to load META-INF/validation.xml via Hibernate Validator's class loader
17:03:33.154 [Test worker] DEBUG org.hibernate.validator.internal.xml.config.ValidationXmlParser - No META-INF/validation.xml found. Using annotation based configuration only.
17:03:33.159 [Test worker] DEBUG org.hibernate.validator.internal.engine.ValidatorFactoryImpl - HV000234: Using org.springframework.validation.beanvalidation.LocaleContextMessageInterpolator as ValidatorFactory-scoped message interpolator.
17:03:33.159 [Test worker] DEBUG org.hibernate.validator.internal.engine.ValidatorFactoryImpl - HV000234: Using org.hibernate.validator.internal.engine.resolver.JPATraversableResolver as ValidatorFactory-scoped traversable resolver.
17:03:33.159 [Test worker] DEBUG org.hibernate.validator.internal.engine.ValidatorFactoryImpl - HV000234: Using org.hibernate.validator.internal.util.ExecutableParameterNameProvider as ValidatorFactory-scoped parameter name provider.
17:03:33.159 [Test worker] DEBUG org.hibernate.validator.internal.engine.ValidatorFactoryImpl - HV000234: Using org.hibernate.validator.internal.engine.DefaultClockProvider as ValidatorFactory-scoped clock provider.
17:03:33.159 [Test worker] DEBUG org.hibernate.validator.internal.engine.ValidatorFactoryImpl - HV000234: Using org.hibernate.validator.internal.engine.scripting.DefaultScriptEvaluatorFactory as ValidatorFactory-scoped script evaluator factory.
17:03:33.160 [Test worker] DEBUG org.springframework.beans.factory.support.DefaultListableBeanFactory - Creating shared instance of singleton bean 'org.springframework.boot.autoconfigure.security.oauth2.client.OAuth2RestOperationsConfiguration$SingletonScopedConfiguration'
17:03:33.161 [Test worker] DEBUG org.springframework.beans.factory.support.DefaultListableBeanFactory - Creating shared instance of singleton bean 'oauth2RemoteResource'
17:03:33.161 [Test worker] DEBUG org.springframework.beans.factory.support.DefaultListableBeanFactory - Creating shared instance of singleton bean 'oauth2ClientContext'
17:03:33.162 [Test worker] DEBUG org.springframework.beans.factory.support.DefaultListableBeanFactory - Creating shared instance of singleton bean 'org.springframework.boot.autoconfigure.security.oauth2.client.OAuth2RestOperationsConfiguration'
17:03:33.162 [Test worker] DEBUG org.springframework.beans.factory.support.DefaultListableBeanFactory - Creating shared instance of singleton bean 'org.springframework.boot.autoconfigure.security.oauth2.OAuth2AutoConfiguration'
17:03:33.162 [Test worker] DEBUG org.springframework.core.LocalVariableTableParameterNameDiscoverer - Cannot find '.class' file for class [class org.springframework.boot.autoconfigure.security.oauth2.OAuth2AutoConfiguration$$EnhancerBySpringCGLIB$$5c5e94e5] - unable to determine constructor/method parameter names
17:03:33.163 [Test worker] DEBUG org.springframework.beans.factory.support.DefaultListableBeanFactory - Creating shared instance of singleton bean 'security.oauth2.client-org.springframework.boot.autoconfigure.security.oauth2.OAuth2ClientProperties'
17:03:33.163 [Test worker] DEBUG org.springframework.beans.factory.support.DefaultListableBeanFactory - Autowiring by type from bean name 'org.springframework.boot.autoconfigure.security.oauth2.OAuth2AutoConfiguration' via constructor to bean named 'security.oauth2.client-org.springframework.boot.autoconfigure.security.oauth2.OAuth2ClientProperties'
17:03:33.164 [Test worker] DEBUG org.springframework.beans.factory.support.DefaultListableBeanFactory - Creating shared instance of singleton bean 'resourceServerProperties'
17:03:33.165 [Test worker] DEBUG org.springframework.beans.factory.support.DefaultListableBeanFactory - Creating shared instance of singleton bean 'org.springframework.boot.autoconfigure.jmx.JmxAutoConfiguration'
17:03:33.165 [Test worker] DEBUG org.springframework.beans.factory.support.DefaultListableBeanFactory - Creating shared instance of singleton bean 'mbeanExporter'
17:03:33.165 [Test worker] DEBUG org.springframework.beans.factory.support.DefaultListableBeanFactory - Creating shared instance of singleton bean 'objectNamingStrategy'
17:03:33.166 [Test worker] DEBUG org.springframework.beans.factory.support.DefaultListableBeanFactory - Autowiring by type from bean name 'mbeanExporter' via factory method to bean named 'objectNamingStrategy'
17:03:33.166 [Test worker] DEBUG org.springframework.beans.factory.support.DefaultListableBeanFactory - Creating shared instance of singleton bean 'mbeanServer'
17:03:33.166 [Test worker] DEBUG org.springframework.jmx.support.JmxUtils - Found MBeanServer: com.sun.jmx.mbeanserver.JmxMBeanServer@bc10b92
17:03:33.168 [Test worker] DEBUG org.springframework.beans.factory.support.DefaultListableBeanFactory - Creating shared instance of singleton bean 'org.springframework.boot.autoconfigure.aop.AopAutoConfiguration$CglibAutoProxyConfiguration'
17:03:33.168 [Test worker] DEBUG org.springframework.beans.factory.support.DefaultListableBeanFactory - Creating shared instance of singleton bean 'org.springframework.boot.autoconfigure.aop.AopAutoConfiguration'
17:03:33.168 [Test worker] DEBUG org.springframework.beans.factory.support.DefaultListableBeanFactory - Creating shared instance of singleton bean 'org.springframework.boot.autoconfigure.transaction.jta.JtaAutoConfiguration'
17:03:33.169 [Test worker] DEBUG org.springframework.beans.factory.support.DefaultListableBeanFactory - Creating shared instance of singleton bean 'org.springframework.boot.autoconfigure.jdbc.DataSourceJmxConfiguration$Hikari'
17:03:33.169 [Test worker] DEBUG org.springframework.core.LocalVariableTableParameterNameDiscoverer - Cannot find '.class' file for class [class org.springframework.boot.autoconfigure.jdbc.DataSourceJmxConfiguration$Hikari$$EnhancerBySpringCGLIB$$8eb93a4f] - unable to determine constructor/method parameter names
17:03:33.169 [Test worker] DEBUG org.springframework.beans.factory.support.DefaultListableBeanFactory - Autowiring by type from bean name 'org.springframework.boot.autoconfigure.jdbc.DataSourceJmxConfiguration$Hikari' via constructor to bean named 'dataSource'
17:03:33.169 [Test worker] DEBUG org.springframework.beans.factory.support.DefaultListableBeanFactory - Creating shared instance of singleton bean 'org.springframework.boot.autoconfigure.jdbc.DataSourceJmxConfiguration'
17:03:33.170 [Test worker] DEBUG org.springframework.beans.factory.support.DefaultListableBeanFactory - Creating shared instance of singleton bean 'org.springframework.boot.autoconfigure.jdbc.DataSourceAutoConfiguration$PooledDataSourceConfiguration'
17:03:33.170 [Test worker] DEBUG org.springframework.beans.factory.support.DefaultListableBeanFactory - Creating shared instance of singleton bean 'org.springframework.boot.autoconfigure.jdbc.metadata.DataSourcePoolMetadataProvidersConfiguration'
17:03:33.170 [Test worker] DEBUG org.springframework.beans.factory.support.DefaultListableBeanFactory - Creating shared instance of singleton bean 'org.springframework.boot.autoconfigure.jdbc.DataSourceInitializationConfiguration'
17:03:33.171 [Test worker] DEBUG org.springframework.beans.factory.support.DefaultListableBeanFactory - Creating shared instance of singleton bean 'org.springframework.boot.autoconfigure.jdbc.DataSourceAutoConfiguration'
17:03:33.171 [Test worker] DEBUG org.springframework.beans.factory.support.DefaultListableBeanFactory - Creating shared instance of singleton bean 'transactionManager'
17:03:33.172 [Test worker] DEBUG org.springframework.beans.factory.support.DefaultListableBeanFactory - Creating shared instance of singleton bean 'org.springframework.boot.autoconfigure.orm.jpa.HibernateJpaAutoConfiguration'
17:03:33.172 [Test worker] DEBUG org.springframework.beans.factory.support.DefaultListableBeanFactory - Creating shared instance of singleton bean 'org.springframework.boot.autoconfigure.context.ConfigurationPropertiesAutoConfiguration'
17:03:33.172 [Test worker] DEBUG org.springframework.beans.factory.support.DefaultListableBeanFactory - Creating shared instance of singleton bean 'org.springframework.boot.autoconfigure.dao.PersistenceExceptionTranslationAutoConfiguration'
17:03:33.172 [Test worker] DEBUG org.springframework.beans.factory.support.DefaultListableBeanFactory - Creating shared instance of singleton bean 'org.springframework.boot.autoconfigure.data.jpa.JpaRepositoriesAutoConfiguration'
17:03:33.173 [Test worker] DEBUG org.springframework.beans.factory.support.DefaultListableBeanFactory - Creating shared instance of singleton bean 'org.springframework.data.jpa.util.JpaMetamodelCacheCleanup'
17:03:33.173 [Test worker] DEBUG org.springframework.beans.factory.support.DefaultListableBeanFactory - Creating shared instance of singleton bean 'org.springframework.data.jpa.repository.support.JpaEvaluationContextExtension'
17:03:33.173 [Test worker] DEBUG org.springframework.beans.factory.support.DefaultListableBeanFactory - Creating shared instance of singleton bean 'org.springframework.boot.autoconfigure.jackson.JacksonAutoConfiguration$Jackson2ObjectMapperBuilderCustomizerConfiguration'
17:03:33.174 [Test worker] DEBUG org.springframework.beans.factory.support.DefaultListableBeanFactory - Creating shared instance of singleton bean 'standardJacksonObjectMapperBuilderCustomizer'
17:03:33.174 [Test worker] DEBUG org.springframework.beans.factory.support.DefaultListableBeanFactory - Creating shared instance of singleton bean 'spring.jackson-org.springframework.boot.autoconfigure.jackson.JacksonProperties'
17:03:33.175 [Test worker] DEBUG org.springframework.beans.factory.support.DefaultListableBeanFactory - Autowiring by type from bean name 'standardJacksonObjectMapperBuilderCustomizer' via factory method to bean named 'org.springframework.context.support.GenericApplicationContext@74b19ade'
17:03:33.175 [Test worker] DEBUG org.springframework.beans.factory.support.DefaultListableBeanFactory - Autowiring by type from bean name 'standardJacksonObjectMapperBuilderCustomizer' via factory method to bean named 'spring.jackson-org.springframework.boot.autoconfigure.jackson.JacksonProperties'
17:03:33.175 [Test worker] DEBUG org.springframework.beans.factory.support.DefaultListableBeanFactory - Creating shared instance of singleton bean 'org.springframework.boot.autoconfigure.jackson.JacksonAutoConfiguration$JacksonObjectMapperBuilderConfiguration'
17:03:33.175 [Test worker] DEBUG org.springframework.core.LocalVariableTableParameterNameDiscoverer - Cannot find '.class' file for class [class org.springframework.boot.autoconfigure.jackson.JacksonAutoConfiguration$JacksonObjectMapperBuilderConfiguration$$EnhancerBySpringCGLIB$$b2f51a8f] - unable to determine constructor/method parameter names
17:03:33.175 [Test worker] DEBUG org.springframework.beans.factory.support.DefaultListableBeanFactory - Autowiring by type from bean name 'org.springframework.boot.autoconfigure.jackson.JacksonAutoConfiguration$JacksonObjectMapperBuilderConfiguration' via constructor to bean named 'org.springframework.context.support.GenericApplicationContext@74b19ade'
17:03:33.176 [Test worker] DEBUG org.springframework.beans.factory.support.DefaultListableBeanFactory - Creating shared instance of singleton bean 'jacksonObjectMapperBuilder'
17:03:33.176 [Test worker] DEBUG org.springframework.beans.factory.support.DefaultListableBeanFactory - Autowiring by type from bean name 'jacksonObjectMapperBuilder' via factory method to bean named 'standardJacksonObjectMapperBuilderCustomizer'
17:03:33.176 [Test worker] DEBUG org.springframework.beans.factory.support.DefaultListableBeanFactory - Creating shared instance of singleton bean 'parameterNamesModule'
17:03:33.176 [Test worker] DEBUG org.springframework.beans.factory.support.DefaultListableBeanFactory - Creating shared instance of singleton bean 'org.springframework.boot.autoconfigure.jackson.JacksonAutoConfiguration$ParameterNamesModuleConfiguration'
17:03:33.177 [Test worker] DEBUG org.springframework.beans.factory.support.DefaultListableBeanFactory - Creating shared instance of singleton bean 'jsonComponentModule'
17:03:33.177 [Test worker] DEBUG org.springframework.beans.factory.support.DefaultListableBeanFactory - Creating shared instance of singleton bean 'org.springframework.boot.autoconfigure.jackson.JacksonAutoConfiguration'
17:03:33.179 [Test worker] DEBUG org.springframework.beans.factory.support.DefaultListableBeanFactory - Creating shared instance of singleton bean 'org.springframework.boot.autoconfigure.jackson.JacksonAutoConfiguration$JacksonObjectMapperConfiguration'
17:03:33.179 [Test worker] DEBUG org.springframework.beans.factory.support.DefaultListableBeanFactory - Creating shared instance of singleton bean 'jacksonObjectMapper'
17:03:33.180 [Test worker] DEBUG org.springframework.beans.factory.support.DefaultListableBeanFactory - Autowiring by type from bean name 'jacksonObjectMapper' via factory method to bean named 'jacksonObjectMapperBuilder'
17:03:33.184 [Test worker] DEBUG org.springframework.beans.factory.support.DefaultListableBeanFactory - Creating shared instance of singleton bean 'org.springframework.boot.autoconfigure.http.HttpMessageConvertersAutoConfiguration$StringHttpMessageConverterConfiguration'
17:03:33.184 [Test worker] DEBUG org.springframework.core.LocalVariableTableParameterNameDiscoverer - Cannot find '.class' file for class [class org.springframework.boot.autoconfigure.http.HttpMessageConvertersAutoConfiguration$StringHttpMessageConverterConfiguration$$EnhancerBySpringCGLIB$$f2566b19] - unable to determine constructor/method parameter names
17:03:33.184 [Test worker] DEBUG org.springframework.beans.factory.support.DefaultListableBeanFactory - Creating shared instance of singleton bean 'spring.http-org.springframework.boot.autoconfigure.http.HttpProperties'
17:03:33.185 [Test worker] DEBUG org.springframework.beans.factory.support.DefaultListableBeanFactory - Autowiring by type from bean name 'org.springframework.boot.autoconfigure.http.HttpMessageConvertersAutoConfiguration$StringHttpMessageConverterConfiguration' via constructor to bean named 'spring.http-org.springframework.boot.autoconfigure.http.HttpProperties'
17:03:33.185 [Test worker] DEBUG org.springframework.beans.factory.support.DefaultListableBeanFactory - Creating shared instance of singleton bean 'stringHttpMessageConverter'
17:03:33.186 [Test worker] DEBUG org.springframework.beans.factory.support.DefaultListableBeanFactory - Creating shared instance of singleton bean 'org.springframework.boot.autoconfigure.http.JacksonHttpMessageConvertersConfiguration$MappingJackson2HttpMessageConverterConfiguration'
17:03:33.186 [Test worker] DEBUG org.springframework.beans.factory.support.DefaultListableBeanFactory - Creating shared instance of singleton bean 'mappingJackson2HttpMessageConverter'
17:03:33.186 [Test worker] DEBUG org.springframework.beans.factory.support.DefaultListableBeanFactory - Autowiring by type from bean name 'mappingJackson2HttpMessageConverter' via factory method to bean named 'jacksonObjectMapper'
17:03:33.187 [Test worker] DEBUG org.springframework.beans.factory.support.DefaultListableBeanFactory - Creating shared instance of singleton bean 'org.springframework.boot.autoconfigure.http.JacksonHttpMessageConvertersConfiguration'
17:03:33.187 [Test worker] DEBUG org.springframework.beans.factory.support.DefaultListableBeanFactory - Creating shared instance of singleton bean 'org.springframework.boot.autoconfigure.http.HttpMessageConvertersAutoConfiguration'
17:03:33.187 [Test worker] DEBUG org.springframework.core.LocalVariableTableParameterNameDiscoverer - Cannot find '.class' file for class [class org.springframework.boot.autoconfigure.http.HttpMessageConvertersAutoConfiguration$$EnhancerBySpringCGLIB$$bf48a479] - unable to determine constructor/method parameter names
17:03:33.188 [Test worker] DEBUG org.springframework.beans.factory.support.DefaultListableBeanFactory - Creating shared instance of singleton bean 'messageConverters'
17:03:33.190 [Test worker] DEBUG org.springframework.beans.factory.support.DefaultListableBeanFactory - Creating shared instance of singleton bean 'org.springframework.boot.autoconfigure.http.codec.CodecsAutoConfiguration$LoggingCodecConfiguration'
17:03:33.191 [Test worker] DEBUG org.springframework.beans.factory.support.DefaultListableBeanFactory - Creating shared instance of singleton bean 'loggingCodecCustomizer'
17:03:33.191 [Test worker] DEBUG org.springframework.beans.factory.support.DefaultListableBeanFactory - Autowiring by type from bean name 'loggingCodecCustomizer' via factory method to bean named 'spring.http-org.springframework.boot.autoconfigure.http.HttpProperties'
17:03:33.191 [Test worker] DEBUG org.springframework.beans.factory.support.DefaultListableBeanFactory - Creating shared instance of singleton bean 'org.springframework.boot.autoconfigure.http.codec.CodecsAutoConfiguration$JacksonCodecConfiguration'
17:03:33.192 [Test worker] DEBUG org.springframework.beans.factory.support.DefaultListableBeanFactory - Creating shared instance of singleton bean 'jacksonCodecCustomizer'
17:03:33.192 [Test worker] DEBUG org.springframework.beans.factory.support.DefaultListableBeanFactory - Autowiring by type from bean name 'jacksonCodecCustomizer' via factory method to bean named 'jacksonObjectMapper'
17:03:33.192 [Test worker] DEBUG org.springframework.beans.factory.support.DefaultListableBeanFactory - Creating shared instance of singleton bean 'org.springframework.boot.autoconfigure.http.codec.CodecsAutoConfiguration'
17:03:33.192 [Test worker] DEBUG org.springframework.beans.factory.support.DefaultListableBeanFactory - Creating shared instance of singleton bean 'org.springframework.boot.autoconfigure.info.ProjectInfoAutoConfiguration'
17:03:33.192 [Test worker] DEBUG org.springframework.core.LocalVariableTableParameterNameDiscoverer - Cannot find '.class' file for class [class org.springframework.boot.autoconfigure.info.ProjectInfoAutoConfiguration$$EnhancerBySpringCGLIB$$e10ee5fe] - unable to determine constructor/method parameter names
17:03:33.193 [Test worker] DEBUG org.springframework.beans.factory.support.DefaultListableBeanFactory - Creating shared instance of singleton bean 'spring.info-org.springframework.boot.autoconfigure.info.ProjectInfoProperties'
17:03:33.193 [Test worker] DEBUG org.springframework.beans.factory.support.DefaultListableBeanFactory - Autowiring by type from bean name 'org.springframework.boot.autoconfigure.info.ProjectInfoAutoConfiguration' via constructor to bean named 'spring.info-org.springframework.boot.autoconfigure.info.ProjectInfoProperties'
17:03:33.193 [Test worker] DEBUG org.springframework.beans.factory.support.DefaultListableBeanFactory - Creating shared instance of singleton bean 'org.springframework.boot.autoconfigure.jdbc.JdbcTemplateAutoConfiguration$JdbcTemplateConfiguration'
17:03:33.194 [Test worker] DEBUG org.springframework.core.LocalVariableTableParameterNameDiscoverer - Cannot find '.class' file for class [class org.springframework.boot.autoconfigure.jdbc.JdbcTemplateAutoConfiguration$JdbcTemplateConfiguration$$EnhancerBySpringCGLIB$$bda00752] - unable to determine constructor/method parameter names
17:03:33.194 [Test worker] DEBUG org.springframework.beans.factory.support.DefaultListableBeanFactory - Creating shared instance of singleton bean 'spring.jdbc-org.springframework.boot.autoconfigure.jdbc.JdbcProperties'
17:03:33.194 [Test worker] DEBUG org.springframework.beans.factory.support.DefaultListableBeanFactory - Autowiring by type from bean name 'org.springframework.boot.autoconfigure.jdbc.JdbcTemplateAutoConfiguration$JdbcTemplateConfiguration' via constructor to bean named 'dataSource'
17:03:33.194 [Test worker] DEBUG org.springframework.beans.factory.support.DefaultListableBeanFactory - Autowiring by type from bean name 'org.springframework.boot.autoconfigure.jdbc.JdbcTemplateAutoConfiguration$JdbcTemplateConfiguration' via constructor to bean named 'spring.jdbc-org.springframework.boot.autoconfigure.jdbc.JdbcProperties'
17:03:33.195 [Test worker] DEBUG org.springframework.beans.factory.support.DefaultListableBeanFactory - Creating shared instance of singleton bean 'jdbcTemplate'
17:03:33.196 [Test worker] DEBUG org.springframework.beans.factory.support.DefaultListableBeanFactory - Creating shared instance of singleton bean 'org.springframework.boot.autoconfigure.jdbc.JdbcTemplateAutoConfiguration$NamedParameterJdbcTemplateConfiguration'
17:03:33.196 [Test worker] DEBUG org.springframework.beans.factory.support.DefaultListableBeanFactory - Creating shared instance of singleton bean 'namedParameterJdbcTemplate'
17:03:33.197 [Test worker] DEBUG org.springframework.beans.factory.support.DefaultListableBeanFactory - Autowiring by type from bean name 'namedParameterJdbcTemplate' via factory method to bean named 'jdbcTemplate'
17:03:33.197 [Test worker] DEBUG org.springframework.beans.factory.support.DefaultListableBeanFactory - Creating shared instance of singleton bean 'org.springframework.boot.autoconfigure.jdbc.JdbcTemplateAutoConfiguration'
17:03:33.197 [Test worker] DEBUG org.springframework.beans.factory.support.DefaultListableBeanFactory - Creating shared instance of singleton bean 'org.springframework.boot.autoconfigure.security.servlet.SecurityAutoConfiguration'
17:03:33.198 [Test worker] DEBUG org.springframework.beans.factory.support.DefaultListableBeanFactory - Creating shared instance of singleton bean 'authenticationEventPublisher'
17:03:33.198 [Test worker] DEBUG org.springframework.beans.factory.support.DefaultListableBeanFactory - Autowiring by type from bean name 'authenticationEventPublisher' via factory method to bean named 'org.springframework.context.support.GenericApplicationContext@74b19ade'
17:03:33.198 [Test worker] DEBUG org.springframework.beans.factory.support.DefaultListableBeanFactory - Creating shared instance of singleton bean 'spring.security-org.springframework.boot.autoconfigure.security.SecurityProperties'
17:03:33.199 [Test worker] DEBUG org.springframework.beans.factory.support.DefaultListableBeanFactory - Creating shared instance of singleton bean 'org.springframework.boot.autoconfigure.task.TaskSchedulingAutoConfiguration'
17:03:33.199 [Test worker] DEBUG org.springframework.beans.factory.support.DefaultListableBeanFactory - Creating shared instance of singleton bean 'taskSchedulerBuilder'
17:03:33.199 [Test worker] DEBUG org.springframework.beans.factory.support.DefaultListableBeanFactory - Creating shared instance of singleton bean 'spring.task.scheduling-org.springframework.boot.autoconfigure.task.TaskSchedulingProperties'
17:03:33.200 [Test worker] DEBUG org.springframework.beans.factory.support.DefaultListableBeanFactory - Autowiring by type from bean name 'taskSchedulerBuilder' via factory method to bean named 'spring.task.scheduling-org.springframework.boot.autoconfigure.task.TaskSchedulingProperties'
17:03:33.200 [Test worker] DEBUG org.springframework.beans.factory.support.DefaultListableBeanFactory - Creating shared instance of singleton bean 'org.springframework.boot.autoconfigure.jdbc.DataSourceTransactionManagerAutoConfiguration$DataSourceTransactionManagerConfiguration'
17:03:33.200 [Test worker] DEBUG org.springframework.core.LocalVariableTableParameterNameDiscoverer - Cannot find '.class' file for class [class org.springframework.boot.autoconfigure.jdbc.DataSourceTransactionManagerAutoConfiguration$DataSourceTransactionManagerConfiguration$$EnhancerBySpringCGLIB$$52157154] - unable to determine constructor/method parameter names
17:03:33.201 [Test worker] DEBUG org.springframework.beans.factory.support.DefaultListableBeanFactory - Autowiring by type from bean name 'org.springframework.boot.autoconfigure.jdbc.DataSourceTransactionManagerAutoConfiguration$DataSourceTransactionManagerConfiguration' via constructor to bean named 'dataSource'
17:03:33.201 [Test worker] DEBUG org.springframework.beans.factory.support.DefaultListableBeanFactory - Creating shared instance of singleton bean 'org.springframework.boot.autoconfigure.jdbc.DataSourceTransactionManagerAutoConfiguration'
17:03:33.201 [Test worker] DEBUG org.springframework.beans.factory.support.DefaultListableBeanFactory - Creating shared instance of singleton bean 'org.springframework.boot.autoconfigure.transaction.TransactionAutoConfiguration$EnableTransactionManagementConfiguration$CglibAutoProxyConfiguration'
17:03:33.202 [Test worker] DEBUG org.springframework.beans.factory.support.DefaultListableBeanFactory - Creating shared instance of singleton bean 'org.springframework.boot.autoconfigure.transaction.TransactionAutoConfiguration$EnableTransactionManagementConfiguration'
17:03:33.202 [Test worker] DEBUG org.springframework.beans.factory.support.DefaultListableBeanFactory - Creating shared instance of singleton bean 'org.springframework.boot.autoconfigure.transaction.TransactionAutoConfiguration$TransactionTemplateConfiguration'
17:03:33.202 [Test worker] DEBUG org.springframework.core.LocalVariableTableParameterNameDiscoverer - Cannot find '.class' file for class [class org.springframework.boot.autoconfigure.transaction.TransactionAutoConfiguration$TransactionTemplateConfiguration$$EnhancerBySpringCGLIB$$a39f3627] - unable to determine constructor/method parameter names
17:03:33.202 [Test worker] DEBUG org.springframework.beans.factory.support.DefaultListableBeanFactory - Autowiring by type from bean name 'org.springframework.boot.autoconfigure.transaction.TransactionAutoConfiguration$TransactionTemplateConfiguration' via constructor to bean named 'transactionManager'
17:03:33.203 [Test worker] DEBUG org.springframework.beans.factory.support.DefaultListableBeanFactory - Creating shared instance of singleton bean 'transactionTemplate'
17:03:33.203 [Test worker] DEBUG org.springframework.beans.factory.support.DefaultListableBeanFactory - Creating shared instance of singleton bean 'org.springframework.boot.autoconfigure.web.client.RestTemplateAutoConfiguration'
17:03:33.204 [Test worker] DEBUG org.springframework.core.LocalVariableTableParameterNameDiscoverer - Cannot find '.class' file for class [class org.springframework.boot.autoconfigure.web.client.RestTemplateAutoConfiguration$$EnhancerBySpringCGLIB$$402ad266] - unable to determine constructor/method parameter names
17:03:33.204 [Test worker] DEBUG org.springframework.beans.factory.support.DefaultListableBeanFactory - Creating shared instance of singleton bean 'restTemplateBuilder'
17:03:33.207 [Test worker] DEBUG org.springframework.jmx.export.annotation.AnnotationMBeanExporter - Registering beans for JMX exposure on startup
17:03:33.207 [Test worker] DEBUG org.springframework.jmx.export.annotation.AnnotationMBeanExporter - Autodetecting user-defined JMX MBeans
17:03:33.208 [Test worker] DEBUG org.springframework.jmx.export.annotation.AnnotationMBeanExporter - Bean with name 'dataSource' has been autodetected for JMX exposure
17:03:33.209 [Test worker] DEBUG org.springframework.jmx.export.annotation.AnnotationMBeanExporter - Located MBean 'dataSource': registering with JMX server as MBean [com.zaxxer.hikari:name=dataSource,type=HikariDataSource]
17:03:33.210 [Test worker] DEBUG org.springframework.test.context.cache.DefaultCacheAwareContextLoaderDelegate - Storing ApplicationContext in cache under key [[MergedContextConfiguration@4e6d9dd3 testClass = OrderRepositoryTest, locations = '{}', classes = '{class com.epam.esm.TestConfig}', contextInitializerClasses = '[]', activeProfiles = '{}', propertySourceLocations = '{}', propertySourceProperties = '{}', contextCustomizers = set[[empty]], contextLoader = 'org.springframework.test.context.support.DelegatingSmartContextLoader', parent = [null]]]
17:03:33.210 [Test worker] DEBUG org.springframework.test.context.cache - Spring test ApplicationContext cache statistics: [DefaultContextCache@2bed31e4 size = 1, maxSize = 32, parentContextCount = 0, hitCount = 14, missCount = 10]
17:03:33.212 [Test worker] DEBUG org.springframework.test.context.support.AbstractDirtiesContextTestExecutionListener - Before test method: context [DefaultTestContext@4b53c189 testClass = OrderRepositoryTest, testInstance = com.epam.esm.repository.OrderRepositoryTest@6cf5a9df, testMethod = findByCriteria@OrderRepositoryTest, testException = [null], mergedContextConfiguration = [MergedContextConfiguration@4e6d9dd3 testClass = OrderRepositoryTest, locations = '{}', classes = '{class com.epam.esm.TestConfig}', contextInitializerClasses = '[]', activeProfiles = '{}', propertySourceLocations = '{}', propertySourceProperties = '{}', contextCustomizers = set[[empty]], contextLoader = 'org.springframework.test.context.support.DelegatingSmartContextLoader', parent = [null]], attributes = map[[empty]]], class annotated with @DirtiesContext [true] with mode [AFTER_EACH_TEST_METHOD], method annotated with @DirtiesContext [false] with mode [null].
17:03:33.213 [Test worker] DEBUG org.springframework.test.context.transaction.TransactionalTestExecutionListener - Explicit transaction definition [PROPAGATION_REQUIRED,ISOLATION_DEFAULT] found for test context [DefaultTestContext@4b53c189 testClass = OrderRepositoryTest, testInstance = com.epam.esm.repository.OrderRepositoryTest@6cf5a9df, testMethod = findByCriteria@OrderRepositoryTest, testException = [null], mergedContextConfiguration = [MergedContextConfiguration@4e6d9dd3 testClass = OrderRepositoryTest, locations = '{}', classes = '{class com.epam.esm.TestConfig}', contextInitializerClasses = '[]', activeProfiles = '{}', propertySourceLocations = '{}', propertySourceProperties = '{}', contextCustomizers = set[[empty]], contextLoader = 'org.springframework.test.context.support.DelegatingSmartContextLoader', parent = [null]], attributes = map[[empty]]]
17:03:33.213 [Test worker] DEBUG org.springframework.test.context.cache.DefaultCacheAwareContextLoaderDelegate - Retrieved ApplicationContext from cache with key [[MergedContextConfiguration@4e6d9dd3 testClass = OrderRepositoryTest, locations = '{}', classes = '{class com.epam.esm.TestConfig}', contextInitializerClasses = '[]', activeProfiles = '{}', propertySourceLocations = '{}', propertySourceProperties = '{}', contextCustomizers = set[[empty]], contextLoader = 'org.springframework.test.context.support.DelegatingSmartContextLoader', parent = [null]]]
17:03:33.213 [Test worker] DEBUG org.springframework.test.context.cache - Spring test ApplicationContext cache statistics: [DefaultContextCache@2bed31e4 size = 1, maxSize = 32, parentContextCount = 0, hitCount = 15, missCount = 10]
17:03:33.213 [Test worker] DEBUG org.springframework.test.context.transaction.TransactionalTestExecutionListener - No method-level @Rollback override: using default rollback [true] for test context [DefaultTestContext@4b53c189 testClass = OrderRepositoryTest, testInstance = com.epam.esm.repository.OrderRepositoryTest@6cf5a9df, testMethod = findByCriteria@OrderRepositoryTest, testException = [null], mergedContextConfiguration = [MergedContextConfiguration@4e6d9dd3 testClass = OrderRepositoryTest, locations = '{}', classes = '{class com.epam.esm.TestConfig}', contextInitializerClasses = '[]', activeProfiles = '{}', propertySourceLocations = '{}', propertySourceProperties = '{}', contextCustomizers = set[[empty]], contextLoader = 'org.springframework.test.context.support.DelegatingSmartContextLoader', parent = [null]], attributes = map[[empty]]].
17:03:33.213 [Test worker] DEBUG org.springframework.orm.jpa.JpaTransactionManager - Creating new transaction with name [com.epam.esm.repository.OrderRepositoryTest.findByCriteria]: PROPAGATION_REQUIRED,ISOLATION_DEFAULT
17:03:33.214 [Test worker] DEBUG org.hibernate.stat.internal.StatisticsInitiator - Statistics initialized [enabled=false]
17:03:33.214 [Test worker] DEBUG org.springframework.orm.jpa.JpaTransactionManager - Opened new EntityManager [SessionImpl(536718227<open>)] for JPA transaction
17:03:33.214 [Test worker] DEBUG org.hibernate.engine.transaction.internal.TransactionImpl - On TransactionImpl creation, JpaCompliance#isJpaTransactionComplianceEnabled == false
17:03:33.214 [Test worker] DEBUG org.hibernate.engine.transaction.internal.TransactionImpl - begin
17:03:33.214 [Test worker] DEBUG org.springframework.orm.jpa.JpaTransactionManager - Exposing JPA transaction as JDBC [org.springframework.orm.jpa.vendor.HibernateJpaDialect$HibernateConnectionHandle@76c6c212]
17:03:33.214 [Test worker] INFO org.springframework.test.context.transaction.TransactionContext - Began transaction (1) for test context [DefaultTestContext@4b53c189 testClass = OrderRepositoryTest, testInstance = com.epam.esm.repository.OrderRepositoryTest@6cf5a9df, testMethod = findByCriteria@OrderRepositoryTest, testException = [null], mergedContextConfiguration = [MergedContextConfiguration@4e6d9dd3 testClass = OrderRepositoryTest, locations = '{}', classes = '{class com.epam.esm.TestConfig}', contextInitializerClasses = '[]', activeProfiles = '{}', propertySourceLocations = '{}', propertySourceProperties = '{}', contextCustomizers = set[[empty]], contextLoader = 'org.springframework.test.context.support.DelegatingSmartContextLoader', parent = [null]], attributes = map[[empty]]]; transaction manager [org.springframework.orm.jpa.JpaTransactionManager@421151e9]; rollback [true]
17:03:33.214 [Test worker] DEBUG org.springframework.test.context.jdbc.SqlScriptsTestExecutionListener - Processing [MergedSqlConfig@63b722db dataSource = '', transactionManager = '', transactionMode = INFERRED, encoding = '', separator = ';', commentPrefix = '--', blockCommentStartDelimiter = '/*', blockCommentEndDelimiter = '*/', errorMode = FAIL_ON_ERROR] for execution phase [BEFORE_TEST_METHOD] and test context [DefaultTestContext@4b53c189 testClass = OrderRepositoryTest, testInstance = com.epam.esm.repository.OrderRepositoryTest@6cf5a9df, testMethod = findByCriteria@OrderRepositoryTest, testException = [null], mergedContextConfiguration = [MergedContextConfiguration@4e6d9dd3 testClass = OrderRepositoryTest, locations = '{}', classes = '{class com.epam.esm.TestConfig}', contextInitializerClasses = '[]', activeProfiles = '{}', propertySourceLocations = '{}', propertySourceProperties = '{}', contextCustomizers = set[[empty]], contextLoader = 'org.springframework.test.context.support.DelegatingSmartContextLoader', parent = [null]], attributes = map[[empty]]].
17:03:33.215 [Test worker] DEBUG org.springframework.test.context.cache.DefaultCacheAwareContextLoaderDelegate - Retrieved ApplicationContext from cache with key [[MergedContextConfiguration@4e6d9dd3 testClass = OrderRepositoryTest, locations = '{}', classes = '{class com.epam.esm.TestConfig}', contextInitializerClasses = '[]', activeProfiles = '{}', propertySourceLocations = '{}', propertySourceProperties = '{}', contextCustomizers = set[[empty]], contextLoader = 'org.springframework.test.context.support.DelegatingSmartContextLoader', parent = [null]]]
17:03:33.215 [Test worker] DEBUG org.springframework.test.context.cache - Spring test ApplicationContext cache statistics: [DefaultContextCache@2bed31e4 size = 1, maxSize = 32, parentContextCount = 0, hitCount = 16, missCount = 10]
17:03:33.215 [Test worker] DEBUG org.springframework.test.context.jdbc.SqlScriptsTestExecutionListener - Executing SQL scripts: [Byte array resource [from inlined SQL statement: insert into application_role (value) values ('admin'), ('user'), ('guest');], Byte array resource [from inlined SQL statement: INSERT INTO application_user(email, password, role_id) VALUES ('pldi@mail.ru', 'Qwertyui1!', 1);], Byte array resource [from inlined SQL statement: insert into application_order (user_id, created_at, active_status) values (1, null, true)]]
17:03:33.215 [Test worker] DEBUG org.springframework.test.context.cache.DefaultCacheAwareContextLoaderDelegate - Retrieved ApplicationContext from cache with key [[MergedContextConfiguration@4e6d9dd3 testClass = OrderRepositoryTest, locations = '{}', classes = '{class com.epam.esm.TestConfig}', contextInitializerClasses = '[]', activeProfiles = '{}', propertySourceLocations = '{}', propertySourceProperties = '{}', contextCustomizers = set[[empty]], contextLoader = 'org.springframework.test.context.support.DelegatingSmartContextLoader', parent = [null]]]
17:03:33.215 [Test worker] DEBUG org.springframework.test.context.cache - Spring test ApplicationContext cache statistics: [DefaultContextCache@2bed31e4 size = 1, maxSize = 32, parentContextCount = 0, hitCount = 17, missCount = 10]
17:03:33.215 [Test worker] DEBUG org.springframework.test.context.cache.DefaultCacheAwareContextLoaderDelegate - Retrieved ApplicationContext from cache with key [[MergedContextConfiguration@4e6d9dd3 testClass = OrderRepositoryTest, locations = '{}', classes = '{class com.epam.esm.TestConfig}', contextInitializerClasses = '[]', activeProfiles = '{}', propertySourceLocations = '{}', propertySourceProperties = '{}', contextCustomizers = set[[empty]], contextLoader = 'org.springframework.test.context.support.DelegatingSmartContextLoader', parent = [null]]]
17:03:33.215 [Test worker] DEBUG org.springframework.test.context.cache - Spring test ApplicationContext cache statistics: [DefaultContextCache@2bed31e4 size = 1, maxSize = 32, parentContextCount = 0, hitCount = 18, missCount = 10]
17:03:33.215 [Test worker] DEBUG org.springframework.orm.jpa.JpaTransactionManager - Found thread-bound EntityManager [SessionImpl(536718227<open>)] for JPA transaction
17:03:33.215 [Test worker] DEBUG org.springframework.orm.jpa.JpaTransactionManager - Participating in existing transaction
17:03:33.215 [Test worker] DEBUG org.springframework.jdbc.datasource.init.ScriptUtils - Executing SQL script from Byte array resource [from inlined SQL statement: insert into application_role (value) values ('admin'), ('user'), ('guest');]
17:03:33.216 [Test worker] DEBUG org.springframework.jdbc.datasource.init.ScriptUtils - 3 returned as update count for SQL: insert into application_role (value) values ('admin'), ('user'), ('guest')
17:03:33.216 [Test worker] DEBUG org.springframework.jdbc.datasource.init.ScriptUtils - Executed SQL script from Byte array resource [from inlined SQL statement: insert into application_role (value) values ('admin'), ('user'), ('guest');] in 1 ms.
17:03:33.216 [Test worker] DEBUG org.springframework.jdbc.datasource.init.ScriptUtils - Executing SQL script from Byte array resource [from inlined SQL statement: INSERT INTO application_user(email, password, role_id) VALUES ('pldi@mail.ru', 'Qwertyui1!', 1);]
17:03:33.216 [Test worker] DEBUG org.springframework.jdbc.datasource.init.ScriptUtils - 1 returned as update count for SQL: INSERT INTO application_user(email, password, role_id) VALUES ('pldi@mail.ru', 'Qwertyui1!', 1)
17:03:33.216 [Test worker] DEBUG org.springframework.jdbc.datasource.init.ScriptUtils - Executed SQL script from Byte array resource [from inlined SQL statement: INSERT INTO application_user(email, password, role_id) VALUES ('pldi@mail.ru', 'Qwertyui1!', 1);] in 0 ms.
17:03:33.216 [Test worker] DEBUG org.springframework.jdbc.datasource.init.ScriptUtils - Executing SQL script from Byte array resource [from inlined SQL statement: insert into application_order (user_id, created_at, active_status) values (1, null, true)]
17:03:33.217 [Test worker] DEBUG org.springframework.jdbc.datasource.init.ScriptUtils - 1 returned as update count for SQL: insert into application_order (user_id, created_at, active_status) values (1, null, true)
17:03:33.217 [Test worker] DEBUG org.springframework.jdbc.datasource.init.ScriptUtils - Executed SQL script from Byte array resource [from inlined SQL statement: insert into application_order (user_id, created_at, active_status) values (1, null, true)] in 1 ms.
17:03:33.220 [Test worker] DEBUG org.hibernate.query.criteria.internal.CriteriaQueryImpl - Rendered criteria query -> select generatedAlias0 from Order as generatedAlias0 order by generatedAlias0.id desc
17:03:33.220 [Test worker] DEBUG org.hibernate.hql.internal.QueryTranslatorFactoryInitiator - QueryTranslatorFactory : org.hibernate.hql.internal.ast.ASTQueryTranslatorFactory@77f7ec72
17:03:33.220 [Test worker] INFO org.hibernate.hql.internal.QueryTranslatorFactoryInitiator - HHH000397: Using ASTQueryTranslatorFactory
17:03:33.220 [Test worker] DEBUG org.hibernate.hql.internal.ast.QueryTranslatorImpl - parse() - HQL: select generatedAlias0 from com.epam.esm.entity.Order as generatedAlias0 order by generatedAlias0.id desc
17:03:33.222 [Test worker] DEBUG org.hibernate.hql.internal.ast.HqlParser - weakKeywords() : new LT(1) token - ["Order",<108> previously: <41>,line=1,col=49,possibleID=true]
17:03:33.222 [Test worker] DEBUG org.hibernate.hql.internal.ast.ErrorTracker - throwQueryException() : no errors
17:03:33.223 [Test worker] DEBUG org.hibernate.hql.internal.ast.QueryTranslatorImpl - --- HQL AST ---
 \-[QUERY] Node: 'query'
    +-[SELECT_FROM] Node: 'SELECT_FROM'
    |  +-[FROM] Node: 'from'
    |  |  \-[RANGE] Node: 'RANGE'
    |  |     +-[DOT] Node: '.'
    |  |     |  +-[DOT] Node: '.'
    |  |     |  |  +-[DOT] Node: '.'
    |  |     |  |  |  +-[DOT] Node: '.'
    |  |     |  |  |  |  +-[IDENT] Node: 'com'
    |  |     |  |  |  |  \-[IDENT] Node: 'epam'
    |  |     |  |  |  \-[IDENT] Node: 'esm'
    |  |     |  |  \-[IDENT] Node: 'entity'
    |  |     |  \-[IDENT] Node: 'Order'
    |  |     \-[ALIAS] Node: 'generatedAlias0'
    |  \-[SELECT] Node: 'select'
    |     \-[IDENT] Node: 'generatedAlias0'
    \-[ORDER] Node: 'order'
       +-[DOT] Node: '.'
       |  +-[IDENT] Node: 'generatedAlias0'
       |  \-[IDENT] Node: 'id'
       \-[DESCENDING] Node: 'desc'

17:03:33.223 [Test worker] DEBUG org.hibernate.hql.internal.antlr.HqlSqlBaseWalker - select << begin [level=1, statement=select]
17:03:33.223 [Test worker] DEBUG org.hibernate.hql.internal.ast.tree.FromElement - FromClause{level=1} : com.epam.esm.entity.Order (generatedAlias0) -> order0_
17:03:33.223 [Test worker] DEBUG org.hibernate.hql.internal.ast.tree.FromReferenceNode - Resolved : generatedAlias0 -> order0_.id
17:03:33.224 [Test worker] DEBUG org.hibernate.hql.internal.ast.tree.FromReferenceNode - Resolved : generatedAlias0 -> order0_.id
17:03:33.225 [Test worker] DEBUG org.hibernate.hql.internal.ast.tree.DotNode - getDataType() : id -> org.hibernate.type.LongType@10654366
17:03:33.226 [Test worker] DEBUG org.hibernate.hql.internal.ast.tree.FromReferenceNode - Resolved : generatedAlias0.id -> order0_.id
17:03:33.226 [Test worker] DEBUG org.hibernate.hql.internal.antlr.HqlSqlBaseWalker - select : finishing up [level=1, statement=select]
17:03:33.226 [Test worker] DEBUG org.hibernate.hql.internal.ast.HqlSqlWalker - processQuery() :  ( SELECT ( {select clause} order0_.id ) ( FromClause{level=1} application_order order0_ ) ( order ( order0_.id order0_.id id ) desc ) )
17:03:33.227 [Test worker] DEBUG org.hibernate.hql.internal.ast.util.JoinProcessor - Using FROM fragment [application_order order0_]
17:03:33.227 [Test worker] DEBUG org.hibernate.hql.internal.antlr.HqlSqlBaseWalker - select >> end [level=1, statement=select]
17:03:33.227 [Test worker] DEBUG org.hibernate.hql.internal.ast.QueryTranslatorImpl - --- SQL AST ---
 \-[SELECT] QueryNode: 'SELECT'  querySpaces (application_order)
    +-[SELECT_CLAUSE] SelectClause: '{select clause}'
    |  +-[ALIAS_REF] IdentNode: 'order0_.id as id1_0_' {alias=generatedAlias0, className=com.epam.esm.entity.Order, tableAlias=order0_}
    |  \-[SQL_TOKEN] SqlFragment: 'order0_.active_status as active_s2_0_, order0_.created_at as created_3_0_, order0_.user_id as user_id4_0_'
    +-[FROM] FromClause: 'from' FromClause{level=1, fromElementCounter=1, fromElements=1, fromElementByClassAlias=[generatedAlias0], fromElementByTableAlias=[order0_], fromElementsByPath=[], collectionJoinFromElementsByPath=[], impliedElements=[]}
    |  \-[FROM_FRAGMENT] FromElement: 'application_order order0_' FromElement{explicit,not a collection join,not a fetch join,fetch non-lazy properties,classAlias=generatedAlias0,role=null,tableName=application_order,tableAlias=order0_,origin=null,columns={,className=com.epam.esm.entity.Order}}
    \-[ORDER] OrderByClause: 'order'
       +-[DOT] DotNode: 'order0_.id' {propertyName=id,dereferenceType=PRIMITIVE,getPropertyPath=id,path=generatedAlias0.id,tableAlias=order0_,className=com.epam.esm.entity.Order,classAlias=generatedAlias0}
       |  +-[ALIAS_REF] IdentNode: 'order0_.id' {alias=generatedAlias0, className=com.epam.esm.entity.Order, tableAlias=order0_}
       |  \-[IDENT] IdentNode: 'id' {originalText=id}
       \-[DESCENDING] SqlNode: 'desc'

17:03:33.227 [Test worker] DEBUG org.hibernate.hql.internal.ast.ErrorTracker - throwQueryException() : no errors
17:03:33.227 [Test worker] DEBUG org.hibernate.hql.internal.ast.QueryTranslatorImpl - HQL: select generatedAlias0 from com.epam.esm.entity.Order as generatedAlias0 order by generatedAlias0.id desc
17:03:33.227 [Test worker] DEBUG org.hibernate.hql.internal.ast.QueryTranslatorImpl - SQL: select order0_.id as id1_0_, order0_.active_status as active_s2_0_, order0_.created_at as created_3_0_, order0_.user_id as user_id4_0_ from application_order order0_ order by order0_.id desc
17:03:33.227 [Test worker] DEBUG org.hibernate.hql.internal.ast.ErrorTracker - throwQueryException() : no errors
17:03:33.228 [Test worker] DEBUG org.hibernate.SQL - select order0_.id as id1_0_, order0_.active_status as active_s2_0_, order0_.created_at as created_3_0_, order0_.user_id as user_id4_0_ from application_order order0_ order by order0_.id desc limit ?
17:03:33.228 [Test worker] DEBUG org.hibernate.loader.Loader - Result set row: 0
17:03:33.228 [Test worker] DEBUG org.hibernate.loader.Loader - Result row: EntityKey[com.epam.esm.entity.Order#1]
17:03:33.229 [Test worker] DEBUG org.hibernate.engine.internal.TwoPhaseLoad - Resolving associations for [com.epam.esm.entity.Order#1]
17:03:33.229 [Test worker] DEBUG org.hibernate.SQL - select user0_.id as id1_2_0_, user0_.email as email2_2_0_, user0_.password as password3_2_0_, user0_.refresh_token as refresh_4_2_0_, user0_.role_id as role_id5_2_0_, role1_.id as id1_1_1_, role1_.value as value2_1_1_ from application_user user0_ left outer join application_role role1_ on user0_.role_id=role1_.id where user0_.id=?
17:03:33.229 [Test worker] DEBUG org.hibernate.loader.plan.exec.process.internal.ResultSetProcessorImpl - Starting ResultSet row #0
17:03:33.229 [Test worker] DEBUG org.hibernate.loader.plan.exec.process.internal.EntityReferenceInitializerImpl - On call to EntityIdentifierReaderImpl#resolve, EntityKey was already known; should only happen on root returns with an optional identifier specified
17:03:33.230 [Test worker] DEBUG org.hibernate.engine.internal.TwoPhaseLoad - Resolving associations for [com.epam.esm.entity.User#1]
17:03:33.230 [Test worker] DEBUG org.hibernate.engine.internal.TwoPhaseLoad - Done materializing entity [com.epam.esm.entity.User#1]
17:03:33.230 [Test worker] DEBUG org.hibernate.engine.internal.TwoPhaseLoad - Resolving associations for [com.epam.esm.entity.Role#1]
17:03:33.230 [Test worker] DEBUG org.hibernate.engine.internal.TwoPhaseLoad - Done materializing entity [com.epam.esm.entity.Role#1]
17:03:33.231 [Test worker] DEBUG org.hibernate.loader.entity.plan.AbstractLoadPlanBasedEntityLoader - Done entity load : com.epam.esm.entity.User#1
17:03:33.231 [Test worker] DEBUG org.hibernate.engine.internal.TwoPhaseLoad - Done materializing entity [com.epam.esm.entity.Order#1]
17:03:33.231 [Test worker] DEBUG org.hibernate.loader.collection.plan.AbstractLoadPlanBasedCollectionInitializer - Loading collection: [com.epam.esm.entity.Order.orderCertificates#1]
17:03:33.231 [Test worker] DEBUG org.hibernate.SQL - select ordercerti0_.order_id as order_id5_6_0_, ordercerti0_.id as id1_6_0_, ordercerti0_.id as id1_6_1_, ordercerti0_.certificate_id as certific4_6_1_, ordercerti0_.expiration_date as expirati2_6_1_, ordercerti0_.fixed_price as fixed_pr3_6_1_, ordercerti0_.order_id as order_id5_6_1_ from order_certificate ordercerti0_ where ordercerti0_.order_id=?
17:03:33.232 [Test worker] DEBUG org.hibernate.loader.plan.exec.process.internal.ResultSetProcessorImpl - Preparing collection intializer : [com.epam.esm.entity.Order.orderCertificates#1]
17:03:33.232 [Test worker] DEBUG org.hibernate.engine.loading.internal.CollectionLoadContext - 1 collections were found in result set for role: com.epam.esm.entity.Order.orderCertificates
17:03:33.232 [Test worker] DEBUG org.hibernate.engine.loading.internal.CollectionLoadContext - Collection fully initialized: [com.epam.esm.entity.Order.orderCertificates#1]
17:03:33.232 [Test worker] DEBUG org.hibernate.engine.loading.internal.CollectionLoadContext - 1 collections initialized for role: com.epam.esm.entity.Order.orderCertificates
17:03:33.232 [Test worker] DEBUG org.hibernate.loader.collection.plan.AbstractLoadPlanBasedCollectionInitializer - Done loading collection
17:03:33.234 [Test worker] DEBUG org.springframework.orm.jpa.JpaTransactionManager - Initiating transaction rollback
17:03:33.234 [Test worker] DEBUG org.springframework.orm.jpa.JpaTransactionManager - Rolling back JPA transaction on EntityManager [SessionImpl(536718227<open>)]
17:03:33.234 [Test worker] DEBUG org.hibernate.engine.transaction.internal.TransactionImpl - rolling back
17:03:33.235 [Test worker] DEBUG org.springframework.orm.jpa.JpaTransactionManager - Closing JPA EntityManager [SessionImpl(536718227<open>)] after transaction
17:03:33.235 [Test worker] INFO org.springframework.test.context.transaction.TransactionContext - Rolled back transaction for test context [DefaultTestContext@4b53c189 testClass = OrderRepositoryTest, testInstance = com.epam.esm.repository.OrderRepositoryTest@6cf5a9df, testMethod = findByCriteria@OrderRepositoryTest, testException = [null], mergedContextConfiguration = [MergedContextConfiguration@4e6d9dd3 testClass = OrderRepositoryTest, locations = '{}', classes = '{class com.epam.esm.TestConfig}', contextInitializerClasses = '[]', activeProfiles = '{}', propertySourceLocations = '{}', propertySourceProperties = '{}', contextCustomizers = set[[empty]], contextLoader = 'org.springframework.test.context.support.DelegatingSmartContextLoader', parent = [null]], attributes = map[[empty]]].
17:03:33.235 [Test worker] DEBUG org.springframework.test.context.support.AbstractDirtiesContextTestExecutionListener - After test method: context [DefaultTestContext@4b53c189 testClass = OrderRepositoryTest, testInstance = com.epam.esm.repository.OrderRepositoryTest@6cf5a9df, testMethod = findByCriteria@OrderRepositoryTest, testException = [null], mergedContextConfiguration = [MergedContextConfiguration@4e6d9dd3 testClass = OrderRepositoryTest, locations = '{}', classes = '{class com.epam.esm.TestConfig}', contextInitializerClasses = '[]', activeProfiles = '{}', propertySourceLocations = '{}', propertySourceProperties = '{}', contextCustomizers = set[[empty]], contextLoader = 'org.springframework.test.context.support.DelegatingSmartContextLoader', parent = [null]], attributes = map[[empty]]], class annotated with @DirtiesContext [true] with mode [AFTER_EACH_TEST_METHOD], method annotated with @DirtiesContext [false] with mode [null].
17:03:33.235 [Test worker] DEBUG org.springframework.context.support.GenericApplicationContext - Closing org.springframework.context.support.GenericApplicationContext@74b19ade, started on Wed Oct 23 17:03:32 MSK 2019
17:03:33.236 [Test worker] DEBUG org.springframework.jmx.export.annotation.AnnotationMBeanExporter - Unregistering JMX-exposed beans on shutdown
17:03:33.236 [Test worker] DEBUG org.springframework.jmx.export.annotation.AnnotationMBeanExporter - Unregistering JMX-exposed beans
17:03:33.236 [Test worker] INFO org.springframework.orm.jpa.LocalContainerEntityManagerFactoryBean - Closing JPA EntityManagerFactory for persistence unit 'default'
17:03:33.236 [Test worker] DEBUG org.hibernate.internal.SessionFactoryImpl - HHH000031: Closing
17:03:33.236 [Test worker] INFO org.hibernate.tool.schema.internal.SchemaDropperImpl$DelayedDropActionImpl - HHH000477: Starting delayed evictData of schema as part of SessionFactory shut-down'
17:03:33.236 [Test worker] DEBUG org.hibernate.SQL - drop table application_order if exists
17:03:33.237 [Test worker] DEBUG org.hibernate.SQL - drop table application_role if exists
17:03:33.237 [Test worker] DEBUG org.hibernate.SQL - drop table application_user if exists
17:03:33.238 [Test worker] DEBUG org.hibernate.SQL - drop table certificate if exists
17:03:33.238 [Test worker] DEBUG org.hibernate.SQL - drop table certificate_tag if exists
17:03:33.238 [Test worker] DEBUG org.hibernate.SQL - drop table entity if exists
17:03:33.239 [Test worker] DEBUG org.hibernate.SQL - drop table order_certificate if exists
17:03:33.239 [Test worker] DEBUG org.hibernate.SQL - drop table tag if exists
17:03:33.240 [Test worker] DEBUG org.hibernate.type.spi.TypeConfiguration$Scope - Un-scoping TypeConfiguration [org.hibernate.type.spi.TypeConfiguration$Scope@1bfb8d1e] from SessionFactory [org.hibernate.internal.SessionFactoryImpl@5b65952f]
17:03:33.240 [Test worker] DEBUG org.hibernate.service.internal.AbstractServiceRegistryImpl - Implicitly destroying ServiceRegistry on de-registration of all child ServiceRegistries
17:03:33.240 [Test worker] DEBUG org.hibernate.boot.registry.internal.BootstrapServiceRegistryImpl - Implicitly destroying Boot-strap registry on de-registration of all child ServiceRegistries
17:03:33.240 [Test worker] INFO com.zaxxer.hikari.HikariDataSource - HikariPool-10 - Shutdown initiated...
17:03:33.240 [Test worker] DEBUG com.zaxxer.hikari.pool.HikariPool - HikariPool-10 - Before shutdown stats (total=10, active=0, idle=10, waiting=0)
17:03:33.241 [HikariPool-10 connection closer] DEBUG com.zaxxer.hikari.pool.PoolBase - HikariPool-10 - Closing connection conn90: url=jdbc:h2:mem:testdb user=SA: (connection evicted)
17:03:33.241 [HikariPool-10 connection closer] DEBUG com.zaxxer.hikari.pool.PoolBase - HikariPool-10 - Closing connection conn91: url=jdbc:h2:mem:testdb user=SA: (connection evicted)
17:03:33.241 [HikariPool-10 connection closer] DEBUG com.zaxxer.hikari.pool.PoolBase - HikariPool-10 - Closing connection conn92: url=jdbc:h2:mem:testdb user=SA: (connection evicted)
17:03:33.241 [HikariPool-10 connection closer] DEBUG com.zaxxer.hikari.pool.PoolBase - HikariPool-10 - Closing connection conn93: url=jdbc:h2:mem:testdb user=SA: (connection evicted)
17:03:33.241 [HikariPool-10 connection closer] DEBUG com.zaxxer.hikari.pool.PoolBase - HikariPool-10 - Closing connection conn94: url=jdbc:h2:mem:testdb user=SA: (connection evicted)
17:03:33.241 [HikariPool-10 connection closer] DEBUG com.zaxxer.hikari.pool.PoolBase - HikariPool-10 - Closing connection conn95: url=jdbc:h2:mem:testdb user=SA: (connection evicted)
17:03:33.241 [HikariPool-10 connection closer] DEBUG com.zaxxer.hikari.pool.PoolBase - HikariPool-10 - Closing connection conn96: url=jdbc:h2:mem:testdb user=SA: (connection evicted)
17:03:33.241 [HikariPool-10 connection closer] DEBUG com.zaxxer.hikari.pool.PoolBase - HikariPool-10 - Closing connection conn97: url=jdbc:h2:mem:testdb user=SA: (connection evicted)
17:03:33.241 [HikariPool-10 connection closer] DEBUG com.zaxxer.hikari.pool.PoolBase - HikariPool-10 - Closing connection conn98: url=jdbc:h2:mem:testdb user=SA: (connection evicted)
17:03:33.241 [HikariPool-10 connection closer] DEBUG com.zaxxer.hikari.pool.PoolBase - HikariPool-10 - Closing connection conn99: url=jdbc:h2:mem:testdb user=SA: (connection evicted)
17:03:33.241 [Test worker] DEBUG com.zaxxer.hikari.pool.HikariPool - HikariPool-10 - After shutdown stats (total=0, active=0, idle=0, waiting=0)
17:03:33.242 [Test worker] INFO com.zaxxer.hikari.HikariDataSource - HikariPool-10 - Shutdown completed.
17:03:33.242 [Test worker] DEBUG org.springframework.test.context.support.DependencyInjectionTestExecutionListener - Performing dependency injection for test context [[DefaultTestContext@4b53c189 testClass = OrderRepositoryTest, testInstance = com.epam.esm.repository.OrderRepositoryTest@1ae0d5ee, testMethod = [null], testException = [null], mergedContextConfiguration = [MergedContextConfiguration@4e6d9dd3 testClass = OrderRepositoryTest, locations = '{}', classes = '{class com.epam.esm.TestConfig}', contextInitializerClasses = '[]', activeProfiles = '{}', propertySourceLocations = '{}', propertySourceProperties = '{}', contextCustomizers = set[[empty]], contextLoader = 'org.springframework.test.context.support.DelegatingSmartContextLoader', parent = [null]], attributes = map['org.springframework.test.context.support.DependencyInjectionTestExecutionListener.reinjectDependencies' -> true]]].
17:03:33.242 [Test worker] DEBUG org.springframework.test.context.support.AbstractDelegatingSmartContextLoader - Delegating to AnnotationConfigContextLoader to load context from [MergedContextConfiguration@4e6d9dd3 testClass = OrderRepositoryTest, locations = '{}', classes = '{class com.epam.esm.TestConfig}', contextInitializerClasses = '[]', activeProfiles = '{}', propertySourceLocations = '{}', propertySourceProperties = '{}', contextCustomizers = set[[empty]], contextLoader = 'org.springframework.test.context.support.DelegatingSmartContextLoader', parent = [null]].
17:03:33.242 [Test worker] DEBUG org.springframework.test.context.support.AbstractGenericContextLoader - Loading ApplicationContext for merged context configuration [[MergedContextConfiguration@4e6d9dd3 testClass = OrderRepositoryTest, locations = '{}', classes = '{class com.epam.esm.TestConfig}', contextInitializerClasses = '[]', activeProfiles = '{}', propertySourceLocations = '{}', propertySourceProperties = '{}', contextCustomizers = set[[empty]], contextLoader = 'org.springframework.test.context.support.DelegatingSmartContextLoader', parent = [null]]].
17:03:33.242 [Test worker] DEBUG org.springframework.core.env.StandardEnvironment - Activating profiles []
17:03:33.242 [Test worker] DEBUG org.springframework.test.context.support.AnnotationConfigContextLoader - Registering annotated classes: {class com.epam.esm.TestConfig}
17:03:33.243 [Test worker] DEBUG org.springframework.context.support.GenericApplicationContext - Refreshing org.springframework.context.support.GenericApplicationContext@6b6e8a35
17:03:33.244 [Test worker] DEBUG org.springframework.beans.factory.support.DefaultListableBeanFactory - Creating shared instance of singleton bean 'org.springframework.context.annotation.internalConfigurationAnnotationProcessor'
17:03:33.252 [Test worker] DEBUG org.springframework.context.annotation.ClassPathBeanDefinitionScanner - Identified candidate component class: file [/Users/dzmitryplatonov/Desktop/workdir/giftcertificates/datasource/build/classes/java/main/com/epam/esm/repository/CertificateRepository.class]
17:03:33.253 [Test worker] DEBUG org.springframework.context.annotation.ClassPathBeanDefinitionScanner - Identified candidate component class: file [/Users/dzmitryplatonov/Desktop/workdir/giftcertificates/datasource/build/classes/java/main/com/epam/esm/repository/OrderCertificateRepository.class]
17:03:33.253 [Test worker] DEBUG org.springframework.context.annotation.ClassPathBeanDefinitionScanner - Identified candidate component class: file [/Users/dzmitryplatonov/Desktop/workdir/giftcertificates/datasource/build/classes/java/main/com/epam/esm/repository/OrderRepository.class]
17:03:33.253 [Test worker] DEBUG org.springframework.context.annotation.ClassPathBeanDefinitionScanner - Identified candidate component class: file [/Users/dzmitryplatonov/Desktop/workdir/giftcertificates/datasource/build/classes/java/main/com/epam/esm/repository/TagRepository.class]
17:03:33.254 [Test worker] DEBUG org.springframework.context.annotation.ClassPathBeanDefinitionScanner - Identified candidate component class: file [/Users/dzmitryplatonov/Desktop/workdir/giftcertificates/datasource/build/classes/java/main/com/epam/esm/repository/UserRepository.class]
17:03:33.254 [Test worker] DEBUG org.springframework.context.annotation.ClassPathBeanDefinitionScanner - Identified candidate component class: file [/Users/dzmitryplatonov/Desktop/workdir/giftcertificates/datasource/build/classes/java/main/com/epam/esm/repository/predicate/CriteriaBuilderHelper.class]
17:03:33.310 [Test worker] DEBUG org.springframework.beans.factory.support.DefaultListableBeanFactory - Creating shared instance of singleton bean 'org.springframework.boot.autoconfigure.condition.BeanTypeRegistry'
17:03:33.318 [Test worker] INFO org.springframework.data.repository.config.RepositoryConfigurationDelegate - Bootstrapping Spring Data repositories in DEFAULT mode.
17:03:33.318 [Test worker] DEBUG org.springframework.beans.factory.support.DefaultListableBeanFactory - Creating shared instance of singleton bean 'org.springframework.boot.autoconfigure.AutoConfigurationPackages'
17:03:33.318 [Test worker] DEBUG org.springframework.boot.autoconfigure.AutoConfigurationPackages - @EnableAutoConfiguration was declared on a class in the package 'com.epam.esm'. Automatic @Repository and @Entity scanning is enabled.
17:03:33.318 [Test worker] DEBUG org.springframework.data.repository.config.RepositoryConfigurationDelegate - Scanning for repositories in packages com.epam.esm.
17:03:33.323 [Test worker] INFO org.springframework.data.repository.config.RepositoryConfigurationDelegate - Finished Spring Data repository scanning in 4ms. Found 0 repository interfaces.
17:03:33.340 [Test worker] DEBUG org.springframework.beans.factory.support.DefaultListableBeanFactory - Creating shared instance of singleton bean 'propertySourcesPlaceholderConfigurer'
17:03:33.340 [Test worker] DEBUG org.springframework.beans.factory.support.DefaultListableBeanFactory - Creating shared instance of singleton bean 'emBeanDefinitionRegistrarPostProcessor'
17:03:33.341 [Test worker] DEBUG org.springframework.beans.factory.support.DefaultListableBeanFactory - Creating shared instance of singleton bean 'org.springframework.context.event.internalEventListenerProcessor'
17:03:33.341 [Test worker] DEBUG org.springframework.beans.factory.support.DefaultListableBeanFactory - Creating shared instance of singleton bean 'org.springframework.boot.context.properties.ConfigurationBeanFactoryMetadata'
17:03:33.341 [Test worker] DEBUG org.springframework.beans.factory.support.DefaultListableBeanFactory - Creating shared instance of singleton bean 'org.springframework.context.event.internalEventListenerFactory'
17:03:33.342 [Test worker] DEBUG org.springframework.beans.factory.support.DefaultListableBeanFactory - Creating shared instance of singleton bean 'org.springframework.transaction.config.internalTransactionalEventListenerFactory'
17:03:33.342 [Test worker] DEBUG org.springframework.beans.factory.support.DefaultListableBeanFactory - Creating shared instance of singleton bean 'org.springframework.context.annotation.internalAutowiredAnnotationProcessor'
17:03:33.342 [Test worker] DEBUG org.springframework.beans.factory.support.DefaultListableBeanFactory - Creating shared instance of singleton bean 'org.springframework.context.annotation.internalCommonAnnotationProcessor'
17:03:33.343 [Test worker] DEBUG org.springframework.beans.factory.support.DefaultListableBeanFactory - Creating shared instance of singleton bean 'org.springframework.context.annotation.internalPersistenceAnnotationProcessor'
17:03:33.343 [Test worker] DEBUG org.springframework.beans.factory.support.DefaultListableBeanFactory - Creating shared instance of singleton bean 'org.springframework.boot.context.properties.ConfigurationPropertiesBindingPostProcessor'
17:03:33.343 [Test worker] DEBUG org.springframework.beans.factory.support.DefaultListableBeanFactory - Creating shared instance of singleton bean 'methodValidationPostProcessor'
17:03:33.343 [Test worker] DEBUG org.springframework.beans.factory.support.DefaultListableBeanFactory - Autowiring by type from bean name 'methodValidationPostProcessor' via factory method to bean named 'environment'
17:03:33.344 [Test worker] DEBUG org.springframework.beans.factory.support.DefaultListableBeanFactory - Creating shared instance of singleton bean 'org.springframework.aop.config.internalAutoProxyCreator'
17:03:33.345 [Test worker] DEBUG org.springframework.beans.factory.support.DefaultListableBeanFactory - Creating shared instance of singleton bean 'dataSourceInitializerPostProcessor'
17:03:33.345 [Test worker] DEBUG org.springframework.beans.factory.support.DefaultListableBeanFactory - Creating shared instance of singleton bean 'persistenceExceptionTranslationPostProcessor'
17:03:33.345 [Test worker] DEBUG org.springframework.beans.factory.support.DefaultListableBeanFactory - Autowiring by type from bean name 'persistenceExceptionTranslationPostProcessor' via factory method to bean named 'environment'
17:03:33.346 [Test worker] DEBUG org.springframework.beans.factory.support.DefaultListableBeanFactory - Creating shared instance of singleton bean 'dataSourceInitializedPublisher'
17:03:33.347 [Test worker] DEBUG org.springframework.beans.factory.support.DefaultListableBeanFactory - Creating shared instance of singleton bean 'entityManagerFactory'
17:03:33.347 [Test worker] DEBUG org.springframework.beans.factory.support.DefaultListableBeanFactory - Creating shared instance of singleton bean 'org.springframework.transaction.config.internalTransactionAdvisor'
17:03:33.347 [Test worker] DEBUG org.springframework.beans.factory.support.DefaultListableBeanFactory - Creating shared instance of singleton bean 'org.springframework.transaction.annotation.ProxyTransactionManagementConfiguration'
17:03:33.349 [Test worker] DEBUG org.springframework.beans.factory.support.DefaultListableBeanFactory - Creating shared instance of singleton bean 'transactionAttributeSource'
17:03:33.349 [Test worker] DEBUG org.springframework.beans.factory.support.DefaultListableBeanFactory - Creating shared instance of singleton bean 'transactionInterceptor'
17:03:33.350 [Test worker] DEBUG org.springframework.beans.factory.support.DefaultListableBeanFactory - Creating shared instance of singleton bean 'org.springframework.boot.autoconfigure.orm.jpa.HibernateJpaConfiguration'
17:03:33.350 [Test worker] DEBUG org.springframework.core.LocalVariableTableParameterNameDiscoverer - Cannot find '.class' file for class [class org.springframework.boot.autoconfigure.orm.jpa.HibernateJpaConfiguration$$EnhancerBySpringCGLIB$$c3eb9b54] - unable to determine constructor/method parameter names
17:03:33.351 [Test worker] DEBUG org.springframework.beans.factory.support.DefaultListableBeanFactory - Creating shared instance of singleton bean 'dataSource'
17:03:33.351 [Test worker] DEBUG org.springframework.beans.factory.support.DefaultListableBeanFactory - Creating shared instance of singleton bean 'org.springframework.boot.autoconfigure.jdbc.DataSourceConfiguration$Hikari'
17:03:33.351 [Test worker] DEBUG org.springframework.beans.factory.support.DefaultListableBeanFactory - Creating shared instance of singleton bean 'spring.datasource-org.springframework.boot.autoconfigure.jdbc.DataSourceProperties'
17:03:33.353 [Test worker] DEBUG org.springframework.beans.factory.support.DefaultListableBeanFactory - Autowiring by type from bean name 'dataSource' via factory method to bean named 'spring.datasource-org.springframework.boot.autoconfigure.jdbc.DataSourceProperties'
17:03:33.355 [Test worker] DEBUG com.zaxxer.hikari.HikariConfig - Driver class org.h2.Driver found in Thread context class loader jdk.internal.loader.ClassLoaders$AppClassLoader@2c13da15
17:03:33.358 [Test worker] DEBUG org.springframework.beans.factory.support.DefaultListableBeanFactory - Creating shared instance of singleton bean 'org.springframework.boot.autoconfigure.jdbc.DataSourceInitializerInvoker'
17:03:33.359 [Test worker] DEBUG org.springframework.beans.factory.support.DefaultListableBeanFactory - Autowiring by type from bean name 'org.springframework.boot.autoconfigure.jdbc.DataSourceInitializerInvoker' via constructor to bean named 'spring.datasource-org.springframework.boot.autoconfigure.jdbc.DataSourceProperties'
17:03:33.359 [Test worker] DEBUG org.springframework.beans.factory.support.DefaultListableBeanFactory - Autowiring by type from bean name 'org.springframework.boot.autoconfigure.jdbc.DataSourceInitializerInvoker' via constructor to bean named 'org.springframework.context.support.GenericApplicationContext@6b6e8a35'
17:03:33.360 [Test worker] DEBUG org.springframework.beans.factory.support.DefaultListableBeanFactory - Creating shared instance of singleton bean 'spring.jpa-org.springframework.boot.autoconfigure.orm.jpa.JpaProperties'
17:03:33.361 [Test worker] DEBUG org.springframework.beans.factory.support.DefaultListableBeanFactory - Creating shared instance of singleton bean 'spring.jpa.hibernate-org.springframework.boot.autoconfigure.orm.jpa.HibernateProperties'
17:03:33.362 [Test worker] DEBUG org.springframework.beans.factory.support.DefaultListableBeanFactory - Autowiring by type from bean name 'org.springframework.boot.autoconfigure.orm.jpa.HibernateJpaConfiguration' via constructor to bean named 'dataSource'
17:03:33.362 [Test worker] DEBUG org.springframework.beans.factory.support.DefaultListableBeanFactory - Autowiring by type from bean name 'org.springframework.boot.autoconfigure.orm.jpa.HibernateJpaConfiguration' via constructor to bean named 'spring.jpa-org.springframework.boot.autoconfigure.orm.jpa.JpaProperties'
17:03:33.362 [Test worker] DEBUG org.springframework.beans.factory.support.DefaultListableBeanFactory - Autowiring by type from bean name 'org.springframework.boot.autoconfigure.orm.jpa.HibernateJpaConfiguration' via constructor to bean named 'org.springframework.beans.factory.support.DefaultListableBeanFactory@15669431'
17:03:33.362 [Test worker] DEBUG org.springframework.beans.factory.support.DefaultListableBeanFactory - Autowiring by type from bean name 'org.springframework.boot.autoconfigure.orm.jpa.HibernateJpaConfiguration' via constructor to bean named 'spring.jpa.hibernate-org.springframework.boot.autoconfigure.orm.jpa.HibernateProperties'
17:03:33.362 [Test worker] DEBUG org.springframework.beans.factory.support.DefaultListableBeanFactory - Creating shared instance of singleton bean 'platformTransactionManagerCustomizers'
17:03:33.362 [Test worker] DEBUG org.springframework.beans.factory.support.DefaultListableBeanFactory - Creating shared instance of singleton bean 'org.springframework.boot.autoconfigure.transaction.TransactionAutoConfiguration'
17:03:33.363 [Test worker] DEBUG org.springframework.beans.factory.support.DefaultListableBeanFactory - Creating shared instance of singleton bean 'spring.transaction-org.springframework.boot.autoconfigure.transaction.TransactionProperties'
17:03:33.364 [Test worker] DEBUG org.springframework.beans.factory.support.DefaultListableBeanFactory - Creating shared instance of singleton bean 'hikariPoolDataSourceMetadataProvider'
17:03:33.364 [Test worker] DEBUG org.springframework.beans.factory.support.DefaultListableBeanFactory - Creating shared instance of singleton bean 'org.springframework.boot.autoconfigure.jdbc.metadata.DataSourcePoolMetadataProvidersConfiguration$HikariPoolDataSourceMetadataProviderConfiguration'
17:03:33.366 [Test worker] DEBUG org.springframework.beans.factory.support.DefaultListableBeanFactory - Creating shared instance of singleton bean 'entityManagerFactoryBuilder'
17:03:33.366 [Test worker] DEBUG org.springframework.beans.factory.support.DefaultListableBeanFactory - Creating shared instance of singleton bean 'jpaVendorAdapter'
17:03:33.366 [Test worker] DEBUG org.springframework.jdbc.datasource.DataSourceUtils - Fetching JDBC Connection from DataSource
17:03:33.366 [Test worker] DEBUG com.zaxxer.hikari.HikariConfig - HikariPool-11 - configuration:
17:03:33.366 [Test worker] DEBUG com.zaxxer.hikari.HikariConfig - allowPoolSuspension.............false
17:03:33.366 [Test worker] DEBUG com.zaxxer.hikari.HikariConfig - autoCommit......................true
17:03:33.366 [Test worker] DEBUG com.zaxxer.hikari.HikariConfig - catalog.........................none
17:03:33.366 [Test worker] DEBUG com.zaxxer.hikari.HikariConfig - connectionInitSql...............none
17:03:33.367 [Test worker] DEBUG com.zaxxer.hikari.HikariConfig - connectionTestQuery.............none
17:03:33.367 [Test worker] DEBUG com.zaxxer.hikari.HikariConfig - connectionTimeout...............30000
17:03:33.367 [Test worker] DEBUG com.zaxxer.hikari.HikariConfig - dataSource......................none
17:03:33.367 [Test worker] DEBUG com.zaxxer.hikari.HikariConfig - dataSourceClassName.............none
17:03:33.367 [Test worker] DEBUG com.zaxxer.hikari.HikariConfig - dataSourceJNDI..................none
17:03:33.367 [Test worker] DEBUG com.zaxxer.hikari.HikariConfig - dataSourceProperties............{password=<masked>}
17:03:33.367 [Test worker] DEBUG com.zaxxer.hikari.HikariConfig - driverClassName................."org.h2.Driver"
17:03:33.367 [Test worker] DEBUG com.zaxxer.hikari.HikariConfig - healthCheckProperties...........{}
17:03:33.367 [Test worker] DEBUG com.zaxxer.hikari.HikariConfig - healthCheckRegistry.............none
17:03:33.367 [Test worker] DEBUG com.zaxxer.hikari.HikariConfig - idleTimeout.....................600000
17:03:33.367 [Test worker] DEBUG com.zaxxer.hikari.HikariConfig - initializationFailTimeout.......1
17:03:33.367 [Test worker] DEBUG com.zaxxer.hikari.HikariConfig - isolateInternalQueries..........false
17:03:33.367 [Test worker] DEBUG com.zaxxer.hikari.HikariConfig - jdbcUrl.........................jdbc:h2:mem:testdb;DB_CLOSE_DELAY=-1;DB_CLOSE_ON_EXIT=FALSE
17:03:33.367 [Test worker] DEBUG com.zaxxer.hikari.HikariConfig - leakDetectionThreshold..........0
17:03:33.367 [Test worker] DEBUG com.zaxxer.hikari.HikariConfig - maxLifetime.....................1800000
17:03:33.367 [Test worker] DEBUG com.zaxxer.hikari.HikariConfig - maximumPoolSize.................10
17:03:33.367 [Test worker] DEBUG com.zaxxer.hikari.HikariConfig - metricRegistry..................none
17:03:33.367 [Test worker] DEBUG com.zaxxer.hikari.HikariConfig - metricsTrackerFactory...........none
17:03:33.367 [Test worker] DEBUG com.zaxxer.hikari.HikariConfig - minimumIdle.....................10
17:03:33.367 [Test worker] DEBUG com.zaxxer.hikari.HikariConfig - password........................<masked>
17:03:33.367 [Test worker] DEBUG com.zaxxer.hikari.HikariConfig - poolName........................"HikariPool-11"
17:03:33.368 [Test worker] DEBUG com.zaxxer.hikari.HikariConfig - readOnly........................false
17:03:33.368 [Test worker] DEBUG com.zaxxer.hikari.HikariConfig - registerMbeans..................false
17:03:33.368 [Test worker] DEBUG com.zaxxer.hikari.HikariConfig - scheduledExecutor...............none
17:03:33.368 [Test worker] DEBUG com.zaxxer.hikari.HikariConfig - schema..........................none
17:03:33.368 [Test worker] DEBUG com.zaxxer.hikari.HikariConfig - threadFactory...................internal
17:03:33.368 [Test worker] DEBUG com.zaxxer.hikari.HikariConfig - transactionIsolation............default
17:03:33.368 [Test worker] DEBUG com.zaxxer.hikari.HikariConfig - username........................"sa"
17:03:33.368 [Test worker] DEBUG com.zaxxer.hikari.HikariConfig - validationTimeout...............5000
17:03:33.368 [Test worker] INFO com.zaxxer.hikari.HikariDataSource - HikariPool-11 - Starting...
17:03:33.369 [Test worker] DEBUG com.zaxxer.hikari.pool.HikariPool - HikariPool-11 - Added connection conn100: url=jdbc:h2:mem:testdb user=SA
17:03:33.369 [Test worker] INFO com.zaxxer.hikari.HikariDataSource - HikariPool-11 - Start completed.
17:03:33.369 [Test worker] DEBUG org.springframework.beans.factory.support.DefaultListableBeanFactory - Autowiring by type from bean name 'entityManagerFactoryBuilder' via factory method to bean named 'jpaVendorAdapter'
17:03:33.370 [Test worker] DEBUG org.springframework.beans.factory.support.DefaultListableBeanFactory - Autowiring by type from bean name 'entityManagerFactory' via factory method to bean named 'entityManagerFactoryBuilder'
17:03:33.370 [Test worker] DEBUG org.springframework.jdbc.datasource.DataSourceUtils - Fetching JDBC Connection from DataSource
17:03:33.374 [Test worker] DEBUG org.springframework.orm.jpa.LocalContainerEntityManagerFactoryBean - Building JPA container EntityManagerFactory for persistence unit 'default'
17:03:33.374 [Test worker] DEBUG org.hibernate.jpa.internal.util.LogHelper - PersistenceUnitInfo [
	name: default
	persistence provider classname: null
	classloader: jdk.internal.loader.ClassLoaders$AppClassLoader@2c13da15
	excludeUnlistedClasses: true
	JTA datasource: null
	Non JTA datasource: HikariDataSource (HikariPool-11)
	Transaction type: RESOURCE_LOCAL
	PU root URL: file:/Users/dzmitryplatonov/Desktop/workdir/giftcertificates/datasource/build/classes/java/test/
	Shared Cache Mode: UNSPECIFIED
	Validation Mode: AUTO
	Jar files URLs []
	Managed classes names [
		com.epam.esm.entity.Entity
		com.epam.esm.entity.GiftCertificate
		com.epam.esm.entity.Order
		com.epam.esm.entity.OrderCertificate
		com.epam.esm.entity.Role
		com.epam.esm.entity.Tag
		com.epam.esm.entity.User]
	Mapping files names []
	Properties []
17:03:33.374 [Test worker] DEBUG org.hibernate.integrator.internal.IntegratorServiceImpl - Adding Integrator [org.hibernate.cfg.beanvalidation.BeanValidationIntegrator].
17:03:33.374 [Test worker] DEBUG org.hibernate.integrator.internal.IntegratorServiceImpl - Adding Integrator [org.hibernate.secure.spi.JaccIntegrator].
17:03:33.374 [Test worker] DEBUG org.hibernate.integrator.internal.IntegratorServiceImpl - Adding Integrator [org.hibernate.cache.internal.CollectionCacheInvalidator].
17:03:33.375 [Test worker] DEBUG org.hibernate.service.spi.ServiceBinding - Overriding existing service binding [org.hibernate.secure.spi.JaccService]
17:03:33.376 [Test worker] DEBUG org.hibernate.cache.internal.RegionFactoryInitiator - Cannot default RegionFactory based on registered strategies as `[]` RegionFactory strategies were registered
17:03:33.376 [Test worker] DEBUG org.hibernate.cache.internal.RegionFactoryInitiator - Cache region factory : org.hibernate.cache.internal.NoCachingRegionFactory
17:03:33.376 [Test worker] DEBUG org.hibernate.type.BasicTypeRegistry - Adding type registration boolean -> org.hibernate.type.BooleanType@7a361749
17:03:33.376 [Test worker] DEBUG org.hibernate.type.BasicTypeRegistry - Adding type registration boolean -> org.hibernate.type.BooleanType@7a361749
17:03:33.376 [Test worker] DEBUG org.hibernate.type.BasicTypeRegistry - Adding type registration java.lang.Boolean -> org.hibernate.type.BooleanType@7a361749
17:03:33.376 [Test worker] DEBUG org.hibernate.type.BasicTypeRegistry - Adding type registration numeric_boolean -> org.hibernate.type.NumericBooleanType@35b10044
17:03:33.376 [Test worker] DEBUG org.hibernate.type.BasicTypeRegistry - Adding type registration true_false -> org.hibernate.type.TrueFalseType@1b7f764d
17:03:33.376 [Test worker] DEBUG org.hibernate.type.BasicTypeRegistry - Adding type registration yes_no -> org.hibernate.type.YesNoType@726eb0b7
17:03:33.376 [Test worker] DEBUG org.hibernate.type.BasicTypeRegistry - Adding type registration byte -> org.hibernate.type.ByteType@17cb58e9
17:03:33.376 [Test worker] DEBUG org.hibernate.type.BasicTypeRegistry - Adding type registration byte -> org.hibernate.type.ByteType@17cb58e9
17:03:33.376 [Test worker] DEBUG org.hibernate.type.BasicTypeRegistry - Adding type registration java.lang.Byte -> org.hibernate.type.ByteType@17cb58e9
17:03:33.376 [Test worker] DEBUG org.hibernate.type.BasicTypeRegistry - Adding type registration character -> org.hibernate.type.CharacterType@30f0ba0d
17:03:33.376 [Test worker] DEBUG org.hibernate.type.BasicTypeRegistry - Adding type registration char -> org.hibernate.type.CharacterType@30f0ba0d
17:03:33.376 [Test worker] DEBUG org.hibernate.type.BasicTypeRegistry - Adding type registration java.lang.Character -> org.hibernate.type.CharacterType@30f0ba0d
17:03:33.376 [Test worker] DEBUG org.hibernate.type.BasicTypeRegistry - Adding type registration short -> org.hibernate.type.ShortType@27eea72e
17:03:33.376 [Test worker] DEBUG org.hibernate.type.BasicTypeRegistry - Adding type registration short -> org.hibernate.type.ShortType@27eea72e
17:03:33.376 [Test worker] DEBUG org.hibernate.type.BasicTypeRegistry - Adding type registration java.lang.Short -> org.hibernate.type.ShortType@27eea72e
17:03:33.377 [Test worker] DEBUG org.hibernate.type.BasicTypeRegistry - Adding type registration integer -> org.hibernate.type.IntegerType@3e734867
17:03:33.377 [Test worker] DEBUG org.hibernate.type.BasicTypeRegistry - Adding type registration int -> org.hibernate.type.IntegerType@3e734867
17:03:33.377 [Test worker] DEBUG org.hibernate.type.BasicTypeRegistry - Adding type registration java.lang.Integer -> org.hibernate.type.IntegerType@3e734867
17:03:33.377 [Test worker] DEBUG org.hibernate.type.BasicTypeRegistry - Adding type registration long -> org.hibernate.type.LongType@10654366
17:03:33.377 [Test worker] DEBUG org.hibernate.type.BasicTypeRegistry - Adding type registration long -> org.hibernate.type.LongType@10654366
17:03:33.377 [Test worker] DEBUG org.hibernate.type.BasicTypeRegistry - Adding type registration java.lang.Long -> org.hibernate.type.LongType@10654366
17:03:33.377 [Test worker] DEBUG org.hibernate.type.BasicTypeRegistry - Adding type registration float -> org.hibernate.type.FloatType@1072c4c1
17:03:33.377 [Test worker] DEBUG org.hibernate.type.BasicTypeRegistry - Adding type registration float -> org.hibernate.type.FloatType@1072c4c1
17:03:33.377 [Test worker] DEBUG org.hibernate.type.BasicTypeRegistry - Adding type registration java.lang.Float -> org.hibernate.type.FloatType@1072c4c1
17:03:33.377 [Test worker] DEBUG org.hibernate.type.BasicTypeRegistry - Adding type registration double -> org.hibernate.type.DoubleType@383d90d3
17:03:33.377 [Test worker] DEBUG org.hibernate.type.BasicTypeRegistry - Adding type registration double -> org.hibernate.type.DoubleType@383d90d3
17:03:33.377 [Test worker] DEBUG org.hibernate.type.BasicTypeRegistry - Adding type registration java.lang.Double -> org.hibernate.type.DoubleType@383d90d3
17:03:33.377 [Test worker] DEBUG org.hibernate.type.BasicTypeRegistry - Adding type registration big_decimal -> org.hibernate.type.BigDecimalType@322ff0c5
17:03:33.377 [Test worker] DEBUG org.hibernate.type.BasicTypeRegistry - Adding type registration java.math.BigDecimal -> org.hibernate.type.BigDecimalType@322ff0c5
17:03:33.377 [Test worker] DEBUG org.hibernate.type.BasicTypeRegistry - Adding type registration big_integer -> org.hibernate.type.BigIntegerType@219d1f47
17:03:33.377 [Test worker] DEBUG org.hibernate.type.BasicTypeRegistry - Adding type registration java.math.BigInteger -> org.hibernate.type.BigIntegerType@219d1f47
17:03:33.377 [Test worker] DEBUG org.hibernate.type.BasicTypeRegistry - Adding type registration string -> org.hibernate.type.StringType@7b9aad94
17:03:33.377 [Test worker] DEBUG org.hibernate.type.BasicTypeRegistry - Adding type registration java.lang.String -> org.hibernate.type.StringType@7b9aad94
17:03:33.377 [Test worker] DEBUG org.hibernate.type.BasicTypeRegistry - Adding type registration nstring -> org.hibernate.type.StringNVarcharType@39251dc7
17:03:33.377 [Test worker] DEBUG org.hibernate.type.BasicTypeRegistry - Adding type registration ncharacter -> org.hibernate.type.CharacterNCharType@284c8f8b
17:03:33.377 [Test worker] DEBUG org.hibernate.type.BasicTypeRegistry - Adding type registration url -> org.hibernate.type.UrlType@7c5e8cdb
17:03:33.377 [Test worker] DEBUG org.hibernate.type.BasicTypeRegistry - Adding type registration java.net.URL -> org.hibernate.type.UrlType@7c5e8cdb
17:03:33.377 [Test worker] DEBUG org.hibernate.type.BasicTypeRegistry - Adding type registration Duration -> org.hibernate.type.DurationType@5502b9d6
17:03:33.377 [Test worker] DEBUG org.hibernate.type.BasicTypeRegistry - Adding type registration java.time.Duration -> org.hibernate.type.DurationType@5502b9d6
17:03:33.377 [Test worker] DEBUG org.hibernate.type.BasicTypeRegistry - Adding type registration Instant -> org.hibernate.type.InstantType@52dea51b
17:03:33.377 [Test worker] DEBUG org.hibernate.type.BasicTypeRegistry - Adding type registration java.time.Instant -> org.hibernate.type.InstantType@52dea51b
17:03:33.377 [Test worker] DEBUG org.hibernate.type.BasicTypeRegistry - Adding type registration LocalDateTime -> org.hibernate.type.LocalDateTimeType@65741b68
17:03:33.377 [Test worker] DEBUG org.hibernate.type.BasicTypeRegistry - Adding type registration java.time.LocalDateTime -> org.hibernate.type.LocalDateTimeType@65741b68
17:03:33.377 [Test worker] DEBUG org.hibernate.type.BasicTypeRegistry - Adding type registration LocalDate -> org.hibernate.type.LocalDateType@33f0f7f9
17:03:33.377 [Test worker] DEBUG org.hibernate.type.BasicTypeRegistry - Adding type registration java.time.LocalDate -> org.hibernate.type.LocalDateType@33f0f7f9
17:03:33.377 [Test worker] DEBUG org.hibernate.type.BasicTypeRegistry - Adding type registration LocalTime -> org.hibernate.type.LocalTimeType@5e875231
17:03:33.377 [Test worker] DEBUG org.hibernate.type.BasicTypeRegistry - Adding type registration java.time.LocalTime -> org.hibernate.type.LocalTimeType@5e875231
17:03:33.377 [Test worker] DEBUG org.hibernate.type.BasicTypeRegistry - Adding type registration OffsetDateTime -> org.hibernate.type.OffsetDateTimeType@e161f10
17:03:33.377 [Test worker] DEBUG org.hibernate.type.BasicTypeRegistry - Adding type registration java.time.OffsetDateTime -> org.hibernate.type.OffsetDateTimeType@e161f10
17:03:33.377 [Test worker] DEBUG org.hibernate.type.BasicTypeRegistry - Adding type registration OffsetTime -> org.hibernate.type.OffsetTimeType@1ed4e4a1
17:03:33.377 [Test worker] DEBUG org.hibernate.type.BasicTypeRegistry - Adding type registration java.time.OffsetTime -> org.hibernate.type.OffsetTimeType@1ed4e4a1
17:03:33.377 [Test worker] DEBUG org.hibernate.type.BasicTypeRegistry - Adding type registration ZonedDateTime -> org.hibernate.type.ZonedDateTimeType@1f7b3ac5
17:03:33.377 [Test worker] DEBUG org.hibernate.type.BasicTypeRegistry - Adding type registration java.time.ZonedDateTime -> org.hibernate.type.ZonedDateTimeType@1f7b3ac5
17:03:33.377 [Test worker] DEBUG org.hibernate.type.BasicTypeRegistry - Adding type registration date -> org.hibernate.type.DateType@47db9e78
17:03:33.377 [Test worker] DEBUG org.hibernate.type.BasicTypeRegistry - Adding type registration java.sql.Date -> org.hibernate.type.DateType@47db9e78
17:03:33.377 [Test worker] DEBUG org.hibernate.type.BasicTypeRegistry - Adding type registration time -> org.hibernate.type.TimeType@19cf2a46
17:03:33.377 [Test worker] DEBUG org.hibernate.type.BasicTypeRegistry - Adding type registration java.sql.Time -> org.hibernate.type.TimeType@19cf2a46
17:03:33.377 [Test worker] DEBUG org.hibernate.type.BasicTypeRegistry - Adding type registration timestamp -> org.hibernate.type.TimestampType@33cc8709
17:03:33.377 [Test worker] DEBUG org.hibernate.type.BasicTypeRegistry - Adding type registration java.sql.Timestamp -> org.hibernate.type.TimestampType@33cc8709
17:03:33.377 [Test worker] DEBUG org.hibernate.type.BasicTypeRegistry - Adding type registration java.util.Date -> org.hibernate.type.TimestampType@33cc8709
17:03:33.377 [Test worker] DEBUG org.hibernate.type.BasicTypeRegistry - Adding type registration dbtimestamp -> org.hibernate.type.DbTimestampType@4bb8bc35
17:03:33.377 [Test worker] DEBUG org.hibernate.type.BasicTypeRegistry - Adding type registration calendar -> org.hibernate.type.CalendarType@6cda5f3e
17:03:33.377 [Test worker] DEBUG org.hibernate.type.BasicTypeRegistry - Adding type registration java.util.Calendar -> org.hibernate.type.CalendarType@6cda5f3e
17:03:33.377 [Test worker] DEBUG org.hibernate.type.BasicTypeRegistry - Adding type registration java.util.GregorianCalendar -> org.hibernate.type.CalendarType@6cda5f3e
17:03:33.377 [Test worker] DEBUG org.hibernate.type.BasicTypeRegistry - Adding type registration calendar_date -> org.hibernate.type.CalendarDateType@2cf12338
17:03:33.377 [Test worker] DEBUG org.hibernate.type.BasicTypeRegistry - Adding type registration locale -> org.hibernate.type.LocaleType@5fa83fc7
17:03:33.377 [Test worker] DEBUG org.hibernate.type.BasicTypeRegistry - Adding type registration java.util.Locale -> org.hibernate.type.LocaleType@5fa83fc7
17:03:33.377 [Test worker] DEBUG org.hibernate.type.BasicTypeRegistry - Adding type registration currency -> org.hibernate.type.CurrencyType@7198d6af
17:03:33.377 [Test worker] DEBUG org.hibernate.type.BasicTypeRegistry - Adding type registration java.util.Currency -> org.hibernate.type.CurrencyType@7198d6af
17:03:33.377 [Test worker] DEBUG org.hibernate.type.BasicTypeRegistry - Adding type registration timezone -> org.hibernate.type.TimeZoneType@5db6acf5
17:03:33.377 [Test worker] DEBUG org.hibernate.type.BasicTypeRegistry - Adding type registration java.util.TimeZone -> org.hibernate.type.TimeZoneType@5db6acf5
17:03:33.377 [Test worker] DEBUG org.hibernate.type.BasicTypeRegistry - Adding type registration class -> org.hibernate.type.ClassType@11e7b123
17:03:33.378 [Test worker] DEBUG org.hibernate.type.BasicTypeRegistry - Adding type registration java.lang.Class -> org.hibernate.type.ClassType@11e7b123
17:03:33.378 [Test worker] DEBUG org.hibernate.type.BasicTypeRegistry - Adding type registration uuid-binary -> org.hibernate.type.UUIDBinaryType@515d21bc
17:03:33.378 [Test worker] DEBUG org.hibernate.type.BasicTypeRegistry - Adding type registration java.util.UUID -> org.hibernate.type.UUIDBinaryType@515d21bc
17:03:33.378 [Test worker] DEBUG org.hibernate.type.BasicTypeRegistry - Adding type registration uuid-char -> org.hibernate.type.UUIDCharType@774ef163
17:03:33.378 [Test worker] DEBUG org.hibernate.type.BasicTypeRegistry - Adding type registration binary -> org.hibernate.type.BinaryType@5f00df0f
17:03:33.378 [Test worker] DEBUG org.hibernate.type.BasicTypeRegistry - Adding type registration byte[] -> org.hibernate.type.BinaryType@5f00df0f
17:03:33.378 [Test worker] DEBUG org.hibernate.type.BasicTypeRegistry - Adding type registration [B -> org.hibernate.type.BinaryType@5f00df0f
17:03:33.378 [Test worker] DEBUG org.hibernate.type.BasicTypeRegistry - Adding type registration wrapper-binary -> org.hibernate.type.WrapperBinaryType@1c4b0916
17:03:33.378 [Test worker] DEBUG org.hibernate.type.BasicTypeRegistry - Adding type registration Byte[] -> org.hibernate.type.WrapperBinaryType@1c4b0916
17:03:33.378 [Test worker] DEBUG org.hibernate.type.BasicTypeRegistry - Adding type registration [Ljava.lang.Byte; -> org.hibernate.type.WrapperBinaryType@1c4b0916
17:03:33.378 [Test worker] DEBUG org.hibernate.type.BasicTypeRegistry - Adding type registration row_version -> org.hibernate.type.RowVersionType@5a9358d7
17:03:33.378 [Test worker] DEBUG org.hibernate.type.BasicTypeRegistry - Adding type registration image -> org.hibernate.type.ImageType@b08df66
17:03:33.378 [Test worker] DEBUG org.hibernate.type.BasicTypeRegistry - Adding type registration characters -> org.hibernate.type.CharArrayType@69a415e0
17:03:33.378 [Test worker] DEBUG org.hibernate.type.BasicTypeRegistry - Adding type registration char[] -> org.hibernate.type.CharArrayType@69a415e0
17:03:33.378 [Test worker] DEBUG org.hibernate.type.BasicTypeRegistry - Adding type registration [C -> org.hibernate.type.CharArrayType@69a415e0
17:03:33.378 [Test worker] DEBUG org.hibernate.type.BasicTypeRegistry - Adding type registration wrapper-characters -> org.hibernate.type.CharacterArrayType@2e189552
17:03:33.378 [Test worker] DEBUG org.hibernate.type.BasicTypeRegistry - Adding type registration [Ljava.lang.Character; -> org.hibernate.type.CharacterArrayType@2e189552
17:03:33.378 [Test worker] DEBUG org.hibernate.type.BasicTypeRegistry - Adding type registration Character[] -> org.hibernate.type.CharacterArrayType@2e189552
17:03:33.378 [Test worker] DEBUG org.hibernate.type.BasicTypeRegistry - Adding type registration text -> org.hibernate.type.TextType@3bb4f48d
17:03:33.378 [Test worker] DEBUG org.hibernate.type.BasicTypeRegistry - Adding type registration ntext -> org.hibernate.type.NTextType@7fc44815
17:03:33.378 [Test worker] DEBUG org.hibernate.type.BasicTypeRegistry - Adding type registration blob -> org.hibernate.type.BlobType@70984021
17:03:33.378 [Test worker] DEBUG org.hibernate.type.BasicTypeRegistry - Adding type registration java.sql.Blob -> org.hibernate.type.BlobType@70984021
17:03:33.378 [Test worker] DEBUG org.hibernate.type.BasicTypeRegistry - Adding type registration materialized_blob -> org.hibernate.type.MaterializedBlobType@7b392ea8
17:03:33.378 [Test worker] DEBUG org.hibernate.type.BasicTypeRegistry - Adding type registration clob -> org.hibernate.type.ClobType@249973df
17:03:33.378 [Test worker] DEBUG org.hibernate.type.BasicTypeRegistry - Adding type registration java.sql.Clob -> org.hibernate.type.ClobType@249973df
17:03:33.378 [Test worker] DEBUG org.hibernate.type.BasicTypeRegistry - Adding type registration nclob -> org.hibernate.type.NClobType@993bb9e
17:03:33.378 [Test worker] DEBUG org.hibernate.type.BasicTypeRegistry - Adding type registration java.sql.NClob -> org.hibernate.type.NClobType@993bb9e
17:03:33.378 [Test worker] DEBUG org.hibernate.type.BasicTypeRegistry - Adding type registration materialized_clob -> org.hibernate.type.MaterializedClobType@5eddde51
17:03:33.378 [Test worker] DEBUG org.hibernate.type.BasicTypeRegistry - Adding type registration materialized_nclob -> org.hibernate.type.MaterializedNClobType@20503ff1
17:03:33.378 [Test worker] DEBUG org.hibernate.type.BasicTypeRegistry - Adding type registration serializable -> org.hibernate.type.SerializableType@11fb506a
17:03:33.378 [Test worker] DEBUG org.hibernate.type.BasicTypeRegistry - Adding type registration object -> org.hibernate.type.ObjectType@40b10f8c
17:03:33.378 [Test worker] DEBUG org.hibernate.type.BasicTypeRegistry - Adding type registration java.lang.Object -> org.hibernate.type.ObjectType@40b10f8c
17:03:33.378 [Test worker] DEBUG org.hibernate.type.BasicTypeRegistry - Adding type registration imm_date -> org.hibernate.type.AdaptedImmutableType@2df61398
17:03:33.378 [Test worker] DEBUG org.hibernate.type.BasicTypeRegistry - Adding type registration imm_time -> org.hibernate.type.AdaptedImmutableType@31bdcaac
17:03:33.378 [Test worker] DEBUG org.hibernate.type.BasicTypeRegistry - Adding type registration imm_timestamp -> org.hibernate.type.AdaptedImmutableType@2114e408
17:03:33.378 [Test worker] DEBUG org.hibernate.type.BasicTypeRegistry - Adding type registration imm_dbtimestamp -> org.hibernate.type.AdaptedImmutableType@4c6607c5
17:03:33.378 [Test worker] DEBUG org.hibernate.type.BasicTypeRegistry - Adding type registration imm_calendar -> org.hibernate.type.AdaptedImmutableType@5191a702
17:03:33.378 [Test worker] DEBUG org.hibernate.type.BasicTypeRegistry - Adding type registration imm_calendar_date -> org.hibernate.type.AdaptedImmutableType@e26ef36
17:03:33.378 [Test worker] DEBUG org.hibernate.type.BasicTypeRegistry - Adding type registration imm_binary -> org.hibernate.type.AdaptedImmutableType@8147e5e
17:03:33.378 [Test worker] DEBUG org.hibernate.type.BasicTypeRegistry - Adding type registration imm_serializable -> org.hibernate.type.AdaptedImmutableType@74b008b6
17:03:33.379 [Test worker] DEBUG org.hibernate.boot.internal.BootstrapContextImpl - Injecting JPA temp ClassLoader [org.springframework.instrument.classloading.SimpleThrowawayClassLoader@11a30de4] into BootstrapContext; was [null]
17:03:33.379 [Test worker] DEBUG org.hibernate.boot.internal.ClassLoaderAccessImpl - ClassLoaderAccessImpl#injectTempClassLoader(org.springframework.instrument.classloading.SimpleThrowawayClassLoader@11a30de4) [was null]
17:03:33.379 [Test worker] DEBUG org.hibernate.boot.internal.BootstrapContextImpl - Injecting ScanEnvironment [org.hibernate.jpa.boot.internal.StandardJpaScanEnvironmentImpl@3aee6700] into BootstrapContext; was [null]
17:03:33.379 [Test worker] DEBUG org.hibernate.boot.internal.BootstrapContextImpl - Injecting ScanOptions [org.hibernate.boot.archive.scan.internal.StandardScanOptions@4e6f3d53] into BootstrapContext; was [org.hibernate.boot.archive.scan.internal.StandardScanOptions@4eee05ab]
17:03:33.381 [Test worker] DEBUG org.hibernate.boot.internal.BootstrapContextImpl - Injecting JPA temp ClassLoader [null] into BootstrapContext; was [org.springframework.instrument.classloading.SimpleThrowawayClassLoader@11a30de4]
17:03:33.381 [Test worker] DEBUG org.hibernate.boot.internal.ClassLoaderAccessImpl - ClassLoaderAccessImpl#injectTempClassLoader(null) [was org.springframework.instrument.classloading.SimpleThrowawayClassLoader@11a30de4]
17:03:33.381 [Test worker] DEBUG org.hibernate.id.factory.internal.DefaultIdentifierGeneratorFactory - Registering IdentifierGenerator strategy [uuid2] -> [org.hibernate.id.UUIDGenerator]
17:03:33.381 [Test worker] DEBUG org.hibernate.id.factory.internal.DefaultIdentifierGeneratorFactory - Registering IdentifierGenerator strategy [guid] -> [org.hibernate.id.GUIDGenerator]
17:03:33.381 [Test worker] DEBUG org.hibernate.id.factory.internal.DefaultIdentifierGeneratorFactory - Registering IdentifierGenerator strategy [uuid] -> [org.hibernate.id.UUIDHexGenerator]
17:03:33.381 [Test worker] DEBUG org.hibernate.id.factory.internal.DefaultIdentifierGeneratorFactory - Registering IdentifierGenerator strategy [uuid.hex] -> [org.hibernate.id.UUIDHexGenerator]
17:03:33.381 [Test worker] DEBUG org.hibernate.id.factory.internal.DefaultIdentifierGeneratorFactory - Registering IdentifierGenerator strategy [assigned] -> [org.hibernate.id.Assigned]
17:03:33.381 [Test worker] DEBUG org.hibernate.id.factory.internal.DefaultIdentifierGeneratorFactory - Registering IdentifierGenerator strategy [identity] -> [org.hibernate.id.IdentityGenerator]
17:03:33.381 [Test worker] DEBUG org.hibernate.id.factory.internal.DefaultIdentifierGeneratorFactory - Registering IdentifierGenerator strategy [select] -> [org.hibernate.id.SelectGenerator]
17:03:33.381 [Test worker] DEBUG org.hibernate.id.factory.internal.DefaultIdentifierGeneratorFactory - Registering IdentifierGenerator strategy [sequence] -> [org.hibernate.id.enhanced.SequenceStyleGenerator]
17:03:33.381 [Test worker] DEBUG org.hibernate.id.factory.internal.DefaultIdentifierGeneratorFactory - Registering IdentifierGenerator strategy [seqhilo] -> [org.hibernate.id.SequenceHiLoGenerator]
17:03:33.381 [Test worker] DEBUG org.hibernate.id.factory.internal.DefaultIdentifierGeneratorFactory - Registering IdentifierGenerator strategy [increment] -> [org.hibernate.id.IncrementGenerator]
17:03:33.381 [Test worker] DEBUG org.hibernate.id.factory.internal.DefaultIdentifierGeneratorFactory - Registering IdentifierGenerator strategy [foreign] -> [org.hibernate.id.ForeignGenerator]
17:03:33.381 [Test worker] DEBUG org.hibernate.id.factory.internal.DefaultIdentifierGeneratorFactory - Registering IdentifierGenerator strategy [sequence-identity] -> [org.hibernate.id.SequenceIdentityGenerator]
17:03:33.381 [Test worker] DEBUG org.hibernate.id.factory.internal.DefaultIdentifierGeneratorFactory - Registering IdentifierGenerator strategy [enhanced-sequence] -> [org.hibernate.id.enhanced.SequenceStyleGenerator]
17:03:33.381 [Test worker] DEBUG org.hibernate.id.factory.internal.DefaultIdentifierGeneratorFactory - Registering IdentifierGenerator strategy [enhanced-table] -> [org.hibernate.id.enhanced.TableGenerator]
17:03:33.381 [Test worker] DEBUG org.hibernate.engine.jdbc.env.internal.JdbcEnvironmentInitiator - Database ->
       name : H2
    version : 1.4.197 (2018-03-18)
      major : 1
      minor : 4
17:03:33.381 [Test worker] DEBUG org.hibernate.engine.jdbc.env.internal.JdbcEnvironmentInitiator - Driver ->
       name : H2 JDBC Driver
    version : 1.4.197 (2018-03-18)
      major : 1
      minor : 4
17:03:33.381 [Test worker] DEBUG org.hibernate.engine.jdbc.env.internal.JdbcEnvironmentInitiator - JDBC version : 4.0
17:03:33.382 [Test worker] INFO org.hibernate.dialect.Dialect - HHH000400: Using dialect: org.hibernate.dialect.H2Dialect
17:03:33.384 [Test worker] DEBUG org.hibernate.boot.model.relational.Namespace - Created database namespace [logicalName=Name{catalog=null, schema=null}, physicalName=Name{catalog=null, schema=null}]
17:03:33.385 [Test worker] DEBUG org.hibernate.type.spi.TypeConfiguration$Scope - Scoping TypeConfiguration [org.hibernate.type.spi.TypeConfiguration@580676b2] to MetadataBuildingContext [org.hibernate.boot.internal.MetadataBuildingContextRootImpl@15ceeb5e]
17:03:33.385 [Test worker] DEBUG org.hibernate.cfg.AnnotationBinder - Binding entity from annotated class: com.epam.esm.entity.Entity
17:03:33.385 [Test worker] DEBUG org.hibernate.cfg.Ejb3Column - Binding column: Ejb3DiscriminatorColumn{logicalColumnName'DTYPE', discriminatorTypeName='string'}
17:03:33.386 [Test worker] DEBUG org.hibernate.cfg.annotations.EntityBinder - Import with entity name Entity
17:03:33.386 [Test worker] DEBUG org.hibernate.cfg.annotations.EntityBinder - Bind entity com.epam.esm.entity.Entity on table entity
17:03:33.386 [Test worker] DEBUG org.hibernate.cfg.Ejb3Column - Binding column: Ejb3Column{table=org.hibernate.mapping.Table(entity), mappingColumn=id, insertable=true, updatable=true, unique=false}
17:03:33.386 [Test worker] DEBUG org.hibernate.cfg.annotations.PropertyBinder - MetadataSourceProcessor property id with lazy=false
17:03:33.386 [Test worker] DEBUG org.hibernate.cfg.AbstractPropertyHolder - Attempting to locate auto-apply AttributeConverter for property [com.epam.esm.entity.Entity:id]
17:03:33.386 [Test worker] DEBUG org.hibernate.cfg.annotations.SimpleValueBinder - building SimpleValue for id
17:03:33.386 [Test worker] DEBUG org.hibernate.cfg.annotations.PropertyBinder - Building property id
17:03:33.386 [Test worker] DEBUG org.hibernate.cfg.BinderHelper - #makeIdGenerator(org.hibernate.mapping.SimpleValue([org.hibernate.mapping.Column(id)]), id, identity, , ...)
17:03:33.386 [Test worker] DEBUG org.hibernate.cfg.AnnotationBinder - Binding entity from annotated class: com.epam.esm.entity.GiftCertificate
17:03:33.386 [Test worker] DEBUG org.hibernate.cfg.Ejb3Column - Binding column: Ejb3DiscriminatorColumn{logicalColumnName'DTYPE', discriminatorTypeName='string'}
17:03:33.387 [Test worker] DEBUG org.hibernate.cfg.annotations.EntityBinder - Import with entity name GiftCertificate
17:03:33.387 [Test worker] DEBUG org.hibernate.cfg.annotations.EntityBinder - Bind entity com.epam.esm.entity.GiftCertificate on table certificate
17:03:33.387 [Test worker] DEBUG org.hibernate.cfg.Ejb3Column - Binding column: Ejb3Column{table=org.hibernate.mapping.Table(certificate), mappingColumn=id, insertable=true, updatable=true, unique=false}
17:03:33.387 [Test worker] DEBUG org.hibernate.cfg.annotations.PropertyBinder - MetadataSourceProcessor property id with lazy=false
17:03:33.387 [Test worker] DEBUG org.hibernate.cfg.AbstractPropertyHolder - Attempting to locate auto-apply AttributeConverter for property [com.epam.esm.entity.GiftCertificate:id]
17:03:33.387 [Test worker] DEBUG org.hibernate.cfg.annotations.SimpleValueBinder - building SimpleValue for id
17:03:33.387 [Test worker] DEBUG org.hibernate.cfg.annotations.PropertyBinder - Building property id
17:03:33.387 [Test worker] DEBUG org.hibernate.cfg.BinderHelper - #makeIdGenerator(org.hibernate.mapping.SimpleValue([org.hibernate.mapping.Column(id)]), id, identity, , ...)
17:03:33.388 [Test worker] DEBUG org.hibernate.cfg.Ejb3Column - Binding column: Ejb3Column{table=org.hibernate.mapping.Table(certificate), mappingColumn=active_status, insertable=true, updatable=true, unique=false}
17:03:33.388 [Test worker] DEBUG org.hibernate.cfg.annotations.PropertyBinder - MetadataSourceProcessor property activeStatus with lazy=false
17:03:33.388 [Test worker] DEBUG org.hibernate.cfg.AbstractPropertyHolder - Attempting to locate auto-apply AttributeConverter for property [com.epam.esm.entity.GiftCertificate:activeStatus]
17:03:33.388 [Test worker] DEBUG org.hibernate.cfg.annotations.SimpleValueBinder - building SimpleValue for activeStatus
17:03:33.388 [Test worker] DEBUG org.hibernate.cfg.annotations.PropertyBinder - Building property activeStatus
17:03:33.388 [Test worker] DEBUG org.hibernate.cfg.Ejb3Column - Binding column: Ejb3Column{table=org.hibernate.mapping.Table(certificate), mappingColumn=creation_date, insertable=true, updatable=true, unique=false}
17:03:33.388 [Test worker] DEBUG org.hibernate.cfg.annotations.PropertyBinder - MetadataSourceProcessor property creationDate with lazy=false
17:03:33.388 [Test worker] DEBUG org.hibernate.cfg.AbstractPropertyHolder - Attempting to locate auto-apply AttributeConverter for property [com.epam.esm.entity.GiftCertificate:creationDate]
17:03:33.388 [Test worker] DEBUG org.hibernate.cfg.annotations.SimpleValueBinder - building SimpleValue for creationDate
17:03:33.388 [Test worker] DEBUG org.hibernate.cfg.annotations.PropertyBinder - Building property creationDate
17:03:33.388 [Test worker] DEBUG org.hibernate.cfg.Ejb3Column - Binding column: Ejb3Column{table=org.hibernate.mapping.Table(certificate), mappingColumn=description, insertable=true, updatable=true, unique=false}
17:03:33.388 [Test worker] DEBUG org.hibernate.cfg.annotations.PropertyBinder - MetadataSourceProcessor property description with lazy=false
17:03:33.388 [Test worker] DEBUG org.hibernate.cfg.AbstractPropertyHolder - Attempting to locate auto-apply AttributeConverter for property [com.epam.esm.entity.GiftCertificate:description]
17:03:33.388 [Test worker] DEBUG org.hibernate.cfg.annotations.SimpleValueBinder - building SimpleValue for description
17:03:33.388 [Test worker] DEBUG org.hibernate.cfg.annotations.PropertyBinder - Building property description
17:03:33.388 [Test worker] DEBUG org.hibernate.cfg.Ejb3Column - Binding column: Ejb3Column{table=org.hibernate.mapping.Table(certificate), mappingColumn=expiration_date, insertable=true, updatable=true, unique=false}
17:03:33.388 [Test worker] DEBUG org.hibernate.cfg.annotations.PropertyBinder - MetadataSourceProcessor property expirationDate with lazy=false
17:03:33.389 [Test worker] DEBUG org.hibernate.cfg.AbstractPropertyHolder - Attempting to locate auto-apply AttributeConverter for property [com.epam.esm.entity.GiftCertificate:expirationDate]
17:03:33.389 [Test worker] DEBUG org.hibernate.cfg.annotations.SimpleValueBinder - building SimpleValue for expirationDate
17:03:33.389 [Test worker] DEBUG org.hibernate.cfg.annotations.PropertyBinder - Building property expirationDate
17:03:33.389 [Test worker] DEBUG org.hibernate.cfg.Ejb3Column - Binding column: Ejb3Column{table=org.hibernate.mapping.Table(certificate), mappingColumn=modification_date, insertable=true, updatable=true, unique=false}
17:03:33.389 [Test worker] DEBUG org.hibernate.cfg.annotations.PropertyBinder - MetadataSourceProcessor property modificationDate with lazy=false
17:03:33.389 [Test worker] DEBUG org.hibernate.cfg.AbstractPropertyHolder - Attempting to locate auto-apply AttributeConverter for property [com.epam.esm.entity.GiftCertificate:modificationDate]
17:03:33.389 [Test worker] DEBUG org.hibernate.cfg.annotations.SimpleValueBinder - building SimpleValue for modificationDate
17:03:33.389 [Test worker] DEBUG org.hibernate.cfg.annotations.PropertyBinder - Building property modificationDate
17:03:33.389 [Test worker] DEBUG org.hibernate.cfg.Ejb3Column - Binding column: Ejb3Column{table=org.hibernate.mapping.Table(certificate), mappingColumn=name, insertable=true, updatable=true, unique=false}
17:03:33.389 [Test worker] DEBUG org.hibernate.cfg.annotations.PropertyBinder - MetadataSourceProcessor property name with lazy=false
17:03:33.389 [Test worker] DEBUG org.hibernate.cfg.AbstractPropertyHolder - Attempting to locate auto-apply AttributeConverter for property [com.epam.esm.entity.GiftCertificate:name]
17:03:33.389 [Test worker] DEBUG org.hibernate.cfg.annotations.SimpleValueBinder - building SimpleValue for name
17:03:33.389 [Test worker] DEBUG org.hibernate.cfg.annotations.PropertyBinder - Building property name
17:03:33.389 [Test worker] DEBUG org.hibernate.cfg.Ejb3Column - Binding column: Ejb3JoinColumn{logicalColumnName='null', referencedColumn='null', mappedBy='certificate'}
17:03:33.389 [Test worker] DEBUG org.hibernate.cfg.Ejb3Column - Binding column: Ejb3Column{table=org.hibernate.mapping.Table(certificate), mappingColumn=order_certificates, insertable=true, updatable=true, unique=false}
17:03:33.389 [Test worker] DEBUG org.hibernate.cfg.Ejb3Column - Binding column: Ejb3Column{table=org.hibernate.mapping.Table(certificate), mappingColumn=null, insertable=true, updatable=true, unique=false}
17:03:33.390 [Test worker] DEBUG org.hibernate.cfg.Ejb3Column - Binding column: Ejb3Column{table=org.hibernate.mapping.Table(certificate), mappingColumn=element, insertable=true, updatable=true, unique=false}
17:03:33.390 [Test worker] DEBUG org.hibernate.cfg.Ejb3Column - Binding column: Ejb3Column{table=org.hibernate.mapping.Table(certificate), mappingColumn=order_certificates_key, insertable=true, updatable=true, unique=false}
17:03:33.390 [Test worker] DEBUG org.hibernate.cfg.Ejb3Column - Binding column: Ejb3JoinColumn{logicalColumnName='orderCertificates_KEY', referencedColumn='null', mappedBy='null'}
17:03:33.390 [Test worker] DEBUG org.hibernate.cfg.Ejb3Column - Binding column: Ejb3JoinColumn{logicalColumnName='null', referencedColumn='null', mappedBy='certificate'}
17:03:33.390 [Test worker] DEBUG org.hibernate.cfg.Ejb3Column - Binding column: Ejb3JoinColumn{logicalColumnName='null', referencedColumn='null', mappedBy='certificate'}
17:03:33.390 [Test worker] DEBUG org.hibernate.cfg.annotations.CollectionBinder - Collection role: com.epam.esm.entity.GiftCertificate.orderCertificates
17:03:33.390 [Test worker] DEBUG org.hibernate.cfg.annotations.PropertyBinder - Building property orderCertificates
17:03:33.390 [Test worker] DEBUG org.hibernate.cfg.Ejb3Column - Binding column: Ejb3Column{table=org.hibernate.mapping.Table(certificate), mappingColumn=price, insertable=true, updatable=true, unique=false}
17:03:33.390 [Test worker] DEBUG org.hibernate.cfg.annotations.PropertyBinder - MetadataSourceProcessor property price with lazy=false
17:03:33.390 [Test worker] DEBUG org.hibernate.cfg.AbstractPropertyHolder - Attempting to locate auto-apply AttributeConverter for property [com.epam.esm.entity.GiftCertificate:price]
17:03:33.390 [Test worker] DEBUG org.hibernate.cfg.annotations.SimpleValueBinder - building SimpleValue for price
17:03:33.390 [Test worker] DEBUG org.hibernate.cfg.annotations.PropertyBinder - Building property price
17:03:33.390 [Test worker] DEBUG org.hibernate.cfg.Ejb3Column - Binding column: Ejb3Column{table=org.hibernate.mapping.Table(certificate), mappingColumn=null, insertable=true, updatable=true, unique=false}
17:03:33.390 [Test worker] DEBUG org.hibernate.cfg.Ejb3Column - Binding column: Ejb3Column{table=org.hibernate.mapping.Table(certificate), mappingColumn=element, insertable=true, updatable=true, unique=false}
17:03:33.390 [Test worker] DEBUG org.hibernate.cfg.Ejb3Column - Binding column: Ejb3Column{table=org.hibernate.mapping.Table(certificate), mappingColumn=tags_key, insertable=true, updatable=true, unique=false}
17:03:33.391 [Test worker] DEBUG org.hibernate.cfg.Ejb3Column - Binding column: Ejb3JoinColumn{logicalColumnName='tags_KEY', referencedColumn='null', mappedBy='null'}
17:03:33.391 [Test worker] DEBUG org.hibernate.cfg.Ejb3Column - Binding column: Ejb3JoinColumn{logicalColumnName='certificate_id', referencedColumn='', mappedBy=''}
17:03:33.391 [Test worker] DEBUG org.hibernate.cfg.Ejb3Column - Binding column: Ejb3JoinColumn{logicalColumnName='tag_id', referencedColumn='', mappedBy=''}
17:03:33.391 [Test worker] DEBUG org.hibernate.cfg.annotations.CollectionBinder - Collection role: com.epam.esm.entity.GiftCertificate.tags
17:03:33.391 [Test worker] DEBUG org.hibernate.cfg.annotations.PropertyBinder - Building property tags
17:03:33.391 [Test worker] DEBUG org.hibernate.cfg.AnnotationBinder - Binding entity from annotated class: com.epam.esm.entity.Order
17:03:33.391 [Test worker] DEBUG org.hibernate.cfg.Ejb3Column - Binding column: Ejb3DiscriminatorColumn{logicalColumnName'DTYPE', discriminatorTypeName='string'}
17:03:33.391 [Test worker] DEBUG org.hibernate.cfg.annotations.EntityBinder - Import with entity name Order
17:03:33.391 [Test worker] DEBUG org.hibernate.cfg.annotations.EntityBinder - Bind entity com.epam.esm.entity.Order on table application_order
17:03:33.391 [Test worker] DEBUG org.hibernate.cfg.Ejb3Column - Binding column: Ejb3Column{table=org.hibernate.mapping.Table(application_order), mappingColumn=id, insertable=true, updatable=true, unique=false}
17:03:33.391 [Test worker] DEBUG org.hibernate.cfg.annotations.PropertyBinder - MetadataSourceProcessor property id with lazy=false
17:03:33.391 [Test worker] DEBUG org.hibernate.cfg.AbstractPropertyHolder - Attempting to locate auto-apply AttributeConverter for property [com.epam.esm.entity.Order:id]
17:03:33.391 [Test worker] DEBUG org.hibernate.cfg.annotations.SimpleValueBinder - building SimpleValue for id
17:03:33.392 [Test worker] DEBUG org.hibernate.cfg.annotations.PropertyBinder - Building property id
17:03:33.392 [Test worker] DEBUG org.hibernate.cfg.BinderHelper - #makeIdGenerator(org.hibernate.mapping.SimpleValue([org.hibernate.mapping.Column(id)]), id, identity, , ...)
17:03:33.392 [Test worker] DEBUG org.hibernate.cfg.Ejb3Column - Binding column: Ejb3Column{table=org.hibernate.mapping.Table(application_order), mappingColumn=active_status, insertable=true, updatable=true, unique=false}
17:03:33.392 [Test worker] DEBUG org.hibernate.cfg.annotations.PropertyBinder - MetadataSourceProcessor property activeStatus with lazy=false
17:03:33.392 [Test worker] DEBUG org.hibernate.cfg.AbstractPropertyHolder - Attempting to locate auto-apply AttributeConverter for property [com.epam.esm.entity.Order:activeStatus]
17:03:33.392 [Test worker] DEBUG org.hibernate.cfg.annotations.SimpleValueBinder - building SimpleValue for activeStatus
17:03:33.392 [Test worker] DEBUG org.hibernate.cfg.annotations.PropertyBinder - Building property activeStatus
17:03:33.392 [Test worker] DEBUG org.hibernate.cfg.Ejb3Column - Binding column: Ejb3Column{table=org.hibernate.mapping.Table(application_order), mappingColumn=created_at, insertable=true, updatable=true, unique=false}
17:03:33.392 [Test worker] DEBUG org.hibernate.cfg.annotations.PropertyBinder - MetadataSourceProcessor property createdAt with lazy=false
17:03:33.392 [Test worker] DEBUG org.hibernate.cfg.AbstractPropertyHolder - Attempting to locate auto-apply AttributeConverter for property [com.epam.esm.entity.Order:createdAt]
17:03:33.392 [Test worker] DEBUG org.hibernate.cfg.annotations.SimpleValueBinder - building SimpleValue for createdAt
17:03:33.392 [Test worker] DEBUG org.hibernate.cfg.annotations.PropertyBinder - Building property createdAt
17:03:33.392 [Test worker] DEBUG org.hibernate.cfg.Ejb3Column - Binding column: Ejb3JoinColumn{logicalColumnName='null', referencedColumn='null', mappedBy='order'}
17:03:33.392 [Test worker] DEBUG org.hibernate.cfg.Ejb3Column - Binding column: Ejb3Column{table=org.hibernate.mapping.Table(application_order), mappingColumn=order_certificates, insertable=true, updatable=true, unique=false}
17:03:33.392 [Test worker] DEBUG org.hibernate.cfg.Ejb3Column - Binding column: Ejb3Column{table=org.hibernate.mapping.Table(application_order), mappingColumn=null, insertable=true, updatable=true, unique=false}
17:03:33.393 [Test worker] DEBUG org.hibernate.cfg.Ejb3Column - Binding column: Ejb3Column{table=org.hibernate.mapping.Table(application_order), mappingColumn=element, insertable=true, updatable=true, unique=false}
17:03:33.393 [Test worker] DEBUG org.hibernate.cfg.Ejb3Column - Binding column: Ejb3Column{table=org.hibernate.mapping.Table(application_order), mappingColumn=order_certificates_key, insertable=true, updatable=true, unique=false}
17:03:33.393 [Test worker] DEBUG org.hibernate.cfg.Ejb3Column - Binding column: Ejb3JoinColumn{logicalColumnName='orderCertificates_KEY', referencedColumn='null', mappedBy='null'}
17:03:33.393 [Test worker] DEBUG org.hibernate.cfg.Ejb3Column - Binding column: Ejb3JoinColumn{logicalColumnName='null', referencedColumn='null', mappedBy='order'}
17:03:33.393 [Test worker] DEBUG org.hibernate.cfg.Ejb3Column - Binding column: Ejb3JoinColumn{logicalColumnName='null', referencedColumn='null', mappedBy='order'}
17:03:33.393 [Test worker] DEBUG org.hibernate.cfg.annotations.CollectionBinder - Collection role: com.epam.esm.entity.Order.orderCertificates
17:03:33.393 [Test worker] DEBUG org.hibernate.cfg.annotations.PropertyBinder - Building property orderCertificates
17:03:33.393 [Test worker] DEBUG org.hibernate.cfg.Ejb3Column - Binding column: Ejb3JoinColumn{logicalColumnName='user_id', referencedColumn='', mappedBy=''}
17:03:33.393 [Test worker] DEBUG org.hibernate.cfg.Ejb3Column - Binding column: Ejb3Column{table=org.hibernate.mapping.Table(application_order), mappingColumn=user, insertable=true, updatable=true, unique=false}
17:03:33.393 [Test worker] DEBUG org.hibernate.cfg.annotations.PropertyBinder - Building property user
17:03:33.393 [Test worker] DEBUG org.hibernate.cfg.AnnotationBinder - Binding entity from annotated class: com.epam.esm.entity.OrderCertificate
17:03:33.393 [Test worker] DEBUG org.hibernate.cfg.Ejb3Column - Binding column: Ejb3DiscriminatorColumn{logicalColumnName'DTYPE', discriminatorTypeName='string'}
17:03:33.393 [Test worker] DEBUG org.hibernate.cfg.annotations.EntityBinder - Import with entity name OrderCertificate
17:03:33.394 [Test worker] DEBUG org.hibernate.cfg.annotations.EntityBinder - Bind entity com.epam.esm.entity.OrderCertificate on table order_certificate
17:03:33.394 [Test worker] DEBUG org.hibernate.cfg.Ejb3Column - Binding column: Ejb3Column{table=org.hibernate.mapping.Table(order_certificate), mappingColumn=id, insertable=true, updatable=true, unique=false}
17:03:33.394 [Test worker] DEBUG org.hibernate.cfg.annotations.PropertyBinder - MetadataSourceProcessor property id with lazy=false
17:03:33.394 [Test worker] DEBUG org.hibernate.cfg.AbstractPropertyHolder - Attempting to locate auto-apply AttributeConverter for property [com.epam.esm.entity.OrderCertificate:id]
17:03:33.394 [Test worker] DEBUG org.hibernate.cfg.annotations.SimpleValueBinder - building SimpleValue for id
17:03:33.394 [Test worker] DEBUG org.hibernate.cfg.annotations.PropertyBinder - Building property id
17:03:33.394 [Test worker] DEBUG org.hibernate.cfg.BinderHelper - #makeIdGenerator(org.hibernate.mapping.SimpleValue([org.hibernate.mapping.Column(id)]), id, identity, , ...)
17:03:33.394 [Test worker] DEBUG org.hibernate.cfg.Ejb3Column - Binding column: Ejb3JoinColumn{logicalColumnName='null', referencedColumn='', mappedBy=''}
17:03:33.394 [Test worker] DEBUG org.hibernate.cfg.Ejb3Column - Binding column: Ejb3Column{table=org.hibernate.mapping.Table(order_certificate), mappingColumn=certificate, insertable=true, updatable=true, unique=false}
17:03:33.394 [Test worker] DEBUG org.hibernate.cfg.annotations.PropertyBinder - Building property certificate
17:03:33.394 [Test worker] DEBUG org.hibernate.cfg.Ejb3Column - Binding column: Ejb3Column{table=org.hibernate.mapping.Table(order_certificate), mappingColumn=expiration_date, insertable=true, updatable=true, unique=false}
17:03:33.394 [Test worker] DEBUG org.hibernate.cfg.annotations.PropertyBinder - MetadataSourceProcessor property expirationDate with lazy=false
17:03:33.394 [Test worker] DEBUG org.hibernate.cfg.AbstractPropertyHolder - Attempting to locate auto-apply AttributeConverter for property [com.epam.esm.entity.OrderCertificate:expirationDate]
17:03:33.395 [Test worker] DEBUG org.hibernate.cfg.annotations.SimpleValueBinder - building SimpleValue for expirationDate
17:03:33.395 [Test worker] DEBUG org.hibernate.cfg.annotations.PropertyBinder - Building property expirationDate
17:03:33.395 [Test worker] DEBUG org.hibernate.cfg.Ejb3Column - Binding column: Ejb3Column{table=org.hibernate.mapping.Table(order_certificate), mappingColumn=fixed_price, insertable=true, updatable=true, unique=false}
17:03:33.395 [Test worker] DEBUG org.hibernate.cfg.annotations.PropertyBinder - MetadataSourceProcessor property fixedPrice with lazy=false
17:03:33.395 [Test worker] DEBUG org.hibernate.cfg.AbstractPropertyHolder - Attempting to locate auto-apply AttributeConverter for property [com.epam.esm.entity.OrderCertificate:fixedPrice]
17:03:33.395 [Test worker] DEBUG org.hibernate.cfg.annotations.SimpleValueBinder - building SimpleValue for fixedPrice
17:03:33.395 [Test worker] DEBUG org.hibernate.cfg.annotations.PropertyBinder - Building property fixedPrice
17:03:33.395 [Test worker] DEBUG org.hibernate.cfg.Ejb3Column - Binding column: Ejb3JoinColumn{logicalColumnName='null', referencedColumn='', mappedBy=''}
17:03:33.395 [Test worker] DEBUG org.hibernate.cfg.Ejb3Column - Binding column: Ejb3Column{table=org.hibernate.mapping.Table(order_certificate), mappingColumn=order, insertable=true, updatable=true, unique=false}
17:03:33.395 [Test worker] DEBUG org.hibernate.cfg.annotations.PropertyBinder - Building property order
17:03:33.395 [Test worker] DEBUG org.hibernate.cfg.AnnotationBinder - Binding entity from annotated class: com.epam.esm.entity.Role
17:03:33.395 [Test worker] DEBUG org.hibernate.cfg.Ejb3Column - Binding column: Ejb3DiscriminatorColumn{logicalColumnName'DTYPE', discriminatorTypeName='string'}
17:03:33.395 [Test worker] DEBUG org.hibernate.cfg.annotations.EntityBinder - Import with entity name Role
17:03:33.395 [Test worker] DEBUG org.hibernate.cfg.annotations.EntityBinder - Bind entity com.epam.esm.entity.Role on table application_role
17:03:33.396 [Test worker] DEBUG org.hibernate.cfg.Ejb3Column - Binding column: Ejb3Column{table=org.hibernate.mapping.Table(application_role), mappingColumn=id, insertable=true, updatable=true, unique=false}
17:03:33.396 [Test worker] DEBUG org.hibernate.cfg.annotations.PropertyBinder - MetadataSourceProcessor property id with lazy=false
17:03:33.396 [Test worker] DEBUG org.hibernate.cfg.AbstractPropertyHolder - Attempting to locate auto-apply AttributeConverter for property [com.epam.esm.entity.Role:id]
17:03:33.396 [Test worker] DEBUG org.hibernate.cfg.annotations.SimpleValueBinder - building SimpleValue for id
17:03:33.396 [Test worker] DEBUG org.hibernate.cfg.annotations.PropertyBinder - Building property id
17:03:33.396 [Test worker] DEBUG org.hibernate.cfg.BinderHelper - #makeIdGenerator(org.hibernate.mapping.SimpleValue([org.hibernate.mapping.Column(id)]), id, identity, , ...)
17:03:33.396 [Test worker] DEBUG org.hibernate.cfg.Ejb3Column - Binding column: Ejb3Column{table=org.hibernate.mapping.Table(application_role), mappingColumn=value, insertable=true, updatable=true, unique=false}
17:03:33.396 [Test worker] DEBUG org.hibernate.cfg.annotations.PropertyBinder - MetadataSourceProcessor property value with lazy=false
17:03:33.396 [Test worker] DEBUG org.hibernate.cfg.AbstractPropertyHolder - Attempting to locate auto-apply AttributeConverter for property [com.epam.esm.entity.Role:value]
17:03:33.396 [Test worker] DEBUG org.hibernate.cfg.annotations.SimpleValueBinder - building SimpleValue for value
17:03:33.396 [Test worker] DEBUG org.hibernate.cfg.annotations.PropertyBinder - Building property value
17:03:33.396 [Test worker] DEBUG org.hibernate.cfg.AnnotationBinder - Binding entity from annotated class: com.epam.esm.entity.Tag
17:03:33.396 [Test worker] DEBUG org.hibernate.cfg.Ejb3Column - Binding column: Ejb3DiscriminatorColumn{logicalColumnName'DTYPE', discriminatorTypeName='string'}
17:03:33.396 [Test worker] DEBUG org.hibernate.cfg.annotations.EntityBinder - Import with entity name Tag
17:03:33.396 [Test worker] DEBUG org.hibernate.cfg.annotations.EntityBinder - Bind entity com.epam.esm.entity.Tag on table tag
17:03:33.397 [Test worker] DEBUG org.hibernate.cfg.Ejb3Column - Binding column: Ejb3Column{table=org.hibernate.mapping.Table(tag), mappingColumn=id, insertable=true, updatable=true, unique=false}
17:03:33.397 [Test worker] DEBUG org.hibernate.cfg.annotations.PropertyBinder - MetadataSourceProcessor property id with lazy=false
17:03:33.397 [Test worker] DEBUG org.hibernate.cfg.AbstractPropertyHolder - Attempting to locate auto-apply AttributeConverter for property [com.epam.esm.entity.Tag:id]
17:03:33.397 [Test worker] DEBUG org.hibernate.cfg.annotations.SimpleValueBinder - building SimpleValue for id
17:03:33.397 [Test worker] DEBUG org.hibernate.cfg.annotations.PropertyBinder - Building property id
17:03:33.397 [Test worker] DEBUG org.hibernate.cfg.BinderHelper - #makeIdGenerator(org.hibernate.mapping.SimpleValue([org.hibernate.mapping.Column(id)]), id, identity, , ...)
17:03:33.397 [Test worker] DEBUG org.hibernate.cfg.Ejb3Column - Binding column: Ejb3Column{table=org.hibernate.mapping.Table(tag), mappingColumn=title, insertable=true, updatable=false, unique=true}
17:03:33.397 [Test worker] DEBUG org.hibernate.cfg.annotations.PropertyBinder - MetadataSourceProcessor property title with lazy=false
17:03:33.397 [Test worker] DEBUG org.hibernate.cfg.AbstractPropertyHolder - Attempting to locate auto-apply AttributeConverter for property [com.epam.esm.entity.Tag:title]
17:03:33.397 [Test worker] DEBUG org.hibernate.cfg.annotations.SimpleValueBinder - building SimpleValue for title
17:03:33.397 [Test worker] DEBUG org.hibernate.cfg.annotations.PropertyBinder - Building property title
17:03:33.397 [Test worker] DEBUG org.hibernate.cfg.AnnotationBinder - Binding entity from annotated class: com.epam.esm.entity.User
17:03:33.398 [Test worker] DEBUG org.hibernate.cfg.Ejb3Column - Binding column: Ejb3DiscriminatorColumn{logicalColumnName'DTYPE', discriminatorTypeName='string'}
17:03:33.398 [Test worker] DEBUG org.hibernate.cfg.annotations.EntityBinder - Import with entity name User
17:03:33.398 [Test worker] DEBUG org.hibernate.cfg.annotations.EntityBinder - Bind entity com.epam.esm.entity.User on table application_user
17:03:33.398 [Test worker] DEBUG org.hibernate.cfg.Ejb3Column - Binding column: Ejb3Column{table=org.hibernate.mapping.Table(application_user), mappingColumn=id, insertable=true, updatable=true, unique=false}
17:03:33.398 [Test worker] DEBUG org.hibernate.cfg.annotations.PropertyBinder - MetadataSourceProcessor property id with lazy=false
17:03:33.398 [Test worker] DEBUG org.hibernate.cfg.AbstractPropertyHolder - Attempting to locate auto-apply AttributeConverter for property [com.epam.esm.entity.User:id]
17:03:33.398 [Test worker] DEBUG org.hibernate.cfg.annotations.SimpleValueBinder - building SimpleValue for id
17:03:33.398 [Test worker] DEBUG org.hibernate.cfg.annotations.PropertyBinder - Building property id
17:03:33.398 [Test worker] DEBUG org.hibernate.cfg.BinderHelper - #makeIdGenerator(org.hibernate.mapping.SimpleValue([org.hibernate.mapping.Column(id)]), id, identity, , ...)
17:03:33.398 [Test worker] DEBUG org.hibernate.cfg.Ejb3Column - Binding column: Ejb3Column{table=org.hibernate.mapping.Table(application_user), mappingColumn=email, insertable=true, updatable=true, unique=false}
17:03:33.399 [Test worker] DEBUG org.hibernate.cfg.annotations.PropertyBinder - MetadataSourceProcessor property email with lazy=false
17:03:33.399 [Test worker] DEBUG org.hibernate.cfg.AbstractPropertyHolder - Attempting to locate auto-apply AttributeConverter for property [com.epam.esm.entity.User:email]
17:03:33.399 [Test worker] DEBUG org.hibernate.cfg.annotations.SimpleValueBinder - building SimpleValue for email
17:03:33.399 [Test worker] DEBUG org.hibernate.cfg.annotations.PropertyBinder - Building property email
17:03:33.399 [Test worker] DEBUG org.hibernate.cfg.Ejb3Column - Binding column: Ejb3JoinColumn{logicalColumnName='null', referencedColumn='null', mappedBy='user'}
17:03:33.399 [Test worker] DEBUG org.hibernate.cfg.Ejb3Column - Binding column: Ejb3Column{table=org.hibernate.mapping.Table(application_user), mappingColumn=orders, insertable=true, updatable=true, unique=false}
17:03:33.399 [Test worker] DEBUG org.hibernate.cfg.Ejb3Column - Binding column: Ejb3Column{table=org.hibernate.mapping.Table(application_user), mappingColumn=null, insertable=true, updatable=true, unique=false}
17:03:33.399 [Test worker] DEBUG org.hibernate.cfg.Ejb3Column - Binding column: Ejb3Column{table=org.hibernate.mapping.Table(application_user), mappingColumn=element, insertable=true, updatable=true, unique=false}
17:03:33.399 [Test worker] DEBUG org.hibernate.cfg.Ejb3Column - Binding column: Ejb3Column{table=org.hibernate.mapping.Table(application_user), mappingColumn=orders_key, insertable=true, updatable=true, unique=false}
17:03:33.399 [Test worker] DEBUG org.hibernate.cfg.Ejb3Column - Binding column: Ejb3JoinColumn{logicalColumnName='orders_KEY', referencedColumn='null', mappedBy='null'}
17:03:33.399 [Test worker] DEBUG org.hibernate.cfg.Ejb3Column - Binding column: Ejb3JoinColumn{logicalColumnName='null', referencedColumn='null', mappedBy='user'}
17:03:33.399 [Test worker] DEBUG org.hibernate.cfg.Ejb3Column - Binding column: Ejb3JoinColumn{logicalColumnName='null', referencedColumn='null', mappedBy='user'}
17:03:33.399 [Test worker] DEBUG org.hibernate.cfg.annotations.CollectionBinder - Collection role: com.epam.esm.entity.User.orders
17:03:33.399 [Test worker] DEBUG org.hibernate.cfg.annotations.PropertyBinder - Building property orders
17:03:33.399 [Test worker] DEBUG org.hibernate.cfg.Ejb3Column - Binding column: Ejb3Column{table=org.hibernate.mapping.Table(application_user), mappingColumn=password, insertable=true, updatable=true, unique=false}
17:03:33.399 [Test worker] DEBUG org.hibernate.cfg.annotations.PropertyBinder - MetadataSourceProcessor property password with lazy=false
17:03:33.399 [Test worker] DEBUG org.hibernate.cfg.AbstractPropertyHolder - Attempting to locate auto-apply AttributeConverter for property [com.epam.esm.entity.User:password]
17:03:33.399 [Test worker] DEBUG org.hibernate.cfg.annotations.SimpleValueBinder - building SimpleValue for password
17:03:33.400 [Test worker] DEBUG org.hibernate.cfg.annotations.PropertyBinder - Building property password
17:03:33.400 [Test worker] DEBUG org.hibernate.cfg.Ejb3Column - Binding column: Ejb3Column{table=org.hibernate.mapping.Table(application_user), mappingColumn=refresh_token, insertable=true, updatable=true, unique=false}
17:03:33.400 [Test worker] DEBUG org.hibernate.cfg.annotations.PropertyBinder - MetadataSourceProcessor property refreshToken with lazy=false
17:03:33.400 [Test worker] DEBUG org.hibernate.cfg.AbstractPropertyHolder - Attempting to locate auto-apply AttributeConverter for property [com.epam.esm.entity.User:refreshToken]
17:03:33.400 [Test worker] DEBUG org.hibernate.cfg.annotations.SimpleValueBinder - building SimpleValue for refreshToken
17:03:33.400 [Test worker] DEBUG org.hibernate.cfg.annotations.PropertyBinder - Building property refreshToken
17:03:33.400 [Test worker] DEBUG org.hibernate.cfg.Ejb3Column - Binding column: Ejb3JoinColumn{logicalColumnName='role_id', referencedColumn='', mappedBy=''}
17:03:33.400 [Test worker] DEBUG org.hibernate.cfg.Ejb3Column - Binding column: Ejb3Column{table=org.hibernate.mapping.Table(application_user), mappingColumn=role, insertable=true, updatable=true, unique=false}
17:03:33.400 [Test worker] DEBUG org.hibernate.cfg.annotations.PropertyBinder - Building property role
17:03:33.401 [Test worker] DEBUG org.hibernate.cfg.annotations.SimpleValueBinder - Starting fillSimpleValue for id
17:03:33.401 [Test worker] DEBUG org.hibernate.cfg.annotations.SimpleValueBinder - Starting fillSimpleValue for id
17:03:33.401 [Test worker] DEBUG org.hibernate.cfg.annotations.SimpleValueBinder - Starting fillSimpleValue for activeStatus
17:03:33.401 [Test worker] DEBUG org.hibernate.cfg.annotations.SimpleValueBinder - Starting fillSimpleValue for creationDate
17:03:33.401 [Test worker] DEBUG org.hibernate.cfg.annotations.SimpleValueBinder - Starting fillSimpleValue for description
17:03:33.401 [Test worker] DEBUG org.hibernate.cfg.annotations.SimpleValueBinder - Starting fillSimpleValue for expirationDate
17:03:33.401 [Test worker] DEBUG org.hibernate.cfg.annotations.SimpleValueBinder - Starting fillSimpleValue for modificationDate
17:03:33.401 [Test worker] DEBUG org.hibernate.cfg.annotations.SimpleValueBinder - Starting fillSimpleValue for name
17:03:33.401 [Test worker] DEBUG org.hibernate.cfg.annotations.SimpleValueBinder - Starting fillSimpleValue for price
17:03:33.401 [Test worker] DEBUG org.hibernate.cfg.annotations.SimpleValueBinder - Starting fillSimpleValue for id
17:03:33.401 [Test worker] DEBUG org.hibernate.cfg.annotations.SimpleValueBinder - Starting fillSimpleValue for activeStatus
17:03:33.401 [Test worker] DEBUG org.hibernate.cfg.annotations.SimpleValueBinder - Starting fillSimpleValue for createdAt
17:03:33.401 [Test worker] DEBUG org.hibernate.cfg.annotations.SimpleValueBinder - Starting fillSimpleValue for id
17:03:33.401 [Test worker] DEBUG org.hibernate.cfg.annotations.SimpleValueBinder - Starting fillSimpleValue for expirationDate
17:03:33.401 [Test worker] DEBUG org.hibernate.cfg.annotations.SimpleValueBinder - Starting fillSimpleValue for fixedPrice
17:03:33.401 [Test worker] DEBUG org.hibernate.cfg.annotations.SimpleValueBinder - Starting fillSimpleValue for id
17:03:33.401 [Test worker] DEBUG org.hibernate.cfg.annotations.SimpleValueBinder - Starting fillSimpleValue for value
17:03:33.401 [Test worker] DEBUG org.hibernate.cfg.annotations.SimpleValueBinder - Starting fillSimpleValue for id
17:03:33.401 [Test worker] DEBUG org.hibernate.cfg.annotations.SimpleValueBinder - Starting fillSimpleValue for title
17:03:33.401 [Test worker] DEBUG org.hibernate.cfg.annotations.SimpleValueBinder - Starting fillSimpleValue for id
17:03:33.401 [Test worker] DEBUG org.hibernate.cfg.annotations.SimpleValueBinder - Starting fillSimpleValue for email
17:03:33.401 [Test worker] DEBUG org.hibernate.cfg.annotations.SimpleValueBinder - Starting fillSimpleValue for password
17:03:33.401 [Test worker] DEBUG org.hibernate.cfg.annotations.SimpleValueBinder - Starting fillSimpleValue for refreshToken
17:03:33.402 [Test worker] DEBUG org.hibernate.mapping.PrimaryKey - Forcing column [id] to be non-null as it is part of the primary key for table [entity]
17:03:33.402 [Test worker] DEBUG org.hibernate.mapping.PrimaryKey - Forcing column [id] to be non-null as it is part of the primary key for table [certificate]
17:03:33.402 [Test worker] DEBUG org.hibernate.mapping.PrimaryKey - Forcing column [id] to be non-null as it is part of the primary key for table [application_order]
17:03:33.402 [Test worker] DEBUG org.hibernate.mapping.PrimaryKey - Forcing column [id] to be non-null as it is part of the primary key for table [order_certificate]
17:03:33.402 [Test worker] DEBUG org.hibernate.mapping.PrimaryKey - Forcing column [id] to be non-null as it is part of the primary key for table [application_role]
17:03:33.402 [Test worker] DEBUG org.hibernate.mapping.PrimaryKey - Forcing column [id] to be non-null as it is part of the primary key for table [tag]
17:03:33.402 [Test worker] DEBUG org.hibernate.mapping.PrimaryKey - Forcing column [id] to be non-null as it is part of the primary key for table [application_user]
17:03:33.402 [Test worker] DEBUG org.hibernate.cfg.CollectionSecondPass - Second pass for collection: com.epam.esm.entity.GiftCertificate.tags
17:03:33.402 [Test worker] DEBUG org.hibernate.cfg.annotations.CollectionBinder - Binding as ManyToMany: com.epam.esm.entity.GiftCertificate.tags
17:03:33.402 [Test worker] DEBUG org.hibernate.mapping.PrimaryKey - Forcing column [certificate_id] to be non-null as it is part of the primary key for table [certificate_tag]
17:03:33.402 [Test worker] DEBUG org.hibernate.mapping.PrimaryKey - Forcing column [tag_id] to be non-null as it is part of the primary key for table [certificate_tag]
17:03:33.402 [Test worker] DEBUG org.hibernate.cfg.CollectionSecondPass - Mapped collection key: certificate_id, element: tag_id
17:03:33.402 [Test worker] DEBUG org.hibernate.cfg.CollectionSecondPass - Second pass for collection: com.epam.esm.entity.GiftCertificate.orderCertificates
17:03:33.402 [Test worker] DEBUG org.hibernate.cfg.annotations.CollectionBinder - Binding a OneToMany: com.epam.esm.entity.GiftCertificate.orderCertificates through a foreign key
17:03:33.402 [Test worker] DEBUG org.hibernate.cfg.annotations.CollectionBinder - Mapping collection: com.epam.esm.entity.GiftCertificate.orderCertificates -> order_certificate
17:03:33.402 [Test worker] DEBUG org.hibernate.cfg.annotations.TableBinder - Retrieving property com.epam.esm.entity.OrderCertificate.certificate
17:03:33.403 [Test worker] DEBUG org.hibernate.cfg.CollectionSecondPass - Mapped collection key: certificate_id, one-to-many: com.epam.esm.entity.OrderCertificate
17:03:33.403 [Test worker] DEBUG org.hibernate.cfg.CollectionSecondPass - Second pass for collection: com.epam.esm.entity.Order.orderCertificates
17:03:33.403 [Test worker] DEBUG org.hibernate.cfg.annotations.CollectionBinder - Binding a OneToMany: com.epam.esm.entity.Order.orderCertificates through a foreign key
17:03:33.403 [Test worker] DEBUG org.hibernate.cfg.annotations.CollectionBinder - Mapping collection: com.epam.esm.entity.Order.orderCertificates -> order_certificate
17:03:33.403 [Test worker] DEBUG org.hibernate.cfg.annotations.TableBinder - Retrieving property com.epam.esm.entity.OrderCertificate.order
17:03:33.403 [Test worker] DEBUG org.hibernate.cfg.CollectionSecondPass - Mapped collection key: order_id, one-to-many: com.epam.esm.entity.OrderCertificate
17:03:33.403 [Test worker] DEBUG org.hibernate.cfg.CollectionSecondPass - Second pass for collection: com.epam.esm.entity.User.orders
17:03:33.403 [Test worker] DEBUG org.hibernate.cfg.annotations.CollectionBinder - Binding a OneToMany: com.epam.esm.entity.User.orders through a foreign key
17:03:33.403 [Test worker] DEBUG org.hibernate.cfg.annotations.CollectionBinder - Mapping collection: com.epam.esm.entity.User.orders -> application_order
17:03:33.403 [Test worker] DEBUG org.hibernate.cfg.annotations.TableBinder - Retrieving property com.epam.esm.entity.Order.user
17:03:33.403 [Test worker] DEBUG org.hibernate.cfg.CollectionSecondPass - Mapped collection key: user_id, one-to-many: com.epam.esm.entity.Order
17:03:33.403 [Test worker] DEBUG org.hibernate.boot.internal.InFlightMetadataCollectorImpl - Resolving reference to class: com.epam.esm.entity.User
17:03:33.403 [Test worker] DEBUG org.hibernate.boot.internal.InFlightMetadataCollectorImpl - Resolving reference to class: com.epam.esm.entity.Role
17:03:33.403 [Test worker] DEBUG org.hibernate.boot.internal.InFlightMetadataCollectorImpl - Resolving reference to class: com.epam.esm.entity.Tag
17:03:33.404 [Test worker] DEBUG org.hibernate.boot.internal.InFlightMetadataCollectorImpl - Resolving reference to class: com.epam.esm.entity.GiftCertificate
17:03:33.404 [Test worker] DEBUG org.hibernate.boot.internal.InFlightMetadataCollectorImpl - Resolving reference to class: com.epam.esm.entity.GiftCertificate
17:03:33.404 [Test worker] DEBUG org.hibernate.boot.internal.InFlightMetadataCollectorImpl - Resolving reference to class: com.epam.esm.entity.Order
17:03:33.405 [Test worker] DEBUG org.hibernate.boot.internal.InFlightMetadataCollectorImpl - Resolving reference to class: com.epam.esm.entity.User
17:03:33.405 [Test worker] DEBUG org.hibernate.boot.internal.InFlightMetadataCollectorImpl - Resolving reference to class: com.epam.esm.entity.Role
17:03:33.405 [Test worker] DEBUG org.hibernate.boot.internal.InFlightMetadataCollectorImpl - Resolving reference to class: com.epam.esm.entity.Tag
17:03:33.405 [Test worker] DEBUG org.hibernate.boot.internal.InFlightMetadataCollectorImpl - Resolving reference to class: com.epam.esm.entity.GiftCertificate
17:03:33.405 [Test worker] DEBUG org.hibernate.boot.internal.InFlightMetadataCollectorImpl - Resolving reference to class: com.epam.esm.entity.GiftCertificate
17:03:33.405 [Test worker] DEBUG org.hibernate.boot.internal.InFlightMetadataCollectorImpl - Resolving reference to class: com.epam.esm.entity.Order
17:03:33.406 [Test worker] DEBUG org.hibernate.internal.SessionFactoryImpl - Building session factory
17:03:33.406 [Test worker] DEBUG org.hibernate.cfg.Settings - SessionFactory name : null
17:03:33.406 [Test worker] DEBUG org.hibernate.cfg.Settings - Automatic flush during beforeCompletion(): enabled
17:03:33.406 [Test worker] DEBUG org.hibernate.cfg.Settings - Automatic session close at end of transaction: disabled
17:03:33.406 [Test worker] DEBUG org.hibernate.cfg.Settings - Statistics: disabled
17:03:33.406 [Test worker] DEBUG org.hibernate.cfg.Settings - Deleted entity synthetic identifier rollback: disabled
17:03:33.406 [Test worker] DEBUG org.hibernate.cfg.Settings - Default entity-mode: pojo
17:03:33.406 [Test worker] DEBUG org.hibernate.cfg.Settings - Check Nullability in Core (should be disabled when Bean Validation is on): enabled
17:03:33.406 [Test worker] DEBUG org.hibernate.cfg.Settings - Allow initialization of lazy state outside session : disabled
17:03:33.406 [Test worker] DEBUG org.hibernate.cfg.Settings - Using BatchFetchStyle : LEGACY
17:03:33.406 [Test worker] DEBUG org.hibernate.cfg.Settings - Default batch fetch size: -1
17:03:33.406 [Test worker] DEBUG org.hibernate.cfg.Settings - Maximum outer join fetch depth: null
17:03:33.406 [Test worker] DEBUG org.hibernate.cfg.Settings - Default null ordering: NONE
17:03:33.406 [Test worker] DEBUG org.hibernate.cfg.Settings - Order SQL updates by primary key: disabled
17:03:33.406 [Test worker] DEBUG org.hibernate.cfg.Settings - Order SQL inserts for batching: disabled
17:03:33.406 [Test worker] DEBUG org.hibernate.cfg.Settings - multi-tenancy strategy : NONE
17:03:33.406 [Test worker] DEBUG org.hibernate.cfg.Settings - JTA Track by Thread: enabled
17:03:33.406 [Test worker] DEBUG org.hibernate.cfg.Settings - Query language substitutions: {}
17:03:33.406 [Test worker] DEBUG org.hibernate.cfg.Settings - Named query checking : enabled
17:03:33.406 [Test worker] DEBUG org.hibernate.cfg.Settings - Second-level cache: disabled
17:03:33.406 [Test worker] DEBUG org.hibernate.cfg.Settings - Second-level query cache: disabled
17:03:33.406 [Test worker] DEBUG org.hibernate.cfg.Settings - Second-level query cache factory: null
17:03:33.406 [Test worker] DEBUG org.hibernate.cfg.Settings - Second-level cache region prefix: null
17:03:33.406 [Test worker] DEBUG org.hibernate.cfg.Settings - Optimize second-level cache for minimal puts: disabled
17:03:33.406 [Test worker] DEBUG org.hibernate.cfg.Settings - Structured second-level cache entries: disabled
17:03:33.406 [Test worker] DEBUG org.hibernate.cfg.Settings - Second-level cache direct-reference entries: disabled
17:03:33.407 [Test worker] DEBUG org.hibernate.cfg.Settings - Automatic eviction of collection cache: disabled
17:03:33.407 [Test worker] DEBUG org.hibernate.cfg.Settings - JDBC batch size: 15
17:03:33.407 [Test worker] DEBUG org.hibernate.cfg.Settings - JDBC batch updates for versioned data: enabled
17:03:33.407 [Test worker] DEBUG org.hibernate.cfg.Settings - Scrollable result sets: enabled
17:03:33.407 [Test worker] DEBUG org.hibernate.cfg.Settings - Wrap result sets: disabled
17:03:33.407 [Test worker] DEBUG org.hibernate.cfg.Settings - JDBC3 getGeneratedKeys(): enabled
17:03:33.407 [Test worker] DEBUG org.hibernate.cfg.Settings - JDBC result set fetch size: null
17:03:33.407 [Test worker] DEBUG org.hibernate.cfg.Settings - Connection release mode: ON_CLOSE
17:03:33.407 [Test worker] DEBUG org.hibernate.cfg.Settings - Generate SQL with comments: disabled
17:03:33.407 [Test worker] DEBUG org.hibernate.cfg.Settings - JPA compliance - query : 
17:03:33.407 [Test worker] DEBUG org.hibernate.cfg.Settings - JPA compliance - closed-handling : 
17:03:33.407 [Test worker] DEBUG org.hibernate.cfg.Settings - JPA compliance - lists : 
17:03:33.407 [Test worker] DEBUG org.hibernate.cfg.Settings - JPA compliance - transactions : 
17:03:33.408 [Test worker] DEBUG org.hibernate.jpa.event.internal.CallbackBuilderLegacyImpl - Adding onPrePersist as PrePersist callback for entity com.epam.esm.entity.Order
17:03:33.408 [Test worker] DEBUG org.hibernate.internal.SessionFactoryImpl - Session factory constructed with filter configurations : {}
17:03:33.409 [Test worker] DEBUG org.hibernate.internal.SessionFactoryImpl - Instantiating session factory with properties: {gopherProxySet=false, awt.toolkit=sun.lwawt.macosx.LWCToolkit, hibernate.id.new_generator_mappings=true, java.specification.version=11, sun.cpu.isalist=, hibernate.resource.beans.container=org.springframework.orm.hibernate5.SpringBeanContainer@1c53db5b, hibernate.connection.handling_mode=DELAYED_ACQUISITION_AND_HOLD, sun.jnu.encoding=UTF-8, hibernate.dialect=org.hibernate.dialect.H2Dialect, org.gradle.test.worker=3, hibernate.implicit_naming_strategy=org.springframework.boot.orm.jpa.hibernate.SpringImplicitNamingStrategy, java.class.path=/Users/dzmitryplatonov/.gradle/caches/5.6.2/workerMain/gradle-worker.jar:/Users/dzmitryplatonov/Desktop/workdir/giftcertificates/datasource/build/classes/java/test:/Users/dzmitryplatonov/Desktop/workdir/giftcertificates/datasource/build/resources/test:/Users/dzmitryplatonov/Desktop/workdir/giftcertificates/datasource/build/classes/java/main:/Users/dzmitryplatonov/Desktop/workdir/giftcertificates/datasource/build/resources/main:/Users/dzmitryplatonov/.m2/repository/org/apache/logging/log4j/log4j-web/2.11.2/log4j-web-2.11.2.jar:/Users/dzmitryplatonov/.m2/repository/org/apache/logging/log4j/log4j-core/2.11.2/log4j-core-2.11.2.jar:/Users/dzmitryplatonov/.gradle/caches/modules-2/files-2.1/org.springframework.boot/spring-boot-starter-web/2.1.9.RELEASE/2063870234eebbda3c09dddf9853477fe9e4a719/spring-boot-starter-web-2.1.9.RELEASE.jar:/Users/dzmitryplatonov/.gradle/caches/modules-2/files-2.1/org.springframework.boot/spring-boot-starter-security/2.1.9.RELEASE/bde048665003362d9e16aa75a8804f90dce1d31e/spring-boot-starter-security-2.1.9.RELEASE.jar:/Users/dzmitryplatonov/.gradle/caches/modules-2/files-2.1/org.springframework.boot/spring-boot-starter-data-jpa/2.1.9.RELEASE/784d6d5c525c2dd9fac31031ee6ca2ec8b067af5/spring-boot-starter-data-jpa-2.1.9.RELEASE.jar:/Users/dzmitryplatonov/.gradle/caches/modules-2/files-2.1/org.springframework.boot/spring-boot-starter-aop/2.1.9.RELEASE/74226b26cf15952f639deca38fe919701755c97b/spring-boot-starter-aop-2.1.9.RELEASE.jar:/Users/dzmitryplatonov/.gradle/caches/modules-2/files-2.1/org.springframework.boot/spring-boot-starter-jdbc/2.1.9.RELEASE/3f7d1d67669dfa0ea4ff9216afbeef5bc6a58ecb/spring-boot-starter-jdbc-2.1.9.RELEASE.jar:/Users/dzmitryplatonov/.gradle/caches/modules-2/files-2.1/org.springframework.boot/spring-boot-starter-json/2.1.9.RELEASE/53bdf52bc28b7e753874e0136fb33c9eab184276/spring-boot-starter-json-2.1.9.RELEASE.jar:/Users/dzmitryplatonov/.gradle/caches/modules-2/files-2.1/org.springframework.boot/spring-boot-starter/2.1.9.RELEASE/45d7afa2d9aab4b2984f2c330f507797fbcf501f/spring-boot-starter-2.1.9.RELEASE.jar:/Users/dzmitryplatonov/.gradle/caches/modules-2/files-2.1/org.springframework.boot/spring-boot-starter-logging/2.1.9.RELEASE/802b562b0c602ae9242b659a28b9bf89ca689b2d/spring-boot-starter-logging-2.1.9.RELEASE.jar:/Users/dzmitryplatonov/.m2/repository/org/apache/logging/log4j/log4j-to-slf4j/2.11.2/log4j-to-slf4j-2.11.2.jar:/Users/dzmitryplatonov/.m2/repository/org/apache/logging/log4j/log4j-api/2.11.2/log4j-api-2.11.2.jar:/Users/dzmitryplatonov/.m2/repository/org/hibernate/validator/hibernate-validator/6.0.17.Final/hibernate-validator-6.0.17.Final.jar:/Users/dzmitryplatonov/.m2/repository/javax/validation/validation-api/2.0.1.Final/validation-api-2.0.1.Final.jar:/Users/dzmitryplatonov/.gradle/caches/modules-2/files-2.1/org.springframework.security.oauth.boot/spring-security-oauth2-autoconfigure/2.1.9.RELEASE/abbbf98ebc0454774162add4b412a7ee5da66877/spring-security-oauth2-autoconfigure-2.1.9.RELEASE.jar:/Users/dzmitryplatonov/.gradle/caches/modules-2/files-2.1/com.auth0/jwks-rsa/0.9.0/6e3a813bce7eb07327f2a5384fb178eb21469338/jwks-rsa-0.9.0.jar:/Users/dzmitryplatonov/.gradle/caches/modules-2/files-2.1/io.jsonwebtoken/jjwt/0.9.1/54d2abfc3e63a28824d35bf600d6a5d627da681a/jjwt-0.9.1.jar:/Users/dzmitryplatonov/.gradle/caches/modules-2/files-2.1/io.jsonwebtoken/jjwt-jackson/0.10.7/52b5a612da95a0c0edc867ccac65bb0f6762ed7b/jjwt-jackson-0.10.7.jar:/Users/dzmitryplatonov/.m2/repository/com/fasterxml/jackson/datatype/jackson-datatype-jsr310/2.9.9/jackson-datatype-jsr310-2.9.9.jar:/Users/dzmitryplatonov/.m2/repository/com/fasterxml/jackson/datatype/jackson-datatype-jdk8/2.9.9/jackson-datatype-jdk8-2.9.9.jar:/Users/dzmitryplatonov/.m2/repository/com/fasterxml/jackson/module/jackson-module-parameter-names/2.9.9/jackson-module-parameter-names-2.9.9.jar:/Users/dzmitryplatonov/.gradle/caches/modules-2/files-2.1/com.fasterxml.jackson.core/jackson-databind/2.10.0.pr3/4e17238b159dcd1167b095024fe07f41da1e37ac/jackson-databind-2.10.0.pr3.jar:/Users/dzmitryplatonov/.gradle/caches/modules-2/files-2.1/com.fasterxml.jackson.core/jackson-annotations/2.10.0.pr3/6c99a6d972b8bdd92192bef4b0ff5df164e9cafc/jackson-annotations-2.10.0.pr3.jar:/Users/dzmitryplatonov/.m2/repository/org/springframework/hateoas/spring-hateoas/0.25.1.RELEASE/spring-hateoas-0.25.1.RELEASE.jar:/Users/dzmitryplatonov/.m2/repository/org/springframework/plugin/spring-plugin-core/1.2.0.RELEASE/spring-plugin-core-1.2.0.RELEASE.jar:/Users/dzmitryplatonov/.gradle/caches/modules-2/files-2.1/org.springframework.security/spring-security-oauth2-client/5.1.6.RELEASE/8a77b659f7f6616ca5970796c04106595819f4eb/spring-security-oauth2-client-5.1.6.RELEASE.jar:/Users/dzmitryplatonov/.gradle/caches/modules-2/files-2.1/org.springframework.security/spring-security-oauth2-jose/5.1.6.RELEASE/78f947f9b1ee235f7efbb697e15acd05e16d009a/spring-security-oauth2-jose-5.1.6.RELEASE.jar:/Users/dzmitryplatonov/.gradle/caches/modules-2/files-2.1/org.springframework.security/spring-security-openid/5.2.0.RELEASE/e67725a379bcc03c3edd571d6fec4800b2313a00/spring-security-openid-5.2.0.RELEASE.jar:/Users/dzmitryplatonov/.gradle/caches/modules-2/files-2.1/org.springframework.data/spring-data-jpa/2.1.11.RELEASE/b774364187f5e68379b8c3121232a04686a0325c/spring-data-jpa-2.1.11.RELEASE.jar:/Users/dzmitryplatonov/.gradle/caches/modules-2/files-2.1/org.springframework/spring-orm/5.1.10.RELEASE/ce92238d65405408387b1ae7a5dd5a280f7ea29f/spring-orm-5.1.10.RELEASE.jar:/Users/dzmitryplatonov/.gradle/caches/modules-2/files-2.1/org.springframework/spring-jdbc/5.1.10.RELEASE/48957bfad9656fdba9263539e2fa8f3034939ba8/spring-jdbc-5.1.10.RELEASE.jar:/Users/dzmitryplatonov/.m2/repository/org/postgresql/postgresql/42.2.8/postgresql-42.2.8.jar:/Users/dzmitryplatonov/.gradle/caches/modules-2/files-2.1/org.springframework.boot/spring-boot-starter-tomcat/2.1.9.RELEASE/99bef08a0b7fd10ff9827f0f8e6f49b97cbabf7f/spring-boot-starter-tomcat-2.1.9.RELEASE.jar:/Users/dzmitryplatonov/.m2/repository/javax/annotation/javax.annotation-api/1.3.2/javax.annotation-api-1.3.2.jar:/Users/dzmitryplatonov/.gradle/caches/modules-2/files-2.1/io.jsonwebtoken/jjwt-impl/0.10.7/49cf3b0b6f10eb024104ae39c111c1fd0cd3be64/jjwt-impl-0.10.7.jar:/Users/dzmitryplatonov/.gradle/caches/modules-2/files-2.1/org.junit.jupiter/junit-jupiter-params/5.2.0/d70083080bf3400c181562919cb03bf7588104e1/junit-jupiter-params-5.2.0.jar:/Users/dzmitryplatonov/.gradle/caches/modules-2/files-2.1/org.mockito/mockito-junit-jupiter/2.18.3/827104c6aed482c68159faf320f44f5eb5b03bd/mockito-junit-jupiter-2.18.3.jar:/Users/dzmitryplatonov/.m2/repository/org/mockito/mockito-core/2.28.2/mockito-core-2.28.2.jar:/Users/dzmitryplatonov/.m2/repository/com/h2database/h2/1.4.197/h2-1.4.197.jar:/Users/dzmitryplatonov/.gradle/caches/modules-2/files-2.1/org.springframework/spring-test/5.0.1.RELEASE/47dee3bebbcbcaff1be786b6c0db654ba7376eb9/spring-test-5.0.1.RELEASE.jar:/Users/dzmitryplatonov/.gradle/caches/modules-2/files-2.1/org.junit.jupiter/junit-jupiter-engine/5.3.1/e2676b1786c57a80eb98f5bebd51a3d05e228c40/junit-jupiter-engine-5.3.1.jar:/Users/dzmitryplatonov/.gradle/caches/modules-2/files-2.1/org.junit.jupiter/junit-jupiter-api/5.3.1/a7e97eac2784395cb991403f9641b042ad972941/junit-jupiter-api-5.3.1.jar:/Users/dzmitryplatonov/.gradle/caches/modules-2/files-2.1/org.hibernate/hibernate-core/5.3.12.Final/e1929362fe24a9f62142d18f1ac5b0d7f278ef22/hibernate-core-5.3.12.Final.jar:/Users/dzmitryplatonov/.m2/repository/org/hibernate/common/hibernate-commons-annotations/5.0.4.Final/hibernate-commons-annotations-5.0.4.Final.jar:/Users/dzmitryplatonov/.m2/repository/org/jboss/logging/jboss-logging/3.3.2.Final/jboss-logging-3.3.2.Final.jar:/Users/dzmitryplatonov/.m2/repository/com/fasterxml/classmate/1.3.4/classmate-1.3.4.jar:/Users/dzmitryplatonov/.gradle/caches/modules-2/files-2.1/com.fasterxml.jackson.core/jackson-core/2.10.0.pr3/1d2f9b816bcd00130ddc9dae6c99f7b533afcc73/jackson-core-2.10.0.pr3.jar:/Users/dzmitryplatonov/.gradle/caches/modules-2/files-2.1/org.springframework.security.oauth/spring-security-oauth2/2.3.5.RELEASE/7969f5363398d6d3788bef1740b2ab9509043d51/spring-security-oauth2-2.3.5.RELEASE.jar:/Users/dzmitryplatonov/.gradle/caches/modules-2/files-2.1/org.springframework/spring-webmvc/5.1.10.RELEASE/67b6da7852e89bc0df6ce36a263ac4377fe48e27/spring-webmvc-5.1.10.RELEASE.jar:/Users/dzmitryplatonov/.m2/repository/org/springframework/security/spring-security-config/5.1.6.RELEASE/spring-security-config-5.1.6.RELEASE.jar:/Users/dzmitryplatonov/.gradle/caches/modules-2/files-2.1/org.springframework.security/spring-security-oauth2-core/5.1.6.RELEASE/f3b2623760154aac86d32427696842c7c3d85326/spring-security-oauth2-core-5.1.6.RELEASE.jar:/Users/dzmitryplatonov/.gradle/caches/modules-2/files-2.1/org.springframework.security/spring-security-web/5.2.0.RELEASE/a9ff06ad3fd66cd08545e1a601c66d2256c86e0f/spring-security-web-5.2.0.RELEASE.jar:/Users/dzmitryplatonov/.gradle/caches/modules-2/files-2.1/org.springframework.security/spring-security-core/5.2.0.RELEASE/1c8f36e316a74c245073ce2a70bdf198a58424f6/spring-security-core-5.2.0.RELEASE.jar:/Users/dzmitryplatonov/.gradle/caches/modules-2/files-2.1/org.springframework.boot/spring-boot-autoconfigure/2.1.9.RELEASE/aa6d5e0fef585bec64543b9b8f944a94060e710a/spring-boot-autoconfigure-2.1.9.RELEASE.jar:/Users/dzmitryplatonov/.gradle/caches/modules-2/files-2.1/org.springframework.boot/spring-boot/2.1.9.RELEASE/b18e7287a82ee06c6bb4e79423c25c05b8303dc1/spring-boot-2.1.9.RELEASE.jar:/Users/dzmitryplatonov/.gradle/caches/modules-2/files-2.1/org.springframework/spring-context/5.2.0.RELEASE/a2638a8295f13ed8511c98a2379507677e1d16fa/spring-context-5.2.0.RELEASE.jar:/Users/dzmitryplatonov/.gradle/caches/modules-2/files-2.1/org.springframework/spring-aop/5.2.0.RELEASE/7031d44f063ea68e49b881a985967e7f2c144f3b/spring-aop-5.2.0.RELEASE.jar:/Users/dzmitryplatonov/.gradle/caches/modules-2/files-2.1/org.springframework/spring-web/5.2.0.RELEASE/d5b064196dc014519e751df549b4cc6a753fb191/spring-web-5.2.0.RELEASE.jar:/Users/dzmitryplatonov/.gradle/caches/modules-2/files-2.1/org.springframework.data/spring-data-commons/2.1.11.RELEASE/dace2a47d274ac5f0ac3ff2f47cb0b936bef5b46/spring-data-commons-2.1.11.RELEASE.jar:/Users/dzmitryplatonov/.gradle/caches/modules-2/files-2.1/org.springframework/spring-tx/5.1.10.RELEASE/c32ebb7fb1be3b733304b7873c31817dd434479a/spring-tx-5.1.10.RELEASE.jar:/Users/dzmitryplatonov/.gradle/caches/modules-2/files-2.1/org.springframework/spring-beans/5.2.0.RELEASE/3ae97694618c59e6af695a15e54fabb7e319776/spring-beans-5.2.0.RELEASE.jar:/Users/dzmitryplatonov/.gradle/caches/modules-2/files-2.1/org.springframework/spring-expression/5.2.0.RELEASE/ac6a616451129e717979f18d2bff40528698a46e/spring-expression-5.2.0.RELEASE.jar:/Users/dzmitryplatonov/.gradle/caches/modules-2/files-2.1/org.springframework/spring-core/5.2.0.RELEASE/e0e1b3c304f70ed19d7905975f6f990916ada219/spring-core-5.2.0.RELEASE.jar:/Users/dzmitryplatonov/.m2/repository/com/zaxxer/HikariCP/3.2.0/HikariCP-3.2.0.jar:/Users/dzmitryplatonov/.m2/repository/ch/qos/logback/logback-classic/1.2.3/logback-classic-1.2.3.jar:/Users/dzmitryplatonov/.m2/repository/org/slf4j/jul-to-slf4j/1.7.28/jul-to-slf4j-1.7.28.jar:/Users/dzmitryplatonov/.m2/repository/org/slf4j/slf4j-api/1.7.28/slf4j-api-1.7.28.jar:/Users/dzmitryplatonov/.m2/repository/javax/transaction/javax.transaction-api/1.3/javax.transaction-api-1.3.jar:/Users/dzmitryplatonov/.gradle/caches/modules-2/files-2.1/org.glassfish.jaxb/jaxb-runtime/2.3.1/dd6dda9da676a54c5b36ca2806ff95ee017d8738/jaxb-runtime-2.3.1.jar:/Users/dzmitryplatonov/.m2/repository/javax/xml/bind/jaxb-api/2.3.1/jaxb-api-2.3.1.jar:/Users/dzmitryplatonov/.gradle/caches/modules-2/files-2.1/org.springframework/spring-aspects/5.1.10.RELEASE/b0364caabcde96dc6385480d0f9270613ab04511/spring-aspects-5.1.10.RELEASE.jar:/Users/dzmitryplatonov/.gradle/caches/modules-2/files-2.1/org.springframework.security/spring-security-jwt/1.0.10.RELEASE/19a1ca7a83e9d263a31af5f529da460f8f863451/spring-security-jwt-1.0.10.RELEASE.jar:/Users/dzmitryplatonov/.gradle/caches/modules-2/files-2.1/com.nimbusds/oauth2-oidc-sdk/6.0/e731f0b62727a46ae6d6fded62b5678d28273c3c/oauth2-oidc-sdk-6.0.jar:/Users/dzmitryplatonov/.gradle/caches/modules-2/files-2.1/com.nimbusds/nimbus-jose-jwt/6.0.2/81605278e5df1cf4c3774851649b85cade077fa5/nimbus-jose-jwt-6.0.2.jar:/Users/dzmitryplatonov/.gradle/caches/modules-2/files-2.1/com.google.inject/guice/3.0/9d84f15fe35e2c716a02979fb62f50a29f38aefa/guice-3.0.jar:/Users/dzmitryplatonov/.gradle/caches/modules-2/files-2.1/org.openid4java/openid4java-nodeps/0.9.6/52ca394f5f6d38b78e35a5a6a0a341dc5b3aaf34/openid4java-nodeps-0.9.6.jar:/Users/dzmitryplatonov/.gradle/caches/modules-2/files-2.1/net.sourceforge.nekohtml/nekohtml/1.9.22/4f54af68ecb345f2453fb6884672ad08414154e3/nekohtml-1.9.22.jar:/Users/dzmitryplatonov/.gradle/caches/modules-2/files-2.1/org.apache.httpcomponents/httpclient/4.5.10/7ca2e4276f4ef95e4db725a8cd4a1d1e7585b9e5/httpclient-4.5.10.jar:/Users/dzmitryplatonov/.gradle/caches/modules-2/files-2.1/commons-codec/commons-codec/1.13/3f18e1aa31031d89db6f01ba05d501258ce69d2c/commons-codec-1.13.jar:/Users/dzmitryplatonov/.m2/repository/commons-io/commons-io/2.6/commons-io-2.6.jar:/Users/dzmitryplatonov/.gradle/caches/modules-2/files-2.1/com.google.guava/guava/27.1-jre/e47b59c893079b87743cdcfb6f17ca95c08c592c/guava-27.1-jre.jar:/Users/dzmitryplatonov/.gradle/caches/modules-2/files-2.1/io.jsonwebtoken/jjwt-api/0.10.7/52e888d8424d3c788e23fedfbfc65ce36830ab1a/jjwt-api-0.10.7.jar:/Users/dzmitryplatonov/.m2/repository/org/junit/platform/junit-platform-engine/1.3.1/junit-platform-engine-1.3.1.jar:/Users/dzmitryplatonov/.m2/repository/org/junit/platform/junit-platform-commons/1.3.1/junit-platform-commons-1.3.1.jar:/Users/dzmitryplatonov/.m2/repository/org/apiguardian/apiguardian-api/1.0.0/apiguardian-api-1.0.0.jar:/Users/dzmitryplatonov/.gradle/caches/modules-2/files-2.1/net.bytebuddy/byte-buddy/1.9.11/985bbce599f92d6440582a7d1a5231bfaae9970f/byte-buddy-1.9.11.jar:/Users/dzmitryplatonov/.m2/repository/net/bytebuddy/byte-buddy-agent/1.9.10/byte-buddy-agent-1.9.10.jar:/Users/dzmitryplatonov/.m2/repository/org/objenesis/objenesis/2.6/objenesis-2.6.jar:/Users/dzmitryplatonov/.m2/repository/org/opentest4j/opentest4j/1.1.1/opentest4j-1.1.1.jar:/Users/dzmitryplatonov/.m2/repository/org/aspectj/aspectjweaver/1.9.4/aspectjweaver-1.9.4.jar:/Users/dzmitryplatonov/.m2/repository/javax/activation/javax.activation-api/1.2.0/javax.activation-api-1.2.0.jar:/Users/dzmitryplatonov/.m2/repository/javax/persistence/javax.persistence-api/2.2/javax.persistence-api-2.2.jar:/Users/dzmitryplatonov/.m2/repository/org/javassist/javassist/3.23.2-GA/javassist-3.23.2-GA.jar:/Users/dzmitryplatonov/.m2/repository/antlr/antlr/2.7.7/antlr-2.7.7.jar:/Users/dzmitryplatonov/.m2/repository/org/jboss/jandex/2.0.5.Final/jandex-2.0.5.Final.jar:/Users/dzmitryplatonov/.m2/repository/org/dom4j/dom4j/2.1.1/dom4j-2.1.1.jar:/Users/dzmitryplatonov/.m2/repository/org/yaml/snakeyaml/1.23/snakeyaml-1.23.jar:/Users/dzmitryplatonov/.gradle/caches/modules-2/files-2.1/org.apache.tomcat.embed/tomcat-embed-websocket/9.0.26/8991b1bd82c5745e95a9161472a92dc1e5c7148e/tomcat-embed-websocket-9.0.26.jar:/Users/dzmitryplatonov/.gradle/caches/modules-2/files-2.1/org.apache.tomcat.embed/tomcat-embed-core/9.0.26/6312ba542bc58fa9ee789a43516ce4d862548a6b/tomcat-embed-core-9.0.26.jar:/Users/dzmitryplatonov/.gradle/caches/modules-2/files-2.1/org.apache.tomcat.embed/tomcat-embed-el/9.0.26/a551f05d3ecf5434eaadd75e0b51519447df124/tomcat-embed-el-9.0.26.jar:/Users/dzmitryplatonov/.gradle/caches/modules-2/files-2.1/org.codehaus.jackson/jackson-mapper-asl/1.9.13/1ee2f2bed0e5dd29d1cb155a166e6f8d50bbddb7/jackson-mapper-asl-1.9.13.jar:/Users/dzmitryplatonov/.gradle/caches/modules-2/files-2.1/org.bouncycastle/bcpkix-jdk15on/1.60/d0c46320fbc07be3a24eb13a56cee4e3d38e0c75/bcpkix-jdk15on-1.60.jar:/Users/dzmitryplatonov/.gradle/caches/modules-2/files-2.1/org.glassfish.jaxb/txw2/2.3.1/a09d2c48d3285f206fafbffe0e50619284e92126/txw2-2.3.1.jar:/Users/dzmitryplatonov/.gradle/caches/modules-2/files-2.1/com.sun.istack/istack-commons-runtime/3.0.7/c197c86ceec7318b1284bffb49b54226ca774003/istack-commons-runtime-3.0.7.jar:/Users/dzmitryplatonov/.gradle/caches/modules-2/files-2.1/org.jvnet.staxex/stax-ex/1.8/8cc35f73da321c29973191f2cf143d29d26a1df7/stax-ex-1.8.jar:/Users/dzmitryplatonov/.gradle/caches/modules-2/files-2.1/com.sun.xml.fastinfoset/FastInfoset/1.2.15/bb7b7ec0379982b97c62cd17465cb6d9155f68e8/FastInfoset-1.2.15.jar:/Users/dzmitryplatonov/.gradle/caches/modules-2/files-2.1/com.sun.mail/javax.mail/1.6.1/757ba4630692bb2a1ec2d9d57a616b63f15e947e/javax.mail-1.6.1.jar:/Users/dzmitryplatonov/.gradle/caches/modules-2/files-2.1/com.github.stephenc.jcip/jcip-annotations/1.0-1/ef31541dd28ae2cefdd17c7ebf352d93e9058c63/jcip-annotations-1.0-1.jar:/Users/dzmitryplatonov/.m2/repository/net/minidev/json-smart/2.3/json-smart-2.3.jar:/Users/dzmitryplatonov/.gradle/caches/modules-2/files-2.1/com.nimbusds/lang-tag/1.4.4/1db9a709239ae473a69b5424c7e78d0b7108229d/lang-tag-1.4.4.jar:/Users/dzmitryplatonov/.gradle/caches/modules-2/files-2.1/org.springframework/spring-jcl/5.2.0.RELEASE/59b53ab6f01dd3ba85875b61a284c161584c18a3/spring-jcl-5.2.0.RELEASE.jar:/Users/dzmitryplatonov/.m2/repository/javax/inject/javax.inject/1/javax.inject-1.jar:/Users/dzmitryplatonov/.gradle/caches/modules-2/files-2.1/org.sonatype.sisu.inject/cglib/2.2.1-v20090111/7ce5e983fd0e6c78346f4c9cbfa39d83049dda2/cglib-2.2.1-v20090111.jar:/Users/dzmitryplatonov/.m2/repository/commons-logging/commons-logging/1.2/commons-logging-1.2.jar:/Users/dzmitryplatonov/.m2/repository/net/jcip/jcip-annotations/1.0/jcip-annotations-1.0.jar:/Users/dzmitryplatonov/.m2/repository/xerces/xercesImpl/2.11.0/xercesImpl-2.11.0.jar:/Users/dzmitryplatonov/.gradle/caches/modules-2/files-2.1/org.apache.httpcomponents/httpcore/4.4.12/21ebaf6d532bc350ba95bd81938fa5f0e511c132/httpcore-4.4.12.jar:/Users/dzmitryplatonov/.gradle/caches/modules-2/files-2.1/com.google.guava/failureaccess/1.0.1/1dcf1de382a0bf95a3d8b0849546c88bac1292c9/failureaccess-1.0.1.jar:/Users/dzmitryplatonov/.gradle/caches/modules-2/files-2.1/com.google.guava/listenablefuture/9999.0-empty-to-avoid-conflict-with-guava/b421526c5f297295adef1c886e5246c39d4ac629/listenablefuture-9999.0-empty-to-avoid-conflict-with-guava.jar:/Users/dzmitryplatonov/.m2/repository/com/google/code/findbugs/jsr305/3.0.2/jsr305-3.0.2.jar:/Users/dzmitryplatonov/.gradle/caches/modules-2/files-2.1/org.checkerframework/checker-qual/2.5.2/cea74543d5904a30861a61b4643a5f2bb372efc4/checker-qual-2.5.2.jar:/Users/dzmitryplatonov/.gradle/caches/modules-2/files-2.1/com.google.errorprone/error_prone_annotations/2.2.0/88e3c593e9b3586e1c6177f89267da6fc6986f0c/error_prone_annotations-2.2.0.jar:/Users/dzmitryplatonov/.gradle/caches/modules-2/files-2.1/com.google.j2objc/j2objc-annotations/1.1/ed28ded51a8b1c6b112568def5f4b455e6809019/j2objc-annotations-1.1.jar:/Users/dzmitryplatonov/.gradle/caches/modules-2/files-2.1/org.codehaus.mojo/animal-sniffer-annotations/1.17/f97ce6decaea32b36101e37979f8b647f00681fb/animal-sniffer-annotations-1.17.jar:/Users/dzmitryplatonov/.gradle/caches/modules-2/files-2.1/org.codehaus.jackson/jackson-core-asl/1.9.13/3c304d70f42f832e0a86d45bd437f692129299a4/jackson-core-asl-1.9.13.jar:/Users/dzmitryplatonov/.gradle/caches/modules-2/files-2.1/org.bouncycastle/bcprov-jdk15on/1.60/bd47ad3bd14b8e82595c7adaa143501e60842a84/bcprov-jdk15on-1.60.jar:/Users/dzmitryplatonov/.m2/repository/javax/activation/activation/1.1/activation-1.1.jar:/Users/dzmitryplatonov/.m2/repository/net/minidev/accessors-smart/1.2/accessors-smart-1.2.jar:/Users/dzmitryplatonov/.gradle/caches/modules-2/files-2.1/asm/asm/3.1/c157def142714c544bdea2e6144645702adf7097/asm-3.1.jar:/Users/dzmitryplatonov/.m2/repository/xml-apis/xml-apis/1.4.01/xml-apis-1.4.01.jar:/Users/dzmitryplatonov/.m2/repository/ch/qos/logback/logback-core/1.2.3/logback-core-1.2.3.jar:/Users/dzmitryplatonov/.gradle/caches/modules-2/files-2.1/org.apache.tomcat/tomcat-annotations-api/9.0.26/bb4574456c5db64acfcd2aa6f426d87e6c05a772/tomcat-annotations-api-9.0.26.jar:/Users/dzmitryplatonov/.m2/repository/org/ow2/asm/asm/5.0.4/asm-5.0.4.jar, java.vm.vendor=Oracle Corporation, sun.arch.data.model=64, user.variant=, java.vendor.url=http://java.oracle.com/, user.timezone=Europe/Minsk, os.name=Mac OS X, java.vm.specification.version=11, javax.persistence.validation.mode=AUTO, user.country=BY, sun.java.launcher=SUN_STANDARD, sun.boot.library.path=/Library/Java/JavaVirtualMachines/jdk-11.0.4.jdk/Contents/Home/lib, sun.java.command=worker.org.gradle.process.internal.worker.GradleWorkerMain 'Gradle Test Executor 3', hibernate.transaction.jta.platform=org.hibernate.engine.transaction.jta.platform.internal.NoJtaPlatform@33dfadd3, http.nonProxyHosts=local|*.local|169.254/16|*.169.254/16, javax.persistence.sharedCache.mode=UNSPECIFIED, jdk.debug=release, sun.cpu.endian=little, user.home=/Users/dzmitryplatonov, user.language=ru, java.specification.vendor=Oracle Corporation, org.gradle.native=false, java.version.date=2019-07-16, java.home=/Library/Java/JavaVirtualMachines/jdk-11.0.4.jdk/Contents/Home, file.separator=/, java.vm.compressedOopsMode=Zero based, line.separator=
, java.specification.name=Java Platform API Specification, java.vm.specification.vendor=Oracle Corporation, hibernate.transaction.coordinator_class=class org.hibernate.resource.transaction.backend.jdbc.internal.JdbcResourceLocalTransactionCoordinatorBuilderImpl, java.awt.graphicsenv=sun.awt.CGraphicsEnvironment, hibernate.hbm2ddl.auto=create-drop, sun.management.compiler=HotSpot 64-Bit Tiered Compilers, ftp.nonProxyHosts=local|*.local|169.254/16|*.169.254/16, java.runtime.version=11.0.4+10-LTS, user.name=dzmitryplatonov, path.separator=:, os.version=10.14.6, java.runtime.name=Java(TM) SE Runtime Environment, file.encoding=UTF-8, hibernate.ejb.persistenceUnitName=default, java.vm.name=Java HotSpot(TM) 64-Bit Server VM, java.vendor.version=18.9, java.vendor.url.bug=http://bugreport.java.com/bugreport/, java.io.tmpdir=/var/folders/nm/5f650mms7n577yq7w4kkdfl80000gn/T/, com.zaxxer.hikari.pool_number=1, java.version=11.0.4, hibernate.physical_naming_strategy=org.springframework.boot.orm.jpa.hibernate.SpringPhysicalNamingStrategy, user.dir=/Users/dzmitryplatonov/Desktop/workdir/giftcertificates/datasource, os.arch=x86_64, java.vm.specification.name=Java Virtual Machine Specification, java.awt.printerjob=sun.lwawt.macosx.CPrinterJob, sun.os.patch.level=unknown, hibernate.boot.CfgXmlAccessService.key=org.hibernate.boot.cfgxml.spi.LoadedConfig@6e807609, java.library.path=/Users/dzmitryplatonov/Library/Java/Extensions:/Library/Java/Extensions:/Network/Library/Java/Extensions:/System/Library/Java/Extensions:/usr/lib/java:., java.vendor=Oracle Corporation, java.vm.info=mixed mode, java.vm.version=11.0.4+10-LTS, hibernate.bytecode.use_reflection_optimizer=false, sun.io.unicode.encoding=UnicodeBig, hibernate.connection.datasource=HikariDataSource (HikariPool-11), socksNonProxyHosts=local|*.local|169.254/16|*.169.254/16, java.class.version=55.0}
17:03:33.409 [Test worker] DEBUG org.hibernate.validator.internal.engine.resolver.TraversableResolvers - Found javax.persistence.Persistence on classpath containing 'getPersistenceUtil'. Assuming JPA 2 environment. Trying to instantiate JPA aware TraversableResolver
17:03:33.409 [Test worker] DEBUG org.hibernate.validator.internal.engine.resolver.TraversableResolvers - Instantiated JPA aware TraversableResolver of type org.hibernate.validator.internal.engine.resolver.JPATraversableResolver.
17:03:33.409 [Test worker] DEBUG org.hibernate.validator.internal.xml.config.ValidationXmlParser - Trying to load META-INF/validation.xml for XML based Validator configuration.
17:03:33.409 [Test worker] DEBUG org.hibernate.validator.internal.xml.config.ResourceLoaderHelper - Trying to load META-INF/validation.xml via TCCL
17:03:33.410 [Test worker] DEBUG org.hibernate.validator.internal.xml.config.ResourceLoaderHelper - Trying to load META-INF/validation.xml via Hibernate Validator's class loader
17:03:33.410 [Test worker] DEBUG org.hibernate.validator.internal.xml.config.ValidationXmlParser - No META-INF/validation.xml found. Using annotation based configuration only.
17:03:33.415 [Test worker] DEBUG org.hibernate.validator.messageinterpolation.ResourceBundleMessageInterpolator - Loaded expression factory via original TCCL
17:03:33.415 [Test worker] DEBUG org.hibernate.validator.internal.engine.ValidatorFactoryImpl - HV000234: Using org.hibernate.validator.messageinterpolation.ResourceBundleMessageInterpolator as ValidatorFactory-scoped message interpolator.
17:03:33.415 [Test worker] DEBUG org.hibernate.validator.internal.engine.ValidatorFactoryImpl - HV000234: Using org.hibernate.validator.internal.engine.resolver.JPATraversableResolver as ValidatorFactory-scoped traversable resolver.
17:03:33.415 [Test worker] DEBUG org.hibernate.validator.internal.engine.ValidatorFactoryImpl - HV000234: Using org.hibernate.validator.internal.util.ExecutableParameterNameProvider as ValidatorFactory-scoped parameter name provider.
17:03:33.415 [Test worker] DEBUG org.hibernate.validator.internal.engine.ValidatorFactoryImpl - HV000234: Using org.hibernate.validator.internal.engine.DefaultClockProvider as ValidatorFactory-scoped clock provider.
17:03:33.415 [Test worker] DEBUG org.hibernate.validator.internal.engine.ValidatorFactoryImpl - HV000234: Using org.hibernate.validator.internal.engine.scripting.DefaultScriptEvaluatorFactory as ValidatorFactory-scoped script evaluator factory.
17:03:33.415 [Test worker] DEBUG org.hibernate.boot.internal.ClassLoaderAccessImpl - Not known whether passed class name [com.epam.esm.entity.Order] is safe
17:03:33.415 [Test worker] DEBUG org.hibernate.boot.internal.ClassLoaderAccessImpl - No temp ClassLoader provided; using live ClassLoader for loading potentially unsafe class : com.epam.esm.entity.Order
17:03:33.417 [Test worker] DEBUG org.hibernate.boot.internal.ClassLoaderAccessImpl - Not known whether passed class name [com.epam.esm.entity.GiftCertificate] is safe
17:03:33.417 [Test worker] DEBUG org.hibernate.boot.internal.ClassLoaderAccessImpl - No temp ClassLoader provided; using live ClassLoader for loading potentially unsafe class : com.epam.esm.entity.GiftCertificate
17:03:33.419 [Test worker] DEBUG org.hibernate.boot.internal.ClassLoaderAccessImpl - Not known whether passed class name [com.epam.esm.entity.User] is safe
17:03:33.419 [Test worker] DEBUG org.hibernate.boot.internal.ClassLoaderAccessImpl - No temp ClassLoader provided; using live ClassLoader for loading potentially unsafe class : com.epam.esm.entity.User
17:03:33.421 [Test worker] DEBUG org.hibernate.boot.internal.ClassLoaderAccessImpl - Not known whether passed class name [com.epam.esm.entity.Entity] is safe
17:03:33.421 [Test worker] DEBUG org.hibernate.boot.internal.ClassLoaderAccessImpl - No temp ClassLoader provided; using live ClassLoader for loading potentially unsafe class : com.epam.esm.entity.Entity
17:03:33.421 [Test worker] DEBUG org.hibernate.boot.internal.ClassLoaderAccessImpl - Not known whether passed class name [com.epam.esm.entity.Tag] is safe
17:03:33.421 [Test worker] DEBUG org.hibernate.boot.internal.ClassLoaderAccessImpl - No temp ClassLoader provided; using live ClassLoader for loading potentially unsafe class : com.epam.esm.entity.Tag
17:03:33.422 [Test worker] DEBUG org.hibernate.boot.internal.ClassLoaderAccessImpl - Not known whether passed class name [com.epam.esm.entity.OrderCertificate] is safe
17:03:33.422 [Test worker] DEBUG org.hibernate.boot.internal.ClassLoaderAccessImpl - No temp ClassLoader provided; using live ClassLoader for loading potentially unsafe class : com.epam.esm.entity.OrderCertificate
17:03:33.423 [Test worker] DEBUG org.hibernate.boot.internal.ClassLoaderAccessImpl - Not known whether passed class name [com.epam.esm.entity.Role] is safe
17:03:33.423 [Test worker] DEBUG org.hibernate.boot.internal.ClassLoaderAccessImpl - No temp ClassLoader provided; using live ClassLoader for loading potentially unsafe class : com.epam.esm.entity.Role
17:03:33.424 [Test worker] DEBUG org.hibernate.secure.spi.JaccIntegrator - Skipping JACC integration as it was not enabled
17:03:33.424 [Test worker] DEBUG org.hibernate.internal.SessionFactoryImpl - Instantiated session factory
17:03:33.424 [Test worker] DEBUG org.hibernate.type.spi.TypeConfiguration$Scope - Scoping TypeConfiguration [org.hibernate.type.spi.TypeConfiguration@580676b2] to SessionFactoryImpl [org.hibernate.internal.SessionFactoryImpl@53c3e295]
17:03:33.424 [Test worker] DEBUG org.hibernate.boot.internal.ClassLoaderAccessImpl - Not known whether passed class name [com.epam.esm.entity.Order] is safe
17:03:33.424 [Test worker] DEBUG org.hibernate.boot.internal.ClassLoaderAccessImpl - No temp ClassLoader provided; using live ClassLoader for loading potentially unsafe class : com.epam.esm.entity.Order
17:03:33.424 [Test worker] DEBUG org.hibernate.boot.internal.ClassLoaderAccessImpl - Not known whether passed class name [com.epam.esm.entity.Order] is safe
17:03:33.424 [Test worker] DEBUG org.hibernate.boot.internal.ClassLoaderAccessImpl - No temp ClassLoader provided; using live ClassLoader for loading potentially unsafe class : com.epam.esm.entity.Order
17:03:33.431 [Test worker] DEBUG org.hibernate.boot.internal.ClassLoaderAccessImpl - Not known whether passed class name [com.epam.esm.entity.GiftCertificate] is safe
17:03:33.431 [Test worker] DEBUG org.hibernate.boot.internal.ClassLoaderAccessImpl - No temp ClassLoader provided; using live ClassLoader for loading potentially unsafe class : com.epam.esm.entity.GiftCertificate
17:03:33.431 [Test worker] DEBUG org.hibernate.boot.internal.ClassLoaderAccessImpl - Not known whether passed class name [com.epam.esm.entity.GiftCertificate] is safe
17:03:33.431 [Test worker] DEBUG org.hibernate.boot.internal.ClassLoaderAccessImpl - No temp ClassLoader provided; using live ClassLoader for loading potentially unsafe class : com.epam.esm.entity.GiftCertificate
17:03:33.441 [Test worker] DEBUG org.hibernate.boot.internal.ClassLoaderAccessImpl - Not known whether passed class name [com.epam.esm.entity.User] is safe
17:03:33.441 [Test worker] DEBUG org.hibernate.boot.internal.ClassLoaderAccessImpl - No temp ClassLoader provided; using live ClassLoader for loading potentially unsafe class : com.epam.esm.entity.User
17:03:33.441 [Test worker] DEBUG org.hibernate.boot.internal.ClassLoaderAccessImpl - Not known whether passed class name [com.epam.esm.entity.User] is safe
17:03:33.441 [Test worker] DEBUG org.hibernate.boot.internal.ClassLoaderAccessImpl - No temp ClassLoader provided; using live ClassLoader for loading potentially unsafe class : com.epam.esm.entity.User
17:03:33.448 [Test worker] DEBUG org.hibernate.boot.internal.ClassLoaderAccessImpl - Not known whether passed class name [com.epam.esm.entity.Entity] is safe
17:03:33.448 [Test worker] DEBUG org.hibernate.boot.internal.ClassLoaderAccessImpl - No temp ClassLoader provided; using live ClassLoader for loading potentially unsafe class : com.epam.esm.entity.Entity
17:03:33.448 [Test worker] DEBUG org.hibernate.boot.internal.ClassLoaderAccessImpl - Not known whether passed class name [com.epam.esm.entity.Entity] is safe
17:03:33.448 [Test worker] DEBUG org.hibernate.boot.internal.ClassLoaderAccessImpl - No temp ClassLoader provided; using live ClassLoader for loading potentially unsafe class : com.epam.esm.entity.Entity
17:03:33.452 [Test worker] DEBUG org.hibernate.boot.internal.ClassLoaderAccessImpl - Not known whether passed class name [com.epam.esm.entity.Tag] is safe
17:03:33.453 [Test worker] DEBUG org.hibernate.boot.internal.ClassLoaderAccessImpl - No temp ClassLoader provided; using live ClassLoader for loading potentially unsafe class : com.epam.esm.entity.Tag
17:03:33.453 [Test worker] DEBUG org.hibernate.boot.internal.ClassLoaderAccessImpl - Not known whether passed class name [com.epam.esm.entity.Tag] is safe
17:03:33.453 [Test worker] DEBUG org.hibernate.boot.internal.ClassLoaderAccessImpl - No temp ClassLoader provided; using live ClassLoader for loading potentially unsafe class : com.epam.esm.entity.Tag
17:03:33.458 [Test worker] DEBUG org.hibernate.boot.internal.ClassLoaderAccessImpl - Not known whether passed class name [com.epam.esm.entity.OrderCertificate] is safe
17:03:33.458 [Test worker] DEBUG org.hibernate.boot.internal.ClassLoaderAccessImpl - No temp ClassLoader provided; using live ClassLoader for loading potentially unsafe class : com.epam.esm.entity.OrderCertificate
17:03:33.458 [Test worker] DEBUG org.hibernate.boot.internal.ClassLoaderAccessImpl - Not known whether passed class name [com.epam.esm.entity.OrderCertificate] is safe
17:03:33.459 [Test worker] DEBUG org.hibernate.boot.internal.ClassLoaderAccessImpl - No temp ClassLoader provided; using live ClassLoader for loading potentially unsafe class : com.epam.esm.entity.OrderCertificate
17:03:33.464 [Test worker] DEBUG org.hibernate.boot.internal.ClassLoaderAccessImpl - Not known whether passed class name [com.epam.esm.entity.Role] is safe
17:03:33.464 [Test worker] DEBUG org.hibernate.boot.internal.ClassLoaderAccessImpl - No temp ClassLoader provided; using live ClassLoader for loading potentially unsafe class : com.epam.esm.entity.Role
17:03:33.464 [Test worker] DEBUG org.hibernate.boot.internal.ClassLoaderAccessImpl - Not known whether passed class name [com.epam.esm.entity.Role] is safe
17:03:33.464 [Test worker] DEBUG org.hibernate.boot.internal.ClassLoaderAccessImpl - No temp ClassLoader provided; using live ClassLoader for loading potentially unsafe class : com.epam.esm.entity.Role
17:03:33.468 [Test worker] DEBUG org.hibernate.persister.collection.AbstractCollectionPersister - Static SQL for collection: com.epam.esm.entity.GiftCertificate.tags
17:03:33.468 [Test worker] DEBUG org.hibernate.persister.collection.AbstractCollectionPersister -  Row insert: insert into certificate_tag (certificate_id, tag_id) values (?, ?)
17:03:33.468 [Test worker] DEBUG org.hibernate.persister.collection.AbstractCollectionPersister -  Row update: update certificate_tag set tag_id=? where certificate_id=? and tag_id=?
17:03:33.468 [Test worker] DEBUG org.hibernate.persister.collection.AbstractCollectionPersister -  Row delete: delete from certificate_tag where certificate_id=? and tag_id=?
17:03:33.468 [Test worker] DEBUG org.hibernate.persister.collection.AbstractCollectionPersister -  One-shot delete: delete from certificate_tag where certificate_id=?
17:03:33.468 [Test worker] DEBUG org.hibernate.persister.collection.AbstractCollectionPersister - Static SQL for collection: com.epam.esm.entity.Order.orderCertificates
17:03:33.468 [Test worker] DEBUG org.hibernate.persister.collection.AbstractCollectionPersister -  Row insert: update order_certificate set order_id=? where id=?
17:03:33.468 [Test worker] DEBUG org.hibernate.persister.collection.AbstractCollectionPersister -  Row update: update order_certificate set  where id=?
17:03:33.468 [Test worker] DEBUG org.hibernate.persister.collection.AbstractCollectionPersister -  Row delete: update order_certificate set order_id=null where order_id=? and id=?
17:03:33.468 [Test worker] DEBUG org.hibernate.persister.collection.AbstractCollectionPersister -  One-shot delete: update order_certificate set order_id=null where order_id=?
17:03:33.468 [Test worker] DEBUG org.hibernate.persister.collection.AbstractCollectionPersister - Static SQL for collection: com.epam.esm.entity.GiftCertificate.orderCertificates
17:03:33.468 [Test worker] DEBUG org.hibernate.persister.collection.AbstractCollectionPersister -  Row insert: update order_certificate set certificate_id=? where id=?
17:03:33.468 [Test worker] DEBUG org.hibernate.persister.collection.AbstractCollectionPersister -  Row update: update order_certificate set  where id=?
17:03:33.468 [Test worker] DEBUG org.hibernate.persister.collection.AbstractCollectionPersister -  Row delete: update order_certificate set certificate_id=null where certificate_id=? and id=?
17:03:33.468 [Test worker] DEBUG org.hibernate.persister.collection.AbstractCollectionPersister -  One-shot delete: update order_certificate set certificate_id=null where certificate_id=?
17:03:33.469 [Test worker] DEBUG org.hibernate.persister.collection.AbstractCollectionPersister - Static SQL for collection: com.epam.esm.entity.User.orders
17:03:33.469 [Test worker] DEBUG org.hibernate.persister.collection.AbstractCollectionPersister -  Row insert: update application_order set user_id=? where id=?
17:03:33.469 [Test worker] DEBUG org.hibernate.persister.collection.AbstractCollectionPersister -  Row update: update application_order set  where id=?
17:03:33.469 [Test worker] DEBUG org.hibernate.persister.collection.AbstractCollectionPersister -  Row delete: update application_order set user_id=null where user_id=? and id=?
17:03:33.469 [Test worker] DEBUG org.hibernate.persister.collection.AbstractCollectionPersister -  One-shot delete: update application_order set user_id=null where user_id=?
17:03:33.469 [Test worker] DEBUG org.hibernate.persister.entity.AbstractEntityPersister - Static SQL for entity: com.epam.esm.entity.Order
17:03:33.469 [Test worker] DEBUG org.hibernate.persister.entity.AbstractEntityPersister -  Version select: select id from application_order where id =?
17:03:33.469 [Test worker] DEBUG org.hibernate.persister.entity.AbstractEntityPersister -  Snapshot select: select order_.id, order_.active_status as active_s2_0_, order_.created_at as created_3_0_, order_.user_id as user_id4_0_ from application_order order_ where order_.id=?
17:03:33.469 [Test worker] DEBUG org.hibernate.persister.entity.AbstractEntityPersister -  Insert 0: insert into application_order (active_status, created_at, user_id, id) values (?, ?, ?, ?)
17:03:33.469 [Test worker] DEBUG org.hibernate.persister.entity.AbstractEntityPersister -  Update 0: update application_order set active_status=?, created_at=?, user_id=? where id=?
17:03:33.469 [Test worker] DEBUG org.hibernate.persister.entity.AbstractEntityPersister -  Delete 0: delete from application_order where id=?
17:03:33.469 [Test worker] DEBUG org.hibernate.persister.entity.AbstractEntityPersister -  Identity insert: insert into application_order (id, active_status, created_at, user_id) values (null, ?, ?, ?)
17:03:33.469 [Test worker] DEBUG org.hibernate.loader.plan.build.internal.spaces.QuerySpacesImpl - Adding QuerySpace : uid = <gen:0> -> org.hibernate.loader.plan.build.internal.spaces.EntityQuerySpaceImpl@5c6280c6]
17:03:33.469 [Test worker] DEBUG org.hibernate.persister.walking.spi.MetamodelGraphWalker - Visiting attribute path : activeStatus
17:03:33.469 [Test worker] DEBUG org.hibernate.persister.walking.spi.MetamodelGraphWalker - Visiting attribute path : createdAt
17:03:33.469 [Test worker] DEBUG org.hibernate.persister.walking.spi.MetamodelGraphWalker - Visiting attribute path : orderCertificates
17:03:33.469 [Test worker] DEBUG org.hibernate.loader.plan.build.internal.spaces.QuerySpacesImpl - Adding QuerySpace : uid = <gen:1> -> org.hibernate.loader.plan.build.internal.spaces.CollectionQuerySpaceImpl@680fb8c7]
17:03:33.469 [Test worker] DEBUG org.hibernate.loader.plan.build.internal.spaces.QuerySpacesImpl - Adding QuerySpace : uid = <gen:2> -> org.hibernate.loader.plan.build.internal.spaces.EntityQuerySpaceImpl@59263285]
17:03:33.469 [HikariPool-11 housekeeper] DEBUG com.zaxxer.hikari.pool.HikariPool - HikariPool-11 - Pool stats (total=1, active=0, idle=1, waiting=0)
17:03:33.469 [Test worker] DEBUG org.hibernate.persister.walking.spi.MetamodelGraphWalker - Visiting attribute path : user
17:03:33.470 [Test worker] DEBUG org.hibernate.loader.plan.build.internal.spaces.QuerySpacesImpl - Adding QuerySpace : uid = <gen:3> -> org.hibernate.loader.plan.build.internal.spaces.EntityQuerySpaceImpl@118aedd7]
17:03:33.470 [Test worker] DEBUG org.hibernate.persister.walking.spi.MetamodelGraphWalker - Visiting attribute path : user.email
17:03:33.470 [Test worker] DEBUG org.hibernate.persister.walking.spi.MetamodelGraphWalker - Visiting attribute path : user.orders
17:03:33.470 [Test worker] DEBUG org.hibernate.persister.walking.spi.MetamodelGraphWalker - Property path deemed to be circular : user.orders
17:03:33.470 [Test worker] DEBUG org.hibernate.persister.walking.spi.MetamodelGraphWalker - Visiting attribute path : user.password
17:03:33.470 [Test worker] DEBUG org.hibernate.persister.walking.spi.MetamodelGraphWalker - Visiting attribute path : user.refreshToken
17:03:33.470 [Test worker] DEBUG org.hibernate.persister.walking.spi.MetamodelGraphWalker - Visiting attribute path : user.role
17:03:33.470 [Test worker] DEBUG org.hibernate.loader.plan.build.internal.spaces.QuerySpacesImpl - Adding QuerySpace : uid = <gen:4> -> org.hibernate.loader.plan.build.internal.spaces.EntityQuerySpaceImpl@7ed95e51]
17:03:33.470 [Test worker] DEBUG org.hibernate.persister.walking.spi.MetamodelGraphWalker - Visiting attribute path : user.role.value
17:03:33.470 [Test worker] DEBUG org.hibernate.loader.plan.build.internal.FetchStyleLoadPlanBuildingAssociationVisitationStrategy - Building LoadPlan...
17:03:33.470 [Test worker] DEBUG org.hibernate.loader.plan.exec.internal.LoadQueryJoinAndFetchProcessor - processing queryspace <gen:0>
17:03:33.471 [HikariPool-11 connection adder] DEBUG com.zaxxer.hikari.pool.HikariPool - HikariPool-11 - Added connection conn101: url=jdbc:h2:mem:testdb user=SA
17:03:33.471 [Test worker] DEBUG org.hibernate.loader.plan.build.spi.LoadPlanTreePrinter - LoadPlan(entity=com.epam.esm.entity.Order)
    - Returns
       - EntityReturnImpl(entity=com.epam.esm.entity.Order, querySpaceUid=<gen:0>, path=com.epam.esm.entity.Order)
          - CollectionAttributeFetchImpl(collection=com.epam.esm.entity.Order.orderCertificates, querySpaceUid=<gen:1>, path=com.epam.esm.entity.Order.orderCertificates)
             - (collection element) CollectionFetchableElementEntityGraph(entity=com.epam.esm.entity.OrderCertificate, querySpaceUid=<gen:2>, path=com.epam.esm.entity.Order.orderCertificates.<elements>)
          - EntityAttributeFetchImpl(entity=com.epam.esm.entity.User, querySpaceUid=<gen:3>, path=com.epam.esm.entity.Order.user)
             - EntityAttributeFetchImpl(entity=com.epam.esm.entity.Role, querySpaceUid=<gen:4>, path=com.epam.esm.entity.Order.user.role)
    - QuerySpaces
       - EntityQuerySpaceImpl(uid=<gen:0>, entity=com.epam.esm.entity.Order)
          - SQL table alias mapping - order0_
          - alias suffix - 0_
          - suffixed key columns - {id1_0_0_}
          - JOIN (JoinDefinedByMetadata(user)) : <gen:0> -> <gen:3>
             - EntityQuerySpaceImpl(uid=<gen:3>, entity=com.epam.esm.entity.User)
                - SQL table alias mapping - user1_
                - alias suffix - 1_
                - suffixed key columns - {id1_2_1_}
                - JOIN (JoinDefinedByMetadata(role)) : <gen:3> -> <gen:4>
                   - EntityQuerySpaceImpl(uid=<gen:4>, entity=com.epam.esm.entity.Role)
                      - SQL table alias mapping - role2_
                      - alias suffix - 2_
                      - suffixed key columns - {id1_1_2_}

17:03:33.471 [Test worker] DEBUG org.hibernate.loader.entity.plan.EntityLoader - Static select for entity com.epam.esm.entity.Order [NONE]: select order0_.id as id1_0_0_, order0_.active_status as active_s2_0_0_, order0_.created_at as created_3_0_0_, order0_.user_id as user_id4_0_0_, user1_.id as id1_2_1_, user1_.email as email2_2_1_, user1_.password as password3_2_1_, user1_.refresh_token as refresh_4_2_1_, user1_.role_id as role_id5_2_1_, role2_.id as id1_1_2_, role2_.value as value2_1_2_ from application_order order0_ left outer join application_user user1_ on order0_.user_id=user1_.id left outer join application_role role2_ on user1_.role_id=role2_.id where order0_.id=?
17:03:33.471 [Test worker] DEBUG org.hibernate.loader.plan.build.internal.spaces.QuerySpacesImpl - Adding QuerySpace : uid = <gen:0> -> org.hibernate.loader.plan.build.internal.spaces.EntityQuerySpaceImpl@50214a57]
17:03:33.471 [Test worker] DEBUG org.hibernate.persister.walking.spi.MetamodelGraphWalker - Visiting attribute path : activeStatus
17:03:33.471 [Test worker] DEBUG org.hibernate.persister.walking.spi.MetamodelGraphWalker - Visiting attribute path : createdAt
17:03:33.471 [Test worker] DEBUG org.hibernate.persister.walking.spi.MetamodelGraphWalker - Visiting attribute path : orderCertificates
17:03:33.471 [HikariPool-11 connection adder] DEBUG com.zaxxer.hikari.pool.HikariPool - HikariPool-11 - Added connection conn102: url=jdbc:h2:mem:testdb user=SA
17:03:33.471 [Test worker] DEBUG org.hibernate.loader.plan.build.internal.spaces.QuerySpacesImpl - Adding QuerySpace : uid = <gen:1> -> org.hibernate.loader.plan.build.internal.spaces.CollectionQuerySpaceImpl@27ab436e]
17:03:33.471 [Test worker] DEBUG org.hibernate.loader.plan.build.internal.spaces.QuerySpacesImpl - Adding QuerySpace : uid = <gen:2> -> org.hibernate.loader.plan.build.internal.spaces.EntityQuerySpaceImpl@2e695dcf]
17:03:33.471 [Test worker] DEBUG org.hibernate.persister.walking.spi.MetamodelGraphWalker - Visiting attribute path : user
17:03:33.471 [Test worker] DEBUG org.hibernate.loader.plan.build.internal.spaces.QuerySpacesImpl - Adding QuerySpace : uid = <gen:3> -> org.hibernate.loader.plan.build.internal.spaces.EntityQuerySpaceImpl@7440d9a7]
17:03:33.471 [Test worker] DEBUG org.hibernate.persister.walking.spi.MetamodelGraphWalker - Visiting attribute path : user.email
17:03:33.471 [Test worker] DEBUG org.hibernate.persister.walking.spi.MetamodelGraphWalker - Visiting attribute path : user.orders
17:03:33.471 [Test worker] DEBUG org.hibernate.persister.walking.spi.MetamodelGraphWalker - Property path deemed to be circular : user.orders
17:03:33.472 [Test worker] DEBUG org.hibernate.persister.walking.spi.MetamodelGraphWalker - Visiting attribute path : user.password
17:03:33.472 [Test worker] DEBUG org.hibernate.persister.walking.spi.MetamodelGraphWalker - Visiting attribute path : user.refreshToken
17:03:33.472 [Test worker] DEBUG org.hibernate.persister.walking.spi.MetamodelGraphWalker - Visiting attribute path : user.role
17:03:33.472 [Test worker] DEBUG org.hibernate.loader.plan.build.internal.spaces.QuerySpacesImpl - Adding QuerySpace : uid = <gen:4> -> org.hibernate.loader.plan.build.internal.spaces.EntityQuerySpaceImpl@3febd8ed]
17:03:33.472 [HikariPool-11 connection adder] DEBUG com.zaxxer.hikari.pool.HikariPool - HikariPool-11 - Added connection conn103: url=jdbc:h2:mem:testdb user=SA
17:03:33.472 [Test worker] DEBUG org.hibernate.persister.walking.spi.MetamodelGraphWalker - Visiting attribute path : user.role.value
17:03:33.472 [Test worker] DEBUG org.hibernate.loader.plan.build.internal.FetchStyleLoadPlanBuildingAssociationVisitationStrategy - Building LoadPlan...
17:03:33.472 [Test worker] DEBUG org.hibernate.loader.plan.exec.internal.LoadQueryJoinAndFetchProcessor - processing queryspace <gen:0>
17:03:33.472 [HikariPool-11 connection adder] DEBUG com.zaxxer.hikari.pool.HikariPool - HikariPool-11 - Added connection conn104: url=jdbc:h2:mem:testdb user=SA
17:03:33.472 [Test worker] DEBUG org.hibernate.loader.plan.build.spi.LoadPlanTreePrinter - LoadPlan(entity=com.epam.esm.entity.Order)
    - Returns
       - EntityReturnImpl(entity=com.epam.esm.entity.Order, querySpaceUid=<gen:0>, path=com.epam.esm.entity.Order)
          - CollectionAttributeFetchImpl(collection=com.epam.esm.entity.Order.orderCertificates, querySpaceUid=<gen:1>, path=com.epam.esm.entity.Order.orderCertificates)
             - (collection element) CollectionFetchableElementEntityGraph(entity=com.epam.esm.entity.OrderCertificate, querySpaceUid=<gen:2>, path=com.epam.esm.entity.Order.orderCertificates.<elements>)
          - EntityAttributeFetchImpl(entity=com.epam.esm.entity.User, querySpaceUid=<gen:3>, path=com.epam.esm.entity.Order.user)
             - EntityAttributeFetchImpl(entity=com.epam.esm.entity.Role, querySpaceUid=<gen:4>, path=com.epam.esm.entity.Order.user.role)
    - QuerySpaces
       - EntityQuerySpaceImpl(uid=<gen:0>, entity=com.epam.esm.entity.Order)
          - SQL table alias mapping - order0_
          - alias suffix - 0_
          - suffixed key columns - {id1_0_0_}
          - JOIN (JoinDefinedByMetadata(user)) : <gen:0> -> <gen:3>
             - EntityQuerySpaceImpl(uid=<gen:3>, entity=com.epam.esm.entity.User)
                - SQL table alias mapping - user1_
                - alias suffix - 1_
                - suffixed key columns - {id1_2_1_}
                - JOIN (JoinDefinedByMetadata(role)) : <gen:3> -> <gen:4>
                   - EntityQuerySpaceImpl(uid=<gen:4>, entity=com.epam.esm.entity.Role)
                      - SQL table alias mapping - role2_
                      - alias suffix - 2_
                      - suffixed key columns - {id1_1_2_}

17:03:33.472 [Test worker] DEBUG org.hibernate.loader.entity.plan.EntityLoader - Static select for entity com.epam.esm.entity.Order [READ]: select order0_.id as id1_0_0_, order0_.active_status as active_s2_0_0_, order0_.created_at as created_3_0_0_, order0_.user_id as user_id4_0_0_, user1_.id as id1_2_1_, user1_.email as email2_2_1_, user1_.password as password3_2_1_, user1_.refresh_token as refresh_4_2_1_, user1_.role_id as role_id5_2_1_, role2_.id as id1_1_2_, role2_.value as value2_1_2_ from application_order order0_ left outer join application_user user1_ on order0_.user_id=user1_.id left outer join application_role role2_ on user1_.role_id=role2_.id where order0_.id=?
17:03:33.472 [HikariPool-11 connection adder] DEBUG com.zaxxer.hikari.pool.HikariPool - HikariPool-11 - Added connection conn105: url=jdbc:h2:mem:testdb user=SA
17:03:33.473 [Test worker] DEBUG org.hibernate.loader.Loader - Static select for action ACTION_MERGE on entity com.epam.esm.entity.Order: select order0_.id as id1_0_0_, order0_.active_status as active_s2_0_0_, order0_.created_at as created_3_0_0_, order0_.user_id as user_id4_0_0_ from application_order order0_ where order0_.id=?
17:03:33.473 [Test worker] DEBUG org.hibernate.loader.Loader - Static select for action ACTION_REFRESH on entity com.epam.esm.entity.Order: select order0_.id as id1_0_0_, order0_.active_status as active_s2_0_0_, order0_.created_at as created_3_0_0_, order0_.user_id as user_id4_0_0_ from application_order order0_ where order0_.id=?
17:03:33.473 [HikariPool-11 connection adder] DEBUG com.zaxxer.hikari.pool.HikariPool - HikariPool-11 - Added connection conn106: url=jdbc:h2:mem:testdb user=SA
17:03:33.473 [Test worker] DEBUG org.hibernate.persister.entity.AbstractEntityPersister - Static SQL for entity: com.epam.esm.entity.GiftCertificate
17:03:33.473 [Test worker] DEBUG org.hibernate.persister.entity.AbstractEntityPersister -  Version select: select id from certificate where id =?
17:03:33.473 [Test worker] DEBUG org.hibernate.persister.entity.AbstractEntityPersister -  Snapshot select: select giftcertif_.id, giftcertif_.active_status as active_s2_3_, giftcertif_.creation_date as creation3_3_, giftcertif_.description as descript4_3_, giftcertif_.expiration_date as expirati5_3_, giftcertif_.modification_date as modifica6_3_, giftcertif_.name as name7_3_, giftcertif_.price as price8_3_ from certificate giftcertif_ where giftcertif_.id=?
17:03:33.473 [Test worker] DEBUG org.hibernate.persister.entity.AbstractEntityPersister -  Insert 0: insert into certificate (active_status, creation_date, description, expiration_date, modification_date, name, price, id) values (?, ?, ?, ?, ?, ?, ?, ?)
17:03:33.473 [Test worker] DEBUG org.hibernate.persister.entity.AbstractEntityPersister -  Update 0: update certificate set active_status=?, creation_date=?, description=?, expiration_date=?, modification_date=?, name=?, price=? where id=?
17:03:33.473 [Test worker] DEBUG org.hibernate.persister.entity.AbstractEntityPersister -  Delete 0: delete from certificate where id=?
17:03:33.473 [Test worker] DEBUG org.hibernate.persister.entity.AbstractEntityPersister -  Identity insert: insert into certificate (id, active_status, creation_date, description, expiration_date, modification_date, name, price) values (null, ?, ?, ?, ?, ?, ?, ?)
17:03:33.473 [HikariPool-11 connection adder] DEBUG com.zaxxer.hikari.pool.HikariPool - HikariPool-11 - Added connection conn107: url=jdbc:h2:mem:testdb user=SA
17:03:33.473 [Test worker] DEBUG org.hibernate.loader.plan.build.internal.spaces.QuerySpacesImpl - Adding QuerySpace : uid = <gen:0> -> org.hibernate.loader.plan.build.internal.spaces.EntityQuerySpaceImpl@29f71add]
17:03:33.473 [Test worker] DEBUG org.hibernate.persister.walking.spi.MetamodelGraphWalker - Visiting attribute path : activeStatus
17:03:33.473 [Test worker] DEBUG org.hibernate.persister.walking.spi.MetamodelGraphWalker - Visiting attribute path : creationDate
17:03:33.473 [Test worker] DEBUG org.hibernate.persister.walking.spi.MetamodelGraphWalker - Visiting attribute path : description
17:03:33.473 [Test worker] DEBUG org.hibernate.persister.walking.spi.MetamodelGraphWalker - Visiting attribute path : expirationDate
17:03:33.473 [Test worker] DEBUG org.hibernate.persister.walking.spi.MetamodelGraphWalker - Visiting attribute path : modificationDate
17:03:33.473 [Test worker] DEBUG org.hibernate.persister.walking.spi.MetamodelGraphWalker - Visiting attribute path : name
17:03:33.473 [Test worker] DEBUG org.hibernate.persister.walking.spi.MetamodelGraphWalker - Visiting attribute path : orderCertificates
17:03:33.474 [Test worker] DEBUG org.hibernate.loader.plan.build.internal.spaces.QuerySpacesImpl - Adding QuerySpace : uid = <gen:1> -> org.hibernate.loader.plan.build.internal.spaces.CollectionQuerySpaceImpl@3873c21e]
17:03:33.474 [Test worker] DEBUG org.hibernate.loader.plan.build.internal.spaces.QuerySpacesImpl - Adding QuerySpace : uid = <gen:2> -> org.hibernate.loader.plan.build.internal.spaces.EntityQuerySpaceImpl@208c1f57]
17:03:33.474 [Test worker] DEBUG org.hibernate.persister.walking.spi.MetamodelGraphWalker - Visiting attribute path : price
17:03:33.474 [Test worker] DEBUG org.hibernate.persister.walking.spi.MetamodelGraphWalker - Visiting attribute path : tags
17:03:33.474 [HikariPool-11 connection adder] DEBUG com.zaxxer.hikari.pool.HikariPool - HikariPool-11 - Added connection conn108: url=jdbc:h2:mem:testdb user=SA
17:03:33.474 [Test worker] DEBUG org.hibernate.loader.plan.build.internal.spaces.QuerySpacesImpl - Adding QuerySpace : uid = <gen:3> -> org.hibernate.loader.plan.build.internal.spaces.CollectionQuerySpaceImpl@31bcd869]
17:03:33.474 [Test worker] DEBUG org.hibernate.loader.plan.build.internal.spaces.QuerySpacesImpl - Adding QuerySpace : uid = <gen:4> -> org.hibernate.loader.plan.build.internal.spaces.EntityQuerySpaceImpl@1a02becf]
17:03:33.474 [Test worker] DEBUG org.hibernate.loader.plan.build.internal.FetchStyleLoadPlanBuildingAssociationVisitationStrategy - Building LoadPlan...
17:03:33.474 [Test worker] DEBUG org.hibernate.loader.plan.exec.internal.LoadQueryJoinAndFetchProcessor - processing queryspace <gen:0>
17:03:33.474 [HikariPool-11 connection adder] DEBUG com.zaxxer.hikari.pool.HikariPool - HikariPool-11 - Added connection conn109: url=jdbc:h2:mem:testdb user=SA
17:03:33.474 [HikariPool-11 connection adder] DEBUG com.zaxxer.hikari.pool.HikariPool - HikariPool-11 - After adding stats (total=10, active=0, idle=10, waiting=0)
17:03:33.474 [Test worker] DEBUG org.hibernate.loader.plan.build.spi.LoadPlanTreePrinter - LoadPlan(entity=com.epam.esm.entity.GiftCertificate)
    - Returns
       - EntityReturnImpl(entity=com.epam.esm.entity.GiftCertificate, querySpaceUid=<gen:0>, path=com.epam.esm.entity.GiftCertificate)
          - CollectionAttributeFetchImpl(collection=com.epam.esm.entity.GiftCertificate.orderCertificates, querySpaceUid=<gen:1>, path=com.epam.esm.entity.GiftCertificate.orderCertificates)
             - (collection element) CollectionFetchableElementEntityGraph(entity=com.epam.esm.entity.OrderCertificate, querySpaceUid=<gen:2>, path=com.epam.esm.entity.GiftCertificate.orderCertificates.<elements>)
          - CollectionAttributeFetchImpl(collection=com.epam.esm.entity.GiftCertificate.tags, querySpaceUid=<gen:3>, path=com.epam.esm.entity.GiftCertificate.tags)
             - (collection element) CollectionFetchableElementEntityGraph(entity=com.epam.esm.entity.Tag, querySpaceUid=<gen:4>, path=com.epam.esm.entity.GiftCertificate.tags.<elements>)
    - QuerySpaces
       - EntityQuerySpaceImpl(uid=<gen:0>, entity=com.epam.esm.entity.GiftCertificate)
          - SQL table alias mapping - giftcertif0_
          - alias suffix - 0_
          - suffixed key columns - {id1_3_0_}

17:03:33.474 [Test worker] DEBUG org.hibernate.loader.entity.plan.EntityLoader - Static select for entity com.epam.esm.entity.GiftCertificate [NONE]: select giftcertif0_.id as id1_3_0_, giftcertif0_.active_status as active_s2_3_0_, giftcertif0_.creation_date as creation3_3_0_, giftcertif0_.description as descript4_3_0_, giftcertif0_.expiration_date as expirati5_3_0_, giftcertif0_.modification_date as modifica6_3_0_, giftcertif0_.name as name7_3_0_, giftcertif0_.price as price8_3_0_ from certificate giftcertif0_ where giftcertif0_.id=?
17:03:33.474 [Test worker] DEBUG org.hibernate.loader.plan.build.internal.spaces.QuerySpacesImpl - Adding QuerySpace : uid = <gen:0> -> org.hibernate.loader.plan.build.internal.spaces.EntityQuerySpaceImpl@3cc7fca3]
17:03:33.474 [Test worker] DEBUG org.hibernate.persister.walking.spi.MetamodelGraphWalker - Visiting attribute path : activeStatus
17:03:33.474 [Test worker] DEBUG org.hibernate.persister.walking.spi.MetamodelGraphWalker - Visiting attribute path : creationDate
17:03:33.474 [Test worker] DEBUG org.hibernate.persister.walking.spi.MetamodelGraphWalker - Visiting attribute path : description
17:03:33.475 [Test worker] DEBUG org.hibernate.persister.walking.spi.MetamodelGraphWalker - Visiting attribute path : expirationDate
17:03:33.475 [Test worker] DEBUG org.hibernate.persister.walking.spi.MetamodelGraphWalker - Visiting attribute path : modificationDate
17:03:33.475 [Test worker] DEBUG org.hibernate.persister.walking.spi.MetamodelGraphWalker - Visiting attribute path : name
17:03:33.475 [Test worker] DEBUG org.hibernate.persister.walking.spi.MetamodelGraphWalker - Visiting attribute path : orderCertificates
17:03:33.475 [Test worker] DEBUG org.hibernate.loader.plan.build.internal.spaces.QuerySpacesImpl - Adding QuerySpace : uid = <gen:1> -> org.hibernate.loader.plan.build.internal.spaces.CollectionQuerySpaceImpl@2b59dabc]
17:03:33.475 [Test worker] DEBUG org.hibernate.loader.plan.build.internal.spaces.QuerySpacesImpl - Adding QuerySpace : uid = <gen:2> -> org.hibernate.loader.plan.build.internal.spaces.EntityQuerySpaceImpl@2422fdde]
17:03:33.475 [Test worker] DEBUG org.hibernate.persister.walking.spi.MetamodelGraphWalker - Visiting attribute path : price
17:03:33.475 [Test worker] DEBUG org.hibernate.persister.walking.spi.MetamodelGraphWalker - Visiting attribute path : tags
17:03:33.475 [Test worker] DEBUG org.hibernate.loader.plan.build.internal.spaces.QuerySpacesImpl - Adding QuerySpace : uid = <gen:3> -> org.hibernate.loader.plan.build.internal.spaces.CollectionQuerySpaceImpl@27033f1d]
17:03:33.475 [Test worker] DEBUG org.hibernate.loader.plan.build.internal.spaces.QuerySpacesImpl - Adding QuerySpace : uid = <gen:4> -> org.hibernate.loader.plan.build.internal.spaces.EntityQuerySpaceImpl@52516e44]
17:03:33.475 [Test worker] DEBUG org.hibernate.loader.plan.build.internal.FetchStyleLoadPlanBuildingAssociationVisitationStrategy - Building LoadPlan...
17:03:33.475 [Test worker] DEBUG org.hibernate.loader.plan.exec.internal.LoadQueryJoinAndFetchProcessor - processing queryspace <gen:0>
17:03:33.475 [Test worker] DEBUG org.hibernate.loader.plan.build.spi.LoadPlanTreePrinter - LoadPlan(entity=com.epam.esm.entity.GiftCertificate)
    - Returns
       - EntityReturnImpl(entity=com.epam.esm.entity.GiftCertificate, querySpaceUid=<gen:0>, path=com.epam.esm.entity.GiftCertificate)
          - CollectionAttributeFetchImpl(collection=com.epam.esm.entity.GiftCertificate.orderCertificates, querySpaceUid=<gen:1>, path=com.epam.esm.entity.GiftCertificate.orderCertificates)
             - (collection element) CollectionFetchableElementEntityGraph(entity=com.epam.esm.entity.OrderCertificate, querySpaceUid=<gen:2>, path=com.epam.esm.entity.GiftCertificate.orderCertificates.<elements>)
          - CollectionAttributeFetchImpl(collection=com.epam.esm.entity.GiftCertificate.tags, querySpaceUid=<gen:3>, path=com.epam.esm.entity.GiftCertificate.tags)
             - (collection element) CollectionFetchableElementEntityGraph(entity=com.epam.esm.entity.Tag, querySpaceUid=<gen:4>, path=com.epam.esm.entity.GiftCertificate.tags.<elements>)
    - QuerySpaces
       - EntityQuerySpaceImpl(uid=<gen:0>, entity=com.epam.esm.entity.GiftCertificate)
          - SQL table alias mapping - giftcertif0_
          - alias suffix - 0_
          - suffixed key columns - {id1_3_0_}

17:03:33.475 [Test worker] DEBUG org.hibernate.loader.entity.plan.EntityLoader - Static select for entity com.epam.esm.entity.GiftCertificate [READ]: select giftcertif0_.id as id1_3_0_, giftcertif0_.active_status as active_s2_3_0_, giftcertif0_.creation_date as creation3_3_0_, giftcertif0_.description as descript4_3_0_, giftcertif0_.expiration_date as expirati5_3_0_, giftcertif0_.modification_date as modifica6_3_0_, giftcertif0_.name as name7_3_0_, giftcertif0_.price as price8_3_0_ from certificate giftcertif0_ where giftcertif0_.id=?
17:03:33.476 [Test worker] DEBUG org.hibernate.loader.Loader - Static select for action ACTION_MERGE on entity com.epam.esm.entity.GiftCertificate: select giftcertif0_.id as id1_3_2_, giftcertif0_.active_status as active_s2_3_2_, giftcertif0_.creation_date as creation3_3_2_, giftcertif0_.description as descript4_3_2_, giftcertif0_.expiration_date as expirati5_3_2_, giftcertif0_.modification_date as modifica6_3_2_, giftcertif0_.name as name7_3_2_, giftcertif0_.price as price8_3_2_, ordercerti1_.certificate_id as certific4_6_4_, ordercerti1_.id as id1_6_4_, ordercerti1_.id as id1_6_0_, ordercerti1_.certificate_id as certific4_6_0_, ordercerti1_.expiration_date as expirati2_6_0_, ordercerti1_.fixed_price as fixed_pr3_6_0_, ordercerti1_.order_id as order_id5_6_0_, order2_.id as id1_0_1_, order2_.active_status as active_s2_0_1_, order2_.created_at as created_3_0_1_, order2_.user_id as user_id4_0_1_ from certificate giftcertif0_ left outer join order_certificate ordercerti1_ on giftcertif0_.id=ordercerti1_.certificate_id left outer join application_order order2_ on ordercerti1_.order_id=order2_.id where giftcertif0_.id=?
17:03:33.476 [Test worker] DEBUG org.hibernate.loader.Loader - Static select for action ACTION_REFRESH on entity com.epam.esm.entity.GiftCertificate: select giftcertif0_.id as id1_3_2_, giftcertif0_.active_status as active_s2_3_2_, giftcertif0_.creation_date as creation3_3_2_, giftcertif0_.description as descript4_3_2_, giftcertif0_.expiration_date as expirati5_3_2_, giftcertif0_.modification_date as modifica6_3_2_, giftcertif0_.name as name7_3_2_, giftcertif0_.price as price8_3_2_, ordercerti1_.certificate_id as certific4_6_4_, ordercerti1_.id as id1_6_4_, ordercerti1_.id as id1_6_0_, ordercerti1_.certificate_id as certific4_6_0_, ordercerti1_.expiration_date as expirati2_6_0_, ordercerti1_.fixed_price as fixed_pr3_6_0_, ordercerti1_.order_id as order_id5_6_0_, order2_.id as id1_0_1_, order2_.active_status as active_s2_0_1_, order2_.created_at as created_3_0_1_, order2_.user_id as user_id4_0_1_ from certificate giftcertif0_ left outer join order_certificate ordercerti1_ on giftcertif0_.id=ordercerti1_.certificate_id left outer join application_order order2_ on ordercerti1_.order_id=order2_.id where giftcertif0_.id=?
17:03:33.476 [Test worker] DEBUG org.hibernate.persister.entity.AbstractEntityPersister - Static SQL for entity: com.epam.esm.entity.User
17:03:33.476 [Test worker] DEBUG org.hibernate.persister.entity.AbstractEntityPersister -  Version select: select id from application_user where id =?
17:03:33.476 [Test worker] DEBUG org.hibernate.persister.entity.AbstractEntityPersister -  Snapshot select: select user_.id, user_.email as email2_2_, user_.password as password3_2_, user_.refresh_token as refresh_4_2_, user_.role_id as role_id5_2_ from application_user user_ where user_.id=?
17:03:33.476 [Test worker] DEBUG org.hibernate.persister.entity.AbstractEntityPersister -  Insert 0: insert into application_user (email, password, refresh_token, role_id, id) values (?, ?, ?, ?, ?)
17:03:33.476 [Test worker] DEBUG org.hibernate.persister.entity.AbstractEntityPersister -  Update 0: update application_user set email=?, password=?, refresh_token=?, role_id=? where id=?
17:03:33.476 [Test worker] DEBUG org.hibernate.persister.entity.AbstractEntityPersister -  Delete 0: delete from application_user where id=?
17:03:33.476 [Test worker] DEBUG org.hibernate.persister.entity.AbstractEntityPersister -  Identity insert: insert into application_user (id, email, password, refresh_token, role_id) values (null, ?, ?, ?, ?)
17:03:33.476 [Test worker] DEBUG org.hibernate.loader.plan.build.internal.spaces.QuerySpacesImpl - Adding QuerySpace : uid = <gen:0> -> org.hibernate.loader.plan.build.internal.spaces.EntityQuerySpaceImpl@37b8d288]
17:03:33.476 [Test worker] DEBUG org.hibernate.persister.walking.spi.MetamodelGraphWalker - Visiting attribute path : email
17:03:33.476 [Test worker] DEBUG org.hibernate.persister.walking.spi.MetamodelGraphWalker - Visiting attribute path : orders
17:03:33.476 [Test worker] DEBUG org.hibernate.loader.plan.build.internal.spaces.QuerySpacesImpl - Adding QuerySpace : uid = <gen:1> -> org.hibernate.loader.plan.build.internal.spaces.CollectionQuerySpaceImpl@3a8239ee]
17:03:33.476 [Test worker] DEBUG org.hibernate.loader.plan.build.internal.spaces.QuerySpacesImpl - Adding QuerySpace : uid = <gen:2> -> org.hibernate.loader.plan.build.internal.spaces.EntityQuerySpaceImpl@637853b4]
17:03:33.476 [Test worker] DEBUG org.hibernate.persister.walking.spi.MetamodelGraphWalker - Visiting attribute path : password
17:03:33.476 [Test worker] DEBUG org.hibernate.persister.walking.spi.MetamodelGraphWalker - Visiting attribute path : refreshToken
17:03:33.476 [Test worker] DEBUG org.hibernate.persister.walking.spi.MetamodelGraphWalker - Visiting attribute path : role
17:03:33.477 [Test worker] DEBUG org.hibernate.loader.plan.build.internal.spaces.QuerySpacesImpl - Adding QuerySpace : uid = <gen:3> -> org.hibernate.loader.plan.build.internal.spaces.EntityQuerySpaceImpl@12a5f1c1]
17:03:33.477 [Test worker] DEBUG org.hibernate.persister.walking.spi.MetamodelGraphWalker - Visiting attribute path : role.value
17:03:33.477 [Test worker] DEBUG org.hibernate.loader.plan.build.internal.FetchStyleLoadPlanBuildingAssociationVisitationStrategy - Building LoadPlan...
17:03:33.477 [Test worker] DEBUG org.hibernate.loader.plan.exec.internal.LoadQueryJoinAndFetchProcessor - processing queryspace <gen:0>
17:03:33.477 [Test worker] DEBUG org.hibernate.loader.plan.build.spi.LoadPlanTreePrinter - LoadPlan(entity=com.epam.esm.entity.User)
    - Returns
       - EntityReturnImpl(entity=com.epam.esm.entity.User, querySpaceUid=<gen:0>, path=com.epam.esm.entity.User)
          - CollectionAttributeFetchImpl(collection=com.epam.esm.entity.User.orders, querySpaceUid=<gen:1>, path=com.epam.esm.entity.User.orders)
             - (collection element) CollectionFetchableElementEntityGraph(entity=com.epam.esm.entity.Order, querySpaceUid=<gen:2>, path=com.epam.esm.entity.User.orders.<elements>)
          - EntityAttributeFetchImpl(entity=com.epam.esm.entity.Role, querySpaceUid=<gen:3>, path=com.epam.esm.entity.User.role)
    - QuerySpaces
       - EntityQuerySpaceImpl(uid=<gen:0>, entity=com.epam.esm.entity.User)
          - SQL table alias mapping - user0_
          - alias suffix - 0_
          - suffixed key columns - {id1_2_0_}
          - JOIN (JoinDefinedByMetadata(role)) : <gen:0> -> <gen:3>
             - EntityQuerySpaceImpl(uid=<gen:3>, entity=com.epam.esm.entity.Role)
                - SQL table alias mapping - role1_
                - alias suffix - 1_
                - suffixed key columns - {id1_1_1_}

17:03:33.477 [Test worker] DEBUG org.hibernate.loader.entity.plan.EntityLoader - Static select for entity com.epam.esm.entity.User [NONE]: select user0_.id as id1_2_0_, user0_.email as email2_2_0_, user0_.password as password3_2_0_, user0_.refresh_token as refresh_4_2_0_, user0_.role_id as role_id5_2_0_, role1_.id as id1_1_1_, role1_.value as value2_1_1_ from application_user user0_ left outer join application_role role1_ on user0_.role_id=role1_.id where user0_.id=?
17:03:33.477 [Test worker] DEBUG org.hibernate.loader.plan.build.internal.spaces.QuerySpacesImpl - Adding QuerySpace : uid = <gen:0> -> org.hibernate.loader.plan.build.internal.spaces.EntityQuerySpaceImpl@5156d25]
17:03:33.477 [Test worker] DEBUG org.hibernate.persister.walking.spi.MetamodelGraphWalker - Visiting attribute path : email
17:03:33.477 [Test worker] DEBUG org.hibernate.persister.walking.spi.MetamodelGraphWalker - Visiting attribute path : orders
17:03:33.477 [Test worker] DEBUG org.hibernate.loader.plan.build.internal.spaces.QuerySpacesImpl - Adding QuerySpace : uid = <gen:1> -> org.hibernate.loader.plan.build.internal.spaces.CollectionQuerySpaceImpl@19c7ad62]
17:03:33.477 [Test worker] DEBUG org.hibernate.loader.plan.build.internal.spaces.QuerySpacesImpl - Adding QuerySpace : uid = <gen:2> -> org.hibernate.loader.plan.build.internal.spaces.EntityQuerySpaceImpl@2c63b31a]
17:03:33.477 [Test worker] DEBUG org.hibernate.persister.walking.spi.MetamodelGraphWalker - Visiting attribute path : password
17:03:33.477 [Test worker] DEBUG org.hibernate.persister.walking.spi.MetamodelGraphWalker - Visiting attribute path : refreshToken
17:03:33.477 [Test worker] DEBUG org.hibernate.persister.walking.spi.MetamodelGraphWalker - Visiting attribute path : role
17:03:33.478 [Test worker] DEBUG org.hibernate.loader.plan.build.internal.spaces.QuerySpacesImpl - Adding QuerySpace : uid = <gen:3> -> org.hibernate.loader.plan.build.internal.spaces.EntityQuerySpaceImpl@2b19ff6]
17:03:33.478 [Test worker] DEBUG org.hibernate.persister.walking.spi.MetamodelGraphWalker - Visiting attribute path : role.value
17:03:33.478 [Test worker] DEBUG org.hibernate.loader.plan.build.internal.FetchStyleLoadPlanBuildingAssociationVisitationStrategy - Building LoadPlan...
17:03:33.478 [Test worker] DEBUG org.hibernate.loader.plan.exec.internal.LoadQueryJoinAndFetchProcessor - processing queryspace <gen:0>
17:03:33.478 [Test worker] DEBUG org.hibernate.loader.plan.build.spi.LoadPlanTreePrinter - LoadPlan(entity=com.epam.esm.entity.User)
    - Returns
       - EntityReturnImpl(entity=com.epam.esm.entity.User, querySpaceUid=<gen:0>, path=com.epam.esm.entity.User)
          - CollectionAttributeFetchImpl(collection=com.epam.esm.entity.User.orders, querySpaceUid=<gen:1>, path=com.epam.esm.entity.User.orders)
             - (collection element) CollectionFetchableElementEntityGraph(entity=com.epam.esm.entity.Order, querySpaceUid=<gen:2>, path=com.epam.esm.entity.User.orders.<elements>)
          - EntityAttributeFetchImpl(entity=com.epam.esm.entity.Role, querySpaceUid=<gen:3>, path=com.epam.esm.entity.User.role)
    - QuerySpaces
       - EntityQuerySpaceImpl(uid=<gen:0>, entity=com.epam.esm.entity.User)
          - SQL table alias mapping - user0_
          - alias suffix - 0_
          - suffixed key columns - {id1_2_0_}
          - JOIN (JoinDefinedByMetadata(role)) : <gen:0> -> <gen:3>
             - EntityQuerySpaceImpl(uid=<gen:3>, entity=com.epam.esm.entity.Role)
                - SQL table alias mapping - role1_
                - alias suffix - 1_
                - suffixed key columns - {id1_1_1_}

17:03:33.478 [Test worker] DEBUG org.hibernate.loader.entity.plan.EntityLoader - Static select for entity com.epam.esm.entity.User [READ]: select user0_.id as id1_2_0_, user0_.email as email2_2_0_, user0_.password as password3_2_0_, user0_.refresh_token as refresh_4_2_0_, user0_.role_id as role_id5_2_0_, role1_.id as id1_1_1_, role1_.value as value2_1_1_ from application_user user0_ left outer join application_role role1_ on user0_.role_id=role1_.id where user0_.id=?
17:03:33.478 [Test worker] DEBUG org.hibernate.loader.Loader - Static select for action ACTION_MERGE on entity com.epam.esm.entity.User: select user0_.id as id1_2_0_, user0_.email as email2_2_0_, user0_.password as password3_2_0_, user0_.refresh_token as refresh_4_2_0_, user0_.role_id as role_id5_2_0_ from application_user user0_ where user0_.id=?
17:03:33.479 [Test worker] DEBUG org.hibernate.loader.Loader - Static select for action ACTION_REFRESH on entity com.epam.esm.entity.User: select user0_.id as id1_2_0_, user0_.email as email2_2_0_, user0_.password as password3_2_0_, user0_.refresh_token as refresh_4_2_0_, user0_.role_id as role_id5_2_0_ from application_user user0_ where user0_.id=?
17:03:33.479 [Test worker] DEBUG org.hibernate.persister.entity.AbstractEntityPersister - Static SQL for entity: com.epam.esm.entity.Entity
17:03:33.479 [Test worker] DEBUG org.hibernate.persister.entity.AbstractEntityPersister -  Version select: select id from entity where id =?
17:03:33.479 [Test worker] DEBUG org.hibernate.persister.entity.AbstractEntityPersister -  Snapshot select: select entity_.id from entity entity_ where entity_.id=?
17:03:33.479 [Test worker] DEBUG org.hibernate.persister.entity.AbstractEntityPersister -  Insert 0: insert into entity (id) values (?)
17:03:33.479 [Test worker] DEBUG org.hibernate.persister.entity.AbstractEntityPersister -  Update 0: null
17:03:33.479 [Test worker] DEBUG org.hibernate.persister.entity.AbstractEntityPersister -  Delete 0: delete from entity where id=?
17:03:33.479 [Test worker] DEBUG org.hibernate.persister.entity.AbstractEntityPersister -  Identity insert: insert into entity (id) values (null)
17:03:33.479 [Test worker] DEBUG org.hibernate.loader.plan.build.internal.spaces.QuerySpacesImpl - Adding QuerySpace : uid = <gen:0> -> org.hibernate.loader.plan.build.internal.spaces.EntityQuerySpaceImpl@999ef66]
17:03:33.479 [Test worker] DEBUG org.hibernate.loader.plan.build.internal.FetchStyleLoadPlanBuildingAssociationVisitationStrategy - Building LoadPlan...
17:03:33.479 [Test worker] DEBUG org.hibernate.loader.plan.exec.internal.LoadQueryJoinAndFetchProcessor - processing queryspace <gen:0>
17:03:33.479 [Test worker] DEBUG org.hibernate.loader.plan.build.spi.LoadPlanTreePrinter - LoadPlan(entity=com.epam.esm.entity.Entity)
    - Returns
       - EntityReturnImpl(entity=com.epam.esm.entity.Entity, querySpaceUid=<gen:0>, path=com.epam.esm.entity.Entity)
    - QuerySpaces
       - EntityQuerySpaceImpl(uid=<gen:0>, entity=com.epam.esm.entity.Entity)
          - SQL table alias mapping - entity0_
          - alias suffix - 0_
          - suffixed key columns - {id1_5_0_}

17:03:33.479 [Test worker] DEBUG org.hibernate.loader.entity.plan.EntityLoader - Static select for entity com.epam.esm.entity.Entity [NONE]: select entity0_.id as id1_5_0_ from entity entity0_ where entity0_.id=?
17:03:33.479 [Test worker] DEBUG org.hibernate.loader.plan.build.internal.spaces.QuerySpacesImpl - Adding QuerySpace : uid = <gen:0> -> org.hibernate.loader.plan.build.internal.spaces.EntityQuerySpaceImpl@361300ef]
17:03:33.479 [Test worker] DEBUG org.hibernate.loader.plan.build.internal.FetchStyleLoadPlanBuildingAssociationVisitationStrategy - Building LoadPlan...
17:03:33.479 [Test worker] DEBUG org.hibernate.loader.plan.exec.internal.LoadQueryJoinAndFetchProcessor - processing queryspace <gen:0>
17:03:33.480 [Test worker] DEBUG org.hibernate.loader.plan.build.spi.LoadPlanTreePrinter - LoadPlan(entity=com.epam.esm.entity.Entity)
    - Returns
       - EntityReturnImpl(entity=com.epam.esm.entity.Entity, querySpaceUid=<gen:0>, path=com.epam.esm.entity.Entity)
    - QuerySpaces
       - EntityQuerySpaceImpl(uid=<gen:0>, entity=com.epam.esm.entity.Entity)
          - SQL table alias mapping - entity0_
          - alias suffix - 0_
          - suffixed key columns - {id1_5_0_}

17:03:33.480 [Test worker] DEBUG org.hibernate.loader.entity.plan.EntityLoader - Static select for entity com.epam.esm.entity.Entity [READ]: select entity0_.id as id1_5_0_ from entity entity0_ where entity0_.id=?
17:03:33.480 [Test worker] DEBUG org.hibernate.loader.Loader - Static select for action ACTION_MERGE on entity com.epam.esm.entity.Entity: select entity0_.id as id1_5_0_ from entity entity0_ where entity0_.id=?
17:03:33.480 [Test worker] DEBUG org.hibernate.loader.Loader - Static select for action ACTION_REFRESH on entity com.epam.esm.entity.Entity: select entity0_.id as id1_5_0_ from entity entity0_ where entity0_.id=?
17:03:33.480 [Test worker] DEBUG org.hibernate.persister.entity.AbstractEntityPersister - Static SQL for entity: com.epam.esm.entity.Tag
17:03:33.480 [Test worker] DEBUG org.hibernate.persister.entity.AbstractEntityPersister -  Version select: select id from tag where id =?
17:03:33.480 [Test worker] DEBUG org.hibernate.persister.entity.AbstractEntityPersister -  Snapshot select: select tag_.id from tag tag_ where tag_.id=?
17:03:33.480 [Test worker] DEBUG org.hibernate.persister.entity.AbstractEntityPersister -  Insert 0: insert into tag (title, id) values (?, ?)
17:03:33.480 [Test worker] DEBUG org.hibernate.persister.entity.AbstractEntityPersister -  Update 0: null
17:03:33.480 [Test worker] DEBUG org.hibernate.persister.entity.AbstractEntityPersister -  Delete 0: delete from tag where id=?
17:03:33.480 [Test worker] DEBUG org.hibernate.persister.entity.AbstractEntityPersister -  Identity insert: insert into tag (id, title) values (null, ?)
17:03:33.480 [Test worker] DEBUG org.hibernate.loader.plan.build.internal.spaces.QuerySpacesImpl - Adding QuerySpace : uid = <gen:0> -> org.hibernate.loader.plan.build.internal.spaces.EntityQuerySpaceImpl@52dc4333]
17:03:33.480 [Test worker] DEBUG org.hibernate.persister.walking.spi.MetamodelGraphWalker - Visiting attribute path : title
17:03:33.480 [Test worker] DEBUG org.hibernate.loader.plan.build.internal.FetchStyleLoadPlanBuildingAssociationVisitationStrategy - Building LoadPlan...
17:03:33.480 [Test worker] DEBUG org.hibernate.loader.plan.exec.internal.LoadQueryJoinAndFetchProcessor - processing queryspace <gen:0>
17:03:33.480 [Test worker] DEBUG org.hibernate.loader.plan.build.spi.LoadPlanTreePrinter - LoadPlan(entity=com.epam.esm.entity.Tag)
    - Returns
       - EntityReturnImpl(entity=com.epam.esm.entity.Tag, querySpaceUid=<gen:0>, path=com.epam.esm.entity.Tag)
    - QuerySpaces
       - EntityQuerySpaceImpl(uid=<gen:0>, entity=com.epam.esm.entity.Tag)
          - SQL table alias mapping - tag0_
          - alias suffix - 0_
          - suffixed key columns - {id1_7_0_}

17:03:33.481 [Test worker] DEBUG org.hibernate.loader.entity.plan.EntityLoader - Static select for entity com.epam.esm.entity.Tag [NONE]: select tag0_.id as id1_7_0_, tag0_.title as title2_7_0_ from tag tag0_ where tag0_.id=?
17:03:33.481 [Test worker] DEBUG org.hibernate.loader.plan.build.internal.spaces.QuerySpacesImpl - Adding QuerySpace : uid = <gen:0> -> org.hibernate.loader.plan.build.internal.spaces.EntityQuerySpaceImpl@5fa7dfe6]
17:03:33.481 [Test worker] DEBUG org.hibernate.persister.walking.spi.MetamodelGraphWalker - Visiting attribute path : title
17:03:33.481 [Test worker] DEBUG org.hibernate.loader.plan.build.internal.FetchStyleLoadPlanBuildingAssociationVisitationStrategy - Building LoadPlan...
17:03:33.481 [Test worker] DEBUG org.hibernate.loader.plan.exec.internal.LoadQueryJoinAndFetchProcessor - processing queryspace <gen:0>
17:03:33.481 [Test worker] DEBUG org.hibernate.loader.plan.build.spi.LoadPlanTreePrinter - LoadPlan(entity=com.epam.esm.entity.Tag)
    - Returns
       - EntityReturnImpl(entity=com.epam.esm.entity.Tag, querySpaceUid=<gen:0>, path=com.epam.esm.entity.Tag)
    - QuerySpaces
       - EntityQuerySpaceImpl(uid=<gen:0>, entity=com.epam.esm.entity.Tag)
          - SQL table alias mapping - tag0_
          - alias suffix - 0_
          - suffixed key columns - {id1_7_0_}

17:03:33.481 [Test worker] DEBUG org.hibernate.loader.entity.plan.EntityLoader - Static select for entity com.epam.esm.entity.Tag [READ]: select tag0_.id as id1_7_0_, tag0_.title as title2_7_0_ from tag tag0_ where tag0_.id=?
17:03:33.481 [Test worker] DEBUG org.hibernate.loader.Loader - Static select for action ACTION_MERGE on entity com.epam.esm.entity.Tag: select tag0_.id as id1_7_0_, tag0_.title as title2_7_0_ from tag tag0_ where tag0_.id=?
17:03:33.481 [Test worker] DEBUG org.hibernate.loader.Loader - Static select for action ACTION_REFRESH on entity com.epam.esm.entity.Tag: select tag0_.id as id1_7_0_, tag0_.title as title2_7_0_ from tag tag0_ where tag0_.id=?
17:03:33.482 [Test worker] DEBUG org.hibernate.persister.entity.AbstractEntityPersister - Static SQL for entity: com.epam.esm.entity.OrderCertificate
17:03:33.482 [Test worker] DEBUG org.hibernate.persister.entity.AbstractEntityPersister -  Version select: select id from order_certificate where id =?
17:03:33.482 [Test worker] DEBUG org.hibernate.persister.entity.AbstractEntityPersister -  Snapshot select: select ordercerti_.id, ordercerti_.certificate_id as certific4_6_, ordercerti_.expiration_date as expirati2_6_, ordercerti_.fixed_price as fixed_pr3_6_, ordercerti_.order_id as order_id5_6_ from order_certificate ordercerti_ where ordercerti_.id=?
17:03:33.482 [Test worker] DEBUG org.hibernate.persister.entity.AbstractEntityPersister -  Insert 0: insert into order_certificate (certificate_id, expiration_date, fixed_price, order_id, id) values (?, ?, ?, ?, ?)
17:03:33.482 [Test worker] DEBUG org.hibernate.persister.entity.AbstractEntityPersister -  Update 0: update order_certificate set certificate_id=?, expiration_date=?, fixed_price=?, order_id=? where id=?
17:03:33.482 [Test worker] DEBUG org.hibernate.persister.entity.AbstractEntityPersister -  Delete 0: delete from order_certificate where id=?
17:03:33.482 [Test worker] DEBUG org.hibernate.persister.entity.AbstractEntityPersister -  Identity insert: insert into order_certificate (id, certificate_id, expiration_date, fixed_price, order_id) values (null, ?, ?, ?, ?)
17:03:33.482 [Test worker] DEBUG org.hibernate.loader.plan.build.internal.spaces.QuerySpacesImpl - Adding QuerySpace : uid = <gen:0> -> org.hibernate.loader.plan.build.internal.spaces.EntityQuerySpaceImpl@381d97a6]
17:03:33.482 [Test worker] DEBUG org.hibernate.persister.walking.spi.MetamodelGraphWalker - Visiting attribute path : certificate
17:03:33.482 [Test worker] DEBUG org.hibernate.loader.plan.build.internal.spaces.QuerySpacesImpl - Adding QuerySpace : uid = <gen:1> -> org.hibernate.loader.plan.build.internal.spaces.EntityQuerySpaceImpl@45cfe9dd]
17:03:33.482 [Test worker] DEBUG org.hibernate.persister.walking.spi.MetamodelGraphWalker - Visiting attribute path : expirationDate
17:03:33.482 [Test worker] DEBUG org.hibernate.persister.walking.spi.MetamodelGraphWalker - Visiting attribute path : fixedPrice
17:03:33.482 [Test worker] DEBUG org.hibernate.persister.walking.spi.MetamodelGraphWalker - Visiting attribute path : order
17:03:33.482 [Test worker] DEBUG org.hibernate.loader.plan.build.internal.spaces.QuerySpacesImpl - Adding QuerySpace : uid = <gen:2> -> org.hibernate.loader.plan.build.internal.spaces.EntityQuerySpaceImpl@9294b27]
17:03:33.482 [Test worker] DEBUG org.hibernate.persister.walking.spi.MetamodelGraphWalker - Visiting attribute path : order.activeStatus
17:03:33.482 [Test worker] DEBUG org.hibernate.persister.walking.spi.MetamodelGraphWalker - Visiting attribute path : order.createdAt
17:03:33.482 [Test worker] DEBUG org.hibernate.persister.walking.spi.MetamodelGraphWalker - Visiting attribute path : order.orderCertificates
17:03:33.482 [Test worker] DEBUG org.hibernate.persister.walking.spi.MetamodelGraphWalker - Property path deemed to be circular : order.orderCertificates
17:03:33.482 [Test worker] DEBUG org.hibernate.persister.walking.spi.MetamodelGraphWalker - Visiting attribute path : order.user
17:03:33.482 [Test worker] DEBUG org.hibernate.loader.plan.build.internal.spaces.QuerySpacesImpl - Adding QuerySpace : uid = <gen:3> -> org.hibernate.loader.plan.build.internal.spaces.EntityQuerySpaceImpl@4befe8f8]
17:03:33.482 [Test worker] DEBUG org.hibernate.persister.walking.spi.MetamodelGraphWalker - Visiting attribute path : order.user.email
17:03:33.482 [Test worker] DEBUG org.hibernate.persister.walking.spi.MetamodelGraphWalker - Visiting attribute path : order.user.orders
17:03:33.482 [Test worker] DEBUG org.hibernate.persister.walking.spi.MetamodelGraphWalker - Property path deemed to be circular : order.user.orders
17:03:33.482 [Test worker] DEBUG org.hibernate.persister.walking.spi.MetamodelGraphWalker - Visiting attribute path : order.user.password
17:03:33.482 [Test worker] DEBUG org.hibernate.persister.walking.spi.MetamodelGraphWalker - Visiting attribute path : order.user.refreshToken
17:03:33.482 [Test worker] DEBUG org.hibernate.persister.walking.spi.MetamodelGraphWalker - Visiting attribute path : order.user.role
17:03:33.483 [Test worker] DEBUG org.hibernate.loader.plan.build.internal.spaces.QuerySpacesImpl - Adding QuerySpace : uid = <gen:4> -> org.hibernate.loader.plan.build.internal.spaces.EntityQuerySpaceImpl@32677c37]
17:03:33.483 [Test worker] DEBUG org.hibernate.persister.walking.spi.MetamodelGraphWalker - Visiting attribute path : order.user.role.value
17:03:33.483 [Test worker] DEBUG org.hibernate.loader.plan.build.internal.FetchStyleLoadPlanBuildingAssociationVisitationStrategy - Building LoadPlan...
17:03:33.483 [Test worker] DEBUG org.hibernate.loader.plan.exec.internal.LoadQueryJoinAndFetchProcessor - processing queryspace <gen:0>
17:03:33.483 [Test worker] DEBUG org.hibernate.loader.plan.build.spi.LoadPlanTreePrinter - LoadPlan(entity=com.epam.esm.entity.OrderCertificate)
    - Returns
       - EntityReturnImpl(entity=com.epam.esm.entity.OrderCertificate, querySpaceUid=<gen:0>, path=com.epam.esm.entity.OrderCertificate)
          - EntityAttributeFetchImpl(entity=com.epam.esm.entity.GiftCertificate, querySpaceUid=<gen:1>, path=com.epam.esm.entity.OrderCertificate.certificate)
          - EntityAttributeFetchImpl(entity=com.epam.esm.entity.Order, querySpaceUid=<gen:2>, path=com.epam.esm.entity.OrderCertificate.order)
             - EntityAttributeFetchImpl(entity=com.epam.esm.entity.User, querySpaceUid=<gen:3>, path=com.epam.esm.entity.OrderCertificate.order.user)
                - EntityAttributeFetchImpl(entity=com.epam.esm.entity.Role, querySpaceUid=<gen:4>, path=com.epam.esm.entity.OrderCertificate.order.user.role)
    - QuerySpaces
       - EntityQuerySpaceImpl(uid=<gen:0>, entity=com.epam.esm.entity.OrderCertificate)
          - SQL table alias mapping - ordercerti0_
          - alias suffix - 0_
          - suffixed key columns - {id1_6_0_}
          - JOIN (JoinDefinedByMetadata(order)) : <gen:0> -> <gen:2>
             - EntityQuerySpaceImpl(uid=<gen:2>, entity=com.epam.esm.entity.Order)
                - SQL table alias mapping - order1_
                - alias suffix - 1_
                - suffixed key columns - {id1_0_1_}
                - JOIN (JoinDefinedByMetadata(user)) : <gen:2> -> <gen:3>
                   - EntityQuerySpaceImpl(uid=<gen:3>, entity=com.epam.esm.entity.User)
                      - SQL table alias mapping - user2_
                      - alias suffix - 2_
                      - suffixed key columns - {id1_2_2_}
                      - JOIN (JoinDefinedByMetadata(role)) : <gen:3> -> <gen:4>
                         - EntityQuerySpaceImpl(uid=<gen:4>, entity=com.epam.esm.entity.Role)
                            - SQL table alias mapping - role3_
                            - alias suffix - 3_
                            - suffixed key columns - {id1_1_3_}

17:03:33.483 [Test worker] DEBUG org.hibernate.loader.entity.plan.EntityLoader - Static select for entity com.epam.esm.entity.OrderCertificate [NONE]: select ordercerti0_.id as id1_6_0_, ordercerti0_.certificate_id as certific4_6_0_, ordercerti0_.expiration_date as expirati2_6_0_, ordercerti0_.fixed_price as fixed_pr3_6_0_, ordercerti0_.order_id as order_id5_6_0_, order1_.id as id1_0_1_, order1_.active_status as active_s2_0_1_, order1_.created_at as created_3_0_1_, order1_.user_id as user_id4_0_1_, user2_.id as id1_2_2_, user2_.email as email2_2_2_, user2_.password as password3_2_2_, user2_.refresh_token as refresh_4_2_2_, user2_.role_id as role_id5_2_2_, role3_.id as id1_1_3_, role3_.value as value2_1_3_ from order_certificate ordercerti0_ left outer join application_order order1_ on ordercerti0_.order_id=order1_.id left outer join application_user user2_ on order1_.user_id=user2_.id left outer join application_role role3_ on user2_.role_id=role3_.id where ordercerti0_.id=?
17:03:33.483 [Test worker] DEBUG org.hibernate.loader.plan.build.internal.spaces.QuerySpacesImpl - Adding QuerySpace : uid = <gen:0> -> org.hibernate.loader.plan.build.internal.spaces.EntityQuerySpaceImpl@31f91a41]
17:03:33.483 [Test worker] DEBUG org.hibernate.persister.walking.spi.MetamodelGraphWalker - Visiting attribute path : certificate
17:03:33.483 [Test worker] DEBUG org.hibernate.loader.plan.build.internal.spaces.QuerySpacesImpl - Adding QuerySpace : uid = <gen:1> -> org.hibernate.loader.plan.build.internal.spaces.EntityQuerySpaceImpl@6afa2513]
17:03:33.483 [Test worker] DEBUG org.hibernate.persister.walking.spi.MetamodelGraphWalker - Visiting attribute path : expirationDate
17:03:33.484 [Test worker] DEBUG org.hibernate.persister.walking.spi.MetamodelGraphWalker - Visiting attribute path : fixedPrice
17:03:33.484 [Test worker] DEBUG org.hibernate.persister.walking.spi.MetamodelGraphWalker - Visiting attribute path : order
17:03:33.484 [Test worker] DEBUG org.hibernate.loader.plan.build.internal.spaces.QuerySpacesImpl - Adding QuerySpace : uid = <gen:2> -> org.hibernate.loader.plan.build.internal.spaces.EntityQuerySpaceImpl@43676e13]
17:03:33.484 [Test worker] DEBUG org.hibernate.persister.walking.spi.MetamodelGraphWalker - Visiting attribute path : order.activeStatus
17:03:33.484 [Test worker] DEBUG org.hibernate.persister.walking.spi.MetamodelGraphWalker - Visiting attribute path : order.createdAt
17:03:33.484 [Test worker] DEBUG org.hibernate.persister.walking.spi.MetamodelGraphWalker - Visiting attribute path : order.orderCertificates
17:03:33.484 [Test worker] DEBUG org.hibernate.persister.walking.spi.MetamodelGraphWalker - Property path deemed to be circular : order.orderCertificates
17:03:33.484 [Test worker] DEBUG org.hibernate.persister.walking.spi.MetamodelGraphWalker - Visiting attribute path : order.user
17:03:33.484 [Test worker] DEBUG org.hibernate.loader.plan.build.internal.spaces.QuerySpacesImpl - Adding QuerySpace : uid = <gen:3> -> org.hibernate.loader.plan.build.internal.spaces.EntityQuerySpaceImpl@72d4faef]
17:03:33.484 [Test worker] DEBUG org.hibernate.persister.walking.spi.MetamodelGraphWalker - Visiting attribute path : order.user.email
17:03:33.484 [Test worker] DEBUG org.hibernate.persister.walking.spi.MetamodelGraphWalker - Visiting attribute path : order.user.orders
17:03:33.484 [Test worker] DEBUG org.hibernate.persister.walking.spi.MetamodelGraphWalker - Property path deemed to be circular : order.user.orders
17:03:33.484 [Test worker] DEBUG org.hibernate.persister.walking.spi.MetamodelGraphWalker - Visiting attribute path : order.user.password
17:03:33.484 [Test worker] DEBUG org.hibernate.persister.walking.spi.MetamodelGraphWalker - Visiting attribute path : order.user.refreshToken
17:03:33.484 [Test worker] DEBUG org.hibernate.persister.walking.spi.MetamodelGraphWalker - Visiting attribute path : order.user.role
17:03:33.484 [Test worker] DEBUG org.hibernate.loader.plan.build.internal.spaces.QuerySpacesImpl - Adding QuerySpace : uid = <gen:4> -> org.hibernate.loader.plan.build.internal.spaces.EntityQuerySpaceImpl@315273d9]
17:03:33.484 [Test worker] DEBUG org.hibernate.persister.walking.spi.MetamodelGraphWalker - Visiting attribute path : order.user.role.value
17:03:33.484 [Test worker] DEBUG org.hibernate.loader.plan.build.internal.FetchStyleLoadPlanBuildingAssociationVisitationStrategy - Building LoadPlan...
17:03:33.484 [Test worker] DEBUG org.hibernate.loader.plan.exec.internal.LoadQueryJoinAndFetchProcessor - processing queryspace <gen:0>
17:03:33.485 [Test worker] DEBUG org.hibernate.loader.plan.build.spi.LoadPlanTreePrinter - LoadPlan(entity=com.epam.esm.entity.OrderCertificate)
    - Returns
       - EntityReturnImpl(entity=com.epam.esm.entity.OrderCertificate, querySpaceUid=<gen:0>, path=com.epam.esm.entity.OrderCertificate)
          - EntityAttributeFetchImpl(entity=com.epam.esm.entity.GiftCertificate, querySpaceUid=<gen:1>, path=com.epam.esm.entity.OrderCertificate.certificate)
          - EntityAttributeFetchImpl(entity=com.epam.esm.entity.Order, querySpaceUid=<gen:2>, path=com.epam.esm.entity.OrderCertificate.order)
             - EntityAttributeFetchImpl(entity=com.epam.esm.entity.User, querySpaceUid=<gen:3>, path=com.epam.esm.entity.OrderCertificate.order.user)
                - EntityAttributeFetchImpl(entity=com.epam.esm.entity.Role, querySpaceUid=<gen:4>, path=com.epam.esm.entity.OrderCertificate.order.user.role)
    - QuerySpaces
       - EntityQuerySpaceImpl(uid=<gen:0>, entity=com.epam.esm.entity.OrderCertificate)
          - SQL table alias mapping - ordercerti0_
          - alias suffix - 0_
          - suffixed key columns - {id1_6_0_}
          - JOIN (JoinDefinedByMetadata(order)) : <gen:0> -> <gen:2>
             - EntityQuerySpaceImpl(uid=<gen:2>, entity=com.epam.esm.entity.Order)
                - SQL table alias mapping - order1_
                - alias suffix - 1_
                - suffixed key columns - {id1_0_1_}
                - JOIN (JoinDefinedByMetadata(user)) : <gen:2> -> <gen:3>
                   - EntityQuerySpaceImpl(uid=<gen:3>, entity=com.epam.esm.entity.User)
                      - SQL table alias mapping - user2_
                      - alias suffix - 2_
                      - suffixed key columns - {id1_2_2_}
                      - JOIN (JoinDefinedByMetadata(role)) : <gen:3> -> <gen:4>
                         - EntityQuerySpaceImpl(uid=<gen:4>, entity=com.epam.esm.entity.Role)
                            - SQL table alias mapping - role3_
                            - alias suffix - 3_
                            - suffixed key columns - {id1_1_3_}

17:03:33.485 [Test worker] DEBUG org.hibernate.loader.entity.plan.EntityLoader - Static select for entity com.epam.esm.entity.OrderCertificate [READ]: select ordercerti0_.id as id1_6_0_, ordercerti0_.certificate_id as certific4_6_0_, ordercerti0_.expiration_date as expirati2_6_0_, ordercerti0_.fixed_price as fixed_pr3_6_0_, ordercerti0_.order_id as order_id5_6_0_, order1_.id as id1_0_1_, order1_.active_status as active_s2_0_1_, order1_.created_at as created_3_0_1_, order1_.user_id as user_id4_0_1_, user2_.id as id1_2_2_, user2_.email as email2_2_2_, user2_.password as password3_2_2_, user2_.refresh_token as refresh_4_2_2_, user2_.role_id as role_id5_2_2_, role3_.id as id1_1_3_, role3_.value as value2_1_3_ from order_certificate ordercerti0_ left outer join application_order order1_ on ordercerti0_.order_id=order1_.id left outer join application_user user2_ on order1_.user_id=user2_.id left outer join application_role role3_ on user2_.role_id=role3_.id where ordercerti0_.id=?
17:03:33.485 [Test worker] DEBUG org.hibernate.loader.Loader - Static select for action ACTION_MERGE on entity com.epam.esm.entity.OrderCertificate: select ordercerti0_.id as id1_6_3_, ordercerti0_.certificate_id as certific4_6_3_, ordercerti0_.expiration_date as expirati2_6_3_, ordercerti0_.fixed_price as fixed_pr3_6_3_, ordercerti0_.order_id as order_id5_6_3_, giftcertif1_.id as id1_3_0_, giftcertif1_.active_status as active_s2_3_0_, giftcertif1_.creation_date as creation3_3_0_, giftcertif1_.description as descript4_3_0_, giftcertif1_.expiration_date as expirati5_3_0_, giftcertif1_.modification_date as modifica6_3_0_, giftcertif1_.name as name7_3_0_, giftcertif1_.price as price8_3_0_, tags2_.certificate_id as certific1_4_5_, tag3_.id as tag_id2_4_5_, tag3_.id as id1_7_1_, tag3_.title as title2_7_1_, order4_.id as id1_0_2_, order4_.active_status as active_s2_0_2_, order4_.created_at as created_3_0_2_, order4_.user_id as user_id4_0_2_ from order_certificate ordercerti0_ left outer join certificate giftcertif1_ on ordercerti0_.certificate_id=giftcertif1_.id left outer join certificate_tag tags2_ on giftcertif1_.id=tags2_.certificate_id left outer join tag tag3_ on tags2_.tag_id=tag3_.id left outer join application_order order4_ on ordercerti0_.order_id=order4_.id where ordercerti0_.id=?
17:03:33.486 [Test worker] DEBUG org.hibernate.loader.Loader - Static select for action ACTION_REFRESH on entity com.epam.esm.entity.OrderCertificate: select ordercerti0_.id as id1_6_2_, ordercerti0_.certificate_id as certific4_6_2_, ordercerti0_.expiration_date as expirati2_6_2_, ordercerti0_.fixed_price as fixed_pr3_6_2_, ordercerti0_.order_id as order_id5_6_2_, giftcertif1_.id as id1_3_0_, giftcertif1_.active_status as active_s2_3_0_, giftcertif1_.creation_date as creation3_3_0_, giftcertif1_.description as descript4_3_0_, giftcertif1_.expiration_date as expirati5_3_0_, giftcertif1_.modification_date as modifica6_3_0_, giftcertif1_.name as name7_3_0_, giftcertif1_.price as price8_3_0_, order2_.id as id1_0_1_, order2_.active_status as active_s2_0_1_, order2_.created_at as created_3_0_1_, order2_.user_id as user_id4_0_1_ from order_certificate ordercerti0_ left outer join certificate giftcertif1_ on ordercerti0_.certificate_id=giftcertif1_.id left outer join application_order order2_ on ordercerti0_.order_id=order2_.id where ordercerti0_.id=?
17:03:33.486 [Test worker] DEBUG org.hibernate.persister.entity.AbstractEntityPersister - Static SQL for entity: com.epam.esm.entity.Role
17:03:33.486 [Test worker] DEBUG org.hibernate.persister.entity.AbstractEntityPersister -  Version select: select id from application_role where id =?
17:03:33.486 [Test worker] DEBUG org.hibernate.persister.entity.AbstractEntityPersister -  Snapshot select: select role_.id, role_.value as value2_1_ from application_role role_ where role_.id=?
17:03:33.486 [Test worker] DEBUG org.hibernate.persister.entity.AbstractEntityPersister -  Insert 0: insert into application_role (value, id) values (?, ?)
17:03:33.486 [Test worker] DEBUG org.hibernate.persister.entity.AbstractEntityPersister -  Update 0: update application_role set value=? where id=?
17:03:33.486 [Test worker] DEBUG org.hibernate.persister.entity.AbstractEntityPersister -  Delete 0: delete from application_role where id=?
17:03:33.486 [Test worker] DEBUG org.hibernate.persister.entity.AbstractEntityPersister -  Identity insert: insert into application_role (id, value) values (null, ?)
17:03:33.486 [Test worker] DEBUG org.hibernate.loader.plan.build.internal.spaces.QuerySpacesImpl - Adding QuerySpace : uid = <gen:0> -> org.hibernate.loader.plan.build.internal.spaces.EntityQuerySpaceImpl@74d813ac]
17:03:33.486 [Test worker] DEBUG org.hibernate.persister.walking.spi.MetamodelGraphWalker - Visiting attribute path : value
17:03:33.486 [Test worker] DEBUG org.hibernate.loader.plan.build.internal.FetchStyleLoadPlanBuildingAssociationVisitationStrategy - Building LoadPlan...
17:03:33.486 [Test worker] DEBUG org.hibernate.loader.plan.exec.internal.LoadQueryJoinAndFetchProcessor - processing queryspace <gen:0>
17:03:33.486 [Test worker] DEBUG org.hibernate.loader.plan.build.spi.LoadPlanTreePrinter - LoadPlan(entity=com.epam.esm.entity.Role)
    - Returns
       - EntityReturnImpl(entity=com.epam.esm.entity.Role, querySpaceUid=<gen:0>, path=com.epam.esm.entity.Role)
    - QuerySpaces
       - EntityQuerySpaceImpl(uid=<gen:0>, entity=com.epam.esm.entity.Role)
          - SQL table alias mapping - role0_
          - alias suffix - 0_
          - suffixed key columns - {id1_1_0_}

17:03:33.486 [Test worker] DEBUG org.hibernate.loader.entity.plan.EntityLoader - Static select for entity com.epam.esm.entity.Role [NONE]: select role0_.id as id1_1_0_, role0_.value as value2_1_0_ from application_role role0_ where role0_.id=?
17:03:33.486 [Test worker] DEBUG org.hibernate.loader.plan.build.internal.spaces.QuerySpacesImpl - Adding QuerySpace : uid = <gen:0> -> org.hibernate.loader.plan.build.internal.spaces.EntityQuerySpaceImpl@73f6d63e]
17:03:33.486 [Test worker] DEBUG org.hibernate.persister.walking.spi.MetamodelGraphWalker - Visiting attribute path : value
17:03:33.487 [Test worker] DEBUG org.hibernate.loader.plan.build.internal.FetchStyleLoadPlanBuildingAssociationVisitationStrategy - Building LoadPlan...
17:03:33.487 [Test worker] DEBUG org.hibernate.loader.plan.exec.internal.LoadQueryJoinAndFetchProcessor - processing queryspace <gen:0>
17:03:33.487 [Test worker] DEBUG org.hibernate.loader.plan.build.spi.LoadPlanTreePrinter - LoadPlan(entity=com.epam.esm.entity.Role)
    - Returns
       - EntityReturnImpl(entity=com.epam.esm.entity.Role, querySpaceUid=<gen:0>, path=com.epam.esm.entity.Role)
    - QuerySpaces
       - EntityQuerySpaceImpl(uid=<gen:0>, entity=com.epam.esm.entity.Role)
          - SQL table alias mapping - role0_
          - alias suffix - 0_
          - suffixed key columns - {id1_1_0_}

17:03:33.487 [Test worker] DEBUG org.hibernate.loader.entity.plan.EntityLoader - Static select for entity com.epam.esm.entity.Role [READ]: select role0_.id as id1_1_0_, role0_.value as value2_1_0_ from application_role role0_ where role0_.id=?
17:03:33.487 [Test worker] DEBUG org.hibernate.loader.Loader - Static select for action ACTION_MERGE on entity com.epam.esm.entity.Role: select role0_.id as id1_1_0_, role0_.value as value2_1_0_ from application_role role0_ where role0_.id=?
17:03:33.487 [Test worker] DEBUG org.hibernate.loader.Loader - Static select for action ACTION_REFRESH on entity com.epam.esm.entity.Role: select role0_.id as id1_1_0_, role0_.value as value2_1_0_ from application_role role0_ where role0_.id=?
17:03:33.487 [Test worker] DEBUG org.hibernate.loader.plan.build.internal.spaces.QuerySpacesImpl - Adding QuerySpace : uid = <gen:0> -> org.hibernate.loader.plan.build.internal.spaces.CollectionQuerySpaceImpl@12eb453a]
17:03:33.487 [Test worker] DEBUG org.hibernate.loader.plan.build.internal.spaces.QuerySpacesImpl - Adding QuerySpace : uid = <gen:1> -> org.hibernate.loader.plan.build.internal.spaces.EntityQuerySpaceImpl@6bcc7cb]
17:03:33.487 [Test worker] DEBUG org.hibernate.persister.walking.spi.MetamodelGraphWalker - Visiting attribute path : title
17:03:33.487 [Test worker] DEBUG org.hibernate.loader.plan.build.internal.FetchStyleLoadPlanBuildingAssociationVisitationStrategy - Building LoadPlan...
17:03:33.488 [Test worker] DEBUG org.hibernate.loader.plan.exec.internal.LoadQueryJoinAndFetchProcessor - processing queryspace <gen:0>
17:03:33.488 [Test worker] DEBUG org.hibernate.loader.plan.build.spi.LoadPlanTreePrinter - LoadPlan(collection=com.epam.esm.entity.GiftCertificate.tags)
    - Returns
       - CollectionReturnImpl(collection=com.epam.esm.entity.GiftCertificate.tags, querySpaceUid=<gen:0>, path=[com.epam.esm.entity.GiftCertificate.tags])
          - (collection element) CollectionFetchableElementEntityGraph(entity=com.epam.esm.entity.Tag, querySpaceUid=<gen:1>, path=[com.epam.esm.entity.GiftCertificate.tags].<elements>)
    - QuerySpaces
       - CollectionQuerySpaceImpl(uid=<gen:0>, collection=com.epam.esm.entity.GiftCertificate.tags)
          - SQL table alias mapping - tags0_
          - alias suffix - 0_
          - suffixed key columns - {certific1_4_0_}
          - entity-element alias suffix - 1_
          - 1_entity-element suffixed key columns - id1_7_1_
          - JOIN (JoinDefinedByMetadata(elements)) : <gen:0> -> <gen:1>
             - EntityQuerySpaceImpl(uid=<gen:1>, entity=com.epam.esm.entity.Tag)
                - SQL table alias mapping - tag1_
                - alias suffix - 1_
                - suffixed key columns - {id1_7_1_}

17:03:33.488 [Test worker] DEBUG org.hibernate.loader.collection.plan.CollectionLoader - Static select for collection com.epam.esm.entity.GiftCertificate.tags: select tags0_.certificate_id as certific1_4_0_, tags0_.tag_id as tag_id2_4_0_, tag1_.id as id1_7_1_, tag1_.title as title2_7_1_ from certificate_tag tags0_ inner join tag tag1_ on tags0_.tag_id=tag1_.id where tags0_.certificate_id=?
17:03:33.488 [Test worker] DEBUG org.hibernate.loader.plan.build.internal.spaces.QuerySpacesImpl - Adding QuerySpace : uid = <gen:0> -> org.hibernate.loader.plan.build.internal.spaces.CollectionQuerySpaceImpl@7ee28b70]
17:03:33.488 [Test worker] DEBUG org.hibernate.loader.plan.build.internal.spaces.QuerySpacesImpl - Adding QuerySpace : uid = <gen:1> -> org.hibernate.loader.plan.build.internal.spaces.EntityQuerySpaceImpl@1e8089f8]
17:03:33.488 [Test worker] DEBUG org.hibernate.persister.walking.spi.MetamodelGraphWalker - Visiting attribute path : certificate
17:03:33.488 [Test worker] DEBUG org.hibernate.loader.plan.build.internal.spaces.QuerySpacesImpl - Adding QuerySpace : uid = <gen:2> -> org.hibernate.loader.plan.build.internal.spaces.EntityQuerySpaceImpl@3223cc80]
17:03:33.488 [Test worker] DEBUG org.hibernate.persister.walking.spi.MetamodelGraphWalker - Visiting attribute path : expirationDate
17:03:33.488 [Test worker] DEBUG org.hibernate.persister.walking.spi.MetamodelGraphWalker - Visiting attribute path : fixedPrice
17:03:33.488 [Test worker] DEBUG org.hibernate.persister.walking.spi.MetamodelGraphWalker - Visiting attribute path : order
17:03:33.488 [Test worker] DEBUG org.hibernate.persister.walking.spi.MetamodelGraphWalker - Property path deemed to be circular : order
17:03:33.488 [Test worker] DEBUG org.hibernate.loader.plan.build.internal.FetchStyleLoadPlanBuildingAssociationVisitationStrategy - Building LoadPlan...
17:03:33.488 [Test worker] DEBUG org.hibernate.loader.plan.exec.internal.LoadQueryJoinAndFetchProcessor - processing queryspace <gen:0>
17:03:33.489 [Test worker] DEBUG org.hibernate.loader.plan.build.spi.LoadPlanTreePrinter - LoadPlan(collection=com.epam.esm.entity.Order.orderCertificates)
    - Returns
       - CollectionReturnImpl(collection=com.epam.esm.entity.Order.orderCertificates, querySpaceUid=<gen:0>, path=[com.epam.esm.entity.Order.orderCertificates])
          - (collection element) CollectionFetchableElementEntityGraph(entity=com.epam.esm.entity.OrderCertificate, querySpaceUid=<gen:1>, path=[com.epam.esm.entity.Order.orderCertificates].<elements>)
             - EntityAttributeFetchImpl(entity=com.epam.esm.entity.GiftCertificate, querySpaceUid=<gen:2>, path=[com.epam.esm.entity.Order.orderCertificates].<elements>.certificate)
    - QuerySpaces
       - CollectionQuerySpaceImpl(uid=<gen:0>, collection=com.epam.esm.entity.Order.orderCertificates)
          - SQL table alias mapping - ordercerti0_
          - alias suffix - 0_
          - suffixed key columns - {order_id5_6_0_}
          - entity-element alias suffix - 1_
          - 1_entity-element suffixed key columns - id1_6_1_
          - JOIN (JoinDefinedByMetadata(elements)) : <gen:0> -> <gen:1>
             - EntityQuerySpaceImpl(uid=<gen:1>, entity=com.epam.esm.entity.OrderCertificate)
                - SQL table alias mapping - ordercerti0_
                - alias suffix - 1_
                - suffixed key columns - {id1_6_1_}

17:03:33.489 [Test worker] DEBUG org.hibernate.loader.collection.plan.CollectionLoader - Static select for collection com.epam.esm.entity.Order.orderCertificates: select ordercerti0_.order_id as order_id5_6_0_, ordercerti0_.id as id1_6_0_, ordercerti0_.id as id1_6_1_, ordercerti0_.certificate_id as certific4_6_1_, ordercerti0_.expiration_date as expirati2_6_1_, ordercerti0_.fixed_price as fixed_pr3_6_1_, ordercerti0_.order_id as order_id5_6_1_ from order_certificate ordercerti0_ where ordercerti0_.order_id=?
17:03:33.489 [Test worker] DEBUG org.hibernate.loader.plan.build.internal.spaces.QuerySpacesImpl - Adding QuerySpace : uid = <gen:0> -> org.hibernate.loader.plan.build.internal.spaces.CollectionQuerySpaceImpl@28f64c75]
17:03:33.489 [Test worker] DEBUG org.hibernate.loader.plan.build.internal.spaces.QuerySpacesImpl - Adding QuerySpace : uid = <gen:1> -> org.hibernate.loader.plan.build.internal.spaces.EntityQuerySpaceImpl@40b3b693]
17:03:33.489 [Test worker] DEBUG org.hibernate.persister.walking.spi.MetamodelGraphWalker - Visiting attribute path : certificate
17:03:33.489 [Test worker] DEBUG org.hibernate.persister.walking.spi.MetamodelGraphWalker - Property path deemed to be circular : certificate
17:03:33.489 [Test worker] DEBUG org.hibernate.persister.walking.spi.MetamodelGraphWalker - Visiting attribute path : expirationDate
17:03:33.489 [Test worker] DEBUG org.hibernate.persister.walking.spi.MetamodelGraphWalker - Visiting attribute path : fixedPrice
17:03:33.489 [Test worker] DEBUG org.hibernate.persister.walking.spi.MetamodelGraphWalker - Visiting attribute path : order
17:03:33.489 [Test worker] DEBUG org.hibernate.loader.plan.build.internal.spaces.QuerySpacesImpl - Adding QuerySpace : uid = <gen:2> -> org.hibernate.loader.plan.build.internal.spaces.EntityQuerySpaceImpl@2dd3c3ed]
17:03:33.489 [Test worker] DEBUG org.hibernate.persister.walking.spi.MetamodelGraphWalker - Visiting attribute path : order.activeStatus
17:03:33.489 [Test worker] DEBUG org.hibernate.persister.walking.spi.MetamodelGraphWalker - Visiting attribute path : order.createdAt
17:03:33.489 [Test worker] DEBUG org.hibernate.persister.walking.spi.MetamodelGraphWalker - Visiting attribute path : order.orderCertificates
17:03:33.489 [Test worker] DEBUG org.hibernate.persister.walking.spi.MetamodelGraphWalker - Property path deemed to be circular : order.orderCertificates
17:03:33.489 [Test worker] DEBUG org.hibernate.persister.walking.spi.MetamodelGraphWalker - Visiting attribute path : order.user
17:03:33.489 [Test worker] DEBUG org.hibernate.loader.plan.build.internal.spaces.QuerySpacesImpl - Adding QuerySpace : uid = <gen:3> -> org.hibernate.loader.plan.build.internal.spaces.EntityQuerySpaceImpl@52f96792]
17:03:33.489 [Test worker] DEBUG org.hibernate.persister.walking.spi.MetamodelGraphWalker - Visiting attribute path : order.user.email
17:03:33.489 [Test worker] DEBUG org.hibernate.persister.walking.spi.MetamodelGraphWalker - Visiting attribute path : order.user.orders
17:03:33.489 [Test worker] DEBUG org.hibernate.persister.walking.spi.MetamodelGraphWalker - Property path deemed to be circular : order.user.orders
17:03:33.489 [Test worker] DEBUG org.hibernate.persister.walking.spi.MetamodelGraphWalker - Visiting attribute path : order.user.password
17:03:33.489 [Test worker] DEBUG org.hibernate.persister.walking.spi.MetamodelGraphWalker - Visiting attribute path : order.user.refreshToken
17:03:33.489 [Test worker] DEBUG org.hibernate.persister.walking.spi.MetamodelGraphWalker - Visiting attribute path : order.user.role
17:03:33.489 [Test worker] DEBUG org.hibernate.loader.plan.build.internal.spaces.QuerySpacesImpl - Adding QuerySpace : uid = <gen:4> -> org.hibernate.loader.plan.build.internal.spaces.EntityQuerySpaceImpl@332c6e9a]
17:03:33.489 [Test worker] DEBUG org.hibernate.persister.walking.spi.MetamodelGraphWalker - Visiting attribute path : order.user.role.value
17:03:33.490 [Test worker] DEBUG org.hibernate.loader.plan.build.internal.FetchStyleLoadPlanBuildingAssociationVisitationStrategy - Building LoadPlan...
17:03:33.490 [Test worker] DEBUG org.hibernate.loader.plan.exec.internal.LoadQueryJoinAndFetchProcessor - processing queryspace <gen:0>
17:03:33.490 [Test worker] DEBUG org.hibernate.loader.plan.build.spi.LoadPlanTreePrinter - LoadPlan(collection=com.epam.esm.entity.GiftCertificate.orderCertificates)
    - Returns
       - CollectionReturnImpl(collection=com.epam.esm.entity.GiftCertificate.orderCertificates, querySpaceUid=<gen:0>, path=[com.epam.esm.entity.GiftCertificate.orderCertificates])
          - (collection element) CollectionFetchableElementEntityGraph(entity=com.epam.esm.entity.OrderCertificate, querySpaceUid=<gen:1>, path=[com.epam.esm.entity.GiftCertificate.orderCertificates].<elements>)
             - EntityAttributeFetchImpl(entity=com.epam.esm.entity.Order, querySpaceUid=<gen:2>, path=[com.epam.esm.entity.GiftCertificate.orderCertificates].<elements>.order)
                - EntityAttributeFetchImpl(entity=com.epam.esm.entity.User, querySpaceUid=<gen:3>, path=[com.epam.esm.entity.GiftCertificate.orderCertificates].<elements>.order.user)
                   - EntityAttributeFetchImpl(entity=com.epam.esm.entity.Role, querySpaceUid=<gen:4>, path=[com.epam.esm.entity.GiftCertificate.orderCertificates].<elements>.order.user.role)
    - QuerySpaces
       - CollectionQuerySpaceImpl(uid=<gen:0>, collection=com.epam.esm.entity.GiftCertificate.orderCertificates)
          - SQL table alias mapping - ordercerti0_
          - alias suffix - 0_
          - suffixed key columns - {certific4_6_0_}
          - entity-element alias suffix - 1_
          - 1_entity-element suffixed key columns - id1_6_1_
          - JOIN (JoinDefinedByMetadata(elements)) : <gen:0> -> <gen:1>
             - EntityQuerySpaceImpl(uid=<gen:1>, entity=com.epam.esm.entity.OrderCertificate)
                - SQL table alias mapping - ordercerti0_
                - alias suffix - 1_
                - suffixed key columns - {id1_6_1_}
                - JOIN (JoinDefinedByMetadata(order)) : <gen:1> -> <gen:2>
                   - EntityQuerySpaceImpl(uid=<gen:2>, entity=com.epam.esm.entity.Order)
                      - SQL table alias mapping - order1_
                      - alias suffix - 2_
                      - suffixed key columns - {id1_0_2_}
                      - JOIN (JoinDefinedByMetadata(user)) : <gen:2> -> <gen:3>
                         - EntityQuerySpaceImpl(uid=<gen:3>, entity=com.epam.esm.entity.User)
                            - SQL table alias mapping - user2_
                            - alias suffix - 3_
                            - suffixed key columns - {id1_2_3_}
                            - JOIN (JoinDefinedByMetadata(role)) : <gen:3> -> <gen:4>
                               - EntityQuerySpaceImpl(uid=<gen:4>, entity=com.epam.esm.entity.Role)
                                  - SQL table alias mapping - role3_
                                  - alias suffix - 4_
                                  - suffixed key columns - {id1_1_4_}

17:03:33.490 [Test worker] DEBUG org.hibernate.loader.collection.plan.CollectionLoader - Static select for collection com.epam.esm.entity.GiftCertificate.orderCertificates: select ordercerti0_.certificate_id as certific4_6_0_, ordercerti0_.id as id1_6_0_, ordercerti0_.id as id1_6_1_, ordercerti0_.certificate_id as certific4_6_1_, ordercerti0_.expiration_date as expirati2_6_1_, ordercerti0_.fixed_price as fixed_pr3_6_1_, ordercerti0_.order_id as order_id5_6_1_, order1_.id as id1_0_2_, order1_.active_status as active_s2_0_2_, order1_.created_at as created_3_0_2_, order1_.user_id as user_id4_0_2_, user2_.id as id1_2_3_, user2_.email as email2_2_3_, user2_.password as password3_2_3_, user2_.refresh_token as refresh_4_2_3_, user2_.role_id as role_id5_2_3_, role3_.id as id1_1_4_, role3_.value as value2_1_4_ from order_certificate ordercerti0_ left outer join application_order order1_ on ordercerti0_.order_id=order1_.id left outer join application_user user2_ on order1_.user_id=user2_.id left outer join application_role role3_ on user2_.role_id=role3_.id where ordercerti0_.certificate_id=?
17:03:33.490 [Test worker] DEBUG org.hibernate.loader.plan.build.internal.spaces.QuerySpacesImpl - Adding QuerySpace : uid = <gen:0> -> org.hibernate.loader.plan.build.internal.spaces.CollectionQuerySpaceImpl@15b91253]
17:03:33.490 [Test worker] DEBUG org.hibernate.loader.plan.build.internal.spaces.QuerySpacesImpl - Adding QuerySpace : uid = <gen:1> -> org.hibernate.loader.plan.build.internal.spaces.EntityQuerySpaceImpl@d3cb48b]
17:03:33.491 [Test worker] DEBUG org.hibernate.persister.walking.spi.MetamodelGraphWalker - Visiting attribute path : activeStatus
17:03:33.491 [Test worker] DEBUG org.hibernate.persister.walking.spi.MetamodelGraphWalker - Visiting attribute path : createdAt
17:03:33.491 [Test worker] DEBUG org.hibernate.persister.walking.spi.MetamodelGraphWalker - Visiting attribute path : orderCertificates
17:03:33.491 [Test worker] DEBUG org.hibernate.loader.plan.build.internal.spaces.QuerySpacesImpl - Adding QuerySpace : uid = <gen:2> -> org.hibernate.loader.plan.build.internal.spaces.CollectionQuerySpaceImpl@258fffa3]
17:03:33.491 [Test worker] DEBUG org.hibernate.loader.plan.build.internal.spaces.QuerySpacesImpl - Adding QuerySpace : uid = <gen:3> -> org.hibernate.loader.plan.build.internal.spaces.EntityQuerySpaceImpl@4d7f8f75]
17:03:33.491 [Test worker] DEBUG org.hibernate.persister.walking.spi.MetamodelGraphWalker - Visiting attribute path : user
17:03:33.491 [Test worker] DEBUG org.hibernate.persister.walking.spi.MetamodelGraphWalker - Property path deemed to be circular : user
17:03:33.491 [Test worker] DEBUG org.hibernate.loader.plan.build.internal.FetchStyleLoadPlanBuildingAssociationVisitationStrategy - Building LoadPlan...
17:03:33.491 [Test worker] DEBUG org.hibernate.loader.plan.exec.internal.LoadQueryJoinAndFetchProcessor - processing queryspace <gen:0>
17:03:33.491 [Test worker] DEBUG org.hibernate.loader.plan.build.spi.LoadPlanTreePrinter - LoadPlan(collection=com.epam.esm.entity.User.orders)
    - Returns
       - CollectionReturnImpl(collection=com.epam.esm.entity.User.orders, querySpaceUid=<gen:0>, path=[com.epam.esm.entity.User.orders])
          - (collection element) CollectionFetchableElementEntityGraph(entity=com.epam.esm.entity.Order, querySpaceUid=<gen:1>, path=[com.epam.esm.entity.User.orders].<elements>)
             - CollectionAttributeFetchImpl(collection=com.epam.esm.entity.Order.orderCertificates, querySpaceUid=<gen:2>, path=[com.epam.esm.entity.User.orders].<elements>.orderCertificates)
                - (collection element) CollectionFetchableElementEntityGraph(entity=com.epam.esm.entity.OrderCertificate, querySpaceUid=<gen:3>, path=[com.epam.esm.entity.User.orders].<elements>.orderCertificates.<elements>)
    - QuerySpaces
       - CollectionQuerySpaceImpl(uid=<gen:0>, collection=com.epam.esm.entity.User.orders)
          - SQL table alias mapping - orders0_
          - alias suffix - 0_
          - suffixed key columns - {user_id4_0_0_}
          - entity-element alias suffix - 1_
          - 1_entity-element suffixed key columns - id1_0_1_
          - JOIN (JoinDefinedByMetadata(elements)) : <gen:0> -> <gen:1>
             - EntityQuerySpaceImpl(uid=<gen:1>, entity=com.epam.esm.entity.Order)
                - SQL table alias mapping - orders0_
                - alias suffix - 1_
                - suffixed key columns - {id1_0_1_}

17:03:33.491 [Test worker] DEBUG org.hibernate.loader.collection.plan.CollectionLoader - Static select for collection com.epam.esm.entity.User.orders: select orders0_.user_id as user_id4_0_0_, orders0_.id as id1_0_0_, orders0_.id as id1_0_1_, orders0_.active_status as active_s2_0_1_, orders0_.created_at as created_3_0_1_, orders0_.user_id as user_id4_0_1_ from application_order orders0_ where orders0_.user_id=?
17:03:33.493 [Test worker] DEBUG org.hibernate.SQL - drop table application_order if exists
17:03:33.493 [Test worker] DEBUG org.hibernate.SQL - drop table application_role if exists
17:03:33.494 [Test worker] DEBUG org.hibernate.SQL - drop table application_user if exists
17:03:33.494 [Test worker] DEBUG org.hibernate.SQL - drop table certificate if exists
17:03:33.494 [Test worker] DEBUG org.hibernate.SQL - drop table certificate_tag if exists
17:03:33.494 [Test worker] DEBUG org.hibernate.SQL - drop table entity if exists
17:03:33.494 [Test worker] DEBUG org.hibernate.SQL - drop table order_certificate if exists
17:03:33.494 [Test worker] DEBUG org.hibernate.SQL - drop table tag if exists
17:03:33.494 [Test worker] DEBUG org.hibernate.SQL - create table application_order (id bigint generated by default as identity, active_status boolean, created_at timestamp, user_id bigint, primary key (id))
17:03:33.495 [Test worker] DEBUG org.hibernate.SQL - create table application_role (id bigint generated by default as identity, value varchar(255), primary key (id))
17:03:33.496 [Test worker] DEBUG org.hibernate.SQL - create table application_user (id bigint generated by default as identity, email varchar(255), password varchar(255), refresh_token varchar(255), role_id bigint, primary key (id))
17:03:33.496 [Test worker] DEBUG org.hibernate.SQL - create table certificate (id bigint generated by default as identity, active_status boolean, creation_date date, description varchar(255), expiration_date date, modification_date date, name varchar(255), price decimal(19,2), primary key (id))
17:03:33.497 [Test worker] DEBUG org.hibernate.SQL - create table certificate_tag (certificate_id bigint not null, tag_id bigint not null, primary key (certificate_id, tag_id))
17:03:33.498 [Test worker] DEBUG org.hibernate.SQL - create table entity (id bigint generated by default as identity, primary key (id))
17:03:33.498 [Test worker] DEBUG org.hibernate.SQL - create table order_certificate (id bigint generated by default as identity, expiration_date date, fixed_price decimal(19,2), certificate_id bigint, order_id bigint, primary key (id))
17:03:33.499 [Test worker] DEBUG org.hibernate.SQL - create table tag (id bigint generated by default as identity, title varchar(255), primary key (id))
17:03:33.499 [Test worker] DEBUG org.hibernate.SQL - alter table tag add constraint UK_k5g3urrxw2ym0ls8vo6xfgs65 unique (title)
17:03:33.500 [Test worker] DEBUG org.hibernate.SQL - alter table application_order add constraint FKp4m4jwa9ds4e3gmsdtsvjcty3 foreign key (user_id) references application_user
17:03:33.501 [Test worker] DEBUG org.hibernate.SQL - alter table application_user add constraint FKkb3re6enordhsw7vy7ftgtna4 foreign key (role_id) references application_role
17:03:33.503 [Test worker] DEBUG org.hibernate.SQL - alter table certificate_tag add constraint FKk65jck3ppxm1p372l03sxdtcc foreign key (tag_id) references tag
17:03:33.505 [Test worker] DEBUG org.hibernate.SQL - alter table certificate_tag add constraint FKlrytco6nyamwxl72nog54iymx foreign key (certificate_id) references certificate
17:03:33.506 [Test worker] DEBUG org.hibernate.SQL - alter table order_certificate add constraint FKans0qrkplnas0le7if4ph8n2w foreign key (certificate_id) references certificate
17:03:33.508 [Test worker] DEBUG org.hibernate.SQL - alter table order_certificate add constraint FKlylopteltw5t82w63stck3tb8 foreign key (order_id) references application_order
17:03:33.510 [Test worker] INFO org.hibernate.tool.schema.internal.SchemaCreatorImpl - HHH000476: Executing import script 'org.hibernate.tool.schema.internal.exec.ScriptSourceInputNonExistentImpl@3bb5d12c'
17:03:33.510 [Test worker] DEBUG org.hibernate.query.spi.NamedQueryRepository - Checking 0 named HQL queries
17:03:33.510 [Test worker] DEBUG org.hibernate.query.spi.NamedQueryRepository - Checking 0 named SQL queries
17:03:33.510 [Test worker] DEBUG org.hibernate.internal.SessionFactoryRegistry - Registering SessionFactory: 48c8e98d-2f19-4797-b0c8-ead957ad6a08 (<unnamed>)
17:03:33.510 [Test worker] DEBUG org.hibernate.internal.SessionFactoryRegistry - Not binding SessionFactory to JNDI, no JNDI name configured
17:03:33.510 [Test worker] INFO org.springframework.orm.jpa.LocalContainerEntityManagerFactoryBean - Initialized JPA EntityManagerFactory for persistence unit 'default'
17:03:33.510 [Test worker] DEBUG org.springframework.jdbc.datasource.DataSourceUtils - Fetching JDBC Connection from DataSource
17:03:33.511 [Test worker] DEBUG org.springframework.beans.factory.support.DefaultListableBeanFactory - Creating shared instance of singleton bean 'testConfig'
17:03:33.511 [Test worker] DEBUG org.springframework.beans.factory.support.DefaultListableBeanFactory - Creating shared instance of singleton bean 'certificateRepository'
17:03:33.512 [Test worker] DEBUG org.springframework.beans.factory.support.DefaultListableBeanFactory - Creating shared instance of singleton bean 'org.springframework.orm.jpa.SharedEntityManagerCreator#0'
17:03:33.514 [Test worker] DEBUG org.springframework.beans.factory.support.DefaultListableBeanFactory - Creating shared instance of singleton bean 'criteriaBuilderHelper'
17:03:33.514 [Test worker] DEBUG org.springframework.beans.factory.support.DefaultListableBeanFactory - Autowiring by type from bean name 'certificateRepository' via constructor to bean named 'org.springframework.orm.jpa.SharedEntityManagerCreator#0'
17:03:33.514 [Test worker] DEBUG org.springframework.beans.factory.support.DefaultListableBeanFactory - Autowiring by type from bean name 'certificateRepository' via constructor to bean named 'criteriaBuilderHelper'
17:03:33.515 [Test worker] DEBUG org.springframework.beans.factory.support.DefaultListableBeanFactory - Creating shared instance of singleton bean 'orderCertificateRepository'
17:03:33.515 [Test worker] DEBUG org.springframework.beans.factory.support.DefaultListableBeanFactory - Autowiring by type from bean name 'orderCertificateRepository' via constructor to bean named 'org.springframework.orm.jpa.SharedEntityManagerCreator#0'
17:03:33.515 [Test worker] DEBUG org.springframework.beans.factory.support.DefaultListableBeanFactory - Creating shared instance of singleton bean 'orderRepository'
17:03:33.516 [Test worker] DEBUG org.springframework.beans.factory.support.DefaultListableBeanFactory - Autowiring by type from bean name 'orderRepository' via constructor to bean named 'org.springframework.orm.jpa.SharedEntityManagerCreator#0'
17:03:33.516 [Test worker] DEBUG org.springframework.beans.factory.support.DefaultListableBeanFactory - Creating shared instance of singleton bean 'tagRepository'
17:03:33.517 [Test worker] DEBUG org.springframework.beans.factory.support.DefaultListableBeanFactory - Autowiring by type from bean name 'tagRepository' via constructor to bean named 'org.springframework.orm.jpa.SharedEntityManagerCreator#0'
17:03:33.517 [Test worker] DEBUG org.springframework.beans.factory.support.DefaultListableBeanFactory - Creating shared instance of singleton bean 'userRepository'
17:03:33.518 [Test worker] DEBUG org.springframework.beans.factory.support.DefaultListableBeanFactory - Autowiring by type from bean name 'userRepository' via constructor to bean named 'org.springframework.orm.jpa.SharedEntityManagerCreator#0'
17:03:33.518 [Test worker] DEBUG org.springframework.beans.factory.support.DefaultListableBeanFactory - Creating shared instance of singleton bean 'org.springframework.boot.autoconfigure.context.PropertyPlaceholderAutoConfiguration'
17:03:33.519 [Test worker] DEBUG org.springframework.beans.factory.support.DefaultListableBeanFactory - Creating shared instance of singleton bean 'org.springframework.boot.autoconfigure.task.TaskExecutionAutoConfiguration'
17:03:33.519 [Test worker] DEBUG org.springframework.core.LocalVariableTableParameterNameDiscoverer - Cannot find '.class' file for class [class org.springframework.boot.autoconfigure.task.TaskExecutionAutoConfiguration$$EnhancerBySpringCGLIB$$30b471bb] - unable to determine constructor/method parameter names
17:03:33.519 [Test worker] DEBUG org.springframework.beans.factory.support.DefaultListableBeanFactory - Creating shared instance of singleton bean 'spring.task.execution-org.springframework.boot.autoconfigure.task.TaskExecutionProperties'
17:03:33.520 [Test worker] DEBUG org.springframework.beans.factory.support.DefaultListableBeanFactory - Autowiring by type from bean name 'org.springframework.boot.autoconfigure.task.TaskExecutionAutoConfiguration' via constructor to bean named 'spring.task.execution-org.springframework.boot.autoconfigure.task.TaskExecutionProperties'
17:03:33.520 [Test worker] DEBUG org.springframework.beans.factory.support.DefaultListableBeanFactory - Creating shared instance of singleton bean 'taskExecutorBuilder'
17:03:33.521 [Test worker] DEBUG org.springframework.beans.factory.support.DefaultListableBeanFactory - Creating shared instance of singleton bean 'org.springframework.boot.autoconfigure.validation.ValidationAutoConfiguration'
17:03:33.521 [Test worker] DEBUG org.springframework.beans.factory.support.DefaultListableBeanFactory - Creating shared instance of singleton bean 'defaultValidator'
17:03:33.521 [Test worker] DEBUG org.hibernate.validator.internal.engine.resolver.TraversableResolvers - Found javax.persistence.Persistence on classpath containing 'getPersistenceUtil'. Assuming JPA 2 environment. Trying to instantiate JPA aware TraversableResolver
17:03:33.521 [Test worker] DEBUG org.hibernate.validator.internal.engine.resolver.TraversableResolvers - Instantiated JPA aware TraversableResolver of type org.hibernate.validator.internal.engine.resolver.JPATraversableResolver.
17:03:33.522 [Test worker] DEBUG org.hibernate.validator.messageinterpolation.ResourceBundleMessageInterpolator - Loaded expression factory via original TCCL
17:03:33.522 [Test worker] DEBUG org.hibernate.validator.internal.engine.resolver.TraversableResolvers - Found javax.persistence.Persistence on classpath containing 'getPersistenceUtil'. Assuming JPA 2 environment. Trying to instantiate JPA aware TraversableResolver
17:03:33.522 [Test worker] DEBUG org.hibernate.validator.internal.engine.resolver.TraversableResolvers - Instantiated JPA aware TraversableResolver of type org.hibernate.validator.internal.engine.resolver.JPATraversableResolver.
17:03:33.522 [Test worker] DEBUG org.hibernate.validator.internal.engine.ConfigurationImpl - Setting custom MessageInterpolator of type org.springframework.validation.beanvalidation.LocaleContextMessageInterpolator
17:03:33.522 [Test worker] DEBUG org.hibernate.validator.internal.engine.ConfigurationImpl - Setting custom ConstraintValidatorFactory of type org.springframework.validation.beanvalidation.SpringConstraintValidatorFactory
17:03:33.522 [Test worker] DEBUG org.hibernate.validator.internal.engine.ConfigurationImpl - Setting custom ParameterNameProvider of type org.springframework.validation.beanvalidation.LocalValidatorFactoryBean$1
17:03:33.522 [Test worker] DEBUG org.hibernate.validator.internal.xml.config.ValidationXmlParser - Trying to load META-INF/validation.xml for XML based Validator configuration.
17:03:33.522 [Test worker] DEBUG org.hibernate.validator.internal.xml.config.ResourceLoaderHelper - Trying to load META-INF/validation.xml via user class loader
17:03:33.523 [Test worker] DEBUG org.hibernate.validator.internal.xml.config.ResourceLoaderHelper - Trying to load META-INF/validation.xml via TCCL
17:03:33.523 [Test worker] DEBUG org.hibernate.validator.internal.xml.config.ResourceLoaderHelper - Trying to load META-INF/validation.xml via Hibernate Validator's class loader
17:03:33.523 [Test worker] DEBUG org.hibernate.validator.internal.xml.config.ValidationXmlParser - No META-INF/validation.xml found. Using annotation based configuration only.
17:03:33.529 [Test worker] DEBUG org.hibernate.validator.internal.engine.ValidatorFactoryImpl - HV000234: Using org.springframework.validation.beanvalidation.LocaleContextMessageInterpolator as ValidatorFactory-scoped message interpolator.
17:03:33.529 [Test worker] DEBUG org.hibernate.validator.internal.engine.ValidatorFactoryImpl - HV000234: Using org.hibernate.validator.internal.engine.resolver.JPATraversableResolver as ValidatorFactory-scoped traversable resolver.
17:03:33.529 [Test worker] DEBUG org.hibernate.validator.internal.engine.ValidatorFactoryImpl - HV000234: Using org.hibernate.validator.internal.util.ExecutableParameterNameProvider as ValidatorFactory-scoped parameter name provider.
17:03:33.529 [Test worker] DEBUG org.hibernate.validator.internal.engine.ValidatorFactoryImpl - HV000234: Using org.hibernate.validator.internal.engine.DefaultClockProvider as ValidatorFactory-scoped clock provider.
17:03:33.529 [Test worker] DEBUG org.hibernate.validator.internal.engine.ValidatorFactoryImpl - HV000234: Using org.hibernate.validator.internal.engine.scripting.DefaultScriptEvaluatorFactory as ValidatorFactory-scoped script evaluator factory.
17:03:33.530 [Test worker] DEBUG org.springframework.beans.factory.support.DefaultListableBeanFactory - Creating shared instance of singleton bean 'org.springframework.boot.autoconfigure.security.oauth2.client.OAuth2RestOperationsConfiguration$SingletonScopedConfiguration'
17:03:33.531 [Test worker] DEBUG org.springframework.beans.factory.support.DefaultListableBeanFactory - Creating shared instance of singleton bean 'oauth2RemoteResource'
17:03:33.532 [Test worker] DEBUG org.springframework.beans.factory.support.DefaultListableBeanFactory - Creating shared instance of singleton bean 'oauth2ClientContext'
17:03:33.532 [Test worker] DEBUG org.springframework.beans.factory.support.DefaultListableBeanFactory - Creating shared instance of singleton bean 'org.springframework.boot.autoconfigure.security.oauth2.client.OAuth2RestOperationsConfiguration'
17:03:33.532 [Test worker] DEBUG org.springframework.beans.factory.support.DefaultListableBeanFactory - Creating shared instance of singleton bean 'org.springframework.boot.autoconfigure.security.oauth2.OAuth2AutoConfiguration'
17:03:33.533 [Test worker] DEBUG org.springframework.core.LocalVariableTableParameterNameDiscoverer - Cannot find '.class' file for class [class org.springframework.boot.autoconfigure.security.oauth2.OAuth2AutoConfiguration$$EnhancerBySpringCGLIB$$5c5e94e5] - unable to determine constructor/method parameter names
17:03:33.533 [Test worker] DEBUG org.springframework.beans.factory.support.DefaultListableBeanFactory - Creating shared instance of singleton bean 'security.oauth2.client-org.springframework.boot.autoconfigure.security.oauth2.OAuth2ClientProperties'
17:03:33.533 [Test worker] DEBUG org.springframework.beans.factory.support.DefaultListableBeanFactory - Autowiring by type from bean name 'org.springframework.boot.autoconfigure.security.oauth2.OAuth2AutoConfiguration' via constructor to bean named 'security.oauth2.client-org.springframework.boot.autoconfigure.security.oauth2.OAuth2ClientProperties'
17:03:33.534 [Test worker] DEBUG org.springframework.beans.factory.support.DefaultListableBeanFactory - Creating shared instance of singleton bean 'resourceServerProperties'
17:03:33.535 [Test worker] DEBUG org.springframework.beans.factory.support.DefaultListableBeanFactory - Creating shared instance of singleton bean 'org.springframework.boot.autoconfigure.jmx.JmxAutoConfiguration'
17:03:33.535 [Test worker] DEBUG org.springframework.beans.factory.support.DefaultListableBeanFactory - Creating shared instance of singleton bean 'mbeanExporter'
17:03:33.535 [Test worker] DEBUG org.springframework.beans.factory.support.DefaultListableBeanFactory - Creating shared instance of singleton bean 'objectNamingStrategy'
17:03:33.536 [Test worker] DEBUG org.springframework.beans.factory.support.DefaultListableBeanFactory - Autowiring by type from bean name 'mbeanExporter' via factory method to bean named 'objectNamingStrategy'
17:03:33.536 [Test worker] DEBUG org.springframework.beans.factory.support.DefaultListableBeanFactory - Creating shared instance of singleton bean 'mbeanServer'
17:03:33.537 [Test worker] DEBUG org.springframework.jmx.support.JmxUtils - Found MBeanServer: com.sun.jmx.mbeanserver.JmxMBeanServer@bc10b92
17:03:33.539 [Test worker] DEBUG org.springframework.beans.factory.support.DefaultListableBeanFactory - Creating shared instance of singleton bean 'org.springframework.boot.autoconfigure.aop.AopAutoConfiguration$CglibAutoProxyConfiguration'
17:03:33.539 [Test worker] DEBUG org.springframework.beans.factory.support.DefaultListableBeanFactory - Creating shared instance of singleton bean 'org.springframework.boot.autoconfigure.aop.AopAutoConfiguration'
17:03:33.540 [Test worker] DEBUG org.springframework.beans.factory.support.DefaultListableBeanFactory - Creating shared instance of singleton bean 'org.springframework.boot.autoconfigure.transaction.jta.JtaAutoConfiguration'
17:03:33.540 [Test worker] DEBUG org.springframework.beans.factory.support.DefaultListableBeanFactory - Creating shared instance of singleton bean 'org.springframework.boot.autoconfigure.jdbc.DataSourceJmxConfiguration$Hikari'
17:03:33.540 [Test worker] DEBUG org.springframework.core.LocalVariableTableParameterNameDiscoverer - Cannot find '.class' file for class [class org.springframework.boot.autoconfigure.jdbc.DataSourceJmxConfiguration$Hikari$$EnhancerBySpringCGLIB$$8eb93a4f] - unable to determine constructor/method parameter names
17:03:33.540 [Test worker] DEBUG org.springframework.beans.factory.support.DefaultListableBeanFactory - Autowiring by type from bean name 'org.springframework.boot.autoconfigure.jdbc.DataSourceJmxConfiguration$Hikari' via constructor to bean named 'dataSource'
17:03:33.541 [Test worker] DEBUG org.springframework.beans.factory.support.DefaultListableBeanFactory - Creating shared instance of singleton bean 'org.springframework.boot.autoconfigure.jdbc.DataSourceJmxConfiguration'
17:03:33.541 [Test worker] DEBUG org.springframework.beans.factory.support.DefaultListableBeanFactory - Creating shared instance of singleton bean 'org.springframework.boot.autoconfigure.jdbc.DataSourceAutoConfiguration$PooledDataSourceConfiguration'
17:03:33.541 [Test worker] DEBUG org.springframework.beans.factory.support.DefaultListableBeanFactory - Creating shared instance of singleton bean 'org.springframework.boot.autoconfigure.jdbc.metadata.DataSourcePoolMetadataProvidersConfiguration'
17:03:33.541 [Test worker] DEBUG org.springframework.beans.factory.support.DefaultListableBeanFactory - Creating shared instance of singleton bean 'org.springframework.boot.autoconfigure.jdbc.DataSourceInitializationConfiguration'
17:03:33.542 [Test worker] DEBUG org.springframework.beans.factory.support.DefaultListableBeanFactory - Creating shared instance of singleton bean 'org.springframework.boot.autoconfigure.jdbc.DataSourceAutoConfiguration'
17:03:33.542 [Test worker] DEBUG org.springframework.beans.factory.support.DefaultListableBeanFactory - Creating shared instance of singleton bean 'transactionManager'
17:03:33.542 [Test worker] DEBUG org.springframework.beans.factory.support.DefaultListableBeanFactory - Creating shared instance of singleton bean 'org.springframework.boot.autoconfigure.orm.jpa.HibernateJpaAutoConfiguration'
17:03:33.543 [Test worker] DEBUG org.springframework.beans.factory.support.DefaultListableBeanFactory - Creating shared instance of singleton bean 'org.springframework.boot.autoconfigure.context.ConfigurationPropertiesAutoConfiguration'
17:03:33.543 [Test worker] DEBUG org.springframework.beans.factory.support.DefaultListableBeanFactory - Creating shared instance of singleton bean 'org.springframework.boot.autoconfigure.dao.PersistenceExceptionTranslationAutoConfiguration'
17:03:33.543 [Test worker] DEBUG org.springframework.beans.factory.support.DefaultListableBeanFactory - Creating shared instance of singleton bean 'org.springframework.boot.autoconfigure.data.jpa.JpaRepositoriesAutoConfiguration'
17:03:33.544 [Test worker] DEBUG org.springframework.beans.factory.support.DefaultListableBeanFactory - Creating shared instance of singleton bean 'org.springframework.data.jpa.util.JpaMetamodelCacheCleanup'
17:03:33.544 [Test worker] DEBUG org.springframework.beans.factory.support.DefaultListableBeanFactory - Creating shared instance of singleton bean 'org.springframework.data.jpa.repository.support.JpaEvaluationContextExtension'
17:03:33.544 [Test worker] DEBUG org.springframework.beans.factory.support.DefaultListableBeanFactory - Creating shared instance of singleton bean 'org.springframework.boot.autoconfigure.jackson.JacksonAutoConfiguration$Jackson2ObjectMapperBuilderCustomizerConfiguration'
17:03:33.545 [Test worker] DEBUG org.springframework.beans.factory.support.DefaultListableBeanFactory - Creating shared instance of singleton bean 'standardJacksonObjectMapperBuilderCustomizer'
17:03:33.545 [Test worker] DEBUG org.springframework.beans.factory.support.DefaultListableBeanFactory - Creating shared instance of singleton bean 'spring.jackson-org.springframework.boot.autoconfigure.jackson.JacksonProperties'
17:03:33.545 [Test worker] DEBUG org.springframework.beans.factory.support.DefaultListableBeanFactory - Autowiring by type from bean name 'standardJacksonObjectMapperBuilderCustomizer' via factory method to bean named 'org.springframework.context.support.GenericApplicationContext@6b6e8a35'
17:03:33.545 [Test worker] DEBUG org.springframework.beans.factory.support.DefaultListableBeanFactory - Autowiring by type from bean name 'standardJacksonObjectMapperBuilderCustomizer' via factory method to bean named 'spring.jackson-org.springframework.boot.autoconfigure.jackson.JacksonProperties'
17:03:33.546 [Test worker] DEBUG org.springframework.beans.factory.support.DefaultListableBeanFactory - Creating shared instance of singleton bean 'org.springframework.boot.autoconfigure.jackson.JacksonAutoConfiguration$JacksonObjectMapperBuilderConfiguration'
17:03:33.546 [Test worker] DEBUG org.springframework.core.LocalVariableTableParameterNameDiscoverer - Cannot find '.class' file for class [class org.springframework.boot.autoconfigure.jackson.JacksonAutoConfiguration$JacksonObjectMapperBuilderConfiguration$$EnhancerBySpringCGLIB$$b2f51a8f] - unable to determine constructor/method parameter names
17:03:33.546 [Test worker] DEBUG org.springframework.beans.factory.support.DefaultListableBeanFactory - Autowiring by type from bean name 'org.springframework.boot.autoconfigure.jackson.JacksonAutoConfiguration$JacksonObjectMapperBuilderConfiguration' via constructor to bean named 'org.springframework.context.support.GenericApplicationContext@6b6e8a35'
17:03:33.546 [Test worker] DEBUG org.springframework.beans.factory.support.DefaultListableBeanFactory - Creating shared instance of singleton bean 'jacksonObjectMapperBuilder'
17:03:33.546 [Test worker] DEBUG org.springframework.beans.factory.support.DefaultListableBeanFactory - Autowiring by type from bean name 'jacksonObjectMapperBuilder' via factory method to bean named 'standardJacksonObjectMapperBuilderCustomizer'
17:03:33.547 [Test worker] DEBUG org.springframework.beans.factory.support.DefaultListableBeanFactory - Creating shared instance of singleton bean 'parameterNamesModule'
17:03:33.547 [Test worker] DEBUG org.springframework.beans.factory.support.DefaultListableBeanFactory - Creating shared instance of singleton bean 'org.springframework.boot.autoconfigure.jackson.JacksonAutoConfiguration$ParameterNamesModuleConfiguration'
17:03:33.547 [Test worker] DEBUG org.springframework.beans.factory.support.DefaultListableBeanFactory - Creating shared instance of singleton bean 'jsonComponentModule'
17:03:33.547 [Test worker] DEBUG org.springframework.beans.factory.support.DefaultListableBeanFactory - Creating shared instance of singleton bean 'org.springframework.boot.autoconfigure.jackson.JacksonAutoConfiguration'
17:03:33.549 [Test worker] DEBUG org.springframework.beans.factory.support.DefaultListableBeanFactory - Creating shared instance of singleton bean 'org.springframework.boot.autoconfigure.jackson.JacksonAutoConfiguration$JacksonObjectMapperConfiguration'
17:03:33.549 [Test worker] DEBUG org.springframework.beans.factory.support.DefaultListableBeanFactory - Creating shared instance of singleton bean 'jacksonObjectMapper'
17:03:33.550 [Test worker] DEBUG org.springframework.beans.factory.support.DefaultListableBeanFactory - Autowiring by type from bean name 'jacksonObjectMapper' via factory method to bean named 'jacksonObjectMapperBuilder'
17:03:33.553 [Test worker] DEBUG org.springframework.beans.factory.support.DefaultListableBeanFactory - Creating shared instance of singleton bean 'org.springframework.boot.autoconfigure.http.HttpMessageConvertersAutoConfiguration$StringHttpMessageConverterConfiguration'
17:03:33.553 [Test worker] DEBUG org.springframework.core.LocalVariableTableParameterNameDiscoverer - Cannot find '.class' file for class [class org.springframework.boot.autoconfigure.http.HttpMessageConvertersAutoConfiguration$StringHttpMessageConverterConfiguration$$EnhancerBySpringCGLIB$$f2566b19] - unable to determine constructor/method parameter names
17:03:33.553 [Test worker] DEBUG org.springframework.beans.factory.support.DefaultListableBeanFactory - Creating shared instance of singleton bean 'spring.http-org.springframework.boot.autoconfigure.http.HttpProperties'
17:03:33.553 [Test worker] DEBUG org.springframework.beans.factory.support.DefaultListableBeanFactory - Autowiring by type from bean name 'org.springframework.boot.autoconfigure.http.HttpMessageConvertersAutoConfiguration$StringHttpMessageConverterConfiguration' via constructor to bean named 'spring.http-org.springframework.boot.autoconfigure.http.HttpProperties'
17:03:33.554 [Test worker] DEBUG org.springframework.beans.factory.support.DefaultListableBeanFactory - Creating shared instance of singleton bean 'stringHttpMessageConverter'
17:03:33.554 [Test worker] DEBUG org.springframework.beans.factory.support.DefaultListableBeanFactory - Creating shared instance of singleton bean 'org.springframework.boot.autoconfigure.http.JacksonHttpMessageConvertersConfiguration$MappingJackson2HttpMessageConverterConfiguration'
17:03:33.555 [Test worker] DEBUG org.springframework.beans.factory.support.DefaultListableBeanFactory - Creating shared instance of singleton bean 'mappingJackson2HttpMessageConverter'
17:03:33.555 [Test worker] DEBUG org.springframework.beans.factory.support.DefaultListableBeanFactory - Autowiring by type from bean name 'mappingJackson2HttpMessageConverter' via factory method to bean named 'jacksonObjectMapper'
17:03:33.556 [Test worker] DEBUG org.springframework.beans.factory.support.DefaultListableBeanFactory - Creating shared instance of singleton bean 'org.springframework.boot.autoconfigure.http.JacksonHttpMessageConvertersConfiguration'
17:03:33.556 [Test worker] DEBUG org.springframework.beans.factory.support.DefaultListableBeanFactory - Creating shared instance of singleton bean 'org.springframework.boot.autoconfigure.http.HttpMessageConvertersAutoConfiguration'
17:03:33.556 [Test worker] DEBUG org.springframework.core.LocalVariableTableParameterNameDiscoverer - Cannot find '.class' file for class [class org.springframework.boot.autoconfigure.http.HttpMessageConvertersAutoConfiguration$$EnhancerBySpringCGLIB$$bf48a479] - unable to determine constructor/method parameter names
17:03:33.557 [Test worker] DEBUG org.springframework.beans.factory.support.DefaultListableBeanFactory - Creating shared instance of singleton bean 'messageConverters'
17:03:33.559 [Test worker] DEBUG org.springframework.beans.factory.support.DefaultListableBeanFactory - Creating shared instance of singleton bean 'org.springframework.boot.autoconfigure.http.codec.CodecsAutoConfiguration$LoggingCodecConfiguration'
17:03:33.559 [Test worker] DEBUG org.springframework.beans.factory.support.DefaultListableBeanFactory - Creating shared instance of singleton bean 'loggingCodecCustomizer'
17:03:33.559 [Test worker] DEBUG org.springframework.beans.factory.support.DefaultListableBeanFactory - Autowiring by type from bean name 'loggingCodecCustomizer' via factory method to bean named 'spring.http-org.springframework.boot.autoconfigure.http.HttpProperties'
17:03:33.560 [Test worker] DEBUG org.springframework.beans.factory.support.DefaultListableBeanFactory - Creating shared instance of singleton bean 'org.springframework.boot.autoconfigure.http.codec.CodecsAutoConfiguration$JacksonCodecConfiguration'
17:03:33.560 [Test worker] DEBUG org.springframework.beans.factory.support.DefaultListableBeanFactory - Creating shared instance of singleton bean 'jacksonCodecCustomizer'
17:03:33.560 [Test worker] DEBUG org.springframework.beans.factory.support.DefaultListableBeanFactory - Autowiring by type from bean name 'jacksonCodecCustomizer' via factory method to bean named 'jacksonObjectMapper'
17:03:33.560 [Test worker] DEBUG org.springframework.beans.factory.support.DefaultListableBeanFactory - Creating shared instance of singleton bean 'org.springframework.boot.autoconfigure.http.codec.CodecsAutoConfiguration'
17:03:33.561 [Test worker] DEBUG org.springframework.beans.factory.support.DefaultListableBeanFactory - Creating shared instance of singleton bean 'org.springframework.boot.autoconfigure.info.ProjectInfoAutoConfiguration'
17:03:33.561 [Test worker] DEBUG org.springframework.core.LocalVariableTableParameterNameDiscoverer - Cannot find '.class' file for class [class org.springframework.boot.autoconfigure.info.ProjectInfoAutoConfiguration$$EnhancerBySpringCGLIB$$e10ee5fe] - unable to determine constructor/method parameter names
17:03:33.561 [Test worker] DEBUG org.springframework.beans.factory.support.DefaultListableBeanFactory - Creating shared instance of singleton bean 'spring.info-org.springframework.boot.autoconfigure.info.ProjectInfoProperties'
17:03:33.561 [Test worker] DEBUG org.springframework.beans.factory.support.DefaultListableBeanFactory - Autowiring by type from bean name 'org.springframework.boot.autoconfigure.info.ProjectInfoAutoConfiguration' via constructor to bean named 'spring.info-org.springframework.boot.autoconfigure.info.ProjectInfoProperties'
17:03:33.562 [Test worker] DEBUG org.springframework.beans.factory.support.DefaultListableBeanFactory - Creating shared instance of singleton bean 'org.springframework.boot.autoconfigure.jdbc.JdbcTemplateAutoConfiguration$JdbcTemplateConfiguration'
17:03:33.562 [Test worker] DEBUG org.springframework.core.LocalVariableTableParameterNameDiscoverer - Cannot find '.class' file for class [class org.springframework.boot.autoconfigure.jdbc.JdbcTemplateAutoConfiguration$JdbcTemplateConfiguration$$EnhancerBySpringCGLIB$$bda00752] - unable to determine constructor/method parameter names
17:03:33.562 [Test worker] DEBUG org.springframework.beans.factory.support.DefaultListableBeanFactory - Creating shared instance of singleton bean 'spring.jdbc-org.springframework.boot.autoconfigure.jdbc.JdbcProperties'
17:03:33.562 [Test worker] DEBUG org.springframework.beans.factory.support.DefaultListableBeanFactory - Autowiring by type from bean name 'org.springframework.boot.autoconfigure.jdbc.JdbcTemplateAutoConfiguration$JdbcTemplateConfiguration' via constructor to bean named 'dataSource'
17:03:33.563 [Test worker] DEBUG org.springframework.beans.factory.support.DefaultListableBeanFactory - Autowiring by type from bean name 'org.springframework.boot.autoconfigure.jdbc.JdbcTemplateAutoConfiguration$JdbcTemplateConfiguration' via constructor to bean named 'spring.jdbc-org.springframework.boot.autoconfigure.jdbc.JdbcProperties'
17:03:33.563 [Test worker] DEBUG org.springframework.beans.factory.support.DefaultListableBeanFactory - Creating shared instance of singleton bean 'jdbcTemplate'
17:03:33.564 [Test worker] DEBUG org.springframework.beans.factory.support.DefaultListableBeanFactory - Creating shared instance of singleton bean 'org.springframework.boot.autoconfigure.jdbc.JdbcTemplateAutoConfiguration$NamedParameterJdbcTemplateConfiguration'
17:03:33.564 [Test worker] DEBUG org.springframework.beans.factory.support.DefaultListableBeanFactory - Creating shared instance of singleton bean 'namedParameterJdbcTemplate'
17:03:33.565 [Test worker] DEBUG org.springframework.beans.factory.support.DefaultListableBeanFactory - Autowiring by type from bean name 'namedParameterJdbcTemplate' via factory method to bean named 'jdbcTemplate'
17:03:33.565 [Test worker] DEBUG org.springframework.beans.factory.support.DefaultListableBeanFactory - Creating shared instance of singleton bean 'org.springframework.boot.autoconfigure.jdbc.JdbcTemplateAutoConfiguration'
17:03:33.565 [Test worker] DEBUG org.springframework.beans.factory.support.DefaultListableBeanFactory - Creating shared instance of singleton bean 'org.springframework.boot.autoconfigure.security.servlet.SecurityAutoConfiguration'
17:03:33.566 [Test worker] DEBUG org.springframework.beans.factory.support.DefaultListableBeanFactory - Creating shared instance of singleton bean 'authenticationEventPublisher'
17:03:33.566 [Test worker] DEBUG org.springframework.beans.factory.support.DefaultListableBeanFactory - Autowiring by type from bean name 'authenticationEventPublisher' via factory method to bean named 'org.springframework.context.support.GenericApplicationContext@6b6e8a35'
17:03:33.566 [Test worker] DEBUG org.springframework.beans.factory.support.DefaultListableBeanFactory - Creating shared instance of singleton bean 'spring.security-org.springframework.boot.autoconfigure.security.SecurityProperties'
17:03:33.567 [Test worker] DEBUG org.springframework.beans.factory.support.DefaultListableBeanFactory - Creating shared instance of singleton bean 'org.springframework.boot.autoconfigure.task.TaskSchedulingAutoConfiguration'
17:03:33.567 [Test worker] DEBUG org.springframework.beans.factory.support.DefaultListableBeanFactory - Creating shared instance of singleton bean 'taskSchedulerBuilder'
17:03:33.567 [Test worker] DEBUG org.springframework.beans.factory.support.DefaultListableBeanFactory - Creating shared instance of singleton bean 'spring.task.scheduling-org.springframework.boot.autoconfigure.task.TaskSchedulingProperties'
17:03:33.568 [Test worker] DEBUG org.springframework.beans.factory.support.DefaultListableBeanFactory - Autowiring by type from bean name 'taskSchedulerBuilder' via factory method to bean named 'spring.task.scheduling-org.springframework.boot.autoconfigure.task.TaskSchedulingProperties'
17:03:33.568 [Test worker] DEBUG org.springframework.beans.factory.support.DefaultListableBeanFactory - Creating shared instance of singleton bean 'org.springframework.boot.autoconfigure.jdbc.DataSourceTransactionManagerAutoConfiguration$DataSourceTransactionManagerConfiguration'
17:03:33.569 [Test worker] DEBUG org.springframework.core.LocalVariableTableParameterNameDiscoverer - Cannot find '.class' file for class [class org.springframework.boot.autoconfigure.jdbc.DataSourceTransactionManagerAutoConfiguration$DataSourceTransactionManagerConfiguration$$EnhancerBySpringCGLIB$$52157154] - unable to determine constructor/method parameter names
17:03:33.569 [Test worker] DEBUG org.springframework.beans.factory.support.DefaultListableBeanFactory - Autowiring by type from bean name 'org.springframework.boot.autoconfigure.jdbc.DataSourceTransactionManagerAutoConfiguration$DataSourceTransactionManagerConfiguration' via constructor to bean named 'dataSource'
17:03:33.569 [Test worker] DEBUG org.springframework.beans.factory.support.DefaultListableBeanFactory - Creating shared instance of singleton bean 'org.springframework.boot.autoconfigure.jdbc.DataSourceTransactionManagerAutoConfiguration'
17:03:33.569 [Test worker] DEBUG org.springframework.beans.factory.support.DefaultListableBeanFactory - Creating shared instance of singleton bean 'org.springframework.boot.autoconfigure.transaction.TransactionAutoConfiguration$EnableTransactionManagementConfiguration$CglibAutoProxyConfiguration'
17:03:33.570 [Test worker] DEBUG org.springframework.beans.factory.support.DefaultListableBeanFactory - Creating shared instance of singleton bean 'org.springframework.boot.autoconfigure.transaction.TransactionAutoConfiguration$EnableTransactionManagementConfiguration'
17:03:33.570 [Test worker] DEBUG org.springframework.beans.factory.support.DefaultListableBeanFactory - Creating shared instance of singleton bean 'org.springframework.boot.autoconfigure.transaction.TransactionAutoConfiguration$TransactionTemplateConfiguration'
17:03:33.570 [Test worker] DEBUG org.springframework.core.LocalVariableTableParameterNameDiscoverer - Cannot find '.class' file for class [class org.springframework.boot.autoconfigure.transaction.TransactionAutoConfiguration$TransactionTemplateConfiguration$$EnhancerBySpringCGLIB$$a39f3627] - unable to determine constructor/method parameter names
17:03:33.570 [Test worker] DEBUG org.springframework.beans.factory.support.DefaultListableBeanFactory - Autowiring by type from bean name 'org.springframework.boot.autoconfigure.transaction.TransactionAutoConfiguration$TransactionTemplateConfiguration' via constructor to bean named 'transactionManager'
17:03:33.571 [Test worker] DEBUG org.springframework.beans.factory.support.DefaultListableBeanFactory - Creating shared instance of singleton bean 'transactionTemplate'
17:03:33.571 [Test worker] DEBUG org.springframework.beans.factory.support.DefaultListableBeanFactory - Creating shared instance of singleton bean 'org.springframework.boot.autoconfigure.web.client.RestTemplateAutoConfiguration'
17:03:33.571 [Test worker] DEBUG org.springframework.core.LocalVariableTableParameterNameDiscoverer - Cannot find '.class' file for class [class org.springframework.boot.autoconfigure.web.client.RestTemplateAutoConfiguration$$EnhancerBySpringCGLIB$$402ad266] - unable to determine constructor/method parameter names
17:03:33.572 [Test worker] DEBUG org.springframework.beans.factory.support.DefaultListableBeanFactory - Creating shared instance of singleton bean 'restTemplateBuilder'
17:03:33.575 [Test worker] DEBUG org.springframework.jmx.export.annotation.AnnotationMBeanExporter - Registering beans for JMX exposure on startup
17:03:33.575 [Test worker] DEBUG org.springframework.jmx.export.annotation.AnnotationMBeanExporter - Autodetecting user-defined JMX MBeans
17:03:33.575 [Test worker] DEBUG org.springframework.jmx.export.annotation.AnnotationMBeanExporter - Bean with name 'dataSource' has been autodetected for JMX exposure
17:03:33.577 [Test worker] DEBUG org.springframework.jmx.export.annotation.AnnotationMBeanExporter - Located MBean 'dataSource': registering with JMX server as MBean [com.zaxxer.hikari:name=dataSource,type=HikariDataSource]
17:03:33.578 [Test worker] DEBUG org.springframework.test.context.cache.DefaultCacheAwareContextLoaderDelegate - Storing ApplicationContext in cache under key [[MergedContextConfiguration@4e6d9dd3 testClass = OrderRepositoryTest, locations = '{}', classes = '{class com.epam.esm.TestConfig}', contextInitializerClasses = '[]', activeProfiles = '{}', propertySourceLocations = '{}', propertySourceProperties = '{}', contextCustomizers = set[[empty]], contextLoader = 'org.springframework.test.context.support.DelegatingSmartContextLoader', parent = [null]]]
17:03:33.578 [Test worker] DEBUG org.springframework.test.context.cache - Spring test ApplicationContext cache statistics: [DefaultContextCache@2bed31e4 size = 1, maxSize = 32, parentContextCount = 0, hitCount = 18, missCount = 11]
17:03:33.579 [Test worker] DEBUG org.springframework.test.context.support.AbstractDirtiesContextTestExecutionListener - Before test method: context [DefaultTestContext@4b53c189 testClass = OrderRepositoryTest, testInstance = com.epam.esm.repository.OrderRepositoryTest@1ae0d5ee, testMethod = findById@OrderRepositoryTest, testException = [null], mergedContextConfiguration = [MergedContextConfiguration@4e6d9dd3 testClass = OrderRepositoryTest, locations = '{}', classes = '{class com.epam.esm.TestConfig}', contextInitializerClasses = '[]', activeProfiles = '{}', propertySourceLocations = '{}', propertySourceProperties = '{}', contextCustomizers = set[[empty]], contextLoader = 'org.springframework.test.context.support.DelegatingSmartContextLoader', parent = [null]], attributes = map[[empty]]], class annotated with @DirtiesContext [true] with mode [AFTER_EACH_TEST_METHOD], method annotated with @DirtiesContext [false] with mode [null].
17:03:33.579 [Test worker] DEBUG org.springframework.test.context.transaction.TransactionalTestExecutionListener - Explicit transaction definition [PROPAGATION_REQUIRED,ISOLATION_DEFAULT] found for test context [DefaultTestContext@4b53c189 testClass = OrderRepositoryTest, testInstance = com.epam.esm.repository.OrderRepositoryTest@1ae0d5ee, testMethod = findById@OrderRepositoryTest, testException = [null], mergedContextConfiguration = [MergedContextConfiguration@4e6d9dd3 testClass = OrderRepositoryTest, locations = '{}', classes = '{class com.epam.esm.TestConfig}', contextInitializerClasses = '[]', activeProfiles = '{}', propertySourceLocations = '{}', propertySourceProperties = '{}', contextCustomizers = set[[empty]], contextLoader = 'org.springframework.test.context.support.DelegatingSmartContextLoader', parent = [null]], attributes = map[[empty]]]
17:03:33.579 [Test worker] DEBUG org.springframework.test.context.cache.DefaultCacheAwareContextLoaderDelegate - Retrieved ApplicationContext from cache with key [[MergedContextConfiguration@4e6d9dd3 testClass = OrderRepositoryTest, locations = '{}', classes = '{class com.epam.esm.TestConfig}', contextInitializerClasses = '[]', activeProfiles = '{}', propertySourceLocations = '{}', propertySourceProperties = '{}', contextCustomizers = set[[empty]], contextLoader = 'org.springframework.test.context.support.DelegatingSmartContextLoader', parent = [null]]]
17:03:33.579 [Test worker] DEBUG org.springframework.test.context.cache - Spring test ApplicationContext cache statistics: [DefaultContextCache@2bed31e4 size = 1, maxSize = 32, parentContextCount = 0, hitCount = 19, missCount = 11]
17:03:33.580 [Test worker] DEBUG org.springframework.test.context.transaction.TransactionalTestExecutionListener - No method-level @Rollback override: using default rollback [true] for test context [DefaultTestContext@4b53c189 testClass = OrderRepositoryTest, testInstance = com.epam.esm.repository.OrderRepositoryTest@1ae0d5ee, testMethod = findById@OrderRepositoryTest, testException = [null], mergedContextConfiguration = [MergedContextConfiguration@4e6d9dd3 testClass = OrderRepositoryTest, locations = '{}', classes = '{class com.epam.esm.TestConfig}', contextInitializerClasses = '[]', activeProfiles = '{}', propertySourceLocations = '{}', propertySourceProperties = '{}', contextCustomizers = set[[empty]], contextLoader = 'org.springframework.test.context.support.DelegatingSmartContextLoader', parent = [null]], attributes = map[[empty]]].
17:03:33.580 [Test worker] DEBUG org.springframework.orm.jpa.JpaTransactionManager - Creating new transaction with name [com.epam.esm.repository.OrderRepositoryTest.findById]: PROPAGATION_REQUIRED,ISOLATION_DEFAULT
17:03:33.580 [Test worker] DEBUG org.hibernate.stat.internal.StatisticsInitiator - Statistics initialized [enabled=false]
17:03:33.580 [Test worker] DEBUG org.springframework.orm.jpa.JpaTransactionManager - Opened new EntityManager [SessionImpl(929644720<open>)] for JPA transaction
17:03:33.580 [Test worker] DEBUG org.hibernate.engine.transaction.internal.TransactionImpl - On TransactionImpl creation, JpaCompliance#isJpaTransactionComplianceEnabled == false
17:03:33.580 [Test worker] DEBUG org.hibernate.engine.transaction.internal.TransactionImpl - begin
17:03:33.580 [Test worker] DEBUG org.springframework.orm.jpa.JpaTransactionManager - Exposing JPA transaction as JDBC [org.springframework.orm.jpa.vendor.HibernateJpaDialect$HibernateConnectionHandle@6a86bc38]
17:03:33.580 [Test worker] INFO org.springframework.test.context.transaction.TransactionContext - Began transaction (1) for test context [DefaultTestContext@4b53c189 testClass = OrderRepositoryTest, testInstance = com.epam.esm.repository.OrderRepositoryTest@1ae0d5ee, testMethod = findById@OrderRepositoryTest, testException = [null], mergedContextConfiguration = [MergedContextConfiguration@4e6d9dd3 testClass = OrderRepositoryTest, locations = '{}', classes = '{class com.epam.esm.TestConfig}', contextInitializerClasses = '[]', activeProfiles = '{}', propertySourceLocations = '{}', propertySourceProperties = '{}', contextCustomizers = set[[empty]], contextLoader = 'org.springframework.test.context.support.DelegatingSmartContextLoader', parent = [null]], attributes = map[[empty]]]; transaction manager [org.springframework.orm.jpa.JpaTransactionManager@4d3590b6]; rollback [true]
17:03:33.581 [Test worker] DEBUG org.springframework.test.context.jdbc.SqlScriptsTestExecutionListener - Processing [MergedSqlConfig@6f42dbfd dataSource = '', transactionManager = '', transactionMode = INFERRED, encoding = '', separator = ';', commentPrefix = '--', blockCommentStartDelimiter = '/*', blockCommentEndDelimiter = '*/', errorMode = FAIL_ON_ERROR] for execution phase [BEFORE_TEST_METHOD] and test context [DefaultTestContext@4b53c189 testClass = OrderRepositoryTest, testInstance = com.epam.esm.repository.OrderRepositoryTest@1ae0d5ee, testMethod = findById@OrderRepositoryTest, testException = [null], mergedContextConfiguration = [MergedContextConfiguration@4e6d9dd3 testClass = OrderRepositoryTest, locations = '{}', classes = '{class com.epam.esm.TestConfig}', contextInitializerClasses = '[]', activeProfiles = '{}', propertySourceLocations = '{}', propertySourceProperties = '{}', contextCustomizers = set[[empty]], contextLoader = 'org.springframework.test.context.support.DelegatingSmartContextLoader', parent = [null]], attributes = map[[empty]]].
17:03:33.581 [Test worker] DEBUG org.springframework.test.context.cache.DefaultCacheAwareContextLoaderDelegate - Retrieved ApplicationContext from cache with key [[MergedContextConfiguration@4e6d9dd3 testClass = OrderRepositoryTest, locations = '{}', classes = '{class com.epam.esm.TestConfig}', contextInitializerClasses = '[]', activeProfiles = '{}', propertySourceLocations = '{}', propertySourceProperties = '{}', contextCustomizers = set[[empty]], contextLoader = 'org.springframework.test.context.support.DelegatingSmartContextLoader', parent = [null]]]
17:03:33.581 [Test worker] DEBUG org.springframework.test.context.cache - Spring test ApplicationContext cache statistics: [DefaultContextCache@2bed31e4 size = 1, maxSize = 32, parentContextCount = 0, hitCount = 20, missCount = 11]
17:03:33.581 [Test worker] DEBUG org.springframework.test.context.jdbc.SqlScriptsTestExecutionListener - Executing SQL scripts: [Byte array resource [from inlined SQL statement: insert into application_role (value) values ('admin'), ('user'), ('guest');], Byte array resource [from inlined SQL statement: INSERT INTO application_user(email, password, role_id) VALUES ('pldi@mail.ru', 'Qwertyui1!', 1);], Byte array resource [from inlined SQL statement: insert into application_order (user_id, created_at, active_status) values (1, null, true)]]
17:03:33.581 [Test worker] DEBUG org.springframework.test.context.cache.DefaultCacheAwareContextLoaderDelegate - Retrieved ApplicationContext from cache with key [[MergedContextConfiguration@4e6d9dd3 testClass = OrderRepositoryTest, locations = '{}', classes = '{class com.epam.esm.TestConfig}', contextInitializerClasses = '[]', activeProfiles = '{}', propertySourceLocations = '{}', propertySourceProperties = '{}', contextCustomizers = set[[empty]], contextLoader = 'org.springframework.test.context.support.DelegatingSmartContextLoader', parent = [null]]]
17:03:33.581 [Test worker] DEBUG org.springframework.test.context.cache - Spring test ApplicationContext cache statistics: [DefaultContextCache@2bed31e4 size = 1, maxSize = 32, parentContextCount = 0, hitCount = 21, missCount = 11]
17:03:33.582 [Test worker] DEBUG org.springframework.test.context.cache.DefaultCacheAwareContextLoaderDelegate - Retrieved ApplicationContext from cache with key [[MergedContextConfiguration@4e6d9dd3 testClass = OrderRepositoryTest, locations = '{}', classes = '{class com.epam.esm.TestConfig}', contextInitializerClasses = '[]', activeProfiles = '{}', propertySourceLocations = '{}', propertySourceProperties = '{}', contextCustomizers = set[[empty]], contextLoader = 'org.springframework.test.context.support.DelegatingSmartContextLoader', parent = [null]]]
17:03:33.582 [Test worker] DEBUG org.springframework.test.context.cache - Spring test ApplicationContext cache statistics: [DefaultContextCache@2bed31e4 size = 1, maxSize = 32, parentContextCount = 0, hitCount = 22, missCount = 11]
17:03:33.582 [Test worker] DEBUG org.springframework.orm.jpa.JpaTransactionManager - Found thread-bound EntityManager [SessionImpl(929644720<open>)] for JPA transaction
17:03:33.582 [Test worker] DEBUG org.springframework.orm.jpa.JpaTransactionManager - Participating in existing transaction
17:03:33.582 [Test worker] DEBUG org.springframework.jdbc.datasource.init.ScriptUtils - Executing SQL script from Byte array resource [from inlined SQL statement: insert into application_role (value) values ('admin'), ('user'), ('guest');]
17:03:33.582 [Test worker] DEBUG org.springframework.jdbc.datasource.init.ScriptUtils - 3 returned as update count for SQL: insert into application_role (value) values ('admin'), ('user'), ('guest')
17:03:33.583 [Test worker] DEBUG org.springframework.jdbc.datasource.init.ScriptUtils - Executed SQL script from Byte array resource [from inlined SQL statement: insert into application_role (value) values ('admin'), ('user'), ('guest');] in 1 ms.
17:03:33.583 [Test worker] DEBUG org.springframework.jdbc.datasource.init.ScriptUtils - Executing SQL script from Byte array resource [from inlined SQL statement: INSERT INTO application_user(email, password, role_id) VALUES ('pldi@mail.ru', 'Qwertyui1!', 1);]
17:03:33.583 [Test worker] DEBUG org.springframework.jdbc.datasource.init.ScriptUtils - 1 returned as update count for SQL: INSERT INTO application_user(email, password, role_id) VALUES ('pldi@mail.ru', 'Qwertyui1!', 1)
17:03:33.583 [Test worker] DEBUG org.springframework.jdbc.datasource.init.ScriptUtils - Executed SQL script from Byte array resource [from inlined SQL statement: INSERT INTO application_user(email, password, role_id) VALUES ('pldi@mail.ru', 'Qwertyui1!', 1);] in 0 ms.
17:03:33.583 [Test worker] DEBUG org.springframework.jdbc.datasource.init.ScriptUtils - Executing SQL script from Byte array resource [from inlined SQL statement: insert into application_order (user_id, created_at, active_status) values (1, null, true)]
17:03:33.583 [Test worker] DEBUG org.springframework.jdbc.datasource.init.ScriptUtils - 1 returned as update count for SQL: insert into application_order (user_id, created_at, active_status) values (1, null, true)
17:03:33.583 [Test worker] DEBUG org.springframework.jdbc.datasource.init.ScriptUtils - Executed SQL script from Byte array resource [from inlined SQL statement: insert into application_order (user_id, created_at, active_status) values (1, null, true)] in 0 ms.
17:03:33.584 [Test worker] DEBUG org.hibernate.SQL - select order0_.id as id1_0_0_, order0_.active_status as active_s2_0_0_, order0_.created_at as created_3_0_0_, order0_.user_id as user_id4_0_0_, user1_.id as id1_2_1_, user1_.email as email2_2_1_, user1_.password as password3_2_1_, user1_.refresh_token as refresh_4_2_1_, user1_.role_id as role_id5_2_1_, role2_.id as id1_1_2_, role2_.value as value2_1_2_ from application_order order0_ left outer join application_user user1_ on order0_.user_id=user1_.id left outer join application_role role2_ on user1_.role_id=role2_.id where order0_.id=?
17:03:33.585 [Test worker] DEBUG org.hibernate.loader.plan.exec.process.internal.ResultSetProcessorImpl - Starting ResultSet row #0
17:03:33.585 [Test worker] DEBUG org.hibernate.loader.plan.exec.process.internal.EntityReferenceInitializerImpl - On call to EntityIdentifierReaderImpl#resolve, EntityKey was already known; should only happen on root returns with an optional identifier specified
17:03:33.585 [Test worker] DEBUG org.hibernate.engine.internal.TwoPhaseLoad - Resolving associations for [com.epam.esm.entity.Order#1]
17:03:33.586 [Test worker] DEBUG org.hibernate.engine.internal.TwoPhaseLoad - Done materializing entity [com.epam.esm.entity.Order#1]
17:03:33.586 [Test worker] DEBUG org.hibernate.engine.internal.TwoPhaseLoad - Resolving associations for [com.epam.esm.entity.User#1]
17:03:33.586 [Test worker] DEBUG org.hibernate.engine.internal.TwoPhaseLoad - Done materializing entity [com.epam.esm.entity.User#1]
17:03:33.586 [Test worker] DEBUG org.hibernate.engine.internal.TwoPhaseLoad - Resolving associations for [com.epam.esm.entity.Role#1]
17:03:33.586 [Test worker] DEBUG org.hibernate.engine.internal.TwoPhaseLoad - Done materializing entity [com.epam.esm.entity.Role#1]
17:03:33.587 [Test worker] DEBUG org.hibernate.loader.entity.plan.AbstractLoadPlanBasedEntityLoader - Done entity load : com.epam.esm.entity.Order#1
17:03:33.587 [Test worker] DEBUG org.hibernate.loader.collection.plan.AbstractLoadPlanBasedCollectionInitializer - Loading collection: [com.epam.esm.entity.Order.orderCertificates#1]
17:03:33.587 [Test worker] DEBUG org.hibernate.SQL - select ordercerti0_.order_id as order_id5_6_0_, ordercerti0_.id as id1_6_0_, ordercerti0_.id as id1_6_1_, ordercerti0_.certificate_id as certific4_6_1_, ordercerti0_.expiration_date as expirati2_6_1_, ordercerti0_.fixed_price as fixed_pr3_6_1_, ordercerti0_.order_id as order_id5_6_1_ from order_certificate ordercerti0_ where ordercerti0_.order_id=?
17:03:33.587 [Test worker] DEBUG org.hibernate.loader.plan.exec.process.internal.ResultSetProcessorImpl - Preparing collection intializer : [com.epam.esm.entity.Order.orderCertificates#1]
17:03:33.587 [Test worker] DEBUG org.hibernate.engine.loading.internal.CollectionLoadContext - 1 collections were found in result set for role: com.epam.esm.entity.Order.orderCertificates
17:03:33.587 [Test worker] DEBUG org.hibernate.engine.loading.internal.CollectionLoadContext - Collection fully initialized: [com.epam.esm.entity.Order.orderCertificates#1]
17:03:33.587 [Test worker] DEBUG org.hibernate.engine.loading.internal.CollectionLoadContext - 1 collections initialized for role: com.epam.esm.entity.Order.orderCertificates
17:03:33.587 [Test worker] DEBUG org.hibernate.loader.collection.plan.AbstractLoadPlanBasedCollectionInitializer - Done loading collection
17:03:33.588 [Test worker] DEBUG org.springframework.orm.jpa.JpaTransactionManager - Initiating transaction rollback
17:03:33.588 [Test worker] DEBUG org.springframework.orm.jpa.JpaTransactionManager - Rolling back JPA transaction on EntityManager [SessionImpl(929644720<open>)]
17:03:33.588 [Test worker] DEBUG org.hibernate.engine.transaction.internal.TransactionImpl - rolling back
17:03:33.588 [Test worker] DEBUG org.springframework.orm.jpa.JpaTransactionManager - Closing JPA EntityManager [SessionImpl(929644720<open>)] after transaction
17:03:33.588 [Test worker] INFO org.springframework.test.context.transaction.TransactionContext - Rolled back transaction for test context [DefaultTestContext@4b53c189 testClass = OrderRepositoryTest, testInstance = com.epam.esm.repository.OrderRepositoryTest@1ae0d5ee, testMethod = findById@OrderRepositoryTest, testException = [null], mergedContextConfiguration = [MergedContextConfiguration@4e6d9dd3 testClass = OrderRepositoryTest, locations = '{}', classes = '{class com.epam.esm.TestConfig}', contextInitializerClasses = '[]', activeProfiles = '{}', propertySourceLocations = '{}', propertySourceProperties = '{}', contextCustomizers = set[[empty]], contextLoader = 'org.springframework.test.context.support.DelegatingSmartContextLoader', parent = [null]], attributes = map[[empty]]].
17:03:33.589 [Test worker] DEBUG org.springframework.test.context.support.AbstractDirtiesContextTestExecutionListener - After test method: context [DefaultTestContext@4b53c189 testClass = OrderRepositoryTest, testInstance = com.epam.esm.repository.OrderRepositoryTest@1ae0d5ee, testMethod = findById@OrderRepositoryTest, testException = [null], mergedContextConfiguration = [MergedContextConfiguration@4e6d9dd3 testClass = OrderRepositoryTest, locations = '{}', classes = '{class com.epam.esm.TestConfig}', contextInitializerClasses = '[]', activeProfiles = '{}', propertySourceLocations = '{}', propertySourceProperties = '{}', contextCustomizers = set[[empty]], contextLoader = 'org.springframework.test.context.support.DelegatingSmartContextLoader', parent = [null]], attributes = map[[empty]]], class annotated with @DirtiesContext [true] with mode [AFTER_EACH_TEST_METHOD], method annotated with @DirtiesContext [false] with mode [null].
17:03:33.589 [Test worker] DEBUG org.springframework.context.support.GenericApplicationContext - Closing org.springframework.context.support.GenericApplicationContext@6b6e8a35, started on Wed Oct 23 17:03:33 MSK 2019
17:03:33.589 [Test worker] DEBUG org.springframework.jmx.export.annotation.AnnotationMBeanExporter - Unregistering JMX-exposed beans on shutdown
17:03:33.589 [Test worker] DEBUG org.springframework.jmx.export.annotation.AnnotationMBeanExporter - Unregistering JMX-exposed beans
17:03:33.589 [Test worker] INFO org.springframework.orm.jpa.LocalContainerEntityManagerFactoryBean - Closing JPA EntityManagerFactory for persistence unit 'default'
17:03:33.589 [Test worker] DEBUG org.hibernate.internal.SessionFactoryImpl - HHH000031: Closing
17:03:33.589 [Test worker] INFO org.hibernate.tool.schema.internal.SchemaDropperImpl$DelayedDropActionImpl - HHH000477: Starting delayed evictData of schema as part of SessionFactory shut-down'
17:03:33.589 [Test worker] DEBUG org.hibernate.SQL - drop table application_order if exists
17:03:33.590 [Test worker] DEBUG org.hibernate.SQL - drop table application_role if exists
17:03:33.590 [Test worker] DEBUG org.hibernate.SQL - drop table application_user if exists
17:03:33.590 [Test worker] DEBUG org.hibernate.SQL - drop table certificate if exists
17:03:33.591 [Test worker] DEBUG org.hibernate.SQL - drop table certificate_tag if exists
17:03:33.591 [Test worker] DEBUG org.hibernate.SQL - drop table entity if exists
17:03:33.591 [Test worker] DEBUG org.hibernate.SQL - drop table order_certificate if exists
17:03:33.592 [Test worker] DEBUG org.hibernate.SQL - drop table tag if exists
17:03:33.592 [Test worker] DEBUG org.hibernate.type.spi.TypeConfiguration$Scope - Un-scoping TypeConfiguration [org.hibernate.type.spi.TypeConfiguration$Scope@4b579659] from SessionFactory [org.hibernate.internal.SessionFactoryImpl@53c3e295]
17:03:33.592 [Test worker] DEBUG org.hibernate.service.internal.AbstractServiceRegistryImpl - Implicitly destroying ServiceRegistry on de-registration of all child ServiceRegistries
17:03:33.592 [Test worker] DEBUG org.hibernate.boot.registry.internal.BootstrapServiceRegistryImpl - Implicitly destroying Boot-strap registry on de-registration of all child ServiceRegistries
17:03:33.592 [Test worker] INFO com.zaxxer.hikari.HikariDataSource - HikariPool-11 - Shutdown initiated...
17:03:33.593 [Test worker] DEBUG com.zaxxer.hikari.pool.HikariPool - HikariPool-11 - Before shutdown stats (total=10, active=0, idle=10, waiting=0)
17:03:33.593 [HikariPool-11 connection closer] DEBUG com.zaxxer.hikari.pool.PoolBase - HikariPool-11 - Closing connection conn100: url=jdbc:h2:mem:testdb user=SA: (connection evicted)
17:03:33.593 [HikariPool-11 connection closer] DEBUG com.zaxxer.hikari.pool.PoolBase - HikariPool-11 - Closing connection conn101: url=jdbc:h2:mem:testdb user=SA: (connection evicted)
17:03:33.593 [HikariPool-11 connection closer] DEBUG com.zaxxer.hikari.pool.PoolBase - HikariPool-11 - Closing connection conn102: url=jdbc:h2:mem:testdb user=SA: (connection evicted)
17:03:33.593 [HikariPool-11 connection closer] DEBUG com.zaxxer.hikari.pool.PoolBase - HikariPool-11 - Closing connection conn103: url=jdbc:h2:mem:testdb user=SA: (connection evicted)
17:03:33.593 [HikariPool-11 connection closer] DEBUG com.zaxxer.hikari.pool.PoolBase - HikariPool-11 - Closing connection conn104: url=jdbc:h2:mem:testdb user=SA: (connection evicted)
17:03:33.593 [HikariPool-11 connection closer] DEBUG com.zaxxer.hikari.pool.PoolBase - HikariPool-11 - Closing connection conn105: url=jdbc:h2:mem:testdb user=SA: (connection evicted)
17:03:33.594 [HikariPool-11 connection closer] DEBUG com.zaxxer.hikari.pool.PoolBase - HikariPool-11 - Closing connection conn106: url=jdbc:h2:mem:testdb user=SA: (connection evicted)
17:03:33.594 [HikariPool-11 connection closer] DEBUG com.zaxxer.hikari.pool.PoolBase - HikariPool-11 - Closing connection conn107: url=jdbc:h2:mem:testdb user=SA: (connection evicted)
17:03:33.594 [HikariPool-11 connection closer] DEBUG com.zaxxer.hikari.pool.PoolBase - HikariPool-11 - Closing connection conn108: url=jdbc:h2:mem:testdb user=SA: (connection evicted)
17:03:33.594 [HikariPool-11 connection closer] DEBUG com.zaxxer.hikari.pool.PoolBase - HikariPool-11 - Closing connection conn109: url=jdbc:h2:mem:testdb user=SA: (connection evicted)
17:03:33.594 [Test worker] DEBUG com.zaxxer.hikari.pool.HikariPool - HikariPool-11 - After shutdown stats (total=0, active=0, idle=0, waiting=0)
17:03:33.594 [Test worker] INFO com.zaxxer.hikari.HikariDataSource - HikariPool-11 - Shutdown completed.
17:03:33.594 [Test worker] DEBUG org.springframework.test.context.support.DependencyInjectionTestExecutionListener - Performing dependency injection for test context [[DefaultTestContext@4b53c189 testClass = OrderRepositoryTest, testInstance = com.epam.esm.repository.OrderRepositoryTest@6c2559d3, testMethod = [null], testException = [null], mergedContextConfiguration = [MergedContextConfiguration@4e6d9dd3 testClass = OrderRepositoryTest, locations = '{}', classes = '{class com.epam.esm.TestConfig}', contextInitializerClasses = '[]', activeProfiles = '{}', propertySourceLocations = '{}', propertySourceProperties = '{}', contextCustomizers = set[[empty]], contextLoader = 'org.springframework.test.context.support.DelegatingSmartContextLoader', parent = [null]], attributes = map['org.springframework.test.context.support.DependencyInjectionTestExecutionListener.reinjectDependencies' -> true]]].
17:03:33.594 [Test worker] DEBUG org.springframework.test.context.support.AbstractDelegatingSmartContextLoader - Delegating to AnnotationConfigContextLoader to load context from [MergedContextConfiguration@4e6d9dd3 testClass = OrderRepositoryTest, locations = '{}', classes = '{class com.epam.esm.TestConfig}', contextInitializerClasses = '[]', activeProfiles = '{}', propertySourceLocations = '{}', propertySourceProperties = '{}', contextCustomizers = set[[empty]], contextLoader = 'org.springframework.test.context.support.DelegatingSmartContextLoader', parent = [null]].
17:03:33.594 [Test worker] DEBUG org.springframework.test.context.support.AbstractGenericContextLoader - Loading ApplicationContext for merged context configuration [[MergedContextConfiguration@4e6d9dd3 testClass = OrderRepositoryTest, locations = '{}', classes = '{class com.epam.esm.TestConfig}', contextInitializerClasses = '[]', activeProfiles = '{}', propertySourceLocations = '{}', propertySourceProperties = '{}', contextCustomizers = set[[empty]], contextLoader = 'org.springframework.test.context.support.DelegatingSmartContextLoader', parent = [null]]].
17:03:33.595 [Test worker] DEBUG org.springframework.core.env.StandardEnvironment - Activating profiles []
17:03:33.595 [Test worker] DEBUG org.springframework.test.context.support.AnnotationConfigContextLoader - Registering annotated classes: {class com.epam.esm.TestConfig}
17:03:33.595 [Test worker] DEBUG org.springframework.context.support.GenericApplicationContext - Refreshing org.springframework.context.support.GenericApplicationContext@5b91b997
17:03:33.595 [Test worker] DEBUG org.springframework.beans.factory.support.DefaultListableBeanFactory - Creating shared instance of singleton bean 'org.springframework.context.annotation.internalConfigurationAnnotationProcessor'
17:03:33.603 [Test worker] DEBUG org.springframework.context.annotation.ClassPathBeanDefinitionScanner - Identified candidate component class: file [/Users/dzmitryplatonov/Desktop/workdir/giftcertificates/datasource/build/classes/java/main/com/epam/esm/repository/CertificateRepository.class]
17:03:33.604 [Test worker] DEBUG org.springframework.context.annotation.ClassPathBeanDefinitionScanner - Identified candidate component class: file [/Users/dzmitryplatonov/Desktop/workdir/giftcertificates/datasource/build/classes/java/main/com/epam/esm/repository/OrderCertificateRepository.class]
17:03:33.604 [Test worker] DEBUG org.springframework.context.annotation.ClassPathBeanDefinitionScanner - Identified candidate component class: file [/Users/dzmitryplatonov/Desktop/workdir/giftcertificates/datasource/build/classes/java/main/com/epam/esm/repository/OrderRepository.class]
17:03:33.604 [Test worker] DEBUG org.springframework.context.annotation.ClassPathBeanDefinitionScanner - Identified candidate component class: file [/Users/dzmitryplatonov/Desktop/workdir/giftcertificates/datasource/build/classes/java/main/com/epam/esm/repository/TagRepository.class]
17:03:33.604 [Test worker] DEBUG org.springframework.context.annotation.ClassPathBeanDefinitionScanner - Identified candidate component class: file [/Users/dzmitryplatonov/Desktop/workdir/giftcertificates/datasource/build/classes/java/main/com/epam/esm/repository/UserRepository.class]
17:03:33.605 [Test worker] DEBUG org.springframework.context.annotation.ClassPathBeanDefinitionScanner - Identified candidate component class: file [/Users/dzmitryplatonov/Desktop/workdir/giftcertificates/datasource/build/classes/java/main/com/epam/esm/repository/predicate/CriteriaBuilderHelper.class]
17:03:33.661 [Test worker] DEBUG org.springframework.beans.factory.support.DefaultListableBeanFactory - Creating shared instance of singleton bean 'org.springframework.boot.autoconfigure.condition.BeanTypeRegistry'
17:03:33.670 [Test worker] INFO org.springframework.data.repository.config.RepositoryConfigurationDelegate - Bootstrapping Spring Data repositories in DEFAULT mode.
17:03:33.670 [Test worker] DEBUG org.springframework.beans.factory.support.DefaultListableBeanFactory - Creating shared instance of singleton bean 'org.springframework.boot.autoconfigure.AutoConfigurationPackages'
17:03:33.671 [Test worker] DEBUG org.springframework.boot.autoconfigure.AutoConfigurationPackages - @EnableAutoConfiguration was declared on a class in the package 'com.epam.esm'. Automatic @Repository and @Entity scanning is enabled.
17:03:33.671 [Test worker] DEBUG org.springframework.data.repository.config.RepositoryConfigurationDelegate - Scanning for repositories in packages com.epam.esm.
17:03:33.675 [Test worker] INFO org.springframework.data.repository.config.RepositoryConfigurationDelegate - Finished Spring Data repository scanning in 3ms. Found 0 repository interfaces.
17:03:33.686 [Test worker] DEBUG org.springframework.beans.factory.support.DefaultListableBeanFactory - Creating shared instance of singleton bean 'propertySourcesPlaceholderConfigurer'
17:03:33.687 [Test worker] DEBUG org.springframework.beans.factory.support.DefaultListableBeanFactory - Creating shared instance of singleton bean 'emBeanDefinitionRegistrarPostProcessor'
17:03:33.687 [Test worker] DEBUG org.springframework.beans.factory.support.DefaultListableBeanFactory - Creating shared instance of singleton bean 'org.springframework.context.event.internalEventListenerProcessor'
17:03:33.687 [Test worker] DEBUG org.springframework.beans.factory.support.DefaultListableBeanFactory - Creating shared instance of singleton bean 'org.springframework.boot.context.properties.ConfigurationBeanFactoryMetadata'
17:03:33.687 [Test worker] DEBUG org.springframework.beans.factory.support.DefaultListableBeanFactory - Creating shared instance of singleton bean 'org.springframework.context.event.internalEventListenerFactory'
17:03:33.688 [Test worker] DEBUG org.springframework.beans.factory.support.DefaultListableBeanFactory - Creating shared instance of singleton bean 'org.springframework.transaction.config.internalTransactionalEventListenerFactory'
17:03:33.688 [Test worker] DEBUG org.springframework.beans.factory.support.DefaultListableBeanFactory - Creating shared instance of singleton bean 'org.springframework.context.annotation.internalAutowiredAnnotationProcessor'
17:03:33.688 [Test worker] DEBUG org.springframework.beans.factory.support.DefaultListableBeanFactory - Creating shared instance of singleton bean 'org.springframework.context.annotation.internalCommonAnnotationProcessor'
17:03:33.688 [Test worker] DEBUG org.springframework.beans.factory.support.DefaultListableBeanFactory - Creating shared instance of singleton bean 'org.springframework.context.annotation.internalPersistenceAnnotationProcessor'
17:03:33.689 [Test worker] DEBUG org.springframework.beans.factory.support.DefaultListableBeanFactory - Creating shared instance of singleton bean 'org.springframework.boot.context.properties.ConfigurationPropertiesBindingPostProcessor'
17:03:33.689 [Test worker] DEBUG org.springframework.beans.factory.support.DefaultListableBeanFactory - Creating shared instance of singleton bean 'methodValidationPostProcessor'
17:03:33.689 [Test worker] DEBUG org.springframework.beans.factory.support.DefaultListableBeanFactory - Autowiring by type from bean name 'methodValidationPostProcessor' via factory method to bean named 'environment'
17:03:33.690 [Test worker] DEBUG org.springframework.beans.factory.support.DefaultListableBeanFactory - Creating shared instance of singleton bean 'org.springframework.aop.config.internalAutoProxyCreator'
17:03:33.690 [Test worker] DEBUG org.springframework.beans.factory.support.DefaultListableBeanFactory - Creating shared instance of singleton bean 'dataSourceInitializerPostProcessor'
17:03:33.691 [Test worker] DEBUG org.springframework.beans.factory.support.DefaultListableBeanFactory - Creating shared instance of singleton bean 'persistenceExceptionTranslationPostProcessor'
17:03:33.691 [Test worker] DEBUG org.springframework.beans.factory.support.DefaultListableBeanFactory - Autowiring by type from bean name 'persistenceExceptionTranslationPostProcessor' via factory method to bean named 'environment'
17:03:33.692 [Test worker] DEBUG org.springframework.beans.factory.support.DefaultListableBeanFactory - Creating shared instance of singleton bean 'dataSourceInitializedPublisher'
17:03:33.692 [Test worker] DEBUG org.springframework.beans.factory.support.DefaultListableBeanFactory - Creating shared instance of singleton bean 'entityManagerFactory'
17:03:33.693 [Test worker] DEBUG org.springframework.beans.factory.support.DefaultListableBeanFactory - Creating shared instance of singleton bean 'org.springframework.transaction.config.internalTransactionAdvisor'
17:03:33.693 [Test worker] DEBUG org.springframework.beans.factory.support.DefaultListableBeanFactory - Creating shared instance of singleton bean 'org.springframework.transaction.annotation.ProxyTransactionManagementConfiguration'
17:03:33.695 [Test worker] DEBUG org.springframework.beans.factory.support.DefaultListableBeanFactory - Creating shared instance of singleton bean 'transactionAttributeSource'
17:03:33.696 [Test worker] DEBUG org.springframework.beans.factory.support.DefaultListableBeanFactory - Creating shared instance of singleton bean 'transactionInterceptor'
17:03:33.696 [Test worker] DEBUG org.springframework.beans.factory.support.DefaultListableBeanFactory - Creating shared instance of singleton bean 'org.springframework.boot.autoconfigure.orm.jpa.HibernateJpaConfiguration'
17:03:33.696 [Test worker] DEBUG org.springframework.core.LocalVariableTableParameterNameDiscoverer - Cannot find '.class' file for class [class org.springframework.boot.autoconfigure.orm.jpa.HibernateJpaConfiguration$$EnhancerBySpringCGLIB$$c3eb9b54] - unable to determine constructor/method parameter names
17:03:33.697 [Test worker] DEBUG org.springframework.beans.factory.support.DefaultListableBeanFactory - Creating shared instance of singleton bean 'dataSource'
17:03:33.697 [Test worker] DEBUG org.springframework.beans.factory.support.DefaultListableBeanFactory - Creating shared instance of singleton bean 'org.springframework.boot.autoconfigure.jdbc.DataSourceConfiguration$Hikari'
17:03:33.697 [Test worker] DEBUG org.springframework.beans.factory.support.DefaultListableBeanFactory - Creating shared instance of singleton bean 'spring.datasource-org.springframework.boot.autoconfigure.jdbc.DataSourceProperties'
17:03:33.699 [Test worker] DEBUG org.springframework.beans.factory.support.DefaultListableBeanFactory - Autowiring by type from bean name 'dataSource' via factory method to bean named 'spring.datasource-org.springframework.boot.autoconfigure.jdbc.DataSourceProperties'
17:03:33.701 [Test worker] DEBUG com.zaxxer.hikari.HikariConfig - Driver class org.h2.Driver found in Thread context class loader jdk.internal.loader.ClassLoaders$AppClassLoader@2c13da15
17:03:33.704 [Test worker] DEBUG org.springframework.beans.factory.support.DefaultListableBeanFactory - Creating shared instance of singleton bean 'org.springframework.boot.autoconfigure.jdbc.DataSourceInitializerInvoker'
17:03:33.705 [Test worker] DEBUG org.springframework.beans.factory.support.DefaultListableBeanFactory - Autowiring by type from bean name 'org.springframework.boot.autoconfigure.jdbc.DataSourceInitializerInvoker' via constructor to bean named 'spring.datasource-org.springframework.boot.autoconfigure.jdbc.DataSourceProperties'
17:03:33.705 [Test worker] DEBUG org.springframework.beans.factory.support.DefaultListableBeanFactory - Autowiring by type from bean name 'org.springframework.boot.autoconfigure.jdbc.DataSourceInitializerInvoker' via constructor to bean named 'org.springframework.context.support.GenericApplicationContext@5b91b997'
17:03:33.706 [Test worker] DEBUG org.springframework.beans.factory.support.DefaultListableBeanFactory - Creating shared instance of singleton bean 'spring.jpa-org.springframework.boot.autoconfigure.orm.jpa.JpaProperties'
17:03:33.707 [Test worker] DEBUG org.springframework.beans.factory.support.DefaultListableBeanFactory - Creating shared instance of singleton bean 'spring.jpa.hibernate-org.springframework.boot.autoconfigure.orm.jpa.HibernateProperties'
17:03:33.708 [Test worker] DEBUG org.springframework.beans.factory.support.DefaultListableBeanFactory - Autowiring by type from bean name 'org.springframework.boot.autoconfigure.orm.jpa.HibernateJpaConfiguration' via constructor to bean named 'dataSource'
17:03:33.708 [Test worker] DEBUG org.springframework.beans.factory.support.DefaultListableBeanFactory - Autowiring by type from bean name 'org.springframework.boot.autoconfigure.orm.jpa.HibernateJpaConfiguration' via constructor to bean named 'spring.jpa-org.springframework.boot.autoconfigure.orm.jpa.JpaProperties'
17:03:33.708 [Test worker] DEBUG org.springframework.beans.factory.support.DefaultListableBeanFactory - Autowiring by type from bean name 'org.springframework.boot.autoconfigure.orm.jpa.HibernateJpaConfiguration' via constructor to bean named 'org.springframework.beans.factory.support.DefaultListableBeanFactory@74288b1d'
17:03:33.708 [Test worker] DEBUG org.springframework.beans.factory.support.DefaultListableBeanFactory - Autowiring by type from bean name 'org.springframework.boot.autoconfigure.orm.jpa.HibernateJpaConfiguration' via constructor to bean named 'spring.jpa.hibernate-org.springframework.boot.autoconfigure.orm.jpa.HibernateProperties'
17:03:33.708 [Test worker] DEBUG org.springframework.beans.factory.support.DefaultListableBeanFactory - Creating shared instance of singleton bean 'platformTransactionManagerCustomizers'
17:03:33.708 [Test worker] DEBUG org.springframework.beans.factory.support.DefaultListableBeanFactory - Creating shared instance of singleton bean 'org.springframework.boot.autoconfigure.transaction.TransactionAutoConfiguration'
17:03:33.709 [Test worker] DEBUG org.springframework.beans.factory.support.DefaultListableBeanFactory - Creating shared instance of singleton bean 'spring.transaction-org.springframework.boot.autoconfigure.transaction.TransactionProperties'
17:03:33.710 [Test worker] DEBUG org.springframework.beans.factory.support.DefaultListableBeanFactory - Creating shared instance of singleton bean 'hikariPoolDataSourceMetadataProvider'
17:03:33.710 [Test worker] DEBUG org.springframework.beans.factory.support.DefaultListableBeanFactory - Creating shared instance of singleton bean 'org.springframework.boot.autoconfigure.jdbc.metadata.DataSourcePoolMetadataProvidersConfiguration$HikariPoolDataSourceMetadataProviderConfiguration'
17:03:33.711 [Test worker] DEBUG org.springframework.beans.factory.support.DefaultListableBeanFactory - Creating shared instance of singleton bean 'entityManagerFactoryBuilder'
17:03:33.711 [Test worker] DEBUG org.springframework.beans.factory.support.DefaultListableBeanFactory - Creating shared instance of singleton bean 'jpaVendorAdapter'
17:03:33.712 [Test worker] DEBUG org.springframework.jdbc.datasource.DataSourceUtils - Fetching JDBC Connection from DataSource
17:03:33.712 [Test worker] DEBUG com.zaxxer.hikari.HikariConfig - HikariPool-12 - configuration:
17:03:33.712 [Test worker] DEBUG com.zaxxer.hikari.HikariConfig - allowPoolSuspension.............false
17:03:33.712 [Test worker] DEBUG com.zaxxer.hikari.HikariConfig - autoCommit......................true
17:03:33.712 [Test worker] DEBUG com.zaxxer.hikari.HikariConfig - catalog.........................none
17:03:33.712 [Test worker] DEBUG com.zaxxer.hikari.HikariConfig - connectionInitSql...............none
17:03:33.712 [Test worker] DEBUG com.zaxxer.hikari.HikariConfig - connectionTestQuery.............none
17:03:33.712 [Test worker] DEBUG com.zaxxer.hikari.HikariConfig - connectionTimeout...............30000
17:03:33.712 [Test worker] DEBUG com.zaxxer.hikari.HikariConfig - dataSource......................none
17:03:33.712 [Test worker] DEBUG com.zaxxer.hikari.HikariConfig - dataSourceClassName.............none
17:03:33.712 [Test worker] DEBUG com.zaxxer.hikari.HikariConfig - dataSourceJNDI..................none
17:03:33.712 [Test worker] DEBUG com.zaxxer.hikari.HikariConfig - dataSourceProperties............{password=<masked>}
17:03:33.712 [Test worker] DEBUG com.zaxxer.hikari.HikariConfig - driverClassName................."org.h2.Driver"
17:03:33.712 [Test worker] DEBUG com.zaxxer.hikari.HikariConfig - healthCheckProperties...........{}
17:03:33.712 [Test worker] DEBUG com.zaxxer.hikari.HikariConfig - healthCheckRegistry.............none
17:03:33.712 [Test worker] DEBUG com.zaxxer.hikari.HikariConfig - idleTimeout.....................600000
17:03:33.712 [Test worker] DEBUG com.zaxxer.hikari.HikariConfig - initializationFailTimeout.......1
17:03:33.712 [Test worker] DEBUG com.zaxxer.hikari.HikariConfig - isolateInternalQueries..........false
17:03:33.713 [Test worker] DEBUG com.zaxxer.hikari.HikariConfig - jdbcUrl.........................jdbc:h2:mem:testdb;DB_CLOSE_DELAY=-1;DB_CLOSE_ON_EXIT=FALSE
17:03:33.713 [Test worker] DEBUG com.zaxxer.hikari.HikariConfig - leakDetectionThreshold..........0
17:03:33.713 [Test worker] DEBUG com.zaxxer.hikari.HikariConfig - maxLifetime.....................1800000
17:03:33.713 [Test worker] DEBUG com.zaxxer.hikari.HikariConfig - maximumPoolSize.................10
17:03:33.713 [Test worker] DEBUG com.zaxxer.hikari.HikariConfig - metricRegistry..................none
17:03:33.713 [Test worker] DEBUG com.zaxxer.hikari.HikariConfig - metricsTrackerFactory...........none
17:03:33.713 [Test worker] DEBUG com.zaxxer.hikari.HikariConfig - minimumIdle.....................10
17:03:33.713 [Test worker] DEBUG com.zaxxer.hikari.HikariConfig - password........................<masked>
17:03:33.713 [Test worker] DEBUG com.zaxxer.hikari.HikariConfig - poolName........................"HikariPool-12"
17:03:33.713 [Test worker] DEBUG com.zaxxer.hikari.HikariConfig - readOnly........................false
17:03:33.713 [Test worker] DEBUG com.zaxxer.hikari.HikariConfig - registerMbeans..................false
17:03:33.713 [Test worker] DEBUG com.zaxxer.hikari.HikariConfig - scheduledExecutor...............none
17:03:33.713 [Test worker] DEBUG com.zaxxer.hikari.HikariConfig - schema..........................none
17:03:33.713 [Test worker] DEBUG com.zaxxer.hikari.HikariConfig - threadFactory...................internal
17:03:33.713 [Test worker] DEBUG com.zaxxer.hikari.HikariConfig - transactionIsolation............default
17:03:33.713 [Test worker] DEBUG com.zaxxer.hikari.HikariConfig - username........................"sa"
17:03:33.713 [Test worker] DEBUG com.zaxxer.hikari.HikariConfig - validationTimeout...............5000
17:03:33.713 [Test worker] INFO com.zaxxer.hikari.HikariDataSource - HikariPool-12 - Starting...
17:03:33.714 [Test worker] DEBUG com.zaxxer.hikari.pool.HikariPool - HikariPool-12 - Added connection conn110: url=jdbc:h2:mem:testdb user=SA
17:03:33.714 [Test worker] INFO com.zaxxer.hikari.HikariDataSource - HikariPool-12 - Start completed.
17:03:33.715 [Test worker] DEBUG org.springframework.beans.factory.support.DefaultListableBeanFactory - Autowiring by type from bean name 'entityManagerFactoryBuilder' via factory method to bean named 'jpaVendorAdapter'
17:03:33.716 [Test worker] DEBUG org.springframework.beans.factory.support.DefaultListableBeanFactory - Autowiring by type from bean name 'entityManagerFactory' via factory method to bean named 'entityManagerFactoryBuilder'
17:03:33.716 [Test worker] DEBUG org.springframework.jdbc.datasource.DataSourceUtils - Fetching JDBC Connection from DataSource
17:03:33.722 [Test worker] DEBUG org.springframework.orm.jpa.LocalContainerEntityManagerFactoryBean - Building JPA container EntityManagerFactory for persistence unit 'default'
17:03:33.722 [Test worker] DEBUG org.hibernate.jpa.internal.util.LogHelper - PersistenceUnitInfo [
	name: default
	persistence provider classname: null
	classloader: jdk.internal.loader.ClassLoaders$AppClassLoader@2c13da15
	excludeUnlistedClasses: true
	JTA datasource: null
	Non JTA datasource: HikariDataSource (HikariPool-12)
	Transaction type: RESOURCE_LOCAL
	PU root URL: file:/Users/dzmitryplatonov/Desktop/workdir/giftcertificates/datasource/build/classes/java/test/
	Shared Cache Mode: UNSPECIFIED
	Validation Mode: AUTO
	Jar files URLs []
	Managed classes names [
		com.epam.esm.entity.Entity
		com.epam.esm.entity.GiftCertificate
		com.epam.esm.entity.Order
		com.epam.esm.entity.OrderCertificate
		com.epam.esm.entity.Role
		com.epam.esm.entity.Tag
		com.epam.esm.entity.User]
	Mapping files names []
	Properties []
17:03:33.722 [Test worker] DEBUG org.hibernate.integrator.internal.IntegratorServiceImpl - Adding Integrator [org.hibernate.cfg.beanvalidation.BeanValidationIntegrator].
17:03:33.722 [Test worker] DEBUG org.hibernate.integrator.internal.IntegratorServiceImpl - Adding Integrator [org.hibernate.secure.spi.JaccIntegrator].
17:03:33.722 [Test worker] DEBUG org.hibernate.integrator.internal.IntegratorServiceImpl - Adding Integrator [org.hibernate.cache.internal.CollectionCacheInvalidator].
17:03:33.723 [Test worker] DEBUG org.hibernate.service.spi.ServiceBinding - Overriding existing service binding [org.hibernate.secure.spi.JaccService]
17:03:33.723 [Test worker] DEBUG org.hibernate.cache.internal.RegionFactoryInitiator - Cannot default RegionFactory based on registered strategies as `[]` RegionFactory strategies were registered
17:03:33.723 [Test worker] DEBUG org.hibernate.cache.internal.RegionFactoryInitiator - Cache region factory : org.hibernate.cache.internal.NoCachingRegionFactory
17:03:33.723 [Test worker] DEBUG org.hibernate.type.BasicTypeRegistry - Adding type registration boolean -> org.hibernate.type.BooleanType@7a361749
17:03:33.723 [Test worker] DEBUG org.hibernate.type.BasicTypeRegistry - Adding type registration boolean -> org.hibernate.type.BooleanType@7a361749
17:03:33.724 [Test worker] DEBUG org.hibernate.type.BasicTypeRegistry - Adding type registration java.lang.Boolean -> org.hibernate.type.BooleanType@7a361749
17:03:33.724 [Test worker] DEBUG org.hibernate.type.BasicTypeRegistry - Adding type registration numeric_boolean -> org.hibernate.type.NumericBooleanType@35b10044
17:03:33.724 [Test worker] DEBUG org.hibernate.type.BasicTypeRegistry - Adding type registration true_false -> org.hibernate.type.TrueFalseType@1b7f764d
17:03:33.724 [Test worker] DEBUG org.hibernate.type.BasicTypeRegistry - Adding type registration yes_no -> org.hibernate.type.YesNoType@726eb0b7
17:03:33.724 [Test worker] DEBUG org.hibernate.type.BasicTypeRegistry - Adding type registration byte -> org.hibernate.type.ByteType@17cb58e9
17:03:33.724 [Test worker] DEBUG org.hibernate.type.BasicTypeRegistry - Adding type registration byte -> org.hibernate.type.ByteType@17cb58e9
17:03:33.724 [Test worker] DEBUG org.hibernate.type.BasicTypeRegistry - Adding type registration java.lang.Byte -> org.hibernate.type.ByteType@17cb58e9
17:03:33.724 [Test worker] DEBUG org.hibernate.type.BasicTypeRegistry - Adding type registration character -> org.hibernate.type.CharacterType@30f0ba0d
17:03:33.724 [Test worker] DEBUG org.hibernate.type.BasicTypeRegistry - Adding type registration char -> org.hibernate.type.CharacterType@30f0ba0d
17:03:33.724 [Test worker] DEBUG org.hibernate.type.BasicTypeRegistry - Adding type registration java.lang.Character -> org.hibernate.type.CharacterType@30f0ba0d
17:03:33.724 [Test worker] DEBUG org.hibernate.type.BasicTypeRegistry - Adding type registration short -> org.hibernate.type.ShortType@27eea72e
17:03:33.724 [Test worker] DEBUG org.hibernate.type.BasicTypeRegistry - Adding type registration short -> org.hibernate.type.ShortType@27eea72e
17:03:33.724 [Test worker] DEBUG org.hibernate.type.BasicTypeRegistry - Adding type registration java.lang.Short -> org.hibernate.type.ShortType@27eea72e
17:03:33.724 [Test worker] DEBUG org.hibernate.type.BasicTypeRegistry - Adding type registration integer -> org.hibernate.type.IntegerType@3e734867
17:03:33.724 [Test worker] DEBUG org.hibernate.type.BasicTypeRegistry - Adding type registration int -> org.hibernate.type.IntegerType@3e734867
17:03:33.724 [Test worker] DEBUG org.hibernate.type.BasicTypeRegistry - Adding type registration java.lang.Integer -> org.hibernate.type.IntegerType@3e734867
17:03:33.724 [Test worker] DEBUG org.hibernate.type.BasicTypeRegistry - Adding type registration long -> org.hibernate.type.LongType@10654366
17:03:33.724 [Test worker] DEBUG org.hibernate.type.BasicTypeRegistry - Adding type registration long -> org.hibernate.type.LongType@10654366
17:03:33.724 [Test worker] DEBUG org.hibernate.type.BasicTypeRegistry - Adding type registration java.lang.Long -> org.hibernate.type.LongType@10654366
17:03:33.724 [Test worker] DEBUG org.hibernate.type.BasicTypeRegistry - Adding type registration float -> org.hibernate.type.FloatType@1072c4c1
17:03:33.724 [Test worker] DEBUG org.hibernate.type.BasicTypeRegistry - Adding type registration float -> org.hibernate.type.FloatType@1072c4c1
17:03:33.724 [Test worker] DEBUG org.hibernate.type.BasicTypeRegistry - Adding type registration java.lang.Float -> org.hibernate.type.FloatType@1072c4c1
17:03:33.724 [Test worker] DEBUG org.hibernate.type.BasicTypeRegistry - Adding type registration double -> org.hibernate.type.DoubleType@383d90d3
17:03:33.724 [Test worker] DEBUG org.hibernate.type.BasicTypeRegistry - Adding type registration double -> org.hibernate.type.DoubleType@383d90d3
17:03:33.724 [Test worker] DEBUG org.hibernate.type.BasicTypeRegistry - Adding type registration java.lang.Double -> org.hibernate.type.DoubleType@383d90d3
17:03:33.724 [Test worker] DEBUG org.hibernate.type.BasicTypeRegistry - Adding type registration big_decimal -> org.hibernate.type.BigDecimalType@322ff0c5
17:03:33.724 [Test worker] DEBUG org.hibernate.type.BasicTypeRegistry - Adding type registration java.math.BigDecimal -> org.hibernate.type.BigDecimalType@322ff0c5
17:03:33.724 [Test worker] DEBUG org.hibernate.type.BasicTypeRegistry - Adding type registration big_integer -> org.hibernate.type.BigIntegerType@219d1f47
17:03:33.724 [Test worker] DEBUG org.hibernate.type.BasicTypeRegistry - Adding type registration java.math.BigInteger -> org.hibernate.type.BigIntegerType@219d1f47
17:03:33.724 [Test worker] DEBUG org.hibernate.type.BasicTypeRegistry - Adding type registration string -> org.hibernate.type.StringType@7b9aad94
17:03:33.724 [Test worker] DEBUG org.hibernate.type.BasicTypeRegistry - Adding type registration java.lang.String -> org.hibernate.type.StringType@7b9aad94
17:03:33.724 [Test worker] DEBUG org.hibernate.type.BasicTypeRegistry - Adding type registration nstring -> org.hibernate.type.StringNVarcharType@39251dc7
17:03:33.724 [Test worker] DEBUG org.hibernate.type.BasicTypeRegistry - Adding type registration ncharacter -> org.hibernate.type.CharacterNCharType@284c8f8b
17:03:33.724 [Test worker] DEBUG org.hibernate.type.BasicTypeRegistry - Adding type registration url -> org.hibernate.type.UrlType@7c5e8cdb
17:03:33.724 [Test worker] DEBUG org.hibernate.type.BasicTypeRegistry - Adding type registration java.net.URL -> org.hibernate.type.UrlType@7c5e8cdb
17:03:33.724 [Test worker] DEBUG org.hibernate.type.BasicTypeRegistry - Adding type registration Duration -> org.hibernate.type.DurationType@5502b9d6
17:03:33.724 [Test worker] DEBUG org.hibernate.type.BasicTypeRegistry - Adding type registration java.time.Duration -> org.hibernate.type.DurationType@5502b9d6
17:03:33.724 [Test worker] DEBUG org.hibernate.type.BasicTypeRegistry - Adding type registration Instant -> org.hibernate.type.InstantType@52dea51b
17:03:33.724 [Test worker] DEBUG org.hibernate.type.BasicTypeRegistry - Adding type registration java.time.Instant -> org.hibernate.type.InstantType@52dea51b
17:03:33.724 [Test worker] DEBUG org.hibernate.type.BasicTypeRegistry - Adding type registration LocalDateTime -> org.hibernate.type.LocalDateTimeType@65741b68
17:03:33.725 [Test worker] DEBUG org.hibernate.type.BasicTypeRegistry - Adding type registration java.time.LocalDateTime -> org.hibernate.type.LocalDateTimeType@65741b68
17:03:33.725 [Test worker] DEBUG org.hibernate.type.BasicTypeRegistry - Adding type registration LocalDate -> org.hibernate.type.LocalDateType@33f0f7f9
17:03:33.725 [Test worker] DEBUG org.hibernate.type.BasicTypeRegistry - Adding type registration java.time.LocalDate -> org.hibernate.type.LocalDateType@33f0f7f9
17:03:33.725 [Test worker] DEBUG org.hibernate.type.BasicTypeRegistry - Adding type registration LocalTime -> org.hibernate.type.LocalTimeType@5e875231
17:03:33.725 [Test worker] DEBUG org.hibernate.type.BasicTypeRegistry - Adding type registration java.time.LocalTime -> org.hibernate.type.LocalTimeType@5e875231
17:03:33.725 [Test worker] DEBUG org.hibernate.type.BasicTypeRegistry - Adding type registration OffsetDateTime -> org.hibernate.type.OffsetDateTimeType@e161f10
17:03:33.725 [Test worker] DEBUG org.hibernate.type.BasicTypeRegistry - Adding type registration java.time.OffsetDateTime -> org.hibernate.type.OffsetDateTimeType@e161f10
17:03:33.725 [Test worker] DEBUG org.hibernate.type.BasicTypeRegistry - Adding type registration OffsetTime -> org.hibernate.type.OffsetTimeType@1ed4e4a1
17:03:33.725 [Test worker] DEBUG org.hibernate.type.BasicTypeRegistry - Adding type registration java.time.OffsetTime -> org.hibernate.type.OffsetTimeType@1ed4e4a1
17:03:33.725 [Test worker] DEBUG org.hibernate.type.BasicTypeRegistry - Adding type registration ZonedDateTime -> org.hibernate.type.ZonedDateTimeType@1f7b3ac5
17:03:33.725 [Test worker] DEBUG org.hibernate.type.BasicTypeRegistry - Adding type registration java.time.ZonedDateTime -> org.hibernate.type.ZonedDateTimeType@1f7b3ac5
17:03:33.725 [Test worker] DEBUG org.hibernate.type.BasicTypeRegistry - Adding type registration date -> org.hibernate.type.DateType@47db9e78
17:03:33.725 [Test worker] DEBUG org.hibernate.type.BasicTypeRegistry - Adding type registration java.sql.Date -> org.hibernate.type.DateType@47db9e78
17:03:33.725 [Test worker] DEBUG org.hibernate.type.BasicTypeRegistry - Adding type registration time -> org.hibernate.type.TimeType@19cf2a46
17:03:33.725 [Test worker] DEBUG org.hibernate.type.BasicTypeRegistry - Adding type registration java.sql.Time -> org.hibernate.type.TimeType@19cf2a46
17:03:33.725 [Test worker] DEBUG org.hibernate.type.BasicTypeRegistry - Adding type registration timestamp -> org.hibernate.type.TimestampType@33cc8709
17:03:33.725 [Test worker] DEBUG org.hibernate.type.BasicTypeRegistry - Adding type registration java.sql.Timestamp -> org.hibernate.type.TimestampType@33cc8709
17:03:33.725 [Test worker] DEBUG org.hibernate.type.BasicTypeRegistry - Adding type registration java.util.Date -> org.hibernate.type.TimestampType@33cc8709
17:03:33.725 [Test worker] DEBUG org.hibernate.type.BasicTypeRegistry - Adding type registration dbtimestamp -> org.hibernate.type.DbTimestampType@4bb8bc35
17:03:33.725 [Test worker] DEBUG org.hibernate.type.BasicTypeRegistry - Adding type registration calendar -> org.hibernate.type.CalendarType@6cda5f3e
17:03:33.725 [Test worker] DEBUG org.hibernate.type.BasicTypeRegistry - Adding type registration java.util.Calendar -> org.hibernate.type.CalendarType@6cda5f3e
17:03:33.725 [Test worker] DEBUG org.hibernate.type.BasicTypeRegistry - Adding type registration java.util.GregorianCalendar -> org.hibernate.type.CalendarType@6cda5f3e
17:03:33.725 [Test worker] DEBUG org.hibernate.type.BasicTypeRegistry - Adding type registration calendar_date -> org.hibernate.type.CalendarDateType@2cf12338
17:03:33.725 [Test worker] DEBUG org.hibernate.type.BasicTypeRegistry - Adding type registration locale -> org.hibernate.type.LocaleType@5fa83fc7
17:03:33.725 [Test worker] DEBUG org.hibernate.type.BasicTypeRegistry - Adding type registration java.util.Locale -> org.hibernate.type.LocaleType@5fa83fc7
17:03:33.725 [Test worker] DEBUG org.hibernate.type.BasicTypeRegistry - Adding type registration currency -> org.hibernate.type.CurrencyType@7198d6af
17:03:33.725 [Test worker] DEBUG org.hibernate.type.BasicTypeRegistry - Adding type registration java.util.Currency -> org.hibernate.type.CurrencyType@7198d6af
17:03:33.725 [Test worker] DEBUG org.hibernate.type.BasicTypeRegistry - Adding type registration timezone -> org.hibernate.type.TimeZoneType@5db6acf5
17:03:33.725 [Test worker] DEBUG org.hibernate.type.BasicTypeRegistry - Adding type registration java.util.TimeZone -> org.hibernate.type.TimeZoneType@5db6acf5
17:03:33.725 [Test worker] DEBUG org.hibernate.type.BasicTypeRegistry - Adding type registration class -> org.hibernate.type.ClassType@11e7b123
17:03:33.725 [Test worker] DEBUG org.hibernate.type.BasicTypeRegistry - Adding type registration java.lang.Class -> org.hibernate.type.ClassType@11e7b123
17:03:33.725 [Test worker] DEBUG org.hibernate.type.BasicTypeRegistry - Adding type registration uuid-binary -> org.hibernate.type.UUIDBinaryType@515d21bc
17:03:33.725 [Test worker] DEBUG org.hibernate.type.BasicTypeRegistry - Adding type registration java.util.UUID -> org.hibernate.type.UUIDBinaryType@515d21bc
17:03:33.725 [Test worker] DEBUG org.hibernate.type.BasicTypeRegistry - Adding type registration uuid-char -> org.hibernate.type.UUIDCharType@774ef163
17:03:33.725 [Test worker] DEBUG org.hibernate.type.BasicTypeRegistry - Adding type registration binary -> org.hibernate.type.BinaryType@5f00df0f
17:03:33.725 [Test worker] DEBUG org.hibernate.type.BasicTypeRegistry - Adding type registration byte[] -> org.hibernate.type.BinaryType@5f00df0f
17:03:33.725 [Test worker] DEBUG org.hibernate.type.BasicTypeRegistry - Adding type registration [B -> org.hibernate.type.BinaryType@5f00df0f
17:03:33.725 [Test worker] DEBUG org.hibernate.type.BasicTypeRegistry - Adding type registration wrapper-binary -> org.hibernate.type.WrapperBinaryType@1c4b0916
17:03:33.726 [Test worker] DEBUG org.hibernate.type.BasicTypeRegistry - Adding type registration Byte[] -> org.hibernate.type.WrapperBinaryType@1c4b0916
17:03:33.726 [Test worker] DEBUG org.hibernate.type.BasicTypeRegistry - Adding type registration [Ljava.lang.Byte; -> org.hibernate.type.WrapperBinaryType@1c4b0916
17:03:33.726 [Test worker] DEBUG org.hibernate.type.BasicTypeRegistry - Adding type registration row_version -> org.hibernate.type.RowVersionType@5a9358d7
17:03:33.726 [Test worker] DEBUG org.hibernate.type.BasicTypeRegistry - Adding type registration image -> org.hibernate.type.ImageType@b08df66
17:03:33.726 [Test worker] DEBUG org.hibernate.type.BasicTypeRegistry - Adding type registration characters -> org.hibernate.type.CharArrayType@69a415e0
17:03:33.726 [Test worker] DEBUG org.hibernate.type.BasicTypeRegistry - Adding type registration char[] -> org.hibernate.type.CharArrayType@69a415e0
17:03:33.726 [Test worker] DEBUG org.hibernate.type.BasicTypeRegistry - Adding type registration [C -> org.hibernate.type.CharArrayType@69a415e0
17:03:33.726 [Test worker] DEBUG org.hibernate.type.BasicTypeRegistry - Adding type registration wrapper-characters -> org.hibernate.type.CharacterArrayType@2e189552
17:03:33.726 [Test worker] DEBUG org.hibernate.type.BasicTypeRegistry - Adding type registration [Ljava.lang.Character; -> org.hibernate.type.CharacterArrayType@2e189552
17:03:33.726 [Test worker] DEBUG org.hibernate.type.BasicTypeRegistry - Adding type registration Character[] -> org.hibernate.type.CharacterArrayType@2e189552
17:03:33.726 [Test worker] DEBUG org.hibernate.type.BasicTypeRegistry - Adding type registration text -> org.hibernate.type.TextType@3bb4f48d
17:03:33.726 [Test worker] DEBUG org.hibernate.type.BasicTypeRegistry - Adding type registration ntext -> org.hibernate.type.NTextType@7fc44815
17:03:33.726 [Test worker] DEBUG org.hibernate.type.BasicTypeRegistry - Adding type registration blob -> org.hibernate.type.BlobType@70984021
17:03:33.726 [Test worker] DEBUG org.hibernate.type.BasicTypeRegistry - Adding type registration java.sql.Blob -> org.hibernate.type.BlobType@70984021
17:03:33.726 [Test worker] DEBUG org.hibernate.type.BasicTypeRegistry - Adding type registration materialized_blob -> org.hibernate.type.MaterializedBlobType@7b392ea8
17:03:33.726 [Test worker] DEBUG org.hibernate.type.BasicTypeRegistry - Adding type registration clob -> org.hibernate.type.ClobType@249973df
17:03:33.726 [Test worker] DEBUG org.hibernate.type.BasicTypeRegistry - Adding type registration java.sql.Clob -> org.hibernate.type.ClobType@249973df
17:03:33.726 [Test worker] DEBUG org.hibernate.type.BasicTypeRegistry - Adding type registration nclob -> org.hibernate.type.NClobType@993bb9e
17:03:33.726 [Test worker] DEBUG org.hibernate.type.BasicTypeRegistry - Adding type registration java.sql.NClob -> org.hibernate.type.NClobType@993bb9e
17:03:33.726 [Test worker] DEBUG org.hibernate.type.BasicTypeRegistry - Adding type registration materialized_clob -> org.hibernate.type.MaterializedClobType@5eddde51
17:03:33.726 [Test worker] DEBUG org.hibernate.type.BasicTypeRegistry - Adding type registration materialized_nclob -> org.hibernate.type.MaterializedNClobType@20503ff1
17:03:33.726 [Test worker] DEBUG org.hibernate.type.BasicTypeRegistry - Adding type registration serializable -> org.hibernate.type.SerializableType@11fb506a
17:03:33.726 [Test worker] DEBUG org.hibernate.type.BasicTypeRegistry - Adding type registration object -> org.hibernate.type.ObjectType@40b10f8c
17:03:33.726 [Test worker] DEBUG org.hibernate.type.BasicTypeRegistry - Adding type registration java.lang.Object -> org.hibernate.type.ObjectType@40b10f8c
17:03:33.726 [Test worker] DEBUG org.hibernate.type.BasicTypeRegistry - Adding type registration imm_date -> org.hibernate.type.AdaptedImmutableType@6cc184e1
17:03:33.726 [Test worker] DEBUG org.hibernate.type.BasicTypeRegistry - Adding type registration imm_time -> org.hibernate.type.AdaptedImmutableType@560726ae
17:03:33.726 [Test worker] DEBUG org.hibernate.type.BasicTypeRegistry - Adding type registration imm_timestamp -> org.hibernate.type.AdaptedImmutableType@1728fb92
17:03:33.726 [Test worker] DEBUG org.hibernate.type.BasicTypeRegistry - Adding type registration imm_dbtimestamp -> org.hibernate.type.AdaptedImmutableType@22941d53
17:03:33.726 [Test worker] DEBUG org.hibernate.type.BasicTypeRegistry - Adding type registration imm_calendar -> org.hibernate.type.AdaptedImmutableType@4292736c
17:03:33.726 [Test worker] DEBUG org.hibernate.type.BasicTypeRegistry - Adding type registration imm_calendar_date -> org.hibernate.type.AdaptedImmutableType@2dcf0fc6
17:03:33.726 [Test worker] DEBUG org.hibernate.type.BasicTypeRegistry - Adding type registration imm_binary -> org.hibernate.type.AdaptedImmutableType@7d6b8586
17:03:33.726 [Test worker] DEBUG org.hibernate.type.BasicTypeRegistry - Adding type registration imm_serializable -> org.hibernate.type.AdaptedImmutableType@7f9761fd
17:03:33.727 [Test worker] DEBUG org.hibernate.boot.internal.BootstrapContextImpl - Injecting JPA temp ClassLoader [org.springframework.instrument.classloading.SimpleThrowawayClassLoader@7babff50] into BootstrapContext; was [null]
17:03:33.727 [Test worker] DEBUG org.hibernate.boot.internal.ClassLoaderAccessImpl - ClassLoaderAccessImpl#injectTempClassLoader(org.springframework.instrument.classloading.SimpleThrowawayClassLoader@7babff50) [was null]
17:03:33.727 [Test worker] DEBUG org.hibernate.boot.internal.BootstrapContextImpl - Injecting ScanEnvironment [org.hibernate.jpa.boot.internal.StandardJpaScanEnvironmentImpl@5a4d1216] into BootstrapContext; was [null]
17:03:33.727 [Test worker] DEBUG org.hibernate.boot.internal.BootstrapContextImpl - Injecting ScanOptions [org.hibernate.boot.archive.scan.internal.StandardScanOptions@1e11082b] into BootstrapContext; was [org.hibernate.boot.archive.scan.internal.StandardScanOptions@4b28836d]
17:03:33.729 [Test worker] DEBUG org.hibernate.boot.internal.BootstrapContextImpl - Injecting JPA temp ClassLoader [null] into BootstrapContext; was [org.springframework.instrument.classloading.SimpleThrowawayClassLoader@7babff50]
17:03:33.729 [Test worker] DEBUG org.hibernate.boot.internal.ClassLoaderAccessImpl - ClassLoaderAccessImpl#injectTempClassLoader(null) [was org.springframework.instrument.classloading.SimpleThrowawayClassLoader@7babff50]
17:03:33.729 [Test worker] DEBUG org.hibernate.id.factory.internal.DefaultIdentifierGeneratorFactory - Registering IdentifierGenerator strategy [uuid2] -> [org.hibernate.id.UUIDGenerator]
17:03:33.729 [Test worker] DEBUG org.hibernate.id.factory.internal.DefaultIdentifierGeneratorFactory - Registering IdentifierGenerator strategy [guid] -> [org.hibernate.id.GUIDGenerator]
17:03:33.729 [Test worker] DEBUG org.hibernate.id.factory.internal.DefaultIdentifierGeneratorFactory - Registering IdentifierGenerator strategy [uuid] -> [org.hibernate.id.UUIDHexGenerator]
17:03:33.729 [Test worker] DEBUG org.hibernate.id.factory.internal.DefaultIdentifierGeneratorFactory - Registering IdentifierGenerator strategy [uuid.hex] -> [org.hibernate.id.UUIDHexGenerator]
17:03:33.729 [Test worker] DEBUG org.hibernate.id.factory.internal.DefaultIdentifierGeneratorFactory - Registering IdentifierGenerator strategy [assigned] -> [org.hibernate.id.Assigned]
17:03:33.729 [Test worker] DEBUG org.hibernate.id.factory.internal.DefaultIdentifierGeneratorFactory - Registering IdentifierGenerator strategy [identity] -> [org.hibernate.id.IdentityGenerator]
17:03:33.729 [Test worker] DEBUG org.hibernate.id.factory.internal.DefaultIdentifierGeneratorFactory - Registering IdentifierGenerator strategy [select] -> [org.hibernate.id.SelectGenerator]
17:03:33.729 [Test worker] DEBUG org.hibernate.id.factory.internal.DefaultIdentifierGeneratorFactory - Registering IdentifierGenerator strategy [sequence] -> [org.hibernate.id.enhanced.SequenceStyleGenerator]
17:03:33.729 [Test worker] DEBUG org.hibernate.id.factory.internal.DefaultIdentifierGeneratorFactory - Registering IdentifierGenerator strategy [seqhilo] -> [org.hibernate.id.SequenceHiLoGenerator]
17:03:33.729 [Test worker] DEBUG org.hibernate.id.factory.internal.DefaultIdentifierGeneratorFactory - Registering IdentifierGenerator strategy [increment] -> [org.hibernate.id.IncrementGenerator]
17:03:33.729 [Test worker] DEBUG org.hibernate.id.factory.internal.DefaultIdentifierGeneratorFactory - Registering IdentifierGenerator strategy [foreign] -> [org.hibernate.id.ForeignGenerator]
17:03:33.729 [Test worker] DEBUG org.hibernate.id.factory.internal.DefaultIdentifierGeneratorFactory - Registering IdentifierGenerator strategy [sequence-identity] -> [org.hibernate.id.SequenceIdentityGenerator]
17:03:33.729 [Test worker] DEBUG org.hibernate.id.factory.internal.DefaultIdentifierGeneratorFactory - Registering IdentifierGenerator strategy [enhanced-sequence] -> [org.hibernate.id.enhanced.SequenceStyleGenerator]
17:03:33.729 [Test worker] DEBUG org.hibernate.id.factory.internal.DefaultIdentifierGeneratorFactory - Registering IdentifierGenerator strategy [enhanced-table] -> [org.hibernate.id.enhanced.TableGenerator]
17:03:33.730 [Test worker] DEBUG org.hibernate.engine.jdbc.env.internal.JdbcEnvironmentInitiator - Database ->
       name : H2
    version : 1.4.197 (2018-03-18)
      major : 1
      minor : 4
17:03:33.730 [Test worker] DEBUG org.hibernate.engine.jdbc.env.internal.JdbcEnvironmentInitiator - Driver ->
       name : H2 JDBC Driver
    version : 1.4.197 (2018-03-18)
      major : 1
      minor : 4
17:03:33.730 [Test worker] DEBUG org.hibernate.engine.jdbc.env.internal.JdbcEnvironmentInitiator - JDBC version : 4.0
17:03:33.730 [Test worker] INFO org.hibernate.dialect.Dialect - HHH000400: Using dialect: org.hibernate.dialect.H2Dialect
17:03:33.732 [Test worker] DEBUG org.hibernate.boot.model.relational.Namespace - Created database namespace [logicalName=Name{catalog=null, schema=null}, physicalName=Name{catalog=null, schema=null}]
17:03:33.732 [Test worker] DEBUG org.hibernate.type.spi.TypeConfiguration$Scope - Scoping TypeConfiguration [org.hibernate.type.spi.TypeConfiguration@5d43a4fd] to MetadataBuildingContext [org.hibernate.boot.internal.MetadataBuildingContextRootImpl@8362522]
17:03:33.733 [Test worker] DEBUG org.hibernate.cfg.AnnotationBinder - Binding entity from annotated class: com.epam.esm.entity.Entity
17:03:33.733 [Test worker] DEBUG org.hibernate.cfg.Ejb3Column - Binding column: Ejb3DiscriminatorColumn{logicalColumnName'DTYPE', discriminatorTypeName='string'}
17:03:33.733 [Test worker] DEBUG org.hibernate.cfg.annotations.EntityBinder - Import with entity name Entity
17:03:33.733 [Test worker] DEBUG org.hibernate.cfg.annotations.EntityBinder - Bind entity com.epam.esm.entity.Entity on table entity
17:03:33.733 [Test worker] DEBUG org.hibernate.cfg.Ejb3Column - Binding column: Ejb3Column{table=org.hibernate.mapping.Table(entity), mappingColumn=id, insertable=true, updatable=true, unique=false}
17:03:33.734 [Test worker] DEBUG org.hibernate.cfg.annotations.PropertyBinder - MetadataSourceProcessor property id with lazy=false
17:03:33.734 [Test worker] DEBUG org.hibernate.cfg.AbstractPropertyHolder - Attempting to locate auto-apply AttributeConverter for property [com.epam.esm.entity.Entity:id]
17:03:33.734 [Test worker] DEBUG org.hibernate.cfg.annotations.SimpleValueBinder - building SimpleValue for id
17:03:33.734 [Test worker] DEBUG org.hibernate.cfg.annotations.PropertyBinder - Building property id
17:03:33.734 [Test worker] DEBUG org.hibernate.cfg.BinderHelper - #makeIdGenerator(org.hibernate.mapping.SimpleValue([org.hibernate.mapping.Column(id)]), id, identity, , ...)
17:03:33.734 [Test worker] DEBUG org.hibernate.cfg.AnnotationBinder - Binding entity from annotated class: com.epam.esm.entity.GiftCertificate
17:03:33.734 [Test worker] DEBUG org.hibernate.cfg.Ejb3Column - Binding column: Ejb3DiscriminatorColumn{logicalColumnName'DTYPE', discriminatorTypeName='string'}
17:03:33.734 [Test worker] DEBUG org.hibernate.cfg.annotations.EntityBinder - Import with entity name GiftCertificate
17:03:33.734 [Test worker] DEBUG org.hibernate.cfg.annotations.EntityBinder - Bind entity com.epam.esm.entity.GiftCertificate on table certificate
17:03:33.735 [Test worker] DEBUG org.hibernate.cfg.Ejb3Column - Binding column: Ejb3Column{table=org.hibernate.mapping.Table(certificate), mappingColumn=id, insertable=true, updatable=true, unique=false}
17:03:33.735 [Test worker] DEBUG org.hibernate.cfg.annotations.PropertyBinder - MetadataSourceProcessor property id with lazy=false
17:03:33.735 [Test worker] DEBUG org.hibernate.cfg.AbstractPropertyHolder - Attempting to locate auto-apply AttributeConverter for property [com.epam.esm.entity.GiftCertificate:id]
17:03:33.735 [Test worker] DEBUG org.hibernate.cfg.annotations.SimpleValueBinder - building SimpleValue for id
17:03:33.735 [Test worker] DEBUG org.hibernate.cfg.annotations.PropertyBinder - Building property id
17:03:33.735 [Test worker] DEBUG org.hibernate.cfg.BinderHelper - #makeIdGenerator(org.hibernate.mapping.SimpleValue([org.hibernate.mapping.Column(id)]), id, identity, , ...)
17:03:33.735 [Test worker] DEBUG org.hibernate.cfg.Ejb3Column - Binding column: Ejb3Column{table=org.hibernate.mapping.Table(certificate), mappingColumn=active_status, insertable=true, updatable=true, unique=false}
17:03:33.735 [Test worker] DEBUG org.hibernate.cfg.annotations.PropertyBinder - MetadataSourceProcessor property activeStatus with lazy=false
17:03:33.735 [Test worker] DEBUG org.hibernate.cfg.AbstractPropertyHolder - Attempting to locate auto-apply AttributeConverter for property [com.epam.esm.entity.GiftCertificate:activeStatus]
17:03:33.735 [Test worker] DEBUG org.hibernate.cfg.annotations.SimpleValueBinder - building SimpleValue for activeStatus
17:03:33.735 [Test worker] DEBUG org.hibernate.cfg.annotations.PropertyBinder - Building property activeStatus
17:03:33.735 [Test worker] DEBUG org.hibernate.cfg.Ejb3Column - Binding column: Ejb3Column{table=org.hibernate.mapping.Table(certificate), mappingColumn=creation_date, insertable=true, updatable=true, unique=false}
17:03:33.736 [Test worker] DEBUG org.hibernate.cfg.annotations.PropertyBinder - MetadataSourceProcessor property creationDate with lazy=false
17:03:33.736 [Test worker] DEBUG org.hibernate.cfg.AbstractPropertyHolder - Attempting to locate auto-apply AttributeConverter for property [com.epam.esm.entity.GiftCertificate:creationDate]
17:03:33.736 [Test worker] DEBUG org.hibernate.cfg.annotations.SimpleValueBinder - building SimpleValue for creationDate
17:03:33.736 [Test worker] DEBUG org.hibernate.cfg.annotations.PropertyBinder - Building property creationDate
17:03:33.736 [Test worker] DEBUG org.hibernate.cfg.Ejb3Column - Binding column: Ejb3Column{table=org.hibernate.mapping.Table(certificate), mappingColumn=description, insertable=true, updatable=true, unique=false}
17:03:33.736 [Test worker] DEBUG org.hibernate.cfg.annotations.PropertyBinder - MetadataSourceProcessor property description with lazy=false
17:03:33.736 [Test worker] DEBUG org.hibernate.cfg.AbstractPropertyHolder - Attempting to locate auto-apply AttributeConverter for property [com.epam.esm.entity.GiftCertificate:description]
17:03:33.736 [Test worker] DEBUG org.hibernate.cfg.annotations.SimpleValueBinder - building SimpleValue for description
17:03:33.736 [Test worker] DEBUG org.hibernate.cfg.annotations.PropertyBinder - Building property description
17:03:33.736 [Test worker] DEBUG org.hibernate.cfg.Ejb3Column - Binding column: Ejb3Column{table=org.hibernate.mapping.Table(certificate), mappingColumn=expiration_date, insertable=true, updatable=true, unique=false}
17:03:33.736 [Test worker] DEBUG org.hibernate.cfg.annotations.PropertyBinder - MetadataSourceProcessor property expirationDate with lazy=false
17:03:33.736 [Test worker] DEBUG org.hibernate.cfg.AbstractPropertyHolder - Attempting to locate auto-apply AttributeConverter for property [com.epam.esm.entity.GiftCertificate:expirationDate]
17:03:33.736 [Test worker] DEBUG org.hibernate.cfg.annotations.SimpleValueBinder - building SimpleValue for expirationDate
17:03:33.736 [Test worker] DEBUG org.hibernate.cfg.annotations.PropertyBinder - Building property expirationDate
17:03:33.736 [Test worker] DEBUG org.hibernate.cfg.Ejb3Column - Binding column: Ejb3Column{table=org.hibernate.mapping.Table(certificate), mappingColumn=modification_date, insertable=true, updatable=true, unique=false}
17:03:33.736 [Test worker] DEBUG org.hibernate.cfg.annotations.PropertyBinder - MetadataSourceProcessor property modificationDate with lazy=false
17:03:33.737 [Test worker] DEBUG org.hibernate.cfg.AbstractPropertyHolder - Attempting to locate auto-apply AttributeConverter for property [com.epam.esm.entity.GiftCertificate:modificationDate]
17:03:33.737 [Test worker] DEBUG org.hibernate.cfg.annotations.SimpleValueBinder - building SimpleValue for modificationDate
17:03:33.737 [Test worker] DEBUG org.hibernate.cfg.annotations.PropertyBinder - Building property modificationDate
17:03:33.737 [Test worker] DEBUG org.hibernate.cfg.Ejb3Column - Binding column: Ejb3Column{table=org.hibernate.mapping.Table(certificate), mappingColumn=name, insertable=true, updatable=true, unique=false}
17:03:33.737 [Test worker] DEBUG org.hibernate.cfg.annotations.PropertyBinder - MetadataSourceProcessor property name with lazy=false
17:03:33.737 [Test worker] DEBUG org.hibernate.cfg.AbstractPropertyHolder - Attempting to locate auto-apply AttributeConverter for property [com.epam.esm.entity.GiftCertificate:name]
17:03:33.737 [Test worker] DEBUG org.hibernate.cfg.annotations.SimpleValueBinder - building SimpleValue for name
17:03:33.737 [Test worker] DEBUG org.hibernate.cfg.annotations.PropertyBinder - Building property name
17:03:33.737 [Test worker] DEBUG org.hibernate.cfg.Ejb3Column - Binding column: Ejb3JoinColumn{logicalColumnName='null', referencedColumn='null', mappedBy='certificate'}
17:03:33.737 [Test worker] DEBUG org.hibernate.cfg.Ejb3Column - Binding column: Ejb3Column{table=org.hibernate.mapping.Table(certificate), mappingColumn=order_certificates, insertable=true, updatable=true, unique=false}
17:03:33.737 [Test worker] DEBUG org.hibernate.cfg.Ejb3Column - Binding column: Ejb3Column{table=org.hibernate.mapping.Table(certificate), mappingColumn=null, insertable=true, updatable=true, unique=false}
17:03:33.737 [Test worker] DEBUG org.hibernate.cfg.Ejb3Column - Binding column: Ejb3Column{table=org.hibernate.mapping.Table(certificate), mappingColumn=element, insertable=true, updatable=true, unique=false}
17:03:33.737 [Test worker] DEBUG org.hibernate.cfg.Ejb3Column - Binding column: Ejb3Column{table=org.hibernate.mapping.Table(certificate), mappingColumn=order_certificates_key, insertable=true, updatable=true, unique=false}
17:03:33.737 [Test worker] DEBUG org.hibernate.cfg.Ejb3Column - Binding column: Ejb3JoinColumn{logicalColumnName='orderCertificates_KEY', referencedColumn='null', mappedBy='null'}
17:03:33.738 [Test worker] DEBUG org.hibernate.cfg.Ejb3Column - Binding column: Ejb3JoinColumn{logicalColumnName='null', referencedColumn='null', mappedBy='certificate'}
17:03:33.738 [Test worker] DEBUG org.hibernate.cfg.Ejb3Column - Binding column: Ejb3JoinColumn{logicalColumnName='null', referencedColumn='null', mappedBy='certificate'}
17:03:33.738 [Test worker] DEBUG org.hibernate.cfg.annotations.CollectionBinder - Collection role: com.epam.esm.entity.GiftCertificate.orderCertificates
17:03:33.738 [Test worker] DEBUG org.hibernate.cfg.annotations.PropertyBinder - Building property orderCertificates
17:03:33.738 [Test worker] DEBUG org.hibernate.cfg.Ejb3Column - Binding column: Ejb3Column{table=org.hibernate.mapping.Table(certificate), mappingColumn=price, insertable=true, updatable=true, unique=false}
17:03:33.738 [Test worker] DEBUG org.hibernate.cfg.annotations.PropertyBinder - MetadataSourceProcessor property price with lazy=false
17:03:33.738 [Test worker] DEBUG org.hibernate.cfg.AbstractPropertyHolder - Attempting to locate auto-apply AttributeConverter for property [com.epam.esm.entity.GiftCertificate:price]
17:03:33.738 [Test worker] DEBUG org.hibernate.cfg.annotations.SimpleValueBinder - building SimpleValue for price
17:03:33.738 [Test worker] DEBUG org.hibernate.cfg.annotations.PropertyBinder - Building property price
17:03:33.738 [Test worker] DEBUG org.hibernate.cfg.Ejb3Column - Binding column: Ejb3Column{table=org.hibernate.mapping.Table(certificate), mappingColumn=null, insertable=true, updatable=true, unique=false}
17:03:33.738 [Test worker] DEBUG org.hibernate.cfg.Ejb3Column - Binding column: Ejb3Column{table=org.hibernate.mapping.Table(certificate), mappingColumn=element, insertable=true, updatable=true, unique=false}
17:03:33.738 [Test worker] DEBUG org.hibernate.cfg.Ejb3Column - Binding column: Ejb3Column{table=org.hibernate.mapping.Table(certificate), mappingColumn=tags_key, insertable=true, updatable=true, unique=false}
17:03:33.738 [Test worker] DEBUG org.hibernate.cfg.Ejb3Column - Binding column: Ejb3JoinColumn{logicalColumnName='tags_KEY', referencedColumn='null', mappedBy='null'}
17:03:33.738 [Test worker] DEBUG org.hibernate.cfg.Ejb3Column - Binding column: Ejb3JoinColumn{logicalColumnName='certificate_id', referencedColumn='', mappedBy=''}
17:03:33.738 [Test worker] DEBUG org.hibernate.cfg.Ejb3Column - Binding column: Ejb3JoinColumn{logicalColumnName='tag_id', referencedColumn='', mappedBy=''}
17:03:33.738 [Test worker] DEBUG org.hibernate.cfg.annotations.CollectionBinder - Collection role: com.epam.esm.entity.GiftCertificate.tags
17:03:33.738 [Test worker] DEBUG org.hibernate.cfg.annotations.PropertyBinder - Building property tags
17:03:33.738 [Test worker] DEBUG org.hibernate.cfg.AnnotationBinder - Binding entity from annotated class: com.epam.esm.entity.Order
17:03:33.739 [Test worker] DEBUG org.hibernate.cfg.Ejb3Column - Binding column: Ejb3DiscriminatorColumn{logicalColumnName'DTYPE', discriminatorTypeName='string'}
17:03:33.739 [Test worker] DEBUG org.hibernate.cfg.annotations.EntityBinder - Import with entity name Order
17:03:33.739 [Test worker] DEBUG org.hibernate.cfg.annotations.EntityBinder - Bind entity com.epam.esm.entity.Order on table application_order
17:03:33.739 [Test worker] DEBUG org.hibernate.cfg.Ejb3Column - Binding column: Ejb3Column{table=org.hibernate.mapping.Table(application_order), mappingColumn=id, insertable=true, updatable=true, unique=false}
17:03:33.739 [Test worker] DEBUG org.hibernate.cfg.annotations.PropertyBinder - MetadataSourceProcessor property id with lazy=false
17:03:33.739 [Test worker] DEBUG org.hibernate.cfg.AbstractPropertyHolder - Attempting to locate auto-apply AttributeConverter for property [com.epam.esm.entity.Order:id]
17:03:33.739 [Test worker] DEBUG org.hibernate.cfg.annotations.SimpleValueBinder - building SimpleValue for id
17:03:33.739 [Test worker] DEBUG org.hibernate.cfg.annotations.PropertyBinder - Building property id
17:03:33.739 [Test worker] DEBUG org.hibernate.cfg.BinderHelper - #makeIdGenerator(org.hibernate.mapping.SimpleValue([org.hibernate.mapping.Column(id)]), id, identity, , ...)
17:03:33.739 [Test worker] DEBUG org.hibernate.cfg.Ejb3Column - Binding column: Ejb3Column{table=org.hibernate.mapping.Table(application_order), mappingColumn=active_status, insertable=true, updatable=true, unique=false}
17:03:33.739 [Test worker] DEBUG org.hibernate.cfg.annotations.PropertyBinder - MetadataSourceProcessor property activeStatus with lazy=false
17:03:33.739 [Test worker] DEBUG org.hibernate.cfg.AbstractPropertyHolder - Attempting to locate auto-apply AttributeConverter for property [com.epam.esm.entity.Order:activeStatus]
17:03:33.739 [Test worker] DEBUG org.hibernate.cfg.annotations.SimpleValueBinder - building SimpleValue for activeStatus
17:03:33.739 [Test worker] DEBUG org.hibernate.cfg.annotations.PropertyBinder - Building property activeStatus
17:03:33.739 [Test worker] DEBUG org.hibernate.cfg.Ejb3Column - Binding column: Ejb3Column{table=org.hibernate.mapping.Table(application_order), mappingColumn=created_at, insertable=true, updatable=true, unique=false}
17:03:33.739 [Test worker] DEBUG org.hibernate.cfg.annotations.PropertyBinder - MetadataSourceProcessor property createdAt with lazy=false
17:03:33.740 [Test worker] DEBUG org.hibernate.cfg.AbstractPropertyHolder - Attempting to locate auto-apply AttributeConverter for property [com.epam.esm.entity.Order:createdAt]
17:03:33.740 [Test worker] DEBUG org.hibernate.cfg.annotations.SimpleValueBinder - building SimpleValue for createdAt
17:03:33.740 [Test worker] DEBUG org.hibernate.cfg.annotations.PropertyBinder - Building property createdAt
17:03:33.740 [Test worker] DEBUG org.hibernate.cfg.Ejb3Column - Binding column: Ejb3JoinColumn{logicalColumnName='null', referencedColumn='null', mappedBy='order'}
17:03:33.740 [Test worker] DEBUG org.hibernate.cfg.Ejb3Column - Binding column: Ejb3Column{table=org.hibernate.mapping.Table(application_order), mappingColumn=order_certificates, insertable=true, updatable=true, unique=false}
17:03:33.740 [Test worker] DEBUG org.hibernate.cfg.Ejb3Column - Binding column: Ejb3Column{table=org.hibernate.mapping.Table(application_order), mappingColumn=null, insertable=true, updatable=true, unique=false}
17:03:33.740 [Test worker] DEBUG org.hibernate.cfg.Ejb3Column - Binding column: Ejb3Column{table=org.hibernate.mapping.Table(application_order), mappingColumn=element, insertable=true, updatable=true, unique=false}
17:03:33.740 [Test worker] DEBUG org.hibernate.cfg.Ejb3Column - Binding column: Ejb3Column{table=org.hibernate.mapping.Table(application_order), mappingColumn=order_certificates_key, insertable=true, updatable=true, unique=false}
17:03:33.740 [Test worker] DEBUG org.hibernate.cfg.Ejb3Column - Binding column: Ejb3JoinColumn{logicalColumnName='orderCertificates_KEY', referencedColumn='null', mappedBy='null'}
17:03:33.740 [Test worker] DEBUG org.hibernate.cfg.Ejb3Column - Binding column: Ejb3JoinColumn{logicalColumnName='null', referencedColumn='null', mappedBy='order'}
17:03:33.740 [Test worker] DEBUG org.hibernate.cfg.Ejb3Column - Binding column: Ejb3JoinColumn{logicalColumnName='null', referencedColumn='null', mappedBy='order'}
17:03:33.740 [Test worker] DEBUG org.hibernate.cfg.annotations.CollectionBinder - Collection role: com.epam.esm.entity.Order.orderCertificates
17:03:33.740 [Test worker] DEBUG org.hibernate.cfg.annotations.PropertyBinder - Building property orderCertificates
17:03:33.740 [Test worker] DEBUG org.hibernate.cfg.Ejb3Column - Binding column: Ejb3JoinColumn{logicalColumnName='user_id', referencedColumn='', mappedBy=''}
17:03:33.740 [Test worker] DEBUG org.hibernate.cfg.Ejb3Column - Binding column: Ejb3Column{table=org.hibernate.mapping.Table(application_order), mappingColumn=user, insertable=true, updatable=true, unique=false}
17:03:33.740 [Test worker] DEBUG org.hibernate.cfg.annotations.PropertyBinder - Building property user
17:03:33.741 [Test worker] DEBUG org.hibernate.cfg.AnnotationBinder - Binding entity from annotated class: com.epam.esm.entity.OrderCertificate
17:03:33.741 [Test worker] DEBUG org.hibernate.cfg.Ejb3Column - Binding column: Ejb3DiscriminatorColumn{logicalColumnName'DTYPE', discriminatorTypeName='string'}
17:03:33.741 [Test worker] DEBUG org.hibernate.cfg.annotations.EntityBinder - Import with entity name OrderCertificate
17:03:33.741 [Test worker] DEBUG org.hibernate.cfg.annotations.EntityBinder - Bind entity com.epam.esm.entity.OrderCertificate on table order_certificate
17:03:33.741 [Test worker] DEBUG org.hibernate.cfg.Ejb3Column - Binding column: Ejb3Column{table=org.hibernate.mapping.Table(order_certificate), mappingColumn=id, insertable=true, updatable=true, unique=false}
17:03:33.741 [Test worker] DEBUG org.hibernate.cfg.annotations.PropertyBinder - MetadataSourceProcessor property id with lazy=false
17:03:33.741 [Test worker] DEBUG org.hibernate.cfg.AbstractPropertyHolder - Attempting to locate auto-apply AttributeConverter for property [com.epam.esm.entity.OrderCertificate:id]
17:03:33.741 [Test worker] DEBUG org.hibernate.cfg.annotations.SimpleValueBinder - building SimpleValue for id
17:03:33.741 [Test worker] DEBUG org.hibernate.cfg.annotations.PropertyBinder - Building property id
17:03:33.741 [Test worker] DEBUG org.hibernate.cfg.BinderHelper - #makeIdGenerator(org.hibernate.mapping.SimpleValue([org.hibernate.mapping.Column(id)]), id, identity, , ...)
17:03:33.741 [Test worker] DEBUG org.hibernate.cfg.Ejb3Column - Binding column: Ejb3JoinColumn{logicalColumnName='null', referencedColumn='', mappedBy=''}
17:03:33.741 [Test worker] DEBUG org.hibernate.cfg.Ejb3Column - Binding column: Ejb3Column{table=org.hibernate.mapping.Table(order_certificate), mappingColumn=certificate, insertable=true, updatable=true, unique=false}
17:03:33.741 [Test worker] DEBUG org.hibernate.cfg.annotations.PropertyBinder - Building property certificate
17:03:33.741 [Test worker] DEBUG org.hibernate.cfg.Ejb3Column - Binding column: Ejb3Column{table=org.hibernate.mapping.Table(order_certificate), mappingColumn=expiration_date, insertable=true, updatable=true, unique=false}
17:03:33.742 [Test worker] DEBUG org.hibernate.cfg.annotations.PropertyBinder - MetadataSourceProcessor property expirationDate with lazy=false
17:03:33.742 [Test worker] DEBUG org.hibernate.cfg.AbstractPropertyHolder - Attempting to locate auto-apply AttributeConverter for property [com.epam.esm.entity.OrderCertificate:expirationDate]
17:03:33.742 [Test worker] DEBUG org.hibernate.cfg.annotations.SimpleValueBinder - building SimpleValue for expirationDate
17:03:33.742 [Test worker] DEBUG org.hibernate.cfg.annotations.PropertyBinder - Building property expirationDate
17:03:33.742 [Test worker] DEBUG org.hibernate.cfg.Ejb3Column - Binding column: Ejb3Column{table=org.hibernate.mapping.Table(order_certificate), mappingColumn=fixed_price, insertable=true, updatable=true, unique=false}
17:03:33.742 [Test worker] DEBUG org.hibernate.cfg.annotations.PropertyBinder - MetadataSourceProcessor property fixedPrice with lazy=false
17:03:33.742 [Test worker] DEBUG org.hibernate.cfg.AbstractPropertyHolder - Attempting to locate auto-apply AttributeConverter for property [com.epam.esm.entity.OrderCertificate:fixedPrice]
17:03:33.742 [Test worker] DEBUG org.hibernate.cfg.annotations.SimpleValueBinder - building SimpleValue for fixedPrice
17:03:33.742 [Test worker] DEBUG org.hibernate.cfg.annotations.PropertyBinder - Building property fixedPrice
17:03:33.742 [Test worker] DEBUG org.hibernate.cfg.Ejb3Column - Binding column: Ejb3JoinColumn{logicalColumnName='null', referencedColumn='', mappedBy=''}
17:03:33.742 [Test worker] DEBUG org.hibernate.cfg.Ejb3Column - Binding column: Ejb3Column{table=org.hibernate.mapping.Table(order_certificate), mappingColumn=order, insertable=true, updatable=true, unique=false}
17:03:33.742 [Test worker] DEBUG org.hibernate.cfg.annotations.PropertyBinder - Building property order
17:03:33.742 [Test worker] DEBUG org.hibernate.cfg.AnnotationBinder - Binding entity from annotated class: com.epam.esm.entity.Role
17:03:33.742 [Test worker] DEBUG org.hibernate.cfg.Ejb3Column - Binding column: Ejb3DiscriminatorColumn{logicalColumnName'DTYPE', discriminatorTypeName='string'}
17:03:33.742 [Test worker] DEBUG org.hibernate.cfg.annotations.EntityBinder - Import with entity name Role
17:03:33.742 [Test worker] DEBUG org.hibernate.cfg.annotations.EntityBinder - Bind entity com.epam.esm.entity.Role on table application_role
17:03:33.743 [Test worker] DEBUG org.hibernate.cfg.Ejb3Column - Binding column: Ejb3Column{table=org.hibernate.mapping.Table(application_role), mappingColumn=id, insertable=true, updatable=true, unique=false}
17:03:33.743 [Test worker] DEBUG org.hibernate.cfg.annotations.PropertyBinder - MetadataSourceProcessor property id with lazy=false
17:03:33.743 [Test worker] DEBUG org.hibernate.cfg.AbstractPropertyHolder - Attempting to locate auto-apply AttributeConverter for property [com.epam.esm.entity.Role:id]
17:03:33.743 [Test worker] DEBUG org.hibernate.cfg.annotations.SimpleValueBinder - building SimpleValue for id
17:03:33.743 [Test worker] DEBUG org.hibernate.cfg.annotations.PropertyBinder - Building property id
17:03:33.743 [Test worker] DEBUG org.hibernate.cfg.BinderHelper - #makeIdGenerator(org.hibernate.mapping.SimpleValue([org.hibernate.mapping.Column(id)]), id, identity, , ...)
17:03:33.743 [Test worker] DEBUG org.hibernate.cfg.Ejb3Column - Binding column: Ejb3Column{table=org.hibernate.mapping.Table(application_role), mappingColumn=value, insertable=true, updatable=true, unique=false}
17:03:33.743 [Test worker] DEBUG org.hibernate.cfg.annotations.PropertyBinder - MetadataSourceProcessor property value with lazy=false
17:03:33.743 [Test worker] DEBUG org.hibernate.cfg.AbstractPropertyHolder - Attempting to locate auto-apply AttributeConverter for property [com.epam.esm.entity.Role:value]
17:03:33.743 [Test worker] DEBUG org.hibernate.cfg.annotations.SimpleValueBinder - building SimpleValue for value
17:03:33.743 [Test worker] DEBUG org.hibernate.cfg.annotations.PropertyBinder - Building property value
17:03:33.743 [Test worker] DEBUG org.hibernate.cfg.AnnotationBinder - Binding entity from annotated class: com.epam.esm.entity.Tag
17:03:33.743 [Test worker] DEBUG org.hibernate.cfg.Ejb3Column - Binding column: Ejb3DiscriminatorColumn{logicalColumnName'DTYPE', discriminatorTypeName='string'}
17:03:33.743 [Test worker] DEBUG org.hibernate.cfg.annotations.EntityBinder - Import with entity name Tag
17:03:33.743 [Test worker] DEBUG org.hibernate.cfg.annotations.EntityBinder - Bind entity com.epam.esm.entity.Tag on table tag
17:03:33.744 [Test worker] DEBUG org.hibernate.cfg.Ejb3Column - Binding column: Ejb3Column{table=org.hibernate.mapping.Table(tag), mappingColumn=id, insertable=true, updatable=true, unique=false}
17:03:33.744 [Test worker] DEBUG org.hibernate.cfg.annotations.PropertyBinder - MetadataSourceProcessor property id with lazy=false
17:03:33.744 [Test worker] DEBUG org.hibernate.cfg.AbstractPropertyHolder - Attempting to locate auto-apply AttributeConverter for property [com.epam.esm.entity.Tag:id]
17:03:33.744 [Test worker] DEBUG org.hibernate.cfg.annotations.SimpleValueBinder - building SimpleValue for id
17:03:33.744 [Test worker] DEBUG org.hibernate.cfg.annotations.PropertyBinder - Building property id
17:03:33.744 [Test worker] DEBUG org.hibernate.cfg.BinderHelper - #makeIdGenerator(org.hibernate.mapping.SimpleValue([org.hibernate.mapping.Column(id)]), id, identity, , ...)
17:03:33.744 [Test worker] DEBUG org.hibernate.cfg.Ejb3Column - Binding column: Ejb3Column{table=org.hibernate.mapping.Table(tag), mappingColumn=title, insertable=true, updatable=false, unique=true}
17:03:33.744 [Test worker] DEBUG org.hibernate.cfg.annotations.PropertyBinder - MetadataSourceProcessor property title with lazy=false
17:03:33.744 [Test worker] DEBUG org.hibernate.cfg.AbstractPropertyHolder - Attempting to locate auto-apply AttributeConverter for property [com.epam.esm.entity.Tag:title]
17:03:33.744 [Test worker] DEBUG org.hibernate.cfg.annotations.SimpleValueBinder - building SimpleValue for title
17:03:33.744 [Test worker] DEBUG org.hibernate.cfg.annotations.PropertyBinder - Building property title
17:03:33.744 [Test worker] DEBUG org.hibernate.cfg.AnnotationBinder - Binding entity from annotated class: com.epam.esm.entity.User
17:03:33.744 [Test worker] DEBUG org.hibernate.cfg.Ejb3Column - Binding column: Ejb3DiscriminatorColumn{logicalColumnName'DTYPE', discriminatorTypeName='string'}
17:03:33.744 [Test worker] DEBUG org.hibernate.cfg.annotations.EntityBinder - Import with entity name User
17:03:33.744 [Test worker] DEBUG org.hibernate.cfg.annotations.EntityBinder - Bind entity com.epam.esm.entity.User on table application_user
17:03:33.745 [Test worker] DEBUG org.hibernate.cfg.Ejb3Column - Binding column: Ejb3Column{table=org.hibernate.mapping.Table(application_user), mappingColumn=id, insertable=true, updatable=true, unique=false}
17:03:33.745 [Test worker] DEBUG org.hibernate.cfg.annotations.PropertyBinder - MetadataSourceProcessor property id with lazy=false
17:03:33.745 [Test worker] DEBUG org.hibernate.cfg.AbstractPropertyHolder - Attempting to locate auto-apply AttributeConverter for property [com.epam.esm.entity.User:id]
17:03:33.745 [Test worker] DEBUG org.hibernate.cfg.annotations.SimpleValueBinder - building SimpleValue for id
17:03:33.745 [Test worker] DEBUG org.hibernate.cfg.annotations.PropertyBinder - Building property id
17:03:33.745 [Test worker] DEBUG org.hibernate.cfg.BinderHelper - #makeIdGenerator(org.hibernate.mapping.SimpleValue([org.hibernate.mapping.Column(id)]), id, identity, , ...)
17:03:33.745 [Test worker] DEBUG org.hibernate.cfg.Ejb3Column - Binding column: Ejb3Column{table=org.hibernate.mapping.Table(application_user), mappingColumn=email, insertable=true, updatable=true, unique=false}
17:03:33.745 [Test worker] DEBUG org.hibernate.cfg.annotations.PropertyBinder - MetadataSourceProcessor property email with lazy=false
17:03:33.745 [Test worker] DEBUG org.hibernate.cfg.AbstractPropertyHolder - Attempting to locate auto-apply AttributeConverter for property [com.epam.esm.entity.User:email]
17:03:33.745 [Test worker] DEBUG org.hibernate.cfg.annotations.SimpleValueBinder - building SimpleValue for email
17:03:33.745 [Test worker] DEBUG org.hibernate.cfg.annotations.PropertyBinder - Building property email
17:03:33.745 [Test worker] DEBUG org.hibernate.cfg.Ejb3Column - Binding column: Ejb3JoinColumn{logicalColumnName='null', referencedColumn='null', mappedBy='user'}
17:03:33.745 [Test worker] DEBUG org.hibernate.cfg.Ejb3Column - Binding column: Ejb3Column{table=org.hibernate.mapping.Table(application_user), mappingColumn=orders, insertable=true, updatable=true, unique=false}
17:03:33.745 [Test worker] DEBUG org.hibernate.cfg.Ejb3Column - Binding column: Ejb3Column{table=org.hibernate.mapping.Table(application_user), mappingColumn=null, insertable=true, updatable=true, unique=false}
17:03:33.745 [Test worker] DEBUG org.hibernate.cfg.Ejb3Column - Binding column: Ejb3Column{table=org.hibernate.mapping.Table(application_user), mappingColumn=element, insertable=true, updatable=true, unique=false}
17:03:33.745 [Test worker] DEBUG org.hibernate.cfg.Ejb3Column - Binding column: Ejb3Column{table=org.hibernate.mapping.Table(application_user), mappingColumn=orders_key, insertable=true, updatable=true, unique=false}
17:03:33.745 [Test worker] DEBUG org.hibernate.cfg.Ejb3Column - Binding column: Ejb3JoinColumn{logicalColumnName='orders_KEY', referencedColumn='null', mappedBy='null'}
17:03:33.745 [Test worker] DEBUG org.hibernate.cfg.Ejb3Column - Binding column: Ejb3JoinColumn{logicalColumnName='null', referencedColumn='null', mappedBy='user'}
17:03:33.746 [Test worker] DEBUG org.hibernate.cfg.Ejb3Column - Binding column: Ejb3JoinColumn{logicalColumnName='null', referencedColumn='null', mappedBy='user'}
17:03:33.746 [Test worker] DEBUG org.hibernate.cfg.annotations.CollectionBinder - Collection role: com.epam.esm.entity.User.orders
17:03:33.746 [Test worker] DEBUG org.hibernate.cfg.annotations.PropertyBinder - Building property orders
17:03:33.746 [Test worker] DEBUG org.hibernate.cfg.Ejb3Column - Binding column: Ejb3Column{table=org.hibernate.mapping.Table(application_user), mappingColumn=password, insertable=true, updatable=true, unique=false}
17:03:33.746 [Test worker] DEBUG org.hibernate.cfg.annotations.PropertyBinder - MetadataSourceProcessor property password with lazy=false
17:03:33.746 [Test worker] DEBUG org.hibernate.cfg.AbstractPropertyHolder - Attempting to locate auto-apply AttributeConverter for property [com.epam.esm.entity.User:password]
17:03:33.746 [Test worker] DEBUG org.hibernate.cfg.annotations.SimpleValueBinder - building SimpleValue for password
17:03:33.746 [Test worker] DEBUG org.hibernate.cfg.annotations.PropertyBinder - Building property password
17:03:33.746 [Test worker] DEBUG org.hibernate.cfg.Ejb3Column - Binding column: Ejb3Column{table=org.hibernate.mapping.Table(application_user), mappingColumn=refresh_token, insertable=true, updatable=true, unique=false}
17:03:33.746 [Test worker] DEBUG org.hibernate.cfg.annotations.PropertyBinder - MetadataSourceProcessor property refreshToken with lazy=false
17:03:33.746 [Test worker] DEBUG org.hibernate.cfg.AbstractPropertyHolder - Attempting to locate auto-apply AttributeConverter for property [com.epam.esm.entity.User:refreshToken]
17:03:33.746 [Test worker] DEBUG org.hibernate.cfg.annotations.SimpleValueBinder - building SimpleValue for refreshToken
17:03:33.746 [Test worker] DEBUG org.hibernate.cfg.annotations.PropertyBinder - Building property refreshToken
17:03:33.746 [Test worker] DEBUG org.hibernate.cfg.Ejb3Column - Binding column: Ejb3JoinColumn{logicalColumnName='role_id', referencedColumn='', mappedBy=''}
17:03:33.746 [Test worker] DEBUG org.hibernate.cfg.Ejb3Column - Binding column: Ejb3Column{table=org.hibernate.mapping.Table(application_user), mappingColumn=role, insertable=true, updatable=true, unique=false}
17:03:33.746 [Test worker] DEBUG org.hibernate.cfg.annotations.PropertyBinder - Building property role
17:03:33.747 [Test worker] DEBUG org.hibernate.cfg.annotations.SimpleValueBinder - Starting fillSimpleValue for id
17:03:33.747 [Test worker] DEBUG org.hibernate.cfg.annotations.SimpleValueBinder - Starting fillSimpleValue for id
17:03:33.747 [Test worker] DEBUG org.hibernate.cfg.annotations.SimpleValueBinder - Starting fillSimpleValue for activeStatus
17:03:33.747 [Test worker] DEBUG org.hibernate.cfg.annotations.SimpleValueBinder - Starting fillSimpleValue for creationDate
17:03:33.747 [Test worker] DEBUG org.hibernate.cfg.annotations.SimpleValueBinder - Starting fillSimpleValue for description
17:03:33.747 [Test worker] DEBUG org.hibernate.cfg.annotations.SimpleValueBinder - Starting fillSimpleValue for expirationDate
17:03:33.747 [Test worker] DEBUG org.hibernate.cfg.annotations.SimpleValueBinder - Starting fillSimpleValue for modificationDate
17:03:33.747 [Test worker] DEBUG org.hibernate.cfg.annotations.SimpleValueBinder - Starting fillSimpleValue for name
17:03:33.747 [Test worker] DEBUG org.hibernate.cfg.annotations.SimpleValueBinder - Starting fillSimpleValue for price
17:03:33.747 [Test worker] DEBUG org.hibernate.cfg.annotations.SimpleValueBinder - Starting fillSimpleValue for id
17:03:33.747 [Test worker] DEBUG org.hibernate.cfg.annotations.SimpleValueBinder - Starting fillSimpleValue for activeStatus
17:03:33.747 [Test worker] DEBUG org.hibernate.cfg.annotations.SimpleValueBinder - Starting fillSimpleValue for createdAt
17:03:33.747 [Test worker] DEBUG org.hibernate.cfg.annotations.SimpleValueBinder - Starting fillSimpleValue for id
17:03:33.747 [Test worker] DEBUG org.hibernate.cfg.annotations.SimpleValueBinder - Starting fillSimpleValue for expirationDate
17:03:33.747 [Test worker] DEBUG org.hibernate.cfg.annotations.SimpleValueBinder - Starting fillSimpleValue for fixedPrice
17:03:33.747 [Test worker] DEBUG org.hibernate.cfg.annotations.SimpleValueBinder - Starting fillSimpleValue for id
17:03:33.747 [Test worker] DEBUG org.hibernate.cfg.annotations.SimpleValueBinder - Starting fillSimpleValue for value
17:03:33.747 [Test worker] DEBUG org.hibernate.cfg.annotations.SimpleValueBinder - Starting fillSimpleValue for id
17:03:33.747 [Test worker] DEBUG org.hibernate.cfg.annotations.SimpleValueBinder - Starting fillSimpleValue for title
17:03:33.747 [Test worker] DEBUG org.hibernate.cfg.annotations.SimpleValueBinder - Starting fillSimpleValue for id
17:03:33.747 [Test worker] DEBUG org.hibernate.cfg.annotations.SimpleValueBinder - Starting fillSimpleValue for email
17:03:33.747 [Test worker] DEBUG org.hibernate.cfg.annotations.SimpleValueBinder - Starting fillSimpleValue for password
17:03:33.747 [Test worker] DEBUG org.hibernate.cfg.annotations.SimpleValueBinder - Starting fillSimpleValue for refreshToken
17:03:33.747 [Test worker] DEBUG org.hibernate.mapping.PrimaryKey - Forcing column [id] to be non-null as it is part of the primary key for table [entity]
17:03:33.747 [Test worker] DEBUG org.hibernate.mapping.PrimaryKey - Forcing column [id] to be non-null as it is part of the primary key for table [certificate]
17:03:33.748 [Test worker] DEBUG org.hibernate.mapping.PrimaryKey - Forcing column [id] to be non-null as it is part of the primary key for table [application_order]
17:03:33.748 [Test worker] DEBUG org.hibernate.mapping.PrimaryKey - Forcing column [id] to be non-null as it is part of the primary key for table [order_certificate]
17:03:33.748 [Test worker] DEBUG org.hibernate.mapping.PrimaryKey - Forcing column [id] to be non-null as it is part of the primary key for table [application_role]
17:03:33.748 [Test worker] DEBUG org.hibernate.mapping.PrimaryKey - Forcing column [id] to be non-null as it is part of the primary key for table [tag]
17:03:33.748 [Test worker] DEBUG org.hibernate.mapping.PrimaryKey - Forcing column [id] to be non-null as it is part of the primary key for table [application_user]
17:03:33.748 [Test worker] DEBUG org.hibernate.cfg.CollectionSecondPass - Second pass for collection: com.epam.esm.entity.GiftCertificate.tags
17:03:33.748 [Test worker] DEBUG org.hibernate.cfg.annotations.CollectionBinder - Binding as ManyToMany: com.epam.esm.entity.GiftCertificate.tags
17:03:33.748 [Test worker] DEBUG org.hibernate.mapping.PrimaryKey - Forcing column [certificate_id] to be non-null as it is part of the primary key for table [certificate_tag]
17:03:33.748 [Test worker] DEBUG org.hibernate.mapping.PrimaryKey - Forcing column [tag_id] to be non-null as it is part of the primary key for table [certificate_tag]
17:03:33.748 [Test worker] DEBUG org.hibernate.cfg.CollectionSecondPass - Mapped collection key: certificate_id, element: tag_id
17:03:33.748 [Test worker] DEBUG org.hibernate.cfg.CollectionSecondPass - Second pass for collection: com.epam.esm.entity.GiftCertificate.orderCertificates
17:03:33.748 [Test worker] DEBUG org.hibernate.cfg.annotations.CollectionBinder - Binding a OneToMany: com.epam.esm.entity.GiftCertificate.orderCertificates through a foreign key
17:03:33.748 [Test worker] DEBUG org.hibernate.cfg.annotations.CollectionBinder - Mapping collection: com.epam.esm.entity.GiftCertificate.orderCertificates -> order_certificate
17:03:33.748 [Test worker] DEBUG org.hibernate.cfg.annotations.TableBinder - Retrieving property com.epam.esm.entity.OrderCertificate.certificate
17:03:33.748 [Test worker] DEBUG org.hibernate.cfg.CollectionSecondPass - Mapped collection key: certificate_id, one-to-many: com.epam.esm.entity.OrderCertificate
17:03:33.748 [Test worker] DEBUG org.hibernate.cfg.CollectionSecondPass - Second pass for collection: com.epam.esm.entity.Order.orderCertificates
17:03:33.749 [Test worker] DEBUG org.hibernate.cfg.annotations.CollectionBinder - Binding a OneToMany: com.epam.esm.entity.Order.orderCertificates through a foreign key
17:03:33.749 [Test worker] DEBUG org.hibernate.cfg.annotations.CollectionBinder - Mapping collection: com.epam.esm.entity.Order.orderCertificates -> order_certificate
17:03:33.749 [Test worker] DEBUG org.hibernate.cfg.annotations.TableBinder - Retrieving property com.epam.esm.entity.OrderCertificate.order
17:03:33.749 [Test worker] DEBUG org.hibernate.cfg.CollectionSecondPass - Mapped collection key: order_id, one-to-many: com.epam.esm.entity.OrderCertificate
17:03:33.749 [Test worker] DEBUG org.hibernate.cfg.CollectionSecondPass - Second pass for collection: com.epam.esm.entity.User.orders
17:03:33.749 [Test worker] DEBUG org.hibernate.cfg.annotations.CollectionBinder - Binding a OneToMany: com.epam.esm.entity.User.orders through a foreign key
17:03:33.749 [Test worker] DEBUG org.hibernate.cfg.annotations.CollectionBinder - Mapping collection: com.epam.esm.entity.User.orders -> application_order
17:03:33.749 [Test worker] DEBUG org.hibernate.cfg.annotations.TableBinder - Retrieving property com.epam.esm.entity.Order.user
17:03:33.749 [Test worker] DEBUG org.hibernate.cfg.CollectionSecondPass - Mapped collection key: user_id, one-to-many: com.epam.esm.entity.Order
17:03:33.749 [Test worker] DEBUG org.hibernate.boot.internal.InFlightMetadataCollectorImpl - Resolving reference to class: com.epam.esm.entity.User
17:03:33.749 [Test worker] DEBUG org.hibernate.boot.internal.InFlightMetadataCollectorImpl - Resolving reference to class: com.epam.esm.entity.Role
17:03:33.749 [Test worker] DEBUG org.hibernate.boot.internal.InFlightMetadataCollectorImpl - Resolving reference to class: com.epam.esm.entity.Tag
17:03:33.750 [Test worker] DEBUG org.hibernate.boot.internal.InFlightMetadataCollectorImpl - Resolving reference to class: com.epam.esm.entity.GiftCertificate
17:03:33.750 [Test worker] DEBUG org.hibernate.boot.internal.InFlightMetadataCollectorImpl - Resolving reference to class: com.epam.esm.entity.GiftCertificate
17:03:33.750 [Test worker] DEBUG org.hibernate.boot.internal.InFlightMetadataCollectorImpl - Resolving reference to class: com.epam.esm.entity.Order
17:03:33.751 [Test worker] DEBUG org.hibernate.boot.internal.InFlightMetadataCollectorImpl - Resolving reference to class: com.epam.esm.entity.User
17:03:33.751 [Test worker] DEBUG org.hibernate.boot.internal.InFlightMetadataCollectorImpl - Resolving reference to class: com.epam.esm.entity.Role
17:03:33.751 [Test worker] DEBUG org.hibernate.boot.internal.InFlightMetadataCollectorImpl - Resolving reference to class: com.epam.esm.entity.Tag
17:03:33.751 [Test worker] DEBUG org.hibernate.boot.internal.InFlightMetadataCollectorImpl - Resolving reference to class: com.epam.esm.entity.GiftCertificate
17:03:33.751 [Test worker] DEBUG org.hibernate.boot.internal.InFlightMetadataCollectorImpl - Resolving reference to class: com.epam.esm.entity.GiftCertificate
17:03:33.751 [Test worker] DEBUG org.hibernate.boot.internal.InFlightMetadataCollectorImpl - Resolving reference to class: com.epam.esm.entity.Order
17:03:33.752 [Test worker] DEBUG org.hibernate.internal.SessionFactoryImpl - Building session factory
17:03:33.752 [Test worker] DEBUG org.hibernate.cfg.Settings - SessionFactory name : null
17:03:33.752 [Test worker] DEBUG org.hibernate.cfg.Settings - Automatic flush during beforeCompletion(): enabled
17:03:33.752 [Test worker] DEBUG org.hibernate.cfg.Settings - Automatic session close at end of transaction: disabled
17:03:33.752 [Test worker] DEBUG org.hibernate.cfg.Settings - Statistics: disabled
17:03:33.752 [Test worker] DEBUG org.hibernate.cfg.Settings - Deleted entity synthetic identifier rollback: disabled
17:03:33.752 [Test worker] DEBUG org.hibernate.cfg.Settings - Default entity-mode: pojo
17:03:33.752 [Test worker] DEBUG org.hibernate.cfg.Settings - Check Nullability in Core (should be disabled when Bean Validation is on): enabled
17:03:33.752 [Test worker] DEBUG org.hibernate.cfg.Settings - Allow initialization of lazy state outside session : disabled
17:03:33.752 [Test worker] DEBUG org.hibernate.cfg.Settings - Using BatchFetchStyle : LEGACY
17:03:33.752 [Test worker] DEBUG org.hibernate.cfg.Settings - Default batch fetch size: -1
17:03:33.752 [Test worker] DEBUG org.hibernate.cfg.Settings - Maximum outer join fetch depth: null
17:03:33.752 [Test worker] DEBUG org.hibernate.cfg.Settings - Default null ordering: NONE
17:03:33.752 [Test worker] DEBUG org.hibernate.cfg.Settings - Order SQL updates by primary key: disabled
17:03:33.752 [Test worker] DEBUG org.hibernate.cfg.Settings - Order SQL inserts for batching: disabled
17:03:33.752 [Test worker] DEBUG org.hibernate.cfg.Settings - multi-tenancy strategy : NONE
17:03:33.752 [Test worker] DEBUG org.hibernate.cfg.Settings - JTA Track by Thread: enabled
17:03:33.753 [Test worker] DEBUG org.hibernate.cfg.Settings - Query language substitutions: {}
17:03:33.753 [Test worker] DEBUG org.hibernate.cfg.Settings - Named query checking : enabled
17:03:33.753 [Test worker] DEBUG org.hibernate.cfg.Settings - Second-level cache: disabled
17:03:33.753 [Test worker] DEBUG org.hibernate.cfg.Settings - Second-level query cache: disabled
17:03:33.753 [Test worker] DEBUG org.hibernate.cfg.Settings - Second-level query cache factory: null
17:03:33.753 [Test worker] DEBUG org.hibernate.cfg.Settings - Second-level cache region prefix: null
17:03:33.753 [Test worker] DEBUG org.hibernate.cfg.Settings - Optimize second-level cache for minimal puts: disabled
17:03:33.753 [Test worker] DEBUG org.hibernate.cfg.Settings - Structured second-level cache entries: disabled
17:03:33.753 [Test worker] DEBUG org.hibernate.cfg.Settings - Second-level cache direct-reference entries: disabled
17:03:33.753 [Test worker] DEBUG org.hibernate.cfg.Settings - Automatic eviction of collection cache: disabled
17:03:33.753 [Test worker] DEBUG org.hibernate.cfg.Settings - JDBC batch size: 15
17:03:33.753 [Test worker] DEBUG org.hibernate.cfg.Settings - JDBC batch updates for versioned data: enabled
17:03:33.753 [Test worker] DEBUG org.hibernate.cfg.Settings - Scrollable result sets: enabled
17:03:33.753 [Test worker] DEBUG org.hibernate.cfg.Settings - Wrap result sets: disabled
17:03:33.753 [Test worker] DEBUG org.hibernate.cfg.Settings - JDBC3 getGeneratedKeys(): enabled
17:03:33.753 [Test worker] DEBUG org.hibernate.cfg.Settings - JDBC result set fetch size: null
17:03:33.753 [Test worker] DEBUG org.hibernate.cfg.Settings - Connection release mode: ON_CLOSE
17:03:33.753 [Test worker] DEBUG org.hibernate.cfg.Settings - Generate SQL with comments: disabled
17:03:33.753 [Test worker] DEBUG org.hibernate.cfg.Settings - JPA compliance - query : 
17:03:33.753 [Test worker] DEBUG org.hibernate.cfg.Settings - JPA compliance - closed-handling : 
17:03:33.753 [Test worker] DEBUG org.hibernate.cfg.Settings - JPA compliance - lists : 
17:03:33.753 [Test worker] DEBUG org.hibernate.cfg.Settings - JPA compliance - transactions : 
17:03:33.753 [Test worker] DEBUG org.hibernate.jpa.event.internal.CallbackBuilderLegacyImpl - Adding onPrePersist as PrePersist callback for entity com.epam.esm.entity.Order
17:03:33.754 [Test worker] DEBUG org.hibernate.internal.SessionFactoryImpl - Session factory constructed with filter configurations : {}
17:03:33.754 [Test worker] DEBUG org.hibernate.internal.SessionFactoryImpl - Instantiating session factory with properties: {gopherProxySet=false, awt.toolkit=sun.lwawt.macosx.LWCToolkit, hibernate.id.new_generator_mappings=true, java.specification.version=11, sun.cpu.isalist=, hibernate.resource.beans.container=org.springframework.orm.hibernate5.SpringBeanContainer@6eeea74, hibernate.connection.handling_mode=DELAYED_ACQUISITION_AND_HOLD, sun.jnu.encoding=UTF-8, hibernate.dialect=org.hibernate.dialect.H2Dialect, org.gradle.test.worker=3, hibernate.implicit_naming_strategy=org.springframework.boot.orm.jpa.hibernate.SpringImplicitNamingStrategy, java.class.path=/Users/dzmitryplatonov/.gradle/caches/5.6.2/workerMain/gradle-worker.jar:/Users/dzmitryplatonov/Desktop/workdir/giftcertificates/datasource/build/classes/java/test:/Users/dzmitryplatonov/Desktop/workdir/giftcertificates/datasource/build/resources/test:/Users/dzmitryplatonov/Desktop/workdir/giftcertificates/datasource/build/classes/java/main:/Users/dzmitryplatonov/Desktop/workdir/giftcertificates/datasource/build/resources/main:/Users/dzmitryplatonov/.m2/repository/org/apache/logging/log4j/log4j-web/2.11.2/log4j-web-2.11.2.jar:/Users/dzmitryplatonov/.m2/repository/org/apache/logging/log4j/log4j-core/2.11.2/log4j-core-2.11.2.jar:/Users/dzmitryplatonov/.gradle/caches/modules-2/files-2.1/org.springframework.boot/spring-boot-starter-web/2.1.9.RELEASE/2063870234eebbda3c09dddf9853477fe9e4a719/spring-boot-starter-web-2.1.9.RELEASE.jar:/Users/dzmitryplatonov/.gradle/caches/modules-2/files-2.1/org.springframework.boot/spring-boot-starter-security/2.1.9.RELEASE/bde048665003362d9e16aa75a8804f90dce1d31e/spring-boot-starter-security-2.1.9.RELEASE.jar:/Users/dzmitryplatonov/.gradle/caches/modules-2/files-2.1/org.springframework.boot/spring-boot-starter-data-jpa/2.1.9.RELEASE/784d6d5c525c2dd9fac31031ee6ca2ec8b067af5/spring-boot-starter-data-jpa-2.1.9.RELEASE.jar:/Users/dzmitryplatonov/.gradle/caches/modules-2/files-2.1/org.springframework.boot/spring-boot-starter-aop/2.1.9.RELEASE/74226b26cf15952f639deca38fe919701755c97b/spring-boot-starter-aop-2.1.9.RELEASE.jar:/Users/dzmitryplatonov/.gradle/caches/modules-2/files-2.1/org.springframework.boot/spring-boot-starter-jdbc/2.1.9.RELEASE/3f7d1d67669dfa0ea4ff9216afbeef5bc6a58ecb/spring-boot-starter-jdbc-2.1.9.RELEASE.jar:/Users/dzmitryplatonov/.gradle/caches/modules-2/files-2.1/org.springframework.boot/spring-boot-starter-json/2.1.9.RELEASE/53bdf52bc28b7e753874e0136fb33c9eab184276/spring-boot-starter-json-2.1.9.RELEASE.jar:/Users/dzmitryplatonov/.gradle/caches/modules-2/files-2.1/org.springframework.boot/spring-boot-starter/2.1.9.RELEASE/45d7afa2d9aab4b2984f2c330f507797fbcf501f/spring-boot-starter-2.1.9.RELEASE.jar:/Users/dzmitryplatonov/.gradle/caches/modules-2/files-2.1/org.springframework.boot/spring-boot-starter-logging/2.1.9.RELEASE/802b562b0c602ae9242b659a28b9bf89ca689b2d/spring-boot-starter-logging-2.1.9.RELEASE.jar:/Users/dzmitryplatonov/.m2/repository/org/apache/logging/log4j/log4j-to-slf4j/2.11.2/log4j-to-slf4j-2.11.2.jar:/Users/dzmitryplatonov/.m2/repository/org/apache/logging/log4j/log4j-api/2.11.2/log4j-api-2.11.2.jar:/Users/dzmitryplatonov/.m2/repository/org/hibernate/validator/hibernate-validator/6.0.17.Final/hibernate-validator-6.0.17.Final.jar:/Users/dzmitryplatonov/.m2/repository/javax/validation/validation-api/2.0.1.Final/validation-api-2.0.1.Final.jar:/Users/dzmitryplatonov/.gradle/caches/modules-2/files-2.1/org.springframework.security.oauth.boot/spring-security-oauth2-autoconfigure/2.1.9.RELEASE/abbbf98ebc0454774162add4b412a7ee5da66877/spring-security-oauth2-autoconfigure-2.1.9.RELEASE.jar:/Users/dzmitryplatonov/.gradle/caches/modules-2/files-2.1/com.auth0/jwks-rsa/0.9.0/6e3a813bce7eb07327f2a5384fb178eb21469338/jwks-rsa-0.9.0.jar:/Users/dzmitryplatonov/.gradle/caches/modules-2/files-2.1/io.jsonwebtoken/jjwt/0.9.1/54d2abfc3e63a28824d35bf600d6a5d627da681a/jjwt-0.9.1.jar:/Users/dzmitryplatonov/.gradle/caches/modules-2/files-2.1/io.jsonwebtoken/jjwt-jackson/0.10.7/52b5a612da95a0c0edc867ccac65bb0f6762ed7b/jjwt-jackson-0.10.7.jar:/Users/dzmitryplatonov/.m2/repository/com/fasterxml/jackson/datatype/jackson-datatype-jsr310/2.9.9/jackson-datatype-jsr310-2.9.9.jar:/Users/dzmitryplatonov/.m2/repository/com/fasterxml/jackson/datatype/jackson-datatype-jdk8/2.9.9/jackson-datatype-jdk8-2.9.9.jar:/Users/dzmitryplatonov/.m2/repository/com/fasterxml/jackson/module/jackson-module-parameter-names/2.9.9/jackson-module-parameter-names-2.9.9.jar:/Users/dzmitryplatonov/.gradle/caches/modules-2/files-2.1/com.fasterxml.jackson.core/jackson-databind/2.10.0.pr3/4e17238b159dcd1167b095024fe07f41da1e37ac/jackson-databind-2.10.0.pr3.jar:/Users/dzmitryplatonov/.gradle/caches/modules-2/files-2.1/com.fasterxml.jackson.core/jackson-annotations/2.10.0.pr3/6c99a6d972b8bdd92192bef4b0ff5df164e9cafc/jackson-annotations-2.10.0.pr3.jar:/Users/dzmitryplatonov/.m2/repository/org/springframework/hateoas/spring-hateoas/0.25.1.RELEASE/spring-hateoas-0.25.1.RELEASE.jar:/Users/dzmitryplatonov/.m2/repository/org/springframework/plugin/spring-plugin-core/1.2.0.RELEASE/spring-plugin-core-1.2.0.RELEASE.jar:/Users/dzmitryplatonov/.gradle/caches/modules-2/files-2.1/org.springframework.security/spring-security-oauth2-client/5.1.6.RELEASE/8a77b659f7f6616ca5970796c04106595819f4eb/spring-security-oauth2-client-5.1.6.RELEASE.jar:/Users/dzmitryplatonov/.gradle/caches/modules-2/files-2.1/org.springframework.security/spring-security-oauth2-jose/5.1.6.RELEASE/78f947f9b1ee235f7efbb697e15acd05e16d009a/spring-security-oauth2-jose-5.1.6.RELEASE.jar:/Users/dzmitryplatonov/.gradle/caches/modules-2/files-2.1/org.springframework.security/spring-security-openid/5.2.0.RELEASE/e67725a379bcc03c3edd571d6fec4800b2313a00/spring-security-openid-5.2.0.RELEASE.jar:/Users/dzmitryplatonov/.gradle/caches/modules-2/files-2.1/org.springframework.data/spring-data-jpa/2.1.11.RELEASE/b774364187f5e68379b8c3121232a04686a0325c/spring-data-jpa-2.1.11.RELEASE.jar:/Users/dzmitryplatonov/.gradle/caches/modules-2/files-2.1/org.springframework/spring-orm/5.1.10.RELEASE/ce92238d65405408387b1ae7a5dd5a280f7ea29f/spring-orm-5.1.10.RELEASE.jar:/Users/dzmitryplatonov/.gradle/caches/modules-2/files-2.1/org.springframework/spring-jdbc/5.1.10.RELEASE/48957bfad9656fdba9263539e2fa8f3034939ba8/spring-jdbc-5.1.10.RELEASE.jar:/Users/dzmitryplatonov/.m2/repository/org/postgresql/postgresql/42.2.8/postgresql-42.2.8.jar:/Users/dzmitryplatonov/.gradle/caches/modules-2/files-2.1/org.springframework.boot/spring-boot-starter-tomcat/2.1.9.RELEASE/99bef08a0b7fd10ff9827f0f8e6f49b97cbabf7f/spring-boot-starter-tomcat-2.1.9.RELEASE.jar:/Users/dzmitryplatonov/.m2/repository/javax/annotation/javax.annotation-api/1.3.2/javax.annotation-api-1.3.2.jar:/Users/dzmitryplatonov/.gradle/caches/modules-2/files-2.1/io.jsonwebtoken/jjwt-impl/0.10.7/49cf3b0b6f10eb024104ae39c111c1fd0cd3be64/jjwt-impl-0.10.7.jar:/Users/dzmitryplatonov/.gradle/caches/modules-2/files-2.1/org.junit.jupiter/junit-jupiter-params/5.2.0/d70083080bf3400c181562919cb03bf7588104e1/junit-jupiter-params-5.2.0.jar:/Users/dzmitryplatonov/.gradle/caches/modules-2/files-2.1/org.mockito/mockito-junit-jupiter/2.18.3/827104c6aed482c68159faf320f44f5eb5b03bd/mockito-junit-jupiter-2.18.3.jar:/Users/dzmitryplatonov/.m2/repository/org/mockito/mockito-core/2.28.2/mockito-core-2.28.2.jar:/Users/dzmitryplatonov/.m2/repository/com/h2database/h2/1.4.197/h2-1.4.197.jar:/Users/dzmitryplatonov/.gradle/caches/modules-2/files-2.1/org.springframework/spring-test/5.0.1.RELEASE/47dee3bebbcbcaff1be786b6c0db654ba7376eb9/spring-test-5.0.1.RELEASE.jar:/Users/dzmitryplatonov/.gradle/caches/modules-2/files-2.1/org.junit.jupiter/junit-jupiter-engine/5.3.1/e2676b1786c57a80eb98f5bebd51a3d05e228c40/junit-jupiter-engine-5.3.1.jar:/Users/dzmitryplatonov/.gradle/caches/modules-2/files-2.1/org.junit.jupiter/junit-jupiter-api/5.3.1/a7e97eac2784395cb991403f9641b042ad972941/junit-jupiter-api-5.3.1.jar:/Users/dzmitryplatonov/.gradle/caches/modules-2/files-2.1/org.hibernate/hibernate-core/5.3.12.Final/e1929362fe24a9f62142d18f1ac5b0d7f278ef22/hibernate-core-5.3.12.Final.jar:/Users/dzmitryplatonov/.m2/repository/org/hibernate/common/hibernate-commons-annotations/5.0.4.Final/hibernate-commons-annotations-5.0.4.Final.jar:/Users/dzmitryplatonov/.m2/repository/org/jboss/logging/jboss-logging/3.3.2.Final/jboss-logging-3.3.2.Final.jar:/Users/dzmitryplatonov/.m2/repository/com/fasterxml/classmate/1.3.4/classmate-1.3.4.jar:/Users/dzmitryplatonov/.gradle/caches/modules-2/files-2.1/com.fasterxml.jackson.core/jackson-core/2.10.0.pr3/1d2f9b816bcd00130ddc9dae6c99f7b533afcc73/jackson-core-2.10.0.pr3.jar:/Users/dzmitryplatonov/.gradle/caches/modules-2/files-2.1/org.springframework.security.oauth/spring-security-oauth2/2.3.5.RELEASE/7969f5363398d6d3788bef1740b2ab9509043d51/spring-security-oauth2-2.3.5.RELEASE.jar:/Users/dzmitryplatonov/.gradle/caches/modules-2/files-2.1/org.springframework/spring-webmvc/5.1.10.RELEASE/67b6da7852e89bc0df6ce36a263ac4377fe48e27/spring-webmvc-5.1.10.RELEASE.jar:/Users/dzmitryplatonov/.m2/repository/org/springframework/security/spring-security-config/5.1.6.RELEASE/spring-security-config-5.1.6.RELEASE.jar:/Users/dzmitryplatonov/.gradle/caches/modules-2/files-2.1/org.springframework.security/spring-security-oauth2-core/5.1.6.RELEASE/f3b2623760154aac86d32427696842c7c3d85326/spring-security-oauth2-core-5.1.6.RELEASE.jar:/Users/dzmitryplatonov/.gradle/caches/modules-2/files-2.1/org.springframework.security/spring-security-web/5.2.0.RELEASE/a9ff06ad3fd66cd08545e1a601c66d2256c86e0f/spring-security-web-5.2.0.RELEASE.jar:/Users/dzmitryplatonov/.gradle/caches/modules-2/files-2.1/org.springframework.security/spring-security-core/5.2.0.RELEASE/1c8f36e316a74c245073ce2a70bdf198a58424f6/spring-security-core-5.2.0.RELEASE.jar:/Users/dzmitryplatonov/.gradle/caches/modules-2/files-2.1/org.springframework.boot/spring-boot-autoconfigure/2.1.9.RELEASE/aa6d5e0fef585bec64543b9b8f944a94060e710a/spring-boot-autoconfigure-2.1.9.RELEASE.jar:/Users/dzmitryplatonov/.gradle/caches/modules-2/files-2.1/org.springframework.boot/spring-boot/2.1.9.RELEASE/b18e7287a82ee06c6bb4e79423c25c05b8303dc1/spring-boot-2.1.9.RELEASE.jar:/Users/dzmitryplatonov/.gradle/caches/modules-2/files-2.1/org.springframework/spring-context/5.2.0.RELEASE/a2638a8295f13ed8511c98a2379507677e1d16fa/spring-context-5.2.0.RELEASE.jar:/Users/dzmitryplatonov/.gradle/caches/modules-2/files-2.1/org.springframework/spring-aop/5.2.0.RELEASE/7031d44f063ea68e49b881a985967e7f2c144f3b/spring-aop-5.2.0.RELEASE.jar:/Users/dzmitryplatonov/.gradle/caches/modules-2/files-2.1/org.springframework/spring-web/5.2.0.RELEASE/d5b064196dc014519e751df549b4cc6a753fb191/spring-web-5.2.0.RELEASE.jar:/Users/dzmitryplatonov/.gradle/caches/modules-2/files-2.1/org.springframework.data/spring-data-commons/2.1.11.RELEASE/dace2a47d274ac5f0ac3ff2f47cb0b936bef5b46/spring-data-commons-2.1.11.RELEASE.jar:/Users/dzmitryplatonov/.gradle/caches/modules-2/files-2.1/org.springframework/spring-tx/5.1.10.RELEASE/c32ebb7fb1be3b733304b7873c31817dd434479a/spring-tx-5.1.10.RELEASE.jar:/Users/dzmitryplatonov/.gradle/caches/modules-2/files-2.1/org.springframework/spring-beans/5.2.0.RELEASE/3ae97694618c59e6af695a15e54fabb7e319776/spring-beans-5.2.0.RELEASE.jar:/Users/dzmitryplatonov/.gradle/caches/modules-2/files-2.1/org.springframework/spring-expression/5.2.0.RELEASE/ac6a616451129e717979f18d2bff40528698a46e/spring-expression-5.2.0.RELEASE.jar:/Users/dzmitryplatonov/.gradle/caches/modules-2/files-2.1/org.springframework/spring-core/5.2.0.RELEASE/e0e1b3c304f70ed19d7905975f6f990916ada219/spring-core-5.2.0.RELEASE.jar:/Users/dzmitryplatonov/.m2/repository/com/zaxxer/HikariCP/3.2.0/HikariCP-3.2.0.jar:/Users/dzmitryplatonov/.m2/repository/ch/qos/logback/logback-classic/1.2.3/logback-classic-1.2.3.jar:/Users/dzmitryplatonov/.m2/repository/org/slf4j/jul-to-slf4j/1.7.28/jul-to-slf4j-1.7.28.jar:/Users/dzmitryplatonov/.m2/repository/org/slf4j/slf4j-api/1.7.28/slf4j-api-1.7.28.jar:/Users/dzmitryplatonov/.m2/repository/javax/transaction/javax.transaction-api/1.3/javax.transaction-api-1.3.jar:/Users/dzmitryplatonov/.gradle/caches/modules-2/files-2.1/org.glassfish.jaxb/jaxb-runtime/2.3.1/dd6dda9da676a54c5b36ca2806ff95ee017d8738/jaxb-runtime-2.3.1.jar:/Users/dzmitryplatonov/.m2/repository/javax/xml/bind/jaxb-api/2.3.1/jaxb-api-2.3.1.jar:/Users/dzmitryplatonov/.gradle/caches/modules-2/files-2.1/org.springframework/spring-aspects/5.1.10.RELEASE/b0364caabcde96dc6385480d0f9270613ab04511/spring-aspects-5.1.10.RELEASE.jar:/Users/dzmitryplatonov/.gradle/caches/modules-2/files-2.1/org.springframework.security/spring-security-jwt/1.0.10.RELEASE/19a1ca7a83e9d263a31af5f529da460f8f863451/spring-security-jwt-1.0.10.RELEASE.jar:/Users/dzmitryplatonov/.gradle/caches/modules-2/files-2.1/com.nimbusds/oauth2-oidc-sdk/6.0/e731f0b62727a46ae6d6fded62b5678d28273c3c/oauth2-oidc-sdk-6.0.jar:/Users/dzmitryplatonov/.gradle/caches/modules-2/files-2.1/com.nimbusds/nimbus-jose-jwt/6.0.2/81605278e5df1cf4c3774851649b85cade077fa5/nimbus-jose-jwt-6.0.2.jar:/Users/dzmitryplatonov/.gradle/caches/modules-2/files-2.1/com.google.inject/guice/3.0/9d84f15fe35e2c716a02979fb62f50a29f38aefa/guice-3.0.jar:/Users/dzmitryplatonov/.gradle/caches/modules-2/files-2.1/org.openid4java/openid4java-nodeps/0.9.6/52ca394f5f6d38b78e35a5a6a0a341dc5b3aaf34/openid4java-nodeps-0.9.6.jar:/Users/dzmitryplatonov/.gradle/caches/modules-2/files-2.1/net.sourceforge.nekohtml/nekohtml/1.9.22/4f54af68ecb345f2453fb6884672ad08414154e3/nekohtml-1.9.22.jar:/Users/dzmitryplatonov/.gradle/caches/modules-2/files-2.1/org.apache.httpcomponents/httpclient/4.5.10/7ca2e4276f4ef95e4db725a8cd4a1d1e7585b9e5/httpclient-4.5.10.jar:/Users/dzmitryplatonov/.gradle/caches/modules-2/files-2.1/commons-codec/commons-codec/1.13/3f18e1aa31031d89db6f01ba05d501258ce69d2c/commons-codec-1.13.jar:/Users/dzmitryplatonov/.m2/repository/commons-io/commons-io/2.6/commons-io-2.6.jar:/Users/dzmitryplatonov/.gradle/caches/modules-2/files-2.1/com.google.guava/guava/27.1-jre/e47b59c893079b87743cdcfb6f17ca95c08c592c/guava-27.1-jre.jar:/Users/dzmitryplatonov/.gradle/caches/modules-2/files-2.1/io.jsonwebtoken/jjwt-api/0.10.7/52e888d8424d3c788e23fedfbfc65ce36830ab1a/jjwt-api-0.10.7.jar:/Users/dzmitryplatonov/.m2/repository/org/junit/platform/junit-platform-engine/1.3.1/junit-platform-engine-1.3.1.jar:/Users/dzmitryplatonov/.m2/repository/org/junit/platform/junit-platform-commons/1.3.1/junit-platform-commons-1.3.1.jar:/Users/dzmitryplatonov/.m2/repository/org/apiguardian/apiguardian-api/1.0.0/apiguardian-api-1.0.0.jar:/Users/dzmitryplatonov/.gradle/caches/modules-2/files-2.1/net.bytebuddy/byte-buddy/1.9.11/985bbce599f92d6440582a7d1a5231bfaae9970f/byte-buddy-1.9.11.jar:/Users/dzmitryplatonov/.m2/repository/net/bytebuddy/byte-buddy-agent/1.9.10/byte-buddy-agent-1.9.10.jar:/Users/dzmitryplatonov/.m2/repository/org/objenesis/objenesis/2.6/objenesis-2.6.jar:/Users/dzmitryplatonov/.m2/repository/org/opentest4j/opentest4j/1.1.1/opentest4j-1.1.1.jar:/Users/dzmitryplatonov/.m2/repository/org/aspectj/aspectjweaver/1.9.4/aspectjweaver-1.9.4.jar:/Users/dzmitryplatonov/.m2/repository/javax/activation/javax.activation-api/1.2.0/javax.activation-api-1.2.0.jar:/Users/dzmitryplatonov/.m2/repository/javax/persistence/javax.persistence-api/2.2/javax.persistence-api-2.2.jar:/Users/dzmitryplatonov/.m2/repository/org/javassist/javassist/3.23.2-GA/javassist-3.23.2-GA.jar:/Users/dzmitryplatonov/.m2/repository/antlr/antlr/2.7.7/antlr-2.7.7.jar:/Users/dzmitryplatonov/.m2/repository/org/jboss/jandex/2.0.5.Final/jandex-2.0.5.Final.jar:/Users/dzmitryplatonov/.m2/repository/org/dom4j/dom4j/2.1.1/dom4j-2.1.1.jar:/Users/dzmitryplatonov/.m2/repository/org/yaml/snakeyaml/1.23/snakeyaml-1.23.jar:/Users/dzmitryplatonov/.gradle/caches/modules-2/files-2.1/org.apache.tomcat.embed/tomcat-embed-websocket/9.0.26/8991b1bd82c5745e95a9161472a92dc1e5c7148e/tomcat-embed-websocket-9.0.26.jar:/Users/dzmitryplatonov/.gradle/caches/modules-2/files-2.1/org.apache.tomcat.embed/tomcat-embed-core/9.0.26/6312ba542bc58fa9ee789a43516ce4d862548a6b/tomcat-embed-core-9.0.26.jar:/Users/dzmitryplatonov/.gradle/caches/modules-2/files-2.1/org.apache.tomcat.embed/tomcat-embed-el/9.0.26/a551f05d3ecf5434eaadd75e0b51519447df124/tomcat-embed-el-9.0.26.jar:/Users/dzmitryplatonov/.gradle/caches/modules-2/files-2.1/org.codehaus.jackson/jackson-mapper-asl/1.9.13/1ee2f2bed0e5dd29d1cb155a166e6f8d50bbddb7/jackson-mapper-asl-1.9.13.jar:/Users/dzmitryplatonov/.gradle/caches/modules-2/files-2.1/org.bouncycastle/bcpkix-jdk15on/1.60/d0c46320fbc07be3a24eb13a56cee4e3d38e0c75/bcpkix-jdk15on-1.60.jar:/Users/dzmitryplatonov/.gradle/caches/modules-2/files-2.1/org.glassfish.jaxb/txw2/2.3.1/a09d2c48d3285f206fafbffe0e50619284e92126/txw2-2.3.1.jar:/Users/dzmitryplatonov/.gradle/caches/modules-2/files-2.1/com.sun.istack/istack-commons-runtime/3.0.7/c197c86ceec7318b1284bffb49b54226ca774003/istack-commons-runtime-3.0.7.jar:/Users/dzmitryplatonov/.gradle/caches/modules-2/files-2.1/org.jvnet.staxex/stax-ex/1.8/8cc35f73da321c29973191f2cf143d29d26a1df7/stax-ex-1.8.jar:/Users/dzmitryplatonov/.gradle/caches/modules-2/files-2.1/com.sun.xml.fastinfoset/FastInfoset/1.2.15/bb7b7ec0379982b97c62cd17465cb6d9155f68e8/FastInfoset-1.2.15.jar:/Users/dzmitryplatonov/.gradle/caches/modules-2/files-2.1/com.sun.mail/javax.mail/1.6.1/757ba4630692bb2a1ec2d9d57a616b63f15e947e/javax.mail-1.6.1.jar:/Users/dzmitryplatonov/.gradle/caches/modules-2/files-2.1/com.github.stephenc.jcip/jcip-annotations/1.0-1/ef31541dd28ae2cefdd17c7ebf352d93e9058c63/jcip-annotations-1.0-1.jar:/Users/dzmitryplatonov/.m2/repository/net/minidev/json-smart/2.3/json-smart-2.3.jar:/Users/dzmitryplatonov/.gradle/caches/modules-2/files-2.1/com.nimbusds/lang-tag/1.4.4/1db9a709239ae473a69b5424c7e78d0b7108229d/lang-tag-1.4.4.jar:/Users/dzmitryplatonov/.gradle/caches/modules-2/files-2.1/org.springframework/spring-jcl/5.2.0.RELEASE/59b53ab6f01dd3ba85875b61a284c161584c18a3/spring-jcl-5.2.0.RELEASE.jar:/Users/dzmitryplatonov/.m2/repository/javax/inject/javax.inject/1/javax.inject-1.jar:/Users/dzmitryplatonov/.gradle/caches/modules-2/files-2.1/org.sonatype.sisu.inject/cglib/2.2.1-v20090111/7ce5e983fd0e6c78346f4c9cbfa39d83049dda2/cglib-2.2.1-v20090111.jar:/Users/dzmitryplatonov/.m2/repository/commons-logging/commons-logging/1.2/commons-logging-1.2.jar:/Users/dzmitryplatonov/.m2/repository/net/jcip/jcip-annotations/1.0/jcip-annotations-1.0.jar:/Users/dzmitryplatonov/.m2/repository/xerces/xercesImpl/2.11.0/xercesImpl-2.11.0.jar:/Users/dzmitryplatonov/.gradle/caches/modules-2/files-2.1/org.apache.httpcomponents/httpcore/4.4.12/21ebaf6d532bc350ba95bd81938fa5f0e511c132/httpcore-4.4.12.jar:/Users/dzmitryplatonov/.gradle/caches/modules-2/files-2.1/com.google.guava/failureaccess/1.0.1/1dcf1de382a0bf95a3d8b0849546c88bac1292c9/failureaccess-1.0.1.jar:/Users/dzmitryplatonov/.gradle/caches/modules-2/files-2.1/com.google.guava/listenablefuture/9999.0-empty-to-avoid-conflict-with-guava/b421526c5f297295adef1c886e5246c39d4ac629/listenablefuture-9999.0-empty-to-avoid-conflict-with-guava.jar:/Users/dzmitryplatonov/.m2/repository/com/google/code/findbugs/jsr305/3.0.2/jsr305-3.0.2.jar:/Users/dzmitryplatonov/.gradle/caches/modules-2/files-2.1/org.checkerframework/checker-qual/2.5.2/cea74543d5904a30861a61b4643a5f2bb372efc4/checker-qual-2.5.2.jar:/Users/dzmitryplatonov/.gradle/caches/modules-2/files-2.1/com.google.errorprone/error_prone_annotations/2.2.0/88e3c593e9b3586e1c6177f89267da6fc6986f0c/error_prone_annotations-2.2.0.jar:/Users/dzmitryplatonov/.gradle/caches/modules-2/files-2.1/com.google.j2objc/j2objc-annotations/1.1/ed28ded51a8b1c6b112568def5f4b455e6809019/j2objc-annotations-1.1.jar:/Users/dzmitryplatonov/.gradle/caches/modules-2/files-2.1/org.codehaus.mojo/animal-sniffer-annotations/1.17/f97ce6decaea32b36101e37979f8b647f00681fb/animal-sniffer-annotations-1.17.jar:/Users/dzmitryplatonov/.gradle/caches/modules-2/files-2.1/org.codehaus.jackson/jackson-core-asl/1.9.13/3c304d70f42f832e0a86d45bd437f692129299a4/jackson-core-asl-1.9.13.jar:/Users/dzmitryplatonov/.gradle/caches/modules-2/files-2.1/org.bouncycastle/bcprov-jdk15on/1.60/bd47ad3bd14b8e82595c7adaa143501e60842a84/bcprov-jdk15on-1.60.jar:/Users/dzmitryplatonov/.m2/repository/javax/activation/activation/1.1/activation-1.1.jar:/Users/dzmitryplatonov/.m2/repository/net/minidev/accessors-smart/1.2/accessors-smart-1.2.jar:/Users/dzmitryplatonov/.gradle/caches/modules-2/files-2.1/asm/asm/3.1/c157def142714c544bdea2e6144645702adf7097/asm-3.1.jar:/Users/dzmitryplatonov/.m2/repository/xml-apis/xml-apis/1.4.01/xml-apis-1.4.01.jar:/Users/dzmitryplatonov/.m2/repository/ch/qos/logback/logback-core/1.2.3/logback-core-1.2.3.jar:/Users/dzmitryplatonov/.gradle/caches/modules-2/files-2.1/org.apache.tomcat/tomcat-annotations-api/9.0.26/bb4574456c5db64acfcd2aa6f426d87e6c05a772/tomcat-annotations-api-9.0.26.jar:/Users/dzmitryplatonov/.m2/repository/org/ow2/asm/asm/5.0.4/asm-5.0.4.jar, java.vm.vendor=Oracle Corporation, sun.arch.data.model=64, user.variant=, java.vendor.url=http://java.oracle.com/, user.timezone=Europe/Minsk, os.name=Mac OS X, java.vm.specification.version=11, javax.persistence.validation.mode=AUTO, user.country=BY, sun.java.launcher=SUN_STANDARD, sun.boot.library.path=/Library/Java/JavaVirtualMachines/jdk-11.0.4.jdk/Contents/Home/lib, sun.java.command=worker.org.gradle.process.internal.worker.GradleWorkerMain 'Gradle Test Executor 3', hibernate.transaction.jta.platform=org.hibernate.engine.transaction.jta.platform.internal.NoJtaPlatform@741b05c3, http.nonProxyHosts=local|*.local|169.254/16|*.169.254/16, javax.persistence.sharedCache.mode=UNSPECIFIED, jdk.debug=release, sun.cpu.endian=little, user.home=/Users/dzmitryplatonov, user.language=ru, java.specification.vendor=Oracle Corporation, org.gradle.native=false, java.version.date=2019-07-16, java.home=/Library/Java/JavaVirtualMachines/jdk-11.0.4.jdk/Contents/Home, file.separator=/, java.vm.compressedOopsMode=Zero based, line.separator=
, java.specification.name=Java Platform API Specification, java.vm.specification.vendor=Oracle Corporation, hibernate.transaction.coordinator_class=class org.hibernate.resource.transaction.backend.jdbc.internal.JdbcResourceLocalTransactionCoordinatorBuilderImpl, java.awt.graphicsenv=sun.awt.CGraphicsEnvironment, hibernate.hbm2ddl.auto=create-drop, sun.management.compiler=HotSpot 64-Bit Tiered Compilers, ftp.nonProxyHosts=local|*.local|169.254/16|*.169.254/16, java.runtime.version=11.0.4+10-LTS, user.name=dzmitryplatonov, path.separator=:, os.version=10.14.6, java.runtime.name=Java(TM) SE Runtime Environment, file.encoding=UTF-8, hibernate.ejb.persistenceUnitName=default, java.vm.name=Java HotSpot(TM) 64-Bit Server VM, java.vendor.version=18.9, java.vendor.url.bug=http://bugreport.java.com/bugreport/, java.io.tmpdir=/var/folders/nm/5f650mms7n577yq7w4kkdfl80000gn/T/, com.zaxxer.hikari.pool_number=1, java.version=11.0.4, hibernate.physical_naming_strategy=org.springframework.boot.orm.jpa.hibernate.SpringPhysicalNamingStrategy, user.dir=/Users/dzmitryplatonov/Desktop/workdir/giftcertificates/datasource, os.arch=x86_64, java.vm.specification.name=Java Virtual Machine Specification, java.awt.printerjob=sun.lwawt.macosx.CPrinterJob, sun.os.patch.level=unknown, hibernate.boot.CfgXmlAccessService.key=org.hibernate.boot.cfgxml.spi.LoadedConfig@4f60eda8, java.library.path=/Users/dzmitryplatonov/Library/Java/Extensions:/Library/Java/Extensions:/Network/Library/Java/Extensions:/System/Library/Java/Extensions:/usr/lib/java:., java.vendor=Oracle Corporation, java.vm.info=mixed mode, java.vm.version=11.0.4+10-LTS, hibernate.bytecode.use_reflection_optimizer=false, sun.io.unicode.encoding=UnicodeBig, hibernate.connection.datasource=HikariDataSource (HikariPool-12), socksNonProxyHosts=local|*.local|169.254/16|*.169.254/16, java.class.version=55.0}
17:03:33.755 [Test worker] DEBUG org.hibernate.validator.internal.engine.resolver.TraversableResolvers - Found javax.persistence.Persistence on classpath containing 'getPersistenceUtil'. Assuming JPA 2 environment. Trying to instantiate JPA aware TraversableResolver
17:03:33.755 [Test worker] DEBUG org.hibernate.validator.internal.engine.resolver.TraversableResolvers - Instantiated JPA aware TraversableResolver of type org.hibernate.validator.internal.engine.resolver.JPATraversableResolver.
17:03:33.755 [Test worker] DEBUG org.hibernate.validator.internal.xml.config.ValidationXmlParser - Trying to load META-INF/validation.xml for XML based Validator configuration.
17:03:33.755 [Test worker] DEBUG org.hibernate.validator.internal.xml.config.ResourceLoaderHelper - Trying to load META-INF/validation.xml via TCCL
17:03:33.755 [Test worker] DEBUG org.hibernate.validator.internal.xml.config.ResourceLoaderHelper - Trying to load META-INF/validation.xml via Hibernate Validator's class loader
17:03:33.756 [Test worker] DEBUG org.hibernate.validator.internal.xml.config.ValidationXmlParser - No META-INF/validation.xml found. Using annotation based configuration only.
17:03:33.760 [Test worker] DEBUG org.hibernate.validator.messageinterpolation.ResourceBundleMessageInterpolator - Loaded expression factory via original TCCL
17:03:33.760 [Test worker] DEBUG org.hibernate.validator.internal.engine.ValidatorFactoryImpl - HV000234: Using org.hibernate.validator.messageinterpolation.ResourceBundleMessageInterpolator as ValidatorFactory-scoped message interpolator.
17:03:33.760 [Test worker] DEBUG org.hibernate.validator.internal.engine.ValidatorFactoryImpl - HV000234: Using org.hibernate.validator.internal.engine.resolver.JPATraversableResolver as ValidatorFactory-scoped traversable resolver.
17:03:33.761 [Test worker] DEBUG org.hibernate.validator.internal.engine.ValidatorFactoryImpl - HV000234: Using org.hibernate.validator.internal.util.ExecutableParameterNameProvider as ValidatorFactory-scoped parameter name provider.
17:03:33.761 [Test worker] DEBUG org.hibernate.validator.internal.engine.ValidatorFactoryImpl - HV000234: Using org.hibernate.validator.internal.engine.DefaultClockProvider as ValidatorFactory-scoped clock provider.
17:03:33.761 [Test worker] DEBUG org.hibernate.validator.internal.engine.ValidatorFactoryImpl - HV000234: Using org.hibernate.validator.internal.engine.scripting.DefaultScriptEvaluatorFactory as ValidatorFactory-scoped script evaluator factory.
17:03:33.761 [Test worker] DEBUG org.hibernate.boot.internal.ClassLoaderAccessImpl - Not known whether passed class name [com.epam.esm.entity.Order] is safe
17:03:33.761 [Test worker] DEBUG org.hibernate.boot.internal.ClassLoaderAccessImpl - No temp ClassLoader provided; using live ClassLoader for loading potentially unsafe class : com.epam.esm.entity.Order
17:03:33.763 [Test worker] DEBUG org.hibernate.boot.internal.ClassLoaderAccessImpl - Not known whether passed class name [com.epam.esm.entity.GiftCertificate] is safe
17:03:33.763 [Test worker] DEBUG org.hibernate.boot.internal.ClassLoaderAccessImpl - No temp ClassLoader provided; using live ClassLoader for loading potentially unsafe class : com.epam.esm.entity.GiftCertificate
17:03:33.764 [Test worker] DEBUG org.hibernate.boot.internal.ClassLoaderAccessImpl - Not known whether passed class name [com.epam.esm.entity.User] is safe
17:03:33.764 [Test worker] DEBUG org.hibernate.boot.internal.ClassLoaderAccessImpl - No temp ClassLoader provided; using live ClassLoader for loading potentially unsafe class : com.epam.esm.entity.User
17:03:33.765 [Test worker] DEBUG org.hibernate.boot.internal.ClassLoaderAccessImpl - Not known whether passed class name [com.epam.esm.entity.Entity] is safe
17:03:33.765 [Test worker] DEBUG org.hibernate.boot.internal.ClassLoaderAccessImpl - No temp ClassLoader provided; using live ClassLoader for loading potentially unsafe class : com.epam.esm.entity.Entity
17:03:33.766 [Test worker] DEBUG org.hibernate.boot.internal.ClassLoaderAccessImpl - Not known whether passed class name [com.epam.esm.entity.Tag] is safe
17:03:33.766 [Test worker] DEBUG org.hibernate.boot.internal.ClassLoaderAccessImpl - No temp ClassLoader provided; using live ClassLoader for loading potentially unsafe class : com.epam.esm.entity.Tag
17:03:33.767 [Test worker] DEBUG org.hibernate.boot.internal.ClassLoaderAccessImpl - Not known whether passed class name [com.epam.esm.entity.OrderCertificate] is safe
17:03:33.767 [Test worker] DEBUG org.hibernate.boot.internal.ClassLoaderAccessImpl - No temp ClassLoader provided; using live ClassLoader for loading potentially unsafe class : com.epam.esm.entity.OrderCertificate
17:03:33.768 [Test worker] DEBUG org.hibernate.boot.internal.ClassLoaderAccessImpl - Not known whether passed class name [com.epam.esm.entity.Role] is safe
17:03:33.768 [Test worker] DEBUG org.hibernate.boot.internal.ClassLoaderAccessImpl - No temp ClassLoader provided; using live ClassLoader for loading potentially unsafe class : com.epam.esm.entity.Role
17:03:33.769 [Test worker] DEBUG org.hibernate.secure.spi.JaccIntegrator - Skipping JACC integration as it was not enabled
17:03:33.769 [Test worker] DEBUG org.hibernate.internal.SessionFactoryImpl - Instantiated session factory
17:03:33.769 [Test worker] DEBUG org.hibernate.type.spi.TypeConfiguration$Scope - Scoping TypeConfiguration [org.hibernate.type.spi.TypeConfiguration@5d43a4fd] to SessionFactoryImpl [org.hibernate.internal.SessionFactoryImpl@7b430e6f]
17:03:33.769 [Test worker] DEBUG org.hibernate.boot.internal.ClassLoaderAccessImpl - Not known whether passed class name [com.epam.esm.entity.Order] is safe
17:03:33.769 [Test worker] DEBUG org.hibernate.boot.internal.ClassLoaderAccessImpl - No temp ClassLoader provided; using live ClassLoader for loading potentially unsafe class : com.epam.esm.entity.Order
17:03:33.769 [Test worker] DEBUG org.hibernate.boot.internal.ClassLoaderAccessImpl - Not known whether passed class name [com.epam.esm.entity.Order] is safe
17:03:33.769 [Test worker] DEBUG org.hibernate.boot.internal.ClassLoaderAccessImpl - No temp ClassLoader provided; using live ClassLoader for loading potentially unsafe class : com.epam.esm.entity.Order
17:03:33.777 [Test worker] DEBUG org.hibernate.boot.internal.ClassLoaderAccessImpl - Not known whether passed class name [com.epam.esm.entity.GiftCertificate] is safe
17:03:33.777 [Test worker] DEBUG org.hibernate.boot.internal.ClassLoaderAccessImpl - No temp ClassLoader provided; using live ClassLoader for loading potentially unsafe class : com.epam.esm.entity.GiftCertificate
17:03:33.777 [Test worker] DEBUG org.hibernate.boot.internal.ClassLoaderAccessImpl - Not known whether passed class name [com.epam.esm.entity.GiftCertificate] is safe
17:03:33.777 [Test worker] DEBUG org.hibernate.boot.internal.ClassLoaderAccessImpl - No temp ClassLoader provided; using live ClassLoader for loading potentially unsafe class : com.epam.esm.entity.GiftCertificate
17:03:33.786 [Test worker] DEBUG org.hibernate.boot.internal.ClassLoaderAccessImpl - Not known whether passed class name [com.epam.esm.entity.User] is safe
17:03:33.786 [Test worker] DEBUG org.hibernate.boot.internal.ClassLoaderAccessImpl - No temp ClassLoader provided; using live ClassLoader for loading potentially unsafe class : com.epam.esm.entity.User
17:03:33.786 [Test worker] DEBUG org.hibernate.boot.internal.ClassLoaderAccessImpl - Not known whether passed class name [com.epam.esm.entity.User] is safe
17:03:33.786 [Test worker] DEBUG org.hibernate.boot.internal.ClassLoaderAccessImpl - No temp ClassLoader provided; using live ClassLoader for loading potentially unsafe class : com.epam.esm.entity.User
17:03:33.793 [Test worker] DEBUG org.hibernate.boot.internal.ClassLoaderAccessImpl - Not known whether passed class name [com.epam.esm.entity.Entity] is safe
17:03:33.793 [Test worker] DEBUG org.hibernate.boot.internal.ClassLoaderAccessImpl - No temp ClassLoader provided; using live ClassLoader for loading potentially unsafe class : com.epam.esm.entity.Entity
17:03:33.793 [Test worker] DEBUG org.hibernate.boot.internal.ClassLoaderAccessImpl - Not known whether passed class name [com.epam.esm.entity.Entity] is safe
17:03:33.793 [Test worker] DEBUG org.hibernate.boot.internal.ClassLoaderAccessImpl - No temp ClassLoader provided; using live ClassLoader for loading potentially unsafe class : com.epam.esm.entity.Entity
17:03:33.796 [Test worker] DEBUG org.hibernate.boot.internal.ClassLoaderAccessImpl - Not known whether passed class name [com.epam.esm.entity.Tag] is safe
17:03:33.796 [Test worker] DEBUG org.hibernate.boot.internal.ClassLoaderAccessImpl - No temp ClassLoader provided; using live ClassLoader for loading potentially unsafe class : com.epam.esm.entity.Tag
17:03:33.796 [Test worker] DEBUG org.hibernate.boot.internal.ClassLoaderAccessImpl - Not known whether passed class name [com.epam.esm.entity.Tag] is safe
17:03:33.796 [Test worker] DEBUG org.hibernate.boot.internal.ClassLoaderAccessImpl - No temp ClassLoader provided; using live ClassLoader for loading potentially unsafe class : com.epam.esm.entity.Tag
17:03:33.800 [Test worker] DEBUG org.hibernate.boot.internal.ClassLoaderAccessImpl - Not known whether passed class name [com.epam.esm.entity.OrderCertificate] is safe
17:03:33.800 [Test worker] DEBUG org.hibernate.boot.internal.ClassLoaderAccessImpl - No temp ClassLoader provided; using live ClassLoader for loading potentially unsafe class : com.epam.esm.entity.OrderCertificate
17:03:33.800 [Test worker] DEBUG org.hibernate.boot.internal.ClassLoaderAccessImpl - Not known whether passed class name [com.epam.esm.entity.OrderCertificate] is safe
17:03:33.800 [Test worker] DEBUG org.hibernate.boot.internal.ClassLoaderAccessImpl - No temp ClassLoader provided; using live ClassLoader for loading potentially unsafe class : com.epam.esm.entity.OrderCertificate
17:03:33.813 [Test worker] DEBUG org.hibernate.boot.internal.ClassLoaderAccessImpl - Not known whether passed class name [com.epam.esm.entity.Role] is safe
17:03:33.813 [Test worker] DEBUG org.hibernate.boot.internal.ClassLoaderAccessImpl - No temp ClassLoader provided; using live ClassLoader for loading potentially unsafe class : com.epam.esm.entity.Role
17:03:33.813 [Test worker] DEBUG org.hibernate.boot.internal.ClassLoaderAccessImpl - Not known whether passed class name [com.epam.esm.entity.Role] is safe
17:03:33.813 [Test worker] DEBUG org.hibernate.boot.internal.ClassLoaderAccessImpl - No temp ClassLoader provided; using live ClassLoader for loading potentially unsafe class : com.epam.esm.entity.Role
17:03:33.814 [HikariPool-12 housekeeper] DEBUG com.zaxxer.hikari.pool.HikariPool - HikariPool-12 - Pool stats (total=1, active=0, idle=1, waiting=0)
17:03:33.816 [HikariPool-12 connection adder] DEBUG com.zaxxer.hikari.pool.HikariPool - HikariPool-12 - Added connection conn111: url=jdbc:h2:mem:testdb user=SA
17:03:33.816 [HikariPool-12 connection adder] DEBUG com.zaxxer.hikari.pool.HikariPool - HikariPool-12 - Added connection conn112: url=jdbc:h2:mem:testdb user=SA
17:03:33.817 [HikariPool-12 connection adder] DEBUG com.zaxxer.hikari.pool.HikariPool - HikariPool-12 - Added connection conn113: url=jdbc:h2:mem:testdb user=SA
17:03:33.817 [HikariPool-12 connection adder] DEBUG com.zaxxer.hikari.pool.HikariPool - HikariPool-12 - Added connection conn114: url=jdbc:h2:mem:testdb user=SA
17:03:33.817 [HikariPool-12 connection adder] DEBUG com.zaxxer.hikari.pool.HikariPool - HikariPool-12 - Added connection conn115: url=jdbc:h2:mem:testdb user=SA
17:03:33.818 [HikariPool-12 connection adder] DEBUG com.zaxxer.hikari.pool.HikariPool - HikariPool-12 - Added connection conn116: url=jdbc:h2:mem:testdb user=SA
17:03:33.818 [HikariPool-12 connection adder] DEBUG com.zaxxer.hikari.pool.HikariPool - HikariPool-12 - Added connection conn117: url=jdbc:h2:mem:testdb user=SA
17:03:33.818 [HikariPool-12 connection adder] DEBUG com.zaxxer.hikari.pool.HikariPool - HikariPool-12 - Added connection conn118: url=jdbc:h2:mem:testdb user=SA
17:03:33.819 [Test worker] DEBUG org.hibernate.persister.collection.AbstractCollectionPersister - Static SQL for collection: com.epam.esm.entity.GiftCertificate.tags
17:03:33.819 [Test worker] DEBUG org.hibernate.persister.collection.AbstractCollectionPersister -  Row insert: insert into certificate_tag (certificate_id, tag_id) values (?, ?)
17:03:33.819 [Test worker] DEBUG org.hibernate.persister.collection.AbstractCollectionPersister -  Row update: update certificate_tag set tag_id=? where certificate_id=? and tag_id=?
17:03:33.819 [Test worker] DEBUG org.hibernate.persister.collection.AbstractCollectionPersister -  Row delete: delete from certificate_tag where certificate_id=? and tag_id=?
17:03:33.819 [Test worker] DEBUG org.hibernate.persister.collection.AbstractCollectionPersister -  One-shot delete: delete from certificate_tag where certificate_id=?
17:03:33.819 [HikariPool-12 connection adder] DEBUG com.zaxxer.hikari.pool.HikariPool - HikariPool-12 - Added connection conn119: url=jdbc:h2:mem:testdb user=SA
17:03:33.819 [Test worker] DEBUG org.hibernate.persister.collection.AbstractCollectionPersister - Static SQL for collection: com.epam.esm.entity.Order.orderCertificates
17:03:33.819 [HikariPool-12 connection adder] DEBUG com.zaxxer.hikari.pool.HikariPool - HikariPool-12 - After adding stats (total=10, active=0, idle=10, waiting=0)
17:03:33.819 [Test worker] DEBUG org.hibernate.persister.collection.AbstractCollectionPersister -  Row insert: update order_certificate set order_id=? where id=?
17:03:33.819 [Test worker] DEBUG org.hibernate.persister.collection.AbstractCollectionPersister -  Row update: update order_certificate set  where id=?
17:03:33.819 [Test worker] DEBUG org.hibernate.persister.collection.AbstractCollectionPersister -  Row delete: update order_certificate set order_id=null where order_id=? and id=?
17:03:33.819 [Test worker] DEBUG org.hibernate.persister.collection.AbstractCollectionPersister -  One-shot delete: update order_certificate set order_id=null where order_id=?
17:03:33.820 [Test worker] DEBUG org.hibernate.persister.collection.AbstractCollectionPersister - Static SQL for collection: com.epam.esm.entity.GiftCertificate.orderCertificates
17:03:33.820 [Test worker] DEBUG org.hibernate.persister.collection.AbstractCollectionPersister -  Row insert: update order_certificate set certificate_id=? where id=?
17:03:33.820 [Test worker] DEBUG org.hibernate.persister.collection.AbstractCollectionPersister -  Row update: update order_certificate set  where id=?
17:03:33.820 [Test worker] DEBUG org.hibernate.persister.collection.AbstractCollectionPersister -  Row delete: update order_certificate set certificate_id=null where certificate_id=? and id=?
17:03:33.820 [Test worker] DEBUG org.hibernate.persister.collection.AbstractCollectionPersister -  One-shot delete: update order_certificate set certificate_id=null where certificate_id=?
17:03:33.820 [Test worker] DEBUG org.hibernate.persister.collection.AbstractCollectionPersister - Static SQL for collection: com.epam.esm.entity.User.orders
17:03:33.820 [Test worker] DEBUG org.hibernate.persister.collection.AbstractCollectionPersister -  Row insert: update application_order set user_id=? where id=?
17:03:33.820 [Test worker] DEBUG org.hibernate.persister.collection.AbstractCollectionPersister -  Row update: update application_order set  where id=?
17:03:33.820 [Test worker] DEBUG org.hibernate.persister.collection.AbstractCollectionPersister -  Row delete: update application_order set user_id=null where user_id=? and id=?
17:03:33.820 [Test worker] DEBUG org.hibernate.persister.collection.AbstractCollectionPersister -  One-shot delete: update application_order set user_id=null where user_id=?
17:03:33.820 [Test worker] DEBUG org.hibernate.persister.entity.AbstractEntityPersister - Static SQL for entity: com.epam.esm.entity.Order
17:03:33.820 [Test worker] DEBUG org.hibernate.persister.entity.AbstractEntityPersister -  Version select: select id from application_order where id =?
17:03:33.820 [Test worker] DEBUG org.hibernate.persister.entity.AbstractEntityPersister -  Snapshot select: select order_.id, order_.active_status as active_s2_0_, order_.created_at as created_3_0_, order_.user_id as user_id4_0_ from application_order order_ where order_.id=?
17:03:33.820 [Test worker] DEBUG org.hibernate.persister.entity.AbstractEntityPersister -  Insert 0: insert into application_order (active_status, created_at, user_id, id) values (?, ?, ?, ?)
17:03:33.820 [Test worker] DEBUG org.hibernate.persister.entity.AbstractEntityPersister -  Update 0: update application_order set active_status=?, created_at=?, user_id=? where id=?
17:03:33.820 [Test worker] DEBUG org.hibernate.persister.entity.AbstractEntityPersister -  Delete 0: delete from application_order where id=?
17:03:33.820 [Test worker] DEBUG org.hibernate.persister.entity.AbstractEntityPersister -  Identity insert: insert into application_order (id, active_status, created_at, user_id) values (null, ?, ?, ?)
17:03:33.820 [Test worker] DEBUG org.hibernate.loader.plan.build.internal.spaces.QuerySpacesImpl - Adding QuerySpace : uid = <gen:0> -> org.hibernate.loader.plan.build.internal.spaces.EntityQuerySpaceImpl@2fe11d13]
17:03:33.820 [Test worker] DEBUG org.hibernate.persister.walking.spi.MetamodelGraphWalker - Visiting attribute path : activeStatus
17:03:33.820 [Test worker] DEBUG org.hibernate.persister.walking.spi.MetamodelGraphWalker - Visiting attribute path : createdAt
17:03:33.820 [Test worker] DEBUG org.hibernate.persister.walking.spi.MetamodelGraphWalker - Visiting attribute path : orderCertificates
17:03:33.820 [Test worker] DEBUG org.hibernate.loader.plan.build.internal.spaces.QuerySpacesImpl - Adding QuerySpace : uid = <gen:1> -> org.hibernate.loader.plan.build.internal.spaces.CollectionQuerySpaceImpl@4d81434a]
17:03:33.820 [Test worker] DEBUG org.hibernate.loader.plan.build.internal.spaces.QuerySpacesImpl - Adding QuerySpace : uid = <gen:2> -> org.hibernate.loader.plan.build.internal.spaces.EntityQuerySpaceImpl@7d83c315]
17:03:33.820 [Test worker] DEBUG org.hibernate.persister.walking.spi.MetamodelGraphWalker - Visiting attribute path : user
17:03:33.821 [Test worker] DEBUG org.hibernate.loader.plan.build.internal.spaces.QuerySpacesImpl - Adding QuerySpace : uid = <gen:3> -> org.hibernate.loader.plan.build.internal.spaces.EntityQuerySpaceImpl@5a2d5033]
17:03:33.821 [Test worker] DEBUG org.hibernate.persister.walking.spi.MetamodelGraphWalker - Visiting attribute path : user.email
17:03:33.821 [Test worker] DEBUG org.hibernate.persister.walking.spi.MetamodelGraphWalker - Visiting attribute path : user.orders
17:03:33.821 [Test worker] DEBUG org.hibernate.persister.walking.spi.MetamodelGraphWalker - Property path deemed to be circular : user.orders
17:03:33.821 [Test worker] DEBUG org.hibernate.persister.walking.spi.MetamodelGraphWalker - Visiting attribute path : user.password
17:03:33.821 [Test worker] DEBUG org.hibernate.persister.walking.spi.MetamodelGraphWalker - Visiting attribute path : user.refreshToken
17:03:33.821 [Test worker] DEBUG org.hibernate.persister.walking.spi.MetamodelGraphWalker - Visiting attribute path : user.role
17:03:33.821 [Test worker] DEBUG org.hibernate.loader.plan.build.internal.spaces.QuerySpacesImpl - Adding QuerySpace : uid = <gen:4> -> org.hibernate.loader.plan.build.internal.spaces.EntityQuerySpaceImpl@4d001deb]
17:03:33.821 [Test worker] DEBUG org.hibernate.persister.walking.spi.MetamodelGraphWalker - Visiting attribute path : user.role.value
17:03:33.821 [Test worker] DEBUG org.hibernate.loader.plan.build.internal.FetchStyleLoadPlanBuildingAssociationVisitationStrategy - Building LoadPlan...
17:03:33.821 [Test worker] DEBUG org.hibernate.loader.plan.exec.internal.LoadQueryJoinAndFetchProcessor - processing queryspace <gen:0>
17:03:33.822 [Test worker] DEBUG org.hibernate.loader.plan.build.spi.LoadPlanTreePrinter - LoadPlan(entity=com.epam.esm.entity.Order)
    - Returns
       - EntityReturnImpl(entity=com.epam.esm.entity.Order, querySpaceUid=<gen:0>, path=com.epam.esm.entity.Order)
          - CollectionAttributeFetchImpl(collection=com.epam.esm.entity.Order.orderCertificates, querySpaceUid=<gen:1>, path=com.epam.esm.entity.Order.orderCertificates)
             - (collection element) CollectionFetchableElementEntityGraph(entity=com.epam.esm.entity.OrderCertificate, querySpaceUid=<gen:2>, path=com.epam.esm.entity.Order.orderCertificates.<elements>)
          - EntityAttributeFetchImpl(entity=com.epam.esm.entity.User, querySpaceUid=<gen:3>, path=com.epam.esm.entity.Order.user)
             - EntityAttributeFetchImpl(entity=com.epam.esm.entity.Role, querySpaceUid=<gen:4>, path=com.epam.esm.entity.Order.user.role)
    - QuerySpaces
       - EntityQuerySpaceImpl(uid=<gen:0>, entity=com.epam.esm.entity.Order)
          - SQL table alias mapping - order0_
          - alias suffix - 0_
          - suffixed key columns - {id1_0_0_}
          - JOIN (JoinDefinedByMetadata(user)) : <gen:0> -> <gen:3>
             - EntityQuerySpaceImpl(uid=<gen:3>, entity=com.epam.esm.entity.User)
                - SQL table alias mapping - user1_
                - alias suffix - 1_
                - suffixed key columns - {id1_2_1_}
                - JOIN (JoinDefinedByMetadata(role)) : <gen:3> -> <gen:4>
                   - EntityQuerySpaceImpl(uid=<gen:4>, entity=com.epam.esm.entity.Role)
                      - SQL table alias mapping - role2_
                      - alias suffix - 2_
                      - suffixed key columns - {id1_1_2_}

17:03:33.822 [Test worker] DEBUG org.hibernate.loader.entity.plan.EntityLoader - Static select for entity com.epam.esm.entity.Order [NONE]: select order0_.id as id1_0_0_, order0_.active_status as active_s2_0_0_, order0_.created_at as created_3_0_0_, order0_.user_id as user_id4_0_0_, user1_.id as id1_2_1_, user1_.email as email2_2_1_, user1_.password as password3_2_1_, user1_.refresh_token as refresh_4_2_1_, user1_.role_id as role_id5_2_1_, role2_.id as id1_1_2_, role2_.value as value2_1_2_ from application_order order0_ left outer join application_user user1_ on order0_.user_id=user1_.id left outer join application_role role2_ on user1_.role_id=role2_.id where order0_.id=?
17:03:33.822 [Test worker] DEBUG org.hibernate.loader.plan.build.internal.spaces.QuerySpacesImpl - Adding QuerySpace : uid = <gen:0> -> org.hibernate.loader.plan.build.internal.spaces.EntityQuerySpaceImpl@1ee49501]
17:03:33.822 [Test worker] DEBUG org.hibernate.persister.walking.spi.MetamodelGraphWalker - Visiting attribute path : activeStatus
17:03:33.822 [Test worker] DEBUG org.hibernate.persister.walking.spi.MetamodelGraphWalker - Visiting attribute path : createdAt
17:03:33.822 [Test worker] DEBUG org.hibernate.persister.walking.spi.MetamodelGraphWalker - Visiting attribute path : orderCertificates
17:03:33.822 [Test worker] DEBUG org.hibernate.loader.plan.build.internal.spaces.QuerySpacesImpl - Adding QuerySpace : uid = <gen:1> -> org.hibernate.loader.plan.build.internal.spaces.CollectionQuerySpaceImpl@3dd385c8]
17:03:33.822 [Test worker] DEBUG org.hibernate.loader.plan.build.internal.spaces.QuerySpacesImpl - Adding QuerySpace : uid = <gen:2> -> org.hibernate.loader.plan.build.internal.spaces.EntityQuerySpaceImpl@54e3071b]
17:03:33.822 [Test worker] DEBUG org.hibernate.persister.walking.spi.MetamodelGraphWalker - Visiting attribute path : user
17:03:33.822 [Test worker] DEBUG org.hibernate.loader.plan.build.internal.spaces.QuerySpacesImpl - Adding QuerySpace : uid = <gen:3> -> org.hibernate.loader.plan.build.internal.spaces.EntityQuerySpaceImpl@6e95cc1b]
17:03:33.822 [Test worker] DEBUG org.hibernate.persister.walking.spi.MetamodelGraphWalker - Visiting attribute path : user.email
17:03:33.822 [Test worker] DEBUG org.hibernate.persister.walking.spi.MetamodelGraphWalker - Visiting attribute path : user.orders
17:03:33.822 [Test worker] DEBUG org.hibernate.persister.walking.spi.MetamodelGraphWalker - Property path deemed to be circular : user.orders
17:03:33.822 [Test worker] DEBUG org.hibernate.persister.walking.spi.MetamodelGraphWalker - Visiting attribute path : user.password
17:03:33.822 [Test worker] DEBUG org.hibernate.persister.walking.spi.MetamodelGraphWalker - Visiting attribute path : user.refreshToken
17:03:33.822 [Test worker] DEBUG org.hibernate.persister.walking.spi.MetamodelGraphWalker - Visiting attribute path : user.role
17:03:33.822 [Test worker] DEBUG org.hibernate.loader.plan.build.internal.spaces.QuerySpacesImpl - Adding QuerySpace : uid = <gen:4> -> org.hibernate.loader.plan.build.internal.spaces.EntityQuerySpaceImpl@36ca70bf]
17:03:33.822 [Test worker] DEBUG org.hibernate.persister.walking.spi.MetamodelGraphWalker - Visiting attribute path : user.role.value
17:03:33.822 [Test worker] DEBUG org.hibernate.loader.plan.build.internal.FetchStyleLoadPlanBuildingAssociationVisitationStrategy - Building LoadPlan...
17:03:33.822 [Test worker] DEBUG org.hibernate.loader.plan.exec.internal.LoadQueryJoinAndFetchProcessor - processing queryspace <gen:0>
17:03:33.822 [Test worker] DEBUG org.hibernate.loader.plan.build.spi.LoadPlanTreePrinter - LoadPlan(entity=com.epam.esm.entity.Order)
    - Returns
       - EntityReturnImpl(entity=com.epam.esm.entity.Order, querySpaceUid=<gen:0>, path=com.epam.esm.entity.Order)
          - CollectionAttributeFetchImpl(collection=com.epam.esm.entity.Order.orderCertificates, querySpaceUid=<gen:1>, path=com.epam.esm.entity.Order.orderCertificates)
             - (collection element) CollectionFetchableElementEntityGraph(entity=com.epam.esm.entity.OrderCertificate, querySpaceUid=<gen:2>, path=com.epam.esm.entity.Order.orderCertificates.<elements>)
          - EntityAttributeFetchImpl(entity=com.epam.esm.entity.User, querySpaceUid=<gen:3>, path=com.epam.esm.entity.Order.user)
             - EntityAttributeFetchImpl(entity=com.epam.esm.entity.Role, querySpaceUid=<gen:4>, path=com.epam.esm.entity.Order.user.role)
    - QuerySpaces
       - EntityQuerySpaceImpl(uid=<gen:0>, entity=com.epam.esm.entity.Order)
          - SQL table alias mapping - order0_
          - alias suffix - 0_
          - suffixed key columns - {id1_0_0_}
          - JOIN (JoinDefinedByMetadata(user)) : <gen:0> -> <gen:3>
             - EntityQuerySpaceImpl(uid=<gen:3>, entity=com.epam.esm.entity.User)
                - SQL table alias mapping - user1_
                - alias suffix - 1_
                - suffixed key columns - {id1_2_1_}
                - JOIN (JoinDefinedByMetadata(role)) : <gen:3> -> <gen:4>
                   - EntityQuerySpaceImpl(uid=<gen:4>, entity=com.epam.esm.entity.Role)
                      - SQL table alias mapping - role2_
                      - alias suffix - 2_
                      - suffixed key columns - {id1_1_2_}

17:03:33.822 [Test worker] DEBUG org.hibernate.loader.entity.plan.EntityLoader - Static select for entity com.epam.esm.entity.Order [READ]: select order0_.id as id1_0_0_, order0_.active_status as active_s2_0_0_, order0_.created_at as created_3_0_0_, order0_.user_id as user_id4_0_0_, user1_.id as id1_2_1_, user1_.email as email2_2_1_, user1_.password as password3_2_1_, user1_.refresh_token as refresh_4_2_1_, user1_.role_id as role_id5_2_1_, role2_.id as id1_1_2_, role2_.value as value2_1_2_ from application_order order0_ left outer join application_user user1_ on order0_.user_id=user1_.id left outer join application_role role2_ on user1_.role_id=role2_.id where order0_.id=?
17:03:33.823 [Test worker] DEBUG org.hibernate.loader.Loader - Static select for action ACTION_MERGE on entity com.epam.esm.entity.Order: select order0_.id as id1_0_0_, order0_.active_status as active_s2_0_0_, order0_.created_at as created_3_0_0_, order0_.user_id as user_id4_0_0_ from application_order order0_ where order0_.id=?
17:03:33.823 [Test worker] DEBUG org.hibernate.loader.Loader - Static select for action ACTION_REFRESH on entity com.epam.esm.entity.Order: select order0_.id as id1_0_0_, order0_.active_status as active_s2_0_0_, order0_.created_at as created_3_0_0_, order0_.user_id as user_id4_0_0_ from application_order order0_ where order0_.id=?
17:03:33.823 [Test worker] DEBUG org.hibernate.persister.entity.AbstractEntityPersister - Static SQL for entity: com.epam.esm.entity.GiftCertificate
17:03:33.823 [Test worker] DEBUG org.hibernate.persister.entity.AbstractEntityPersister -  Version select: select id from certificate where id =?
17:03:33.823 [Test worker] DEBUG org.hibernate.persister.entity.AbstractEntityPersister -  Snapshot select: select giftcertif_.id, giftcertif_.active_status as active_s2_3_, giftcertif_.creation_date as creation3_3_, giftcertif_.description as descript4_3_, giftcertif_.expiration_date as expirati5_3_, giftcertif_.modification_date as modifica6_3_, giftcertif_.name as name7_3_, giftcertif_.price as price8_3_ from certificate giftcertif_ where giftcertif_.id=?
17:03:33.823 [Test worker] DEBUG org.hibernate.persister.entity.AbstractEntityPersister -  Insert 0: insert into certificate (active_status, creation_date, description, expiration_date, modification_date, name, price, id) values (?, ?, ?, ?, ?, ?, ?, ?)
17:03:33.823 [Test worker] DEBUG org.hibernate.persister.entity.AbstractEntityPersister -  Update 0: update certificate set active_status=?, creation_date=?, description=?, expiration_date=?, modification_date=?, name=?, price=? where id=?
17:03:33.823 [Test worker] DEBUG org.hibernate.persister.entity.AbstractEntityPersister -  Delete 0: delete from certificate where id=?
17:03:33.823 [Test worker] DEBUG org.hibernate.persister.entity.AbstractEntityPersister -  Identity insert: insert into certificate (id, active_status, creation_date, description, expiration_date, modification_date, name, price) values (null, ?, ?, ?, ?, ?, ?, ?)
17:03:33.823 [Test worker] DEBUG org.hibernate.loader.plan.build.internal.spaces.QuerySpacesImpl - Adding QuerySpace : uid = <gen:0> -> org.hibernate.loader.plan.build.internal.spaces.EntityQuerySpaceImpl@3a688cf6]
17:03:33.823 [Test worker] DEBUG org.hibernate.persister.walking.spi.MetamodelGraphWalker - Visiting attribute path : activeStatus
17:03:33.823 [Test worker] DEBUG org.hibernate.persister.walking.spi.MetamodelGraphWalker - Visiting attribute path : creationDate
17:03:33.823 [Test worker] DEBUG org.hibernate.persister.walking.spi.MetamodelGraphWalker - Visiting attribute path : description
17:03:33.823 [Test worker] DEBUG org.hibernate.persister.walking.spi.MetamodelGraphWalker - Visiting attribute path : expirationDate
17:03:33.823 [Test worker] DEBUG org.hibernate.persister.walking.spi.MetamodelGraphWalker - Visiting attribute path : modificationDate
17:03:33.823 [Test worker] DEBUG org.hibernate.persister.walking.spi.MetamodelGraphWalker - Visiting attribute path : name
17:03:33.823 [Test worker] DEBUG org.hibernate.persister.walking.spi.MetamodelGraphWalker - Visiting attribute path : orderCertificates
17:03:33.823 [Test worker] DEBUG org.hibernate.loader.plan.build.internal.spaces.QuerySpacesImpl - Adding QuerySpace : uid = <gen:1> -> org.hibernate.loader.plan.build.internal.spaces.CollectionQuerySpaceImpl@7a235177]
17:03:33.823 [Test worker] DEBUG org.hibernate.loader.plan.build.internal.spaces.QuerySpacesImpl - Adding QuerySpace : uid = <gen:2> -> org.hibernate.loader.plan.build.internal.spaces.EntityQuerySpaceImpl@6b7a64f3]
17:03:33.823 [Test worker] DEBUG org.hibernate.persister.walking.spi.MetamodelGraphWalker - Visiting attribute path : price
17:03:33.823 [Test worker] DEBUG org.hibernate.persister.walking.spi.MetamodelGraphWalker - Visiting attribute path : tags
17:03:33.823 [Test worker] DEBUG org.hibernate.loader.plan.build.internal.spaces.QuerySpacesImpl - Adding QuerySpace : uid = <gen:3> -> org.hibernate.loader.plan.build.internal.spaces.CollectionQuerySpaceImpl@158b4a56]
17:03:33.823 [Test worker] DEBUG org.hibernate.loader.plan.build.internal.spaces.QuerySpacesImpl - Adding QuerySpace : uid = <gen:4> -> org.hibernate.loader.plan.build.internal.spaces.EntityQuerySpaceImpl@467ce1cb]
17:03:33.823 [Test worker] DEBUG org.hibernate.loader.plan.build.internal.FetchStyleLoadPlanBuildingAssociationVisitationStrategy - Building LoadPlan...
17:03:33.823 [Test worker] DEBUG org.hibernate.loader.plan.exec.internal.LoadQueryJoinAndFetchProcessor - processing queryspace <gen:0>
17:03:33.823 [Test worker] DEBUG org.hibernate.loader.plan.build.spi.LoadPlanTreePrinter - LoadPlan(entity=com.epam.esm.entity.GiftCertificate)
    - Returns
       - EntityReturnImpl(entity=com.epam.esm.entity.GiftCertificate, querySpaceUid=<gen:0>, path=com.epam.esm.entity.GiftCertificate)
          - CollectionAttributeFetchImpl(collection=com.epam.esm.entity.GiftCertificate.orderCertificates, querySpaceUid=<gen:1>, path=com.epam.esm.entity.GiftCertificate.orderCertificates)
             - (collection element) CollectionFetchableElementEntityGraph(entity=com.epam.esm.entity.OrderCertificate, querySpaceUid=<gen:2>, path=com.epam.esm.entity.GiftCertificate.orderCertificates.<elements>)
          - CollectionAttributeFetchImpl(collection=com.epam.esm.entity.GiftCertificate.tags, querySpaceUid=<gen:3>, path=com.epam.esm.entity.GiftCertificate.tags)
             - (collection element) CollectionFetchableElementEntityGraph(entity=com.epam.esm.entity.Tag, querySpaceUid=<gen:4>, path=com.epam.esm.entity.GiftCertificate.tags.<elements>)
    - QuerySpaces
       - EntityQuerySpaceImpl(uid=<gen:0>, entity=com.epam.esm.entity.GiftCertificate)
          - SQL table alias mapping - giftcertif0_
          - alias suffix - 0_
          - suffixed key columns - {id1_3_0_}

17:03:33.824 [Test worker] DEBUG org.hibernate.loader.entity.plan.EntityLoader - Static select for entity com.epam.esm.entity.GiftCertificate [NONE]: select giftcertif0_.id as id1_3_0_, giftcertif0_.active_status as active_s2_3_0_, giftcertif0_.creation_date as creation3_3_0_, giftcertif0_.description as descript4_3_0_, giftcertif0_.expiration_date as expirati5_3_0_, giftcertif0_.modification_date as modifica6_3_0_, giftcertif0_.name as name7_3_0_, giftcertif0_.price as price8_3_0_ from certificate giftcertif0_ where giftcertif0_.id=?
17:03:33.824 [Test worker] DEBUG org.hibernate.loader.plan.build.internal.spaces.QuerySpacesImpl - Adding QuerySpace : uid = <gen:0> -> org.hibernate.loader.plan.build.internal.spaces.EntityQuerySpaceImpl@2634b89a]
17:03:33.824 [Test worker] DEBUG org.hibernate.persister.walking.spi.MetamodelGraphWalker - Visiting attribute path : activeStatus
17:03:33.824 [Test worker] DEBUG org.hibernate.persister.walking.spi.MetamodelGraphWalker - Visiting attribute path : creationDate
17:03:33.824 [Test worker] DEBUG org.hibernate.persister.walking.spi.MetamodelGraphWalker - Visiting attribute path : description
17:03:33.824 [Test worker] DEBUG org.hibernate.persister.walking.spi.MetamodelGraphWalker - Visiting attribute path : expirationDate
17:03:33.824 [Test worker] DEBUG org.hibernate.persister.walking.spi.MetamodelGraphWalker - Visiting attribute path : modificationDate
17:03:33.824 [Test worker] DEBUG org.hibernate.persister.walking.spi.MetamodelGraphWalker - Visiting attribute path : name
17:03:33.824 [Test worker] DEBUG org.hibernate.persister.walking.spi.MetamodelGraphWalker - Visiting attribute path : orderCertificates
17:03:33.824 [Test worker] DEBUG org.hibernate.loader.plan.build.internal.spaces.QuerySpacesImpl - Adding QuerySpace : uid = <gen:1> -> org.hibernate.loader.plan.build.internal.spaces.CollectionQuerySpaceImpl@51c73d35]
17:03:33.824 [Test worker] DEBUG org.hibernate.loader.plan.build.internal.spaces.QuerySpacesImpl - Adding QuerySpace : uid = <gen:2> -> org.hibernate.loader.plan.build.internal.spaces.EntityQuerySpaceImpl@7094fc7f]
17:03:33.824 [Test worker] DEBUG org.hibernate.persister.walking.spi.MetamodelGraphWalker - Visiting attribute path : price
17:03:33.824 [Test worker] DEBUG org.hibernate.persister.walking.spi.MetamodelGraphWalker - Visiting attribute path : tags
17:03:33.824 [Test worker] DEBUG org.hibernate.loader.plan.build.internal.spaces.QuerySpacesImpl - Adding QuerySpace : uid = <gen:3> -> org.hibernate.loader.plan.build.internal.spaces.CollectionQuerySpaceImpl@73e76a9f]
17:03:33.824 [Test worker] DEBUG org.hibernate.loader.plan.build.internal.spaces.QuerySpacesImpl - Adding QuerySpace : uid = <gen:4> -> org.hibernate.loader.plan.build.internal.spaces.EntityQuerySpaceImpl@65ca4a35]
17:03:33.824 [Test worker] DEBUG org.hibernate.loader.plan.build.internal.FetchStyleLoadPlanBuildingAssociationVisitationStrategy - Building LoadPlan...
17:03:33.824 [Test worker] DEBUG org.hibernate.loader.plan.exec.internal.LoadQueryJoinAndFetchProcessor - processing queryspace <gen:0>
17:03:33.824 [Test worker] DEBUG org.hibernate.loader.plan.build.spi.LoadPlanTreePrinter - LoadPlan(entity=com.epam.esm.entity.GiftCertificate)
    - Returns
       - EntityReturnImpl(entity=com.epam.esm.entity.GiftCertificate, querySpaceUid=<gen:0>, path=com.epam.esm.entity.GiftCertificate)
          - CollectionAttributeFetchImpl(collection=com.epam.esm.entity.GiftCertificate.orderCertificates, querySpaceUid=<gen:1>, path=com.epam.esm.entity.GiftCertificate.orderCertificates)
             - (collection element) CollectionFetchableElementEntityGraph(entity=com.epam.esm.entity.OrderCertificate, querySpaceUid=<gen:2>, path=com.epam.esm.entity.GiftCertificate.orderCertificates.<elements>)
          - CollectionAttributeFetchImpl(collection=com.epam.esm.entity.GiftCertificate.tags, querySpaceUid=<gen:3>, path=com.epam.esm.entity.GiftCertificate.tags)
             - (collection element) CollectionFetchableElementEntityGraph(entity=com.epam.esm.entity.Tag, querySpaceUid=<gen:4>, path=com.epam.esm.entity.GiftCertificate.tags.<elements>)
    - QuerySpaces
       - EntityQuerySpaceImpl(uid=<gen:0>, entity=com.epam.esm.entity.GiftCertificate)
          - SQL table alias mapping - giftcertif0_
          - alias suffix - 0_
          - suffixed key columns - {id1_3_0_}

17:03:33.824 [Test worker] DEBUG org.hibernate.loader.entity.plan.EntityLoader - Static select for entity com.epam.esm.entity.GiftCertificate [READ]: select giftcertif0_.id as id1_3_0_, giftcertif0_.active_status as active_s2_3_0_, giftcertif0_.creation_date as creation3_3_0_, giftcertif0_.description as descript4_3_0_, giftcertif0_.expiration_date as expirati5_3_0_, giftcertif0_.modification_date as modifica6_3_0_, giftcertif0_.name as name7_3_0_, giftcertif0_.price as price8_3_0_ from certificate giftcertif0_ where giftcertif0_.id=?
17:03:33.825 [Test worker] DEBUG org.hibernate.loader.Loader - Static select for action ACTION_MERGE on entity com.epam.esm.entity.GiftCertificate: select giftcertif0_.id as id1_3_2_, giftcertif0_.active_status as active_s2_3_2_, giftcertif0_.creation_date as creation3_3_2_, giftcertif0_.description as descript4_3_2_, giftcertif0_.expiration_date as expirati5_3_2_, giftcertif0_.modification_date as modifica6_3_2_, giftcertif0_.name as name7_3_2_, giftcertif0_.price as price8_3_2_, ordercerti1_.certificate_id as certific4_6_4_, ordercerti1_.id as id1_6_4_, ordercerti1_.id as id1_6_0_, ordercerti1_.certificate_id as certific4_6_0_, ordercerti1_.expiration_date as expirati2_6_0_, ordercerti1_.fixed_price as fixed_pr3_6_0_, ordercerti1_.order_id as order_id5_6_0_, order2_.id as id1_0_1_, order2_.active_status as active_s2_0_1_, order2_.created_at as created_3_0_1_, order2_.user_id as user_id4_0_1_ from certificate giftcertif0_ left outer join order_certificate ordercerti1_ on giftcertif0_.id=ordercerti1_.certificate_id left outer join application_order order2_ on ordercerti1_.order_id=order2_.id where giftcertif0_.id=?
17:03:33.825 [Test worker] DEBUG org.hibernate.loader.Loader - Static select for action ACTION_REFRESH on entity com.epam.esm.entity.GiftCertificate: select giftcertif0_.id as id1_3_2_, giftcertif0_.active_status as active_s2_3_2_, giftcertif0_.creation_date as creation3_3_2_, giftcertif0_.description as descript4_3_2_, giftcertif0_.expiration_date as expirati5_3_2_, giftcertif0_.modification_date as modifica6_3_2_, giftcertif0_.name as name7_3_2_, giftcertif0_.price as price8_3_2_, ordercerti1_.certificate_id as certific4_6_4_, ordercerti1_.id as id1_6_4_, ordercerti1_.id as id1_6_0_, ordercerti1_.certificate_id as certific4_6_0_, ordercerti1_.expiration_date as expirati2_6_0_, ordercerti1_.fixed_price as fixed_pr3_6_0_, ordercerti1_.order_id as order_id5_6_0_, order2_.id as id1_0_1_, order2_.active_status as active_s2_0_1_, order2_.created_at as created_3_0_1_, order2_.user_id as user_id4_0_1_ from certificate giftcertif0_ left outer join order_certificate ordercerti1_ on giftcertif0_.id=ordercerti1_.certificate_id left outer join application_order order2_ on ordercerti1_.order_id=order2_.id where giftcertif0_.id=?
17:03:33.826 [Test worker] DEBUG org.hibernate.persister.entity.AbstractEntityPersister - Static SQL for entity: com.epam.esm.entity.User
17:03:33.826 [Test worker] DEBUG org.hibernate.persister.entity.AbstractEntityPersister -  Version select: select id from application_user where id =?
17:03:33.826 [Test worker] DEBUG org.hibernate.persister.entity.AbstractEntityPersister -  Snapshot select: select user_.id, user_.email as email2_2_, user_.password as password3_2_, user_.refresh_token as refresh_4_2_, user_.role_id as role_id5_2_ from application_user user_ where user_.id=?
17:03:33.826 [Test worker] DEBUG org.hibernate.persister.entity.AbstractEntityPersister -  Insert 0: insert into application_user (email, password, refresh_token, role_id, id) values (?, ?, ?, ?, ?)
17:03:33.826 [Test worker] DEBUG org.hibernate.persister.entity.AbstractEntityPersister -  Update 0: update application_user set email=?, password=?, refresh_token=?, role_id=? where id=?
17:03:33.826 [Test worker] DEBUG org.hibernate.persister.entity.AbstractEntityPersister -  Delete 0: delete from application_user where id=?
17:03:33.826 [Test worker] DEBUG org.hibernate.persister.entity.AbstractEntityPersister -  Identity insert: insert into application_user (id, email, password, refresh_token, role_id) values (null, ?, ?, ?, ?)
17:03:33.826 [Test worker] DEBUG org.hibernate.loader.plan.build.internal.spaces.QuerySpacesImpl - Adding QuerySpace : uid = <gen:0> -> org.hibernate.loader.plan.build.internal.spaces.EntityQuerySpaceImpl@d8cfd2c]
17:03:33.826 [Test worker] DEBUG org.hibernate.persister.walking.spi.MetamodelGraphWalker - Visiting attribute path : email
17:03:33.826 [Test worker] DEBUG org.hibernate.persister.walking.spi.MetamodelGraphWalker - Visiting attribute path : orders
17:03:33.826 [Test worker] DEBUG org.hibernate.loader.plan.build.internal.spaces.QuerySpacesImpl - Adding QuerySpace : uid = <gen:1> -> org.hibernate.loader.plan.build.internal.spaces.CollectionQuerySpaceImpl@1257b5ae]
17:03:33.826 [Test worker] DEBUG org.hibernate.loader.plan.build.internal.spaces.QuerySpacesImpl - Adding QuerySpace : uid = <gen:2> -> org.hibernate.loader.plan.build.internal.spaces.EntityQuerySpaceImpl@25fbce33]
17:03:33.826 [Test worker] DEBUG org.hibernate.persister.walking.spi.MetamodelGraphWalker - Visiting attribute path : password
17:03:33.826 [Test worker] DEBUG org.hibernate.persister.walking.spi.MetamodelGraphWalker - Visiting attribute path : refreshToken
17:03:33.826 [Test worker] DEBUG org.hibernate.persister.walking.spi.MetamodelGraphWalker - Visiting attribute path : role
17:03:33.826 [Test worker] DEBUG org.hibernate.loader.plan.build.internal.spaces.QuerySpacesImpl - Adding QuerySpace : uid = <gen:3> -> org.hibernate.loader.plan.build.internal.spaces.EntityQuerySpaceImpl@4ff4323d]
17:03:33.826 [Test worker] DEBUG org.hibernate.persister.walking.spi.MetamodelGraphWalker - Visiting attribute path : role.value
17:03:33.826 [Test worker] DEBUG org.hibernate.loader.plan.build.internal.FetchStyleLoadPlanBuildingAssociationVisitationStrategy - Building LoadPlan...
17:03:33.826 [Test worker] DEBUG org.hibernate.loader.plan.exec.internal.LoadQueryJoinAndFetchProcessor - processing queryspace <gen:0>
17:03:33.827 [Test worker] DEBUG org.hibernate.loader.plan.build.spi.LoadPlanTreePrinter - LoadPlan(entity=com.epam.esm.entity.User)
    - Returns
       - EntityReturnImpl(entity=com.epam.esm.entity.User, querySpaceUid=<gen:0>, path=com.epam.esm.entity.User)
          - CollectionAttributeFetchImpl(collection=com.epam.esm.entity.User.orders, querySpaceUid=<gen:1>, path=com.epam.esm.entity.User.orders)
             - (collection element) CollectionFetchableElementEntityGraph(entity=com.epam.esm.entity.Order, querySpaceUid=<gen:2>, path=com.epam.esm.entity.User.orders.<elements>)
          - EntityAttributeFetchImpl(entity=com.epam.esm.entity.Role, querySpaceUid=<gen:3>, path=com.epam.esm.entity.User.role)
    - QuerySpaces
       - EntityQuerySpaceImpl(uid=<gen:0>, entity=com.epam.esm.entity.User)
          - SQL table alias mapping - user0_
          - alias suffix - 0_
          - suffixed key columns - {id1_2_0_}
          - JOIN (JoinDefinedByMetadata(role)) : <gen:0> -> <gen:3>
             - EntityQuerySpaceImpl(uid=<gen:3>, entity=com.epam.esm.entity.Role)
                - SQL table alias mapping - role1_
                - alias suffix - 1_
                - suffixed key columns - {id1_1_1_}

17:03:33.827 [Test worker] DEBUG org.hibernate.loader.entity.plan.EntityLoader - Static select for entity com.epam.esm.entity.User [NONE]: select user0_.id as id1_2_0_, user0_.email as email2_2_0_, user0_.password as password3_2_0_, user0_.refresh_token as refresh_4_2_0_, user0_.role_id as role_id5_2_0_, role1_.id as id1_1_1_, role1_.value as value2_1_1_ from application_user user0_ left outer join application_role role1_ on user0_.role_id=role1_.id where user0_.id=?
17:03:33.827 [Test worker] DEBUG org.hibernate.loader.plan.build.internal.spaces.QuerySpacesImpl - Adding QuerySpace : uid = <gen:0> -> org.hibernate.loader.plan.build.internal.spaces.EntityQuerySpaceImpl@5e4cf6d2]
17:03:33.827 [Test worker] DEBUG org.hibernate.persister.walking.spi.MetamodelGraphWalker - Visiting attribute path : email
17:03:33.827 [Test worker] DEBUG org.hibernate.persister.walking.spi.MetamodelGraphWalker - Visiting attribute path : orders
17:03:33.827 [Test worker] DEBUG org.hibernate.loader.plan.build.internal.spaces.QuerySpacesImpl - Adding QuerySpace : uid = <gen:1> -> org.hibernate.loader.plan.build.internal.spaces.CollectionQuerySpaceImpl@4bb68a3e]
17:03:33.827 [Test worker] DEBUG org.hibernate.loader.plan.build.internal.spaces.QuerySpacesImpl - Adding QuerySpace : uid = <gen:2> -> org.hibernate.loader.plan.build.internal.spaces.EntityQuerySpaceImpl@742c21d5]
17:03:33.827 [Test worker] DEBUG org.hibernate.persister.walking.spi.MetamodelGraphWalker - Visiting attribute path : password
17:03:33.827 [Test worker] DEBUG org.hibernate.persister.walking.spi.MetamodelGraphWalker - Visiting attribute path : refreshToken
17:03:33.827 [Test worker] DEBUG org.hibernate.persister.walking.spi.MetamodelGraphWalker - Visiting attribute path : role
17:03:33.827 [Test worker] DEBUG org.hibernate.loader.plan.build.internal.spaces.QuerySpacesImpl - Adding QuerySpace : uid = <gen:3> -> org.hibernate.loader.plan.build.internal.spaces.EntityQuerySpaceImpl@4defb3e4]
17:03:33.827 [Test worker] DEBUG org.hibernate.persister.walking.spi.MetamodelGraphWalker - Visiting attribute path : role.value
17:03:33.827 [Test worker] DEBUG org.hibernate.loader.plan.build.internal.FetchStyleLoadPlanBuildingAssociationVisitationStrategy - Building LoadPlan...
17:03:33.827 [Test worker] DEBUG org.hibernate.loader.plan.exec.internal.LoadQueryJoinAndFetchProcessor - processing queryspace <gen:0>
17:03:33.828 [Test worker] DEBUG org.hibernate.loader.plan.build.spi.LoadPlanTreePrinter - LoadPlan(entity=com.epam.esm.entity.User)
    - Returns
       - EntityReturnImpl(entity=com.epam.esm.entity.User, querySpaceUid=<gen:0>, path=com.epam.esm.entity.User)
          - CollectionAttributeFetchImpl(collection=com.epam.esm.entity.User.orders, querySpaceUid=<gen:1>, path=com.epam.esm.entity.User.orders)
             - (collection element) CollectionFetchableElementEntityGraph(entity=com.epam.esm.entity.Order, querySpaceUid=<gen:2>, path=com.epam.esm.entity.User.orders.<elements>)
          - EntityAttributeFetchImpl(entity=com.epam.esm.entity.Role, querySpaceUid=<gen:3>, path=com.epam.esm.entity.User.role)
    - QuerySpaces
       - EntityQuerySpaceImpl(uid=<gen:0>, entity=com.epam.esm.entity.User)
          - SQL table alias mapping - user0_
          - alias suffix - 0_
          - suffixed key columns - {id1_2_0_}
          - JOIN (JoinDefinedByMetadata(role)) : <gen:0> -> <gen:3>
             - EntityQuerySpaceImpl(uid=<gen:3>, entity=com.epam.esm.entity.Role)
                - SQL table alias mapping - role1_
                - alias suffix - 1_
                - suffixed key columns - {id1_1_1_}

17:03:33.828 [Test worker] DEBUG org.hibernate.loader.entity.plan.EntityLoader - Static select for entity com.epam.esm.entity.User [READ]: select user0_.id as id1_2_0_, user0_.email as email2_2_0_, user0_.password as password3_2_0_, user0_.refresh_token as refresh_4_2_0_, user0_.role_id as role_id5_2_0_, role1_.id as id1_1_1_, role1_.value as value2_1_1_ from application_user user0_ left outer join application_role role1_ on user0_.role_id=role1_.id where user0_.id=?
17:03:33.828 [Test worker] DEBUG org.hibernate.loader.Loader - Static select for action ACTION_MERGE on entity com.epam.esm.entity.User: select user0_.id as id1_2_0_, user0_.email as email2_2_0_, user0_.password as password3_2_0_, user0_.refresh_token as refresh_4_2_0_, user0_.role_id as role_id5_2_0_ from application_user user0_ where user0_.id=?
17:03:33.828 [Test worker] DEBUG org.hibernate.loader.Loader - Static select for action ACTION_REFRESH on entity com.epam.esm.entity.User: select user0_.id as id1_2_0_, user0_.email as email2_2_0_, user0_.password as password3_2_0_, user0_.refresh_token as refresh_4_2_0_, user0_.role_id as role_id5_2_0_ from application_user user0_ where user0_.id=?
17:03:33.828 [Test worker] DEBUG org.hibernate.persister.entity.AbstractEntityPersister - Static SQL for entity: com.epam.esm.entity.Entity
17:03:33.828 [Test worker] DEBUG org.hibernate.persister.entity.AbstractEntityPersister -  Version select: select id from entity where id =?
17:03:33.828 [Test worker] DEBUG org.hibernate.persister.entity.AbstractEntityPersister -  Snapshot select: select entity_.id from entity entity_ where entity_.id=?
17:03:33.828 [Test worker] DEBUG org.hibernate.persister.entity.AbstractEntityPersister -  Insert 0: insert into entity (id) values (?)
17:03:33.828 [Test worker] DEBUG org.hibernate.persister.entity.AbstractEntityPersister -  Update 0: null
17:03:33.828 [Test worker] DEBUG org.hibernate.persister.entity.AbstractEntityPersister -  Delete 0: delete from entity where id=?
17:03:33.828 [Test worker] DEBUG org.hibernate.persister.entity.AbstractEntityPersister -  Identity insert: insert into entity (id) values (null)
17:03:33.828 [Test worker] DEBUG org.hibernate.loader.plan.build.internal.spaces.QuerySpacesImpl - Adding QuerySpace : uid = <gen:0> -> org.hibernate.loader.plan.build.internal.spaces.EntityQuerySpaceImpl@7e8dc080]
17:03:33.828 [Test worker] DEBUG org.hibernate.loader.plan.build.internal.FetchStyleLoadPlanBuildingAssociationVisitationStrategy - Building LoadPlan...
17:03:33.828 [Test worker] DEBUG org.hibernate.loader.plan.exec.internal.LoadQueryJoinAndFetchProcessor - processing queryspace <gen:0>
17:03:33.828 [Test worker] DEBUG org.hibernate.loader.plan.build.spi.LoadPlanTreePrinter - LoadPlan(entity=com.epam.esm.entity.Entity)
    - Returns
       - EntityReturnImpl(entity=com.epam.esm.entity.Entity, querySpaceUid=<gen:0>, path=com.epam.esm.entity.Entity)
    - QuerySpaces
       - EntityQuerySpaceImpl(uid=<gen:0>, entity=com.epam.esm.entity.Entity)
          - SQL table alias mapping - entity0_
          - alias suffix - 0_
          - suffixed key columns - {id1_5_0_}

17:03:33.829 [Test worker] DEBUG org.hibernate.loader.entity.plan.EntityLoader - Static select for entity com.epam.esm.entity.Entity [NONE]: select entity0_.id as id1_5_0_ from entity entity0_ where entity0_.id=?
17:03:33.829 [Test worker] DEBUG org.hibernate.loader.plan.build.internal.spaces.QuerySpacesImpl - Adding QuerySpace : uid = <gen:0> -> org.hibernate.loader.plan.build.internal.spaces.EntityQuerySpaceImpl@5bfa8a0d]
17:03:33.829 [Test worker] DEBUG org.hibernate.loader.plan.build.internal.FetchStyleLoadPlanBuildingAssociationVisitationStrategy - Building LoadPlan...
17:03:33.829 [Test worker] DEBUG org.hibernate.loader.plan.exec.internal.LoadQueryJoinAndFetchProcessor - processing queryspace <gen:0>
17:03:33.829 [Test worker] DEBUG org.hibernate.loader.plan.build.spi.LoadPlanTreePrinter - LoadPlan(entity=com.epam.esm.entity.Entity)
    - Returns
       - EntityReturnImpl(entity=com.epam.esm.entity.Entity, querySpaceUid=<gen:0>, path=com.epam.esm.entity.Entity)
    - QuerySpaces
       - EntityQuerySpaceImpl(uid=<gen:0>, entity=com.epam.esm.entity.Entity)
          - SQL table alias mapping - entity0_
          - alias suffix - 0_
          - suffixed key columns - {id1_5_0_}

17:03:33.829 [Test worker] DEBUG org.hibernate.loader.entity.plan.EntityLoader - Static select for entity com.epam.esm.entity.Entity [READ]: select entity0_.id as id1_5_0_ from entity entity0_ where entity0_.id=?
17:03:33.829 [Test worker] DEBUG org.hibernate.loader.Loader - Static select for action ACTION_MERGE on entity com.epam.esm.entity.Entity: select entity0_.id as id1_5_0_ from entity entity0_ where entity0_.id=?
17:03:33.829 [Test worker] DEBUG org.hibernate.loader.Loader - Static select for action ACTION_REFRESH on entity com.epam.esm.entity.Entity: select entity0_.id as id1_5_0_ from entity entity0_ where entity0_.id=?
17:03:33.829 [Test worker] DEBUG org.hibernate.persister.entity.AbstractEntityPersister - Static SQL for entity: com.epam.esm.entity.Tag
17:03:33.829 [Test worker] DEBUG org.hibernate.persister.entity.AbstractEntityPersister -  Version select: select id from tag where id =?
17:03:33.829 [Test worker] DEBUG org.hibernate.persister.entity.AbstractEntityPersister -  Snapshot select: select tag_.id from tag tag_ where tag_.id=?
17:03:33.829 [Test worker] DEBUG org.hibernate.persister.entity.AbstractEntityPersister -  Insert 0: insert into tag (title, id) values (?, ?)
17:03:33.829 [Test worker] DEBUG org.hibernate.persister.entity.AbstractEntityPersister -  Update 0: null
17:03:33.829 [Test worker] DEBUG org.hibernate.persister.entity.AbstractEntityPersister -  Delete 0: delete from tag where id=?
17:03:33.829 [Test worker] DEBUG org.hibernate.persister.entity.AbstractEntityPersister -  Identity insert: insert into tag (id, title) values (null, ?)
17:03:33.829 [Test worker] DEBUG org.hibernate.loader.plan.build.internal.spaces.QuerySpacesImpl - Adding QuerySpace : uid = <gen:0> -> org.hibernate.loader.plan.build.internal.spaces.EntityQuerySpaceImpl@6032412c]
17:03:33.829 [Test worker] DEBUG org.hibernate.persister.walking.spi.MetamodelGraphWalker - Visiting attribute path : title
17:03:33.829 [Test worker] DEBUG org.hibernate.loader.plan.build.internal.FetchStyleLoadPlanBuildingAssociationVisitationStrategy - Building LoadPlan...
17:03:33.829 [Test worker] DEBUG org.hibernate.loader.plan.exec.internal.LoadQueryJoinAndFetchProcessor - processing queryspace <gen:0>
17:03:33.830 [Test worker] DEBUG org.hibernate.loader.plan.build.spi.LoadPlanTreePrinter - LoadPlan(entity=com.epam.esm.entity.Tag)
    - Returns
       - EntityReturnImpl(entity=com.epam.esm.entity.Tag, querySpaceUid=<gen:0>, path=com.epam.esm.entity.Tag)
    - QuerySpaces
       - EntityQuerySpaceImpl(uid=<gen:0>, entity=com.epam.esm.entity.Tag)
          - SQL table alias mapping - tag0_
          - alias suffix - 0_
          - suffixed key columns - {id1_7_0_}

17:03:33.830 [Test worker] DEBUG org.hibernate.loader.entity.plan.EntityLoader - Static select for entity com.epam.esm.entity.Tag [NONE]: select tag0_.id as id1_7_0_, tag0_.title as title2_7_0_ from tag tag0_ where tag0_.id=?
17:03:33.830 [Test worker] DEBUG org.hibernate.loader.plan.build.internal.spaces.QuerySpacesImpl - Adding QuerySpace : uid = <gen:0> -> org.hibernate.loader.plan.build.internal.spaces.EntityQuerySpaceImpl@57b508d6]
17:03:33.830 [Test worker] DEBUG org.hibernate.persister.walking.spi.MetamodelGraphWalker - Visiting attribute path : title
17:03:33.830 [Test worker] DEBUG org.hibernate.loader.plan.build.internal.FetchStyleLoadPlanBuildingAssociationVisitationStrategy - Building LoadPlan...
17:03:33.830 [Test worker] DEBUG org.hibernate.loader.plan.exec.internal.LoadQueryJoinAndFetchProcessor - processing queryspace <gen:0>
17:03:33.830 [Test worker] DEBUG org.hibernate.loader.plan.build.spi.LoadPlanTreePrinter - LoadPlan(entity=com.epam.esm.entity.Tag)
    - Returns
       - EntityReturnImpl(entity=com.epam.esm.entity.Tag, querySpaceUid=<gen:0>, path=com.epam.esm.entity.Tag)
    - QuerySpaces
       - EntityQuerySpaceImpl(uid=<gen:0>, entity=com.epam.esm.entity.Tag)
          - SQL table alias mapping - tag0_
          - alias suffix - 0_
          - suffixed key columns - {id1_7_0_}

17:03:33.830 [Test worker] DEBUG org.hibernate.loader.entity.plan.EntityLoader - Static select for entity com.epam.esm.entity.Tag [READ]: select tag0_.id as id1_7_0_, tag0_.title as title2_7_0_ from tag tag0_ where tag0_.id=?
17:03:33.830 [Test worker] DEBUG org.hibernate.loader.Loader - Static select for action ACTION_MERGE on entity com.epam.esm.entity.Tag: select tag0_.id as id1_7_0_, tag0_.title as title2_7_0_ from tag tag0_ where tag0_.id=?
17:03:33.830 [Test worker] DEBUG org.hibernate.loader.Loader - Static select for action ACTION_REFRESH on entity com.epam.esm.entity.Tag: select tag0_.id as id1_7_0_, tag0_.title as title2_7_0_ from tag tag0_ where tag0_.id=?
17:03:33.830 [Test worker] DEBUG org.hibernate.persister.entity.AbstractEntityPersister - Static SQL for entity: com.epam.esm.entity.OrderCertificate
17:03:33.830 [Test worker] DEBUG org.hibernate.persister.entity.AbstractEntityPersister -  Version select: select id from order_certificate where id =?
17:03:33.830 [Test worker] DEBUG org.hibernate.persister.entity.AbstractEntityPersister -  Snapshot select: select ordercerti_.id, ordercerti_.certificate_id as certific4_6_, ordercerti_.expiration_date as expirati2_6_, ordercerti_.fixed_price as fixed_pr3_6_, ordercerti_.order_id as order_id5_6_ from order_certificate ordercerti_ where ordercerti_.id=?
17:03:33.830 [Test worker] DEBUG org.hibernate.persister.entity.AbstractEntityPersister -  Insert 0: insert into order_certificate (certificate_id, expiration_date, fixed_price, order_id, id) values (?, ?, ?, ?, ?)
17:03:33.830 [Test worker] DEBUG org.hibernate.persister.entity.AbstractEntityPersister -  Update 0: update order_certificate set certificate_id=?, expiration_date=?, fixed_price=?, order_id=? where id=?
17:03:33.830 [Test worker] DEBUG org.hibernate.persister.entity.AbstractEntityPersister -  Delete 0: delete from order_certificate where id=?
17:03:33.830 [Test worker] DEBUG org.hibernate.persister.entity.AbstractEntityPersister -  Identity insert: insert into order_certificate (id, certificate_id, expiration_date, fixed_price, order_id) values (null, ?, ?, ?, ?)
17:03:33.831 [Test worker] DEBUG org.hibernate.loader.plan.build.internal.spaces.QuerySpacesImpl - Adding QuerySpace : uid = <gen:0> -> org.hibernate.loader.plan.build.internal.spaces.EntityQuerySpaceImpl@dcc41fa]
17:03:33.831 [Test worker] DEBUG org.hibernate.persister.walking.spi.MetamodelGraphWalker - Visiting attribute path : certificate
17:03:33.831 [Test worker] DEBUG org.hibernate.loader.plan.build.internal.spaces.QuerySpacesImpl - Adding QuerySpace : uid = <gen:1> -> org.hibernate.loader.plan.build.internal.spaces.EntityQuerySpaceImpl@28d34b7e]
17:03:33.831 [Test worker] DEBUG org.hibernate.persister.walking.spi.MetamodelGraphWalker - Visiting attribute path : expirationDate
17:03:33.831 [Test worker] DEBUG org.hibernate.persister.walking.spi.MetamodelGraphWalker - Visiting attribute path : fixedPrice
17:03:33.831 [Test worker] DEBUG org.hibernate.persister.walking.spi.MetamodelGraphWalker - Visiting attribute path : order
17:03:33.831 [Test worker] DEBUG org.hibernate.loader.plan.build.internal.spaces.QuerySpacesImpl - Adding QuerySpace : uid = <gen:2> -> org.hibernate.loader.plan.build.internal.spaces.EntityQuerySpaceImpl@7da3871f]
17:03:33.831 [Test worker] DEBUG org.hibernate.persister.walking.spi.MetamodelGraphWalker - Visiting attribute path : order.activeStatus
17:03:33.831 [Test worker] DEBUG org.hibernate.persister.walking.spi.MetamodelGraphWalker - Visiting attribute path : order.createdAt
17:03:33.831 [Test worker] DEBUG org.hibernate.persister.walking.spi.MetamodelGraphWalker - Visiting attribute path : order.orderCertificates
17:03:33.831 [Test worker] DEBUG org.hibernate.persister.walking.spi.MetamodelGraphWalker - Property path deemed to be circular : order.orderCertificates
17:03:33.831 [Test worker] DEBUG org.hibernate.persister.walking.spi.MetamodelGraphWalker - Visiting attribute path : order.user
17:03:33.831 [Test worker] DEBUG org.hibernate.loader.plan.build.internal.spaces.QuerySpacesImpl - Adding QuerySpace : uid = <gen:3> -> org.hibernate.loader.plan.build.internal.spaces.EntityQuerySpaceImpl@3d2882a8]
17:03:33.831 [Test worker] DEBUG org.hibernate.persister.walking.spi.MetamodelGraphWalker - Visiting attribute path : order.user.email
17:03:33.831 [Test worker] DEBUG org.hibernate.persister.walking.spi.MetamodelGraphWalker - Visiting attribute path : order.user.orders
17:03:33.831 [Test worker] DEBUG org.hibernate.persister.walking.spi.MetamodelGraphWalker - Property path deemed to be circular : order.user.orders
17:03:33.831 [Test worker] DEBUG org.hibernate.persister.walking.spi.MetamodelGraphWalker - Visiting attribute path : order.user.password
17:03:33.831 [Test worker] DEBUG org.hibernate.persister.walking.spi.MetamodelGraphWalker - Visiting attribute path : order.user.refreshToken
17:03:33.831 [Test worker] DEBUG org.hibernate.persister.walking.spi.MetamodelGraphWalker - Visiting attribute path : order.user.role
17:03:33.831 [Test worker] DEBUG org.hibernate.loader.plan.build.internal.spaces.QuerySpacesImpl - Adding QuerySpace : uid = <gen:4> -> org.hibernate.loader.plan.build.internal.spaces.EntityQuerySpaceImpl@6e68535a]
17:03:33.831 [Test worker] DEBUG org.hibernate.persister.walking.spi.MetamodelGraphWalker - Visiting attribute path : order.user.role.value
17:03:33.831 [Test worker] DEBUG org.hibernate.loader.plan.build.internal.FetchStyleLoadPlanBuildingAssociationVisitationStrategy - Building LoadPlan...
17:03:33.831 [Test worker] DEBUG org.hibernate.loader.plan.exec.internal.LoadQueryJoinAndFetchProcessor - processing queryspace <gen:0>
17:03:33.832 [Test worker] DEBUG org.hibernate.loader.plan.build.spi.LoadPlanTreePrinter - LoadPlan(entity=com.epam.esm.entity.OrderCertificate)
    - Returns
       - EntityReturnImpl(entity=com.epam.esm.entity.OrderCertificate, querySpaceUid=<gen:0>, path=com.epam.esm.entity.OrderCertificate)
          - EntityAttributeFetchImpl(entity=com.epam.esm.entity.GiftCertificate, querySpaceUid=<gen:1>, path=com.epam.esm.entity.OrderCertificate.certificate)
          - EntityAttributeFetchImpl(entity=com.epam.esm.entity.Order, querySpaceUid=<gen:2>, path=com.epam.esm.entity.OrderCertificate.order)
             - EntityAttributeFetchImpl(entity=com.epam.esm.entity.User, querySpaceUid=<gen:3>, path=com.epam.esm.entity.OrderCertificate.order.user)
                - EntityAttributeFetchImpl(entity=com.epam.esm.entity.Role, querySpaceUid=<gen:4>, path=com.epam.esm.entity.OrderCertificate.order.user.role)
    - QuerySpaces
       - EntityQuerySpaceImpl(uid=<gen:0>, entity=com.epam.esm.entity.OrderCertificate)
          - SQL table alias mapping - ordercerti0_
          - alias suffix - 0_
          - suffixed key columns - {id1_6_0_}
          - JOIN (JoinDefinedByMetadata(order)) : <gen:0> -> <gen:2>
             - EntityQuerySpaceImpl(uid=<gen:2>, entity=com.epam.esm.entity.Order)
                - SQL table alias mapping - order1_
                - alias suffix - 1_
                - suffixed key columns - {id1_0_1_}
                - JOIN (JoinDefinedByMetadata(user)) : <gen:2> -> <gen:3>
                   - EntityQuerySpaceImpl(uid=<gen:3>, entity=com.epam.esm.entity.User)
                      - SQL table alias mapping - user2_
                      - alias suffix - 2_
                      - suffixed key columns - {id1_2_2_}
                      - JOIN (JoinDefinedByMetadata(role)) : <gen:3> -> <gen:4>
                         - EntityQuerySpaceImpl(uid=<gen:4>, entity=com.epam.esm.entity.Role)
                            - SQL table alias mapping - role3_
                            - alias suffix - 3_
                            - suffixed key columns - {id1_1_3_}

17:03:33.832 [Test worker] DEBUG org.hibernate.loader.entity.plan.EntityLoader - Static select for entity com.epam.esm.entity.OrderCertificate [NONE]: select ordercerti0_.id as id1_6_0_, ordercerti0_.certificate_id as certific4_6_0_, ordercerti0_.expiration_date as expirati2_6_0_, ordercerti0_.fixed_price as fixed_pr3_6_0_, ordercerti0_.order_id as order_id5_6_0_, order1_.id as id1_0_1_, order1_.active_status as active_s2_0_1_, order1_.created_at as created_3_0_1_, order1_.user_id as user_id4_0_1_, user2_.id as id1_2_2_, user2_.email as email2_2_2_, user2_.password as password3_2_2_, user2_.refresh_token as refresh_4_2_2_, user2_.role_id as role_id5_2_2_, role3_.id as id1_1_3_, role3_.value as value2_1_3_ from order_certificate ordercerti0_ left outer join application_order order1_ on ordercerti0_.order_id=order1_.id left outer join application_user user2_ on order1_.user_id=user2_.id left outer join application_role role3_ on user2_.role_id=role3_.id where ordercerti0_.id=?
17:03:33.832 [Test worker] DEBUG org.hibernate.loader.plan.build.internal.spaces.QuerySpacesImpl - Adding QuerySpace : uid = <gen:0> -> org.hibernate.loader.plan.build.internal.spaces.EntityQuerySpaceImpl@7b1932bc]
17:03:33.832 [Test worker] DEBUG org.hibernate.persister.walking.spi.MetamodelGraphWalker - Visiting attribute path : certificate
17:03:33.832 [Test worker] DEBUG org.hibernate.loader.plan.build.internal.spaces.QuerySpacesImpl - Adding QuerySpace : uid = <gen:1> -> org.hibernate.loader.plan.build.internal.spaces.EntityQuerySpaceImpl@4df9021c]
17:03:33.832 [Test worker] DEBUG org.hibernate.persister.walking.spi.MetamodelGraphWalker - Visiting attribute path : expirationDate
17:03:33.832 [Test worker] DEBUG org.hibernate.persister.walking.spi.MetamodelGraphWalker - Visiting attribute path : fixedPrice
17:03:33.832 [Test worker] DEBUG org.hibernate.persister.walking.spi.MetamodelGraphWalker - Visiting attribute path : order
17:03:33.832 [Test worker] DEBUG org.hibernate.loader.plan.build.internal.spaces.QuerySpacesImpl - Adding QuerySpace : uid = <gen:2> -> org.hibernate.loader.plan.build.internal.spaces.EntityQuerySpaceImpl@21a41f8b]
17:03:33.832 [Test worker] DEBUG org.hibernate.persister.walking.spi.MetamodelGraphWalker - Visiting attribute path : order.activeStatus
17:03:33.832 [Test worker] DEBUG org.hibernate.persister.walking.spi.MetamodelGraphWalker - Visiting attribute path : order.createdAt
17:03:33.832 [Test worker] DEBUG org.hibernate.persister.walking.spi.MetamodelGraphWalker - Visiting attribute path : order.orderCertificates
17:03:33.832 [Test worker] DEBUG org.hibernate.persister.walking.spi.MetamodelGraphWalker - Property path deemed to be circular : order.orderCertificates
17:03:33.832 [Test worker] DEBUG org.hibernate.persister.walking.spi.MetamodelGraphWalker - Visiting attribute path : order.user
17:03:33.832 [Test worker] DEBUG org.hibernate.loader.plan.build.internal.spaces.QuerySpacesImpl - Adding QuerySpace : uid = <gen:3> -> org.hibernate.loader.plan.build.internal.spaces.EntityQuerySpaceImpl@491878a4]
17:03:33.832 [Test worker] DEBUG org.hibernate.persister.walking.spi.MetamodelGraphWalker - Visiting attribute path : order.user.email
17:03:33.832 [Test worker] DEBUG org.hibernate.persister.walking.spi.MetamodelGraphWalker - Visiting attribute path : order.user.orders
17:03:33.832 [Test worker] DEBUG org.hibernate.persister.walking.spi.MetamodelGraphWalker - Property path deemed to be circular : order.user.orders
17:03:33.832 [Test worker] DEBUG org.hibernate.persister.walking.spi.MetamodelGraphWalker - Visiting attribute path : order.user.password
17:03:33.832 [Test worker] DEBUG org.hibernate.persister.walking.spi.MetamodelGraphWalker - Visiting attribute path : order.user.refreshToken
17:03:33.832 [Test worker] DEBUG org.hibernate.persister.walking.spi.MetamodelGraphWalker - Visiting attribute path : order.user.role
17:03:33.832 [Test worker] DEBUG org.hibernate.loader.plan.build.internal.spaces.QuerySpacesImpl - Adding QuerySpace : uid = <gen:4> -> org.hibernate.loader.plan.build.internal.spaces.EntityQuerySpaceImpl@4dad7c3b]
17:03:33.833 [Test worker] DEBUG org.hibernate.persister.walking.spi.MetamodelGraphWalker - Visiting attribute path : order.user.role.value
17:03:33.833 [Test worker] DEBUG org.hibernate.loader.plan.build.internal.FetchStyleLoadPlanBuildingAssociationVisitationStrategy - Building LoadPlan...
17:03:33.833 [Test worker] DEBUG org.hibernate.loader.plan.exec.internal.LoadQueryJoinAndFetchProcessor - processing queryspace <gen:0>
17:03:33.833 [Test worker] DEBUG org.hibernate.loader.plan.build.spi.LoadPlanTreePrinter - LoadPlan(entity=com.epam.esm.entity.OrderCertificate)
    - Returns
       - EntityReturnImpl(entity=com.epam.esm.entity.OrderCertificate, querySpaceUid=<gen:0>, path=com.epam.esm.entity.OrderCertificate)
          - EntityAttributeFetchImpl(entity=com.epam.esm.entity.GiftCertificate, querySpaceUid=<gen:1>, path=com.epam.esm.entity.OrderCertificate.certificate)
          - EntityAttributeFetchImpl(entity=com.epam.esm.entity.Order, querySpaceUid=<gen:2>, path=com.epam.esm.entity.OrderCertificate.order)
             - EntityAttributeFetchImpl(entity=com.epam.esm.entity.User, querySpaceUid=<gen:3>, path=com.epam.esm.entity.OrderCertificate.order.user)
                - EntityAttributeFetchImpl(entity=com.epam.esm.entity.Role, querySpaceUid=<gen:4>, path=com.epam.esm.entity.OrderCertificate.order.user.role)
    - QuerySpaces
       - EntityQuerySpaceImpl(uid=<gen:0>, entity=com.epam.esm.entity.OrderCertificate)
          - SQL table alias mapping - ordercerti0_
          - alias suffix - 0_
          - suffixed key columns - {id1_6_0_}
          - JOIN (JoinDefinedByMetadata(order)) : <gen:0> -> <gen:2>
             - EntityQuerySpaceImpl(uid=<gen:2>, entity=com.epam.esm.entity.Order)
                - SQL table alias mapping - order1_
                - alias suffix - 1_
                - suffixed key columns - {id1_0_1_}
                - JOIN (JoinDefinedByMetadata(user)) : <gen:2> -> <gen:3>
                   - EntityQuerySpaceImpl(uid=<gen:3>, entity=com.epam.esm.entity.User)
                      - SQL table alias mapping - user2_
                      - alias suffix - 2_
                      - suffixed key columns - {id1_2_2_}
                      - JOIN (JoinDefinedByMetadata(role)) : <gen:3> -> <gen:4>
                         - EntityQuerySpaceImpl(uid=<gen:4>, entity=com.epam.esm.entity.Role)
                            - SQL table alias mapping - role3_
                            - alias suffix - 3_
                            - suffixed key columns - {id1_1_3_}

17:03:33.833 [Test worker] DEBUG org.hibernate.loader.entity.plan.EntityLoader - Static select for entity com.epam.esm.entity.OrderCertificate [READ]: select ordercerti0_.id as id1_6_0_, ordercerti0_.certificate_id as certific4_6_0_, ordercerti0_.expiration_date as expirati2_6_0_, ordercerti0_.fixed_price as fixed_pr3_6_0_, ordercerti0_.order_id as order_id5_6_0_, order1_.id as id1_0_1_, order1_.active_status as active_s2_0_1_, order1_.created_at as created_3_0_1_, order1_.user_id as user_id4_0_1_, user2_.id as id1_2_2_, user2_.email as email2_2_2_, user2_.password as password3_2_2_, user2_.refresh_token as refresh_4_2_2_, user2_.role_id as role_id5_2_2_, role3_.id as id1_1_3_, role3_.value as value2_1_3_ from order_certificate ordercerti0_ left outer join application_order order1_ on ordercerti0_.order_id=order1_.id left outer join application_user user2_ on order1_.user_id=user2_.id left outer join application_role role3_ on user2_.role_id=role3_.id where ordercerti0_.id=?
17:03:33.834 [Test worker] DEBUG org.hibernate.loader.Loader - Static select for action ACTION_MERGE on entity com.epam.esm.entity.OrderCertificate: select ordercerti0_.id as id1_6_3_, ordercerti0_.certificate_id as certific4_6_3_, ordercerti0_.expiration_date as expirati2_6_3_, ordercerti0_.fixed_price as fixed_pr3_6_3_, ordercerti0_.order_id as order_id5_6_3_, giftcertif1_.id as id1_3_0_, giftcertif1_.active_status as active_s2_3_0_, giftcertif1_.creation_date as creation3_3_0_, giftcertif1_.description as descript4_3_0_, giftcertif1_.expiration_date as expirati5_3_0_, giftcertif1_.modification_date as modifica6_3_0_, giftcertif1_.name as name7_3_0_, giftcertif1_.price as price8_3_0_, tags2_.certificate_id as certific1_4_5_, tag3_.id as tag_id2_4_5_, tag3_.id as id1_7_1_, tag3_.title as title2_7_1_, order4_.id as id1_0_2_, order4_.active_status as active_s2_0_2_, order4_.created_at as created_3_0_2_, order4_.user_id as user_id4_0_2_ from order_certificate ordercerti0_ left outer join certificate giftcertif1_ on ordercerti0_.certificate_id=giftcertif1_.id left outer join certificate_tag tags2_ on giftcertif1_.id=tags2_.certificate_id left outer join tag tag3_ on tags2_.tag_id=tag3_.id left outer join application_order order4_ on ordercerti0_.order_id=order4_.id where ordercerti0_.id=?
17:03:33.834 [Test worker] DEBUG org.hibernate.loader.Loader - Static select for action ACTION_REFRESH on entity com.epam.esm.entity.OrderCertificate: select ordercerti0_.id as id1_6_2_, ordercerti0_.certificate_id as certific4_6_2_, ordercerti0_.expiration_date as expirati2_6_2_, ordercerti0_.fixed_price as fixed_pr3_6_2_, ordercerti0_.order_id as order_id5_6_2_, giftcertif1_.id as id1_3_0_, giftcertif1_.active_status as active_s2_3_0_, giftcertif1_.creation_date as creation3_3_0_, giftcertif1_.description as descript4_3_0_, giftcertif1_.expiration_date as expirati5_3_0_, giftcertif1_.modification_date as modifica6_3_0_, giftcertif1_.name as name7_3_0_, giftcertif1_.price as price8_3_0_, order2_.id as id1_0_1_, order2_.active_status as active_s2_0_1_, order2_.created_at as created_3_0_1_, order2_.user_id as user_id4_0_1_ from order_certificate ordercerti0_ left outer join certificate giftcertif1_ on ordercerti0_.certificate_id=giftcertif1_.id left outer join application_order order2_ on ordercerti0_.order_id=order2_.id where ordercerti0_.id=?
17:03:33.834 [Test worker] DEBUG org.hibernate.persister.entity.AbstractEntityPersister - Static SQL for entity: com.epam.esm.entity.Role
17:03:33.834 [Test worker] DEBUG org.hibernate.persister.entity.AbstractEntityPersister -  Version select: select id from application_role where id =?
17:03:33.834 [Test worker] DEBUG org.hibernate.persister.entity.AbstractEntityPersister -  Snapshot select: select role_.id, role_.value as value2_1_ from application_role role_ where role_.id=?
17:03:33.834 [Test worker] DEBUG org.hibernate.persister.entity.AbstractEntityPersister -  Insert 0: insert into application_role (value, id) values (?, ?)
17:03:33.834 [Test worker] DEBUG org.hibernate.persister.entity.AbstractEntityPersister -  Update 0: update application_role set value=? where id=?
17:03:33.834 [Test worker] DEBUG org.hibernate.persister.entity.AbstractEntityPersister -  Delete 0: delete from application_role where id=?
17:03:33.834 [Test worker] DEBUG org.hibernate.persister.entity.AbstractEntityPersister -  Identity insert: insert into application_role (id, value) values (null, ?)
17:03:33.835 [Test worker] DEBUG org.hibernate.loader.plan.build.internal.spaces.QuerySpacesImpl - Adding QuerySpace : uid = <gen:0> -> org.hibernate.loader.plan.build.internal.spaces.EntityQuerySpaceImpl@60f98f5]
17:03:33.835 [Test worker] DEBUG org.hibernate.persister.walking.spi.MetamodelGraphWalker - Visiting attribute path : value
17:03:33.835 [Test worker] DEBUG org.hibernate.loader.plan.build.internal.FetchStyleLoadPlanBuildingAssociationVisitationStrategy - Building LoadPlan...
17:03:33.835 [Test worker] DEBUG org.hibernate.loader.plan.exec.internal.LoadQueryJoinAndFetchProcessor - processing queryspace <gen:0>
17:03:33.835 [Test worker] DEBUG org.hibernate.loader.plan.build.spi.LoadPlanTreePrinter - LoadPlan(entity=com.epam.esm.entity.Role)
    - Returns
       - EntityReturnImpl(entity=com.epam.esm.entity.Role, querySpaceUid=<gen:0>, path=com.epam.esm.entity.Role)
    - QuerySpaces
       - EntityQuerySpaceImpl(uid=<gen:0>, entity=com.epam.esm.entity.Role)
          - SQL table alias mapping - role0_
          - alias suffix - 0_
          - suffixed key columns - {id1_1_0_}

17:03:33.835 [Test worker] DEBUG org.hibernate.loader.entity.plan.EntityLoader - Static select for entity com.epam.esm.entity.Role [NONE]: select role0_.id as id1_1_0_, role0_.value as value2_1_0_ from application_role role0_ where role0_.id=?
17:03:33.835 [Test worker] DEBUG org.hibernate.loader.plan.build.internal.spaces.QuerySpacesImpl - Adding QuerySpace : uid = <gen:0> -> org.hibernate.loader.plan.build.internal.spaces.EntityQuerySpaceImpl@4fad6858]
17:03:33.835 [Test worker] DEBUG org.hibernate.persister.walking.spi.MetamodelGraphWalker - Visiting attribute path : value
17:03:33.835 [Test worker] DEBUG org.hibernate.loader.plan.build.internal.FetchStyleLoadPlanBuildingAssociationVisitationStrategy - Building LoadPlan...
17:03:33.835 [Test worker] DEBUG org.hibernate.loader.plan.exec.internal.LoadQueryJoinAndFetchProcessor - processing queryspace <gen:0>
17:03:33.836 [Test worker] DEBUG org.hibernate.loader.plan.build.spi.LoadPlanTreePrinter - LoadPlan(entity=com.epam.esm.entity.Role)
    - Returns
       - EntityReturnImpl(entity=com.epam.esm.entity.Role, querySpaceUid=<gen:0>, path=com.epam.esm.entity.Role)
    - QuerySpaces
       - EntityQuerySpaceImpl(uid=<gen:0>, entity=com.epam.esm.entity.Role)
          - SQL table alias mapping - role0_
          - alias suffix - 0_
          - suffixed key columns - {id1_1_0_}

17:03:33.836 [Test worker] DEBUG org.hibernate.loader.entity.plan.EntityLoader - Static select for entity com.epam.esm.entity.Role [READ]: select role0_.id as id1_1_0_, role0_.value as value2_1_0_ from application_role role0_ where role0_.id=?
17:03:33.836 [Test worker] DEBUG org.hibernate.loader.Loader - Static select for action ACTION_MERGE on entity com.epam.esm.entity.Role: select role0_.id as id1_1_0_, role0_.value as value2_1_0_ from application_role role0_ where role0_.id=?
17:03:33.836 [Test worker] DEBUG org.hibernate.loader.Loader - Static select for action ACTION_REFRESH on entity com.epam.esm.entity.Role: select role0_.id as id1_1_0_, role0_.value as value2_1_0_ from application_role role0_ where role0_.id=?
17:03:33.836 [Test worker] DEBUG org.hibernate.loader.plan.build.internal.spaces.QuerySpacesImpl - Adding QuerySpace : uid = <gen:0> -> org.hibernate.loader.plan.build.internal.spaces.CollectionQuerySpaceImpl@79ef399d]
17:03:33.836 [Test worker] DEBUG org.hibernate.loader.plan.build.internal.spaces.QuerySpacesImpl - Adding QuerySpace : uid = <gen:1> -> org.hibernate.loader.plan.build.internal.spaces.EntityQuerySpaceImpl@2c126b3a]
17:03:33.836 [Test worker] DEBUG org.hibernate.persister.walking.spi.MetamodelGraphWalker - Visiting attribute path : title
17:03:33.836 [Test worker] DEBUG org.hibernate.loader.plan.build.internal.FetchStyleLoadPlanBuildingAssociationVisitationStrategy - Building LoadPlan...
17:03:33.836 [Test worker] DEBUG org.hibernate.loader.plan.exec.internal.LoadQueryJoinAndFetchProcessor - processing queryspace <gen:0>
17:03:33.837 [Test worker] DEBUG org.hibernate.loader.plan.build.spi.LoadPlanTreePrinter - LoadPlan(collection=com.epam.esm.entity.GiftCertificate.tags)
    - Returns
       - CollectionReturnImpl(collection=com.epam.esm.entity.GiftCertificate.tags, querySpaceUid=<gen:0>, path=[com.epam.esm.entity.GiftCertificate.tags])
          - (collection element) CollectionFetchableElementEntityGraph(entity=com.epam.esm.entity.Tag, querySpaceUid=<gen:1>, path=[com.epam.esm.entity.GiftCertificate.tags].<elements>)
    - QuerySpaces
       - CollectionQuerySpaceImpl(uid=<gen:0>, collection=com.epam.esm.entity.GiftCertificate.tags)
          - SQL table alias mapping - tags0_
          - alias suffix - 0_
          - suffixed key columns - {certific1_4_0_}
          - entity-element alias suffix - 1_
          - 1_entity-element suffixed key columns - id1_7_1_
          - JOIN (JoinDefinedByMetadata(elements)) : <gen:0> -> <gen:1>
             - EntityQuerySpaceImpl(uid=<gen:1>, entity=com.epam.esm.entity.Tag)
                - SQL table alias mapping - tag1_
                - alias suffix - 1_
                - suffixed key columns - {id1_7_1_}

17:03:33.837 [Test worker] DEBUG org.hibernate.loader.collection.plan.CollectionLoader - Static select for collection com.epam.esm.entity.GiftCertificate.tags: select tags0_.certificate_id as certific1_4_0_, tags0_.tag_id as tag_id2_4_0_, tag1_.id as id1_7_1_, tag1_.title as title2_7_1_ from certificate_tag tags0_ inner join tag tag1_ on tags0_.tag_id=tag1_.id where tags0_.certificate_id=?
17:03:33.837 [Test worker] DEBUG org.hibernate.loader.plan.build.internal.spaces.QuerySpacesImpl - Adding QuerySpace : uid = <gen:0> -> org.hibernate.loader.plan.build.internal.spaces.CollectionQuerySpaceImpl@65c3cb59]
17:03:33.837 [Test worker] DEBUG org.hibernate.loader.plan.build.internal.spaces.QuerySpacesImpl - Adding QuerySpace : uid = <gen:1> -> org.hibernate.loader.plan.build.internal.spaces.EntityQuerySpaceImpl@5a372760]
17:03:33.837 [Test worker] DEBUG org.hibernate.persister.walking.spi.MetamodelGraphWalker - Visiting attribute path : certificate
17:03:33.837 [Test worker] DEBUG org.hibernate.loader.plan.build.internal.spaces.QuerySpacesImpl - Adding QuerySpace : uid = <gen:2> -> org.hibernate.loader.plan.build.internal.spaces.EntityQuerySpaceImpl@4aef08c]
17:03:33.837 [Test worker] DEBUG org.hibernate.persister.walking.spi.MetamodelGraphWalker - Visiting attribute path : expirationDate
17:03:33.837 [Test worker] DEBUG org.hibernate.persister.walking.spi.MetamodelGraphWalker - Visiting attribute path : fixedPrice
17:03:33.837 [Test worker] DEBUG org.hibernate.persister.walking.spi.MetamodelGraphWalker - Visiting attribute path : order
17:03:33.837 [Test worker] DEBUG org.hibernate.persister.walking.spi.MetamodelGraphWalker - Property path deemed to be circular : order
17:03:33.837 [Test worker] DEBUG org.hibernate.loader.plan.build.internal.FetchStyleLoadPlanBuildingAssociationVisitationStrategy - Building LoadPlan...
17:03:33.837 [Test worker] DEBUG org.hibernate.loader.plan.exec.internal.LoadQueryJoinAndFetchProcessor - processing queryspace <gen:0>
17:03:33.838 [Test worker] DEBUG org.hibernate.loader.plan.build.spi.LoadPlanTreePrinter - LoadPlan(collection=com.epam.esm.entity.Order.orderCertificates)
    - Returns
       - CollectionReturnImpl(collection=com.epam.esm.entity.Order.orderCertificates, querySpaceUid=<gen:0>, path=[com.epam.esm.entity.Order.orderCertificates])
          - (collection element) CollectionFetchableElementEntityGraph(entity=com.epam.esm.entity.OrderCertificate, querySpaceUid=<gen:1>, path=[com.epam.esm.entity.Order.orderCertificates].<elements>)
             - EntityAttributeFetchImpl(entity=com.epam.esm.entity.GiftCertificate, querySpaceUid=<gen:2>, path=[com.epam.esm.entity.Order.orderCertificates].<elements>.certificate)
    - QuerySpaces
       - CollectionQuerySpaceImpl(uid=<gen:0>, collection=com.epam.esm.entity.Order.orderCertificates)
          - SQL table alias mapping - ordercerti0_
          - alias suffix - 0_
          - suffixed key columns - {order_id5_6_0_}
          - entity-element alias suffix - 1_
          - 1_entity-element suffixed key columns - id1_6_1_
          - JOIN (JoinDefinedByMetadata(elements)) : <gen:0> -> <gen:1>
             - EntityQuerySpaceImpl(uid=<gen:1>, entity=com.epam.esm.entity.OrderCertificate)
                - SQL table alias mapping - ordercerti0_
                - alias suffix - 1_
                - suffixed key columns - {id1_6_1_}

17:03:33.838 [Test worker] DEBUG org.hibernate.loader.collection.plan.CollectionLoader - Static select for collection com.epam.esm.entity.Order.orderCertificates: select ordercerti0_.order_id as order_id5_6_0_, ordercerti0_.id as id1_6_0_, ordercerti0_.id as id1_6_1_, ordercerti0_.certificate_id as certific4_6_1_, ordercerti0_.expiration_date as expirati2_6_1_, ordercerti0_.fixed_price as fixed_pr3_6_1_, ordercerti0_.order_id as order_id5_6_1_ from order_certificate ordercerti0_ where ordercerti0_.order_id=?
17:03:33.838 [Test worker] DEBUG org.hibernate.loader.plan.build.internal.spaces.QuerySpacesImpl - Adding QuerySpace : uid = <gen:0> -> org.hibernate.loader.plan.build.internal.spaces.CollectionQuerySpaceImpl@6741cb5e]
17:03:33.838 [Test worker] DEBUG org.hibernate.loader.plan.build.internal.spaces.QuerySpacesImpl - Adding QuerySpace : uid = <gen:1> -> org.hibernate.loader.plan.build.internal.spaces.EntityQuerySpaceImpl@56a57cdf]
17:03:33.838 [Test worker] DEBUG org.hibernate.persister.walking.spi.MetamodelGraphWalker - Visiting attribute path : certificate
17:03:33.838 [Test worker] DEBUG org.hibernate.persister.walking.spi.MetamodelGraphWalker - Property path deemed to be circular : certificate
17:03:33.838 [Test worker] DEBUG org.hibernate.persister.walking.spi.MetamodelGraphWalker - Visiting attribute path : expirationDate
17:03:33.838 [Test worker] DEBUG org.hibernate.persister.walking.spi.MetamodelGraphWalker - Visiting attribute path : fixedPrice
17:03:33.838 [Test worker] DEBUG org.hibernate.persister.walking.spi.MetamodelGraphWalker - Visiting attribute path : order
17:03:33.838 [Test worker] DEBUG org.hibernate.loader.plan.build.internal.spaces.QuerySpacesImpl - Adding QuerySpace : uid = <gen:2> -> org.hibernate.loader.plan.build.internal.spaces.EntityQuerySpaceImpl@50f70a3b]
17:03:33.838 [Test worker] DEBUG org.hibernate.persister.walking.spi.MetamodelGraphWalker - Visiting attribute path : order.activeStatus
17:03:33.838 [Test worker] DEBUG org.hibernate.persister.walking.spi.MetamodelGraphWalker - Visiting attribute path : order.createdAt
17:03:33.838 [Test worker] DEBUG org.hibernate.persister.walking.spi.MetamodelGraphWalker - Visiting attribute path : order.orderCertificates
17:03:33.838 [Test worker] DEBUG org.hibernate.persister.walking.spi.MetamodelGraphWalker - Property path deemed to be circular : order.orderCertificates
17:03:33.838 [Test worker] DEBUG org.hibernate.persister.walking.spi.MetamodelGraphWalker - Visiting attribute path : order.user
17:03:33.838 [Test worker] DEBUG org.hibernate.loader.plan.build.internal.spaces.QuerySpacesImpl - Adding QuerySpace : uid = <gen:3> -> org.hibernate.loader.plan.build.internal.spaces.EntityQuerySpaceImpl@34aa9b8]
17:03:33.838 [Test worker] DEBUG org.hibernate.persister.walking.spi.MetamodelGraphWalker - Visiting attribute path : order.user.email
17:03:33.838 [Test worker] DEBUG org.hibernate.persister.walking.spi.MetamodelGraphWalker - Visiting attribute path : order.user.orders
17:03:33.838 [Test worker] DEBUG org.hibernate.persister.walking.spi.MetamodelGraphWalker - Property path deemed to be circular : order.user.orders
17:03:33.838 [Test worker] DEBUG org.hibernate.persister.walking.spi.MetamodelGraphWalker - Visiting attribute path : order.user.password
17:03:33.838 [Test worker] DEBUG org.hibernate.persister.walking.spi.MetamodelGraphWalker - Visiting attribute path : order.user.refreshToken
17:03:33.838 [Test worker] DEBUG org.hibernate.persister.walking.spi.MetamodelGraphWalker - Visiting attribute path : order.user.role
17:03:33.839 [Test worker] DEBUG org.hibernate.loader.plan.build.internal.spaces.QuerySpacesImpl - Adding QuerySpace : uid = <gen:4> -> org.hibernate.loader.plan.build.internal.spaces.EntityQuerySpaceImpl@7b7aec6d]
17:03:33.839 [Test worker] DEBUG org.hibernate.persister.walking.spi.MetamodelGraphWalker - Visiting attribute path : order.user.role.value
17:03:33.839 [Test worker] DEBUG org.hibernate.loader.plan.build.internal.FetchStyleLoadPlanBuildingAssociationVisitationStrategy - Building LoadPlan...
17:03:33.839 [Test worker] DEBUG org.hibernate.loader.plan.exec.internal.LoadQueryJoinAndFetchProcessor - processing queryspace <gen:0>
17:03:33.839 [Test worker] DEBUG org.hibernate.loader.plan.build.spi.LoadPlanTreePrinter - LoadPlan(collection=com.epam.esm.entity.GiftCertificate.orderCertificates)
    - Returns
       - CollectionReturnImpl(collection=com.epam.esm.entity.GiftCertificate.orderCertificates, querySpaceUid=<gen:0>, path=[com.epam.esm.entity.GiftCertificate.orderCertificates])
          - (collection element) CollectionFetchableElementEntityGraph(entity=com.epam.esm.entity.OrderCertificate, querySpaceUid=<gen:1>, path=[com.epam.esm.entity.GiftCertificate.orderCertificates].<elements>)
             - EntityAttributeFetchImpl(entity=com.epam.esm.entity.Order, querySpaceUid=<gen:2>, path=[com.epam.esm.entity.GiftCertificate.orderCertificates].<elements>.order)
                - EntityAttributeFetchImpl(entity=com.epam.esm.entity.User, querySpaceUid=<gen:3>, path=[com.epam.esm.entity.GiftCertificate.orderCertificates].<elements>.order.user)
                   - EntityAttributeFetchImpl(entity=com.epam.esm.entity.Role, querySpaceUid=<gen:4>, path=[com.epam.esm.entity.GiftCertificate.orderCertificates].<elements>.order.user.role)
    - QuerySpaces
       - CollectionQuerySpaceImpl(uid=<gen:0>, collection=com.epam.esm.entity.GiftCertificate.orderCertificates)
          - SQL table alias mapping - ordercerti0_
          - alias suffix - 0_
          - suffixed key columns - {certific4_6_0_}
          - entity-element alias suffix - 1_
          - 1_entity-element suffixed key columns - id1_6_1_
          - JOIN (JoinDefinedByMetadata(elements)) : <gen:0> -> <gen:1>
             - EntityQuerySpaceImpl(uid=<gen:1>, entity=com.epam.esm.entity.OrderCertificate)
                - SQL table alias mapping - ordercerti0_
                - alias suffix - 1_
                - suffixed key columns - {id1_6_1_}
                - JOIN (JoinDefinedByMetadata(order)) : <gen:1> -> <gen:2>
                   - EntityQuerySpaceImpl(uid=<gen:2>, entity=com.epam.esm.entity.Order)
                      - SQL table alias mapping - order1_
                      - alias suffix - 2_
                      - suffixed key columns - {id1_0_2_}
                      - JOIN (JoinDefinedByMetadata(user)) : <gen:2> -> <gen:3>
                         - EntityQuerySpaceImpl(uid=<gen:3>, entity=com.epam.esm.entity.User)
                            - SQL table alias mapping - user2_
                            - alias suffix - 3_
                            - suffixed key columns - {id1_2_3_}
                            - JOIN (JoinDefinedByMetadata(role)) : <gen:3> -> <gen:4>
                               - EntityQuerySpaceImpl(uid=<gen:4>, entity=com.epam.esm.entity.Role)
                                  - SQL table alias mapping - role3_
                                  - alias suffix - 4_
                                  - suffixed key columns - {id1_1_4_}

17:03:33.839 [Test worker] DEBUG org.hibernate.loader.collection.plan.CollectionLoader - Static select for collection com.epam.esm.entity.GiftCertificate.orderCertificates: select ordercerti0_.certificate_id as certific4_6_0_, ordercerti0_.id as id1_6_0_, ordercerti0_.id as id1_6_1_, ordercerti0_.certificate_id as certific4_6_1_, ordercerti0_.expiration_date as expirati2_6_1_, ordercerti0_.fixed_price as fixed_pr3_6_1_, ordercerti0_.order_id as order_id5_6_1_, order1_.id as id1_0_2_, order1_.active_status as active_s2_0_2_, order1_.created_at as created_3_0_2_, order1_.user_id as user_id4_0_2_, user2_.id as id1_2_3_, user2_.email as email2_2_3_, user2_.password as password3_2_3_, user2_.refresh_token as refresh_4_2_3_, user2_.role_id as role_id5_2_3_, role3_.id as id1_1_4_, role3_.value as value2_1_4_ from order_certificate ordercerti0_ left outer join application_order order1_ on ordercerti0_.order_id=order1_.id left outer join application_user user2_ on order1_.user_id=user2_.id left outer join application_role role3_ on user2_.role_id=role3_.id where ordercerti0_.certificate_id=?
17:03:33.839 [Test worker] DEBUG org.hibernate.loader.plan.build.internal.spaces.QuerySpacesImpl - Adding QuerySpace : uid = <gen:0> -> org.hibernate.loader.plan.build.internal.spaces.CollectionQuerySpaceImpl@4ebacb97]
17:03:33.839 [Test worker] DEBUG org.hibernate.loader.plan.build.internal.spaces.QuerySpacesImpl - Adding QuerySpace : uid = <gen:1> -> org.hibernate.loader.plan.build.internal.spaces.EntityQuerySpaceImpl@796e3ba8]
17:03:33.840 [Test worker] DEBUG org.hibernate.persister.walking.spi.MetamodelGraphWalker - Visiting attribute path : activeStatus
17:03:33.840 [Test worker] DEBUG org.hibernate.persister.walking.spi.MetamodelGraphWalker - Visiting attribute path : createdAt
17:03:33.840 [Test worker] DEBUG org.hibernate.persister.walking.spi.MetamodelGraphWalker - Visiting attribute path : orderCertificates
17:03:33.840 [Test worker] DEBUG org.hibernate.loader.plan.build.internal.spaces.QuerySpacesImpl - Adding QuerySpace : uid = <gen:2> -> org.hibernate.loader.plan.build.internal.spaces.CollectionQuerySpaceImpl@8b9931e]
17:03:33.840 [Test worker] DEBUG org.hibernate.loader.plan.build.internal.spaces.QuerySpacesImpl - Adding QuerySpace : uid = <gen:3> -> org.hibernate.loader.plan.build.internal.spaces.EntityQuerySpaceImpl@24ada]
17:03:33.840 [Test worker] DEBUG org.hibernate.persister.walking.spi.MetamodelGraphWalker - Visiting attribute path : user
17:03:33.840 [Test worker] DEBUG org.hibernate.persister.walking.spi.MetamodelGraphWalker - Property path deemed to be circular : user
17:03:33.840 [Test worker] DEBUG org.hibernate.loader.plan.build.internal.FetchStyleLoadPlanBuildingAssociationVisitationStrategy - Building LoadPlan...
17:03:33.840 [Test worker] DEBUG org.hibernate.loader.plan.exec.internal.LoadQueryJoinAndFetchProcessor - processing queryspace <gen:0>
17:03:33.840 [Test worker] DEBUG org.hibernate.loader.plan.build.spi.LoadPlanTreePrinter - LoadPlan(collection=com.epam.esm.entity.User.orders)
    - Returns
       - CollectionReturnImpl(collection=com.epam.esm.entity.User.orders, querySpaceUid=<gen:0>, path=[com.epam.esm.entity.User.orders])
          - (collection element) CollectionFetchableElementEntityGraph(entity=com.epam.esm.entity.Order, querySpaceUid=<gen:1>, path=[com.epam.esm.entity.User.orders].<elements>)
             - CollectionAttributeFetchImpl(collection=com.epam.esm.entity.Order.orderCertificates, querySpaceUid=<gen:2>, path=[com.epam.esm.entity.User.orders].<elements>.orderCertificates)
                - (collection element) CollectionFetchableElementEntityGraph(entity=com.epam.esm.entity.OrderCertificate, querySpaceUid=<gen:3>, path=[com.epam.esm.entity.User.orders].<elements>.orderCertificates.<elements>)
    - QuerySpaces
       - CollectionQuerySpaceImpl(uid=<gen:0>, collection=com.epam.esm.entity.User.orders)
          - SQL table alias mapping - orders0_
          - alias suffix - 0_
          - suffixed key columns - {user_id4_0_0_}
          - entity-element alias suffix - 1_
          - 1_entity-element suffixed key columns - id1_0_1_
          - JOIN (JoinDefinedByMetadata(elements)) : <gen:0> -> <gen:1>
             - EntityQuerySpaceImpl(uid=<gen:1>, entity=com.epam.esm.entity.Order)
                - SQL table alias mapping - orders0_
                - alias suffix - 1_
                - suffixed key columns - {id1_0_1_}

17:03:33.840 [Test worker] DEBUG org.hibernate.loader.collection.plan.CollectionLoader - Static select for collection com.epam.esm.entity.User.orders: select orders0_.user_id as user_id4_0_0_, orders0_.id as id1_0_0_, orders0_.id as id1_0_1_, orders0_.active_status as active_s2_0_1_, orders0_.created_at as created_3_0_1_, orders0_.user_id as user_id4_0_1_ from application_order orders0_ where orders0_.user_id=?
17:03:33.842 [Test worker] DEBUG org.hibernate.SQL - drop table application_order if exists
17:03:33.843 [Test worker] DEBUG org.hibernate.SQL - drop table application_role if exists
17:03:33.843 [Test worker] DEBUG org.hibernate.SQL - drop table application_user if exists
17:03:33.843 [Test worker] DEBUG org.hibernate.SQL - drop table certificate if exists
17:03:33.843 [Test worker] DEBUG org.hibernate.SQL - drop table certificate_tag if exists
17:03:33.843 [Test worker] DEBUG org.hibernate.SQL - drop table entity if exists
17:03:33.843 [Test worker] DEBUG org.hibernate.SQL - drop table order_certificate if exists
17:03:33.843 [Test worker] DEBUG org.hibernate.SQL - drop table tag if exists
17:03:33.844 [Test worker] DEBUG org.hibernate.SQL - create table application_order (id bigint generated by default as identity, active_status boolean, created_at timestamp, user_id bigint, primary key (id))
17:03:33.845 [Test worker] DEBUG org.hibernate.SQL - create table application_role (id bigint generated by default as identity, value varchar(255), primary key (id))
17:03:33.845 [Test worker] DEBUG org.hibernate.SQL - create table application_user (id bigint generated by default as identity, email varchar(255), password varchar(255), refresh_token varchar(255), role_id bigint, primary key (id))
17:03:33.846 [Test worker] DEBUG org.hibernate.SQL - create table certificate (id bigint generated by default as identity, active_status boolean, creation_date date, description varchar(255), expiration_date date, modification_date date, name varchar(255), price decimal(19,2), primary key (id))
17:03:33.846 [Test worker] DEBUG org.hibernate.SQL - create table certificate_tag (certificate_id bigint not null, tag_id bigint not null, primary key (certificate_id, tag_id))
17:03:33.847 [Test worker] DEBUG org.hibernate.SQL - create table entity (id bigint generated by default as identity, primary key (id))
17:03:33.847 [Test worker] DEBUG org.hibernate.SQL - create table order_certificate (id bigint generated by default as identity, expiration_date date, fixed_price decimal(19,2), certificate_id bigint, order_id bigint, primary key (id))
17:03:33.848 [Test worker] DEBUG org.hibernate.SQL - create table tag (id bigint generated by default as identity, title varchar(255), primary key (id))
17:03:33.848 [Test worker] DEBUG org.hibernate.SQL - alter table tag add constraint UK_k5g3urrxw2ym0ls8vo6xfgs65 unique (title)
17:03:33.849 [Test worker] DEBUG org.hibernate.SQL - alter table application_order add constraint FKp4m4jwa9ds4e3gmsdtsvjcty3 foreign key (user_id) references application_user
17:03:33.850 [Test worker] DEBUG org.hibernate.SQL - alter table application_user add constraint FKkb3re6enordhsw7vy7ftgtna4 foreign key (role_id) references application_role
17:03:33.851 [Test worker] DEBUG org.hibernate.SQL - alter table certificate_tag add constraint FKk65jck3ppxm1p372l03sxdtcc foreign key (tag_id) references tag
17:03:33.853 [Test worker] DEBUG org.hibernate.SQL - alter table certificate_tag add constraint FKlrytco6nyamwxl72nog54iymx foreign key (certificate_id) references certificate
17:03:33.854 [Test worker] DEBUG org.hibernate.SQL - alter table order_certificate add constraint FKans0qrkplnas0le7if4ph8n2w foreign key (certificate_id) references certificate
17:03:33.855 [Test worker] DEBUG org.hibernate.SQL - alter table order_certificate add constraint FKlylopteltw5t82w63stck3tb8 foreign key (order_id) references application_order
17:03:33.857 [Test worker] INFO org.hibernate.tool.schema.internal.SchemaCreatorImpl - HHH000476: Executing import script 'org.hibernate.tool.schema.internal.exec.ScriptSourceInputNonExistentImpl@3bb5d12c'
17:03:33.857 [Test worker] DEBUG org.hibernate.query.spi.NamedQueryRepository - Checking 0 named HQL queries
17:03:33.857 [Test worker] DEBUG org.hibernate.query.spi.NamedQueryRepository - Checking 0 named SQL queries
17:03:33.857 [Test worker] DEBUG org.hibernate.internal.SessionFactoryRegistry - Registering SessionFactory: 4294aa69-6cef-41e2-99ec-9d4d07cebf23 (<unnamed>)
17:03:33.857 [Test worker] DEBUG org.hibernate.internal.SessionFactoryRegistry - Not binding SessionFactory to JNDI, no JNDI name configured
17:03:33.857 [Test worker] INFO org.springframework.orm.jpa.LocalContainerEntityManagerFactoryBean - Initialized JPA EntityManagerFactory for persistence unit 'default'
17:03:33.857 [Test worker] DEBUG org.springframework.jdbc.datasource.DataSourceUtils - Fetching JDBC Connection from DataSource
17:03:33.858 [Test worker] DEBUG org.springframework.beans.factory.support.DefaultListableBeanFactory - Creating shared instance of singleton bean 'testConfig'
17:03:33.858 [Test worker] DEBUG org.springframework.beans.factory.support.DefaultListableBeanFactory - Creating shared instance of singleton bean 'certificateRepository'
17:03:33.860 [Test worker] DEBUG org.springframework.beans.factory.support.DefaultListableBeanFactory - Creating shared instance of singleton bean 'org.springframework.orm.jpa.SharedEntityManagerCreator#0'
17:03:33.862 [Test worker] DEBUG org.springframework.beans.factory.support.DefaultListableBeanFactory - Creating shared instance of singleton bean 'criteriaBuilderHelper'
17:03:33.862 [Test worker] DEBUG org.springframework.beans.factory.support.DefaultListableBeanFactory - Autowiring by type from bean name 'certificateRepository' via constructor to bean named 'org.springframework.orm.jpa.SharedEntityManagerCreator#0'
17:03:33.862 [Test worker] DEBUG org.springframework.beans.factory.support.DefaultListableBeanFactory - Autowiring by type from bean name 'certificateRepository' via constructor to bean named 'criteriaBuilderHelper'
17:03:33.862 [Test worker] DEBUG org.springframework.beans.factory.support.DefaultListableBeanFactory - Creating shared instance of singleton bean 'orderCertificateRepository'
17:03:33.863 [Test worker] DEBUG org.springframework.beans.factory.support.DefaultListableBeanFactory - Autowiring by type from bean name 'orderCertificateRepository' via constructor to bean named 'org.springframework.orm.jpa.SharedEntityManagerCreator#0'
17:03:33.863 [Test worker] DEBUG org.springframework.beans.factory.support.DefaultListableBeanFactory - Creating shared instance of singleton bean 'orderRepository'
17:03:33.864 [Test worker] DEBUG org.springframework.beans.factory.support.DefaultListableBeanFactory - Autowiring by type from bean name 'orderRepository' via constructor to bean named 'org.springframework.orm.jpa.SharedEntityManagerCreator#0'
17:03:33.864 [Test worker] DEBUG org.springframework.beans.factory.support.DefaultListableBeanFactory - Creating shared instance of singleton bean 'tagRepository'
17:03:33.865 [Test worker] DEBUG org.springframework.beans.factory.support.DefaultListableBeanFactory - Autowiring by type from bean name 'tagRepository' via constructor to bean named 'org.springframework.orm.jpa.SharedEntityManagerCreator#0'
17:03:33.865 [Test worker] DEBUG org.springframework.beans.factory.support.DefaultListableBeanFactory - Creating shared instance of singleton bean 'userRepository'
17:03:33.866 [Test worker] DEBUG org.springframework.beans.factory.support.DefaultListableBeanFactory - Autowiring by type from bean name 'userRepository' via constructor to bean named 'org.springframework.orm.jpa.SharedEntityManagerCreator#0'
17:03:33.866 [Test worker] DEBUG org.springframework.beans.factory.support.DefaultListableBeanFactory - Creating shared instance of singleton bean 'org.springframework.boot.autoconfigure.context.PropertyPlaceholderAutoConfiguration'
17:03:33.867 [Test worker] DEBUG org.springframework.beans.factory.support.DefaultListableBeanFactory - Creating shared instance of singleton bean 'org.springframework.boot.autoconfigure.task.TaskExecutionAutoConfiguration'
17:03:33.867 [Test worker] DEBUG org.springframework.core.LocalVariableTableParameterNameDiscoverer - Cannot find '.class' file for class [class org.springframework.boot.autoconfigure.task.TaskExecutionAutoConfiguration$$EnhancerBySpringCGLIB$$30b471bb] - unable to determine constructor/method parameter names
17:03:33.867 [Test worker] DEBUG org.springframework.beans.factory.support.DefaultListableBeanFactory - Creating shared instance of singleton bean 'spring.task.execution-org.springframework.boot.autoconfigure.task.TaskExecutionProperties'
17:03:33.868 [Test worker] DEBUG org.springframework.beans.factory.support.DefaultListableBeanFactory - Autowiring by type from bean name 'org.springframework.boot.autoconfigure.task.TaskExecutionAutoConfiguration' via constructor to bean named 'spring.task.execution-org.springframework.boot.autoconfigure.task.TaskExecutionProperties'
17:03:33.869 [Test worker] DEBUG org.springframework.beans.factory.support.DefaultListableBeanFactory - Creating shared instance of singleton bean 'taskExecutorBuilder'
17:03:33.869 [Test worker] DEBUG org.springframework.beans.factory.support.DefaultListableBeanFactory - Creating shared instance of singleton bean 'org.springframework.boot.autoconfigure.validation.ValidationAutoConfiguration'
17:03:33.870 [Test worker] DEBUG org.springframework.beans.factory.support.DefaultListableBeanFactory - Creating shared instance of singleton bean 'defaultValidator'
17:03:33.870 [Test worker] DEBUG org.hibernate.validator.internal.engine.resolver.TraversableResolvers - Found javax.persistence.Persistence on classpath containing 'getPersistenceUtil'. Assuming JPA 2 environment. Trying to instantiate JPA aware TraversableResolver
17:03:33.870 [Test worker] DEBUG org.hibernate.validator.internal.engine.resolver.TraversableResolvers - Instantiated JPA aware TraversableResolver of type org.hibernate.validator.internal.engine.resolver.JPATraversableResolver.
17:03:33.870 [Test worker] DEBUG org.hibernate.validator.messageinterpolation.ResourceBundleMessageInterpolator - Loaded expression factory via original TCCL
17:03:33.870 [Test worker] DEBUG org.hibernate.validator.internal.engine.resolver.TraversableResolvers - Found javax.persistence.Persistence on classpath containing 'getPersistenceUtil'. Assuming JPA 2 environment. Trying to instantiate JPA aware TraversableResolver
17:03:33.870 [Test worker] DEBUG org.hibernate.validator.internal.engine.resolver.TraversableResolvers - Instantiated JPA aware TraversableResolver of type org.hibernate.validator.internal.engine.resolver.JPATraversableResolver.
17:03:33.870 [Test worker] DEBUG org.hibernate.validator.internal.engine.ConfigurationImpl - Setting custom MessageInterpolator of type org.springframework.validation.beanvalidation.LocaleContextMessageInterpolator
17:03:33.870 [Test worker] DEBUG org.hibernate.validator.internal.engine.ConfigurationImpl - Setting custom ConstraintValidatorFactory of type org.springframework.validation.beanvalidation.SpringConstraintValidatorFactory
17:03:33.870 [Test worker] DEBUG org.hibernate.validator.internal.engine.ConfigurationImpl - Setting custom ParameterNameProvider of type org.springframework.validation.beanvalidation.LocalValidatorFactoryBean$1
17:03:33.870 [Test worker] DEBUG org.hibernate.validator.internal.xml.config.ValidationXmlParser - Trying to load META-INF/validation.xml for XML based Validator configuration.
17:03:33.871 [Test worker] DEBUG org.hibernate.validator.internal.xml.config.ResourceLoaderHelper - Trying to load META-INF/validation.xml via user class loader
17:03:33.871 [Test worker] DEBUG org.hibernate.validator.internal.xml.config.ResourceLoaderHelper - Trying to load META-INF/validation.xml via TCCL
17:03:33.871 [Test worker] DEBUG org.hibernate.validator.internal.xml.config.ResourceLoaderHelper - Trying to load META-INF/validation.xml via Hibernate Validator's class loader
17:03:33.871 [Test worker] DEBUG org.hibernate.validator.internal.xml.config.ValidationXmlParser - No META-INF/validation.xml found. Using annotation based configuration only.
17:03:33.876 [Test worker] DEBUG org.hibernate.validator.internal.engine.ValidatorFactoryImpl - HV000234: Using org.springframework.validation.beanvalidation.LocaleContextMessageInterpolator as ValidatorFactory-scoped message interpolator.
17:03:33.876 [Test worker] DEBUG org.hibernate.validator.internal.engine.ValidatorFactoryImpl - HV000234: Using org.hibernate.validator.internal.engine.resolver.JPATraversableResolver as ValidatorFactory-scoped traversable resolver.
17:03:33.876 [Test worker] DEBUG org.hibernate.validator.internal.engine.ValidatorFactoryImpl - HV000234: Using org.hibernate.validator.internal.util.ExecutableParameterNameProvider as ValidatorFactory-scoped parameter name provider.
17:03:33.876 [Test worker] DEBUG org.hibernate.validator.internal.engine.ValidatorFactoryImpl - HV000234: Using org.hibernate.validator.internal.engine.DefaultClockProvider as ValidatorFactory-scoped clock provider.
17:03:33.876 [Test worker] DEBUG org.hibernate.validator.internal.engine.ValidatorFactoryImpl - HV000234: Using org.hibernate.validator.internal.engine.scripting.DefaultScriptEvaluatorFactory as ValidatorFactory-scoped script evaluator factory.
17:03:33.877 [Test worker] DEBUG org.springframework.beans.factory.support.DefaultListableBeanFactory - Creating shared instance of singleton bean 'org.springframework.boot.autoconfigure.security.oauth2.client.OAuth2RestOperationsConfiguration$SingletonScopedConfiguration'
17:03:33.877 [Test worker] DEBUG org.springframework.beans.factory.support.DefaultListableBeanFactory - Creating shared instance of singleton bean 'oauth2RemoteResource'
17:03:33.878 [Test worker] DEBUG org.springframework.beans.factory.support.DefaultListableBeanFactory - Creating shared instance of singleton bean 'oauth2ClientContext'
17:03:33.878 [Test worker] DEBUG org.springframework.beans.factory.support.DefaultListableBeanFactory - Creating shared instance of singleton bean 'org.springframework.boot.autoconfigure.security.oauth2.client.OAuth2RestOperationsConfiguration'
17:03:33.878 [Test worker] DEBUG org.springframework.beans.factory.support.DefaultListableBeanFactory - Creating shared instance of singleton bean 'org.springframework.boot.autoconfigure.security.oauth2.OAuth2AutoConfiguration'
17:03:33.879 [Test worker] DEBUG org.springframework.core.LocalVariableTableParameterNameDiscoverer - Cannot find '.class' file for class [class org.springframework.boot.autoconfigure.security.oauth2.OAuth2AutoConfiguration$$EnhancerBySpringCGLIB$$5c5e94e5] - unable to determine constructor/method parameter names
17:03:33.879 [Test worker] DEBUG org.springframework.beans.factory.support.DefaultListableBeanFactory - Creating shared instance of singleton bean 'security.oauth2.client-org.springframework.boot.autoconfigure.security.oauth2.OAuth2ClientProperties'
17:03:33.879 [Test worker] DEBUG org.springframework.beans.factory.support.DefaultListableBeanFactory - Autowiring by type from bean name 'org.springframework.boot.autoconfigure.security.oauth2.OAuth2AutoConfiguration' via constructor to bean named 'security.oauth2.client-org.springframework.boot.autoconfigure.security.oauth2.OAuth2ClientProperties'
17:03:33.879 [Test worker] DEBUG org.springframework.beans.factory.support.DefaultListableBeanFactory - Creating shared instance of singleton bean 'resourceServerProperties'
17:03:33.880 [Test worker] DEBUG org.springframework.beans.factory.support.DefaultListableBeanFactory - Creating shared instance of singleton bean 'org.springframework.boot.autoconfigure.jmx.JmxAutoConfiguration'
17:03:33.881 [Test worker] DEBUG org.springframework.beans.factory.support.DefaultListableBeanFactory - Creating shared instance of singleton bean 'mbeanExporter'
17:03:33.881 [Test worker] DEBUG org.springframework.beans.factory.support.DefaultListableBeanFactory - Creating shared instance of singleton bean 'objectNamingStrategy'
17:03:33.881 [Test worker] DEBUG org.springframework.beans.factory.support.DefaultListableBeanFactory - Autowiring by type from bean name 'mbeanExporter' via factory method to bean named 'objectNamingStrategy'
17:03:33.881 [Test worker] DEBUG org.springframework.beans.factory.support.DefaultListableBeanFactory - Creating shared instance of singleton bean 'mbeanServer'
17:03:33.882 [Test worker] DEBUG org.springframework.jmx.support.JmxUtils - Found MBeanServer: com.sun.jmx.mbeanserver.JmxMBeanServer@bc10b92
17:03:33.883 [Test worker] DEBUG org.springframework.beans.factory.support.DefaultListableBeanFactory - Creating shared instance of singleton bean 'org.springframework.boot.autoconfigure.aop.AopAutoConfiguration$CglibAutoProxyConfiguration'
17:03:33.883 [Test worker] DEBUG org.springframework.beans.factory.support.DefaultListableBeanFactory - Creating shared instance of singleton bean 'org.springframework.boot.autoconfigure.aop.AopAutoConfiguration'
17:03:33.884 [Test worker] DEBUG org.springframework.beans.factory.support.DefaultListableBeanFactory - Creating shared instance of singleton bean 'org.springframework.boot.autoconfigure.transaction.jta.JtaAutoConfiguration'
17:03:33.884 [Test worker] DEBUG org.springframework.beans.factory.support.DefaultListableBeanFactory - Creating shared instance of singleton bean 'org.springframework.boot.autoconfigure.jdbc.DataSourceJmxConfiguration$Hikari'
17:03:33.884 [Test worker] DEBUG org.springframework.core.LocalVariableTableParameterNameDiscoverer - Cannot find '.class' file for class [class org.springframework.boot.autoconfigure.jdbc.DataSourceJmxConfiguration$Hikari$$EnhancerBySpringCGLIB$$8eb93a4f] - unable to determine constructor/method parameter names
17:03:33.885 [Test worker] DEBUG org.springframework.beans.factory.support.DefaultListableBeanFactory - Autowiring by type from bean name 'org.springframework.boot.autoconfigure.jdbc.DataSourceJmxConfiguration$Hikari' via constructor to bean named 'dataSource'
17:03:33.885 [Test worker] DEBUG org.springframework.beans.factory.support.DefaultListableBeanFactory - Creating shared instance of singleton bean 'org.springframework.boot.autoconfigure.jdbc.DataSourceJmxConfiguration'
17:03:33.885 [Test worker] DEBUG org.springframework.beans.factory.support.DefaultListableBeanFactory - Creating shared instance of singleton bean 'org.springframework.boot.autoconfigure.jdbc.DataSourceAutoConfiguration$PooledDataSourceConfiguration'
17:03:33.885 [Test worker] DEBUG org.springframework.beans.factory.support.DefaultListableBeanFactory - Creating shared instance of singleton bean 'org.springframework.boot.autoconfigure.jdbc.metadata.DataSourcePoolMetadataProvidersConfiguration'
17:03:33.886 [Test worker] DEBUG org.springframework.beans.factory.support.DefaultListableBeanFactory - Creating shared instance of singleton bean 'org.springframework.boot.autoconfigure.jdbc.DataSourceInitializationConfiguration'
17:03:33.886 [Test worker] DEBUG org.springframework.beans.factory.support.DefaultListableBeanFactory - Creating shared instance of singleton bean 'org.springframework.boot.autoconfigure.jdbc.DataSourceAutoConfiguration'
17:03:33.886 [Test worker] DEBUG org.springframework.beans.factory.support.DefaultListableBeanFactory - Creating shared instance of singleton bean 'transactionManager'
17:03:33.887 [Test worker] DEBUG org.springframework.beans.factory.support.DefaultListableBeanFactory - Creating shared instance of singleton bean 'org.springframework.boot.autoconfigure.orm.jpa.HibernateJpaAutoConfiguration'
17:03:33.887 [Test worker] DEBUG org.springframework.beans.factory.support.DefaultListableBeanFactory - Creating shared instance of singleton bean 'org.springframework.boot.autoconfigure.context.ConfigurationPropertiesAutoConfiguration'
17:03:33.887 [Test worker] DEBUG org.springframework.beans.factory.support.DefaultListableBeanFactory - Creating shared instance of singleton bean 'org.springframework.boot.autoconfigure.dao.PersistenceExceptionTranslationAutoConfiguration'
17:03:33.888 [Test worker] DEBUG org.springframework.beans.factory.support.DefaultListableBeanFactory - Creating shared instance of singleton bean 'org.springframework.boot.autoconfigure.data.jpa.JpaRepositoriesAutoConfiguration'
17:03:33.888 [Test worker] DEBUG org.springframework.beans.factory.support.DefaultListableBeanFactory - Creating shared instance of singleton bean 'org.springframework.data.jpa.util.JpaMetamodelCacheCleanup'
17:03:33.888 [Test worker] DEBUG org.springframework.beans.factory.support.DefaultListableBeanFactory - Creating shared instance of singleton bean 'org.springframework.data.jpa.repository.support.JpaEvaluationContextExtension'
17:03:33.889 [Test worker] DEBUG org.springframework.beans.factory.support.DefaultListableBeanFactory - Creating shared instance of singleton bean 'org.springframework.boot.autoconfigure.jackson.JacksonAutoConfiguration$Jackson2ObjectMapperBuilderCustomizerConfiguration'
17:03:33.889 [Test worker] DEBUG org.springframework.beans.factory.support.DefaultListableBeanFactory - Creating shared instance of singleton bean 'standardJacksonObjectMapperBuilderCustomizer'
17:03:33.889 [Test worker] DEBUG org.springframework.beans.factory.support.DefaultListableBeanFactory - Creating shared instance of singleton bean 'spring.jackson-org.springframework.boot.autoconfigure.jackson.JacksonProperties'
17:03:33.890 [Test worker] DEBUG org.springframework.beans.factory.support.DefaultListableBeanFactory - Autowiring by type from bean name 'standardJacksonObjectMapperBuilderCustomizer' via factory method to bean named 'org.springframework.context.support.GenericApplicationContext@5b91b997'
17:03:33.890 [Test worker] DEBUG org.springframework.beans.factory.support.DefaultListableBeanFactory - Autowiring by type from bean name 'standardJacksonObjectMapperBuilderCustomizer' via factory method to bean named 'spring.jackson-org.springframework.boot.autoconfigure.jackson.JacksonProperties'
17:03:33.890 [Test worker] DEBUG org.springframework.beans.factory.support.DefaultListableBeanFactory - Creating shared instance of singleton bean 'org.springframework.boot.autoconfigure.jackson.JacksonAutoConfiguration$JacksonObjectMapperBuilderConfiguration'
17:03:33.890 [Test worker] DEBUG org.springframework.core.LocalVariableTableParameterNameDiscoverer - Cannot find '.class' file for class [class org.springframework.boot.autoconfigure.jackson.JacksonAutoConfiguration$JacksonObjectMapperBuilderConfiguration$$EnhancerBySpringCGLIB$$b2f51a8f] - unable to determine constructor/method parameter names
17:03:33.890 [Test worker] DEBUG org.springframework.beans.factory.support.DefaultListableBeanFactory - Autowiring by type from bean name 'org.springframework.boot.autoconfigure.jackson.JacksonAutoConfiguration$JacksonObjectMapperBuilderConfiguration' via constructor to bean named 'org.springframework.context.support.GenericApplicationContext@5b91b997'
17:03:33.891 [Test worker] DEBUG org.springframework.beans.factory.support.DefaultListableBeanFactory - Creating shared instance of singleton bean 'jacksonObjectMapperBuilder'
17:03:33.891 [Test worker] DEBUG org.springframework.beans.factory.support.DefaultListableBeanFactory - Autowiring by type from bean name 'jacksonObjectMapperBuilder' via factory method to bean named 'standardJacksonObjectMapperBuilderCustomizer'
17:03:33.891 [Test worker] DEBUG org.springframework.beans.factory.support.DefaultListableBeanFactory - Creating shared instance of singleton bean 'parameterNamesModule'
17:03:33.891 [Test worker] DEBUG org.springframework.beans.factory.support.DefaultListableBeanFactory - Creating shared instance of singleton bean 'org.springframework.boot.autoconfigure.jackson.JacksonAutoConfiguration$ParameterNamesModuleConfiguration'
17:03:33.892 [Test worker] DEBUG org.springframework.beans.factory.support.DefaultListableBeanFactory - Creating shared instance of singleton bean 'jsonComponentModule'
17:03:33.892 [Test worker] DEBUG org.springframework.beans.factory.support.DefaultListableBeanFactory - Creating shared instance of singleton bean 'org.springframework.boot.autoconfigure.jackson.JacksonAutoConfiguration'
17:03:33.894 [Test worker] DEBUG org.springframework.beans.factory.support.DefaultListableBeanFactory - Creating shared instance of singleton bean 'org.springframework.boot.autoconfigure.jackson.JacksonAutoConfiguration$JacksonObjectMapperConfiguration'
17:03:33.894 [Test worker] DEBUG org.springframework.beans.factory.support.DefaultListableBeanFactory - Creating shared instance of singleton bean 'jacksonObjectMapper'
17:03:33.895 [Test worker] DEBUG org.springframework.beans.factory.support.DefaultListableBeanFactory - Autowiring by type from bean name 'jacksonObjectMapper' via factory method to bean named 'jacksonObjectMapperBuilder'
17:03:33.897 [Test worker] DEBUG org.springframework.beans.factory.support.DefaultListableBeanFactory - Creating shared instance of singleton bean 'org.springframework.boot.autoconfigure.http.HttpMessageConvertersAutoConfiguration$StringHttpMessageConverterConfiguration'
17:03:33.898 [Test worker] DEBUG org.springframework.core.LocalVariableTableParameterNameDiscoverer - Cannot find '.class' file for class [class org.springframework.boot.autoconfigure.http.HttpMessageConvertersAutoConfiguration$StringHttpMessageConverterConfiguration$$EnhancerBySpringCGLIB$$f2566b19] - unable to determine constructor/method parameter names
17:03:33.898 [Test worker] DEBUG org.springframework.beans.factory.support.DefaultListableBeanFactory - Creating shared instance of singleton bean 'spring.http-org.springframework.boot.autoconfigure.http.HttpProperties'
17:03:33.898 [Test worker] DEBUG org.springframework.beans.factory.support.DefaultListableBeanFactory - Autowiring by type from bean name 'org.springframework.boot.autoconfigure.http.HttpMessageConvertersAutoConfiguration$StringHttpMessageConverterConfiguration' via constructor to bean named 'spring.http-org.springframework.boot.autoconfigure.http.HttpProperties'
17:03:33.898 [Test worker] DEBUG org.springframework.beans.factory.support.DefaultListableBeanFactory - Creating shared instance of singleton bean 'stringHttpMessageConverter'
17:03:33.899 [Test worker] DEBUG org.springframework.beans.factory.support.DefaultListableBeanFactory - Creating shared instance of singleton bean 'org.springframework.boot.autoconfigure.http.JacksonHttpMessageConvertersConfiguration$MappingJackson2HttpMessageConverterConfiguration'
17:03:33.899 [Test worker] DEBUG org.springframework.beans.factory.support.DefaultListableBeanFactory - Creating shared instance of singleton bean 'mappingJackson2HttpMessageConverter'
17:03:33.899 [Test worker] DEBUG org.springframework.beans.factory.support.DefaultListableBeanFactory - Autowiring by type from bean name 'mappingJackson2HttpMessageConverter' via factory method to bean named 'jacksonObjectMapper'
17:03:33.900 [Test worker] DEBUG org.springframework.beans.factory.support.DefaultListableBeanFactory - Creating shared instance of singleton bean 'org.springframework.boot.autoconfigure.http.JacksonHttpMessageConvertersConfiguration'
17:03:33.900 [Test worker] DEBUG org.springframework.beans.factory.support.DefaultListableBeanFactory - Creating shared instance of singleton bean 'org.springframework.boot.autoconfigure.http.HttpMessageConvertersAutoConfiguration'
17:03:33.900 [Test worker] DEBUG org.springframework.core.LocalVariableTableParameterNameDiscoverer - Cannot find '.class' file for class [class org.springframework.boot.autoconfigure.http.HttpMessageConvertersAutoConfiguration$$EnhancerBySpringCGLIB$$bf48a479] - unable to determine constructor/method parameter names
17:03:33.901 [Test worker] DEBUG org.springframework.beans.factory.support.DefaultListableBeanFactory - Creating shared instance of singleton bean 'messageConverters'
17:03:33.903 [Test worker] DEBUG org.springframework.beans.factory.support.DefaultListableBeanFactory - Creating shared instance of singleton bean 'org.springframework.boot.autoconfigure.http.codec.CodecsAutoConfiguration$LoggingCodecConfiguration'
17:03:33.903 [Test worker] DEBUG org.springframework.beans.factory.support.DefaultListableBeanFactory - Creating shared instance of singleton bean 'loggingCodecCustomizer'
17:03:33.903 [Test worker] DEBUG org.springframework.beans.factory.support.DefaultListableBeanFactory - Autowiring by type from bean name 'loggingCodecCustomizer' via factory method to bean named 'spring.http-org.springframework.boot.autoconfigure.http.HttpProperties'
17:03:33.904 [Test worker] DEBUG org.springframework.beans.factory.support.DefaultListableBeanFactory - Creating shared instance of singleton bean 'org.springframework.boot.autoconfigure.http.codec.CodecsAutoConfiguration$JacksonCodecConfiguration'
17:03:33.904 [Test worker] DEBUG org.springframework.beans.factory.support.DefaultListableBeanFactory - Creating shared instance of singleton bean 'jacksonCodecCustomizer'
17:03:33.904 [Test worker] DEBUG org.springframework.beans.factory.support.DefaultListableBeanFactory - Autowiring by type from bean name 'jacksonCodecCustomizer' via factory method to bean named 'jacksonObjectMapper'
17:03:33.904 [Test worker] DEBUG org.springframework.beans.factory.support.DefaultListableBeanFactory - Creating shared instance of singleton bean 'org.springframework.boot.autoconfigure.http.codec.CodecsAutoConfiguration'
17:03:33.904 [Test worker] DEBUG org.springframework.beans.factory.support.DefaultListableBeanFactory - Creating shared instance of singleton bean 'org.springframework.boot.autoconfigure.info.ProjectInfoAutoConfiguration'
17:03:33.905 [Test worker] DEBUG org.springframework.core.LocalVariableTableParameterNameDiscoverer - Cannot find '.class' file for class [class org.springframework.boot.autoconfigure.info.ProjectInfoAutoConfiguration$$EnhancerBySpringCGLIB$$e10ee5fe] - unable to determine constructor/method parameter names
17:03:33.905 [Test worker] DEBUG org.springframework.beans.factory.support.DefaultListableBeanFactory - Creating shared instance of singleton bean 'spring.info-org.springframework.boot.autoconfigure.info.ProjectInfoProperties'
17:03:33.905 [Test worker] DEBUG org.springframework.beans.factory.support.DefaultListableBeanFactory - Autowiring by type from bean name 'org.springframework.boot.autoconfigure.info.ProjectInfoAutoConfiguration' via constructor to bean named 'spring.info-org.springframework.boot.autoconfigure.info.ProjectInfoProperties'
17:03:33.905 [Test worker] DEBUG org.springframework.beans.factory.support.DefaultListableBeanFactory - Creating shared instance of singleton bean 'org.springframework.boot.autoconfigure.jdbc.JdbcTemplateAutoConfiguration$JdbcTemplateConfiguration'
17:03:33.906 [Test worker] DEBUG org.springframework.core.LocalVariableTableParameterNameDiscoverer - Cannot find '.class' file for class [class org.springframework.boot.autoconfigure.jdbc.JdbcTemplateAutoConfiguration$JdbcTemplateConfiguration$$EnhancerBySpringCGLIB$$bda00752] - unable to determine constructor/method parameter names
17:03:33.906 [Test worker] DEBUG org.springframework.beans.factory.support.DefaultListableBeanFactory - Creating shared instance of singleton bean 'spring.jdbc-org.springframework.boot.autoconfigure.jdbc.JdbcProperties'
17:03:33.906 [Test worker] DEBUG org.springframework.beans.factory.support.DefaultListableBeanFactory - Autowiring by type from bean name 'org.springframework.boot.autoconfigure.jdbc.JdbcTemplateAutoConfiguration$JdbcTemplateConfiguration' via constructor to bean named 'dataSource'
17:03:33.906 [Test worker] DEBUG org.springframework.beans.factory.support.DefaultListableBeanFactory - Autowiring by type from bean name 'org.springframework.boot.autoconfigure.jdbc.JdbcTemplateAutoConfiguration$JdbcTemplateConfiguration' via constructor to bean named 'spring.jdbc-org.springframework.boot.autoconfigure.jdbc.JdbcProperties'
17:03:33.906 [Test worker] DEBUG org.springframework.beans.factory.support.DefaultListableBeanFactory - Creating shared instance of singleton bean 'jdbcTemplate'
17:03:33.908 [Test worker] DEBUG org.springframework.beans.factory.support.DefaultListableBeanFactory - Creating shared instance of singleton bean 'org.springframework.boot.autoconfigure.jdbc.JdbcTemplateAutoConfiguration$NamedParameterJdbcTemplateConfiguration'
17:03:33.908 [Test worker] DEBUG org.springframework.beans.factory.support.DefaultListableBeanFactory - Creating shared instance of singleton bean 'namedParameterJdbcTemplate'
17:03:33.908 [Test worker] DEBUG org.springframework.beans.factory.support.DefaultListableBeanFactory - Autowiring by type from bean name 'namedParameterJdbcTemplate' via factory method to bean named 'jdbcTemplate'
17:03:33.909 [Test worker] DEBUG org.springframework.beans.factory.support.DefaultListableBeanFactory - Creating shared instance of singleton bean 'org.springframework.boot.autoconfigure.jdbc.JdbcTemplateAutoConfiguration'
17:03:33.909 [Test worker] DEBUG org.springframework.beans.factory.support.DefaultListableBeanFactory - Creating shared instance of singleton bean 'org.springframework.boot.autoconfigure.security.servlet.SecurityAutoConfiguration'
17:03:33.909 [Test worker] DEBUG org.springframework.beans.factory.support.DefaultListableBeanFactory - Creating shared instance of singleton bean 'authenticationEventPublisher'
17:03:33.909 [Test worker] DEBUG org.springframework.beans.factory.support.DefaultListableBeanFactory - Autowiring by type from bean name 'authenticationEventPublisher' via factory method to bean named 'org.springframework.context.support.GenericApplicationContext@5b91b997'
17:03:33.910 [Test worker] DEBUG org.springframework.beans.factory.support.DefaultListableBeanFactory - Creating shared instance of singleton bean 'spring.security-org.springframework.boot.autoconfigure.security.SecurityProperties'
17:03:33.910 [Test worker] DEBUG org.springframework.beans.factory.support.DefaultListableBeanFactory - Creating shared instance of singleton bean 'org.springframework.boot.autoconfigure.task.TaskSchedulingAutoConfiguration'
17:03:33.910 [Test worker] DEBUG org.springframework.beans.factory.support.DefaultListableBeanFactory - Creating shared instance of singleton bean 'taskSchedulerBuilder'
17:03:33.911 [Test worker] DEBUG org.springframework.beans.factory.support.DefaultListableBeanFactory - Creating shared instance of singleton bean 'spring.task.scheduling-org.springframework.boot.autoconfigure.task.TaskSchedulingProperties'
17:03:33.911 [Test worker] DEBUG org.springframework.beans.factory.support.DefaultListableBeanFactory - Autowiring by type from bean name 'taskSchedulerBuilder' via factory method to bean named 'spring.task.scheduling-org.springframework.boot.autoconfigure.task.TaskSchedulingProperties'
17:03:33.911 [Test worker] DEBUG org.springframework.beans.factory.support.DefaultListableBeanFactory - Creating shared instance of singleton bean 'org.springframework.boot.autoconfigure.jdbc.DataSourceTransactionManagerAutoConfiguration$DataSourceTransactionManagerConfiguration'
17:03:33.912 [Test worker] DEBUG org.springframework.core.LocalVariableTableParameterNameDiscoverer - Cannot find '.class' file for class [class org.springframework.boot.autoconfigure.jdbc.DataSourceTransactionManagerAutoConfiguration$DataSourceTransactionManagerConfiguration$$EnhancerBySpringCGLIB$$52157154] - unable to determine constructor/method parameter names
17:03:33.912 [Test worker] DEBUG org.springframework.beans.factory.support.DefaultListableBeanFactory - Autowiring by type from bean name 'org.springframework.boot.autoconfigure.jdbc.DataSourceTransactionManagerAutoConfiguration$DataSourceTransactionManagerConfiguration' via constructor to bean named 'dataSource'
17:03:33.912 [Test worker] DEBUG org.springframework.beans.factory.support.DefaultListableBeanFactory - Creating shared instance of singleton bean 'org.springframework.boot.autoconfigure.jdbc.DataSourceTransactionManagerAutoConfiguration'
17:03:33.913 [Test worker] DEBUG org.springframework.beans.factory.support.DefaultListableBeanFactory - Creating shared instance of singleton bean 'org.springframework.boot.autoconfigure.transaction.TransactionAutoConfiguration$EnableTransactionManagementConfiguration$CglibAutoProxyConfiguration'
17:03:33.913 [Test worker] DEBUG org.springframework.beans.factory.support.DefaultListableBeanFactory - Creating shared instance of singleton bean 'org.springframework.boot.autoconfigure.transaction.TransactionAutoConfiguration$EnableTransactionManagementConfiguration'
17:03:33.913 [Test worker] DEBUG org.springframework.beans.factory.support.DefaultListableBeanFactory - Creating shared instance of singleton bean 'org.springframework.boot.autoconfigure.transaction.TransactionAutoConfiguration$TransactionTemplateConfiguration'
17:03:33.913 [Test worker] DEBUG org.springframework.core.LocalVariableTableParameterNameDiscoverer - Cannot find '.class' file for class [class org.springframework.boot.autoconfigure.transaction.TransactionAutoConfiguration$TransactionTemplateConfiguration$$EnhancerBySpringCGLIB$$a39f3627] - unable to determine constructor/method parameter names
17:03:33.914 [Test worker] DEBUG org.springframework.beans.factory.support.DefaultListableBeanFactory - Autowiring by type from bean name 'org.springframework.boot.autoconfigure.transaction.TransactionAutoConfiguration$TransactionTemplateConfiguration' via constructor to bean named 'transactionManager'
17:03:33.914 [Test worker] DEBUG org.springframework.beans.factory.support.DefaultListableBeanFactory - Creating shared instance of singleton bean 'transactionTemplate'
17:03:33.914 [Test worker] DEBUG org.springframework.beans.factory.support.DefaultListableBeanFactory - Creating shared instance of singleton bean 'org.springframework.boot.autoconfigure.web.client.RestTemplateAutoConfiguration'
17:03:33.914 [Test worker] DEBUG org.springframework.core.LocalVariableTableParameterNameDiscoverer - Cannot find '.class' file for class [class org.springframework.boot.autoconfigure.web.client.RestTemplateAutoConfiguration$$EnhancerBySpringCGLIB$$402ad266] - unable to determine constructor/method parameter names
17:03:33.915 [Test worker] DEBUG org.springframework.beans.factory.support.DefaultListableBeanFactory - Creating shared instance of singleton bean 'restTemplateBuilder'
17:03:33.918 [Test worker] DEBUG org.springframework.jmx.export.annotation.AnnotationMBeanExporter - Registering beans for JMX exposure on startup
17:03:33.918 [Test worker] DEBUG org.springframework.jmx.export.annotation.AnnotationMBeanExporter - Autodetecting user-defined JMX MBeans
17:03:33.919 [Test worker] DEBUG org.springframework.jmx.export.annotation.AnnotationMBeanExporter - Bean with name 'dataSource' has been autodetected for JMX exposure
17:03:33.920 [Test worker] DEBUG org.springframework.jmx.export.annotation.AnnotationMBeanExporter - Located MBean 'dataSource': registering with JMX server as MBean [com.zaxxer.hikari:name=dataSource,type=HikariDataSource]
17:03:33.921 [Test worker] DEBUG org.springframework.test.context.cache.DefaultCacheAwareContextLoaderDelegate - Storing ApplicationContext in cache under key [[MergedContextConfiguration@4e6d9dd3 testClass = OrderRepositoryTest, locations = '{}', classes = '{class com.epam.esm.TestConfig}', contextInitializerClasses = '[]', activeProfiles = '{}', propertySourceLocations = '{}', propertySourceProperties = '{}', contextCustomizers = set[[empty]], contextLoader = 'org.springframework.test.context.support.DelegatingSmartContextLoader', parent = [null]]]
17:03:33.921 [Test worker] DEBUG org.springframework.test.context.cache - Spring test ApplicationContext cache statistics: [DefaultContextCache@2bed31e4 size = 1, maxSize = 32, parentContextCount = 0, hitCount = 22, missCount = 12]
17:03:33.923 [Test worker] DEBUG org.springframework.test.context.support.AbstractDirtiesContextTestExecutionListener - Before test method: context [DefaultTestContext@4b53c189 testClass = OrderRepositoryTest, testInstance = com.epam.esm.repository.OrderRepositoryTest@6c2559d3, testMethod = save@OrderRepositoryTest, testException = [null], mergedContextConfiguration = [MergedContextConfiguration@4e6d9dd3 testClass = OrderRepositoryTest, locations = '{}', classes = '{class com.epam.esm.TestConfig}', contextInitializerClasses = '[]', activeProfiles = '{}', propertySourceLocations = '{}', propertySourceProperties = '{}', contextCustomizers = set[[empty]], contextLoader = 'org.springframework.test.context.support.DelegatingSmartContextLoader', parent = [null]], attributes = map[[empty]]], class annotated with @DirtiesContext [true] with mode [AFTER_EACH_TEST_METHOD], method annotated with @DirtiesContext [false] with mode [null].
17:03:33.923 [Test worker] DEBUG org.springframework.test.context.transaction.TransactionalTestExecutionListener - Explicit transaction definition [PROPAGATION_REQUIRED,ISOLATION_DEFAULT] found for test context [DefaultTestContext@4b53c189 testClass = OrderRepositoryTest, testInstance = com.epam.esm.repository.OrderRepositoryTest@6c2559d3, testMethod = save@OrderRepositoryTest, testException = [null], mergedContextConfiguration = [MergedContextConfiguration@4e6d9dd3 testClass = OrderRepositoryTest, locations = '{}', classes = '{class com.epam.esm.TestConfig}', contextInitializerClasses = '[]', activeProfiles = '{}', propertySourceLocations = '{}', propertySourceProperties = '{}', contextCustomizers = set[[empty]], contextLoader = 'org.springframework.test.context.support.DelegatingSmartContextLoader', parent = [null]], attributes = map[[empty]]]
17:03:33.923 [Test worker] DEBUG org.springframework.test.context.cache.DefaultCacheAwareContextLoaderDelegate - Retrieved ApplicationContext from cache with key [[MergedContextConfiguration@4e6d9dd3 testClass = OrderRepositoryTest, locations = '{}', classes = '{class com.epam.esm.TestConfig}', contextInitializerClasses = '[]', activeProfiles = '{}', propertySourceLocations = '{}', propertySourceProperties = '{}', contextCustomizers = set[[empty]], contextLoader = 'org.springframework.test.context.support.DelegatingSmartContextLoader', parent = [null]]]
17:03:33.923 [Test worker] DEBUG org.springframework.test.context.cache - Spring test ApplicationContext cache statistics: [DefaultContextCache@2bed31e4 size = 1, maxSize = 32, parentContextCount = 0, hitCount = 23, missCount = 12]
17:03:33.923 [Test worker] DEBUG org.springframework.test.context.transaction.TransactionalTestExecutionListener - No method-level @Rollback override: using default rollback [true] for test context [DefaultTestContext@4b53c189 testClass = OrderRepositoryTest, testInstance = com.epam.esm.repository.OrderRepositoryTest@6c2559d3, testMethod = save@OrderRepositoryTest, testException = [null], mergedContextConfiguration = [MergedContextConfiguration@4e6d9dd3 testClass = OrderRepositoryTest, locations = '{}', classes = '{class com.epam.esm.TestConfig}', contextInitializerClasses = '[]', activeProfiles = '{}', propertySourceLocations = '{}', propertySourceProperties = '{}', contextCustomizers = set[[empty]], contextLoader = 'org.springframework.test.context.support.DelegatingSmartContextLoader', parent = [null]], attributes = map[[empty]]].
17:03:33.923 [Test worker] DEBUG org.springframework.orm.jpa.JpaTransactionManager - Creating new transaction with name [com.epam.esm.repository.OrderRepositoryTest.save]: PROPAGATION_REQUIRED,ISOLATION_DEFAULT
17:03:33.924 [Test worker] DEBUG org.hibernate.stat.internal.StatisticsInitiator - Statistics initialized [enabled=false]
17:03:33.924 [Test worker] DEBUG org.springframework.orm.jpa.JpaTransactionManager - Opened new EntityManager [SessionImpl(2015999922<open>)] for JPA transaction
17:03:33.924 [Test worker] DEBUG org.hibernate.engine.transaction.internal.TransactionImpl - On TransactionImpl creation, JpaCompliance#isJpaTransactionComplianceEnabled == false
17:03:33.924 [Test worker] DEBUG org.hibernate.engine.transaction.internal.TransactionImpl - begin
17:03:33.924 [Test worker] DEBUG org.springframework.orm.jpa.JpaTransactionManager - Exposing JPA transaction as JDBC [org.springframework.orm.jpa.vendor.HibernateJpaDialect$HibernateConnectionHandle@21fc00db]
17:03:33.924 [Test worker] INFO org.springframework.test.context.transaction.TransactionContext - Began transaction (1) for test context [DefaultTestContext@4b53c189 testClass = OrderRepositoryTest, testInstance = com.epam.esm.repository.OrderRepositoryTest@6c2559d3, testMethod = save@OrderRepositoryTest, testException = [null], mergedContextConfiguration = [MergedContextConfiguration@4e6d9dd3 testClass = OrderRepositoryTest, locations = '{}', classes = '{class com.epam.esm.TestConfig}', contextInitializerClasses = '[]', activeProfiles = '{}', propertySourceLocations = '{}', propertySourceProperties = '{}', contextCustomizers = set[[empty]], contextLoader = 'org.springframework.test.context.support.DelegatingSmartContextLoader', parent = [null]], attributes = map[[empty]]]; transaction manager [org.springframework.orm.jpa.JpaTransactionManager@72e81dfb]; rollback [true]
17:03:33.925 [Test worker] DEBUG org.springframework.test.context.jdbc.SqlScriptsTestExecutionListener - Processing [MergedSqlConfig@185ca75a dataSource = '', transactionManager = '', transactionMode = INFERRED, encoding = '', separator = ';', commentPrefix = '--', blockCommentStartDelimiter = '/*', blockCommentEndDelimiter = '*/', errorMode = FAIL_ON_ERROR] for execution phase [BEFORE_TEST_METHOD] and test context [DefaultTestContext@4b53c189 testClass = OrderRepositoryTest, testInstance = com.epam.esm.repository.OrderRepositoryTest@6c2559d3, testMethod = save@OrderRepositoryTest, testException = [null], mergedContextConfiguration = [MergedContextConfiguration@4e6d9dd3 testClass = OrderRepositoryTest, locations = '{}', classes = '{class com.epam.esm.TestConfig}', contextInitializerClasses = '[]', activeProfiles = '{}', propertySourceLocations = '{}', propertySourceProperties = '{}', contextCustomizers = set[[empty]], contextLoader = 'org.springframework.test.context.support.DelegatingSmartContextLoader', parent = [null]], attributes = map[[empty]]].
17:03:33.925 [Test worker] DEBUG org.springframework.test.context.cache.DefaultCacheAwareContextLoaderDelegate - Retrieved ApplicationContext from cache with key [[MergedContextConfiguration@4e6d9dd3 testClass = OrderRepositoryTest, locations = '{}', classes = '{class com.epam.esm.TestConfig}', contextInitializerClasses = '[]', activeProfiles = '{}', propertySourceLocations = '{}', propertySourceProperties = '{}', contextCustomizers = set[[empty]], contextLoader = 'org.springframework.test.context.support.DelegatingSmartContextLoader', parent = [null]]]
17:03:33.925 [Test worker] DEBUG org.springframework.test.context.cache - Spring test ApplicationContext cache statistics: [DefaultContextCache@2bed31e4 size = 1, maxSize = 32, parentContextCount = 0, hitCount = 24, missCount = 12]
17:03:33.925 [Test worker] DEBUG org.springframework.test.context.jdbc.SqlScriptsTestExecutionListener - Executing SQL scripts: [Byte array resource [from inlined SQL statement: insert into application_role (value) values ('admin'), ('user'), ('guest');], Byte array resource [from inlined SQL statement: INSERT INTO application_user(email, password, role_id) VALUES ('pldi@mail.ru', 'Qwertyui1!', 1);], Byte array resource [from inlined SQL statement: insert into application_order (user_id, created_at, active_status) values (1, null, true)]]
17:03:33.925 [Test worker] DEBUG org.springframework.test.context.cache.DefaultCacheAwareContextLoaderDelegate - Retrieved ApplicationContext from cache with key [[MergedContextConfiguration@4e6d9dd3 testClass = OrderRepositoryTest, locations = '{}', classes = '{class com.epam.esm.TestConfig}', contextInitializerClasses = '[]', activeProfiles = '{}', propertySourceLocations = '{}', propertySourceProperties = '{}', contextCustomizers = set[[empty]], contextLoader = 'org.springframework.test.context.support.DelegatingSmartContextLoader', parent = [null]]]
17:03:33.925 [Test worker] DEBUG org.springframework.test.context.cache - Spring test ApplicationContext cache statistics: [DefaultContextCache@2bed31e4 size = 1, maxSize = 32, parentContextCount = 0, hitCount = 25, missCount = 12]
17:03:33.925 [Test worker] DEBUG org.springframework.test.context.cache.DefaultCacheAwareContextLoaderDelegate - Retrieved ApplicationContext from cache with key [[MergedContextConfiguration@4e6d9dd3 testClass = OrderRepositoryTest, locations = '{}', classes = '{class com.epam.esm.TestConfig}', contextInitializerClasses = '[]', activeProfiles = '{}', propertySourceLocations = '{}', propertySourceProperties = '{}', contextCustomizers = set[[empty]], contextLoader = 'org.springframework.test.context.support.DelegatingSmartContextLoader', parent = [null]]]
17:03:33.925 [Test worker] DEBUG org.springframework.test.context.cache - Spring test ApplicationContext cache statistics: [DefaultContextCache@2bed31e4 size = 1, maxSize = 32, parentContextCount = 0, hitCount = 26, missCount = 12]
17:03:33.925 [Test worker] DEBUG org.springframework.orm.jpa.JpaTransactionManager - Found thread-bound EntityManager [SessionImpl(2015999922<open>)] for JPA transaction
17:03:33.925 [Test worker] DEBUG org.springframework.orm.jpa.JpaTransactionManager - Participating in existing transaction
17:03:33.925 [Test worker] DEBUG org.springframework.jdbc.datasource.init.ScriptUtils - Executing SQL script from Byte array resource [from inlined SQL statement: insert into application_role (value) values ('admin'), ('user'), ('guest');]
17:03:33.926 [Test worker] DEBUG org.springframework.jdbc.datasource.init.ScriptUtils - 3 returned as update count for SQL: insert into application_role (value) values ('admin'), ('user'), ('guest')
17:03:33.926 [Test worker] DEBUG org.springframework.jdbc.datasource.init.ScriptUtils - Executed SQL script from Byte array resource [from inlined SQL statement: insert into application_role (value) values ('admin'), ('user'), ('guest');] in 0 ms.
17:03:33.926 [Test worker] DEBUG org.springframework.jdbc.datasource.init.ScriptUtils - Executing SQL script from Byte array resource [from inlined SQL statement: INSERT INTO application_user(email, password, role_id) VALUES ('pldi@mail.ru', 'Qwertyui1!', 1);]
17:03:33.927 [Test worker] DEBUG org.springframework.jdbc.datasource.init.ScriptUtils - 1 returned as update count for SQL: INSERT INTO application_user(email, password, role_id) VALUES ('pldi@mail.ru', 'Qwertyui1!', 1)
17:03:33.927 [Test worker] DEBUG org.springframework.jdbc.datasource.init.ScriptUtils - Executed SQL script from Byte array resource [from inlined SQL statement: INSERT INTO application_user(email, password, role_id) VALUES ('pldi@mail.ru', 'Qwertyui1!', 1);] in 1 ms.
17:03:33.927 [Test worker] DEBUG org.springframework.jdbc.datasource.init.ScriptUtils - Executing SQL script from Byte array resource [from inlined SQL statement: insert into application_order (user_id, created_at, active_status) values (1, null, true)]
17:03:33.927 [Test worker] DEBUG org.springframework.jdbc.datasource.init.ScriptUtils - 1 returned as update count for SQL: insert into application_order (user_id, created_at, active_status) values (1, null, true)
17:03:33.927 [Test worker] DEBUG org.springframework.jdbc.datasource.init.ScriptUtils - Executed SQL script from Byte array resource [from inlined SQL statement: insert into application_order (user_id, created_at, active_status) values (1, null, true)] in 0 ms.
17:03:33.928 [Test worker] DEBUG org.hibernate.event.internal.DefaultMergeEventListener - EntityCopyObserver strategy: disallow
17:03:33.931 [Test worker] DEBUG org.hibernate.loader.Loader - Loading entity: [com.epam.esm.entity.Order#1]
17:03:33.931 [Test worker] DEBUG org.hibernate.SQL - select order0_.id as id1_0_0_, order0_.active_status as active_s2_0_0_, order0_.created_at as created_3_0_0_, order0_.user_id as user_id4_0_0_ from application_order order0_ where order0_.id=?
17:03:33.932 [Test worker] DEBUG org.hibernate.loader.Loader - Result set row: 0
17:03:33.932 [Test worker] DEBUG org.hibernate.loader.Loader - Result row: EntityKey[com.epam.esm.entity.Order#1]
17:03:33.932 [Test worker] DEBUG org.hibernate.engine.internal.TwoPhaseLoad - Resolving associations for [com.epam.esm.entity.Order#1]
17:03:33.932 [Test worker] DEBUG org.hibernate.loader.Loader - Loading entity: [com.epam.esm.entity.User#1]
17:03:33.933 [Test worker] DEBUG org.hibernate.SQL - select user0_.id as id1_2_0_, user0_.email as email2_2_0_, user0_.password as password3_2_0_, user0_.refresh_token as refresh_4_2_0_, user0_.role_id as role_id5_2_0_ from application_user user0_ where user0_.id=?
17:03:33.933 [Test worker] DEBUG org.hibernate.loader.Loader - Result set row: 0
17:03:33.933 [Test worker] DEBUG org.hibernate.loader.Loader - Result row: EntityKey[com.epam.esm.entity.User#1]
17:03:33.934 [Test worker] DEBUG org.hibernate.engine.internal.TwoPhaseLoad - Resolving associations for [com.epam.esm.entity.User#1]
17:03:33.934 [Test worker] DEBUG org.hibernate.loader.Loader - Loading entity: [com.epam.esm.entity.Role#1]
17:03:33.934 [Test worker] DEBUG org.hibernate.SQL - select role0_.id as id1_1_0_, role0_.value as value2_1_0_ from application_role role0_ where role0_.id=?
17:03:33.935 [Test worker] DEBUG org.hibernate.loader.Loader - Result set row: 0
17:03:33.935 [Test worker] DEBUG org.hibernate.loader.Loader - Result row: EntityKey[com.epam.esm.entity.Role#1]
17:03:33.935 [Test worker] DEBUG org.hibernate.engine.internal.TwoPhaseLoad - Resolving associations for [com.epam.esm.entity.Role#1]
17:03:33.935 [Test worker] DEBUG org.hibernate.engine.internal.TwoPhaseLoad - Done materializing entity [com.epam.esm.entity.Role#1]
17:03:33.936 [Test worker] DEBUG org.hibernate.loader.Loader - Done entity load
17:03:33.937 [Test worker] DEBUG org.hibernate.engine.internal.TwoPhaseLoad - Done materializing entity [com.epam.esm.entity.User#1]
17:03:33.937 [Test worker] DEBUG org.hibernate.loader.Loader - Done entity load
17:03:33.937 [Test worker] DEBUG org.hibernate.engine.internal.TwoPhaseLoad - Done materializing entity [com.epam.esm.entity.Order#1]
17:03:33.937 [Test worker] DEBUG org.hibernate.loader.Loader - Done entity load
17:03:33.938 [Test worker] DEBUG org.hibernate.loader.collection.plan.AbstractLoadPlanBasedCollectionInitializer - Loading collection: [com.epam.esm.entity.Order.orderCertificates#1]
17:03:33.938 [Test worker] DEBUG org.hibernate.SQL - select ordercerti0_.order_id as order_id5_6_0_, ordercerti0_.id as id1_6_0_, ordercerti0_.id as id1_6_1_, ordercerti0_.certificate_id as certific4_6_1_, ordercerti0_.expiration_date as expirati2_6_1_, ordercerti0_.fixed_price as fixed_pr3_6_1_, ordercerti0_.order_id as order_id5_6_1_ from order_certificate ordercerti0_ where ordercerti0_.order_id=?
17:03:33.938 [Test worker] DEBUG org.hibernate.loader.plan.exec.process.internal.ResultSetProcessorImpl - Preparing collection intializer : [com.epam.esm.entity.Order.orderCertificates#1]
17:03:33.939 [Test worker] DEBUG org.hibernate.engine.loading.internal.CollectionLoadContext - 1 collections were found in result set for role: com.epam.esm.entity.Order.orderCertificates
17:03:33.939 [Test worker] DEBUG org.hibernate.engine.loading.internal.CollectionLoadContext - Collection fully initialized: [com.epam.esm.entity.Order.orderCertificates#1]
17:03:33.939 [Test worker] DEBUG org.hibernate.engine.loading.internal.CollectionLoadContext - 1 collections initialized for role: com.epam.esm.entity.Order.orderCertificates
17:03:33.939 [Test worker] DEBUG org.hibernate.loader.collection.plan.AbstractLoadPlanBasedCollectionInitializer - Done loading collection
17:03:33.939 [Test worker] DEBUG org.springframework.orm.jpa.JpaTransactionManager - Initiating transaction rollback
17:03:33.939 [Test worker] DEBUG org.springframework.orm.jpa.JpaTransactionManager - Rolling back JPA transaction on EntityManager [SessionImpl(2015999922<open>)]
17:03:33.939 [Test worker] DEBUG org.hibernate.engine.transaction.internal.TransactionImpl - rolling back
17:03:33.940 [Test worker] DEBUG org.springframework.orm.jpa.JpaTransactionManager - Closing JPA EntityManager [SessionImpl(2015999922<open>)] after transaction
17:03:33.940 [Test worker] INFO org.springframework.test.context.transaction.TransactionContext - Rolled back transaction for test context [DefaultTestContext@4b53c189 testClass = OrderRepositoryTest, testInstance = com.epam.esm.repository.OrderRepositoryTest@6c2559d3, testMethod = save@OrderRepositoryTest, testException = [null], mergedContextConfiguration = [MergedContextConfiguration@4e6d9dd3 testClass = OrderRepositoryTest, locations = '{}', classes = '{class com.epam.esm.TestConfig}', contextInitializerClasses = '[]', activeProfiles = '{}', propertySourceLocations = '{}', propertySourceProperties = '{}', contextCustomizers = set[[empty]], contextLoader = 'org.springframework.test.context.support.DelegatingSmartContextLoader', parent = [null]], attributes = map[[empty]]].
17:03:33.940 [Test worker] DEBUG org.springframework.test.context.support.AbstractDirtiesContextTestExecutionListener - After test method: context [DefaultTestContext@4b53c189 testClass = OrderRepositoryTest, testInstance = com.epam.esm.repository.OrderRepositoryTest@6c2559d3, testMethod = save@OrderRepositoryTest, testException = [null], mergedContextConfiguration = [MergedContextConfiguration@4e6d9dd3 testClass = OrderRepositoryTest, locations = '{}', classes = '{class com.epam.esm.TestConfig}', contextInitializerClasses = '[]', activeProfiles = '{}', propertySourceLocations = '{}', propertySourceProperties = '{}', contextCustomizers = set[[empty]], contextLoader = 'org.springframework.test.context.support.DelegatingSmartContextLoader', parent = [null]], attributes = map[[empty]]], class annotated with @DirtiesContext [true] with mode [AFTER_EACH_TEST_METHOD], method annotated with @DirtiesContext [false] with mode [null].
17:03:33.940 [Test worker] DEBUG org.springframework.context.support.GenericApplicationContext - Closing org.springframework.context.support.GenericApplicationContext@5b91b997, started on Wed Oct 23 17:03:33 MSK 2019
17:03:33.940 [Test worker] DEBUG org.springframework.jmx.export.annotation.AnnotationMBeanExporter - Unregistering JMX-exposed beans on shutdown
17:03:33.940 [Test worker] DEBUG org.springframework.jmx.export.annotation.AnnotationMBeanExporter - Unregistering JMX-exposed beans
17:03:33.941 [Test worker] INFO org.springframework.orm.jpa.LocalContainerEntityManagerFactoryBean - Closing JPA EntityManagerFactory for persistence unit 'default'
17:03:33.941 [Test worker] DEBUG org.hibernate.internal.SessionFactoryImpl - HHH000031: Closing
17:03:33.941 [Test worker] INFO org.hibernate.tool.schema.internal.SchemaDropperImpl$DelayedDropActionImpl - HHH000477: Starting delayed evictData of schema as part of SessionFactory shut-down'
17:03:33.941 [Test worker] DEBUG org.hibernate.SQL - drop table application_order if exists
17:03:33.941 [Test worker] DEBUG org.hibernate.SQL - drop table application_role if exists
17:03:33.942 [Test worker] DEBUG org.hibernate.SQL - drop table application_user if exists
17:03:33.942 [Test worker] DEBUG org.hibernate.SQL - drop table certificate if exists
17:03:33.942 [Test worker] DEBUG org.hibernate.SQL - drop table certificate_tag if exists
17:03:33.943 [Test worker] DEBUG org.hibernate.SQL - drop table entity if exists
17:03:33.943 [Test worker] DEBUG org.hibernate.SQL - drop table order_certificate if exists
17:03:33.943 [Test worker] DEBUG org.hibernate.SQL - drop table tag if exists
17:03:33.944 [Test worker] DEBUG org.hibernate.type.spi.TypeConfiguration$Scope - Un-scoping TypeConfiguration [org.hibernate.type.spi.TypeConfiguration$Scope@677f445] from SessionFactory [org.hibernate.internal.SessionFactoryImpl@7b430e6f]
17:03:33.944 [Test worker] DEBUG org.hibernate.service.internal.AbstractServiceRegistryImpl - Implicitly destroying ServiceRegistry on de-registration of all child ServiceRegistries
17:03:33.944 [Test worker] DEBUG org.hibernate.boot.registry.internal.BootstrapServiceRegistryImpl - Implicitly destroying Boot-strap registry on de-registration of all child ServiceRegistries
17:03:33.944 [Test worker] INFO com.zaxxer.hikari.HikariDataSource - HikariPool-12 - Shutdown initiated...
17:03:33.944 [Test worker] DEBUG com.zaxxer.hikari.pool.HikariPool - HikariPool-12 - Before shutdown stats (total=10, active=0, idle=10, waiting=0)
17:03:33.945 [HikariPool-12 connection closer] DEBUG com.zaxxer.hikari.pool.PoolBase - HikariPool-12 - Closing connection conn110: url=jdbc:h2:mem:testdb user=SA: (connection evicted)
17:03:33.945 [HikariPool-12 connection closer] DEBUG com.zaxxer.hikari.pool.PoolBase - HikariPool-12 - Closing connection conn111: url=jdbc:h2:mem:testdb user=SA: (connection evicted)
17:03:33.945 [HikariPool-12 connection closer] DEBUG com.zaxxer.hikari.pool.PoolBase - HikariPool-12 - Closing connection conn112: url=jdbc:h2:mem:testdb user=SA: (connection evicted)
17:03:33.945 [HikariPool-12 connection closer] DEBUG com.zaxxer.hikari.pool.PoolBase - HikariPool-12 - Closing connection conn113: url=jdbc:h2:mem:testdb user=SA: (connection evicted)
17:03:33.945 [HikariPool-12 connection closer] DEBUG com.zaxxer.hikari.pool.PoolBase - HikariPool-12 - Closing connection conn114: url=jdbc:h2:mem:testdb user=SA: (connection evicted)
17:03:33.945 [HikariPool-12 connection closer] DEBUG com.zaxxer.hikari.pool.PoolBase - HikariPool-12 - Closing connection conn115: url=jdbc:h2:mem:testdb user=SA: (connection evicted)
17:03:33.945 [HikariPool-12 connection closer] DEBUG com.zaxxer.hikari.pool.PoolBase - HikariPool-12 - Closing connection conn116: url=jdbc:h2:mem:testdb user=SA: (connection evicted)
17:03:33.945 [HikariPool-12 connection closer] DEBUG com.zaxxer.hikari.pool.PoolBase - HikariPool-12 - Closing connection conn117: url=jdbc:h2:mem:testdb user=SA: (connection evicted)
17:03:33.945 [HikariPool-12 connection closer] DEBUG com.zaxxer.hikari.pool.PoolBase - HikariPool-12 - Closing connection conn118: url=jdbc:h2:mem:testdb user=SA: (connection evicted)
17:03:33.945 [HikariPool-12 connection closer] DEBUG com.zaxxer.hikari.pool.PoolBase - HikariPool-12 - Closing connection conn119: url=jdbc:h2:mem:testdb user=SA: (connection evicted)
17:03:33.945 [Test worker] DEBUG com.zaxxer.hikari.pool.HikariPool - HikariPool-12 - After shutdown stats (total=0, active=0, idle=0, waiting=0)
17:03:33.945 [Test worker] INFO com.zaxxer.hikari.HikariDataSource - HikariPool-12 - Shutdown completed.
17:03:33.946 [Test worker] DEBUG org.springframework.test.context.support.DependencyInjectionTestExecutionListener - Performing dependency injection for test context [[DefaultTestContext@4b53c189 testClass = OrderRepositoryTest, testInstance = com.epam.esm.repository.OrderRepositoryTest@4d8181ee, testMethod = [null], testException = [null], mergedContextConfiguration = [MergedContextConfiguration@4e6d9dd3 testClass = OrderRepositoryTest, locations = '{}', classes = '{class com.epam.esm.TestConfig}', contextInitializerClasses = '[]', activeProfiles = '{}', propertySourceLocations = '{}', propertySourceProperties = '{}', contextCustomizers = set[[empty]], contextLoader = 'org.springframework.test.context.support.DelegatingSmartContextLoader', parent = [null]], attributes = map['org.springframework.test.context.support.DependencyInjectionTestExecutionListener.reinjectDependencies' -> true]]].
17:03:33.946 [Test worker] DEBUG org.springframework.test.context.support.AbstractDelegatingSmartContextLoader - Delegating to AnnotationConfigContextLoader to load context from [MergedContextConfiguration@4e6d9dd3 testClass = OrderRepositoryTest, locations = '{}', classes = '{class com.epam.esm.TestConfig}', contextInitializerClasses = '[]', activeProfiles = '{}', propertySourceLocations = '{}', propertySourceProperties = '{}', contextCustomizers = set[[empty]], contextLoader = 'org.springframework.test.context.support.DelegatingSmartContextLoader', parent = [null]].
17:03:33.946 [Test worker] DEBUG org.springframework.test.context.support.AbstractGenericContextLoader - Loading ApplicationContext for merged context configuration [[MergedContextConfiguration@4e6d9dd3 testClass = OrderRepositoryTest, locations = '{}', classes = '{class com.epam.esm.TestConfig}', contextInitializerClasses = '[]', activeProfiles = '{}', propertySourceLocations = '{}', propertySourceProperties = '{}', contextCustomizers = set[[empty]], contextLoader = 'org.springframework.test.context.support.DelegatingSmartContextLoader', parent = [null]]].
17:03:33.946 [Test worker] DEBUG org.springframework.core.env.StandardEnvironment - Activating profiles []
17:03:33.946 [Test worker] DEBUG org.springframework.test.context.support.AnnotationConfigContextLoader - Registering annotated classes: {class com.epam.esm.TestConfig}
17:03:33.947 [Test worker] DEBUG org.springframework.context.support.GenericApplicationContext - Refreshing org.springframework.context.support.GenericApplicationContext@5332cee6
17:03:33.947 [Test worker] DEBUG org.springframework.beans.factory.support.DefaultListableBeanFactory - Creating shared instance of singleton bean 'org.springframework.context.annotation.internalConfigurationAnnotationProcessor'
17:03:33.958 [Test worker] DEBUG org.springframework.context.annotation.ClassPathBeanDefinitionScanner - Identified candidate component class: file [/Users/dzmitryplatonov/Desktop/workdir/giftcertificates/datasource/build/classes/java/main/com/epam/esm/repository/CertificateRepository.class]
17:03:33.958 [Test worker] DEBUG org.springframework.context.annotation.ClassPathBeanDefinitionScanner - Identified candidate component class: file [/Users/dzmitryplatonov/Desktop/workdir/giftcertificates/datasource/build/classes/java/main/com/epam/esm/repository/OrderCertificateRepository.class]
17:03:33.958 [Test worker] DEBUG org.springframework.context.annotation.ClassPathBeanDefinitionScanner - Identified candidate component class: file [/Users/dzmitryplatonov/Desktop/workdir/giftcertificates/datasource/build/classes/java/main/com/epam/esm/repository/OrderRepository.class]
17:03:33.959 [Test worker] DEBUG org.springframework.context.annotation.ClassPathBeanDefinitionScanner - Identified candidate component class: file [/Users/dzmitryplatonov/Desktop/workdir/giftcertificates/datasource/build/classes/java/main/com/epam/esm/repository/TagRepository.class]
17:03:33.959 [Test worker] DEBUG org.springframework.context.annotation.ClassPathBeanDefinitionScanner - Identified candidate component class: file [/Users/dzmitryplatonov/Desktop/workdir/giftcertificates/datasource/build/classes/java/main/com/epam/esm/repository/UserRepository.class]
17:03:33.959 [Test worker] DEBUG org.springframework.context.annotation.ClassPathBeanDefinitionScanner - Identified candidate component class: file [/Users/dzmitryplatonov/Desktop/workdir/giftcertificates/datasource/build/classes/java/main/com/epam/esm/repository/predicate/CriteriaBuilderHelper.class]
17:03:34.014 [Test worker] DEBUG org.springframework.beans.factory.support.DefaultListableBeanFactory - Creating shared instance of singleton bean 'org.springframework.boot.autoconfigure.condition.BeanTypeRegistry'
17:03:34.023 [Test worker] INFO org.springframework.data.repository.config.RepositoryConfigurationDelegate - Bootstrapping Spring Data repositories in DEFAULT mode.
17:03:34.023 [Test worker] DEBUG org.springframework.beans.factory.support.DefaultListableBeanFactory - Creating shared instance of singleton bean 'org.springframework.boot.autoconfigure.AutoConfigurationPackages'
17:03:34.023 [Test worker] DEBUG org.springframework.boot.autoconfigure.AutoConfigurationPackages - @EnableAutoConfiguration was declared on a class in the package 'com.epam.esm'. Automatic @Repository and @Entity scanning is enabled.
17:03:34.024 [Test worker] DEBUG org.springframework.data.repository.config.RepositoryConfigurationDelegate - Scanning for repositories in packages com.epam.esm.
17:03:34.028 [Test worker] INFO org.springframework.data.repository.config.RepositoryConfigurationDelegate - Finished Spring Data repository scanning in 4ms. Found 0 repository interfaces.
17:03:34.039 [Test worker] DEBUG org.springframework.beans.factory.support.DefaultListableBeanFactory - Creating shared instance of singleton bean 'propertySourcesPlaceholderConfigurer'
17:03:34.039 [Test worker] DEBUG org.springframework.beans.factory.support.DefaultListableBeanFactory - Creating shared instance of singleton bean 'emBeanDefinitionRegistrarPostProcessor'
17:03:34.039 [Test worker] DEBUG org.springframework.beans.factory.support.DefaultListableBeanFactory - Creating shared instance of singleton bean 'org.springframework.context.event.internalEventListenerProcessor'
17:03:34.039 [Test worker] DEBUG org.springframework.beans.factory.support.DefaultListableBeanFactory - Creating shared instance of singleton bean 'org.springframework.boot.context.properties.ConfigurationBeanFactoryMetadata'
17:03:34.040 [Test worker] DEBUG org.springframework.beans.factory.support.DefaultListableBeanFactory - Creating shared instance of singleton bean 'org.springframework.context.event.internalEventListenerFactory'
17:03:34.040 [Test worker] DEBUG org.springframework.beans.factory.support.DefaultListableBeanFactory - Creating shared instance of singleton bean 'org.springframework.transaction.config.internalTransactionalEventListenerFactory'
17:03:34.040 [Test worker] DEBUG org.springframework.beans.factory.support.DefaultListableBeanFactory - Creating shared instance of singleton bean 'org.springframework.context.annotation.internalAutowiredAnnotationProcessor'
17:03:34.040 [Test worker] DEBUG org.springframework.beans.factory.support.DefaultListableBeanFactory - Creating shared instance of singleton bean 'org.springframework.context.annotation.internalCommonAnnotationProcessor'
17:03:34.040 [Test worker] DEBUG org.springframework.beans.factory.support.DefaultListableBeanFactory - Creating shared instance of singleton bean 'org.springframework.context.annotation.internalPersistenceAnnotationProcessor'
17:03:34.041 [Test worker] DEBUG org.springframework.beans.factory.support.DefaultListableBeanFactory - Creating shared instance of singleton bean 'org.springframework.boot.context.properties.ConfigurationPropertiesBindingPostProcessor'
17:03:34.041 [Test worker] DEBUG org.springframework.beans.factory.support.DefaultListableBeanFactory - Creating shared instance of singleton bean 'methodValidationPostProcessor'
17:03:34.041 [Test worker] DEBUG org.springframework.beans.factory.support.DefaultListableBeanFactory - Autowiring by type from bean name 'methodValidationPostProcessor' via factory method to bean named 'environment'
17:03:34.042 [Test worker] DEBUG org.springframework.beans.factory.support.DefaultListableBeanFactory - Creating shared instance of singleton bean 'org.springframework.aop.config.internalAutoProxyCreator'
17:03:34.042 [Test worker] DEBUG org.springframework.beans.factory.support.DefaultListableBeanFactory - Creating shared instance of singleton bean 'dataSourceInitializerPostProcessor'
17:03:34.043 [Test worker] DEBUG org.springframework.beans.factory.support.DefaultListableBeanFactory - Creating shared instance of singleton bean 'persistenceExceptionTranslationPostProcessor'
17:03:34.043 [Test worker] DEBUG org.springframework.beans.factory.support.DefaultListableBeanFactory - Autowiring by type from bean name 'persistenceExceptionTranslationPostProcessor' via factory method to bean named 'environment'
17:03:34.043 [Test worker] DEBUG org.springframework.beans.factory.support.DefaultListableBeanFactory - Creating shared instance of singleton bean 'dataSourceInitializedPublisher'
17:03:34.044 [Test worker] DEBUG org.springframework.beans.factory.support.DefaultListableBeanFactory - Creating shared instance of singleton bean 'entityManagerFactory'
17:03:34.044 [Test worker] DEBUG org.springframework.beans.factory.support.DefaultListableBeanFactory - Creating shared instance of singleton bean 'org.springframework.transaction.config.internalTransactionAdvisor'
17:03:34.044 [Test worker] DEBUG org.springframework.beans.factory.support.DefaultListableBeanFactory - Creating shared instance of singleton bean 'org.springframework.transaction.annotation.ProxyTransactionManagementConfiguration'
17:03:34.047 [Test worker] DEBUG org.springframework.beans.factory.support.DefaultListableBeanFactory - Creating shared instance of singleton bean 'transactionAttributeSource'
17:03:34.047 [Test worker] DEBUG org.springframework.beans.factory.support.DefaultListableBeanFactory - Creating shared instance of singleton bean 'transactionInterceptor'
17:03:34.047 [Test worker] DEBUG org.springframework.beans.factory.support.DefaultListableBeanFactory - Creating shared instance of singleton bean 'org.springframework.boot.autoconfigure.orm.jpa.HibernateJpaConfiguration'
17:03:34.048 [Test worker] DEBUG org.springframework.core.LocalVariableTableParameterNameDiscoverer - Cannot find '.class' file for class [class org.springframework.boot.autoconfigure.orm.jpa.HibernateJpaConfiguration$$EnhancerBySpringCGLIB$$c3eb9b54] - unable to determine constructor/method parameter names
17:03:34.048 [Test worker] DEBUG org.springframework.beans.factory.support.DefaultListableBeanFactory - Creating shared instance of singleton bean 'dataSource'
17:03:34.048 [Test worker] DEBUG org.springframework.beans.factory.support.DefaultListableBeanFactory - Creating shared instance of singleton bean 'org.springframework.boot.autoconfigure.jdbc.DataSourceConfiguration$Hikari'
17:03:34.049 [Test worker] DEBUG org.springframework.beans.factory.support.DefaultListableBeanFactory - Creating shared instance of singleton bean 'spring.datasource-org.springframework.boot.autoconfigure.jdbc.DataSourceProperties'
17:03:34.050 [Test worker] DEBUG org.springframework.beans.factory.support.DefaultListableBeanFactory - Autowiring by type from bean name 'dataSource' via factory method to bean named 'spring.datasource-org.springframework.boot.autoconfigure.jdbc.DataSourceProperties'
17:03:34.052 [Test worker] DEBUG com.zaxxer.hikari.HikariConfig - Driver class org.h2.Driver found in Thread context class loader jdk.internal.loader.ClassLoaders$AppClassLoader@2c13da15
17:03:34.055 [Test worker] DEBUG org.springframework.beans.factory.support.DefaultListableBeanFactory - Creating shared instance of singleton bean 'org.springframework.boot.autoconfigure.jdbc.DataSourceInitializerInvoker'
17:03:34.056 [Test worker] DEBUG org.springframework.beans.factory.support.DefaultListableBeanFactory - Autowiring by type from bean name 'org.springframework.boot.autoconfigure.jdbc.DataSourceInitializerInvoker' via constructor to bean named 'spring.datasource-org.springframework.boot.autoconfigure.jdbc.DataSourceProperties'
17:03:34.056 [Test worker] DEBUG org.springframework.beans.factory.support.DefaultListableBeanFactory - Autowiring by type from bean name 'org.springframework.boot.autoconfigure.jdbc.DataSourceInitializerInvoker' via constructor to bean named 'org.springframework.context.support.GenericApplicationContext@5332cee6'
17:03:34.057 [Test worker] DEBUG org.springframework.beans.factory.support.DefaultListableBeanFactory - Creating shared instance of singleton bean 'spring.jpa-org.springframework.boot.autoconfigure.orm.jpa.JpaProperties'
17:03:34.058 [Test worker] DEBUG org.springframework.beans.factory.support.DefaultListableBeanFactory - Creating shared instance of singleton bean 'spring.jpa.hibernate-org.springframework.boot.autoconfigure.orm.jpa.HibernateProperties'
17:03:34.058 [Test worker] DEBUG org.springframework.beans.factory.support.DefaultListableBeanFactory - Autowiring by type from bean name 'org.springframework.boot.autoconfigure.orm.jpa.HibernateJpaConfiguration' via constructor to bean named 'dataSource'
17:03:34.058 [Test worker] DEBUG org.springframework.beans.factory.support.DefaultListableBeanFactory - Autowiring by type from bean name 'org.springframework.boot.autoconfigure.orm.jpa.HibernateJpaConfiguration' via constructor to bean named 'spring.jpa-org.springframework.boot.autoconfigure.orm.jpa.JpaProperties'
17:03:34.058 [Test worker] DEBUG org.springframework.beans.factory.support.DefaultListableBeanFactory - Autowiring by type from bean name 'org.springframework.boot.autoconfigure.orm.jpa.HibernateJpaConfiguration' via constructor to bean named 'org.springframework.beans.factory.support.DefaultListableBeanFactory@7cce8dfc'
17:03:34.058 [Test worker] DEBUG org.springframework.beans.factory.support.DefaultListableBeanFactory - Autowiring by type from bean name 'org.springframework.boot.autoconfigure.orm.jpa.HibernateJpaConfiguration' via constructor to bean named 'spring.jpa.hibernate-org.springframework.boot.autoconfigure.orm.jpa.HibernateProperties'
17:03:34.059 [Test worker] DEBUG org.springframework.beans.factory.support.DefaultListableBeanFactory - Creating shared instance of singleton bean 'platformTransactionManagerCustomizers'
17:03:34.059 [Test worker] DEBUG org.springframework.beans.factory.support.DefaultListableBeanFactory - Creating shared instance of singleton bean 'org.springframework.boot.autoconfigure.transaction.TransactionAutoConfiguration'
17:03:34.059 [Test worker] DEBUG org.springframework.beans.factory.support.DefaultListableBeanFactory - Creating shared instance of singleton bean 'spring.transaction-org.springframework.boot.autoconfigure.transaction.TransactionProperties'
17:03:34.061 [Test worker] DEBUG org.springframework.beans.factory.support.DefaultListableBeanFactory - Creating shared instance of singleton bean 'hikariPoolDataSourceMetadataProvider'
17:03:34.061 [Test worker] DEBUG org.springframework.beans.factory.support.DefaultListableBeanFactory - Creating shared instance of singleton bean 'org.springframework.boot.autoconfigure.jdbc.metadata.DataSourcePoolMetadataProvidersConfiguration$HikariPoolDataSourceMetadataProviderConfiguration'
17:03:34.062 [Test worker] DEBUG org.springframework.beans.factory.support.DefaultListableBeanFactory - Creating shared instance of singleton bean 'entityManagerFactoryBuilder'
17:03:34.063 [Test worker] DEBUG org.springframework.beans.factory.support.DefaultListableBeanFactory - Creating shared instance of singleton bean 'jpaVendorAdapter'
17:03:34.063 [Test worker] DEBUG org.springframework.jdbc.datasource.DataSourceUtils - Fetching JDBC Connection from DataSource
17:03:34.063 [Test worker] DEBUG com.zaxxer.hikari.HikariConfig - HikariPool-13 - configuration:
17:03:34.063 [Test worker] DEBUG com.zaxxer.hikari.HikariConfig - allowPoolSuspension.............false
17:03:34.064 [Test worker] DEBUG com.zaxxer.hikari.HikariConfig - autoCommit......................true
17:03:34.064 [Test worker] DEBUG com.zaxxer.hikari.HikariConfig - catalog.........................none
17:03:34.064 [Test worker] DEBUG com.zaxxer.hikari.HikariConfig - connectionInitSql...............none
17:03:34.064 [Test worker] DEBUG com.zaxxer.hikari.HikariConfig - connectionTestQuery.............none
17:03:34.064 [Test worker] DEBUG com.zaxxer.hikari.HikariConfig - connectionTimeout...............30000
17:03:34.064 [Test worker] DEBUG com.zaxxer.hikari.HikariConfig - dataSource......................none
17:03:34.064 [Test worker] DEBUG com.zaxxer.hikari.HikariConfig - dataSourceClassName.............none
17:03:34.064 [Test worker] DEBUG com.zaxxer.hikari.HikariConfig - dataSourceJNDI..................none
17:03:34.064 [Test worker] DEBUG com.zaxxer.hikari.HikariConfig - dataSourceProperties............{password=<masked>}
17:03:34.064 [Test worker] DEBUG com.zaxxer.hikari.HikariConfig - driverClassName................."org.h2.Driver"
17:03:34.064 [Test worker] DEBUG com.zaxxer.hikari.HikariConfig - healthCheckProperties...........{}
17:03:34.064 [Test worker] DEBUG com.zaxxer.hikari.HikariConfig - healthCheckRegistry.............none
17:03:34.064 [Test worker] DEBUG com.zaxxer.hikari.HikariConfig - idleTimeout.....................600000
17:03:34.064 [Test worker] DEBUG com.zaxxer.hikari.HikariConfig - initializationFailTimeout.......1
17:03:34.064 [Test worker] DEBUG com.zaxxer.hikari.HikariConfig - isolateInternalQueries..........false
17:03:34.064 [Test worker] DEBUG com.zaxxer.hikari.HikariConfig - jdbcUrl.........................jdbc:h2:mem:testdb;DB_CLOSE_DELAY=-1;DB_CLOSE_ON_EXIT=FALSE
17:03:34.064 [Test worker] DEBUG com.zaxxer.hikari.HikariConfig - leakDetectionThreshold..........0
17:03:34.064 [Test worker] DEBUG com.zaxxer.hikari.HikariConfig - maxLifetime.....................1800000
17:03:34.064 [Test worker] DEBUG com.zaxxer.hikari.HikariConfig - maximumPoolSize.................10
17:03:34.064 [Test worker] DEBUG com.zaxxer.hikari.HikariConfig - metricRegistry..................none
17:03:34.064 [Test worker] DEBUG com.zaxxer.hikari.HikariConfig - metricsTrackerFactory...........none
17:03:34.064 [Test worker] DEBUG com.zaxxer.hikari.HikariConfig - minimumIdle.....................10
17:03:34.064 [Test worker] DEBUG com.zaxxer.hikari.HikariConfig - password........................<masked>
17:03:34.065 [Test worker] DEBUG com.zaxxer.hikari.HikariConfig - poolName........................"HikariPool-13"
17:03:34.065 [Test worker] DEBUG com.zaxxer.hikari.HikariConfig - readOnly........................false
17:03:34.065 [Test worker] DEBUG com.zaxxer.hikari.HikariConfig - registerMbeans..................false
17:03:34.065 [Test worker] DEBUG com.zaxxer.hikari.HikariConfig - scheduledExecutor...............none
17:03:34.065 [Test worker] DEBUG com.zaxxer.hikari.HikariConfig - schema..........................none
17:03:34.065 [Test worker] DEBUG com.zaxxer.hikari.HikariConfig - threadFactory...................internal
17:03:34.065 [Test worker] DEBUG com.zaxxer.hikari.HikariConfig - transactionIsolation............default
17:03:34.065 [Test worker] DEBUG com.zaxxer.hikari.HikariConfig - username........................"sa"
17:03:34.065 [Test worker] DEBUG com.zaxxer.hikari.HikariConfig - validationTimeout...............5000
17:03:34.065 [Test worker] INFO com.zaxxer.hikari.HikariDataSource - HikariPool-13 - Starting...
17:03:34.066 [Test worker] DEBUG com.zaxxer.hikari.pool.HikariPool - HikariPool-13 - Added connection conn120: url=jdbc:h2:mem:testdb user=SA
17:03:34.066 [Test worker] INFO com.zaxxer.hikari.HikariDataSource - HikariPool-13 - Start completed.
17:03:34.066 [Test worker] DEBUG org.springframework.beans.factory.support.DefaultListableBeanFactory - Autowiring by type from bean name 'entityManagerFactoryBuilder' via factory method to bean named 'jpaVendorAdapter'
17:03:34.067 [Test worker] DEBUG org.springframework.beans.factory.support.DefaultListableBeanFactory - Autowiring by type from bean name 'entityManagerFactory' via factory method to bean named 'entityManagerFactoryBuilder'
17:03:34.067 [Test worker] DEBUG org.springframework.jdbc.datasource.DataSourceUtils - Fetching JDBC Connection from DataSource
17:03:34.072 [Test worker] DEBUG org.springframework.orm.jpa.LocalContainerEntityManagerFactoryBean - Building JPA container EntityManagerFactory for persistence unit 'default'
17:03:34.072 [Test worker] DEBUG org.hibernate.jpa.internal.util.LogHelper - PersistenceUnitInfo [
	name: default
	persistence provider classname: null
	classloader: jdk.internal.loader.ClassLoaders$AppClassLoader@2c13da15
	excludeUnlistedClasses: true
	JTA datasource: null
	Non JTA datasource: HikariDataSource (HikariPool-13)
	Transaction type: RESOURCE_LOCAL
	PU root URL: file:/Users/dzmitryplatonov/Desktop/workdir/giftcertificates/datasource/build/classes/java/test/
	Shared Cache Mode: UNSPECIFIED
	Validation Mode: AUTO
	Jar files URLs []
	Managed classes names [
		com.epam.esm.entity.Entity
		com.epam.esm.entity.GiftCertificate
		com.epam.esm.entity.Order
		com.epam.esm.entity.OrderCertificate
		com.epam.esm.entity.Role
		com.epam.esm.entity.Tag
		com.epam.esm.entity.User]
	Mapping files names []
	Properties []
17:03:34.072 [Test worker] DEBUG org.hibernate.integrator.internal.IntegratorServiceImpl - Adding Integrator [org.hibernate.cfg.beanvalidation.BeanValidationIntegrator].
17:03:34.072 [Test worker] DEBUG org.hibernate.integrator.internal.IntegratorServiceImpl - Adding Integrator [org.hibernate.secure.spi.JaccIntegrator].
17:03:34.072 [Test worker] DEBUG org.hibernate.integrator.internal.IntegratorServiceImpl - Adding Integrator [org.hibernate.cache.internal.CollectionCacheInvalidator].
17:03:34.073 [Test worker] DEBUG org.hibernate.service.spi.ServiceBinding - Overriding existing service binding [org.hibernate.secure.spi.JaccService]
17:03:34.074 [Test worker] DEBUG org.hibernate.cache.internal.RegionFactoryInitiator - Cannot default RegionFactory based on registered strategies as `[]` RegionFactory strategies were registered
17:03:34.074 [Test worker] DEBUG org.hibernate.cache.internal.RegionFactoryInitiator - Cache region factory : org.hibernate.cache.internal.NoCachingRegionFactory
17:03:34.074 [Test worker] DEBUG org.hibernate.type.BasicTypeRegistry - Adding type registration boolean -> org.hibernate.type.BooleanType@7a361749
17:03:34.074 [Test worker] DEBUG org.hibernate.type.BasicTypeRegistry - Adding type registration boolean -> org.hibernate.type.BooleanType@7a361749
17:03:34.074 [Test worker] DEBUG org.hibernate.type.BasicTypeRegistry - Adding type registration java.lang.Boolean -> org.hibernate.type.BooleanType@7a361749
17:03:34.074 [Test worker] DEBUG org.hibernate.type.BasicTypeRegistry - Adding type registration numeric_boolean -> org.hibernate.type.NumericBooleanType@35b10044
17:03:34.074 [Test worker] DEBUG org.hibernate.type.BasicTypeRegistry - Adding type registration true_false -> org.hibernate.type.TrueFalseType@1b7f764d
17:03:34.074 [Test worker] DEBUG org.hibernate.type.BasicTypeRegistry - Adding type registration yes_no -> org.hibernate.type.YesNoType@726eb0b7
17:03:34.074 [Test worker] DEBUG org.hibernate.type.BasicTypeRegistry - Adding type registration byte -> org.hibernate.type.ByteType@17cb58e9
17:03:34.074 [Test worker] DEBUG org.hibernate.type.BasicTypeRegistry - Adding type registration byte -> org.hibernate.type.ByteType@17cb58e9
17:03:34.074 [Test worker] DEBUG org.hibernate.type.BasicTypeRegistry - Adding type registration java.lang.Byte -> org.hibernate.type.ByteType@17cb58e9
17:03:34.074 [Test worker] DEBUG org.hibernate.type.BasicTypeRegistry - Adding type registration character -> org.hibernate.type.CharacterType@30f0ba0d
17:03:34.074 [Test worker] DEBUG org.hibernate.type.BasicTypeRegistry - Adding type registration char -> org.hibernate.type.CharacterType@30f0ba0d
17:03:34.074 [Test worker] DEBUG org.hibernate.type.BasicTypeRegistry - Adding type registration java.lang.Character -> org.hibernate.type.CharacterType@30f0ba0d
17:03:34.074 [Test worker] DEBUG org.hibernate.type.BasicTypeRegistry - Adding type registration short -> org.hibernate.type.ShortType@27eea72e
17:03:34.074 [Test worker] DEBUG org.hibernate.type.BasicTypeRegistry - Adding type registration short -> org.hibernate.type.ShortType@27eea72e
17:03:34.074 [Test worker] DEBUG org.hibernate.type.BasicTypeRegistry - Adding type registration java.lang.Short -> org.hibernate.type.ShortType@27eea72e
17:03:34.074 [Test worker] DEBUG org.hibernate.type.BasicTypeRegistry - Adding type registration integer -> org.hibernate.type.IntegerType@3e734867
17:03:34.074 [Test worker] DEBUG org.hibernate.type.BasicTypeRegistry - Adding type registration int -> org.hibernate.type.IntegerType@3e734867
17:03:34.074 [Test worker] DEBUG org.hibernate.type.BasicTypeRegistry - Adding type registration java.lang.Integer -> org.hibernate.type.IntegerType@3e734867
17:03:34.075 [Test worker] DEBUG org.hibernate.type.BasicTypeRegistry - Adding type registration long -> org.hibernate.type.LongType@10654366
17:03:34.075 [Test worker] DEBUG org.hibernate.type.BasicTypeRegistry - Adding type registration long -> org.hibernate.type.LongType@10654366
17:03:34.075 [Test worker] DEBUG org.hibernate.type.BasicTypeRegistry - Adding type registration java.lang.Long -> org.hibernate.type.LongType@10654366
17:03:34.075 [Test worker] DEBUG org.hibernate.type.BasicTypeRegistry - Adding type registration float -> org.hibernate.type.FloatType@1072c4c1
17:03:34.075 [Test worker] DEBUG org.hibernate.type.BasicTypeRegistry - Adding type registration float -> org.hibernate.type.FloatType@1072c4c1
17:03:34.075 [Test worker] DEBUG org.hibernate.type.BasicTypeRegistry - Adding type registration java.lang.Float -> org.hibernate.type.FloatType@1072c4c1
17:03:34.075 [Test worker] DEBUG org.hibernate.type.BasicTypeRegistry - Adding type registration double -> org.hibernate.type.DoubleType@383d90d3
17:03:34.075 [Test worker] DEBUG org.hibernate.type.BasicTypeRegistry - Adding type registration double -> org.hibernate.type.DoubleType@383d90d3
17:03:34.075 [Test worker] DEBUG org.hibernate.type.BasicTypeRegistry - Adding type registration java.lang.Double -> org.hibernate.type.DoubleType@383d90d3
17:03:34.075 [Test worker] DEBUG org.hibernate.type.BasicTypeRegistry - Adding type registration big_decimal -> org.hibernate.type.BigDecimalType@322ff0c5
17:03:34.075 [Test worker] DEBUG org.hibernate.type.BasicTypeRegistry - Adding type registration java.math.BigDecimal -> org.hibernate.type.BigDecimalType@322ff0c5
17:03:34.075 [Test worker] DEBUG org.hibernate.type.BasicTypeRegistry - Adding type registration big_integer -> org.hibernate.type.BigIntegerType@219d1f47
17:03:34.075 [Test worker] DEBUG org.hibernate.type.BasicTypeRegistry - Adding type registration java.math.BigInteger -> org.hibernate.type.BigIntegerType@219d1f47
17:03:34.075 [Test worker] DEBUG org.hibernate.type.BasicTypeRegistry - Adding type registration string -> org.hibernate.type.StringType@7b9aad94
17:03:34.075 [Test worker] DEBUG org.hibernate.type.BasicTypeRegistry - Adding type registration java.lang.String -> org.hibernate.type.StringType@7b9aad94
17:03:34.075 [Test worker] DEBUG org.hibernate.type.BasicTypeRegistry - Adding type registration nstring -> org.hibernate.type.StringNVarcharType@39251dc7
17:03:34.075 [Test worker] DEBUG org.hibernate.type.BasicTypeRegistry - Adding type registration ncharacter -> org.hibernate.type.CharacterNCharType@284c8f8b
17:03:34.075 [Test worker] DEBUG org.hibernate.type.BasicTypeRegistry - Adding type registration url -> org.hibernate.type.UrlType@7c5e8cdb
17:03:34.075 [Test worker] DEBUG org.hibernate.type.BasicTypeRegistry - Adding type registration java.net.URL -> org.hibernate.type.UrlType@7c5e8cdb
17:03:34.075 [Test worker] DEBUG org.hibernate.type.BasicTypeRegistry - Adding type registration Duration -> org.hibernate.type.DurationType@5502b9d6
17:03:34.075 [Test worker] DEBUG org.hibernate.type.BasicTypeRegistry - Adding type registration java.time.Duration -> org.hibernate.type.DurationType@5502b9d6
17:03:34.075 [Test worker] DEBUG org.hibernate.type.BasicTypeRegistry - Adding type registration Instant -> org.hibernate.type.InstantType@52dea51b
17:03:34.075 [Test worker] DEBUG org.hibernate.type.BasicTypeRegistry - Adding type registration java.time.Instant -> org.hibernate.type.InstantType@52dea51b
17:03:34.075 [Test worker] DEBUG org.hibernate.type.BasicTypeRegistry - Adding type registration LocalDateTime -> org.hibernate.type.LocalDateTimeType@65741b68
17:03:34.075 [Test worker] DEBUG org.hibernate.type.BasicTypeRegistry - Adding type registration java.time.LocalDateTime -> org.hibernate.type.LocalDateTimeType@65741b68
17:03:34.075 [Test worker] DEBUG org.hibernate.type.BasicTypeRegistry - Adding type registration LocalDate -> org.hibernate.type.LocalDateType@33f0f7f9
17:03:34.075 [Test worker] DEBUG org.hibernate.type.BasicTypeRegistry - Adding type registration java.time.LocalDate -> org.hibernate.type.LocalDateType@33f0f7f9
17:03:34.075 [Test worker] DEBUG org.hibernate.type.BasicTypeRegistry - Adding type registration LocalTime -> org.hibernate.type.LocalTimeType@5e875231
17:03:34.075 [Test worker] DEBUG org.hibernate.type.BasicTypeRegistry - Adding type registration java.time.LocalTime -> org.hibernate.type.LocalTimeType@5e875231
17:03:34.075 [Test worker] DEBUG org.hibernate.type.BasicTypeRegistry - Adding type registration OffsetDateTime -> org.hibernate.type.OffsetDateTimeType@e161f10
17:03:34.075 [Test worker] DEBUG org.hibernate.type.BasicTypeRegistry - Adding type registration java.time.OffsetDateTime -> org.hibernate.type.OffsetDateTimeType@e161f10
17:03:34.075 [Test worker] DEBUG org.hibernate.type.BasicTypeRegistry - Adding type registration OffsetTime -> org.hibernate.type.OffsetTimeType@1ed4e4a1
17:03:34.075 [Test worker] DEBUG org.hibernate.type.BasicTypeRegistry - Adding type registration java.time.OffsetTime -> org.hibernate.type.OffsetTimeType@1ed4e4a1
17:03:34.075 [Test worker] DEBUG org.hibernate.type.BasicTypeRegistry - Adding type registration ZonedDateTime -> org.hibernate.type.ZonedDateTimeType@1f7b3ac5
17:03:34.075 [Test worker] DEBUG org.hibernate.type.BasicTypeRegistry - Adding type registration java.time.ZonedDateTime -> org.hibernate.type.ZonedDateTimeType@1f7b3ac5
17:03:34.075 [Test worker] DEBUG org.hibernate.type.BasicTypeRegistry - Adding type registration date -> org.hibernate.type.DateType@47db9e78
17:03:34.075 [Test worker] DEBUG org.hibernate.type.BasicTypeRegistry - Adding type registration java.sql.Date -> org.hibernate.type.DateType@47db9e78
17:03:34.075 [Test worker] DEBUG org.hibernate.type.BasicTypeRegistry - Adding type registration time -> org.hibernate.type.TimeType@19cf2a46
17:03:34.075 [Test worker] DEBUG org.hibernate.type.BasicTypeRegistry - Adding type registration java.sql.Time -> org.hibernate.type.TimeType@19cf2a46
17:03:34.075 [Test worker] DEBUG org.hibernate.type.BasicTypeRegistry - Adding type registration timestamp -> org.hibernate.type.TimestampType@33cc8709
17:03:34.075 [Test worker] DEBUG org.hibernate.type.BasicTypeRegistry - Adding type registration java.sql.Timestamp -> org.hibernate.type.TimestampType@33cc8709
17:03:34.075 [Test worker] DEBUG org.hibernate.type.BasicTypeRegistry - Adding type registration java.util.Date -> org.hibernate.type.TimestampType@33cc8709
17:03:34.075 [Test worker] DEBUG org.hibernate.type.BasicTypeRegistry - Adding type registration dbtimestamp -> org.hibernate.type.DbTimestampType@4bb8bc35
17:03:34.075 [Test worker] DEBUG org.hibernate.type.BasicTypeRegistry - Adding type registration calendar -> org.hibernate.type.CalendarType@6cda5f3e
17:03:34.075 [Test worker] DEBUG org.hibernate.type.BasicTypeRegistry - Adding type registration java.util.Calendar -> org.hibernate.type.CalendarType@6cda5f3e
17:03:34.075 [Test worker] DEBUG org.hibernate.type.BasicTypeRegistry - Adding type registration java.util.GregorianCalendar -> org.hibernate.type.CalendarType@6cda5f3e
17:03:34.075 [Test worker] DEBUG org.hibernate.type.BasicTypeRegistry - Adding type registration calendar_date -> org.hibernate.type.CalendarDateType@2cf12338
17:03:34.075 [Test worker] DEBUG org.hibernate.type.BasicTypeRegistry - Adding type registration locale -> org.hibernate.type.LocaleType@5fa83fc7
17:03:34.076 [Test worker] DEBUG org.hibernate.type.BasicTypeRegistry - Adding type registration java.util.Locale -> org.hibernate.type.LocaleType@5fa83fc7
17:03:34.076 [Test worker] DEBUG org.hibernate.type.BasicTypeRegistry - Adding type registration currency -> org.hibernate.type.CurrencyType@7198d6af
17:03:34.076 [Test worker] DEBUG org.hibernate.type.BasicTypeRegistry - Adding type registration java.util.Currency -> org.hibernate.type.CurrencyType@7198d6af
17:03:34.076 [Test worker] DEBUG org.hibernate.type.BasicTypeRegistry - Adding type registration timezone -> org.hibernate.type.TimeZoneType@5db6acf5
17:03:34.076 [Test worker] DEBUG org.hibernate.type.BasicTypeRegistry - Adding type registration java.util.TimeZone -> org.hibernate.type.TimeZoneType@5db6acf5
17:03:34.076 [Test worker] DEBUG org.hibernate.type.BasicTypeRegistry - Adding type registration class -> org.hibernate.type.ClassType@11e7b123
17:03:34.076 [Test worker] DEBUG org.hibernate.type.BasicTypeRegistry - Adding type registration java.lang.Class -> org.hibernate.type.ClassType@11e7b123
17:03:34.076 [Test worker] DEBUG org.hibernate.type.BasicTypeRegistry - Adding type registration uuid-binary -> org.hibernate.type.UUIDBinaryType@515d21bc
17:03:34.076 [Test worker] DEBUG org.hibernate.type.BasicTypeRegistry - Adding type registration java.util.UUID -> org.hibernate.type.UUIDBinaryType@515d21bc
17:03:34.076 [Test worker] DEBUG org.hibernate.type.BasicTypeRegistry - Adding type registration uuid-char -> org.hibernate.type.UUIDCharType@774ef163
17:03:34.076 [Test worker] DEBUG org.hibernate.type.BasicTypeRegistry - Adding type registration binary -> org.hibernate.type.BinaryType@5f00df0f
17:03:34.076 [Test worker] DEBUG org.hibernate.type.BasicTypeRegistry - Adding type registration byte[] -> org.hibernate.type.BinaryType@5f00df0f
17:03:34.076 [Test worker] DEBUG org.hibernate.type.BasicTypeRegistry - Adding type registration [B -> org.hibernate.type.BinaryType@5f00df0f
17:03:34.076 [Test worker] DEBUG org.hibernate.type.BasicTypeRegistry - Adding type registration wrapper-binary -> org.hibernate.type.WrapperBinaryType@1c4b0916
17:03:34.076 [Test worker] DEBUG org.hibernate.type.BasicTypeRegistry - Adding type registration Byte[] -> org.hibernate.type.WrapperBinaryType@1c4b0916
17:03:34.076 [Test worker] DEBUG org.hibernate.type.BasicTypeRegistry - Adding type registration [Ljava.lang.Byte; -> org.hibernate.type.WrapperBinaryType@1c4b0916
17:03:34.076 [Test worker] DEBUG org.hibernate.type.BasicTypeRegistry - Adding type registration row_version -> org.hibernate.type.RowVersionType@5a9358d7
17:03:34.076 [Test worker] DEBUG org.hibernate.type.BasicTypeRegistry - Adding type registration image -> org.hibernate.type.ImageType@b08df66
17:03:34.076 [Test worker] DEBUG org.hibernate.type.BasicTypeRegistry - Adding type registration characters -> org.hibernate.type.CharArrayType@69a415e0
17:03:34.076 [Test worker] DEBUG org.hibernate.type.BasicTypeRegistry - Adding type registration char[] -> org.hibernate.type.CharArrayType@69a415e0
17:03:34.076 [Test worker] DEBUG org.hibernate.type.BasicTypeRegistry - Adding type registration [C -> org.hibernate.type.CharArrayType@69a415e0
17:03:34.076 [Test worker] DEBUG org.hibernate.type.BasicTypeRegistry - Adding type registration wrapper-characters -> org.hibernate.type.CharacterArrayType@2e189552
17:03:34.076 [Test worker] DEBUG org.hibernate.type.BasicTypeRegistry - Adding type registration [Ljava.lang.Character; -> org.hibernate.type.CharacterArrayType@2e189552
17:03:34.076 [Test worker] DEBUG org.hibernate.type.BasicTypeRegistry - Adding type registration Character[] -> org.hibernate.type.CharacterArrayType@2e189552
17:03:34.076 [Test worker] DEBUG org.hibernate.type.BasicTypeRegistry - Adding type registration text -> org.hibernate.type.TextType@3bb4f48d
17:03:34.076 [Test worker] DEBUG org.hibernate.type.BasicTypeRegistry - Adding type registration ntext -> org.hibernate.type.NTextType@7fc44815
17:03:34.076 [Test worker] DEBUG org.hibernate.type.BasicTypeRegistry - Adding type registration blob -> org.hibernate.type.BlobType@70984021
17:03:34.076 [Test worker] DEBUG org.hibernate.type.BasicTypeRegistry - Adding type registration java.sql.Blob -> org.hibernate.type.BlobType@70984021
17:03:34.076 [Test worker] DEBUG org.hibernate.type.BasicTypeRegistry - Adding type registration materialized_blob -> org.hibernate.type.MaterializedBlobType@7b392ea8
17:03:34.076 [Test worker] DEBUG org.hibernate.type.BasicTypeRegistry - Adding type registration clob -> org.hibernate.type.ClobType@249973df
17:03:34.076 [Test worker] DEBUG org.hibernate.type.BasicTypeRegistry - Adding type registration java.sql.Clob -> org.hibernate.type.ClobType@249973df
17:03:34.076 [Test worker] DEBUG org.hibernate.type.BasicTypeRegistry - Adding type registration nclob -> org.hibernate.type.NClobType@993bb9e
17:03:34.076 [Test worker] DEBUG org.hibernate.type.BasicTypeRegistry - Adding type registration java.sql.NClob -> org.hibernate.type.NClobType@993bb9e
17:03:34.076 [Test worker] DEBUG org.hibernate.type.BasicTypeRegistry - Adding type registration materialized_clob -> org.hibernate.type.MaterializedClobType@5eddde51
17:03:34.076 [Test worker] DEBUG org.hibernate.type.BasicTypeRegistry - Adding type registration materialized_nclob -> org.hibernate.type.MaterializedNClobType@20503ff1
17:03:34.076 [Test worker] DEBUG org.hibernate.type.BasicTypeRegistry - Adding type registration serializable -> org.hibernate.type.SerializableType@11fb506a
17:03:34.076 [Test worker] DEBUG org.hibernate.type.BasicTypeRegistry - Adding type registration object -> org.hibernate.type.ObjectType@40b10f8c
17:03:34.076 [Test worker] DEBUG org.hibernate.type.BasicTypeRegistry - Adding type registration java.lang.Object -> org.hibernate.type.ObjectType@40b10f8c
17:03:34.076 [Test worker] DEBUG org.hibernate.type.BasicTypeRegistry - Adding type registration imm_date -> org.hibernate.type.AdaptedImmutableType@63d07513
17:03:34.076 [Test worker] DEBUG org.hibernate.type.BasicTypeRegistry - Adding type registration imm_time -> org.hibernate.type.AdaptedImmutableType@90748f0
17:03:34.076 [Test worker] DEBUG org.hibernate.type.BasicTypeRegistry - Adding type registration imm_timestamp -> org.hibernate.type.AdaptedImmutableType@26291b33
17:03:34.076 [Test worker] DEBUG org.hibernate.type.BasicTypeRegistry - Adding type registration imm_dbtimestamp -> org.hibernate.type.AdaptedImmutableType@4d06df65
17:03:34.076 [Test worker] DEBUG org.hibernate.type.BasicTypeRegistry - Adding type registration imm_calendar -> org.hibernate.type.AdaptedImmutableType@2d9e533b
17:03:34.076 [Test worker] DEBUG org.hibernate.type.BasicTypeRegistry - Adding type registration imm_calendar_date -> org.hibernate.type.AdaptedImmutableType@1eeddeb0
17:03:34.076 [Test worker] DEBUG org.hibernate.type.BasicTypeRegistry - Adding type registration imm_binary -> org.hibernate.type.AdaptedImmutableType@7073aedd
17:03:34.076 [Test worker] DEBUG org.hibernate.type.BasicTypeRegistry - Adding type registration imm_serializable -> org.hibernate.type.AdaptedImmutableType@b75aa41
17:03:34.077 [Test worker] DEBUG org.hibernate.boot.internal.BootstrapContextImpl - Injecting JPA temp ClassLoader [org.springframework.instrument.classloading.SimpleThrowawayClassLoader@24c57be4] into BootstrapContext; was [null]
17:03:34.077 [Test worker] DEBUG org.hibernate.boot.internal.ClassLoaderAccessImpl - ClassLoaderAccessImpl#injectTempClassLoader(org.springframework.instrument.classloading.SimpleThrowawayClassLoader@24c57be4) [was null]
17:03:34.077 [Test worker] DEBUG org.hibernate.boot.internal.BootstrapContextImpl - Injecting ScanEnvironment [org.hibernate.jpa.boot.internal.StandardJpaScanEnvironmentImpl@492d3ce7] into BootstrapContext; was [null]
17:03:34.077 [Test worker] DEBUG org.hibernate.boot.internal.BootstrapContextImpl - Injecting ScanOptions [org.hibernate.boot.archive.scan.internal.StandardScanOptions@6f2ca021] into BootstrapContext; was [org.hibernate.boot.archive.scan.internal.StandardScanOptions@52006394]
17:03:34.079 [Test worker] DEBUG org.hibernate.boot.internal.BootstrapContextImpl - Injecting JPA temp ClassLoader [null] into BootstrapContext; was [org.springframework.instrument.classloading.SimpleThrowawayClassLoader@24c57be4]
17:03:34.079 [Test worker] DEBUG org.hibernate.boot.internal.ClassLoaderAccessImpl - ClassLoaderAccessImpl#injectTempClassLoader(null) [was org.springframework.instrument.classloading.SimpleThrowawayClassLoader@24c57be4]
17:03:34.079 [Test worker] DEBUG org.hibernate.id.factory.internal.DefaultIdentifierGeneratorFactory - Registering IdentifierGenerator strategy [uuid2] -> [org.hibernate.id.UUIDGenerator]
17:03:34.079 [Test worker] DEBUG org.hibernate.id.factory.internal.DefaultIdentifierGeneratorFactory - Registering IdentifierGenerator strategy [guid] -> [org.hibernate.id.GUIDGenerator]
17:03:34.079 [Test worker] DEBUG org.hibernate.id.factory.internal.DefaultIdentifierGeneratorFactory - Registering IdentifierGenerator strategy [uuid] -> [org.hibernate.id.UUIDHexGenerator]
17:03:34.079 [Test worker] DEBUG org.hibernate.id.factory.internal.DefaultIdentifierGeneratorFactory - Registering IdentifierGenerator strategy [uuid.hex] -> [org.hibernate.id.UUIDHexGenerator]
17:03:34.079 [Test worker] DEBUG org.hibernate.id.factory.internal.DefaultIdentifierGeneratorFactory - Registering IdentifierGenerator strategy [assigned] -> [org.hibernate.id.Assigned]
17:03:34.079 [Test worker] DEBUG org.hibernate.id.factory.internal.DefaultIdentifierGeneratorFactory - Registering IdentifierGenerator strategy [identity] -> [org.hibernate.id.IdentityGenerator]
17:03:34.079 [Test worker] DEBUG org.hibernate.id.factory.internal.DefaultIdentifierGeneratorFactory - Registering IdentifierGenerator strategy [select] -> [org.hibernate.id.SelectGenerator]
17:03:34.079 [Test worker] DEBUG org.hibernate.id.factory.internal.DefaultIdentifierGeneratorFactory - Registering IdentifierGenerator strategy [sequence] -> [org.hibernate.id.enhanced.SequenceStyleGenerator]
17:03:34.079 [Test worker] DEBUG org.hibernate.id.factory.internal.DefaultIdentifierGeneratorFactory - Registering IdentifierGenerator strategy [seqhilo] -> [org.hibernate.id.SequenceHiLoGenerator]
17:03:34.079 [Test worker] DEBUG org.hibernate.id.factory.internal.DefaultIdentifierGeneratorFactory - Registering IdentifierGenerator strategy [increment] -> [org.hibernate.id.IncrementGenerator]
17:03:34.079 [Test worker] DEBUG org.hibernate.id.factory.internal.DefaultIdentifierGeneratorFactory - Registering IdentifierGenerator strategy [foreign] -> [org.hibernate.id.ForeignGenerator]
17:03:34.079 [Test worker] DEBUG org.hibernate.id.factory.internal.DefaultIdentifierGeneratorFactory - Registering IdentifierGenerator strategy [sequence-identity] -> [org.hibernate.id.SequenceIdentityGenerator]
17:03:34.079 [Test worker] DEBUG org.hibernate.id.factory.internal.DefaultIdentifierGeneratorFactory - Registering IdentifierGenerator strategy [enhanced-sequence] -> [org.hibernate.id.enhanced.SequenceStyleGenerator]
17:03:34.079 [Test worker] DEBUG org.hibernate.id.factory.internal.DefaultIdentifierGeneratorFactory - Registering IdentifierGenerator strategy [enhanced-table] -> [org.hibernate.id.enhanced.TableGenerator]
17:03:34.080 [Test worker] DEBUG org.hibernate.engine.jdbc.env.internal.JdbcEnvironmentInitiator - Database ->
       name : H2
    version : 1.4.197 (2018-03-18)
      major : 1
      minor : 4
17:03:34.080 [Test worker] DEBUG org.hibernate.engine.jdbc.env.internal.JdbcEnvironmentInitiator - Driver ->
       name : H2 JDBC Driver
    version : 1.4.197 (2018-03-18)
      major : 1
      minor : 4
17:03:34.080 [Test worker] DEBUG org.hibernate.engine.jdbc.env.internal.JdbcEnvironmentInitiator - JDBC version : 4.0
17:03:34.080 [Test worker] INFO org.hibernate.dialect.Dialect - HHH000400: Using dialect: org.hibernate.dialect.H2Dialect
17:03:34.083 [Test worker] DEBUG org.hibernate.boot.model.relational.Namespace - Created database namespace [logicalName=Name{catalog=null, schema=null}, physicalName=Name{catalog=null, schema=null}]
17:03:34.083 [Test worker] DEBUG org.hibernate.type.spi.TypeConfiguration$Scope - Scoping TypeConfiguration [org.hibernate.type.spi.TypeConfiguration@48b30bf7] to MetadataBuildingContext [org.hibernate.boot.internal.MetadataBuildingContextRootImpl@3635ba0d]
17:03:34.084 [Test worker] DEBUG org.hibernate.cfg.AnnotationBinder - Binding entity from annotated class: com.epam.esm.entity.Entity
17:03:34.084 [Test worker] DEBUG org.hibernate.cfg.Ejb3Column - Binding column: Ejb3DiscriminatorColumn{logicalColumnName'DTYPE', discriminatorTypeName='string'}
17:03:34.084 [Test worker] DEBUG org.hibernate.cfg.annotations.EntityBinder - Import with entity name Entity
17:03:34.084 [Test worker] DEBUG org.hibernate.cfg.annotations.EntityBinder - Bind entity com.epam.esm.entity.Entity on table entity
17:03:34.084 [Test worker] DEBUG org.hibernate.cfg.Ejb3Column - Binding column: Ejb3Column{table=org.hibernate.mapping.Table(entity), mappingColumn=id, insertable=true, updatable=true, unique=false}
17:03:34.084 [Test worker] DEBUG org.hibernate.cfg.annotations.PropertyBinder - MetadataSourceProcessor property id with lazy=false
17:03:34.084 [Test worker] DEBUG org.hibernate.cfg.AbstractPropertyHolder - Attempting to locate auto-apply AttributeConverter for property [com.epam.esm.entity.Entity:id]
17:03:34.084 [Test worker] DEBUG org.hibernate.cfg.annotations.SimpleValueBinder - building SimpleValue for id
17:03:34.084 [Test worker] DEBUG org.hibernate.cfg.annotations.PropertyBinder - Building property id
17:03:34.085 [Test worker] DEBUG org.hibernate.cfg.BinderHelper - #makeIdGenerator(org.hibernate.mapping.SimpleValue([org.hibernate.mapping.Column(id)]), id, identity, , ...)
17:03:34.085 [Test worker] DEBUG org.hibernate.cfg.AnnotationBinder - Binding entity from annotated class: com.epam.esm.entity.GiftCertificate
17:03:34.085 [Test worker] DEBUG org.hibernate.cfg.Ejb3Column - Binding column: Ejb3DiscriminatorColumn{logicalColumnName'DTYPE', discriminatorTypeName='string'}
17:03:34.085 [Test worker] DEBUG org.hibernate.cfg.annotations.EntityBinder - Import with entity name GiftCertificate
17:03:34.085 [Test worker] DEBUG org.hibernate.cfg.annotations.EntityBinder - Bind entity com.epam.esm.entity.GiftCertificate on table certificate
17:03:34.085 [Test worker] DEBUG org.hibernate.cfg.Ejb3Column - Binding column: Ejb3Column{table=org.hibernate.mapping.Table(certificate), mappingColumn=id, insertable=true, updatable=true, unique=false}
17:03:34.085 [Test worker] DEBUG org.hibernate.cfg.annotations.PropertyBinder - MetadataSourceProcessor property id with lazy=false
17:03:34.085 [Test worker] DEBUG org.hibernate.cfg.AbstractPropertyHolder - Attempting to locate auto-apply AttributeConverter for property [com.epam.esm.entity.GiftCertificate:id]
17:03:34.085 [Test worker] DEBUG org.hibernate.cfg.annotations.SimpleValueBinder - building SimpleValue for id
17:03:34.086 [Test worker] DEBUG org.hibernate.cfg.annotations.PropertyBinder - Building property id
17:03:34.086 [Test worker] DEBUG org.hibernate.cfg.BinderHelper - #makeIdGenerator(org.hibernate.mapping.SimpleValue([org.hibernate.mapping.Column(id)]), id, identity, , ...)
17:03:34.086 [Test worker] DEBUG org.hibernate.cfg.Ejb3Column - Binding column: Ejb3Column{table=org.hibernate.mapping.Table(certificate), mappingColumn=active_status, insertable=true, updatable=true, unique=false}
17:03:34.086 [Test worker] DEBUG org.hibernate.cfg.annotations.PropertyBinder - MetadataSourceProcessor property activeStatus with lazy=false
17:03:34.086 [Test worker] DEBUG org.hibernate.cfg.AbstractPropertyHolder - Attempting to locate auto-apply AttributeConverter for property [com.epam.esm.entity.GiftCertificate:activeStatus]
17:03:34.086 [Test worker] DEBUG org.hibernate.cfg.annotations.SimpleValueBinder - building SimpleValue for activeStatus
17:03:34.086 [Test worker] DEBUG org.hibernate.cfg.annotations.PropertyBinder - Building property activeStatus
17:03:34.086 [Test worker] DEBUG org.hibernate.cfg.Ejb3Column - Binding column: Ejb3Column{table=org.hibernate.mapping.Table(certificate), mappingColumn=creation_date, insertable=true, updatable=true, unique=false}
17:03:34.086 [Test worker] DEBUG org.hibernate.cfg.annotations.PropertyBinder - MetadataSourceProcessor property creationDate with lazy=false
17:03:34.086 [Test worker] DEBUG org.hibernate.cfg.AbstractPropertyHolder - Attempting to locate auto-apply AttributeConverter for property [com.epam.esm.entity.GiftCertificate:creationDate]
17:03:34.086 [Test worker] DEBUG org.hibernate.cfg.annotations.SimpleValueBinder - building SimpleValue for creationDate
17:03:34.086 [Test worker] DEBUG org.hibernate.cfg.annotations.PropertyBinder - Building property creationDate
17:03:34.086 [Test worker] DEBUG org.hibernate.cfg.Ejb3Column - Binding column: Ejb3Column{table=org.hibernate.mapping.Table(certificate), mappingColumn=description, insertable=true, updatable=true, unique=false}
17:03:34.086 [Test worker] DEBUG org.hibernate.cfg.annotations.PropertyBinder - MetadataSourceProcessor property description with lazy=false
17:03:34.086 [Test worker] DEBUG org.hibernate.cfg.AbstractPropertyHolder - Attempting to locate auto-apply AttributeConverter for property [com.epam.esm.entity.GiftCertificate:description]
17:03:34.086 [Test worker] DEBUG org.hibernate.cfg.annotations.SimpleValueBinder - building SimpleValue for description
17:03:34.086 [Test worker] DEBUG org.hibernate.cfg.annotations.PropertyBinder - Building property description
17:03:34.086 [Test worker] DEBUG org.hibernate.cfg.Ejb3Column - Binding column: Ejb3Column{table=org.hibernate.mapping.Table(certificate), mappingColumn=expiration_date, insertable=true, updatable=true, unique=false}
17:03:34.086 [Test worker] DEBUG org.hibernate.cfg.annotations.PropertyBinder - MetadataSourceProcessor property expirationDate with lazy=false
17:03:34.086 [Test worker] DEBUG org.hibernate.cfg.AbstractPropertyHolder - Attempting to locate auto-apply AttributeConverter for property [com.epam.esm.entity.GiftCertificate:expirationDate]
17:03:34.086 [Test worker] DEBUG org.hibernate.cfg.annotations.SimpleValueBinder - building SimpleValue for expirationDate
17:03:34.087 [Test worker] DEBUG org.hibernate.cfg.annotations.PropertyBinder - Building property expirationDate
17:03:34.087 [Test worker] DEBUG org.hibernate.cfg.Ejb3Column - Binding column: Ejb3Column{table=org.hibernate.mapping.Table(certificate), mappingColumn=modification_date, insertable=true, updatable=true, unique=false}
17:03:34.087 [Test worker] DEBUG org.hibernate.cfg.annotations.PropertyBinder - MetadataSourceProcessor property modificationDate with lazy=false
17:03:34.087 [Test worker] DEBUG org.hibernate.cfg.AbstractPropertyHolder - Attempting to locate auto-apply AttributeConverter for property [com.epam.esm.entity.GiftCertificate:modificationDate]
17:03:34.087 [Test worker] DEBUG org.hibernate.cfg.annotations.SimpleValueBinder - building SimpleValue for modificationDate
17:03:34.087 [Test worker] DEBUG org.hibernate.cfg.annotations.PropertyBinder - Building property modificationDate
17:03:34.087 [Test worker] DEBUG org.hibernate.cfg.Ejb3Column - Binding column: Ejb3Column{table=org.hibernate.mapping.Table(certificate), mappingColumn=name, insertable=true, updatable=true, unique=false}
17:03:34.087 [Test worker] DEBUG org.hibernate.cfg.annotations.PropertyBinder - MetadataSourceProcessor property name with lazy=false
17:03:34.087 [Test worker] DEBUG org.hibernate.cfg.AbstractPropertyHolder - Attempting to locate auto-apply AttributeConverter for property [com.epam.esm.entity.GiftCertificate:name]
17:03:34.087 [Test worker] DEBUG org.hibernate.cfg.annotations.SimpleValueBinder - building SimpleValue for name
17:03:34.087 [Test worker] DEBUG org.hibernate.cfg.annotations.PropertyBinder - Building property name
17:03:34.087 [Test worker] DEBUG org.hibernate.cfg.Ejb3Column - Binding column: Ejb3JoinColumn{logicalColumnName='null', referencedColumn='null', mappedBy='certificate'}
17:03:34.087 [Test worker] DEBUG org.hibernate.cfg.Ejb3Column - Binding column: Ejb3Column{table=org.hibernate.mapping.Table(certificate), mappingColumn=order_certificates, insertable=true, updatable=true, unique=false}
17:03:34.087 [Test worker] DEBUG org.hibernate.cfg.Ejb3Column - Binding column: Ejb3Column{table=org.hibernate.mapping.Table(certificate), mappingColumn=null, insertable=true, updatable=true, unique=false}
17:03:34.087 [Test worker] DEBUG org.hibernate.cfg.Ejb3Column - Binding column: Ejb3Column{table=org.hibernate.mapping.Table(certificate), mappingColumn=element, insertable=true, updatable=true, unique=false}
17:03:34.087 [Test worker] DEBUG org.hibernate.cfg.Ejb3Column - Binding column: Ejb3Column{table=org.hibernate.mapping.Table(certificate), mappingColumn=order_certificates_key, insertable=true, updatable=true, unique=false}
17:03:34.087 [Test worker] DEBUG org.hibernate.cfg.Ejb3Column - Binding column: Ejb3JoinColumn{logicalColumnName='orderCertificates_KEY', referencedColumn='null', mappedBy='null'}
17:03:34.087 [Test worker] DEBUG org.hibernate.cfg.Ejb3Column - Binding column: Ejb3JoinColumn{logicalColumnName='null', referencedColumn='null', mappedBy='certificate'}
17:03:34.087 [Test worker] DEBUG org.hibernate.cfg.Ejb3Column - Binding column: Ejb3JoinColumn{logicalColumnName='null', referencedColumn='null', mappedBy='certificate'}
17:03:34.087 [Test worker] DEBUG org.hibernate.cfg.annotations.CollectionBinder - Collection role: com.epam.esm.entity.GiftCertificate.orderCertificates
17:03:34.088 [Test worker] DEBUG org.hibernate.cfg.annotations.PropertyBinder - Building property orderCertificates
17:03:34.088 [Test worker] DEBUG org.hibernate.cfg.Ejb3Column - Binding column: Ejb3Column{table=org.hibernate.mapping.Table(certificate), mappingColumn=price, insertable=true, updatable=true, unique=false}
17:03:34.088 [Test worker] DEBUG org.hibernate.cfg.annotations.PropertyBinder - MetadataSourceProcessor property price with lazy=false
17:03:34.088 [Test worker] DEBUG org.hibernate.cfg.AbstractPropertyHolder - Attempting to locate auto-apply AttributeConverter for property [com.epam.esm.entity.GiftCertificate:price]
17:03:34.088 [Test worker] DEBUG org.hibernate.cfg.annotations.SimpleValueBinder - building SimpleValue for price
17:03:34.088 [Test worker] DEBUG org.hibernate.cfg.annotations.PropertyBinder - Building property price
17:03:34.088 [Test worker] DEBUG org.hibernate.cfg.Ejb3Column - Binding column: Ejb3Column{table=org.hibernate.mapping.Table(certificate), mappingColumn=null, insertable=true, updatable=true, unique=false}
17:03:34.088 [Test worker] DEBUG org.hibernate.cfg.Ejb3Column - Binding column: Ejb3Column{table=org.hibernate.mapping.Table(certificate), mappingColumn=element, insertable=true, updatable=true, unique=false}
17:03:34.088 [Test worker] DEBUG org.hibernate.cfg.Ejb3Column - Binding column: Ejb3Column{table=org.hibernate.mapping.Table(certificate), mappingColumn=tags_key, insertable=true, updatable=true, unique=false}
17:03:34.088 [Test worker] DEBUG org.hibernate.cfg.Ejb3Column - Binding column: Ejb3JoinColumn{logicalColumnName='tags_KEY', referencedColumn='null', mappedBy='null'}
17:03:34.088 [Test worker] DEBUG org.hibernate.cfg.Ejb3Column - Binding column: Ejb3JoinColumn{logicalColumnName='certificate_id', referencedColumn='', mappedBy=''}
17:03:34.088 [Test worker] DEBUG org.hibernate.cfg.Ejb3Column - Binding column: Ejb3JoinColumn{logicalColumnName='tag_id', referencedColumn='', mappedBy=''}
17:03:34.088 [Test worker] DEBUG org.hibernate.cfg.annotations.CollectionBinder - Collection role: com.epam.esm.entity.GiftCertificate.tags
17:03:34.088 [Test worker] DEBUG org.hibernate.cfg.annotations.PropertyBinder - Building property tags
17:03:34.088 [Test worker] DEBUG org.hibernate.cfg.AnnotationBinder - Binding entity from annotated class: com.epam.esm.entity.Order
17:03:34.088 [Test worker] DEBUG org.hibernate.cfg.Ejb3Column - Binding column: Ejb3DiscriminatorColumn{logicalColumnName'DTYPE', discriminatorTypeName='string'}
17:03:34.089 [Test worker] DEBUG org.hibernate.cfg.annotations.EntityBinder - Import with entity name Order
17:03:34.089 [Test worker] DEBUG org.hibernate.cfg.annotations.EntityBinder - Bind entity com.epam.esm.entity.Order on table application_order
17:03:34.089 [Test worker] DEBUG org.hibernate.cfg.Ejb3Column - Binding column: Ejb3Column{table=org.hibernate.mapping.Table(application_order), mappingColumn=id, insertable=true, updatable=true, unique=false}
17:03:34.089 [Test worker] DEBUG org.hibernate.cfg.annotations.PropertyBinder - MetadataSourceProcessor property id with lazy=false
17:03:34.089 [Test worker] DEBUG org.hibernate.cfg.AbstractPropertyHolder - Attempting to locate auto-apply AttributeConverter for property [com.epam.esm.entity.Order:id]
17:03:34.089 [Test worker] DEBUG org.hibernate.cfg.annotations.SimpleValueBinder - building SimpleValue for id
17:03:34.089 [Test worker] DEBUG org.hibernate.cfg.annotations.PropertyBinder - Building property id
17:03:34.089 [Test worker] DEBUG org.hibernate.cfg.BinderHelper - #makeIdGenerator(org.hibernate.mapping.SimpleValue([org.hibernate.mapping.Column(id)]), id, identity, , ...)
17:03:34.089 [Test worker] DEBUG org.hibernate.cfg.Ejb3Column - Binding column: Ejb3Column{table=org.hibernate.mapping.Table(application_order), mappingColumn=active_status, insertable=true, updatable=true, unique=false}
17:03:34.090 [Test worker] DEBUG org.hibernate.cfg.annotations.PropertyBinder - MetadataSourceProcessor property activeStatus with lazy=false
17:03:34.090 [Test worker] DEBUG org.hibernate.cfg.AbstractPropertyHolder - Attempting to locate auto-apply AttributeConverter for property [com.epam.esm.entity.Order:activeStatus]
17:03:34.090 [Test worker] DEBUG org.hibernate.cfg.annotations.SimpleValueBinder - building SimpleValue for activeStatus
17:03:34.090 [Test worker] DEBUG org.hibernate.cfg.annotations.PropertyBinder - Building property activeStatus
17:03:34.090 [Test worker] DEBUG org.hibernate.cfg.Ejb3Column - Binding column: Ejb3Column{table=org.hibernate.mapping.Table(application_order), mappingColumn=created_at, insertable=true, updatable=true, unique=false}
17:03:34.090 [Test worker] DEBUG org.hibernate.cfg.annotations.PropertyBinder - MetadataSourceProcessor property createdAt with lazy=false
17:03:34.090 [Test worker] DEBUG org.hibernate.cfg.AbstractPropertyHolder - Attempting to locate auto-apply AttributeConverter for property [com.epam.esm.entity.Order:createdAt]
17:03:34.090 [Test worker] DEBUG org.hibernate.cfg.annotations.SimpleValueBinder - building SimpleValue for createdAt
17:03:34.090 [Test worker] DEBUG org.hibernate.cfg.annotations.PropertyBinder - Building property createdAt
17:03:34.090 [Test worker] DEBUG org.hibernate.cfg.Ejb3Column - Binding column: Ejb3JoinColumn{logicalColumnName='null', referencedColumn='null', mappedBy='order'}
17:03:34.090 [Test worker] DEBUG org.hibernate.cfg.Ejb3Column - Binding column: Ejb3Column{table=org.hibernate.mapping.Table(application_order), mappingColumn=order_certificates, insertable=true, updatable=true, unique=false}
17:03:34.090 [Test worker] DEBUG org.hibernate.cfg.Ejb3Column - Binding column: Ejb3Column{table=org.hibernate.mapping.Table(application_order), mappingColumn=null, insertable=true, updatable=true, unique=false}
17:03:34.090 [Test worker] DEBUG org.hibernate.cfg.Ejb3Column - Binding column: Ejb3Column{table=org.hibernate.mapping.Table(application_order), mappingColumn=element, insertable=true, updatable=true, unique=false}
17:03:34.090 [Test worker] DEBUG org.hibernate.cfg.Ejb3Column - Binding column: Ejb3Column{table=org.hibernate.mapping.Table(application_order), mappingColumn=order_certificates_key, insertable=true, updatable=true, unique=false}
17:03:34.090 [Test worker] DEBUG org.hibernate.cfg.Ejb3Column - Binding column: Ejb3JoinColumn{logicalColumnName='orderCertificates_KEY', referencedColumn='null', mappedBy='null'}
17:03:34.090 [Test worker] DEBUG org.hibernate.cfg.Ejb3Column - Binding column: Ejb3JoinColumn{logicalColumnName='null', referencedColumn='null', mappedBy='order'}
17:03:34.090 [Test worker] DEBUG org.hibernate.cfg.Ejb3Column - Binding column: Ejb3JoinColumn{logicalColumnName='null', referencedColumn='null', mappedBy='order'}
17:03:34.090 [Test worker] DEBUG org.hibernate.cfg.annotations.CollectionBinder - Collection role: com.epam.esm.entity.Order.orderCertificates
17:03:34.090 [Test worker] DEBUG org.hibernate.cfg.annotations.PropertyBinder - Building property orderCertificates
17:03:34.091 [Test worker] DEBUG org.hibernate.cfg.Ejb3Column - Binding column: Ejb3JoinColumn{logicalColumnName='user_id', referencedColumn='', mappedBy=''}
17:03:34.091 [Test worker] DEBUG org.hibernate.cfg.Ejb3Column - Binding column: Ejb3Column{table=org.hibernate.mapping.Table(application_order), mappingColumn=user, insertable=true, updatable=true, unique=false}
17:03:34.091 [Test worker] DEBUG org.hibernate.cfg.annotations.PropertyBinder - Building property user
17:03:34.091 [Test worker] DEBUG org.hibernate.cfg.AnnotationBinder - Binding entity from annotated class: com.epam.esm.entity.OrderCertificate
17:03:34.091 [Test worker] DEBUG org.hibernate.cfg.Ejb3Column - Binding column: Ejb3DiscriminatorColumn{logicalColumnName'DTYPE', discriminatorTypeName='string'}
17:03:34.091 [Test worker] DEBUG org.hibernate.cfg.annotations.EntityBinder - Import with entity name OrderCertificate
17:03:34.091 [Test worker] DEBUG org.hibernate.cfg.annotations.EntityBinder - Bind entity com.epam.esm.entity.OrderCertificate on table order_certificate
17:03:34.092 [Test worker] DEBUG org.hibernate.cfg.Ejb3Column - Binding column: Ejb3Column{table=org.hibernate.mapping.Table(order_certificate), mappingColumn=id, insertable=true, updatable=true, unique=false}
17:03:34.092 [Test worker] DEBUG org.hibernate.cfg.annotations.PropertyBinder - MetadataSourceProcessor property id with lazy=false
17:03:34.092 [Test worker] DEBUG org.hibernate.cfg.AbstractPropertyHolder - Attempting to locate auto-apply AttributeConverter for property [com.epam.esm.entity.OrderCertificate:id]
17:03:34.092 [Test worker] DEBUG org.hibernate.cfg.annotations.SimpleValueBinder - building SimpleValue for id
17:03:34.092 [Test worker] DEBUG org.hibernate.cfg.annotations.PropertyBinder - Building property id
17:03:34.092 [Test worker] DEBUG org.hibernate.cfg.BinderHelper - #makeIdGenerator(org.hibernate.mapping.SimpleValue([org.hibernate.mapping.Column(id)]), id, identity, , ...)
17:03:34.092 [Test worker] DEBUG org.hibernate.cfg.Ejb3Column - Binding column: Ejb3JoinColumn{logicalColumnName='null', referencedColumn='', mappedBy=''}
17:03:34.092 [Test worker] DEBUG org.hibernate.cfg.Ejb3Column - Binding column: Ejb3Column{table=org.hibernate.mapping.Table(order_certificate), mappingColumn=certificate, insertable=true, updatable=true, unique=false}
17:03:34.092 [Test worker] DEBUG org.hibernate.cfg.annotations.PropertyBinder - Building property certificate
17:03:34.092 [Test worker] DEBUG org.hibernate.cfg.Ejb3Column - Binding column: Ejb3Column{table=org.hibernate.mapping.Table(order_certificate), mappingColumn=expiration_date, insertable=true, updatable=true, unique=false}
17:03:34.092 [Test worker] DEBUG org.hibernate.cfg.annotations.PropertyBinder - MetadataSourceProcessor property expirationDate with lazy=false
17:03:34.092 [Test worker] DEBUG org.hibernate.cfg.AbstractPropertyHolder - Attempting to locate auto-apply AttributeConverter for property [com.epam.esm.entity.OrderCertificate:expirationDate]
17:03:34.092 [Test worker] DEBUG org.hibernate.cfg.annotations.SimpleValueBinder - building SimpleValue for expirationDate
17:03:34.092 [Test worker] DEBUG org.hibernate.cfg.annotations.PropertyBinder - Building property expirationDate
17:03:34.092 [Test worker] DEBUG org.hibernate.cfg.Ejb3Column - Binding column: Ejb3Column{table=org.hibernate.mapping.Table(order_certificate), mappingColumn=fixed_price, insertable=true, updatable=true, unique=false}
17:03:34.093 [Test worker] DEBUG org.hibernate.cfg.annotations.PropertyBinder - MetadataSourceProcessor property fixedPrice with lazy=false
17:03:34.093 [Test worker] DEBUG org.hibernate.cfg.AbstractPropertyHolder - Attempting to locate auto-apply AttributeConverter for property [com.epam.esm.entity.OrderCertificate:fixedPrice]
17:03:34.093 [Test worker] DEBUG org.hibernate.cfg.annotations.SimpleValueBinder - building SimpleValue for fixedPrice
17:03:34.093 [Test worker] DEBUG org.hibernate.cfg.annotations.PropertyBinder - Building property fixedPrice
17:03:34.093 [Test worker] DEBUG org.hibernate.cfg.Ejb3Column - Binding column: Ejb3JoinColumn{logicalColumnName='null', referencedColumn='', mappedBy=''}
17:03:34.093 [Test worker] DEBUG org.hibernate.cfg.Ejb3Column - Binding column: Ejb3Column{table=org.hibernate.mapping.Table(order_certificate), mappingColumn=order, insertable=true, updatable=true, unique=false}
17:03:34.093 [Test worker] DEBUG org.hibernate.cfg.annotations.PropertyBinder - Building property order
17:03:34.093 [Test worker] DEBUG org.hibernate.cfg.AnnotationBinder - Binding entity from annotated class: com.epam.esm.entity.Role
17:03:34.093 [Test worker] DEBUG org.hibernate.cfg.Ejb3Column - Binding column: Ejb3DiscriminatorColumn{logicalColumnName'DTYPE', discriminatorTypeName='string'}
17:03:34.093 [Test worker] DEBUG org.hibernate.cfg.annotations.EntityBinder - Import with entity name Role
17:03:34.093 [Test worker] DEBUG org.hibernate.cfg.annotations.EntityBinder - Bind entity com.epam.esm.entity.Role on table application_role
17:03:34.093 [Test worker] DEBUG org.hibernate.cfg.Ejb3Column - Binding column: Ejb3Column{table=org.hibernate.mapping.Table(application_role), mappingColumn=id, insertable=true, updatable=true, unique=false}
17:03:34.093 [Test worker] DEBUG org.hibernate.cfg.annotations.PropertyBinder - MetadataSourceProcessor property id with lazy=false
17:03:34.093 [Test worker] DEBUG org.hibernate.cfg.AbstractPropertyHolder - Attempting to locate auto-apply AttributeConverter for property [com.epam.esm.entity.Role:id]
17:03:34.094 [Test worker] DEBUG org.hibernate.cfg.annotations.SimpleValueBinder - building SimpleValue for id
17:03:34.094 [Test worker] DEBUG org.hibernate.cfg.annotations.PropertyBinder - Building property id
17:03:34.094 [Test worker] DEBUG org.hibernate.cfg.BinderHelper - #makeIdGenerator(org.hibernate.mapping.SimpleValue([org.hibernate.mapping.Column(id)]), id, identity, , ...)
17:03:34.094 [Test worker] DEBUG org.hibernate.cfg.Ejb3Column - Binding column: Ejb3Column{table=org.hibernate.mapping.Table(application_role), mappingColumn=value, insertable=true, updatable=true, unique=false}
17:03:34.094 [Test worker] DEBUG org.hibernate.cfg.annotations.PropertyBinder - MetadataSourceProcessor property value with lazy=false
17:03:34.094 [Test worker] DEBUG org.hibernate.cfg.AbstractPropertyHolder - Attempting to locate auto-apply AttributeConverter for property [com.epam.esm.entity.Role:value]
17:03:34.094 [Test worker] DEBUG org.hibernate.cfg.annotations.SimpleValueBinder - building SimpleValue for value
17:03:34.094 [Test worker] DEBUG org.hibernate.cfg.annotations.PropertyBinder - Building property value
17:03:34.094 [Test worker] DEBUG org.hibernate.cfg.AnnotationBinder - Binding entity from annotated class: com.epam.esm.entity.Tag
17:03:34.094 [Test worker] DEBUG org.hibernate.cfg.Ejb3Column - Binding column: Ejb3DiscriminatorColumn{logicalColumnName'DTYPE', discriminatorTypeName='string'}
17:03:34.094 [Test worker] DEBUG org.hibernate.cfg.annotations.EntityBinder - Import with entity name Tag
17:03:34.094 [Test worker] DEBUG org.hibernate.cfg.annotations.EntityBinder - Bind entity com.epam.esm.entity.Tag on table tag
17:03:34.094 [Test worker] DEBUG org.hibernate.cfg.Ejb3Column - Binding column: Ejb3Column{table=org.hibernate.mapping.Table(tag), mappingColumn=id, insertable=true, updatable=true, unique=false}
17:03:34.094 [Test worker] DEBUG org.hibernate.cfg.annotations.PropertyBinder - MetadataSourceProcessor property id with lazy=false
17:03:34.094 [Test worker] DEBUG org.hibernate.cfg.AbstractPropertyHolder - Attempting to locate auto-apply AttributeConverter for property [com.epam.esm.entity.Tag:id]
17:03:34.095 [Test worker] DEBUG org.hibernate.cfg.annotations.SimpleValueBinder - building SimpleValue for id
17:03:34.095 [Test worker] DEBUG org.hibernate.cfg.annotations.PropertyBinder - Building property id
17:03:34.095 [Test worker] DEBUG org.hibernate.cfg.BinderHelper - #makeIdGenerator(org.hibernate.mapping.SimpleValue([org.hibernate.mapping.Column(id)]), id, identity, , ...)
17:03:34.095 [Test worker] DEBUG org.hibernate.cfg.Ejb3Column - Binding column: Ejb3Column{table=org.hibernate.mapping.Table(tag), mappingColumn=title, insertable=true, updatable=false, unique=true}
17:03:34.095 [Test worker] DEBUG org.hibernate.cfg.annotations.PropertyBinder - MetadataSourceProcessor property title with lazy=false
17:03:34.095 [Test worker] DEBUG org.hibernate.cfg.AbstractPropertyHolder - Attempting to locate auto-apply AttributeConverter for property [com.epam.esm.entity.Tag:title]
17:03:34.095 [Test worker] DEBUG org.hibernate.cfg.annotations.SimpleValueBinder - building SimpleValue for title
17:03:34.095 [Test worker] DEBUG org.hibernate.cfg.annotations.PropertyBinder - Building property title
17:03:34.095 [Test worker] DEBUG org.hibernate.cfg.AnnotationBinder - Binding entity from annotated class: com.epam.esm.entity.User
17:03:34.095 [Test worker] DEBUG org.hibernate.cfg.Ejb3Column - Binding column: Ejb3DiscriminatorColumn{logicalColumnName'DTYPE', discriminatorTypeName='string'}
17:03:34.095 [Test worker] DEBUG org.hibernate.cfg.annotations.EntityBinder - Import with entity name User
17:03:34.095 [Test worker] DEBUG org.hibernate.cfg.annotations.EntityBinder - Bind entity com.epam.esm.entity.User on table application_user
17:03:34.095 [Test worker] DEBUG org.hibernate.cfg.Ejb3Column - Binding column: Ejb3Column{table=org.hibernate.mapping.Table(application_user), mappingColumn=id, insertable=true, updatable=true, unique=false}
17:03:34.096 [Test worker] DEBUG org.hibernate.cfg.annotations.PropertyBinder - MetadataSourceProcessor property id with lazy=false
17:03:34.096 [Test worker] DEBUG org.hibernate.cfg.AbstractPropertyHolder - Attempting to locate auto-apply AttributeConverter for property [com.epam.esm.entity.User:id]
17:03:34.096 [Test worker] DEBUG org.hibernate.cfg.annotations.SimpleValueBinder - building SimpleValue for id
17:03:34.096 [Test worker] DEBUG org.hibernate.cfg.annotations.PropertyBinder - Building property id
17:03:34.096 [Test worker] DEBUG org.hibernate.cfg.BinderHelper - #makeIdGenerator(org.hibernate.mapping.SimpleValue([org.hibernate.mapping.Column(id)]), id, identity, , ...)
17:03:34.096 [Test worker] DEBUG org.hibernate.cfg.Ejb3Column - Binding column: Ejb3Column{table=org.hibernate.mapping.Table(application_user), mappingColumn=email, insertable=true, updatable=true, unique=false}
17:03:34.096 [Test worker] DEBUG org.hibernate.cfg.annotations.PropertyBinder - MetadataSourceProcessor property email with lazy=false
17:03:34.096 [Test worker] DEBUG org.hibernate.cfg.AbstractPropertyHolder - Attempting to locate auto-apply AttributeConverter for property [com.epam.esm.entity.User:email]
17:03:34.096 [Test worker] DEBUG org.hibernate.cfg.annotations.SimpleValueBinder - building SimpleValue for email
17:03:34.096 [Test worker] DEBUG org.hibernate.cfg.annotations.PropertyBinder - Building property email
17:03:34.096 [Test worker] DEBUG org.hibernate.cfg.Ejb3Column - Binding column: Ejb3JoinColumn{logicalColumnName='null', referencedColumn='null', mappedBy='user'}
17:03:34.096 [Test worker] DEBUG org.hibernate.cfg.Ejb3Column - Binding column: Ejb3Column{table=org.hibernate.mapping.Table(application_user), mappingColumn=orders, insertable=true, updatable=true, unique=false}
17:03:34.096 [Test worker] DEBUG org.hibernate.cfg.Ejb3Column - Binding column: Ejb3Column{table=org.hibernate.mapping.Table(application_user), mappingColumn=null, insertable=true, updatable=true, unique=false}
17:03:34.096 [Test worker] DEBUG org.hibernate.cfg.Ejb3Column - Binding column: Ejb3Column{table=org.hibernate.mapping.Table(application_user), mappingColumn=element, insertable=true, updatable=true, unique=false}
17:03:34.096 [Test worker] DEBUG org.hibernate.cfg.Ejb3Column - Binding column: Ejb3Column{table=org.hibernate.mapping.Table(application_user), mappingColumn=orders_key, insertable=true, updatable=true, unique=false}
17:03:34.096 [Test worker] DEBUG org.hibernate.cfg.Ejb3Column - Binding column: Ejb3JoinColumn{logicalColumnName='orders_KEY', referencedColumn='null', mappedBy='null'}
17:03:34.096 [Test worker] DEBUG org.hibernate.cfg.Ejb3Column - Binding column: Ejb3JoinColumn{logicalColumnName='null', referencedColumn='null', mappedBy='user'}
17:03:34.097 [Test worker] DEBUG org.hibernate.cfg.Ejb3Column - Binding column: Ejb3JoinColumn{logicalColumnName='null', referencedColumn='null', mappedBy='user'}
17:03:34.097 [Test worker] DEBUG org.hibernate.cfg.annotations.CollectionBinder - Collection role: com.epam.esm.entity.User.orders
17:03:34.097 [Test worker] DEBUG org.hibernate.cfg.annotations.PropertyBinder - Building property orders
17:03:34.097 [Test worker] DEBUG org.hibernate.cfg.Ejb3Column - Binding column: Ejb3Column{table=org.hibernate.mapping.Table(application_user), mappingColumn=password, insertable=true, updatable=true, unique=false}
17:03:34.097 [Test worker] DEBUG org.hibernate.cfg.annotations.PropertyBinder - MetadataSourceProcessor property password with lazy=false
17:03:34.097 [Test worker] DEBUG org.hibernate.cfg.AbstractPropertyHolder - Attempting to locate auto-apply AttributeConverter for property [com.epam.esm.entity.User:password]
17:03:34.097 [Test worker] DEBUG org.hibernate.cfg.annotations.SimpleValueBinder - building SimpleValue for password
17:03:34.097 [Test worker] DEBUG org.hibernate.cfg.annotations.PropertyBinder - Building property password
17:03:34.097 [Test worker] DEBUG org.hibernate.cfg.Ejb3Column - Binding column: Ejb3Column{table=org.hibernate.mapping.Table(application_user), mappingColumn=refresh_token, insertable=true, updatable=true, unique=false}
17:03:34.097 [Test worker] DEBUG org.hibernate.cfg.annotations.PropertyBinder - MetadataSourceProcessor property refreshToken with lazy=false
17:03:34.097 [Test worker] DEBUG org.hibernate.cfg.AbstractPropertyHolder - Attempting to locate auto-apply AttributeConverter for property [com.epam.esm.entity.User:refreshToken]
17:03:34.097 [Test worker] DEBUG org.hibernate.cfg.annotations.SimpleValueBinder - building SimpleValue for refreshToken
17:03:34.097 [Test worker] DEBUG org.hibernate.cfg.annotations.PropertyBinder - Building property refreshToken
17:03:34.097 [Test worker] DEBUG org.hibernate.cfg.Ejb3Column - Binding column: Ejb3JoinColumn{logicalColumnName='role_id', referencedColumn='', mappedBy=''}
17:03:34.097 [Test worker] DEBUG org.hibernate.cfg.Ejb3Column - Binding column: Ejb3Column{table=org.hibernate.mapping.Table(application_user), mappingColumn=role, insertable=true, updatable=true, unique=false}
17:03:34.097 [Test worker] DEBUG org.hibernate.cfg.annotations.PropertyBinder - Building property role
17:03:34.098 [Test worker] DEBUG org.hibernate.cfg.annotations.SimpleValueBinder - Starting fillSimpleValue for id
17:03:34.098 [Test worker] DEBUG org.hibernate.cfg.annotations.SimpleValueBinder - Starting fillSimpleValue for id
17:03:34.098 [Test worker] DEBUG org.hibernate.cfg.annotations.SimpleValueBinder - Starting fillSimpleValue for activeStatus
17:03:34.098 [Test worker] DEBUG org.hibernate.cfg.annotations.SimpleValueBinder - Starting fillSimpleValue for creationDate
17:03:34.098 [Test worker] DEBUG org.hibernate.cfg.annotations.SimpleValueBinder - Starting fillSimpleValue for description
17:03:34.098 [Test worker] DEBUG org.hibernate.cfg.annotations.SimpleValueBinder - Starting fillSimpleValue for expirationDate
17:03:34.098 [Test worker] DEBUG org.hibernate.cfg.annotations.SimpleValueBinder - Starting fillSimpleValue for modificationDate
17:03:34.098 [Test worker] DEBUG org.hibernate.cfg.annotations.SimpleValueBinder - Starting fillSimpleValue for name
17:03:34.098 [Test worker] DEBUG org.hibernate.cfg.annotations.SimpleValueBinder - Starting fillSimpleValue for price
17:03:34.098 [Test worker] DEBUG org.hibernate.cfg.annotations.SimpleValueBinder - Starting fillSimpleValue for id
17:03:34.098 [Test worker] DEBUG org.hibernate.cfg.annotations.SimpleValueBinder - Starting fillSimpleValue for activeStatus
17:03:34.098 [Test worker] DEBUG org.hibernate.cfg.annotations.SimpleValueBinder - Starting fillSimpleValue for createdAt
17:03:34.098 [Test worker] DEBUG org.hibernate.cfg.annotations.SimpleValueBinder - Starting fillSimpleValue for id
17:03:34.098 [Test worker] DEBUG org.hibernate.cfg.annotations.SimpleValueBinder - Starting fillSimpleValue for expirationDate
17:03:34.098 [Test worker] DEBUG org.hibernate.cfg.annotations.SimpleValueBinder - Starting fillSimpleValue for fixedPrice
17:03:34.098 [Test worker] DEBUG org.hibernate.cfg.annotations.SimpleValueBinder - Starting fillSimpleValue for id
17:03:34.098 [Test worker] DEBUG org.hibernate.cfg.annotations.SimpleValueBinder - Starting fillSimpleValue for value
17:03:34.098 [Test worker] DEBUG org.hibernate.cfg.annotations.SimpleValueBinder - Starting fillSimpleValue for id
17:03:34.098 [Test worker] DEBUG org.hibernate.cfg.annotations.SimpleValueBinder - Starting fillSimpleValue for title
17:03:34.098 [Test worker] DEBUG org.hibernate.cfg.annotations.SimpleValueBinder - Starting fillSimpleValue for id
17:03:34.098 [Test worker] DEBUG org.hibernate.cfg.annotations.SimpleValueBinder - Starting fillSimpleValue for email
17:03:34.098 [Test worker] DEBUG org.hibernate.cfg.annotations.SimpleValueBinder - Starting fillSimpleValue for password
17:03:34.098 [Test worker] DEBUG org.hibernate.cfg.annotations.SimpleValueBinder - Starting fillSimpleValue for refreshToken
17:03:34.098 [Test worker] DEBUG org.hibernate.mapping.PrimaryKey - Forcing column [id] to be non-null as it is part of the primary key for table [entity]
17:03:34.098 [Test worker] DEBUG org.hibernate.mapping.PrimaryKey - Forcing column [id] to be non-null as it is part of the primary key for table [certificate]
17:03:34.098 [Test worker] DEBUG org.hibernate.mapping.PrimaryKey - Forcing column [id] to be non-null as it is part of the primary key for table [application_order]
17:03:34.098 [Test worker] DEBUG org.hibernate.mapping.PrimaryKey - Forcing column [id] to be non-null as it is part of the primary key for table [order_certificate]
17:03:34.098 [Test worker] DEBUG org.hibernate.mapping.PrimaryKey - Forcing column [id] to be non-null as it is part of the primary key for table [application_role]
17:03:34.099 [Test worker] DEBUG org.hibernate.mapping.PrimaryKey - Forcing column [id] to be non-null as it is part of the primary key for table [tag]
17:03:34.099 [Test worker] DEBUG org.hibernate.mapping.PrimaryKey - Forcing column [id] to be non-null as it is part of the primary key for table [application_user]
17:03:34.099 [Test worker] DEBUG org.hibernate.cfg.CollectionSecondPass - Second pass for collection: com.epam.esm.entity.GiftCertificate.tags
17:03:34.099 [Test worker] DEBUG org.hibernate.cfg.annotations.CollectionBinder - Binding as ManyToMany: com.epam.esm.entity.GiftCertificate.tags
17:03:34.099 [Test worker] DEBUG org.hibernate.mapping.PrimaryKey - Forcing column [certificate_id] to be non-null as it is part of the primary key for table [certificate_tag]
17:03:34.099 [Test worker] DEBUG org.hibernate.mapping.PrimaryKey - Forcing column [tag_id] to be non-null as it is part of the primary key for table [certificate_tag]
17:03:34.099 [Test worker] DEBUG org.hibernate.cfg.CollectionSecondPass - Mapped collection key: certificate_id, element: tag_id
17:03:34.099 [Test worker] DEBUG org.hibernate.cfg.CollectionSecondPass - Second pass for collection: com.epam.esm.entity.GiftCertificate.orderCertificates
17:03:34.099 [Test worker] DEBUG org.hibernate.cfg.annotations.CollectionBinder - Binding a OneToMany: com.epam.esm.entity.GiftCertificate.orderCertificates through a foreign key
17:03:34.099 [Test worker] DEBUG org.hibernate.cfg.annotations.CollectionBinder - Mapping collection: com.epam.esm.entity.GiftCertificate.orderCertificates -> order_certificate
17:03:34.099 [Test worker] DEBUG org.hibernate.cfg.annotations.TableBinder - Retrieving property com.epam.esm.entity.OrderCertificate.certificate
17:03:34.099 [Test worker] DEBUG org.hibernate.cfg.CollectionSecondPass - Mapped collection key: certificate_id, one-to-many: com.epam.esm.entity.OrderCertificate
17:03:34.099 [Test worker] DEBUG org.hibernate.cfg.CollectionSecondPass - Second pass for collection: com.epam.esm.entity.Order.orderCertificates
17:03:34.099 [Test worker] DEBUG org.hibernate.cfg.annotations.CollectionBinder - Binding a OneToMany: com.epam.esm.entity.Order.orderCertificates through a foreign key
17:03:34.099 [Test worker] DEBUG org.hibernate.cfg.annotations.CollectionBinder - Mapping collection: com.epam.esm.entity.Order.orderCertificates -> order_certificate
17:03:34.099 [Test worker] DEBUG org.hibernate.cfg.annotations.TableBinder - Retrieving property com.epam.esm.entity.OrderCertificate.order
17:03:34.099 [Test worker] DEBUG org.hibernate.cfg.CollectionSecondPass - Mapped collection key: order_id, one-to-many: com.epam.esm.entity.OrderCertificate
17:03:34.099 [Test worker] DEBUG org.hibernate.cfg.CollectionSecondPass - Second pass for collection: com.epam.esm.entity.User.orders
17:03:34.100 [Test worker] DEBUG org.hibernate.cfg.annotations.CollectionBinder - Binding a OneToMany: com.epam.esm.entity.User.orders through a foreign key
17:03:34.100 [Test worker] DEBUG org.hibernate.cfg.annotations.CollectionBinder - Mapping collection: com.epam.esm.entity.User.orders -> application_order
17:03:34.100 [Test worker] DEBUG org.hibernate.cfg.annotations.TableBinder - Retrieving property com.epam.esm.entity.Order.user
17:03:34.100 [Test worker] DEBUG org.hibernate.cfg.CollectionSecondPass - Mapped collection key: user_id, one-to-many: com.epam.esm.entity.Order
17:03:34.100 [Test worker] DEBUG org.hibernate.boot.internal.InFlightMetadataCollectorImpl - Resolving reference to class: com.epam.esm.entity.User
17:03:34.100 [Test worker] DEBUG org.hibernate.boot.internal.InFlightMetadataCollectorImpl - Resolving reference to class: com.epam.esm.entity.Role
17:03:34.100 [Test worker] DEBUG org.hibernate.boot.internal.InFlightMetadataCollectorImpl - Resolving reference to class: com.epam.esm.entity.Tag
17:03:34.100 [Test worker] DEBUG org.hibernate.boot.internal.InFlightMetadataCollectorImpl - Resolving reference to class: com.epam.esm.entity.GiftCertificate
17:03:34.100 [Test worker] DEBUG org.hibernate.boot.internal.InFlightMetadataCollectorImpl - Resolving reference to class: com.epam.esm.entity.GiftCertificate
17:03:34.101 [Test worker] DEBUG org.hibernate.boot.internal.InFlightMetadataCollectorImpl - Resolving reference to class: com.epam.esm.entity.Order
17:03:34.101 [Test worker] DEBUG org.hibernate.boot.internal.InFlightMetadataCollectorImpl - Resolving reference to class: com.epam.esm.entity.User
17:03:34.101 [Test worker] DEBUG org.hibernate.boot.internal.InFlightMetadataCollectorImpl - Resolving reference to class: com.epam.esm.entity.Role
17:03:34.102 [Test worker] DEBUG org.hibernate.boot.internal.InFlightMetadataCollectorImpl - Resolving reference to class: com.epam.esm.entity.Tag
17:03:34.102 [Test worker] DEBUG org.hibernate.boot.internal.InFlightMetadataCollectorImpl - Resolving reference to class: com.epam.esm.entity.GiftCertificate
17:03:34.102 [Test worker] DEBUG org.hibernate.boot.internal.InFlightMetadataCollectorImpl - Resolving reference to class: com.epam.esm.entity.GiftCertificate
17:03:34.102 [Test worker] DEBUG org.hibernate.boot.internal.InFlightMetadataCollectorImpl - Resolving reference to class: com.epam.esm.entity.Order
17:03:34.102 [Test worker] DEBUG org.hibernate.internal.SessionFactoryImpl - Building session factory
17:03:34.103 [Test worker] DEBUG org.hibernate.cfg.Settings - SessionFactory name : null
17:03:34.103 [Test worker] DEBUG org.hibernate.cfg.Settings - Automatic flush during beforeCompletion(): enabled
17:03:34.103 [Test worker] DEBUG org.hibernate.cfg.Settings - Automatic session close at end of transaction: disabled
17:03:34.103 [Test worker] DEBUG org.hibernate.cfg.Settings - Statistics: disabled
17:03:34.103 [Test worker] DEBUG org.hibernate.cfg.Settings - Deleted entity synthetic identifier rollback: disabled
17:03:34.103 [Test worker] DEBUG org.hibernate.cfg.Settings - Default entity-mode: pojo
17:03:34.103 [Test worker] DEBUG org.hibernate.cfg.Settings - Check Nullability in Core (should be disabled when Bean Validation is on): enabled
17:03:34.103 [Test worker] DEBUG org.hibernate.cfg.Settings - Allow initialization of lazy state outside session : disabled
17:03:34.103 [Test worker] DEBUG org.hibernate.cfg.Settings - Using BatchFetchStyle : LEGACY
17:03:34.103 [Test worker] DEBUG org.hibernate.cfg.Settings - Default batch fetch size: -1
17:03:34.103 [Test worker] DEBUG org.hibernate.cfg.Settings - Maximum outer join fetch depth: null
17:03:34.103 [Test worker] DEBUG org.hibernate.cfg.Settings - Default null ordering: NONE
17:03:34.103 [Test worker] DEBUG org.hibernate.cfg.Settings - Order SQL updates by primary key: disabled
17:03:34.103 [Test worker] DEBUG org.hibernate.cfg.Settings - Order SQL inserts for batching: disabled
17:03:34.103 [Test worker] DEBUG org.hibernate.cfg.Settings - multi-tenancy strategy : NONE
17:03:34.103 [Test worker] DEBUG org.hibernate.cfg.Settings - JTA Track by Thread: enabled
17:03:34.103 [Test worker] DEBUG org.hibernate.cfg.Settings - Query language substitutions: {}
17:03:34.103 [Test worker] DEBUG org.hibernate.cfg.Settings - Named query checking : enabled
17:03:34.103 [Test worker] DEBUG org.hibernate.cfg.Settings - Second-level cache: disabled
17:03:34.103 [Test worker] DEBUG org.hibernate.cfg.Settings - Second-level query cache: disabled
17:03:34.103 [Test worker] DEBUG org.hibernate.cfg.Settings - Second-level query cache factory: null
17:03:34.103 [Test worker] DEBUG org.hibernate.cfg.Settings - Second-level cache region prefix: null
17:03:34.103 [Test worker] DEBUG org.hibernate.cfg.Settings - Optimize second-level cache for minimal puts: disabled
17:03:34.103 [Test worker] DEBUG org.hibernate.cfg.Settings - Structured second-level cache entries: disabled
17:03:34.103 [Test worker] DEBUG org.hibernate.cfg.Settings - Second-level cache direct-reference entries: disabled
17:03:34.103 [Test worker] DEBUG org.hibernate.cfg.Settings - Automatic eviction of collection cache: disabled
17:03:34.103 [Test worker] DEBUG org.hibernate.cfg.Settings - JDBC batch size: 15
17:03:34.103 [Test worker] DEBUG org.hibernate.cfg.Settings - JDBC batch updates for versioned data: enabled
17:03:34.103 [Test worker] DEBUG org.hibernate.cfg.Settings - Scrollable result sets: enabled
17:03:34.103 [Test worker] DEBUG org.hibernate.cfg.Settings - Wrap result sets: disabled
17:03:34.103 [Test worker] DEBUG org.hibernate.cfg.Settings - JDBC3 getGeneratedKeys(): enabled
17:03:34.103 [Test worker] DEBUG org.hibernate.cfg.Settings - JDBC result set fetch size: null
17:03:34.103 [Test worker] DEBUG org.hibernate.cfg.Settings - Connection release mode: ON_CLOSE
17:03:34.103 [Test worker] DEBUG org.hibernate.cfg.Settings - Generate SQL with comments: disabled
17:03:34.103 [Test worker] DEBUG org.hibernate.cfg.Settings - JPA compliance - query : 
17:03:34.103 [Test worker] DEBUG org.hibernate.cfg.Settings - JPA compliance - closed-handling : 
17:03:34.103 [Test worker] DEBUG org.hibernate.cfg.Settings - JPA compliance - lists : 
17:03:34.103 [Test worker] DEBUG org.hibernate.cfg.Settings - JPA compliance - transactions : 
17:03:34.104 [Test worker] DEBUG org.hibernate.jpa.event.internal.CallbackBuilderLegacyImpl - Adding onPrePersist as PrePersist callback for entity com.epam.esm.entity.Order
17:03:34.105 [Test worker] DEBUG org.hibernate.internal.SessionFactoryImpl - Session factory constructed with filter configurations : {}
17:03:34.105 [Test worker] DEBUG org.hibernate.internal.SessionFactoryImpl - Instantiating session factory with properties: {gopherProxySet=false, awt.toolkit=sun.lwawt.macosx.LWCToolkit, hibernate.id.new_generator_mappings=true, java.specification.version=11, sun.cpu.isalist=, hibernate.resource.beans.container=org.springframework.orm.hibernate5.SpringBeanContainer@f7c543, hibernate.connection.handling_mode=DELAYED_ACQUISITION_AND_HOLD, sun.jnu.encoding=UTF-8, hibernate.dialect=org.hibernate.dialect.H2Dialect, org.gradle.test.worker=3, hibernate.implicit_naming_strategy=org.springframework.boot.orm.jpa.hibernate.SpringImplicitNamingStrategy, java.class.path=/Users/dzmitryplatonov/.gradle/caches/5.6.2/workerMain/gradle-worker.jar:/Users/dzmitryplatonov/Desktop/workdir/giftcertificates/datasource/build/classes/java/test:/Users/dzmitryplatonov/Desktop/workdir/giftcertificates/datasource/build/resources/test:/Users/dzmitryplatonov/Desktop/workdir/giftcertificates/datasource/build/classes/java/main:/Users/dzmitryplatonov/Desktop/workdir/giftcertificates/datasource/build/resources/main:/Users/dzmitryplatonov/.m2/repository/org/apache/logging/log4j/log4j-web/2.11.2/log4j-web-2.11.2.jar:/Users/dzmitryplatonov/.m2/repository/org/apache/logging/log4j/log4j-core/2.11.2/log4j-core-2.11.2.jar:/Users/dzmitryplatonov/.gradle/caches/modules-2/files-2.1/org.springframework.boot/spring-boot-starter-web/2.1.9.RELEASE/2063870234eebbda3c09dddf9853477fe9e4a719/spring-boot-starter-web-2.1.9.RELEASE.jar:/Users/dzmitryplatonov/.gradle/caches/modules-2/files-2.1/org.springframework.boot/spring-boot-starter-security/2.1.9.RELEASE/bde048665003362d9e16aa75a8804f90dce1d31e/spring-boot-starter-security-2.1.9.RELEASE.jar:/Users/dzmitryplatonov/.gradle/caches/modules-2/files-2.1/org.springframework.boot/spring-boot-starter-data-jpa/2.1.9.RELEASE/784d6d5c525c2dd9fac31031ee6ca2ec8b067af5/spring-boot-starter-data-jpa-2.1.9.RELEASE.jar:/Users/dzmitryplatonov/.gradle/caches/modules-2/files-2.1/org.springframework.boot/spring-boot-starter-aop/2.1.9.RELEASE/74226b26cf15952f639deca38fe919701755c97b/spring-boot-starter-aop-2.1.9.RELEASE.jar:/Users/dzmitryplatonov/.gradle/caches/modules-2/files-2.1/org.springframework.boot/spring-boot-starter-jdbc/2.1.9.RELEASE/3f7d1d67669dfa0ea4ff9216afbeef5bc6a58ecb/spring-boot-starter-jdbc-2.1.9.RELEASE.jar:/Users/dzmitryplatonov/.gradle/caches/modules-2/files-2.1/org.springframework.boot/spring-boot-starter-json/2.1.9.RELEASE/53bdf52bc28b7e753874e0136fb33c9eab184276/spring-boot-starter-json-2.1.9.RELEASE.jar:/Users/dzmitryplatonov/.gradle/caches/modules-2/files-2.1/org.springframework.boot/spring-boot-starter/2.1.9.RELEASE/45d7afa2d9aab4b2984f2c330f507797fbcf501f/spring-boot-starter-2.1.9.RELEASE.jar:/Users/dzmitryplatonov/.gradle/caches/modules-2/files-2.1/org.springframework.boot/spring-boot-starter-logging/2.1.9.RELEASE/802b562b0c602ae9242b659a28b9bf89ca689b2d/spring-boot-starter-logging-2.1.9.RELEASE.jar:/Users/dzmitryplatonov/.m2/repository/org/apache/logging/log4j/log4j-to-slf4j/2.11.2/log4j-to-slf4j-2.11.2.jar:/Users/dzmitryplatonov/.m2/repository/org/apache/logging/log4j/log4j-api/2.11.2/log4j-api-2.11.2.jar:/Users/dzmitryplatonov/.m2/repository/org/hibernate/validator/hibernate-validator/6.0.17.Final/hibernate-validator-6.0.17.Final.jar:/Users/dzmitryplatonov/.m2/repository/javax/validation/validation-api/2.0.1.Final/validation-api-2.0.1.Final.jar:/Users/dzmitryplatonov/.gradle/caches/modules-2/files-2.1/org.springframework.security.oauth.boot/spring-security-oauth2-autoconfigure/2.1.9.RELEASE/abbbf98ebc0454774162add4b412a7ee5da66877/spring-security-oauth2-autoconfigure-2.1.9.RELEASE.jar:/Users/dzmitryplatonov/.gradle/caches/modules-2/files-2.1/com.auth0/jwks-rsa/0.9.0/6e3a813bce7eb07327f2a5384fb178eb21469338/jwks-rsa-0.9.0.jar:/Users/dzmitryplatonov/.gradle/caches/modules-2/files-2.1/io.jsonwebtoken/jjwt/0.9.1/54d2abfc3e63a28824d35bf600d6a5d627da681a/jjwt-0.9.1.jar:/Users/dzmitryplatonov/.gradle/caches/modules-2/files-2.1/io.jsonwebtoken/jjwt-jackson/0.10.7/52b5a612da95a0c0edc867ccac65bb0f6762ed7b/jjwt-jackson-0.10.7.jar:/Users/dzmitryplatonov/.m2/repository/com/fasterxml/jackson/datatype/jackson-datatype-jsr310/2.9.9/jackson-datatype-jsr310-2.9.9.jar:/Users/dzmitryplatonov/.m2/repository/com/fasterxml/jackson/datatype/jackson-datatype-jdk8/2.9.9/jackson-datatype-jdk8-2.9.9.jar:/Users/dzmitryplatonov/.m2/repository/com/fasterxml/jackson/module/jackson-module-parameter-names/2.9.9/jackson-module-parameter-names-2.9.9.jar:/Users/dzmitryplatonov/.gradle/caches/modules-2/files-2.1/com.fasterxml.jackson.core/jackson-databind/2.10.0.pr3/4e17238b159dcd1167b095024fe07f41da1e37ac/jackson-databind-2.10.0.pr3.jar:/Users/dzmitryplatonov/.gradle/caches/modules-2/files-2.1/com.fasterxml.jackson.core/jackson-annotations/2.10.0.pr3/6c99a6d972b8bdd92192bef4b0ff5df164e9cafc/jackson-annotations-2.10.0.pr3.jar:/Users/dzmitryplatonov/.m2/repository/org/springframework/hateoas/spring-hateoas/0.25.1.RELEASE/spring-hateoas-0.25.1.RELEASE.jar:/Users/dzmitryplatonov/.m2/repository/org/springframework/plugin/spring-plugin-core/1.2.0.RELEASE/spring-plugin-core-1.2.0.RELEASE.jar:/Users/dzmitryplatonov/.gradle/caches/modules-2/files-2.1/org.springframework.security/spring-security-oauth2-client/5.1.6.RELEASE/8a77b659f7f6616ca5970796c04106595819f4eb/spring-security-oauth2-client-5.1.6.RELEASE.jar:/Users/dzmitryplatonov/.gradle/caches/modules-2/files-2.1/org.springframework.security/spring-security-oauth2-jose/5.1.6.RELEASE/78f947f9b1ee235f7efbb697e15acd05e16d009a/spring-security-oauth2-jose-5.1.6.RELEASE.jar:/Users/dzmitryplatonov/.gradle/caches/modules-2/files-2.1/org.springframework.security/spring-security-openid/5.2.0.RELEASE/e67725a379bcc03c3edd571d6fec4800b2313a00/spring-security-openid-5.2.0.RELEASE.jar:/Users/dzmitryplatonov/.gradle/caches/modules-2/files-2.1/org.springframework.data/spring-data-jpa/2.1.11.RELEASE/b774364187f5e68379b8c3121232a04686a0325c/spring-data-jpa-2.1.11.RELEASE.jar:/Users/dzmitryplatonov/.gradle/caches/modules-2/files-2.1/org.springframework/spring-orm/5.1.10.RELEASE/ce92238d65405408387b1ae7a5dd5a280f7ea29f/spring-orm-5.1.10.RELEASE.jar:/Users/dzmitryplatonov/.gradle/caches/modules-2/files-2.1/org.springframework/spring-jdbc/5.1.10.RELEASE/48957bfad9656fdba9263539e2fa8f3034939ba8/spring-jdbc-5.1.10.RELEASE.jar:/Users/dzmitryplatonov/.m2/repository/org/postgresql/postgresql/42.2.8/postgresql-42.2.8.jar:/Users/dzmitryplatonov/.gradle/caches/modules-2/files-2.1/org.springframework.boot/spring-boot-starter-tomcat/2.1.9.RELEASE/99bef08a0b7fd10ff9827f0f8e6f49b97cbabf7f/spring-boot-starter-tomcat-2.1.9.RELEASE.jar:/Users/dzmitryplatonov/.m2/repository/javax/annotation/javax.annotation-api/1.3.2/javax.annotation-api-1.3.2.jar:/Users/dzmitryplatonov/.gradle/caches/modules-2/files-2.1/io.jsonwebtoken/jjwt-impl/0.10.7/49cf3b0b6f10eb024104ae39c111c1fd0cd3be64/jjwt-impl-0.10.7.jar:/Users/dzmitryplatonov/.gradle/caches/modules-2/files-2.1/org.junit.jupiter/junit-jupiter-params/5.2.0/d70083080bf3400c181562919cb03bf7588104e1/junit-jupiter-params-5.2.0.jar:/Users/dzmitryplatonov/.gradle/caches/modules-2/files-2.1/org.mockito/mockito-junit-jupiter/2.18.3/827104c6aed482c68159faf320f44f5eb5b03bd/mockito-junit-jupiter-2.18.3.jar:/Users/dzmitryplatonov/.m2/repository/org/mockito/mockito-core/2.28.2/mockito-core-2.28.2.jar:/Users/dzmitryplatonov/.m2/repository/com/h2database/h2/1.4.197/h2-1.4.197.jar:/Users/dzmitryplatonov/.gradle/caches/modules-2/files-2.1/org.springframework/spring-test/5.0.1.RELEASE/47dee3bebbcbcaff1be786b6c0db654ba7376eb9/spring-test-5.0.1.RELEASE.jar:/Users/dzmitryplatonov/.gradle/caches/modules-2/files-2.1/org.junit.jupiter/junit-jupiter-engine/5.3.1/e2676b1786c57a80eb98f5bebd51a3d05e228c40/junit-jupiter-engine-5.3.1.jar:/Users/dzmitryplatonov/.gradle/caches/modules-2/files-2.1/org.junit.jupiter/junit-jupiter-api/5.3.1/a7e97eac2784395cb991403f9641b042ad972941/junit-jupiter-api-5.3.1.jar:/Users/dzmitryplatonov/.gradle/caches/modules-2/files-2.1/org.hibernate/hibernate-core/5.3.12.Final/e1929362fe24a9f62142d18f1ac5b0d7f278ef22/hibernate-core-5.3.12.Final.jar:/Users/dzmitryplatonov/.m2/repository/org/hibernate/common/hibernate-commons-annotations/5.0.4.Final/hibernate-commons-annotations-5.0.4.Final.jar:/Users/dzmitryplatonov/.m2/repository/org/jboss/logging/jboss-logging/3.3.2.Final/jboss-logging-3.3.2.Final.jar:/Users/dzmitryplatonov/.m2/repository/com/fasterxml/classmate/1.3.4/classmate-1.3.4.jar:/Users/dzmitryplatonov/.gradle/caches/modules-2/files-2.1/com.fasterxml.jackson.core/jackson-core/2.10.0.pr3/1d2f9b816bcd00130ddc9dae6c99f7b533afcc73/jackson-core-2.10.0.pr3.jar:/Users/dzmitryplatonov/.gradle/caches/modules-2/files-2.1/org.springframework.security.oauth/spring-security-oauth2/2.3.5.RELEASE/7969f5363398d6d3788bef1740b2ab9509043d51/spring-security-oauth2-2.3.5.RELEASE.jar:/Users/dzmitryplatonov/.gradle/caches/modules-2/files-2.1/org.springframework/spring-webmvc/5.1.10.RELEASE/67b6da7852e89bc0df6ce36a263ac4377fe48e27/spring-webmvc-5.1.10.RELEASE.jar:/Users/dzmitryplatonov/.m2/repository/org/springframework/security/spring-security-config/5.1.6.RELEASE/spring-security-config-5.1.6.RELEASE.jar:/Users/dzmitryplatonov/.gradle/caches/modules-2/files-2.1/org.springframework.security/spring-security-oauth2-core/5.1.6.RELEASE/f3b2623760154aac86d32427696842c7c3d85326/spring-security-oauth2-core-5.1.6.RELEASE.jar:/Users/dzmitryplatonov/.gradle/caches/modules-2/files-2.1/org.springframework.security/spring-security-web/5.2.0.RELEASE/a9ff06ad3fd66cd08545e1a601c66d2256c86e0f/spring-security-web-5.2.0.RELEASE.jar:/Users/dzmitryplatonov/.gradle/caches/modules-2/files-2.1/org.springframework.security/spring-security-core/5.2.0.RELEASE/1c8f36e316a74c245073ce2a70bdf198a58424f6/spring-security-core-5.2.0.RELEASE.jar:/Users/dzmitryplatonov/.gradle/caches/modules-2/files-2.1/org.springframework.boot/spring-boot-autoconfigure/2.1.9.RELEASE/aa6d5e0fef585bec64543b9b8f944a94060e710a/spring-boot-autoconfigure-2.1.9.RELEASE.jar:/Users/dzmitryplatonov/.gradle/caches/modules-2/files-2.1/org.springframework.boot/spring-boot/2.1.9.RELEASE/b18e7287a82ee06c6bb4e79423c25c05b8303dc1/spring-boot-2.1.9.RELEASE.jar:/Users/dzmitryplatonov/.gradle/caches/modules-2/files-2.1/org.springframework/spring-context/5.2.0.RELEASE/a2638a8295f13ed8511c98a2379507677e1d16fa/spring-context-5.2.0.RELEASE.jar:/Users/dzmitryplatonov/.gradle/caches/modules-2/files-2.1/org.springframework/spring-aop/5.2.0.RELEASE/7031d44f063ea68e49b881a985967e7f2c144f3b/spring-aop-5.2.0.RELEASE.jar:/Users/dzmitryplatonov/.gradle/caches/modules-2/files-2.1/org.springframework/spring-web/5.2.0.RELEASE/d5b064196dc014519e751df549b4cc6a753fb191/spring-web-5.2.0.RELEASE.jar:/Users/dzmitryplatonov/.gradle/caches/modules-2/files-2.1/org.springframework.data/spring-data-commons/2.1.11.RELEASE/dace2a47d274ac5f0ac3ff2f47cb0b936bef5b46/spring-data-commons-2.1.11.RELEASE.jar:/Users/dzmitryplatonov/.gradle/caches/modules-2/files-2.1/org.springframework/spring-tx/5.1.10.RELEASE/c32ebb7fb1be3b733304b7873c31817dd434479a/spring-tx-5.1.10.RELEASE.jar:/Users/dzmitryplatonov/.gradle/caches/modules-2/files-2.1/org.springframework/spring-beans/5.2.0.RELEASE/3ae97694618c59e6af695a15e54fabb7e319776/spring-beans-5.2.0.RELEASE.jar:/Users/dzmitryplatonov/.gradle/caches/modules-2/files-2.1/org.springframework/spring-expression/5.2.0.RELEASE/ac6a616451129e717979f18d2bff40528698a46e/spring-expression-5.2.0.RELEASE.jar:/Users/dzmitryplatonov/.gradle/caches/modules-2/files-2.1/org.springframework/spring-core/5.2.0.RELEASE/e0e1b3c304f70ed19d7905975f6f990916ada219/spring-core-5.2.0.RELEASE.jar:/Users/dzmitryplatonov/.m2/repository/com/zaxxer/HikariCP/3.2.0/HikariCP-3.2.0.jar:/Users/dzmitryplatonov/.m2/repository/ch/qos/logback/logback-classic/1.2.3/logback-classic-1.2.3.jar:/Users/dzmitryplatonov/.m2/repository/org/slf4j/jul-to-slf4j/1.7.28/jul-to-slf4j-1.7.28.jar:/Users/dzmitryplatonov/.m2/repository/org/slf4j/slf4j-api/1.7.28/slf4j-api-1.7.28.jar:/Users/dzmitryplatonov/.m2/repository/javax/transaction/javax.transaction-api/1.3/javax.transaction-api-1.3.jar:/Users/dzmitryplatonov/.gradle/caches/modules-2/files-2.1/org.glassfish.jaxb/jaxb-runtime/2.3.1/dd6dda9da676a54c5b36ca2806ff95ee017d8738/jaxb-runtime-2.3.1.jar:/Users/dzmitryplatonov/.m2/repository/javax/xml/bind/jaxb-api/2.3.1/jaxb-api-2.3.1.jar:/Users/dzmitryplatonov/.gradle/caches/modules-2/files-2.1/org.springframework/spring-aspects/5.1.10.RELEASE/b0364caabcde96dc6385480d0f9270613ab04511/spring-aspects-5.1.10.RELEASE.jar:/Users/dzmitryplatonov/.gradle/caches/modules-2/files-2.1/org.springframework.security/spring-security-jwt/1.0.10.RELEASE/19a1ca7a83e9d263a31af5f529da460f8f863451/spring-security-jwt-1.0.10.RELEASE.jar:/Users/dzmitryplatonov/.gradle/caches/modules-2/files-2.1/com.nimbusds/oauth2-oidc-sdk/6.0/e731f0b62727a46ae6d6fded62b5678d28273c3c/oauth2-oidc-sdk-6.0.jar:/Users/dzmitryplatonov/.gradle/caches/modules-2/files-2.1/com.nimbusds/nimbus-jose-jwt/6.0.2/81605278e5df1cf4c3774851649b85cade077fa5/nimbus-jose-jwt-6.0.2.jar:/Users/dzmitryplatonov/.gradle/caches/modules-2/files-2.1/com.google.inject/guice/3.0/9d84f15fe35e2c716a02979fb62f50a29f38aefa/guice-3.0.jar:/Users/dzmitryplatonov/.gradle/caches/modules-2/files-2.1/org.openid4java/openid4java-nodeps/0.9.6/52ca394f5f6d38b78e35a5a6a0a341dc5b3aaf34/openid4java-nodeps-0.9.6.jar:/Users/dzmitryplatonov/.gradle/caches/modules-2/files-2.1/net.sourceforge.nekohtml/nekohtml/1.9.22/4f54af68ecb345f2453fb6884672ad08414154e3/nekohtml-1.9.22.jar:/Users/dzmitryplatonov/.gradle/caches/modules-2/files-2.1/org.apache.httpcomponents/httpclient/4.5.10/7ca2e4276f4ef95e4db725a8cd4a1d1e7585b9e5/httpclient-4.5.10.jar:/Users/dzmitryplatonov/.gradle/caches/modules-2/files-2.1/commons-codec/commons-codec/1.13/3f18e1aa31031d89db6f01ba05d501258ce69d2c/commons-codec-1.13.jar:/Users/dzmitryplatonov/.m2/repository/commons-io/commons-io/2.6/commons-io-2.6.jar:/Users/dzmitryplatonov/.gradle/caches/modules-2/files-2.1/com.google.guava/guava/27.1-jre/e47b59c893079b87743cdcfb6f17ca95c08c592c/guava-27.1-jre.jar:/Users/dzmitryplatonov/.gradle/caches/modules-2/files-2.1/io.jsonwebtoken/jjwt-api/0.10.7/52e888d8424d3c788e23fedfbfc65ce36830ab1a/jjwt-api-0.10.7.jar:/Users/dzmitryplatonov/.m2/repository/org/junit/platform/junit-platform-engine/1.3.1/junit-platform-engine-1.3.1.jar:/Users/dzmitryplatonov/.m2/repository/org/junit/platform/junit-platform-commons/1.3.1/junit-platform-commons-1.3.1.jar:/Users/dzmitryplatonov/.m2/repository/org/apiguardian/apiguardian-api/1.0.0/apiguardian-api-1.0.0.jar:/Users/dzmitryplatonov/.gradle/caches/modules-2/files-2.1/net.bytebuddy/byte-buddy/1.9.11/985bbce599f92d6440582a7d1a5231bfaae9970f/byte-buddy-1.9.11.jar:/Users/dzmitryplatonov/.m2/repository/net/bytebuddy/byte-buddy-agent/1.9.10/byte-buddy-agent-1.9.10.jar:/Users/dzmitryplatonov/.m2/repository/org/objenesis/objenesis/2.6/objenesis-2.6.jar:/Users/dzmitryplatonov/.m2/repository/org/opentest4j/opentest4j/1.1.1/opentest4j-1.1.1.jar:/Users/dzmitryplatonov/.m2/repository/org/aspectj/aspectjweaver/1.9.4/aspectjweaver-1.9.4.jar:/Users/dzmitryplatonov/.m2/repository/javax/activation/javax.activation-api/1.2.0/javax.activation-api-1.2.0.jar:/Users/dzmitryplatonov/.m2/repository/javax/persistence/javax.persistence-api/2.2/javax.persistence-api-2.2.jar:/Users/dzmitryplatonov/.m2/repository/org/javassist/javassist/3.23.2-GA/javassist-3.23.2-GA.jar:/Users/dzmitryplatonov/.m2/repository/antlr/antlr/2.7.7/antlr-2.7.7.jar:/Users/dzmitryplatonov/.m2/repository/org/jboss/jandex/2.0.5.Final/jandex-2.0.5.Final.jar:/Users/dzmitryplatonov/.m2/repository/org/dom4j/dom4j/2.1.1/dom4j-2.1.1.jar:/Users/dzmitryplatonov/.m2/repository/org/yaml/snakeyaml/1.23/snakeyaml-1.23.jar:/Users/dzmitryplatonov/.gradle/caches/modules-2/files-2.1/org.apache.tomcat.embed/tomcat-embed-websocket/9.0.26/8991b1bd82c5745e95a9161472a92dc1e5c7148e/tomcat-embed-websocket-9.0.26.jar:/Users/dzmitryplatonov/.gradle/caches/modules-2/files-2.1/org.apache.tomcat.embed/tomcat-embed-core/9.0.26/6312ba542bc58fa9ee789a43516ce4d862548a6b/tomcat-embed-core-9.0.26.jar:/Users/dzmitryplatonov/.gradle/caches/modules-2/files-2.1/org.apache.tomcat.embed/tomcat-embed-el/9.0.26/a551f05d3ecf5434eaadd75e0b51519447df124/tomcat-embed-el-9.0.26.jar:/Users/dzmitryplatonov/.gradle/caches/modules-2/files-2.1/org.codehaus.jackson/jackson-mapper-asl/1.9.13/1ee2f2bed0e5dd29d1cb155a166e6f8d50bbddb7/jackson-mapper-asl-1.9.13.jar:/Users/dzmitryplatonov/.gradle/caches/modules-2/files-2.1/org.bouncycastle/bcpkix-jdk15on/1.60/d0c46320fbc07be3a24eb13a56cee4e3d38e0c75/bcpkix-jdk15on-1.60.jar:/Users/dzmitryplatonov/.gradle/caches/modules-2/files-2.1/org.glassfish.jaxb/txw2/2.3.1/a09d2c48d3285f206fafbffe0e50619284e92126/txw2-2.3.1.jar:/Users/dzmitryplatonov/.gradle/caches/modules-2/files-2.1/com.sun.istack/istack-commons-runtime/3.0.7/c197c86ceec7318b1284bffb49b54226ca774003/istack-commons-runtime-3.0.7.jar:/Users/dzmitryplatonov/.gradle/caches/modules-2/files-2.1/org.jvnet.staxex/stax-ex/1.8/8cc35f73da321c29973191f2cf143d29d26a1df7/stax-ex-1.8.jar:/Users/dzmitryplatonov/.gradle/caches/modules-2/files-2.1/com.sun.xml.fastinfoset/FastInfoset/1.2.15/bb7b7ec0379982b97c62cd17465cb6d9155f68e8/FastInfoset-1.2.15.jar:/Users/dzmitryplatonov/.gradle/caches/modules-2/files-2.1/com.sun.mail/javax.mail/1.6.1/757ba4630692bb2a1ec2d9d57a616b63f15e947e/javax.mail-1.6.1.jar:/Users/dzmitryplatonov/.gradle/caches/modules-2/files-2.1/com.github.stephenc.jcip/jcip-annotations/1.0-1/ef31541dd28ae2cefdd17c7ebf352d93e9058c63/jcip-annotations-1.0-1.jar:/Users/dzmitryplatonov/.m2/repository/net/minidev/json-smart/2.3/json-smart-2.3.jar:/Users/dzmitryplatonov/.gradle/caches/modules-2/files-2.1/com.nimbusds/lang-tag/1.4.4/1db9a709239ae473a69b5424c7e78d0b7108229d/lang-tag-1.4.4.jar:/Users/dzmitryplatonov/.gradle/caches/modules-2/files-2.1/org.springframework/spring-jcl/5.2.0.RELEASE/59b53ab6f01dd3ba85875b61a284c161584c18a3/spring-jcl-5.2.0.RELEASE.jar:/Users/dzmitryplatonov/.m2/repository/javax/inject/javax.inject/1/javax.inject-1.jar:/Users/dzmitryplatonov/.gradle/caches/modules-2/files-2.1/org.sonatype.sisu.inject/cglib/2.2.1-v20090111/7ce5e983fd0e6c78346f4c9cbfa39d83049dda2/cglib-2.2.1-v20090111.jar:/Users/dzmitryplatonov/.m2/repository/commons-logging/commons-logging/1.2/commons-logging-1.2.jar:/Users/dzmitryplatonov/.m2/repository/net/jcip/jcip-annotations/1.0/jcip-annotations-1.0.jar:/Users/dzmitryplatonov/.m2/repository/xerces/xercesImpl/2.11.0/xercesImpl-2.11.0.jar:/Users/dzmitryplatonov/.gradle/caches/modules-2/files-2.1/org.apache.httpcomponents/httpcore/4.4.12/21ebaf6d532bc350ba95bd81938fa5f0e511c132/httpcore-4.4.12.jar:/Users/dzmitryplatonov/.gradle/caches/modules-2/files-2.1/com.google.guava/failureaccess/1.0.1/1dcf1de382a0bf95a3d8b0849546c88bac1292c9/failureaccess-1.0.1.jar:/Users/dzmitryplatonov/.gradle/caches/modules-2/files-2.1/com.google.guava/listenablefuture/9999.0-empty-to-avoid-conflict-with-guava/b421526c5f297295adef1c886e5246c39d4ac629/listenablefuture-9999.0-empty-to-avoid-conflict-with-guava.jar:/Users/dzmitryplatonov/.m2/repository/com/google/code/findbugs/jsr305/3.0.2/jsr305-3.0.2.jar:/Users/dzmitryplatonov/.gradle/caches/modules-2/files-2.1/org.checkerframework/checker-qual/2.5.2/cea74543d5904a30861a61b4643a5f2bb372efc4/checker-qual-2.5.2.jar:/Users/dzmitryplatonov/.gradle/caches/modules-2/files-2.1/com.google.errorprone/error_prone_annotations/2.2.0/88e3c593e9b3586e1c6177f89267da6fc6986f0c/error_prone_annotations-2.2.0.jar:/Users/dzmitryplatonov/.gradle/caches/modules-2/files-2.1/com.google.j2objc/j2objc-annotations/1.1/ed28ded51a8b1c6b112568def5f4b455e6809019/j2objc-annotations-1.1.jar:/Users/dzmitryplatonov/.gradle/caches/modules-2/files-2.1/org.codehaus.mojo/animal-sniffer-annotations/1.17/f97ce6decaea32b36101e37979f8b647f00681fb/animal-sniffer-annotations-1.17.jar:/Users/dzmitryplatonov/.gradle/caches/modules-2/files-2.1/org.codehaus.jackson/jackson-core-asl/1.9.13/3c304d70f42f832e0a86d45bd437f692129299a4/jackson-core-asl-1.9.13.jar:/Users/dzmitryplatonov/.gradle/caches/modules-2/files-2.1/org.bouncycastle/bcprov-jdk15on/1.60/bd47ad3bd14b8e82595c7adaa143501e60842a84/bcprov-jdk15on-1.60.jar:/Users/dzmitryplatonov/.m2/repository/javax/activation/activation/1.1/activation-1.1.jar:/Users/dzmitryplatonov/.m2/repository/net/minidev/accessors-smart/1.2/accessors-smart-1.2.jar:/Users/dzmitryplatonov/.gradle/caches/modules-2/files-2.1/asm/asm/3.1/c157def142714c544bdea2e6144645702adf7097/asm-3.1.jar:/Users/dzmitryplatonov/.m2/repository/xml-apis/xml-apis/1.4.01/xml-apis-1.4.01.jar:/Users/dzmitryplatonov/.m2/repository/ch/qos/logback/logback-core/1.2.3/logback-core-1.2.3.jar:/Users/dzmitryplatonov/.gradle/caches/modules-2/files-2.1/org.apache.tomcat/tomcat-annotations-api/9.0.26/bb4574456c5db64acfcd2aa6f426d87e6c05a772/tomcat-annotations-api-9.0.26.jar:/Users/dzmitryplatonov/.m2/repository/org/ow2/asm/asm/5.0.4/asm-5.0.4.jar, java.vm.vendor=Oracle Corporation, sun.arch.data.model=64, user.variant=, java.vendor.url=http://java.oracle.com/, user.timezone=Europe/Minsk, os.name=Mac OS X, java.vm.specification.version=11, javax.persistence.validation.mode=AUTO, user.country=BY, sun.java.launcher=SUN_STANDARD, sun.boot.library.path=/Library/Java/JavaVirtualMachines/jdk-11.0.4.jdk/Contents/Home/lib, sun.java.command=worker.org.gradle.process.internal.worker.GradleWorkerMain 'Gradle Test Executor 3', hibernate.transaction.jta.platform=org.hibernate.engine.transaction.jta.platform.internal.NoJtaPlatform@706f36f8, http.nonProxyHosts=local|*.local|169.254/16|*.169.254/16, javax.persistence.sharedCache.mode=UNSPECIFIED, jdk.debug=release, sun.cpu.endian=little, user.home=/Users/dzmitryplatonov, user.language=ru, java.specification.vendor=Oracle Corporation, org.gradle.native=false, java.version.date=2019-07-16, java.home=/Library/Java/JavaVirtualMachines/jdk-11.0.4.jdk/Contents/Home, file.separator=/, java.vm.compressedOopsMode=Zero based, line.separator=
, java.specification.name=Java Platform API Specification, java.vm.specification.vendor=Oracle Corporation, hibernate.transaction.coordinator_class=class org.hibernate.resource.transaction.backend.jdbc.internal.JdbcResourceLocalTransactionCoordinatorBuilderImpl, java.awt.graphicsenv=sun.awt.CGraphicsEnvironment, hibernate.hbm2ddl.auto=create-drop, sun.management.compiler=HotSpot 64-Bit Tiered Compilers, ftp.nonProxyHosts=local|*.local|169.254/16|*.169.254/16, java.runtime.version=11.0.4+10-LTS, user.name=dzmitryplatonov, path.separator=:, os.version=10.14.6, java.runtime.name=Java(TM) SE Runtime Environment, file.encoding=UTF-8, hibernate.ejb.persistenceUnitName=default, java.vm.name=Java HotSpot(TM) 64-Bit Server VM, java.vendor.version=18.9, java.vendor.url.bug=http://bugreport.java.com/bugreport/, java.io.tmpdir=/var/folders/nm/5f650mms7n577yq7w4kkdfl80000gn/T/, com.zaxxer.hikari.pool_number=1, java.version=11.0.4, hibernate.physical_naming_strategy=org.springframework.boot.orm.jpa.hibernate.SpringPhysicalNamingStrategy, user.dir=/Users/dzmitryplatonov/Desktop/workdir/giftcertificates/datasource, os.arch=x86_64, java.vm.specification.name=Java Virtual Machine Specification, java.awt.printerjob=sun.lwawt.macosx.CPrinterJob, sun.os.patch.level=unknown, hibernate.boot.CfgXmlAccessService.key=org.hibernate.boot.cfgxml.spi.LoadedConfig@74521eac, java.library.path=/Users/dzmitryplatonov/Library/Java/Extensions:/Library/Java/Extensions:/Network/Library/Java/Extensions:/System/Library/Java/Extensions:/usr/lib/java:., java.vendor=Oracle Corporation, java.vm.info=mixed mode, java.vm.version=11.0.4+10-LTS, hibernate.bytecode.use_reflection_optimizer=false, sun.io.unicode.encoding=UnicodeBig, hibernate.connection.datasource=HikariDataSource (HikariPool-13), socksNonProxyHosts=local|*.local|169.254/16|*.169.254/16, java.class.version=55.0}
17:03:34.105 [Test worker] DEBUG org.hibernate.validator.internal.engine.resolver.TraversableResolvers - Found javax.persistence.Persistence on classpath containing 'getPersistenceUtil'. Assuming JPA 2 environment. Trying to instantiate JPA aware TraversableResolver
17:03:34.105 [Test worker] DEBUG org.hibernate.validator.internal.engine.resolver.TraversableResolvers - Instantiated JPA aware TraversableResolver of type org.hibernate.validator.internal.engine.resolver.JPATraversableResolver.
17:03:34.106 [Test worker] DEBUG org.hibernate.validator.internal.xml.config.ValidationXmlParser - Trying to load META-INF/validation.xml for XML based Validator configuration.
17:03:34.106 [Test worker] DEBUG org.hibernate.validator.internal.xml.config.ResourceLoaderHelper - Trying to load META-INF/validation.xml via TCCL
17:03:34.106 [Test worker] DEBUG org.hibernate.validator.internal.xml.config.ResourceLoaderHelper - Trying to load META-INF/validation.xml via Hibernate Validator's class loader
17:03:34.106 [Test worker] DEBUG org.hibernate.validator.internal.xml.config.ValidationXmlParser - No META-INF/validation.xml found. Using annotation based configuration only.
17:03:34.111 [Test worker] DEBUG org.hibernate.validator.messageinterpolation.ResourceBundleMessageInterpolator - Loaded expression factory via original TCCL
17:03:34.111 [Test worker] DEBUG org.hibernate.validator.internal.engine.ValidatorFactoryImpl - HV000234: Using org.hibernate.validator.messageinterpolation.ResourceBundleMessageInterpolator as ValidatorFactory-scoped message interpolator.
17:03:34.111 [Test worker] DEBUG org.hibernate.validator.internal.engine.ValidatorFactoryImpl - HV000234: Using org.hibernate.validator.internal.engine.resolver.JPATraversableResolver as ValidatorFactory-scoped traversable resolver.
17:03:34.111 [Test worker] DEBUG org.hibernate.validator.internal.engine.ValidatorFactoryImpl - HV000234: Using org.hibernate.validator.internal.util.ExecutableParameterNameProvider as ValidatorFactory-scoped parameter name provider.
17:03:34.111 [Test worker] DEBUG org.hibernate.validator.internal.engine.ValidatorFactoryImpl - HV000234: Using org.hibernate.validator.internal.engine.DefaultClockProvider as ValidatorFactory-scoped clock provider.
17:03:34.111 [Test worker] DEBUG org.hibernate.validator.internal.engine.ValidatorFactoryImpl - HV000234: Using org.hibernate.validator.internal.engine.scripting.DefaultScriptEvaluatorFactory as ValidatorFactory-scoped script evaluator factory.
17:03:34.111 [Test worker] DEBUG org.hibernate.boot.internal.ClassLoaderAccessImpl - Not known whether passed class name [com.epam.esm.entity.Order] is safe
17:03:34.111 [Test worker] DEBUG org.hibernate.boot.internal.ClassLoaderAccessImpl - No temp ClassLoader provided; using live ClassLoader for loading potentially unsafe class : com.epam.esm.entity.Order
17:03:34.113 [Test worker] DEBUG org.hibernate.boot.internal.ClassLoaderAccessImpl - Not known whether passed class name [com.epam.esm.entity.GiftCertificate] is safe
17:03:34.113 [Test worker] DEBUG org.hibernate.boot.internal.ClassLoaderAccessImpl - No temp ClassLoader provided; using live ClassLoader for loading potentially unsafe class : com.epam.esm.entity.GiftCertificate
17:03:34.115 [Test worker] DEBUG org.hibernate.boot.internal.ClassLoaderAccessImpl - Not known whether passed class name [com.epam.esm.entity.User] is safe
17:03:34.115 [Test worker] DEBUG org.hibernate.boot.internal.ClassLoaderAccessImpl - No temp ClassLoader provided; using live ClassLoader for loading potentially unsafe class : com.epam.esm.entity.User
17:03:34.117 [Test worker] DEBUG org.hibernate.boot.internal.ClassLoaderAccessImpl - Not known whether passed class name [com.epam.esm.entity.Entity] is safe
17:03:34.117 [Test worker] DEBUG org.hibernate.boot.internal.ClassLoaderAccessImpl - No temp ClassLoader provided; using live ClassLoader for loading potentially unsafe class : com.epam.esm.entity.Entity
17:03:34.117 [Test worker] DEBUG org.hibernate.boot.internal.ClassLoaderAccessImpl - Not known whether passed class name [com.epam.esm.entity.Tag] is safe
17:03:34.117 [Test worker] DEBUG org.hibernate.boot.internal.ClassLoaderAccessImpl - No temp ClassLoader provided; using live ClassLoader for loading potentially unsafe class : com.epam.esm.entity.Tag
17:03:34.118 [Test worker] DEBUG org.hibernate.boot.internal.ClassLoaderAccessImpl - Not known whether passed class name [com.epam.esm.entity.OrderCertificate] is safe
17:03:34.118 [Test worker] DEBUG org.hibernate.boot.internal.ClassLoaderAccessImpl - No temp ClassLoader provided; using live ClassLoader for loading potentially unsafe class : com.epam.esm.entity.OrderCertificate
17:03:34.119 [Test worker] DEBUG org.hibernate.boot.internal.ClassLoaderAccessImpl - Not known whether passed class name [com.epam.esm.entity.Role] is safe
17:03:34.119 [Test worker] DEBUG org.hibernate.boot.internal.ClassLoaderAccessImpl - No temp ClassLoader provided; using live ClassLoader for loading potentially unsafe class : com.epam.esm.entity.Role
17:03:34.120 [Test worker] DEBUG org.hibernate.secure.spi.JaccIntegrator - Skipping JACC integration as it was not enabled
17:03:34.120 [Test worker] DEBUG org.hibernate.internal.SessionFactoryImpl - Instantiated session factory
17:03:34.120 [Test worker] DEBUG org.hibernate.type.spi.TypeConfiguration$Scope - Scoping TypeConfiguration [org.hibernate.type.spi.TypeConfiguration@48b30bf7] to SessionFactoryImpl [org.hibernate.internal.SessionFactoryImpl@12129af4]
17:03:34.120 [Test worker] DEBUG org.hibernate.boot.internal.ClassLoaderAccessImpl - Not known whether passed class name [com.epam.esm.entity.Order] is safe
17:03:34.120 [Test worker] DEBUG org.hibernate.boot.internal.ClassLoaderAccessImpl - No temp ClassLoader provided; using live ClassLoader for loading potentially unsafe class : com.epam.esm.entity.Order
17:03:34.121 [Test worker] DEBUG org.hibernate.boot.internal.ClassLoaderAccessImpl - Not known whether passed class name [com.epam.esm.entity.Order] is safe
17:03:34.121 [Test worker] DEBUG org.hibernate.boot.internal.ClassLoaderAccessImpl - No temp ClassLoader provided; using live ClassLoader for loading potentially unsafe class : com.epam.esm.entity.Order
17:03:34.128 [Test worker] DEBUG org.hibernate.boot.internal.ClassLoaderAccessImpl - Not known whether passed class name [com.epam.esm.entity.GiftCertificate] is safe
17:03:34.128 [Test worker] DEBUG org.hibernate.boot.internal.ClassLoaderAccessImpl - No temp ClassLoader provided; using live ClassLoader for loading potentially unsafe class : com.epam.esm.entity.GiftCertificate
17:03:34.128 [Test worker] DEBUG org.hibernate.boot.internal.ClassLoaderAccessImpl - Not known whether passed class name [com.epam.esm.entity.GiftCertificate] is safe
17:03:34.128 [Test worker] DEBUG org.hibernate.boot.internal.ClassLoaderAccessImpl - No temp ClassLoader provided; using live ClassLoader for loading potentially unsafe class : com.epam.esm.entity.GiftCertificate
17:03:34.137 [Test worker] DEBUG org.hibernate.boot.internal.ClassLoaderAccessImpl - Not known whether passed class name [com.epam.esm.entity.User] is safe
17:03:34.137 [Test worker] DEBUG org.hibernate.boot.internal.ClassLoaderAccessImpl - No temp ClassLoader provided; using live ClassLoader for loading potentially unsafe class : com.epam.esm.entity.User
17:03:34.137 [Test worker] DEBUG org.hibernate.boot.internal.ClassLoaderAccessImpl - Not known whether passed class name [com.epam.esm.entity.User] is safe
17:03:34.137 [Test worker] DEBUG org.hibernate.boot.internal.ClassLoaderAccessImpl - No temp ClassLoader provided; using live ClassLoader for loading potentially unsafe class : com.epam.esm.entity.User
17:03:34.143 [Test worker] DEBUG org.hibernate.boot.internal.ClassLoaderAccessImpl - Not known whether passed class name [com.epam.esm.entity.Entity] is safe
17:03:34.143 [Test worker] DEBUG org.hibernate.boot.internal.ClassLoaderAccessImpl - No temp ClassLoader provided; using live ClassLoader for loading potentially unsafe class : com.epam.esm.entity.Entity
17:03:34.143 [Test worker] DEBUG org.hibernate.boot.internal.ClassLoaderAccessImpl - Not known whether passed class name [com.epam.esm.entity.Entity] is safe
17:03:34.143 [Test worker] DEBUG org.hibernate.boot.internal.ClassLoaderAccessImpl - No temp ClassLoader provided; using live ClassLoader for loading potentially unsafe class : com.epam.esm.entity.Entity
17:03:34.146 [Test worker] DEBUG org.hibernate.boot.internal.ClassLoaderAccessImpl - Not known whether passed class name [com.epam.esm.entity.Tag] is safe
17:03:34.146 [Test worker] DEBUG org.hibernate.boot.internal.ClassLoaderAccessImpl - No temp ClassLoader provided; using live ClassLoader for loading potentially unsafe class : com.epam.esm.entity.Tag
17:03:34.147 [Test worker] DEBUG org.hibernate.boot.internal.ClassLoaderAccessImpl - Not known whether passed class name [com.epam.esm.entity.Tag] is safe
17:03:34.147 [Test worker] DEBUG org.hibernate.boot.internal.ClassLoaderAccessImpl - No temp ClassLoader provided; using live ClassLoader for loading potentially unsafe class : com.epam.esm.entity.Tag
17:03:34.150 [Test worker] DEBUG org.hibernate.boot.internal.ClassLoaderAccessImpl - Not known whether passed class name [com.epam.esm.entity.OrderCertificate] is safe
17:03:34.150 [Test worker] DEBUG org.hibernate.boot.internal.ClassLoaderAccessImpl - No temp ClassLoader provided; using live ClassLoader for loading potentially unsafe class : com.epam.esm.entity.OrderCertificate
17:03:34.150 [Test worker] DEBUG org.hibernate.boot.internal.ClassLoaderAccessImpl - Not known whether passed class name [com.epam.esm.entity.OrderCertificate] is safe
17:03:34.150 [Test worker] DEBUG org.hibernate.boot.internal.ClassLoaderAccessImpl - No temp ClassLoader provided; using live ClassLoader for loading potentially unsafe class : com.epam.esm.entity.OrderCertificate
17:03:34.155 [Test worker] DEBUG org.hibernate.boot.internal.ClassLoaderAccessImpl - Not known whether passed class name [com.epam.esm.entity.Role] is safe
17:03:34.155 [Test worker] DEBUG org.hibernate.boot.internal.ClassLoaderAccessImpl - No temp ClassLoader provided; using live ClassLoader for loading potentially unsafe class : com.epam.esm.entity.Role
17:03:34.155 [Test worker] DEBUG org.hibernate.boot.internal.ClassLoaderAccessImpl - Not known whether passed class name [com.epam.esm.entity.Role] is safe
17:03:34.155 [Test worker] DEBUG org.hibernate.boot.internal.ClassLoaderAccessImpl - No temp ClassLoader provided; using live ClassLoader for loading potentially unsafe class : com.epam.esm.entity.Role
17:03:34.160 [Test worker] DEBUG org.hibernate.persister.collection.AbstractCollectionPersister - Static SQL for collection: com.epam.esm.entity.GiftCertificate.tags
17:03:34.160 [Test worker] DEBUG org.hibernate.persister.collection.AbstractCollectionPersister -  Row insert: insert into certificate_tag (certificate_id, tag_id) values (?, ?)
17:03:34.160 [Test worker] DEBUG org.hibernate.persister.collection.AbstractCollectionPersister -  Row update: update certificate_tag set tag_id=? where certificate_id=? and tag_id=?
17:03:34.160 [Test worker] DEBUG org.hibernate.persister.collection.AbstractCollectionPersister -  Row delete: delete from certificate_tag where certificate_id=? and tag_id=?
17:03:34.160 [Test worker] DEBUG org.hibernate.persister.collection.AbstractCollectionPersister -  One-shot delete: delete from certificate_tag where certificate_id=?
17:03:34.160 [Test worker] DEBUG org.hibernate.persister.collection.AbstractCollectionPersister - Static SQL for collection: com.epam.esm.entity.Order.orderCertificates
17:03:34.160 [Test worker] DEBUG org.hibernate.persister.collection.AbstractCollectionPersister -  Row insert: update order_certificate set order_id=? where id=?
17:03:34.160 [Test worker] DEBUG org.hibernate.persister.collection.AbstractCollectionPersister -  Row update: update order_certificate set  where id=?
17:03:34.160 [Test worker] DEBUG org.hibernate.persister.collection.AbstractCollectionPersister -  Row delete: update order_certificate set order_id=null where order_id=? and id=?
17:03:34.160 [Test worker] DEBUG org.hibernate.persister.collection.AbstractCollectionPersister -  One-shot delete: update order_certificate set order_id=null where order_id=?
17:03:34.160 [Test worker] DEBUG org.hibernate.persister.collection.AbstractCollectionPersister - Static SQL for collection: com.epam.esm.entity.GiftCertificate.orderCertificates
17:03:34.160 [Test worker] DEBUG org.hibernate.persister.collection.AbstractCollectionPersister -  Row insert: update order_certificate set certificate_id=? where id=?
17:03:34.160 [Test worker] DEBUG org.hibernate.persister.collection.AbstractCollectionPersister -  Row update: update order_certificate set  where id=?
17:03:34.160 [Test worker] DEBUG org.hibernate.persister.collection.AbstractCollectionPersister -  Row delete: update order_certificate set certificate_id=null where certificate_id=? and id=?
17:03:34.160 [Test worker] DEBUG org.hibernate.persister.collection.AbstractCollectionPersister -  One-shot delete: update order_certificate set certificate_id=null where certificate_id=?
17:03:34.160 [Test worker] DEBUG org.hibernate.persister.collection.AbstractCollectionPersister - Static SQL for collection: com.epam.esm.entity.User.orders
17:03:34.160 [Test worker] DEBUG org.hibernate.persister.collection.AbstractCollectionPersister -  Row insert: update application_order set user_id=? where id=?
17:03:34.160 [Test worker] DEBUG org.hibernate.persister.collection.AbstractCollectionPersister -  Row update: update application_order set  where id=?
17:03:34.160 [Test worker] DEBUG org.hibernate.persister.collection.AbstractCollectionPersister -  Row delete: update application_order set user_id=null where user_id=? and id=?
17:03:34.160 [Test worker] DEBUG org.hibernate.persister.collection.AbstractCollectionPersister -  One-shot delete: update application_order set user_id=null where user_id=?
17:03:34.160 [Test worker] DEBUG org.hibernate.persister.entity.AbstractEntityPersister - Static SQL for entity: com.epam.esm.entity.Order
17:03:34.160 [Test worker] DEBUG org.hibernate.persister.entity.AbstractEntityPersister -  Version select: select id from application_order where id =?
17:03:34.160 [Test worker] DEBUG org.hibernate.persister.entity.AbstractEntityPersister -  Snapshot select: select order_.id, order_.active_status as active_s2_0_, order_.created_at as created_3_0_, order_.user_id as user_id4_0_ from application_order order_ where order_.id=?
17:03:34.160 [Test worker] DEBUG org.hibernate.persister.entity.AbstractEntityPersister -  Insert 0: insert into application_order (active_status, created_at, user_id, id) values (?, ?, ?, ?)
17:03:34.160 [Test worker] DEBUG org.hibernate.persister.entity.AbstractEntityPersister -  Update 0: update application_order set active_status=?, created_at=?, user_id=? where id=?
17:03:34.160 [Test worker] DEBUG org.hibernate.persister.entity.AbstractEntityPersister -  Delete 0: delete from application_order where id=?
17:03:34.160 [Test worker] DEBUG org.hibernate.persister.entity.AbstractEntityPersister -  Identity insert: insert into application_order (id, active_status, created_at, user_id) values (null, ?, ?, ?)
17:03:34.161 [Test worker] DEBUG org.hibernate.loader.plan.build.internal.spaces.QuerySpacesImpl - Adding QuerySpace : uid = <gen:0> -> org.hibernate.loader.plan.build.internal.spaces.EntityQuerySpaceImpl@4c95135a]
17:03:34.161 [Test worker] DEBUG org.hibernate.persister.walking.spi.MetamodelGraphWalker - Visiting attribute path : activeStatus
17:03:34.161 [Test worker] DEBUG org.hibernate.persister.walking.spi.MetamodelGraphWalker - Visiting attribute path : createdAt
17:03:34.161 [Test worker] DEBUG org.hibernate.persister.walking.spi.MetamodelGraphWalker - Visiting attribute path : orderCertificates
17:03:34.161 [Test worker] DEBUG org.hibernate.loader.plan.build.internal.spaces.QuerySpacesImpl - Adding QuerySpace : uid = <gen:1> -> org.hibernate.loader.plan.build.internal.spaces.CollectionQuerySpaceImpl@2bd94344]
17:03:34.161 [Test worker] DEBUG org.hibernate.loader.plan.build.internal.spaces.QuerySpacesImpl - Adding QuerySpace : uid = <gen:2> -> org.hibernate.loader.plan.build.internal.spaces.EntityQuerySpaceImpl@3df48072]
17:03:34.161 [Test worker] DEBUG org.hibernate.persister.walking.spi.MetamodelGraphWalker - Visiting attribute path : user
17:03:34.161 [Test worker] DEBUG org.hibernate.loader.plan.build.internal.spaces.QuerySpacesImpl - Adding QuerySpace : uid = <gen:3> -> org.hibernate.loader.plan.build.internal.spaces.EntityQuerySpaceImpl@599f4b55]
17:03:34.161 [Test worker] DEBUG org.hibernate.persister.walking.spi.MetamodelGraphWalker - Visiting attribute path : user.email
17:03:34.161 [Test worker] DEBUG org.hibernate.persister.walking.spi.MetamodelGraphWalker - Visiting attribute path : user.orders
17:03:34.161 [Test worker] DEBUG org.hibernate.persister.walking.spi.MetamodelGraphWalker - Property path deemed to be circular : user.orders
17:03:34.161 [Test worker] DEBUG org.hibernate.persister.walking.spi.MetamodelGraphWalker - Visiting attribute path : user.password
17:03:34.161 [Test worker] DEBUG org.hibernate.persister.walking.spi.MetamodelGraphWalker - Visiting attribute path : user.refreshToken
17:03:34.161 [Test worker] DEBUG org.hibernate.persister.walking.spi.MetamodelGraphWalker - Visiting attribute path : user.role
17:03:34.161 [Test worker] DEBUG org.hibernate.loader.plan.build.internal.spaces.QuerySpacesImpl - Adding QuerySpace : uid = <gen:4> -> org.hibernate.loader.plan.build.internal.spaces.EntityQuerySpaceImpl@59278631]
17:03:34.161 [Test worker] DEBUG org.hibernate.persister.walking.spi.MetamodelGraphWalker - Visiting attribute path : user.role.value
17:03:34.161 [Test worker] DEBUG org.hibernate.loader.plan.build.internal.FetchStyleLoadPlanBuildingAssociationVisitationStrategy - Building LoadPlan...
17:03:34.162 [Test worker] DEBUG org.hibernate.loader.plan.exec.internal.LoadQueryJoinAndFetchProcessor - processing queryspace <gen:0>
17:03:34.162 [Test worker] DEBUG org.hibernate.loader.plan.build.spi.LoadPlanTreePrinter - LoadPlan(entity=com.epam.esm.entity.Order)
    - Returns
       - EntityReturnImpl(entity=com.epam.esm.entity.Order, querySpaceUid=<gen:0>, path=com.epam.esm.entity.Order)
          - CollectionAttributeFetchImpl(collection=com.epam.esm.entity.Order.orderCertificates, querySpaceUid=<gen:1>, path=com.epam.esm.entity.Order.orderCertificates)
             - (collection element) CollectionFetchableElementEntityGraph(entity=com.epam.esm.entity.OrderCertificate, querySpaceUid=<gen:2>, path=com.epam.esm.entity.Order.orderCertificates.<elements>)
          - EntityAttributeFetchImpl(entity=com.epam.esm.entity.User, querySpaceUid=<gen:3>, path=com.epam.esm.entity.Order.user)
             - EntityAttributeFetchImpl(entity=com.epam.esm.entity.Role, querySpaceUid=<gen:4>, path=com.epam.esm.entity.Order.user.role)
    - QuerySpaces
       - EntityQuerySpaceImpl(uid=<gen:0>, entity=com.epam.esm.entity.Order)
          - SQL table alias mapping - order0_
          - alias suffix - 0_
          - suffixed key columns - {id1_0_0_}
          - JOIN (JoinDefinedByMetadata(user)) : <gen:0> -> <gen:3>
             - EntityQuerySpaceImpl(uid=<gen:3>, entity=com.epam.esm.entity.User)
                - SQL table alias mapping - user1_
                - alias suffix - 1_
                - suffixed key columns - {id1_2_1_}
                - JOIN (JoinDefinedByMetadata(role)) : <gen:3> -> <gen:4>
                   - EntityQuerySpaceImpl(uid=<gen:4>, entity=com.epam.esm.entity.Role)
                      - SQL table alias mapping - role2_
                      - alias suffix - 2_
                      - suffixed key columns - {id1_1_2_}

17:03:34.162 [Test worker] DEBUG org.hibernate.loader.entity.plan.EntityLoader - Static select for entity com.epam.esm.entity.Order [NONE]: select order0_.id as id1_0_0_, order0_.active_status as active_s2_0_0_, order0_.created_at as created_3_0_0_, order0_.user_id as user_id4_0_0_, user1_.id as id1_2_1_, user1_.email as email2_2_1_, user1_.password as password3_2_1_, user1_.refresh_token as refresh_4_2_1_, user1_.role_id as role_id5_2_1_, role2_.id as id1_1_2_, role2_.value as value2_1_2_ from application_order order0_ left outer join application_user user1_ on order0_.user_id=user1_.id left outer join application_role role2_ on user1_.role_id=role2_.id where order0_.id=?
17:03:34.162 [Test worker] DEBUG org.hibernate.loader.plan.build.internal.spaces.QuerySpacesImpl - Adding QuerySpace : uid = <gen:0> -> org.hibernate.loader.plan.build.internal.spaces.EntityQuerySpaceImpl@632f54c8]
17:03:34.162 [Test worker] DEBUG org.hibernate.persister.walking.spi.MetamodelGraphWalker - Visiting attribute path : activeStatus
17:03:34.162 [Test worker] DEBUG org.hibernate.persister.walking.spi.MetamodelGraphWalker - Visiting attribute path : createdAt
17:03:34.162 [Test worker] DEBUG org.hibernate.persister.walking.spi.MetamodelGraphWalker - Visiting attribute path : orderCertificates
17:03:34.162 [Test worker] DEBUG org.hibernate.loader.plan.build.internal.spaces.QuerySpacesImpl - Adding QuerySpace : uid = <gen:1> -> org.hibernate.loader.plan.build.internal.spaces.CollectionQuerySpaceImpl@17c0d253]
17:03:34.162 [Test worker] DEBUG org.hibernate.loader.plan.build.internal.spaces.QuerySpacesImpl - Adding QuerySpace : uid = <gen:2> -> org.hibernate.loader.plan.build.internal.spaces.EntityQuerySpaceImpl@1c51881e]
17:03:34.162 [Test worker] DEBUG org.hibernate.persister.walking.spi.MetamodelGraphWalker - Visiting attribute path : user
17:03:34.162 [Test worker] DEBUG org.hibernate.loader.plan.build.internal.spaces.QuerySpacesImpl - Adding QuerySpace : uid = <gen:3> -> org.hibernate.loader.plan.build.internal.spaces.EntityQuerySpaceImpl@5411648]
17:03:34.162 [Test worker] DEBUG org.hibernate.persister.walking.spi.MetamodelGraphWalker - Visiting attribute path : user.email
17:03:34.162 [Test worker] DEBUG org.hibernate.persister.walking.spi.MetamodelGraphWalker - Visiting attribute path : user.orders
17:03:34.162 [Test worker] DEBUG org.hibernate.persister.walking.spi.MetamodelGraphWalker - Property path deemed to be circular : user.orders
17:03:34.162 [Test worker] DEBUG org.hibernate.persister.walking.spi.MetamodelGraphWalker - Visiting attribute path : user.password
17:03:34.162 [Test worker] DEBUG org.hibernate.persister.walking.spi.MetamodelGraphWalker - Visiting attribute path : user.refreshToken
17:03:34.163 [Test worker] DEBUG org.hibernate.persister.walking.spi.MetamodelGraphWalker - Visiting attribute path : user.role
17:03:34.163 [Test worker] DEBUG org.hibernate.loader.plan.build.internal.spaces.QuerySpacesImpl - Adding QuerySpace : uid = <gen:4> -> org.hibernate.loader.plan.build.internal.spaces.EntityQuerySpaceImpl@78fc1560]
17:03:34.163 [Test worker] DEBUG org.hibernate.persister.walking.spi.MetamodelGraphWalker - Visiting attribute path : user.role.value
17:03:34.163 [Test worker] DEBUG org.hibernate.loader.plan.build.internal.FetchStyleLoadPlanBuildingAssociationVisitationStrategy - Building LoadPlan...
17:03:34.163 [Test worker] DEBUG org.hibernate.loader.plan.exec.internal.LoadQueryJoinAndFetchProcessor - processing queryspace <gen:0>
17:03:34.163 [Test worker] DEBUG org.hibernate.loader.plan.build.spi.LoadPlanTreePrinter - LoadPlan(entity=com.epam.esm.entity.Order)
    - Returns
       - EntityReturnImpl(entity=com.epam.esm.entity.Order, querySpaceUid=<gen:0>, path=com.epam.esm.entity.Order)
          - CollectionAttributeFetchImpl(collection=com.epam.esm.entity.Order.orderCertificates, querySpaceUid=<gen:1>, path=com.epam.esm.entity.Order.orderCertificates)
             - (collection element) CollectionFetchableElementEntityGraph(entity=com.epam.esm.entity.OrderCertificate, querySpaceUid=<gen:2>, path=com.epam.esm.entity.Order.orderCertificates.<elements>)
          - EntityAttributeFetchImpl(entity=com.epam.esm.entity.User, querySpaceUid=<gen:3>, path=com.epam.esm.entity.Order.user)
             - EntityAttributeFetchImpl(entity=com.epam.esm.entity.Role, querySpaceUid=<gen:4>, path=com.epam.esm.entity.Order.user.role)
    - QuerySpaces
       - EntityQuerySpaceImpl(uid=<gen:0>, entity=com.epam.esm.entity.Order)
          - SQL table alias mapping - order0_
          - alias suffix - 0_
          - suffixed key columns - {id1_0_0_}
          - JOIN (JoinDefinedByMetadata(user)) : <gen:0> -> <gen:3>
             - EntityQuerySpaceImpl(uid=<gen:3>, entity=com.epam.esm.entity.User)
                - SQL table alias mapping - user1_
                - alias suffix - 1_
                - suffixed key columns - {id1_2_1_}
                - JOIN (JoinDefinedByMetadata(role)) : <gen:3> -> <gen:4>
                   - EntityQuerySpaceImpl(uid=<gen:4>, entity=com.epam.esm.entity.Role)
                      - SQL table alias mapping - role2_
                      - alias suffix - 2_
                      - suffixed key columns - {id1_1_2_}

17:03:34.163 [Test worker] DEBUG org.hibernate.loader.entity.plan.EntityLoader - Static select for entity com.epam.esm.entity.Order [READ]: select order0_.id as id1_0_0_, order0_.active_status as active_s2_0_0_, order0_.created_at as created_3_0_0_, order0_.user_id as user_id4_0_0_, user1_.id as id1_2_1_, user1_.email as email2_2_1_, user1_.password as password3_2_1_, user1_.refresh_token as refresh_4_2_1_, user1_.role_id as role_id5_2_1_, role2_.id as id1_1_2_, role2_.value as value2_1_2_ from application_order order0_ left outer join application_user user1_ on order0_.user_id=user1_.id left outer join application_role role2_ on user1_.role_id=role2_.id where order0_.id=?
17:03:34.163 [Test worker] DEBUG org.hibernate.loader.Loader - Static select for action ACTION_MERGE on entity com.epam.esm.entity.Order: select order0_.id as id1_0_0_, order0_.active_status as active_s2_0_0_, order0_.created_at as created_3_0_0_, order0_.user_id as user_id4_0_0_ from application_order order0_ where order0_.id=?
17:03:34.164 [Test worker] DEBUG org.hibernate.loader.Loader - Static select for action ACTION_REFRESH on entity com.epam.esm.entity.Order: select order0_.id as id1_0_0_, order0_.active_status as active_s2_0_0_, order0_.created_at as created_3_0_0_, order0_.user_id as user_id4_0_0_ from application_order order0_ where order0_.id=?
17:03:34.164 [Test worker] DEBUG org.hibernate.persister.entity.AbstractEntityPersister - Static SQL for entity: com.epam.esm.entity.GiftCertificate
17:03:34.164 [Test worker] DEBUG org.hibernate.persister.entity.AbstractEntityPersister -  Version select: select id from certificate where id =?
17:03:34.164 [Test worker] DEBUG org.hibernate.persister.entity.AbstractEntityPersister -  Snapshot select: select giftcertif_.id, giftcertif_.active_status as active_s2_3_, giftcertif_.creation_date as creation3_3_, giftcertif_.description as descript4_3_, giftcertif_.expiration_date as expirati5_3_, giftcertif_.modification_date as modifica6_3_, giftcertif_.name as name7_3_, giftcertif_.price as price8_3_ from certificate giftcertif_ where giftcertif_.id=?
17:03:34.164 [Test worker] DEBUG org.hibernate.persister.entity.AbstractEntityPersister -  Insert 0: insert into certificate (active_status, creation_date, description, expiration_date, modification_date, name, price, id) values (?, ?, ?, ?, ?, ?, ?, ?)
17:03:34.164 [Test worker] DEBUG org.hibernate.persister.entity.AbstractEntityPersister -  Update 0: update certificate set active_status=?, creation_date=?, description=?, expiration_date=?, modification_date=?, name=?, price=? where id=?
17:03:34.164 [Test worker] DEBUG org.hibernate.persister.entity.AbstractEntityPersister -  Delete 0: delete from certificate where id=?
17:03:34.164 [Test worker] DEBUG org.hibernate.persister.entity.AbstractEntityPersister -  Identity insert: insert into certificate (id, active_status, creation_date, description, expiration_date, modification_date, name, price) values (null, ?, ?, ?, ?, ?, ?, ?)
17:03:34.164 [Test worker] DEBUG org.hibernate.loader.plan.build.internal.spaces.QuerySpacesImpl - Adding QuerySpace : uid = <gen:0> -> org.hibernate.loader.plan.build.internal.spaces.EntityQuerySpaceImpl@6503cb08]
17:03:34.164 [Test worker] DEBUG org.hibernate.persister.walking.spi.MetamodelGraphWalker - Visiting attribute path : activeStatus
17:03:34.164 [Test worker] DEBUG org.hibernate.persister.walking.spi.MetamodelGraphWalker - Visiting attribute path : creationDate
17:03:34.164 [Test worker] DEBUG org.hibernate.persister.walking.spi.MetamodelGraphWalker - Visiting attribute path : description
17:03:34.164 [Test worker] DEBUG org.hibernate.persister.walking.spi.MetamodelGraphWalker - Visiting attribute path : expirationDate
17:03:34.164 [Test worker] DEBUG org.hibernate.persister.walking.spi.MetamodelGraphWalker - Visiting attribute path : modificationDate
17:03:34.164 [Test worker] DEBUG org.hibernate.persister.walking.spi.MetamodelGraphWalker - Visiting attribute path : name
17:03:34.164 [Test worker] DEBUG org.hibernate.persister.walking.spi.MetamodelGraphWalker - Visiting attribute path : orderCertificates
17:03:34.164 [Test worker] DEBUG org.hibernate.loader.plan.build.internal.spaces.QuerySpacesImpl - Adding QuerySpace : uid = <gen:1> -> org.hibernate.loader.plan.build.internal.spaces.CollectionQuerySpaceImpl@6c60d676]
17:03:34.164 [Test worker] DEBUG org.hibernate.loader.plan.build.internal.spaces.QuerySpacesImpl - Adding QuerySpace : uid = <gen:2> -> org.hibernate.loader.plan.build.internal.spaces.EntityQuerySpaceImpl@6f860548]
17:03:34.164 [Test worker] DEBUG org.hibernate.persister.walking.spi.MetamodelGraphWalker - Visiting attribute path : price
17:03:34.164 [Test worker] DEBUG org.hibernate.persister.walking.spi.MetamodelGraphWalker - Visiting attribute path : tags
17:03:34.165 [Test worker] DEBUG org.hibernate.loader.plan.build.internal.spaces.QuerySpacesImpl - Adding QuerySpace : uid = <gen:3> -> org.hibernate.loader.plan.build.internal.spaces.CollectionQuerySpaceImpl@1426d83b]
17:03:34.165 [Test worker] DEBUG org.hibernate.loader.plan.build.internal.spaces.QuerySpacesImpl - Adding QuerySpace : uid = <gen:4> -> org.hibernate.loader.plan.build.internal.spaces.EntityQuerySpaceImpl@1cd50b83]
17:03:34.165 [Test worker] DEBUG org.hibernate.loader.plan.build.internal.FetchStyleLoadPlanBuildingAssociationVisitationStrategy - Building LoadPlan...
17:03:34.165 [Test worker] DEBUG org.hibernate.loader.plan.exec.internal.LoadQueryJoinAndFetchProcessor - processing queryspace <gen:0>
17:03:34.165 [Test worker] DEBUG org.hibernate.loader.plan.build.spi.LoadPlanTreePrinter - LoadPlan(entity=com.epam.esm.entity.GiftCertificate)
    - Returns
       - EntityReturnImpl(entity=com.epam.esm.entity.GiftCertificate, querySpaceUid=<gen:0>, path=com.epam.esm.entity.GiftCertificate)
          - CollectionAttributeFetchImpl(collection=com.epam.esm.entity.GiftCertificate.orderCertificates, querySpaceUid=<gen:1>, path=com.epam.esm.entity.GiftCertificate.orderCertificates)
             - (collection element) CollectionFetchableElementEntityGraph(entity=com.epam.esm.entity.OrderCertificate, querySpaceUid=<gen:2>, path=com.epam.esm.entity.GiftCertificate.orderCertificates.<elements>)
          - CollectionAttributeFetchImpl(collection=com.epam.esm.entity.GiftCertificate.tags, querySpaceUid=<gen:3>, path=com.epam.esm.entity.GiftCertificate.tags)
             - (collection element) CollectionFetchableElementEntityGraph(entity=com.epam.esm.entity.Tag, querySpaceUid=<gen:4>, path=com.epam.esm.entity.GiftCertificate.tags.<elements>)
    - QuerySpaces
       - EntityQuerySpaceImpl(uid=<gen:0>, entity=com.epam.esm.entity.GiftCertificate)
          - SQL table alias mapping - giftcertif0_
          - alias suffix - 0_
          - suffixed key columns - {id1_3_0_}

17:03:34.165 [Test worker] DEBUG org.hibernate.loader.entity.plan.EntityLoader - Static select for entity com.epam.esm.entity.GiftCertificate [NONE]: select giftcertif0_.id as id1_3_0_, giftcertif0_.active_status as active_s2_3_0_, giftcertif0_.creation_date as creation3_3_0_, giftcertif0_.description as descript4_3_0_, giftcertif0_.expiration_date as expirati5_3_0_, giftcertif0_.modification_date as modifica6_3_0_, giftcertif0_.name as name7_3_0_, giftcertif0_.price as price8_3_0_ from certificate giftcertif0_ where giftcertif0_.id=?
17:03:34.165 [Test worker] DEBUG org.hibernate.loader.plan.build.internal.spaces.QuerySpacesImpl - Adding QuerySpace : uid = <gen:0> -> org.hibernate.loader.plan.build.internal.spaces.EntityQuerySpaceImpl@76ecbd09]
17:03:34.165 [Test worker] DEBUG org.hibernate.persister.walking.spi.MetamodelGraphWalker - Visiting attribute path : activeStatus
17:03:34.165 [Test worker] DEBUG org.hibernate.persister.walking.spi.MetamodelGraphWalker - Visiting attribute path : creationDate
17:03:34.165 [Test worker] DEBUG org.hibernate.persister.walking.spi.MetamodelGraphWalker - Visiting attribute path : description
17:03:34.165 [Test worker] DEBUG org.hibernate.persister.walking.spi.MetamodelGraphWalker - Visiting attribute path : expirationDate
17:03:34.165 [Test worker] DEBUG org.hibernate.persister.walking.spi.MetamodelGraphWalker - Visiting attribute path : modificationDate
17:03:34.165 [Test worker] DEBUG org.hibernate.persister.walking.spi.MetamodelGraphWalker - Visiting attribute path : name
17:03:34.165 [Test worker] DEBUG org.hibernate.persister.walking.spi.MetamodelGraphWalker - Visiting attribute path : orderCertificates
17:03:34.165 [Test worker] DEBUG org.hibernate.loader.plan.build.internal.spaces.QuerySpacesImpl - Adding QuerySpace : uid = <gen:1> -> org.hibernate.loader.plan.build.internal.spaces.CollectionQuerySpaceImpl@b5ab8c1]
17:03:34.165 [Test worker] DEBUG org.hibernate.loader.plan.build.internal.spaces.QuerySpacesImpl - Adding QuerySpace : uid = <gen:2> -> org.hibernate.loader.plan.build.internal.spaces.EntityQuerySpaceImpl@3f67233a]
17:03:34.165 [Test worker] DEBUG org.hibernate.persister.walking.spi.MetamodelGraphWalker - Visiting attribute path : price
17:03:34.165 [Test worker] DEBUG org.hibernate.persister.walking.spi.MetamodelGraphWalker - Visiting attribute path : tags
17:03:34.165 [Test worker] DEBUG org.hibernate.loader.plan.build.internal.spaces.QuerySpacesImpl - Adding QuerySpace : uid = <gen:3> -> org.hibernate.loader.plan.build.internal.spaces.CollectionQuerySpaceImpl@2cf0c52a]
17:03:34.165 [Test worker] DEBUG org.hibernate.loader.plan.build.internal.spaces.QuerySpacesImpl - Adding QuerySpace : uid = <gen:4> -> org.hibernate.loader.plan.build.internal.spaces.EntityQuerySpaceImpl@7fea0bef]
17:03:34.165 [Test worker] DEBUG org.hibernate.loader.plan.build.internal.FetchStyleLoadPlanBuildingAssociationVisitationStrategy - Building LoadPlan...
17:03:34.166 [Test worker] DEBUG org.hibernate.loader.plan.exec.internal.LoadQueryJoinAndFetchProcessor - processing queryspace <gen:0>
17:03:34.166 [Test worker] DEBUG org.hibernate.loader.plan.build.spi.LoadPlanTreePrinter - LoadPlan(entity=com.epam.esm.entity.GiftCertificate)
    - Returns
       - EntityReturnImpl(entity=com.epam.esm.entity.GiftCertificate, querySpaceUid=<gen:0>, path=com.epam.esm.entity.GiftCertificate)
          - CollectionAttributeFetchImpl(collection=com.epam.esm.entity.GiftCertificate.orderCertificates, querySpaceUid=<gen:1>, path=com.epam.esm.entity.GiftCertificate.orderCertificates)
             - (collection element) CollectionFetchableElementEntityGraph(entity=com.epam.esm.entity.OrderCertificate, querySpaceUid=<gen:2>, path=com.epam.esm.entity.GiftCertificate.orderCertificates.<elements>)
          - CollectionAttributeFetchImpl(collection=com.epam.esm.entity.GiftCertificate.tags, querySpaceUid=<gen:3>, path=com.epam.esm.entity.GiftCertificate.tags)
             - (collection element) CollectionFetchableElementEntityGraph(entity=com.epam.esm.entity.Tag, querySpaceUid=<gen:4>, path=com.epam.esm.entity.GiftCertificate.tags.<elements>)
    - QuerySpaces
       - EntityQuerySpaceImpl(uid=<gen:0>, entity=com.epam.esm.entity.GiftCertificate)
          - SQL table alias mapping - giftcertif0_
          - alias suffix - 0_
          - suffixed key columns - {id1_3_0_}

17:03:34.166 [Test worker] DEBUG org.hibernate.loader.entity.plan.EntityLoader - Static select for entity com.epam.esm.entity.GiftCertificate [READ]: select giftcertif0_.id as id1_3_0_, giftcertif0_.active_status as active_s2_3_0_, giftcertif0_.creation_date as creation3_3_0_, giftcertif0_.description as descript4_3_0_, giftcertif0_.expiration_date as expirati5_3_0_, giftcertif0_.modification_date as modifica6_3_0_, giftcertif0_.name as name7_3_0_, giftcertif0_.price as price8_3_0_ from certificate giftcertif0_ where giftcertif0_.id=?
17:03:34.166 [HikariPool-13 housekeeper] DEBUG com.zaxxer.hikari.pool.HikariPool - HikariPool-13 - Pool stats (total=1, active=0, idle=1, waiting=0)
17:03:34.166 [Test worker] DEBUG org.hibernate.loader.Loader - Static select for action ACTION_MERGE on entity com.epam.esm.entity.GiftCertificate: select giftcertif0_.id as id1_3_2_, giftcertif0_.active_status as active_s2_3_2_, giftcertif0_.creation_date as creation3_3_2_, giftcertif0_.description as descript4_3_2_, giftcertif0_.expiration_date as expirati5_3_2_, giftcertif0_.modification_date as modifica6_3_2_, giftcertif0_.name as name7_3_2_, giftcertif0_.price as price8_3_2_, ordercerti1_.certificate_id as certific4_6_4_, ordercerti1_.id as id1_6_4_, ordercerti1_.id as id1_6_0_, ordercerti1_.certificate_id as certific4_6_0_, ordercerti1_.expiration_date as expirati2_6_0_, ordercerti1_.fixed_price as fixed_pr3_6_0_, ordercerti1_.order_id as order_id5_6_0_, order2_.id as id1_0_1_, order2_.active_status as active_s2_0_1_, order2_.created_at as created_3_0_1_, order2_.user_id as user_id4_0_1_ from certificate giftcertif0_ left outer join order_certificate ordercerti1_ on giftcertif0_.id=ordercerti1_.certificate_id left outer join application_order order2_ on ordercerti1_.order_id=order2_.id where giftcertif0_.id=?
17:03:34.167 [Test worker] DEBUG org.hibernate.loader.Loader - Static select for action ACTION_REFRESH on entity com.epam.esm.entity.GiftCertificate: select giftcertif0_.id as id1_3_2_, giftcertif0_.active_status as active_s2_3_2_, giftcertif0_.creation_date as creation3_3_2_, giftcertif0_.description as descript4_3_2_, giftcertif0_.expiration_date as expirati5_3_2_, giftcertif0_.modification_date as modifica6_3_2_, giftcertif0_.name as name7_3_2_, giftcertif0_.price as price8_3_2_, ordercerti1_.certificate_id as certific4_6_4_, ordercerti1_.id as id1_6_4_, ordercerti1_.id as id1_6_0_, ordercerti1_.certificate_id as certific4_6_0_, ordercerti1_.expiration_date as expirati2_6_0_, ordercerti1_.fixed_price as fixed_pr3_6_0_, ordercerti1_.order_id as order_id5_6_0_, order2_.id as id1_0_1_, order2_.active_status as active_s2_0_1_, order2_.created_at as created_3_0_1_, order2_.user_id as user_id4_0_1_ from certificate giftcertif0_ left outer join order_certificate ordercerti1_ on giftcertif0_.id=ordercerti1_.certificate_id left outer join application_order order2_ on ordercerti1_.order_id=order2_.id where giftcertif0_.id=?
17:03:34.167 [HikariPool-13 connection adder] DEBUG com.zaxxer.hikari.pool.HikariPool - HikariPool-13 - Added connection conn121: url=jdbc:h2:mem:testdb user=SA
17:03:34.167 [Test worker] DEBUG org.hibernate.persister.entity.AbstractEntityPersister - Static SQL for entity: com.epam.esm.entity.User
17:03:34.167 [Test worker] DEBUG org.hibernate.persister.entity.AbstractEntityPersister -  Version select: select id from application_user where id =?
17:03:34.167 [Test worker] DEBUG org.hibernate.persister.entity.AbstractEntityPersister -  Snapshot select: select user_.id, user_.email as email2_2_, user_.password as password3_2_, user_.refresh_token as refresh_4_2_, user_.role_id as role_id5_2_ from application_user user_ where user_.id=?
17:03:34.167 [Test worker] DEBUG org.hibernate.persister.entity.AbstractEntityPersister -  Insert 0: insert into application_user (email, password, refresh_token, role_id, id) values (?, ?, ?, ?, ?)
17:03:34.167 [Test worker] DEBUG org.hibernate.persister.entity.AbstractEntityPersister -  Update 0: update application_user set email=?, password=?, refresh_token=?, role_id=? where id=?
17:03:34.167 [Test worker] DEBUG org.hibernate.persister.entity.AbstractEntityPersister -  Delete 0: delete from application_user where id=?
17:03:34.167 [Test worker] DEBUG org.hibernate.persister.entity.AbstractEntityPersister -  Identity insert: insert into application_user (id, email, password, refresh_token, role_id) values (null, ?, ?, ?, ?)
17:03:34.167 [Test worker] DEBUG org.hibernate.loader.plan.build.internal.spaces.QuerySpacesImpl - Adding QuerySpace : uid = <gen:0> -> org.hibernate.loader.plan.build.internal.spaces.EntityQuerySpaceImpl@21a82863]
17:03:34.167 [Test worker] DEBUG org.hibernate.persister.walking.spi.MetamodelGraphWalker - Visiting attribute path : email
17:03:34.167 [Test worker] DEBUG org.hibernate.persister.walking.spi.MetamodelGraphWalker - Visiting attribute path : orders
17:03:34.168 [Test worker] DEBUG org.hibernate.loader.plan.build.internal.spaces.QuerySpacesImpl - Adding QuerySpace : uid = <gen:1> -> org.hibernate.loader.plan.build.internal.spaces.CollectionQuerySpaceImpl@d23f9ca]
17:03:34.168 [Test worker] DEBUG org.hibernate.loader.plan.build.internal.spaces.QuerySpacesImpl - Adding QuerySpace : uid = <gen:2> -> org.hibernate.loader.plan.build.internal.spaces.EntityQuerySpaceImpl@22b92ef2]
17:03:34.168 [Test worker] DEBUG org.hibernate.persister.walking.spi.MetamodelGraphWalker - Visiting attribute path : password
17:03:34.168 [Test worker] DEBUG org.hibernate.persister.walking.spi.MetamodelGraphWalker - Visiting attribute path : refreshToken
17:03:34.168 [Test worker] DEBUG org.hibernate.persister.walking.spi.MetamodelGraphWalker - Visiting attribute path : role
17:03:34.168 [Test worker] DEBUG org.hibernate.loader.plan.build.internal.spaces.QuerySpacesImpl - Adding QuerySpace : uid = <gen:3> -> org.hibernate.loader.plan.build.internal.spaces.EntityQuerySpaceImpl@42b2e1f6]
17:03:34.168 [HikariPool-13 connection adder] DEBUG com.zaxxer.hikari.pool.HikariPool - HikariPool-13 - Added connection conn122: url=jdbc:h2:mem:testdb user=SA
17:03:34.168 [Test worker] DEBUG org.hibernate.persister.walking.spi.MetamodelGraphWalker - Visiting attribute path : role.value
17:03:34.168 [Test worker] DEBUG org.hibernate.loader.plan.build.internal.FetchStyleLoadPlanBuildingAssociationVisitationStrategy - Building LoadPlan...
17:03:34.168 [Test worker] DEBUG org.hibernate.loader.plan.exec.internal.LoadQueryJoinAndFetchProcessor - processing queryspace <gen:0>
17:03:34.168 [HikariPool-13 connection adder] DEBUG com.zaxxer.hikari.pool.HikariPool - HikariPool-13 - Added connection conn123: url=jdbc:h2:mem:testdb user=SA
17:03:34.168 [Test worker] DEBUG org.hibernate.loader.plan.build.spi.LoadPlanTreePrinter - LoadPlan(entity=com.epam.esm.entity.User)
    - Returns
       - EntityReturnImpl(entity=com.epam.esm.entity.User, querySpaceUid=<gen:0>, path=com.epam.esm.entity.User)
          - CollectionAttributeFetchImpl(collection=com.epam.esm.entity.User.orders, querySpaceUid=<gen:1>, path=com.epam.esm.entity.User.orders)
             - (collection element) CollectionFetchableElementEntityGraph(entity=com.epam.esm.entity.Order, querySpaceUid=<gen:2>, path=com.epam.esm.entity.User.orders.<elements>)
          - EntityAttributeFetchImpl(entity=com.epam.esm.entity.Role, querySpaceUid=<gen:3>, path=com.epam.esm.entity.User.role)
    - QuerySpaces
       - EntityQuerySpaceImpl(uid=<gen:0>, entity=com.epam.esm.entity.User)
          - SQL table alias mapping - user0_
          - alias suffix - 0_
          - suffixed key columns - {id1_2_0_}
          - JOIN (JoinDefinedByMetadata(role)) : <gen:0> -> <gen:3>
             - EntityQuerySpaceImpl(uid=<gen:3>, entity=com.epam.esm.entity.Role)
                - SQL table alias mapping - role1_
                - alias suffix - 1_
                - suffixed key columns - {id1_1_1_}

17:03:34.168 [Test worker] DEBUG org.hibernate.loader.entity.plan.EntityLoader - Static select for entity com.epam.esm.entity.User [NONE]: select user0_.id as id1_2_0_, user0_.email as email2_2_0_, user0_.password as password3_2_0_, user0_.refresh_token as refresh_4_2_0_, user0_.role_id as role_id5_2_0_, role1_.id as id1_1_1_, role1_.value as value2_1_1_ from application_user user0_ left outer join application_role role1_ on user0_.role_id=role1_.id where user0_.id=?
17:03:34.168 [Test worker] DEBUG org.hibernate.loader.plan.build.internal.spaces.QuerySpacesImpl - Adding QuerySpace : uid = <gen:0> -> org.hibernate.loader.plan.build.internal.spaces.EntityQuerySpaceImpl@72b3240c]
17:03:34.168 [Test worker] DEBUG org.hibernate.persister.walking.spi.MetamodelGraphWalker - Visiting attribute path : email
17:03:34.168 [Test worker] DEBUG org.hibernate.persister.walking.spi.MetamodelGraphWalker - Visiting attribute path : orders
17:03:34.169 [Test worker] DEBUG org.hibernate.loader.plan.build.internal.spaces.QuerySpacesImpl - Adding QuerySpace : uid = <gen:1> -> org.hibernate.loader.plan.build.internal.spaces.CollectionQuerySpaceImpl@4c7eb593]
17:03:34.169 [Test worker] DEBUG org.hibernate.loader.plan.build.internal.spaces.QuerySpacesImpl - Adding QuerySpace : uid = <gen:2> -> org.hibernate.loader.plan.build.internal.spaces.EntityQuerySpaceImpl@4fd24fa6]
17:03:34.169 [Test worker] DEBUG org.hibernate.persister.walking.spi.MetamodelGraphWalker - Visiting attribute path : password
17:03:34.169 [HikariPool-13 connection adder] DEBUG com.zaxxer.hikari.pool.HikariPool - HikariPool-13 - Added connection conn124: url=jdbc:h2:mem:testdb user=SA
17:03:34.169 [Test worker] DEBUG org.hibernate.persister.walking.spi.MetamodelGraphWalker - Visiting attribute path : refreshToken
17:03:34.169 [Test worker] DEBUG org.hibernate.persister.walking.spi.MetamodelGraphWalker - Visiting attribute path : role
17:03:34.169 [Test worker] DEBUG org.hibernate.loader.plan.build.internal.spaces.QuerySpacesImpl - Adding QuerySpace : uid = <gen:3> -> org.hibernate.loader.plan.build.internal.spaces.EntityQuerySpaceImpl@24aa9114]
17:03:34.169 [Test worker] DEBUG org.hibernate.persister.walking.spi.MetamodelGraphWalker - Visiting attribute path : role.value
17:03:34.169 [Test worker] DEBUG org.hibernate.loader.plan.build.internal.FetchStyleLoadPlanBuildingAssociationVisitationStrategy - Building LoadPlan...
17:03:34.169 [Test worker] DEBUG org.hibernate.loader.plan.exec.internal.LoadQueryJoinAndFetchProcessor - processing queryspace <gen:0>
17:03:34.169 [HikariPool-13 connection adder] DEBUG com.zaxxer.hikari.pool.HikariPool - HikariPool-13 - Added connection conn125: url=jdbc:h2:mem:testdb user=SA
17:03:34.169 [Test worker] DEBUG org.hibernate.loader.plan.build.spi.LoadPlanTreePrinter - LoadPlan(entity=com.epam.esm.entity.User)
    - Returns
       - EntityReturnImpl(entity=com.epam.esm.entity.User, querySpaceUid=<gen:0>, path=com.epam.esm.entity.User)
          - CollectionAttributeFetchImpl(collection=com.epam.esm.entity.User.orders, querySpaceUid=<gen:1>, path=com.epam.esm.entity.User.orders)
             - (collection element) CollectionFetchableElementEntityGraph(entity=com.epam.esm.entity.Order, querySpaceUid=<gen:2>, path=com.epam.esm.entity.User.orders.<elements>)
          - EntityAttributeFetchImpl(entity=com.epam.esm.entity.Role, querySpaceUid=<gen:3>, path=com.epam.esm.entity.User.role)
    - QuerySpaces
       - EntityQuerySpaceImpl(uid=<gen:0>, entity=com.epam.esm.entity.User)
          - SQL table alias mapping - user0_
          - alias suffix - 0_
          - suffixed key columns - {id1_2_0_}
          - JOIN (JoinDefinedByMetadata(role)) : <gen:0> -> <gen:3>
             - EntityQuerySpaceImpl(uid=<gen:3>, entity=com.epam.esm.entity.Role)
                - SQL table alias mapping - role1_
                - alias suffix - 1_
                - suffixed key columns - {id1_1_1_}

17:03:34.169 [Test worker] DEBUG org.hibernate.loader.entity.plan.EntityLoader - Static select for entity com.epam.esm.entity.User [READ]: select user0_.id as id1_2_0_, user0_.email as email2_2_0_, user0_.password as password3_2_0_, user0_.refresh_token as refresh_4_2_0_, user0_.role_id as role_id5_2_0_, role1_.id as id1_1_1_, role1_.value as value2_1_1_ from application_user user0_ left outer join application_role role1_ on user0_.role_id=role1_.id where user0_.id=?
17:03:34.170 [Test worker] DEBUG org.hibernate.loader.Loader - Static select for action ACTION_MERGE on entity com.epam.esm.entity.User: select user0_.id as id1_2_0_, user0_.email as email2_2_0_, user0_.password as password3_2_0_, user0_.refresh_token as refresh_4_2_0_, user0_.role_id as role_id5_2_0_ from application_user user0_ where user0_.id=?
17:03:34.170 [HikariPool-13 connection adder] DEBUG com.zaxxer.hikari.pool.HikariPool - HikariPool-13 - Added connection conn126: url=jdbc:h2:mem:testdb user=SA
17:03:34.170 [Test worker] DEBUG org.hibernate.loader.Loader - Static select for action ACTION_REFRESH on entity com.epam.esm.entity.User: select user0_.id as id1_2_0_, user0_.email as email2_2_0_, user0_.password as password3_2_0_, user0_.refresh_token as refresh_4_2_0_, user0_.role_id as role_id5_2_0_ from application_user user0_ where user0_.id=?
17:03:34.170 [Test worker] DEBUG org.hibernate.persister.entity.AbstractEntityPersister - Static SQL for entity: com.epam.esm.entity.Entity
17:03:34.170 [Test worker] DEBUG org.hibernate.persister.entity.AbstractEntityPersister -  Version select: select id from entity where id =?
17:03:34.170 [Test worker] DEBUG org.hibernate.persister.entity.AbstractEntityPersister -  Snapshot select: select entity_.id from entity entity_ where entity_.id=?
17:03:34.170 [Test worker] DEBUG org.hibernate.persister.entity.AbstractEntityPersister -  Insert 0: insert into entity (id) values (?)
17:03:34.170 [Test worker] DEBUG org.hibernate.persister.entity.AbstractEntityPersister -  Update 0: null
17:03:34.170 [Test worker] DEBUG org.hibernate.persister.entity.AbstractEntityPersister -  Delete 0: delete from entity where id=?
17:03:34.170 [Test worker] DEBUG org.hibernate.persister.entity.AbstractEntityPersister -  Identity insert: insert into entity (id) values (null)
17:03:34.170 [Test worker] DEBUG org.hibernate.loader.plan.build.internal.spaces.QuerySpacesImpl - Adding QuerySpace : uid = <gen:0> -> org.hibernate.loader.plan.build.internal.spaces.EntityQuerySpaceImpl@362c573b]
17:03:34.170 [Test worker] DEBUG org.hibernate.loader.plan.build.internal.FetchStyleLoadPlanBuildingAssociationVisitationStrategy - Building LoadPlan...
17:03:34.170 [HikariPool-13 connection adder] DEBUG com.zaxxer.hikari.pool.HikariPool - HikariPool-13 - Added connection conn127: url=jdbc:h2:mem:testdb user=SA
17:03:34.170 [Test worker] DEBUG org.hibernate.loader.plan.exec.internal.LoadQueryJoinAndFetchProcessor - processing queryspace <gen:0>
17:03:34.170 [Test worker] DEBUG org.hibernate.loader.plan.build.spi.LoadPlanTreePrinter - LoadPlan(entity=com.epam.esm.entity.Entity)
    - Returns
       - EntityReturnImpl(entity=com.epam.esm.entity.Entity, querySpaceUid=<gen:0>, path=com.epam.esm.entity.Entity)
    - QuerySpaces
       - EntityQuerySpaceImpl(uid=<gen:0>, entity=com.epam.esm.entity.Entity)
          - SQL table alias mapping - entity0_
          - alias suffix - 0_
          - suffixed key columns - {id1_5_0_}

17:03:34.170 [Test worker] DEBUG org.hibernate.loader.entity.plan.EntityLoader - Static select for entity com.epam.esm.entity.Entity [NONE]: select entity0_.id as id1_5_0_ from entity entity0_ where entity0_.id=?
17:03:34.171 [Test worker] DEBUG org.hibernate.loader.plan.build.internal.spaces.QuerySpacesImpl - Adding QuerySpace : uid = <gen:0> -> org.hibernate.loader.plan.build.internal.spaces.EntityQuerySpaceImpl@1b8c8f69]
17:03:34.171 [Test worker] DEBUG org.hibernate.loader.plan.build.internal.FetchStyleLoadPlanBuildingAssociationVisitationStrategy - Building LoadPlan...
17:03:34.171 [HikariPool-13 connection adder] DEBUG com.zaxxer.hikari.pool.HikariPool - HikariPool-13 - Added connection conn128: url=jdbc:h2:mem:testdb user=SA
17:03:34.171 [Test worker] DEBUG org.hibernate.loader.plan.exec.internal.LoadQueryJoinAndFetchProcessor - processing queryspace <gen:0>
17:03:34.171 [Test worker] DEBUG org.hibernate.loader.plan.build.spi.LoadPlanTreePrinter - LoadPlan(entity=com.epam.esm.entity.Entity)
    - Returns
       - EntityReturnImpl(entity=com.epam.esm.entity.Entity, querySpaceUid=<gen:0>, path=com.epam.esm.entity.Entity)
    - QuerySpaces
       - EntityQuerySpaceImpl(uid=<gen:0>, entity=com.epam.esm.entity.Entity)
          - SQL table alias mapping - entity0_
          - alias suffix - 0_
          - suffixed key columns - {id1_5_0_}

17:03:34.171 [Test worker] DEBUG org.hibernate.loader.entity.plan.EntityLoader - Static select for entity com.epam.esm.entity.Entity [READ]: select entity0_.id as id1_5_0_ from entity entity0_ where entity0_.id=?
17:03:34.171 [Test worker] DEBUG org.hibernate.loader.Loader - Static select for action ACTION_MERGE on entity com.epam.esm.entity.Entity: select entity0_.id as id1_5_0_ from entity entity0_ where entity0_.id=?
17:03:34.171 [HikariPool-13 connection adder] DEBUG com.zaxxer.hikari.pool.HikariPool - HikariPool-13 - Added connection conn129: url=jdbc:h2:mem:testdb user=SA
17:03:34.171 [HikariPool-13 connection adder] DEBUG com.zaxxer.hikari.pool.HikariPool - HikariPool-13 - After adding stats (total=10, active=0, idle=10, waiting=0)
17:03:34.171 [Test worker] DEBUG org.hibernate.loader.Loader - Static select for action ACTION_REFRESH on entity com.epam.esm.entity.Entity: select entity0_.id as id1_5_0_ from entity entity0_ where entity0_.id=?
17:03:34.171 [Test worker] DEBUG org.hibernate.persister.entity.AbstractEntityPersister - Static SQL for entity: com.epam.esm.entity.Tag
17:03:34.171 [Test worker] DEBUG org.hibernate.persister.entity.AbstractEntityPersister -  Version select: select id from tag where id =?
17:03:34.171 [Test worker] DEBUG org.hibernate.persister.entity.AbstractEntityPersister -  Snapshot select: select tag_.id from tag tag_ where tag_.id=?
17:03:34.171 [Test worker] DEBUG org.hibernate.persister.entity.AbstractEntityPersister -  Insert 0: insert into tag (title, id) values (?, ?)
17:03:34.171 [Test worker] DEBUG org.hibernate.persister.entity.AbstractEntityPersister -  Update 0: null
17:03:34.171 [Test worker] DEBUG org.hibernate.persister.entity.AbstractEntityPersister -  Delete 0: delete from tag where id=?
17:03:34.171 [Test worker] DEBUG org.hibernate.persister.entity.AbstractEntityPersister -  Identity insert: insert into tag (id, title) values (null, ?)
17:03:34.172 [Test worker] DEBUG org.hibernate.loader.plan.build.internal.spaces.QuerySpacesImpl - Adding QuerySpace : uid = <gen:0> -> org.hibernate.loader.plan.build.internal.spaces.EntityQuerySpaceImpl@7df35eb6]
17:03:34.172 [Test worker] DEBUG org.hibernate.persister.walking.spi.MetamodelGraphWalker - Visiting attribute path : title
17:03:34.172 [Test worker] DEBUG org.hibernate.loader.plan.build.internal.FetchStyleLoadPlanBuildingAssociationVisitationStrategy - Building LoadPlan...
17:03:34.172 [Test worker] DEBUG org.hibernate.loader.plan.exec.internal.LoadQueryJoinAndFetchProcessor - processing queryspace <gen:0>
17:03:34.172 [Test worker] DEBUG org.hibernate.loader.plan.build.spi.LoadPlanTreePrinter - LoadPlan(entity=com.epam.esm.entity.Tag)
    - Returns
       - EntityReturnImpl(entity=com.epam.esm.entity.Tag, querySpaceUid=<gen:0>, path=com.epam.esm.entity.Tag)
    - QuerySpaces
       - EntityQuerySpaceImpl(uid=<gen:0>, entity=com.epam.esm.entity.Tag)
          - SQL table alias mapping - tag0_
          - alias suffix - 0_
          - suffixed key columns - {id1_7_0_}

17:03:34.172 [Test worker] DEBUG org.hibernate.loader.entity.plan.EntityLoader - Static select for entity com.epam.esm.entity.Tag [NONE]: select tag0_.id as id1_7_0_, tag0_.title as title2_7_0_ from tag tag0_ where tag0_.id=?
17:03:34.172 [Test worker] DEBUG org.hibernate.loader.plan.build.internal.spaces.QuerySpacesImpl - Adding QuerySpace : uid = <gen:0> -> org.hibernate.loader.plan.build.internal.spaces.EntityQuerySpaceImpl@1d33836f]
17:03:34.172 [Test worker] DEBUG org.hibernate.persister.walking.spi.MetamodelGraphWalker - Visiting attribute path : title
17:03:34.172 [Test worker] DEBUG org.hibernate.loader.plan.build.internal.FetchStyleLoadPlanBuildingAssociationVisitationStrategy - Building LoadPlan...
17:03:34.172 [Test worker] DEBUG org.hibernate.loader.plan.exec.internal.LoadQueryJoinAndFetchProcessor - processing queryspace <gen:0>
17:03:34.172 [Test worker] DEBUG org.hibernate.loader.plan.build.spi.LoadPlanTreePrinter - LoadPlan(entity=com.epam.esm.entity.Tag)
    - Returns
       - EntityReturnImpl(entity=com.epam.esm.entity.Tag, querySpaceUid=<gen:0>, path=com.epam.esm.entity.Tag)
    - QuerySpaces
       - EntityQuerySpaceImpl(uid=<gen:0>, entity=com.epam.esm.entity.Tag)
          - SQL table alias mapping - tag0_
          - alias suffix - 0_
          - suffixed key columns - {id1_7_0_}

17:03:34.172 [Test worker] DEBUG org.hibernate.loader.entity.plan.EntityLoader - Static select for entity com.epam.esm.entity.Tag [READ]: select tag0_.id as id1_7_0_, tag0_.title as title2_7_0_ from tag tag0_ where tag0_.id=?
17:03:34.172 [Test worker] DEBUG org.hibernate.loader.Loader - Static select for action ACTION_MERGE on entity com.epam.esm.entity.Tag: select tag0_.id as id1_7_0_, tag0_.title as title2_7_0_ from tag tag0_ where tag0_.id=?
17:03:34.173 [Test worker] DEBUG org.hibernate.loader.Loader - Static select for action ACTION_REFRESH on entity com.epam.esm.entity.Tag: select tag0_.id as id1_7_0_, tag0_.title as title2_7_0_ from tag tag0_ where tag0_.id=?
17:03:34.173 [Test worker] DEBUG org.hibernate.persister.entity.AbstractEntityPersister - Static SQL for entity: com.epam.esm.entity.OrderCertificate
17:03:34.173 [Test worker] DEBUG org.hibernate.persister.entity.AbstractEntityPersister -  Version select: select id from order_certificate where id =?
17:03:34.173 [Test worker] DEBUG org.hibernate.persister.entity.AbstractEntityPersister -  Snapshot select: select ordercerti_.id, ordercerti_.certificate_id as certific4_6_, ordercerti_.expiration_date as expirati2_6_, ordercerti_.fixed_price as fixed_pr3_6_, ordercerti_.order_id as order_id5_6_ from order_certificate ordercerti_ where ordercerti_.id=?
17:03:34.173 [Test worker] DEBUG org.hibernate.persister.entity.AbstractEntityPersister -  Insert 0: insert into order_certificate (certificate_id, expiration_date, fixed_price, order_id, id) values (?, ?, ?, ?, ?)
17:03:34.173 [Test worker] DEBUG org.hibernate.persister.entity.AbstractEntityPersister -  Update 0: update order_certificate set certificate_id=?, expiration_date=?, fixed_price=?, order_id=? where id=?
17:03:34.173 [Test worker] DEBUG org.hibernate.persister.entity.AbstractEntityPersister -  Delete 0: delete from order_certificate where id=?
17:03:34.173 [Test worker] DEBUG org.hibernate.persister.entity.AbstractEntityPersister -  Identity insert: insert into order_certificate (id, certificate_id, expiration_date, fixed_price, order_id) values (null, ?, ?, ?, ?)
17:03:34.173 [Test worker] DEBUG org.hibernate.loader.plan.build.internal.spaces.QuerySpacesImpl - Adding QuerySpace : uid = <gen:0> -> org.hibernate.loader.plan.build.internal.spaces.EntityQuerySpaceImpl@41522602]
17:03:34.173 [Test worker] DEBUG org.hibernate.persister.walking.spi.MetamodelGraphWalker - Visiting attribute path : certificate
17:03:34.173 [Test worker] DEBUG org.hibernate.loader.plan.build.internal.spaces.QuerySpacesImpl - Adding QuerySpace : uid = <gen:1> -> org.hibernate.loader.plan.build.internal.spaces.EntityQuerySpaceImpl@7f03aaf0]
17:03:34.173 [Test worker] DEBUG org.hibernate.persister.walking.spi.MetamodelGraphWalker - Visiting attribute path : expirationDate
17:03:34.173 [Test worker] DEBUG org.hibernate.persister.walking.spi.MetamodelGraphWalker - Visiting attribute path : fixedPrice
17:03:34.173 [Test worker] DEBUG org.hibernate.persister.walking.spi.MetamodelGraphWalker - Visiting attribute path : order
17:03:34.173 [Test worker] DEBUG org.hibernate.loader.plan.build.internal.spaces.QuerySpacesImpl - Adding QuerySpace : uid = <gen:2> -> org.hibernate.loader.plan.build.internal.spaces.EntityQuerySpaceImpl@475c7826]
17:03:34.173 [Test worker] DEBUG org.hibernate.persister.walking.spi.MetamodelGraphWalker - Visiting attribute path : order.activeStatus
17:03:34.173 [Test worker] DEBUG org.hibernate.persister.walking.spi.MetamodelGraphWalker - Visiting attribute path : order.createdAt
17:03:34.173 [Test worker] DEBUG org.hibernate.persister.walking.spi.MetamodelGraphWalker - Visiting attribute path : order.orderCertificates
17:03:34.173 [Test worker] DEBUG org.hibernate.persister.walking.spi.MetamodelGraphWalker - Property path deemed to be circular : order.orderCertificates
17:03:34.173 [Test worker] DEBUG org.hibernate.persister.walking.spi.MetamodelGraphWalker - Visiting attribute path : order.user
17:03:34.173 [Test worker] DEBUG org.hibernate.loader.plan.build.internal.spaces.QuerySpacesImpl - Adding QuerySpace : uid = <gen:3> -> org.hibernate.loader.plan.build.internal.spaces.EntityQuerySpaceImpl@3adc475b]
17:03:34.173 [Test worker] DEBUG org.hibernate.persister.walking.spi.MetamodelGraphWalker - Visiting attribute path : order.user.email
17:03:34.173 [Test worker] DEBUG org.hibernate.persister.walking.spi.MetamodelGraphWalker - Visiting attribute path : order.user.orders
17:03:34.173 [Test worker] DEBUG org.hibernate.persister.walking.spi.MetamodelGraphWalker - Property path deemed to be circular : order.user.orders
17:03:34.173 [Test worker] DEBUG org.hibernate.persister.walking.spi.MetamodelGraphWalker - Visiting attribute path : order.user.password
17:03:34.173 [Test worker] DEBUG org.hibernate.persister.walking.spi.MetamodelGraphWalker - Visiting attribute path : order.user.refreshToken
17:03:34.173 [Test worker] DEBUG org.hibernate.persister.walking.spi.MetamodelGraphWalker - Visiting attribute path : order.user.role
17:03:34.173 [Test worker] DEBUG org.hibernate.loader.plan.build.internal.spaces.QuerySpacesImpl - Adding QuerySpace : uid = <gen:4> -> org.hibernate.loader.plan.build.internal.spaces.EntityQuerySpaceImpl@7cd3e0a9]
17:03:34.174 [Test worker] DEBUG org.hibernate.persister.walking.spi.MetamodelGraphWalker - Visiting attribute path : order.user.role.value
17:03:34.174 [Test worker] DEBUG org.hibernate.loader.plan.build.internal.FetchStyleLoadPlanBuildingAssociationVisitationStrategy - Building LoadPlan...
17:03:34.174 [Test worker] DEBUG org.hibernate.loader.plan.exec.internal.LoadQueryJoinAndFetchProcessor - processing queryspace <gen:0>
17:03:34.174 [Test worker] DEBUG org.hibernate.loader.plan.build.spi.LoadPlanTreePrinter - LoadPlan(entity=com.epam.esm.entity.OrderCertificate)
    - Returns
       - EntityReturnImpl(entity=com.epam.esm.entity.OrderCertificate, querySpaceUid=<gen:0>, path=com.epam.esm.entity.OrderCertificate)
          - EntityAttributeFetchImpl(entity=com.epam.esm.entity.GiftCertificate, querySpaceUid=<gen:1>, path=com.epam.esm.entity.OrderCertificate.certificate)
          - EntityAttributeFetchImpl(entity=com.epam.esm.entity.Order, querySpaceUid=<gen:2>, path=com.epam.esm.entity.OrderCertificate.order)
             - EntityAttributeFetchImpl(entity=com.epam.esm.entity.User, querySpaceUid=<gen:3>, path=com.epam.esm.entity.OrderCertificate.order.user)
                - EntityAttributeFetchImpl(entity=com.epam.esm.entity.Role, querySpaceUid=<gen:4>, path=com.epam.esm.entity.OrderCertificate.order.user.role)
    - QuerySpaces
       - EntityQuerySpaceImpl(uid=<gen:0>, entity=com.epam.esm.entity.OrderCertificate)
          - SQL table alias mapping - ordercerti0_
          - alias suffix - 0_
          - suffixed key columns - {id1_6_0_}
          - JOIN (JoinDefinedByMetadata(order)) : <gen:0> -> <gen:2>
             - EntityQuerySpaceImpl(uid=<gen:2>, entity=com.epam.esm.entity.Order)
                - SQL table alias mapping - order1_
                - alias suffix - 1_
                - suffixed key columns - {id1_0_1_}
                - JOIN (JoinDefinedByMetadata(user)) : <gen:2> -> <gen:3>
                   - EntityQuerySpaceImpl(uid=<gen:3>, entity=com.epam.esm.entity.User)
                      - SQL table alias mapping - user2_
                      - alias suffix - 2_
                      - suffixed key columns - {id1_2_2_}
                      - JOIN (JoinDefinedByMetadata(role)) : <gen:3> -> <gen:4>
                         - EntityQuerySpaceImpl(uid=<gen:4>, entity=com.epam.esm.entity.Role)
                            - SQL table alias mapping - role3_
                            - alias suffix - 3_
                            - suffixed key columns - {id1_1_3_}

17:03:34.174 [Test worker] DEBUG org.hibernate.loader.entity.plan.EntityLoader - Static select for entity com.epam.esm.entity.OrderCertificate [NONE]: select ordercerti0_.id as id1_6_0_, ordercerti0_.certificate_id as certific4_6_0_, ordercerti0_.expiration_date as expirati2_6_0_, ordercerti0_.fixed_price as fixed_pr3_6_0_, ordercerti0_.order_id as order_id5_6_0_, order1_.id as id1_0_1_, order1_.active_status as active_s2_0_1_, order1_.created_at as created_3_0_1_, order1_.user_id as user_id4_0_1_, user2_.id as id1_2_2_, user2_.email as email2_2_2_, user2_.password as password3_2_2_, user2_.refresh_token as refresh_4_2_2_, user2_.role_id as role_id5_2_2_, role3_.id as id1_1_3_, role3_.value as value2_1_3_ from order_certificate ordercerti0_ left outer join application_order order1_ on ordercerti0_.order_id=order1_.id left outer join application_user user2_ on order1_.user_id=user2_.id left outer join application_role role3_ on user2_.role_id=role3_.id where ordercerti0_.id=?
17:03:34.174 [Test worker] DEBUG org.hibernate.loader.plan.build.internal.spaces.QuerySpacesImpl - Adding QuerySpace : uid = <gen:0> -> org.hibernate.loader.plan.build.internal.spaces.EntityQuerySpaceImpl@42c2a0bd]
17:03:34.174 [Test worker] DEBUG org.hibernate.persister.walking.spi.MetamodelGraphWalker - Visiting attribute path : certificate
17:03:34.174 [Test worker] DEBUG org.hibernate.loader.plan.build.internal.spaces.QuerySpacesImpl - Adding QuerySpace : uid = <gen:1> -> org.hibernate.loader.plan.build.internal.spaces.EntityQuerySpaceImpl@28622daa]
17:03:34.174 [Test worker] DEBUG org.hibernate.persister.walking.spi.MetamodelGraphWalker - Visiting attribute path : expirationDate
17:03:34.174 [Test worker] DEBUG org.hibernate.persister.walking.spi.MetamodelGraphWalker - Visiting attribute path : fixedPrice
17:03:34.175 [Test worker] DEBUG org.hibernate.persister.walking.spi.MetamodelGraphWalker - Visiting attribute path : order
17:03:34.175 [Test worker] DEBUG org.hibernate.loader.plan.build.internal.spaces.QuerySpacesImpl - Adding QuerySpace : uid = <gen:2> -> org.hibernate.loader.plan.build.internal.spaces.EntityQuerySpaceImpl@54b3ff6a]
17:03:34.175 [Test worker] DEBUG org.hibernate.persister.walking.spi.MetamodelGraphWalker - Visiting attribute path : order.activeStatus
17:03:34.175 [Test worker] DEBUG org.hibernate.persister.walking.spi.MetamodelGraphWalker - Visiting attribute path : order.createdAt
17:03:34.175 [Test worker] DEBUG org.hibernate.persister.walking.spi.MetamodelGraphWalker - Visiting attribute path : order.orderCertificates
17:03:34.175 [Test worker] DEBUG org.hibernate.persister.walking.spi.MetamodelGraphWalker - Property path deemed to be circular : order.orderCertificates
17:03:34.175 [Test worker] DEBUG org.hibernate.persister.walking.spi.MetamodelGraphWalker - Visiting attribute path : order.user
17:03:34.175 [Test worker] DEBUG org.hibernate.loader.plan.build.internal.spaces.QuerySpacesImpl - Adding QuerySpace : uid = <gen:3> -> org.hibernate.loader.plan.build.internal.spaces.EntityQuerySpaceImpl@7253296e]
17:03:34.175 [Test worker] DEBUG org.hibernate.persister.walking.spi.MetamodelGraphWalker - Visiting attribute path : order.user.email
17:03:34.175 [Test worker] DEBUG org.hibernate.persister.walking.spi.MetamodelGraphWalker - Visiting attribute path : order.user.orders
17:03:34.175 [Test worker] DEBUG org.hibernate.persister.walking.spi.MetamodelGraphWalker - Property path deemed to be circular : order.user.orders
17:03:34.175 [Test worker] DEBUG org.hibernate.persister.walking.spi.MetamodelGraphWalker - Visiting attribute path : order.user.password
17:03:34.175 [Test worker] DEBUG org.hibernate.persister.walking.spi.MetamodelGraphWalker - Visiting attribute path : order.user.refreshToken
17:03:34.175 [Test worker] DEBUG org.hibernate.persister.walking.spi.MetamodelGraphWalker - Visiting attribute path : order.user.role
17:03:34.175 [Test worker] DEBUG org.hibernate.loader.plan.build.internal.spaces.QuerySpacesImpl - Adding QuerySpace : uid = <gen:4> -> org.hibernate.loader.plan.build.internal.spaces.EntityQuerySpaceImpl@66ab4a]
17:03:34.175 [Test worker] DEBUG org.hibernate.persister.walking.spi.MetamodelGraphWalker - Visiting attribute path : order.user.role.value
17:03:34.175 [Test worker] DEBUG org.hibernate.loader.plan.build.internal.FetchStyleLoadPlanBuildingAssociationVisitationStrategy - Building LoadPlan...
17:03:34.175 [Test worker] DEBUG org.hibernate.loader.plan.exec.internal.LoadQueryJoinAndFetchProcessor - processing queryspace <gen:0>
17:03:34.176 [Test worker] DEBUG org.hibernate.loader.plan.build.spi.LoadPlanTreePrinter - LoadPlan(entity=com.epam.esm.entity.OrderCertificate)
    - Returns
       - EntityReturnImpl(entity=com.epam.esm.entity.OrderCertificate, querySpaceUid=<gen:0>, path=com.epam.esm.entity.OrderCertificate)
          - EntityAttributeFetchImpl(entity=com.epam.esm.entity.GiftCertificate, querySpaceUid=<gen:1>, path=com.epam.esm.entity.OrderCertificate.certificate)
          - EntityAttributeFetchImpl(entity=com.epam.esm.entity.Order, querySpaceUid=<gen:2>, path=com.epam.esm.entity.OrderCertificate.order)
             - EntityAttributeFetchImpl(entity=com.epam.esm.entity.User, querySpaceUid=<gen:3>, path=com.epam.esm.entity.OrderCertificate.order.user)
                - EntityAttributeFetchImpl(entity=com.epam.esm.entity.Role, querySpaceUid=<gen:4>, path=com.epam.esm.entity.OrderCertificate.order.user.role)
    - QuerySpaces
       - EntityQuerySpaceImpl(uid=<gen:0>, entity=com.epam.esm.entity.OrderCertificate)
          - SQL table alias mapping - ordercerti0_
          - alias suffix - 0_
          - suffixed key columns - {id1_6_0_}
          - JOIN (JoinDefinedByMetadata(order)) : <gen:0> -> <gen:2>
             - EntityQuerySpaceImpl(uid=<gen:2>, entity=com.epam.esm.entity.Order)
                - SQL table alias mapping - order1_
                - alias suffix - 1_
                - suffixed key columns - {id1_0_1_}
                - JOIN (JoinDefinedByMetadata(user)) : <gen:2> -> <gen:3>
                   - EntityQuerySpaceImpl(uid=<gen:3>, entity=com.epam.esm.entity.User)
                      - SQL table alias mapping - user2_
                      - alias suffix - 2_
                      - suffixed key columns - {id1_2_2_}
                      - JOIN (JoinDefinedByMetadata(role)) : <gen:3> -> <gen:4>
                         - EntityQuerySpaceImpl(uid=<gen:4>, entity=com.epam.esm.entity.Role)
                            - SQL table alias mapping - role3_
                            - alias suffix - 3_
                            - suffixed key columns - {id1_1_3_}

17:03:34.176 [Test worker] DEBUG org.hibernate.loader.entity.plan.EntityLoader - Static select for entity com.epam.esm.entity.OrderCertificate [READ]: select ordercerti0_.id as id1_6_0_, ordercerti0_.certificate_id as certific4_6_0_, ordercerti0_.expiration_date as expirati2_6_0_, ordercerti0_.fixed_price as fixed_pr3_6_0_, ordercerti0_.order_id as order_id5_6_0_, order1_.id as id1_0_1_, order1_.active_status as active_s2_0_1_, order1_.created_at as created_3_0_1_, order1_.user_id as user_id4_0_1_, user2_.id as id1_2_2_, user2_.email as email2_2_2_, user2_.password as password3_2_2_, user2_.refresh_token as refresh_4_2_2_, user2_.role_id as role_id5_2_2_, role3_.id as id1_1_3_, role3_.value as value2_1_3_ from order_certificate ordercerti0_ left outer join application_order order1_ on ordercerti0_.order_id=order1_.id left outer join application_user user2_ on order1_.user_id=user2_.id left outer join application_role role3_ on user2_.role_id=role3_.id where ordercerti0_.id=?
17:03:34.176 [Test worker] DEBUG org.hibernate.loader.Loader - Static select for action ACTION_MERGE on entity com.epam.esm.entity.OrderCertificate: select ordercerti0_.id as id1_6_3_, ordercerti0_.certificate_id as certific4_6_3_, ordercerti0_.expiration_date as expirati2_6_3_, ordercerti0_.fixed_price as fixed_pr3_6_3_, ordercerti0_.order_id as order_id5_6_3_, giftcertif1_.id as id1_3_0_, giftcertif1_.active_status as active_s2_3_0_, giftcertif1_.creation_date as creation3_3_0_, giftcertif1_.description as descript4_3_0_, giftcertif1_.expiration_date as expirati5_3_0_, giftcertif1_.modification_date as modifica6_3_0_, giftcertif1_.name as name7_3_0_, giftcertif1_.price as price8_3_0_, tags2_.certificate_id as certific1_4_5_, tag3_.id as tag_id2_4_5_, tag3_.id as id1_7_1_, tag3_.title as title2_7_1_, order4_.id as id1_0_2_, order4_.active_status as active_s2_0_2_, order4_.created_at as created_3_0_2_, order4_.user_id as user_id4_0_2_ from order_certificate ordercerti0_ left outer join certificate giftcertif1_ on ordercerti0_.certificate_id=giftcertif1_.id left outer join certificate_tag tags2_ on giftcertif1_.id=tags2_.certificate_id left outer join tag tag3_ on tags2_.tag_id=tag3_.id left outer join application_order order4_ on ordercerti0_.order_id=order4_.id where ordercerti0_.id=?
17:03:34.177 [Test worker] DEBUG org.hibernate.loader.Loader - Static select for action ACTION_REFRESH on entity com.epam.esm.entity.OrderCertificate: select ordercerti0_.id as id1_6_2_, ordercerti0_.certificate_id as certific4_6_2_, ordercerti0_.expiration_date as expirati2_6_2_, ordercerti0_.fixed_price as fixed_pr3_6_2_, ordercerti0_.order_id as order_id5_6_2_, giftcertif1_.id as id1_3_0_, giftcertif1_.active_status as active_s2_3_0_, giftcertif1_.creation_date as creation3_3_0_, giftcertif1_.description as descript4_3_0_, giftcertif1_.expiration_date as expirati5_3_0_, giftcertif1_.modification_date as modifica6_3_0_, giftcertif1_.name as name7_3_0_, giftcertif1_.price as price8_3_0_, order2_.id as id1_0_1_, order2_.active_status as active_s2_0_1_, order2_.created_at as created_3_0_1_, order2_.user_id as user_id4_0_1_ from order_certificate ordercerti0_ left outer join certificate giftcertif1_ on ordercerti0_.certificate_id=giftcertif1_.id left outer join application_order order2_ on ordercerti0_.order_id=order2_.id where ordercerti0_.id=?
17:03:34.177 [Test worker] DEBUG org.hibernate.persister.entity.AbstractEntityPersister - Static SQL for entity: com.epam.esm.entity.Role
17:03:34.177 [Test worker] DEBUG org.hibernate.persister.entity.AbstractEntityPersister -  Version select: select id from application_role where id =?
17:03:34.177 [Test worker] DEBUG org.hibernate.persister.entity.AbstractEntityPersister -  Snapshot select: select role_.id, role_.value as value2_1_ from application_role role_ where role_.id=?
17:03:34.177 [Test worker] DEBUG org.hibernate.persister.entity.AbstractEntityPersister -  Insert 0: insert into application_role (value, id) values (?, ?)
17:03:34.177 [Test worker] DEBUG org.hibernate.persister.entity.AbstractEntityPersister -  Update 0: update application_role set value=? where id=?
17:03:34.177 [Test worker] DEBUG org.hibernate.persister.entity.AbstractEntityPersister -  Delete 0: delete from application_role where id=?
17:03:34.177 [Test worker] DEBUG org.hibernate.persister.entity.AbstractEntityPersister -  Identity insert: insert into application_role (id, value) values (null, ?)
17:03:34.177 [Test worker] DEBUG org.hibernate.loader.plan.build.internal.spaces.QuerySpacesImpl - Adding QuerySpace : uid = <gen:0> -> org.hibernate.loader.plan.build.internal.spaces.EntityQuerySpaceImpl@73feb85b]
17:03:34.177 [Test worker] DEBUG org.hibernate.persister.walking.spi.MetamodelGraphWalker - Visiting attribute path : value
17:03:34.177 [Test worker] DEBUG org.hibernate.loader.plan.build.internal.FetchStyleLoadPlanBuildingAssociationVisitationStrategy - Building LoadPlan...
17:03:34.177 [Test worker] DEBUG org.hibernate.loader.plan.exec.internal.LoadQueryJoinAndFetchProcessor - processing queryspace <gen:0>
17:03:34.177 [Test worker] DEBUG org.hibernate.loader.plan.build.spi.LoadPlanTreePrinter - LoadPlan(entity=com.epam.esm.entity.Role)
    - Returns
       - EntityReturnImpl(entity=com.epam.esm.entity.Role, querySpaceUid=<gen:0>, path=com.epam.esm.entity.Role)
    - QuerySpaces
       - EntityQuerySpaceImpl(uid=<gen:0>, entity=com.epam.esm.entity.Role)
          - SQL table alias mapping - role0_
          - alias suffix - 0_
          - suffixed key columns - {id1_1_0_}

17:03:34.177 [Test worker] DEBUG org.hibernate.loader.entity.plan.EntityLoader - Static select for entity com.epam.esm.entity.Role [NONE]: select role0_.id as id1_1_0_, role0_.value as value2_1_0_ from application_role role0_ where role0_.id=?
17:03:34.177 [Test worker] DEBUG org.hibernate.loader.plan.build.internal.spaces.QuerySpacesImpl - Adding QuerySpace : uid = <gen:0> -> org.hibernate.loader.plan.build.internal.spaces.EntityQuerySpaceImpl@27dc64f1]
17:03:34.177 [Test worker] DEBUG org.hibernate.persister.walking.spi.MetamodelGraphWalker - Visiting attribute path : value
17:03:34.178 [Test worker] DEBUG org.hibernate.loader.plan.build.internal.FetchStyleLoadPlanBuildingAssociationVisitationStrategy - Building LoadPlan...
17:03:34.178 [Test worker] DEBUG org.hibernate.loader.plan.exec.internal.LoadQueryJoinAndFetchProcessor - processing queryspace <gen:0>
17:03:34.178 [Test worker] DEBUG org.hibernate.loader.plan.build.spi.LoadPlanTreePrinter - LoadPlan(entity=com.epam.esm.entity.Role)
    - Returns
       - EntityReturnImpl(entity=com.epam.esm.entity.Role, querySpaceUid=<gen:0>, path=com.epam.esm.entity.Role)
    - QuerySpaces
       - EntityQuerySpaceImpl(uid=<gen:0>, entity=com.epam.esm.entity.Role)
          - SQL table alias mapping - role0_
          - alias suffix - 0_
          - suffixed key columns - {id1_1_0_}

17:03:34.178 [Test worker] DEBUG org.hibernate.loader.entity.plan.EntityLoader - Static select for entity com.epam.esm.entity.Role [READ]: select role0_.id as id1_1_0_, role0_.value as value2_1_0_ from application_role role0_ where role0_.id=?
17:03:34.178 [Test worker] DEBUG org.hibernate.loader.Loader - Static select for action ACTION_MERGE on entity com.epam.esm.entity.Role: select role0_.id as id1_1_0_, role0_.value as value2_1_0_ from application_role role0_ where role0_.id=?
17:03:34.178 [Test worker] DEBUG org.hibernate.loader.Loader - Static select for action ACTION_REFRESH on entity com.epam.esm.entity.Role: select role0_.id as id1_1_0_, role0_.value as value2_1_0_ from application_role role0_ where role0_.id=?
17:03:34.178 [Test worker] DEBUG org.hibernate.loader.plan.build.internal.spaces.QuerySpacesImpl - Adding QuerySpace : uid = <gen:0> -> org.hibernate.loader.plan.build.internal.spaces.CollectionQuerySpaceImpl@564f7a40]
17:03:34.178 [Test worker] DEBUG org.hibernate.loader.plan.build.internal.spaces.QuerySpacesImpl - Adding QuerySpace : uid = <gen:1> -> org.hibernate.loader.plan.build.internal.spaces.EntityQuerySpaceImpl@69addc72]
17:03:34.178 [Test worker] DEBUG org.hibernate.persister.walking.spi.MetamodelGraphWalker - Visiting attribute path : title
17:03:34.178 [Test worker] DEBUG org.hibernate.loader.plan.build.internal.FetchStyleLoadPlanBuildingAssociationVisitationStrategy - Building LoadPlan...
17:03:34.178 [Test worker] DEBUG org.hibernate.loader.plan.exec.internal.LoadQueryJoinAndFetchProcessor - processing queryspace <gen:0>
17:03:34.178 [Test worker] DEBUG org.hibernate.loader.plan.build.spi.LoadPlanTreePrinter - LoadPlan(collection=com.epam.esm.entity.GiftCertificate.tags)
    - Returns
       - CollectionReturnImpl(collection=com.epam.esm.entity.GiftCertificate.tags, querySpaceUid=<gen:0>, path=[com.epam.esm.entity.GiftCertificate.tags])
          - (collection element) CollectionFetchableElementEntityGraph(entity=com.epam.esm.entity.Tag, querySpaceUid=<gen:1>, path=[com.epam.esm.entity.GiftCertificate.tags].<elements>)
    - QuerySpaces
       - CollectionQuerySpaceImpl(uid=<gen:0>, collection=com.epam.esm.entity.GiftCertificate.tags)
          - SQL table alias mapping - tags0_
          - alias suffix - 0_
          - suffixed key columns - {certific1_4_0_}
          - entity-element alias suffix - 1_
          - 1_entity-element suffixed key columns - id1_7_1_
          - JOIN (JoinDefinedByMetadata(elements)) : <gen:0> -> <gen:1>
             - EntityQuerySpaceImpl(uid=<gen:1>, entity=com.epam.esm.entity.Tag)
                - SQL table alias mapping - tag1_
                - alias suffix - 1_
                - suffixed key columns - {id1_7_1_}

17:03:34.178 [Test worker] DEBUG org.hibernate.loader.collection.plan.CollectionLoader - Static select for collection com.epam.esm.entity.GiftCertificate.tags: select tags0_.certificate_id as certific1_4_0_, tags0_.tag_id as tag_id2_4_0_, tag1_.id as id1_7_1_, tag1_.title as title2_7_1_ from certificate_tag tags0_ inner join tag tag1_ on tags0_.tag_id=tag1_.id where tags0_.certificate_id=?
17:03:34.179 [Test worker] DEBUG org.hibernate.loader.plan.build.internal.spaces.QuerySpacesImpl - Adding QuerySpace : uid = <gen:0> -> org.hibernate.loader.plan.build.internal.spaces.CollectionQuerySpaceImpl@79cd3c3c]
17:03:34.179 [Test worker] DEBUG org.hibernate.loader.plan.build.internal.spaces.QuerySpacesImpl - Adding QuerySpace : uid = <gen:1> -> org.hibernate.loader.plan.build.internal.spaces.EntityQuerySpaceImpl@7e04213b]
17:03:34.179 [Test worker] DEBUG org.hibernate.persister.walking.spi.MetamodelGraphWalker - Visiting attribute path : certificate
17:03:34.179 [Test worker] DEBUG org.hibernate.loader.plan.build.internal.spaces.QuerySpacesImpl - Adding QuerySpace : uid = <gen:2> -> org.hibernate.loader.plan.build.internal.spaces.EntityQuerySpaceImpl@6f68870e]
17:03:34.179 [Test worker] DEBUG org.hibernate.persister.walking.spi.MetamodelGraphWalker - Visiting attribute path : expirationDate
17:03:34.179 [Test worker] DEBUG org.hibernate.persister.walking.spi.MetamodelGraphWalker - Visiting attribute path : fixedPrice
17:03:34.179 [Test worker] DEBUG org.hibernate.persister.walking.spi.MetamodelGraphWalker - Visiting attribute path : order
17:03:34.179 [Test worker] DEBUG org.hibernate.persister.walking.spi.MetamodelGraphWalker - Property path deemed to be circular : order
17:03:34.179 [Test worker] DEBUG org.hibernate.loader.plan.build.internal.FetchStyleLoadPlanBuildingAssociationVisitationStrategy - Building LoadPlan...
17:03:34.179 [Test worker] DEBUG org.hibernate.loader.plan.exec.internal.LoadQueryJoinAndFetchProcessor - processing queryspace <gen:0>
17:03:34.179 [Test worker] DEBUG org.hibernate.loader.plan.build.spi.LoadPlanTreePrinter - LoadPlan(collection=com.epam.esm.entity.Order.orderCertificates)
    - Returns
       - CollectionReturnImpl(collection=com.epam.esm.entity.Order.orderCertificates, querySpaceUid=<gen:0>, path=[com.epam.esm.entity.Order.orderCertificates])
          - (collection element) CollectionFetchableElementEntityGraph(entity=com.epam.esm.entity.OrderCertificate, querySpaceUid=<gen:1>, path=[com.epam.esm.entity.Order.orderCertificates].<elements>)
             - EntityAttributeFetchImpl(entity=com.epam.esm.entity.GiftCertificate, querySpaceUid=<gen:2>, path=[com.epam.esm.entity.Order.orderCertificates].<elements>.certificate)
    - QuerySpaces
       - CollectionQuerySpaceImpl(uid=<gen:0>, collection=com.epam.esm.entity.Order.orderCertificates)
          - SQL table alias mapping - ordercerti0_
          - alias suffix - 0_
          - suffixed key columns - {order_id5_6_0_}
          - entity-element alias suffix - 1_
          - 1_entity-element suffixed key columns - id1_6_1_
          - JOIN (JoinDefinedByMetadata(elements)) : <gen:0> -> <gen:1>
             - EntityQuerySpaceImpl(uid=<gen:1>, entity=com.epam.esm.entity.OrderCertificate)
                - SQL table alias mapping - ordercerti0_
                - alias suffix - 1_
                - suffixed key columns - {id1_6_1_}

17:03:34.179 [Test worker] DEBUG org.hibernate.loader.collection.plan.CollectionLoader - Static select for collection com.epam.esm.entity.Order.orderCertificates: select ordercerti0_.order_id as order_id5_6_0_, ordercerti0_.id as id1_6_0_, ordercerti0_.id as id1_6_1_, ordercerti0_.certificate_id as certific4_6_1_, ordercerti0_.expiration_date as expirati2_6_1_, ordercerti0_.fixed_price as fixed_pr3_6_1_, ordercerti0_.order_id as order_id5_6_1_ from order_certificate ordercerti0_ where ordercerti0_.order_id=?
17:03:34.179 [Test worker] DEBUG org.hibernate.loader.plan.build.internal.spaces.QuerySpacesImpl - Adding QuerySpace : uid = <gen:0> -> org.hibernate.loader.plan.build.internal.spaces.CollectionQuerySpaceImpl@303a6e21]
17:03:34.179 [Test worker] DEBUG org.hibernate.loader.plan.build.internal.spaces.QuerySpacesImpl - Adding QuerySpace : uid = <gen:1> -> org.hibernate.loader.plan.build.internal.spaces.EntityQuerySpaceImpl@9591231]
17:03:34.179 [Test worker] DEBUG org.hibernate.persister.walking.spi.MetamodelGraphWalker - Visiting attribute path : certificate
17:03:34.179 [Test worker] DEBUG org.hibernate.persister.walking.spi.MetamodelGraphWalker - Property path deemed to be circular : certificate
17:03:34.179 [Test worker] DEBUG org.hibernate.persister.walking.spi.MetamodelGraphWalker - Visiting attribute path : expirationDate
17:03:34.180 [Test worker] DEBUG org.hibernate.persister.walking.spi.MetamodelGraphWalker - Visiting attribute path : fixedPrice
17:03:34.180 [Test worker] DEBUG org.hibernate.persister.walking.spi.MetamodelGraphWalker - Visiting attribute path : order
17:03:34.180 [Test worker] DEBUG org.hibernate.loader.plan.build.internal.spaces.QuerySpacesImpl - Adding QuerySpace : uid = <gen:2> -> org.hibernate.loader.plan.build.internal.spaces.EntityQuerySpaceImpl@1d424017]
17:03:34.180 [Test worker] DEBUG org.hibernate.persister.walking.spi.MetamodelGraphWalker - Visiting attribute path : order.activeStatus
17:03:34.180 [Test worker] DEBUG org.hibernate.persister.walking.spi.MetamodelGraphWalker - Visiting attribute path : order.createdAt
17:03:34.180 [Test worker] DEBUG org.hibernate.persister.walking.spi.MetamodelGraphWalker - Visiting attribute path : order.orderCertificates
17:03:34.180 [Test worker] DEBUG org.hibernate.persister.walking.spi.MetamodelGraphWalker - Property path deemed to be circular : order.orderCertificates
17:03:34.180 [Test worker] DEBUG org.hibernate.persister.walking.spi.MetamodelGraphWalker - Visiting attribute path : order.user
17:03:34.180 [Test worker] DEBUG org.hibernate.loader.plan.build.internal.spaces.QuerySpacesImpl - Adding QuerySpace : uid = <gen:3> -> org.hibernate.loader.plan.build.internal.spaces.EntityQuerySpaceImpl@77f0a24]
17:03:34.180 [Test worker] DEBUG org.hibernate.persister.walking.spi.MetamodelGraphWalker - Visiting attribute path : order.user.email
17:03:34.180 [Test worker] DEBUG org.hibernate.persister.walking.spi.MetamodelGraphWalker - Visiting attribute path : order.user.orders
17:03:34.180 [Test worker] DEBUG org.hibernate.persister.walking.spi.MetamodelGraphWalker - Property path deemed to be circular : order.user.orders
17:03:34.180 [Test worker] DEBUG org.hibernate.persister.walking.spi.MetamodelGraphWalker - Visiting attribute path : order.user.password
17:03:34.180 [Test worker] DEBUG org.hibernate.persister.walking.spi.MetamodelGraphWalker - Visiting attribute path : order.user.refreshToken
17:03:34.180 [Test worker] DEBUG org.hibernate.persister.walking.spi.MetamodelGraphWalker - Visiting attribute path : order.user.role
17:03:34.180 [Test worker] DEBUG org.hibernate.loader.plan.build.internal.spaces.QuerySpacesImpl - Adding QuerySpace : uid = <gen:4> -> org.hibernate.loader.plan.build.internal.spaces.EntityQuerySpaceImpl@25614176]
17:03:34.180 [Test worker] DEBUG org.hibernate.persister.walking.spi.MetamodelGraphWalker - Visiting attribute path : order.user.role.value
17:03:34.180 [Test worker] DEBUG org.hibernate.loader.plan.build.internal.FetchStyleLoadPlanBuildingAssociationVisitationStrategy - Building LoadPlan...
17:03:34.180 [Test worker] DEBUG org.hibernate.loader.plan.exec.internal.LoadQueryJoinAndFetchProcessor - processing queryspace <gen:0>
17:03:34.180 [Test worker] DEBUG org.hibernate.loader.plan.build.spi.LoadPlanTreePrinter - LoadPlan(collection=com.epam.esm.entity.GiftCertificate.orderCertificates)
    - Returns
       - CollectionReturnImpl(collection=com.epam.esm.entity.GiftCertificate.orderCertificates, querySpaceUid=<gen:0>, path=[com.epam.esm.entity.GiftCertificate.orderCertificates])
          - (collection element) CollectionFetchableElementEntityGraph(entity=com.epam.esm.entity.OrderCertificate, querySpaceUid=<gen:1>, path=[com.epam.esm.entity.GiftCertificate.orderCertificates].<elements>)
             - EntityAttributeFetchImpl(entity=com.epam.esm.entity.Order, querySpaceUid=<gen:2>, path=[com.epam.esm.entity.GiftCertificate.orderCertificates].<elements>.order)
                - EntityAttributeFetchImpl(entity=com.epam.esm.entity.User, querySpaceUid=<gen:3>, path=[com.epam.esm.entity.GiftCertificate.orderCertificates].<elements>.order.user)
                   - EntityAttributeFetchImpl(entity=com.epam.esm.entity.Role, querySpaceUid=<gen:4>, path=[com.epam.esm.entity.GiftCertificate.orderCertificates].<elements>.order.user.role)
    - QuerySpaces
       - CollectionQuerySpaceImpl(uid=<gen:0>, collection=com.epam.esm.entity.GiftCertificate.orderCertificates)
          - SQL table alias mapping - ordercerti0_
          - alias suffix - 0_
          - suffixed key columns - {certific4_6_0_}
          - entity-element alias suffix - 1_
          - 1_entity-element suffixed key columns - id1_6_1_
          - JOIN (JoinDefinedByMetadata(elements)) : <gen:0> -> <gen:1>
             - EntityQuerySpaceImpl(uid=<gen:1>, entity=com.epam.esm.entity.OrderCertificate)
                - SQL table alias mapping - ordercerti0_
                - alias suffix - 1_
                - suffixed key columns - {id1_6_1_}
                - JOIN (JoinDefinedByMetadata(order)) : <gen:1> -> <gen:2>
                   - EntityQuerySpaceImpl(uid=<gen:2>, entity=com.epam.esm.entity.Order)
                      - SQL table alias mapping - order1_
                      - alias suffix - 2_
                      - suffixed key columns - {id1_0_2_}
                      - JOIN (JoinDefinedByMetadata(user)) : <gen:2> -> <gen:3>
                         - EntityQuerySpaceImpl(uid=<gen:3>, entity=com.epam.esm.entity.User)
                            - SQL table alias mapping - user2_
                            - alias suffix - 3_
                            - suffixed key columns - {id1_2_3_}
                            - JOIN (JoinDefinedByMetadata(role)) : <gen:3> -> <gen:4>
                               - EntityQuerySpaceImpl(uid=<gen:4>, entity=com.epam.esm.entity.Role)
                                  - SQL table alias mapping - role3_
                                  - alias suffix - 4_
                                  - suffixed key columns - {id1_1_4_}

17:03:34.181 [Test worker] DEBUG org.hibernate.loader.collection.plan.CollectionLoader - Static select for collection com.epam.esm.entity.GiftCertificate.orderCertificates: select ordercerti0_.certificate_id as certific4_6_0_, ordercerti0_.id as id1_6_0_, ordercerti0_.id as id1_6_1_, ordercerti0_.certificate_id as certific4_6_1_, ordercerti0_.expiration_date as expirati2_6_1_, ordercerti0_.fixed_price as fixed_pr3_6_1_, ordercerti0_.order_id as order_id5_6_1_, order1_.id as id1_0_2_, order1_.active_status as active_s2_0_2_, order1_.created_at as created_3_0_2_, order1_.user_id as user_id4_0_2_, user2_.id as id1_2_3_, user2_.email as email2_2_3_, user2_.password as password3_2_3_, user2_.refresh_token as refresh_4_2_3_, user2_.role_id as role_id5_2_3_, role3_.id as id1_1_4_, role3_.value as value2_1_4_ from order_certificate ordercerti0_ left outer join application_order order1_ on ordercerti0_.order_id=order1_.id left outer join application_user user2_ on order1_.user_id=user2_.id left outer join application_role role3_ on user2_.role_id=role3_.id where ordercerti0_.certificate_id=?
17:03:34.181 [Test worker] DEBUG org.hibernate.loader.plan.build.internal.spaces.QuerySpacesImpl - Adding QuerySpace : uid = <gen:0> -> org.hibernate.loader.plan.build.internal.spaces.CollectionQuerySpaceImpl@5e772755]
17:03:34.181 [Test worker] DEBUG org.hibernate.loader.plan.build.internal.spaces.QuerySpacesImpl - Adding QuerySpace : uid = <gen:1> -> org.hibernate.loader.plan.build.internal.spaces.EntityQuerySpaceImpl@13e07849]
17:03:34.181 [Test worker] DEBUG org.hibernate.persister.walking.spi.MetamodelGraphWalker - Visiting attribute path : activeStatus
17:03:34.181 [Test worker] DEBUG org.hibernate.persister.walking.spi.MetamodelGraphWalker - Visiting attribute path : createdAt
17:03:34.181 [Test worker] DEBUG org.hibernate.persister.walking.spi.MetamodelGraphWalker - Visiting attribute path : orderCertificates
17:03:34.181 [Test worker] DEBUG org.hibernate.loader.plan.build.internal.spaces.QuerySpacesImpl - Adding QuerySpace : uid = <gen:2> -> org.hibernate.loader.plan.build.internal.spaces.CollectionQuerySpaceImpl@4b82f3c9]
17:03:34.181 [Test worker] DEBUG org.hibernate.loader.plan.build.internal.spaces.QuerySpacesImpl - Adding QuerySpace : uid = <gen:3> -> org.hibernate.loader.plan.build.internal.spaces.EntityQuerySpaceImpl@5b30f8c0]
17:03:34.181 [Test worker] DEBUG org.hibernate.persister.walking.spi.MetamodelGraphWalker - Visiting attribute path : user
17:03:34.181 [Test worker] DEBUG org.hibernate.persister.walking.spi.MetamodelGraphWalker - Property path deemed to be circular : user
17:03:34.181 [Test worker] DEBUG org.hibernate.loader.plan.build.internal.FetchStyleLoadPlanBuildingAssociationVisitationStrategy - Building LoadPlan...
17:03:34.181 [Test worker] DEBUG org.hibernate.loader.plan.exec.internal.LoadQueryJoinAndFetchProcessor - processing queryspace <gen:0>
17:03:34.181 [Test worker] DEBUG org.hibernate.loader.plan.build.spi.LoadPlanTreePrinter - LoadPlan(collection=com.epam.esm.entity.User.orders)
    - Returns
       - CollectionReturnImpl(collection=com.epam.esm.entity.User.orders, querySpaceUid=<gen:0>, path=[com.epam.esm.entity.User.orders])
          - (collection element) CollectionFetchableElementEntityGraph(entity=com.epam.esm.entity.Order, querySpaceUid=<gen:1>, path=[com.epam.esm.entity.User.orders].<elements>)
             - CollectionAttributeFetchImpl(collection=com.epam.esm.entity.Order.orderCertificates, querySpaceUid=<gen:2>, path=[com.epam.esm.entity.User.orders].<elements>.orderCertificates)
                - (collection element) CollectionFetchableElementEntityGraph(entity=com.epam.esm.entity.OrderCertificate, querySpaceUid=<gen:3>, path=[com.epam.esm.entity.User.orders].<elements>.orderCertificates.<elements>)
    - QuerySpaces
       - CollectionQuerySpaceImpl(uid=<gen:0>, collection=com.epam.esm.entity.User.orders)
          - SQL table alias mapping - orders0_
          - alias suffix - 0_
          - suffixed key columns - {user_id4_0_0_}
          - entity-element alias suffix - 1_
          - 1_entity-element suffixed key columns - id1_0_1_
          - JOIN (JoinDefinedByMetadata(elements)) : <gen:0> -> <gen:1>
             - EntityQuerySpaceImpl(uid=<gen:1>, entity=com.epam.esm.entity.Order)
                - SQL table alias mapping - orders0_
                - alias suffix - 1_
                - suffixed key columns - {id1_0_1_}

17:03:34.181 [Test worker] DEBUG org.hibernate.loader.collection.plan.CollectionLoader - Static select for collection com.epam.esm.entity.User.orders: select orders0_.user_id as user_id4_0_0_, orders0_.id as id1_0_0_, orders0_.id as id1_0_1_, orders0_.active_status as active_s2_0_1_, orders0_.created_at as created_3_0_1_, orders0_.user_id as user_id4_0_1_ from application_order orders0_ where orders0_.user_id=?
17:03:34.184 [Test worker] DEBUG org.hibernate.SQL - drop table application_order if exists
17:03:34.184 [Test worker] DEBUG org.hibernate.SQL - drop table application_role if exists
17:03:34.184 [Test worker] DEBUG org.hibernate.SQL - drop table application_user if exists
17:03:34.184 [Test worker] DEBUG org.hibernate.SQL - drop table certificate if exists
17:03:34.184 [Test worker] DEBUG org.hibernate.SQL - drop table certificate_tag if exists
17:03:34.185 [Test worker] DEBUG org.hibernate.SQL - drop table entity if exists
17:03:34.185 [Test worker] DEBUG org.hibernate.SQL - drop table order_certificate if exists
17:03:34.185 [Test worker] DEBUG org.hibernate.SQL - drop table tag if exists
17:03:34.185 [Test worker] DEBUG org.hibernate.SQL - create table application_order (id bigint generated by default as identity, active_status boolean, created_at timestamp, user_id bigint, primary key (id))
17:03:34.186 [Test worker] DEBUG org.hibernate.SQL - create table application_role (id bigint generated by default as identity, value varchar(255), primary key (id))
17:03:34.186 [Test worker] DEBUG org.hibernate.SQL - create table application_user (id bigint generated by default as identity, email varchar(255), password varchar(255), refresh_token varchar(255), role_id bigint, primary key (id))
17:03:34.187 [Test worker] DEBUG org.hibernate.SQL - create table certificate (id bigint generated by default as identity, active_status boolean, creation_date date, description varchar(255), expiration_date date, modification_date date, name varchar(255), price decimal(19,2), primary key (id))
17:03:34.187 [Test worker] DEBUG org.hibernate.SQL - create table certificate_tag (certificate_id bigint not null, tag_id bigint not null, primary key (certificate_id, tag_id))
17:03:34.188 [Test worker] DEBUG org.hibernate.SQL - create table entity (id bigint generated by default as identity, primary key (id))
17:03:34.188 [Test worker] DEBUG org.hibernate.SQL - create table order_certificate (id bigint generated by default as identity, expiration_date date, fixed_price decimal(19,2), certificate_id bigint, order_id bigint, primary key (id))
17:03:34.189 [Test worker] DEBUG org.hibernate.SQL - create table tag (id bigint generated by default as identity, title varchar(255), primary key (id))
17:03:34.189 [Test worker] DEBUG org.hibernate.SQL - alter table tag add constraint UK_k5g3urrxw2ym0ls8vo6xfgs65 unique (title)
17:03:34.190 [Test worker] DEBUG org.hibernate.SQL - alter table application_order add constraint FKp4m4jwa9ds4e3gmsdtsvjcty3 foreign key (user_id) references application_user
17:03:34.191 [Test worker] DEBUG org.hibernate.SQL - alter table application_user add constraint FKkb3re6enordhsw7vy7ftgtna4 foreign key (role_id) references application_role
17:03:34.192 [Test worker] DEBUG org.hibernate.SQL - alter table certificate_tag add constraint FKk65jck3ppxm1p372l03sxdtcc foreign key (tag_id) references tag
17:03:34.193 [Test worker] DEBUG org.hibernate.SQL - alter table certificate_tag add constraint FKlrytco6nyamwxl72nog54iymx foreign key (certificate_id) references certificate
17:03:34.194 [Test worker] DEBUG org.hibernate.SQL - alter table order_certificate add constraint FKans0qrkplnas0le7if4ph8n2w foreign key (certificate_id) references certificate
17:03:34.195 [Test worker] DEBUG org.hibernate.SQL - alter table order_certificate add constraint FKlylopteltw5t82w63stck3tb8 foreign key (order_id) references application_order
17:03:34.196 [Test worker] INFO org.hibernate.tool.schema.internal.SchemaCreatorImpl - HHH000476: Executing import script 'org.hibernate.tool.schema.internal.exec.ScriptSourceInputNonExistentImpl@3bb5d12c'
17:03:34.197 [Test worker] DEBUG org.hibernate.query.spi.NamedQueryRepository - Checking 0 named HQL queries
17:03:34.197 [Test worker] DEBUG org.hibernate.query.spi.NamedQueryRepository - Checking 0 named SQL queries
17:03:34.197 [Test worker] DEBUG org.hibernate.internal.SessionFactoryRegistry - Registering SessionFactory: fc451ab1-48c3-49d1-b72f-0ef44319d337 (<unnamed>)
17:03:34.197 [Test worker] DEBUG org.hibernate.internal.SessionFactoryRegistry - Not binding SessionFactory to JNDI, no JNDI name configured
17:03:34.197 [Test worker] INFO org.springframework.orm.jpa.LocalContainerEntityManagerFactoryBean - Initialized JPA EntityManagerFactory for persistence unit 'default'
17:03:34.197 [Test worker] DEBUG org.springframework.jdbc.datasource.DataSourceUtils - Fetching JDBC Connection from DataSource
17:03:34.198 [Test worker] DEBUG org.springframework.beans.factory.support.DefaultListableBeanFactory - Creating shared instance of singleton bean 'testConfig'
17:03:34.198 [Test worker] DEBUG org.springframework.beans.factory.support.DefaultListableBeanFactory - Creating shared instance of singleton bean 'certificateRepository'
17:03:34.199 [Test worker] DEBUG org.springframework.beans.factory.support.DefaultListableBeanFactory - Creating shared instance of singleton bean 'org.springframework.orm.jpa.SharedEntityManagerCreator#0'
17:03:34.201 [Test worker] DEBUG org.springframework.beans.factory.support.DefaultListableBeanFactory - Creating shared instance of singleton bean 'criteriaBuilderHelper'
17:03:34.201 [Test worker] DEBUG org.springframework.beans.factory.support.DefaultListableBeanFactory - Autowiring by type from bean name 'certificateRepository' via constructor to bean named 'org.springframework.orm.jpa.SharedEntityManagerCreator#0'
17:03:34.201 [Test worker] DEBUG org.springframework.beans.factory.support.DefaultListableBeanFactory - Autowiring by type from bean name 'certificateRepository' via constructor to bean named 'criteriaBuilderHelper'
17:03:34.202 [Test worker] DEBUG org.springframework.beans.factory.support.DefaultListableBeanFactory - Creating shared instance of singleton bean 'orderCertificateRepository'
17:03:34.202 [Test worker] DEBUG org.springframework.beans.factory.support.DefaultListableBeanFactory - Autowiring by type from bean name 'orderCertificateRepository' via constructor to bean named 'org.springframework.orm.jpa.SharedEntityManagerCreator#0'
17:03:34.202 [Test worker] DEBUG org.springframework.beans.factory.support.DefaultListableBeanFactory - Creating shared instance of singleton bean 'orderRepository'
17:03:34.203 [Test worker] DEBUG org.springframework.beans.factory.support.DefaultListableBeanFactory - Autowiring by type from bean name 'orderRepository' via constructor to bean named 'org.springframework.orm.jpa.SharedEntityManagerCreator#0'
17:03:34.203 [Test worker] DEBUG org.springframework.beans.factory.support.DefaultListableBeanFactory - Creating shared instance of singleton bean 'tagRepository'
17:03:34.204 [Test worker] DEBUG org.springframework.beans.factory.support.DefaultListableBeanFactory - Autowiring by type from bean name 'tagRepository' via constructor to bean named 'org.springframework.orm.jpa.SharedEntityManagerCreator#0'
17:03:34.204 [Test worker] DEBUG org.springframework.beans.factory.support.DefaultListableBeanFactory - Creating shared instance of singleton bean 'userRepository'
17:03:34.205 [Test worker] DEBUG org.springframework.beans.factory.support.DefaultListableBeanFactory - Autowiring by type from bean name 'userRepository' via constructor to bean named 'org.springframework.orm.jpa.SharedEntityManagerCreator#0'
17:03:34.205 [Test worker] DEBUG org.springframework.beans.factory.support.DefaultListableBeanFactory - Creating shared instance of singleton bean 'org.springframework.boot.autoconfigure.context.PropertyPlaceholderAutoConfiguration'
17:03:34.205 [Test worker] DEBUG org.springframework.beans.factory.support.DefaultListableBeanFactory - Creating shared instance of singleton bean 'org.springframework.boot.autoconfigure.task.TaskExecutionAutoConfiguration'
17:03:34.206 [Test worker] DEBUG org.springframework.core.LocalVariableTableParameterNameDiscoverer - Cannot find '.class' file for class [class org.springframework.boot.autoconfigure.task.TaskExecutionAutoConfiguration$$EnhancerBySpringCGLIB$$30b471bb] - unable to determine constructor/method parameter names
17:03:34.206 [Test worker] DEBUG org.springframework.beans.factory.support.DefaultListableBeanFactory - Creating shared instance of singleton bean 'spring.task.execution-org.springframework.boot.autoconfigure.task.TaskExecutionProperties'
17:03:34.207 [Test worker] DEBUG org.springframework.beans.factory.support.DefaultListableBeanFactory - Autowiring by type from bean name 'org.springframework.boot.autoconfigure.task.TaskExecutionAutoConfiguration' via constructor to bean named 'spring.task.execution-org.springframework.boot.autoconfigure.task.TaskExecutionProperties'
17:03:34.207 [Test worker] DEBUG org.springframework.beans.factory.support.DefaultListableBeanFactory - Creating shared instance of singleton bean 'taskExecutorBuilder'
17:03:34.207 [Test worker] DEBUG org.springframework.beans.factory.support.DefaultListableBeanFactory - Creating shared instance of singleton bean 'org.springframework.boot.autoconfigure.validation.ValidationAutoConfiguration'
17:03:34.208 [Test worker] DEBUG org.springframework.beans.factory.support.DefaultListableBeanFactory - Creating shared instance of singleton bean 'defaultValidator'
17:03:34.208 [Test worker] DEBUG org.hibernate.validator.internal.engine.resolver.TraversableResolvers - Found javax.persistence.Persistence on classpath containing 'getPersistenceUtil'. Assuming JPA 2 environment. Trying to instantiate JPA aware TraversableResolver
17:03:34.208 [Test worker] DEBUG org.hibernate.validator.internal.engine.resolver.TraversableResolvers - Instantiated JPA aware TraversableResolver of type org.hibernate.validator.internal.engine.resolver.JPATraversableResolver.
17:03:34.208 [Test worker] DEBUG org.hibernate.validator.messageinterpolation.ResourceBundleMessageInterpolator - Loaded expression factory via original TCCL
17:03:34.208 [Test worker] DEBUG org.hibernate.validator.internal.engine.resolver.TraversableResolvers - Found javax.persistence.Persistence on classpath containing 'getPersistenceUtil'. Assuming JPA 2 environment. Trying to instantiate JPA aware TraversableResolver
17:03:34.209 [Test worker] DEBUG org.hibernate.validator.internal.engine.resolver.TraversableResolvers - Instantiated JPA aware TraversableResolver of type org.hibernate.validator.internal.engine.resolver.JPATraversableResolver.
17:03:34.209 [Test worker] DEBUG org.hibernate.validator.internal.engine.ConfigurationImpl - Setting custom MessageInterpolator of type org.springframework.validation.beanvalidation.LocaleContextMessageInterpolator
17:03:34.209 [Test worker] DEBUG org.hibernate.validator.internal.engine.ConfigurationImpl - Setting custom ConstraintValidatorFactory of type org.springframework.validation.beanvalidation.SpringConstraintValidatorFactory
17:03:34.209 [Test worker] DEBUG org.hibernate.validator.internal.engine.ConfigurationImpl - Setting custom ParameterNameProvider of type org.springframework.validation.beanvalidation.LocalValidatorFactoryBean$1
17:03:34.209 [Test worker] DEBUG org.hibernate.validator.internal.xml.config.ValidationXmlParser - Trying to load META-INF/validation.xml for XML based Validator configuration.
17:03:34.209 [Test worker] DEBUG org.hibernate.validator.internal.xml.config.ResourceLoaderHelper - Trying to load META-INF/validation.xml via user class loader
17:03:34.209 [Test worker] DEBUG org.hibernate.validator.internal.xml.config.ResourceLoaderHelper - Trying to load META-INF/validation.xml via TCCL
17:03:34.209 [Test worker] DEBUG org.hibernate.validator.internal.xml.config.ResourceLoaderHelper - Trying to load META-INF/validation.xml via Hibernate Validator's class loader
17:03:34.209 [Test worker] DEBUG org.hibernate.validator.internal.xml.config.ValidationXmlParser - No META-INF/validation.xml found. Using annotation based configuration only.
17:03:34.214 [Test worker] DEBUG org.hibernate.validator.internal.engine.ValidatorFactoryImpl - HV000234: Using org.springframework.validation.beanvalidation.LocaleContextMessageInterpolator as ValidatorFactory-scoped message interpolator.
17:03:34.214 [Test worker] DEBUG org.hibernate.validator.internal.engine.ValidatorFactoryImpl - HV000234: Using org.hibernate.validator.internal.engine.resolver.JPATraversableResolver as ValidatorFactory-scoped traversable resolver.
17:03:34.214 [Test worker] DEBUG org.hibernate.validator.internal.engine.ValidatorFactoryImpl - HV000234: Using org.hibernate.validator.internal.util.ExecutableParameterNameProvider as ValidatorFactory-scoped parameter name provider.
17:03:34.214 [Test worker] DEBUG org.hibernate.validator.internal.engine.ValidatorFactoryImpl - HV000234: Using org.hibernate.validator.internal.engine.DefaultClockProvider as ValidatorFactory-scoped clock provider.
17:03:34.214 [Test worker] DEBUG org.hibernate.validator.internal.engine.ValidatorFactoryImpl - HV000234: Using org.hibernate.validator.internal.engine.scripting.DefaultScriptEvaluatorFactory as ValidatorFactory-scoped script evaluator factory.
17:03:34.215 [Test worker] DEBUG org.springframework.beans.factory.support.DefaultListableBeanFactory - Creating shared instance of singleton bean 'org.springframework.boot.autoconfigure.security.oauth2.client.OAuth2RestOperationsConfiguration$SingletonScopedConfiguration'
17:03:34.216 [Test worker] DEBUG org.springframework.beans.factory.support.DefaultListableBeanFactory - Creating shared instance of singleton bean 'oauth2RemoteResource'
17:03:34.216 [Test worker] DEBUG org.springframework.beans.factory.support.DefaultListableBeanFactory - Creating shared instance of singleton bean 'oauth2ClientContext'
17:03:34.217 [Test worker] DEBUG org.springframework.beans.factory.support.DefaultListableBeanFactory - Creating shared instance of singleton bean 'org.springframework.boot.autoconfigure.security.oauth2.client.OAuth2RestOperationsConfiguration'
17:03:34.217 [Test worker] DEBUG org.springframework.beans.factory.support.DefaultListableBeanFactory - Creating shared instance of singleton bean 'org.springframework.boot.autoconfigure.security.oauth2.OAuth2AutoConfiguration'
17:03:34.217 [Test worker] DEBUG org.springframework.core.LocalVariableTableParameterNameDiscoverer - Cannot find '.class' file for class [class org.springframework.boot.autoconfigure.security.oauth2.OAuth2AutoConfiguration$$EnhancerBySpringCGLIB$$5c5e94e5] - unable to determine constructor/method parameter names
17:03:34.218 [Test worker] DEBUG org.springframework.beans.factory.support.DefaultListableBeanFactory - Creating shared instance of singleton bean 'security.oauth2.client-org.springframework.boot.autoconfigure.security.oauth2.OAuth2ClientProperties'
17:03:34.218 [Test worker] DEBUG org.springframework.beans.factory.support.DefaultListableBeanFactory - Autowiring by type from bean name 'org.springframework.boot.autoconfigure.security.oauth2.OAuth2AutoConfiguration' via constructor to bean named 'security.oauth2.client-org.springframework.boot.autoconfigure.security.oauth2.OAuth2ClientProperties'
17:03:34.218 [Test worker] DEBUG org.springframework.beans.factory.support.DefaultListableBeanFactory - Creating shared instance of singleton bean 'resourceServerProperties'
17:03:34.219 [Test worker] DEBUG org.springframework.beans.factory.support.DefaultListableBeanFactory - Creating shared instance of singleton bean 'org.springframework.boot.autoconfigure.jmx.JmxAutoConfiguration'
17:03:34.220 [Test worker] DEBUG org.springframework.beans.factory.support.DefaultListableBeanFactory - Creating shared instance of singleton bean 'mbeanExporter'
17:03:34.220 [Test worker] DEBUG org.springframework.beans.factory.support.DefaultListableBeanFactory - Creating shared instance of singleton bean 'objectNamingStrategy'
17:03:34.220 [Test worker] DEBUG org.springframework.beans.factory.support.DefaultListableBeanFactory - Autowiring by type from bean name 'mbeanExporter' via factory method to bean named 'objectNamingStrategy'
17:03:34.221 [Test worker] DEBUG org.springframework.beans.factory.support.DefaultListableBeanFactory - Creating shared instance of singleton bean 'mbeanServer'
17:03:34.221 [Test worker] DEBUG org.springframework.jmx.support.JmxUtils - Found MBeanServer: com.sun.jmx.mbeanserver.JmxMBeanServer@bc10b92
17:03:34.223 [Test worker] DEBUG org.springframework.beans.factory.support.DefaultListableBeanFactory - Creating shared instance of singleton bean 'org.springframework.boot.autoconfigure.aop.AopAutoConfiguration$CglibAutoProxyConfiguration'
17:03:34.223 [Test worker] DEBUG org.springframework.beans.factory.support.DefaultListableBeanFactory - Creating shared instance of singleton bean 'org.springframework.boot.autoconfigure.aop.AopAutoConfiguration'
17:03:34.224 [Test worker] DEBUG org.springframework.beans.factory.support.DefaultListableBeanFactory - Creating shared instance of singleton bean 'org.springframework.boot.autoconfigure.transaction.jta.JtaAutoConfiguration'
17:03:34.224 [Test worker] DEBUG org.springframework.beans.factory.support.DefaultListableBeanFactory - Creating shared instance of singleton bean 'org.springframework.boot.autoconfigure.jdbc.DataSourceJmxConfiguration$Hikari'
17:03:34.224 [Test worker] DEBUG org.springframework.core.LocalVariableTableParameterNameDiscoverer - Cannot find '.class' file for class [class org.springframework.boot.autoconfigure.jdbc.DataSourceJmxConfiguration$Hikari$$EnhancerBySpringCGLIB$$8eb93a4f] - unable to determine constructor/method parameter names
17:03:34.224 [Test worker] DEBUG org.springframework.beans.factory.support.DefaultListableBeanFactory - Autowiring by type from bean name 'org.springframework.boot.autoconfigure.jdbc.DataSourceJmxConfiguration$Hikari' via constructor to bean named 'dataSource'
17:03:34.225 [Test worker] DEBUG org.springframework.beans.factory.support.DefaultListableBeanFactory - Creating shared instance of singleton bean 'org.springframework.boot.autoconfigure.jdbc.DataSourceJmxConfiguration'
17:03:34.225 [Test worker] DEBUG org.springframework.beans.factory.support.DefaultListableBeanFactory - Creating shared instance of singleton bean 'org.springframework.boot.autoconfigure.jdbc.DataSourceAutoConfiguration$PooledDataSourceConfiguration'
17:03:34.225 [Test worker] DEBUG org.springframework.beans.factory.support.DefaultListableBeanFactory - Creating shared instance of singleton bean 'org.springframework.boot.autoconfigure.jdbc.metadata.DataSourcePoolMetadataProvidersConfiguration'
17:03:34.226 [Test worker] DEBUG org.springframework.beans.factory.support.DefaultListableBeanFactory - Creating shared instance of singleton bean 'org.springframework.boot.autoconfigure.jdbc.DataSourceInitializationConfiguration'
17:03:34.226 [Test worker] DEBUG org.springframework.beans.factory.support.DefaultListableBeanFactory - Creating shared instance of singleton bean 'org.springframework.boot.autoconfigure.jdbc.DataSourceAutoConfiguration'
17:03:34.226 [Test worker] DEBUG org.springframework.beans.factory.support.DefaultListableBeanFactory - Creating shared instance of singleton bean 'transactionManager'
17:03:34.227 [Test worker] DEBUG org.springframework.beans.factory.support.DefaultListableBeanFactory - Creating shared instance of singleton bean 'org.springframework.boot.autoconfigure.orm.jpa.HibernateJpaAutoConfiguration'
17:03:34.227 [Test worker] DEBUG org.springframework.beans.factory.support.DefaultListableBeanFactory - Creating shared instance of singleton bean 'org.springframework.boot.autoconfigure.context.ConfigurationPropertiesAutoConfiguration'
17:03:34.227 [Test worker] DEBUG org.springframework.beans.factory.support.DefaultListableBeanFactory - Creating shared instance of singleton bean 'org.springframework.boot.autoconfigure.dao.PersistenceExceptionTranslationAutoConfiguration'
17:03:34.227 [Test worker] DEBUG org.springframework.beans.factory.support.DefaultListableBeanFactory - Creating shared instance of singleton bean 'org.springframework.boot.autoconfigure.data.jpa.JpaRepositoriesAutoConfiguration'
17:03:34.228 [Test worker] DEBUG org.springframework.beans.factory.support.DefaultListableBeanFactory - Creating shared instance of singleton bean 'org.springframework.data.jpa.util.JpaMetamodelCacheCleanup'
17:03:34.228 [Test worker] DEBUG org.springframework.beans.factory.support.DefaultListableBeanFactory - Creating shared instance of singleton bean 'org.springframework.data.jpa.repository.support.JpaEvaluationContextExtension'
17:03:34.228 [Test worker] DEBUG org.springframework.beans.factory.support.DefaultListableBeanFactory - Creating shared instance of singleton bean 'org.springframework.boot.autoconfigure.jackson.JacksonAutoConfiguration$Jackson2ObjectMapperBuilderCustomizerConfiguration'
17:03:34.228 [Test worker] DEBUG org.springframework.beans.factory.support.DefaultListableBeanFactory - Creating shared instance of singleton bean 'standardJacksonObjectMapperBuilderCustomizer'
17:03:34.229 [Test worker] DEBUG org.springframework.beans.factory.support.DefaultListableBeanFactory - Creating shared instance of singleton bean 'spring.jackson-org.springframework.boot.autoconfigure.jackson.JacksonProperties'
17:03:34.229 [Test worker] DEBUG org.springframework.beans.factory.support.DefaultListableBeanFactory - Autowiring by type from bean name 'standardJacksonObjectMapperBuilderCustomizer' via factory method to bean named 'org.springframework.context.support.GenericApplicationContext@5332cee6'
17:03:34.229 [Test worker] DEBUG org.springframework.beans.factory.support.DefaultListableBeanFactory - Autowiring by type from bean name 'standardJacksonObjectMapperBuilderCustomizer' via factory method to bean named 'spring.jackson-org.springframework.boot.autoconfigure.jackson.JacksonProperties'
17:03:34.230 [Test worker] DEBUG org.springframework.beans.factory.support.DefaultListableBeanFactory - Creating shared instance of singleton bean 'org.springframework.boot.autoconfigure.jackson.JacksonAutoConfiguration$JacksonObjectMapperBuilderConfiguration'
17:03:34.230 [Test worker] DEBUG org.springframework.core.LocalVariableTableParameterNameDiscoverer - Cannot find '.class' file for class [class org.springframework.boot.autoconfigure.jackson.JacksonAutoConfiguration$JacksonObjectMapperBuilderConfiguration$$EnhancerBySpringCGLIB$$b2f51a8f] - unable to determine constructor/method parameter names
17:03:34.230 [Test worker] DEBUG org.springframework.beans.factory.support.DefaultListableBeanFactory - Autowiring by type from bean name 'org.springframework.boot.autoconfigure.jackson.JacksonAutoConfiguration$JacksonObjectMapperBuilderConfiguration' via constructor to bean named 'org.springframework.context.support.GenericApplicationContext@5332cee6'
17:03:34.230 [Test worker] DEBUG org.springframework.beans.factory.support.DefaultListableBeanFactory - Creating shared instance of singleton bean 'jacksonObjectMapperBuilder'
17:03:34.231 [Test worker] DEBUG org.springframework.beans.factory.support.DefaultListableBeanFactory - Autowiring by type from bean name 'jacksonObjectMapperBuilder' via factory method to bean named 'standardJacksonObjectMapperBuilderCustomizer'
17:03:34.231 [Test worker] DEBUG org.springframework.beans.factory.support.DefaultListableBeanFactory - Creating shared instance of singleton bean 'parameterNamesModule'
17:03:34.231 [Test worker] DEBUG org.springframework.beans.factory.support.DefaultListableBeanFactory - Creating shared instance of singleton bean 'org.springframework.boot.autoconfigure.jackson.JacksonAutoConfiguration$ParameterNamesModuleConfiguration'
17:03:34.232 [Test worker] DEBUG org.springframework.beans.factory.support.DefaultListableBeanFactory - Creating shared instance of singleton bean 'jsonComponentModule'
17:03:34.232 [Test worker] DEBUG org.springframework.beans.factory.support.DefaultListableBeanFactory - Creating shared instance of singleton bean 'org.springframework.boot.autoconfigure.jackson.JacksonAutoConfiguration'
17:03:34.234 [Test worker] DEBUG org.springframework.beans.factory.support.DefaultListableBeanFactory - Creating shared instance of singleton bean 'org.springframework.boot.autoconfigure.jackson.JacksonAutoConfiguration$JacksonObjectMapperConfiguration'
17:03:34.234 [Test worker] DEBUG org.springframework.beans.factory.support.DefaultListableBeanFactory - Creating shared instance of singleton bean 'jacksonObjectMapper'
17:03:34.235 [Test worker] DEBUG org.springframework.beans.factory.support.DefaultListableBeanFactory - Autowiring by type from bean name 'jacksonObjectMapper' via factory method to bean named 'jacksonObjectMapperBuilder'
17:03:34.238 [Test worker] DEBUG org.springframework.beans.factory.support.DefaultListableBeanFactory - Creating shared instance of singleton bean 'org.springframework.boot.autoconfigure.http.HttpMessageConvertersAutoConfiguration$StringHttpMessageConverterConfiguration'
17:03:34.238 [Test worker] DEBUG org.springframework.core.LocalVariableTableParameterNameDiscoverer - Cannot find '.class' file for class [class org.springframework.boot.autoconfigure.http.HttpMessageConvertersAutoConfiguration$StringHttpMessageConverterConfiguration$$EnhancerBySpringCGLIB$$f2566b19] - unable to determine constructor/method parameter names
17:03:34.238 [Test worker] DEBUG org.springframework.beans.factory.support.DefaultListableBeanFactory - Creating shared instance of singleton bean 'spring.http-org.springframework.boot.autoconfigure.http.HttpProperties'
17:03:34.239 [Test worker] DEBUG org.springframework.beans.factory.support.DefaultListableBeanFactory - Autowiring by type from bean name 'org.springframework.boot.autoconfigure.http.HttpMessageConvertersAutoConfiguration$StringHttpMessageConverterConfiguration' via constructor to bean named 'spring.http-org.springframework.boot.autoconfigure.http.HttpProperties'
17:03:34.239 [Test worker] DEBUG org.springframework.beans.factory.support.DefaultListableBeanFactory - Creating shared instance of singleton bean 'stringHttpMessageConverter'
17:03:34.239 [Test worker] DEBUG org.springframework.beans.factory.support.DefaultListableBeanFactory - Creating shared instance of singleton bean 'org.springframework.boot.autoconfigure.http.JacksonHttpMessageConvertersConfiguration$MappingJackson2HttpMessageConverterConfiguration'
17:03:34.240 [Test worker] DEBUG org.springframework.beans.factory.support.DefaultListableBeanFactory - Creating shared instance of singleton bean 'mappingJackson2HttpMessageConverter'
17:03:34.240 [Test worker] DEBUG org.springframework.beans.factory.support.DefaultListableBeanFactory - Autowiring by type from bean name 'mappingJackson2HttpMessageConverter' via factory method to bean named 'jacksonObjectMapper'
17:03:34.241 [Test worker] DEBUG org.springframework.beans.factory.support.DefaultListableBeanFactory - Creating shared instance of singleton bean 'org.springframework.boot.autoconfigure.http.JacksonHttpMessageConvertersConfiguration'
17:03:34.241 [Test worker] DEBUG org.springframework.beans.factory.support.DefaultListableBeanFactory - Creating shared instance of singleton bean 'org.springframework.boot.autoconfigure.http.HttpMessageConvertersAutoConfiguration'
17:03:34.241 [Test worker] DEBUG org.springframework.core.LocalVariableTableParameterNameDiscoverer - Cannot find '.class' file for class [class org.springframework.boot.autoconfigure.http.HttpMessageConvertersAutoConfiguration$$EnhancerBySpringCGLIB$$bf48a479] - unable to determine constructor/method parameter names
17:03:34.242 [Test worker] DEBUG org.springframework.beans.factory.support.DefaultListableBeanFactory - Creating shared instance of singleton bean 'messageConverters'
17:03:34.244 [Test worker] DEBUG org.springframework.beans.factory.support.DefaultListableBeanFactory - Creating shared instance of singleton bean 'org.springframework.boot.autoconfigure.http.codec.CodecsAutoConfiguration$LoggingCodecConfiguration'
17:03:34.245 [Test worker] DEBUG org.springframework.beans.factory.support.DefaultListableBeanFactory - Creating shared instance of singleton bean 'loggingCodecCustomizer'
17:03:34.245 [Test worker] DEBUG org.springframework.beans.factory.support.DefaultListableBeanFactory - Autowiring by type from bean name 'loggingCodecCustomizer' via factory method to bean named 'spring.http-org.springframework.boot.autoconfigure.http.HttpProperties'
17:03:34.245 [Test worker] DEBUG org.springframework.beans.factory.support.DefaultListableBeanFactory - Creating shared instance of singleton bean 'org.springframework.boot.autoconfigure.http.codec.CodecsAutoConfiguration$JacksonCodecConfiguration'
17:03:34.245 [Test worker] DEBUG org.springframework.beans.factory.support.DefaultListableBeanFactory - Creating shared instance of singleton bean 'jacksonCodecCustomizer'
17:03:34.245 [Test worker] DEBUG org.springframework.beans.factory.support.DefaultListableBeanFactory - Autowiring by type from bean name 'jacksonCodecCustomizer' via factory method to bean named 'jacksonObjectMapper'
17:03:34.246 [Test worker] DEBUG org.springframework.beans.factory.support.DefaultListableBeanFactory - Creating shared instance of singleton bean 'org.springframework.boot.autoconfigure.http.codec.CodecsAutoConfiguration'
17:03:34.246 [Test worker] DEBUG org.springframework.beans.factory.support.DefaultListableBeanFactory - Creating shared instance of singleton bean 'org.springframework.boot.autoconfigure.info.ProjectInfoAutoConfiguration'
17:03:34.246 [Test worker] DEBUG org.springframework.core.LocalVariableTableParameterNameDiscoverer - Cannot find '.class' file for class [class org.springframework.boot.autoconfigure.info.ProjectInfoAutoConfiguration$$EnhancerBySpringCGLIB$$e10ee5fe] - unable to determine constructor/method parameter names
17:03:34.247 [Test worker] DEBUG org.springframework.beans.factory.support.DefaultListableBeanFactory - Creating shared instance of singleton bean 'spring.info-org.springframework.boot.autoconfigure.info.ProjectInfoProperties'
17:03:34.247 [Test worker] DEBUG org.springframework.beans.factory.support.DefaultListableBeanFactory - Autowiring by type from bean name 'org.springframework.boot.autoconfigure.info.ProjectInfoAutoConfiguration' via constructor to bean named 'spring.info-org.springframework.boot.autoconfigure.info.ProjectInfoProperties'
17:03:34.247 [Test worker] DEBUG org.springframework.beans.factory.support.DefaultListableBeanFactory - Creating shared instance of singleton bean 'org.springframework.boot.autoconfigure.jdbc.JdbcTemplateAutoConfiguration$JdbcTemplateConfiguration'
17:03:34.248 [Test worker] DEBUG org.springframework.core.LocalVariableTableParameterNameDiscoverer - Cannot find '.class' file for class [class org.springframework.boot.autoconfigure.jdbc.JdbcTemplateAutoConfiguration$JdbcTemplateConfiguration$$EnhancerBySpringCGLIB$$bda00752] - unable to determine constructor/method parameter names
17:03:34.248 [Test worker] DEBUG org.springframework.beans.factory.support.DefaultListableBeanFactory - Creating shared instance of singleton bean 'spring.jdbc-org.springframework.boot.autoconfigure.jdbc.JdbcProperties'
17:03:34.248 [Test worker] DEBUG org.springframework.beans.factory.support.DefaultListableBeanFactory - Autowiring by type from bean name 'org.springframework.boot.autoconfigure.jdbc.JdbcTemplateAutoConfiguration$JdbcTemplateConfiguration' via constructor to bean named 'dataSource'
17:03:34.248 [Test worker] DEBUG org.springframework.beans.factory.support.DefaultListableBeanFactory - Autowiring by type from bean name 'org.springframework.boot.autoconfigure.jdbc.JdbcTemplateAutoConfiguration$JdbcTemplateConfiguration' via constructor to bean named 'spring.jdbc-org.springframework.boot.autoconfigure.jdbc.JdbcProperties'
17:03:34.249 [Test worker] DEBUG org.springframework.beans.factory.support.DefaultListableBeanFactory - Creating shared instance of singleton bean 'jdbcTemplate'
17:03:34.250 [Test worker] DEBUG org.springframework.beans.factory.support.DefaultListableBeanFactory - Creating shared instance of singleton bean 'org.springframework.boot.autoconfigure.jdbc.JdbcTemplateAutoConfiguration$NamedParameterJdbcTemplateConfiguration'
17:03:34.251 [Test worker] DEBUG org.springframework.beans.factory.support.DefaultListableBeanFactory - Creating shared instance of singleton bean 'namedParameterJdbcTemplate'
17:03:34.251 [Test worker] DEBUG org.springframework.beans.factory.support.DefaultListableBeanFactory - Autowiring by type from bean name 'namedParameterJdbcTemplate' via factory method to bean named 'jdbcTemplate'
17:03:34.252 [Test worker] DEBUG org.springframework.beans.factory.support.DefaultListableBeanFactory - Creating shared instance of singleton bean 'org.springframework.boot.autoconfigure.jdbc.JdbcTemplateAutoConfiguration'
17:03:34.252 [Test worker] DEBUG org.springframework.beans.factory.support.DefaultListableBeanFactory - Creating shared instance of singleton bean 'org.springframework.boot.autoconfigure.security.servlet.SecurityAutoConfiguration'
17:03:34.252 [Test worker] DEBUG org.springframework.beans.factory.support.DefaultListableBeanFactory - Creating shared instance of singleton bean 'authenticationEventPublisher'
17:03:34.252 [Test worker] DEBUG org.springframework.beans.factory.support.DefaultListableBeanFactory - Autowiring by type from bean name 'authenticationEventPublisher' via factory method to bean named 'org.springframework.context.support.GenericApplicationContext@5332cee6'
17:03:34.253 [Test worker] DEBUG org.springframework.beans.factory.support.DefaultListableBeanFactory - Creating shared instance of singleton bean 'spring.security-org.springframework.boot.autoconfigure.security.SecurityProperties'
17:03:34.253 [Test worker] DEBUG org.springframework.beans.factory.support.DefaultListableBeanFactory - Creating shared instance of singleton bean 'org.springframework.boot.autoconfigure.task.TaskSchedulingAutoConfiguration'
17:03:34.253 [Test worker] DEBUG org.springframework.beans.factory.support.DefaultListableBeanFactory - Creating shared instance of singleton bean 'taskSchedulerBuilder'
17:03:34.254 [Test worker] DEBUG org.springframework.beans.factory.support.DefaultListableBeanFactory - Creating shared instance of singleton bean 'spring.task.scheduling-org.springframework.boot.autoconfigure.task.TaskSchedulingProperties'
17:03:34.254 [Test worker] DEBUG org.springframework.beans.factory.support.DefaultListableBeanFactory - Autowiring by type from bean name 'taskSchedulerBuilder' via factory method to bean named 'spring.task.scheduling-org.springframework.boot.autoconfigure.task.TaskSchedulingProperties'
17:03:34.254 [Test worker] DEBUG org.springframework.beans.factory.support.DefaultListableBeanFactory - Creating shared instance of singleton bean 'org.springframework.boot.autoconfigure.jdbc.DataSourceTransactionManagerAutoConfiguration$DataSourceTransactionManagerConfiguration'
17:03:34.255 [Test worker] DEBUG org.springframework.core.LocalVariableTableParameterNameDiscoverer - Cannot find '.class' file for class [class org.springframework.boot.autoconfigure.jdbc.DataSourceTransactionManagerAutoConfiguration$DataSourceTransactionManagerConfiguration$$EnhancerBySpringCGLIB$$52157154] - unable to determine constructor/method parameter names
17:03:34.255 [Test worker] DEBUG org.springframework.beans.factory.support.DefaultListableBeanFactory - Autowiring by type from bean name 'org.springframework.boot.autoconfigure.jdbc.DataSourceTransactionManagerAutoConfiguration$DataSourceTransactionManagerConfiguration' via constructor to bean named 'dataSource'
17:03:34.255 [Test worker] DEBUG org.springframework.beans.factory.support.DefaultListableBeanFactory - Creating shared instance of singleton bean 'org.springframework.boot.autoconfigure.jdbc.DataSourceTransactionManagerAutoConfiguration'
17:03:34.256 [Test worker] DEBUG org.springframework.beans.factory.support.DefaultListableBeanFactory - Creating shared instance of singleton bean 'org.springframework.boot.autoconfigure.transaction.TransactionAutoConfiguration$EnableTransactionManagementConfiguration$CglibAutoProxyConfiguration'
17:03:34.256 [Test worker] DEBUG org.springframework.beans.factory.support.DefaultListableBeanFactory - Creating shared instance of singleton bean 'org.springframework.boot.autoconfigure.transaction.TransactionAutoConfiguration$EnableTransactionManagementConfiguration'
17:03:34.256 [Test worker] DEBUG org.springframework.beans.factory.support.DefaultListableBeanFactory - Creating shared instance of singleton bean 'org.springframework.boot.autoconfigure.transaction.TransactionAutoConfiguration$TransactionTemplateConfiguration'
17:03:34.256 [Test worker] DEBUG org.springframework.core.LocalVariableTableParameterNameDiscoverer - Cannot find '.class' file for class [class org.springframework.boot.autoconfigure.transaction.TransactionAutoConfiguration$TransactionTemplateConfiguration$$EnhancerBySpringCGLIB$$a39f3627] - unable to determine constructor/method parameter names
17:03:34.257 [Test worker] DEBUG org.springframework.beans.factory.support.DefaultListableBeanFactory - Autowiring by type from bean name 'org.springframework.boot.autoconfigure.transaction.TransactionAutoConfiguration$TransactionTemplateConfiguration' via constructor to bean named 'transactionManager'
17:03:34.257 [Test worker] DEBUG org.springframework.beans.factory.support.DefaultListableBeanFactory - Creating shared instance of singleton bean 'transactionTemplate'
17:03:34.257 [Test worker] DEBUG org.springframework.beans.factory.support.DefaultListableBeanFactory - Creating shared instance of singleton bean 'org.springframework.boot.autoconfigure.web.client.RestTemplateAutoConfiguration'
17:03:34.257 [Test worker] DEBUG org.springframework.core.LocalVariableTableParameterNameDiscoverer - Cannot find '.class' file for class [class org.springframework.boot.autoconfigure.web.client.RestTemplateAutoConfiguration$$EnhancerBySpringCGLIB$$402ad266] - unable to determine constructor/method parameter names
17:03:34.258 [Test worker] DEBUG org.springframework.beans.factory.support.DefaultListableBeanFactory - Creating shared instance of singleton bean 'restTemplateBuilder'
17:03:34.261 [Test worker] DEBUG org.springframework.jmx.export.annotation.AnnotationMBeanExporter - Registering beans for JMX exposure on startup
17:03:34.261 [Test worker] DEBUG org.springframework.jmx.export.annotation.AnnotationMBeanExporter - Autodetecting user-defined JMX MBeans
17:03:34.261 [Test worker] DEBUG org.springframework.jmx.export.annotation.AnnotationMBeanExporter - Bean with name 'dataSource' has been autodetected for JMX exposure
17:03:34.269 [Test worker] DEBUG org.springframework.jmx.export.annotation.AnnotationMBeanExporter - Located MBean 'dataSource': registering with JMX server as MBean [com.zaxxer.hikari:name=dataSource,type=HikariDataSource]
17:03:34.270 [Test worker] DEBUG org.springframework.test.context.cache.DefaultCacheAwareContextLoaderDelegate - Storing ApplicationContext in cache under key [[MergedContextConfiguration@4e6d9dd3 testClass = OrderRepositoryTest, locations = '{}', classes = '{class com.epam.esm.TestConfig}', contextInitializerClasses = '[]', activeProfiles = '{}', propertySourceLocations = '{}', propertySourceProperties = '{}', contextCustomizers = set[[empty]], contextLoader = 'org.springframework.test.context.support.DelegatingSmartContextLoader', parent = [null]]]
17:03:34.270 [Test worker] DEBUG org.springframework.test.context.cache - Spring test ApplicationContext cache statistics: [DefaultContextCache@2bed31e4 size = 1, maxSize = 32, parentContextCount = 0, hitCount = 26, missCount = 13]
17:03:34.271 [Test worker] DEBUG org.springframework.test.context.support.AbstractDirtiesContextTestExecutionListener - Before test method: context [DefaultTestContext@4b53c189 testClass = OrderRepositoryTest, testInstance = com.epam.esm.repository.OrderRepositoryTest@4d8181ee, testMethod = deleteById@OrderRepositoryTest, testException = [null], mergedContextConfiguration = [MergedContextConfiguration@4e6d9dd3 testClass = OrderRepositoryTest, locations = '{}', classes = '{class com.epam.esm.TestConfig}', contextInitializerClasses = '[]', activeProfiles = '{}', propertySourceLocations = '{}', propertySourceProperties = '{}', contextCustomizers = set[[empty]], contextLoader = 'org.springframework.test.context.support.DelegatingSmartContextLoader', parent = [null]], attributes = map[[empty]]], class annotated with @DirtiesContext [true] with mode [AFTER_EACH_TEST_METHOD], method annotated with @DirtiesContext [false] with mode [null].
17:03:34.272 [Test worker] DEBUG org.springframework.test.context.transaction.TransactionalTestExecutionListener - Explicit transaction definition [PROPAGATION_REQUIRED,ISOLATION_DEFAULT] found for test context [DefaultTestContext@4b53c189 testClass = OrderRepositoryTest, testInstance = com.epam.esm.repository.OrderRepositoryTest@4d8181ee, testMethod = deleteById@OrderRepositoryTest, testException = [null], mergedContextConfiguration = [MergedContextConfiguration@4e6d9dd3 testClass = OrderRepositoryTest, locations = '{}', classes = '{class com.epam.esm.TestConfig}', contextInitializerClasses = '[]', activeProfiles = '{}', propertySourceLocations = '{}', propertySourceProperties = '{}', contextCustomizers = set[[empty]], contextLoader = 'org.springframework.test.context.support.DelegatingSmartContextLoader', parent = [null]], attributes = map[[empty]]]
17:03:34.272 [Test worker] DEBUG org.springframework.test.context.cache.DefaultCacheAwareContextLoaderDelegate - Retrieved ApplicationContext from cache with key [[MergedContextConfiguration@4e6d9dd3 testClass = OrderRepositoryTest, locations = '{}', classes = '{class com.epam.esm.TestConfig}', contextInitializerClasses = '[]', activeProfiles = '{}', propertySourceLocations = '{}', propertySourceProperties = '{}', contextCustomizers = set[[empty]], contextLoader = 'org.springframework.test.context.support.DelegatingSmartContextLoader', parent = [null]]]
17:03:34.272 [Test worker] DEBUG org.springframework.test.context.cache - Spring test ApplicationContext cache statistics: [DefaultContextCache@2bed31e4 size = 1, maxSize = 32, parentContextCount = 0, hitCount = 27, missCount = 13]
17:03:34.272 [Test worker] DEBUG org.springframework.test.context.transaction.TransactionalTestExecutionListener - No method-level @Rollback override: using default rollback [true] for test context [DefaultTestContext@4b53c189 testClass = OrderRepositoryTest, testInstance = com.epam.esm.repository.OrderRepositoryTest@4d8181ee, testMethod = deleteById@OrderRepositoryTest, testException = [null], mergedContextConfiguration = [MergedContextConfiguration@4e6d9dd3 testClass = OrderRepositoryTest, locations = '{}', classes = '{class com.epam.esm.TestConfig}', contextInitializerClasses = '[]', activeProfiles = '{}', propertySourceLocations = '{}', propertySourceProperties = '{}', contextCustomizers = set[[empty]], contextLoader = 'org.springframework.test.context.support.DelegatingSmartContextLoader', parent = [null]], attributes = map[[empty]]].
17:03:34.272 [Test worker] DEBUG org.springframework.orm.jpa.JpaTransactionManager - Creating new transaction with name [com.epam.esm.repository.OrderRepositoryTest.deleteById]: PROPAGATION_REQUIRED,ISOLATION_DEFAULT
17:03:34.272 [Test worker] DEBUG org.hibernate.stat.internal.StatisticsInitiator - Statistics initialized [enabled=false]
17:03:34.273 [Test worker] DEBUG org.springframework.orm.jpa.JpaTransactionManager - Opened new EntityManager [SessionImpl(860897368<open>)] for JPA transaction
17:03:34.273 [Test worker] DEBUG org.hibernate.engine.transaction.internal.TransactionImpl - On TransactionImpl creation, JpaCompliance#isJpaTransactionComplianceEnabled == false
17:03:34.273 [Test worker] DEBUG org.hibernate.engine.transaction.internal.TransactionImpl - begin
17:03:34.273 [Test worker] DEBUG org.springframework.orm.jpa.JpaTransactionManager - Exposing JPA transaction as JDBC [org.springframework.orm.jpa.vendor.HibernateJpaDialect$HibernateConnectionHandle@5cded5fc]
17:03:34.273 [Test worker] INFO org.springframework.test.context.transaction.TransactionContext - Began transaction (1) for test context [DefaultTestContext@4b53c189 testClass = OrderRepositoryTest, testInstance = com.epam.esm.repository.OrderRepositoryTest@4d8181ee, testMethod = deleteById@OrderRepositoryTest, testException = [null], mergedContextConfiguration = [MergedContextConfiguration@4e6d9dd3 testClass = OrderRepositoryTest, locations = '{}', classes = '{class com.epam.esm.TestConfig}', contextInitializerClasses = '[]', activeProfiles = '{}', propertySourceLocations = '{}', propertySourceProperties = '{}', contextCustomizers = set[[empty]], contextLoader = 'org.springframework.test.context.support.DelegatingSmartContextLoader', parent = [null]], attributes = map[[empty]]]; transaction manager [org.springframework.orm.jpa.JpaTransactionManager@7f0fe16d]; rollback [true]
17:03:34.273 [Test worker] DEBUG org.springframework.test.context.jdbc.SqlScriptsTestExecutionListener - Processing [MergedSqlConfig@77553759 dataSource = '', transactionManager = '', transactionMode = INFERRED, encoding = '', separator = ';', commentPrefix = '--', blockCommentStartDelimiter = '/*', blockCommentEndDelimiter = '*/', errorMode = FAIL_ON_ERROR] for execution phase [BEFORE_TEST_METHOD] and test context [DefaultTestContext@4b53c189 testClass = OrderRepositoryTest, testInstance = com.epam.esm.repository.OrderRepositoryTest@4d8181ee, testMethod = deleteById@OrderRepositoryTest, testException = [null], mergedContextConfiguration = [MergedContextConfiguration@4e6d9dd3 testClass = OrderRepositoryTest, locations = '{}', classes = '{class com.epam.esm.TestConfig}', contextInitializerClasses = '[]', activeProfiles = '{}', propertySourceLocations = '{}', propertySourceProperties = '{}', contextCustomizers = set[[empty]], contextLoader = 'org.springframework.test.context.support.DelegatingSmartContextLoader', parent = [null]], attributes = map[[empty]]].
17:03:34.273 [Test worker] DEBUG org.springframework.test.context.cache.DefaultCacheAwareContextLoaderDelegate - Retrieved ApplicationContext from cache with key [[MergedContextConfiguration@4e6d9dd3 testClass = OrderRepositoryTest, locations = '{}', classes = '{class com.epam.esm.TestConfig}', contextInitializerClasses = '[]', activeProfiles = '{}', propertySourceLocations = '{}', propertySourceProperties = '{}', contextCustomizers = set[[empty]], contextLoader = 'org.springframework.test.context.support.DelegatingSmartContextLoader', parent = [null]]]
17:03:34.273 [Test worker] DEBUG org.springframework.test.context.cache - Spring test ApplicationContext cache statistics: [DefaultContextCache@2bed31e4 size = 1, maxSize = 32, parentContextCount = 0, hitCount = 28, missCount = 13]
17:03:34.274 [Test worker] DEBUG org.springframework.test.context.jdbc.SqlScriptsTestExecutionListener - Executing SQL scripts: [Byte array resource [from inlined SQL statement: insert into application_role (value) values ('admin'), ('user'), ('guest');], Byte array resource [from inlined SQL statement: INSERT INTO application_user(email, password, role_id) VALUES ('pldi@mail.ru', 'Qwertyui1!', 1);], Byte array resource [from inlined SQL statement: insert into application_order (user_id, created_at, active_status) values (1, null, true)]]
17:03:34.274 [Test worker] DEBUG org.springframework.test.context.cache.DefaultCacheAwareContextLoaderDelegate - Retrieved ApplicationContext from cache with key [[MergedContextConfiguration@4e6d9dd3 testClass = OrderRepositoryTest, locations = '{}', classes = '{class com.epam.esm.TestConfig}', contextInitializerClasses = '[]', activeProfiles = '{}', propertySourceLocations = '{}', propertySourceProperties = '{}', contextCustomizers = set[[empty]], contextLoader = 'org.springframework.test.context.support.DelegatingSmartContextLoader', parent = [null]]]
17:03:34.274 [Test worker] DEBUG org.springframework.test.context.cache - Spring test ApplicationContext cache statistics: [DefaultContextCache@2bed31e4 size = 1, maxSize = 32, parentContextCount = 0, hitCount = 29, missCount = 13]
17:03:34.274 [Test worker] DEBUG org.springframework.test.context.cache.DefaultCacheAwareContextLoaderDelegate - Retrieved ApplicationContext from cache with key [[MergedContextConfiguration@4e6d9dd3 testClass = OrderRepositoryTest, locations = '{}', classes = '{class com.epam.esm.TestConfig}', contextInitializerClasses = '[]', activeProfiles = '{}', propertySourceLocations = '{}', propertySourceProperties = '{}', contextCustomizers = set[[empty]], contextLoader = 'org.springframework.test.context.support.DelegatingSmartContextLoader', parent = [null]]]
17:03:34.274 [Test worker] DEBUG org.springframework.test.context.cache - Spring test ApplicationContext cache statistics: [DefaultContextCache@2bed31e4 size = 1, maxSize = 32, parentContextCount = 0, hitCount = 30, missCount = 13]
17:03:34.274 [Test worker] DEBUG org.springframework.orm.jpa.JpaTransactionManager - Found thread-bound EntityManager [SessionImpl(860897368<open>)] for JPA transaction
17:03:34.274 [Test worker] DEBUG org.springframework.orm.jpa.JpaTransactionManager - Participating in existing transaction
17:03:34.274 [Test worker] DEBUG org.springframework.jdbc.datasource.init.ScriptUtils - Executing SQL script from Byte array resource [from inlined SQL statement: insert into application_role (value) values ('admin'), ('user'), ('guest');]
17:03:34.274 [Test worker] DEBUG org.springframework.jdbc.datasource.init.ScriptUtils - 3 returned as update count for SQL: insert into application_role (value) values ('admin'), ('user'), ('guest')
17:03:34.274 [Test worker] DEBUG org.springframework.jdbc.datasource.init.ScriptUtils - Executed SQL script from Byte array resource [from inlined SQL statement: insert into application_role (value) values ('admin'), ('user'), ('guest');] in 0 ms.
17:03:34.274 [Test worker] DEBUG org.springframework.jdbc.datasource.init.ScriptUtils - Executing SQL script from Byte array resource [from inlined SQL statement: INSERT INTO application_user(email, password, role_id) VALUES ('pldi@mail.ru', 'Qwertyui1!', 1);]
17:03:34.275 [Test worker] DEBUG org.springframework.jdbc.datasource.init.ScriptUtils - 1 returned as update count for SQL: INSERT INTO application_user(email, password, role_id) VALUES ('pldi@mail.ru', 'Qwertyui1!', 1)
17:03:34.275 [Test worker] DEBUG org.springframework.jdbc.datasource.init.ScriptUtils - Executed SQL script from Byte array resource [from inlined SQL statement: INSERT INTO application_user(email, password, role_id) VALUES ('pldi@mail.ru', 'Qwertyui1!', 1);] in 1 ms.
17:03:34.275 [Test worker] DEBUG org.springframework.jdbc.datasource.init.ScriptUtils - Executing SQL script from Byte array resource [from inlined SQL statement: insert into application_order (user_id, created_at, active_status) values (1, null, true)]
17:03:34.275 [Test worker] DEBUG org.springframework.jdbc.datasource.init.ScriptUtils - 1 returned as update count for SQL: insert into application_order (user_id, created_at, active_status) values (1, null, true)
17:03:34.275 [Test worker] DEBUG org.springframework.jdbc.datasource.init.ScriptUtils - Executed SQL script from Byte array resource [from inlined SQL statement: insert into application_order (user_id, created_at, active_status) values (1, null, true)] in 0 ms.
17:03:34.276 [Test worker] DEBUG org.hibernate.SQL - select order0_.id as id1_0_0_, order0_.active_status as active_s2_0_0_, order0_.created_at as created_3_0_0_, order0_.user_id as user_id4_0_0_, user1_.id as id1_2_1_, user1_.email as email2_2_1_, user1_.password as password3_2_1_, user1_.refresh_token as refresh_4_2_1_, user1_.role_id as role_id5_2_1_, role2_.id as id1_1_2_, role2_.value as value2_1_2_ from application_order order0_ left outer join application_user user1_ on order0_.user_id=user1_.id left outer join application_role role2_ on user1_.role_id=role2_.id where order0_.id=?
17:03:34.276 [Test worker] DEBUG org.hibernate.loader.plan.exec.process.internal.ResultSetProcessorImpl - Starting ResultSet row #0
17:03:34.277 [Test worker] DEBUG org.hibernate.loader.plan.exec.process.internal.EntityReferenceInitializerImpl - On call to EntityIdentifierReaderImpl#resolve, EntityKey was already known; should only happen on root returns with an optional identifier specified
17:03:34.277 [Test worker] DEBUG org.hibernate.engine.internal.TwoPhaseLoad - Resolving associations for [com.epam.esm.entity.Order#1]
17:03:34.277 [Test worker] DEBUG org.hibernate.engine.internal.TwoPhaseLoad - Done materializing entity [com.epam.esm.entity.Order#1]
17:03:34.277 [Test worker] DEBUG org.hibernate.engine.internal.TwoPhaseLoad - Resolving associations for [com.epam.esm.entity.User#1]
17:03:34.277 [Test worker] DEBUG org.hibernate.engine.internal.TwoPhaseLoad - Done materializing entity [com.epam.esm.entity.User#1]
17:03:34.277 [Test worker] DEBUG org.hibernate.engine.internal.TwoPhaseLoad - Resolving associations for [com.epam.esm.entity.Role#1]
17:03:34.277 [Test worker] DEBUG org.hibernate.engine.internal.TwoPhaseLoad - Done materializing entity [com.epam.esm.entity.Role#1]
17:03:34.278 [Test worker] DEBUG org.hibernate.loader.entity.plan.AbstractLoadPlanBasedEntityLoader - Done entity load : com.epam.esm.entity.Order#1
17:03:34.282 [Test worker] DEBUG org.hibernate.event.internal.DefaultLoadEventListener - Load request found matching entity in context, but it is scheduled for removal; returning null
17:03:34.283 [Test worker] DEBUG org.springframework.orm.jpa.JpaTransactionManager - Initiating transaction rollback
17:03:34.283 [Test worker] DEBUG org.springframework.orm.jpa.JpaTransactionManager - Rolling back JPA transaction on EntityManager [SessionImpl(860897368<open>)]
17:03:34.283 [Test worker] DEBUG org.hibernate.engine.transaction.internal.TransactionImpl - rolling back
17:03:34.283 [Test worker] DEBUG org.springframework.orm.jpa.JpaTransactionManager - Closing JPA EntityManager [SessionImpl(860897368<open>)] after transaction
17:03:34.283 [Test worker] INFO org.springframework.test.context.transaction.TransactionContext - Rolled back transaction for test context [DefaultTestContext@4b53c189 testClass = OrderRepositoryTest, testInstance = com.epam.esm.repository.OrderRepositoryTest@4d8181ee, testMethod = deleteById@OrderRepositoryTest, testException = [null], mergedContextConfiguration = [MergedContextConfiguration@4e6d9dd3 testClass = OrderRepositoryTest, locations = '{}', classes = '{class com.epam.esm.TestConfig}', contextInitializerClasses = '[]', activeProfiles = '{}', propertySourceLocations = '{}', propertySourceProperties = '{}', contextCustomizers = set[[empty]], contextLoader = 'org.springframework.test.context.support.DelegatingSmartContextLoader', parent = [null]], attributes = map[[empty]]].
17:03:34.283 [Test worker] DEBUG org.springframework.test.context.support.AbstractDirtiesContextTestExecutionListener - After test method: context [DefaultTestContext@4b53c189 testClass = OrderRepositoryTest, testInstance = com.epam.esm.repository.OrderRepositoryTest@4d8181ee, testMethod = deleteById@OrderRepositoryTest, testException = [null], mergedContextConfiguration = [MergedContextConfiguration@4e6d9dd3 testClass = OrderRepositoryTest, locations = '{}', classes = '{class com.epam.esm.TestConfig}', contextInitializerClasses = '[]', activeProfiles = '{}', propertySourceLocations = '{}', propertySourceProperties = '{}', contextCustomizers = set[[empty]], contextLoader = 'org.springframework.test.context.support.DelegatingSmartContextLoader', parent = [null]], attributes = map[[empty]]], class annotated with @DirtiesContext [true] with mode [AFTER_EACH_TEST_METHOD], method annotated with @DirtiesContext [false] with mode [null].
17:03:34.284 [Test worker] DEBUG org.springframework.context.support.GenericApplicationContext - Closing org.springframework.context.support.GenericApplicationContext@5332cee6, started on Wed Oct 23 17:03:33 MSK 2019
17:03:34.284 [Test worker] DEBUG org.springframework.jmx.export.annotation.AnnotationMBeanExporter - Unregistering JMX-exposed beans on shutdown
17:03:34.284 [Test worker] DEBUG org.springframework.jmx.export.annotation.AnnotationMBeanExporter - Unregistering JMX-exposed beans
17:03:34.284 [Test worker] INFO org.springframework.orm.jpa.LocalContainerEntityManagerFactoryBean - Closing JPA EntityManagerFactory for persistence unit 'default'
17:03:34.284 [Test worker] DEBUG org.hibernate.internal.SessionFactoryImpl - HHH000031: Closing
17:03:34.284 [Test worker] INFO org.hibernate.tool.schema.internal.SchemaDropperImpl$DelayedDropActionImpl - HHH000477: Starting delayed evictData of schema as part of SessionFactory shut-down'
17:03:34.284 [Test worker] DEBUG org.hibernate.SQL - drop table application_order if exists
17:03:34.285 [Test worker] DEBUG org.hibernate.SQL - drop table application_role if exists
17:03:34.285 [Test worker] DEBUG org.hibernate.SQL - drop table application_user if exists
17:03:34.286 [Test worker] DEBUG org.hibernate.SQL - drop table certificate if exists
17:03:34.286 [Test worker] DEBUG org.hibernate.SQL - drop table certificate_tag if exists
17:03:34.286 [Test worker] DEBUG org.hibernate.SQL - drop table entity if exists
17:03:34.287 [Test worker] DEBUG org.hibernate.SQL - drop table order_certificate if exists
17:03:34.287 [Test worker] DEBUG org.hibernate.SQL - drop table tag if exists
17:03:34.287 [Test worker] DEBUG org.hibernate.type.spi.TypeConfiguration$Scope - Un-scoping TypeConfiguration [org.hibernate.type.spi.TypeConfiguration$Scope@3c6ca5ef] from SessionFactory [org.hibernate.internal.SessionFactoryImpl@12129af4]
17:03:34.287 [Test worker] DEBUG org.hibernate.service.internal.AbstractServiceRegistryImpl - Implicitly destroying ServiceRegistry on de-registration of all child ServiceRegistries
17:03:34.287 [Test worker] DEBUG org.hibernate.boot.registry.internal.BootstrapServiceRegistryImpl - Implicitly destroying Boot-strap registry on de-registration of all child ServiceRegistries
17:03:34.288 [Test worker] INFO com.zaxxer.hikari.HikariDataSource - HikariPool-13 - Shutdown initiated...
17:03:34.288 [Test worker] DEBUG com.zaxxer.hikari.pool.HikariPool - HikariPool-13 - Before shutdown stats (total=10, active=0, idle=10, waiting=0)
17:03:34.288 [HikariPool-13 connection closer] DEBUG com.zaxxer.hikari.pool.PoolBase - HikariPool-13 - Closing connection conn120: url=jdbc:h2:mem:testdb user=SA: (connection evicted)
17:03:34.288 [HikariPool-13 connection closer] DEBUG com.zaxxer.hikari.pool.PoolBase - HikariPool-13 - Closing connection conn121: url=jdbc:h2:mem:testdb user=SA: (connection evicted)
17:03:34.288 [HikariPool-13 connection closer] DEBUG com.zaxxer.hikari.pool.PoolBase - HikariPool-13 - Closing connection conn122: url=jdbc:h2:mem:testdb user=SA: (connection evicted)
17:03:34.288 [HikariPool-13 connection closer] DEBUG com.zaxxer.hikari.pool.PoolBase - HikariPool-13 - Closing connection conn123: url=jdbc:h2:mem:testdb user=SA: (connection evicted)
17:03:34.288 [HikariPool-13 connection closer] DEBUG com.zaxxer.hikari.pool.PoolBase - HikariPool-13 - Closing connection conn124: url=jdbc:h2:mem:testdb user=SA: (connection evicted)
17:03:34.288 [HikariPool-13 connection closer] DEBUG com.zaxxer.hikari.pool.PoolBase - HikariPool-13 - Closing connection conn125: url=jdbc:h2:mem:testdb user=SA: (connection evicted)
17:03:34.288 [HikariPool-13 connection closer] DEBUG com.zaxxer.hikari.pool.PoolBase - HikariPool-13 - Closing connection conn126: url=jdbc:h2:mem:testdb user=SA: (connection evicted)
17:03:34.288 [HikariPool-13 connection closer] DEBUG com.zaxxer.hikari.pool.PoolBase - HikariPool-13 - Closing connection conn127: url=jdbc:h2:mem:testdb user=SA: (connection evicted)
17:03:34.289 [HikariPool-13 connection closer] DEBUG com.zaxxer.hikari.pool.PoolBase - HikariPool-13 - Closing connection conn128: url=jdbc:h2:mem:testdb user=SA: (connection evicted)
17:03:34.289 [HikariPool-13 connection closer] DEBUG com.zaxxer.hikari.pool.PoolBase - HikariPool-13 - Closing connection conn129: url=jdbc:h2:mem:testdb user=SA: (connection evicted)
17:03:34.289 [Test worker] DEBUG com.zaxxer.hikari.pool.HikariPool - HikariPool-13 - After shutdown stats (total=0, active=0, idle=0, waiting=0)
17:03:34.289 [Test worker] INFO com.zaxxer.hikari.HikariDataSource - HikariPool-13 - Shutdown completed.
17:03:34.289 [Test worker] DEBUG org.springframework.test.context.support.AbstractDirtiesContextTestExecutionListener - After test class: context [DefaultTestContext@4b53c189 testClass = OrderRepositoryTest, testInstance = [null], testMethod = [null], testException = [null], mergedContextConfiguration = [MergedContextConfiguration@4e6d9dd3 testClass = OrderRepositoryTest, locations = '{}', classes = '{class com.epam.esm.TestConfig}', contextInitializerClasses = '[]', activeProfiles = '{}', propertySourceLocations = '{}', propertySourceProperties = '{}', contextCustomizers = set[[empty]], contextLoader = 'org.springframework.test.context.support.DelegatingSmartContextLoader', parent = [null]], attributes = map['org.springframework.test.context.support.DependencyInjectionTestExecutionListener.reinjectDependencies' -> true]], class annotated with @DirtiesContext [true] with mode [AFTER_EACH_TEST_METHOD].
]]></system-out>
  <system-err><![CDATA[]]></system-err>
</testsuite>
